[2024-08-13 12:11:13,586][flwr][INFO] - Starting Flower simulation, config: num_rounds=10, no round_timeout
[2024-08-13 12:11:17,810][flwr][INFO] - Flower VCE: Ray initialized with resources: {'CPU': 16.0, 'GPU': 1.0, 'accelerator_type:G': 1.0, 'memory': 5107047630.0, 'node:127.0.0.1': 1.0, 'object_store_memory': 2553523814.0, 'node:__internal_head__': 1.0}
[2024-08-13 12:11:17,811][flwr][INFO] - Optimize your simulation with Flower VCE: https://flower.ai/docs/framework/how-to-run-simulations.html
[2024-08-13 12:11:17,811][flwr][INFO] - Flower VCE: Resources for each Virtual Client: {'num_cpus': 2, 'num_gpus': 0.5}
[2024-08-13 12:11:17,822][flwr][INFO] - Flower VCE: Creating VirtualClientEngineActorPool with 2 actors
[2024-08-13 12:11:17,822][flwr][INFO] - [INIT]
[2024-08-13 12:11:17,822][flwr][INFO] - Requesting initial parameters from one random client
[2024-08-13 12:11:25,166][flwr][INFO] - Received initial parameters from one random client
[2024-08-13 12:11:25,166][flwr][INFO] - Evaluating initial global parameters
[2024-08-13 12:11:27,393][flwr][INFO] - initial parameters (loss, other metrics): 2.3025850929940455, {'accuracy': 0.098, 'precision': 0.009604000000000001, 'recall': 0.098, 'f1': 0.017493624772313296, 'confusion_matrix': array([[ 980,    0,    0,    0,    0,    0,    0,    0,    0,    0],
       [1135,    0,    0,    0,    0,    0,    0,    0,    0,    0],
       [1032,    0,    0,    0,    0,    0,    0,    0,    0,    0],
       [1010,    0,    0,    0,    0,    0,    0,    0,    0,    0],
       [ 982,    0,    0,    0,    0,    0,    0,    0,    0,    0],
       [ 892,    0,    0,    0,    0,    0,    0,    0,    0,    0],
       [ 958,    0,    0,    0,    0,    0,    0,    0,    0,    0],
       [1028,    0,    0,    0,    0,    0,    0,    0,    0,    0],
       [ 974,    0,    0,    0,    0,    0,    0,    0,    0,    0],
       [1009,    0,    0,    0,    0,    0,    0,    0,    0,    0]],
      dtype=int64)}
[2024-08-13 12:11:27,394][flwr][INFO] - 
[2024-08-13 12:11:27,394][flwr][INFO] - [ROUND 1]
[2024-08-13 12:11:27,394][flwr][INFO] - configure_fit: strategy sampled 10 clients (out of 10)
[2024-08-13 12:11:35,844][flwr][INFO] - aggregate_fit: received 10 results and 0 failures
[2024-08-13 12:11:35,847][flwr][WARNING] - No fit_metrics_aggregation_fn provided
[2024-08-13 12:11:38,077][flwr][INFO] - fit progress: (1, 1.1815030341146824, {'accuracy': 0.6097, 'precision': 0.7110727511193757, 'recall': 0.6097, 'f1': 0.5737104971643064, 'confusion_matrix': array([[957,   0,   2,   5,   0,   0,   7,   1,   8,   0],
       [  0, 807, 273,   8,   0,   0,   4,   0,  22,  21],
       [ 87,   1, 494, 326,   2,   0,  20,  16,  49,  37],
       [ 26,   2,   7, 869,   2,   0,   7,   8,  34,  55],
       [ 73,   4,   5,   1, 200,   0,  14,  19,  14, 652],
       [272,  55,  33, 234,   7,   2,  28,  12, 130, 119],
       [124,   9,  30,   6,   3,   0, 765,  14,   2,   5],
       [ 56,  16,  27,   4,   1,   0,   1, 610, 190, 123],
       [ 60,   5,  19, 213,   3,   0,   9,   2, 526, 137],
       [ 77,   3,   1,   8,  11,   0,   0,   8,  34, 867]], dtype=int64)}, 10.683784400011064)
[2024-08-13 12:11:38,078][flwr][INFO] - configure_evaluate: no clients selected, skipping evaluation
[2024-08-13 12:11:38,078][flwr][INFO] - 
[2024-08-13 12:11:38,078][flwr][INFO] - [ROUND 2]
[2024-08-13 12:11:38,078][flwr][INFO] - configure_fit: strategy sampled 10 clients (out of 10)
[2024-08-13 12:11:44,670][flwr][INFO] - aggregate_fit: received 10 results and 0 failures
[2024-08-13 12:11:46,902][flwr][INFO] - fit progress: (2, 0.9782696975722227, {'accuracy': 0.7225, 'precision': 0.7578914418783115, 'recall': 0.7225, 'f1': 0.7097227257721477, 'confusion_matrix': array([[882,   4,   3,   3,   4,   3,  63,   9,   9,   0],
       [  0, 933, 178,   3,   2,   2,   4,   6,   7,   0],
       [ 18,  15, 790,  70,  29,   0,  28,  44,  37,   1],
       [  3,  23,  28, 743,  73,  14,  21,  21,  83,   1],
       [  7,   4,   7,   0, 831,   3,  24,  90,  14,   2],
       [ 27, 101,  20, 107,  60, 413,  66,  36,  60,   2],
       [ 16,  16,  34,   0,  17,   3, 828,  44,   0,   0],
       [  9,  27,  43,   0,  21,   0,   1, 877,  50,   0],
       [ 15,  49,  28,  74,  88,  14,  36,  15, 650,   5],
       [ 25,   9,   2,   3, 341,   9,   2, 278,  62, 278]], dtype=int64)}, 19.509458400003496)
[2024-08-13 12:11:46,903][flwr][INFO] - configure_evaluate: no clients selected, skipping evaluation
[2024-08-13 12:11:46,903][flwr][INFO] - 
[2024-08-13 12:11:46,903][flwr][INFO] - [ROUND 3]
[2024-08-13 12:11:46,904][flwr][INFO] - configure_fit: strategy sampled 10 clients (out of 10)
[2024-08-13 12:11:53,290][flwr][INFO] - aggregate_fit: received 10 results and 0 failures
[2024-08-13 12:11:55,524][flwr][INFO] - fit progress: (3, 0.9781626714269838, {'accuracy': 0.7074, 'precision': 0.7616663810326246, 'recall': 0.7074, 'f1': 0.7049264200390736, 'confusion_matrix': array([[887,   9,   2,  10,   0,  20,  34,   2,   2,  14],
       [  0, 978, 120,   3,   0,   4,   3,   1,   2,  24],
       [ 13,  23, 720, 140,   7,   3,  21,  24,  38,  43],
       [  1,  10,  11, 810,   2,  40,  10,   8,  20,  98],
       [  8,   4,   5,   0, 335,  57,  14,  18,   5, 536],
       [ 14,  87,  15, 112,   1, 528,  35,  13,  20,  67],
       [ 18,  20,  35,   1,   5,  12, 832,  30,   0,   5],
       [ 14,  27,  33,   1,   8,   3,   1, 667,  57, 217],
       [  6,  48,  16, 108,   3,  35,  20,   3, 390, 345],
       [ 24,   5,   3,   6,  13,  15,   1,  10,   5, 927]], dtype=int64)}, 28.131313900012174)
[2024-08-13 12:11:55,525][flwr][INFO] - configure_evaluate: no clients selected, skipping evaluation
[2024-08-13 12:11:55,525][flwr][INFO] - 
[2024-08-13 12:11:55,525][flwr][INFO] - [ROUND 4]
[2024-08-13 12:11:55,526][flwr][INFO] - configure_fit: strategy sampled 10 clients (out of 10)
[2024-08-13 12:12:02,058][flwr][INFO] - aggregate_fit: received 10 results and 0 failures
[2024-08-13 12:12:04,354][flwr][INFO] - fit progress: (4, 0.9937095347571779, {'accuracy': 0.7186, 'precision': 0.771225370288982, 'recall': 0.7186, 'f1': 0.6845761168063341, 'confusion_matrix': array([[881,  16,   1,   8,   6,   7,  33,  16,  12,   0],
       [  0, 949, 148,   3,   2,   3,   5,   4,  21,   0],
       [ 13,  16, 790,  59,  40,   0,  18,  42,  54,   0],
       [  0,  19,  17, 758,  61,  27,  10,  23,  95,   0],
       [  5,   4,   1,   0, 888,   1,  16,  53,  14,   0],
       [ 19,  82,  16,  76,  43, 501,  52,  31,  72,   0],
       [ 12,  15,  29,   0,  23,   4, 803,  70,   2,   0],
       [  9,  23,  34,   0,  25,   0,   1, 863,  73,   0],
       [ 12,  29,  20,  43,  72,  17,  20,  11, 750,   0],
       [ 33,   6,   3,   3, 539,  24,   1, 264, 133,   3]], dtype=int64)}, 36.961551600004896)
[2024-08-13 12:12:04,355][flwr][INFO] - configure_evaluate: no clients selected, skipping evaluation
[2024-08-13 12:12:04,355][flwr][INFO] - 
[2024-08-13 12:12:04,355][flwr][INFO] - [ROUND 5]
[2024-08-13 12:12:04,356][flwr][INFO] - configure_fit: strategy sampled 10 clients (out of 10)
[2024-08-13 12:12:11,082][flwr][INFO] - aggregate_fit: received 10 results and 0 failures
[2024-08-13 12:12:13,322][flwr][INFO] - fit progress: (5, 0.9328319580115223, {'accuracy': 0.7735, 'precision': 0.7803528872762315, 'recall': 0.7735, 'f1': 0.7704814368179189, 'confusion_matrix': array([[874,  34,   2,   8,   0,  11,  39,   6,   6,   0],
       [  0, 988, 116,   8,   1,   7,   7,   1,   2,   5],
       [ 12,  24, 767, 108,  10,   2,  22,  37,  37,  13],
       [  3,  17,  12, 832,   4,  38,  14,  16,  23,  51],
       [ 10,   5,   4,   0, 679,  57,  24,  46,   5, 152],
       [ 16,  84,  13,  95,   9, 558,  55,  23,  18,  21],
       [ 12,  17,  26,   0,   8,   5, 846,  43,   0,   1],
       [ 15,  30,  40,   1,  13,   0,   2, 827,  44,  56],
       [ 14,  50,  18, 121,  10,  41,  31,   9, 508, 172],
       [ 36,   6,   3,   5,  31,  22,   2,  38,  10, 856]], dtype=int64)}, 45.92852080000739)
[2024-08-13 12:12:13,323][flwr][INFO] - configure_evaluate: no clients selected, skipping evaluation
[2024-08-13 12:12:13,323][flwr][INFO] - 
[2024-08-13 12:12:13,323][flwr][INFO] - [ROUND 6]
[2024-08-13 12:12:13,323][flwr][INFO] - configure_fit: strategy sampled 10 clients (out of 10)
[2024-08-13 12:12:19,806][flwr][INFO] - aggregate_fit: received 10 results and 0 failures
[2024-08-13 12:12:22,068][flwr][INFO] - fit progress: (6, 0.9170401782062559, {'accuracy': 0.7724, 'precision': 0.805959485935441, 'recall': 0.7724, 'f1': 0.7692854354926055, 'confusion_matrix': array([[ 881,   36,    2,    2,    5,    5,   21,    9,   19,    0],
       [   0, 1000,   79,    3,    3,    3,    5,    1,   41,    0],
       [  11,   16,  793,   47,   43,    0,   16,   32,   73,    1],
       [   3,   19,   14,  725,   61,   27,   14,   14,  129,    4],
       [   6,    3,    1,    0,  918,    1,   12,   19,   19,    3],
       [  18,   65,    7,   55,   52,  485,   53,   22,  130,    5],
       [  11,   14,   24,    0,   28,    5,  827,   47,    2,    0],
       [  12,   22,   29,    1,   35,    0,    0,  812,  113,    4],
       [  11,   18,   16,   17,   52,   11,   17,    3,  828,    1],
       [  44,    5,    2,    2,  288,    6,    1,   86,  120,  455]],
      dtype=int64)}, 54.67410740000196)
[2024-08-13 12:12:22,069][flwr][INFO] - configure_evaluate: no clients selected, skipping evaluation
[2024-08-13 12:12:22,069][flwr][INFO] - 
[2024-08-13 12:12:22,069][flwr][INFO] - [ROUND 7]
[2024-08-13 12:12:22,069][flwr][INFO] - configure_fit: strategy sampled 10 clients (out of 10)
[2024-08-13 12:12:28,648][flwr][INFO] - aggregate_fit: received 10 results and 0 failures
[2024-08-13 12:12:30,894][flwr][INFO] - fit progress: (7, 0.9380476306625013, {'accuracy': 0.7286, 'precision': 0.7778750731475081, 'recall': 0.7286, 'f1': 0.7143816102278409, 'confusion_matrix': array([[844,  59,   2,   7,   0,  20,  33,  10,   0,   5],
       [  0, 995, 102,  13,   1,   4,   7,   1,   0,  12],
       [ 11,  19, 769, 119,   8,   3,  22,  39,  15,  27],
       [  3,  11,   8, 838,   2,  40,  12,  16,   2,  78],
       [  7,   5,   3,   1, 494,  60,  18,  30,   1, 363],
       [ 11,  61,   9,  83,   3, 606,  45,  25,   3,  46],
       [ 12,  12,  20,   0,   4,   9, 849,  49,   0,   3],
       [ 13,  24,  35,   4,   7,   3,   0, 824,   5, 113],
       [ 14,  47,  20, 141,   4,  54,  27,  10, 149, 508],
       [ 24,   4,   3,   6,  10,  17,   1,  25,   1, 918]], dtype=int64)}, 63.500722299999325)
[2024-08-13 12:12:30,895][flwr][INFO] - configure_evaluate: no clients selected, skipping evaluation
[2024-08-13 12:12:30,895][flwr][INFO] - 
[2024-08-13 12:12:30,895][flwr][INFO] - [ROUND 8]
[2024-08-13 12:12:30,896][flwr][INFO] - configure_fit: strategy sampled 10 clients (out of 10)
[2024-08-13 12:12:37,752][flwr][INFO] - aggregate_fit: received 10 results and 0 failures
[2024-08-13 12:12:39,999][flwr][INFO] - fit progress: (8, 0.9163042061012809, {'accuracy': 0.7808, 'precision': 0.80387219707767, 'recall': 0.7808, 'f1': 0.7773489480036735, 'confusion_matrix': array([[ 834,   83,    2,    2,    3,    7,   28,   12,    9,    0],
       [   0, 1005,   73,    8,    2,    4,    6,    1,   36,    0],
       [  10,   20,  793,   56,   34,    0,   19,   34,   66,    0],
       [   2,   20,   10,  763,   37,   33,   17,   15,  110,    3],
       [  10,    3,    1,    0,  895,    8,   17,   25,   20,    3],
       [  15,   62,    6,   50,   25,  563,   53,   21,   95,    2],
       [  11,   15,   16,    0,   18,    5,  837,   55,    1,    0],
       [  14,   23,   30,    1,   28,    0,    1,  835,   96,    0],
       [  13,   22,   15,   27,   37,   19,   23,    4,  814,    0],
       [  72,    7,    2,    3,  211,   23,    1,  102,  119,  469]],
      dtype=int64)}, 72.60521930000687)
[2024-08-13 12:12:40,000][flwr][INFO] - configure_evaluate: no clients selected, skipping evaluation
[2024-08-13 12:12:40,000][flwr][INFO] - 
[2024-08-13 12:12:40,000][flwr][INFO] - [ROUND 9]
[2024-08-13 12:12:40,000][flwr][INFO] - configure_fit: strategy sampled 10 clients (out of 10)
[2024-08-13 12:12:46,671][flwr][INFO] - aggregate_fit: received 10 results and 0 failures
[2024-08-13 12:12:49,046][flwr][INFO] - fit progress: (9, 0.9023499297739465, {'accuracy': 0.7606, 'precision': 0.7912143109472299, 'recall': 0.7606, 'f1': 0.7536838755002724, 'confusion_matrix': array([[ 840,   72,    2,    5,    1,   13,   30,   11,    1,    5],
       [   0, 1017,   81,   11,    1,    4,    7,    1,    2,   11],
       [  11,   21,  784,   95,   11,    2,   21,   39,   22,   26],
       [   3,   12,    8,  837,    3,   40,   13,   15,    9,   70],
       [   7,    5,    3,    1,  662,   21,   17,   29,    2,  235],
       [  12,   61,    8,   75,    8,  597,   51,   24,    9,   47],
       [  11,   13,   17,    0,    8,    6,  854,   47,    0,    2],
       [  12,   24,   35,    5,   13,    3,    0,  828,    6,  102],
       [  18,   45,   19,  103,   14,   46,   28,   10,  276,  415],
       [  25,    6,    3,    6,   19,   14,    1,   23,    1,  911]],
      dtype=int64)}, 81.65198200001032)
[2024-08-13 12:12:49,047][flwr][INFO] - configure_evaluate: no clients selected, skipping evaluation
[2024-08-13 12:12:49,047][flwr][INFO] - 
[2024-08-13 12:12:49,047][flwr][INFO] - [ROUND 10]
[2024-08-13 12:12:49,047][flwr][INFO] - configure_fit: strategy sampled 10 clients (out of 10)
[2024-08-13 12:12:55,541][flwr][INFO] - aggregate_fit: received 10 results and 0 failures
[2024-08-13 12:12:57,753][flwr][INFO] - fit progress: (10, 0.9127269462751241, {'accuracy': 0.7788, 'precision': 0.8043583284164013, 'recall': 0.7788, 'f1': 0.7760387257569317, 'confusion_matrix': array([[ 823,   87,    2,    1,    3,   11,   27,   11,   15,    0],
       [   0, 1002,   72,    7,    1,    4,    6,    1,   42,    0],
       [   9,   18,  791,   56,   33,    0,   18,   31,   76,    0],
       [   2,   17,   10,  751,   43,   38,   16,   15,  115,    3],
       [   9,    3,    1,    0,  889,   13,   16,   22,   27,    2],
       [  14,   53,    5,   46,   19,  580,   51,   21,  101,    2],
       [  12,   12,   16,    0,   19,    6,  828,   63,    2,    0],
       [  14,   22,   30,    1,   28,    1,    0,  819,  113,    0],
       [  10,   13,   16,   19,   32,   19,   20,    2,  843,    0],
       [  77,    6,    2,    3,  194,   31,    1,   91,  142,  462]],
      dtype=int64)}, 90.35928610000701)
[2024-08-13 12:12:57,754][flwr][INFO] - configure_evaluate: no clients selected, skipping evaluation
[2024-08-13 12:12:57,754][flwr][INFO] - 
[2024-08-13 12:12:57,754][flwr][INFO] - [SUMMARY]
[2024-08-13 12:12:57,754][flwr][INFO] - Run finished 10 round(s) in 90.36s
[2024-08-13 12:12:57,762][flwr][INFO] - 	History (loss, centralized):
[2024-08-13 12:12:57,762][flwr][INFO] - 		round 0: 2.3025850929940455
[2024-08-13 12:12:57,762][flwr][INFO] - 		round 1: 1.1815030341146824
[2024-08-13 12:12:57,762][flwr][INFO] - 		round 2: 0.9782696975722227
[2024-08-13 12:12:57,762][flwr][INFO] - 		round 3: 0.9781626714269838
[2024-08-13 12:12:57,762][flwr][INFO] - 		round 4: 0.9937095347571779
[2024-08-13 12:12:57,762][flwr][INFO] - 		round 5: 0.9328319580115223
[2024-08-13 12:12:57,763][flwr][INFO] - 		round 6: 0.9170401782062559
[2024-08-13 12:12:57,763][flwr][INFO] - 		round 7: 0.9380476306625013
[2024-08-13 12:12:57,763][flwr][INFO] - 		round 8: 0.9163042061012809
[2024-08-13 12:12:57,763][flwr][INFO] - 		round 9: 0.9023499297739465
[2024-08-13 12:12:57,763][flwr][INFO] - 		round 10: 0.9127269462751241
[2024-08-13 12:12:57,763][flwr][INFO] - 	History (metrics, centralized):
[2024-08-13 12:12:57,763][flwr][INFO] - 	{'accuracy': [(0, 0.098),
[2024-08-13 12:12:57,763][flwr][INFO] - 	              (1, 0.6097),
[2024-08-13 12:12:57,763][flwr][INFO] - 	              (2, 0.7225),
[2024-08-13 12:12:57,763][flwr][INFO] - 	              (3, 0.7074),
[2024-08-13 12:12:57,763][flwr][INFO] - 	              (4, 0.7186),
[2024-08-13 12:12:57,763][flwr][INFO] - 	              (5, 0.7735),
[2024-08-13 12:12:57,763][flwr][INFO] - 	              (6, 0.7724),
[2024-08-13 12:12:57,763][flwr][INFO] - 	              (7, 0.7286),
[2024-08-13 12:12:57,763][flwr][INFO] - 	              (8, 0.7808),
[2024-08-13 12:12:57,763][flwr][INFO] - 	              (9, 0.7606),
[2024-08-13 12:12:57,764][flwr][INFO] - 	              (10, 0.7788)],
[2024-08-13 12:12:57,764][flwr][INFO] - 	 'confusion_matrix': [(0,
[2024-08-13 12:12:57,764][flwr][INFO] - 	                       array([[ 980,    0,    0,    0,    0,    0,    0,    0,    0,    0],
[2024-08-13 12:12:57,764][flwr][INFO] - 	       [1135,    0,    0,    0,    0,    0,    0,    0,    0,    0],
[2024-08-13 12:12:57,764][flwr][INFO] - 	       [1032,    0,    0,    0,    0,    0,    0,    0,    0,    0],
[2024-08-13 12:12:57,764][flwr][INFO] - 	       [1010,    0,    0,    0,    0,    0,    0,    0,    0,    0],
[2024-08-13 12:12:57,764][flwr][INFO] - 	       [ 982,    0,    0,    0,    0,    0,    0,    0,    0,    0],
[2024-08-13 12:12:57,764][flwr][INFO] - 	       [ 892,    0,    0,    0,    0,    0,    0,    0,    0,    0],
[2024-08-13 12:12:57,764][flwr][INFO] - 	       [ 958,    0,    0,    0,    0,    0,    0,    0,    0,    0],
[2024-08-13 12:12:57,764][flwr][INFO] - 	       [1028,    0,    0,    0,    0,    0,    0,    0,    0,    0],
[2024-08-13 12:12:57,764][flwr][INFO] - 	       [ 974,    0,    0,    0,    0,    0,    0,    0,    0,    0],
[2024-08-13 12:12:57,764][flwr][INFO] - 	       [1009,    0,    0,    0,    0,    0,    0,    0,    0,    0]],
[2024-08-13 12:12:57,764][flwr][INFO] - 	      dtype=int64)),
[2024-08-13 12:12:57,764][flwr][INFO] - 	                      (1,
[2024-08-13 12:12:57,764][flwr][INFO] - 	                       array([[957,   0,   2,   5,   0,   0,   7,   1,   8,   0],
[2024-08-13 12:12:57,764][flwr][INFO] - 	       [  0, 807, 273,   8,   0,   0,   4,   0,  22,  21],
[2024-08-13 12:12:57,765][flwr][INFO] - 	       [ 87,   1, 494, 326,   2,   0,  20,  16,  49,  37],
[2024-08-13 12:12:57,765][flwr][INFO] - 	       [ 26,   2,   7, 869,   2,   0,   7,   8,  34,  55],
[2024-08-13 12:12:57,765][flwr][INFO] - 	       [ 73,   4,   5,   1, 200,   0,  14,  19,  14, 652],
[2024-08-13 12:12:57,765][flwr][INFO] - 	       [272,  55,  33, 234,   7,   2,  28,  12, 130, 119],
[2024-08-13 12:12:57,765][flwr][INFO] - 	       [124,   9,  30,   6,   3,   0, 765,  14,   2,   5],
[2024-08-13 12:12:57,765][flwr][INFO] - 	       [ 56,  16,  27,   4,   1,   0,   1, 610, 190, 123],
[2024-08-13 12:12:57,765][flwr][INFO] - 	       [ 60,   5,  19, 213,   3,   0,   9,   2, 526, 137],
[2024-08-13 12:12:57,765][flwr][INFO] - 	       [ 77,   3,   1,   8,  11,   0,   0,   8,  34, 867]], dtype=int64)),
[2024-08-13 12:12:57,765][flwr][INFO] - 	                      (2,
[2024-08-13 12:12:57,765][flwr][INFO] - 	                       array([[882,   4,   3,   3,   4,   3,  63,   9,   9,   0],
[2024-08-13 12:12:57,765][flwr][INFO] - 	       [  0, 933, 178,   3,   2,   2,   4,   6,   7,   0],
[2024-08-13 12:12:57,765][flwr][INFO] - 	       [ 18,  15, 790,  70,  29,   0,  28,  44,  37,   1],
[2024-08-13 12:12:57,765][flwr][INFO] - 	       [  3,  23,  28, 743,  73,  14,  21,  21,  83,   1],
[2024-08-13 12:12:57,765][flwr][INFO] - 	       [  7,   4,   7,   0, 831,   3,  24,  90,  14,   2],
[2024-08-13 12:12:57,765][flwr][INFO] - 	       [ 27, 101,  20, 107,  60, 413,  66,  36,  60,   2],
[2024-08-13 12:12:57,765][flwr][INFO] - 	       [ 16,  16,  34,   0,  17,   3, 828,  44,   0,   0],
[2024-08-13 12:12:57,765][flwr][INFO] - 	       [  9,  27,  43,   0,  21,   0,   1, 877,  50,   0],
[2024-08-13 12:12:57,766][flwr][INFO] - 	       [ 15,  49,  28,  74,  88,  14,  36,  15, 650,   5],
[2024-08-13 12:12:57,766][flwr][INFO] - 	       [ 25,   9,   2,   3, 341,   9,   2, 278,  62, 278]], dtype=int64)),
[2024-08-13 12:12:57,766][flwr][INFO] - 	                      (3,
[2024-08-13 12:12:57,766][flwr][INFO] - 	                       array([[887,   9,   2,  10,   0,  20,  34,   2,   2,  14],
[2024-08-13 12:12:57,766][flwr][INFO] - 	       [  0, 978, 120,   3,   0,   4,   3,   1,   2,  24],
[2024-08-13 12:12:57,766][flwr][INFO] - 	       [ 13,  23, 720, 140,   7,   3,  21,  24,  38,  43],
[2024-08-13 12:12:57,766][flwr][INFO] - 	       [  1,  10,  11, 810,   2,  40,  10,   8,  20,  98],
[2024-08-13 12:12:57,766][flwr][INFO] - 	       [  8,   4,   5,   0, 335,  57,  14,  18,   5, 536],
[2024-08-13 12:12:57,766][flwr][INFO] - 	       [ 14,  87,  15, 112,   1, 528,  35,  13,  20,  67],
[2024-08-13 12:12:57,766][flwr][INFO] - 	       [ 18,  20,  35,   1,   5,  12, 832,  30,   0,   5],
[2024-08-13 12:12:57,766][flwr][INFO] - 	       [ 14,  27,  33,   1,   8,   3,   1, 667,  57, 217],
[2024-08-13 12:12:57,766][flwr][INFO] - 	       [  6,  48,  16, 108,   3,  35,  20,   3, 390, 345],
[2024-08-13 12:12:57,766][flwr][INFO] - 	       [ 24,   5,   3,   6,  13,  15,   1,  10,   5, 927]], dtype=int64)),
[2024-08-13 12:12:57,766][flwr][INFO] - 	                      (4,
[2024-08-13 12:12:57,766][flwr][INFO] - 	                       array([[881,  16,   1,   8,   6,   7,  33,  16,  12,   0],
[2024-08-13 12:12:57,766][flwr][INFO] - 	       [  0, 949, 148,   3,   2,   3,   5,   4,  21,   0],
[2024-08-13 12:12:57,766][flwr][INFO] - 	       [ 13,  16, 790,  59,  40,   0,  18,  42,  54,   0],
[2024-08-13 12:12:57,767][flwr][INFO] - 	       [  0,  19,  17, 758,  61,  27,  10,  23,  95,   0],
[2024-08-13 12:12:57,767][flwr][INFO] - 	       [  5,   4,   1,   0, 888,   1,  16,  53,  14,   0],
[2024-08-13 12:12:57,767][flwr][INFO] - 	       [ 19,  82,  16,  76,  43, 501,  52,  31,  72,   0],
[2024-08-13 12:12:57,767][flwr][INFO] - 	       [ 12,  15,  29,   0,  23,   4, 803,  70,   2,   0],
[2024-08-13 12:12:57,767][flwr][INFO] - 	       [  9,  23,  34,   0,  25,   0,   1, 863,  73,   0],
[2024-08-13 12:12:57,767][flwr][INFO] - 	       [ 12,  29,  20,  43,  72,  17,  20,  11, 750,   0],
[2024-08-13 12:12:57,767][flwr][INFO] - 	       [ 33,   6,   3,   3, 539,  24,   1, 264, 133,   3]], dtype=int64)),
[2024-08-13 12:12:57,767][flwr][INFO] - 	                      (5,
[2024-08-13 12:12:57,767][flwr][INFO] - 	                       array([[874,  34,   2,   8,   0,  11,  39,   6,   6,   0],
[2024-08-13 12:12:57,767][flwr][INFO] - 	       [  0, 988, 116,   8,   1,   7,   7,   1,   2,   5],
[2024-08-13 12:12:57,767][flwr][INFO] - 	       [ 12,  24, 767, 108,  10,   2,  22,  37,  37,  13],
[2024-08-13 12:12:57,767][flwr][INFO] - 	       [  3,  17,  12, 832,   4,  38,  14,  16,  23,  51],
[2024-08-13 12:12:57,767][flwr][INFO] - 	       [ 10,   5,   4,   0, 679,  57,  24,  46,   5, 152],
[2024-08-13 12:12:57,767][flwr][INFO] - 	       [ 16,  84,  13,  95,   9, 558,  55,  23,  18,  21],
[2024-08-13 12:12:57,767][flwr][INFO] - 	       [ 12,  17,  26,   0,   8,   5, 846,  43,   0,   1],
[2024-08-13 12:12:57,767][flwr][INFO] - 	       [ 15,  30,  40,   1,  13,   0,   2, 827,  44,  56],
[2024-08-13 12:12:57,767][flwr][INFO] - 	       [ 14,  50,  18, 121,  10,  41,  31,   9, 508, 172],
[2024-08-13 12:12:57,768][flwr][INFO] - 	       [ 36,   6,   3,   5,  31,  22,   2,  38,  10, 856]], dtype=int64)),
[2024-08-13 12:12:57,768][flwr][INFO] - 	                      (6,
[2024-08-13 12:12:57,768][flwr][INFO] - 	                       array([[ 881,   36,    2,    2,    5,    5,   21,    9,   19,    0],
[2024-08-13 12:12:57,768][flwr][INFO] - 	       [   0, 1000,   79,    3,    3,    3,    5,    1,   41,    0],
[2024-08-13 12:12:57,768][flwr][INFO] - 	       [  11,   16,  793,   47,   43,    0,   16,   32,   73,    1],
[2024-08-13 12:12:57,768][flwr][INFO] - 	       [   3,   19,   14,  725,   61,   27,   14,   14,  129,    4],
[2024-08-13 12:12:57,768][flwr][INFO] - 	       [   6,    3,    1,    0,  918,    1,   12,   19,   19,    3],
[2024-08-13 12:12:57,768][flwr][INFO] - 	       [  18,   65,    7,   55,   52,  485,   53,   22,  130,    5],
[2024-08-13 12:12:57,768][flwr][INFO] - 	       [  11,   14,   24,    0,   28,    5,  827,   47,    2,    0],
[2024-08-13 12:12:57,768][flwr][INFO] - 	       [  12,   22,   29,    1,   35,    0,    0,  812,  113,    4],
[2024-08-13 12:12:57,768][flwr][INFO] - 	       [  11,   18,   16,   17,   52,   11,   17,    3,  828,    1],
[2024-08-13 12:12:57,768][flwr][INFO] - 	       [  44,    5,    2,    2,  288,    6,    1,   86,  120,  455]],
[2024-08-13 12:12:57,768][flwr][INFO] - 	      dtype=int64)),
[2024-08-13 12:12:57,768][flwr][INFO] - 	                      (7,
[2024-08-13 12:12:57,768][flwr][INFO] - 	                       array([[844,  59,   2,   7,   0,  20,  33,  10,   0,   5],
[2024-08-13 12:12:57,768][flwr][INFO] - 	       [  0, 995, 102,  13,   1,   4,   7,   1,   0,  12],
[2024-08-13 12:12:57,768][flwr][INFO] - 	       [ 11,  19, 769, 119,   8,   3,  22,  39,  15,  27],
[2024-08-13 12:12:57,769][flwr][INFO] - 	       [  3,  11,   8, 838,   2,  40,  12,  16,   2,  78],
[2024-08-13 12:12:57,769][flwr][INFO] - 	       [  7,   5,   3,   1, 494,  60,  18,  30,   1, 363],
[2024-08-13 12:12:57,769][flwr][INFO] - 	       [ 11,  61,   9,  83,   3, 606,  45,  25,   3,  46],
[2024-08-13 12:12:57,769][flwr][INFO] - 	       [ 12,  12,  20,   0,   4,   9, 849,  49,   0,   3],
[2024-08-13 12:12:57,769][flwr][INFO] - 	       [ 13,  24,  35,   4,   7,   3,   0, 824,   5, 113],
[2024-08-13 12:12:57,769][flwr][INFO] - 	       [ 14,  47,  20, 141,   4,  54,  27,  10, 149, 508],
[2024-08-13 12:12:57,769][flwr][INFO] - 	       [ 24,   4,   3,   6,  10,  17,   1,  25,   1, 918]], dtype=int64)),
[2024-08-13 12:12:57,769][flwr][INFO] - 	                      (8,
[2024-08-13 12:12:57,769][flwr][INFO] - 	                       array([[ 834,   83,    2,    2,    3,    7,   28,   12,    9,    0],
[2024-08-13 12:12:57,769][flwr][INFO] - 	       [   0, 1005,   73,    8,    2,    4,    6,    1,   36,    0],
[2024-08-13 12:12:57,769][flwr][INFO] - 	       [  10,   20,  793,   56,   34,    0,   19,   34,   66,    0],
[2024-08-13 12:12:57,769][flwr][INFO] - 	       [   2,   20,   10,  763,   37,   33,   17,   15,  110,    3],
[2024-08-13 12:12:57,769][flwr][INFO] - 	       [  10,    3,    1,    0,  895,    8,   17,   25,   20,    3],
[2024-08-13 12:12:57,769][flwr][INFO] - 	       [  15,   62,    6,   50,   25,  563,   53,   21,   95,    2],
[2024-08-13 12:12:57,769][flwr][INFO] - 	       [  11,   15,   16,    0,   18,    5,  837,   55,    1,    0],
[2024-08-13 12:12:57,769][flwr][INFO] - 	       [  14,   23,   30,    1,   28,    0,    1,  835,   96,    0],
[2024-08-13 12:12:57,769][flwr][INFO] - 	       [  13,   22,   15,   27,   37,   19,   23,    4,  814,    0],
[2024-08-13 12:12:57,770][flwr][INFO] - 	       [  72,    7,    2,    3,  211,   23,    1,  102,  119,  469]],
[2024-08-13 12:12:57,770][flwr][INFO] - 	      dtype=int64)),
[2024-08-13 12:12:57,770][flwr][INFO] - 	                      (9,
[2024-08-13 12:12:57,770][flwr][INFO] - 	                       array([[ 840,   72,    2,    5,    1,   13,   30,   11,    1,    5],
[2024-08-13 12:12:57,770][flwr][INFO] - 	       [   0, 1017,   81,   11,    1,    4,    7,    1,    2,   11],
[2024-08-13 12:12:57,770][flwr][INFO] - 	       [  11,   21,  784,   95,   11,    2,   21,   39,   22,   26],
[2024-08-13 12:12:57,770][flwr][INFO] - 	       [   3,   12,    8,  837,    3,   40,   13,   15,    9,   70],
[2024-08-13 12:12:57,770][flwr][INFO] - 	       [   7,    5,    3,    1,  662,   21,   17,   29,    2,  235],
[2024-08-13 12:12:57,770][flwr][INFO] - 	       [  12,   61,    8,   75,    8,  597,   51,   24,    9,   47],
[2024-08-13 12:12:57,770][flwr][INFO] - 	       [  11,   13,   17,    0,    8,    6,  854,   47,    0,    2],
[2024-08-13 12:12:57,770][flwr][INFO] - 	       [  12,   24,   35,    5,   13,    3,    0,  828,    6,  102],
[2024-08-13 12:12:57,770][flwr][INFO] - 	       [  18,   45,   19,  103,   14,   46,   28,   10,  276,  415],
[2024-08-13 12:12:57,770][flwr][INFO] - 	       [  25,    6,    3,    6,   19,   14,    1,   23,    1,  911]],
[2024-08-13 12:12:57,770][flwr][INFO] - 	      dtype=int64)),
[2024-08-13 12:12:57,770][flwr][INFO] - 	                      (10,
[2024-08-13 12:12:57,770][flwr][INFO] - 	                       array([[ 823,   87,    2,    1,    3,   11,   27,   11,   15,    0],
[2024-08-13 12:12:57,770][flwr][INFO] - 	       [   0, 1002,   72,    7,    1,    4,    6,    1,   42,    0],
[2024-08-13 12:12:57,771][flwr][INFO] - 	       [   9,   18,  791,   56,   33,    0,   18,   31,   76,    0],
[2024-08-13 12:12:57,771][flwr][INFO] - 	       [   2,   17,   10,  751,   43,   38,   16,   15,  115,    3],
[2024-08-13 12:12:57,771][flwr][INFO] - 	       [   9,    3,    1,    0,  889,   13,   16,   22,   27,    2],
[2024-08-13 12:12:57,771][flwr][INFO] - 	       [  14,   53,    5,   46,   19,  580,   51,   21,  101,    2],
[2024-08-13 12:12:57,771][flwr][INFO] - 	       [  12,   12,   16,    0,   19,    6,  828,   63,    2,    0],
[2024-08-13 12:12:57,771][flwr][INFO] - 	       [  14,   22,   30,    1,   28,    1,    0,  819,  113,    0],
[2024-08-13 12:12:57,771][flwr][INFO] - 	       [  10,   13,   16,   19,   32,   19,   20,    2,  843,    0],
[2024-08-13 12:12:57,771][flwr][INFO] - 	       [  77,    6,    2,    3,  194,   31,    1,   91,  142,  462]],
[2024-08-13 12:12:57,771][flwr][INFO] - 	      dtype=int64))],
[2024-08-13 12:12:57,771][flwr][INFO] - 	 'f1': [(0, 0.017493624772313296),
[2024-08-13 12:12:57,771][flwr][INFO] - 	        (1, 0.5737104971643064),
[2024-08-13 12:12:57,771][flwr][INFO] - 	        (2, 0.7097227257721477),
[2024-08-13 12:12:57,771][flwr][INFO] - 	        (3, 0.7049264200390736),
[2024-08-13 12:12:57,771][flwr][INFO] - 	        (4, 0.6845761168063341),
[2024-08-13 12:12:57,771][flwr][INFO] - 	        (5, 0.7704814368179189),
[2024-08-13 12:12:57,771][flwr][INFO] - 	        (6, 0.7692854354926055),
[2024-08-13 12:12:57,771][flwr][INFO] - 	        (7, 0.7143816102278409),
[2024-08-13 12:12:57,772][flwr][INFO] - 	        (8, 0.7773489480036735),
[2024-08-13 12:12:57,772][flwr][INFO] - 	        (9, 0.7536838755002724),
[2024-08-13 12:12:57,772][flwr][INFO] - 	        (10, 0.7760387257569317)],
[2024-08-13 12:12:57,772][flwr][INFO] - 	 'precision': [(0, 0.009604000000000001),
[2024-08-13 12:12:57,772][flwr][INFO] - 	               (1, 0.7110727511193757),
[2024-08-13 12:12:57,772][flwr][INFO] - 	               (2, 0.7578914418783115),
[2024-08-13 12:12:57,772][flwr][INFO] - 	               (3, 0.7616663810326246),
[2024-08-13 12:12:57,772][flwr][INFO] - 	               (4, 0.771225370288982),
[2024-08-13 12:12:57,772][flwr][INFO] - 	               (5, 0.7803528872762315),
[2024-08-13 12:12:57,772][flwr][INFO] - 	               (6, 0.805959485935441),
[2024-08-13 12:12:57,772][flwr][INFO] - 	               (7, 0.7778750731475081),
[2024-08-13 12:12:57,772][flwr][INFO] - 	               (8, 0.80387219707767),
[2024-08-13 12:12:57,772][flwr][INFO] - 	               (9, 0.7912143109472299),
[2024-08-13 12:12:57,772][flwr][INFO] - 	               (10, 0.8043583284164013)],
[2024-08-13 12:12:57,772][flwr][INFO] - 	 'recall': [(0, 0.098),
[2024-08-13 12:12:57,772][flwr][INFO] - 	            (1, 0.6097),
[2024-08-13 12:12:57,772][flwr][INFO] - 	            (2, 0.7225),
[2024-08-13 12:12:57,772][flwr][INFO] - 	            (3, 0.7074),
[2024-08-13 12:12:57,773][flwr][INFO] - 	            (4, 0.7186),
[2024-08-13 12:12:57,773][flwr][INFO] - 	            (5, 0.7735),
[2024-08-13 12:12:57,773][flwr][INFO] - 	            (6, 0.7724),
[2024-08-13 12:12:57,773][flwr][INFO] - 	            (7, 0.7286),
[2024-08-13 12:12:57,773][flwr][INFO] - 	            (8, 0.7808),
[2024-08-13 12:12:57,773][flwr][INFO] - 	            (9, 0.7606),
[2024-08-13 12:12:57,773][flwr][INFO] - 	            (10, 0.7788)]}
[2024-08-13 12:12:57,773][flwr][INFO] - 
