[2024-08-13 12:47:53,152][flwr][INFO] - Starting Flower simulation, config: num_rounds=10, no round_timeout
[2024-08-13 12:47:57,313][flwr][INFO] - Flower VCE: Ray initialized with resources: {'accelerator_type:G': 1.0, 'GPU': 1.0, 'memory': 5003948852.0, 'object_store_memory': 2501974425.0, 'node:127.0.0.1': 1.0, 'node:__internal_head__': 1.0, 'CPU': 16.0}
[2024-08-13 12:47:57,313][flwr][INFO] - Optimize your simulation with Flower VCE: https://flower.ai/docs/framework/how-to-run-simulations.html
[2024-08-13 12:47:57,314][flwr][INFO] - Flower VCE: Resources for each Virtual Client: {'num_cpus': 2, 'num_gpus': 0.5}
[2024-08-13 12:47:57,324][flwr][INFO] - Flower VCE: Creating VirtualClientEngineActorPool with 2 actors
[2024-08-13 12:47:57,325][flwr][INFO] - [INIT]
[2024-08-13 12:47:57,325][flwr][INFO] - Requesting initial parameters from one random client
[2024-08-13 12:48:04,588][flwr][INFO] - Received initial parameters from one random client
[2024-08-13 12:48:04,588][flwr][INFO] - Evaluating initial global parameters
[2024-08-13 12:48:06,843][flwr][INFO] - initial parameters (loss, other metrics): 2.3025850929940455, {'accuracy': 0.098, 'precision': 0.009604000000000001, 'recall': 0.098, 'f1': 0.017493624772313296, 'confusion_matrix': array([[ 980,    0,    0,    0,    0,    0,    0,    0,    0,    0],
       [1135,    0,    0,    0,    0,    0,    0,    0,    0,    0],
       [1032,    0,    0,    0,    0,    0,    0,    0,    0,    0],
       [1010,    0,    0,    0,    0,    0,    0,    0,    0,    0],
       [ 982,    0,    0,    0,    0,    0,    0,    0,    0,    0],
       [ 892,    0,    0,    0,    0,    0,    0,    0,    0,    0],
       [ 958,    0,    0,    0,    0,    0,    0,    0,    0,    0],
       [1028,    0,    0,    0,    0,    0,    0,    0,    0,    0],
       [ 974,    0,    0,    0,    0,    0,    0,    0,    0,    0],
       [1009,    0,    0,    0,    0,    0,    0,    0,    0,    0]],
      dtype=int64)}
[2024-08-13 12:48:06,843][flwr][INFO] - 
[2024-08-13 12:48:06,844][flwr][INFO] - [ROUND 1]
[2024-08-13 12:48:06,844][flwr][INFO] - configure_fit: strategy sampled 10 clients (out of 10)
[2024-08-13 12:48:15,339][flwr][INFO] - aggregate_fit: received 10 results and 0 failures
[2024-08-13 12:48:15,342][flwr][WARNING] - No fit_metrics_aggregation_fn provided
[2024-08-13 12:48:17,425][flwr][INFO] - fit progress: (1, 1.1492805106396482, {'accuracy': 0.6203, 'precision': 0.7243822497632684, 'recall': 0.6203, 'f1': 0.5853774779250528, 'confusion_matrix': array([[961,   0,   2,   4,   0,   0,   5,   1,   6,   1],
       [  0, 809, 271,   8,   0,   0,   4,   1,  10,  32],
       [ 95,   1, 605, 223,   2,   0,  18,  16,  41,  31],
       [ 35,   2,  11, 853,   1,   0,   7,   9,  30,  62],
       [ 80,   4,   6,   1, 197,   0,  14,  22,   9, 649],
       [335,  48,  36, 199,   5,   2,  29,  14, 101, 123],
       [139,   7,  38,   4,   3,   0, 749,  12,   2,   4],
       [ 57,  14,  32,   2,   1,   0,   1, 670, 132, 119],
       [ 86,   5,  25, 185,   2,   0,   9,   3, 487, 172],
       [ 86,   3,   1,   8,  10,   0,   0,   9,  22, 870]], dtype=int64)}, 10.581407999998191)
[2024-08-13 12:48:17,426][flwr][INFO] - configure_evaluate: no clients selected, skipping evaluation
[2024-08-13 12:48:17,426][flwr][INFO] - 
[2024-08-13 12:48:17,426][flwr][INFO] - [ROUND 2]
[2024-08-13 12:48:17,426][flwr][INFO] - configure_fit: strategy sampled 10 clients (out of 10)
[2024-08-13 12:48:23,810][flwr][INFO] - aggregate_fit: received 10 results and 0 failures
[2024-08-13 12:48:25,899][flwr][INFO] - fit progress: (2, 0.9424071014251425, {'accuracy': 0.7238, 'precision': 0.7593125196860081, 'recall': 0.7238, 'f1': 0.7102318974517954, 'confusion_matrix': array([[891,   3,   3,   3,   3,   5,  55,   8,   9,   0],
       [  0, 938, 167,   3,   2,   2,   5,   2,  16,   0],
       [ 21,  10, 769,  89,  29,   0,  28,  41,  44,   1],
       [  3,  11,  22, 776,  59,  11,  15,  21,  91,   1],
       [  9,   4,   5,   0, 818,   4,  24,  90,  24,   4],
       [ 29,  86,  20, 131,  56, 399,  58,  33,  80,   0],
       [ 18,  14,  30,   0,  16,   3, 833,  42,   2,   0],
       [  9,  24,  36,   0,  21,   0,   1, 857,  80,   0],
       [ 17,  34,  23,  88,  62,  12,  31,  13, 690,   4],
       [ 30,   7,   2,   3, 337,   6,   1, 257,  99, 267]], dtype=int64)}, 19.055094000010286)
[2024-08-13 12:48:25,900][flwr][INFO] - configure_evaluate: no clients selected, skipping evaluation
[2024-08-13 12:48:25,900][flwr][INFO] - 
[2024-08-13 12:48:25,900][flwr][INFO] - [ROUND 3]
[2024-08-13 12:48:25,901][flwr][INFO] - configure_fit: strategy sampled 10 clients (out of 10)
[2024-08-13 12:48:32,639][flwr][INFO] - aggregate_fit: received 10 results and 0 failures
[2024-08-13 12:48:34,721][flwr][INFO] - fit progress: (3, 0.9395426299422331, {'accuracy': 0.7393, 'precision': 0.7639059489337622, 'recall': 0.7393, 'f1': 0.7365516506229278, 'confusion_matrix': array([[885,   6,   2,   8,   0,  18,  45,   5,   4,   7],
       [  0, 981, 124,   3,   0,   4,   4,   1,   1,  17],
       [ 17,  19, 755, 113,   8,   3,  23,  32,  35,  27],
       [  1,  16,  13, 799,   6,  40,  12,  13,  22,  88],
       [  9,   4,   5,   0, 518,  59,  18,  33,   5, 331],
       [ 15,  90,  15,  99,   7, 541,  43,  20,  20,  42],
       [ 17,  18,  34,   1,   9,   8, 830,  38,   0,   3],
       [ 14,  29,  34,   1,  12,   0,   1, 776,  54, 107],
       [ 10,  51,  20, 107,   8,  43,  23,   7, 413, 292],
       [ 26,   5,   3,   5,  26,  20,   1,  23,   5, 895]], dtype=int64)}, 27.876974400001927)
[2024-08-13 12:48:34,722][flwr][INFO] - configure_evaluate: no clients selected, skipping evaluation
[2024-08-13 12:48:34,722][flwr][INFO] - 
[2024-08-13 12:48:34,722][flwr][INFO] - [ROUND 4]
[2024-08-13 12:48:34,722][flwr][INFO] - configure_fit: strategy sampled 10 clients (out of 10)
[2024-08-13 12:48:41,459][flwr][INFO] - aggregate_fit: received 10 results and 0 failures
[2024-08-13 12:48:43,535][flwr][INFO] - fit progress: (4, 0.9766579736318894, {'accuracy': 0.7194, 'precision': 0.7683426499197727, 'recall': 0.7194, 'f1': 0.6964756836349565, 'confusion_matrix': array([[873,  20,   1,   8,   6,   6,  34,  17,  15,   0],
       [  0, 958, 134,   3,   2,   3,   4,   2,  29,   0],
       [ 11,  16, 757,  88,  39,   0,  19,  40,  62,   0],
       [  0,  17,  15, 760,  61,  19,  10,  18, 110,   0],
       [  5,   4,   2,   0, 868,   5,  18,  53,  26,   1],
       [ 16,  86,  13,  79,  45, 482,  51,  28,  92,   0],
       [ 13,  16,  28,   0,  22,   4, 801,  72,   2,   0],
       [ 12,  23,  31,   1,  24,   0,   0, 827, 110,   0],
       [  7,  29,  18,  50,  60,  14,  19,   6, 771,   0],
       [ 33,   5,   3,   2, 450,  21,   1, 202, 195,  97]], dtype=int64)}, 36.69075550000707)
[2024-08-13 12:48:43,535][flwr][INFO] - configure_evaluate: no clients selected, skipping evaluation
[2024-08-13 12:48:43,535][flwr][INFO] - 
[2024-08-13 12:48:43,536][flwr][INFO] - [ROUND 5]
[2024-08-13 12:48:43,536][flwr][INFO] - configure_fit: strategy sampled 10 clients (out of 10)
[2024-08-13 12:48:50,395][flwr][INFO] - aggregate_fit: received 10 results and 0 failures
[2024-08-13 12:48:52,499][flwr][INFO] - fit progress: (5, 0.9425022353557834, {'accuracy': 0.7617, 'precision': 0.7690087535991627, 'recall': 0.7617, 'f1': 0.758141084733522, 'confusion_matrix': array([[866,  34,   2,   9,   0,  13,  38,  12,   6,   0],
       [  0, 971, 135,   5,   1,   5,   6,   2,   0,  10],
       [ 10,  23, 760, 117,  14,   3,  20,  38,  32,  15],
       [  3,  18,  12, 821,   8,  37,  12,  18,  22,  59],
       [  9,   5,   4,   0, 675,  66,  21,  60,   5, 137],
       [ 15,  84,  13,  90,  10, 562,  51,  25,  19,  23],
       [ 12,  17,  26,   0,   8,   6, 829,  59,   0,   1],
       [ 14,  28,  39,   2,  14,   0,   2, 840,  40,  49],
       [ 14,  53,  23, 120,  14,  43,  31,  11, 460, 205],
       [ 36,   6,   3,   5,  36,  21,   2,  58,   9, 833]], dtype=int64)}, 45.654799700001604)
[2024-08-13 12:48:52,500][flwr][INFO] - configure_evaluate: no clients selected, skipping evaluation
[2024-08-13 12:48:52,500][flwr][INFO] - 
[2024-08-13 12:48:52,500][flwr][INFO] - [ROUND 6]
[2024-08-13 12:48:52,500][flwr][INFO] - configure_fit: strategy sampled 10 clients (out of 10)
[2024-08-13 12:48:59,135][flwr][INFO] - aggregate_fit: received 10 results and 0 failures
[2024-08-13 12:49:01,230][flwr][INFO] - fit progress: (6, 0.9541730799622974, {'accuracy': 0.7664, 'precision': 0.7887560805758576, 'recall': 0.7664, 'f1': 0.7659676288088857, 'confusion_matrix': array([[842,  68,   1,   4,   3,   9,  35,   8,  10,   0],
       [  0, 973, 111,   4,   1,   3,   6,   1,  36,   0],
       [  8,  18, 770,  73,  35,   0,  21,  32,  73,   2],
       [  2,  24,  13, 727,  63,  26,  16,  14, 119,   6],
       [ 11,   5,   1,   0, 868,   8,  18,  32,  29,  10],
       [ 18,  80,   7,  57,  33, 507,  57,  21, 109,   3],
       [ 12,  16,  24,   0,  18,   5, 824,  57,   2,   0],
       [ 17,  23,  30,   1,  29,   0,   0, 777, 146,   5],
       [ 12,  25,  15,  33,  46,  14,  22,   4, 798,   5],
       [ 60,   4,   3,   2, 158,  13,   1,  73, 117, 578]], dtype=int64)}, 54.3859924999997)
[2024-08-13 12:49:01,231][flwr][INFO] - configure_evaluate: no clients selected, skipping evaluation
[2024-08-13 12:49:01,231][flwr][INFO] - 
[2024-08-13 12:49:01,231][flwr][INFO] - [ROUND 7]
[2024-08-13 12:49:01,231][flwr][INFO] - configure_fit: strategy sampled 10 clients (out of 10)
[2024-08-13 12:49:07,928][flwr][INFO] - aggregate_fit: received 10 results and 0 failures
[2024-08-13 12:49:10,023][flwr][INFO] - fit progress: (7, 0.9552426761876325, {'accuracy': 0.733, 'precision': 0.7660121690981668, 'recall': 0.733, 'f1': 0.7214623800125254, 'confusion_matrix': array([[828,  80,   1,   4,   1,  14,  32,  15,   0,   5],
       [  0, 991, 109,  12,   1,   3,   6,   2,   0,  11],
       [ 10,  21, 745, 134,  10,   4,  21,  41,  20,  26],
       [  3,  14,   8, 828,   5,  39,  11,  18,   7,  77],
       [  8,   5,   2,   0, 607,  54,  18,  50,   2, 236],
       [ 15,  67,  10,  86,   8, 584,  49,  28,   6,  39],
       [ 11,  15,  23,   0,   7,   6, 819,  76,   0,   1],
       [ 13,  24,  36,   4,  12,   2,   0, 841,   7,  89],
       [ 17,  51,  20, 130,  10,  43,  29,  11, 197, 466],
       [ 33,   4,   3,   5,  21,  16,   1,  35,   1, 890]], dtype=int64)}, 63.17931680000038)
[2024-08-13 12:49:10,024][flwr][INFO] - configure_evaluate: no clients selected, skipping evaluation
[2024-08-13 12:49:10,024][flwr][INFO] - 
[2024-08-13 12:49:10,024][flwr][INFO] - [ROUND 8]
[2024-08-13 12:49:10,025][flwr][INFO] - configure_fit: strategy sampled 10 clients (out of 10)
[2024-08-13 12:49:16,959][flwr][INFO] - aggregate_fit: received 10 results and 0 failures
[2024-08-13 12:49:19,050][flwr][INFO] - fit progress: (8, 0.9311343860329716, {'accuracy': 0.7829, 'precision': 0.7949150846696479, 'recall': 0.7829, 'f1': 0.7819878845338232, 'confusion_matrix': array([[831,  81,   1,   3,   1,   9,  34,  12,   8,   0],
       [  0, 976, 110,   6,   2,   4,   7,   1,  29,   0],
       [  9,  18, 795,  63,  29,   1,  21,  33,  62,   1],
       [  4,  20,  11, 766,  41,  33,  18,  14,  96,   7],
       [ 12,   4,   2,   0, 859,  19,  19,  35,  20,  12],
       [ 19,  67,   6,  59,  19, 562,  58,  21,  78,   3],
       [ 11,  15,  20,   0,  18,   5, 829,  59,   1,   0],
       [ 18,  22,  35,   3,  23,   1,   1, 820, 100,   5],
       [ 16,  24,  20,  39,  36,  25,  25,   4, 779,   6],
       [ 72,   5,   3,   3, 132,  24,   1,  78,  79, 612]], dtype=int64)}, 72.20572589999938)
[2024-08-13 12:49:19,051][flwr][INFO] - configure_evaluate: no clients selected, skipping evaluation
[2024-08-13 12:49:19,051][flwr][INFO] - 
[2024-08-13 12:49:19,051][flwr][INFO] - [ROUND 9]
[2024-08-13 12:49:19,051][flwr][INFO] - configure_fit: strategy sampled 10 clients (out of 10)
[2024-08-13 12:49:25,924][flwr][INFO] - aggregate_fit: received 10 results and 0 failures
[2024-08-13 12:49:28,224][flwr][INFO] - fit progress: (9, 0.9101766107594376, {'accuracy': 0.7676, 'precision': 0.785405169161663, 'recall': 0.7676, 'f1': 0.7636874472231436, 'confusion_matrix': array([[ 834,   75,    1,    5,    1,   10,   36,   12,    3,    3],
       [   0, 1003,   93,   13,    1,    3,    9,    1,    3,    9],
       [  10,   21,  771,  105,   13,    2,   21,   39,   28,   22],
       [   3,   14,    8,  835,    9,   34,   15,   16,   13,   63],
       [   7,    5,    3,    0,  705,   26,   17,   36,    3,  180],
       [  16,   65,    9,   82,   12,  575,   57,   26,   12,   38],
       [  11,   15,   19,    0,   10,    5,  836,   61,    0,    1],
       [  13,   26,   36,    4,   17,    2,    1,  834,   22,   73],
       [  18,   43,   19,   97,   15,   34,   31,   11,  398,  308],
       [  36,    5,    3,    6,   27,   12,    1,   32,    2,  885]],
      dtype=int64)}, 81.38029400000232)
[2024-08-13 12:49:28,225][flwr][INFO] - configure_evaluate: no clients selected, skipping evaluation
[2024-08-13 12:49:28,225][flwr][INFO] - 
[2024-08-13 12:49:28,225][flwr][INFO] - [ROUND 10]
[2024-08-13 12:49:28,225][flwr][INFO] - configure_fit: strategy sampled 10 clients (out of 10)
[2024-08-13 12:49:35,065][flwr][INFO] - aggregate_fit: received 10 results and 0 failures
[2024-08-13 12:49:37,154][flwr][INFO] - fit progress: (10, 0.9142514114160758, {'accuracy': 0.7844, 'precision': 0.8014348754073569, 'recall': 0.7844, 'f1': 0.7834591528510652, 'confusion_matrix': array([[826,  85,   2,   2,   1,  13,  30,  12,   9,   0],
       [  0, 987,  91,   8,   1,   4,   7,   1,  36,   0],
       [  8,  18, 805,  50,  32,   2,  18,  32,  67,   0],
       [  2,  18,  12, 750,  46,  37,  18,  14, 108,   5],
       [  9,   4,   2,   0, 873,  19,  18,  26,  23,   8],
       [ 17,  57,   6,  45,  19, 579,  55,  21,  91,   2],
       [ 12,  14,  18,   0,  18,   6, 826,  63,   1,   0],
       [ 17,  22,  33,   1,  27,   1,   1, 815, 110,   1],
       [ 13,  16,  20,  24,  34,  24,  22,   4, 815,   2],
       [ 79,   5,   3,   3, 144,  30,   1,  81,  95, 568]], dtype=int64)}, 90.3101913999999)
[2024-08-13 12:49:37,155][flwr][INFO] - configure_evaluate: no clients selected, skipping evaluation
[2024-08-13 12:49:37,155][flwr][INFO] - 
[2024-08-13 12:49:37,155][flwr][INFO] - [SUMMARY]
[2024-08-13 12:49:37,155][flwr][INFO] - Run finished 10 round(s) in 90.31s
[2024-08-13 12:49:37,163][flwr][INFO] - 	History (loss, centralized):
[2024-08-13 12:49:37,163][flwr][INFO] - 		round 0: 2.3025850929940455
[2024-08-13 12:49:37,163][flwr][INFO] - 		round 1: 1.1492805106396482
[2024-08-13 12:49:37,164][flwr][INFO] - 		round 2: 0.9424071014251425
[2024-08-13 12:49:37,164][flwr][INFO] - 		round 3: 0.9395426299422331
[2024-08-13 12:49:37,164][flwr][INFO] - 		round 4: 0.9766579736318894
[2024-08-13 12:49:37,164][flwr][INFO] - 		round 5: 0.9425022353557834
[2024-08-13 12:49:37,164][flwr][INFO] - 		round 6: 0.9541730799622974
[2024-08-13 12:49:37,164][flwr][INFO] - 		round 7: 0.9552426761876325
[2024-08-13 12:49:37,164][flwr][INFO] - 		round 8: 0.9311343860329716
[2024-08-13 12:49:37,164][flwr][INFO] - 		round 9: 0.9101766107594376
[2024-08-13 12:49:37,164][flwr][INFO] - 		round 10: 0.9142514114160758
[2024-08-13 12:49:37,164][flwr][INFO] - 	History (metrics, centralized):
[2024-08-13 12:49:37,164][flwr][INFO] - 	{'accuracy': [(0, 0.098),
[2024-08-13 12:49:37,164][flwr][INFO] - 	              (1, 0.6203),
[2024-08-13 12:49:37,164][flwr][INFO] - 	              (2, 0.7238),
[2024-08-13 12:49:37,164][flwr][INFO] - 	              (3, 0.7393),
[2024-08-13 12:49:37,164][flwr][INFO] - 	              (4, 0.7194),
[2024-08-13 12:49:37,164][flwr][INFO] - 	              (5, 0.7617),
[2024-08-13 12:49:37,164][flwr][INFO] - 	              (6, 0.7664),
[2024-08-13 12:49:37,165][flwr][INFO] - 	              (7, 0.733),
[2024-08-13 12:49:37,165][flwr][INFO] - 	              (8, 0.7829),
[2024-08-13 12:49:37,165][flwr][INFO] - 	              (9, 0.7676),
[2024-08-13 12:49:37,165][flwr][INFO] - 	              (10, 0.7844)],
[2024-08-13 12:49:37,165][flwr][INFO] - 	 'confusion_matrix': [(0,
[2024-08-13 12:49:37,165][flwr][INFO] - 	                       array([[ 980,    0,    0,    0,    0,    0,    0,    0,    0,    0],
[2024-08-13 12:49:37,165][flwr][INFO] - 	       [1135,    0,    0,    0,    0,    0,    0,    0,    0,    0],
[2024-08-13 12:49:37,165][flwr][INFO] - 	       [1032,    0,    0,    0,    0,    0,    0,    0,    0,    0],
[2024-08-13 12:49:37,165][flwr][INFO] - 	       [1010,    0,    0,    0,    0,    0,    0,    0,    0,    0],
[2024-08-13 12:49:37,165][flwr][INFO] - 	       [ 982,    0,    0,    0,    0,    0,    0,    0,    0,    0],
[2024-08-13 12:49:37,165][flwr][INFO] - 	       [ 892,    0,    0,    0,    0,    0,    0,    0,    0,    0],
[2024-08-13 12:49:37,165][flwr][INFO] - 	       [ 958,    0,    0,    0,    0,    0,    0,    0,    0,    0],
[2024-08-13 12:49:37,165][flwr][INFO] - 	       [1028,    0,    0,    0,    0,    0,    0,    0,    0,    0],
[2024-08-13 12:49:37,165][flwr][INFO] - 	       [ 974,    0,    0,    0,    0,    0,    0,    0,    0,    0],
[2024-08-13 12:49:37,165][flwr][INFO] - 	       [1009,    0,    0,    0,    0,    0,    0,    0,    0,    0]],
[2024-08-13 12:49:37,166][flwr][INFO] - 	      dtype=int64)),
[2024-08-13 12:49:37,166][flwr][INFO] - 	                      (1,
[2024-08-13 12:49:37,166][flwr][INFO] - 	                       array([[961,   0,   2,   4,   0,   0,   5,   1,   6,   1],
[2024-08-13 12:49:37,166][flwr][INFO] - 	       [  0, 809, 271,   8,   0,   0,   4,   1,  10,  32],
[2024-08-13 12:49:37,166][flwr][INFO] - 	       [ 95,   1, 605, 223,   2,   0,  18,  16,  41,  31],
[2024-08-13 12:49:37,166][flwr][INFO] - 	       [ 35,   2,  11, 853,   1,   0,   7,   9,  30,  62],
[2024-08-13 12:49:37,166][flwr][INFO] - 	       [ 80,   4,   6,   1, 197,   0,  14,  22,   9, 649],
[2024-08-13 12:49:37,166][flwr][INFO] - 	       [335,  48,  36, 199,   5,   2,  29,  14, 101, 123],
[2024-08-13 12:49:37,166][flwr][INFO] - 	       [139,   7,  38,   4,   3,   0, 749,  12,   2,   4],
[2024-08-13 12:49:37,166][flwr][INFO] - 	       [ 57,  14,  32,   2,   1,   0,   1, 670, 132, 119],
[2024-08-13 12:49:37,166][flwr][INFO] - 	       [ 86,   5,  25, 185,   2,   0,   9,   3, 487, 172],
[2024-08-13 12:49:37,166][flwr][INFO] - 	       [ 86,   3,   1,   8,  10,   0,   0,   9,  22, 870]], dtype=int64)),
[2024-08-13 12:49:37,166][flwr][INFO] - 	                      (2,
[2024-08-13 12:49:37,166][flwr][INFO] - 	                       array([[891,   3,   3,   3,   3,   5,  55,   8,   9,   0],
[2024-08-13 12:49:37,166][flwr][INFO] - 	       [  0, 938, 167,   3,   2,   2,   5,   2,  16,   0],
[2024-08-13 12:49:37,166][flwr][INFO] - 	       [ 21,  10, 769,  89,  29,   0,  28,  41,  44,   1],
[2024-08-13 12:49:37,166][flwr][INFO] - 	       [  3,  11,  22, 776,  59,  11,  15,  21,  91,   1],
[2024-08-13 12:49:37,167][flwr][INFO] - 	       [  9,   4,   5,   0, 818,   4,  24,  90,  24,   4],
[2024-08-13 12:49:37,167][flwr][INFO] - 	       [ 29,  86,  20, 131,  56, 399,  58,  33,  80,   0],
[2024-08-13 12:49:37,167][flwr][INFO] - 	       [ 18,  14,  30,   0,  16,   3, 833,  42,   2,   0],
[2024-08-13 12:49:37,167][flwr][INFO] - 	       [  9,  24,  36,   0,  21,   0,   1, 857,  80,   0],
[2024-08-13 12:49:37,167][flwr][INFO] - 	       [ 17,  34,  23,  88,  62,  12,  31,  13, 690,   4],
[2024-08-13 12:49:37,167][flwr][INFO] - 	       [ 30,   7,   2,   3, 337,   6,   1, 257,  99, 267]], dtype=int64)),
[2024-08-13 12:49:37,167][flwr][INFO] - 	                      (3,
[2024-08-13 12:49:37,167][flwr][INFO] - 	                       array([[885,   6,   2,   8,   0,  18,  45,   5,   4,   7],
[2024-08-13 12:49:37,167][flwr][INFO] - 	       [  0, 981, 124,   3,   0,   4,   4,   1,   1,  17],
[2024-08-13 12:49:37,167][flwr][INFO] - 	       [ 17,  19, 755, 113,   8,   3,  23,  32,  35,  27],
[2024-08-13 12:49:37,167][flwr][INFO] - 	       [  1,  16,  13, 799,   6,  40,  12,  13,  22,  88],
[2024-08-13 12:49:37,167][flwr][INFO] - 	       [  9,   4,   5,   0, 518,  59,  18,  33,   5, 331],
[2024-08-13 12:49:37,167][flwr][INFO] - 	       [ 15,  90,  15,  99,   7, 541,  43,  20,  20,  42],
[2024-08-13 12:49:37,167][flwr][INFO] - 	       [ 17,  18,  34,   1,   9,   8, 830,  38,   0,   3],
[2024-08-13 12:49:37,167][flwr][INFO] - 	       [ 14,  29,  34,   1,  12,   0,   1, 776,  54, 107],
[2024-08-13 12:49:37,167][flwr][INFO] - 	       [ 10,  51,  20, 107,   8,  43,  23,   7, 413, 292],
[2024-08-13 12:49:37,167][flwr][INFO] - 	       [ 26,   5,   3,   5,  26,  20,   1,  23,   5, 895]], dtype=int64)),
[2024-08-13 12:49:37,168][flwr][INFO] - 	                      (4,
[2024-08-13 12:49:37,168][flwr][INFO] - 	                       array([[873,  20,   1,   8,   6,   6,  34,  17,  15,   0],
[2024-08-13 12:49:37,168][flwr][INFO] - 	       [  0, 958, 134,   3,   2,   3,   4,   2,  29,   0],
[2024-08-13 12:49:37,168][flwr][INFO] - 	       [ 11,  16, 757,  88,  39,   0,  19,  40,  62,   0],
[2024-08-13 12:49:37,168][flwr][INFO] - 	       [  0,  17,  15, 760,  61,  19,  10,  18, 110,   0],
[2024-08-13 12:49:37,168][flwr][INFO] - 	       [  5,   4,   2,   0, 868,   5,  18,  53,  26,   1],
[2024-08-13 12:49:37,168][flwr][INFO] - 	       [ 16,  86,  13,  79,  45, 482,  51,  28,  92,   0],
[2024-08-13 12:49:37,168][flwr][INFO] - 	       [ 13,  16,  28,   0,  22,   4, 801,  72,   2,   0],
[2024-08-13 12:49:37,168][flwr][INFO] - 	       [ 12,  23,  31,   1,  24,   0,   0, 827, 110,   0],
[2024-08-13 12:49:37,168][flwr][INFO] - 	       [  7,  29,  18,  50,  60,  14,  19,   6, 771,   0],
[2024-08-13 12:49:37,168][flwr][INFO] - 	       [ 33,   5,   3,   2, 450,  21,   1, 202, 195,  97]], dtype=int64)),
[2024-08-13 12:49:37,168][flwr][INFO] - 	                      (5,
[2024-08-13 12:49:37,168][flwr][INFO] - 	                       array([[866,  34,   2,   9,   0,  13,  38,  12,   6,   0],
[2024-08-13 12:49:37,168][flwr][INFO] - 	       [  0, 971, 135,   5,   1,   5,   6,   2,   0,  10],
[2024-08-13 12:49:37,168][flwr][INFO] - 	       [ 10,  23, 760, 117,  14,   3,  20,  38,  32,  15],
[2024-08-13 12:49:37,168][flwr][INFO] - 	       [  3,  18,  12, 821,   8,  37,  12,  18,  22,  59],
[2024-08-13 12:49:37,168][flwr][INFO] - 	       [  9,   5,   4,   0, 675,  66,  21,  60,   5, 137],
[2024-08-13 12:49:37,168][flwr][INFO] - 	       [ 15,  84,  13,  90,  10, 562,  51,  25,  19,  23],
[2024-08-13 12:49:37,169][flwr][INFO] - 	       [ 12,  17,  26,   0,   8,   6, 829,  59,   0,   1],
[2024-08-13 12:49:37,169][flwr][INFO] - 	       [ 14,  28,  39,   2,  14,   0,   2, 840,  40,  49],
[2024-08-13 12:49:37,169][flwr][INFO] - 	       [ 14,  53,  23, 120,  14,  43,  31,  11, 460, 205],
[2024-08-13 12:49:37,169][flwr][INFO] - 	       [ 36,   6,   3,   5,  36,  21,   2,  58,   9, 833]], dtype=int64)),
[2024-08-13 12:49:37,169][flwr][INFO] - 	                      (6,
[2024-08-13 12:49:37,169][flwr][INFO] - 	                       array([[842,  68,   1,   4,   3,   9,  35,   8,  10,   0],
[2024-08-13 12:49:37,169][flwr][INFO] - 	       [  0, 973, 111,   4,   1,   3,   6,   1,  36,   0],
[2024-08-13 12:49:37,169][flwr][INFO] - 	       [  8,  18, 770,  73,  35,   0,  21,  32,  73,   2],
[2024-08-13 12:49:37,169][flwr][INFO] - 	       [  2,  24,  13, 727,  63,  26,  16,  14, 119,   6],
[2024-08-13 12:49:37,169][flwr][INFO] - 	       [ 11,   5,   1,   0, 868,   8,  18,  32,  29,  10],
[2024-08-13 12:49:37,169][flwr][INFO] - 	       [ 18,  80,   7,  57,  33, 507,  57,  21, 109,   3],
[2024-08-13 12:49:37,169][flwr][INFO] - 	       [ 12,  16,  24,   0,  18,   5, 824,  57,   2,   0],
[2024-08-13 12:49:37,169][flwr][INFO] - 	       [ 17,  23,  30,   1,  29,   0,   0, 777, 146,   5],
[2024-08-13 12:49:37,169][flwr][INFO] - 	       [ 12,  25,  15,  33,  46,  14,  22,   4, 798,   5],
[2024-08-13 12:49:37,169][flwr][INFO] - 	       [ 60,   4,   3,   2, 158,  13,   1,  73, 117, 578]], dtype=int64)),
[2024-08-13 12:49:37,169][flwr][INFO] - 	                      (7,
[2024-08-13 12:49:37,169][flwr][INFO] - 	                       array([[828,  80,   1,   4,   1,  14,  32,  15,   0,   5],
[2024-08-13 12:49:37,170][flwr][INFO] - 	       [  0, 991, 109,  12,   1,   3,   6,   2,   0,  11],
[2024-08-13 12:49:37,170][flwr][INFO] - 	       [ 10,  21, 745, 134,  10,   4,  21,  41,  20,  26],
[2024-08-13 12:49:37,170][flwr][INFO] - 	       [  3,  14,   8, 828,   5,  39,  11,  18,   7,  77],
[2024-08-13 12:49:37,170][flwr][INFO] - 	       [  8,   5,   2,   0, 607,  54,  18,  50,   2, 236],
[2024-08-13 12:49:37,170][flwr][INFO] - 	       [ 15,  67,  10,  86,   8, 584,  49,  28,   6,  39],
[2024-08-13 12:49:37,170][flwr][INFO] - 	       [ 11,  15,  23,   0,   7,   6, 819,  76,   0,   1],
[2024-08-13 12:49:37,170][flwr][INFO] - 	       [ 13,  24,  36,   4,  12,   2,   0, 841,   7,  89],
[2024-08-13 12:49:37,170][flwr][INFO] - 	       [ 17,  51,  20, 130,  10,  43,  29,  11, 197, 466],
[2024-08-13 12:49:37,170][flwr][INFO] - 	       [ 33,   4,   3,   5,  21,  16,   1,  35,   1, 890]], dtype=int64)),
[2024-08-13 12:49:37,170][flwr][INFO] - 	                      (8,
[2024-08-13 12:49:37,170][flwr][INFO] - 	                       array([[831,  81,   1,   3,   1,   9,  34,  12,   8,   0],
[2024-08-13 12:49:37,170][flwr][INFO] - 	       [  0, 976, 110,   6,   2,   4,   7,   1,  29,   0],
[2024-08-13 12:49:37,170][flwr][INFO] - 	       [  9,  18, 795,  63,  29,   1,  21,  33,  62,   1],
[2024-08-13 12:49:37,170][flwr][INFO] - 	       [  4,  20,  11, 766,  41,  33,  18,  14,  96,   7],
[2024-08-13 12:49:37,170][flwr][INFO] - 	       [ 12,   4,   2,   0, 859,  19,  19,  35,  20,  12],
[2024-08-13 12:49:37,170][flwr][INFO] - 	       [ 19,  67,   6,  59,  19, 562,  58,  21,  78,   3],
[2024-08-13 12:49:37,170][flwr][INFO] - 	       [ 11,  15,  20,   0,  18,   5, 829,  59,   1,   0],
[2024-08-13 12:49:37,171][flwr][INFO] - 	       [ 18,  22,  35,   3,  23,   1,   1, 820, 100,   5],
[2024-08-13 12:49:37,171][flwr][INFO] - 	       [ 16,  24,  20,  39,  36,  25,  25,   4, 779,   6],
[2024-08-13 12:49:37,171][flwr][INFO] - 	       [ 72,   5,   3,   3, 132,  24,   1,  78,  79, 612]], dtype=int64)),
[2024-08-13 12:49:37,171][flwr][INFO] - 	                      (9,
[2024-08-13 12:49:37,171][flwr][INFO] - 	                       array([[ 834,   75,    1,    5,    1,   10,   36,   12,    3,    3],
[2024-08-13 12:49:37,171][flwr][INFO] - 	       [   0, 1003,   93,   13,    1,    3,    9,    1,    3,    9],
[2024-08-13 12:49:37,171][flwr][INFO] - 	       [  10,   21,  771,  105,   13,    2,   21,   39,   28,   22],
[2024-08-13 12:49:37,171][flwr][INFO] - 	       [   3,   14,    8,  835,    9,   34,   15,   16,   13,   63],
[2024-08-13 12:49:37,171][flwr][INFO] - 	       [   7,    5,    3,    0,  705,   26,   17,   36,    3,  180],
[2024-08-13 12:49:37,171][flwr][INFO] - 	       [  16,   65,    9,   82,   12,  575,   57,   26,   12,   38],
[2024-08-13 12:49:37,171][flwr][INFO] - 	       [  11,   15,   19,    0,   10,    5,  836,   61,    0,    1],
[2024-08-13 12:49:37,171][flwr][INFO] - 	       [  13,   26,   36,    4,   17,    2,    1,  834,   22,   73],
[2024-08-13 12:49:37,171][flwr][INFO] - 	       [  18,   43,   19,   97,   15,   34,   31,   11,  398,  308],
[2024-08-13 12:49:37,171][flwr][INFO] - 	       [  36,    5,    3,    6,   27,   12,    1,   32,    2,  885]],
[2024-08-13 12:49:37,171][flwr][INFO] - 	      dtype=int64)),
[2024-08-13 12:49:37,171][flwr][INFO] - 	                      (10,
[2024-08-13 12:49:37,171][flwr][INFO] - 	                       array([[826,  85,   2,   2,   1,  13,  30,  12,   9,   0],
[2024-08-13 12:49:37,172][flwr][INFO] - 	       [  0, 987,  91,   8,   1,   4,   7,   1,  36,   0],
[2024-08-13 12:49:37,172][flwr][INFO] - 	       [  8,  18, 805,  50,  32,   2,  18,  32,  67,   0],
[2024-08-13 12:49:37,172][flwr][INFO] - 	       [  2,  18,  12, 750,  46,  37,  18,  14, 108,   5],
[2024-08-13 12:49:37,172][flwr][INFO] - 	       [  9,   4,   2,   0, 873,  19,  18,  26,  23,   8],
[2024-08-13 12:49:37,172][flwr][INFO] - 	       [ 17,  57,   6,  45,  19, 579,  55,  21,  91,   2],
[2024-08-13 12:49:37,172][flwr][INFO] - 	       [ 12,  14,  18,   0,  18,   6, 826,  63,   1,   0],
[2024-08-13 12:49:37,172][flwr][INFO] - 	       [ 17,  22,  33,   1,  27,   1,   1, 815, 110,   1],
[2024-08-13 12:49:37,172][flwr][INFO] - 	       [ 13,  16,  20,  24,  34,  24,  22,   4, 815,   2],
[2024-08-13 12:49:37,172][flwr][INFO] - 	       [ 79,   5,   3,   3, 144,  30,   1,  81,  95, 568]], dtype=int64))],
[2024-08-13 12:49:37,172][flwr][INFO] - 	 'f1': [(0, 0.017493624772313296),
[2024-08-13 12:49:37,172][flwr][INFO] - 	        (1, 0.5853774779250528),
[2024-08-13 12:49:37,172][flwr][INFO] - 	        (2, 0.7102318974517954),
[2024-08-13 12:49:37,172][flwr][INFO] - 	        (3, 0.7365516506229278),
[2024-08-13 12:49:37,172][flwr][INFO] - 	        (4, 0.6964756836349565),
[2024-08-13 12:49:37,172][flwr][INFO] - 	        (5, 0.758141084733522),
[2024-08-13 12:49:37,172][flwr][INFO] - 	        (6, 0.7659676288088857),
[2024-08-13 12:49:37,172][flwr][INFO] - 	        (7, 0.7214623800125254),
[2024-08-13 12:49:37,173][flwr][INFO] - 	        (8, 0.7819878845338232),
[2024-08-13 12:49:37,173][flwr][INFO] - 	        (9, 0.7636874472231436),
[2024-08-13 12:49:37,173][flwr][INFO] - 	        (10, 0.7834591528510652)],
[2024-08-13 12:49:37,173][flwr][INFO] - 	 'precision': [(0, 0.009604000000000001),
[2024-08-13 12:49:37,173][flwr][INFO] - 	               (1, 0.7243822497632684),
[2024-08-13 12:49:37,173][flwr][INFO] - 	               (2, 0.7593125196860081),
[2024-08-13 12:49:37,173][flwr][INFO] - 	               (3, 0.7639059489337622),
[2024-08-13 12:49:37,173][flwr][INFO] - 	               (4, 0.7683426499197727),
[2024-08-13 12:49:37,173][flwr][INFO] - 	               (5, 0.7690087535991627),
[2024-08-13 12:49:37,173][flwr][INFO] - 	               (6, 0.7887560805758576),
[2024-08-13 12:49:37,173][flwr][INFO] - 	               (7, 0.7660121690981668),
[2024-08-13 12:49:37,173][flwr][INFO] - 	               (8, 0.7949150846696479),
[2024-08-13 12:49:37,173][flwr][INFO] - 	               (9, 0.785405169161663),
[2024-08-13 12:49:37,173][flwr][INFO] - 	               (10, 0.8014348754073569)],
[2024-08-13 12:49:37,173][flwr][INFO] - 	 'recall': [(0, 0.098),
[2024-08-13 12:49:37,173][flwr][INFO] - 	            (1, 0.6203),
[2024-08-13 12:49:37,173][flwr][INFO] - 	            (2, 0.7238),
[2024-08-13 12:49:37,174][flwr][INFO] - 	            (3, 0.7393),
[2024-08-13 12:49:37,174][flwr][INFO] - 	            (4, 0.7194),
[2024-08-13 12:49:37,174][flwr][INFO] - 	            (5, 0.7617),
[2024-08-13 12:49:37,174][flwr][INFO] - 	            (6, 0.7664),
[2024-08-13 12:49:37,174][flwr][INFO] - 	            (7, 0.733),
[2024-08-13 12:49:37,174][flwr][INFO] - 	            (8, 0.7829),
[2024-08-13 12:49:37,174][flwr][INFO] - 	            (9, 0.7676),
[2024-08-13 12:49:37,174][flwr][INFO] - 	            (10, 0.7844)]}
[2024-08-13 12:49:37,174][flwr][INFO] - 
