[2024-08-13 10:44:36,448][flwr][INFO] - Starting Flower simulation, config: num_rounds=10, no round_timeout
[2024-08-13 10:44:40,482][flwr][INFO] - Flower VCE: Ray initialized with resources: {'memory': 5074754766.0, 'object_store_memory': 2537377382.0, 'node:127.0.0.1': 1.0, 'CPU': 16.0, 'GPU': 1.0, 'accelerator_type:G': 1.0, 'node:__internal_head__': 1.0}
[2024-08-13 10:44:40,483][flwr][INFO] - Optimize your simulation with Flower VCE: https://flower.ai/docs/framework/how-to-run-simulations.html
[2024-08-13 10:44:40,483][flwr][INFO] - Flower VCE: Resources for each Virtual Client: {'num_cpus': 2, 'num_gpus': 0.5}
[2024-08-13 10:44:40,494][flwr][INFO] - Flower VCE: Creating VirtualClientEngineActorPool with 2 actors
[2024-08-13 10:44:40,495][flwr][INFO] - [INIT]
[2024-08-13 10:44:40,495][flwr][INFO] - Requesting initial parameters from one random client
[2024-08-13 10:44:48,068][flwr][INFO] - Received initial parameters from one random client
[2024-08-13 10:44:48,069][flwr][INFO] - Evaluating initial global parameters
[2024-08-13 10:44:50,347][flwr][INFO] - initial parameters (loss, other metrics): 2.3025850929940455, {'accuracy': 0.098, 'precision': 0.009604000000000001, 'recall': 0.098, 'f1': 0.017493624772313296, 'confusion_matrix': array([[ 980,    0,    0,    0,    0,    0,    0,    0,    0,    0],
       [1135,    0,    0,    0,    0,    0,    0,    0,    0,    0],
       [1032,    0,    0,    0,    0,    0,    0,    0,    0,    0],
       [1010,    0,    0,    0,    0,    0,    0,    0,    0,    0],
       [ 982,    0,    0,    0,    0,    0,    0,    0,    0,    0],
       [ 892,    0,    0,    0,    0,    0,    0,    0,    0,    0],
       [ 958,    0,    0,    0,    0,    0,    0,    0,    0,    0],
       [1028,    0,    0,    0,    0,    0,    0,    0,    0,    0],
       [ 974,    0,    0,    0,    0,    0,    0,    0,    0,    0],
       [1009,    0,    0,    0,    0,    0,    0,    0,    0,    0]],
      dtype=int64)}
[2024-08-13 10:44:50,348][flwr][INFO] - 
[2024-08-13 10:44:50,348][flwr][INFO] - [ROUND 1]
[2024-08-13 10:44:50,349][flwr][INFO] - configure_fit: strategy sampled 10 clients (out of 10)
[2024-08-13 10:44:58,975][flwr][INFO] - aggregate_fit: received 10 results and 0 failures
[2024-08-13 10:44:58,978][flwr][WARNING] - No fit_metrics_aggregation_fn provided
[2024-08-13 10:45:01,057][flwr][INFO] - fit progress: (1, 0.9103925599213913, {'accuracy': 0.7267, 'precision': 0.7882825125691203, 'recall': 0.7267, 'f1': 0.693463849811962, 'confusion_matrix': array([[ 955,    0,    1,    5,    0,    0,    7,    1,   11,    0],
       [   0, 1073,    3,    9,    0,    0,    4,    1,   45,    0],
       [  84,   46,  658,  103,    7,    0,   30,   16,   77,   11],
       [  28,   14,    9,  865,    0,    0,    9,   11,   63,   11],
       [  32,   13,    1,    2,  476,    0,   37,    4,   49,  368],
       [ 220,   71,    0,  275,    4,    4,   29,   22,  213,   54],
       [  93,   20,   10,    4,    4,    0,  812,    1,   14,    0],
       [  31,   49,   10,    4,    3,    0,    1,  824,   58,   48],
       [  43,   16,    3,  116,    1,    0,   13,    8,  754,   20],
       [  48,   19,    2,   13,   10,    0,    4,   24,   43,  846]],
      dtype=int64)}, 10.709046000003582)
[2024-08-13 10:45:01,058][flwr][INFO] - configure_evaluate: no clients selected, skipping evaluation
[2024-08-13 10:45:01,058][flwr][INFO] - 
[2024-08-13 10:45:01,058][flwr][INFO] - [ROUND 2]
[2024-08-13 10:45:01,058][flwr][INFO] - configure_fit: strategy sampled 10 clients (out of 10)
[2024-08-13 10:45:07,657][flwr][INFO] - aggregate_fit: received 10 results and 0 failures
[2024-08-13 10:45:09,749][flwr][INFO] - fit progress: (2, 0.7758774917859254, {'accuracy': 0.8181, 'precision': 0.8235333317458888, 'recall': 0.8181, 'f1': 0.8141044701009487, 'confusion_matrix': array([[ 909,    0,    7,    3,    0,   11,   43,    1,    6,    0],
       [   0, 1076,   42,    3,    1,    4,    5,    1,    3,    0],
       [  21,   23,  861,   30,   28,    0,   21,   23,   23,    2],
       [   5,   12,   33,  858,    3,   24,   11,   20,   18,   26],
       [   6,    9,    5,    0,  890,    0,   24,    1,    3,   44],
       [  32,   58,   19,  138,   33,  518,   42,   26,    7,   19],
       [  24,   17,   26,    0,   22,   15,  853,    1,    0,    0],
       [   7,   41,   43,    0,   17,    0,    3,  888,    5,   24],
       [  20,   39,   39,  114,   26,   22,   22,   16,  631,   45],
       [  25,   16,    6,    8,  179,    8,    2,   61,    7,  697]],
      dtype=int64)}, 19.400634799996624)
[2024-08-13 10:45:09,750][flwr][INFO] - configure_evaluate: no clients selected, skipping evaluation
[2024-08-13 10:45:09,750][flwr][INFO] - 
[2024-08-13 10:45:09,750][flwr][INFO] - [ROUND 3]
[2024-08-13 10:45:09,750][flwr][INFO] - configure_fit: strategy sampled 10 clients (out of 10)
[2024-08-13 10:45:16,137][flwr][INFO] - aggregate_fit: received 10 results and 0 failures
[2024-08-13 10:45:18,221][flwr][INFO] - fit progress: (3, 0.7750180451633977, {'accuracy': 0.8203, 'precision': 0.8399251867089693, 'recall': 0.8203, 'f1': 0.821641668035688, 'confusion_matrix': array([[ 896,    0,    1,    1,    0,   20,   30,    1,   31,    0],
       [   0, 1053,    3,    4,    1,    2,    4,    0,   68,    0],
       [  17,   20,  749,   55,   14,    2,   26,   24,  107,   18],
       [   5,    8,    9,  785,    0,   44,    8,   14,  120,   17],
       [   7,    6,    2,    0,  654,    2,   28,    3,   38,  242],
       [  17,   49,    2,   74,    7,  605,   28,   13,   75,   22],
       [  18,   13,   16,    1,    9,   19,  870,    2,   10,    0],
       [   6,   31,   12,    1,    9,    0,    2,  830,   79,   58],
       [   5,    5,    4,   25,    3,   19,   12,    6,  877,   18],
       [  14,    7,    4,    5,   16,    7,    3,   16,   53,  884]],
      dtype=int64)}, 27.873558100007358)
[2024-08-13 10:45:18,222][flwr][INFO] - configure_evaluate: no clients selected, skipping evaluation
[2024-08-13 10:45:18,222][flwr][INFO] - 
[2024-08-13 10:45:18,222][flwr][INFO] - [ROUND 4]
[2024-08-13 10:45:18,223][flwr][INFO] - configure_fit: strategy sampled 10 clients (out of 10)
[2024-08-13 10:45:24,768][flwr][INFO] - aggregate_fit: received 10 results and 0 failures
[2024-08-13 10:45:26,853][flwr][INFO] - fit progress: (4, 0.8099247990109169, {'accuracy': 0.7878, 'precision': 0.8088289189466968, 'recall': 0.7878, 'f1': 0.7719880871376482, 'confusion_matrix': array([[ 924,    1,    4,    7,    5,   13,   25,    1,    0,    0],
       [   0, 1073,   40,   10,    2,    3,    6,    1,    0,    0],
       [  14,   13,  857,   54,   34,    0,   19,   31,    9,    1],
       [   2,    6,   18,  901,    6,   26,    8,   22,    2,   19],
       [   4,    6,    2,    0,  942,    2,   12,    4,    1,    9],
       [  15,   56,    9,  124,   45,  584,   30,   23,    1,    5],
       [  14,   13,   26,    3,   36,   17,  848,    1,    0,    0],
       [   4,   33,   44,    2,   23,    0,    1,  913,    0,    8],
       [  16,   64,   62,  236,   82,  112,   26,   31,  264,   81],
       [  23,   12,    5,    9,  273,   14,    1,  100,    0,  572]],
      dtype=int64)}, 36.50488770000811)
[2024-08-13 10:45:26,853][flwr][INFO] - configure_evaluate: no clients selected, skipping evaluation
[2024-08-13 10:45:26,853][flwr][INFO] - 
[2024-08-13 10:45:26,854][flwr][INFO] - [ROUND 5]
[2024-08-13 10:45:26,854][flwr][INFO] - configure_fit: strategy sampled 10 clients (out of 10)
[2024-08-13 10:45:33,618][flwr][INFO] - aggregate_fit: received 10 results and 0 failures
[2024-08-13 10:45:35,704][flwr][INFO] - fit progress: (5, 0.7813484899771888, {'accuracy': 0.8391, 'precision': 0.8466206879765843, 'recall': 0.8391, 'f1': 0.838770355137417, 'confusion_matrix': array([[ 922,    1,    2,    1,    0,   12,   28,    1,   13,    0],
       [   0, 1072,   24,    3,    1,    2,    5,    1,   26,    1],
       [  16,   13,  812,   43,   11,    1,   29,   26,   60,   21],
       [   4,    8,   14,  798,    3,   44,   17,   14,   67,   41],
       [   5,    5,    2,    0,  724,    0,   30,    3,   17,  196],
       [  14,   53,    5,   61,   11,  623,   41,   13,   45,   26],
       [  15,   14,   19,    1,    9,   14,  880,    5,    1,    0],
       [   7,   30,   31,    1,   12,    0,    1,  844,   38,   64],
       [   9,   19,   12,   32,    8,   19,   18,    6,  808,   43],
       [  21,    7,    3,    5,   20,    6,    2,   18,   19,  908]],
      dtype=int64)}, 45.355849300001864)
[2024-08-13 10:45:35,705][flwr][INFO] - configure_evaluate: no clients selected, skipping evaluation
[2024-08-13 10:45:35,705][flwr][INFO] - 
[2024-08-13 10:45:35,705][flwr][INFO] - [ROUND 6]
[2024-08-13 10:45:35,706][flwr][INFO] - configure_fit: strategy sampled 10 clients (out of 10)
[2024-08-13 10:45:42,276][flwr][INFO] - aggregate_fit: received 10 results and 0 failures
[2024-08-13 10:45:44,367][flwr][INFO] - fit progress: (6, 0.7891713646737497, {'accuracy': 0.7857, 'precision': 0.8235256475488212, 'recall': 0.7857, 'f1': 0.7709189952633919, 'confusion_matrix': array([[ 928,    2,    3,   12,    4,    9,   17,    4,    1,    0],
       [   0, 1085,   28,   10,    2,    2,    5,    2,    1,    0],
       [  13,   21,  830,   65,   36,    0,   17,   35,   15,    0],
       [   2,    9,   11,  908,    6,   28,    8,   24,   11,    3],
       [   2,    5,    1,    0,  946,    2,   12,   11,    2,    1],
       [  13,   59,    7,  114,   46,  599,   24,   24,    4,    2],
       [  14,   17,   22,    2,   41,   15,  839,    8,    0,    0],
       [   4,   34,   38,    4,   26,    0,    1,  918,    2,    1],
       [  16,   60,   20,  165,   74,   44,   17,   25,  549,    4],
       [  24,   12,    4,   11,  509,   17,    1,  172,    4,  255]],
      dtype=int64)}, 54.01865939999698)
[2024-08-13 10:45:44,368][flwr][INFO] - configure_evaluate: no clients selected, skipping evaluation
[2024-08-13 10:45:44,368][flwr][INFO] - 
[2024-08-13 10:45:44,368][flwr][INFO] - [ROUND 7]
[2024-08-13 10:45:44,368][flwr][INFO] - configure_fit: strategy sampled 10 clients (out of 10)
[2024-08-13 10:45:51,065][flwr][INFO] - aggregate_fit: received 10 results and 0 failures
[2024-08-13 10:45:53,192][flwr][INFO] - fit progress: (7, 0.793180469747944, {'accuracy': 0.8159, 'precision': 0.8400135264848375, 'recall': 0.8159, 'f1': 0.8154732864516676, 'confusion_matrix': array([[ 920,    2,    4,    4,    0,   10,   26,    1,   11,    2],
       [   0, 1063,   28,    3,    1,    4,    5,    0,   29,    2],
       [  11,   13,  823,   38,    8,    1,   23,   24,   66,   25],
       [   2,    8,   15,  793,    1,   46,   17,   13,   67,   48],
       [   5,    7,    2,    0,  506,    4,   25,    6,   25,  402],
       [  10,   45,    4,   47,    4,  638,   40,   11,   59,   34],
       [  13,    8,   21,    1,    4,   14,  886,    8,    1,    2],
       [  10,   23,   33,    1,    5,    0,    1,  783,   54,  118],
       [   6,   16,   14,   23,    3,   25,   18,    5,  812,   52],
       [  18,    6,    4,    5,    6,    6,    1,    8,   20,  935]],
      dtype=int64)}, 62.84464989999833)
[2024-08-13 10:45:53,193][flwr][INFO] - configure_evaluate: no clients selected, skipping evaluation
[2024-08-13 10:45:53,193][flwr][INFO] - 
[2024-08-13 10:45:53,193][flwr][INFO] - [ROUND 8]
[2024-08-13 10:45:53,193][flwr][INFO] - configure_fit: strategy sampled 10 clients (out of 10)
[2024-08-13 10:45:59,916][flwr][INFO] - aggregate_fit: received 10 results and 0 failures
[2024-08-13 10:46:02,004][flwr][INFO] - fit progress: (8, 0.8134918065487996, {'accuracy': 0.7909, 'precision': 0.8256022022915193, 'recall': 0.7909, 'f1': 0.7774237020726449, 'confusion_matrix': array([[ 922,    4,    3,    7,    4,    9,   19,    9,    3,    0],
       [   0, 1078,   29,    8,    2,    4,    5,    4,    5,    0],
       [  13,   20,  811,   68,   39,    0,   17,   42,   22,    0],
       [   1,   10,    8,  892,   11,   31,    7,   27,   20,    3],
       [   2,    3,    1,    0,  942,    2,   13,   15,    3,    1],
       [  15,   54,    4,   92,   42,  621,   29,   26,    8,    1],
       [  12,   15,   15,    0,   36,   13,  841,   26,    0,    0],
       [   5,   28,   32,    3,   26,    0,    1,  928,    5,    0],
       [  19,   56,   15,  114,   76,   35,   22,   25,  610,    2],
       [  28,   10,    3,    9,  473,   19,    1,  194,    8,  264]],
      dtype=int64)}, 71.65645939999376)
[2024-08-13 10:46:02,005][flwr][INFO] - configure_evaluate: no clients selected, skipping evaluation
[2024-08-13 10:46:02,005][flwr][INFO] - 
[2024-08-13 10:46:02,005][flwr][INFO] - [ROUND 9]
[2024-08-13 10:46:02,005][flwr][INFO] - configure_fit: strategy sampled 10 clients (out of 10)
[2024-08-13 10:46:08,705][flwr][INFO] - aggregate_fit: received 10 results and 0 failures
[2024-08-13 10:46:10,935][flwr][INFO] - fit progress: (9, 0.8199962129696563, {'accuracy': 0.8098, 'precision': 0.8363706462315315, 'recall': 0.8098, 'f1': 0.8103756134329018, 'confusion_matrix': array([[ 915,    8,    7,    4,    0,    8,   27,    1,    8,    2],
       [   0, 1045,   42,    3,    1,    4,    5,    0,   32,    3],
       [  10,   13,  824,   41,    8,    0,   21,   24,   63,   28],
       [   1,    9,   15,  797,    1,   42,   16,   11,   57,   61],
       [   3,    6,    2,    0,  531,    3,   22,    6,   20,  389],
       [  13,   41,    5,   51,    2,  615,   44,   10,   68,   43],
       [  11,    9,   20,    1,    4,    9,  890,   11,    1,    2],
       [  11,   22,   36,    1,    8,    0,    1,  741,   59,  149],
       [   9,   13,   15,   24,    4,   22,   17,    3,  804,   63],
       [  21,    6,    4,    4,    7,    7,    1,    8,   15,  936]],
      dtype=int64)}, 80.5868868999969)
[2024-08-13 10:46:10,935][flwr][INFO] - configure_evaluate: no clients selected, skipping evaluation
[2024-08-13 10:46:10,936][flwr][INFO] - 
[2024-08-13 10:46:10,936][flwr][INFO] - [ROUND 10]
[2024-08-13 10:46:10,936][flwr][INFO] - configure_fit: strategy sampled 10 clients (out of 10)
[2024-08-13 10:46:17,396][flwr][INFO] - aggregate_fit: received 10 results and 0 failures
[2024-08-13 10:46:19,490][flwr][INFO] - fit progress: (10, 0.8423016366289463, {'accuracy': 0.7762, 'precision': 0.8168966914619064, 'recall': 0.7762, 'f1': 0.7525260269457915, 'confusion_matrix': array([[ 914,   14,    3,    6,    4,   11,   15,   12,    1,    0],
       [   0, 1076,   26,   10,    2,    5,    5,    4,    7,    0],
       [  12,   23,  778,   91,   38,    0,   17,   50,   23,    0],
       [   1,   13,    6,  889,    9,   36,    5,   28,   22,    1],
       [   2,    3,    1,    0,  937,    4,   13,   19,    3,    0],
       [  15,   47,    2,   82,   27,  655,   25,   29,   10,    0],
       [  13,   13,   11,    0,   31,   14,  835,   41,    0,    0],
       [   8,   27,   29,    5,   25,    0,    1,  929,    4,    0],
       [  19,   53,   10,  109,   58,   58,   20,   26,  621,    0],
       [  39,   10,    2,    9,  472,   42,    1,  296,   10,  128]],
      dtype=int64)}, 89.14254549999896)
[2024-08-13 10:46:19,491][flwr][INFO] - configure_evaluate: no clients selected, skipping evaluation
[2024-08-13 10:46:19,491][flwr][INFO] - 
[2024-08-13 10:46:19,491][flwr][INFO] - [SUMMARY]
[2024-08-13 10:46:19,491][flwr][INFO] - Run finished 10 round(s) in 89.14s
[2024-08-13 10:46:19,499][flwr][INFO] - 	History (loss, centralized):
[2024-08-13 10:46:19,500][flwr][INFO] - 		round 0: 2.3025850929940455
[2024-08-13 10:46:19,500][flwr][INFO] - 		round 1: 0.9103925599213913
[2024-08-13 10:46:19,500][flwr][INFO] - 		round 2: 0.7758774917859254
[2024-08-13 10:46:19,500][flwr][INFO] - 		round 3: 0.7750180451633977
[2024-08-13 10:46:19,500][flwr][INFO] - 		round 4: 0.8099247990109169
[2024-08-13 10:46:19,500][flwr][INFO] - 		round 5: 0.7813484899771888
[2024-08-13 10:46:19,500][flwr][INFO] - 		round 6: 0.7891713646737497
[2024-08-13 10:46:19,500][flwr][INFO] - 		round 7: 0.793180469747944
[2024-08-13 10:46:19,500][flwr][INFO] - 		round 8: 0.8134918065487996
[2024-08-13 10:46:19,500][flwr][INFO] - 		round 9: 0.8199962129696563
[2024-08-13 10:46:19,500][flwr][INFO] - 		round 10: 0.8423016366289463
[2024-08-13 10:46:19,500][flwr][INFO] - 	History (metrics, centralized):
[2024-08-13 10:46:19,500][flwr][INFO] - 	{'accuracy': [(0, 0.098),
[2024-08-13 10:46:19,500][flwr][INFO] - 	              (1, 0.7267),
[2024-08-13 10:46:19,501][flwr][INFO] - 	              (2, 0.8181),
[2024-08-13 10:46:19,501][flwr][INFO] - 	              (3, 0.8203),
[2024-08-13 10:46:19,501][flwr][INFO] - 	              (4, 0.7878),
[2024-08-13 10:46:19,501][flwr][INFO] - 	              (5, 0.8391),
[2024-08-13 10:46:19,501][flwr][INFO] - 	              (6, 0.7857),
[2024-08-13 10:46:19,501][flwr][INFO] - 	              (7, 0.8159),
[2024-08-13 10:46:19,501][flwr][INFO] - 	              (8, 0.7909),
[2024-08-13 10:46:19,501][flwr][INFO] - 	              (9, 0.8098),
[2024-08-13 10:46:19,501][flwr][INFO] - 	              (10, 0.7762)],
[2024-08-13 10:46:19,501][flwr][INFO] - 	 'confusion_matrix': [(0,
[2024-08-13 10:46:19,501][flwr][INFO] - 	                       array([[ 980,    0,    0,    0,    0,    0,    0,    0,    0,    0],
[2024-08-13 10:46:19,501][flwr][INFO] - 	       [1135,    0,    0,    0,    0,    0,    0,    0,    0,    0],
[2024-08-13 10:46:19,501][flwr][INFO] - 	       [1032,    0,    0,    0,    0,    0,    0,    0,    0,    0],
[2024-08-13 10:46:19,501][flwr][INFO] - 	       [1010,    0,    0,    0,    0,    0,    0,    0,    0,    0],
[2024-08-13 10:46:19,501][flwr][INFO] - 	       [ 982,    0,    0,    0,    0,    0,    0,    0,    0,    0],
[2024-08-13 10:46:19,501][flwr][INFO] - 	       [ 892,    0,    0,    0,    0,    0,    0,    0,    0,    0],
[2024-08-13 10:46:19,502][flwr][INFO] - 	       [ 958,    0,    0,    0,    0,    0,    0,    0,    0,    0],
[2024-08-13 10:46:19,502][flwr][INFO] - 	       [1028,    0,    0,    0,    0,    0,    0,    0,    0,    0],
[2024-08-13 10:46:19,502][flwr][INFO] - 	       [ 974,    0,    0,    0,    0,    0,    0,    0,    0,    0],
[2024-08-13 10:46:19,502][flwr][INFO] - 	       [1009,    0,    0,    0,    0,    0,    0,    0,    0,    0]],
[2024-08-13 10:46:19,502][flwr][INFO] - 	      dtype=int64)),
[2024-08-13 10:46:19,502][flwr][INFO] - 	                      (1,
[2024-08-13 10:46:19,502][flwr][INFO] - 	                       array([[ 955,    0,    1,    5,    0,    0,    7,    1,   11,    0],
[2024-08-13 10:46:19,502][flwr][INFO] - 	       [   0, 1073,    3,    9,    0,    0,    4,    1,   45,    0],
[2024-08-13 10:46:19,502][flwr][INFO] - 	       [  84,   46,  658,  103,    7,    0,   30,   16,   77,   11],
[2024-08-13 10:46:19,502][flwr][INFO] - 	       [  28,   14,    9,  865,    0,    0,    9,   11,   63,   11],
[2024-08-13 10:46:19,502][flwr][INFO] - 	       [  32,   13,    1,    2,  476,    0,   37,    4,   49,  368],
[2024-08-13 10:46:19,502][flwr][INFO] - 	       [ 220,   71,    0,  275,    4,    4,   29,   22,  213,   54],
[2024-08-13 10:46:19,502][flwr][INFO] - 	       [  93,   20,   10,    4,    4,    0,  812,    1,   14,    0],
[2024-08-13 10:46:19,502][flwr][INFO] - 	       [  31,   49,   10,    4,    3,    0,    1,  824,   58,   48],
[2024-08-13 10:46:19,502][flwr][INFO] - 	       [  43,   16,    3,  116,    1,    0,   13,    8,  754,   20],
[2024-08-13 10:46:19,502][flwr][INFO] - 	       [  48,   19,    2,   13,   10,    0,    4,   24,   43,  846]],
[2024-08-13 10:46:19,502][flwr][INFO] - 	      dtype=int64)),
[2024-08-13 10:46:19,503][flwr][INFO] - 	                      (2,
[2024-08-13 10:46:19,503][flwr][INFO] - 	                       array([[ 909,    0,    7,    3,    0,   11,   43,    1,    6,    0],
[2024-08-13 10:46:19,503][flwr][INFO] - 	       [   0, 1076,   42,    3,    1,    4,    5,    1,    3,    0],
[2024-08-13 10:46:19,503][flwr][INFO] - 	       [  21,   23,  861,   30,   28,    0,   21,   23,   23,    2],
[2024-08-13 10:46:19,503][flwr][INFO] - 	       [   5,   12,   33,  858,    3,   24,   11,   20,   18,   26],
[2024-08-13 10:46:19,503][flwr][INFO] - 	       [   6,    9,    5,    0,  890,    0,   24,    1,    3,   44],
[2024-08-13 10:46:19,503][flwr][INFO] - 	       [  32,   58,   19,  138,   33,  518,   42,   26,    7,   19],
[2024-08-13 10:46:19,503][flwr][INFO] - 	       [  24,   17,   26,    0,   22,   15,  853,    1,    0,    0],
[2024-08-13 10:46:19,503][flwr][INFO] - 	       [   7,   41,   43,    0,   17,    0,    3,  888,    5,   24],
[2024-08-13 10:46:19,503][flwr][INFO] - 	       [  20,   39,   39,  114,   26,   22,   22,   16,  631,   45],
[2024-08-13 10:46:19,503][flwr][INFO] - 	       [  25,   16,    6,    8,  179,    8,    2,   61,    7,  697]],
[2024-08-13 10:46:19,503][flwr][INFO] - 	      dtype=int64)),
[2024-08-13 10:46:19,503][flwr][INFO] - 	                      (3,
[2024-08-13 10:46:19,503][flwr][INFO] - 	                       array([[ 896,    0,    1,    1,    0,   20,   30,    1,   31,    0],
[2024-08-13 10:46:19,503][flwr][INFO] - 	       [   0, 1053,    3,    4,    1,    2,    4,    0,   68,    0],
[2024-08-13 10:46:19,503][flwr][INFO] - 	       [  17,   20,  749,   55,   14,    2,   26,   24,  107,   18],
[2024-08-13 10:46:19,504][flwr][INFO] - 	       [   5,    8,    9,  785,    0,   44,    8,   14,  120,   17],
[2024-08-13 10:46:19,504][flwr][INFO] - 	       [   7,    6,    2,    0,  654,    2,   28,    3,   38,  242],
[2024-08-13 10:46:19,504][flwr][INFO] - 	       [  17,   49,    2,   74,    7,  605,   28,   13,   75,   22],
[2024-08-13 10:46:19,504][flwr][INFO] - 	       [  18,   13,   16,    1,    9,   19,  870,    2,   10,    0],
[2024-08-13 10:46:19,504][flwr][INFO] - 	       [   6,   31,   12,    1,    9,    0,    2,  830,   79,   58],
[2024-08-13 10:46:19,504][flwr][INFO] - 	       [   5,    5,    4,   25,    3,   19,   12,    6,  877,   18],
[2024-08-13 10:46:19,504][flwr][INFO] - 	       [  14,    7,    4,    5,   16,    7,    3,   16,   53,  884]],
[2024-08-13 10:46:19,504][flwr][INFO] - 	      dtype=int64)),
[2024-08-13 10:46:19,504][flwr][INFO] - 	                      (4,
[2024-08-13 10:46:19,504][flwr][INFO] - 	                       array([[ 924,    1,    4,    7,    5,   13,   25,    1,    0,    0],
[2024-08-13 10:46:19,504][flwr][INFO] - 	       [   0, 1073,   40,   10,    2,    3,    6,    1,    0,    0],
[2024-08-13 10:46:19,504][flwr][INFO] - 	       [  14,   13,  857,   54,   34,    0,   19,   31,    9,    1],
[2024-08-13 10:46:19,504][flwr][INFO] - 	       [   2,    6,   18,  901,    6,   26,    8,   22,    2,   19],
[2024-08-13 10:46:19,504][flwr][INFO] - 	       [   4,    6,    2,    0,  942,    2,   12,    4,    1,    9],
[2024-08-13 10:46:19,504][flwr][INFO] - 	       [  15,   56,    9,  124,   45,  584,   30,   23,    1,    5],
[2024-08-13 10:46:19,504][flwr][INFO] - 	       [  14,   13,   26,    3,   36,   17,  848,    1,    0,    0],
[2024-08-13 10:46:19,504][flwr][INFO] - 	       [   4,   33,   44,    2,   23,    0,    1,  913,    0,    8],
[2024-08-13 10:46:19,505][flwr][INFO] - 	       [  16,   64,   62,  236,   82,  112,   26,   31,  264,   81],
[2024-08-13 10:46:19,505][flwr][INFO] - 	       [  23,   12,    5,    9,  273,   14,    1,  100,    0,  572]],
[2024-08-13 10:46:19,505][flwr][INFO] - 	      dtype=int64)),
[2024-08-13 10:46:19,505][flwr][INFO] - 	                      (5,
[2024-08-13 10:46:19,505][flwr][INFO] - 	                       array([[ 922,    1,    2,    1,    0,   12,   28,    1,   13,    0],
[2024-08-13 10:46:19,505][flwr][INFO] - 	       [   0, 1072,   24,    3,    1,    2,    5,    1,   26,    1],
[2024-08-13 10:46:19,505][flwr][INFO] - 	       [  16,   13,  812,   43,   11,    1,   29,   26,   60,   21],
[2024-08-13 10:46:19,505][flwr][INFO] - 	       [   4,    8,   14,  798,    3,   44,   17,   14,   67,   41],
[2024-08-13 10:46:19,505][flwr][INFO] - 	       [   5,    5,    2,    0,  724,    0,   30,    3,   17,  196],
[2024-08-13 10:46:19,505][flwr][INFO] - 	       [  14,   53,    5,   61,   11,  623,   41,   13,   45,   26],
[2024-08-13 10:46:19,505][flwr][INFO] - 	       [  15,   14,   19,    1,    9,   14,  880,    5,    1,    0],
[2024-08-13 10:46:19,505][flwr][INFO] - 	       [   7,   30,   31,    1,   12,    0,    1,  844,   38,   64],
[2024-08-13 10:46:19,505][flwr][INFO] - 	       [   9,   19,   12,   32,    8,   19,   18,    6,  808,   43],
[2024-08-13 10:46:19,505][flwr][INFO] - 	       [  21,    7,    3,    5,   20,    6,    2,   18,   19,  908]],
[2024-08-13 10:46:19,505][flwr][INFO] - 	      dtype=int64)),
[2024-08-13 10:46:19,505][flwr][INFO] - 	                      (6,
[2024-08-13 10:46:19,505][flwr][INFO] - 	                       array([[ 928,    2,    3,   12,    4,    9,   17,    4,    1,    0],
[2024-08-13 10:46:19,506][flwr][INFO] - 	       [   0, 1085,   28,   10,    2,    2,    5,    2,    1,    0],
[2024-08-13 10:46:19,506][flwr][INFO] - 	       [  13,   21,  830,   65,   36,    0,   17,   35,   15,    0],
[2024-08-13 10:46:19,506][flwr][INFO] - 	       [   2,    9,   11,  908,    6,   28,    8,   24,   11,    3],
[2024-08-13 10:46:19,506][flwr][INFO] - 	       [   2,    5,    1,    0,  946,    2,   12,   11,    2,    1],
[2024-08-13 10:46:19,506][flwr][INFO] - 	       [  13,   59,    7,  114,   46,  599,   24,   24,    4,    2],
[2024-08-13 10:46:19,506][flwr][INFO] - 	       [  14,   17,   22,    2,   41,   15,  839,    8,    0,    0],
[2024-08-13 10:46:19,506][flwr][INFO] - 	       [   4,   34,   38,    4,   26,    0,    1,  918,    2,    1],
[2024-08-13 10:46:19,506][flwr][INFO] - 	       [  16,   60,   20,  165,   74,   44,   17,   25,  549,    4],
[2024-08-13 10:46:19,506][flwr][INFO] - 	       [  24,   12,    4,   11,  509,   17,    1,  172,    4,  255]],
[2024-08-13 10:46:19,506][flwr][INFO] - 	      dtype=int64)),
[2024-08-13 10:46:19,506][flwr][INFO] - 	                      (7,
[2024-08-13 10:46:19,506][flwr][INFO] - 	                       array([[ 920,    2,    4,    4,    0,   10,   26,    1,   11,    2],
[2024-08-13 10:46:19,506][flwr][INFO] - 	       [   0, 1063,   28,    3,    1,    4,    5,    0,   29,    2],
[2024-08-13 10:46:19,506][flwr][INFO] - 	       [  11,   13,  823,   38,    8,    1,   23,   24,   66,   25],
[2024-08-13 10:46:19,506][flwr][INFO] - 	       [   2,    8,   15,  793,    1,   46,   17,   13,   67,   48],
[2024-08-13 10:46:19,506][flwr][INFO] - 	       [   5,    7,    2,    0,  506,    4,   25,    6,   25,  402],
[2024-08-13 10:46:19,506][flwr][INFO] - 	       [  10,   45,    4,   47,    4,  638,   40,   11,   59,   34],
[2024-08-13 10:46:19,507][flwr][INFO] - 	       [  13,    8,   21,    1,    4,   14,  886,    8,    1,    2],
[2024-08-13 10:46:19,507][flwr][INFO] - 	       [  10,   23,   33,    1,    5,    0,    1,  783,   54,  118],
[2024-08-13 10:46:19,507][flwr][INFO] - 	       [   6,   16,   14,   23,    3,   25,   18,    5,  812,   52],
[2024-08-13 10:46:19,507][flwr][INFO] - 	       [  18,    6,    4,    5,    6,    6,    1,    8,   20,  935]],
[2024-08-13 10:46:19,507][flwr][INFO] - 	      dtype=int64)),
[2024-08-13 10:46:19,507][flwr][INFO] - 	                      (8,
[2024-08-13 10:46:19,507][flwr][INFO] - 	                       array([[ 922,    4,    3,    7,    4,    9,   19,    9,    3,    0],
[2024-08-13 10:46:19,507][flwr][INFO] - 	       [   0, 1078,   29,    8,    2,    4,    5,    4,    5,    0],
[2024-08-13 10:46:19,507][flwr][INFO] - 	       [  13,   20,  811,   68,   39,    0,   17,   42,   22,    0],
[2024-08-13 10:46:19,507][flwr][INFO] - 	       [   1,   10,    8,  892,   11,   31,    7,   27,   20,    3],
[2024-08-13 10:46:19,507][flwr][INFO] - 	       [   2,    3,    1,    0,  942,    2,   13,   15,    3,    1],
[2024-08-13 10:46:19,507][flwr][INFO] - 	       [  15,   54,    4,   92,   42,  621,   29,   26,    8,    1],
[2024-08-13 10:46:19,507][flwr][INFO] - 	       [  12,   15,   15,    0,   36,   13,  841,   26,    0,    0],
[2024-08-13 10:46:19,507][flwr][INFO] - 	       [   5,   28,   32,    3,   26,    0,    1,  928,    5,    0],
[2024-08-13 10:46:19,507][flwr][INFO] - 	       [  19,   56,   15,  114,   76,   35,   22,   25,  610,    2],
[2024-08-13 10:46:19,507][flwr][INFO] - 	       [  28,   10,    3,    9,  473,   19,    1,  194,    8,  264]],
[2024-08-13 10:46:19,507][flwr][INFO] - 	      dtype=int64)),
[2024-08-13 10:46:19,508][flwr][INFO] - 	                      (9,
[2024-08-13 10:46:19,508][flwr][INFO] - 	                       array([[ 915,    8,    7,    4,    0,    8,   27,    1,    8,    2],
[2024-08-13 10:46:19,508][flwr][INFO] - 	       [   0, 1045,   42,    3,    1,    4,    5,    0,   32,    3],
[2024-08-13 10:46:19,508][flwr][INFO] - 	       [  10,   13,  824,   41,    8,    0,   21,   24,   63,   28],
[2024-08-13 10:46:19,508][flwr][INFO] - 	       [   1,    9,   15,  797,    1,   42,   16,   11,   57,   61],
[2024-08-13 10:46:19,508][flwr][INFO] - 	       [   3,    6,    2,    0,  531,    3,   22,    6,   20,  389],
[2024-08-13 10:46:19,508][flwr][INFO] - 	       [  13,   41,    5,   51,    2,  615,   44,   10,   68,   43],
[2024-08-13 10:46:19,508][flwr][INFO] - 	       [  11,    9,   20,    1,    4,    9,  890,   11,    1,    2],
[2024-08-13 10:46:19,508][flwr][INFO] - 	       [  11,   22,   36,    1,    8,    0,    1,  741,   59,  149],
[2024-08-13 10:46:19,508][flwr][INFO] - 	       [   9,   13,   15,   24,    4,   22,   17,    3,  804,   63],
[2024-08-13 10:46:19,508][flwr][INFO] - 	       [  21,    6,    4,    4,    7,    7,    1,    8,   15,  936]],
[2024-08-13 10:46:19,508][flwr][INFO] - 	      dtype=int64)),
[2024-08-13 10:46:19,508][flwr][INFO] - 	                      (10,
[2024-08-13 10:46:19,508][flwr][INFO] - 	                       array([[ 914,   14,    3,    6,    4,   11,   15,   12,    1,    0],
[2024-08-13 10:46:19,508][flwr][INFO] - 	       [   0, 1076,   26,   10,    2,    5,    5,    4,    7,    0],
[2024-08-13 10:46:19,508][flwr][INFO] - 	       [  12,   23,  778,   91,   38,    0,   17,   50,   23,    0],
[2024-08-13 10:46:19,508][flwr][INFO] - 	       [   1,   13,    6,  889,    9,   36,    5,   28,   22,    1],
[2024-08-13 10:46:19,509][flwr][INFO] - 	       [   2,    3,    1,    0,  937,    4,   13,   19,    3,    0],
[2024-08-13 10:46:19,509][flwr][INFO] - 	       [  15,   47,    2,   82,   27,  655,   25,   29,   10,    0],
[2024-08-13 10:46:19,509][flwr][INFO] - 	       [  13,   13,   11,    0,   31,   14,  835,   41,    0,    0],
[2024-08-13 10:46:19,509][flwr][INFO] - 	       [   8,   27,   29,    5,   25,    0,    1,  929,    4,    0],
[2024-08-13 10:46:19,509][flwr][INFO] - 	       [  19,   53,   10,  109,   58,   58,   20,   26,  621,    0],
[2024-08-13 10:46:19,509][flwr][INFO] - 	       [  39,   10,    2,    9,  472,   42,    1,  296,   10,  128]],
[2024-08-13 10:46:19,509][flwr][INFO] - 	      dtype=int64))],
[2024-08-13 10:46:19,509][flwr][INFO] - 	 'f1': [(0, 0.017493624772313296),
[2024-08-13 10:46:19,509][flwr][INFO] - 	        (1, 0.693463849811962),
[2024-08-13 10:46:19,509][flwr][INFO] - 	        (2, 0.8141044701009487),
[2024-08-13 10:46:19,509][flwr][INFO] - 	        (3, 0.821641668035688),
[2024-08-13 10:46:19,509][flwr][INFO] - 	        (4, 0.7719880871376482),
[2024-08-13 10:46:19,509][flwr][INFO] - 	        (5, 0.838770355137417),
[2024-08-13 10:46:19,509][flwr][INFO] - 	        (6, 0.7709189952633919),
[2024-08-13 10:46:19,509][flwr][INFO] - 	        (7, 0.8154732864516676),
[2024-08-13 10:46:19,509][flwr][INFO] - 	        (8, 0.7774237020726449),
[2024-08-13 10:46:19,509][flwr][INFO] - 	        (9, 0.8103756134329018),
[2024-08-13 10:46:19,510][flwr][INFO] - 	        (10, 0.7525260269457915)],
[2024-08-13 10:46:19,510][flwr][INFO] - 	 'precision': [(0, 0.009604000000000001),
[2024-08-13 10:46:19,510][flwr][INFO] - 	               (1, 0.7882825125691203),
[2024-08-13 10:46:19,510][flwr][INFO] - 	               (2, 0.8235333317458888),
[2024-08-13 10:46:19,510][flwr][INFO] - 	               (3, 0.8399251867089693),
[2024-08-13 10:46:19,510][flwr][INFO] - 	               (4, 0.8088289189466968),
[2024-08-13 10:46:19,510][flwr][INFO] - 	               (5, 0.8466206879765843),
[2024-08-13 10:46:19,510][flwr][INFO] - 	               (6, 0.8235256475488212),
[2024-08-13 10:46:19,510][flwr][INFO] - 	               (7, 0.8400135264848375),
[2024-08-13 10:46:19,510][flwr][INFO] - 	               (8, 0.8256022022915193),
[2024-08-13 10:46:19,510][flwr][INFO] - 	               (9, 0.8363706462315315),
[2024-08-13 10:46:19,510][flwr][INFO] - 	               (10, 0.8168966914619064)],
[2024-08-13 10:46:19,510][flwr][INFO] - 	 'recall': [(0, 0.098),
[2024-08-13 10:46:19,510][flwr][INFO] - 	            (1, 0.7267),
[2024-08-13 10:46:19,510][flwr][INFO] - 	            (2, 0.8181),
[2024-08-13 10:46:19,510][flwr][INFO] - 	            (3, 0.8203),
[2024-08-13 10:46:19,510][flwr][INFO] - 	            (4, 0.7878),
[2024-08-13 10:46:19,511][flwr][INFO] - 	            (5, 0.8391),
[2024-08-13 10:46:19,511][flwr][INFO] - 	            (6, 0.7857),
[2024-08-13 10:46:19,511][flwr][INFO] - 	            (7, 0.8159),
[2024-08-13 10:46:19,511][flwr][INFO] - 	            (8, 0.7909),
[2024-08-13 10:46:19,511][flwr][INFO] - 	            (9, 0.8098),
[2024-08-13 10:46:19,511][flwr][INFO] - 	            (10, 0.7762)]}
[2024-08-13 10:46:19,511][flwr][INFO] - 
