[2024-08-13 12:45:59,652][flwr][INFO] - Starting Flower simulation, config: num_rounds=10, no round_timeout
[2024-08-13 12:46:03,800][flwr][INFO] - Flower VCE: Ray initialized with resources: {'node:127.0.0.1': 1.0, 'object_store_memory': 2501106892.0, 'memory': 5002213787.0, 'GPU': 1.0, 'node:__internal_head__': 1.0, 'accelerator_type:G': 1.0, 'CPU': 16.0}
[2024-08-13 12:46:03,800][flwr][INFO] - Optimize your simulation with Flower VCE: https://flower.ai/docs/framework/how-to-run-simulations.html
[2024-08-13 12:46:03,800][flwr][INFO] - Flower VCE: Resources for each Virtual Client: {'num_cpus': 2, 'num_gpus': 0.5}
[2024-08-13 12:46:03,812][flwr][INFO] - Flower VCE: Creating VirtualClientEngineActorPool with 2 actors
[2024-08-13 12:46:03,812][flwr][INFO] - [INIT]
[2024-08-13 12:46:03,812][flwr][INFO] - Requesting initial parameters from one random client
[2024-08-13 12:46:11,379][flwr][INFO] - Received initial parameters from one random client
[2024-08-13 12:46:11,379][flwr][INFO] - Evaluating initial global parameters
[2024-08-13 12:46:13,604][flwr][INFO] - initial parameters (loss, other metrics): 2.3025850929940455, {'accuracy': 0.098, 'precision': 0.009604000000000001, 'recall': 0.098, 'f1': 0.017493624772313296, 'confusion_matrix': array([[ 980,    0,    0,    0,    0,    0,    0,    0,    0,    0],
       [1135,    0,    0,    0,    0,    0,    0,    0,    0,    0],
       [1032,    0,    0,    0,    0,    0,    0,    0,    0,    0],
       [1010,    0,    0,    0,    0,    0,    0,    0,    0,    0],
       [ 982,    0,    0,    0,    0,    0,    0,    0,    0,    0],
       [ 892,    0,    0,    0,    0,    0,    0,    0,    0,    0],
       [ 958,    0,    0,    0,    0,    0,    0,    0,    0,    0],
       [1028,    0,    0,    0,    0,    0,    0,    0,    0,    0],
       [ 974,    0,    0,    0,    0,    0,    0,    0,    0,    0],
       [1009,    0,    0,    0,    0,    0,    0,    0,    0,    0]],
      dtype=int64)}
[2024-08-13 12:46:13,605][flwr][INFO] - 
[2024-08-13 12:46:13,605][flwr][INFO] - [ROUND 1]
[2024-08-13 12:46:13,605][flwr][INFO] - configure_fit: strategy sampled 10 clients (out of 10)
[2024-08-13 12:46:22,198][flwr][INFO] - aggregate_fit: received 10 results and 0 failures
[2024-08-13 12:46:22,201][flwr][WARNING] - No fit_metrics_aggregation_fn provided
[2024-08-13 12:46:24,282][flwr][INFO] - fit progress: (1, 0.9972198714841869, {'accuracy': 0.681, 'precision': 0.7654755981780945, 'recall': 0.681, 'f1': 0.6436852965431165, 'confusion_matrix': array([[960,   0,   2,   4,   0,   0,   6,   0,   8,   0],
       [  0, 996,  89,   9,   0,   0,   4,   1,  30,   6],
       [101,   9, 668, 143,   3,   0,  17,  21,  45,  25],
       [ 33,   4,  13, 869,   0,   0,   6,   9,  47,  29],
       [ 59,   5,   5,   0, 234,   0,  20,  10,  30, 619],
       [297,  57,  14, 228,   3,   6,  27,  17, 156,  87],
       [131,  13,  22,   5,   2,   0, 771,   4,   7,   3],
       [ 36,  25,  22,   3,   0,   0,   1, 767,  89,  85],
       [ 63,   6,  16, 145,   1,   0,  10,   5, 669,  59],
       [ 65,   6,   0,  11,   5,   0,   1,  17,  34, 870]], dtype=int64)}, 10.677313499996671)
[2024-08-13 12:46:24,283][flwr][INFO] - configure_evaluate: no clients selected, skipping evaluation
[2024-08-13 12:46:24,283][flwr][INFO] - 
[2024-08-13 12:46:24,283][flwr][INFO] - [ROUND 2]
[2024-08-13 12:46:24,283][flwr][INFO] - configure_fit: strategy sampled 10 clients (out of 10)
[2024-08-13 12:46:30,744][flwr][INFO] - aggregate_fit: received 10 results and 0 failures
[2024-08-13 12:46:32,831][flwr][INFO] - fit progress: (2, 0.7951514140471506, {'accuracy': 0.7892, 'precision': 0.8014378302917489, 'recall': 0.7892, 'f1': 0.7821239973542798, 'confusion_matrix': array([[ 924,    0,    3,    3,    0,    2,   35,    4,    9,    0],
       [   0, 1016,   94,    5,    1,    2,    5,    1,   11,    0],
       [  25,    9,  836,   51,   20,    0,   24,   30,   36,    1],
       [  12,    7,   27,  833,    5,   15,   11,   17,   71,   12],
       [  10,    6,    7,    0,  869,    1,   29,   20,   19,   21],
       [  49,   63,   20,  175,   32,  402,   49,   33,   56,   13],
       [  33,   14,   30,    0,   18,    5,  850,    7,    1,    0],
       [  11,   32,   45,    0,   16,    0,    1,  882,   34,    7],
       [  25,   19,   32,  103,   26,    8,   22,   14,  716,    9],
       [  33,   11,    3,    4,  213,    3,    1,  135,   42,  564]],
      dtype=int64)}, 19.226155899988953)
[2024-08-13 12:46:32,832][flwr][INFO] - configure_evaluate: no clients selected, skipping evaluation
[2024-08-13 12:46:32,832][flwr][INFO] - 
[2024-08-13 12:46:32,832][flwr][INFO] - [ROUND 3]
[2024-08-13 12:46:32,832][flwr][INFO] - configure_fit: strategy sampled 10 clients (out of 10)
[2024-08-13 12:46:39,388][flwr][INFO] - aggregate_fit: received 10 results and 0 failures
[2024-08-13 12:46:41,482][flwr][INFO] - fit progress: (3, 0.7950029088734467, {'accuracy': 0.7995, 'precision': 0.8113427045168808, 'recall': 0.7995, 'f1': 0.7993926182140562, 'confusion_matrix': array([[ 899,    2,    2,    1,    0,   35,   33,    2,    5,    1],
       [   0, 1046,   61,    3,    1,   11,    4,    0,    3,    6],
       [  18,   11,  813,   58,   13,    3,   24,   26,   45,   21],
       [   4,    9,   21,  799,    2,   62,    9,   12,   34,   58],
       [   7,    6,    2,    0,  647,   12,   24,    8,   10,  266],
       [  22,   63,   11,   80,    7,  624,   32,   15,   12,   26],
       [  22,   15,   26,    1,   12,   18,  851,   10,    1,    2],
       [  10,   33,   34,    1,   13,    0,    1,  802,   37,   97],
       [   7,   27,   22,   76,    9,   72,   20,    5,  616,  120],
       [  23,    7,    2,    5,   26,   18,    1,   18,   11,  898]],
      dtype=int64)}, 27.87753349999548)
[2024-08-13 12:46:41,483][flwr][INFO] - configure_evaluate: no clients selected, skipping evaluation
[2024-08-13 12:46:41,483][flwr][INFO] - 
[2024-08-13 12:46:41,483][flwr][INFO] - [ROUND 4]
[2024-08-13 12:46:41,484][flwr][INFO] - configure_fit: strategy sampled 10 clients (out of 10)
[2024-08-13 12:46:47,835][flwr][INFO] - aggregate_fit: received 10 results and 0 failures
[2024-08-13 12:46:50,000][flwr][INFO] - fit progress: (4, 0.825221390715891, {'accuracy': 0.772, 'precision': 0.806991759881961, 'recall': 0.772, 'f1': 0.7544154671847119, 'confusion_matrix': array([[ 906,    1,    1,    5,    6,    7,   31,    9,   14,    0],
       [   0, 1047,   48,    5,    1,    3,    5,    1,   25,    0],
       [  15,   10,  790,   67,   34,    0,   20,   37,   59,    0],
       [   0,    7,   11,  842,   12,   23,    8,   23,   83,    1],
       [   6,    4,    1,    0,  918,    1,   14,   22,   15,    1],
       [  20,   69,    7,  115,   45,  488,   38,   30,   78,    2],
       [  14,   14,   27,    1,   28,    6,  841,   25,    2,    0],
       [   6,   24,   32,    1,   22,    0,    0,  891,   52,    0],
       [  10,   21,   14,   63,   35,   12,   19,    9,  790,    1],
       [  24,    8,    2,    4,  458,    6,    1,  203,   96,  207]],
      dtype=int64)}, 36.39495319999696)
[2024-08-13 12:46:50,001][flwr][INFO] - configure_evaluate: no clients selected, skipping evaluation
[2024-08-13 12:46:50,001][flwr][INFO] - 
[2024-08-13 12:46:50,001][flwr][INFO] - [ROUND 5]
[2024-08-13 12:46:50,001][flwr][INFO] - configure_fit: strategy sampled 10 clients (out of 10)
[2024-08-13 12:46:56,684][flwr][INFO] - aggregate_fit: received 10 results and 0 failures
[2024-08-13 12:46:58,781][flwr][INFO] - fit progress: (5, 0.7969295013881874, {'accuracy': 0.821, 'precision': 0.8246434610599801, 'recall': 0.821, 'f1': 0.8196342822983115, 'confusion_matrix': array([[ 910,    3,    3,    5,    0,   12,   35,    5,    7,    0],
       [   0, 1048,   59,    6,    1,    8,    5,    1,    4,    3],
       [  13,   14,  823,   63,   13,    1,   22,   34,   40,    9],
       [   1,    7,   13,  850,    3,   38,   10,   18,   28,   42],
       [   6,    5,    2,    0,  760,    5,   22,   21,    9,  152],
       [  12,   64,   12,   85,   11,  607,   37,   22,   19,   23],
       [  13,   14,   28,    1,   10,   12,  855,   24,    1,    0],
       [   8,   31,   38,    2,   13,    0,    2,  856,   27,   51],
       [  12,   37,   20,   90,   14,   38,   22,    8,  632,  101],
       [  22,    8,    2,    6,   35,   15,    2,   39,   11,  869]],
      dtype=int64)}, 45.1754527999874)
[2024-08-13 12:46:58,782][flwr][INFO] - configure_evaluate: no clients selected, skipping evaluation
[2024-08-13 12:46:58,782][flwr][INFO] - 
[2024-08-13 12:46:58,782][flwr][INFO] - [ROUND 6]
[2024-08-13 12:46:58,782][flwr][INFO] - configure_fit: strategy sampled 10 clients (out of 10)
[2024-08-13 12:47:05,248][flwr][INFO] - aggregate_fit: received 10 results and 0 failures
[2024-08-13 12:47:07,349][flwr][INFO] - fit progress: (6, 0.8070864178242433, {'accuracy': 0.8158, 'precision': 0.830926228593804, 'recall': 0.8158, 'f1': 0.8137845346963555, 'confusion_matrix': array([[ 913,    4,    2,    4,    3,    8,   24,    7,   15,    0],
       [   0, 1061,   29,    5,    1,    3,    5,    1,   30,    0],
       [  12,   16,  796,   55,   34,    1,   18,   33,   66,    1],
       [   1,   11,   11,  803,   14,   34,   13,   19,   98,    6],
       [   5,    4,    1,    0,  912,    3,   17,   17,   16,    7],
       [  12,   64,    4,   70,   28,  575,   41,   22,   73,    3],
       [  13,   18,   17,    0,   27,    7,  848,   26,    2,    0],
       [   9,   29,   28,    2,   27,    0,    0,  855,   72,    6],
       [  10,   27,   11,   38,   29,   15,   18,    6,  815,    5],
       [  33,    8,    2,    3,  196,   11,    1,   93,   82,  580]],
      dtype=int64)}, 53.74399629999243)
[2024-08-13 12:47:07,350][flwr][INFO] - configure_evaluate: no clients selected, skipping evaluation
[2024-08-13 12:47:07,350][flwr][INFO] - 
[2024-08-13 12:47:07,350][flwr][INFO] - [ROUND 7]
[2024-08-13 12:47:07,350][flwr][INFO] - configure_fit: strategy sampled 10 clients (out of 10)
[2024-08-13 12:47:13,986][flwr][INFO] - aggregate_fit: received 10 results and 0 failures
[2024-08-13 12:47:16,083][flwr][INFO] - fit progress: (7, 0.800156321747592, {'accuracy': 0.817, 'precision': 0.8263753229000226, 'recall': 0.817, 'f1': 0.8153844613229972, 'confusion_matrix': array([[ 914,    8,    3,    5,    1,   10,   25,    8,    6,    0],
       [   0, 1052,   52,   10,    1,    8,    5,    1,    3,    3],
       [  11,   18,  825,   60,   11,    2,   22,   34,   33,   16],
       [   1,   11,   12,  847,    3,   40,   10,   16,   18,   52],
       [   4,    5,    2,    0,  748,    3,   20,   19,    4,  177],
       [  12,   59,    8,   76,    8,  624,   40,   23,   14,   28],
       [  13,   13,   23,    0,    9,   14,  857,   27,    0,    2],
       [   9,   28,   36,    4,   13,    1,    1,  854,   16,   66],
       [  12,   48,   20,   90,   10,   46,   24,    9,  554,  161],
       [  25,    8,    2,    7,   23,   12,    1,   34,    2,  895]],
      dtype=int64)}, 62.478304199990816)
[2024-08-13 12:47:16,084][flwr][INFO] - configure_evaluate: no clients selected, skipping evaluation
[2024-08-13 12:47:16,084][flwr][INFO] - 
[2024-08-13 12:47:16,084][flwr][INFO] - [ROUND 8]
[2024-08-13 12:47:16,084][flwr][INFO] - configure_fit: strategy sampled 10 clients (out of 10)
[2024-08-13 12:47:22,671][flwr][INFO] - aggregate_fit: received 10 results and 0 failures
[2024-08-13 12:47:24,786][flwr][INFO] - fit progress: (8, 0.8037469969950456, {'accuracy': 0.8287, 'precision': 0.8381965891498491, 'recall': 0.8287, 'f1': 0.8279050688368101, 'confusion_matrix': array([[ 910,   13,    3,    4,    1,    9,   22,    7,   11,    0],
       [   0, 1045,   38,    8,    1,    4,    5,    1,   33,    0],
       [  10,   16,  810,   52,   28,    1,   19,   32,   63,    1],
       [   0,   11,   10,  814,   10,   36,   14,   18,   91,    6],
       [   5,    4,    2,    0,  895,    7,   19,   19,   19,   12],
       [  12,   53,    5,   65,   16,  607,   42,   22,   68,    2],
       [  13,   12,   17,    0,   15,    8,  861,   31,    1,    0],
       [  10,   25,   31,    2,   27,    0,    0,  857,   68,    8],
       [  12,   24,   13,   33,   24,   19,   18,    6,  821,    4],
       [  39,    6,    2,    3,  126,   19,    1,   78,   68,  667]],
      dtype=int64)}, 71.18209499999648)
[2024-08-13 12:47:24,787][flwr][INFO] - configure_evaluate: no clients selected, skipping evaluation
[2024-08-13 12:47:24,787][flwr][INFO] - 
[2024-08-13 12:47:24,787][flwr][INFO] - [ROUND 9]
[2024-08-13 12:47:24,788][flwr][INFO] - configure_fit: strategy sampled 10 clients (out of 10)
[2024-08-13 12:47:31,310][flwr][INFO] - aggregate_fit: received 10 results and 0 failures
[2024-08-13 12:47:33,555][flwr][INFO] - fit progress: (9, 0.7950734898618591, {'accuracy': 0.8195, 'precision': 0.8279348050913024, 'recall': 0.8195, 'f1': 0.8177145957839722, 'confusion_matrix': array([[ 910,   16,    4,    5,    1,    9,   21,    8,    6,    0],
       [   0, 1052,   48,   11,    2,    7,    6,    1,    5,    3],
       [  11,   19,  824,   58,   12,    2,   22,   35,   33,   16],
       [   2,   11,    9,  853,    3,   39,   10,   17,   17,   49],
       [   4,    5,    2,    0,  765,    4,   19,   19,    2,  162],
       [  14,   55,    6,   73,    8,  629,   42,   23,   15,   27],
       [  12,   12,   18,    0,   10,    9,  862,   33,    0,    2],
       [   9,   28,   34,    5,   15,    1,    1,  856,   15,   64],
       [  16,   45,   19,   86,   14,   45,   25,    9,  553,  162],
       [  25,    8,    3,    7,   28,   11,    1,   33,    2,  891]],
      dtype=int64)}, 79.95007139998779)
[2024-08-13 12:47:33,555][flwr][INFO] - configure_evaluate: no clients selected, skipping evaluation
[2024-08-13 12:47:33,556][flwr][INFO] - 
[2024-08-13 12:47:33,556][flwr][INFO] - [ROUND 10]
[2024-08-13 12:47:33,556][flwr][INFO] - configure_fit: strategy sampled 10 clients (out of 10)
[2024-08-13 12:47:40,016][flwr][INFO] - aggregate_fit: received 10 results and 0 failures
[2024-08-13 12:47:42,087][flwr][INFO] - fit progress: (10, 0.7872754774205089, {'accuracy': 0.8352, 'precision': 0.8427958324757867, 'recall': 0.8352, 'f1': 0.8344367869597463, 'confusion_matrix': array([[ 909,   18,    4,    4,    1,    9,   21,    7,    7,    0],
       [   0, 1046,   35,    9,    1,    4,    5,    1,   34,    0],
       [  10,   16,  814,   48,   26,    0,   22,   33,   62,    1],
       [   1,   11,    9,  823,   11,   38,   14,   17,   80,    6],
       [   4,    4,    2,    0,  896,    8,   19,   18,   18,   13],
       [  14,   49,    4,   60,   13,  623,   42,   22,   63,    2],
       [  13,   12,   17,    0,   14,    8,  862,   31,    1,    0],
       [  10,   25,   33,    4,   26,    1,    0,  863,   57,    9],
       [  12,   20,   12,   31,   23,   20,   19,    6,  826,    5],
       [  41,    7,    2,    3,  110,   19,    1,   76,   60,  690]],
      dtype=int64)}, 88.48207829998864)
[2024-08-13 12:47:42,088][flwr][INFO] - configure_evaluate: no clients selected, skipping evaluation
[2024-08-13 12:47:42,088][flwr][INFO] - 
[2024-08-13 12:47:42,088][flwr][INFO] - [SUMMARY]
[2024-08-13 12:47:42,088][flwr][INFO] - Run finished 10 round(s) in 88.48s
[2024-08-13 12:47:42,096][flwr][INFO] - 	History (loss, centralized):
[2024-08-13 12:47:42,096][flwr][INFO] - 		round 0: 2.3025850929940455
[2024-08-13 12:47:42,096][flwr][INFO] - 		round 1: 0.9972198714841869
[2024-08-13 12:47:42,096][flwr][INFO] - 		round 2: 0.7951514140471506
[2024-08-13 12:47:42,096][flwr][INFO] - 		round 3: 0.7950029088734467
[2024-08-13 12:47:42,097][flwr][INFO] - 		round 4: 0.825221390715891
[2024-08-13 12:47:42,097][flwr][INFO] - 		round 5: 0.7969295013881874
[2024-08-13 12:47:42,097][flwr][INFO] - 		round 6: 0.8070864178242433
[2024-08-13 12:47:42,097][flwr][INFO] - 		round 7: 0.800156321747592
[2024-08-13 12:47:42,097][flwr][INFO] - 		round 8: 0.8037469969950456
[2024-08-13 12:47:42,097][flwr][INFO] - 		round 9: 0.7950734898618591
[2024-08-13 12:47:42,097][flwr][INFO] - 		round 10: 0.7872754774205089
[2024-08-13 12:47:42,097][flwr][INFO] - 	History (metrics, centralized):
[2024-08-13 12:47:42,097][flwr][INFO] - 	{'accuracy': [(0, 0.098),
[2024-08-13 12:47:42,097][flwr][INFO] - 	              (1, 0.681),
[2024-08-13 12:47:42,097][flwr][INFO] - 	              (2, 0.7892),
[2024-08-13 12:47:42,097][flwr][INFO] - 	              (3, 0.7995),
[2024-08-13 12:47:42,097][flwr][INFO] - 	              (4, 0.772),
[2024-08-13 12:47:42,097][flwr][INFO] - 	              (5, 0.821),
[2024-08-13 12:47:42,097][flwr][INFO] - 	              (6, 0.8158),
[2024-08-13 12:47:42,097][flwr][INFO] - 	              (7, 0.817),
[2024-08-13 12:47:42,098][flwr][INFO] - 	              (8, 0.8287),
[2024-08-13 12:47:42,098][flwr][INFO] - 	              (9, 0.8195),
[2024-08-13 12:47:42,098][flwr][INFO] - 	              (10, 0.8352)],
[2024-08-13 12:47:42,098][flwr][INFO] - 	 'confusion_matrix': [(0,
[2024-08-13 12:47:42,098][flwr][INFO] - 	                       array([[ 980,    0,    0,    0,    0,    0,    0,    0,    0,    0],
[2024-08-13 12:47:42,098][flwr][INFO] - 	       [1135,    0,    0,    0,    0,    0,    0,    0,    0,    0],
[2024-08-13 12:47:42,098][flwr][INFO] - 	       [1032,    0,    0,    0,    0,    0,    0,    0,    0,    0],
[2024-08-13 12:47:42,098][flwr][INFO] - 	       [1010,    0,    0,    0,    0,    0,    0,    0,    0,    0],
[2024-08-13 12:47:42,099][flwr][INFO] - 	       [ 982,    0,    0,    0,    0,    0,    0,    0,    0,    0],
[2024-08-13 12:47:42,099][flwr][INFO] - 	       [ 892,    0,    0,    0,    0,    0,    0,    0,    0,    0],
[2024-08-13 12:47:42,099][flwr][INFO] - 	       [ 958,    0,    0,    0,    0,    0,    0,    0,    0,    0],
[2024-08-13 12:47:42,099][flwr][INFO] - 	       [1028,    0,    0,    0,    0,    0,    0,    0,    0,    0],
[2024-08-13 12:47:42,099][flwr][INFO] - 	       [ 974,    0,    0,    0,    0,    0,    0,    0,    0,    0],
[2024-08-13 12:47:42,099][flwr][INFO] - 	       [1009,    0,    0,    0,    0,    0,    0,    0,    0,    0]],
[2024-08-13 12:47:42,099][flwr][INFO] - 	      dtype=int64)),
[2024-08-13 12:47:42,099][flwr][INFO] - 	                      (1,
[2024-08-13 12:47:42,099][flwr][INFO] - 	                       array([[960,   0,   2,   4,   0,   0,   6,   0,   8,   0],
[2024-08-13 12:47:42,099][flwr][INFO] - 	       [  0, 996,  89,   9,   0,   0,   4,   1,  30,   6],
[2024-08-13 12:47:42,099][flwr][INFO] - 	       [101,   9, 668, 143,   3,   0,  17,  21,  45,  25],
[2024-08-13 12:47:42,099][flwr][INFO] - 	       [ 33,   4,  13, 869,   0,   0,   6,   9,  47,  29],
[2024-08-13 12:47:42,099][flwr][INFO] - 	       [ 59,   5,   5,   0, 234,   0,  20,  10,  30, 619],
[2024-08-13 12:47:42,099][flwr][INFO] - 	       [297,  57,  14, 228,   3,   6,  27,  17, 156,  87],
[2024-08-13 12:47:42,099][flwr][INFO] - 	       [131,  13,  22,   5,   2,   0, 771,   4,   7,   3],
[2024-08-13 12:47:42,099][flwr][INFO] - 	       [ 36,  25,  22,   3,   0,   0,   1, 767,  89,  85],
[2024-08-13 12:47:42,099][flwr][INFO] - 	       [ 63,   6,  16, 145,   1,   0,  10,   5, 669,  59],
[2024-08-13 12:47:42,100][flwr][INFO] - 	       [ 65,   6,   0,  11,   5,   0,   1,  17,  34, 870]], dtype=int64)),
[2024-08-13 12:47:42,100][flwr][INFO] - 	                      (2,
[2024-08-13 12:47:42,100][flwr][INFO] - 	                       array([[ 924,    0,    3,    3,    0,    2,   35,    4,    9,    0],
[2024-08-13 12:47:42,100][flwr][INFO] - 	       [   0, 1016,   94,    5,    1,    2,    5,    1,   11,    0],
[2024-08-13 12:47:42,100][flwr][INFO] - 	       [  25,    9,  836,   51,   20,    0,   24,   30,   36,    1],
[2024-08-13 12:47:42,100][flwr][INFO] - 	       [  12,    7,   27,  833,    5,   15,   11,   17,   71,   12],
[2024-08-13 12:47:42,100][flwr][INFO] - 	       [  10,    6,    7,    0,  869,    1,   29,   20,   19,   21],
[2024-08-13 12:47:42,100][flwr][INFO] - 	       [  49,   63,   20,  175,   32,  402,   49,   33,   56,   13],
[2024-08-13 12:47:42,100][flwr][INFO] - 	       [  33,   14,   30,    0,   18,    5,  850,    7,    1,    0],
[2024-08-13 12:47:42,100][flwr][INFO] - 	       [  11,   32,   45,    0,   16,    0,    1,  882,   34,    7],
[2024-08-13 12:47:42,100][flwr][INFO] - 	       [  25,   19,   32,  103,   26,    8,   22,   14,  716,    9],
[2024-08-13 12:47:42,100][flwr][INFO] - 	       [  33,   11,    3,    4,  213,    3,    1,  135,   42,  564]],
[2024-08-13 12:47:42,100][flwr][INFO] - 	      dtype=int64)),
[2024-08-13 12:47:42,100][flwr][INFO] - 	                      (3,
[2024-08-13 12:47:42,100][flwr][INFO] - 	                       array([[ 899,    2,    2,    1,    0,   35,   33,    2,    5,    1],
[2024-08-13 12:47:42,100][flwr][INFO] - 	       [   0, 1046,   61,    3,    1,   11,    4,    0,    3,    6],
[2024-08-13 12:47:42,100][flwr][INFO] - 	       [  18,   11,  813,   58,   13,    3,   24,   26,   45,   21],
[2024-08-13 12:47:42,100][flwr][INFO] - 	       [   4,    9,   21,  799,    2,   62,    9,   12,   34,   58],
[2024-08-13 12:47:42,101][flwr][INFO] - 	       [   7,    6,    2,    0,  647,   12,   24,    8,   10,  266],
[2024-08-13 12:47:42,101][flwr][INFO] - 	       [  22,   63,   11,   80,    7,  624,   32,   15,   12,   26],
[2024-08-13 12:47:42,101][flwr][INFO] - 	       [  22,   15,   26,    1,   12,   18,  851,   10,    1,    2],
[2024-08-13 12:47:42,101][flwr][INFO] - 	       [  10,   33,   34,    1,   13,    0,    1,  802,   37,   97],
[2024-08-13 12:47:42,101][flwr][INFO] - 	       [   7,   27,   22,   76,    9,   72,   20,    5,  616,  120],
[2024-08-13 12:47:42,101][flwr][INFO] - 	       [  23,    7,    2,    5,   26,   18,    1,   18,   11,  898]],
[2024-08-13 12:47:42,101][flwr][INFO] - 	      dtype=int64)),
[2024-08-13 12:47:42,101][flwr][INFO] - 	                      (4,
[2024-08-13 12:47:42,101][flwr][INFO] - 	                       array([[ 906,    1,    1,    5,    6,    7,   31,    9,   14,    0],
[2024-08-13 12:47:42,101][flwr][INFO] - 	       [   0, 1047,   48,    5,    1,    3,    5,    1,   25,    0],
[2024-08-13 12:47:42,101][flwr][INFO] - 	       [  15,   10,  790,   67,   34,    0,   20,   37,   59,    0],
[2024-08-13 12:47:42,101][flwr][INFO] - 	       [   0,    7,   11,  842,   12,   23,    8,   23,   83,    1],
[2024-08-13 12:47:42,101][flwr][INFO] - 	       [   6,    4,    1,    0,  918,    1,   14,   22,   15,    1],
[2024-08-13 12:47:42,101][flwr][INFO] - 	       [  20,   69,    7,  115,   45,  488,   38,   30,   78,    2],
[2024-08-13 12:47:42,101][flwr][INFO] - 	       [  14,   14,   27,    1,   28,    6,  841,   25,    2,    0],
[2024-08-13 12:47:42,101][flwr][INFO] - 	       [   6,   24,   32,    1,   22,    0,    0,  891,   52,    0],
[2024-08-13 12:47:42,101][flwr][INFO] - 	       [  10,   21,   14,   63,   35,   12,   19,    9,  790,    1],
[2024-08-13 12:47:42,102][flwr][INFO] - 	       [  24,    8,    2,    4,  458,    6,    1,  203,   96,  207]],
[2024-08-13 12:47:42,102][flwr][INFO] - 	      dtype=int64)),
[2024-08-13 12:47:42,102][flwr][INFO] - 	                      (5,
[2024-08-13 12:47:42,102][flwr][INFO] - 	                       array([[ 910,    3,    3,    5,    0,   12,   35,    5,    7,    0],
[2024-08-13 12:47:42,102][flwr][INFO] - 	       [   0, 1048,   59,    6,    1,    8,    5,    1,    4,    3],
[2024-08-13 12:47:42,102][flwr][INFO] - 	       [  13,   14,  823,   63,   13,    1,   22,   34,   40,    9],
[2024-08-13 12:47:42,102][flwr][INFO] - 	       [   1,    7,   13,  850,    3,   38,   10,   18,   28,   42],
[2024-08-13 12:47:42,102][flwr][INFO] - 	       [   6,    5,    2,    0,  760,    5,   22,   21,    9,  152],
[2024-08-13 12:47:42,102][flwr][INFO] - 	       [  12,   64,   12,   85,   11,  607,   37,   22,   19,   23],
[2024-08-13 12:47:42,102][flwr][INFO] - 	       [  13,   14,   28,    1,   10,   12,  855,   24,    1,    0],
[2024-08-13 12:47:42,102][flwr][INFO] - 	       [   8,   31,   38,    2,   13,    0,    2,  856,   27,   51],
[2024-08-13 12:47:42,102][flwr][INFO] - 	       [  12,   37,   20,   90,   14,   38,   22,    8,  632,  101],
[2024-08-13 12:47:42,102][flwr][INFO] - 	       [  22,    8,    2,    6,   35,   15,    2,   39,   11,  869]],
[2024-08-13 12:47:42,102][flwr][INFO] - 	      dtype=int64)),
[2024-08-13 12:47:42,102][flwr][INFO] - 	                      (6,
[2024-08-13 12:47:42,102][flwr][INFO] - 	                       array([[ 913,    4,    2,    4,    3,    8,   24,    7,   15,    0],
[2024-08-13 12:47:42,102][flwr][INFO] - 	       [   0, 1061,   29,    5,    1,    3,    5,    1,   30,    0],
[2024-08-13 12:47:42,103][flwr][INFO] - 	       [  12,   16,  796,   55,   34,    1,   18,   33,   66,    1],
[2024-08-13 12:47:42,103][flwr][INFO] - 	       [   1,   11,   11,  803,   14,   34,   13,   19,   98,    6],
[2024-08-13 12:47:42,103][flwr][INFO] - 	       [   5,    4,    1,    0,  912,    3,   17,   17,   16,    7],
[2024-08-13 12:47:42,103][flwr][INFO] - 	       [  12,   64,    4,   70,   28,  575,   41,   22,   73,    3],
[2024-08-13 12:47:42,103][flwr][INFO] - 	       [  13,   18,   17,    0,   27,    7,  848,   26,    2,    0],
[2024-08-13 12:47:42,103][flwr][INFO] - 	       [   9,   29,   28,    2,   27,    0,    0,  855,   72,    6],
[2024-08-13 12:47:42,103][flwr][INFO] - 	       [  10,   27,   11,   38,   29,   15,   18,    6,  815,    5],
[2024-08-13 12:47:42,103][flwr][INFO] - 	       [  33,    8,    2,    3,  196,   11,    1,   93,   82,  580]],
[2024-08-13 12:47:42,103][flwr][INFO] - 	      dtype=int64)),
[2024-08-13 12:47:42,103][flwr][INFO] - 	                      (7,
[2024-08-13 12:47:42,103][flwr][INFO] - 	                       array([[ 914,    8,    3,    5,    1,   10,   25,    8,    6,    0],
[2024-08-13 12:47:42,103][flwr][INFO] - 	       [   0, 1052,   52,   10,    1,    8,    5,    1,    3,    3],
[2024-08-13 12:47:42,103][flwr][INFO] - 	       [  11,   18,  825,   60,   11,    2,   22,   34,   33,   16],
[2024-08-13 12:47:42,103][flwr][INFO] - 	       [   1,   11,   12,  847,    3,   40,   10,   16,   18,   52],
[2024-08-13 12:47:42,103][flwr][INFO] - 	       [   4,    5,    2,    0,  748,    3,   20,   19,    4,  177],
[2024-08-13 12:47:42,103][flwr][INFO] - 	       [  12,   59,    8,   76,    8,  624,   40,   23,   14,   28],
[2024-08-13 12:47:42,103][flwr][INFO] - 	       [  13,   13,   23,    0,    9,   14,  857,   27,    0,    2],
[2024-08-13 12:47:42,103][flwr][INFO] - 	       [   9,   28,   36,    4,   13,    1,    1,  854,   16,   66],
[2024-08-13 12:47:42,104][flwr][INFO] - 	       [  12,   48,   20,   90,   10,   46,   24,    9,  554,  161],
[2024-08-13 12:47:42,104][flwr][INFO] - 	       [  25,    8,    2,    7,   23,   12,    1,   34,    2,  895]],
[2024-08-13 12:47:42,104][flwr][INFO] - 	      dtype=int64)),
[2024-08-13 12:47:42,104][flwr][INFO] - 	                      (8,
[2024-08-13 12:47:42,104][flwr][INFO] - 	                       array([[ 910,   13,    3,    4,    1,    9,   22,    7,   11,    0],
[2024-08-13 12:47:42,104][flwr][INFO] - 	       [   0, 1045,   38,    8,    1,    4,    5,    1,   33,    0],
[2024-08-13 12:47:42,104][flwr][INFO] - 	       [  10,   16,  810,   52,   28,    1,   19,   32,   63,    1],
[2024-08-13 12:47:42,104][flwr][INFO] - 	       [   0,   11,   10,  814,   10,   36,   14,   18,   91,    6],
[2024-08-13 12:47:42,104][flwr][INFO] - 	       [   5,    4,    2,    0,  895,    7,   19,   19,   19,   12],
[2024-08-13 12:47:42,104][flwr][INFO] - 	       [  12,   53,    5,   65,   16,  607,   42,   22,   68,    2],
[2024-08-13 12:47:42,104][flwr][INFO] - 	       [  13,   12,   17,    0,   15,    8,  861,   31,    1,    0],
[2024-08-13 12:47:42,104][flwr][INFO] - 	       [  10,   25,   31,    2,   27,    0,    0,  857,   68,    8],
[2024-08-13 12:47:42,104][flwr][INFO] - 	       [  12,   24,   13,   33,   24,   19,   18,    6,  821,    4],
[2024-08-13 12:47:42,104][flwr][INFO] - 	       [  39,    6,    2,    3,  126,   19,    1,   78,   68,  667]],
[2024-08-13 12:47:42,104][flwr][INFO] - 	      dtype=int64)),
[2024-08-13 12:47:42,104][flwr][INFO] - 	                      (9,
[2024-08-13 12:47:42,104][flwr][INFO] - 	                       array([[ 910,   16,    4,    5,    1,    9,   21,    8,    6,    0],
[2024-08-13 12:47:42,105][flwr][INFO] - 	       [   0, 1052,   48,   11,    2,    7,    6,    1,    5,    3],
[2024-08-13 12:47:42,105][flwr][INFO] - 	       [  11,   19,  824,   58,   12,    2,   22,   35,   33,   16],
[2024-08-13 12:47:42,105][flwr][INFO] - 	       [   2,   11,    9,  853,    3,   39,   10,   17,   17,   49],
[2024-08-13 12:47:42,105][flwr][INFO] - 	       [   4,    5,    2,    0,  765,    4,   19,   19,    2,  162],
[2024-08-13 12:47:42,105][flwr][INFO] - 	       [  14,   55,    6,   73,    8,  629,   42,   23,   15,   27],
[2024-08-13 12:47:42,105][flwr][INFO] - 	       [  12,   12,   18,    0,   10,    9,  862,   33,    0,    2],
[2024-08-13 12:47:42,105][flwr][INFO] - 	       [   9,   28,   34,    5,   15,    1,    1,  856,   15,   64],
[2024-08-13 12:47:42,105][flwr][INFO] - 	       [  16,   45,   19,   86,   14,   45,   25,    9,  553,  162],
[2024-08-13 12:47:42,105][flwr][INFO] - 	       [  25,    8,    3,    7,   28,   11,    1,   33,    2,  891]],
[2024-08-13 12:47:42,105][flwr][INFO] - 	      dtype=int64)),
[2024-08-13 12:47:42,105][flwr][INFO] - 	                      (10,
[2024-08-13 12:47:42,105][flwr][INFO] - 	                       array([[ 909,   18,    4,    4,    1,    9,   21,    7,    7,    0],
[2024-08-13 12:47:42,105][flwr][INFO] - 	       [   0, 1046,   35,    9,    1,    4,    5,    1,   34,    0],
[2024-08-13 12:47:42,105][flwr][INFO] - 	       [  10,   16,  814,   48,   26,    0,   22,   33,   62,    1],
[2024-08-13 12:47:42,105][flwr][INFO] - 	       [   1,   11,    9,  823,   11,   38,   14,   17,   80,    6],
[2024-08-13 12:47:42,105][flwr][INFO] - 	       [   4,    4,    2,    0,  896,    8,   19,   18,   18,   13],
[2024-08-13 12:47:42,105][flwr][INFO] - 	       [  14,   49,    4,   60,   13,  623,   42,   22,   63,    2],
[2024-08-13 12:47:42,106][flwr][INFO] - 	       [  13,   12,   17,    0,   14,    8,  862,   31,    1,    0],
[2024-08-13 12:47:42,106][flwr][INFO] - 	       [  10,   25,   33,    4,   26,    1,    0,  863,   57,    9],
[2024-08-13 12:47:42,106][flwr][INFO] - 	       [  12,   20,   12,   31,   23,   20,   19,    6,  826,    5],
[2024-08-13 12:47:42,106][flwr][INFO] - 	       [  41,    7,    2,    3,  110,   19,    1,   76,   60,  690]],
[2024-08-13 12:47:42,106][flwr][INFO] - 	      dtype=int64))],
[2024-08-13 12:47:42,106][flwr][INFO] - 	 'f1': [(0, 0.017493624772313296),
[2024-08-13 12:47:42,106][flwr][INFO] - 	        (1, 0.6436852965431165),
[2024-08-13 12:47:42,106][flwr][INFO] - 	        (2, 0.7821239973542798),
[2024-08-13 12:47:42,106][flwr][INFO] - 	        (3, 0.7993926182140562),
[2024-08-13 12:47:42,106][flwr][INFO] - 	        (4, 0.7544154671847119),
[2024-08-13 12:47:42,106][flwr][INFO] - 	        (5, 0.8196342822983115),
[2024-08-13 12:47:42,106][flwr][INFO] - 	        (6, 0.8137845346963555),
[2024-08-13 12:47:42,106][flwr][INFO] - 	        (7, 0.8153844613229972),
[2024-08-13 12:47:42,106][flwr][INFO] - 	        (8, 0.8279050688368101),
[2024-08-13 12:47:42,106][flwr][INFO] - 	        (9, 0.8177145957839722),
[2024-08-13 12:47:42,106][flwr][INFO] - 	        (10, 0.8344367869597463)],
[2024-08-13 12:47:42,106][flwr][INFO] - 	 'precision': [(0, 0.009604000000000001),
[2024-08-13 12:47:42,107][flwr][INFO] - 	               (1, 0.7654755981780945),
[2024-08-13 12:47:42,107][flwr][INFO] - 	               (2, 0.8014378302917489),
[2024-08-13 12:47:42,107][flwr][INFO] - 	               (3, 0.8113427045168808),
[2024-08-13 12:47:42,107][flwr][INFO] - 	               (4, 0.806991759881961),
[2024-08-13 12:47:42,107][flwr][INFO] - 	               (5, 0.8246434610599801),
[2024-08-13 12:47:42,107][flwr][INFO] - 	               (6, 0.830926228593804),
[2024-08-13 12:47:42,107][flwr][INFO] - 	               (7, 0.8263753229000226),
[2024-08-13 12:47:42,107][flwr][INFO] - 	               (8, 0.8381965891498491),
[2024-08-13 12:47:42,107][flwr][INFO] - 	               (9, 0.8279348050913024),
[2024-08-13 12:47:42,107][flwr][INFO] - 	               (10, 0.8427958324757867)],
[2024-08-13 12:47:42,107][flwr][INFO] - 	 'recall': [(0, 0.098),
[2024-08-13 12:47:42,107][flwr][INFO] - 	            (1, 0.681),
[2024-08-13 12:47:42,107][flwr][INFO] - 	            (2, 0.7892),
[2024-08-13 12:47:42,107][flwr][INFO] - 	            (3, 0.7995),
[2024-08-13 12:47:42,107][flwr][INFO] - 	            (4, 0.772),
[2024-08-13 12:47:42,107][flwr][INFO] - 	            (5, 0.821),
[2024-08-13 12:47:42,107][flwr][INFO] - 	            (6, 0.8158),
[2024-08-13 12:47:42,108][flwr][INFO] - 	            (7, 0.817),
[2024-08-13 12:47:42,108][flwr][INFO] - 	            (8, 0.8287),
[2024-08-13 12:47:42,108][flwr][INFO] - 	            (9, 0.8195),
[2024-08-13 12:47:42,108][flwr][INFO] - 	            (10, 0.8352)]}
[2024-08-13 12:47:42,108][flwr][INFO] - 
