[2024-08-13 14:27:55,847][flwr][INFO] - Starting Flower simulation, config: num_rounds=10, no round_timeout
[2024-08-13 14:27:59,924][flwr][INFO] - Flower VCE: Ray initialized with resources: {'accelerator_type:G': 1.0, 'CPU': 16.0, 'GPU': 1.0, 'object_store_memory': 2390883532.0, 'memory': 4781767067.0, 'node:127.0.0.1': 1.0, 'node:__internal_head__': 1.0}
[2024-08-13 14:27:59,925][flwr][INFO] - Optimize your simulation with Flower VCE: https://flower.ai/docs/framework/how-to-run-simulations.html
[2024-08-13 14:27:59,925][flwr][INFO] - Flower VCE: Resources for each Virtual Client: {'num_cpus': 2, 'num_gpus': 0.5}
[2024-08-13 14:27:59,936][flwr][INFO] - Flower VCE: Creating VirtualClientEngineActorPool with 2 actors
[2024-08-13 14:27:59,938][flwr][INFO] - [INIT]
[2024-08-13 14:27:59,938][flwr][INFO] - Requesting initial parameters from one random client
[2024-08-13 14:28:07,508][flwr][INFO] - Received initial parameters from one random client
[2024-08-13 14:28:07,508][flwr][INFO] - Evaluating initial global parameters
[2024-08-13 14:28:09,729][flwr][INFO] - initial parameters (loss, other metrics): 2.3025850929940455, {'accuracy': 0.098, 'precision': 0.009604000000000001, 'recall': 0.098, 'f1': 0.017493624772313296, 'confusion_matrix': array([[ 980,    0,    0,    0,    0,    0,    0,    0,    0,    0],
       [1135,    0,    0,    0,    0,    0,    0,    0,    0,    0],
       [1032,    0,    0,    0,    0,    0,    0,    0,    0,    0],
       [1010,    0,    0,    0,    0,    0,    0,    0,    0,    0],
       [ 982,    0,    0,    0,    0,    0,    0,    0,    0,    0],
       [ 892,    0,    0,    0,    0,    0,    0,    0,    0,    0],
       [ 958,    0,    0,    0,    0,    0,    0,    0,    0,    0],
       [1028,    0,    0,    0,    0,    0,    0,    0,    0,    0],
       [ 974,    0,    0,    0,    0,    0,    0,    0,    0,    0],
       [1009,    0,    0,    0,    0,    0,    0,    0,    0,    0]],
      dtype=int64)}
[2024-08-13 14:28:09,729][flwr][INFO] - 
[2024-08-13 14:28:09,730][flwr][INFO] - [ROUND 1]
[2024-08-13 14:28:09,730][flwr][INFO] - configure_fit: strategy sampled 10 clients (out of 100)
[2024-08-13 14:28:13,245][flwr][INFO] - aggregate_fit: received 10 results and 0 failures
[2024-08-13 14:28:13,248][flwr][WARNING] - No fit_metrics_aggregation_fn provided
[2024-08-13 14:28:15,341][flwr][INFO] - fit progress: (1, 1.0316444347979017, {'accuracy': 0.6978, 'precision': 0.6898783351837876, 'recall': 0.6978, 'f1': 0.6700290799238525, 'confusion_matrix': array([[ 957,    0,    2,   18,    0,    0,    1,    1,    1,    0],
       [   0, 1091,   21,   17,    0,    0,    2,    0,    4,    0],
       [  77,   52,  692,  172,    6,    0,   14,    7,   11,    1],
       [  24,   13,    9,  943,    0,    0,    0,    6,   12,    3],
       [  54,   42,   10,   30,  693,    0,   19,    2,   31,  101],
       [ 251,  111,   12,  411,   12,    0,    2,   13,   56,   24],
       [ 203,   40,   29,   26,    7,    0,  649,    0,    4,    0],
       [  35,   74,   39,   22,    3,    0,    1,  812,   22,   20],
       [  67,   51,   15,  377,    2,    0,    2,    9,  442,    9],
       [  79,   34,   10,   53,   46,    0,    2,   49,   37,  699]],
      dtype=int64)}, 5.611682300004759)
[2024-08-13 14:28:15,342][flwr][INFO] - configure_evaluate: no clients selected, skipping evaluation
[2024-08-13 14:28:15,342][flwr][INFO] - 
[2024-08-13 14:28:15,342][flwr][INFO] - [ROUND 2]
[2024-08-13 14:28:15,342][flwr][INFO] - configure_fit: strategy sampled 10 clients (out of 100)
[2024-08-13 14:28:16,516][flwr][INFO] - aggregate_fit: received 10 results and 0 failures
[2024-08-13 14:28:18,611][flwr][INFO] - fit progress: (2, 0.8179805879923462, {'accuracy': 0.8074, 'precision': 0.8260551385445568, 'recall': 0.8074, 'f1': 0.8062764120131197, 'confusion_matrix': array([[ 872,    0,    4,    0,    1,   20,   53,    1,   28,    1],
       [   0, 1066,    9,    1,    1,    0,    5,    1,   52,    0],
       [  15,   27,  833,    6,   23,    2,   40,   15,   69,    2],
       [  11,   19,   46,  562,    3,   98,   25,   14,  217,   15],
       [   3,    7,    1,    0,  853,    0,   37,    0,   25,   56],
       [  30,   58,    8,   13,   28,  550,   50,   17,  100,   38],
       [  20,   14,   16,    0,   10,   13,  873,    1,   11,    0],
       [   6,   39,   23,    0,   18,    0,    1,  828,   70,   43],
       [   9,   14,    8,    6,   13,   17,   24,    8,  856,   19],
       [  14,   14,    5,    2,  117,    6,    2,   22,   46,  781]],
      dtype=int64)}, 8.882411800004775)
[2024-08-13 14:28:18,612][flwr][INFO] - configure_evaluate: no clients selected, skipping evaluation
[2024-08-13 14:28:18,612][flwr][INFO] - 
[2024-08-13 14:28:18,612][flwr][INFO] - [ROUND 3]
[2024-08-13 14:28:18,612][flwr][INFO] - configure_fit: strategy sampled 10 clients (out of 100)
[2024-08-13 14:28:19,748][flwr][INFO] - aggregate_fit: received 10 results and 0 failures
[2024-08-13 14:28:21,851][flwr][INFO] - fit progress: (3, 0.847051596452191, {'accuracy': 0.7719, 'precision': 0.8073577392891998, 'recall': 0.7719, 'f1': 0.7523707852395577, 'confusion_matrix': array([[ 902,    0,    4,   22,    0,   32,   18,    2,    0,    0],
       [   0, 1060,   46,   15,    1,    7,    4,    1,    0,    1],
       [  15,   16,  799,  131,   15,    0,   20,   22,    5,    9],
       [   1,    2,   12,  930,    0,   18,    3,   17,    0,   27],
       [   6,    9,    6,    1,  766,    3,   19,    8,    0,  164],
       [  19,   46,   16,  198,   12,  536,   17,   16,    1,   31],
       [  30,   13,   32,    7,   18,   25,  831,    2,    0,    0],
       [   5,   36,   40,    8,   11,    0,    1,  883,    0,   44],
       [  10,   39,   51,  363,   11,  122,   12,   14,  135,  217],
       [  20,   11,    5,   18,   31,   12,    1,   34,    0,  877]],
      dtype=int64)}, 12.122513599999365)
[2024-08-13 14:28:21,852][flwr][INFO] - configure_evaluate: no clients selected, skipping evaluation
[2024-08-13 14:28:21,852][flwr][INFO] - 
[2024-08-13 14:28:21,852][flwr][INFO] - [ROUND 4]
[2024-08-13 14:28:21,853][flwr][INFO] - configure_fit: strategy sampled 10 clients (out of 100)
[2024-08-13 14:28:23,036][flwr][INFO] - aggregate_fit: received 10 results and 0 failures
[2024-08-13 14:28:25,208][flwr][INFO] - fit progress: (4, 0.7999252357322025, {'accuracy': 0.8245, 'precision': 0.8369852734034712, 'recall': 0.8245, 'f1': 0.8230995855125357, 'confusion_matrix': array([[ 915,    0,    1,    0,    3,   17,   23,    2,   19,    0],
       [   0, 1069,   21,    1,    1,    3,    5,    1,   34,    0],
       [  13,   21,  817,   26,   34,    0,   23,   27,   70,    1],
       [   6,   13,   23,  755,    3,   60,   14,   20,  108,    8],
       [   6,    5,    1,    0,  905,    2,   19,    5,   23,   16],
       [  26,   55,    5,   44,   27,  614,   27,   23,   63,    8],
       [  26,   17,   18,    1,   23,   16,  850,    2,    5,    0],
       [   5,   35,   25,    0,   20,    0,    0,  863,   68,   12],
       [   9,   16,   10,   17,   16,   28,   18,    9,  846,    5],
       [  24,   10,    3,    2,  201,   10,    0,   78,   70,  611]],
      dtype=int64)}, 15.479168400008348)
[2024-08-13 14:28:25,209][flwr][INFO] - configure_evaluate: no clients selected, skipping evaluation
[2024-08-13 14:28:25,209][flwr][INFO] - 
[2024-08-13 14:28:25,209][flwr][INFO] - [ROUND 5]
[2024-08-13 14:28:25,210][flwr][INFO] - configure_fit: strategy sampled 10 clients (out of 100)
[2024-08-13 14:28:26,375][flwr][INFO] - aggregate_fit: received 10 results and 0 failures
[2024-08-13 14:28:28,489][flwr][INFO] - fit progress: (5, 0.853491414561672, {'accuracy': 0.7461, 'precision': 0.8109380401260391, 'recall': 0.7461, 'f1': 0.7344283883298456, 'confusion_matrix': array([[ 911,    1,    1,   22,    1,   18,   16,    1,    0,    9],
       [   0, 1083,   29,   10,    1,    2,    5,    1,    0,    4],
       [  14,   23,  676,  212,    8,    1,   25,   32,    9,   32],
       [   1,    5,    5,  908,    0,   23,    4,   14,    1,   49],
       [   5,    8,    2,    1,  530,    1,   17,    6,    1,  411],
       [  14,   59,    2,  163,    9,  551,   20,   18,    0,   56],
       [  15,   18,   16,    8,    9,   17,  861,   11,    0,    3],
       [   3,   39,   22,    8,    7,    0,    0,  819,    1,  129],
       [   8,   62,   10,  265,    3,   58,   17,    7,  186,  358],
       [  17,    8,    2,   15,    8,    7,    0,   16,    0,  936]],
      dtype=int64)}, 18.760168300010264)
[2024-08-13 14:28:28,490][flwr][INFO] - configure_evaluate: no clients selected, skipping evaluation
[2024-08-13 14:28:28,490][flwr][INFO] - 
[2024-08-13 14:28:28,490][flwr][INFO] - [ROUND 6]
[2024-08-13 14:28:28,490][flwr][INFO] - configure_fit: strategy sampled 10 clients (out of 100)
[2024-08-13 14:28:29,830][flwr][INFO] - aggregate_fit: received 10 results and 0 failures
[2024-08-13 14:28:31,961][flwr][INFO] - fit progress: (6, 0.8484746435656009, {'accuracy': 0.7798, 'precision': 0.8251892595768217, 'recall': 0.7798, 'f1': 0.7674487163572027, 'confusion_matrix': array([[ 921,    1,    2,    0,    1,   10,   18,    2,   25,    0],
       [   0, 1033,   46,    1,    1,    2,    4,    1,   47,    0],
       [  10,   10,  856,   22,   20,    0,   16,   20,   78,    0],
       [   5,    7,   35,  710,    7,   63,   14,   13,  155,    1],
       [   5,    4,    3,    0,  898,    4,   18,    5,   44,    1],
       [  20,   42,   11,   32,   21,  610,   24,   16,  115,    1],
       [  14,   10,   32,    1,   22,   13,  853,    7,    6,    0],
       [   7,   24,   32,    0,   25,    0,    0,  822,  117,    1],
       [   8,    5,   18,   10,   11,   18,   15,    4,  885,    0],
       [  21,    5,    5,    2,  380,   27,    1,   91,  267,  210]],
      dtype=int64)}, 22.23156650000601)
[2024-08-13 14:28:31,962][flwr][INFO] - configure_evaluate: no clients selected, skipping evaluation
[2024-08-13 14:28:31,962][flwr][INFO] - 
[2024-08-13 14:28:31,962][flwr][INFO] - [ROUND 7]
[2024-08-13 14:28:31,962][flwr][INFO] - configure_fit: strategy sampled 10 clients (out of 100)
[2024-08-13 14:28:33,086][flwr][INFO] - aggregate_fit: received 10 results and 0 failures
[2024-08-13 14:28:35,166][flwr][INFO] - fit progress: (7, 0.8540419126780041, {'accuracy': 0.7734, 'precision': 0.8165330839935411, 'recall': 0.7734, 'f1': 0.758908630383369, 'confusion_matrix': array([[ 922,    3,    2,   12,    1,   14,   20,    2,    0,    4],
       [   0, 1077,   35,    8,    1,    4,    6,    1,    0,    3],
       [  13,   16,  772,  130,   10,    1,   24,   33,    9,   24],
       [   1,    4,    6,  900,    0,   25,    5,   17,    1,   51],
       [   3,    7,    2,    1,  666,    0,   21,   14,    0,  268],
       [  14,   49,    5,  124,   10,  601,   31,   17,    0,   41],
       [  14,   12,   18,    3,    8,   15,  866,   20,    0,    2],
       [   7,   32,   30,    6,   10,    1,    0,  830,    1,  111],
       [  17,   71,   17,  209,   10,   69,   28,    9,  177,  367],
       [  20,    8,    2,   13,   12,    8,    2,   21,    0,  923]],
      dtype=int64)}, 25.437212800010457)
[2024-08-13 14:28:35,167][flwr][INFO] - configure_evaluate: no clients selected, skipping evaluation
[2024-08-13 14:28:35,167][flwr][INFO] - 
[2024-08-13 14:28:35,167][flwr][INFO] - [ROUND 8]
[2024-08-13 14:28:35,168][flwr][INFO] - configure_fit: strategy sampled 10 clients (out of 100)
[2024-08-13 14:28:36,310][flwr][INFO] - aggregate_fit: received 10 results and 0 failures
[2024-08-13 14:28:38,535][flwr][INFO] - fit progress: (8, 0.8533030423896857, {'accuracy': 0.7882, 'precision': 0.8284317463486259, 'recall': 0.7882, 'f1': 0.779051908361023, 'confusion_matrix': array([[ 897,    4,    4,    4,    6,    6,   41,    3,   15,    0],
       [   0, 1044,   49,    2,    2,    3,    5,    1,   29,    0],
       [   8,   13,  828,   26,   42,    0,   23,   24,   68,    0],
       [   0,   12,   20,  762,   23,   42,   23,   14,  113,    1],
       [   2,    2,    1,    0,  935,    1,   18,    5,   17,    1],
       [  11,   47,    5,   40,   41,  569,   53,   19,  106,    1],
       [   9,   10,   18,    0,   30,    5,  880,    5,    1,    0],
       [   9,   25,   34,    0,   38,    0,    0,  826,   94,    2],
       [   8,   12,   14,   11,   35,   15,   22,    3,  854,    0],
       [  26,    7,    3,    2,  473,    9,    1,   70,  131,  287]],
      dtype=int64)}, 28.806147399998736)
[2024-08-13 14:28:38,536][flwr][INFO] - configure_evaluate: no clients selected, skipping evaluation
[2024-08-13 14:28:38,536][flwr][INFO] - 
[2024-08-13 14:28:38,536][flwr][INFO] - [ROUND 9]
[2024-08-13 14:28:38,536][flwr][INFO] - configure_fit: strategy sampled 10 clients (out of 100)
[2024-08-13 14:28:39,688][flwr][INFO] - aggregate_fit: received 10 results and 0 failures
[2024-08-13 14:28:41,782][flwr][INFO] - fit progress: (9, 0.8849862929528645, {'accuracy': 0.7404, 'precision': 0.8106337495068002, 'recall': 0.7404, 'f1': 0.7254793560509467, 'confusion_matrix': array([[ 905,    8,    4,   12,    0,   13,   29,    3,    0,    6],
       [   0, 1057,   54,    6,    1,    4,    6,    1,    0,    6],
       [  10,   16,  805,   93,    5,    1,   27,   30,    9,   36],
       [   0,    6,    8,  866,    0,   31,    8,   15,    2,   74],
       [   2,    6,    2,    1,  360,   12,   21,   24,    1,  553],
       [  12,   43,    6,   98,    3,  618,   37,   19,    1,   55],
       [  11,   11,   17,    1,    4,   10,  879,   22,    0,    3],
       [   7,   24,   32,    7,    3,    1,    0,  805,    3,  146],
       [  12,   65,   20,  142,    3,   54,   32,    7,  159,  480],
       [  14,    7,    2,   11,    4,    8,    1,   12,    0,  950]],
      dtype=int64)}, 32.0535297000024)
[2024-08-13 14:28:41,783][flwr][INFO] - configure_evaluate: no clients selected, skipping evaluation
[2024-08-13 14:28:41,783][flwr][INFO] - 
[2024-08-13 14:28:41,783][flwr][INFO] - [ROUND 10]
[2024-08-13 14:28:41,783][flwr][INFO] - configure_fit: strategy sampled 10 clients (out of 100)
[2024-08-13 14:28:43,039][flwr][INFO] - aggregate_fit: received 10 results and 0 failures
[2024-08-13 14:28:45,150][flwr][INFO] - fit progress: (10, 0.8897253552043841, {'accuracy': 0.7716, 'precision': 0.8160995139799863, 'recall': 0.7716, 'f1': 0.7395904456388266, 'confusion_matrix': array([[ 924,    7,    5,    4,    2,    6,   18,    5,    9,    0],
       [   0, 1023,   69,    2,    2,    3,    5,    1,   30,    0],
       [  12,   11,  825,   30,   41,    0,   17,   29,   67,    0],
       [   3,   13,   15,  783,   18,   45,   12,   20,  101,    0],
       [   4,    2,    1,    0,  933,    3,   13,   10,   16,    0],
       [  14,   32,    6,   45,   25,  635,   40,   20,   75,    0],
       [  14,    9,   18,    0,   30,    9,  854,   23,    1,    0],
       [  10,   20,   36,    1,   27,    0,    0,  868,   66,    0],
       [  13,   11,   17,   14,   32,   21,   19,    6,  841,    0],
       [  45,    5,    4,    2,  537,   35,    1,  181,  169,   30]],
      dtype=int64)}, 35.42149470000004)
[2024-08-13 14:28:45,151][flwr][INFO] - configure_evaluate: no clients selected, skipping evaluation
[2024-08-13 14:28:45,151][flwr][INFO] - 
[2024-08-13 14:28:45,151][flwr][INFO] - [SUMMARY]
[2024-08-13 14:28:45,151][flwr][INFO] - Run finished 10 round(s) in 35.42s
[2024-08-13 14:28:45,160][flwr][INFO] - 	History (loss, centralized):
[2024-08-13 14:28:45,161][flwr][INFO] - 		round 0: 2.3025850929940455
[2024-08-13 14:28:45,161][flwr][INFO] - 		round 1: 1.0316444347979017
[2024-08-13 14:28:45,161][flwr][INFO] - 		round 2: 0.8179805879923462
[2024-08-13 14:28:45,161][flwr][INFO] - 		round 3: 0.847051596452191
[2024-08-13 14:28:45,161][flwr][INFO] - 		round 4: 0.7999252357322025
[2024-08-13 14:28:45,161][flwr][INFO] - 		round 5: 0.853491414561672
[2024-08-13 14:28:45,161][flwr][INFO] - 		round 6: 0.8484746435656009
[2024-08-13 14:28:45,161][flwr][INFO] - 		round 7: 0.8540419126780041
[2024-08-13 14:28:45,161][flwr][INFO] - 		round 8: 0.8533030423896857
[2024-08-13 14:28:45,161][flwr][INFO] - 		round 9: 0.8849862929528645
[2024-08-13 14:28:45,161][flwr][INFO] - 		round 10: 0.8897253552043841
[2024-08-13 14:28:45,161][flwr][INFO] - 	History (metrics, centralized):
[2024-08-13 14:28:45,161][flwr][INFO] - 	{'accuracy': [(0, 0.098),
[2024-08-13 14:28:45,162][flwr][INFO] - 	              (1, 0.6978),
[2024-08-13 14:28:45,162][flwr][INFO] - 	              (2, 0.8074),
[2024-08-13 14:28:45,162][flwr][INFO] - 	              (3, 0.7719),
[2024-08-13 14:28:45,162][flwr][INFO] - 	              (4, 0.8245),
[2024-08-13 14:28:45,162][flwr][INFO] - 	              (5, 0.7461),
[2024-08-13 14:28:45,162][flwr][INFO] - 	              (6, 0.7798),
[2024-08-13 14:28:45,162][flwr][INFO] - 	              (7, 0.7734),
[2024-08-13 14:28:45,162][flwr][INFO] - 	              (8, 0.7882),
[2024-08-13 14:28:45,162][flwr][INFO] - 	              (9, 0.7404),
[2024-08-13 14:28:45,162][flwr][INFO] - 	              (10, 0.7716)],
[2024-08-13 14:28:45,162][flwr][INFO] - 	 'confusion_matrix': [(0,
[2024-08-13 14:28:45,162][flwr][INFO] - 	                       array([[ 980,    0,    0,    0,    0,    0,    0,    0,    0,    0],
[2024-08-13 14:28:45,162][flwr][INFO] - 	       [1135,    0,    0,    0,    0,    0,    0,    0,    0,    0],
[2024-08-13 14:28:45,162][flwr][INFO] - 	       [1032,    0,    0,    0,    0,    0,    0,    0,    0,    0],
[2024-08-13 14:28:45,162][flwr][INFO] - 	       [1010,    0,    0,    0,    0,    0,    0,    0,    0,    0],
[2024-08-13 14:28:45,162][flwr][INFO] - 	       [ 982,    0,    0,    0,    0,    0,    0,    0,    0,    0],
[2024-08-13 14:28:45,163][flwr][INFO] - 	       [ 892,    0,    0,    0,    0,    0,    0,    0,    0,    0],
[2024-08-13 14:28:45,163][flwr][INFO] - 	       [ 958,    0,    0,    0,    0,    0,    0,    0,    0,    0],
[2024-08-13 14:28:45,163][flwr][INFO] - 	       [1028,    0,    0,    0,    0,    0,    0,    0,    0,    0],
[2024-08-13 14:28:45,163][flwr][INFO] - 	       [ 974,    0,    0,    0,    0,    0,    0,    0,    0,    0],
[2024-08-13 14:28:45,163][flwr][INFO] - 	       [1009,    0,    0,    0,    0,    0,    0,    0,    0,    0]],
[2024-08-13 14:28:45,163][flwr][INFO] - 	      dtype=int64)),
[2024-08-13 14:28:45,163][flwr][INFO] - 	                      (1,
[2024-08-13 14:28:45,163][flwr][INFO] - 	                       array([[ 957,    0,    2,   18,    0,    0,    1,    1,    1,    0],
[2024-08-13 14:28:45,163][flwr][INFO] - 	       [   0, 1091,   21,   17,    0,    0,    2,    0,    4,    0],
[2024-08-13 14:28:45,163][flwr][INFO] - 	       [  77,   52,  692,  172,    6,    0,   14,    7,   11,    1],
[2024-08-13 14:28:45,163][flwr][INFO] - 	       [  24,   13,    9,  943,    0,    0,    0,    6,   12,    3],
[2024-08-13 14:28:45,163][flwr][INFO] - 	       [  54,   42,   10,   30,  693,    0,   19,    2,   31,  101],
[2024-08-13 14:28:45,163][flwr][INFO] - 	       [ 251,  111,   12,  411,   12,    0,    2,   13,   56,   24],
[2024-08-13 14:28:45,163][flwr][INFO] - 	       [ 203,   40,   29,   26,    7,    0,  649,    0,    4,    0],
[2024-08-13 14:28:45,163][flwr][INFO] - 	       [  35,   74,   39,   22,    3,    0,    1,  812,   22,   20],
[2024-08-13 14:28:45,163][flwr][INFO] - 	       [  67,   51,   15,  377,    2,    0,    2,    9,  442,    9],
[2024-08-13 14:28:45,163][flwr][INFO] - 	       [  79,   34,   10,   53,   46,    0,    2,   49,   37,  699]],
[2024-08-13 14:28:45,164][flwr][INFO] - 	      dtype=int64)),
[2024-08-13 14:28:45,164][flwr][INFO] - 	                      (2,
[2024-08-13 14:28:45,164][flwr][INFO] - 	                       array([[ 872,    0,    4,    0,    1,   20,   53,    1,   28,    1],
[2024-08-13 14:28:45,164][flwr][INFO] - 	       [   0, 1066,    9,    1,    1,    0,    5,    1,   52,    0],
[2024-08-13 14:28:45,164][flwr][INFO] - 	       [  15,   27,  833,    6,   23,    2,   40,   15,   69,    2],
[2024-08-13 14:28:45,164][flwr][INFO] - 	       [  11,   19,   46,  562,    3,   98,   25,   14,  217,   15],
[2024-08-13 14:28:45,164][flwr][INFO] - 	       [   3,    7,    1,    0,  853,    0,   37,    0,   25,   56],
[2024-08-13 14:28:45,164][flwr][INFO] - 	       [  30,   58,    8,   13,   28,  550,   50,   17,  100,   38],
[2024-08-13 14:28:45,164][flwr][INFO] - 	       [  20,   14,   16,    0,   10,   13,  873,    1,   11,    0],
[2024-08-13 14:28:45,164][flwr][INFO] - 	       [   6,   39,   23,    0,   18,    0,    1,  828,   70,   43],
[2024-08-13 14:28:45,164][flwr][INFO] - 	       [   9,   14,    8,    6,   13,   17,   24,    8,  856,   19],
[2024-08-13 14:28:45,164][flwr][INFO] - 	       [  14,   14,    5,    2,  117,    6,    2,   22,   46,  781]],
[2024-08-13 14:28:45,164][flwr][INFO] - 	      dtype=int64)),
[2024-08-13 14:28:45,164][flwr][INFO] - 	                      (3,
[2024-08-13 14:28:45,164][flwr][INFO] - 	                       array([[ 902,    0,    4,   22,    0,   32,   18,    2,    0,    0],
[2024-08-13 14:28:45,164][flwr][INFO] - 	       [   0, 1060,   46,   15,    1,    7,    4,    1,    0,    1],
[2024-08-13 14:28:45,165][flwr][INFO] - 	       [  15,   16,  799,  131,   15,    0,   20,   22,    5,    9],
[2024-08-13 14:28:45,165][flwr][INFO] - 	       [   1,    2,   12,  930,    0,   18,    3,   17,    0,   27],
[2024-08-13 14:28:45,165][flwr][INFO] - 	       [   6,    9,    6,    1,  766,    3,   19,    8,    0,  164],
[2024-08-13 14:28:45,165][flwr][INFO] - 	       [  19,   46,   16,  198,   12,  536,   17,   16,    1,   31],
[2024-08-13 14:28:45,165][flwr][INFO] - 	       [  30,   13,   32,    7,   18,   25,  831,    2,    0,    0],
[2024-08-13 14:28:45,165][flwr][INFO] - 	       [   5,   36,   40,    8,   11,    0,    1,  883,    0,   44],
[2024-08-13 14:28:45,165][flwr][INFO] - 	       [  10,   39,   51,  363,   11,  122,   12,   14,  135,  217],
[2024-08-13 14:28:45,165][flwr][INFO] - 	       [  20,   11,    5,   18,   31,   12,    1,   34,    0,  877]],
[2024-08-13 14:28:45,165][flwr][INFO] - 	      dtype=int64)),
[2024-08-13 14:28:45,165][flwr][INFO] - 	                      (4,
[2024-08-13 14:28:45,165][flwr][INFO] - 	                       array([[ 915,    0,    1,    0,    3,   17,   23,    2,   19,    0],
[2024-08-13 14:28:45,165][flwr][INFO] - 	       [   0, 1069,   21,    1,    1,    3,    5,    1,   34,    0],
[2024-08-13 14:28:45,165][flwr][INFO] - 	       [  13,   21,  817,   26,   34,    0,   23,   27,   70,    1],
[2024-08-13 14:28:45,165][flwr][INFO] - 	       [   6,   13,   23,  755,    3,   60,   14,   20,  108,    8],
[2024-08-13 14:28:45,165][flwr][INFO] - 	       [   6,    5,    1,    0,  905,    2,   19,    5,   23,   16],
[2024-08-13 14:28:45,165][flwr][INFO] - 	       [  26,   55,    5,   44,   27,  614,   27,   23,   63,    8],
[2024-08-13 14:28:45,165][flwr][INFO] - 	       [  26,   17,   18,    1,   23,   16,  850,    2,    5,    0],
[2024-08-13 14:28:45,166][flwr][INFO] - 	       [   5,   35,   25,    0,   20,    0,    0,  863,   68,   12],
[2024-08-13 14:28:45,166][flwr][INFO] - 	       [   9,   16,   10,   17,   16,   28,   18,    9,  846,    5],
[2024-08-13 14:28:45,166][flwr][INFO] - 	       [  24,   10,    3,    2,  201,   10,    0,   78,   70,  611]],
[2024-08-13 14:28:45,166][flwr][INFO] - 	      dtype=int64)),
[2024-08-13 14:28:45,166][flwr][INFO] - 	                      (5,
[2024-08-13 14:28:45,166][flwr][INFO] - 	                       array([[ 911,    1,    1,   22,    1,   18,   16,    1,    0,    9],
[2024-08-13 14:28:45,166][flwr][INFO] - 	       [   0, 1083,   29,   10,    1,    2,    5,    1,    0,    4],
[2024-08-13 14:28:45,166][flwr][INFO] - 	       [  14,   23,  676,  212,    8,    1,   25,   32,    9,   32],
[2024-08-13 14:28:45,166][flwr][INFO] - 	       [   1,    5,    5,  908,    0,   23,    4,   14,    1,   49],
[2024-08-13 14:28:45,166][flwr][INFO] - 	       [   5,    8,    2,    1,  530,    1,   17,    6,    1,  411],
[2024-08-13 14:28:45,166][flwr][INFO] - 	       [  14,   59,    2,  163,    9,  551,   20,   18,    0,   56],
[2024-08-13 14:28:45,166][flwr][INFO] - 	       [  15,   18,   16,    8,    9,   17,  861,   11,    0,    3],
[2024-08-13 14:28:45,166][flwr][INFO] - 	       [   3,   39,   22,    8,    7,    0,    0,  819,    1,  129],
[2024-08-13 14:28:45,166][flwr][INFO] - 	       [   8,   62,   10,  265,    3,   58,   17,    7,  186,  358],
[2024-08-13 14:28:45,166][flwr][INFO] - 	       [  17,    8,    2,   15,    8,    7,    0,   16,    0,  936]],
[2024-08-13 14:28:45,166][flwr][INFO] - 	      dtype=int64)),
[2024-08-13 14:28:45,166][flwr][INFO] - 	                      (6,
[2024-08-13 14:28:45,167][flwr][INFO] - 	                       array([[ 921,    1,    2,    0,    1,   10,   18,    2,   25,    0],
[2024-08-13 14:28:45,167][flwr][INFO] - 	       [   0, 1033,   46,    1,    1,    2,    4,    1,   47,    0],
[2024-08-13 14:28:45,167][flwr][INFO] - 	       [  10,   10,  856,   22,   20,    0,   16,   20,   78,    0],
[2024-08-13 14:28:45,167][flwr][INFO] - 	       [   5,    7,   35,  710,    7,   63,   14,   13,  155,    1],
[2024-08-13 14:28:45,167][flwr][INFO] - 	       [   5,    4,    3,    0,  898,    4,   18,    5,   44,    1],
[2024-08-13 14:28:45,167][flwr][INFO] - 	       [  20,   42,   11,   32,   21,  610,   24,   16,  115,    1],
[2024-08-13 14:28:45,167][flwr][INFO] - 	       [  14,   10,   32,    1,   22,   13,  853,    7,    6,    0],
[2024-08-13 14:28:45,167][flwr][INFO] - 	       [   7,   24,   32,    0,   25,    0,    0,  822,  117,    1],
[2024-08-13 14:28:45,167][flwr][INFO] - 	       [   8,    5,   18,   10,   11,   18,   15,    4,  885,    0],
[2024-08-13 14:28:45,167][flwr][INFO] - 	       [  21,    5,    5,    2,  380,   27,    1,   91,  267,  210]],
[2024-08-13 14:28:45,167][flwr][INFO] - 	      dtype=int64)),
[2024-08-13 14:28:45,167][flwr][INFO] - 	                      (7,
[2024-08-13 14:28:45,167][flwr][INFO] - 	                       array([[ 922,    3,    2,   12,    1,   14,   20,    2,    0,    4],
[2024-08-13 14:28:45,167][flwr][INFO] - 	       [   0, 1077,   35,    8,    1,    4,    6,    1,    0,    3],
[2024-08-13 14:28:45,167][flwr][INFO] - 	       [  13,   16,  772,  130,   10,    1,   24,   33,    9,   24],
[2024-08-13 14:28:45,167][flwr][INFO] - 	       [   1,    4,    6,  900,    0,   25,    5,   17,    1,   51],
[2024-08-13 14:28:45,167][flwr][INFO] - 	       [   3,    7,    2,    1,  666,    0,   21,   14,    0,  268],
[2024-08-13 14:28:45,168][flwr][INFO] - 	       [  14,   49,    5,  124,   10,  601,   31,   17,    0,   41],
[2024-08-13 14:28:45,168][flwr][INFO] - 	       [  14,   12,   18,    3,    8,   15,  866,   20,    0,    2],
[2024-08-13 14:28:45,168][flwr][INFO] - 	       [   7,   32,   30,    6,   10,    1,    0,  830,    1,  111],
[2024-08-13 14:28:45,168][flwr][INFO] - 	       [  17,   71,   17,  209,   10,   69,   28,    9,  177,  367],
[2024-08-13 14:28:45,168][flwr][INFO] - 	       [  20,    8,    2,   13,   12,    8,    2,   21,    0,  923]],
[2024-08-13 14:28:45,168][flwr][INFO] - 	      dtype=int64)),
[2024-08-13 14:28:45,168][flwr][INFO] - 	                      (8,
[2024-08-13 14:28:45,168][flwr][INFO] - 	                       array([[ 897,    4,    4,    4,    6,    6,   41,    3,   15,    0],
[2024-08-13 14:28:45,168][flwr][INFO] - 	       [   0, 1044,   49,    2,    2,    3,    5,    1,   29,    0],
[2024-08-13 14:28:45,168][flwr][INFO] - 	       [   8,   13,  828,   26,   42,    0,   23,   24,   68,    0],
[2024-08-13 14:28:45,168][flwr][INFO] - 	       [   0,   12,   20,  762,   23,   42,   23,   14,  113,    1],
[2024-08-13 14:28:45,168][flwr][INFO] - 	       [   2,    2,    1,    0,  935,    1,   18,    5,   17,    1],
[2024-08-13 14:28:45,168][flwr][INFO] - 	       [  11,   47,    5,   40,   41,  569,   53,   19,  106,    1],
[2024-08-13 14:28:45,168][flwr][INFO] - 	       [   9,   10,   18,    0,   30,    5,  880,    5,    1,    0],
[2024-08-13 14:28:45,168][flwr][INFO] - 	       [   9,   25,   34,    0,   38,    0,    0,  826,   94,    2],
[2024-08-13 14:28:45,168][flwr][INFO] - 	       [   8,   12,   14,   11,   35,   15,   22,    3,  854,    0],
[2024-08-13 14:28:45,168][flwr][INFO] - 	       [  26,    7,    3,    2,  473,    9,    1,   70,  131,  287]],
[2024-08-13 14:28:45,169][flwr][INFO] - 	      dtype=int64)),
[2024-08-13 14:28:45,169][flwr][INFO] - 	                      (9,
[2024-08-13 14:28:45,169][flwr][INFO] - 	                       array([[ 905,    8,    4,   12,    0,   13,   29,    3,    0,    6],
[2024-08-13 14:28:45,169][flwr][INFO] - 	       [   0, 1057,   54,    6,    1,    4,    6,    1,    0,    6],
[2024-08-13 14:28:45,169][flwr][INFO] - 	       [  10,   16,  805,   93,    5,    1,   27,   30,    9,   36],
[2024-08-13 14:28:45,169][flwr][INFO] - 	       [   0,    6,    8,  866,    0,   31,    8,   15,    2,   74],
[2024-08-13 14:28:45,169][flwr][INFO] - 	       [   2,    6,    2,    1,  360,   12,   21,   24,    1,  553],
[2024-08-13 14:28:45,169][flwr][INFO] - 	       [  12,   43,    6,   98,    3,  618,   37,   19,    1,   55],
[2024-08-13 14:28:45,169][flwr][INFO] - 	       [  11,   11,   17,    1,    4,   10,  879,   22,    0,    3],
[2024-08-13 14:28:45,169][flwr][INFO] - 	       [   7,   24,   32,    7,    3,    1,    0,  805,    3,  146],
[2024-08-13 14:28:45,169][flwr][INFO] - 	       [  12,   65,   20,  142,    3,   54,   32,    7,  159,  480],
[2024-08-13 14:28:45,169][flwr][INFO] - 	       [  14,    7,    2,   11,    4,    8,    1,   12,    0,  950]],
[2024-08-13 14:28:45,169][flwr][INFO] - 	      dtype=int64)),
[2024-08-13 14:28:45,169][flwr][INFO] - 	                      (10,
[2024-08-13 14:28:45,169][flwr][INFO] - 	                       array([[ 924,    7,    5,    4,    2,    6,   18,    5,    9,    0],
[2024-08-13 14:28:45,169][flwr][INFO] - 	       [   0, 1023,   69,    2,    2,    3,    5,    1,   30,    0],
[2024-08-13 14:28:45,169][flwr][INFO] - 	       [  12,   11,  825,   30,   41,    0,   17,   29,   67,    0],
[2024-08-13 14:28:45,170][flwr][INFO] - 	       [   3,   13,   15,  783,   18,   45,   12,   20,  101,    0],
[2024-08-13 14:28:45,170][flwr][INFO] - 	       [   4,    2,    1,    0,  933,    3,   13,   10,   16,    0],
[2024-08-13 14:28:45,170][flwr][INFO] - 	       [  14,   32,    6,   45,   25,  635,   40,   20,   75,    0],
[2024-08-13 14:28:45,170][flwr][INFO] - 	       [  14,    9,   18,    0,   30,    9,  854,   23,    1,    0],
[2024-08-13 14:28:45,170][flwr][INFO] - 	       [  10,   20,   36,    1,   27,    0,    0,  868,   66,    0],
[2024-08-13 14:28:45,170][flwr][INFO] - 	       [  13,   11,   17,   14,   32,   21,   19,    6,  841,    0],
[2024-08-13 14:28:45,170][flwr][INFO] - 	       [  45,    5,    4,    2,  537,   35,    1,  181,  169,   30]],
[2024-08-13 14:28:45,170][flwr][INFO] - 	      dtype=int64))],
[2024-08-13 14:28:45,170][flwr][INFO] - 	 'f1': [(0, 0.017493624772313296),
[2024-08-13 14:28:45,170][flwr][INFO] - 	        (1, 0.6700290799238525),
[2024-08-13 14:28:45,170][flwr][INFO] - 	        (2, 0.8062764120131197),
[2024-08-13 14:28:45,170][flwr][INFO] - 	        (3, 0.7523707852395577),
[2024-08-13 14:28:45,170][flwr][INFO] - 	        (4, 0.8230995855125357),
[2024-08-13 14:28:45,170][flwr][INFO] - 	        (5, 0.7344283883298456),
[2024-08-13 14:28:45,170][flwr][INFO] - 	        (6, 0.7674487163572027),
[2024-08-13 14:28:45,170][flwr][INFO] - 	        (7, 0.758908630383369),
[2024-08-13 14:28:45,170][flwr][INFO] - 	        (8, 0.779051908361023),
[2024-08-13 14:28:45,171][flwr][INFO] - 	        (9, 0.7254793560509467),
[2024-08-13 14:28:45,171][flwr][INFO] - 	        (10, 0.7395904456388266)],
[2024-08-13 14:28:45,171][flwr][INFO] - 	 'precision': [(0, 0.009604000000000001),
[2024-08-13 14:28:45,171][flwr][INFO] - 	               (1, 0.6898783351837876),
[2024-08-13 14:28:45,171][flwr][INFO] - 	               (2, 0.8260551385445568),
[2024-08-13 14:28:45,171][flwr][INFO] - 	               (3, 0.8073577392891998),
[2024-08-13 14:28:45,171][flwr][INFO] - 	               (4, 0.8369852734034712),
[2024-08-13 14:28:45,171][flwr][INFO] - 	               (5, 0.8109380401260391),
[2024-08-13 14:28:45,171][flwr][INFO] - 	               (6, 0.8251892595768217),
[2024-08-13 14:28:45,171][flwr][INFO] - 	               (7, 0.8165330839935411),
[2024-08-13 14:28:45,171][flwr][INFO] - 	               (8, 0.8284317463486259),
[2024-08-13 14:28:45,171][flwr][INFO] - 	               (9, 0.8106337495068002),
[2024-08-13 14:28:45,171][flwr][INFO] - 	               (10, 0.8160995139799863)],
[2024-08-13 14:28:45,171][flwr][INFO] - 	 'recall': [(0, 0.098),
[2024-08-13 14:28:45,171][flwr][INFO] - 	            (1, 0.6978),
[2024-08-13 14:28:45,171][flwr][INFO] - 	            (2, 0.8074),
[2024-08-13 14:28:45,172][flwr][INFO] - 	            (3, 0.7719),
[2024-08-13 14:28:45,172][flwr][INFO] - 	            (4, 0.8245),
[2024-08-13 14:28:45,172][flwr][INFO] - 	            (5, 0.7461),
[2024-08-13 14:28:45,172][flwr][INFO] - 	            (6, 0.7798),
[2024-08-13 14:28:45,172][flwr][INFO] - 	            (7, 0.7734),
[2024-08-13 14:28:45,172][flwr][INFO] - 	            (8, 0.7882),
[2024-08-13 14:28:45,172][flwr][INFO] - 	            (9, 0.7404),
[2024-08-13 14:28:45,172][flwr][INFO] - 	            (10, 0.7716)]}
[2024-08-13 14:28:45,172][flwr][INFO] - 
