[2024-08-13 14:37:30,034][flwr][INFO] - Starting Flower simulation, config: num_rounds=10, no round_timeout
[2024-08-13 14:37:34,217][flwr][INFO] - Flower VCE: Ray initialized with resources: {'GPU': 1.0, 'node:127.0.0.1': 1.0, 'object_store_memory': 2422629580.0, 'memory': 4845259163.0, 'accelerator_type:G': 1.0, 'node:__internal_head__': 1.0, 'CPU': 16.0}
[2024-08-13 14:37:34,217][flwr][INFO] - Optimize your simulation with Flower VCE: https://flower.ai/docs/framework/how-to-run-simulations.html
[2024-08-13 14:37:34,218][flwr][INFO] - Flower VCE: Resources for each Virtual Client: {'num_cpus': 2, 'num_gpus': 0.5}
[2024-08-13 14:37:34,229][flwr][INFO] - Flower VCE: Creating VirtualClientEngineActorPool with 2 actors
[2024-08-13 14:37:34,231][flwr][INFO] - [INIT]
[2024-08-13 14:37:34,231][flwr][INFO] - Requesting initial parameters from one random client
[2024-08-13 14:37:41,567][flwr][INFO] - Received initial parameters from one random client
[2024-08-13 14:37:41,567][flwr][INFO] - Evaluating initial global parameters
[2024-08-13 14:37:43,776][flwr][INFO] - initial parameters (loss, other metrics): 2.3025850929940455, {'accuracy': 0.098, 'precision': 0.009604000000000001, 'recall': 0.098, 'f1': 0.017493624772313296, 'confusion_matrix': array([[ 980,    0,    0,    0,    0,    0,    0,    0,    0,    0],
       [1135,    0,    0,    0,    0,    0,    0,    0,    0,    0],
       [1032,    0,    0,    0,    0,    0,    0,    0,    0,    0],
       [1010,    0,    0,    0,    0,    0,    0,    0,    0,    0],
       [ 982,    0,    0,    0,    0,    0,    0,    0,    0,    0],
       [ 892,    0,    0,    0,    0,    0,    0,    0,    0,    0],
       [ 958,    0,    0,    0,    0,    0,    0,    0,    0,    0],
       [1028,    0,    0,    0,    0,    0,    0,    0,    0,    0],
       [ 974,    0,    0,    0,    0,    0,    0,    0,    0,    0],
       [1009,    0,    0,    0,    0,    0,    0,    0,    0,    0]],
      dtype=int64)}
[2024-08-13 14:37:43,777][flwr][INFO] - 
[2024-08-13 14:37:43,777][flwr][INFO] - [ROUND 1]
[2024-08-13 14:37:43,777][flwr][INFO] - configure_fit: strategy sampled 10 clients (out of 100)
[2024-08-13 14:37:47,288][flwr][INFO] - aggregate_fit: received 10 results and 0 failures
[2024-08-13 14:37:47,291][flwr][WARNING] - No fit_metrics_aggregation_fn provided
[2024-08-13 14:37:49,361][flwr][INFO] - fit progress: (1, 1.0335698266641904, {'accuracy': 0.6766, 'precision': 0.7768093102850477, 'recall': 0.6766, 'f1': 0.638993035522311, 'confusion_matrix': array([[ 949,    0,    1,    4,    0,    0,   15,    0,   10,    1],
       [   0, 1062,    2,    3,    0,    0,    5,    0,   51,   12],
       [  93,   25,  608,  117,    4,    0,   53,   10,   82,   40],
       [  25,   12,    4,  846,    0,    0,   13,    4,   53,   53],
       [  31,    8,    0,    0,  246,    0,   49,    2,   37,  609],
       [ 206,   64,    0,  231,    1,    1,   58,    6,  218,  107],
       [  69,   18,    6,    1,    2,    0,  854,    1,    7,    0],
       [  39,   36,    7,    3,    0,    0,    1,  613,   87,  242],
       [  43,   16,    3,  113,    0,    0,   23,    1,  689,   86],
       [  45,    8,    0,    9,    5,    0,    3,    3,   38,  898]],
      dtype=int64)}, 5.5839203000068665)
[2024-08-13 14:37:49,362][flwr][INFO] - configure_evaluate: no clients selected, skipping evaluation
[2024-08-13 14:37:49,362][flwr][INFO] - 
[2024-08-13 14:37:49,362][flwr][INFO] - [ROUND 2]
[2024-08-13 14:37:49,362][flwr][INFO] - configure_fit: strategy sampled 10 clients (out of 100)
[2024-08-13 14:37:50,567][flwr][INFO] - aggregate_fit: received 10 results and 0 failures
[2024-08-13 14:37:52,689][flwr][INFO] - fit progress: (2, 1.08041701821095, {'accuracy': 0.684, 'precision': 0.6804210644445996, 'recall': 0.684, 'f1': 0.6481924626896133, 'confusion_matrix': array([[854,   2,   5,   3,   6,  74,  32,   4,   0,   0],
       [  0, 812, 303,   1,   3,  12,   3,   1,   0,   0],
       [ 11,   1, 897,  24,  44,   3,  12,  33,   7,   0],
       [  1,   6,  58, 734,  60, 113,   5,  25,   8,   0],
       [  3,   2,   5,   0, 947,   2,   9,  13,   1,   0],
       [  8,  32,  48,  61,  52, 645,  14,  31,   1,   0],
       [ 11,   6,  89,   0,  51,  24, 768,   9,   0,   0],
       [  3,  13,  67,   0,  37,   0,   0, 908,   0,   0],
       [  2,  16, 169,  72, 166, 230,   7,  37, 275,   0],
       [ 13,   6,   6,   3, 733,  39,   1, 208,   0,   0]], dtype=int64)}, 8.911269800009904)
[2024-08-13 14:37:52,690][flwr][INFO] - configure_evaluate: no clients selected, skipping evaluation
[2024-08-13 14:37:52,690][flwr][INFO] - 
[2024-08-13 14:37:52,690][flwr][INFO] - [ROUND 3]
[2024-08-13 14:37:52,690][flwr][INFO] - configure_fit: strategy sampled 10 clients (out of 100)
[2024-08-13 14:37:53,845][flwr][INFO] - aggregate_fit: received 10 results and 0 failures
[2024-08-13 14:37:55,932][flwr][INFO] - fit progress: (3, 1.2074512390607672, {'accuracy': 0.5978, 'precision': 0.7653130018110381, 'recall': 0.5978, 'f1': 0.5573692267834752, 'confusion_matrix': array([[ 878,    3,    0,   12,    0,    0,   55,    0,   16,   16],
       [   0, 1058,    2,    3,    0,    0,    5,    0,   35,   32],
       [  17,   26,  317,  413,    0,    0,   49,   13,   90,  107],
       [   0,   11,    1,  815,    0,    2,   17,    3,   34,  127],
       [  12,    5,    0,    0,   37,    0,   29,    3,    8,  888],
       [  20,   86,    0,  188,    0,   80,   92,    7,  156,  263],
       [  18,   23,    5,    2,    1,    0,  894,    5,    2,    8],
       [  21,   25,    4,    6,    0,    0,    3,  388,  156,  425],
       [   8,   24,    1,   75,    0,    0,   20,    2,  550,  294],
       [  19,    4,    1,    4,    0,    1,    2,    3,   14,  961]],
      dtype=int64)}, 12.154488700005459)
[2024-08-13 14:37:55,933][flwr][INFO] - configure_evaluate: no clients selected, skipping evaluation
[2024-08-13 14:37:55,933][flwr][INFO] - 
[2024-08-13 14:37:55,933][flwr][INFO] - [ROUND 4]
[2024-08-13 14:37:55,933][flwr][INFO] - configure_fit: strategy sampled 10 clients (out of 100)
[2024-08-13 14:37:57,057][flwr][INFO] - aggregate_fit: received 10 results and 0 failures
[2024-08-13 14:37:59,148][flwr][INFO] - fit progress: (4, 1.1726774775090363, {'accuracy': 0.6878, 'precision': 0.6614842754040479, 'recall': 0.6878, 'f1': 0.6545440917257412, 'confusion_matrix': array([[926,   3,   5,   2,   0,  16,   7,  21,   0,   0],
       [  0, 741, 376,   2,   1,   6,   3,   6,   0,   0],
       [ 17,   2, 879,  38,  22,   4,  11,  44,  15,   0],
       [  7,  11,  41, 763,  36,  85,   4,  35,  28,   0],
       [  7,   3,   8,   0, 825,  35,   7,  95,   2,   0],
       [ 21,  48,  33,  51,  12, 664,  13,  45,   5,   0],
       [ 26,   9,  76,   0,  19,  19, 706, 103,   0,   0],
       [ 12,  12,  67,   1,  14,   0,   0, 917,   5,   0],
       [ 25,  36, 103,  60,  64, 178,   9,  42, 457,   0],
       [ 46,   7,   5,   3, 320, 155,   0, 468,   5,   0]], dtype=int64)}, 15.37092100000882)
[2024-08-13 14:37:59,149][flwr][INFO] - configure_evaluate: no clients selected, skipping evaluation
[2024-08-13 14:37:59,149][flwr][INFO] - 
[2024-08-13 14:37:59,149][flwr][INFO] - [ROUND 5]
[2024-08-13 14:37:59,149][flwr][INFO] - configure_fit: strategy sampled 10 clients (out of 100)
[2024-08-13 14:38:00,270][flwr][INFO] - aggregate_fit: received 10 results and 0 failures
[2024-08-13 14:38:02,364][flwr][INFO] - fit progress: (5, 1.14171172159654, {'accuracy': 0.6498, 'precision': 0.7575137186914735, 'recall': 0.6498, 'f1': 0.6182739900578818, 'confusion_matrix': array([[ 792,   51,    0,   20,    2,    0,   85,    2,   27,    1],
       [   0, 1071,    1,    8,    1,    0,    5,    0,   46,    3],
       [   8,   55,  234,  532,   11,    0,   43,    9,   95,   45],
       [   0,   15,    0,  853,    4,    4,   18,    3,   81,   32],
       [   3,    6,    0,    1,  543,    0,   44,    4,   30,  351],
       [  10,  106,    0,  169,    9,  168,  124,    4,  224,   78],
       [   3,   26,    2,    3,    7,    0,  905,    9,    3,    0],
       [  21,   32,    2,   17,   12,    0,    2,  263,  534,  145],
       [   2,   35,    0,   89,    6,    1,   25,    1,  773,   42],
       [  26,    8,    2,    8,   15,    1,    2,    4,   47,  896]],
      dtype=int64)}, 18.58681140000408)
[2024-08-13 14:38:02,365][flwr][INFO] - configure_evaluate: no clients selected, skipping evaluation
[2024-08-13 14:38:02,365][flwr][INFO] - 
[2024-08-13 14:38:02,365][flwr][INFO] - [ROUND 6]
[2024-08-13 14:38:02,365][flwr][INFO] - configure_fit: strategy sampled 10 clients (out of 100)
[2024-08-13 14:38:03,657][flwr][INFO] - aggregate_fit: received 10 results and 0 failures
[2024-08-13 14:38:05,735][flwr][INFO] - fit progress: (6, 1.3045635072084907, {'accuracy': 0.5314, 'precision': 0.5886052723430264, 'recall': 0.5314, 'f1': 0.47962164619878334, 'confusion_matrix': array([[848,  69,   4,   1,   2,  15,   2,  39,   0,   0],
       [  0, 173, 948,   1,   1,   3,   0,   9,   0,   0],
       [ 13,   4, 900,  13,  35,   2,   6,  55,   1,   3],
       [ 13,  20,  83, 470, 243,  96,   3,  61,   0,  21],
       [  9,   0,   9,   0, 804,  45,   1, 111,   0,   3],
       [ 20,  44,  39,  21,  18, 677,   7,  65,   0,   1],
       [ 35,   9,  73,   0,  13,  31, 315, 482,   0,   0],
       [ 10,   2,  79,   0,  13,   1,   0, 921,   0,   2],
       [ 41,  20, 178,  14, 158, 159,   5,  72,   1, 326],
       [ 99,   3,   6,   1, 211,  95,   0, 389,   0, 205]], dtype=int64)}, 21.958371200002148)
[2024-08-13 14:38:05,736][flwr][INFO] - configure_evaluate: no clients selected, skipping evaluation
[2024-08-13 14:38:05,736][flwr][INFO] - 
[2024-08-13 14:38:05,736][flwr][INFO] - [ROUND 7]
[2024-08-13 14:38:05,737][flwr][INFO] - configure_fit: strategy sampled 10 clients (out of 100)
[2024-08-13 14:38:06,873][flwr][INFO] - aggregate_fit: received 10 results and 0 failures
[2024-08-13 14:38:08,947][flwr][INFO] - fit progress: (7, 1.062146599900243, {'accuracy': 0.6954, 'precision': 0.7619855827511378, 'recall': 0.6954, 'f1': 0.6817633357818189, 'confusion_matrix': array([[ 839,   43,    0,   16,    2,    2,   71,    0,    7,    0],
       [   0, 1071,    7,   14,    1,    0,   16,    0,   22,    4],
       [  13,   36,  372,  470,    8,    0,   41,   10,   50,   32],
       [   2,   11,    1,  887,    1,    7,   21,    3,   38,   39],
       [  14,    6,    1,    2,  599,   11,   59,    4,   10,  276],
       [  20,   98,    1,  173,    3,  314,  132,    4,   96,   51],
       [  10,   21,   10,    2,    4,    0,  906,    5,    0,    0],
       [  48,   39,    9,   30,    9,    0,    6,  460,  270,  157],
       [  14,   40,    1,  125,    5,    6,   41,    0,  618,  124],
       [  52,    8,    2,   13,   16,    6,    2,    5,   17,  888]],
      dtype=int64)}, 25.170351500011748)
[2024-08-13 14:38:08,948][flwr][INFO] - configure_evaluate: no clients selected, skipping evaluation
[2024-08-13 14:38:08,948][flwr][INFO] - 
[2024-08-13 14:38:08,948][flwr][INFO] - [ROUND 8]
[2024-08-13 14:38:08,949][flwr][INFO] - configure_fit: strategy sampled 10 clients (out of 100)
[2024-08-13 14:38:10,092][flwr][INFO] - aggregate_fit: received 10 results and 0 failures
[2024-08-13 14:38:12,298][flwr][INFO] - fit progress: (8, 0.9704007958098487, {'accuracy': 0.7595, 'precision': 0.7956441624795468, 'recall': 0.7595, 'f1': 0.7540393725472214, 'confusion_matrix': array([[880,  19,  13,   1,   3,  23,  12,  23,   6,   0],
       [  0, 897, 219,   2,   1,   5,   3,   5,   3,   0],
       [  8,  11, 905,  10,  26,   2,  11,  35,  24,   0],
       [  3,  27,  61, 626,  80,  91,  12,  32,  72,   6],
       [  4,   3,   5,   0, 881,  19,  10,  54,   4,   2],
       [ 11,  58,  23,  19,   8, 688,  24,  37,  23,   1],
       [ 12,  10,  59,   0,  19,  14, 733, 111,   0,   0],
       [  9,  18,  60,   0,  15,   1,   0, 914,  10,   1],
       [ 16,  25,  63,   6,  40,  80,  19,  25, 695,   5],
       [ 54,   8,  12,   1, 216,  64,   0, 263,  15, 376]], dtype=int64)}, 28.521542400005274)
[2024-08-13 14:38:12,299][flwr][INFO] - configure_evaluate: no clients selected, skipping evaluation
[2024-08-13 14:38:12,299][flwr][INFO] - 
[2024-08-13 14:38:12,299][flwr][INFO] - [ROUND 9]
[2024-08-13 14:38:12,300][flwr][INFO] - configure_fit: strategy sampled 10 clients (out of 100)
[2024-08-13 14:38:13,441][flwr][INFO] - aggregate_fit: received 10 results and 0 failures
[2024-08-13 14:38:15,517][flwr][INFO] - fit progress: (9, 1.069513223772623, {'accuracy': 0.6325, 'precision': 0.7670842252094305, 'recall': 0.6325, 'f1': 0.6181610900359465, 'confusion_matrix': array([[ 802,   76,    0,   28,    1,    7,   50,    1,    2,   13],
       [   0, 1061,    3,   23,    0,    1,    9,    0,   17,   21],
       [   4,   43,  226,  599,   10,    0,   36,   11,   24,   79],
       [   0,    9,    0,  900,    2,    5,   12,    4,    9,   69],
       [   2,    6,    0,    3,  406,    3,   24,    1,    1,  536],
       [   7,   78,    0,  208,    2,  351,   67,    7,   28,  144],
       [   9,   20,    4,    5,    8,    3,  895,   10,    0,    4],
       [  21,   28,    3,   38,    8,    1,    1,  494,   35,  399],
       [   3,   34,    1,  158,    4,    5,   25,    1,  237,  506],
       [  19,    5,    2,   16,    7,    2,    1,    3,    1,  953]],
      dtype=int64)}, 31.740210800009663)
[2024-08-13 14:38:15,518][flwr][INFO] - configure_evaluate: no clients selected, skipping evaluation
[2024-08-13 14:38:15,518][flwr][INFO] - 
[2024-08-13 14:38:15,518][flwr][INFO] - [ROUND 10]
[2024-08-13 14:38:15,518][flwr][INFO] - configure_fit: strategy sampled 10 clients (out of 100)
[2024-08-13 14:38:16,790][flwr][INFO] - aggregate_fit: received 10 results and 0 failures
[2024-08-13 14:38:18,864][flwr][INFO] - fit progress: (10, 0.960114184447807, {'accuracy': 0.7425, 'precision': 0.7924275465829755, 'recall': 0.7425, 'f1': 0.7136534694153416, 'confusion_matrix': array([[874,  20,   8,   1,   1,  28,  15,  13,  20,   0],
       [  0, 985,  92,   2,   1,   4,   5,   1,  45,   0],
       [  9,  12, 847,  12,  39,   3,  15,  33,  62,   0],
       [  2,  24,  31, 604,  71,  85,  14,  20, 159,   0],
       [  4,   3,   1,   0, 898,  20,  12,  22,  22,   0],
       [  9,  45,   8,  15,  11, 662,  30,  25,  87,   0],
       [ 13,  11,  33,   0,  20,  17, 795,  65,   4,   0],
       [ 10,  20,  37,   0,  27,   1,   0, 859,  74,   0],
       [  9,  10,  21,   4,  26,  34,  18,   6, 846,   0],
       [ 84,   6,   5,   1, 379, 110,   0, 167, 202,  55]], dtype=int64)}, 35.08691870000621)
[2024-08-13 14:38:18,865][flwr][INFO] - configure_evaluate: no clients selected, skipping evaluation
[2024-08-13 14:38:18,865][flwr][INFO] - 
[2024-08-13 14:38:18,865][flwr][INFO] - [SUMMARY]
[2024-08-13 14:38:18,865][flwr][INFO] - Run finished 10 round(s) in 35.09s
[2024-08-13 14:38:18,873][flwr][INFO] - 	History (loss, centralized):
[2024-08-13 14:38:18,874][flwr][INFO] - 		round 0: 2.3025850929940455
[2024-08-13 14:38:18,874][flwr][INFO] - 		round 1: 1.0335698266641904
[2024-08-13 14:38:18,874][flwr][INFO] - 		round 2: 1.08041701821095
[2024-08-13 14:38:18,874][flwr][INFO] - 		round 3: 1.2074512390607672
[2024-08-13 14:38:18,874][flwr][INFO] - 		round 4: 1.1726774775090363
[2024-08-13 14:38:18,874][flwr][INFO] - 		round 5: 1.14171172159654
[2024-08-13 14:38:18,874][flwr][INFO] - 		round 6: 1.3045635072084907
[2024-08-13 14:38:18,874][flwr][INFO] - 		round 7: 1.062146599900243
[2024-08-13 14:38:18,874][flwr][INFO] - 		round 8: 0.9704007958098487
[2024-08-13 14:38:18,874][flwr][INFO] - 		round 9: 1.069513223772623
[2024-08-13 14:38:18,874][flwr][INFO] - 		round 10: 0.960114184447807
[2024-08-13 14:38:18,874][flwr][INFO] - 	History (metrics, centralized):
[2024-08-13 14:38:18,874][flwr][INFO] - 	{'accuracy': [(0, 0.098),
[2024-08-13 14:38:18,874][flwr][INFO] - 	              (1, 0.6766),
[2024-08-13 14:38:18,875][flwr][INFO] - 	              (2, 0.684),
[2024-08-13 14:38:18,875][flwr][INFO] - 	              (3, 0.5978),
[2024-08-13 14:38:18,875][flwr][INFO] - 	              (4, 0.6878),
[2024-08-13 14:38:18,875][flwr][INFO] - 	              (5, 0.6498),
[2024-08-13 14:38:18,875][flwr][INFO] - 	              (6, 0.5314),
[2024-08-13 14:38:18,875][flwr][INFO] - 	              (7, 0.6954),
[2024-08-13 14:38:18,875][flwr][INFO] - 	              (8, 0.7595),
[2024-08-13 14:38:18,875][flwr][INFO] - 	              (9, 0.6325),
[2024-08-13 14:38:18,875][flwr][INFO] - 	              (10, 0.7425)],
[2024-08-13 14:38:18,875][flwr][INFO] - 	 'confusion_matrix': [(0,
[2024-08-13 14:38:18,875][flwr][INFO] - 	                       array([[ 980,    0,    0,    0,    0,    0,    0,    0,    0,    0],
[2024-08-13 14:38:18,875][flwr][INFO] - 	       [1135,    0,    0,    0,    0,    0,    0,    0,    0,    0],
[2024-08-13 14:38:18,875][flwr][INFO] - 	       [1032,    0,    0,    0,    0,    0,    0,    0,    0,    0],
[2024-08-13 14:38:18,875][flwr][INFO] - 	       [1010,    0,    0,    0,    0,    0,    0,    0,    0,    0],
[2024-08-13 14:38:18,875][flwr][INFO] - 	       [ 982,    0,    0,    0,    0,    0,    0,    0,    0,    0],
[2024-08-13 14:38:18,876][flwr][INFO] - 	       [ 892,    0,    0,    0,    0,    0,    0,    0,    0,    0],
[2024-08-13 14:38:18,876][flwr][INFO] - 	       [ 958,    0,    0,    0,    0,    0,    0,    0,    0,    0],
[2024-08-13 14:38:18,876][flwr][INFO] - 	       [1028,    0,    0,    0,    0,    0,    0,    0,    0,    0],
[2024-08-13 14:38:18,876][flwr][INFO] - 	       [ 974,    0,    0,    0,    0,    0,    0,    0,    0,    0],
[2024-08-13 14:38:18,876][flwr][INFO] - 	       [1009,    0,    0,    0,    0,    0,    0,    0,    0,    0]],
[2024-08-13 14:38:18,876][flwr][INFO] - 	      dtype=int64)),
[2024-08-13 14:38:18,876][flwr][INFO] - 	                      (1,
[2024-08-13 14:38:18,876][flwr][INFO] - 	                       array([[ 949,    0,    1,    4,    0,    0,   15,    0,   10,    1],
[2024-08-13 14:38:18,876][flwr][INFO] - 	       [   0, 1062,    2,    3,    0,    0,    5,    0,   51,   12],
[2024-08-13 14:38:18,876][flwr][INFO] - 	       [  93,   25,  608,  117,    4,    0,   53,   10,   82,   40],
[2024-08-13 14:38:18,876][flwr][INFO] - 	       [  25,   12,    4,  846,    0,    0,   13,    4,   53,   53],
[2024-08-13 14:38:18,876][flwr][INFO] - 	       [  31,    8,    0,    0,  246,    0,   49,    2,   37,  609],
[2024-08-13 14:38:18,876][flwr][INFO] - 	       [ 206,   64,    0,  231,    1,    1,   58,    6,  218,  107],
[2024-08-13 14:38:18,876][flwr][INFO] - 	       [  69,   18,    6,    1,    2,    0,  854,    1,    7,    0],
[2024-08-13 14:38:18,876][flwr][INFO] - 	       [  39,   36,    7,    3,    0,    0,    1,  613,   87,  242],
[2024-08-13 14:38:18,876][flwr][INFO] - 	       [  43,   16,    3,  113,    0,    0,   23,    1,  689,   86],
[2024-08-13 14:38:18,876][flwr][INFO] - 	       [  45,    8,    0,    9,    5,    0,    3,    3,   38,  898]],
[2024-08-13 14:38:18,877][flwr][INFO] - 	      dtype=int64)),
[2024-08-13 14:38:18,877][flwr][INFO] - 	                      (2,
[2024-08-13 14:38:18,877][flwr][INFO] - 	                       array([[854,   2,   5,   3,   6,  74,  32,   4,   0,   0],
[2024-08-13 14:38:18,877][flwr][INFO] - 	       [  0, 812, 303,   1,   3,  12,   3,   1,   0,   0],
[2024-08-13 14:38:18,877][flwr][INFO] - 	       [ 11,   1, 897,  24,  44,   3,  12,  33,   7,   0],
[2024-08-13 14:38:18,877][flwr][INFO] - 	       [  1,   6,  58, 734,  60, 113,   5,  25,   8,   0],
[2024-08-13 14:38:18,877][flwr][INFO] - 	       [  3,   2,   5,   0, 947,   2,   9,  13,   1,   0],
[2024-08-13 14:38:18,877][flwr][INFO] - 	       [  8,  32,  48,  61,  52, 645,  14,  31,   1,   0],
[2024-08-13 14:38:18,877][flwr][INFO] - 	       [ 11,   6,  89,   0,  51,  24, 768,   9,   0,   0],
[2024-08-13 14:38:18,877][flwr][INFO] - 	       [  3,  13,  67,   0,  37,   0,   0, 908,   0,   0],
[2024-08-13 14:38:18,877][flwr][INFO] - 	       [  2,  16, 169,  72, 166, 230,   7,  37, 275,   0],
[2024-08-13 14:38:18,877][flwr][INFO] - 	       [ 13,   6,   6,   3, 733,  39,   1, 208,   0,   0]], dtype=int64)),
[2024-08-13 14:38:18,877][flwr][INFO] - 	                      (3,
[2024-08-13 14:38:18,877][flwr][INFO] - 	                       array([[ 878,    3,    0,   12,    0,    0,   55,    0,   16,   16],
[2024-08-13 14:38:18,877][flwr][INFO] - 	       [   0, 1058,    2,    3,    0,    0,    5,    0,   35,   32],
[2024-08-13 14:38:18,877][flwr][INFO] - 	       [  17,   26,  317,  413,    0,    0,   49,   13,   90,  107],
[2024-08-13 14:38:18,877][flwr][INFO] - 	       [   0,   11,    1,  815,    0,    2,   17,    3,   34,  127],
[2024-08-13 14:38:18,878][flwr][INFO] - 	       [  12,    5,    0,    0,   37,    0,   29,    3,    8,  888],
[2024-08-13 14:38:18,878][flwr][INFO] - 	       [  20,   86,    0,  188,    0,   80,   92,    7,  156,  263],
[2024-08-13 14:38:18,878][flwr][INFO] - 	       [  18,   23,    5,    2,    1,    0,  894,    5,    2,    8],
[2024-08-13 14:38:18,878][flwr][INFO] - 	       [  21,   25,    4,    6,    0,    0,    3,  388,  156,  425],
[2024-08-13 14:38:18,878][flwr][INFO] - 	       [   8,   24,    1,   75,    0,    0,   20,    2,  550,  294],
[2024-08-13 14:38:18,878][flwr][INFO] - 	       [  19,    4,    1,    4,    0,    1,    2,    3,   14,  961]],
[2024-08-13 14:38:18,878][flwr][INFO] - 	      dtype=int64)),
[2024-08-13 14:38:18,878][flwr][INFO] - 	                      (4,
[2024-08-13 14:38:18,878][flwr][INFO] - 	                       array([[926,   3,   5,   2,   0,  16,   7,  21,   0,   0],
[2024-08-13 14:38:18,878][flwr][INFO] - 	       [  0, 741, 376,   2,   1,   6,   3,   6,   0,   0],
[2024-08-13 14:38:18,878][flwr][INFO] - 	       [ 17,   2, 879,  38,  22,   4,  11,  44,  15,   0],
[2024-08-13 14:38:18,878][flwr][INFO] - 	       [  7,  11,  41, 763,  36,  85,   4,  35,  28,   0],
[2024-08-13 14:38:18,878][flwr][INFO] - 	       [  7,   3,   8,   0, 825,  35,   7,  95,   2,   0],
[2024-08-13 14:38:18,878][flwr][INFO] - 	       [ 21,  48,  33,  51,  12, 664,  13,  45,   5,   0],
[2024-08-13 14:38:18,878][flwr][INFO] - 	       [ 26,   9,  76,   0,  19,  19, 706, 103,   0,   0],
[2024-08-13 14:38:18,878][flwr][INFO] - 	       [ 12,  12,  67,   1,  14,   0,   0, 917,   5,   0],
[2024-08-13 14:38:18,878][flwr][INFO] - 	       [ 25,  36, 103,  60,  64, 178,   9,  42, 457,   0],
[2024-08-13 14:38:18,879][flwr][INFO] - 	       [ 46,   7,   5,   3, 320, 155,   0, 468,   5,   0]], dtype=int64)),
[2024-08-13 14:38:18,879][flwr][INFO] - 	                      (5,
[2024-08-13 14:38:18,879][flwr][INFO] - 	                       array([[ 792,   51,    0,   20,    2,    0,   85,    2,   27,    1],
[2024-08-13 14:38:18,879][flwr][INFO] - 	       [   0, 1071,    1,    8,    1,    0,    5,    0,   46,    3],
[2024-08-13 14:38:18,879][flwr][INFO] - 	       [   8,   55,  234,  532,   11,    0,   43,    9,   95,   45],
[2024-08-13 14:38:18,879][flwr][INFO] - 	       [   0,   15,    0,  853,    4,    4,   18,    3,   81,   32],
[2024-08-13 14:38:18,879][flwr][INFO] - 	       [   3,    6,    0,    1,  543,    0,   44,    4,   30,  351],
[2024-08-13 14:38:18,879][flwr][INFO] - 	       [  10,  106,    0,  169,    9,  168,  124,    4,  224,   78],
[2024-08-13 14:38:18,879][flwr][INFO] - 	       [   3,   26,    2,    3,    7,    0,  905,    9,    3,    0],
[2024-08-13 14:38:18,879][flwr][INFO] - 	       [  21,   32,    2,   17,   12,    0,    2,  263,  534,  145],
[2024-08-13 14:38:18,879][flwr][INFO] - 	       [   2,   35,    0,   89,    6,    1,   25,    1,  773,   42],
[2024-08-13 14:38:18,879][flwr][INFO] - 	       [  26,    8,    2,    8,   15,    1,    2,    4,   47,  896]],
[2024-08-13 14:38:18,879][flwr][INFO] - 	      dtype=int64)),
[2024-08-13 14:38:18,879][flwr][INFO] - 	                      (6,
[2024-08-13 14:38:18,879][flwr][INFO] - 	                       array([[848,  69,   4,   1,   2,  15,   2,  39,   0,   0],
[2024-08-13 14:38:18,879][flwr][INFO] - 	       [  0, 173, 948,   1,   1,   3,   0,   9,   0,   0],
[2024-08-13 14:38:18,879][flwr][INFO] - 	       [ 13,   4, 900,  13,  35,   2,   6,  55,   1,   3],
[2024-08-13 14:38:18,880][flwr][INFO] - 	       [ 13,  20,  83, 470, 243,  96,   3,  61,   0,  21],
[2024-08-13 14:38:18,880][flwr][INFO] - 	       [  9,   0,   9,   0, 804,  45,   1, 111,   0,   3],
[2024-08-13 14:38:18,880][flwr][INFO] - 	       [ 20,  44,  39,  21,  18, 677,   7,  65,   0,   1],
[2024-08-13 14:38:18,880][flwr][INFO] - 	       [ 35,   9,  73,   0,  13,  31, 315, 482,   0,   0],
[2024-08-13 14:38:18,880][flwr][INFO] - 	       [ 10,   2,  79,   0,  13,   1,   0, 921,   0,   2],
[2024-08-13 14:38:18,880][flwr][INFO] - 	       [ 41,  20, 178,  14, 158, 159,   5,  72,   1, 326],
[2024-08-13 14:38:18,880][flwr][INFO] - 	       [ 99,   3,   6,   1, 211,  95,   0, 389,   0, 205]], dtype=int64)),
[2024-08-13 14:38:18,880][flwr][INFO] - 	                      (7,
[2024-08-13 14:38:18,880][flwr][INFO] - 	                       array([[ 839,   43,    0,   16,    2,    2,   71,    0,    7,    0],
[2024-08-13 14:38:18,880][flwr][INFO] - 	       [   0, 1071,    7,   14,    1,    0,   16,    0,   22,    4],
[2024-08-13 14:38:18,880][flwr][INFO] - 	       [  13,   36,  372,  470,    8,    0,   41,   10,   50,   32],
[2024-08-13 14:38:18,880][flwr][INFO] - 	       [   2,   11,    1,  887,    1,    7,   21,    3,   38,   39],
[2024-08-13 14:38:18,880][flwr][INFO] - 	       [  14,    6,    1,    2,  599,   11,   59,    4,   10,  276],
[2024-08-13 14:38:18,880][flwr][INFO] - 	       [  20,   98,    1,  173,    3,  314,  132,    4,   96,   51],
[2024-08-13 14:38:18,880][flwr][INFO] - 	       [  10,   21,   10,    2,    4,    0,  906,    5,    0,    0],
[2024-08-13 14:38:18,880][flwr][INFO] - 	       [  48,   39,    9,   30,    9,    0,    6,  460,  270,  157],
[2024-08-13 14:38:18,880][flwr][INFO] - 	       [  14,   40,    1,  125,    5,    6,   41,    0,  618,  124],
[2024-08-13 14:38:18,881][flwr][INFO] - 	       [  52,    8,    2,   13,   16,    6,    2,    5,   17,  888]],
[2024-08-13 14:38:18,881][flwr][INFO] - 	      dtype=int64)),
[2024-08-13 14:38:18,881][flwr][INFO] - 	                      (8,
[2024-08-13 14:38:18,881][flwr][INFO] - 	                       array([[880,  19,  13,   1,   3,  23,  12,  23,   6,   0],
[2024-08-13 14:38:18,881][flwr][INFO] - 	       [  0, 897, 219,   2,   1,   5,   3,   5,   3,   0],
[2024-08-13 14:38:18,881][flwr][INFO] - 	       [  8,  11, 905,  10,  26,   2,  11,  35,  24,   0],
[2024-08-13 14:38:18,881][flwr][INFO] - 	       [  3,  27,  61, 626,  80,  91,  12,  32,  72,   6],
[2024-08-13 14:38:18,881][flwr][INFO] - 	       [  4,   3,   5,   0, 881,  19,  10,  54,   4,   2],
[2024-08-13 14:38:18,881][flwr][INFO] - 	       [ 11,  58,  23,  19,   8, 688,  24,  37,  23,   1],
[2024-08-13 14:38:18,881][flwr][INFO] - 	       [ 12,  10,  59,   0,  19,  14, 733, 111,   0,   0],
[2024-08-13 14:38:18,881][flwr][INFO] - 	       [  9,  18,  60,   0,  15,   1,   0, 914,  10,   1],
[2024-08-13 14:38:18,881][flwr][INFO] - 	       [ 16,  25,  63,   6,  40,  80,  19,  25, 695,   5],
[2024-08-13 14:38:18,881][flwr][INFO] - 	       [ 54,   8,  12,   1, 216,  64,   0, 263,  15, 376]], dtype=int64)),
[2024-08-13 14:38:18,881][flwr][INFO] - 	                      (9,
[2024-08-13 14:38:18,881][flwr][INFO] - 	                       array([[ 802,   76,    0,   28,    1,    7,   50,    1,    2,   13],
[2024-08-13 14:38:18,881][flwr][INFO] - 	       [   0, 1061,    3,   23,    0,    1,    9,    0,   17,   21],
[2024-08-13 14:38:18,881][flwr][INFO] - 	       [   4,   43,  226,  599,   10,    0,   36,   11,   24,   79],
[2024-08-13 14:38:18,882][flwr][INFO] - 	       [   0,    9,    0,  900,    2,    5,   12,    4,    9,   69],
[2024-08-13 14:38:18,882][flwr][INFO] - 	       [   2,    6,    0,    3,  406,    3,   24,    1,    1,  536],
[2024-08-13 14:38:18,882][flwr][INFO] - 	       [   7,   78,    0,  208,    2,  351,   67,    7,   28,  144],
[2024-08-13 14:38:18,882][flwr][INFO] - 	       [   9,   20,    4,    5,    8,    3,  895,   10,    0,    4],
[2024-08-13 14:38:18,882][flwr][INFO] - 	       [  21,   28,    3,   38,    8,    1,    1,  494,   35,  399],
[2024-08-13 14:38:18,882][flwr][INFO] - 	       [   3,   34,    1,  158,    4,    5,   25,    1,  237,  506],
[2024-08-13 14:38:18,882][flwr][INFO] - 	       [  19,    5,    2,   16,    7,    2,    1,    3,    1,  953]],
[2024-08-13 14:38:18,882][flwr][INFO] - 	      dtype=int64)),
[2024-08-13 14:38:18,882][flwr][INFO] - 	                      (10,
[2024-08-13 14:38:18,882][flwr][INFO] - 	                       array([[874,  20,   8,   1,   1,  28,  15,  13,  20,   0],
[2024-08-13 14:38:18,882][flwr][INFO] - 	       [  0, 985,  92,   2,   1,   4,   5,   1,  45,   0],
[2024-08-13 14:38:18,882][flwr][INFO] - 	       [  9,  12, 847,  12,  39,   3,  15,  33,  62,   0],
[2024-08-13 14:38:18,882][flwr][INFO] - 	       [  2,  24,  31, 604,  71,  85,  14,  20, 159,   0],
[2024-08-13 14:38:18,882][flwr][INFO] - 	       [  4,   3,   1,   0, 898,  20,  12,  22,  22,   0],
[2024-08-13 14:38:18,882][flwr][INFO] - 	       [  9,  45,   8,  15,  11, 662,  30,  25,  87,   0],
[2024-08-13 14:38:18,882][flwr][INFO] - 	       [ 13,  11,  33,   0,  20,  17, 795,  65,   4,   0],
[2024-08-13 14:38:18,883][flwr][INFO] - 	       [ 10,  20,  37,   0,  27,   1,   0, 859,  74,   0],
[2024-08-13 14:38:18,883][flwr][INFO] - 	       [  9,  10,  21,   4,  26,  34,  18,   6, 846,   0],
[2024-08-13 14:38:18,883][flwr][INFO] - 	       [ 84,   6,   5,   1, 379, 110,   0, 167, 202,  55]], dtype=int64))],
[2024-08-13 14:38:18,883][flwr][INFO] - 	 'f1': [(0, 0.017493624772313296),
[2024-08-13 14:38:18,883][flwr][INFO] - 	        (1, 0.638993035522311),
[2024-08-13 14:38:18,883][flwr][INFO] - 	        (2, 0.6481924626896133),
[2024-08-13 14:38:18,883][flwr][INFO] - 	        (3, 0.5573692267834752),
[2024-08-13 14:38:18,883][flwr][INFO] - 	        (4, 0.6545440917257412),
[2024-08-13 14:38:18,883][flwr][INFO] - 	        (5, 0.6182739900578818),
[2024-08-13 14:38:18,883][flwr][INFO] - 	        (6, 0.47962164619878334),
[2024-08-13 14:38:18,883][flwr][INFO] - 	        (7, 0.6817633357818189),
[2024-08-13 14:38:18,883][flwr][INFO] - 	        (8, 0.7540393725472214),
[2024-08-13 14:38:18,883][flwr][INFO] - 	        (9, 0.6181610900359465),
[2024-08-13 14:38:18,883][flwr][INFO] - 	        (10, 0.7136534694153416)],
[2024-08-13 14:38:18,883][flwr][INFO] - 	 'precision': [(0, 0.009604000000000001),
[2024-08-13 14:38:18,883][flwr][INFO] - 	               (1, 0.7768093102850477),
[2024-08-13 14:38:18,883][flwr][INFO] - 	               (2, 0.6804210644445996),
[2024-08-13 14:38:18,884][flwr][INFO] - 	               (3, 0.7653130018110381),
[2024-08-13 14:38:18,884][flwr][INFO] - 	               (4, 0.6614842754040479),
[2024-08-13 14:38:18,884][flwr][INFO] - 	               (5, 0.7575137186914735),
[2024-08-13 14:38:18,884][flwr][INFO] - 	               (6, 0.5886052723430264),
[2024-08-13 14:38:18,884][flwr][INFO] - 	               (7, 0.7619855827511378),
[2024-08-13 14:38:18,884][flwr][INFO] - 	               (8, 0.7956441624795468),
[2024-08-13 14:38:18,884][flwr][INFO] - 	               (9, 0.7670842252094305),
[2024-08-13 14:38:18,884][flwr][INFO] - 	               (10, 0.7924275465829755)],
[2024-08-13 14:38:18,884][flwr][INFO] - 	 'recall': [(0, 0.098),
[2024-08-13 14:38:18,884][flwr][INFO] - 	            (1, 0.6766),
[2024-08-13 14:38:18,884][flwr][INFO] - 	            (2, 0.684),
[2024-08-13 14:38:18,884][flwr][INFO] - 	            (3, 0.5978),
[2024-08-13 14:38:18,884][flwr][INFO] - 	            (4, 0.6878),
[2024-08-13 14:38:18,884][flwr][INFO] - 	            (5, 0.6498),
[2024-08-13 14:38:18,884][flwr][INFO] - 	            (6, 0.5314),
[2024-08-13 14:38:18,884][flwr][INFO] - 	            (7, 0.6954),
[2024-08-13 14:38:18,884][flwr][INFO] - 	            (8, 0.7595),
[2024-08-13 14:38:18,885][flwr][INFO] - 	            (9, 0.6325),
[2024-08-13 14:38:18,885][flwr][INFO] - 	            (10, 0.7425)]}
[2024-08-13 14:38:18,885][flwr][INFO] - 
