[2024-08-13 14:55:30,997][flwr][INFO] - Starting Flower simulation, config: num_rounds=10, no round_timeout
[2024-08-13 14:55:35,256][flwr][INFO] - Flower VCE: Ray initialized with resources: {'accelerator_type:G': 1.0, 'node:127.0.0.1': 1.0, 'memory': 4894880564.0, 'object_store_memory': 2447440281.0, 'GPU': 1.0, 'node:__internal_head__': 1.0, 'CPU': 16.0}
[2024-08-13 14:55:35,257][flwr][INFO] - Optimize your simulation with Flower VCE: https://flower.ai/docs/framework/how-to-run-simulations.html
[2024-08-13 14:55:35,257][flwr][INFO] - Flower VCE: Resources for each Virtual Client: {'num_cpus': 2, 'num_gpus': 0.5}
[2024-08-13 14:55:35,268][flwr][INFO] - Flower VCE: Creating VirtualClientEngineActorPool with 2 actors
[2024-08-13 14:55:35,270][flwr][INFO] - [INIT]
[2024-08-13 14:55:35,270][flwr][INFO] - Requesting initial parameters from one random client
[2024-08-13 14:55:42,694][flwr][INFO] - Received initial parameters from one random client
[2024-08-13 14:55:42,695][flwr][INFO] - Evaluating initial global parameters
[2024-08-13 14:55:44,985][flwr][INFO] - initial parameters (loss, other metrics): 2.3025850929940455, {'accuracy': 0.098, 'precision': 0.009604000000000001, 'recall': 0.098, 'f1': 0.017493624772313296, 'confusion_matrix': array([[ 980,    0,    0,    0,    0,    0,    0,    0,    0,    0],
       [1135,    0,    0,    0,    0,    0,    0,    0,    0,    0],
       [1032,    0,    0,    0,    0,    0,    0,    0,    0,    0],
       [1010,    0,    0,    0,    0,    0,    0,    0,    0,    0],
       [ 982,    0,    0,    0,    0,    0,    0,    0,    0,    0],
       [ 892,    0,    0,    0,    0,    0,    0,    0,    0,    0],
       [ 958,    0,    0,    0,    0,    0,    0,    0,    0,    0],
       [1028,    0,    0,    0,    0,    0,    0,    0,    0,    0],
       [ 974,    0,    0,    0,    0,    0,    0,    0,    0,    0],
       [1009,    0,    0,    0,    0,    0,    0,    0,    0,    0]],
      dtype=int64)}
[2024-08-13 14:55:44,985][flwr][INFO] - 
[2024-08-13 14:55:44,986][flwr][INFO] - [ROUND 1]
[2024-08-13 14:55:44,986][flwr][INFO] - configure_fit: strategy sampled 10 clients (out of 100)
[2024-08-13 14:55:48,505][flwr][INFO] - aggregate_fit: received 10 results and 0 failures
[2024-08-13 14:55:48,508][flwr][WARNING] - No fit_metrics_aggregation_fn provided
[2024-08-13 14:55:50,805][flwr][INFO] - fit progress: (1, 1.0201836182420552, {'accuracy': 0.7182, 'precision': 0.7797678941929016, 'recall': 0.7182, 'f1': 0.6939131736696709, 'confusion_matrix': array([[ 900,    0,    2,   39,    0,    0,   31,    1,    7,    0],
       [   0, 1061,   39,   19,    1,    0,    3,    0,   10,    2],
       [  29,   19,  626,  259,   16,    0,   32,   11,   31,    9],
       [   1,    7,    7,  942,    0,    0,    5,    4,   28,   16],
       [  11,   13,    3,    1,  665,    0,   38,    3,   29,  219],
       [  40,  121,    3,  397,   17,   36,   47,    3,  154,   74],
       [  33,   29,   14,   10,    8,    0,  861,    1,    2,    0],
       [  18,   46,   19,   15,   14,    0,    3,  690,  110,  113],
       [  11,   30,    8,  300,    4,    0,   12,    2,  572,   35],
       [  33,   17,    1,   18,   68,    0,    2,    7,   34,  829]],
      dtype=int64)}, 5.8196429000090575)
[2024-08-13 14:55:50,806][flwr][INFO] - configure_evaluate: no clients selected, skipping evaluation
[2024-08-13 14:55:50,806][flwr][INFO] - 
[2024-08-13 14:55:50,806][flwr][INFO] - [ROUND 2]
[2024-08-13 14:55:50,806][flwr][INFO] - configure_fit: strategy sampled 10 clients (out of 100)
[2024-08-13 14:55:51,980][flwr][INFO] - aggregate_fit: received 10 results and 0 failures
[2024-08-13 14:55:54,274][flwr][INFO] - fit progress: (2, 0.9751634725064053, {'accuracy': 0.771, 'precision': 0.7897608698836017, 'recall': 0.771, 'f1': 0.7654653781573196, 'confusion_matrix': array([[ 891,    3,    5,    0,    1,   32,   40,    4,    4,    0],
       [   0, 1008,  104,    1,    1,   15,    3,    2,    1,    0],
       [  18,    7,  900,    4,   27,    2,   17,   36,   20,    1],
       [  10,   24,  112,  532,   49,  141,   24,   23,   58,   37],
       [   7,    5,    6,    0,  865,   25,   14,   36,    5,   19],
       [  21,   79,   20,   20,   22,  641,   50,   27,    9,    3],
       [  14,   17,   42,    0,   21,   18,  835,   11,    0,    0],
       [   4,   32,   48,    0,   16,    0,    2,  916,    6,    4],
       [  13,   39,   80,    6,   60,  112,   25,   20,  577,   42],
       [  21,   11,    5,    1,  211,   39,    1,  164,   11,  545]],
      dtype=int64)}, 9.288982000012766)
[2024-08-13 14:55:54,275][flwr][INFO] - configure_evaluate: no clients selected, skipping evaluation
[2024-08-13 14:55:54,275][flwr][INFO] - 
[2024-08-13 14:55:54,275][flwr][INFO] - [ROUND 3]
[2024-08-13 14:55:54,275][flwr][INFO] - configure_fit: strategy sampled 10 clients (out of 100)
[2024-08-13 14:55:55,461][flwr][INFO] - aggregate_fit: received 10 results and 0 failures
[2024-08-13 14:55:57,755][flwr][INFO] - fit progress: (3, 0.9797382632575969, {'accuracy': 0.7395, 'precision': 0.7944164416853456, 'recall': 0.7395, 'f1': 0.7310079730237723, 'confusion_matrix': array([[ 895,    4,    0,   27,    2,    0,   34,    0,   16,    2],
       [   0, 1058,   11,   13,    1,    0,    4,    0,   36,   12],
       [  18,   18,  579,  261,   14,    0,   28,   18,   60,   36],
       [   0,    5,    4,  905,    2,    2,   10,    8,   30,   44],
       [   9,    7,    1,    0,  570,    0,   18,    4,   14,  359],
       [  12,  103,    2,  263,   15,  239,   53,   10,  110,   85],
       [  18,   24,   14,    5,    8,    3,  874,    7,    3,    2],
       [  12,   30,   15,    6,   12,    0,    2,  716,   90,  145],
       [   7,   28,    3,  163,    7,    2,   14,    3,  650,   97],
       [  25,    6,    2,    9,   25,    1,    1,   12,   19,  909]],
      dtype=int64)}, 12.769727000006242)
[2024-08-13 14:55:57,756][flwr][INFO] - configure_evaluate: no clients selected, skipping evaluation
[2024-08-13 14:55:57,756][flwr][INFO] - 
[2024-08-13 14:55:57,756][flwr][INFO] - [ROUND 4]
[2024-08-13 14:55:57,756][flwr][INFO] - configure_fit: strategy sampled 10 clients (out of 100)
[2024-08-13 14:55:58,896][flwr][INFO] - aggregate_fit: received 10 results and 0 failures
[2024-08-13 14:56:01,196][flwr][INFO] - fit progress: (4, 0.9581765875692109, {'accuracy': 0.7602, 'precision': 0.7941137558952361, 'recall': 0.7602, 'f1': 0.7469494041880963, 'confusion_matrix': array([[901,   4,   6,   0,   1,  26,  31,   9,   2,   0],
       [  0, 986, 128,   1,   1,  11,   4,   3,   1,   0],
       [ 12,   9, 892,  16,  27,   2,  17,  37,  20,   0],
       [  3,  19,  53, 698,  44,  90,  20,  26,  53,   4],
       [  5,   4,   4,   0, 882,  20,  15,  46,   4,   2],
       [ 13,  75,  17,  25,  19, 661,  45,  28,   9,   0],
       [ 13,  13,  43,   0,  15,  18, 826,  30,   0,   0],
       [  5,  28,  50,   0,  19,   0,   2, 919,   5,   0],
       [ 10,  42,  66,  22,  71, 125,  29,  26, 580,   3],
       [ 20,  10,   7,   1, 331,  85,   1, 285,  12, 257]], dtype=int64)}, 16.210613300005207)
[2024-08-13 14:56:01,197][flwr][INFO] - configure_evaluate: no clients selected, skipping evaluation
[2024-08-13 14:56:01,197][flwr][INFO] - 
[2024-08-13 14:56:01,197][flwr][INFO] - [ROUND 5]
[2024-08-13 14:56:01,197][flwr][INFO] - configure_fit: strategy sampled 10 clients (out of 100)
[2024-08-13 14:56:02,370][flwr][INFO] - aggregate_fit: received 10 results and 0 failures
[2024-08-13 14:56:04,686][flwr][INFO] - fit progress: (5, 0.9549326653109615, {'accuracy': 0.7412, 'precision': 0.7990947090464624, 'recall': 0.7412, 'f1': 0.737161410392287, 'confusion_matrix': array([[ 904,   13,    1,   13,    1,    3,   27,    2,    9,    7],
       [   0, 1066,   11,    9,    1,    1,    5,    0,   28,   14],
       [  12,   27,  620,  202,    9,    0,   30,   24,   58,   50],
       [   0,    9,    4,  873,    2,    8,   11,    8,   28,   67],
       [   7,    6,    2,    1,  438,    0,   23,    7,    8,  490],
       [  12,  102,    3,  171,    5,  353,   59,   12,   81,   94],
       [  12,   27,   11,    2,    5,    4,  883,   11,    1,    2],
       [  11,   32,   17,    6,    5,    0,    2,  706,   56,  193],
       [   9,   35,    3,  105,    5,    5,   22,    3,  634,  153],
       [  24,    6,    2,    6,   11,    2,    1,   10,   12,  935]],
      dtype=int64)}, 19.70112140000856)
[2024-08-13 14:56:04,687][flwr][INFO] - configure_evaluate: no clients selected, skipping evaluation
[2024-08-13 14:56:04,687][flwr][INFO] - 
[2024-08-13 14:56:04,688][flwr][INFO] - [ROUND 6]
[2024-08-13 14:56:04,688][flwr][INFO] - configure_fit: strategy sampled 10 clients (out of 100)
[2024-08-13 14:56:05,985][flwr][INFO] - aggregate_fit: received 10 results and 0 failures
[2024-08-13 14:56:08,332][flwr][INFO] - fit progress: (6, 0.9428724579522035, {'accuracy': 0.7595, 'precision': 0.7952451850613099, 'recall': 0.7595, 'f1': 0.73346823585593, 'confusion_matrix': array([[924,   7,   3,   1,   1,  15,  13,  10,   6,   0],
       [  0, 946, 156,   2,   1,  11,   4,   3,  12,   0],
       [ 12,   7, 874,  22,  25,   3,  15,  35,  39,   0],
       [  7,  11,  37, 738,  29,  71,  11,  24,  81,   1],
       [  7,   3,   3,   0, 888,  27,  13,  32,   9,   0],
       [ 15,  53,  15,  31,  14, 682,  28,  25,  29,   0],
       [ 19,   9,  41,   0,  20,  20, 811,  38,   0,   0],
       [  9,  21,  50,   0,  20,   0,   0, 900,  28,   0],
       [ 17,  19,  34,  20,  40,  72,  17,  14, 741,   0],
       [ 42,   7,   7,   2, 394, 126,   1, 273,  66,  91]], dtype=int64)}, 23.34687930000655)
[2024-08-13 14:56:08,333][flwr][INFO] - configure_evaluate: no clients selected, skipping evaluation
[2024-08-13 14:56:08,333][flwr][INFO] - 
[2024-08-13 14:56:08,333][flwr][INFO] - [ROUND 7]
[2024-08-13 14:56:08,333][flwr][INFO] - configure_fit: strategy sampled 10 clients (out of 100)
[2024-08-13 14:56:09,469][flwr][INFO] - aggregate_fit: received 10 results and 0 failures
[2024-08-13 14:56:11,779][flwr][INFO] - fit progress: (7, 0.8997142786860195, {'accuracy': 0.7776, 'precision': 0.8108289755025933, 'recall': 0.7776, 'f1': 0.7765212519557391, 'confusion_matrix': array([[ 928,    9,    2,    6,    1,    4,   22,    2,    6,    0],
       [   0, 1046,   37,   10,    1,    2,    5,    1,   17,   16],
       [  17,   18,  747,  111,    9,    0,   27,   31,   42,   30],
       [   2,    9,    4,  864,    2,   15,   15,   12,   20,   67],
       [  11,    6,    2,    1,  565,    0,   21,   13,    6,  357],
       [  20,   71,    3,  121,   10,  471,   67,   16,   44,   69],
       [  14,   12,   16,    2,    5,    5,  874,   27,    0,    3],
       [  13,   24,   27,    5,    8,    0,    1,  781,   39,  130],
       [  20,   31,    8,  102,    7,    7,   26,    6,  574,  193],
       [  29,    4,    2,    7,   13,    3,    1,   18,    6,  926]],
      dtype=int64)}, 26.793012000009185)
[2024-08-13 14:56:11,779][flwr][INFO] - configure_evaluate: no clients selected, skipping evaluation
[2024-08-13 14:56:11,779][flwr][INFO] - 
[2024-08-13 14:56:11,779][flwr][INFO] - [ROUND 8]
[2024-08-13 14:56:11,780][flwr][INFO] - configure_fit: strategy sampled 10 clients (out of 100)
[2024-08-13 14:56:12,930][flwr][INFO] - aggregate_fit: received 10 results and 0 failures
[2024-08-13 14:56:15,429][flwr][INFO] - fit progress: (8, 0.9162100356993402, {'accuracy': 0.7677, 'precision': 0.8063645869267128, 'recall': 0.7677, 'f1': 0.7444634746808934, 'confusion_matrix': array([[ 863,   30,    8,    3,    3,   32,   15,   19,    7,    0],
       [   0, 1047,   49,    2,    2,   10,    4,    4,   17,    0],
       [   8,   18,  833,   26,   38,    2,   15,   42,   50,    0],
       [   0,   17,   24,  744,   34,   69,    9,   29,   83,    1],
       [   2,    3,    2,    0,  911,   13,   12,   32,    7,    0],
       [   7,   59,    8,   28,   16,  688,   25,   30,   31,    0],
       [  10,   14,   23,    0,   23,   19,  807,   61,    1,    0],
       [   7,   24,   33,    1,   25,    0,    0,  907,   31,    0],
       [   7,   27,   20,   17,   46,   60,   15,   16,  766,    0],
       [  21,    9,    3,    2,  425,   92,    1,  273,   72,  111]],
      dtype=int64)}, 30.443561200008844)
[2024-08-13 14:56:15,430][flwr][INFO] - configure_evaluate: no clients selected, skipping evaluation
[2024-08-13 14:56:15,430][flwr][INFO] - 
[2024-08-13 14:56:15,430][flwr][INFO] - [ROUND 9]
[2024-08-13 14:56:15,430][flwr][INFO] - configure_fit: strategy sampled 10 clients (out of 100)
[2024-08-13 14:56:16,601][flwr][INFO] - aggregate_fit: received 10 results and 0 failures
[2024-08-13 14:56:18,905][flwr][INFO] - fit progress: (9, 0.8769733502771935, {'accuracy': 0.788, 'precision': 0.8121356331626363, 'recall': 0.788, 'f1': 0.7850184592423538, 'confusion_matrix': array([[ 905,   18,    2,    7,    2,    3,   35,    2,    5,    1],
       [   0, 1038,   49,   15,    2,    3,   10,    1,    9,    8],
       [  14,   18,  753,  120,   10,    0,   29,   32,   33,   23],
       [   2,    9,    7,  878,    3,   14,   18,   12,   15,   52],
       [   8,    3,    2,    0,  725,    0,   30,    8,    3,  203],
       [  19,   63,    4,  119,   17,  477,   85,   19,   27,   62],
       [  12,   12,   16,    1,    8,    3,  882,   22,    0,    2],
       [  13,   24,   32,    6,   17,    0,    2,  808,   22,  104],
       [  18,   33,   14,  113,   14,    8,   39,    7,  499,  229],
       [  30,    6,    2,   10,   23,    4,    1,   17,    1,  915]],
      dtype=int64)}, 33.918969000005745)
[2024-08-13 14:56:18,905][flwr][INFO] - configure_evaluate: no clients selected, skipping evaluation
[2024-08-13 14:56:18,906][flwr][INFO] - 
[2024-08-13 14:56:18,906][flwr][INFO] - [ROUND 10]
[2024-08-13 14:56:18,906][flwr][INFO] - configure_fit: strategy sampled 10 clients (out of 100)
[2024-08-13 14:56:20,144][flwr][INFO] - aggregate_fit: received 10 results and 0 failures
[2024-08-13 14:56:22,463][flwr][INFO] - fit progress: (10, 0.8979135620541531, {'accuracy': 0.7724, 'precision': 0.8134353259634642, 'recall': 0.7724, 'f1': 0.7507380798446582, 'confusion_matrix': array([[ 901,   15,    5,    2,    2,   27,    7,   10,   11,    0],
       [   0, 1033,   36,    6,    2,   10,    4,    1,   43,    0],
       [  11,   15,  811,   32,   45,    0,   12,   37,   69,    0],
       [   3,   12,   19,  739,   32,   65,    9,   18,  113,    0],
       [   3,    3,    1,    0,  914,   16,   10,   15,   20,    0],
       [  11,   37,    7,   26,   15,  694,   20,   21,   61,    0],
       [  19,   11,   21,    0,   29,   22,  807,   47,    2,    0],
       [  10,   21,   29,    1,   31,    0,    0,  867,   69,    0],
       [   9,   12,   12,   14,   35,   37,   14,    5,  836,    0],
       [  49,    5,    4,    2,  411,   85,    0,  152,  179,  122]],
      dtype=int64)}, 37.47821480000857)
[2024-08-13 14:56:22,464][flwr][INFO] - configure_evaluate: no clients selected, skipping evaluation
[2024-08-13 14:56:22,464][flwr][INFO] - 
[2024-08-13 14:56:22,464][flwr][INFO] - [SUMMARY]
[2024-08-13 14:56:22,464][flwr][INFO] - Run finished 10 round(s) in 37.48s
[2024-08-13 14:56:22,472][flwr][INFO] - 	History (loss, centralized):
[2024-08-13 14:56:22,472][flwr][INFO] - 		round 0: 2.3025850929940455
[2024-08-13 14:56:22,472][flwr][INFO] - 		round 1: 1.0201836182420552
[2024-08-13 14:56:22,472][flwr][INFO] - 		round 2: 0.9751634725064053
[2024-08-13 14:56:22,472][flwr][INFO] - 		round 3: 0.9797382632575969
[2024-08-13 14:56:22,472][flwr][INFO] - 		round 4: 0.9581765875692109
[2024-08-13 14:56:22,473][flwr][INFO] - 		round 5: 0.9549326653109615
[2024-08-13 14:56:22,473][flwr][INFO] - 		round 6: 0.9428724579522035
[2024-08-13 14:56:22,473][flwr][INFO] - 		round 7: 0.8997142786860195
[2024-08-13 14:56:22,473][flwr][INFO] - 		round 8: 0.9162100356993402
[2024-08-13 14:56:22,473][flwr][INFO] - 		round 9: 0.8769733502771935
[2024-08-13 14:56:22,473][flwr][INFO] - 		round 10: 0.8979135620541531
[2024-08-13 14:56:22,473][flwr][INFO] - 	History (metrics, centralized):
[2024-08-13 14:56:22,473][flwr][INFO] - 	{'accuracy': [(0, 0.098),
[2024-08-13 14:56:22,473][flwr][INFO] - 	              (1, 0.7182),
[2024-08-13 14:56:22,473][flwr][INFO] - 	              (2, 0.771),
[2024-08-13 14:56:22,474][flwr][INFO] - 	              (3, 0.7395),
[2024-08-13 14:56:22,474][flwr][INFO] - 	              (4, 0.7602),
[2024-08-13 14:56:22,474][flwr][INFO] - 	              (5, 0.7412),
[2024-08-13 14:56:22,474][flwr][INFO] - 	              (6, 0.7595),
[2024-08-13 14:56:22,474][flwr][INFO] - 	              (7, 0.7776),
[2024-08-13 14:56:22,474][flwr][INFO] - 	              (8, 0.7677),
[2024-08-13 14:56:22,474][flwr][INFO] - 	              (9, 0.788),
[2024-08-13 14:56:22,474][flwr][INFO] - 	              (10, 0.7724)],
[2024-08-13 14:56:22,474][flwr][INFO] - 	 'confusion_matrix': [(0,
[2024-08-13 14:56:22,474][flwr][INFO] - 	                       array([[ 980,    0,    0,    0,    0,    0,    0,    0,    0,    0],
[2024-08-13 14:56:22,474][flwr][INFO] - 	       [1135,    0,    0,    0,    0,    0,    0,    0,    0,    0],
[2024-08-13 14:56:22,474][flwr][INFO] - 	       [1032,    0,    0,    0,    0,    0,    0,    0,    0,    0],
[2024-08-13 14:56:22,474][flwr][INFO] - 	       [1010,    0,    0,    0,    0,    0,    0,    0,    0,    0],
[2024-08-13 14:56:22,474][flwr][INFO] - 	       [ 982,    0,    0,    0,    0,    0,    0,    0,    0,    0],
[2024-08-13 14:56:22,474][flwr][INFO] - 	       [ 892,    0,    0,    0,    0,    0,    0,    0,    0,    0],
[2024-08-13 14:56:22,474][flwr][INFO] - 	       [ 958,    0,    0,    0,    0,    0,    0,    0,    0,    0],
[2024-08-13 14:56:22,475][flwr][INFO] - 	       [1028,    0,    0,    0,    0,    0,    0,    0,    0,    0],
[2024-08-13 14:56:22,475][flwr][INFO] - 	       [ 974,    0,    0,    0,    0,    0,    0,    0,    0,    0],
[2024-08-13 14:56:22,475][flwr][INFO] - 	       [1009,    0,    0,    0,    0,    0,    0,    0,    0,    0]],
[2024-08-13 14:56:22,475][flwr][INFO] - 	      dtype=int64)),
[2024-08-13 14:56:22,475][flwr][INFO] - 	                      (1,
[2024-08-13 14:56:22,475][flwr][INFO] - 	                       array([[ 900,    0,    2,   39,    0,    0,   31,    1,    7,    0],
[2024-08-13 14:56:22,475][flwr][INFO] - 	       [   0, 1061,   39,   19,    1,    0,    3,    0,   10,    2],
[2024-08-13 14:56:22,475][flwr][INFO] - 	       [  29,   19,  626,  259,   16,    0,   32,   11,   31,    9],
[2024-08-13 14:56:22,475][flwr][INFO] - 	       [   1,    7,    7,  942,    0,    0,    5,    4,   28,   16],
[2024-08-13 14:56:22,475][flwr][INFO] - 	       [  11,   13,    3,    1,  665,    0,   38,    3,   29,  219],
[2024-08-13 14:56:22,475][flwr][INFO] - 	       [  40,  121,    3,  397,   17,   36,   47,    3,  154,   74],
[2024-08-13 14:56:22,475][flwr][INFO] - 	       [  33,   29,   14,   10,    8,    0,  861,    1,    2,    0],
[2024-08-13 14:56:22,475][flwr][INFO] - 	       [  18,   46,   19,   15,   14,    0,    3,  690,  110,  113],
[2024-08-13 14:56:22,475][flwr][INFO] - 	       [  11,   30,    8,  300,    4,    0,   12,    2,  572,   35],
[2024-08-13 14:56:22,475][flwr][INFO] - 	       [  33,   17,    1,   18,   68,    0,    2,    7,   34,  829]],
[2024-08-13 14:56:22,475][flwr][INFO] - 	      dtype=int64)),
[2024-08-13 14:56:22,475][flwr][INFO] - 	                      (2,
[2024-08-13 14:56:22,476][flwr][INFO] - 	                       array([[ 891,    3,    5,    0,    1,   32,   40,    4,    4,    0],
[2024-08-13 14:56:22,476][flwr][INFO] - 	       [   0, 1008,  104,    1,    1,   15,    3,    2,    1,    0],
[2024-08-13 14:56:22,476][flwr][INFO] - 	       [  18,    7,  900,    4,   27,    2,   17,   36,   20,    1],
[2024-08-13 14:56:22,476][flwr][INFO] - 	       [  10,   24,  112,  532,   49,  141,   24,   23,   58,   37],
[2024-08-13 14:56:22,476][flwr][INFO] - 	       [   7,    5,    6,    0,  865,   25,   14,   36,    5,   19],
[2024-08-13 14:56:22,476][flwr][INFO] - 	       [  21,   79,   20,   20,   22,  641,   50,   27,    9,    3],
[2024-08-13 14:56:22,476][flwr][INFO] - 	       [  14,   17,   42,    0,   21,   18,  835,   11,    0,    0],
[2024-08-13 14:56:22,476][flwr][INFO] - 	       [   4,   32,   48,    0,   16,    0,    2,  916,    6,    4],
[2024-08-13 14:56:22,476][flwr][INFO] - 	       [  13,   39,   80,    6,   60,  112,   25,   20,  577,   42],
[2024-08-13 14:56:22,476][flwr][INFO] - 	       [  21,   11,    5,    1,  211,   39,    1,  164,   11,  545]],
[2024-08-13 14:56:22,476][flwr][INFO] - 	      dtype=int64)),
[2024-08-13 14:56:22,476][flwr][INFO] - 	                      (3,
[2024-08-13 14:56:22,476][flwr][INFO] - 	                       array([[ 895,    4,    0,   27,    2,    0,   34,    0,   16,    2],
[2024-08-13 14:56:22,476][flwr][INFO] - 	       [   0, 1058,   11,   13,    1,    0,    4,    0,   36,   12],
[2024-08-13 14:56:22,476][flwr][INFO] - 	       [  18,   18,  579,  261,   14,    0,   28,   18,   60,   36],
[2024-08-13 14:56:22,476][flwr][INFO] - 	       [   0,    5,    4,  905,    2,    2,   10,    8,   30,   44],
[2024-08-13 14:56:22,476][flwr][INFO] - 	       [   9,    7,    1,    0,  570,    0,   18,    4,   14,  359],
[2024-08-13 14:56:22,477][flwr][INFO] - 	       [  12,  103,    2,  263,   15,  239,   53,   10,  110,   85],
[2024-08-13 14:56:22,477][flwr][INFO] - 	       [  18,   24,   14,    5,    8,    3,  874,    7,    3,    2],
[2024-08-13 14:56:22,477][flwr][INFO] - 	       [  12,   30,   15,    6,   12,    0,    2,  716,   90,  145],
[2024-08-13 14:56:22,477][flwr][INFO] - 	       [   7,   28,    3,  163,    7,    2,   14,    3,  650,   97],
[2024-08-13 14:56:22,477][flwr][INFO] - 	       [  25,    6,    2,    9,   25,    1,    1,   12,   19,  909]],
[2024-08-13 14:56:22,477][flwr][INFO] - 	      dtype=int64)),
[2024-08-13 14:56:22,477][flwr][INFO] - 	                      (4,
[2024-08-13 14:56:22,477][flwr][INFO] - 	                       array([[901,   4,   6,   0,   1,  26,  31,   9,   2,   0],
[2024-08-13 14:56:22,477][flwr][INFO] - 	       [  0, 986, 128,   1,   1,  11,   4,   3,   1,   0],
[2024-08-13 14:56:22,477][flwr][INFO] - 	       [ 12,   9, 892,  16,  27,   2,  17,  37,  20,   0],
[2024-08-13 14:56:22,477][flwr][INFO] - 	       [  3,  19,  53, 698,  44,  90,  20,  26,  53,   4],
[2024-08-13 14:56:22,477][flwr][INFO] - 	       [  5,   4,   4,   0, 882,  20,  15,  46,   4,   2],
[2024-08-13 14:56:22,477][flwr][INFO] - 	       [ 13,  75,  17,  25,  19, 661,  45,  28,   9,   0],
[2024-08-13 14:56:22,477][flwr][INFO] - 	       [ 13,  13,  43,   0,  15,  18, 826,  30,   0,   0],
[2024-08-13 14:56:22,477][flwr][INFO] - 	       [  5,  28,  50,   0,  19,   0,   2, 919,   5,   0],
[2024-08-13 14:56:22,477][flwr][INFO] - 	       [ 10,  42,  66,  22,  71, 125,  29,  26, 580,   3],
[2024-08-13 14:56:22,477][flwr][INFO] - 	       [ 20,  10,   7,   1, 331,  85,   1, 285,  12, 257]], dtype=int64)),
[2024-08-13 14:56:22,478][flwr][INFO] - 	                      (5,
[2024-08-13 14:56:22,478][flwr][INFO] - 	                       array([[ 904,   13,    1,   13,    1,    3,   27,    2,    9,    7],
[2024-08-13 14:56:22,478][flwr][INFO] - 	       [   0, 1066,   11,    9,    1,    1,    5,    0,   28,   14],
[2024-08-13 14:56:22,478][flwr][INFO] - 	       [  12,   27,  620,  202,    9,    0,   30,   24,   58,   50],
[2024-08-13 14:56:22,478][flwr][INFO] - 	       [   0,    9,    4,  873,    2,    8,   11,    8,   28,   67],
[2024-08-13 14:56:22,478][flwr][INFO] - 	       [   7,    6,    2,    1,  438,    0,   23,    7,    8,  490],
[2024-08-13 14:56:22,478][flwr][INFO] - 	       [  12,  102,    3,  171,    5,  353,   59,   12,   81,   94],
[2024-08-13 14:56:22,478][flwr][INFO] - 	       [  12,   27,   11,    2,    5,    4,  883,   11,    1,    2],
[2024-08-13 14:56:22,478][flwr][INFO] - 	       [  11,   32,   17,    6,    5,    0,    2,  706,   56,  193],
[2024-08-13 14:56:22,478][flwr][INFO] - 	       [   9,   35,    3,  105,    5,    5,   22,    3,  634,  153],
[2024-08-13 14:56:22,478][flwr][INFO] - 	       [  24,    6,    2,    6,   11,    2,    1,   10,   12,  935]],
[2024-08-13 14:56:22,478][flwr][INFO] - 	      dtype=int64)),
[2024-08-13 14:56:22,478][flwr][INFO] - 	                      (6,
[2024-08-13 14:56:22,478][flwr][INFO] - 	                       array([[924,   7,   3,   1,   1,  15,  13,  10,   6,   0],
[2024-08-13 14:56:22,478][flwr][INFO] - 	       [  0, 946, 156,   2,   1,  11,   4,   3,  12,   0],
[2024-08-13 14:56:22,478][flwr][INFO] - 	       [ 12,   7, 874,  22,  25,   3,  15,  35,  39,   0],
[2024-08-13 14:56:22,478][flwr][INFO] - 	       [  7,  11,  37, 738,  29,  71,  11,  24,  81,   1],
[2024-08-13 14:56:22,479][flwr][INFO] - 	       [  7,   3,   3,   0, 888,  27,  13,  32,   9,   0],
[2024-08-13 14:56:22,479][flwr][INFO] - 	       [ 15,  53,  15,  31,  14, 682,  28,  25,  29,   0],
[2024-08-13 14:56:22,479][flwr][INFO] - 	       [ 19,   9,  41,   0,  20,  20, 811,  38,   0,   0],
[2024-08-13 14:56:22,479][flwr][INFO] - 	       [  9,  21,  50,   0,  20,   0,   0, 900,  28,   0],
[2024-08-13 14:56:22,479][flwr][INFO] - 	       [ 17,  19,  34,  20,  40,  72,  17,  14, 741,   0],
[2024-08-13 14:56:22,479][flwr][INFO] - 	       [ 42,   7,   7,   2, 394, 126,   1, 273,  66,  91]], dtype=int64)),
[2024-08-13 14:56:22,479][flwr][INFO] - 	                      (7,
[2024-08-13 14:56:22,479][flwr][INFO] - 	                       array([[ 928,    9,    2,    6,    1,    4,   22,    2,    6,    0],
[2024-08-13 14:56:22,479][flwr][INFO] - 	       [   0, 1046,   37,   10,    1,    2,    5,    1,   17,   16],
[2024-08-13 14:56:22,479][flwr][INFO] - 	       [  17,   18,  747,  111,    9,    0,   27,   31,   42,   30],
[2024-08-13 14:56:22,479][flwr][INFO] - 	       [   2,    9,    4,  864,    2,   15,   15,   12,   20,   67],
[2024-08-13 14:56:22,479][flwr][INFO] - 	       [  11,    6,    2,    1,  565,    0,   21,   13,    6,  357],
[2024-08-13 14:56:22,479][flwr][INFO] - 	       [  20,   71,    3,  121,   10,  471,   67,   16,   44,   69],
[2024-08-13 14:56:22,479][flwr][INFO] - 	       [  14,   12,   16,    2,    5,    5,  874,   27,    0,    3],
[2024-08-13 14:56:22,479][flwr][INFO] - 	       [  13,   24,   27,    5,    8,    0,    1,  781,   39,  130],
[2024-08-13 14:56:22,479][flwr][INFO] - 	       [  20,   31,    8,  102,    7,    7,   26,    6,  574,  193],
[2024-08-13 14:56:22,479][flwr][INFO] - 	       [  29,    4,    2,    7,   13,    3,    1,   18,    6,  926]],
[2024-08-13 14:56:22,480][flwr][INFO] - 	      dtype=int64)),
[2024-08-13 14:56:22,480][flwr][INFO] - 	                      (8,
[2024-08-13 14:56:22,480][flwr][INFO] - 	                       array([[ 863,   30,    8,    3,    3,   32,   15,   19,    7,    0],
[2024-08-13 14:56:22,480][flwr][INFO] - 	       [   0, 1047,   49,    2,    2,   10,    4,    4,   17,    0],
[2024-08-13 14:56:22,480][flwr][INFO] - 	       [   8,   18,  833,   26,   38,    2,   15,   42,   50,    0],
[2024-08-13 14:56:22,480][flwr][INFO] - 	       [   0,   17,   24,  744,   34,   69,    9,   29,   83,    1],
[2024-08-13 14:56:22,480][flwr][INFO] - 	       [   2,    3,    2,    0,  911,   13,   12,   32,    7,    0],
[2024-08-13 14:56:22,480][flwr][INFO] - 	       [   7,   59,    8,   28,   16,  688,   25,   30,   31,    0],
[2024-08-13 14:56:22,480][flwr][INFO] - 	       [  10,   14,   23,    0,   23,   19,  807,   61,    1,    0],
[2024-08-13 14:56:22,480][flwr][INFO] - 	       [   7,   24,   33,    1,   25,    0,    0,  907,   31,    0],
[2024-08-13 14:56:22,480][flwr][INFO] - 	       [   7,   27,   20,   17,   46,   60,   15,   16,  766,    0],
[2024-08-13 14:56:22,480][flwr][INFO] - 	       [  21,    9,    3,    2,  425,   92,    1,  273,   72,  111]],
[2024-08-13 14:56:22,480][flwr][INFO] - 	      dtype=int64)),
[2024-08-13 14:56:22,480][flwr][INFO] - 	                      (9,
[2024-08-13 14:56:22,480][flwr][INFO] - 	                       array([[ 905,   18,    2,    7,    2,    3,   35,    2,    5,    1],
[2024-08-13 14:56:22,480][flwr][INFO] - 	       [   0, 1038,   49,   15,    2,    3,   10,    1,    9,    8],
[2024-08-13 14:56:22,480][flwr][INFO] - 	       [  14,   18,  753,  120,   10,    0,   29,   32,   33,   23],
[2024-08-13 14:56:22,481][flwr][INFO] - 	       [   2,    9,    7,  878,    3,   14,   18,   12,   15,   52],
[2024-08-13 14:56:22,481][flwr][INFO] - 	       [   8,    3,    2,    0,  725,    0,   30,    8,    3,  203],
[2024-08-13 14:56:22,481][flwr][INFO] - 	       [  19,   63,    4,  119,   17,  477,   85,   19,   27,   62],
[2024-08-13 14:56:22,481][flwr][INFO] - 	       [  12,   12,   16,    1,    8,    3,  882,   22,    0,    2],
[2024-08-13 14:56:22,481][flwr][INFO] - 	       [  13,   24,   32,    6,   17,    0,    2,  808,   22,  104],
[2024-08-13 14:56:22,481][flwr][INFO] - 	       [  18,   33,   14,  113,   14,    8,   39,    7,  499,  229],
[2024-08-13 14:56:22,481][flwr][INFO] - 	       [  30,    6,    2,   10,   23,    4,    1,   17,    1,  915]],
[2024-08-13 14:56:22,481][flwr][INFO] - 	      dtype=int64)),
[2024-08-13 14:56:22,481][flwr][INFO] - 	                      (10,
[2024-08-13 14:56:22,481][flwr][INFO] - 	                       array([[ 901,   15,    5,    2,    2,   27,    7,   10,   11,    0],
[2024-08-13 14:56:22,481][flwr][INFO] - 	       [   0, 1033,   36,    6,    2,   10,    4,    1,   43,    0],
[2024-08-13 14:56:22,481][flwr][INFO] - 	       [  11,   15,  811,   32,   45,    0,   12,   37,   69,    0],
[2024-08-13 14:56:22,481][flwr][INFO] - 	       [   3,   12,   19,  739,   32,   65,    9,   18,  113,    0],
[2024-08-13 14:56:22,481][flwr][INFO] - 	       [   3,    3,    1,    0,  914,   16,   10,   15,   20,    0],
[2024-08-13 14:56:22,481][flwr][INFO] - 	       [  11,   37,    7,   26,   15,  694,   20,   21,   61,    0],
[2024-08-13 14:56:22,481][flwr][INFO] - 	       [  19,   11,   21,    0,   29,   22,  807,   47,    2,    0],
[2024-08-13 14:56:22,481][flwr][INFO] - 	       [  10,   21,   29,    1,   31,    0,    0,  867,   69,    0],
[2024-08-13 14:56:22,482][flwr][INFO] - 	       [   9,   12,   12,   14,   35,   37,   14,    5,  836,    0],
[2024-08-13 14:56:22,482][flwr][INFO] - 	       [  49,    5,    4,    2,  411,   85,    0,  152,  179,  122]],
[2024-08-13 14:56:22,482][flwr][INFO] - 	      dtype=int64))],
[2024-08-13 14:56:22,482][flwr][INFO] - 	 'f1': [(0, 0.017493624772313296),
[2024-08-13 14:56:22,482][flwr][INFO] - 	        (1, 0.6939131736696709),
[2024-08-13 14:56:22,482][flwr][INFO] - 	        (2, 0.7654653781573196),
[2024-08-13 14:56:22,482][flwr][INFO] - 	        (3, 0.7310079730237723),
[2024-08-13 14:56:22,482][flwr][INFO] - 	        (4, 0.7469494041880963),
[2024-08-13 14:56:22,482][flwr][INFO] - 	        (5, 0.737161410392287),
[2024-08-13 14:56:22,482][flwr][INFO] - 	        (6, 0.73346823585593),
[2024-08-13 14:56:22,482][flwr][INFO] - 	        (7, 0.7765212519557391),
[2024-08-13 14:56:22,482][flwr][INFO] - 	        (8, 0.7444634746808934),
[2024-08-13 14:56:22,482][flwr][INFO] - 	        (9, 0.7850184592423538),
[2024-08-13 14:56:22,482][flwr][INFO] - 	        (10, 0.7507380798446582)],
[2024-08-13 14:56:22,482][flwr][INFO] - 	 'precision': [(0, 0.009604000000000001),
[2024-08-13 14:56:22,482][flwr][INFO] - 	               (1, 0.7797678941929016),
[2024-08-13 14:56:22,482][flwr][INFO] - 	               (2, 0.7897608698836017),
[2024-08-13 14:56:22,483][flwr][INFO] - 	               (3, 0.7944164416853456),
[2024-08-13 14:56:22,483][flwr][INFO] - 	               (4, 0.7941137558952361),
[2024-08-13 14:56:22,483][flwr][INFO] - 	               (5, 0.7990947090464624),
[2024-08-13 14:56:22,483][flwr][INFO] - 	               (6, 0.7952451850613099),
[2024-08-13 14:56:22,483][flwr][INFO] - 	               (7, 0.8108289755025933),
[2024-08-13 14:56:22,483][flwr][INFO] - 	               (8, 0.8063645869267128),
[2024-08-13 14:56:22,483][flwr][INFO] - 	               (9, 0.8121356331626363),
[2024-08-13 14:56:22,483][flwr][INFO] - 	               (10, 0.8134353259634642)],
[2024-08-13 14:56:22,483][flwr][INFO] - 	 'recall': [(0, 0.098),
[2024-08-13 14:56:22,483][flwr][INFO] - 	            (1, 0.7182),
[2024-08-13 14:56:22,483][flwr][INFO] - 	            (2, 0.771),
[2024-08-13 14:56:22,483][flwr][INFO] - 	            (3, 0.7395),
[2024-08-13 14:56:22,483][flwr][INFO] - 	            (4, 0.7602),
[2024-08-13 14:56:22,483][flwr][INFO] - 	            (5, 0.7412),
[2024-08-13 14:56:22,483][flwr][INFO] - 	            (6, 0.7595),
[2024-08-13 14:56:22,483][flwr][INFO] - 	            (7, 0.7776),
[2024-08-13 14:56:22,484][flwr][INFO] - 	            (8, 0.7677),
[2024-08-13 14:56:22,484][flwr][INFO] - 	            (9, 0.788),
[2024-08-13 14:56:22,484][flwr][INFO] - 	            (10, 0.7724)]}
[2024-08-13 14:56:22,484][flwr][INFO] - 
