[2024-08-13 14:44:55,483][flwr][INFO] - Starting Flower simulation, config: num_rounds=10, no round_timeout
[2024-08-13 14:44:59,531][flwr][INFO] - Flower VCE: Ray initialized with resources: {'object_store_memory': 2448471244.0, 'memory': 4896942491.0, 'node:127.0.0.1': 1.0, 'accelerator_type:G': 1.0, 'CPU': 16.0, 'node:__internal_head__': 1.0, 'GPU': 1.0}
[2024-08-13 14:44:59,531][flwr][INFO] - Optimize your simulation with Flower VCE: https://flower.ai/docs/framework/how-to-run-simulations.html
[2024-08-13 14:44:59,531][flwr][INFO] - Flower VCE: Resources for each Virtual Client: {'num_cpus': 2, 'num_gpus': 0.5}
[2024-08-13 14:44:59,544][flwr][INFO] - Flower VCE: Creating VirtualClientEngineActorPool with 2 actors
[2024-08-13 14:44:59,546][flwr][INFO] - [INIT]
[2024-08-13 14:44:59,546][flwr][INFO] - Requesting initial parameters from one random client
[2024-08-13 14:45:06,874][flwr][INFO] - Received initial parameters from one random client
[2024-08-13 14:45:06,874][flwr][INFO] - Evaluating initial global parameters
[2024-08-13 14:45:09,125][flwr][INFO] - initial parameters (loss, other metrics): 2.3025850929940455, {'accuracy': 0.098, 'precision': 0.009604000000000001, 'recall': 0.098, 'f1': 0.017493624772313296, 'confusion_matrix': array([[ 980,    0,    0,    0,    0,    0,    0,    0,    0,    0],
       [1135,    0,    0,    0,    0,    0,    0,    0,    0,    0],
       [1032,    0,    0,    0,    0,    0,    0,    0,    0,    0],
       [1010,    0,    0,    0,    0,    0,    0,    0,    0,    0],
       [ 982,    0,    0,    0,    0,    0,    0,    0,    0,    0],
       [ 892,    0,    0,    0,    0,    0,    0,    0,    0,    0],
       [ 958,    0,    0,    0,    0,    0,    0,    0,    0,    0],
       [1028,    0,    0,    0,    0,    0,    0,    0,    0,    0],
       [ 974,    0,    0,    0,    0,    0,    0,    0,    0,    0],
       [1009,    0,    0,    0,    0,    0,    0,    0,    0,    0]],
      dtype=int64)}
[2024-08-13 14:45:09,126][flwr][INFO] - 
[2024-08-13 14:45:09,126][flwr][INFO] - [ROUND 1]
[2024-08-13 14:45:09,127][flwr][INFO] - configure_fit: strategy sampled 10 clients (out of 100)
[2024-08-13 14:45:12,663][flwr][INFO] - aggregate_fit: received 10 results and 0 failures
[2024-08-13 14:45:12,666][flwr][WARNING] - No fit_metrics_aggregation_fn provided
[2024-08-13 14:45:14,714][flwr][INFO] - fit progress: (1, 1.0383306098572473, {'accuracy': 0.667, 'precision': 0.7540355762258928, 'recall': 0.667, 'f1': 0.6256780259036009, 'confusion_matrix': array([[ 956,    0,    2,    9,    0,    0,    1,    5,    7,    0],
       [   0, 1034,   45,   22,    0,    0,    2,    2,   26,    4],
       [  89,   13,  562,  224,    6,    0,   12,   54,   43,   29],
       [  19,    1,    5,  916,    1,    0,    1,   21,   23,   23],
       [  34,    6,    3,    2,  201,    0,    8,   85,   26,  617],
       [ 195,   55,   11,  326,    2,   10,    2,   73,  118,  100],
       [ 165,   17,   28,   23,    3,    0,  668,   28,   19,    7],
       [  18,   23,   12,    5,    0,    0,    1,  914,   32,   23],
       [  43,    9,    7,  207,    0,    0,    1,   20,  622,   65],
       [  45,    6,    0,   15,    6,    0,    0,  128,   22,  787]],
      dtype=int64)}, 5.587767000004533)
[2024-08-13 14:45:14,715][flwr][INFO] - configure_evaluate: no clients selected, skipping evaluation
[2024-08-13 14:45:14,715][flwr][INFO] - 
[2024-08-13 14:45:14,716][flwr][INFO] - [ROUND 2]
[2024-08-13 14:45:14,716][flwr][INFO] - configure_fit: strategy sampled 10 clients (out of 100)
[2024-08-13 14:45:15,906][flwr][INFO] - aggregate_fit: received 10 results and 0 failures
[2024-08-13 14:45:17,969][flwr][INFO] - fit progress: (2, 0.864174651689924, {'accuracy': 0.7967, 'precision': 0.8126214387170304, 'recall': 0.7967, 'f1': 0.7935203309691016, 'confusion_matrix': array([[ 876,    0,    4,    0,    2,   22,   65,    1,   10,    0],
       [   0, 1049,   62,    1,    1,    7,    6,    0,    9,    0],
       [  19,   18,  842,   22,   31,    2,   31,   23,   43,    1],
       [   8,   15,   33,  739,   11,   60,   21,   13,  101,    9],
       [   0,    9,    3,    0,  913,    1,   26,    0,   17,   13],
       [  22,   54,   18,   58,   45,  596,   58,   11,   22,    8],
       [  15,   13,   27,    0,   27,   12,  862,    1,    1,    0],
       [  11,   38,   36,    0,   38,    0,    1,  835,   52,   17],
       [  12,   23,   25,   40,   43,   29,   32,    8,  758,    4],
       [  16,   16,    3,    3,  363,   16,    5,   45,   45,  497]],
      dtype=int64)}, 8.842563099999097)
[2024-08-13 14:45:17,969][flwr][INFO] - configure_evaluate: no clients selected, skipping evaluation
[2024-08-13 14:45:17,970][flwr][INFO] - 
[2024-08-13 14:45:17,970][flwr][INFO] - [ROUND 3]
[2024-08-13 14:45:17,970][flwr][INFO] - configure_fit: strategy sampled 10 clients (out of 100)
[2024-08-13 14:45:19,109][flwr][INFO] - aggregate_fit: received 10 results and 0 failures
[2024-08-13 14:45:21,167][flwr][INFO] - fit progress: (3, 0.8801521298482922, {'accuracy': 0.7324, 'precision': 0.8090028900177851, 'recall': 0.7324, 'f1': 0.7261477862798112, 'confusion_matrix': array([[ 921,    0,    2,   14,    0,    9,   16,    2,    0,   16],
       [   0, 1061,   44,   12,    0,    1,    3,    1,    1,   12],
       [  17,   17,  722,  158,    6,    0,   20,   26,   21,   45],
       [   2,    7,    5,  899,    1,   11,    3,   13,    5,   64],
       [   7,    6,    5,    0,  303,    0,   13,    5,    2,  641],
       [  16,   64,   12,  218,    5,  443,   23,   19,    4,   88],
       [  22,   19,   29,    7,    7,   17,  837,   14,    0,    6],
       [   8,   35,   26,    3,    1,    0,    2,  810,    4,  139],
       [  11,   41,   15,  213,    3,   14,    8,    5,  377,  287],
       [  19,    7,    2,   13,    5,    2,    0,   10,    0,  951]],
      dtype=int64)}, 12.041513100004522)
[2024-08-13 14:45:21,168][flwr][INFO] - configure_evaluate: no clients selected, skipping evaluation
[2024-08-13 14:45:21,168][flwr][INFO] - 
[2024-08-13 14:45:21,168][flwr][INFO] - [ROUND 4]
[2024-08-13 14:45:21,169][flwr][INFO] - configure_fit: strategy sampled 10 clients (out of 100)
[2024-08-13 14:45:22,319][flwr][INFO] - aggregate_fit: received 10 results and 0 failures
[2024-08-13 14:45:24,406][flwr][INFO] - fit progress: (4, 0.9149653465485772, {'accuracy': 0.7607, 'precision': 0.8075925302474632, 'recall': 0.7607, 'f1': 0.7253624316569026, 'confusion_matrix': array([[ 910,    1,    2,    0,    0,   15,   23,    5,   24,    0],
       [   0, 1030,   63,    1,    1,    7,    5,    1,   27,    0],
       [  14,   12,  810,   30,   38,    2,   19,   33,   74,    0],
       [   6,    9,   21,  737,   13,   58,   14,   22,  130,    0],
       [   3,    5,    2,    0,  914,    3,   11,   16,   28,    0],
       [  16,   49,   10,   43,   33,  621,   33,   27,   60,    0],
       [  14,   12,   29,    1,   31,   18,  836,   14,    3,    0],
       [   6,   25,   29,    0,   21,    0,    0,  896,   51,    0],
       [   8,   12,   17,   12,   22,   25,   17,   11,  850,    0],
       [  21,    7,    2,    2,  540,   33,    1,  234,  166,    3]],
      dtype=int64)}, 15.280504800000926)
[2024-08-13 14:45:24,407][flwr][INFO] - configure_evaluate: no clients selected, skipping evaluation
[2024-08-13 14:45:24,407][flwr][INFO] - 
[2024-08-13 14:45:24,407][flwr][INFO] - [ROUND 5]
[2024-08-13 14:45:24,408][flwr][INFO] - configure_fit: strategy sampled 10 clients (out of 100)
[2024-08-13 14:45:25,576][flwr][INFO] - aggregate_fit: received 10 results and 0 failures
[2024-08-13 14:45:27,685][flwr][INFO] - fit progress: (5, 0.8363789673486264, {'accuracy': 0.8101, 'precision': 0.8235997582209695, 'recall': 0.8101, 'f1': 0.8061495790146032, 'confusion_matrix': array([[ 924,    2,    2,    7,    0,   11,   27,    4,    2,    1],
       [   0, 1053,   55,   15,    1,    4,    6,    0,    0,    1],
       [  17,   15,  803,   94,   16,    1,   24,   32,   21,    9],
       [   3,    4,   10,  890,    3,   23,   11,   16,   10,   40],
       [   3,    6,    5,    1,  770,    0,   25,    9,    4,  159],
       [  16,   60,   10,  131,   14,  571,   41,   17,    5,   27],
       [  13,   12,   26,    3,   12,   10,  869,   13,    0,    0],
       [   8,   32,   39,    4,   13,    0,    2,  861,   10,   59],
       [  19,   54,   22,  172,   15,   36,   34,   13,  481,  128],
       [  24,    9,    2,   12,   34,   10,    2,   37,    0,  879]],
      dtype=int64)}, 18.558004399994388)
[2024-08-13 14:45:27,686][flwr][INFO] - configure_evaluate: no clients selected, skipping evaluation
[2024-08-13 14:45:27,686][flwr][INFO] - 
[2024-08-13 14:45:27,686][flwr][INFO] - [ROUND 6]
[2024-08-13 14:45:27,686][flwr][INFO] - configure_fit: strategy sampled 10 clients (out of 100)
[2024-08-13 14:45:28,983][flwr][INFO] - aggregate_fit: received 10 results and 0 failures
[2024-08-13 14:45:31,063][flwr][INFO] - fit progress: (6, 0.8455564982548349, {'accuracy': 0.7989, 'precision': 0.8348761837143119, 'recall': 0.7989, 'f1': 0.7971759707317948, 'confusion_matrix': array([[ 920,    2,    1,    0,    4,    6,   19,    3,   25,    0],
       [   0, 1059,   21,    2,    1,    3,    4,    0,   45,    0],
       [  11,   22,  803,   30,   35,    1,   15,   25,   90,    0],
       [   6,   11,   17,  731,   16,   47,   14,   14,  153,    1],
       [   2,    5,    1,    0,  920,    3,   11,    4,   35,    1],
       [  17,   56,    3,   36,   36,  574,   31,   16,  121,    2],
       [  14,   19,   27,    0,   36,   14,  834,    8,    6,    0],
       [  10,   28,   25,    1,   32,    0,    0,  823,  106,    3],
       [   7,   17,    9,   12,   21,   15,   14,    3,  876,    0],
       [  27,    7,    4,    2,  273,   12,    1,   64,  170,  449]],
      dtype=int64)}, 21.937263100000564)
[2024-08-13 14:45:31,064][flwr][INFO] - configure_evaluate: no clients selected, skipping evaluation
[2024-08-13 14:45:31,064][flwr][INFO] - 
[2024-08-13 14:45:31,064][flwr][INFO] - [ROUND 7]
[2024-08-13 14:45:31,065][flwr][INFO] - configure_fit: strategy sampled 10 clients (out of 100)
[2024-08-13 14:45:32,202][flwr][INFO] - aggregate_fit: received 10 results and 0 failures
[2024-08-13 14:45:34,272][flwr][INFO] - fit progress: (7, 0.8611858259239221, {'accuracy': 0.7539, 'precision': 0.8121301083215073, 'recall': 0.7539, 'f1': 0.7368974011276068, 'confusion_matrix': array([[ 926,    3,    3,    6,    0,   11,   23,    2,    0,    6],
       [   0, 1064,   43,    9,    1,    5,    6,    0,    0,    7],
       [  13,   18,  832,   69,    9,    0,   23,   29,    8,   31],
       [   3,    4,   11,  862,    1,   28,   11,   16,    2,   72],
       [   4,    7,    4,    0,  521,    1,   21,    9,    1,  414],
       [  14,   51,    8,  100,    5,  601,   41,   17,    1,   54],
       [  14,   11,   23,    1,    7,   12,  868,   19,    0,    3],
       [   9,   29,   34,    1,    7,    0,    1,  815,    0,  132],
       [  20,   67,   27,  156,    6,   46,   29,    6,  112,  505],
       [  20,    7,    5,   10,   11,    6,    1,   11,    0,  938]],
      dtype=int64)}, 25.14534570000251)
[2024-08-13 14:45:34,273][flwr][INFO] - configure_evaluate: no clients selected, skipping evaluation
[2024-08-13 14:45:34,273][flwr][INFO] - 
[2024-08-13 14:45:34,273][flwr][INFO] - [ROUND 8]
[2024-08-13 14:45:34,273][flwr][INFO] - configure_fit: strategy sampled 10 clients (out of 100)
[2024-08-13 14:45:35,445][flwr][INFO] - aggregate_fit: received 10 results and 0 failures
[2024-08-13 14:45:37,660][flwr][INFO] - fit progress: (8, 0.8205537596805398, {'accuracy': 0.8122, 'precision': 0.8326171833975388, 'recall': 0.8122, 'f1': 0.8041097545318322, 'confusion_matrix': array([[ 925,    6,    2,    4,    1,    9,   22,    3,    8,    0],
       [   0, 1060,   34,    5,    1,    5,    5,    0,   25,    0],
       [  11,   16,  827,   42,   25,    0,   17,   32,   62,    0],
       [   3,    8,   14,  820,    7,   40,   12,   21,   84,    1],
       [   3,    4,    2,    0,  920,    4,   16,   11,   21,    1],
       [  14,   44,    5,   70,   25,  622,   35,   17,   59,    1],
       [  13,   13,   21,    1,   21,   12,  861,   15,    1,    0],
       [  10,   29,   32,    1,   24,    0,    0,  884,   48,    0],
       [  12,   24,   14,   30,   26,   19,   18,    6,  825,    0],
       [  38,    8,    4,    4,  296,   25,    1,  137,  118,  378]],
      dtype=int64)}, 28.5344616999937)
[2024-08-13 14:45:37,661][flwr][INFO] - configure_evaluate: no clients selected, skipping evaluation
[2024-08-13 14:45:37,661][flwr][INFO] - 
[2024-08-13 14:45:37,661][flwr][INFO] - [ROUND 9]
[2024-08-13 14:45:37,662][flwr][INFO] - configure_fit: strategy sampled 10 clients (out of 100)
[2024-08-13 14:45:38,827][flwr][INFO] - aggregate_fit: received 10 results and 0 failures
[2024-08-13 14:45:40,936][flwr][INFO] - fit progress: (9, 0.824754803491094, {'accuracy': 0.7915, 'precision': 0.824861124952713, 'recall': 0.7915, 'f1': 0.7877743210629912, 'confusion_matrix': array([[ 915,    9,    5,    6,    0,   10,   29,    2,    0,    4],
       [   0, 1063,   43,    9,    1,    5,    6,    0,    3,    5],
       [  12,   19,  830,   65,    9,    0,   27,   28,   17,   25],
       [   3,    7,    9,  860,    2,   31,   15,   14,    5,   64],
       [   3,    5,    2,    1,  645,    1,   25,    9,    2,  289],
       [  15,   50,    6,   88,    7,  607,   47,   17,    8,   47],
       [  12,   11,   19,    1,    5,    7,  887,   14,    0,    2],
       [  11,   27,   35,    3,   11,    0,    2,  805,    4,  130],
       [  19,   58,   21,  114,   13,   37,   34,    6,  372,  300],
       [  23,    7,    5,   11,   16,    5,    1,   10,    0,  931]],
      dtype=int64)}, 31.8101658999949)
[2024-08-13 14:45:40,937][flwr][INFO] - configure_evaluate: no clients selected, skipping evaluation
[2024-08-13 14:45:40,937][flwr][INFO] - 
[2024-08-13 14:45:40,937][flwr][INFO] - [ROUND 10]
[2024-08-13 14:45:40,938][flwr][INFO] - configure_fit: strategy sampled 10 clients (out of 100)
[2024-08-13 14:45:42,183][flwr][INFO] - aggregate_fit: received 10 results and 0 failures
[2024-08-13 14:45:44,228][flwr][INFO] - fit progress: (10, 0.8394867095333588, {'accuracy': 0.7955, 'precision': 0.8288705840049347, 'recall': 0.7955, 'f1': 0.7862127967337765, 'confusion_matrix': array([[ 876,   22,    4,    3,    1,   12,   32,    7,   23,    0],
       [   0, 1051,   15,    4,    1,    4,    5,    1,   54,    0],
       [   8,   16,  801,   38,   31,    0,   19,   35,   84,    0],
       [   0,   12,   12,  786,   12,   48,   13,   18,  108,    1],
       [   3,    3,    1,    0,  909,    7,   15,   11,   32,    1],
       [   7,   38,    3,   44,   15,  636,   39,   18,   91,    1],
       [  10,   14,   16,    0,   21,   10,  867,   18,    2,    0],
       [   9,   25,   28,    1,   24,    0,    1,  869,   71,    0],
       [   5,   13,    9,   20,   20,   18,   18,    5,  866,    0],
       [  29,    5,    3,    2,  297,   41,    1,  125,  212,  294]],
      dtype=int64)}, 35.101303599993116)
[2024-08-13 14:45:44,229][flwr][INFO] - configure_evaluate: no clients selected, skipping evaluation
[2024-08-13 14:45:44,229][flwr][INFO] - 
[2024-08-13 14:45:44,229][flwr][INFO] - [SUMMARY]
[2024-08-13 14:45:44,229][flwr][INFO] - Run finished 10 round(s) in 35.10s
[2024-08-13 14:45:44,237][flwr][INFO] - 	History (loss, centralized):
[2024-08-13 14:45:44,237][flwr][INFO] - 		round 0: 2.3025850929940455
[2024-08-13 14:45:44,237][flwr][INFO] - 		round 1: 1.0383306098572473
[2024-08-13 14:45:44,237][flwr][INFO] - 		round 2: 0.864174651689924
[2024-08-13 14:45:44,237][flwr][INFO] - 		round 3: 0.8801521298482922
[2024-08-13 14:45:44,237][flwr][INFO] - 		round 4: 0.9149653465485772
[2024-08-13 14:45:44,237][flwr][INFO] - 		round 5: 0.8363789673486264
[2024-08-13 14:45:44,237][flwr][INFO] - 		round 6: 0.8455564982548349
[2024-08-13 14:45:44,238][flwr][INFO] - 		round 7: 0.8611858259239221
[2024-08-13 14:45:44,238][flwr][INFO] - 		round 8: 0.8205537596805398
[2024-08-13 14:45:44,238][flwr][INFO] - 		round 9: 0.824754803491094
[2024-08-13 14:45:44,238][flwr][INFO] - 		round 10: 0.8394867095333588
[2024-08-13 14:45:44,238][flwr][INFO] - 	History (metrics, centralized):
[2024-08-13 14:45:44,238][flwr][INFO] - 	{'accuracy': [(0, 0.098),
[2024-08-13 14:45:44,238][flwr][INFO] - 	              (1, 0.667),
[2024-08-13 14:45:44,238][flwr][INFO] - 	              (2, 0.7967),
[2024-08-13 14:45:44,238][flwr][INFO] - 	              (3, 0.7324),
[2024-08-13 14:45:44,238][flwr][INFO] - 	              (4, 0.7607),
[2024-08-13 14:45:44,238][flwr][INFO] - 	              (5, 0.8101),
[2024-08-13 14:45:44,238][flwr][INFO] - 	              (6, 0.7989),
[2024-08-13 14:45:44,238][flwr][INFO] - 	              (7, 0.7539),
[2024-08-13 14:45:44,238][flwr][INFO] - 	              (8, 0.8122),
[2024-08-13 14:45:44,238][flwr][INFO] - 	              (9, 0.7915),
[2024-08-13 14:45:44,238][flwr][INFO] - 	              (10, 0.7955)],
[2024-08-13 14:45:44,239][flwr][INFO] - 	 'confusion_matrix': [(0,
[2024-08-13 14:45:44,239][flwr][INFO] - 	                       array([[ 980,    0,    0,    0,    0,    0,    0,    0,    0,    0],
[2024-08-13 14:45:44,239][flwr][INFO] - 	       [1135,    0,    0,    0,    0,    0,    0,    0,    0,    0],
[2024-08-13 14:45:44,239][flwr][INFO] - 	       [1032,    0,    0,    0,    0,    0,    0,    0,    0,    0],
[2024-08-13 14:45:44,239][flwr][INFO] - 	       [1010,    0,    0,    0,    0,    0,    0,    0,    0,    0],
[2024-08-13 14:45:44,239][flwr][INFO] - 	       [ 982,    0,    0,    0,    0,    0,    0,    0,    0,    0],
[2024-08-13 14:45:44,239][flwr][INFO] - 	       [ 892,    0,    0,    0,    0,    0,    0,    0,    0,    0],
[2024-08-13 14:45:44,239][flwr][INFO] - 	       [ 958,    0,    0,    0,    0,    0,    0,    0,    0,    0],
[2024-08-13 14:45:44,239][flwr][INFO] - 	       [1028,    0,    0,    0,    0,    0,    0,    0,    0,    0],
[2024-08-13 14:45:44,239][flwr][INFO] - 	       [ 974,    0,    0,    0,    0,    0,    0,    0,    0,    0],
[2024-08-13 14:45:44,239][flwr][INFO] - 	       [1009,    0,    0,    0,    0,    0,    0,    0,    0,    0]],
[2024-08-13 14:45:44,239][flwr][INFO] - 	      dtype=int64)),
[2024-08-13 14:45:44,239][flwr][INFO] - 	                      (1,
[2024-08-13 14:45:44,239][flwr][INFO] - 	                       array([[ 956,    0,    2,    9,    0,    0,    1,    5,    7,    0],
[2024-08-13 14:45:44,239][flwr][INFO] - 	       [   0, 1034,   45,   22,    0,    0,    2,    2,   26,    4],
[2024-08-13 14:45:44,239][flwr][INFO] - 	       [  89,   13,  562,  224,    6,    0,   12,   54,   43,   29],
[2024-08-13 14:45:44,240][flwr][INFO] - 	       [  19,    1,    5,  916,    1,    0,    1,   21,   23,   23],
[2024-08-13 14:45:44,240][flwr][INFO] - 	       [  34,    6,    3,    2,  201,    0,    8,   85,   26,  617],
[2024-08-13 14:45:44,240][flwr][INFO] - 	       [ 195,   55,   11,  326,    2,   10,    2,   73,  118,  100],
[2024-08-13 14:45:44,240][flwr][INFO] - 	       [ 165,   17,   28,   23,    3,    0,  668,   28,   19,    7],
[2024-08-13 14:45:44,240][flwr][INFO] - 	       [  18,   23,   12,    5,    0,    0,    1,  914,   32,   23],
[2024-08-13 14:45:44,240][flwr][INFO] - 	       [  43,    9,    7,  207,    0,    0,    1,   20,  622,   65],
[2024-08-13 14:45:44,240][flwr][INFO] - 	       [  45,    6,    0,   15,    6,    0,    0,  128,   22,  787]],
[2024-08-13 14:45:44,240][flwr][INFO] - 	      dtype=int64)),
[2024-08-13 14:45:44,240][flwr][INFO] - 	                      (2,
[2024-08-13 14:45:44,240][flwr][INFO] - 	                       array([[ 876,    0,    4,    0,    2,   22,   65,    1,   10,    0],
[2024-08-13 14:45:44,240][flwr][INFO] - 	       [   0, 1049,   62,    1,    1,    7,    6,    0,    9,    0],
[2024-08-13 14:45:44,240][flwr][INFO] - 	       [  19,   18,  842,   22,   31,    2,   31,   23,   43,    1],
[2024-08-13 14:45:44,240][flwr][INFO] - 	       [   8,   15,   33,  739,   11,   60,   21,   13,  101,    9],
[2024-08-13 14:45:44,240][flwr][INFO] - 	       [   0,    9,    3,    0,  913,    1,   26,    0,   17,   13],
[2024-08-13 14:45:44,240][flwr][INFO] - 	       [  22,   54,   18,   58,   45,  596,   58,   11,   22,    8],
[2024-08-13 14:45:44,240][flwr][INFO] - 	       [  15,   13,   27,    0,   27,   12,  862,    1,    1,    0],
[2024-08-13 14:45:44,240][flwr][INFO] - 	       [  11,   38,   36,    0,   38,    0,    1,  835,   52,   17],
[2024-08-13 14:45:44,241][flwr][INFO] - 	       [  12,   23,   25,   40,   43,   29,   32,    8,  758,    4],
[2024-08-13 14:45:44,241][flwr][INFO] - 	       [  16,   16,    3,    3,  363,   16,    5,   45,   45,  497]],
[2024-08-13 14:45:44,241][flwr][INFO] - 	      dtype=int64)),
[2024-08-13 14:45:44,241][flwr][INFO] - 	                      (3,
[2024-08-13 14:45:44,241][flwr][INFO] - 	                       array([[ 921,    0,    2,   14,    0,    9,   16,    2,    0,   16],
[2024-08-13 14:45:44,241][flwr][INFO] - 	       [   0, 1061,   44,   12,    0,    1,    3,    1,    1,   12],
[2024-08-13 14:45:44,241][flwr][INFO] - 	       [  17,   17,  722,  158,    6,    0,   20,   26,   21,   45],
[2024-08-13 14:45:44,241][flwr][INFO] - 	       [   2,    7,    5,  899,    1,   11,    3,   13,    5,   64],
[2024-08-13 14:45:44,241][flwr][INFO] - 	       [   7,    6,    5,    0,  303,    0,   13,    5,    2,  641],
[2024-08-13 14:45:44,241][flwr][INFO] - 	       [  16,   64,   12,  218,    5,  443,   23,   19,    4,   88],
[2024-08-13 14:45:44,241][flwr][INFO] - 	       [  22,   19,   29,    7,    7,   17,  837,   14,    0,    6],
[2024-08-13 14:45:44,241][flwr][INFO] - 	       [   8,   35,   26,    3,    1,    0,    2,  810,    4,  139],
[2024-08-13 14:45:44,241][flwr][INFO] - 	       [  11,   41,   15,  213,    3,   14,    8,    5,  377,  287],
[2024-08-13 14:45:44,241][flwr][INFO] - 	       [  19,    7,    2,   13,    5,    2,    0,   10,    0,  951]],
[2024-08-13 14:45:44,241][flwr][INFO] - 	      dtype=int64)),
[2024-08-13 14:45:44,241][flwr][INFO] - 	                      (4,
[2024-08-13 14:45:44,241][flwr][INFO] - 	                       array([[ 910,    1,    2,    0,    0,   15,   23,    5,   24,    0],
[2024-08-13 14:45:44,242][flwr][INFO] - 	       [   0, 1030,   63,    1,    1,    7,    5,    1,   27,    0],
[2024-08-13 14:45:44,242][flwr][INFO] - 	       [  14,   12,  810,   30,   38,    2,   19,   33,   74,    0],
[2024-08-13 14:45:44,242][flwr][INFO] - 	       [   6,    9,   21,  737,   13,   58,   14,   22,  130,    0],
[2024-08-13 14:45:44,242][flwr][INFO] - 	       [   3,    5,    2,    0,  914,    3,   11,   16,   28,    0],
[2024-08-13 14:45:44,242][flwr][INFO] - 	       [  16,   49,   10,   43,   33,  621,   33,   27,   60,    0],
[2024-08-13 14:45:44,242][flwr][INFO] - 	       [  14,   12,   29,    1,   31,   18,  836,   14,    3,    0],
[2024-08-13 14:45:44,242][flwr][INFO] - 	       [   6,   25,   29,    0,   21,    0,    0,  896,   51,    0],
[2024-08-13 14:45:44,242][flwr][INFO] - 	       [   8,   12,   17,   12,   22,   25,   17,   11,  850,    0],
[2024-08-13 14:45:44,242][flwr][INFO] - 	       [  21,    7,    2,    2,  540,   33,    1,  234,  166,    3]],
[2024-08-13 14:45:44,242][flwr][INFO] - 	      dtype=int64)),
[2024-08-13 14:45:44,242][flwr][INFO] - 	                      (5,
[2024-08-13 14:45:44,242][flwr][INFO] - 	                       array([[ 924,    2,    2,    7,    0,   11,   27,    4,    2,    1],
[2024-08-13 14:45:44,242][flwr][INFO] - 	       [   0, 1053,   55,   15,    1,    4,    6,    0,    0,    1],
[2024-08-13 14:45:44,242][flwr][INFO] - 	       [  17,   15,  803,   94,   16,    1,   24,   32,   21,    9],
[2024-08-13 14:45:44,242][flwr][INFO] - 	       [   3,    4,   10,  890,    3,   23,   11,   16,   10,   40],
[2024-08-13 14:45:44,242][flwr][INFO] - 	       [   3,    6,    5,    1,  770,    0,   25,    9,    4,  159],
[2024-08-13 14:45:44,242][flwr][INFO] - 	       [  16,   60,   10,  131,   14,  571,   41,   17,    5,   27],
[2024-08-13 14:45:44,243][flwr][INFO] - 	       [  13,   12,   26,    3,   12,   10,  869,   13,    0,    0],
[2024-08-13 14:45:44,243][flwr][INFO] - 	       [   8,   32,   39,    4,   13,    0,    2,  861,   10,   59],
[2024-08-13 14:45:44,243][flwr][INFO] - 	       [  19,   54,   22,  172,   15,   36,   34,   13,  481,  128],
[2024-08-13 14:45:44,243][flwr][INFO] - 	       [  24,    9,    2,   12,   34,   10,    2,   37,    0,  879]],
[2024-08-13 14:45:44,243][flwr][INFO] - 	      dtype=int64)),
[2024-08-13 14:45:44,243][flwr][INFO] - 	                      (6,
[2024-08-13 14:45:44,243][flwr][INFO] - 	                       array([[ 920,    2,    1,    0,    4,    6,   19,    3,   25,    0],
[2024-08-13 14:45:44,243][flwr][INFO] - 	       [   0, 1059,   21,    2,    1,    3,    4,    0,   45,    0],
[2024-08-13 14:45:44,243][flwr][INFO] - 	       [  11,   22,  803,   30,   35,    1,   15,   25,   90,    0],
[2024-08-13 14:45:44,243][flwr][INFO] - 	       [   6,   11,   17,  731,   16,   47,   14,   14,  153,    1],
[2024-08-13 14:45:44,243][flwr][INFO] - 	       [   2,    5,    1,    0,  920,    3,   11,    4,   35,    1],
[2024-08-13 14:45:44,243][flwr][INFO] - 	       [  17,   56,    3,   36,   36,  574,   31,   16,  121,    2],
[2024-08-13 14:45:44,243][flwr][INFO] - 	       [  14,   19,   27,    0,   36,   14,  834,    8,    6,    0],
[2024-08-13 14:45:44,243][flwr][INFO] - 	       [  10,   28,   25,    1,   32,    0,    0,  823,  106,    3],
[2024-08-13 14:45:44,243][flwr][INFO] - 	       [   7,   17,    9,   12,   21,   15,   14,    3,  876,    0],
[2024-08-13 14:45:44,243][flwr][INFO] - 	       [  27,    7,    4,    2,  273,   12,    1,   64,  170,  449]],
[2024-08-13 14:45:44,243][flwr][INFO] - 	      dtype=int64)),
[2024-08-13 14:45:44,244][flwr][INFO] - 	                      (7,
[2024-08-13 14:45:44,244][flwr][INFO] - 	                       array([[ 926,    3,    3,    6,    0,   11,   23,    2,    0,    6],
[2024-08-13 14:45:44,244][flwr][INFO] - 	       [   0, 1064,   43,    9,    1,    5,    6,    0,    0,    7],
[2024-08-13 14:45:44,244][flwr][INFO] - 	       [  13,   18,  832,   69,    9,    0,   23,   29,    8,   31],
[2024-08-13 14:45:44,244][flwr][INFO] - 	       [   3,    4,   11,  862,    1,   28,   11,   16,    2,   72],
[2024-08-13 14:45:44,244][flwr][INFO] - 	       [   4,    7,    4,    0,  521,    1,   21,    9,    1,  414],
[2024-08-13 14:45:44,244][flwr][INFO] - 	       [  14,   51,    8,  100,    5,  601,   41,   17,    1,   54],
[2024-08-13 14:45:44,244][flwr][INFO] - 	       [  14,   11,   23,    1,    7,   12,  868,   19,    0,    3],
[2024-08-13 14:45:44,244][flwr][INFO] - 	       [   9,   29,   34,    1,    7,    0,    1,  815,    0,  132],
[2024-08-13 14:45:44,244][flwr][INFO] - 	       [  20,   67,   27,  156,    6,   46,   29,    6,  112,  505],
[2024-08-13 14:45:44,244][flwr][INFO] - 	       [  20,    7,    5,   10,   11,    6,    1,   11,    0,  938]],
[2024-08-13 14:45:44,244][flwr][INFO] - 	      dtype=int64)),
[2024-08-13 14:45:44,244][flwr][INFO] - 	                      (8,
[2024-08-13 14:45:44,244][flwr][INFO] - 	                       array([[ 925,    6,    2,    4,    1,    9,   22,    3,    8,    0],
[2024-08-13 14:45:44,244][flwr][INFO] - 	       [   0, 1060,   34,    5,    1,    5,    5,    0,   25,    0],
[2024-08-13 14:45:44,244][flwr][INFO] - 	       [  11,   16,  827,   42,   25,    0,   17,   32,   62,    0],
[2024-08-13 14:45:44,244][flwr][INFO] - 	       [   3,    8,   14,  820,    7,   40,   12,   21,   84,    1],
[2024-08-13 14:45:44,245][flwr][INFO] - 	       [   3,    4,    2,    0,  920,    4,   16,   11,   21,    1],
[2024-08-13 14:45:44,245][flwr][INFO] - 	       [  14,   44,    5,   70,   25,  622,   35,   17,   59,    1],
[2024-08-13 14:45:44,245][flwr][INFO] - 	       [  13,   13,   21,    1,   21,   12,  861,   15,    1,    0],
[2024-08-13 14:45:44,245][flwr][INFO] - 	       [  10,   29,   32,    1,   24,    0,    0,  884,   48,    0],
[2024-08-13 14:45:44,245][flwr][INFO] - 	       [  12,   24,   14,   30,   26,   19,   18,    6,  825,    0],
[2024-08-13 14:45:44,245][flwr][INFO] - 	       [  38,    8,    4,    4,  296,   25,    1,  137,  118,  378]],
[2024-08-13 14:45:44,245][flwr][INFO] - 	      dtype=int64)),
[2024-08-13 14:45:44,245][flwr][INFO] - 	                      (9,
[2024-08-13 14:45:44,245][flwr][INFO] - 	                       array([[ 915,    9,    5,    6,    0,   10,   29,    2,    0,    4],
[2024-08-13 14:45:44,245][flwr][INFO] - 	       [   0, 1063,   43,    9,    1,    5,    6,    0,    3,    5],
[2024-08-13 14:45:44,245][flwr][INFO] - 	       [  12,   19,  830,   65,    9,    0,   27,   28,   17,   25],
[2024-08-13 14:45:44,245][flwr][INFO] - 	       [   3,    7,    9,  860,    2,   31,   15,   14,    5,   64],
[2024-08-13 14:45:44,245][flwr][INFO] - 	       [   3,    5,    2,    1,  645,    1,   25,    9,    2,  289],
[2024-08-13 14:45:44,245][flwr][INFO] - 	       [  15,   50,    6,   88,    7,  607,   47,   17,    8,   47],
[2024-08-13 14:45:44,245][flwr][INFO] - 	       [  12,   11,   19,    1,    5,    7,  887,   14,    0,    2],
[2024-08-13 14:45:44,245][flwr][INFO] - 	       [  11,   27,   35,    3,   11,    0,    2,  805,    4,  130],
[2024-08-13 14:45:44,245][flwr][INFO] - 	       [  19,   58,   21,  114,   13,   37,   34,    6,  372,  300],
[2024-08-13 14:45:44,246][flwr][INFO] - 	       [  23,    7,    5,   11,   16,    5,    1,   10,    0,  931]],
[2024-08-13 14:45:44,246][flwr][INFO] - 	      dtype=int64)),
[2024-08-13 14:45:44,246][flwr][INFO] - 	                      (10,
[2024-08-13 14:45:44,246][flwr][INFO] - 	                       array([[ 876,   22,    4,    3,    1,   12,   32,    7,   23,    0],
[2024-08-13 14:45:44,246][flwr][INFO] - 	       [   0, 1051,   15,    4,    1,    4,    5,    1,   54,    0],
[2024-08-13 14:45:44,246][flwr][INFO] - 	       [   8,   16,  801,   38,   31,    0,   19,   35,   84,    0],
[2024-08-13 14:45:44,246][flwr][INFO] - 	       [   0,   12,   12,  786,   12,   48,   13,   18,  108,    1],
[2024-08-13 14:45:44,246][flwr][INFO] - 	       [   3,    3,    1,    0,  909,    7,   15,   11,   32,    1],
[2024-08-13 14:45:44,246][flwr][INFO] - 	       [   7,   38,    3,   44,   15,  636,   39,   18,   91,    1],
[2024-08-13 14:45:44,246][flwr][INFO] - 	       [  10,   14,   16,    0,   21,   10,  867,   18,    2,    0],
[2024-08-13 14:45:44,246][flwr][INFO] - 	       [   9,   25,   28,    1,   24,    0,    1,  869,   71,    0],
[2024-08-13 14:45:44,246][flwr][INFO] - 	       [   5,   13,    9,   20,   20,   18,   18,    5,  866,    0],
[2024-08-13 14:45:44,246][flwr][INFO] - 	       [  29,    5,    3,    2,  297,   41,    1,  125,  212,  294]],
[2024-08-13 14:45:44,246][flwr][INFO] - 	      dtype=int64))],
[2024-08-13 14:45:44,246][flwr][INFO] - 	 'f1': [(0, 0.017493624772313296),
[2024-08-13 14:45:44,246][flwr][INFO] - 	        (1, 0.6256780259036009),
[2024-08-13 14:45:44,246][flwr][INFO] - 	        (2, 0.7935203309691016),
[2024-08-13 14:45:44,247][flwr][INFO] - 	        (3, 0.7261477862798112),
[2024-08-13 14:45:44,247][flwr][INFO] - 	        (4, 0.7253624316569026),
[2024-08-13 14:45:44,247][flwr][INFO] - 	        (5, 0.8061495790146032),
[2024-08-13 14:45:44,247][flwr][INFO] - 	        (6, 0.7971759707317948),
[2024-08-13 14:45:44,247][flwr][INFO] - 	        (7, 0.7368974011276068),
[2024-08-13 14:45:44,247][flwr][INFO] - 	        (8, 0.8041097545318322),
[2024-08-13 14:45:44,247][flwr][INFO] - 	        (9, 0.7877743210629912),
[2024-08-13 14:45:44,247][flwr][INFO] - 	        (10, 0.7862127967337765)],
[2024-08-13 14:45:44,247][flwr][INFO] - 	 'precision': [(0, 0.009604000000000001),
[2024-08-13 14:45:44,247][flwr][INFO] - 	               (1, 0.7540355762258928),
[2024-08-13 14:45:44,247][flwr][INFO] - 	               (2, 0.8126214387170304),
[2024-08-13 14:45:44,247][flwr][INFO] - 	               (3, 0.8090028900177851),
[2024-08-13 14:45:44,247][flwr][INFO] - 	               (4, 0.8075925302474632),
[2024-08-13 14:45:44,247][flwr][INFO] - 	               (5, 0.8235997582209695),
[2024-08-13 14:45:44,247][flwr][INFO] - 	               (6, 0.8348761837143119),
[2024-08-13 14:45:44,247][flwr][INFO] - 	               (7, 0.8121301083215073),
[2024-08-13 14:45:44,247][flwr][INFO] - 	               (8, 0.8326171833975388),
[2024-08-13 14:45:44,248][flwr][INFO] - 	               (9, 0.824861124952713),
[2024-08-13 14:45:44,248][flwr][INFO] - 	               (10, 0.8288705840049347)],
[2024-08-13 14:45:44,248][flwr][INFO] - 	 'recall': [(0, 0.098),
[2024-08-13 14:45:44,248][flwr][INFO] - 	            (1, 0.667),
[2024-08-13 14:45:44,248][flwr][INFO] - 	            (2, 0.7967),
[2024-08-13 14:45:44,248][flwr][INFO] - 	            (3, 0.7324),
[2024-08-13 14:45:44,248][flwr][INFO] - 	            (4, 0.7607),
[2024-08-13 14:45:44,248][flwr][INFO] - 	            (5, 0.8101),
[2024-08-13 14:45:44,248][flwr][INFO] - 	            (6, 0.7989),
[2024-08-13 14:45:44,248][flwr][INFO] - 	            (7, 0.7539),
[2024-08-13 14:45:44,248][flwr][INFO] - 	            (8, 0.8122),
[2024-08-13 14:45:44,248][flwr][INFO] - 	            (9, 0.7915),
[2024-08-13 14:45:44,248][flwr][INFO] - 	            (10, 0.7955)]}
[2024-08-13 14:45:44,248][flwr][INFO] - 
