[2024-08-13 12:13:07,623][flwr][INFO] - Starting Flower simulation, config: num_rounds=10, no round_timeout
[2024-08-13 12:13:11,792][flwr][INFO] - Flower VCE: Ray initialized with resources: {'accelerator_type:G': 1.0, 'CPU': 16.0, 'node:__internal_head__': 1.0, 'memory': 5084531099.0, 'object_store_memory': 2542265548.0, 'node:127.0.0.1': 1.0, 'GPU': 1.0}
[2024-08-13 12:13:11,792][flwr][INFO] - Optimize your simulation with Flower VCE: https://flower.ai/docs/framework/how-to-run-simulations.html
[2024-08-13 12:13:11,793][flwr][INFO] - Flower VCE: Resources for each Virtual Client: {'num_cpus': 2, 'num_gpus': 0.5}
[2024-08-13 12:13:11,804][flwr][INFO] - Flower VCE: Creating VirtualClientEngineActorPool with 2 actors
[2024-08-13 12:13:11,804][flwr][INFO] - [INIT]
[2024-08-13 12:13:11,804][flwr][INFO] - Requesting initial parameters from one random client
[2024-08-13 12:13:19,363][flwr][INFO] - Received initial parameters from one random client
[2024-08-13 12:13:19,363][flwr][INFO] - Evaluating initial global parameters
[2024-08-13 12:13:21,596][flwr][INFO] - initial parameters (loss, other metrics): 2.3025850929940455, {'accuracy': 0.098, 'precision': 0.009604000000000001, 'recall': 0.098, 'f1': 0.017493624772313296, 'confusion_matrix': array([[ 980,    0,    0,    0,    0,    0,    0,    0,    0,    0],
       [1135,    0,    0,    0,    0,    0,    0,    0,    0,    0],
       [1032,    0,    0,    0,    0,    0,    0,    0,    0,    0],
       [1010,    0,    0,    0,    0,    0,    0,    0,    0,    0],
       [ 982,    0,    0,    0,    0,    0,    0,    0,    0,    0],
       [ 892,    0,    0,    0,    0,    0,    0,    0,    0,    0],
       [ 958,    0,    0,    0,    0,    0,    0,    0,    0,    0],
       [1028,    0,    0,    0,    0,    0,    0,    0,    0,    0],
       [ 974,    0,    0,    0,    0,    0,    0,    0,    0,    0],
       [1009,    0,    0,    0,    0,    0,    0,    0,    0,    0]],
      dtype=int64)}
[2024-08-13 12:13:21,597][flwr][INFO] - 
[2024-08-13 12:13:21,597][flwr][INFO] - [ROUND 1]
[2024-08-13 12:13:21,598][flwr][INFO] - configure_fit: strategy sampled 10 clients (out of 10)
[2024-08-13 12:13:30,130][flwr][INFO] - aggregate_fit: received 10 results and 0 failures
[2024-08-13 12:13:30,134][flwr][WARNING] - No fit_metrics_aggregation_fn provided
[2024-08-13 12:13:32,204][flwr][INFO] - fit progress: (1, 1.3926453107230226, {'accuracy': 0.4697, 'precision': 0.5884567904654683, 'recall': 0.4697, 'f1': 0.41621987175512914, 'confusion_matrix': array([[ 961,    0,    2,    4,    0,    0,    3,    2,    6,    2],
       [   0,   50, 1044,    3,    0,    0,    2,    0,    8,   28],
       [  88,    1,  478,  350,    2,    0,   12,   19,   50,   32],
       [  31,    0,   15,  826,   11,    0,    1,   12,   38,   76],
       [  92,    0,   11,    0,  228,    0,    8,   32,   10,  601],
       [ 290,   36,   52,  195,   19,    1,   22,   16,  110,  151],
       [ 147,    1,   58,    6,    3,    0,  665,   69,    1,    8],
       [  67,    0,   51,    1,    4,    0,    0,  327,  493,   85],
       [  66,    0,   46,  170,    6,    0,    4,    2,  336,  344],
       [ 100,    0,    3,    7,   22,    0,    0,    9,   43,  825]],
      dtype=int64)}, 10.607237500007614)
[2024-08-13 12:13:32,205][flwr][INFO] - configure_evaluate: no clients selected, skipping evaluation
[2024-08-13 12:13:32,205][flwr][INFO] - 
[2024-08-13 12:13:32,205][flwr][INFO] - [ROUND 2]
[2024-08-13 12:13:32,206][flwr][INFO] - configure_fit: strategy sampled 10 clients (out of 10)
[2024-08-13 12:13:38,888][flwr][INFO] - aggregate_fit: received 10 results and 0 failures
[2024-08-13 12:13:40,968][flwr][INFO] - fit progress: (2, 1.1738269159668313, {'accuracy': 0.6334, 'precision': 0.6950822761849363, 'recall': 0.6334, 'f1': 0.6191778590200427, 'confusion_matrix': array([[759,  63,   2,   5,   9,   6, 100,  27,   9,   0],
       [  0, 897, 210,   3,  11,   0,   7,   5,   2,   0],
       [  7,  37, 629, 176,  36,   2,  33,  71,  38,   3],
       [  0,  50,  16, 600, 243,   2,  18,  24,  56,   1],
       [  4,   4,   4,   0, 764,  32,  22, 138,  12,   2],
       [ 11, 149,  18,  74, 139, 315,  95,  42,  49,   0],
       [  7,  27,  21,   0,   9,   0, 786, 108,   0,   0],
       [  6,  25,  34,   0,  24,   0,   1, 853,  85,   0],
       [  2,  78,  16,  49, 200,  10,  43,  21, 549,   6],
       [ 21,  10,   2,   2, 366,  16,   2, 342,  66, 182]], dtype=int64)}, 19.37147610000102)
[2024-08-13 12:13:40,969][flwr][INFO] - configure_evaluate: no clients selected, skipping evaluation
[2024-08-13 12:13:40,969][flwr][INFO] - 
[2024-08-13 12:13:40,969][flwr][INFO] - [ROUND 3]
[2024-08-13 12:13:40,970][flwr][INFO] - configure_fit: strategy sampled 10 clients (out of 10)
[2024-08-13 12:13:47,399][flwr][INFO] - aggregate_fit: received 10 results and 0 failures
[2024-08-13 12:13:49,481][flwr][INFO] - fit progress: (3, 1.1440199666078978, {'accuracy': 0.6159, 'precision': 0.68630552526215, 'recall': 0.6159, 'f1': 0.6012425051235337, 'confusion_matrix': array([[902,  20,   2,  10,   0,   8,  22,   2,   1,  13],
       [  0, 773, 319,   3,   0,   1,   4,   0,   1,  34],
       [ 19,   9, 682, 193,   2,   5,  18,  15,  40,  49],
       [  2,  11,  11, 804,   2,  28,  11,   9,  19, 113],
       [ 20,   4,   5,   1, 156, 164,  10,  12,   4, 606],
       [ 27,  65,  31, 134,   1, 443,  41,  13,  33, 104],
       [ 27,  14,  45,   2,   3,   8, 800,  51,   0,   8],
       [ 39,  16,  39,   1,   3,   7,   0, 444, 204, 275],
       [ 14,  19,  27, 116,   1,  20,  15,   2, 224, 536],
       [ 42,   3,   3,   5,   6,   7,   0,   7,   5, 931]], dtype=int64)}, 27.883791100000963)
[2024-08-13 12:13:49,482][flwr][INFO] - configure_evaluate: no clients selected, skipping evaluation
[2024-08-13 12:13:49,482][flwr][INFO] - 
[2024-08-13 12:13:49,482][flwr][INFO] - [ROUND 4]
[2024-08-13 12:13:49,483][flwr][INFO] - configure_fit: strategy sampled 10 clients (out of 10)
[2024-08-13 12:13:55,984][flwr][INFO] - aggregate_fit: received 10 results and 0 failures
[2024-08-13 12:13:58,068][flwr][INFO] - fit progress: (4, 1.1124360799814388, {'accuracy': 0.674, 'precision': 0.7148814408246235, 'recall': 0.674, 'f1': 0.6425150212890534, 'confusion_matrix': array([[766, 116,   1,   1,   5,   8,  48,  25,  10,   0],
       [  0, 939, 162,   3,   4,   3,   7,   7,  10,   0],
       [  8,  33, 726, 102,  36,   1,  20,  59,  47,   0],
       [  0,  39,  14, 690, 118,  18,  14,  25,  92,   0],
       [  6,   5,   1,   0, 831,  17,  16,  90,  15,   1],
       [ 14, 106,  13,  63,  47, 485,  61,  36,  67,   0],
       [  8,  22,  25,   0,  16,   4, 757, 125,   1,   0],
       [ 12,  24,  31,   0,  25,   0,   1, 843,  92,   0],
       [  9,  48,  17,  41,  94,  25,  28,  14, 698,   0],
       [ 45,   8,   2,   3, 464,  48,   1, 297, 136,   5]], dtype=int64)}, 36.47053230000893)
[2024-08-13 12:13:58,068][flwr][INFO] - configure_evaluate: no clients selected, skipping evaluation
[2024-08-13 12:13:58,068][flwr][INFO] - 
[2024-08-13 12:13:58,069][flwr][INFO] - [ROUND 5]
[2024-08-13 12:13:58,069][flwr][INFO] - configure_fit: strategy sampled 10 clients (out of 10)
[2024-08-13 12:14:04,697][flwr][INFO] - aggregate_fit: received 10 results and 0 failures
[2024-08-13 12:14:06,778][flwr][INFO] - fit progress: (5, 1.049004606945104, {'accuracy': 0.7056, 'precision': 0.7271334492354045, 'recall': 0.7056, 'f1': 0.699238128961294, 'confusion_matrix': array([[828,  78,   2,   5,   0,   7,  48,   6,   4,   2],
       [  0, 879, 226,   4,   1,   3,  11,   1,   0,  10],
       [ 14,  18, 728, 154,   8,   2,  23,  33,  31,  21],
       [  3,  17,  10, 807,   8,  30,  20,  14,  24,  77],
       [ 13,   4,   4,   0, 547,  87,  21,  37,   5, 264],
       [ 22,  77,  20,  95,  11, 494,  78,  21,  22,  52],
       [ 14,  15,  27,   0,   6,   3, 827,  65,   0,   1],
       [ 29,  22,  41,   3,  13,   2,   2, 762,  63,  91],
       [ 16,  44,  28, 127,   9,  19,  36,   7, 304, 384],
       [ 49,   5,   3,   6,  24,  16,   1,  22,   3, 880]], dtype=int64)}, 45.18161559999862)
[2024-08-13 12:14:06,779][flwr][INFO] - configure_evaluate: no clients selected, skipping evaluation
[2024-08-13 12:14:06,779][flwr][INFO] - 
[2024-08-13 12:14:06,779][flwr][INFO] - [ROUND 6]
[2024-08-13 12:14:06,780][flwr][INFO] - configure_fit: strategy sampled 10 clients (out of 10)
[2024-08-13 12:14:13,426][flwr][INFO] - aggregate_fit: received 10 results and 0 failures
[2024-08-13 12:14:15,510][flwr][INFO] - fit progress: (6, 1.0489997663841637, {'accuracy': 0.7016, 'precision': 0.7586786237376285, 'recall': 0.7016, 'f1': 0.6796784957254861, 'confusion_matrix': array([[783, 107,   1,   1,   6,  10,  34,  20,  18,   0],
       [  0, 958, 125,   3,   3,   3,   5,   2,  36,   0],
       [  7,  24, 769,  55,  45,   0,  16,  44,  72,   0],
       [  1,  28,  15, 656, 120,  24,  14,  20, 132,   0],
       [  5,   4,   1,   0, 873,   7,  14,  52,  25,   1],
       [ 13,  73,   7,  43,  38, 522,  52,  28, 116,   0],
       [  9,  17,  26,   0,  22,   6, 751, 125,   2,   0],
       [ 12,  21,  28,   0,  27,   0,   0, 813, 127,   0],
       [  7,  27,  14,  20,  58,  17,  18,   8, 805,   0],
       [ 62,   5,   3,   1, 423,  40,   0, 178, 211,  86]], dtype=int64)}, 53.91247170000861)
[2024-08-13 12:14:15,510][flwr][INFO] - configure_evaluate: no clients selected, skipping evaluation
[2024-08-13 12:14:15,510][flwr][INFO] - 
[2024-08-13 12:14:15,511][flwr][INFO] - [ROUND 7]
[2024-08-13 12:14:15,511][flwr][INFO] - configure_fit: strategy sampled 10 clients (out of 10)
[2024-08-13 12:14:22,135][flwr][INFO] - aggregate_fit: received 10 results and 0 failures
[2024-08-13 12:14:24,263][flwr][INFO] - fit progress: (7, 1.027160039238371, {'accuracy': 0.7011, 'precision': 0.7373885092579013, 'recall': 0.7011, 'f1': 0.686741404627677, 'confusion_matrix': array([[811,  94,   1,   5,   1,  12,  39,  12,   0,   5],
       [  0, 931, 169,   9,   1,   3,  10,   1,   0,  11],
       [ 10,  20, 715, 170,  10,   2,  22,  35,  20,  28],
       [  3,  15,   8, 827,   5,  33,  18,  16,   4,  81],
       [  9,   5,   2,   1, 528,  93,  19,  32,   2, 291],
       [ 17,  69,  14,  86,   7, 546,  67,  26,   7,  53],
       [ 13,  15,  20,   0,   6,   5, 825,  73,   0,   1],
       [ 24,  22,  42,   6,  13,   4,   0, 789,  17, 111],
       [ 16,  43,  25, 134,   7,  29,  34,   9, 141, 536],
       [ 41,   5,   3,   7,  18,  15,   1,  20,   1, 898]], dtype=int64)}, 62.666286400009994)
[2024-08-13 12:14:24,264][flwr][INFO] - configure_evaluate: no clients selected, skipping evaluation
[2024-08-13 12:14:24,264][flwr][INFO] - 
[2024-08-13 12:14:24,264][flwr][INFO] - [ROUND 8]
[2024-08-13 12:14:24,264][flwr][INFO] - configure_fit: strategy sampled 10 clients (out of 10)
[2024-08-13 12:14:31,216][flwr][INFO] - aggregate_fit: received 10 results and 0 failures
[2024-08-13 12:14:33,290][flwr][INFO] - fit progress: (8, 1.043385236307877, {'accuracy': 0.7098, 'precision': 0.7580336873656186, 'recall': 0.7098, 'f1': 0.6988665501154915, 'confusion_matrix': array([[769, 128,   1,   1,   5,   9,  33,  14,  20,   0],
       [  0, 937, 144,   2,   2,   3,   6,   1,  40,   0],
       [  7,  20, 782,  59,  35,   1,  19,  34,  75,   0],
       [  2,  28,  16, 637, 133,  21,  17,  18, 137,   1],
       [  8,   4,   1,   0, 872,  15,  15,  36,  29,   2],
       [ 17,  66,   6,  34,  34, 524,  67,  23, 120,   1],
       [  9,  17,  22,   0,  21,   5, 779, 104,   1,   0],
       [ 18,  19,  30,   1,  33,   1,   0, 742, 184,   0],
       [  8,  16,  17,  16,  48,  15,  23,   2, 829,   0],
       [117,   5,   3,   1, 283,  39,   1,  96, 237, 227]], dtype=int64)}, 71.69314610000583)
[2024-08-13 12:14:33,291][flwr][INFO] - configure_evaluate: no clients selected, skipping evaluation
[2024-08-13 12:14:33,291][flwr][INFO] - 
[2024-08-13 12:14:33,291][flwr][INFO] - [ROUND 9]
[2024-08-13 12:14:33,292][flwr][INFO] - configure_fit: strategy sampled 10 clients (out of 10)
[2024-08-13 12:14:39,943][flwr][INFO] - aggregate_fit: received 10 results and 0 failures
[2024-08-13 12:14:42,186][flwr][INFO] - fit progress: (9, 1.026273317411066, {'accuracy': 0.7027, 'precision': 0.7432995380309004, 'recall': 0.7027, 'f1': 0.6838583064364783, 'confusion_matrix': array([[804, 100,   1,   5,   1,  13,  36,  15,   0,   5],
       [  0, 950, 147,  11,   1,   3,  10,   1,   0,  12],
       [  9,  21, 712, 169,  11,   2,  21,  42,  15,  30],
       [  3,  16,   8, 821,   8,  33,  17,  18,   2,  84],
       [  8,   6,   3,   2, 569,  74,  16,  34,   0, 270],
       [ 16,  64,   9,  78,   9, 559,  65,  27,   3,  62],
       [ 12,  15,  17,   0,   6,   5, 807,  95,   0,   1],
       [ 17,  22,  38,   6,  12,   4,   0, 823,   6, 100],
       [ 14,  42,  24, 130,   8,  31,  33,  10,  81, 601],
       [ 34,   6,   3,   7,  18,  12,   1,  27,   0, 901]], dtype=int64)}, 80.58927350000886)
[2024-08-13 12:14:42,187][flwr][INFO] - configure_evaluate: no clients selected, skipping evaluation
[2024-08-13 12:14:42,187][flwr][INFO] - 
[2024-08-13 12:14:42,187][flwr][INFO] - [ROUND 10]
[2024-08-13 12:14:42,187][flwr][INFO] - configure_fit: strategy sampled 10 clients (out of 10)
[2024-08-13 12:14:48,669][flwr][INFO] - aggregate_fit: received 10 results and 0 failures
[2024-08-13 12:14:50,742][flwr][INFO] - fit progress: (10, 1.0242858753188806, {'accuracy': 0.7257, 'precision': 0.7629382003154951, 'recall': 0.7257, 'f1': 0.7203090394814728, 'confusion_matrix': array([[777, 119,   1,   1,   5,  10,  35,  14,  18,   0],
       [  0, 937, 144,   3,   1,   4,   7,   1,  38,   0],
       [  8,  20, 779,  68,  34,   1,  19,  30,  73,   0],
       [  2,  20,  13, 689, 105,  27,  18,  15, 120,   1],
       [ 14,   4,   1,   0, 865,  24,  18,  26,  28,   2],
       [ 18,  62,   6,  36,  27, 534,  75,  21, 112,   1],
       [ 11,  15,  18,   0,  20,   5, 797,  90,   2,   0],
       [ 29,  19,  31,   1,  35,   1,   1, 709, 202,   0],
       [ 11,  15,  18,  17,  44,  19,  25,   1, 824,   0],
       [137,   6,   4,   3, 207,  39,   1,  72, 194, 346]], dtype=int64)}, 89.14475340000354)
[2024-08-13 12:14:50,743][flwr][INFO] - configure_evaluate: no clients selected, skipping evaluation
[2024-08-13 12:14:50,744][flwr][INFO] - 
[2024-08-13 12:14:50,744][flwr][INFO] - [SUMMARY]
[2024-08-13 12:14:50,744][flwr][INFO] - Run finished 10 round(s) in 89.15s
[2024-08-13 12:14:50,752][flwr][INFO] - 	History (loss, centralized):
[2024-08-13 12:14:50,752][flwr][INFO] - 		round 0: 2.3025850929940455
[2024-08-13 12:14:50,753][flwr][INFO] - 		round 1: 1.3926453107230226
[2024-08-13 12:14:50,753][flwr][INFO] - 		round 2: 1.1738269159668313
[2024-08-13 12:14:50,753][flwr][INFO] - 		round 3: 1.1440199666078978
[2024-08-13 12:14:50,753][flwr][INFO] - 		round 4: 1.1124360799814388
[2024-08-13 12:14:50,753][flwr][INFO] - 		round 5: 1.049004606945104
[2024-08-13 12:14:50,753][flwr][INFO] - 		round 6: 1.0489997663841637
[2024-08-13 12:14:50,753][flwr][INFO] - 		round 7: 1.027160039238371
[2024-08-13 12:14:50,753][flwr][INFO] - 		round 8: 1.043385236307877
[2024-08-13 12:14:50,753][flwr][INFO] - 		round 9: 1.026273317411066
[2024-08-13 12:14:50,753][flwr][INFO] - 		round 10: 1.0242858753188806
[2024-08-13 12:14:50,753][flwr][INFO] - 	History (metrics, centralized):
[2024-08-13 12:14:50,753][flwr][INFO] - 	{'accuracy': [(0, 0.098),
[2024-08-13 12:14:50,753][flwr][INFO] - 	              (1, 0.4697),
[2024-08-13 12:14:50,753][flwr][INFO] - 	              (2, 0.6334),
[2024-08-13 12:14:50,754][flwr][INFO] - 	              (3, 0.6159),
[2024-08-13 12:14:50,754][flwr][INFO] - 	              (4, 0.674),
[2024-08-13 12:14:50,754][flwr][INFO] - 	              (5, 0.7056),
[2024-08-13 12:14:50,754][flwr][INFO] - 	              (6, 0.7016),
[2024-08-13 12:14:50,754][flwr][INFO] - 	              (7, 0.7011),
[2024-08-13 12:14:50,754][flwr][INFO] - 	              (8, 0.7098),
[2024-08-13 12:14:50,754][flwr][INFO] - 	              (9, 0.7027),
[2024-08-13 12:14:50,754][flwr][INFO] - 	              (10, 0.7257)],
[2024-08-13 12:14:50,754][flwr][INFO] - 	 'confusion_matrix': [(0,
[2024-08-13 12:14:50,754][flwr][INFO] - 	                       array([[ 980,    0,    0,    0,    0,    0,    0,    0,    0,    0],
[2024-08-13 12:14:50,754][flwr][INFO] - 	       [1135,    0,    0,    0,    0,    0,    0,    0,    0,    0],
[2024-08-13 12:14:50,754][flwr][INFO] - 	       [1032,    0,    0,    0,    0,    0,    0,    0,    0,    0],
[2024-08-13 12:14:50,754][flwr][INFO] - 	       [1010,    0,    0,    0,    0,    0,    0,    0,    0,    0],
[2024-08-13 12:14:50,754][flwr][INFO] - 	       [ 982,    0,    0,    0,    0,    0,    0,    0,    0,    0],
[2024-08-13 12:14:50,754][flwr][INFO] - 	       [ 892,    0,    0,    0,    0,    0,    0,    0,    0,    0],
[2024-08-13 12:14:50,754][flwr][INFO] - 	       [ 958,    0,    0,    0,    0,    0,    0,    0,    0,    0],
[2024-08-13 12:14:50,755][flwr][INFO] - 	       [1028,    0,    0,    0,    0,    0,    0,    0,    0,    0],
[2024-08-13 12:14:50,755][flwr][INFO] - 	       [ 974,    0,    0,    0,    0,    0,    0,    0,    0,    0],
[2024-08-13 12:14:50,755][flwr][INFO] - 	       [1009,    0,    0,    0,    0,    0,    0,    0,    0,    0]],
[2024-08-13 12:14:50,755][flwr][INFO] - 	      dtype=int64)),
[2024-08-13 12:14:50,755][flwr][INFO] - 	                      (1,
[2024-08-13 12:14:50,755][flwr][INFO] - 	                       array([[ 961,    0,    2,    4,    0,    0,    3,    2,    6,    2],
[2024-08-13 12:14:50,755][flwr][INFO] - 	       [   0,   50, 1044,    3,    0,    0,    2,    0,    8,   28],
[2024-08-13 12:14:50,755][flwr][INFO] - 	       [  88,    1,  478,  350,    2,    0,   12,   19,   50,   32],
[2024-08-13 12:14:50,755][flwr][INFO] - 	       [  31,    0,   15,  826,   11,    0,    1,   12,   38,   76],
[2024-08-13 12:14:50,755][flwr][INFO] - 	       [  92,    0,   11,    0,  228,    0,    8,   32,   10,  601],
[2024-08-13 12:14:50,755][flwr][INFO] - 	       [ 290,   36,   52,  195,   19,    1,   22,   16,  110,  151],
[2024-08-13 12:14:50,755][flwr][INFO] - 	       [ 147,    1,   58,    6,    3,    0,  665,   69,    1,    8],
[2024-08-13 12:14:50,755][flwr][INFO] - 	       [  67,    0,   51,    1,    4,    0,    0,  327,  493,   85],
[2024-08-13 12:14:50,755][flwr][INFO] - 	       [  66,    0,   46,  170,    6,    0,    4,    2,  336,  344],
[2024-08-13 12:14:50,755][flwr][INFO] - 	       [ 100,    0,    3,    7,   22,    0,    0,    9,   43,  825]],
[2024-08-13 12:14:50,755][flwr][INFO] - 	      dtype=int64)),
[2024-08-13 12:14:50,756][flwr][INFO] - 	                      (2,
[2024-08-13 12:14:50,756][flwr][INFO] - 	                       array([[759,  63,   2,   5,   9,   6, 100,  27,   9,   0],
[2024-08-13 12:14:50,756][flwr][INFO] - 	       [  0, 897, 210,   3,  11,   0,   7,   5,   2,   0],
[2024-08-13 12:14:50,756][flwr][INFO] - 	       [  7,  37, 629, 176,  36,   2,  33,  71,  38,   3],
[2024-08-13 12:14:50,756][flwr][INFO] - 	       [  0,  50,  16, 600, 243,   2,  18,  24,  56,   1],
[2024-08-13 12:14:50,756][flwr][INFO] - 	       [  4,   4,   4,   0, 764,  32,  22, 138,  12,   2],
[2024-08-13 12:14:50,756][flwr][INFO] - 	       [ 11, 149,  18,  74, 139, 315,  95,  42,  49,   0],
[2024-08-13 12:14:50,756][flwr][INFO] - 	       [  7,  27,  21,   0,   9,   0, 786, 108,   0,   0],
[2024-08-13 12:14:50,756][flwr][INFO] - 	       [  6,  25,  34,   0,  24,   0,   1, 853,  85,   0],
[2024-08-13 12:14:50,756][flwr][INFO] - 	       [  2,  78,  16,  49, 200,  10,  43,  21, 549,   6],
[2024-08-13 12:14:50,756][flwr][INFO] - 	       [ 21,  10,   2,   2, 366,  16,   2, 342,  66, 182]], dtype=int64)),
[2024-08-13 12:14:50,756][flwr][INFO] - 	                      (3,
[2024-08-13 12:14:50,756][flwr][INFO] - 	                       array([[902,  20,   2,  10,   0,   8,  22,   2,   1,  13],
[2024-08-13 12:14:50,756][flwr][INFO] - 	       [  0, 773, 319,   3,   0,   1,   4,   0,   1,  34],
[2024-08-13 12:14:50,756][flwr][INFO] - 	       [ 19,   9, 682, 193,   2,   5,  18,  15,  40,  49],
[2024-08-13 12:14:50,756][flwr][INFO] - 	       [  2,  11,  11, 804,   2,  28,  11,   9,  19, 113],
[2024-08-13 12:14:50,756][flwr][INFO] - 	       [ 20,   4,   5,   1, 156, 164,  10,  12,   4, 606],
[2024-08-13 12:14:50,757][flwr][INFO] - 	       [ 27,  65,  31, 134,   1, 443,  41,  13,  33, 104],
[2024-08-13 12:14:50,757][flwr][INFO] - 	       [ 27,  14,  45,   2,   3,   8, 800,  51,   0,   8],
[2024-08-13 12:14:50,757][flwr][INFO] - 	       [ 39,  16,  39,   1,   3,   7,   0, 444, 204, 275],
[2024-08-13 12:14:50,757][flwr][INFO] - 	       [ 14,  19,  27, 116,   1,  20,  15,   2, 224, 536],
[2024-08-13 12:14:50,757][flwr][INFO] - 	       [ 42,   3,   3,   5,   6,   7,   0,   7,   5, 931]], dtype=int64)),
[2024-08-13 12:14:50,757][flwr][INFO] - 	                      (4,
[2024-08-13 12:14:50,757][flwr][INFO] - 	                       array([[766, 116,   1,   1,   5,   8,  48,  25,  10,   0],
[2024-08-13 12:14:50,757][flwr][INFO] - 	       [  0, 939, 162,   3,   4,   3,   7,   7,  10,   0],
[2024-08-13 12:14:50,757][flwr][INFO] - 	       [  8,  33, 726, 102,  36,   1,  20,  59,  47,   0],
[2024-08-13 12:14:50,757][flwr][INFO] - 	       [  0,  39,  14, 690, 118,  18,  14,  25,  92,   0],
[2024-08-13 12:14:50,757][flwr][INFO] - 	       [  6,   5,   1,   0, 831,  17,  16,  90,  15,   1],
[2024-08-13 12:14:50,757][flwr][INFO] - 	       [ 14, 106,  13,  63,  47, 485,  61,  36,  67,   0],
[2024-08-13 12:14:50,757][flwr][INFO] - 	       [  8,  22,  25,   0,  16,   4, 757, 125,   1,   0],
[2024-08-13 12:14:50,757][flwr][INFO] - 	       [ 12,  24,  31,   0,  25,   0,   1, 843,  92,   0],
[2024-08-13 12:14:50,757][flwr][INFO] - 	       [  9,  48,  17,  41,  94,  25,  28,  14, 698,   0],
[2024-08-13 12:14:50,758][flwr][INFO] - 	       [ 45,   8,   2,   3, 464,  48,   1, 297, 136,   5]], dtype=int64)),
[2024-08-13 12:14:50,758][flwr][INFO] - 	                      (5,
[2024-08-13 12:14:50,758][flwr][INFO] - 	                       array([[828,  78,   2,   5,   0,   7,  48,   6,   4,   2],
[2024-08-13 12:14:50,758][flwr][INFO] - 	       [  0, 879, 226,   4,   1,   3,  11,   1,   0,  10],
[2024-08-13 12:14:50,758][flwr][INFO] - 	       [ 14,  18, 728, 154,   8,   2,  23,  33,  31,  21],
[2024-08-13 12:14:50,758][flwr][INFO] - 	       [  3,  17,  10, 807,   8,  30,  20,  14,  24,  77],
[2024-08-13 12:14:50,758][flwr][INFO] - 	       [ 13,   4,   4,   0, 547,  87,  21,  37,   5, 264],
[2024-08-13 12:14:50,758][flwr][INFO] - 	       [ 22,  77,  20,  95,  11, 494,  78,  21,  22,  52],
[2024-08-13 12:14:50,758][flwr][INFO] - 	       [ 14,  15,  27,   0,   6,   3, 827,  65,   0,   1],
[2024-08-13 12:14:50,758][flwr][INFO] - 	       [ 29,  22,  41,   3,  13,   2,   2, 762,  63,  91],
[2024-08-13 12:14:50,758][flwr][INFO] - 	       [ 16,  44,  28, 127,   9,  19,  36,   7, 304, 384],
[2024-08-13 12:14:50,758][flwr][INFO] - 	       [ 49,   5,   3,   6,  24,  16,   1,  22,   3, 880]], dtype=int64)),
[2024-08-13 12:14:50,758][flwr][INFO] - 	                      (6,
[2024-08-13 12:14:50,758][flwr][INFO] - 	                       array([[783, 107,   1,   1,   6,  10,  34,  20,  18,   0],
[2024-08-13 12:14:50,758][flwr][INFO] - 	       [  0, 958, 125,   3,   3,   3,   5,   2,  36,   0],
[2024-08-13 12:14:50,758][flwr][INFO] - 	       [  7,  24, 769,  55,  45,   0,  16,  44,  72,   0],
[2024-08-13 12:14:50,758][flwr][INFO] - 	       [  1,  28,  15, 656, 120,  24,  14,  20, 132,   0],
[2024-08-13 12:14:50,759][flwr][INFO] - 	       [  5,   4,   1,   0, 873,   7,  14,  52,  25,   1],
[2024-08-13 12:14:50,759][flwr][INFO] - 	       [ 13,  73,   7,  43,  38, 522,  52,  28, 116,   0],
[2024-08-13 12:14:50,759][flwr][INFO] - 	       [  9,  17,  26,   0,  22,   6, 751, 125,   2,   0],
[2024-08-13 12:14:50,759][flwr][INFO] - 	       [ 12,  21,  28,   0,  27,   0,   0, 813, 127,   0],
[2024-08-13 12:14:50,759][flwr][INFO] - 	       [  7,  27,  14,  20,  58,  17,  18,   8, 805,   0],
[2024-08-13 12:14:50,759][flwr][INFO] - 	       [ 62,   5,   3,   1, 423,  40,   0, 178, 211,  86]], dtype=int64)),
[2024-08-13 12:14:50,759][flwr][INFO] - 	                      (7,
[2024-08-13 12:14:50,759][flwr][INFO] - 	                       array([[811,  94,   1,   5,   1,  12,  39,  12,   0,   5],
[2024-08-13 12:14:50,759][flwr][INFO] - 	       [  0, 931, 169,   9,   1,   3,  10,   1,   0,  11],
[2024-08-13 12:14:50,759][flwr][INFO] - 	       [ 10,  20, 715, 170,  10,   2,  22,  35,  20,  28],
[2024-08-13 12:14:50,759][flwr][INFO] - 	       [  3,  15,   8, 827,   5,  33,  18,  16,   4,  81],
[2024-08-13 12:14:50,759][flwr][INFO] - 	       [  9,   5,   2,   1, 528,  93,  19,  32,   2, 291],
[2024-08-13 12:14:50,759][flwr][INFO] - 	       [ 17,  69,  14,  86,   7, 546,  67,  26,   7,  53],
[2024-08-13 12:14:50,759][flwr][INFO] - 	       [ 13,  15,  20,   0,   6,   5, 825,  73,   0,   1],
[2024-08-13 12:14:50,759][flwr][INFO] - 	       [ 24,  22,  42,   6,  13,   4,   0, 789,  17, 111],
[2024-08-13 12:14:50,759][flwr][INFO] - 	       [ 16,  43,  25, 134,   7,  29,  34,   9, 141, 536],
[2024-08-13 12:14:50,760][flwr][INFO] - 	       [ 41,   5,   3,   7,  18,  15,   1,  20,   1, 898]], dtype=int64)),
[2024-08-13 12:14:50,760][flwr][INFO] - 	                      (8,
[2024-08-13 12:14:50,760][flwr][INFO] - 	                       array([[769, 128,   1,   1,   5,   9,  33,  14,  20,   0],
[2024-08-13 12:14:50,760][flwr][INFO] - 	       [  0, 937, 144,   2,   2,   3,   6,   1,  40,   0],
[2024-08-13 12:14:50,760][flwr][INFO] - 	       [  7,  20, 782,  59,  35,   1,  19,  34,  75,   0],
[2024-08-13 12:14:50,760][flwr][INFO] - 	       [  2,  28,  16, 637, 133,  21,  17,  18, 137,   1],
[2024-08-13 12:14:50,760][flwr][INFO] - 	       [  8,   4,   1,   0, 872,  15,  15,  36,  29,   2],
[2024-08-13 12:14:50,760][flwr][INFO] - 	       [ 17,  66,   6,  34,  34, 524,  67,  23, 120,   1],
[2024-08-13 12:14:50,760][flwr][INFO] - 	       [  9,  17,  22,   0,  21,   5, 779, 104,   1,   0],
[2024-08-13 12:14:50,760][flwr][INFO] - 	       [ 18,  19,  30,   1,  33,   1,   0, 742, 184,   0],
[2024-08-13 12:14:50,760][flwr][INFO] - 	       [  8,  16,  17,  16,  48,  15,  23,   2, 829,   0],
[2024-08-13 12:14:50,760][flwr][INFO] - 	       [117,   5,   3,   1, 283,  39,   1,  96, 237, 227]], dtype=int64)),
[2024-08-13 12:14:50,760][flwr][INFO] - 	                      (9,
[2024-08-13 12:14:50,760][flwr][INFO] - 	                       array([[804, 100,   1,   5,   1,  13,  36,  15,   0,   5],
[2024-08-13 12:14:50,760][flwr][INFO] - 	       [  0, 950, 147,  11,   1,   3,  10,   1,   0,  12],
[2024-08-13 12:14:50,760][flwr][INFO] - 	       [  9,  21, 712, 169,  11,   2,  21,  42,  15,  30],
[2024-08-13 12:14:50,761][flwr][INFO] - 	       [  3,  16,   8, 821,   8,  33,  17,  18,   2,  84],
[2024-08-13 12:14:50,761][flwr][INFO] - 	       [  8,   6,   3,   2, 569,  74,  16,  34,   0, 270],
[2024-08-13 12:14:50,761][flwr][INFO] - 	       [ 16,  64,   9,  78,   9, 559,  65,  27,   3,  62],
[2024-08-13 12:14:50,761][flwr][INFO] - 	       [ 12,  15,  17,   0,   6,   5, 807,  95,   0,   1],
[2024-08-13 12:14:50,761][flwr][INFO] - 	       [ 17,  22,  38,   6,  12,   4,   0, 823,   6, 100],
[2024-08-13 12:14:50,761][flwr][INFO] - 	       [ 14,  42,  24, 130,   8,  31,  33,  10,  81, 601],
[2024-08-13 12:14:50,761][flwr][INFO] - 	       [ 34,   6,   3,   7,  18,  12,   1,  27,   0, 901]], dtype=int64)),
[2024-08-13 12:14:50,761][flwr][INFO] - 	                      (10,
[2024-08-13 12:14:50,761][flwr][INFO] - 	                       array([[777, 119,   1,   1,   5,  10,  35,  14,  18,   0],
[2024-08-13 12:14:50,761][flwr][INFO] - 	       [  0, 937, 144,   3,   1,   4,   7,   1,  38,   0],
[2024-08-13 12:14:50,761][flwr][INFO] - 	       [  8,  20, 779,  68,  34,   1,  19,  30,  73,   0],
[2024-08-13 12:14:50,761][flwr][INFO] - 	       [  2,  20,  13, 689, 105,  27,  18,  15, 120,   1],
[2024-08-13 12:14:50,761][flwr][INFO] - 	       [ 14,   4,   1,   0, 865,  24,  18,  26,  28,   2],
[2024-08-13 12:14:50,761][flwr][INFO] - 	       [ 18,  62,   6,  36,  27, 534,  75,  21, 112,   1],
[2024-08-13 12:14:50,761][flwr][INFO] - 	       [ 11,  15,  18,   0,  20,   5, 797,  90,   2,   0],
[2024-08-13 12:14:50,761][flwr][INFO] - 	       [ 29,  19,  31,   1,  35,   1,   1, 709, 202,   0],
[2024-08-13 12:14:50,762][flwr][INFO] - 	       [ 11,  15,  18,  17,  44,  19,  25,   1, 824,   0],
[2024-08-13 12:14:50,762][flwr][INFO] - 	       [137,   6,   4,   3, 207,  39,   1,  72, 194, 346]], dtype=int64))],
[2024-08-13 12:14:50,762][flwr][INFO] - 	 'f1': [(0, 0.017493624772313296),
[2024-08-13 12:14:50,762][flwr][INFO] - 	        (1, 0.41621987175512914),
[2024-08-13 12:14:50,762][flwr][INFO] - 	        (2, 0.6191778590200427),
[2024-08-13 12:14:50,762][flwr][INFO] - 	        (3, 0.6012425051235337),
[2024-08-13 12:14:50,762][flwr][INFO] - 	        (4, 0.6425150212890534),
[2024-08-13 12:14:50,762][flwr][INFO] - 	        (5, 0.699238128961294),
[2024-08-13 12:14:50,762][flwr][INFO] - 	        (6, 0.6796784957254861),
[2024-08-13 12:14:50,762][flwr][INFO] - 	        (7, 0.686741404627677),
[2024-08-13 12:14:50,762][flwr][INFO] - 	        (8, 0.6988665501154915),
[2024-08-13 12:14:50,762][flwr][INFO] - 	        (9, 0.6838583064364783),
[2024-08-13 12:14:50,762][flwr][INFO] - 	        (10, 0.7203090394814728)],
[2024-08-13 12:14:50,762][flwr][INFO] - 	 'precision': [(0, 0.009604000000000001),
[2024-08-13 12:14:50,762][flwr][INFO] - 	               (1, 0.5884567904654683),
[2024-08-13 12:14:50,762][flwr][INFO] - 	               (2, 0.6950822761849363),
[2024-08-13 12:14:50,762][flwr][INFO] - 	               (3, 0.68630552526215),
[2024-08-13 12:14:50,763][flwr][INFO] - 	               (4, 0.7148814408246235),
[2024-08-13 12:14:50,763][flwr][INFO] - 	               (5, 0.7271334492354045),
[2024-08-13 12:14:50,763][flwr][INFO] - 	               (6, 0.7586786237376285),
[2024-08-13 12:14:50,763][flwr][INFO] - 	               (7, 0.7373885092579013),
[2024-08-13 12:14:50,763][flwr][INFO] - 	               (8, 0.7580336873656186),
[2024-08-13 12:14:50,763][flwr][INFO] - 	               (9, 0.7432995380309004),
[2024-08-13 12:14:50,763][flwr][INFO] - 	               (10, 0.7629382003154951)],
[2024-08-13 12:14:50,763][flwr][INFO] - 	 'recall': [(0, 0.098),
[2024-08-13 12:14:50,763][flwr][INFO] - 	            (1, 0.4697),
[2024-08-13 12:14:50,763][flwr][INFO] - 	            (2, 0.6334),
[2024-08-13 12:14:50,763][flwr][INFO] - 	            (3, 0.6159),
[2024-08-13 12:14:50,763][flwr][INFO] - 	            (4, 0.674),
[2024-08-13 12:14:50,763][flwr][INFO] - 	            (5, 0.7056),
[2024-08-13 12:14:50,763][flwr][INFO] - 	            (6, 0.7016),
[2024-08-13 12:14:50,763][flwr][INFO] - 	            (7, 0.7011),
[2024-08-13 12:14:50,763][flwr][INFO] - 	            (8, 0.7098),
[2024-08-13 12:14:50,764][flwr][INFO] - 	            (9, 0.7027),
[2024-08-13 12:14:50,764][flwr][INFO] - 	            (10, 0.7257)]}
[2024-08-13 12:14:50,764][flwr][INFO] - 
