[2024-08-13 11:55:54,052][flwr][INFO] - Starting Flower simulation, config: num_rounds=10, no round_timeout
[2024-08-13 11:55:58,190][flwr][INFO] - Flower VCE: Ray initialized with resources: {'node:127.0.0.1': 1.0, 'memory': 5080648091.0, 'object_store_memory': 2540324044.0, 'accelerator_type:G': 1.0, 'GPU': 1.0, 'CPU': 16.0, 'node:__internal_head__': 1.0}
[2024-08-13 11:55:58,191][flwr][INFO] - Optimize your simulation with Flower VCE: https://flower.ai/docs/framework/how-to-run-simulations.html
[2024-08-13 11:55:58,191][flwr][INFO] - Flower VCE: Resources for each Virtual Client: {'num_cpus': 2, 'num_gpus': 0.5}
[2024-08-13 11:55:58,202][flwr][INFO] - Flower VCE: Creating VirtualClientEngineActorPool with 2 actors
[2024-08-13 11:55:58,202][flwr][INFO] - [INIT]
[2024-08-13 11:55:58,202][flwr][INFO] - Requesting initial parameters from one random client
[2024-08-13 11:56:05,478][flwr][INFO] - Received initial parameters from one random client
[2024-08-13 11:56:05,479][flwr][INFO] - Evaluating initial global parameters
[2024-08-13 11:56:07,715][flwr][INFO] - initial parameters (loss, other metrics): 2.3025850929940455, {'accuracy': 0.098, 'precision': 0.009604000000000001, 'recall': 0.098, 'f1': 0.017493624772313296, 'confusion_matrix': array([[ 980,    0,    0,    0,    0,    0,    0,    0,    0,    0],
       [1135,    0,    0,    0,    0,    0,    0,    0,    0,    0],
       [1032,    0,    0,    0,    0,    0,    0,    0,    0,    0],
       [1010,    0,    0,    0,    0,    0,    0,    0,    0,    0],
       [ 982,    0,    0,    0,    0,    0,    0,    0,    0,    0],
       [ 892,    0,    0,    0,    0,    0,    0,    0,    0,    0],
       [ 958,    0,    0,    0,    0,    0,    0,    0,    0,    0],
       [1028,    0,    0,    0,    0,    0,    0,    0,    0,    0],
       [ 974,    0,    0,    0,    0,    0,    0,    0,    0,    0],
       [1009,    0,    0,    0,    0,    0,    0,    0,    0,    0]],
      dtype=int64)}
[2024-08-13 11:56:07,716][flwr][INFO] - 
[2024-08-13 11:56:07,716][flwr][INFO] - [ROUND 1]
[2024-08-13 11:56:07,717][flwr][INFO] - configure_fit: strategy sampled 10 clients (out of 10)
[2024-08-13 11:56:16,397][flwr][INFO] - aggregate_fit: received 10 results and 0 failures
[2024-08-13 11:56:16,400][flwr][WARNING] - No fit_metrics_aggregation_fn provided
[2024-08-13 11:56:18,485][flwr][INFO] - fit progress: (1, 1.3853586267432745, {'accuracy': 0.4663, 'precision': 0.6105701028658246, 'recall': 0.4663, 'f1': 0.42240853975615994, 'confusion_matrix': array([[954,   0,   2,   8,   0,   0,   6,   1,   2,   7],
       [  0, 268, 810,   6,   0,   0,   3,   0,   1,  47],
       [ 74,   1, 320, 509,   0,   0,  15,  16,  36,  61],
       [ 16,   0,   6, 858,   6,   0,   2,   8,  18,  96],
       [ 73,   1,   6,   1, 176,   0,  10,  20,   5, 690],
       [227,  52,  40, 235,   8,   1,  18,  16,  73, 222],
       [132,   4,  43,  11,   2,   0, 700,  50,   0,  16],
       [ 60,   2,  39,   4,   3,   0,   0, 347, 428, 145],
       [ 42,   1,  28, 198,   3,   0,   5,   2, 156, 539],
       [ 79,   0,   2,   9,  14,   0,   0,   7,  15, 883]], dtype=int64)}, 10.768622899995535)
[2024-08-13 11:56:18,486][flwr][INFO] - configure_evaluate: no clients selected, skipping evaluation
[2024-08-13 11:56:18,486][flwr][INFO] - 
[2024-08-13 11:56:18,486][flwr][INFO] - [ROUND 2]
[2024-08-13 11:56:18,486][flwr][INFO] - configure_fit: strategy sampled 10 clients (out of 10)
[2024-08-13 11:56:25,163][flwr][INFO] - aggregate_fit: received 10 results and 0 failures
[2024-08-13 11:56:27,280][flwr][INFO] - fit progress: (2, 1.2164498358306195, {'accuracy': 0.6249, 'precision': 0.6938334450410989, 'recall': 0.6249, 'f1': 0.5949407202843586, 'confusion_matrix': array([[733,  78,   2,   4,   9,   8, 111,  26,   9,   0],
       [  0, 908, 202,   2,   6,   2,   7,   5,   3,   0],
       [  6,  37, 733,  76,  42,   1,  30,  68,  39,   0],
       [  0,  66,  24, 517, 276,   4,  25,  23,  75,   0],
       [  4,   4,   5,   0, 776,  31,  23, 124,  14,   1],
       [ 11, 153,  20,  39, 120, 347, 110,  38,  54,   0],
       [  4,  29,  26,   0,  10,   2, 799,  88,   0,   0],
       [  5,  27,  36,   0,  24,   0,   1, 849,  86,   0],
       [  2,  79,  22,  20, 192,  14,  47,  18, 580,   0],
       [ 17,  11,   2,   1, 461,  24,   2, 373, 111,   7]], dtype=int64)}, 19.563061399996514)
[2024-08-13 11:56:27,280][flwr][INFO] - configure_evaluate: no clients selected, skipping evaluation
[2024-08-13 11:56:27,281][flwr][INFO] - 
[2024-08-13 11:56:27,281][flwr][INFO] - [ROUND 3]
[2024-08-13 11:56:27,281][flwr][INFO] - configure_fit: strategy sampled 10 clients (out of 10)
[2024-08-13 11:56:33,859][flwr][INFO] - aggregate_fit: received 10 results and 0 failures
[2024-08-13 11:56:35,971][flwr][INFO] - fit progress: (3, 1.1661288231846403, {'accuracy': 0.6138, 'precision': 0.6803790596220838, 'recall': 0.6138, 'f1': 0.5943381281868229, 'confusion_matrix': array([[903,  14,   2,  14,   0,   7,  25,   2,   1,  12],
       [  0, 845, 245,   6,   0,   1,   4,   1,   0,  33],
       [ 23,  10, 562, 310,   2,   4,  19,  19,  27,  56],
       [  3,   8,   5, 834,   2,  15,  11,  11,   6, 115],
       [ 22,   4,   4,   1, 198, 110,  13,  19,   3, 608],
       [ 31,  76,  25, 167,   1, 394,  40,  14,  17, 127],
       [ 26,  16,  34,   5,   3,   4, 807,  56,   0,   7],
       [ 28,  19,  36,   3,   5,   2,   1, 575,  94, 265],
       [ 11,  32,  18, 165,   2,  12,  15,   3,  86, 630],
       [ 43,   3,   2,   8,   6,   4,   0,   8,   1, 934]], dtype=int64)}, 28.25462449999759)
[2024-08-13 11:56:35,972][flwr][INFO] - configure_evaluate: no clients selected, skipping evaluation
[2024-08-13 11:56:35,972][flwr][INFO] - 
[2024-08-13 11:56:35,972][flwr][INFO] - [ROUND 4]
[2024-08-13 11:56:35,973][flwr][INFO] - configure_fit: strategy sampled 10 clients (out of 10)
[2024-08-13 11:56:42,361][flwr][INFO] - aggregate_fit: received 10 results and 0 failures
[2024-08-13 11:56:44,433][flwr][INFO] - fit progress: (4, 1.165265535086375, {'accuracy': 0.6623, 'precision': 0.6378226451374668, 'recall': 0.6623, 'f1': 0.6319052804872831, 'confusion_matrix': array([[749, 113,   1,   1,   6,  10,  61,  24,  15,   0],
       [  0, 907, 195,   2,   5,   2,   5,   2,  17,   0],
       [  5,  28, 789,  42,  46,   0,  20,  48,  54,   0],
       [  0,  45,  25, 529, 232,  15,  18,  25, 121,   0],
       [  5,   4,   2,   0, 850,  10,  17,  74,  20,   0],
       [ 11,  99,  19,  30,  77, 465,  75,  30,  86,   0],
       [  7,  20,  27,   0,  22,   3, 780,  97,   2,   0],
       [  9,  23,  32,   0,  25,   0,   1, 831, 107,   0],
       [  4,  36,  23,  13, 125,  15,  25,  10, 723,   0],
       [ 33,   8,   2,   1, 521,  30,   1, 243, 170,   0]], dtype=int64)}, 36.71638779999921)
[2024-08-13 11:56:44,434][flwr][INFO] - configure_evaluate: no clients selected, skipping evaluation
[2024-08-13 11:56:44,434][flwr][INFO] - 
[2024-08-13 11:56:44,434][flwr][INFO] - [ROUND 5]
[2024-08-13 11:56:44,435][flwr][INFO] - configure_fit: strategy sampled 10 clients (out of 10)
[2024-08-13 11:56:51,147][flwr][INFO] - aggregate_fit: received 10 results and 0 failures
[2024-08-13 11:56:53,220][flwr][INFO] - fit progress: (5, 1.0990163627778566, {'accuracy': 0.671, 'precision': 0.7095432200753891, 'recall': 0.671, 'f1': 0.6539837000532644, 'confusion_matrix': array([[844,  63,   2,  11,   0,   7,  40,   7,   1,   5],
       [  0, 909, 190,  12,   0,   3,   9,   1,   0,  11],
       [ 16,  19, 616, 267,   7,   3,  22,  34,  21,  27],
       [  3,  11,   7, 852,   2,  23,  14,  15,   8,  75],
       [ 17,   5,   3,   1, 379, 149,  19,  38,   3, 368],
       [ 24,  74,  18, 125,   3, 481,  71,  22,  12,  62],
       [ 16,  14,  24,   2,   3,   3, 825,  69,   0,   2],
       [ 29,  23,  39,   8,   8,   3,   2, 767,  37, 112],
       [ 17,  42,  21, 171,   4,  19,  34,   9, 146, 511],
       [ 51,   4,   3,   9,  13,  14,   1,  22,   1, 891]], dtype=int64)}, 45.504089699999895)
[2024-08-13 11:56:53,221][flwr][INFO] - configure_evaluate: no clients selected, skipping evaluation
[2024-08-13 11:56:53,221][flwr][INFO] - 
[2024-08-13 11:56:53,221][flwr][INFO] - [ROUND 6]
[2024-08-13 11:56:53,222][flwr][INFO] - configure_fit: strategy sampled 10 clients (out of 10)
[2024-08-13 11:56:59,742][flwr][INFO] - aggregate_fit: received 10 results and 0 failures
[2024-08-13 11:57:01,873][flwr][INFO] - fit progress: (6, 1.109580273534359, {'accuracy': 0.6692, 'precision': 0.7491703834640543, 'recall': 0.6692, 'f1': 0.6469510717718203, 'confusion_matrix': array([[741, 136,   1,   1,   6,  11,  43,  16,  25,   0],
       [  0, 902, 185,   1,   3,   3,   6,   1,  34,   0],
       [  6,  20, 807,  28,  46,   0,  16,  35,  74,   0],
       [  0,  33,  26, 514, 215,  18,  17,  17, 170,   0],
       [  3,   3,   2,   0, 889,   8,  14,  32,  30,   1],
       [ 11,  81,  11,  24,  59, 478,  68,  23, 137,   0],
       [  7,  18,  31,   0,  23,   4, 769, 104,   2,   0],
       [ 13,  18,  31,   0,  37,   0,   0, 721, 208,   0],
       [  4,  20,  24,   3,  77,  12,  20,   3, 811,   0],
       [ 53,   5,   3,   1, 465,  25,   1, 118, 278,  60]], dtype=int64)}, 54.15695950000372)
[2024-08-13 11:57:01,874][flwr][INFO] - configure_evaluate: no clients selected, skipping evaluation
[2024-08-13 11:57:01,874][flwr][INFO] - 
[2024-08-13 11:57:01,874][flwr][INFO] - [ROUND 7]
[2024-08-13 11:57:01,875][flwr][INFO] - configure_fit: strategy sampled 10 clients (out of 10)
[2024-08-13 11:57:08,441][flwr][INFO] - aggregate_fit: received 10 results and 0 failures
[2024-08-13 11:57:10,524][flwr][INFO] - fit progress: (7, 1.1009877141785454, {'accuracy': 0.662, 'precision': 0.6966443842628771, 'recall': 0.662, 'f1': 0.6337034793862057, 'confusion_matrix': array([[817,  88,   2,   9,   0,  11,  35,  12,   0,   6],
       [  0, 938, 156,  13,   1,   3,   7,   1,   0,  16],
       [ 10,  22, 608, 275,   7,   4,  21,  40,   6,  39],
       [  3,  11,   4, 853,   2,  24,  11,  17,   0,  85],
       [ 10,   5,   2,   2, 357, 144,  17,  39,   0, 406],
       [ 21,  67,  11, 105,   3, 526,  60,  26,   3,  70],
       [ 13,  14,  17,   2,   3,   5, 809,  93,   0,   2],
       [ 24,  22,  32,   8,   7,   3,   1, 792,   5, 134],
       [ 11,  38,  21, 161,   4,  27,  26,   9,  12, 665],
       [ 40,   3,   3,   9,  10,  12,   1,  23,   0, 908]], dtype=int64)}, 62.8077970000013)
[2024-08-13 11:57:10,525][flwr][INFO] - configure_evaluate: no clients selected, skipping evaluation
[2024-08-13 11:57:10,525][flwr][INFO] - 
[2024-08-13 11:57:10,525][flwr][INFO] - [ROUND 8]
[2024-08-13 11:57:10,526][flwr][INFO] - configure_fit: strategy sampled 10 clients (out of 10)
[2024-08-13 11:57:17,278][flwr][INFO] - aggregate_fit: received 10 results and 0 failures
[2024-08-13 11:57:19,357][flwr][INFO] - fit progress: (8, 1.0864603256913192, {'accuracy': 0.6905, 'precision': 0.7443468228708882, 'recall': 0.6905, 'f1': 0.6760356107556525, 'confusion_matrix': array([[752, 140,   1,   1,   5,  12,  37,  14,  18,   0],
       [  0, 893, 192,   2,   3,   3,   6,   1,  35,   0],
       [  6,  21, 802,  42,  39,   2,  17,  30,  73,   0],
       [  1,  30,  24, 610, 137,  28,  18,  16, 145,   1],
       [ 10,   4,   2,   0, 866,  24,  18,  28,  29,   1],
       [ 16,  65,  11,  30,  30, 530,  73,  21, 115,   1],
       [  9,  17,  28,   0,  21,   5, 782,  95,   1,   0],
       [ 24,  17,  34,   1,  34,   1,   1, 689, 227,   0],
       [ 10,  20,  23,  12,  52,  17,  24,   1, 815,   0],
       [129,   5,   4,   1, 301,  48,   1,  85, 269, 166]], dtype=int64)}, 71.6407382000034)
[2024-08-13 11:57:19,358][flwr][INFO] - configure_evaluate: no clients selected, skipping evaluation
[2024-08-13 11:57:19,358][flwr][INFO] - 
[2024-08-13 11:57:19,358][flwr][INFO] - [ROUND 9]
[2024-08-13 11:57:19,358][flwr][INFO] - configure_fit: strategy sampled 10 clients (out of 10)
[2024-08-13 11:57:26,049][flwr][INFO] - aggregate_fit: received 10 results and 0 failures
[2024-08-13 11:57:28,274][flwr][INFO] - fit progress: (9, 1.0761831928910797, {'accuracy': 0.677, 'precision': 0.7187708019804111, 'recall': 0.677, 'f1': 0.6526828398096645, 'confusion_matrix': array([[804,  98,   1,   9,   1,  10,  35,  16,   0,   6],
       [  0, 977, 114,  12,   1,   3,  10,   1,   0,  17],
       [  7,  24, 603, 276,  10,   2,  20,  42,   8,  40],
       [  3,  12,   4, 843,   4,  25,  13,  18,   1,  87],
       [  6,   6,   2,   2, 474,  80,  16,  40,   0, 356],
       [ 18,  65,   7,  94,   8, 528,  61,  31,   3,  77],
       [ 11,  16,  14,   1,   4,   5, 791, 114,   0,   2],
       [ 17,  23,  30,   8,   8,   4,   0, 817,   5, 116],
       [ 11,  45,  14, 141,   6,  25,  28,  12,  23, 669],
       [ 32,   5,   3,   9,  13,  10,   1,  26,   0, 910]], dtype=int64)}, 80.55714309999894)
[2024-08-13 11:57:28,275][flwr][INFO] - configure_evaluate: no clients selected, skipping evaluation
[2024-08-13 11:57:28,275][flwr][INFO] - 
[2024-08-13 11:57:28,275][flwr][INFO] - [ROUND 10]
[2024-08-13 11:57:28,275][flwr][INFO] - configure_fit: strategy sampled 10 clients (out of 10)
[2024-08-13 11:57:35,138][flwr][INFO] - aggregate_fit: received 10 results and 0 failures
[2024-08-13 11:57:37,214][flwr][INFO] - fit progress: (10, 1.0698157686120373, {'accuracy': 0.6945, 'precision': 0.747190951914345, 'recall': 0.6945, 'f1': 0.6811911502083496, 'confusion_matrix': array([[769, 123,   1,   1,   5,  12,  36,  13,  20,   0],
       [  0, 892, 190,   2,   3,   3,   7,   1,  37,   0],
       [  7,  20, 803,  41,  39,   2,  18,  29,  73,   0],
       [  2,  27,  23, 606, 157,  27,  19,  14, 134,   1],
       [ 13,   4,   1,   0, 868,  28,  18,  19,  30,   1],
       [ 17,  58,   8,  28,  28, 540,  75,  21, 116,   1],
       [ 11,  13,  21,   0,  22,   6, 795,  88,   2,   0],
       [ 31,  18,  33,   1,  37,   1,   1, 663, 243,   0],
       [ 12,  12,  21,  13,  51,  17,  24,   1, 823,   0],
       [154,   6,   4,   1, 278,  56,   1,  68, 255, 186]], dtype=int64)}, 89.49755000000005)
[2024-08-13 11:57:37,215][flwr][INFO] - configure_evaluate: no clients selected, skipping evaluation
[2024-08-13 11:57:37,215][flwr][INFO] - 
[2024-08-13 11:57:37,215][flwr][INFO] - [SUMMARY]
[2024-08-13 11:57:37,215][flwr][INFO] - Run finished 10 round(s) in 89.50s
[2024-08-13 11:57:37,223][flwr][INFO] - 	History (loss, centralized):
[2024-08-13 11:57:37,223][flwr][INFO] - 		round 0: 2.3025850929940455
[2024-08-13 11:57:37,223][flwr][INFO] - 		round 1: 1.3853586267432745
[2024-08-13 11:57:37,224][flwr][INFO] - 		round 2: 1.2164498358306195
[2024-08-13 11:57:37,224][flwr][INFO] - 		round 3: 1.1661288231846403
[2024-08-13 11:57:37,224][flwr][INFO] - 		round 4: 1.165265535086375
[2024-08-13 11:57:37,224][flwr][INFO] - 		round 5: 1.0990163627778566
[2024-08-13 11:57:37,224][flwr][INFO] - 		round 6: 1.109580273534359
[2024-08-13 11:57:37,224][flwr][INFO] - 		round 7: 1.1009877141785454
[2024-08-13 11:57:37,224][flwr][INFO] - 		round 8: 1.0864603256913192
[2024-08-13 11:57:37,224][flwr][INFO] - 		round 9: 1.0761831928910797
[2024-08-13 11:57:37,224][flwr][INFO] - 		round 10: 1.0698157686120373
[2024-08-13 11:57:37,224][flwr][INFO] - 	History (metrics, centralized):
[2024-08-13 11:57:37,224][flwr][INFO] - 	{'accuracy': [(0, 0.098),
[2024-08-13 11:57:37,224][flwr][INFO] - 	              (1, 0.4663),
[2024-08-13 11:57:37,224][flwr][INFO] - 	              (2, 0.6249),
[2024-08-13 11:57:37,224][flwr][INFO] - 	              (3, 0.6138),
[2024-08-13 11:57:37,224][flwr][INFO] - 	              (4, 0.6623),
[2024-08-13 11:57:37,224][flwr][INFO] - 	              (5, 0.671),
[2024-08-13 11:57:37,224][flwr][INFO] - 	              (6, 0.6692),
[2024-08-13 11:57:37,225][flwr][INFO] - 	              (7, 0.662),
[2024-08-13 11:57:37,225][flwr][INFO] - 	              (8, 0.6905),
[2024-08-13 11:57:37,225][flwr][INFO] - 	              (9, 0.677),
[2024-08-13 11:57:37,225][flwr][INFO] - 	              (10, 0.6945)],
[2024-08-13 11:57:37,225][flwr][INFO] - 	 'confusion_matrix': [(0,
[2024-08-13 11:57:37,225][flwr][INFO] - 	                       array([[ 980,    0,    0,    0,    0,    0,    0,    0,    0,    0],
[2024-08-13 11:57:37,225][flwr][INFO] - 	       [1135,    0,    0,    0,    0,    0,    0,    0,    0,    0],
[2024-08-13 11:57:37,225][flwr][INFO] - 	       [1032,    0,    0,    0,    0,    0,    0,    0,    0,    0],
[2024-08-13 11:57:37,225][flwr][INFO] - 	       [1010,    0,    0,    0,    0,    0,    0,    0,    0,    0],
[2024-08-13 11:57:37,225][flwr][INFO] - 	       [ 982,    0,    0,    0,    0,    0,    0,    0,    0,    0],
[2024-08-13 11:57:37,225][flwr][INFO] - 	       [ 892,    0,    0,    0,    0,    0,    0,    0,    0,    0],
[2024-08-13 11:57:37,225][flwr][INFO] - 	       [ 958,    0,    0,    0,    0,    0,    0,    0,    0,    0],
[2024-08-13 11:57:37,225][flwr][INFO] - 	       [1028,    0,    0,    0,    0,    0,    0,    0,    0,    0],
[2024-08-13 11:57:37,225][flwr][INFO] - 	       [ 974,    0,    0,    0,    0,    0,    0,    0,    0,    0],
[2024-08-13 11:57:37,225][flwr][INFO] - 	       [1009,    0,    0,    0,    0,    0,    0,    0,    0,    0]],
[2024-08-13 11:57:37,225][flwr][INFO] - 	      dtype=int64)),
[2024-08-13 11:57:37,226][flwr][INFO] - 	                      (1,
[2024-08-13 11:57:37,226][flwr][INFO] - 	                       array([[954,   0,   2,   8,   0,   0,   6,   1,   2,   7],
[2024-08-13 11:57:37,226][flwr][INFO] - 	       [  0, 268, 810,   6,   0,   0,   3,   0,   1,  47],
[2024-08-13 11:57:37,226][flwr][INFO] - 	       [ 74,   1, 320, 509,   0,   0,  15,  16,  36,  61],
[2024-08-13 11:57:37,226][flwr][INFO] - 	       [ 16,   0,   6, 858,   6,   0,   2,   8,  18,  96],
[2024-08-13 11:57:37,226][flwr][INFO] - 	       [ 73,   1,   6,   1, 176,   0,  10,  20,   5, 690],
[2024-08-13 11:57:37,226][flwr][INFO] - 	       [227,  52,  40, 235,   8,   1,  18,  16,  73, 222],
[2024-08-13 11:57:37,226][flwr][INFO] - 	       [132,   4,  43,  11,   2,   0, 700,  50,   0,  16],
[2024-08-13 11:57:37,226][flwr][INFO] - 	       [ 60,   2,  39,   4,   3,   0,   0, 347, 428, 145],
[2024-08-13 11:57:37,226][flwr][INFO] - 	       [ 42,   1,  28, 198,   3,   0,   5,   2, 156, 539],
[2024-08-13 11:57:37,226][flwr][INFO] - 	       [ 79,   0,   2,   9,  14,   0,   0,   7,  15, 883]], dtype=int64)),
[2024-08-13 11:57:37,226][flwr][INFO] - 	                      (2,
[2024-08-13 11:57:37,226][flwr][INFO] - 	                       array([[733,  78,   2,   4,   9,   8, 111,  26,   9,   0],
[2024-08-13 11:57:37,226][flwr][INFO] - 	       [  0, 908, 202,   2,   6,   2,   7,   5,   3,   0],
[2024-08-13 11:57:37,226][flwr][INFO] - 	       [  6,  37, 733,  76,  42,   1,  30,  68,  39,   0],
[2024-08-13 11:57:37,226][flwr][INFO] - 	       [  0,  66,  24, 517, 276,   4,  25,  23,  75,   0],
[2024-08-13 11:57:37,226][flwr][INFO] - 	       [  4,   4,   5,   0, 776,  31,  23, 124,  14,   1],
[2024-08-13 11:57:37,227][flwr][INFO] - 	       [ 11, 153,  20,  39, 120, 347, 110,  38,  54,   0],
[2024-08-13 11:57:37,227][flwr][INFO] - 	       [  4,  29,  26,   0,  10,   2, 799,  88,   0,   0],
[2024-08-13 11:57:37,227][flwr][INFO] - 	       [  5,  27,  36,   0,  24,   0,   1, 849,  86,   0],
[2024-08-13 11:57:37,227][flwr][INFO] - 	       [  2,  79,  22,  20, 192,  14,  47,  18, 580,   0],
[2024-08-13 11:57:37,227][flwr][INFO] - 	       [ 17,  11,   2,   1, 461,  24,   2, 373, 111,   7]], dtype=int64)),
[2024-08-13 11:57:37,227][flwr][INFO] - 	                      (3,
[2024-08-13 11:57:37,227][flwr][INFO] - 	                       array([[903,  14,   2,  14,   0,   7,  25,   2,   1,  12],
[2024-08-13 11:57:37,227][flwr][INFO] - 	       [  0, 845, 245,   6,   0,   1,   4,   1,   0,  33],
[2024-08-13 11:57:37,227][flwr][INFO] - 	       [ 23,  10, 562, 310,   2,   4,  19,  19,  27,  56],
[2024-08-13 11:57:37,227][flwr][INFO] - 	       [  3,   8,   5, 834,   2,  15,  11,  11,   6, 115],
[2024-08-13 11:57:37,227][flwr][INFO] - 	       [ 22,   4,   4,   1, 198, 110,  13,  19,   3, 608],
[2024-08-13 11:57:37,227][flwr][INFO] - 	       [ 31,  76,  25, 167,   1, 394,  40,  14,  17, 127],
[2024-08-13 11:57:37,227][flwr][INFO] - 	       [ 26,  16,  34,   5,   3,   4, 807,  56,   0,   7],
[2024-08-13 11:57:37,227][flwr][INFO] - 	       [ 28,  19,  36,   3,   5,   2,   1, 575,  94, 265],
[2024-08-13 11:57:37,227][flwr][INFO] - 	       [ 11,  32,  18, 165,   2,  12,  15,   3,  86, 630],
[2024-08-13 11:57:37,227][flwr][INFO] - 	       [ 43,   3,   2,   8,   6,   4,   0,   8,   1, 934]], dtype=int64)),
[2024-08-13 11:57:37,228][flwr][INFO] - 	                      (4,
[2024-08-13 11:57:37,228][flwr][INFO] - 	                       array([[749, 113,   1,   1,   6,  10,  61,  24,  15,   0],
[2024-08-13 11:57:37,228][flwr][INFO] - 	       [  0, 907, 195,   2,   5,   2,   5,   2,  17,   0],
[2024-08-13 11:57:37,228][flwr][INFO] - 	       [  5,  28, 789,  42,  46,   0,  20,  48,  54,   0],
[2024-08-13 11:57:37,228][flwr][INFO] - 	       [  0,  45,  25, 529, 232,  15,  18,  25, 121,   0],
[2024-08-13 11:57:37,228][flwr][INFO] - 	       [  5,   4,   2,   0, 850,  10,  17,  74,  20,   0],
[2024-08-13 11:57:37,228][flwr][INFO] - 	       [ 11,  99,  19,  30,  77, 465,  75,  30,  86,   0],
[2024-08-13 11:57:37,228][flwr][INFO] - 	       [  7,  20,  27,   0,  22,   3, 780,  97,   2,   0],
[2024-08-13 11:57:37,228][flwr][INFO] - 	       [  9,  23,  32,   0,  25,   0,   1, 831, 107,   0],
[2024-08-13 11:57:37,228][flwr][INFO] - 	       [  4,  36,  23,  13, 125,  15,  25,  10, 723,   0],
[2024-08-13 11:57:37,228][flwr][INFO] - 	       [ 33,   8,   2,   1, 521,  30,   1, 243, 170,   0]], dtype=int64)),
[2024-08-13 11:57:37,228][flwr][INFO] - 	                      (5,
[2024-08-13 11:57:37,228][flwr][INFO] - 	                       array([[844,  63,   2,  11,   0,   7,  40,   7,   1,   5],
[2024-08-13 11:57:37,228][flwr][INFO] - 	       [  0, 909, 190,  12,   0,   3,   9,   1,   0,  11],
[2024-08-13 11:57:37,228][flwr][INFO] - 	       [ 16,  19, 616, 267,   7,   3,  22,  34,  21,  27],
[2024-08-13 11:57:37,228][flwr][INFO] - 	       [  3,  11,   7, 852,   2,  23,  14,  15,   8,  75],
[2024-08-13 11:57:37,228][flwr][INFO] - 	       [ 17,   5,   3,   1, 379, 149,  19,  38,   3, 368],
[2024-08-13 11:57:37,228][flwr][INFO] - 	       [ 24,  74,  18, 125,   3, 481,  71,  22,  12,  62],
[2024-08-13 11:57:37,229][flwr][INFO] - 	       [ 16,  14,  24,   2,   3,   3, 825,  69,   0,   2],
[2024-08-13 11:57:37,229][flwr][INFO] - 	       [ 29,  23,  39,   8,   8,   3,   2, 767,  37, 112],
[2024-08-13 11:57:37,229][flwr][INFO] - 	       [ 17,  42,  21, 171,   4,  19,  34,   9, 146, 511],
[2024-08-13 11:57:37,229][flwr][INFO] - 	       [ 51,   4,   3,   9,  13,  14,   1,  22,   1, 891]], dtype=int64)),
[2024-08-13 11:57:37,229][flwr][INFO] - 	                      (6,
[2024-08-13 11:57:37,229][flwr][INFO] - 	                       array([[741, 136,   1,   1,   6,  11,  43,  16,  25,   0],
[2024-08-13 11:57:37,229][flwr][INFO] - 	       [  0, 902, 185,   1,   3,   3,   6,   1,  34,   0],
[2024-08-13 11:57:37,229][flwr][INFO] - 	       [  6,  20, 807,  28,  46,   0,  16,  35,  74,   0],
[2024-08-13 11:57:37,229][flwr][INFO] - 	       [  0,  33,  26, 514, 215,  18,  17,  17, 170,   0],
[2024-08-13 11:57:37,229][flwr][INFO] - 	       [  3,   3,   2,   0, 889,   8,  14,  32,  30,   1],
[2024-08-13 11:57:37,229][flwr][INFO] - 	       [ 11,  81,  11,  24,  59, 478,  68,  23, 137,   0],
[2024-08-13 11:57:37,229][flwr][INFO] - 	       [  7,  18,  31,   0,  23,   4, 769, 104,   2,   0],
[2024-08-13 11:57:37,229][flwr][INFO] - 	       [ 13,  18,  31,   0,  37,   0,   0, 721, 208,   0],
[2024-08-13 11:57:37,229][flwr][INFO] - 	       [  4,  20,  24,   3,  77,  12,  20,   3, 811,   0],
[2024-08-13 11:57:37,229][flwr][INFO] - 	       [ 53,   5,   3,   1, 465,  25,   1, 118, 278,  60]], dtype=int64)),
[2024-08-13 11:57:37,229][flwr][INFO] - 	                      (7,
[2024-08-13 11:57:37,229][flwr][INFO] - 	                       array([[817,  88,   2,   9,   0,  11,  35,  12,   0,   6],
[2024-08-13 11:57:37,230][flwr][INFO] - 	       [  0, 938, 156,  13,   1,   3,   7,   1,   0,  16],
[2024-08-13 11:57:37,230][flwr][INFO] - 	       [ 10,  22, 608, 275,   7,   4,  21,  40,   6,  39],
[2024-08-13 11:57:37,230][flwr][INFO] - 	       [  3,  11,   4, 853,   2,  24,  11,  17,   0,  85],
[2024-08-13 11:57:37,230][flwr][INFO] - 	       [ 10,   5,   2,   2, 357, 144,  17,  39,   0, 406],
[2024-08-13 11:57:37,230][flwr][INFO] - 	       [ 21,  67,  11, 105,   3, 526,  60,  26,   3,  70],
[2024-08-13 11:57:37,230][flwr][INFO] - 	       [ 13,  14,  17,   2,   3,   5, 809,  93,   0,   2],
[2024-08-13 11:57:37,230][flwr][INFO] - 	       [ 24,  22,  32,   8,   7,   3,   1, 792,   5, 134],
[2024-08-13 11:57:37,230][flwr][INFO] - 	       [ 11,  38,  21, 161,   4,  27,  26,   9,  12, 665],
[2024-08-13 11:57:37,230][flwr][INFO] - 	       [ 40,   3,   3,   9,  10,  12,   1,  23,   0, 908]], dtype=int64)),
[2024-08-13 11:57:37,230][flwr][INFO] - 	                      (8,
[2024-08-13 11:57:37,230][flwr][INFO] - 	                       array([[752, 140,   1,   1,   5,  12,  37,  14,  18,   0],
[2024-08-13 11:57:37,230][flwr][INFO] - 	       [  0, 893, 192,   2,   3,   3,   6,   1,  35,   0],
[2024-08-13 11:57:37,230][flwr][INFO] - 	       [  6,  21, 802,  42,  39,   2,  17,  30,  73,   0],
[2024-08-13 11:57:37,230][flwr][INFO] - 	       [  1,  30,  24, 610, 137,  28,  18,  16, 145,   1],
[2024-08-13 11:57:37,230][flwr][INFO] - 	       [ 10,   4,   2,   0, 866,  24,  18,  28,  29,   1],
[2024-08-13 11:57:37,230][flwr][INFO] - 	       [ 16,  65,  11,  30,  30, 530,  73,  21, 115,   1],
[2024-08-13 11:57:37,231][flwr][INFO] - 	       [  9,  17,  28,   0,  21,   5, 782,  95,   1,   0],
[2024-08-13 11:57:37,231][flwr][INFO] - 	       [ 24,  17,  34,   1,  34,   1,   1, 689, 227,   0],
[2024-08-13 11:57:37,231][flwr][INFO] - 	       [ 10,  20,  23,  12,  52,  17,  24,   1, 815,   0],
[2024-08-13 11:57:37,231][flwr][INFO] - 	       [129,   5,   4,   1, 301,  48,   1,  85, 269, 166]], dtype=int64)),
[2024-08-13 11:57:37,231][flwr][INFO] - 	                      (9,
[2024-08-13 11:57:37,231][flwr][INFO] - 	                       array([[804,  98,   1,   9,   1,  10,  35,  16,   0,   6],
[2024-08-13 11:57:37,231][flwr][INFO] - 	       [  0, 977, 114,  12,   1,   3,  10,   1,   0,  17],
[2024-08-13 11:57:37,231][flwr][INFO] - 	       [  7,  24, 603, 276,  10,   2,  20,  42,   8,  40],
[2024-08-13 11:57:37,231][flwr][INFO] - 	       [  3,  12,   4, 843,   4,  25,  13,  18,   1,  87],
[2024-08-13 11:57:37,231][flwr][INFO] - 	       [  6,   6,   2,   2, 474,  80,  16,  40,   0, 356],
[2024-08-13 11:57:37,231][flwr][INFO] - 	       [ 18,  65,   7,  94,   8, 528,  61,  31,   3,  77],
[2024-08-13 11:57:37,231][flwr][INFO] - 	       [ 11,  16,  14,   1,   4,   5, 791, 114,   0,   2],
[2024-08-13 11:57:37,231][flwr][INFO] - 	       [ 17,  23,  30,   8,   8,   4,   0, 817,   5, 116],
[2024-08-13 11:57:37,231][flwr][INFO] - 	       [ 11,  45,  14, 141,   6,  25,  28,  12,  23, 669],
[2024-08-13 11:57:37,231][flwr][INFO] - 	       [ 32,   5,   3,   9,  13,  10,   1,  26,   0, 910]], dtype=int64)),
[2024-08-13 11:57:37,231][flwr][INFO] - 	                      (10,
[2024-08-13 11:57:37,231][flwr][INFO] - 	                       array([[769, 123,   1,   1,   5,  12,  36,  13,  20,   0],
[2024-08-13 11:57:37,232][flwr][INFO] - 	       [  0, 892, 190,   2,   3,   3,   7,   1,  37,   0],
[2024-08-13 11:57:37,232][flwr][INFO] - 	       [  7,  20, 803,  41,  39,   2,  18,  29,  73,   0],
[2024-08-13 11:57:37,232][flwr][INFO] - 	       [  2,  27,  23, 606, 157,  27,  19,  14, 134,   1],
[2024-08-13 11:57:37,232][flwr][INFO] - 	       [ 13,   4,   1,   0, 868,  28,  18,  19,  30,   1],
[2024-08-13 11:57:37,232][flwr][INFO] - 	       [ 17,  58,   8,  28,  28, 540,  75,  21, 116,   1],
[2024-08-13 11:57:37,232][flwr][INFO] - 	       [ 11,  13,  21,   0,  22,   6, 795,  88,   2,   0],
[2024-08-13 11:57:37,232][flwr][INFO] - 	       [ 31,  18,  33,   1,  37,   1,   1, 663, 243,   0],
[2024-08-13 11:57:37,232][flwr][INFO] - 	       [ 12,  12,  21,  13,  51,  17,  24,   1, 823,   0],
[2024-08-13 11:57:37,232][flwr][INFO] - 	       [154,   6,   4,   1, 278,  56,   1,  68, 255, 186]], dtype=int64))],
[2024-08-13 11:57:37,232][flwr][INFO] - 	 'f1': [(0, 0.017493624772313296),
[2024-08-13 11:57:37,232][flwr][INFO] - 	        (1, 0.42240853975615994),
[2024-08-13 11:57:37,232][flwr][INFO] - 	        (2, 0.5949407202843586),
[2024-08-13 11:57:37,232][flwr][INFO] - 	        (3, 0.5943381281868229),
[2024-08-13 11:57:37,232][flwr][INFO] - 	        (4, 0.6319052804872831),
[2024-08-13 11:57:37,232][flwr][INFO] - 	        (5, 0.6539837000532644),
[2024-08-13 11:57:37,232][flwr][INFO] - 	        (6, 0.6469510717718203),
[2024-08-13 11:57:37,232][flwr][INFO] - 	        (7, 0.6337034793862057),
[2024-08-13 11:57:37,233][flwr][INFO] - 	        (8, 0.6760356107556525),
[2024-08-13 11:57:37,233][flwr][INFO] - 	        (9, 0.6526828398096645),
[2024-08-13 11:57:37,233][flwr][INFO] - 	        (10, 0.6811911502083496)],
[2024-08-13 11:57:37,233][flwr][INFO] - 	 'precision': [(0, 0.009604000000000001),
[2024-08-13 11:57:37,233][flwr][INFO] - 	               (1, 0.6105701028658246),
[2024-08-13 11:57:37,233][flwr][INFO] - 	               (2, 0.6938334450410989),
[2024-08-13 11:57:37,233][flwr][INFO] - 	               (3, 0.6803790596220838),
[2024-08-13 11:57:37,233][flwr][INFO] - 	               (4, 0.6378226451374668),
[2024-08-13 11:57:37,233][flwr][INFO] - 	               (5, 0.7095432200753891),
[2024-08-13 11:57:37,233][flwr][INFO] - 	               (6, 0.7491703834640543),
[2024-08-13 11:57:37,233][flwr][INFO] - 	               (7, 0.6966443842628771),
[2024-08-13 11:57:37,233][flwr][INFO] - 	               (8, 0.7443468228708882),
[2024-08-13 11:57:37,233][flwr][INFO] - 	               (9, 0.7187708019804111),
[2024-08-13 11:57:37,233][flwr][INFO] - 	               (10, 0.747190951914345)],
[2024-08-13 11:57:37,233][flwr][INFO] - 	 'recall': [(0, 0.098),
[2024-08-13 11:57:37,233][flwr][INFO] - 	            (1, 0.4663),
[2024-08-13 11:57:37,233][flwr][INFO] - 	            (2, 0.6249),
[2024-08-13 11:57:37,234][flwr][INFO] - 	            (3, 0.6138),
[2024-08-13 11:57:37,234][flwr][INFO] - 	            (4, 0.6623),
[2024-08-13 11:57:37,234][flwr][INFO] - 	            (5, 0.671),
[2024-08-13 11:57:37,234][flwr][INFO] - 	            (6, 0.6692),
[2024-08-13 11:57:37,234][flwr][INFO] - 	            (7, 0.662),
[2024-08-13 11:57:37,234][flwr][INFO] - 	            (8, 0.6905),
[2024-08-13 11:57:37,234][flwr][INFO] - 	            (9, 0.677),
[2024-08-13 11:57:37,234][flwr][INFO] - 	            (10, 0.6945)]}
[2024-08-13 11:57:37,234][flwr][INFO] - 
