[2024-08-13 15:01:52,597][flwr][INFO] - Starting Flower simulation, config: num_rounds=10, no round_timeout
[2024-08-13 15:01:56,747][flwr][INFO] - Flower VCE: Ray initialized with resources: {'CPU': 16.0, 'accelerator_type:G': 1.0, 'node:__internal_head__': 1.0, 'object_store_memory': 2440697856.0, 'memory': 4881395712.0, 'node:127.0.0.1': 1.0, 'GPU': 1.0}
[2024-08-13 15:01:56,747][flwr][INFO] - Optimize your simulation with Flower VCE: https://flower.ai/docs/framework/how-to-run-simulations.html
[2024-08-13 15:01:56,747][flwr][INFO] - Flower VCE: Resources for each Virtual Client: {'num_cpus': 2, 'num_gpus': 0.5}
[2024-08-13 15:01:56,758][flwr][INFO] - Flower VCE: Creating VirtualClientEngineActorPool with 2 actors
[2024-08-13 15:01:56,760][flwr][INFO] - [INIT]
[2024-08-13 15:01:56,760][flwr][INFO] - Requesting initial parameters from one random client
[2024-08-13 15:02:04,359][flwr][INFO] - Received initial parameters from one random client
[2024-08-13 15:02:04,359][flwr][INFO] - Evaluating initial global parameters
[2024-08-13 15:02:06,586][flwr][INFO] - initial parameters (loss, other metrics): 2.3025850929940455, {'accuracy': 0.098, 'precision': 0.009604000000000001, 'recall': 0.098, 'f1': 0.017493624772313296, 'confusion_matrix': array([[ 980,    0,    0,    0,    0,    0,    0,    0,    0,    0],
       [1135,    0,    0,    0,    0,    0,    0,    0,    0,    0],
       [1032,    0,    0,    0,    0,    0,    0,    0,    0,    0],
       [1010,    0,    0,    0,    0,    0,    0,    0,    0,    0],
       [ 982,    0,    0,    0,    0,    0,    0,    0,    0,    0],
       [ 892,    0,    0,    0,    0,    0,    0,    0,    0,    0],
       [ 958,    0,    0,    0,    0,    0,    0,    0,    0,    0],
       [1028,    0,    0,    0,    0,    0,    0,    0,    0,    0],
       [ 974,    0,    0,    0,    0,    0,    0,    0,    0,    0],
       [1009,    0,    0,    0,    0,    0,    0,    0,    0,    0]],
      dtype=int64)}
[2024-08-13 15:02:06,587][flwr][INFO] - 
[2024-08-13 15:02:06,587][flwr][INFO] - [ROUND 1]
[2024-08-13 15:02:06,588][flwr][INFO] - configure_fit: strategy sampled 10 clients (out of 100)
[2024-08-13 15:02:10,041][flwr][INFO] - aggregate_fit: received 10 results and 0 failures
[2024-08-13 15:02:10,043][flwr][WARNING] - No fit_metrics_aggregation_fn provided
[2024-08-13 15:02:12,257][flwr][INFO] - fit progress: (1, 0.9229286622968946, {'accuracy': 0.7336, 'precision': 0.8017219311825869, 'recall': 0.7336, 'f1': 0.7067455265311731, 'confusion_matrix': array([[ 953,    0,    2,    5,    0,    0,    5,    1,   14,    0],
       [   0, 1101,    2,    4,    0,    0,    3,    0,   25,    0],
       [  67,   83,  694,   55,   13,    0,   24,    7,   89,    0],
       [  28,   26,   12,  821,    0,    0,    8,    6,  107,    2],
       [  30,   29,    3,    1,  741,    0,   28,    0,  110,   40],
       [ 190,   95,    5,  223,   12,    4,   20,    4,  326,   13],
       [ 103,   32,   12,    1,    5,    0,  785,    0,   20,    0],
       [  31,   75,   15,    1,    7,    0,    1,  767,  100,   31],
       [  33,   42,    2,   62,    5,    0,    5,    4,  820,    1],
       [  60,   31,    5,   10,   78,    0,    2,   14,  159,  650]],
      dtype=int64)}, 5.669327099996735)
[2024-08-13 15:02:12,258][flwr][INFO] - configure_evaluate: no clients selected, skipping evaluation
[2024-08-13 15:02:12,258][flwr][INFO] - 
[2024-08-13 15:02:12,258][flwr][INFO] - [ROUND 2]
[2024-08-13 15:02:12,258][flwr][INFO] - configure_fit: strategy sampled 10 clients (out of 100)
[2024-08-13 15:02:13,442][flwr][INFO] - aggregate_fit: received 10 results and 0 failures
[2024-08-13 15:02:15,672][flwr][INFO] - fit progress: (2, 0.766776019119394, {'accuracy': 0.7942, 'precision': 0.8164937858590233, 'recall': 0.7942, 'f1': 0.7843320074856961, 'confusion_matrix': array([[ 914,    0,    7,   11,    0,   10,   35,    1,    0,    2],
       [   0, 1090,   30,    4,    0,    1,    6,    1,    0,    3],
       [  14,   37,  850,   53,   17,    0,   31,   16,   10,    4],
       [   5,   18,   28,  886,    0,   12,   11,   13,    5,   32],
       [   4,   13,    6,    0,  787,    0,   34,    2,    0,  136],
       [  29,   66,   14,  200,   19,  442,   47,   22,    1,   52],
       [  20,   16,   19,    1,    9,   13,  879,    1,    0,    0],
       [   6,   55,   42,    0,   11,    0,    4,  850,    0,   60],
       [  19,   67,   67,  208,   17,   33,   31,   13,  375,  144],
       [  22,   19,    7,   15,   55,    3,    3,   16,    0,  869]],
      dtype=int64)}, 9.084848700003931)
[2024-08-13 15:02:15,673][flwr][INFO] - configure_evaluate: no clients selected, skipping evaluation
[2024-08-13 15:02:15,673][flwr][INFO] - 
[2024-08-13 15:02:15,673][flwr][INFO] - [ROUND 3]
[2024-08-13 15:02:15,673][flwr][INFO] - configure_fit: strategy sampled 10 clients (out of 100)
[2024-08-13 15:02:16,866][flwr][INFO] - aggregate_fit: received 10 results and 0 failures
[2024-08-13 15:02:19,165][flwr][INFO] - fit progress: (3, 0.7129181456871695, {'accuracy': 0.8455, 'precision': 0.8479227561246007, 'recall': 0.8455, 'f1': 0.843902173190891, 'confusion_matrix': array([[ 921,    0,    5,    1,    0,   20,   21,    1,   11,    0],
       [   0, 1086,   19,    2,    1,    1,    5,    1,   20,    0],
       [  19,   25,  824,   32,   27,    0,   24,   23,   55,    3],
       [   6,   14,   22,  802,    3,   49,    9,   19,   76,   10],
       [   7,    8,    3,    0,  893,    2,   24,    2,   13,   30],
       [  26,   51,    6,   65,   27,  626,   30,   19,   30,   12],
       [  21,   13,   17,    1,   15,   19,  869,    1,    2,    0],
       [   6,   43,   31,    0,   17,    0,    1,  885,   21,   24],
       [  10,   20,   11,   39,   13,   19,   18,   11,  822,   11],
       [  20,   16,    6,    6,  141,   11,    2,   51,   29,  727]],
      dtype=int64)}, 12.577003800004604)
[2024-08-13 15:02:19,165][flwr][INFO] - configure_evaluate: no clients selected, skipping evaluation
[2024-08-13 15:02:19,165][flwr][INFO] - 
[2024-08-13 15:02:19,165][flwr][INFO] - [ROUND 4]
[2024-08-13 15:02:19,166][flwr][INFO] - configure_fit: strategy sampled 10 clients (out of 100)
[2024-08-13 15:02:20,337][flwr][INFO] - aggregate_fit: received 10 results and 0 failures
[2024-08-13 15:02:22,422][flwr][INFO] - fit progress: (4, 0.6889141683894138, {'accuracy': 0.8146, 'precision': 0.8407896586876082, 'recall': 0.8146, 'f1': 0.812945844382365, 'confusion_matrix': array([[ 923,    0,    4,   14,    0,    9,   27,    1,    1,    1],
       [   0, 1085,   21,   14,    0,    1,    6,    1,    6,    1],
       [  14,   13,  808,   75,   10,    0,   31,   26,   33,   22],
       [   2,    3,   10,  916,    0,   10,    9,   14,   11,   35],
       [   6,    9,    2,    0,  602,    0,   31,    3,    4,  325],
       [  16,   43,    6,  200,   13,  492,   35,   19,   12,   56],
       [  17,    9,   16,    4,    6,   14,  890,    2,    0,    0],
       [   3,   33,   28,    6,    6,    0,    3,  863,    5,   81],
       [  10,   24,   12,  149,    3,   15,   22,   10,  641,   88],
       [  18,    7,    5,   15,    9,    6,    3,   17,    3,  926]],
      dtype=int64)}, 15.834373999998206)
[2024-08-13 15:02:22,423][flwr][INFO] - configure_evaluate: no clients selected, skipping evaluation
[2024-08-13 15:02:22,423][flwr][INFO] - 
[2024-08-13 15:02:22,423][flwr][INFO] - [ROUND 5]
[2024-08-13 15:02:22,423][flwr][INFO] - configure_fit: strategy sampled 10 clients (out of 100)
[2024-08-13 15:02:23,593][flwr][INFO] - aggregate_fit: received 10 results and 0 failures
[2024-08-13 15:02:25,836][flwr][INFO] - fit progress: (5, 0.6824602763449661, {'accuracy': 0.815, 'precision': 0.8434718300841049, 'recall': 0.815, 'f1': 0.8049822480987591, 'confusion_matrix': array([[ 919,    0,    2,    1,    4,   16,   20,    1,   17,    0],
       [   0, 1077,   12,    2,    1,    0,    5,    1,   37,    0],
       [  13,   17,  826,   22,   42,    0,   24,   25,   63,    0],
       [   5,   12,   21,  787,    5,   45,   10,   22,  102,    1],
       [   2,    6,    2,    0,  948,    2,   12,    2,    6,    2],
       [  19,   37,    4,   46,   39,  648,   30,   18,   48,    3],
       [  15,    9,   16,    1,   27,   19,  867,    1,    3,    0],
       [   3,   34,   29,    0,   23,    0,    0,  910,   27,    2],
       [   5,   12,    8,   19,   22,   19,   16,   11,  861,    1],
       [  16,    8,    4,    5,  480,   16,    2,   99,   72,  307]],
      dtype=int64)}, 19.248975800001062)
[2024-08-13 15:02:25,837][flwr][INFO] - configure_evaluate: no clients selected, skipping evaluation
[2024-08-13 15:02:25,837][flwr][INFO] - 
[2024-08-13 15:02:25,837][flwr][INFO] - [ROUND 6]
[2024-08-13 15:02:25,837][flwr][INFO] - configure_fit: strategy sampled 10 clients (out of 100)
[2024-08-13 15:02:27,162][flwr][INFO] - aggregate_fit: received 10 results and 0 failures
[2024-08-13 15:02:29,399][flwr][INFO] - fit progress: (6, 0.6450591122630486, {'accuracy': 0.8506, 'precision': 0.8569860156675267, 'recall': 0.8506, 'f1': 0.8497582972821685, 'confusion_matrix': array([[ 929,    0,    5,    4,    0,   17,   20,    1,    3,    1],
       [   0, 1088,   21,    6,    1,    2,    5,    1,   11,    0],
       [  13,   13,  857,   34,   12,    0,   25,   29,   35,   14],
       [   4,    5,   16,  878,    1,   26,    9,   16,   20,   35],
       [   3,   10,    4,    0,  737,    0,   26,    4,    5,  193],
       [  17,   42,    6,   93,   14,  625,   34,   15,   15,   31],
       [  16,    9,   18,    2,    7,   19,  884,    2,    1,    0],
       [   3,   37,   34,    1,   11,    0,    3,  874,    7,   58],
       [  11,   30,   18,   74,    5,   29,   20,   10,  719,   58],
       [  17,    9,    6,    9,   18,   10,    2,   19,    4,  915]],
      dtype=int64)}, 22.81094870000379)
[2024-08-13 15:02:29,399][flwr][INFO] - configure_evaluate: no clients selected, skipping evaluation
[2024-08-13 15:02:29,399][flwr][INFO] - 
[2024-08-13 15:02:29,399][flwr][INFO] - [ROUND 7]
[2024-08-13 15:02:29,399][flwr][INFO] - configure_fit: strategy sampled 10 clients (out of 100)
[2024-08-13 15:02:30,545][flwr][INFO] - aggregate_fit: received 10 results and 0 failures
[2024-08-13 15:02:32,788][flwr][INFO] - fit progress: (7, 0.6503178215475983, {'accuracy': 0.846, 'precision': 0.8599142054710172, 'recall': 0.846, 'f1': 0.8432572601085018, 'confusion_matrix': array([[ 940,    0,    2,    1,    3,   11,   13,    1,    9,    0],
       [   0, 1075,   13,    2,    1,    4,    5,    0,   35,    0],
       [  13,   16,  837,   23,   35,    0,   20,   22,   66,    0],
       [   5,    6,   22,  812,    2,   49,    8,   20,   84,    2],
       [   1,    5,    2,    0,  941,    2,   12,    2,   10,    7],
       [  18,   33,    6,   39,   28,  689,   22,   15,   39,    3],
       [  17,    7,   17,    2,   27,   20,  864,    1,    3,    0],
       [   4,   33,   32,    0,   24,    0,    0,  901,   29,    5],
       [   8,   11,    9,   22,   19,   21,   14,   10,  858,    2],
       [  24,    8,    6,    5,  274,   15,    1,   75,   58,  543]],
      dtype=int64)}, 26.201055199999246)
[2024-08-13 15:02:32,789][flwr][INFO] - configure_evaluate: no clients selected, skipping evaluation
[2024-08-13 15:02:32,789][flwr][INFO] - 
[2024-08-13 15:02:32,789][flwr][INFO] - [ROUND 8]
[2024-08-13 15:02:32,790][flwr][INFO] - configure_fit: strategy sampled 10 clients (out of 100)
[2024-08-13 15:02:33,924][flwr][INFO] - aggregate_fit: received 10 results and 0 failures
[2024-08-13 15:02:36,152][flwr][INFO] - fit progress: (8, 0.623782134327507, {'accuracy': 0.8593, 'precision': 0.8635021194656001, 'recall': 0.8593, 'f1': 0.8585448972984033, 'confusion_matrix': array([[ 939,    0,    4,    3,    0,   14,   16,    1,    3,    0],
       [   0, 1086,   20,    7,    1,    4,    5,    1,   11,    0],
       [  13,   11,  854,   37,   12,    0,   26,   29,   36,   14],
       [   5,    3,   14,  880,    1,   31,    8,   16,   16,   36],
       [   3,    7,    4,    0,  777,    1,   24,    4,    6,  156],
       [  16,   34,    5,   81,   14,  654,   31,   14,   16,   27],
       [  15,    6,   18,    2,    7,   18,  889,    2,    1,    0],
       [   4,   31,   34,    2,   12,    0,    2,  886,    6,   51],
       [  14,   29,   16,   71,    8,   32,   18,   10,  719,   57],
       [  18,    7,    5,   11,   24,   11,    1,   20,    3,  909]],
      dtype=int64)}, 29.564757300002384)
[2024-08-13 15:02:36,153][flwr][INFO] - configure_evaluate: no clients selected, skipping evaluation
[2024-08-13 15:02:36,153][flwr][INFO] - 
[2024-08-13 15:02:36,153][flwr][INFO] - [ROUND 9]
[2024-08-13 15:02:36,153][flwr][INFO] - configure_fit: strategy sampled 10 clients (out of 100)
[2024-08-13 15:02:37,323][flwr][INFO] - aggregate_fit: received 10 results and 0 failures
[2024-08-13 15:02:39,684][flwr][INFO] - fit progress: (9, 0.6163843348325416, {'accuracy': 0.8642, 'precision': 0.871123294705126, 'recall': 0.8642, 'f1': 0.8634402350829523, 'confusion_matrix': array([[ 944,    1,    3,    1,    1,    8,   11,    1,   10,    0],
       [   0, 1079,    7,    2,    1,    4,    5,    0,   37,    0],
       [  12,   14,  839,   22,   30,    0,   21,   27,   66,    1],
       [   5,    5,   19,  814,    1,   50,    9,   21,   81,    5],
       [   2,    5,    3,    0,  927,    3,   12,    1,   14,   15],
       [  16,   30,    5,   36,   23,  692,   24,   16,   45,    5],
       [  16,    7,   16,    1,   23,   19,  870,    2,    4,    0],
       [   4,   30,   30,    1,   20,    0,    0,  911,   23,    9],
       [   8,   14,    8,   19,   14,   21,   14,   11,  862,    3],
       [  24,    8,    5,    5,  141,   12,    1,   64,   45,  704]],
      dtype=int64)}, 33.09674690000247)
[2024-08-13 15:02:39,685][flwr][INFO] - configure_evaluate: no clients selected, skipping evaluation
[2024-08-13 15:02:39,685][flwr][INFO] - 
[2024-08-13 15:02:39,685][flwr][INFO] - [ROUND 10]
[2024-08-13 15:02:39,685][flwr][INFO] - configure_fit: strategy sampled 10 clients (out of 100)
[2024-08-13 15:02:40,990][flwr][INFO] - aggregate_fit: received 10 results and 0 failures
[2024-08-13 15:02:43,214][flwr][INFO] - fit progress: (10, 0.6106255194437302, {'accuracy': 0.8578, 'precision': 0.8649572848725137, 'recall': 0.8578, 'f1': 0.8571867623596847, 'confusion_matrix': array([[ 929,    1,    4,    5,    1,   15,   22,    1,    2,    0],
       [   0, 1097,   11,    9,    1,    2,    5,    0,   10,    0],
       [  12,   17,  832,   52,   11,    0,   26,   27,   36,   19],
       [   2,    5,    9,  893,    1,   33,    8,   14,   11,   34],
       [   2,    9,    2,    1,  791,    1,   22,    1,    3,  150],
       [   9,   36,    2,   83,   12,  667,   33,   13,   12,   25],
       [  12,    5,   14,    2,   10,   17,  896,    1,    1,    0],
       [   2,   35,   27,    6,   14,    0,    2,  870,    3,   69],
       [   9,   40,   11,   84,    8,   38,   22,    7,  683,   72],
       [  17,    9,    5,   11,   21,   11,    2,   13,    0,  920]],
      dtype=int64)}, 36.62697709999338)
[2024-08-13 15:02:43,215][flwr][INFO] - configure_evaluate: no clients selected, skipping evaluation
[2024-08-13 15:02:43,215][flwr][INFO] - 
[2024-08-13 15:02:43,215][flwr][INFO] - [SUMMARY]
[2024-08-13 15:02:43,216][flwr][INFO] - Run finished 10 round(s) in 36.63s
[2024-08-13 15:02:43,224][flwr][INFO] - 	History (loss, centralized):
[2024-08-13 15:02:43,224][flwr][INFO] - 		round 0: 2.3025850929940455
[2024-08-13 15:02:43,224][flwr][INFO] - 		round 1: 0.9229286622968946
[2024-08-13 15:02:43,224][flwr][INFO] - 		round 2: 0.766776019119394
[2024-08-13 15:02:43,224][flwr][INFO] - 		round 3: 0.7129181456871695
[2024-08-13 15:02:43,224][flwr][INFO] - 		round 4: 0.6889141683894138
[2024-08-13 15:02:43,224][flwr][INFO] - 		round 5: 0.6824602763449661
[2024-08-13 15:02:43,224][flwr][INFO] - 		round 6: 0.6450591122630486
[2024-08-13 15:02:43,224][flwr][INFO] - 		round 7: 0.6503178215475983
[2024-08-13 15:02:43,224][flwr][INFO] - 		round 8: 0.623782134327507
[2024-08-13 15:02:43,224][flwr][INFO] - 		round 9: 0.6163843348325416
[2024-08-13 15:02:43,224][flwr][INFO] - 		round 10: 0.6106255194437302
[2024-08-13 15:02:43,225][flwr][INFO] - 	History (metrics, centralized):
[2024-08-13 15:02:43,225][flwr][INFO] - 	{'accuracy': [(0, 0.098),
[2024-08-13 15:02:43,225][flwr][INFO] - 	              (1, 0.7336),
[2024-08-13 15:02:43,225][flwr][INFO] - 	              (2, 0.7942),
[2024-08-13 15:02:43,225][flwr][INFO] - 	              (3, 0.8455),
[2024-08-13 15:02:43,225][flwr][INFO] - 	              (4, 0.8146),
[2024-08-13 15:02:43,225][flwr][INFO] - 	              (5, 0.815),
[2024-08-13 15:02:43,225][flwr][INFO] - 	              (6, 0.8506),
[2024-08-13 15:02:43,225][flwr][INFO] - 	              (7, 0.846),
[2024-08-13 15:02:43,225][flwr][INFO] - 	              (8, 0.8593),
[2024-08-13 15:02:43,225][flwr][INFO] - 	              (9, 0.8642),
[2024-08-13 15:02:43,225][flwr][INFO] - 	              (10, 0.8578)],
[2024-08-13 15:02:43,225][flwr][INFO] - 	 'confusion_matrix': [(0,
[2024-08-13 15:02:43,226][flwr][INFO] - 	                       array([[ 980,    0,    0,    0,    0,    0,    0,    0,    0,    0],
[2024-08-13 15:02:43,226][flwr][INFO] - 	       [1135,    0,    0,    0,    0,    0,    0,    0,    0,    0],
[2024-08-13 15:02:43,226][flwr][INFO] - 	       [1032,    0,    0,    0,    0,    0,    0,    0,    0,    0],
[2024-08-13 15:02:43,226][flwr][INFO] - 	       [1010,    0,    0,    0,    0,    0,    0,    0,    0,    0],
[2024-08-13 15:02:43,226][flwr][INFO] - 	       [ 982,    0,    0,    0,    0,    0,    0,    0,    0,    0],
[2024-08-13 15:02:43,226][flwr][INFO] - 	       [ 892,    0,    0,    0,    0,    0,    0,    0,    0,    0],
[2024-08-13 15:02:43,226][flwr][INFO] - 	       [ 958,    0,    0,    0,    0,    0,    0,    0,    0,    0],
[2024-08-13 15:02:43,226][flwr][INFO] - 	       [1028,    0,    0,    0,    0,    0,    0,    0,    0,    0],
[2024-08-13 15:02:43,226][flwr][INFO] - 	       [ 974,    0,    0,    0,    0,    0,    0,    0,    0,    0],
[2024-08-13 15:02:43,226][flwr][INFO] - 	       [1009,    0,    0,    0,    0,    0,    0,    0,    0,    0]],
[2024-08-13 15:02:43,226][flwr][INFO] - 	      dtype=int64)),
[2024-08-13 15:02:43,226][flwr][INFO] - 	                      (1,
[2024-08-13 15:02:43,226][flwr][INFO] - 	                       array([[ 953,    0,    2,    5,    0,    0,    5,    1,   14,    0],
[2024-08-13 15:02:43,226][flwr][INFO] - 	       [   0, 1101,    2,    4,    0,    0,    3,    0,   25,    0],
[2024-08-13 15:02:43,226][flwr][INFO] - 	       [  67,   83,  694,   55,   13,    0,   24,    7,   89,    0],
[2024-08-13 15:02:43,226][flwr][INFO] - 	       [  28,   26,   12,  821,    0,    0,    8,    6,  107,    2],
[2024-08-13 15:02:43,226][flwr][INFO] - 	       [  30,   29,    3,    1,  741,    0,   28,    0,  110,   40],
[2024-08-13 15:02:43,227][flwr][INFO] - 	       [ 190,   95,    5,  223,   12,    4,   20,    4,  326,   13],
[2024-08-13 15:02:43,227][flwr][INFO] - 	       [ 103,   32,   12,    1,    5,    0,  785,    0,   20,    0],
[2024-08-13 15:02:43,227][flwr][INFO] - 	       [  31,   75,   15,    1,    7,    0,    1,  767,  100,   31],
[2024-08-13 15:02:43,227][flwr][INFO] - 	       [  33,   42,    2,   62,    5,    0,    5,    4,  820,    1],
[2024-08-13 15:02:43,227][flwr][INFO] - 	       [  60,   31,    5,   10,   78,    0,    2,   14,  159,  650]],
[2024-08-13 15:02:43,227][flwr][INFO] - 	      dtype=int64)),
[2024-08-13 15:02:43,227][flwr][INFO] - 	                      (2,
[2024-08-13 15:02:43,227][flwr][INFO] - 	                       array([[ 914,    0,    7,   11,    0,   10,   35,    1,    0,    2],
[2024-08-13 15:02:43,227][flwr][INFO] - 	       [   0, 1090,   30,    4,    0,    1,    6,    1,    0,    3],
[2024-08-13 15:02:43,227][flwr][INFO] - 	       [  14,   37,  850,   53,   17,    0,   31,   16,   10,    4],
[2024-08-13 15:02:43,227][flwr][INFO] - 	       [   5,   18,   28,  886,    0,   12,   11,   13,    5,   32],
[2024-08-13 15:02:43,227][flwr][INFO] - 	       [   4,   13,    6,    0,  787,    0,   34,    2,    0,  136],
[2024-08-13 15:02:43,227][flwr][INFO] - 	       [  29,   66,   14,  200,   19,  442,   47,   22,    1,   52],
[2024-08-13 15:02:43,227][flwr][INFO] - 	       [  20,   16,   19,    1,    9,   13,  879,    1,    0,    0],
[2024-08-13 15:02:43,227][flwr][INFO] - 	       [   6,   55,   42,    0,   11,    0,    4,  850,    0,   60],
[2024-08-13 15:02:43,227][flwr][INFO] - 	       [  19,   67,   67,  208,   17,   33,   31,   13,  375,  144],
[2024-08-13 15:02:43,227][flwr][INFO] - 	       [  22,   19,    7,   15,   55,    3,    3,   16,    0,  869]],
[2024-08-13 15:02:43,228][flwr][INFO] - 	      dtype=int64)),
[2024-08-13 15:02:43,228][flwr][INFO] - 	                      (3,
[2024-08-13 15:02:43,228][flwr][INFO] - 	                       array([[ 921,    0,    5,    1,    0,   20,   21,    1,   11,    0],
[2024-08-13 15:02:43,228][flwr][INFO] - 	       [   0, 1086,   19,    2,    1,    1,    5,    1,   20,    0],
[2024-08-13 15:02:43,228][flwr][INFO] - 	       [  19,   25,  824,   32,   27,    0,   24,   23,   55,    3],
[2024-08-13 15:02:43,228][flwr][INFO] - 	       [   6,   14,   22,  802,    3,   49,    9,   19,   76,   10],
[2024-08-13 15:02:43,228][flwr][INFO] - 	       [   7,    8,    3,    0,  893,    2,   24,    2,   13,   30],
[2024-08-13 15:02:43,228][flwr][INFO] - 	       [  26,   51,    6,   65,   27,  626,   30,   19,   30,   12],
[2024-08-13 15:02:43,228][flwr][INFO] - 	       [  21,   13,   17,    1,   15,   19,  869,    1,    2,    0],
[2024-08-13 15:02:43,228][flwr][INFO] - 	       [   6,   43,   31,    0,   17,    0,    1,  885,   21,   24],
[2024-08-13 15:02:43,228][flwr][INFO] - 	       [  10,   20,   11,   39,   13,   19,   18,   11,  822,   11],
[2024-08-13 15:02:43,228][flwr][INFO] - 	       [  20,   16,    6,    6,  141,   11,    2,   51,   29,  727]],
[2024-08-13 15:02:43,228][flwr][INFO] - 	      dtype=int64)),
[2024-08-13 15:02:43,228][flwr][INFO] - 	                      (4,
[2024-08-13 15:02:43,228][flwr][INFO] - 	                       array([[ 923,    0,    4,   14,    0,    9,   27,    1,    1,    1],
[2024-08-13 15:02:43,228][flwr][INFO] - 	       [   0, 1085,   21,   14,    0,    1,    6,    1,    6,    1],
[2024-08-13 15:02:43,228][flwr][INFO] - 	       [  14,   13,  808,   75,   10,    0,   31,   26,   33,   22],
[2024-08-13 15:02:43,228][flwr][INFO] - 	       [   2,    3,   10,  916,    0,   10,    9,   14,   11,   35],
[2024-08-13 15:02:43,229][flwr][INFO] - 	       [   6,    9,    2,    0,  602,    0,   31,    3,    4,  325],
[2024-08-13 15:02:43,229][flwr][INFO] - 	       [  16,   43,    6,  200,   13,  492,   35,   19,   12,   56],
[2024-08-13 15:02:43,229][flwr][INFO] - 	       [  17,    9,   16,    4,    6,   14,  890,    2,    0,    0],
[2024-08-13 15:02:43,229][flwr][INFO] - 	       [   3,   33,   28,    6,    6,    0,    3,  863,    5,   81],
[2024-08-13 15:02:43,229][flwr][INFO] - 	       [  10,   24,   12,  149,    3,   15,   22,   10,  641,   88],
[2024-08-13 15:02:43,229][flwr][INFO] - 	       [  18,    7,    5,   15,    9,    6,    3,   17,    3,  926]],
[2024-08-13 15:02:43,229][flwr][INFO] - 	      dtype=int64)),
[2024-08-13 15:02:43,229][flwr][INFO] - 	                      (5,
[2024-08-13 15:02:43,229][flwr][INFO] - 	                       array([[ 919,    0,    2,    1,    4,   16,   20,    1,   17,    0],
[2024-08-13 15:02:43,229][flwr][INFO] - 	       [   0, 1077,   12,    2,    1,    0,    5,    1,   37,    0],
[2024-08-13 15:02:43,229][flwr][INFO] - 	       [  13,   17,  826,   22,   42,    0,   24,   25,   63,    0],
[2024-08-13 15:02:43,229][flwr][INFO] - 	       [   5,   12,   21,  787,    5,   45,   10,   22,  102,    1],
[2024-08-13 15:02:43,229][flwr][INFO] - 	       [   2,    6,    2,    0,  948,    2,   12,    2,    6,    2],
[2024-08-13 15:02:43,229][flwr][INFO] - 	       [  19,   37,    4,   46,   39,  648,   30,   18,   48,    3],
[2024-08-13 15:02:43,229][flwr][INFO] - 	       [  15,    9,   16,    1,   27,   19,  867,    1,    3,    0],
[2024-08-13 15:02:43,229][flwr][INFO] - 	       [   3,   34,   29,    0,   23,    0,    0,  910,   27,    2],
[2024-08-13 15:02:43,229][flwr][INFO] - 	       [   5,   12,    8,   19,   22,   19,   16,   11,  861,    1],
[2024-08-13 15:02:43,229][flwr][INFO] - 	       [  16,    8,    4,    5,  480,   16,    2,   99,   72,  307]],
[2024-08-13 15:02:43,230][flwr][INFO] - 	      dtype=int64)),
[2024-08-13 15:02:43,230][flwr][INFO] - 	                      (6,
[2024-08-13 15:02:43,230][flwr][INFO] - 	                       array([[ 929,    0,    5,    4,    0,   17,   20,    1,    3,    1],
[2024-08-13 15:02:43,230][flwr][INFO] - 	       [   0, 1088,   21,    6,    1,    2,    5,    1,   11,    0],
[2024-08-13 15:02:43,230][flwr][INFO] - 	       [  13,   13,  857,   34,   12,    0,   25,   29,   35,   14],
[2024-08-13 15:02:43,230][flwr][INFO] - 	       [   4,    5,   16,  878,    1,   26,    9,   16,   20,   35],
[2024-08-13 15:02:43,230][flwr][INFO] - 	       [   3,   10,    4,    0,  737,    0,   26,    4,    5,  193],
[2024-08-13 15:02:43,230][flwr][INFO] - 	       [  17,   42,    6,   93,   14,  625,   34,   15,   15,   31],
[2024-08-13 15:02:43,230][flwr][INFO] - 	       [  16,    9,   18,    2,    7,   19,  884,    2,    1,    0],
[2024-08-13 15:02:43,230][flwr][INFO] - 	       [   3,   37,   34,    1,   11,    0,    3,  874,    7,   58],
[2024-08-13 15:02:43,230][flwr][INFO] - 	       [  11,   30,   18,   74,    5,   29,   20,   10,  719,   58],
[2024-08-13 15:02:43,230][flwr][INFO] - 	       [  17,    9,    6,    9,   18,   10,    2,   19,    4,  915]],
[2024-08-13 15:02:43,230][flwr][INFO] - 	      dtype=int64)),
[2024-08-13 15:02:43,230][flwr][INFO] - 	                      (7,
[2024-08-13 15:02:43,230][flwr][INFO] - 	                       array([[ 940,    0,    2,    1,    3,   11,   13,    1,    9,    0],
[2024-08-13 15:02:43,230][flwr][INFO] - 	       [   0, 1075,   13,    2,    1,    4,    5,    0,   35,    0],
[2024-08-13 15:02:43,230][flwr][INFO] - 	       [  13,   16,  837,   23,   35,    0,   20,   22,   66,    0],
[2024-08-13 15:02:43,231][flwr][INFO] - 	       [   5,    6,   22,  812,    2,   49,    8,   20,   84,    2],
[2024-08-13 15:02:43,231][flwr][INFO] - 	       [   1,    5,    2,    0,  941,    2,   12,    2,   10,    7],
[2024-08-13 15:02:43,231][flwr][INFO] - 	       [  18,   33,    6,   39,   28,  689,   22,   15,   39,    3],
[2024-08-13 15:02:43,231][flwr][INFO] - 	       [  17,    7,   17,    2,   27,   20,  864,    1,    3,    0],
[2024-08-13 15:02:43,231][flwr][INFO] - 	       [   4,   33,   32,    0,   24,    0,    0,  901,   29,    5],
[2024-08-13 15:02:43,231][flwr][INFO] - 	       [   8,   11,    9,   22,   19,   21,   14,   10,  858,    2],
[2024-08-13 15:02:43,231][flwr][INFO] - 	       [  24,    8,    6,    5,  274,   15,    1,   75,   58,  543]],
[2024-08-13 15:02:43,231][flwr][INFO] - 	      dtype=int64)),
[2024-08-13 15:02:43,231][flwr][INFO] - 	                      (8,
[2024-08-13 15:02:43,231][flwr][INFO] - 	                       array([[ 939,    0,    4,    3,    0,   14,   16,    1,    3,    0],
[2024-08-13 15:02:43,231][flwr][INFO] - 	       [   0, 1086,   20,    7,    1,    4,    5,    1,   11,    0],
[2024-08-13 15:02:43,231][flwr][INFO] - 	       [  13,   11,  854,   37,   12,    0,   26,   29,   36,   14],
[2024-08-13 15:02:43,231][flwr][INFO] - 	       [   5,    3,   14,  880,    1,   31,    8,   16,   16,   36],
[2024-08-13 15:02:43,231][flwr][INFO] - 	       [   3,    7,    4,    0,  777,    1,   24,    4,    6,  156],
[2024-08-13 15:02:43,231][flwr][INFO] - 	       [  16,   34,    5,   81,   14,  654,   31,   14,   16,   27],
[2024-08-13 15:02:43,231][flwr][INFO] - 	       [  15,    6,   18,    2,    7,   18,  889,    2,    1,    0],
[2024-08-13 15:02:43,231][flwr][INFO] - 	       [   4,   31,   34,    2,   12,    0,    2,  886,    6,   51],
[2024-08-13 15:02:43,232][flwr][INFO] - 	       [  14,   29,   16,   71,    8,   32,   18,   10,  719,   57],
[2024-08-13 15:02:43,232][flwr][INFO] - 	       [  18,    7,    5,   11,   24,   11,    1,   20,    3,  909]],
[2024-08-13 15:02:43,232][flwr][INFO] - 	      dtype=int64)),
[2024-08-13 15:02:43,232][flwr][INFO] - 	                      (9,
[2024-08-13 15:02:43,232][flwr][INFO] - 	                       array([[ 944,    1,    3,    1,    1,    8,   11,    1,   10,    0],
[2024-08-13 15:02:43,232][flwr][INFO] - 	       [   0, 1079,    7,    2,    1,    4,    5,    0,   37,    0],
[2024-08-13 15:02:43,232][flwr][INFO] - 	       [  12,   14,  839,   22,   30,    0,   21,   27,   66,    1],
[2024-08-13 15:02:43,232][flwr][INFO] - 	       [   5,    5,   19,  814,    1,   50,    9,   21,   81,    5],
[2024-08-13 15:02:43,232][flwr][INFO] - 	       [   2,    5,    3,    0,  927,    3,   12,    1,   14,   15],
[2024-08-13 15:02:43,232][flwr][INFO] - 	       [  16,   30,    5,   36,   23,  692,   24,   16,   45,    5],
[2024-08-13 15:02:43,232][flwr][INFO] - 	       [  16,    7,   16,    1,   23,   19,  870,    2,    4,    0],
[2024-08-13 15:02:43,232][flwr][INFO] - 	       [   4,   30,   30,    1,   20,    0,    0,  911,   23,    9],
[2024-08-13 15:02:43,232][flwr][INFO] - 	       [   8,   14,    8,   19,   14,   21,   14,   11,  862,    3],
[2024-08-13 15:02:43,232][flwr][INFO] - 	       [  24,    8,    5,    5,  141,   12,    1,   64,   45,  704]],
[2024-08-13 15:02:43,232][flwr][INFO] - 	      dtype=int64)),
[2024-08-13 15:02:43,232][flwr][INFO] - 	                      (10,
[2024-08-13 15:02:43,232][flwr][INFO] - 	                       array([[ 929,    1,    4,    5,    1,   15,   22,    1,    2,    0],
[2024-08-13 15:02:43,233][flwr][INFO] - 	       [   0, 1097,   11,    9,    1,    2,    5,    0,   10,    0],
[2024-08-13 15:02:43,233][flwr][INFO] - 	       [  12,   17,  832,   52,   11,    0,   26,   27,   36,   19],
[2024-08-13 15:02:43,233][flwr][INFO] - 	       [   2,    5,    9,  893,    1,   33,    8,   14,   11,   34],
[2024-08-13 15:02:43,233][flwr][INFO] - 	       [   2,    9,    2,    1,  791,    1,   22,    1,    3,  150],
[2024-08-13 15:02:43,233][flwr][INFO] - 	       [   9,   36,    2,   83,   12,  667,   33,   13,   12,   25],
[2024-08-13 15:02:43,233][flwr][INFO] - 	       [  12,    5,   14,    2,   10,   17,  896,    1,    1,    0],
[2024-08-13 15:02:43,233][flwr][INFO] - 	       [   2,   35,   27,    6,   14,    0,    2,  870,    3,   69],
[2024-08-13 15:02:43,233][flwr][INFO] - 	       [   9,   40,   11,   84,    8,   38,   22,    7,  683,   72],
[2024-08-13 15:02:43,233][flwr][INFO] - 	       [  17,    9,    5,   11,   21,   11,    2,   13,    0,  920]],
[2024-08-13 15:02:43,233][flwr][INFO] - 	      dtype=int64))],
[2024-08-13 15:02:43,233][flwr][INFO] - 	 'f1': [(0, 0.017493624772313296),
[2024-08-13 15:02:43,233][flwr][INFO] - 	        (1, 0.7067455265311731),
[2024-08-13 15:02:43,233][flwr][INFO] - 	        (2, 0.7843320074856961),
[2024-08-13 15:02:43,233][flwr][INFO] - 	        (3, 0.843902173190891),
[2024-08-13 15:02:43,233][flwr][INFO] - 	        (4, 0.812945844382365),
[2024-08-13 15:02:43,233][flwr][INFO] - 	        (5, 0.8049822480987591),
[2024-08-13 15:02:43,233][flwr][INFO] - 	        (6, 0.8497582972821685),
[2024-08-13 15:02:43,234][flwr][INFO] - 	        (7, 0.8432572601085018),
[2024-08-13 15:02:43,234][flwr][INFO] - 	        (8, 0.8585448972984033),
[2024-08-13 15:02:43,234][flwr][INFO] - 	        (9, 0.8634402350829523),
[2024-08-13 15:02:43,234][flwr][INFO] - 	        (10, 0.8571867623596847)],
[2024-08-13 15:02:43,234][flwr][INFO] - 	 'precision': [(0, 0.009604000000000001),
[2024-08-13 15:02:43,234][flwr][INFO] - 	               (1, 0.8017219311825869),
[2024-08-13 15:02:43,234][flwr][INFO] - 	               (2, 0.8164937858590233),
[2024-08-13 15:02:43,234][flwr][INFO] - 	               (3, 0.8479227561246007),
[2024-08-13 15:02:43,234][flwr][INFO] - 	               (4, 0.8407896586876082),
[2024-08-13 15:02:43,234][flwr][INFO] - 	               (5, 0.8434718300841049),
[2024-08-13 15:02:43,234][flwr][INFO] - 	               (6, 0.8569860156675267),
[2024-08-13 15:02:43,234][flwr][INFO] - 	               (7, 0.8599142054710172),
[2024-08-13 15:02:43,234][flwr][INFO] - 	               (8, 0.8635021194656001),
[2024-08-13 15:02:43,234][flwr][INFO] - 	               (9, 0.871123294705126),
[2024-08-13 15:02:43,234][flwr][INFO] - 	               (10, 0.8649572848725137)],
[2024-08-13 15:02:43,234][flwr][INFO] - 	 'recall': [(0, 0.098),
[2024-08-13 15:02:43,234][flwr][INFO] - 	            (1, 0.7336),
[2024-08-13 15:02:43,235][flwr][INFO] - 	            (2, 0.7942),
[2024-08-13 15:02:43,235][flwr][INFO] - 	            (3, 0.8455),
[2024-08-13 15:02:43,235][flwr][INFO] - 	            (4, 0.8146),
[2024-08-13 15:02:43,235][flwr][INFO] - 	            (5, 0.815),
[2024-08-13 15:02:43,235][flwr][INFO] - 	            (6, 0.8506),
[2024-08-13 15:02:43,235][flwr][INFO] - 	            (7, 0.846),
[2024-08-13 15:02:43,235][flwr][INFO] - 	            (8, 0.8593),
[2024-08-13 15:02:43,235][flwr][INFO] - 	            (9, 0.8642),
[2024-08-13 15:02:43,235][flwr][INFO] - 	            (10, 0.8578)]}
[2024-08-13 15:02:43,235][flwr][INFO] - 
