[2024-08-13 12:36:22,425][flwr][INFO] - Starting Flower simulation, config: num_rounds=10, no round_timeout
[2024-08-13 12:36:26,571][flwr][INFO] - Flower VCE: Ray initialized with resources: {'memory': 5009213031.0, 'node:127.0.0.1': 1.0, 'object_store_memory': 2504606515.0, 'accelerator_type:G': 1.0, 'node:__internal_head__': 1.0, 'GPU': 1.0, 'CPU': 16.0}
[2024-08-13 12:36:26,571][flwr][INFO] - Optimize your simulation with Flower VCE: https://flower.ai/docs/framework/how-to-run-simulations.html
[2024-08-13 12:36:26,571][flwr][INFO] - Flower VCE: Resources for each Virtual Client: {'num_cpus': 2, 'num_gpus': 0.5}
[2024-08-13 12:36:26,582][flwr][INFO] - Flower VCE: Creating VirtualClientEngineActorPool with 2 actors
[2024-08-13 12:36:26,583][flwr][INFO] - [INIT]
[2024-08-13 12:36:26,583][flwr][INFO] - Requesting initial parameters from one random client
[2024-08-13 12:36:34,234][flwr][INFO] - Received initial parameters from one random client
[2024-08-13 12:36:34,235][flwr][INFO] - Evaluating initial global parameters
[2024-08-13 12:36:36,475][flwr][INFO] - initial parameters (loss, other metrics): 2.3025850929940455, {'accuracy': 0.098, 'precision': 0.009604000000000001, 'recall': 0.098, 'f1': 0.017493624772313296, 'confusion_matrix': array([[ 980,    0,    0,    0,    0,    0,    0,    0,    0,    0],
       [1135,    0,    0,    0,    0,    0,    0,    0,    0,    0],
       [1032,    0,    0,    0,    0,    0,    0,    0,    0,    0],
       [1010,    0,    0,    0,    0,    0,    0,    0,    0,    0],
       [ 982,    0,    0,    0,    0,    0,    0,    0,    0,    0],
       [ 892,    0,    0,    0,    0,    0,    0,    0,    0,    0],
       [ 958,    0,    0,    0,    0,    0,    0,    0,    0,    0],
       [1028,    0,    0,    0,    0,    0,    0,    0,    0,    0],
       [ 974,    0,    0,    0,    0,    0,    0,    0,    0,    0],
       [1009,    0,    0,    0,    0,    0,    0,    0,    0,    0]],
      dtype=int64)}
[2024-08-13 12:36:36,476][flwr][INFO] - 
[2024-08-13 12:36:36,476][flwr][INFO] - [ROUND 1]
[2024-08-13 12:36:36,477][flwr][INFO] - configure_fit: strategy sampled 10 clients (out of 10)
[2024-08-13 12:36:44,799][flwr][INFO] - aggregate_fit: received 10 results and 0 failures
[2024-08-13 12:36:44,802][flwr][WARNING] - No fit_metrics_aggregation_fn provided
[2024-08-13 12:36:46,901][flwr][INFO] - fit progress: (1, 2.310897056987937, {'accuracy': 0.1469, 'precision': 0.17484134599111303, 'recall': 0.1469, 'f1': 0.12161171989873651, 'confusion_matrix': array([[ 303,  628,    0,    8,    6,    0,    1,   14,    0,   20],
       [   0,    0, 1090,    4,    1,    0,    0,    2,    1,   37],
       [  13,   19,   92,  789,    5,    1,    1,   40,   19,   53],
       [   5,   15,   13,  269,  573,    0,    0,   10,   18,  107],
       [ 166,    0,   10,    5,   94,  139,    0,   57,   13,  498],
       [ 114,   71,   53,   60,  203,    1,   12,   26,   52,  300],
       [  26,   36,   36,   25,    4,    0,   54,  747,    0,   30],
       [  57,    1,   41,    8,    5,    0,    0,   10,  868,   38],
       [  14,    5,   25,   59,   67,    0,    0,    5,   15,  784],
       [ 233,    1,    4,    7,   35,    0,    0,    7,   91,  631]],
      dtype=int64)}, 10.423915499995928)
[2024-08-13 12:36:46,901][flwr][INFO] - configure_evaluate: no clients selected, skipping evaluation
[2024-08-13 12:36:46,901][flwr][INFO] - 
[2024-08-13 12:36:46,901][flwr][INFO] - [ROUND 2]
[2024-08-13 12:36:46,902][flwr][INFO] - configure_fit: strategy sampled 10 clients (out of 10)
[2024-08-13 12:36:53,214][flwr][INFO] - aggregate_fit: received 10 results and 0 failures
[2024-08-13 12:36:55,316][flwr][INFO] - fit progress: (2, 1.6186799895144446, {'accuracy': 0.4171, 'precision': 0.42156329386536806, 'recall': 0.4171, 'f1': 0.39924244959202676, 'confusion_matrix': array([[688,  29,   1,   4,   0,   3, 251,   4,   0,   0],
       [  0, 554, 510,   2,   0,   0,  68,   1,   0,   0],
       [ 14,  12, 407, 312,   7,  27, 153,  67,  33,   0],
       [  8,  23,  13, 394, 264,  19, 221,  11,  57,   0],
       [  4,   2,   3,   0,  14, 878,  48,  30,   3,   0],
       [ 24,  55,  21,   8,  12, 249, 486,  11,  26,   0],
       [  6,   6,   5,   0,   1,   3, 849,  88,   0,   0],
       [ 27,  11,  43,   1,   4,  44,   4, 666, 228,   0],
       [ 11,  33,  25,  30,  36, 142, 337,  10, 350,   0],
       [ 54,   5,   3,   2,  16, 729,  25, 105,  70,   0]], dtype=int64)}, 18.83945169999788)
[2024-08-13 12:36:55,316][flwr][INFO] - configure_evaluate: no clients selected, skipping evaluation
[2024-08-13 12:36:55,317][flwr][INFO] - 
[2024-08-13 12:36:55,317][flwr][INFO] - [ROUND 3]
[2024-08-13 12:36:55,317][flwr][INFO] - configure_fit: strategy sampled 10 clients (out of 10)
[2024-08-13 12:37:02,158][flwr][INFO] - aggregate_fit: received 10 results and 0 failures
[2024-08-13 12:37:04,238][flwr][INFO] - fit progress: (3, 1.5557321673400384, {'accuracy': 0.3462, 'precision': 0.4004973828575152, 'recall': 0.3462, 'f1': 0.3205060430658467, 'confusion_matrix': array([[478, 446,   2,   6,   7,   0,   0,  34,   5,   2],
       [  0, 335, 776,   3,   5,   0,   0,   6,   1,   9],
       [  6,  37, 349, 501,  25,   2,   5,  60,  28,  19],
       [  1,  41,  10, 516, 338,   0,   0,  19,  38,  47],
       [ 21,   3,   7,   0, 582,  85,   1, 128,   6, 149],
       [ 69, 195,  29,  90, 213,  64,   2,  44,  61, 125],
       [ 17,  73,  37,   6,  16,   1,  44, 759,   0,   5],
       [ 41,   7,  44,   5,  23,   0,   0, 297, 584,  27],
       [ 12,  51,  34, 100, 101,   0,   0,  13, 102, 561],
       [ 92,   6,   3,   3,  98,   0,   0,  61,  51, 695]], dtype=int64)}, 27.762115799996536)
[2024-08-13 12:37:04,239][flwr][INFO] - configure_evaluate: no clients selected, skipping evaluation
[2024-08-13 12:37:04,239][flwr][INFO] - 
[2024-08-13 12:37:04,239][flwr][INFO] - [ROUND 4]
[2024-08-13 12:37:04,240][flwr][INFO] - configure_fit: strategy sampled 10 clients (out of 10)
[2024-08-13 12:37:10,805][flwr][INFO] - aggregate_fit: received 10 results and 0 failures
[2024-08-13 12:37:12,898][flwr][INFO] - fit progress: (4, 1.312384131796968, {'accuracy': 0.5306, 'precision': 0.7130606037664293, 'recall': 0.5306, 'f1': 0.5119125027172041, 'confusion_matrix': array([[719,   3,   1,   4,   0,  10, 242,   0,   1,   0],
       [  0, 789, 262,   2,   0,   0,  81,   0,   1,   0],
       [ 12,   2, 762,  56,   0,  16, 127,  11,  46,   0],
       [  8,   4,  27, 584,   0,  93, 201,   5,  88,   0],
       [  5,   0,   3,   0,  24, 843, 101,   2,   4,   0],
       [ 15,  26,  13,   8,   0, 441, 373,   2,  14,   0],
       [  7,   2,  14,   0,   0,   4, 927,   4,   0,   0],
       [ 62,  20,  42,   1,   2,  79,  13, 533, 276,   0],
       [  9,   8,  27,  17,   0, 167, 266,   0, 480,   0],
       [129,   4,   3,   4,   3, 696,  37,  11,  75,  47]], dtype=int64)}, 36.42174079999677)
[2024-08-13 12:37:12,899][flwr][INFO] - configure_evaluate: no clients selected, skipping evaluation
[2024-08-13 12:37:12,899][flwr][INFO] - 
[2024-08-13 12:37:12,899][flwr][INFO] - [ROUND 5]
[2024-08-13 12:37:12,899][flwr][INFO] - configure_fit: strategy sampled 10 clients (out of 10)
[2024-08-13 12:37:19,636][flwr][INFO] - aggregate_fit: received 10 results and 0 failures
[2024-08-13 12:37:21,710][flwr][INFO] - fit progress: (5, 1.32509007310702, {'accuracy': 0.5243, 'precision': 0.5890843385848941, 'recall': 0.5243, 'f1': 0.4840584033275743, 'confusion_matrix': array([[625, 286,   1,   5,   9,   1,   1,  39,   1,  12],
       [  0, 809, 293,   3,   5,   0,   0,   5,   1,  19],
       [  4,  27, 502, 344,  38,   1,   7,  54,  27,  28],
       [  1,  25,   7, 632, 214,   0,   1,  21,  18,  91],
       [ 11,   3,   2,   0, 726,   4,   1,  77,   2, 156],
       [ 33, 125,  16, 105, 166, 135,   8,  56,  45, 203],
       [ 25,  46,  35,   2,  30,   3, 136, 666,   0,  15],
       [ 14,  17,  32,   4,  27,   0,   0, 782,  80,  72],
       [  3,  41,  20,  76,  75,   1,   0,  16,  59, 683],
       [ 34,   5,   1,   2,  71,   0,   0,  56,   3, 837]], dtype=int64)}, 45.23360629999661)
[2024-08-13 12:37:21,711][flwr][INFO] - configure_evaluate: no clients selected, skipping evaluation
[2024-08-13 12:37:21,711][flwr][INFO] - 
[2024-08-13 12:37:21,711][flwr][INFO] - [ROUND 6]
[2024-08-13 12:37:21,712][flwr][INFO] - configure_fit: strategy sampled 10 clients (out of 10)
[2024-08-13 12:37:28,159][flwr][INFO] - aggregate_fit: received 10 results and 0 failures
[2024-08-13 12:37:30,264][flwr][INFO] - fit progress: (6, 1.4437573060371083, {'accuracy': 0.39, 'precision': 0.44884106638486426, 'recall': 0.39, 'f1': 0.3346420773955349, 'confusion_matrix': array([[386, 450,   2,   0,   0,  19, 107,   5,  11,   0],
       [  0, 137, 967,   3,   0,   4,  17,   0,   7,   0],
       [ 12,  18, 657, 207,   8,  16,  25,  14,  75,   0],
       [  3,  25,  26, 555, 139,  33,  71,   7, 151,   0],
       [ 10,   2,   4,   0,  68, 851,  13,   6,  28,   0],
       [ 14,  57,  23,  17,   2, 488, 194,   7,  90,   0],
       [  7,  16,  31,   0,   4,   6, 820,  73,   1,   0],
       [ 60,   4,  52,   1,   5,  25,   1,  62, 818,   0],
       [ 12,  12,  40,  36,   6,  90,  56,   1, 721,   0],
       [383,   3,   4,   4,  13, 321,   1,   8, 266,   6]], dtype=int64)}, 53.78741049999371)
[2024-08-13 12:37:30,265][flwr][INFO] - configure_evaluate: no clients selected, skipping evaluation
[2024-08-13 12:37:30,265][flwr][INFO] - 
[2024-08-13 12:37:30,265][flwr][INFO] - [ROUND 7]
[2024-08-13 12:37:30,265][flwr][INFO] - configure_fit: strategy sampled 10 clients (out of 10)
[2024-08-13 12:37:36,833][flwr][INFO] - aggregate_fit: received 10 results and 0 failures
[2024-08-13 12:37:38,900][flwr][INFO] - fit progress: (7, 1.4292328852884515, {'accuracy': 0.4663, 'precision': 0.4610801883340041, 'recall': 0.4663, 'f1': 0.4313265858425091, 'confusion_matrix': array([[418, 470,   0,   2,   7,   2,  21,  48,   0,  12],
       [  0, 657, 436,   3,   3,   0,   5,   7,   0,  24],
       [  6,  30, 333, 501,  28,   1,  15,  71,   2,  45],
       [  4,  31,   5, 490, 330,   1,  12,  27,   1, 109],
       [ 18,   4,   1,   0, 595,  76,   4,  94,   0, 190],
       [ 36, 106,  14,  49, 124, 191, 134,  52,   2, 184],
       [ 11,  23,  14,   1,   7,   0, 341, 556,   0,   5],
       [ 32,  15,  25,  10,  23,   1,   0, 817,   6,  99],
       [  5,  26,  20,  41,  64,   4,  16,  21,   0, 777],
       [ 65,   5,   1,   3,  49,   5,   0,  60,   0, 821]], dtype=int64)}, 62.42341679999663)
[2024-08-13 12:37:38,900][flwr][INFO] - configure_evaluate: no clients selected, skipping evaluation
[2024-08-13 12:37:38,901][flwr][INFO] - 
[2024-08-13 12:37:38,901][flwr][INFO] - [ROUND 8]
[2024-08-13 12:37:38,901][flwr][INFO] - configure_fit: strategy sampled 10 clients (out of 10)
[2024-08-13 12:37:45,445][flwr][INFO] - aggregate_fit: received 10 results and 0 failures
[2024-08-13 12:37:47,513][flwr][INFO] - fit progress: (8, 1.4483985565034012, {'accuracy': 0.3803, 'precision': 0.4130126823296394, 'recall': 0.3803, 'f1': 0.3316856974726655, 'confusion_matrix': array([[461, 406,   1,   1,   2,  15,  69,   8,  17,   0],
       [  0, 146, 955,   3,   2,   2,  11,   0,  16,   0],
       [ 12,  17, 564, 296,  16,  11,  18,  14,  84,   0],
       [  3,  25,  18, 506, 248,  15,  52,   7, 136,   0],
       [ 24,   2,   5,   0, 161, 725,   9,  10,  45,   1],
       [ 21,  55,  18,  26,  18, 423, 202,  10, 119,   0],
       [ 11,  16,  34,   0,   6,   4, 750, 136,   1,   0],
       [ 58,   5,  47,   3,   6,  13,   1,  31, 864,   0],
       [ 15,  11,  35,  38,  25,  47,  49,   1, 753,   0],
       [460,   3,   2,   4,  43, 167,   0,   8, 314,   8]], dtype=int64)}, 71.03661039999861)
[2024-08-13 12:37:47,514][flwr][INFO] - configure_evaluate: no clients selected, skipping evaluation
[2024-08-13 12:37:47,514][flwr][INFO] - 
[2024-08-13 12:37:47,514][flwr][INFO] - [ROUND 9]
[2024-08-13 12:37:47,515][flwr][INFO] - configure_fit: strategy sampled 10 clients (out of 10)
[2024-08-13 12:37:54,015][flwr][INFO] - aggregate_fit: received 10 results and 0 failures
[2024-08-13 12:37:56,226][flwr][INFO] - fit progress: (9, 1.4357459452769685, {'accuracy': 0.4624, 'precision': 0.4459781217683776, 'recall': 0.4624, 'f1': 0.42873661241160327, 'confusion_matrix': array([[345, 527,   0,   2,   6,   7,  28,  51,   0,  14],
       [  0, 685, 407,   3,   3,   0,   7,   7,   0,  23],
       [  3,  31, 364, 473,  27,   3,  16,  68,   1,  46],
       [  2,  30,   5, 480, 334,   2,  17,  26,   1, 113],
       [ 13,   4,   1,   1, 481, 213,   4,  82,   0, 183],
       [ 24,  93,  13,  38,  77, 269, 178,  44,   2, 154],
       [ 10,  25,  13,   1,   7,   0, 341, 557,   0,   4],
       [ 32,  16,  25,  14,  22,   2,   0, 808,   4, 105],
       [  3,  26,  19,  34,  48,   8,  16,  21,   0, 799],
       [ 52,   5,   0,   3,  43,   9,   1,  45,   0, 851]], dtype=int64)}, 79.74943110000459)
[2024-08-13 12:37:56,227][flwr][INFO] - configure_evaluate: no clients selected, skipping evaluation
[2024-08-13 12:37:56,227][flwr][INFO] - 
[2024-08-13 12:37:56,227][flwr][INFO] - [ROUND 10]
[2024-08-13 12:37:56,228][flwr][INFO] - configure_fit: strategy sampled 10 clients (out of 10)
[2024-08-13 12:38:02,948][flwr][INFO] - aggregate_fit: received 10 results and 0 failures
[2024-08-13 12:38:05,019][flwr][INFO] - fit progress: (10, 1.4549960096898373, {'accuracy': 0.3764, 'precision': 0.417488248821414, 'recall': 0.3764, 'f1': 0.3281623721174424, 'confusion_matrix': array([[525, 357,   1,   2,   2,  12,  59,   9,  13,   0],
       [  0, 150, 952,   3,   2,   0,  14,   0,  14,   0],
       [ 16,  17, 565, 295,  20,  10,  17,  14,  78,   0],
       [  6,  22,  18, 447, 325,  11,  48,   9, 124,   0],
       [ 34,   3,   3,   0, 208, 671,  11,  12,  40,   0],
       [ 29,  55,  14,  24,  29, 375, 244,  11, 111,   0],
       [ 13,  17,  30,   0,   6,   4, 719, 168,   1,   0],
       [ 71,   5,  49,   3,   9,  11,   1,  28, 851,   0],
       [ 20,  12,  35,  32,  40,  41,  47,   1, 746,   0],
       [552,   4,   3,   3,  60, 123,   1,   7, 255,   1]], dtype=int64)}, 88.54355469999427)
[2024-08-13 12:38:05,020][flwr][INFO] - configure_evaluate: no clients selected, skipping evaluation
[2024-08-13 12:38:05,020][flwr][INFO] - 
[2024-08-13 12:38:05,021][flwr][INFO] - [SUMMARY]
[2024-08-13 12:38:05,021][flwr][INFO] - Run finished 10 round(s) in 88.54s
[2024-08-13 12:38:05,029][flwr][INFO] - 	History (loss, centralized):
[2024-08-13 12:38:05,029][flwr][INFO] - 		round 0: 2.3025850929940455
[2024-08-13 12:38:05,029][flwr][INFO] - 		round 1: 2.310897056987937
[2024-08-13 12:38:05,029][flwr][INFO] - 		round 2: 1.6186799895144446
[2024-08-13 12:38:05,029][flwr][INFO] - 		round 3: 1.5557321673400384
[2024-08-13 12:38:05,029][flwr][INFO] - 		round 4: 1.312384131796968
[2024-08-13 12:38:05,029][flwr][INFO] - 		round 5: 1.32509007310702
[2024-08-13 12:38:05,029][flwr][INFO] - 		round 6: 1.4437573060371083
[2024-08-13 12:38:05,029][flwr][INFO] - 		round 7: 1.4292328852884515
[2024-08-13 12:38:05,029][flwr][INFO] - 		round 8: 1.4483985565034012
[2024-08-13 12:38:05,029][flwr][INFO] - 		round 9: 1.4357459452769685
[2024-08-13 12:38:05,030][flwr][INFO] - 		round 10: 1.4549960096898373
[2024-08-13 12:38:05,030][flwr][INFO] - 	History (metrics, centralized):
[2024-08-13 12:38:05,030][flwr][INFO] - 	{'accuracy': [(0, 0.098),
[2024-08-13 12:38:05,030][flwr][INFO] - 	              (1, 0.1469),
[2024-08-13 12:38:05,030][flwr][INFO] - 	              (2, 0.4171),
[2024-08-13 12:38:05,030][flwr][INFO] - 	              (3, 0.3462),
[2024-08-13 12:38:05,030][flwr][INFO] - 	              (4, 0.5306),
[2024-08-13 12:38:05,030][flwr][INFO] - 	              (5, 0.5243),
[2024-08-13 12:38:05,030][flwr][INFO] - 	              (6, 0.39),
[2024-08-13 12:38:05,030][flwr][INFO] - 	              (7, 0.4663),
[2024-08-13 12:38:05,030][flwr][INFO] - 	              (8, 0.3803),
[2024-08-13 12:38:05,030][flwr][INFO] - 	              (9, 0.4624),
[2024-08-13 12:38:05,030][flwr][INFO] - 	              (10, 0.3764)],
[2024-08-13 12:38:05,030][flwr][INFO] - 	 'confusion_matrix': [(0,
[2024-08-13 12:38:05,030][flwr][INFO] - 	                       array([[ 980,    0,    0,    0,    0,    0,    0,    0,    0,    0],
[2024-08-13 12:38:05,030][flwr][INFO] - 	       [1135,    0,    0,    0,    0,    0,    0,    0,    0,    0],
[2024-08-13 12:38:05,031][flwr][INFO] - 	       [1032,    0,    0,    0,    0,    0,    0,    0,    0,    0],
[2024-08-13 12:38:05,031][flwr][INFO] - 	       [1010,    0,    0,    0,    0,    0,    0,    0,    0,    0],
[2024-08-13 12:38:05,031][flwr][INFO] - 	       [ 982,    0,    0,    0,    0,    0,    0,    0,    0,    0],
[2024-08-13 12:38:05,031][flwr][INFO] - 	       [ 892,    0,    0,    0,    0,    0,    0,    0,    0,    0],
[2024-08-13 12:38:05,031][flwr][INFO] - 	       [ 958,    0,    0,    0,    0,    0,    0,    0,    0,    0],
[2024-08-13 12:38:05,031][flwr][INFO] - 	       [1028,    0,    0,    0,    0,    0,    0,    0,    0,    0],
[2024-08-13 12:38:05,031][flwr][INFO] - 	       [ 974,    0,    0,    0,    0,    0,    0,    0,    0,    0],
[2024-08-13 12:38:05,031][flwr][INFO] - 	       [1009,    0,    0,    0,    0,    0,    0,    0,    0,    0]],
[2024-08-13 12:38:05,031][flwr][INFO] - 	      dtype=int64)),
[2024-08-13 12:38:05,031][flwr][INFO] - 	                      (1,
[2024-08-13 12:38:05,031][flwr][INFO] - 	                       array([[ 303,  628,    0,    8,    6,    0,    1,   14,    0,   20],
[2024-08-13 12:38:05,031][flwr][INFO] - 	       [   0,    0, 1090,    4,    1,    0,    0,    2,    1,   37],
[2024-08-13 12:38:05,031][flwr][INFO] - 	       [  13,   19,   92,  789,    5,    1,    1,   40,   19,   53],
[2024-08-13 12:38:05,031][flwr][INFO] - 	       [   5,   15,   13,  269,  573,    0,    0,   10,   18,  107],
[2024-08-13 12:38:05,032][flwr][INFO] - 	       [ 166,    0,   10,    5,   94,  139,    0,   57,   13,  498],
[2024-08-13 12:38:05,032][flwr][INFO] - 	       [ 114,   71,   53,   60,  203,    1,   12,   26,   52,  300],
[2024-08-13 12:38:05,032][flwr][INFO] - 	       [  26,   36,   36,   25,    4,    0,   54,  747,    0,   30],
[2024-08-13 12:38:05,032][flwr][INFO] - 	       [  57,    1,   41,    8,    5,    0,    0,   10,  868,   38],
[2024-08-13 12:38:05,032][flwr][INFO] - 	       [  14,    5,   25,   59,   67,    0,    0,    5,   15,  784],
[2024-08-13 12:38:05,032][flwr][INFO] - 	       [ 233,    1,    4,    7,   35,    0,    0,    7,   91,  631]],
[2024-08-13 12:38:05,032][flwr][INFO] - 	      dtype=int64)),
[2024-08-13 12:38:05,032][flwr][INFO] - 	                      (2,
[2024-08-13 12:38:05,032][flwr][INFO] - 	                       array([[688,  29,   1,   4,   0,   3, 251,   4,   0,   0],
[2024-08-13 12:38:05,032][flwr][INFO] - 	       [  0, 554, 510,   2,   0,   0,  68,   1,   0,   0],
[2024-08-13 12:38:05,032][flwr][INFO] - 	       [ 14,  12, 407, 312,   7,  27, 153,  67,  33,   0],
[2024-08-13 12:38:05,032][flwr][INFO] - 	       [  8,  23,  13, 394, 264,  19, 221,  11,  57,   0],
[2024-08-13 12:38:05,032][flwr][INFO] - 	       [  4,   2,   3,   0,  14, 878,  48,  30,   3,   0],
[2024-08-13 12:38:05,032][flwr][INFO] - 	       [ 24,  55,  21,   8,  12, 249, 486,  11,  26,   0],
[2024-08-13 12:38:05,032][flwr][INFO] - 	       [  6,   6,   5,   0,   1,   3, 849,  88,   0,   0],
[2024-08-13 12:38:05,032][flwr][INFO] - 	       [ 27,  11,  43,   1,   4,  44,   4, 666, 228,   0],
[2024-08-13 12:38:05,032][flwr][INFO] - 	       [ 11,  33,  25,  30,  36, 142, 337,  10, 350,   0],
[2024-08-13 12:38:05,032][flwr][INFO] - 	       [ 54,   5,   3,   2,  16, 729,  25, 105,  70,   0]], dtype=int64)),
[2024-08-13 12:38:05,033][flwr][INFO] - 	                      (3,
[2024-08-13 12:38:05,033][flwr][INFO] - 	                       array([[478, 446,   2,   6,   7,   0,   0,  34,   5,   2],
[2024-08-13 12:38:05,033][flwr][INFO] - 	       [  0, 335, 776,   3,   5,   0,   0,   6,   1,   9],
[2024-08-13 12:38:05,033][flwr][INFO] - 	       [  6,  37, 349, 501,  25,   2,   5,  60,  28,  19],
[2024-08-13 12:38:05,033][flwr][INFO] - 	       [  1,  41,  10, 516, 338,   0,   0,  19,  38,  47],
[2024-08-13 12:38:05,033][flwr][INFO] - 	       [ 21,   3,   7,   0, 582,  85,   1, 128,   6, 149],
[2024-08-13 12:38:05,033][flwr][INFO] - 	       [ 69, 195,  29,  90, 213,  64,   2,  44,  61, 125],
[2024-08-13 12:38:05,033][flwr][INFO] - 	       [ 17,  73,  37,   6,  16,   1,  44, 759,   0,   5],
[2024-08-13 12:38:05,033][flwr][INFO] - 	       [ 41,   7,  44,   5,  23,   0,   0, 297, 584,  27],
[2024-08-13 12:38:05,033][flwr][INFO] - 	       [ 12,  51,  34, 100, 101,   0,   0,  13, 102, 561],
[2024-08-13 12:38:05,034][flwr][INFO] - 	       [ 92,   6,   3,   3,  98,   0,   0,  61,  51, 695]], dtype=int64)),
[2024-08-13 12:38:05,034][flwr][INFO] - 	                      (4,
[2024-08-13 12:38:05,034][flwr][INFO] - 	                       array([[719,   3,   1,   4,   0,  10, 242,   0,   1,   0],
[2024-08-13 12:38:05,034][flwr][INFO] - 	       [  0, 789, 262,   2,   0,   0,  81,   0,   1,   0],
[2024-08-13 12:38:05,034][flwr][INFO] - 	       [ 12,   2, 762,  56,   0,  16, 127,  11,  46,   0],
[2024-08-13 12:38:05,034][flwr][INFO] - 	       [  8,   4,  27, 584,   0,  93, 201,   5,  88,   0],
[2024-08-13 12:38:05,034][flwr][INFO] - 	       [  5,   0,   3,   0,  24, 843, 101,   2,   4,   0],
[2024-08-13 12:38:05,034][flwr][INFO] - 	       [ 15,  26,  13,   8,   0, 441, 373,   2,  14,   0],
[2024-08-13 12:38:05,034][flwr][INFO] - 	       [  7,   2,  14,   0,   0,   4, 927,   4,   0,   0],
[2024-08-13 12:38:05,034][flwr][INFO] - 	       [ 62,  20,  42,   1,   2,  79,  13, 533, 276,   0],
[2024-08-13 12:38:05,034][flwr][INFO] - 	       [  9,   8,  27,  17,   0, 167, 266,   0, 480,   0],
[2024-08-13 12:38:05,034][flwr][INFO] - 	       [129,   4,   3,   4,   3, 696,  37,  11,  75,  47]], dtype=int64)),
[2024-08-13 12:38:05,034][flwr][INFO] - 	                      (5,
[2024-08-13 12:38:05,034][flwr][INFO] - 	                       array([[625, 286,   1,   5,   9,   1,   1,  39,   1,  12],
[2024-08-13 12:38:05,034][flwr][INFO] - 	       [  0, 809, 293,   3,   5,   0,   0,   5,   1,  19],
[2024-08-13 12:38:05,034][flwr][INFO] - 	       [  4,  27, 502, 344,  38,   1,   7,  54,  27,  28],
[2024-08-13 12:38:05,034][flwr][INFO] - 	       [  1,  25,   7, 632, 214,   0,   1,  21,  18,  91],
[2024-08-13 12:38:05,034][flwr][INFO] - 	       [ 11,   3,   2,   0, 726,   4,   1,  77,   2, 156],
[2024-08-13 12:38:05,035][flwr][INFO] - 	       [ 33, 125,  16, 105, 166, 135,   8,  56,  45, 203],
[2024-08-13 12:38:05,035][flwr][INFO] - 	       [ 25,  46,  35,   2,  30,   3, 136, 666,   0,  15],
[2024-08-13 12:38:05,035][flwr][INFO] - 	       [ 14,  17,  32,   4,  27,   0,   0, 782,  80,  72],
[2024-08-13 12:38:05,035][flwr][INFO] - 	       [  3,  41,  20,  76,  75,   1,   0,  16,  59, 683],
[2024-08-13 12:38:05,035][flwr][INFO] - 	       [ 34,   5,   1,   2,  71,   0,   0,  56,   3, 837]], dtype=int64)),
[2024-08-13 12:38:05,035][flwr][INFO] - 	                      (6,
[2024-08-13 12:38:05,035][flwr][INFO] - 	                       array([[386, 450,   2,   0,   0,  19, 107,   5,  11,   0],
[2024-08-13 12:38:05,035][flwr][INFO] - 	       [  0, 137, 967,   3,   0,   4,  17,   0,   7,   0],
[2024-08-13 12:38:05,035][flwr][INFO] - 	       [ 12,  18, 657, 207,   8,  16,  25,  14,  75,   0],
[2024-08-13 12:38:05,035][flwr][INFO] - 	       [  3,  25,  26, 555, 139,  33,  71,   7, 151,   0],
[2024-08-13 12:38:05,035][flwr][INFO] - 	       [ 10,   2,   4,   0,  68, 851,  13,   6,  28,   0],
[2024-08-13 12:38:05,035][flwr][INFO] - 	       [ 14,  57,  23,  17,   2, 488, 194,   7,  90,   0],
[2024-08-13 12:38:05,035][flwr][INFO] - 	       [  7,  16,  31,   0,   4,   6, 820,  73,   1,   0],
[2024-08-13 12:38:05,035][flwr][INFO] - 	       [ 60,   4,  52,   1,   5,  25,   1,  62, 818,   0],
[2024-08-13 12:38:05,035][flwr][INFO] - 	       [ 12,  12,  40,  36,   6,  90,  56,   1, 721,   0],
[2024-08-13 12:38:05,035][flwr][INFO] - 	       [383,   3,   4,   4,  13, 321,   1,   8, 266,   6]], dtype=int64)),
[2024-08-13 12:38:05,035][flwr][INFO] - 	                      (7,
[2024-08-13 12:38:05,035][flwr][INFO] - 	                       array([[418, 470,   0,   2,   7,   2,  21,  48,   0,  12],
[2024-08-13 12:38:05,036][flwr][INFO] - 	       [  0, 657, 436,   3,   3,   0,   5,   7,   0,  24],
[2024-08-13 12:38:05,036][flwr][INFO] - 	       [  6,  30, 333, 501,  28,   1,  15,  71,   2,  45],
[2024-08-13 12:38:05,036][flwr][INFO] - 	       [  4,  31,   5, 490, 330,   1,  12,  27,   1, 109],
[2024-08-13 12:38:05,036][flwr][INFO] - 	       [ 18,   4,   1,   0, 595,  76,   4,  94,   0, 190],
[2024-08-13 12:38:05,036][flwr][INFO] - 	       [ 36, 106,  14,  49, 124, 191, 134,  52,   2, 184],
[2024-08-13 12:38:05,036][flwr][INFO] - 	       [ 11,  23,  14,   1,   7,   0, 341, 556,   0,   5],
[2024-08-13 12:38:05,036][flwr][INFO] - 	       [ 32,  15,  25,  10,  23,   1,   0, 817,   6,  99],
[2024-08-13 12:38:05,036][flwr][INFO] - 	       [  5,  26,  20,  41,  64,   4,  16,  21,   0, 777],
[2024-08-13 12:38:05,036][flwr][INFO] - 	       [ 65,   5,   1,   3,  49,   5,   0,  60,   0, 821]], dtype=int64)),
[2024-08-13 12:38:05,036][flwr][INFO] - 	                      (8,
[2024-08-13 12:38:05,036][flwr][INFO] - 	                       array([[461, 406,   1,   1,   2,  15,  69,   8,  17,   0],
[2024-08-13 12:38:05,036][flwr][INFO] - 	       [  0, 146, 955,   3,   2,   2,  11,   0,  16,   0],
[2024-08-13 12:38:05,036][flwr][INFO] - 	       [ 12,  17, 564, 296,  16,  11,  18,  14,  84,   0],
[2024-08-13 12:38:05,036][flwr][INFO] - 	       [  3,  25,  18, 506, 248,  15,  52,   7, 136,   0],
[2024-08-13 12:38:05,036][flwr][INFO] - 	       [ 24,   2,   5,   0, 161, 725,   9,  10,  45,   1],
[2024-08-13 12:38:05,036][flwr][INFO] - 	       [ 21,  55,  18,  26,  18, 423, 202,  10, 119,   0],
[2024-08-13 12:38:05,036][flwr][INFO] - 	       [ 11,  16,  34,   0,   6,   4, 750, 136,   1,   0],
[2024-08-13 12:38:05,036][flwr][INFO] - 	       [ 58,   5,  47,   3,   6,  13,   1,  31, 864,   0],
[2024-08-13 12:38:05,037][flwr][INFO] - 	       [ 15,  11,  35,  38,  25,  47,  49,   1, 753,   0],
[2024-08-13 12:38:05,037][flwr][INFO] - 	       [460,   3,   2,   4,  43, 167,   0,   8, 314,   8]], dtype=int64)),
[2024-08-13 12:38:05,037][flwr][INFO] - 	                      (9,
[2024-08-13 12:38:05,037][flwr][INFO] - 	                       array([[345, 527,   0,   2,   6,   7,  28,  51,   0,  14],
[2024-08-13 12:38:05,037][flwr][INFO] - 	       [  0, 685, 407,   3,   3,   0,   7,   7,   0,  23],
[2024-08-13 12:38:05,037][flwr][INFO] - 	       [  3,  31, 364, 473,  27,   3,  16,  68,   1,  46],
[2024-08-13 12:38:05,037][flwr][INFO] - 	       [  2,  30,   5, 480, 334,   2,  17,  26,   1, 113],
[2024-08-13 12:38:05,037][flwr][INFO] - 	       [ 13,   4,   1,   1, 481, 213,   4,  82,   0, 183],
[2024-08-13 12:38:05,037][flwr][INFO] - 	       [ 24,  93,  13,  38,  77, 269, 178,  44,   2, 154],
[2024-08-13 12:38:05,037][flwr][INFO] - 	       [ 10,  25,  13,   1,   7,   0, 341, 557,   0,   4],
[2024-08-13 12:38:05,037][flwr][INFO] - 	       [ 32,  16,  25,  14,  22,   2,   0, 808,   4, 105],
[2024-08-13 12:38:05,037][flwr][INFO] - 	       [  3,  26,  19,  34,  48,   8,  16,  21,   0, 799],
[2024-08-13 12:38:05,037][flwr][INFO] - 	       [ 52,   5,   0,   3,  43,   9,   1,  45,   0, 851]], dtype=int64)),
[2024-08-13 12:38:05,037][flwr][INFO] - 	                      (10,
[2024-08-13 12:38:05,037][flwr][INFO] - 	                       array([[525, 357,   1,   2,   2,  12,  59,   9,  13,   0],
[2024-08-13 12:38:05,037][flwr][INFO] - 	       [  0, 150, 952,   3,   2,   0,  14,   0,  14,   0],
[2024-08-13 12:38:05,037][flwr][INFO] - 	       [ 16,  17, 565, 295,  20,  10,  17,  14,  78,   0],
[2024-08-13 12:38:05,037][flwr][INFO] - 	       [  6,  22,  18, 447, 325,  11,  48,   9, 124,   0],
[2024-08-13 12:38:05,038][flwr][INFO] - 	       [ 34,   3,   3,   0, 208, 671,  11,  12,  40,   0],
[2024-08-13 12:38:05,038][flwr][INFO] - 	       [ 29,  55,  14,  24,  29, 375, 244,  11, 111,   0],
[2024-08-13 12:38:05,038][flwr][INFO] - 	       [ 13,  17,  30,   0,   6,   4, 719, 168,   1,   0],
[2024-08-13 12:38:05,038][flwr][INFO] - 	       [ 71,   5,  49,   3,   9,  11,   1,  28, 851,   0],
[2024-08-13 12:38:05,038][flwr][INFO] - 	       [ 20,  12,  35,  32,  40,  41,  47,   1, 746,   0],
[2024-08-13 12:38:05,038][flwr][INFO] - 	       [552,   4,   3,   3,  60, 123,   1,   7, 255,   1]], dtype=int64))],
[2024-08-13 12:38:05,038][flwr][INFO] - 	 'f1': [(0, 0.017493624772313296),
[2024-08-13 12:38:05,038][flwr][INFO] - 	        (1, 0.12161171989873651),
[2024-08-13 12:38:05,038][flwr][INFO] - 	        (2, 0.39924244959202676),
[2024-08-13 12:38:05,038][flwr][INFO] - 	        (3, 0.3205060430658467),
[2024-08-13 12:38:05,038][flwr][INFO] - 	        (4, 0.5119125027172041),
[2024-08-13 12:38:05,038][flwr][INFO] - 	        (5, 0.4840584033275743),
[2024-08-13 12:38:05,038][flwr][INFO] - 	        (6, 0.3346420773955349),
[2024-08-13 12:38:05,038][flwr][INFO] - 	        (7, 0.4313265858425091),
[2024-08-13 12:38:05,038][flwr][INFO] - 	        (8, 0.3316856974726655),
[2024-08-13 12:38:05,038][flwr][INFO] - 	        (9, 0.42873661241160327),
[2024-08-13 12:38:05,038][flwr][INFO] - 	        (10, 0.3281623721174424)],
[2024-08-13 12:38:05,039][flwr][INFO] - 	 'precision': [(0, 0.009604000000000001),
[2024-08-13 12:38:05,039][flwr][INFO] - 	               (1, 0.17484134599111303),
[2024-08-13 12:38:05,039][flwr][INFO] - 	               (2, 0.42156329386536806),
[2024-08-13 12:38:05,039][flwr][INFO] - 	               (3, 0.4004973828575152),
[2024-08-13 12:38:05,039][flwr][INFO] - 	               (4, 0.7130606037664293),
[2024-08-13 12:38:05,039][flwr][INFO] - 	               (5, 0.5890843385848941),
[2024-08-13 12:38:05,039][flwr][INFO] - 	               (6, 0.44884106638486426),
[2024-08-13 12:38:05,039][flwr][INFO] - 	               (7, 0.4610801883340041),
[2024-08-13 12:38:05,039][flwr][INFO] - 	               (8, 0.4130126823296394),
[2024-08-13 12:38:05,039][flwr][INFO] - 	               (9, 0.4459781217683776),
[2024-08-13 12:38:05,039][flwr][INFO] - 	               (10, 0.417488248821414)],
[2024-08-13 12:38:05,039][flwr][INFO] - 	 'recall': [(0, 0.098),
[2024-08-13 12:38:05,039][flwr][INFO] - 	            (1, 0.1469),
[2024-08-13 12:38:05,039][flwr][INFO] - 	            (2, 0.4171),
[2024-08-13 12:38:05,039][flwr][INFO] - 	            (3, 0.3462),
[2024-08-13 12:38:05,039][flwr][INFO] - 	            (4, 0.5306),
[2024-08-13 12:38:05,039][flwr][INFO] - 	            (5, 0.5243),
[2024-08-13 12:38:05,039][flwr][INFO] - 	            (6, 0.39),
[2024-08-13 12:38:05,040][flwr][INFO] - 	            (7, 0.4663),
[2024-08-13 12:38:05,040][flwr][INFO] - 	            (8, 0.3803),
[2024-08-13 12:38:05,040][flwr][INFO] - 	            (9, 0.4624),
[2024-08-13 12:38:05,040][flwr][INFO] - 	            (10, 0.3764)]}
[2024-08-13 12:38:05,040][flwr][INFO] - 
