[2024-08-13 14:48:05,703][flwr][INFO] - Starting Flower simulation, config: num_rounds=10, no round_timeout
[2024-08-13 14:48:09,879][flwr][INFO] - Flower VCE: Ray initialized with resources: {'memory': 4880029287.0, 'object_store_memory': 2440014643.0, 'node:127.0.0.1': 1.0, 'accelerator_type:G': 1.0, 'node:__internal_head__': 1.0, 'CPU': 16.0, 'GPU': 1.0}
[2024-08-13 14:48:09,879][flwr][INFO] - Optimize your simulation with Flower VCE: https://flower.ai/docs/framework/how-to-run-simulations.html
[2024-08-13 14:48:09,879][flwr][INFO] - Flower VCE: Resources for each Virtual Client: {'num_cpus': 2, 'num_gpus': 0.5}
[2024-08-13 14:48:09,890][flwr][INFO] - Flower VCE: Creating VirtualClientEngineActorPool with 2 actors
[2024-08-13 14:48:09,892][flwr][INFO] - [INIT]
[2024-08-13 14:48:09,892][flwr][INFO] - Requesting initial parameters from one random client
[2024-08-13 14:48:17,287][flwr][INFO] - Received initial parameters from one random client
[2024-08-13 14:48:17,288][flwr][INFO] - Evaluating initial global parameters
[2024-08-13 14:48:19,508][flwr][INFO] - initial parameters (loss, other metrics): 2.3025850929940455, {'accuracy': 0.098, 'precision': 0.009604000000000001, 'recall': 0.098, 'f1': 0.017493624772313296, 'confusion_matrix': array([[ 980,    0,    0,    0,    0,    0,    0,    0,    0,    0],
       [1135,    0,    0,    0,    0,    0,    0,    0,    0,    0],
       [1032,    0,    0,    0,    0,    0,    0,    0,    0,    0],
       [1010,    0,    0,    0,    0,    0,    0,    0,    0,    0],
       [ 982,    0,    0,    0,    0,    0,    0,    0,    0,    0],
       [ 892,    0,    0,    0,    0,    0,    0,    0,    0,    0],
       [ 958,    0,    0,    0,    0,    0,    0,    0,    0,    0],
       [1028,    0,    0,    0,    0,    0,    0,    0,    0,    0],
       [ 974,    0,    0,    0,    0,    0,    0,    0,    0,    0],
       [1009,    0,    0,    0,    0,    0,    0,    0,    0,    0]],
      dtype=int64)}
[2024-08-13 14:48:19,509][flwr][INFO] - 
[2024-08-13 14:48:19,509][flwr][INFO] - [ROUND 1]
[2024-08-13 14:48:19,509][flwr][INFO] - configure_fit: strategy sampled 10 clients (out of 100)
[2024-08-13 14:48:23,036][flwr][INFO] - aggregate_fit: received 10 results and 0 failures
[2024-08-13 14:48:23,039][flwr][WARNING] - No fit_metrics_aggregation_fn provided
[2024-08-13 14:48:25,261][flwr][INFO] - fit progress: (1, 1.152438271990394, {'accuracy': 0.6558, 'precision': 0.7380850704618609, 'recall': 0.6558, 'f1': 0.6258873247304565, 'confusion_matrix': array([[945,   0,   2,  20,   0,   0,   7,   3,   3,   0],
       [  0, 762, 318,  21,   0,   0,   5,   1,   4,  24],
       [ 62,   1, 520, 351,  17,   0,  19,  26,  14,  22],
       [  9,   0,   7, 917,   7,   0,   2,  16,   6,  46],
       [ 19,   2,  10,   0, 597,   0,  16,  15,   5, 318],
       [189,  26,  45, 336,  26,   4,  20,  53,  41, 152],
       [ 94,   3,  35,  13,  20,   0, 781,   9,   0,   3],
       [ 20,  11,  39,   6,   9,   0,   0, 846,  19,  78],
       [ 51,   2,  31, 331,  12,   0,   8,   9, 331, 199],
       [ 40,   3,   2,  13,  57,   0,   0,  34,   5, 855]], dtype=int64)}, 5.751880199997686)
[2024-08-13 14:48:25,261][flwr][INFO] - configure_evaluate: no clients selected, skipping evaluation
[2024-08-13 14:48:25,262][flwr][INFO] - 
[2024-08-13 14:48:25,262][flwr][INFO] - [ROUND 2]
[2024-08-13 14:48:25,262][flwr][INFO] - configure_fit: strategy sampled 10 clients (out of 100)
[2024-08-13 14:48:26,439][flwr][INFO] - aggregate_fit: received 10 results and 0 failures
[2024-08-13 14:48:28,670][flwr][INFO] - fit progress: (2, 1.4716935791502295, {'accuracy': 0.4695, 'precision': 0.5792915052672285, 'recall': 0.4695, 'f1': 0.4306354735991587, 'confusion_matrix': array([[339, 175,   2,   0,   0, 323, 115,   8,  18,   0],
       [  0, 923, 168,   0,   1,  18,   3,   0,  22,   0],
       [  0,  30, 758,   2,  32,  41,  24,  16, 129,   0],
       [  0, 134,  44,  86, 133, 353,  29,   3, 228,   0],
       [  0,   5,   3,   0, 251, 674,   8,   8,  33,   0],
       [  0,  79,  15,   1,   4, 695,  34,   6,  58,   0],
       [  0,  21,  31,   0,  12,  41, 821,  30,   2,   0],
       [  1,  24,  29,   0,   7,  65,   0, 154, 748,   0],
       [  0,  43,  16,   0,  14, 222,  10,   1, 668,   0],
       [  2,   6,   2,   0,  53, 603,   2,  17, 324,   0]], dtype=int64)}, 9.161690300010378)
[2024-08-13 14:48:28,671][flwr][INFO] - configure_evaluate: no clients selected, skipping evaluation
[2024-08-13 14:48:28,671][flwr][INFO] - 
[2024-08-13 14:48:28,671][flwr][INFO] - [ROUND 3]
[2024-08-13 14:48:28,671][flwr][INFO] - configure_fit: strategy sampled 10 clients (out of 100)
[2024-08-13 14:48:29,837][flwr][INFO] - aggregate_fit: received 10 results and 0 failures
[2024-08-13 14:48:32,075][flwr][INFO] - fit progress: (3, 1.2295045313927788, {'accuracy': 0.6397, 'precision': 0.6504087844470268, 'recall': 0.6397, 'f1': 0.5817441126962075, 'confusion_matrix': array([[922,   6,   2,  10,   1,   0,  21,  13,   0,   5],
       [  0, 896, 206,   4,   2,   0,   5,  11,   0,  11],
       [ 26,  16, 591, 286,  20,   0,  19,  49,   2,  23],
       [  7,  13,   9, 819,  38,   0,  10,  23,   0,  91],
       [ 17,   4,   5,   0, 697,   0,  16,  82,   0, 161],
       [147, 110,  21, 173,  88,  11,  96,  52,   1, 193],
       [ 22,  13,  28,   1,   9,   0, 795,  89,   0,   1],
       [ 17,  21,  43,   2,  13,   0,   0, 862,   1,  69],
       [ 29,  54,  33, 151,  44,   0,  28,  16,   1, 618],
       [ 49,   5,   2,   5,  67,   0,   0,  78,   0, 803]], dtype=int64)}, 12.566356200011796)
[2024-08-13 14:48:32,076][flwr][INFO] - configure_evaluate: no clients selected, skipping evaluation
[2024-08-13 14:48:32,076][flwr][INFO] - 
[2024-08-13 14:48:32,076][flwr][INFO] - [ROUND 4]
[2024-08-13 14:48:32,076][flwr][INFO] - configure_fit: strategy sampled 10 clients (out of 100)
[2024-08-13 14:48:33,249][flwr][INFO] - aggregate_fit: received 10 results and 0 failures
[2024-08-13 14:48:35,473][flwr][INFO] - fit progress: (4, 1.143969930785226, {'accuracy': 0.6714, 'precision': 0.7515998256933343, 'recall': 0.6714, 'f1': 0.668683187277572, 'confusion_matrix': array([[787,  53,   3,   5,   1,  16,  75,   3,  37,   0],
       [  0, 936, 149,   2,   1,   3,   3,   0,  41,   0],
       [  6,  23, 783,  61,  18,   3,  24,  17,  97,   0],
       [  0,  32,  20, 647,  34,  46,  23,   7, 200,   1],
       [  5,   5,   2,   0, 704, 130,  27,  13,  95,   1],
       [  6,  78,  11,  49,  11, 508,  68,   9, 152,   0],
       [  9,  19,  32,   0,  12,   5, 855,  24,   2,   0],
       [ 18,  27,  30,   1,  17,   8,   0, 424, 502,   1],
       [  2,  25,  17,  18,  26,  24,  23,   1, 838,   0],
       [ 33,   5,   3,   2, 178,  98,   3,  27, 428, 232]], dtype=int64)}, 15.964879200008)
[2024-08-13 14:48:35,474][flwr][INFO] - configure_evaluate: no clients selected, skipping evaluation
[2024-08-13 14:48:35,474][flwr][INFO] - 
[2024-08-13 14:48:35,474][flwr][INFO] - [ROUND 5]
[2024-08-13 14:48:35,475][flwr][INFO] - configure_fit: strategy sampled 10 clients (out of 100)
[2024-08-13 14:48:36,638][flwr][INFO] - aggregate_fit: received 10 results and 0 failures
[2024-08-13 14:48:38,850][flwr][INFO] - fit progress: (5, 1.3112046701664621, {'accuracy': 0.5924, 'precision': 0.6310037115097544, 'recall': 0.5924, 'f1': 0.5638369887159956, 'confusion_matrix': array([[887,  27,   1,  16,   0,   3,   7,  29,   0,  10],
       [  0, 884, 195,  10,   0,   1,   2,  15,   0,  28],
       [ 17,  11, 361, 480,  10,   1,  14,  65,   0,  73],
       [  1,   4,   3, 845,  10,  11,   3,  23,   0, 110],
       [  9,   3,   2,   1, 365,   2,   3,  64,   0, 533],
       [ 32,  60,  14, 182,  18, 290,  26,  60,   0, 210],
       [ 26,  13,  17,   6,   5,   4, 545, 334,   0,   8],
       [ 11,  14,  20,   9,   7,   1,   0, 827,   0, 139],
       [ 10,  20,  16, 170,   7,   6,  10,  15,   0, 720],
       [ 25,   3,   1,   8,  11,   2,   0,  39,   0, 920]], dtype=int64)}, 19.340713700003107)
[2024-08-13 14:48:38,851][flwr][INFO] - configure_evaluate: no clients selected, skipping evaluation
[2024-08-13 14:48:38,851][flwr][INFO] - 
[2024-08-13 14:48:38,851][flwr][INFO] - [ROUND 6]
[2024-08-13 14:48:38,851][flwr][INFO] - configure_fit: strategy sampled 10 clients (out of 100)
[2024-08-13 14:48:40,167][flwr][INFO] - aggregate_fit: received 10 results and 0 failures
[2024-08-13 14:48:42,404][flwr][INFO] - fit progress: (6, 1.1421415898028942, {'accuracy': 0.6817, 'precision': 0.7416355587808783, 'recall': 0.6817, 'f1': 0.6488281561495282, 'confusion_matrix': array([[747, 133,   1,   1,   2,  15,  72,   2,   7,   0],
       [  0, 965, 141,   1,   2,   4,  15,   1,   6,   0],
       [  7,  30, 832,  33,  32,   1,  27,  18,  52,   0],
       [  3,  53,  36, 559, 143,  47,  47,   9, 113,   0],
       [  6,   5,   2,   0, 840,  70,  30,  11,  18,   0],
       [ 11,  90,  13,  15,  22, 546, 121,  11,  63,   0],
       [  7,  17,  19,   0,  13,   3, 881,  17,   1,   0],
       [ 29,  30,  42,   0,  38,   4,   1, 703, 181,   0],
       [ 11,  46,  26,   6,  68,  31,  50,   1, 735,   0],
       [121,   9,   6,   1, 490, 129,   3,  51, 190,   9]], dtype=int64)}, 22.894592500000726)
[2024-08-13 14:48:42,405][flwr][INFO] - configure_evaluate: no clients selected, skipping evaluation
[2024-08-13 14:48:42,405][flwr][INFO] - 
[2024-08-13 14:48:42,405][flwr][INFO] - [ROUND 7]
[2024-08-13 14:48:42,405][flwr][INFO] - configure_fit: strategy sampled 10 clients (out of 100)
[2024-08-13 14:48:43,530][flwr][INFO] - aggregate_fit: received 10 results and 0 failures
[2024-08-13 14:48:45,776][flwr][INFO] - fit progress: (7, 1.2419660034075766, {'accuracy': 0.5668, 'precision': 0.6685505877135097, 'recall': 0.5668, 'f1': 0.5332282051366857, 'confusion_matrix': array([[838,  81,   0,  24,   0,   2,   6,  25,   0,   4],
       [  0, 872, 198,  32,   0,   1,   1,  10,   1,  20],
       [ 15,   9, 224, 655,   8,   1,  14,  53,   8,  45],
       [  2,   4,   2, 898,   5,   5,   2,  19,   1,  72],
       [ 15,   4,   0,   4, 316,   9,   4,  69,   0, 561],
       [ 60,  64,   8, 218,  12, 265,  32,  51,   5, 177],
       [ 27,  14,   7,  14,   1,   1, 497, 391,   0,   6],
       [ 14,  11,  17,  24,   3,   1,   0, 807,   5, 146],
       [ 16,  22,  10, 237,   6,   5,   9,  14,  32, 623],
       [ 31,   3,   1,  15,   7,   2,   0,  31,   0, 919]], dtype=int64)}, 26.26724000000104)
[2024-08-13 14:48:45,777][flwr][INFO] - configure_evaluate: no clients selected, skipping evaluation
[2024-08-13 14:48:45,777][flwr][INFO] - 
[2024-08-13 14:48:45,777][flwr][INFO] - [ROUND 8]
[2024-08-13 14:48:45,778][flwr][INFO] - configure_fit: strategy sampled 10 clients (out of 100)
[2024-08-13 14:48:46,961][flwr][INFO] - aggregate_fit: received 10 results and 0 failures
[2024-08-13 14:48:49,390][flwr][INFO] - fit progress: (8, 1.1463470040744335, {'accuracy': 0.6487, 'precision': 0.742120492728538, 'recall': 0.6487, 'f1': 0.6189344830463528, 'confusion_matrix': array([[724, 139,   1,   0,   3,  21,  69,   3,  20,   0],
       [  0, 897, 197,   1,   2,   4,  11,   0,  23,   0],
       [  3,  22, 839,   7,  49,   1,  24,  15,  72,   0],
       [  1,  44,  46, 324, 327,  41,  45,   9, 173,   0],
       [  5,   4,   2,   0, 848,  56,  26,   7,  34,   0],
       [  5,  63,  13,   8,  27, 556, 105,  10, 105,   0],
       [  7,  15,  19,   0,  19,   5, 875,  17,   1,   0],
       [ 28,  23,  40,   0,  43,   3,   1, 573, 317,   0],
       [  4,  22,  25,   1,  61,  24,  31,   1, 805,   0],
       [108,   7,   5,   0, 435,  85,   2,  31, 290,  46]], dtype=int64)}, 29.880732400008128)
[2024-08-13 14:48:49,391][flwr][INFO] - configure_evaluate: no clients selected, skipping evaluation
[2024-08-13 14:48:49,391][flwr][INFO] - 
[2024-08-13 14:48:49,391][flwr][INFO] - [ROUND 9]
[2024-08-13 14:48:49,391][flwr][INFO] - configure_fit: strategy sampled 10 clients (out of 100)
[2024-08-13 14:48:50,544][flwr][INFO] - aggregate_fit: received 10 results and 0 failures
[2024-08-13 14:48:52,764][flwr][INFO] - fit progress: (9, 1.0645851661301011, {'accuracy': 0.6847, 'precision': 0.7454251328041006, 'recall': 0.6847, 'f1': 0.6619666957489746, 'confusion_matrix': array([[853,  55,   1,  16,   0,  11,  23,  17,   0,   4],
       [  0, 980, 114,  24,   1,   3,   7,   4,   0,   2],
       [ 11,  21, 522, 369,   8,   3,  18,  43,   9,  28],
       [  2,   7,   4, 898,   1,  21,   2,  21,   1,  53],
       [  9,   6,   2,   2, 462,  89,  15,  67,   0, 330],
       [ 22,  61,   7, 128,   2, 538,  42,  35,   2,  55],
       [ 18,  13,  15,   2,   3,   7, 764, 135,   0,   1],
       [ 13,  23,  26,  15,   5,   1,   0, 871,   3,  71],
       [ 16,  52,  11, 221,   3,  33,  22,  16,  80, 520],
       [ 38,   6,   3,  16,  12,   9,   0,  46,   0, 879]], dtype=int64)}, 33.25553239999863)
[2024-08-13 14:48:52,765][flwr][INFO] - configure_evaluate: no clients selected, skipping evaluation
[2024-08-13 14:48:52,765][flwr][INFO] - 
[2024-08-13 14:48:52,765][flwr][INFO] - [ROUND 10]
[2024-08-13 14:48:52,766][flwr][INFO] - configure_fit: strategy sampled 10 clients (out of 100)
[2024-08-13 14:48:53,998][flwr][INFO] - aggregate_fit: received 10 results and 0 failures
[2024-08-13 14:48:56,215][flwr][INFO] - fit progress: (10, 1.0504418516774117, {'accuracy': 0.6976, 'precision': 0.7705376287519886, 'recall': 0.6976, 'f1': 0.6800253702533559, 'confusion_matrix': array([[832,  63,   2,   0,   6,   7,  40,   6,  24,   0],
       [  0, 923, 154,   1,   2,   2,   8,   1,  44,   0],
       [  9,  15, 823,  19,  47,   0,  18,  20,  81,   0],
       [  4,  31,  34, 472, 223,  29,  30,  14, 172,   1],
       [  6,   3,   1,   0, 902,   5,  18,  14,  33,   0],
       [ 22,  59,   7,  18,  38, 498,  92,  16, 141,   1],
       [ 12,  12,  19,   0,  24,   3, 847,  40,   1,   0],
       [ 30,  22,  33,   0,  42,   1,   1, 689, 210,   0],
       [ 10,   9,  19,   2,  60,  10,  22,   1, 841,   0],
       [151,   6,   5,   0, 389,  21,   1,  46, 241, 149]], dtype=int64)}, 36.70653989999846)
[2024-08-13 14:48:56,216][flwr][INFO] - configure_evaluate: no clients selected, skipping evaluation
[2024-08-13 14:48:56,216][flwr][INFO] - 
[2024-08-13 14:48:56,216][flwr][INFO] - [SUMMARY]
[2024-08-13 14:48:56,216][flwr][INFO] - Run finished 10 round(s) in 36.71s
[2024-08-13 14:48:56,225][flwr][INFO] - 	History (loss, centralized):
[2024-08-13 14:48:56,225][flwr][INFO] - 		round 0: 2.3025850929940455
[2024-08-13 14:48:56,225][flwr][INFO] - 		round 1: 1.152438271990394
[2024-08-13 14:48:56,225][flwr][INFO] - 		round 2: 1.4716935791502295
[2024-08-13 14:48:56,225][flwr][INFO] - 		round 3: 1.2295045313927788
[2024-08-13 14:48:56,225][flwr][INFO] - 		round 4: 1.143969930785226
[2024-08-13 14:48:56,225][flwr][INFO] - 		round 5: 1.3112046701664621
[2024-08-13 14:48:56,225][flwr][INFO] - 		round 6: 1.1421415898028942
[2024-08-13 14:48:56,225][flwr][INFO] - 		round 7: 1.2419660034075766
[2024-08-13 14:48:56,225][flwr][INFO] - 		round 8: 1.1463470040744335
[2024-08-13 14:48:56,225][flwr][INFO] - 		round 9: 1.0645851661301011
[2024-08-13 14:48:56,225][flwr][INFO] - 		round 10: 1.0504418516774117
[2024-08-13 14:48:56,226][flwr][INFO] - 	History (metrics, centralized):
[2024-08-13 14:48:56,226][flwr][INFO] - 	{'accuracy': [(0, 0.098),
[2024-08-13 14:48:56,226][flwr][INFO] - 	              (1, 0.6558),
[2024-08-13 14:48:56,226][flwr][INFO] - 	              (2, 0.4695),
[2024-08-13 14:48:56,226][flwr][INFO] - 	              (3, 0.6397),
[2024-08-13 14:48:56,226][flwr][INFO] - 	              (4, 0.6714),
[2024-08-13 14:48:56,226][flwr][INFO] - 	              (5, 0.5924),
[2024-08-13 14:48:56,226][flwr][INFO] - 	              (6, 0.6817),
[2024-08-13 14:48:56,226][flwr][INFO] - 	              (7, 0.5668),
[2024-08-13 14:48:56,226][flwr][INFO] - 	              (8, 0.6487),
[2024-08-13 14:48:56,226][flwr][INFO] - 	              (9, 0.6847),
[2024-08-13 14:48:56,226][flwr][INFO] - 	              (10, 0.6976)],
[2024-08-13 14:48:56,226][flwr][INFO] - 	 'confusion_matrix': [(0,
[2024-08-13 14:48:56,226][flwr][INFO] - 	                       array([[ 980,    0,    0,    0,    0,    0,    0,    0,    0,    0],
[2024-08-13 14:48:56,226][flwr][INFO] - 	       [1135,    0,    0,    0,    0,    0,    0,    0,    0,    0],
[2024-08-13 14:48:56,226][flwr][INFO] - 	       [1032,    0,    0,    0,    0,    0,    0,    0,    0,    0],
[2024-08-13 14:48:56,227][flwr][INFO] - 	       [1010,    0,    0,    0,    0,    0,    0,    0,    0,    0],
[2024-08-13 14:48:56,227][flwr][INFO] - 	       [ 982,    0,    0,    0,    0,    0,    0,    0,    0,    0],
[2024-08-13 14:48:56,227][flwr][INFO] - 	       [ 892,    0,    0,    0,    0,    0,    0,    0,    0,    0],
[2024-08-13 14:48:56,227][flwr][INFO] - 	       [ 958,    0,    0,    0,    0,    0,    0,    0,    0,    0],
[2024-08-13 14:48:56,227][flwr][INFO] - 	       [1028,    0,    0,    0,    0,    0,    0,    0,    0,    0],
[2024-08-13 14:48:56,227][flwr][INFO] - 	       [ 974,    0,    0,    0,    0,    0,    0,    0,    0,    0],
[2024-08-13 14:48:56,227][flwr][INFO] - 	       [1009,    0,    0,    0,    0,    0,    0,    0,    0,    0]],
[2024-08-13 14:48:56,227][flwr][INFO] - 	      dtype=int64)),
[2024-08-13 14:48:56,227][flwr][INFO] - 	                      (1,
[2024-08-13 14:48:56,227][flwr][INFO] - 	                       array([[945,   0,   2,  20,   0,   0,   7,   3,   3,   0],
[2024-08-13 14:48:56,227][flwr][INFO] - 	       [  0, 762, 318,  21,   0,   0,   5,   1,   4,  24],
[2024-08-13 14:48:56,227][flwr][INFO] - 	       [ 62,   1, 520, 351,  17,   0,  19,  26,  14,  22],
[2024-08-13 14:48:56,227][flwr][INFO] - 	       [  9,   0,   7, 917,   7,   0,   2,  16,   6,  46],
[2024-08-13 14:48:56,227][flwr][INFO] - 	       [ 19,   2,  10,   0, 597,   0,  16,  15,   5, 318],
[2024-08-13 14:48:56,227][flwr][INFO] - 	       [189,  26,  45, 336,  26,   4,  20,  53,  41, 152],
[2024-08-13 14:48:56,227][flwr][INFO] - 	       [ 94,   3,  35,  13,  20,   0, 781,   9,   0,   3],
[2024-08-13 14:48:56,227][flwr][INFO] - 	       [ 20,  11,  39,   6,   9,   0,   0, 846,  19,  78],
[2024-08-13 14:48:56,228][flwr][INFO] - 	       [ 51,   2,  31, 331,  12,   0,   8,   9, 331, 199],
[2024-08-13 14:48:56,228][flwr][INFO] - 	       [ 40,   3,   2,  13,  57,   0,   0,  34,   5, 855]], dtype=int64)),
[2024-08-13 14:48:56,228][flwr][INFO] - 	                      (2,
[2024-08-13 14:48:56,228][flwr][INFO] - 	                       array([[339, 175,   2,   0,   0, 323, 115,   8,  18,   0],
[2024-08-13 14:48:56,228][flwr][INFO] - 	       [  0, 923, 168,   0,   1,  18,   3,   0,  22,   0],
[2024-08-13 14:48:56,228][flwr][INFO] - 	       [  0,  30, 758,   2,  32,  41,  24,  16, 129,   0],
[2024-08-13 14:48:56,228][flwr][INFO] - 	       [  0, 134,  44,  86, 133, 353,  29,   3, 228,   0],
[2024-08-13 14:48:56,228][flwr][INFO] - 	       [  0,   5,   3,   0, 251, 674,   8,   8,  33,   0],
[2024-08-13 14:48:56,228][flwr][INFO] - 	       [  0,  79,  15,   1,   4, 695,  34,   6,  58,   0],
[2024-08-13 14:48:56,228][flwr][INFO] - 	       [  0,  21,  31,   0,  12,  41, 821,  30,   2,   0],
[2024-08-13 14:48:56,228][flwr][INFO] - 	       [  1,  24,  29,   0,   7,  65,   0, 154, 748,   0],
[2024-08-13 14:48:56,228][flwr][INFO] - 	       [  0,  43,  16,   0,  14, 222,  10,   1, 668,   0],
[2024-08-13 14:48:56,228][flwr][INFO] - 	       [  2,   6,   2,   0,  53, 603,   2,  17, 324,   0]], dtype=int64)),
[2024-08-13 14:48:56,228][flwr][INFO] - 	                      (3,
[2024-08-13 14:48:56,228][flwr][INFO] - 	                       array([[922,   6,   2,  10,   1,   0,  21,  13,   0,   5],
[2024-08-13 14:48:56,228][flwr][INFO] - 	       [  0, 896, 206,   4,   2,   0,   5,  11,   0,  11],
[2024-08-13 14:48:56,228][flwr][INFO] - 	       [ 26,  16, 591, 286,  20,   0,  19,  49,   2,  23],
[2024-08-13 14:48:56,229][flwr][INFO] - 	       [  7,  13,   9, 819,  38,   0,  10,  23,   0,  91],
[2024-08-13 14:48:56,229][flwr][INFO] - 	       [ 17,   4,   5,   0, 697,   0,  16,  82,   0, 161],
[2024-08-13 14:48:56,229][flwr][INFO] - 	       [147, 110,  21, 173,  88,  11,  96,  52,   1, 193],
[2024-08-13 14:48:56,229][flwr][INFO] - 	       [ 22,  13,  28,   1,   9,   0, 795,  89,   0,   1],
[2024-08-13 14:48:56,229][flwr][INFO] - 	       [ 17,  21,  43,   2,  13,   0,   0, 862,   1,  69],
[2024-08-13 14:48:56,229][flwr][INFO] - 	       [ 29,  54,  33, 151,  44,   0,  28,  16,   1, 618],
[2024-08-13 14:48:56,229][flwr][INFO] - 	       [ 49,   5,   2,   5,  67,   0,   0,  78,   0, 803]], dtype=int64)),
[2024-08-13 14:48:56,229][flwr][INFO] - 	                      (4,
[2024-08-13 14:48:56,229][flwr][INFO] - 	                       array([[787,  53,   3,   5,   1,  16,  75,   3,  37,   0],
[2024-08-13 14:48:56,229][flwr][INFO] - 	       [  0, 936, 149,   2,   1,   3,   3,   0,  41,   0],
[2024-08-13 14:48:56,229][flwr][INFO] - 	       [  6,  23, 783,  61,  18,   3,  24,  17,  97,   0],
[2024-08-13 14:48:56,229][flwr][INFO] - 	       [  0,  32,  20, 647,  34,  46,  23,   7, 200,   1],
[2024-08-13 14:48:56,229][flwr][INFO] - 	       [  5,   5,   2,   0, 704, 130,  27,  13,  95,   1],
[2024-08-13 14:48:56,229][flwr][INFO] - 	       [  6,  78,  11,  49,  11, 508,  68,   9, 152,   0],
[2024-08-13 14:48:56,229][flwr][INFO] - 	       [  9,  19,  32,   0,  12,   5, 855,  24,   2,   0],
[2024-08-13 14:48:56,229][flwr][INFO] - 	       [ 18,  27,  30,   1,  17,   8,   0, 424, 502,   1],
[2024-08-13 14:48:56,229][flwr][INFO] - 	       [  2,  25,  17,  18,  26,  24,  23,   1, 838,   0],
[2024-08-13 14:48:56,230][flwr][INFO] - 	       [ 33,   5,   3,   2, 178,  98,   3,  27, 428, 232]], dtype=int64)),
[2024-08-13 14:48:56,230][flwr][INFO] - 	                      (5,
[2024-08-13 14:48:56,230][flwr][INFO] - 	                       array([[887,  27,   1,  16,   0,   3,   7,  29,   0,  10],
[2024-08-13 14:48:56,230][flwr][INFO] - 	       [  0, 884, 195,  10,   0,   1,   2,  15,   0,  28],
[2024-08-13 14:48:56,230][flwr][INFO] - 	       [ 17,  11, 361, 480,  10,   1,  14,  65,   0,  73],
[2024-08-13 14:48:56,230][flwr][INFO] - 	       [  1,   4,   3, 845,  10,  11,   3,  23,   0, 110],
[2024-08-13 14:48:56,230][flwr][INFO] - 	       [  9,   3,   2,   1, 365,   2,   3,  64,   0, 533],
[2024-08-13 14:48:56,230][flwr][INFO] - 	       [ 32,  60,  14, 182,  18, 290,  26,  60,   0, 210],
[2024-08-13 14:48:56,230][flwr][INFO] - 	       [ 26,  13,  17,   6,   5,   4, 545, 334,   0,   8],
[2024-08-13 14:48:56,230][flwr][INFO] - 	       [ 11,  14,  20,   9,   7,   1,   0, 827,   0, 139],
[2024-08-13 14:48:56,230][flwr][INFO] - 	       [ 10,  20,  16, 170,   7,   6,  10,  15,   0, 720],
[2024-08-13 14:48:56,230][flwr][INFO] - 	       [ 25,   3,   1,   8,  11,   2,   0,  39,   0, 920]], dtype=int64)),
[2024-08-13 14:48:56,230][flwr][INFO] - 	                      (6,
[2024-08-13 14:48:56,230][flwr][INFO] - 	                       array([[747, 133,   1,   1,   2,  15,  72,   2,   7,   0],
[2024-08-13 14:48:56,230][flwr][INFO] - 	       [  0, 965, 141,   1,   2,   4,  15,   1,   6,   0],
[2024-08-13 14:48:56,230][flwr][INFO] - 	       [  7,  30, 832,  33,  32,   1,  27,  18,  52,   0],
[2024-08-13 14:48:56,231][flwr][INFO] - 	       [  3,  53,  36, 559, 143,  47,  47,   9, 113,   0],
[2024-08-13 14:48:56,231][flwr][INFO] - 	       [  6,   5,   2,   0, 840,  70,  30,  11,  18,   0],
[2024-08-13 14:48:56,231][flwr][INFO] - 	       [ 11,  90,  13,  15,  22, 546, 121,  11,  63,   0],
[2024-08-13 14:48:56,231][flwr][INFO] - 	       [  7,  17,  19,   0,  13,   3, 881,  17,   1,   0],
[2024-08-13 14:48:56,231][flwr][INFO] - 	       [ 29,  30,  42,   0,  38,   4,   1, 703, 181,   0],
[2024-08-13 14:48:56,231][flwr][INFO] - 	       [ 11,  46,  26,   6,  68,  31,  50,   1, 735,   0],
[2024-08-13 14:48:56,231][flwr][INFO] - 	       [121,   9,   6,   1, 490, 129,   3,  51, 190,   9]], dtype=int64)),
[2024-08-13 14:48:56,231][flwr][INFO] - 	                      (7,
[2024-08-13 14:48:56,231][flwr][INFO] - 	                       array([[838,  81,   0,  24,   0,   2,   6,  25,   0,   4],
[2024-08-13 14:48:56,231][flwr][INFO] - 	       [  0, 872, 198,  32,   0,   1,   1,  10,   1,  20],
[2024-08-13 14:48:56,231][flwr][INFO] - 	       [ 15,   9, 224, 655,   8,   1,  14,  53,   8,  45],
[2024-08-13 14:48:56,231][flwr][INFO] - 	       [  2,   4,   2, 898,   5,   5,   2,  19,   1,  72],
[2024-08-13 14:48:56,231][flwr][INFO] - 	       [ 15,   4,   0,   4, 316,   9,   4,  69,   0, 561],
[2024-08-13 14:48:56,231][flwr][INFO] - 	       [ 60,  64,   8, 218,  12, 265,  32,  51,   5, 177],
[2024-08-13 14:48:56,231][flwr][INFO] - 	       [ 27,  14,   7,  14,   1,   1, 497, 391,   0,   6],
[2024-08-13 14:48:56,231][flwr][INFO] - 	       [ 14,  11,  17,  24,   3,   1,   0, 807,   5, 146],
[2024-08-13 14:48:56,231][flwr][INFO] - 	       [ 16,  22,  10, 237,   6,   5,   9,  14,  32, 623],
[2024-08-13 14:48:56,232][flwr][INFO] - 	       [ 31,   3,   1,  15,   7,   2,   0,  31,   0, 919]], dtype=int64)),
[2024-08-13 14:48:56,232][flwr][INFO] - 	                      (8,
[2024-08-13 14:48:56,232][flwr][INFO] - 	                       array([[724, 139,   1,   0,   3,  21,  69,   3,  20,   0],
[2024-08-13 14:48:56,232][flwr][INFO] - 	       [  0, 897, 197,   1,   2,   4,  11,   0,  23,   0],
[2024-08-13 14:48:56,232][flwr][INFO] - 	       [  3,  22, 839,   7,  49,   1,  24,  15,  72,   0],
[2024-08-13 14:48:56,232][flwr][INFO] - 	       [  1,  44,  46, 324, 327,  41,  45,   9, 173,   0],
[2024-08-13 14:48:56,232][flwr][INFO] - 	       [  5,   4,   2,   0, 848,  56,  26,   7,  34,   0],
[2024-08-13 14:48:56,232][flwr][INFO] - 	       [  5,  63,  13,   8,  27, 556, 105,  10, 105,   0],
[2024-08-13 14:48:56,232][flwr][INFO] - 	       [  7,  15,  19,   0,  19,   5, 875,  17,   1,   0],
[2024-08-13 14:48:56,232][flwr][INFO] - 	       [ 28,  23,  40,   0,  43,   3,   1, 573, 317,   0],
[2024-08-13 14:48:56,232][flwr][INFO] - 	       [  4,  22,  25,   1,  61,  24,  31,   1, 805,   0],
[2024-08-13 14:48:56,232][flwr][INFO] - 	       [108,   7,   5,   0, 435,  85,   2,  31, 290,  46]], dtype=int64)),
[2024-08-13 14:48:56,232][flwr][INFO] - 	                      (9,
[2024-08-13 14:48:56,232][flwr][INFO] - 	                       array([[853,  55,   1,  16,   0,  11,  23,  17,   0,   4],
[2024-08-13 14:48:56,232][flwr][INFO] - 	       [  0, 980, 114,  24,   1,   3,   7,   4,   0,   2],
[2024-08-13 14:48:56,232][flwr][INFO] - 	       [ 11,  21, 522, 369,   8,   3,  18,  43,   9,  28],
[2024-08-13 14:48:56,232][flwr][INFO] - 	       [  2,   7,   4, 898,   1,  21,   2,  21,   1,  53],
[2024-08-13 14:48:56,233][flwr][INFO] - 	       [  9,   6,   2,   2, 462,  89,  15,  67,   0, 330],
[2024-08-13 14:48:56,233][flwr][INFO] - 	       [ 22,  61,   7, 128,   2, 538,  42,  35,   2,  55],
[2024-08-13 14:48:56,233][flwr][INFO] - 	       [ 18,  13,  15,   2,   3,   7, 764, 135,   0,   1],
[2024-08-13 14:48:56,233][flwr][INFO] - 	       [ 13,  23,  26,  15,   5,   1,   0, 871,   3,  71],
[2024-08-13 14:48:56,233][flwr][INFO] - 	       [ 16,  52,  11, 221,   3,  33,  22,  16,  80, 520],
[2024-08-13 14:48:56,233][flwr][INFO] - 	       [ 38,   6,   3,  16,  12,   9,   0,  46,   0, 879]], dtype=int64)),
[2024-08-13 14:48:56,233][flwr][INFO] - 	                      (10,
[2024-08-13 14:48:56,233][flwr][INFO] - 	                       array([[832,  63,   2,   0,   6,   7,  40,   6,  24,   0],
[2024-08-13 14:48:56,233][flwr][INFO] - 	       [  0, 923, 154,   1,   2,   2,   8,   1,  44,   0],
[2024-08-13 14:48:56,233][flwr][INFO] - 	       [  9,  15, 823,  19,  47,   0,  18,  20,  81,   0],
[2024-08-13 14:48:56,233][flwr][INFO] - 	       [  4,  31,  34, 472, 223,  29,  30,  14, 172,   1],
[2024-08-13 14:48:56,233][flwr][INFO] - 	       [  6,   3,   1,   0, 902,   5,  18,  14,  33,   0],
[2024-08-13 14:48:56,233][flwr][INFO] - 	       [ 22,  59,   7,  18,  38, 498,  92,  16, 141,   1],
[2024-08-13 14:48:56,233][flwr][INFO] - 	       [ 12,  12,  19,   0,  24,   3, 847,  40,   1,   0],
[2024-08-13 14:48:56,233][flwr][INFO] - 	       [ 30,  22,  33,   0,  42,   1,   1, 689, 210,   0],
[2024-08-13 14:48:56,233][flwr][INFO] - 	       [ 10,   9,  19,   2,  60,  10,  22,   1, 841,   0],
[2024-08-13 14:48:56,233][flwr][INFO] - 	       [151,   6,   5,   0, 389,  21,   1,  46, 241, 149]], dtype=int64))],
[2024-08-13 14:48:56,234][flwr][INFO] - 	 'f1': [(0, 0.017493624772313296),
[2024-08-13 14:48:56,234][flwr][INFO] - 	        (1, 0.6258873247304565),
[2024-08-13 14:48:56,234][flwr][INFO] - 	        (2, 0.4306354735991587),
[2024-08-13 14:48:56,234][flwr][INFO] - 	        (3, 0.5817441126962075),
[2024-08-13 14:48:56,234][flwr][INFO] - 	        (4, 0.668683187277572),
[2024-08-13 14:48:56,234][flwr][INFO] - 	        (5, 0.5638369887159956),
[2024-08-13 14:48:56,234][flwr][INFO] - 	        (6, 0.6488281561495282),
[2024-08-13 14:48:56,234][flwr][INFO] - 	        (7, 0.5332282051366857),
[2024-08-13 14:48:56,234][flwr][INFO] - 	        (8, 0.6189344830463528),
[2024-08-13 14:48:56,234][flwr][INFO] - 	        (9, 0.6619666957489746),
[2024-08-13 14:48:56,234][flwr][INFO] - 	        (10, 0.6800253702533559)],
[2024-08-13 14:48:56,234][flwr][INFO] - 	 'precision': [(0, 0.009604000000000001),
[2024-08-13 14:48:56,234][flwr][INFO] - 	               (1, 0.7380850704618609),
[2024-08-13 14:48:56,234][flwr][INFO] - 	               (2, 0.5792915052672285),
[2024-08-13 14:48:56,234][flwr][INFO] - 	               (3, 0.6504087844470268),
[2024-08-13 14:48:56,234][flwr][INFO] - 	               (4, 0.7515998256933343),
[2024-08-13 14:48:56,234][flwr][INFO] - 	               (5, 0.6310037115097544),
[2024-08-13 14:48:56,235][flwr][INFO] - 	               (6, 0.7416355587808783),
[2024-08-13 14:48:56,235][flwr][INFO] - 	               (7, 0.6685505877135097),
[2024-08-13 14:48:56,235][flwr][INFO] - 	               (8, 0.742120492728538),
[2024-08-13 14:48:56,235][flwr][INFO] - 	               (9, 0.7454251328041006),
[2024-08-13 14:48:56,235][flwr][INFO] - 	               (10, 0.7705376287519886)],
[2024-08-13 14:48:56,235][flwr][INFO] - 	 'recall': [(0, 0.098),
[2024-08-13 14:48:56,235][flwr][INFO] - 	            (1, 0.6558),
[2024-08-13 14:48:56,235][flwr][INFO] - 	            (2, 0.4695),
[2024-08-13 14:48:56,235][flwr][INFO] - 	            (3, 0.6397),
[2024-08-13 14:48:56,235][flwr][INFO] - 	            (4, 0.6714),
[2024-08-13 14:48:56,235][flwr][INFO] - 	            (5, 0.5924),
[2024-08-13 14:48:56,235][flwr][INFO] - 	            (6, 0.6817),
[2024-08-13 14:48:56,235][flwr][INFO] - 	            (7, 0.5668),
[2024-08-13 14:48:56,235][flwr][INFO] - 	            (8, 0.6487),
[2024-08-13 14:48:56,235][flwr][INFO] - 	            (9, 0.6847),
[2024-08-13 14:48:56,236][flwr][INFO] - 	            (10, 0.6976)]}
[2024-08-13 14:48:56,236][flwr][INFO] - 
