[2024-08-13 14:49:09,459][flwr][INFO] - Starting Flower simulation, config: num_rounds=10, no round_timeout
[2024-08-13 14:49:13,614][flwr][INFO] - Flower VCE: Ray initialized with resources: {'node:127.0.0.1': 1.0, 'object_store_memory': 2400568934.0, 'memory': 4801137870.0, 'accelerator_type:G': 1.0, 'CPU': 16.0, 'node:__internal_head__': 1.0, 'GPU': 1.0}
[2024-08-13 14:49:13,614][flwr][INFO] - Optimize your simulation with Flower VCE: https://flower.ai/docs/framework/how-to-run-simulations.html
[2024-08-13 14:49:13,614][flwr][INFO] - Flower VCE: Resources for each Virtual Client: {'num_cpus': 2, 'num_gpus': 0.5}
[2024-08-13 14:49:13,626][flwr][INFO] - Flower VCE: Creating VirtualClientEngineActorPool with 2 actors
[2024-08-13 14:49:13,628][flwr][INFO] - [INIT]
[2024-08-13 14:49:13,628][flwr][INFO] - Requesting initial parameters from one random client
[2024-08-13 14:49:21,148][flwr][INFO] - Received initial parameters from one random client
[2024-08-13 14:49:21,149][flwr][INFO] - Evaluating initial global parameters
[2024-08-13 14:49:23,353][flwr][INFO] - initial parameters (loss, other metrics): 2.3025850929940455, {'accuracy': 0.098, 'precision': 0.009604000000000001, 'recall': 0.098, 'f1': 0.017493624772313296, 'confusion_matrix': array([[ 980,    0,    0,    0,    0,    0,    0,    0,    0,    0],
       [1135,    0,    0,    0,    0,    0,    0,    0,    0,    0],
       [1032,    0,    0,    0,    0,    0,    0,    0,    0,    0],
       [1010,    0,    0,    0,    0,    0,    0,    0,    0,    0],
       [ 982,    0,    0,    0,    0,    0,    0,    0,    0,    0],
       [ 892,    0,    0,    0,    0,    0,    0,    0,    0,    0],
       [ 958,    0,    0,    0,    0,    0,    0,    0,    0,    0],
       [1028,    0,    0,    0,    0,    0,    0,    0,    0,    0],
       [ 974,    0,    0,    0,    0,    0,    0,    0,    0,    0],
       [1009,    0,    0,    0,    0,    0,    0,    0,    0,    0]],
      dtype=int64)}
[2024-08-13 14:49:23,354][flwr][INFO] - 
[2024-08-13 14:49:23,354][flwr][INFO] - [ROUND 1]
[2024-08-13 14:49:23,354][flwr][INFO] - configure_fit: strategy sampled 10 clients (out of 100)
[2024-08-13 14:49:26,896][flwr][INFO] - aggregate_fit: received 10 results and 0 failures
[2024-08-13 14:49:26,899][flwr][WARNING] - No fit_metrics_aggregation_fn provided
[2024-08-13 14:49:28,965][flwr][INFO] - fit progress: (1, 1.1625680869806616, {'accuracy': 0.6459, 'precision': 0.7854938730906785, 'recall': 0.6459, 'f1': 0.6406018130031637, 'confusion_matrix': array([[942,   0,   1,   0,   0,   0,   5,   0,  32,   0],
       [  0, 879, 116,   2,   0,   0,   4,   0, 134,   0],
       [ 64,   5, 693,  52,  14,   0,  11,   7, 181,   5],
       [ 19,   3,  16, 672,  12,   0,   9,   3, 273,   3],
       [ 41,   2,   2,   0, 547,   0,  15,   4, 255, 116],
       [154,  29,  17, 111,  30,   7,  16,   2, 507,  19],
       [ 98,   6,  35,   1,  10,   0, 749,   3,  56,   0],
       [ 34,  13,  11,   0,  13,   0,   0, 514, 411,  32],
       [ 28,   0,   8,  20,  10,   0,   7,   1, 898,   2],
       [ 56,   1,   1,   2,  65,   0,   1,   7, 318, 558]], dtype=int64)}, 5.611982000002172)
[2024-08-13 14:49:28,966][flwr][INFO] - configure_evaluate: no clients selected, skipping evaluation
[2024-08-13 14:49:28,966][flwr][INFO] - 
[2024-08-13 14:49:28,966][flwr][INFO] - [ROUND 2]
[2024-08-13 14:49:28,967][flwr][INFO] - configure_fit: strategy sampled 10 clients (out of 100)
[2024-08-13 14:49:30,161][flwr][INFO] - aggregate_fit: received 10 results and 0 failures
[2024-08-13 14:49:32,301][flwr][INFO] - fit progress: (2, 1.5866211886872301, {'accuracy': 0.544, 'precision': 0.5748983704076761, 'recall': 0.544, 'f1': 0.4971909039020198, 'confusion_matrix': array([[ 94, 466,   2,  40,   0, 260,  73,  45,   0,   0],
       [  0, 876, 229,   5,   0,  19,   3,   2,   0,   1],
       [  0,  36, 534, 337,  11,  23,  17,  64,   0,  10],
       [  0,  16,   8, 845,   5,  70,   5,  25,   0,  36],
       [  0,   4,   8,   0, 309, 521,  11, 114,   0,  15],
       [  1,  89,  15, 118,  11, 601,  19,  37,   0,   1],
       [  0,  28,  27,   3,   2,  29, 753, 116,   0,   0],
       [  1,  27,  49,   3,   6,   5,   2, 923,   0,  12],
       [  0, 103,  23, 239,   8, 305,  13,  27,   0, 256],
       [  1,  11,   2,   8,  38, 202,   1, 241,   0, 505]], dtype=int64)}, 8.94691579999926)
[2024-08-13 14:49:32,302][flwr][INFO] - configure_evaluate: no clients selected, skipping evaluation
[2024-08-13 14:49:32,302][flwr][INFO] - 
[2024-08-13 14:49:32,302][flwr][INFO] - [ROUND 3]
[2024-08-13 14:49:32,303][flwr][INFO] - configure_fit: strategy sampled 10 clients (out of 100)
[2024-08-13 14:49:33,497][flwr][INFO] - aggregate_fit: received 10 results and 0 failures
[2024-08-13 14:49:35,639][flwr][INFO] - fit progress: (3, 1.738990384515105, {'accuracy': 0.368, 'precision': 0.36657083442749117, 'recall': 0.368, 'f1': 0.297091566801651, 'confusion_matrix': array([[ 955,   19,    1,    0,    1,    0,    2,    0,    2,    0],
       [   1,    9, 1078,    1,    2,    0,    8,    0,   33,    3],
       [ 177,    8,  631,   50,   60,    0,   17,    4,   83,    2],
       [ 143,   20,   26,  117,  575,    0,   29,    2,   90,    8],
       [ 357,    0,    7,    0,  522,    0,    8,    0,   27,   61],
       [ 565,   32,   32,    2,  128,    0,   63,    3,   61,    6],
       [ 202,    2,   25,    0,   16,    0,  687,   23,    1,    2],
       [ 247,    1,   42,    0,   17,    0,    0,   11,  698,   12],
       [ 191,    0,   28,    2,  112,    0,   23,    0,  517,  101],
       [ 626,    0,    2,    0,   58,    0,    0,    1,   91,  231]],
      dtype=int64)}, 12.285133500001393)
[2024-08-13 14:49:35,640][flwr][INFO] - configure_evaluate: no clients selected, skipping evaluation
[2024-08-13 14:49:35,640][flwr][INFO] - 
[2024-08-13 14:49:35,640][flwr][INFO] - [ROUND 4]
[2024-08-13 14:49:35,640][flwr][INFO] - configure_fit: strategy sampled 10 clients (out of 100)
[2024-08-13 14:49:36,851][flwr][INFO] - aggregate_fit: received 10 results and 0 failures
[2024-08-13 14:49:38,969][flwr][INFO] - fit progress: (4, 1.4274211766086329, {'accuracy': 0.5844, 'precision': 0.6692272033943489, 'recall': 0.5844, 'f1': 0.5388140271192329, 'confusion_matrix': array([[  3, 758,   1,  21,   5,   2, 137,  45,   8,   0],
       [  0, 964, 136,   9,   1,   1,  19,   2,   1,   2],
       [  0,  45, 372, 487,   8,   0,  32,  56,  19,  13],
       [  0,  32,   5, 844,  12,  10,  28,  19,  22,  38],
       [  0,   6,   4,   1, 659,  18,  38, 128,   5, 123],
       [  0, 167,   9, 129,  26, 240, 179,  36,  51,  55],
       [  0,  30,   7,   2,   1,   0, 792, 126,   0,   0],
       [  0,  28,  31,  13,  11,   0,   2, 846,  68,  29],
       [  0,  77,   8, 206,  15,   5,  65,  15, 321, 262],
       [  0,  12,   1,  10,  43,   6,   8, 121,   5, 803]], dtype=int64)}, 15.614516300003743)
[2024-08-13 14:49:38,970][flwr][INFO] - configure_evaluate: no clients selected, skipping evaluation
[2024-08-13 14:49:38,970][flwr][INFO] - 
[2024-08-13 14:49:38,970][flwr][INFO] - [ROUND 5]
[2024-08-13 14:49:38,970][flwr][INFO] - configure_fit: strategy sampled 10 clients (out of 100)
[2024-08-13 14:49:40,128][flwr][INFO] - aggregate_fit: received 10 results and 0 failures
[2024-08-13 14:49:42,282][flwr][INFO] - fit progress: (5, 1.5229778705516153, {'accuracy': 0.3995, 'precision': 0.49061578006491857, 'recall': 0.3995, 'f1': 0.31329878304952563, 'confusion_matrix': array([[ 966,    0,    2,    0,    0,    3,    1,    1,    7,    0],
       [   1,    0, 1118,    0,    0,   10,    2,    0,    4,    0],
       [  65,    0,  860,    0,   30,   12,    7,    8,   50,    0],
       [  92,    0,  152,   20,  513,   83,   15,    5,  130,    0],
       [  89,    0,   12,    0,  298,  552,    3,    1,   27,    0],
       [ 187,    1,   69,    0,   24,  527,   18,    3,   63,    0],
       [ 188,    0,   95,    0,   14,   46,  565,   50,    0,    0],
       [ 173,    0,   70,    0,    9,   22,    0,   29,  725,    0],
       [ 103,    0,   80,    0,   51,   80,    5,    1,  654,    0],
       [ 500,    0,    8,    0,   47,  199,    0,    2,  177,   76]],
      dtype=int64)}, 18.927315199995064)
[2024-08-13 14:49:42,283][flwr][INFO] - configure_evaluate: no clients selected, skipping evaluation
[2024-08-13 14:49:42,283][flwr][INFO] - 
[2024-08-13 14:49:42,283][flwr][INFO] - [ROUND 6]
[2024-08-13 14:49:42,283][flwr][INFO] - configure_fit: strategy sampled 10 clients (out of 100)
[2024-08-13 14:49:43,568][flwr][INFO] - aggregate_fit: received 10 results and 0 failures
[2024-08-13 14:49:45,704][flwr][INFO] - fit progress: (6, 1.252949355176612, {'accuracy': 0.5878, 'precision': 0.6624253074984147, 'recall': 0.5878, 'f1': 0.5423742995882356, 'confusion_matrix': array([[ 489,  177,    0,   24,   11,    8,  182,   58,    0,   31],
       [   0, 1053,   15,   17,    1,    0,   18,    2,    1,   28],
       [   0,   45,   99,  692,   19,    1,   33,   66,   14,   63],
       [   0,   16,    0,  792,   22,   11,   32,   22,    1,  114],
       [   0,    5,    0,    1,  600,   16,   19,   58,    0,  283],
       [   1,   86,    1,   80,   23,  309,  177,   42,   14,  159],
       [   0,   18,    1,    3,    5,    1,  765,  163,    0,    2],
       [   3,   24,    4,   19,   13,    0,    2,  826,   11,  126],
       [   1,   43,    1,  111,   19,    5,   42,   11,   24,  717],
       [   3,    5,    0,    4,   21,    7,    1,   47,    0,  921]],
      dtype=int64)}, 22.349694000004092)
[2024-08-13 14:49:45,705][flwr][INFO] - configure_evaluate: no clients selected, skipping evaluation
[2024-08-13 14:49:45,705][flwr][INFO] - 
[2024-08-13 14:49:45,705][flwr][INFO] - [ROUND 7]
[2024-08-13 14:49:45,705][flwr][INFO] - configure_fit: strategy sampled 10 clients (out of 100)
[2024-08-13 14:49:46,891][flwr][INFO] - aggregate_fit: received 10 results and 0 failures
[2024-08-13 14:49:49,045][flwr][INFO] - fit progress: (7, 1.7734802480598875, {'accuracy': 0.3373, 'precision': 0.34878058523455757, 'recall': 0.3373, 'f1': 0.2487246925867288, 'confusion_matrix': array([[ 863,   97,    2,    0,    0,    4,    0,    5,    9,    0],
       [   0,    0, 1121,    0,    0,    3,    0,    2,    9,    0],
       [  38,    1,  893,    1,   22,    9,    4,    8,   56,    0],
       [  47,   28,  159,   27,  531,   22,    3,   14,  179,    0],
       [ 113,    0,   22,    0,  215,  548,    0,    6,   78,    0],
       [ 172,   27,   73,    0,   60,  406,   17,   11,  126,    0],
       [ 122,    5,  124,    0,   10,   36,  200,  461,    0,    0],
       [ 127,    0,   71,    0,    7,    6,    0,   27,  790,    0],
       [  67,    2,   90,    0,   43,   24,    3,    3,  742,    0],
       [ 664,    0,    9,    0,   34,   64,    0,    5,  233,    0]],
      dtype=int64)}, 25.691262099993764)
[2024-08-13 14:49:49,046][flwr][INFO] - configure_evaluate: no clients selected, skipping evaluation
[2024-08-13 14:49:49,046][flwr][INFO] - 
[2024-08-13 14:49:49,046][flwr][INFO] - [ROUND 8]
[2024-08-13 14:49:49,047][flwr][INFO] - configure_fit: strategy sampled 10 clients (out of 100)
[2024-08-13 14:49:50,278][flwr][INFO] - aggregate_fit: received 10 results and 0 failures
[2024-08-13 14:49:52,542][flwr][INFO] - fit progress: (8, 1.331193526264062, {'accuracy': 0.545, 'precision': 0.6041215747538221, 'recall': 0.545, 'f1': 0.47770008230358907, 'confusion_matrix': array([[ 109,  694,    0,   10,    6,   10,   89,   59,    0,    3],
       [   0, 1072,   13,   19,    2,    1,   22,    2,    0,    4],
       [   0,   79,  101,  711,   18,    5,   24,   69,    6,   19],
       [   0,   44,    0,  770,   56,   21,   42,   28,    1,   48],
       [   0,    6,    0,    4,  631,  199,   23,   87,    0,   32],
       [   3,  121,    0,   61,   19,  452,  174,   38,    3,   21],
       [   0,   31,    2,    1,    4,    0,  694,  226,    0,    0],
       [   7,   37,    4,   30,   20,    1,    1,  900,    4,   24],
       [   0,  101,    1,  147,   43,   32,   69,   24,   11,  546],
       [   8,   15,    0,    5,   71,   42,    6,  152,    0,  710]],
      dtype=int64)}, 29.18860290000157)
[2024-08-13 14:49:52,543][flwr][INFO] - configure_evaluate: no clients selected, skipping evaluation
[2024-08-13 14:49:52,543][flwr][INFO] - 
[2024-08-13 14:49:52,543][flwr][INFO] - [ROUND 9]
[2024-08-13 14:49:52,543][flwr][INFO] - configure_fit: strategy sampled 10 clients (out of 100)
[2024-08-13 14:49:53,693][flwr][INFO] - aggregate_fit: received 10 results and 0 failures
[2024-08-13 14:49:55,784][flwr][INFO] - fit progress: (9, 1.5938094403812426, {'accuracy': 0.4181, 'precision': 0.4603595160118165, 'recall': 0.4181, 'f1': 0.34393036273288924, 'confusion_matrix': array([[ 931,   18,    3,    0,    1,    3,    6,    4,   14,    0],
       [   0,    0, 1111,    0,    0,    2,    2,    0,   20,    0],
       [  24,    1,  866,    4,   26,    4,    7,    4,   96,    0],
       [  23,    2,  117,   68,  523,    9,   23,    6,  237,    2],
       [  64,    0,   15,    0,  406,  342,    6,    1,  141,    7],
       [ 114,    1,   63,    1,   77,  298,   85,    4,  246,    3],
       [  84,    0,  100,    0,   12,    9,  603,  140,   10,    0],
       [  72,    0,   58,    0,   11,    4,    0,    5,  878,    0],
       [  43,    0,   49,    0,   36,    5,   12,    0,  828,    1],
       [ 369,    0,    6,    0,   43,   26,    0,    1,  388,  176]],
      dtype=int64)}, 32.4307800999959)
[2024-08-13 14:49:55,785][flwr][INFO] - configure_evaluate: no clients selected, skipping evaluation
[2024-08-13 14:49:55,785][flwr][INFO] - 
[2024-08-13 14:49:55,785][flwr][INFO] - [ROUND 10]
[2024-08-13 14:49:55,786][flwr][INFO] - configure_fit: strategy sampled 10 clients (out of 100)
[2024-08-13 14:49:57,054][flwr][INFO] - aggregate_fit: received 10 results and 0 failures
[2024-08-13 14:49:59,119][flwr][INFO] - fit progress: (10, 1.347060638305609, {'accuracy': 0.552, 'precision': 0.5633533919557657, 'recall': 0.552, 'f1': 0.5032249751158566, 'confusion_matrix': array([[304, 499,   0,  24,   7,  14,  53,  61,   0,  18],
       [  0, 986,  59,  37,   1,   2,  17,   3,   0,  30],
       [  0,  28, 129, 737,  16,   4,  18,  53,   1,  46],
       [  0,  15,   1, 813,  36,  18,  17,  21,   0,  89],
       [  1,   4,   1,   5, 568, 198,  10,  56,   0, 139],
       [  2,  60,   1,  85,  12, 482, 113,  37,   1,  99],
       [  0,  14,   4,   5,   7,   3, 534, 388,   0,   3],
       [ 10,  19,   7,  35,  17,   4,   0, 815,   0, 121],
       [  1,  27,   2, 114,  19,  17,  32,  14,   0, 748],
       [ 10,   5,   1,  10,  34,  20,   1,  39,   0, 889]], dtype=int64)}, 35.76513299999351)
[2024-08-13 14:49:59,120][flwr][INFO] - configure_evaluate: no clients selected, skipping evaluation
[2024-08-13 14:49:59,120][flwr][INFO] - 
[2024-08-13 14:49:59,120][flwr][INFO] - [SUMMARY]
[2024-08-13 14:49:59,120][flwr][INFO] - Run finished 10 round(s) in 35.77s
[2024-08-13 14:49:59,128][flwr][INFO] - 	History (loss, centralized):
[2024-08-13 14:49:59,128][flwr][INFO] - 		round 0: 2.3025850929940455
[2024-08-13 14:49:59,128][flwr][INFO] - 		round 1: 1.1625680869806616
[2024-08-13 14:49:59,128][flwr][INFO] - 		round 2: 1.5866211886872301
[2024-08-13 14:49:59,129][flwr][INFO] - 		round 3: 1.738990384515105
[2024-08-13 14:49:59,129][flwr][INFO] - 		round 4: 1.4274211766086329
[2024-08-13 14:49:59,129][flwr][INFO] - 		round 5: 1.5229778705516153
[2024-08-13 14:49:59,129][flwr][INFO] - 		round 6: 1.252949355176612
[2024-08-13 14:49:59,129][flwr][INFO] - 		round 7: 1.7734802480598875
[2024-08-13 14:49:59,129][flwr][INFO] - 		round 8: 1.331193526264062
[2024-08-13 14:49:59,129][flwr][INFO] - 		round 9: 1.5938094403812426
[2024-08-13 14:49:59,129][flwr][INFO] - 		round 10: 1.347060638305609
[2024-08-13 14:49:59,129][flwr][INFO] - 	History (metrics, centralized):
[2024-08-13 14:49:59,129][flwr][INFO] - 	{'accuracy': [(0, 0.098),
[2024-08-13 14:49:59,129][flwr][INFO] - 	              (1, 0.6459),
[2024-08-13 14:49:59,129][flwr][INFO] - 	              (2, 0.544),
[2024-08-13 14:49:59,129][flwr][INFO] - 	              (3, 0.368),
[2024-08-13 14:49:59,129][flwr][INFO] - 	              (4, 0.5844),
[2024-08-13 14:49:59,129][flwr][INFO] - 	              (5, 0.3995),
[2024-08-13 14:49:59,130][flwr][INFO] - 	              (6, 0.5878),
[2024-08-13 14:49:59,130][flwr][INFO] - 	              (7, 0.3373),
[2024-08-13 14:49:59,130][flwr][INFO] - 	              (8, 0.545),
[2024-08-13 14:49:59,130][flwr][INFO] - 	              (9, 0.4181),
[2024-08-13 14:49:59,130][flwr][INFO] - 	              (10, 0.552)],
[2024-08-13 14:49:59,130][flwr][INFO] - 	 'confusion_matrix': [(0,
[2024-08-13 14:49:59,130][flwr][INFO] - 	                       array([[ 980,    0,    0,    0,    0,    0,    0,    0,    0,    0],
[2024-08-13 14:49:59,130][flwr][INFO] - 	       [1135,    0,    0,    0,    0,    0,    0,    0,    0,    0],
[2024-08-13 14:49:59,130][flwr][INFO] - 	       [1032,    0,    0,    0,    0,    0,    0,    0,    0,    0],
[2024-08-13 14:49:59,130][flwr][INFO] - 	       [1010,    0,    0,    0,    0,    0,    0,    0,    0,    0],
[2024-08-13 14:49:59,130][flwr][INFO] - 	       [ 982,    0,    0,    0,    0,    0,    0,    0,    0,    0],
[2024-08-13 14:49:59,130][flwr][INFO] - 	       [ 892,    0,    0,    0,    0,    0,    0,    0,    0,    0],
[2024-08-13 14:49:59,130][flwr][INFO] - 	       [ 958,    0,    0,    0,    0,    0,    0,    0,    0,    0],
[2024-08-13 14:49:59,130][flwr][INFO] - 	       [1028,    0,    0,    0,    0,    0,    0,    0,    0,    0],
[2024-08-13 14:49:59,130][flwr][INFO] - 	       [ 974,    0,    0,    0,    0,    0,    0,    0,    0,    0],
[2024-08-13 14:49:59,131][flwr][INFO] - 	       [1009,    0,    0,    0,    0,    0,    0,    0,    0,    0]],
[2024-08-13 14:49:59,131][flwr][INFO] - 	      dtype=int64)),
[2024-08-13 14:49:59,131][flwr][INFO] - 	                      (1,
[2024-08-13 14:49:59,131][flwr][INFO] - 	                       array([[942,   0,   1,   0,   0,   0,   5,   0,  32,   0],
[2024-08-13 14:49:59,131][flwr][INFO] - 	       [  0, 879, 116,   2,   0,   0,   4,   0, 134,   0],
[2024-08-13 14:49:59,131][flwr][INFO] - 	       [ 64,   5, 693,  52,  14,   0,  11,   7, 181,   5],
[2024-08-13 14:49:59,131][flwr][INFO] - 	       [ 19,   3,  16, 672,  12,   0,   9,   3, 273,   3],
[2024-08-13 14:49:59,131][flwr][INFO] - 	       [ 41,   2,   2,   0, 547,   0,  15,   4, 255, 116],
[2024-08-13 14:49:59,131][flwr][INFO] - 	       [154,  29,  17, 111,  30,   7,  16,   2, 507,  19],
[2024-08-13 14:49:59,131][flwr][INFO] - 	       [ 98,   6,  35,   1,  10,   0, 749,   3,  56,   0],
[2024-08-13 14:49:59,131][flwr][INFO] - 	       [ 34,  13,  11,   0,  13,   0,   0, 514, 411,  32],
[2024-08-13 14:49:59,131][flwr][INFO] - 	       [ 28,   0,   8,  20,  10,   0,   7,   1, 898,   2],
[2024-08-13 14:49:59,131][flwr][INFO] - 	       [ 56,   1,   1,   2,  65,   0,   1,   7, 318, 558]], dtype=int64)),
[2024-08-13 14:49:59,131][flwr][INFO] - 	                      (2,
[2024-08-13 14:49:59,131][flwr][INFO] - 	                       array([[ 94, 466,   2,  40,   0, 260,  73,  45,   0,   0],
[2024-08-13 14:49:59,131][flwr][INFO] - 	       [  0, 876, 229,   5,   0,  19,   3,   2,   0,   1],
[2024-08-13 14:49:59,131][flwr][INFO] - 	       [  0,  36, 534, 337,  11,  23,  17,  64,   0,  10],
[2024-08-13 14:49:59,131][flwr][INFO] - 	       [  0,  16,   8, 845,   5,  70,   5,  25,   0,  36],
[2024-08-13 14:49:59,132][flwr][INFO] - 	       [  0,   4,   8,   0, 309, 521,  11, 114,   0,  15],
[2024-08-13 14:49:59,132][flwr][INFO] - 	       [  1,  89,  15, 118,  11, 601,  19,  37,   0,   1],
[2024-08-13 14:49:59,132][flwr][INFO] - 	       [  0,  28,  27,   3,   2,  29, 753, 116,   0,   0],
[2024-08-13 14:49:59,132][flwr][INFO] - 	       [  1,  27,  49,   3,   6,   5,   2, 923,   0,  12],
[2024-08-13 14:49:59,132][flwr][INFO] - 	       [  0, 103,  23, 239,   8, 305,  13,  27,   0, 256],
[2024-08-13 14:49:59,132][flwr][INFO] - 	       [  1,  11,   2,   8,  38, 202,   1, 241,   0, 505]], dtype=int64)),
[2024-08-13 14:49:59,132][flwr][INFO] - 	                      (3,
[2024-08-13 14:49:59,132][flwr][INFO] - 	                       array([[ 955,   19,    1,    0,    1,    0,    2,    0,    2,    0],
[2024-08-13 14:49:59,132][flwr][INFO] - 	       [   1,    9, 1078,    1,    2,    0,    8,    0,   33,    3],
[2024-08-13 14:49:59,132][flwr][INFO] - 	       [ 177,    8,  631,   50,   60,    0,   17,    4,   83,    2],
[2024-08-13 14:49:59,132][flwr][INFO] - 	       [ 143,   20,   26,  117,  575,    0,   29,    2,   90,    8],
[2024-08-13 14:49:59,132][flwr][INFO] - 	       [ 357,    0,    7,    0,  522,    0,    8,    0,   27,   61],
[2024-08-13 14:49:59,132][flwr][INFO] - 	       [ 565,   32,   32,    2,  128,    0,   63,    3,   61,    6],
[2024-08-13 14:49:59,132][flwr][INFO] - 	       [ 202,    2,   25,    0,   16,    0,  687,   23,    1,    2],
[2024-08-13 14:49:59,132][flwr][INFO] - 	       [ 247,    1,   42,    0,   17,    0,    0,   11,  698,   12],
[2024-08-13 14:49:59,132][flwr][INFO] - 	       [ 191,    0,   28,    2,  112,    0,   23,    0,  517,  101],
[2024-08-13 14:49:59,133][flwr][INFO] - 	       [ 626,    0,    2,    0,   58,    0,    0,    1,   91,  231]],
[2024-08-13 14:49:59,133][flwr][INFO] - 	      dtype=int64)),
[2024-08-13 14:49:59,133][flwr][INFO] - 	                      (4,
[2024-08-13 14:49:59,133][flwr][INFO] - 	                       array([[  3, 758,   1,  21,   5,   2, 137,  45,   8,   0],
[2024-08-13 14:49:59,133][flwr][INFO] - 	       [  0, 964, 136,   9,   1,   1,  19,   2,   1,   2],
[2024-08-13 14:49:59,133][flwr][INFO] - 	       [  0,  45, 372, 487,   8,   0,  32,  56,  19,  13],
[2024-08-13 14:49:59,133][flwr][INFO] - 	       [  0,  32,   5, 844,  12,  10,  28,  19,  22,  38],
[2024-08-13 14:49:59,133][flwr][INFO] - 	       [  0,   6,   4,   1, 659,  18,  38, 128,   5, 123],
[2024-08-13 14:49:59,133][flwr][INFO] - 	       [  0, 167,   9, 129,  26, 240, 179,  36,  51,  55],
[2024-08-13 14:49:59,133][flwr][INFO] - 	       [  0,  30,   7,   2,   1,   0, 792, 126,   0,   0],
[2024-08-13 14:49:59,133][flwr][INFO] - 	       [  0,  28,  31,  13,  11,   0,   2, 846,  68,  29],
[2024-08-13 14:49:59,133][flwr][INFO] - 	       [  0,  77,   8, 206,  15,   5,  65,  15, 321, 262],
[2024-08-13 14:49:59,133][flwr][INFO] - 	       [  0,  12,   1,  10,  43,   6,   8, 121,   5, 803]], dtype=int64)),
[2024-08-13 14:49:59,133][flwr][INFO] - 	                      (5,
[2024-08-13 14:49:59,133][flwr][INFO] - 	                       array([[ 966,    0,    2,    0,    0,    3,    1,    1,    7,    0],
[2024-08-13 14:49:59,133][flwr][INFO] - 	       [   1,    0, 1118,    0,    0,   10,    2,    0,    4,    0],
[2024-08-13 14:49:59,133][flwr][INFO] - 	       [  65,    0,  860,    0,   30,   12,    7,    8,   50,    0],
[2024-08-13 14:49:59,134][flwr][INFO] - 	       [  92,    0,  152,   20,  513,   83,   15,    5,  130,    0],
[2024-08-13 14:49:59,134][flwr][INFO] - 	       [  89,    0,   12,    0,  298,  552,    3,    1,   27,    0],
[2024-08-13 14:49:59,134][flwr][INFO] - 	       [ 187,    1,   69,    0,   24,  527,   18,    3,   63,    0],
[2024-08-13 14:49:59,134][flwr][INFO] - 	       [ 188,    0,   95,    0,   14,   46,  565,   50,    0,    0],
[2024-08-13 14:49:59,134][flwr][INFO] - 	       [ 173,    0,   70,    0,    9,   22,    0,   29,  725,    0],
[2024-08-13 14:49:59,134][flwr][INFO] - 	       [ 103,    0,   80,    0,   51,   80,    5,    1,  654,    0],
[2024-08-13 14:49:59,134][flwr][INFO] - 	       [ 500,    0,    8,    0,   47,  199,    0,    2,  177,   76]],
[2024-08-13 14:49:59,134][flwr][INFO] - 	      dtype=int64)),
[2024-08-13 14:49:59,134][flwr][INFO] - 	                      (6,
[2024-08-13 14:49:59,134][flwr][INFO] - 	                       array([[ 489,  177,    0,   24,   11,    8,  182,   58,    0,   31],
[2024-08-13 14:49:59,134][flwr][INFO] - 	       [   0, 1053,   15,   17,    1,    0,   18,    2,    1,   28],
[2024-08-13 14:49:59,134][flwr][INFO] - 	       [   0,   45,   99,  692,   19,    1,   33,   66,   14,   63],
[2024-08-13 14:49:59,134][flwr][INFO] - 	       [   0,   16,    0,  792,   22,   11,   32,   22,    1,  114],
[2024-08-13 14:49:59,134][flwr][INFO] - 	       [   0,    5,    0,    1,  600,   16,   19,   58,    0,  283],
[2024-08-13 14:49:59,134][flwr][INFO] - 	       [   1,   86,    1,   80,   23,  309,  177,   42,   14,  159],
[2024-08-13 14:49:59,134][flwr][INFO] - 	       [   0,   18,    1,    3,    5,    1,  765,  163,    0,    2],
[2024-08-13 14:49:59,134][flwr][INFO] - 	       [   3,   24,    4,   19,   13,    0,    2,  826,   11,  126],
[2024-08-13 14:49:59,135][flwr][INFO] - 	       [   1,   43,    1,  111,   19,    5,   42,   11,   24,  717],
[2024-08-13 14:49:59,135][flwr][INFO] - 	       [   3,    5,    0,    4,   21,    7,    1,   47,    0,  921]],
[2024-08-13 14:49:59,135][flwr][INFO] - 	      dtype=int64)),
[2024-08-13 14:49:59,135][flwr][INFO] - 	                      (7,
[2024-08-13 14:49:59,135][flwr][INFO] - 	                       array([[ 863,   97,    2,    0,    0,    4,    0,    5,    9,    0],
[2024-08-13 14:49:59,135][flwr][INFO] - 	       [   0,    0, 1121,    0,    0,    3,    0,    2,    9,    0],
[2024-08-13 14:49:59,135][flwr][INFO] - 	       [  38,    1,  893,    1,   22,    9,    4,    8,   56,    0],
[2024-08-13 14:49:59,135][flwr][INFO] - 	       [  47,   28,  159,   27,  531,   22,    3,   14,  179,    0],
[2024-08-13 14:49:59,135][flwr][INFO] - 	       [ 113,    0,   22,    0,  215,  548,    0,    6,   78,    0],
[2024-08-13 14:49:59,135][flwr][INFO] - 	       [ 172,   27,   73,    0,   60,  406,   17,   11,  126,    0],
[2024-08-13 14:49:59,135][flwr][INFO] - 	       [ 122,    5,  124,    0,   10,   36,  200,  461,    0,    0],
[2024-08-13 14:49:59,135][flwr][INFO] - 	       [ 127,    0,   71,    0,    7,    6,    0,   27,  790,    0],
[2024-08-13 14:49:59,135][flwr][INFO] - 	       [  67,    2,   90,    0,   43,   24,    3,    3,  742,    0],
[2024-08-13 14:49:59,135][flwr][INFO] - 	       [ 664,    0,    9,    0,   34,   64,    0,    5,  233,    0]],
[2024-08-13 14:49:59,135][flwr][INFO] - 	      dtype=int64)),
[2024-08-13 14:49:59,135][flwr][INFO] - 	                      (8,
[2024-08-13 14:49:59,136][flwr][INFO] - 	                       array([[ 109,  694,    0,   10,    6,   10,   89,   59,    0,    3],
[2024-08-13 14:49:59,136][flwr][INFO] - 	       [   0, 1072,   13,   19,    2,    1,   22,    2,    0,    4],
[2024-08-13 14:49:59,136][flwr][INFO] - 	       [   0,   79,  101,  711,   18,    5,   24,   69,    6,   19],
[2024-08-13 14:49:59,136][flwr][INFO] - 	       [   0,   44,    0,  770,   56,   21,   42,   28,    1,   48],
[2024-08-13 14:49:59,136][flwr][INFO] - 	       [   0,    6,    0,    4,  631,  199,   23,   87,    0,   32],
[2024-08-13 14:49:59,136][flwr][INFO] - 	       [   3,  121,    0,   61,   19,  452,  174,   38,    3,   21],
[2024-08-13 14:49:59,136][flwr][INFO] - 	       [   0,   31,    2,    1,    4,    0,  694,  226,    0,    0],
[2024-08-13 14:49:59,136][flwr][INFO] - 	       [   7,   37,    4,   30,   20,    1,    1,  900,    4,   24],
[2024-08-13 14:49:59,136][flwr][INFO] - 	       [   0,  101,    1,  147,   43,   32,   69,   24,   11,  546],
[2024-08-13 14:49:59,136][flwr][INFO] - 	       [   8,   15,    0,    5,   71,   42,    6,  152,    0,  710]],
[2024-08-13 14:49:59,136][flwr][INFO] - 	      dtype=int64)),
[2024-08-13 14:49:59,136][flwr][INFO] - 	                      (9,
[2024-08-13 14:49:59,136][flwr][INFO] - 	                       array([[ 931,   18,    3,    0,    1,    3,    6,    4,   14,    0],
[2024-08-13 14:49:59,136][flwr][INFO] - 	       [   0,    0, 1111,    0,    0,    2,    2,    0,   20,    0],
[2024-08-13 14:49:59,136][flwr][INFO] - 	       [  24,    1,  866,    4,   26,    4,    7,    4,   96,    0],
[2024-08-13 14:49:59,136][flwr][INFO] - 	       [  23,    2,  117,   68,  523,    9,   23,    6,  237,    2],
[2024-08-13 14:49:59,136][flwr][INFO] - 	       [  64,    0,   15,    0,  406,  342,    6,    1,  141,    7],
[2024-08-13 14:49:59,137][flwr][INFO] - 	       [ 114,    1,   63,    1,   77,  298,   85,    4,  246,    3],
[2024-08-13 14:49:59,137][flwr][INFO] - 	       [  84,    0,  100,    0,   12,    9,  603,  140,   10,    0],
[2024-08-13 14:49:59,137][flwr][INFO] - 	       [  72,    0,   58,    0,   11,    4,    0,    5,  878,    0],
[2024-08-13 14:49:59,137][flwr][INFO] - 	       [  43,    0,   49,    0,   36,    5,   12,    0,  828,    1],
[2024-08-13 14:49:59,137][flwr][INFO] - 	       [ 369,    0,    6,    0,   43,   26,    0,    1,  388,  176]],
[2024-08-13 14:49:59,137][flwr][INFO] - 	      dtype=int64)),
[2024-08-13 14:49:59,137][flwr][INFO] - 	                      (10,
[2024-08-13 14:49:59,137][flwr][INFO] - 	                       array([[304, 499,   0,  24,   7,  14,  53,  61,   0,  18],
[2024-08-13 14:49:59,137][flwr][INFO] - 	       [  0, 986,  59,  37,   1,   2,  17,   3,   0,  30],
[2024-08-13 14:49:59,137][flwr][INFO] - 	       [  0,  28, 129, 737,  16,   4,  18,  53,   1,  46],
[2024-08-13 14:49:59,137][flwr][INFO] - 	       [  0,  15,   1, 813,  36,  18,  17,  21,   0,  89],
[2024-08-13 14:49:59,137][flwr][INFO] - 	       [  1,   4,   1,   5, 568, 198,  10,  56,   0, 139],
[2024-08-13 14:49:59,137][flwr][INFO] - 	       [  2,  60,   1,  85,  12, 482, 113,  37,   1,  99],
[2024-08-13 14:49:59,137][flwr][INFO] - 	       [  0,  14,   4,   5,   7,   3, 534, 388,   0,   3],
[2024-08-13 14:49:59,137][flwr][INFO] - 	       [ 10,  19,   7,  35,  17,   4,   0, 815,   0, 121],
[2024-08-13 14:49:59,137][flwr][INFO] - 	       [  1,  27,   2, 114,  19,  17,  32,  14,   0, 748],
[2024-08-13 14:49:59,137][flwr][INFO] - 	       [ 10,   5,   1,  10,  34,  20,   1,  39,   0, 889]], dtype=int64))],
[2024-08-13 14:49:59,138][flwr][INFO] - 	 'f1': [(0, 0.017493624772313296),
[2024-08-13 14:49:59,138][flwr][INFO] - 	        (1, 0.6406018130031637),
[2024-08-13 14:49:59,138][flwr][INFO] - 	        (2, 0.4971909039020198),
[2024-08-13 14:49:59,138][flwr][INFO] - 	        (3, 0.297091566801651),
[2024-08-13 14:49:59,138][flwr][INFO] - 	        (4, 0.5388140271192329),
[2024-08-13 14:49:59,138][flwr][INFO] - 	        (5, 0.31329878304952563),
[2024-08-13 14:49:59,138][flwr][INFO] - 	        (6, 0.5423742995882356),
[2024-08-13 14:49:59,138][flwr][INFO] - 	        (7, 0.2487246925867288),
[2024-08-13 14:49:59,138][flwr][INFO] - 	        (8, 0.47770008230358907),
[2024-08-13 14:49:59,138][flwr][INFO] - 	        (9, 0.34393036273288924),
[2024-08-13 14:49:59,138][flwr][INFO] - 	        (10, 0.5032249751158566)],
[2024-08-13 14:49:59,138][flwr][INFO] - 	 'precision': [(0, 0.009604000000000001),
[2024-08-13 14:49:59,138][flwr][INFO] - 	               (1, 0.7854938730906785),
[2024-08-13 14:49:59,138][flwr][INFO] - 	               (2, 0.5748983704076761),
[2024-08-13 14:49:59,138][flwr][INFO] - 	               (3, 0.36657083442749117),
[2024-08-13 14:49:59,138][flwr][INFO] - 	               (4, 0.6692272033943489),
[2024-08-13 14:49:59,138][flwr][INFO] - 	               (5, 0.49061578006491857),
[2024-08-13 14:49:59,139][flwr][INFO] - 	               (6, 0.6624253074984147),
[2024-08-13 14:49:59,139][flwr][INFO] - 	               (7, 0.34878058523455757),
[2024-08-13 14:49:59,139][flwr][INFO] - 	               (8, 0.6041215747538221),
[2024-08-13 14:49:59,139][flwr][INFO] - 	               (9, 0.4603595160118165),
[2024-08-13 14:49:59,139][flwr][INFO] - 	               (10, 0.5633533919557657)],
[2024-08-13 14:49:59,139][flwr][INFO] - 	 'recall': [(0, 0.098),
[2024-08-13 14:49:59,139][flwr][INFO] - 	            (1, 0.6459),
[2024-08-13 14:49:59,139][flwr][INFO] - 	            (2, 0.544),
[2024-08-13 14:49:59,139][flwr][INFO] - 	            (3, 0.368),
[2024-08-13 14:49:59,139][flwr][INFO] - 	            (4, 0.5844),
[2024-08-13 14:49:59,139][flwr][INFO] - 	            (5, 0.3995),
[2024-08-13 14:49:59,139][flwr][INFO] - 	            (6, 0.5878),
[2024-08-13 14:49:59,139][flwr][INFO] - 	            (7, 0.3373),
[2024-08-13 14:49:59,139][flwr][INFO] - 	            (8, 0.545),
[2024-08-13 14:49:59,139][flwr][INFO] - 	            (9, 0.4181),
[2024-08-13 14:49:59,139][flwr][INFO] - 	            (10, 0.552)]}
[2024-08-13 14:49:59,139][flwr][INFO] - 
