[2024-08-13 14:23:33,232][flwr][INFO] - Starting Flower simulation, config: num_rounds=10, no round_timeout
[2024-08-13 14:23:37,447][flwr][INFO] - Flower VCE: Ray initialized with resources: {'CPU': 16.0, 'memory': 4749142427.0, 'object_store_memory': 2374571212.0, 'node:127.0.0.1': 1.0, 'node:__internal_head__': 1.0, 'GPU': 1.0, 'accelerator_type:G': 1.0}
[2024-08-13 14:23:37,448][flwr][INFO] - Optimize your simulation with Flower VCE: https://flower.ai/docs/framework/how-to-run-simulations.html
[2024-08-13 14:23:37,448][flwr][INFO] - Flower VCE: Resources for each Virtual Client: {'num_cpus': 2, 'num_gpus': 0.5}
[2024-08-13 14:23:37,459][flwr][INFO] - Flower VCE: Creating VirtualClientEngineActorPool with 2 actors
[2024-08-13 14:23:37,461][flwr][INFO] - [INIT]
[2024-08-13 14:23:37,461][flwr][INFO] - Requesting initial parameters from one random client
[2024-08-13 14:23:44,768][flwr][INFO] - Received initial parameters from one random client
[2024-08-13 14:23:44,768][flwr][INFO] - Evaluating initial global parameters
[2024-08-13 14:23:46,969][flwr][INFO] - initial parameters (loss, other metrics): 2.3025850929940455, {'accuracy': 0.098, 'precision': 0.009604000000000001, 'recall': 0.098, 'f1': 0.017493624772313296, 'confusion_matrix': array([[ 980,    0,    0,    0,    0,    0,    0,    0,    0,    0],
       [1135,    0,    0,    0,    0,    0,    0,    0,    0,    0],
       [1032,    0,    0,    0,    0,    0,    0,    0,    0,    0],
       [1010,    0,    0,    0,    0,    0,    0,    0,    0,    0],
       [ 982,    0,    0,    0,    0,    0,    0,    0,    0,    0],
       [ 892,    0,    0,    0,    0,    0,    0,    0,    0,    0],
       [ 958,    0,    0,    0,    0,    0,    0,    0,    0,    0],
       [1028,    0,    0,    0,    0,    0,    0,    0,    0,    0],
       [ 974,    0,    0,    0,    0,    0,    0,    0,    0,    0],
       [1009,    0,    0,    0,    0,    0,    0,    0,    0,    0]],
      dtype=int64)}
[2024-08-13 14:23:46,970][flwr][INFO] - 
[2024-08-13 14:23:46,970][flwr][INFO] - [ROUND 1]
[2024-08-13 14:23:46,971][flwr][INFO] - configure_fit: strategy sampled 10 clients (out of 100)
[2024-08-13 14:23:50,489][flwr][INFO] - aggregate_fit: received 10 results and 0 failures
[2024-08-13 14:23:50,492][flwr][WARNING] - No fit_metrics_aggregation_fn provided
[2024-08-13 14:23:52,622][flwr][INFO] - fit progress: (1, 0.9149754594437447, {'accuracy': 0.7003, 'precision': 0.7841310713668718, 'recall': 0.7003, 'f1': 0.6619826141066862, 'confusion_matrix': array([[ 949,    0,    3,    5,    0,    0,    3,    1,   13,    6],
       [   0, 1066,   28,    5,    0,    0,    2,    0,   30,    4],
       [  56,   35,  783,   39,    5,    0,    9,   20,   58,   27],
       [  24,   13,   20,  834,    0,    0,    4,   10,   51,   54],
       [  18,    9,    6,    0,  220,    0,    5,    2,   19,  703],
       [ 138,   63,   16,  240,    2,    1,    2,   29,  209,  192],
       [ 125,   28,   53,    5,    9,    0,  680,    2,   45,   11],
       [  20,   41,   20,    0,    0,    0,    1,  806,   24,  116],
       [  31,   16,   12,   83,    0,    0,    1,    4,  743,   84],
       [  30,   11,    4,   10,    5,    0,    0,   10,   18,  921]],
      dtype=int64)}, 5.65179510001326)
[2024-08-13 14:23:52,623][flwr][INFO] - configure_evaluate: no clients selected, skipping evaluation
[2024-08-13 14:23:52,623][flwr][INFO] - 
[2024-08-13 14:23:52,623][flwr][INFO] - [ROUND 2]
[2024-08-13 14:23:52,623][flwr][INFO] - configure_fit: strategy sampled 10 clients (out of 100)
[2024-08-13 14:23:53,831][flwr][INFO] - aggregate_fit: received 10 results and 0 failures
[2024-08-13 14:23:55,920][flwr][INFO] - fit progress: (2, 0.755678304751788, {'accuracy': 0.7773, 'precision': 0.8082374780818382, 'recall': 0.7773, 'f1': 0.7564069581628603, 'confusion_matrix': array([[ 910,    0,    5,    8,    0,    7,   36,    2,   12,    0],
       [   0, 1075,   33,    6,    0,    0,    5,    1,   15,    0],
       [  25,   35,  815,   34,   30,    0,   23,   29,   41,    0],
       [   5,   14,   22,  869,    2,   21,    9,   25,   42,    1],
       [   6,   14,    4,    0,  906,    2,   20,   15,   13,    2],
       [  30,   59,    8,  145,   42,  496,   38,   47,   25,    2],
       [  24,   23,   16,    0,   22,   18,  853,    1,    1,    0],
       [   5,   41,   24,    0,   22,    0,    1,  923,   12,    0],
       [  16,   22,   16,  103,   19,   11,   19,   25,  742,    1],
       [  22,   16,    5,   12,  487,    8,    2,  243,   30,  184]],
      dtype=int64)}, 8.950238800010993)
[2024-08-13 14:23:55,921][flwr][INFO] - configure_evaluate: no clients selected, skipping evaluation
[2024-08-13 14:23:55,921][flwr][INFO] - 
[2024-08-13 14:23:55,921][flwr][INFO] - [ROUND 3]
[2024-08-13 14:23:55,922][flwr][INFO] - configure_fit: strategy sampled 10 clients (out of 100)
[2024-08-13 14:23:57,085][flwr][INFO] - aggregate_fit: received 10 results and 0 failures
[2024-08-13 14:23:59,165][flwr][INFO] - fit progress: (3, 0.716349551677261, {'accuracy': 0.8135, 'precision': 0.831086651189752, 'recall': 0.8135, 'f1': 0.8137790520385073, 'confusion_matrix': array([[ 905,    0,    5,    2,    0,   30,   28,    1,    5,    4],
       [   0, 1069,   38,    3,    0,    7,    5,    0,   12,    1],
       [  23,   26,  844,   27,   12,    0,   25,   17,   40,   18],
       [   5,   11,   26,  823,    0,   49,    8,   11,   28,   49],
       [   7,    8,    5,    0,  589,    0,   23,    1,    6,  343],
       [  23,   53,   10,   75,   11,  614,   29,   14,   16,   47],
       [  23,   15,   18,    0,   10,   21,  867,    1,    3,    0],
       [   8,   42,   30,    0,    9,    0,    3,  802,   15,  119],
       [  15,   20,   22,   72,    3,   28,   18,    5,  708,   83],
       [  21,   12,    6,    8,   20,   12,    2,    7,    7,  914]],
      dtype=int64)}, 12.194744300009916)
[2024-08-13 14:23:59,166][flwr][INFO] - configure_evaluate: no clients selected, skipping evaluation
[2024-08-13 14:23:59,166][flwr][INFO] - 
[2024-08-13 14:23:59,166][flwr][INFO] - [ROUND 4]
[2024-08-13 14:23:59,166][flwr][INFO] - configure_fit: strategy sampled 10 clients (out of 100)
[2024-08-13 14:24:00,332][flwr][INFO] - aggregate_fit: received 10 results and 0 failures
[2024-08-13 14:24:02,417][flwr][INFO] - fit progress: (4, 0.7618188756899192, {'accuracy': 0.7645, 'precision': 0.8117492146622137, 'recall': 0.7645, 'f1': 0.7321105014632919, 'confusion_matrix': array([[ 919,    0,    2,    8,    4,    1,   25,    4,   17,    0],
       [   0, 1068,   19,   10,    1,    0,    5,    1,   31,    0],
       [  18,   20,  778,   58,   40,    0,   23,   40,   55,    0],
       [   4,    8,   11,  898,    3,   10,    8,   25,   42,    1],
       [   2,    6,    1,    0,  943,    0,   10,   11,    8,    1],
       [  15,   51,    1,  200,   67,  392,   36,   57,   71,    2],
       [  17,   11,   14,    3,   40,    8,  857,    1,    7,    0],
       [   3,   29,   18,    3,   22,    0,    0,  937,   16,    0],
       [   6,   14,    7,   90,   25,    4,   16,   26,  786,    0],
       [  16,    9,    3,   14,  570,    3,    2,  290,   35,   67]],
      dtype=int64)}, 15.44721440000285)
[2024-08-13 14:24:02,417][flwr][INFO] - configure_evaluate: no clients selected, skipping evaluation
[2024-08-13 14:24:02,418][flwr][INFO] - 
[2024-08-13 14:24:02,418][flwr][INFO] - [ROUND 5]
[2024-08-13 14:24:02,418][flwr][INFO] - configure_fit: strategy sampled 10 clients (out of 100)
[2024-08-13 14:24:03,558][flwr][INFO] - aggregate_fit: received 10 results and 0 failures
[2024-08-13 14:24:05,646][flwr][INFO] - fit progress: (5, 0.6775170328795728, {'accuracy': 0.85, 'precision': 0.8526539622146282, 'recall': 0.85, 'f1': 0.8492443214156498, 'confusion_matrix': array([[ 922,    0,    3,    1,    0,   19,   29,    2,    4,    0],
       [   0, 1075,   33,    3,    1,    6,    5,    1,   10,    1],
       [  16,   21,  854,   28,   18,    0,   25,   30,   32,    8],
       [   5,    8,   23,  838,    1,   49,    8,   17,   22,   39],
       [   4,    8,    2,    0,  784,    0,   29,    3,    6,  146],
       [  15,   51,    6,   61,   16,  649,   35,   16,   15,   28],
       [  15,   11,   18,    1,   10,   19,  882,    2,    0,    0],
       [   4,   36,   35,    0,   12,    0,    2,  886,    9,   44],
       [   8,   23,   18,   66,    8,   37,   19,   12,  723,   60],
       [  14,   11,    6,    9,   32,   14,    2,   27,    7,  887]],
      dtype=int64)}, 18.67674490000354)
[2024-08-13 14:24:05,647][flwr][INFO] - configure_evaluate: no clients selected, skipping evaluation
[2024-08-13 14:24:05,647][flwr][INFO] - 
[2024-08-13 14:24:05,647][flwr][INFO] - [ROUND 6]
[2024-08-13 14:24:05,648][flwr][INFO] - configure_fit: strategy sampled 10 clients (out of 100)
[2024-08-13 14:24:06,949][flwr][INFO] - aggregate_fit: received 10 results and 0 failures
[2024-08-13 14:24:09,039][flwr][INFO] - fit progress: (6, 0.7093778328597538, {'accuracy': 0.794, 'precision': 0.8325925237254125, 'recall': 0.794, 'f1': 0.7772109268735078, 'confusion_matrix': array([[ 916,    1,    0,    7,    5,    4,   23,    1,   23,    0],
       [   0, 1080,    3,    6,    1,    0,    4,    1,   40,    0],
       [  15,   32,  765,   52,   38,    0,   20,   25,   85,    0],
       [   3,   11,    8,  872,    3,   22,    8,   18,   64,    1],
       [   1,    6,    2,    0,  940,    2,   11,    1,   18,    1],
       [   8,   57,    1,  115,   38,  565,   27,   16,   62,    3],
       [  13,   18,   14,    3,   31,   13,  856,    1,    9,    0],
       [   2,   43,   17,    4,   25,    0,    0,  896,   39,    2],
       [   5,   18,    4,   40,   20,   11,   12,   10,  854,    0],
       [  13,   11,    4,    8,  559,   12,    2,  100,  104,  196]],
      dtype=int64)}, 22.069402699999046)
[2024-08-13 14:24:09,040][flwr][INFO] - configure_evaluate: no clients selected, skipping evaluation
[2024-08-13 14:24:09,040][flwr][INFO] - 
[2024-08-13 14:24:09,040][flwr][INFO] - [ROUND 7]
[2024-08-13 14:24:09,040][flwr][INFO] - configure_fit: strategy sampled 10 clients (out of 100)
[2024-08-13 14:24:10,210][flwr][INFO] - aggregate_fit: received 10 results and 0 failures
[2024-08-13 14:24:12,295][flwr][INFO] - fit progress: (7, 0.6441001368248556, {'accuracy': 0.853, 'precision': 0.8575638023863378, 'recall': 0.853, 'f1': 0.852043734715864, 'confusion_matrix': array([[ 932,    1,    3,    3,    0,   16,   22,    1,    2,    0],
       [   0, 1082,   28,    5,    1,    4,    5,    1,    9,    0],
       [  15,   22,  858,   28,   15,    0,   23,   30,   28,   13],
       [   4,    7,   17,  871,    1,   40,    8,   16,   13,   33],
       [   4,    8,    3,    0,  788,    1,   22,    4,    5,  147],
       [  12,   50,    5,   72,   13,  660,   28,   14,    8,   30],
       [  14,   14,   19,    1,   12,   20,  877,    1,    0,    0],
       [   3,   38,   32,    2,   14,    0,    2,  879,    7,   51],
       [  10,   40,   20,   75,    7,   47,   19,   10,  678,   68],
       [  16,   10,    6,    9,   25,   12,    2,   22,    2,  905]],
      dtype=int64)}, 25.325290400011)
[2024-08-13 14:24:12,296][flwr][INFO] - configure_evaluate: no clients selected, skipping evaluation
[2024-08-13 14:24:12,296][flwr][INFO] - 
[2024-08-13 14:24:12,296][flwr][INFO] - [ROUND 8]
[2024-08-13 14:24:12,297][flwr][INFO] - configure_fit: strategy sampled 10 clients (out of 100)
[2024-08-13 14:24:13,435][flwr][INFO] - aggregate_fit: received 10 results and 0 failures
[2024-08-13 14:24:15,671][flwr][INFO] - fit progress: (8, 0.6870485742173024, {'accuracy': 0.8226, 'precision': 0.8508465486426716, 'recall': 0.8226, 'f1': 0.8178987609031168, 'confusion_matrix': array([[ 944,    1,    0,    1,    1,    2,   13,    2,   16,    0],
       [   0, 1049,    3,    5,    1,    2,    4,    1,   70,    0],
       [  16,   14,  789,   43,   33,    0,   19,   28,   90,    0],
       [   5,    4,    8,  844,    3,   24,   11,   20,   89,    2],
       [   3,    5,    1,    0,  926,    2,   12,    3,   28,    2],
       [  19,   36,    2,   89,   34,  556,   32,   15,  106,    3],
       [  13,    5,   10,    2,   26,    9,  877,    5,   11,    0],
       [   3,   24,   20,    2,   23,    0,    0,  903,   51,    2],
       [   6,    6,    5,   21,   13,    8,   13,    6,  895,    1],
       [  20,    5,    5,    5,  287,   11,    1,  108,  124,  443]],
      dtype=int64)}, 28.701927400004934)
[2024-08-13 14:24:15,672][flwr][INFO] - configure_evaluate: no clients selected, skipping evaluation
[2024-08-13 14:24:15,672][flwr][INFO] - 
[2024-08-13 14:24:15,672][flwr][INFO] - [ROUND 9]
[2024-08-13 14:24:15,673][flwr][INFO] - configure_fit: strategy sampled 10 clients (out of 100)
[2024-08-13 14:24:16,838][flwr][INFO] - aggregate_fit: received 10 results and 0 failures
[2024-08-13 14:24:18,920][flwr][INFO] - fit progress: (9, 0.6484585681860845, {'accuracy': 0.8458, 'precision': 0.855787960281561, 'recall': 0.8458, 'f1': 0.8437982523256503, 'confusion_matrix': array([[ 941,    2,    4,    1,    0,   13,   15,    2,    0,    2],
       [   0, 1090,   22,    4,    1,    7,    5,    0,    4,    2],
       [  16,   20,  861,   30,   14,    2,   24,   30,   17,   18],
       [   5,    8,   14,  864,    1,   48,   11,   15,    5,   39],
       [   4,    8,    3,    0,  775,    2,   20,    4,    3,  163],
       [  13,   43,    2,   54,   10,  693,   30,   13,    6,   28],
       [  13,    8,   19,    1,   11,   17,  885,    4,    0,    0],
       [   3,   36,   33,    3,   13,    0,    0,  874,    0,   66],
       [  16,   49,   23,   85,    8,   86,   22,    8,  560,  117],
       [  17,    9,    4,    9,   23,   14,    1,   17,    0,  915]],
      dtype=int64)}, 31.949839300010353)
[2024-08-13 14:24:18,921][flwr][INFO] - configure_evaluate: no clients selected, skipping evaluation
[2024-08-13 14:24:18,921][flwr][INFO] - 
[2024-08-13 14:24:18,921][flwr][INFO] - [ROUND 10]
[2024-08-13 14:24:18,921][flwr][INFO] - configure_fit: strategy sampled 10 clients (out of 100)
[2024-08-13 14:24:20,177][flwr][INFO] - aggregate_fit: received 10 results and 0 failures
[2024-08-13 14:24:22,265][flwr][INFO] - fit progress: (10, 0.6381566385122444, {'accuracy': 0.8518, 'precision': 0.8618463475167145, 'recall': 0.8518, 'f1': 0.849077752967695, 'confusion_matrix': array([[ 949,    1,    3,    1,    1,    3,   11,    1,   10,    0],
       [   0, 1072,   10,    4,    1,    3,    5,    1,   39,    0],
       [  16,   15,  840,   30,   25,    0,   20,   28,   57,    1],
       [   5,    5,   15,  862,    1,   31,    9,   21,   59,    2],
       [   3,    5,    4,    0,  920,    3,   12,    5,   21,    9],
       [  18,   40,    3,   70,   22,  635,   28,   17,   54,    5],
       [  16,    8,   15,    1,   19,   16,  875,    3,    5,    0],
       [   4,   29,   30,    2,   19,    0,    0,  913,   28,    3],
       [  10,   15,    9,   25,   11,   17,   14,   10,  862,    1],
       [  26,    7,    5,    7,  173,   14,    1,  107,   79,  590]],
      dtype=int64)}, 35.295017900003586)
[2024-08-13 14:24:22,266][flwr][INFO] - configure_evaluate: no clients selected, skipping evaluation
[2024-08-13 14:24:22,266][flwr][INFO] - 
[2024-08-13 14:24:22,266][flwr][INFO] - [SUMMARY]
[2024-08-13 14:24:22,266][flwr][INFO] - Run finished 10 round(s) in 35.30s
[2024-08-13 14:24:22,274][flwr][INFO] - 	History (loss, centralized):
[2024-08-13 14:24:22,275][flwr][INFO] - 		round 0: 2.3025850929940455
[2024-08-13 14:24:22,275][flwr][INFO] - 		round 1: 0.9149754594437447
[2024-08-13 14:24:22,275][flwr][INFO] - 		round 2: 0.755678304751788
[2024-08-13 14:24:22,275][flwr][INFO] - 		round 3: 0.716349551677261
[2024-08-13 14:24:22,275][flwr][INFO] - 		round 4: 0.7618188756899192
[2024-08-13 14:24:22,275][flwr][INFO] - 		round 5: 0.6775170328795728
[2024-08-13 14:24:22,275][flwr][INFO] - 		round 6: 0.7093778328597538
[2024-08-13 14:24:22,275][flwr][INFO] - 		round 7: 0.6441001368248556
[2024-08-13 14:24:22,275][flwr][INFO] - 		round 8: 0.6870485742173024
[2024-08-13 14:24:22,275][flwr][INFO] - 		round 9: 0.6484585681860845
[2024-08-13 14:24:22,275][flwr][INFO] - 		round 10: 0.6381566385122444
[2024-08-13 14:24:22,275][flwr][INFO] - 	History (metrics, centralized):
[2024-08-13 14:24:22,275][flwr][INFO] - 	{'accuracy': [(0, 0.098),
[2024-08-13 14:24:22,276][flwr][INFO] - 	              (1, 0.7003),
[2024-08-13 14:24:22,276][flwr][INFO] - 	              (2, 0.7773),
[2024-08-13 14:24:22,276][flwr][INFO] - 	              (3, 0.8135),
[2024-08-13 14:24:22,276][flwr][INFO] - 	              (4, 0.7645),
[2024-08-13 14:24:22,276][flwr][INFO] - 	              (5, 0.85),
[2024-08-13 14:24:22,276][flwr][INFO] - 	              (6, 0.794),
[2024-08-13 14:24:22,276][flwr][INFO] - 	              (7, 0.853),
[2024-08-13 14:24:22,276][flwr][INFO] - 	              (8, 0.8226),
[2024-08-13 14:24:22,276][flwr][INFO] - 	              (9, 0.8458),
[2024-08-13 14:24:22,276][flwr][INFO] - 	              (10, 0.8518)],
[2024-08-13 14:24:22,276][flwr][INFO] - 	 'confusion_matrix': [(0,
[2024-08-13 14:24:22,276][flwr][INFO] - 	                       array([[ 980,    0,    0,    0,    0,    0,    0,    0,    0,    0],
[2024-08-13 14:24:22,276][flwr][INFO] - 	       [1135,    0,    0,    0,    0,    0,    0,    0,    0,    0],
[2024-08-13 14:24:22,276][flwr][INFO] - 	       [1032,    0,    0,    0,    0,    0,    0,    0,    0,    0],
[2024-08-13 14:24:22,276][flwr][INFO] - 	       [1010,    0,    0,    0,    0,    0,    0,    0,    0,    0],
[2024-08-13 14:24:22,276][flwr][INFO] - 	       [ 982,    0,    0,    0,    0,    0,    0,    0,    0,    0],
[2024-08-13 14:24:22,277][flwr][INFO] - 	       [ 892,    0,    0,    0,    0,    0,    0,    0,    0,    0],
[2024-08-13 14:24:22,277][flwr][INFO] - 	       [ 958,    0,    0,    0,    0,    0,    0,    0,    0,    0],
[2024-08-13 14:24:22,277][flwr][INFO] - 	       [1028,    0,    0,    0,    0,    0,    0,    0,    0,    0],
[2024-08-13 14:24:22,277][flwr][INFO] - 	       [ 974,    0,    0,    0,    0,    0,    0,    0,    0,    0],
[2024-08-13 14:24:22,277][flwr][INFO] - 	       [1009,    0,    0,    0,    0,    0,    0,    0,    0,    0]],
[2024-08-13 14:24:22,277][flwr][INFO] - 	      dtype=int64)),
[2024-08-13 14:24:22,277][flwr][INFO] - 	                      (1,
[2024-08-13 14:24:22,277][flwr][INFO] - 	                       array([[ 949,    0,    3,    5,    0,    0,    3,    1,   13,    6],
[2024-08-13 14:24:22,277][flwr][INFO] - 	       [   0, 1066,   28,    5,    0,    0,    2,    0,   30,    4],
[2024-08-13 14:24:22,277][flwr][INFO] - 	       [  56,   35,  783,   39,    5,    0,    9,   20,   58,   27],
[2024-08-13 14:24:22,277][flwr][INFO] - 	       [  24,   13,   20,  834,    0,    0,    4,   10,   51,   54],
[2024-08-13 14:24:22,277][flwr][INFO] - 	       [  18,    9,    6,    0,  220,    0,    5,    2,   19,  703],
[2024-08-13 14:24:22,277][flwr][INFO] - 	       [ 138,   63,   16,  240,    2,    1,    2,   29,  209,  192],
[2024-08-13 14:24:22,277][flwr][INFO] - 	       [ 125,   28,   53,    5,    9,    0,  680,    2,   45,   11],
[2024-08-13 14:24:22,277][flwr][INFO] - 	       [  20,   41,   20,    0,    0,    0,    1,  806,   24,  116],
[2024-08-13 14:24:22,277][flwr][INFO] - 	       [  31,   16,   12,   83,    0,    0,    1,    4,  743,   84],
[2024-08-13 14:24:22,278][flwr][INFO] - 	       [  30,   11,    4,   10,    5,    0,    0,   10,   18,  921]],
[2024-08-13 14:24:22,278][flwr][INFO] - 	      dtype=int64)),
[2024-08-13 14:24:22,278][flwr][INFO] - 	                      (2,
[2024-08-13 14:24:22,278][flwr][INFO] - 	                       array([[ 910,    0,    5,    8,    0,    7,   36,    2,   12,    0],
[2024-08-13 14:24:22,278][flwr][INFO] - 	       [   0, 1075,   33,    6,    0,    0,    5,    1,   15,    0],
[2024-08-13 14:24:22,278][flwr][INFO] - 	       [  25,   35,  815,   34,   30,    0,   23,   29,   41,    0],
[2024-08-13 14:24:22,278][flwr][INFO] - 	       [   5,   14,   22,  869,    2,   21,    9,   25,   42,    1],
[2024-08-13 14:24:22,278][flwr][INFO] - 	       [   6,   14,    4,    0,  906,    2,   20,   15,   13,    2],
[2024-08-13 14:24:22,278][flwr][INFO] - 	       [  30,   59,    8,  145,   42,  496,   38,   47,   25,    2],
[2024-08-13 14:24:22,278][flwr][INFO] - 	       [  24,   23,   16,    0,   22,   18,  853,    1,    1,    0],
[2024-08-13 14:24:22,278][flwr][INFO] - 	       [   5,   41,   24,    0,   22,    0,    1,  923,   12,    0],
[2024-08-13 14:24:22,278][flwr][INFO] - 	       [  16,   22,   16,  103,   19,   11,   19,   25,  742,    1],
[2024-08-13 14:24:22,278][flwr][INFO] - 	       [  22,   16,    5,   12,  487,    8,    2,  243,   30,  184]],
[2024-08-13 14:24:22,278][flwr][INFO] - 	      dtype=int64)),
[2024-08-13 14:24:22,278][flwr][INFO] - 	                      (3,
[2024-08-13 14:24:22,278][flwr][INFO] - 	                       array([[ 905,    0,    5,    2,    0,   30,   28,    1,    5,    4],
[2024-08-13 14:24:22,278][flwr][INFO] - 	       [   0, 1069,   38,    3,    0,    7,    5,    0,   12,    1],
[2024-08-13 14:24:22,279][flwr][INFO] - 	       [  23,   26,  844,   27,   12,    0,   25,   17,   40,   18],
[2024-08-13 14:24:22,279][flwr][INFO] - 	       [   5,   11,   26,  823,    0,   49,    8,   11,   28,   49],
[2024-08-13 14:24:22,279][flwr][INFO] - 	       [   7,    8,    5,    0,  589,    0,   23,    1,    6,  343],
[2024-08-13 14:24:22,279][flwr][INFO] - 	       [  23,   53,   10,   75,   11,  614,   29,   14,   16,   47],
[2024-08-13 14:24:22,279][flwr][INFO] - 	       [  23,   15,   18,    0,   10,   21,  867,    1,    3,    0],
[2024-08-13 14:24:22,279][flwr][INFO] - 	       [   8,   42,   30,    0,    9,    0,    3,  802,   15,  119],
[2024-08-13 14:24:22,279][flwr][INFO] - 	       [  15,   20,   22,   72,    3,   28,   18,    5,  708,   83],
[2024-08-13 14:24:22,279][flwr][INFO] - 	       [  21,   12,    6,    8,   20,   12,    2,    7,    7,  914]],
[2024-08-13 14:24:22,279][flwr][INFO] - 	      dtype=int64)),
[2024-08-13 14:24:22,279][flwr][INFO] - 	                      (4,
[2024-08-13 14:24:22,279][flwr][INFO] - 	                       array([[ 919,    0,    2,    8,    4,    1,   25,    4,   17,    0],
[2024-08-13 14:24:22,279][flwr][INFO] - 	       [   0, 1068,   19,   10,    1,    0,    5,    1,   31,    0],
[2024-08-13 14:24:22,279][flwr][INFO] - 	       [  18,   20,  778,   58,   40,    0,   23,   40,   55,    0],
[2024-08-13 14:24:22,279][flwr][INFO] - 	       [   4,    8,   11,  898,    3,   10,    8,   25,   42,    1],
[2024-08-13 14:24:22,279][flwr][INFO] - 	       [   2,    6,    1,    0,  943,    0,   10,   11,    8,    1],
[2024-08-13 14:24:22,279][flwr][INFO] - 	       [  15,   51,    1,  200,   67,  392,   36,   57,   71,    2],
[2024-08-13 14:24:22,279][flwr][INFO] - 	       [  17,   11,   14,    3,   40,    8,  857,    1,    7,    0],
[2024-08-13 14:24:22,280][flwr][INFO] - 	       [   3,   29,   18,    3,   22,    0,    0,  937,   16,    0],
[2024-08-13 14:24:22,280][flwr][INFO] - 	       [   6,   14,    7,   90,   25,    4,   16,   26,  786,    0],
[2024-08-13 14:24:22,280][flwr][INFO] - 	       [  16,    9,    3,   14,  570,    3,    2,  290,   35,   67]],
[2024-08-13 14:24:22,280][flwr][INFO] - 	      dtype=int64)),
[2024-08-13 14:24:22,280][flwr][INFO] - 	                      (5,
[2024-08-13 14:24:22,280][flwr][INFO] - 	                       array([[ 922,    0,    3,    1,    0,   19,   29,    2,    4,    0],
[2024-08-13 14:24:22,280][flwr][INFO] - 	       [   0, 1075,   33,    3,    1,    6,    5,    1,   10,    1],
[2024-08-13 14:24:22,280][flwr][INFO] - 	       [  16,   21,  854,   28,   18,    0,   25,   30,   32,    8],
[2024-08-13 14:24:22,280][flwr][INFO] - 	       [   5,    8,   23,  838,    1,   49,    8,   17,   22,   39],
[2024-08-13 14:24:22,280][flwr][INFO] - 	       [   4,    8,    2,    0,  784,    0,   29,    3,    6,  146],
[2024-08-13 14:24:22,280][flwr][INFO] - 	       [  15,   51,    6,   61,   16,  649,   35,   16,   15,   28],
[2024-08-13 14:24:22,280][flwr][INFO] - 	       [  15,   11,   18,    1,   10,   19,  882,    2,    0,    0],
[2024-08-13 14:24:22,280][flwr][INFO] - 	       [   4,   36,   35,    0,   12,    0,    2,  886,    9,   44],
[2024-08-13 14:24:22,280][flwr][INFO] - 	       [   8,   23,   18,   66,    8,   37,   19,   12,  723,   60],
[2024-08-13 14:24:22,280][flwr][INFO] - 	       [  14,   11,    6,    9,   32,   14,    2,   27,    7,  887]],
[2024-08-13 14:24:22,280][flwr][INFO] - 	      dtype=int64)),
[2024-08-13 14:24:22,280][flwr][INFO] - 	                      (6,
[2024-08-13 14:24:22,281][flwr][INFO] - 	                       array([[ 916,    1,    0,    7,    5,    4,   23,    1,   23,    0],
[2024-08-13 14:24:22,281][flwr][INFO] - 	       [   0, 1080,    3,    6,    1,    0,    4,    1,   40,    0],
[2024-08-13 14:24:22,281][flwr][INFO] - 	       [  15,   32,  765,   52,   38,    0,   20,   25,   85,    0],
[2024-08-13 14:24:22,281][flwr][INFO] - 	       [   3,   11,    8,  872,    3,   22,    8,   18,   64,    1],
[2024-08-13 14:24:22,281][flwr][INFO] - 	       [   1,    6,    2,    0,  940,    2,   11,    1,   18,    1],
[2024-08-13 14:24:22,281][flwr][INFO] - 	       [   8,   57,    1,  115,   38,  565,   27,   16,   62,    3],
[2024-08-13 14:24:22,281][flwr][INFO] - 	       [  13,   18,   14,    3,   31,   13,  856,    1,    9,    0],
[2024-08-13 14:24:22,281][flwr][INFO] - 	       [   2,   43,   17,    4,   25,    0,    0,  896,   39,    2],
[2024-08-13 14:24:22,281][flwr][INFO] - 	       [   5,   18,    4,   40,   20,   11,   12,   10,  854,    0],
[2024-08-13 14:24:22,281][flwr][INFO] - 	       [  13,   11,    4,    8,  559,   12,    2,  100,  104,  196]],
[2024-08-13 14:24:22,281][flwr][INFO] - 	      dtype=int64)),
[2024-08-13 14:24:22,281][flwr][INFO] - 	                      (7,
[2024-08-13 14:24:22,281][flwr][INFO] - 	                       array([[ 932,    1,    3,    3,    0,   16,   22,    1,    2,    0],
[2024-08-13 14:24:22,281][flwr][INFO] - 	       [   0, 1082,   28,    5,    1,    4,    5,    1,    9,    0],
[2024-08-13 14:24:22,281][flwr][INFO] - 	       [  15,   22,  858,   28,   15,    0,   23,   30,   28,   13],
[2024-08-13 14:24:22,281][flwr][INFO] - 	       [   4,    7,   17,  871,    1,   40,    8,   16,   13,   33],
[2024-08-13 14:24:22,281][flwr][INFO] - 	       [   4,    8,    3,    0,  788,    1,   22,    4,    5,  147],
[2024-08-13 14:24:22,282][flwr][INFO] - 	       [  12,   50,    5,   72,   13,  660,   28,   14,    8,   30],
[2024-08-13 14:24:22,282][flwr][INFO] - 	       [  14,   14,   19,    1,   12,   20,  877,    1,    0,    0],
[2024-08-13 14:24:22,282][flwr][INFO] - 	       [   3,   38,   32,    2,   14,    0,    2,  879,    7,   51],
[2024-08-13 14:24:22,282][flwr][INFO] - 	       [  10,   40,   20,   75,    7,   47,   19,   10,  678,   68],
[2024-08-13 14:24:22,282][flwr][INFO] - 	       [  16,   10,    6,    9,   25,   12,    2,   22,    2,  905]],
[2024-08-13 14:24:22,282][flwr][INFO] - 	      dtype=int64)),
[2024-08-13 14:24:22,282][flwr][INFO] - 	                      (8,
[2024-08-13 14:24:22,282][flwr][INFO] - 	                       array([[ 944,    1,    0,    1,    1,    2,   13,    2,   16,    0],
[2024-08-13 14:24:22,282][flwr][INFO] - 	       [   0, 1049,    3,    5,    1,    2,    4,    1,   70,    0],
[2024-08-13 14:24:22,282][flwr][INFO] - 	       [  16,   14,  789,   43,   33,    0,   19,   28,   90,    0],
[2024-08-13 14:24:22,282][flwr][INFO] - 	       [   5,    4,    8,  844,    3,   24,   11,   20,   89,    2],
[2024-08-13 14:24:22,282][flwr][INFO] - 	       [   3,    5,    1,    0,  926,    2,   12,    3,   28,    2],
[2024-08-13 14:24:22,282][flwr][INFO] - 	       [  19,   36,    2,   89,   34,  556,   32,   15,  106,    3],
[2024-08-13 14:24:22,282][flwr][INFO] - 	       [  13,    5,   10,    2,   26,    9,  877,    5,   11,    0],
[2024-08-13 14:24:22,282][flwr][INFO] - 	       [   3,   24,   20,    2,   23,    0,    0,  903,   51,    2],
[2024-08-13 14:24:22,282][flwr][INFO] - 	       [   6,    6,    5,   21,   13,    8,   13,    6,  895,    1],
[2024-08-13 14:24:22,282][flwr][INFO] - 	       [  20,    5,    5,    5,  287,   11,    1,  108,  124,  443]],
[2024-08-13 14:24:22,283][flwr][INFO] - 	      dtype=int64)),
[2024-08-13 14:24:22,283][flwr][INFO] - 	                      (9,
[2024-08-13 14:24:22,283][flwr][INFO] - 	                       array([[ 941,    2,    4,    1,    0,   13,   15,    2,    0,    2],
[2024-08-13 14:24:22,283][flwr][INFO] - 	       [   0, 1090,   22,    4,    1,    7,    5,    0,    4,    2],
[2024-08-13 14:24:22,283][flwr][INFO] - 	       [  16,   20,  861,   30,   14,    2,   24,   30,   17,   18],
[2024-08-13 14:24:22,283][flwr][INFO] - 	       [   5,    8,   14,  864,    1,   48,   11,   15,    5,   39],
[2024-08-13 14:24:22,283][flwr][INFO] - 	       [   4,    8,    3,    0,  775,    2,   20,    4,    3,  163],
[2024-08-13 14:24:22,283][flwr][INFO] - 	       [  13,   43,    2,   54,   10,  693,   30,   13,    6,   28],
[2024-08-13 14:24:22,283][flwr][INFO] - 	       [  13,    8,   19,    1,   11,   17,  885,    4,    0,    0],
[2024-08-13 14:24:22,283][flwr][INFO] - 	       [   3,   36,   33,    3,   13,    0,    0,  874,    0,   66],
[2024-08-13 14:24:22,283][flwr][INFO] - 	       [  16,   49,   23,   85,    8,   86,   22,    8,  560,  117],
[2024-08-13 14:24:22,283][flwr][INFO] - 	       [  17,    9,    4,    9,   23,   14,    1,   17,    0,  915]],
[2024-08-13 14:24:22,283][flwr][INFO] - 	      dtype=int64)),
[2024-08-13 14:24:22,283][flwr][INFO] - 	                      (10,
[2024-08-13 14:24:22,283][flwr][INFO] - 	                       array([[ 949,    1,    3,    1,    1,    3,   11,    1,   10,    0],
[2024-08-13 14:24:22,283][flwr][INFO] - 	       [   0, 1072,   10,    4,    1,    3,    5,    1,   39,    0],
[2024-08-13 14:24:22,283][flwr][INFO] - 	       [  16,   15,  840,   30,   25,    0,   20,   28,   57,    1],
[2024-08-13 14:24:22,284][flwr][INFO] - 	       [   5,    5,   15,  862,    1,   31,    9,   21,   59,    2],
[2024-08-13 14:24:22,284][flwr][INFO] - 	       [   3,    5,    4,    0,  920,    3,   12,    5,   21,    9],
[2024-08-13 14:24:22,284][flwr][INFO] - 	       [  18,   40,    3,   70,   22,  635,   28,   17,   54,    5],
[2024-08-13 14:24:22,284][flwr][INFO] - 	       [  16,    8,   15,    1,   19,   16,  875,    3,    5,    0],
[2024-08-13 14:24:22,284][flwr][INFO] - 	       [   4,   29,   30,    2,   19,    0,    0,  913,   28,    3],
[2024-08-13 14:24:22,284][flwr][INFO] - 	       [  10,   15,    9,   25,   11,   17,   14,   10,  862,    1],
[2024-08-13 14:24:22,284][flwr][INFO] - 	       [  26,    7,    5,    7,  173,   14,    1,  107,   79,  590]],
[2024-08-13 14:24:22,284][flwr][INFO] - 	      dtype=int64))],
[2024-08-13 14:24:22,284][flwr][INFO] - 	 'f1': [(0, 0.017493624772313296),
[2024-08-13 14:24:22,284][flwr][INFO] - 	        (1, 0.6619826141066862),
[2024-08-13 14:24:22,284][flwr][INFO] - 	        (2, 0.7564069581628603),
[2024-08-13 14:24:22,284][flwr][INFO] - 	        (3, 0.8137790520385073),
[2024-08-13 14:24:22,284][flwr][INFO] - 	        (4, 0.7321105014632919),
[2024-08-13 14:24:22,284][flwr][INFO] - 	        (5, 0.8492443214156498),
[2024-08-13 14:24:22,284][flwr][INFO] - 	        (6, 0.7772109268735078),
[2024-08-13 14:24:22,284][flwr][INFO] - 	        (7, 0.852043734715864),
[2024-08-13 14:24:22,284][flwr][INFO] - 	        (8, 0.8178987609031168),
[2024-08-13 14:24:22,285][flwr][INFO] - 	        (9, 0.8437982523256503),
[2024-08-13 14:24:22,285][flwr][INFO] - 	        (10, 0.849077752967695)],
[2024-08-13 14:24:22,285][flwr][INFO] - 	 'precision': [(0, 0.009604000000000001),
[2024-08-13 14:24:22,285][flwr][INFO] - 	               (1, 0.7841310713668718),
[2024-08-13 14:24:22,285][flwr][INFO] - 	               (2, 0.8082374780818382),
[2024-08-13 14:24:22,285][flwr][INFO] - 	               (3, 0.831086651189752),
[2024-08-13 14:24:22,285][flwr][INFO] - 	               (4, 0.8117492146622137),
[2024-08-13 14:24:22,285][flwr][INFO] - 	               (5, 0.8526539622146282),
[2024-08-13 14:24:22,285][flwr][INFO] - 	               (6, 0.8325925237254125),
[2024-08-13 14:24:22,285][flwr][INFO] - 	               (7, 0.8575638023863378),
[2024-08-13 14:24:22,285][flwr][INFO] - 	               (8, 0.8508465486426716),
[2024-08-13 14:24:22,285][flwr][INFO] - 	               (9, 0.855787960281561),
[2024-08-13 14:24:22,285][flwr][INFO] - 	               (10, 0.8618463475167145)],
[2024-08-13 14:24:22,285][flwr][INFO] - 	 'recall': [(0, 0.098),
[2024-08-13 14:24:22,285][flwr][INFO] - 	            (1, 0.7003),
[2024-08-13 14:24:22,285][flwr][INFO] - 	            (2, 0.7773),
[2024-08-13 14:24:22,286][flwr][INFO] - 	            (3, 0.8135),
[2024-08-13 14:24:22,286][flwr][INFO] - 	            (4, 0.7645),
[2024-08-13 14:24:22,286][flwr][INFO] - 	            (5, 0.85),
[2024-08-13 14:24:22,286][flwr][INFO] - 	            (6, 0.794),
[2024-08-13 14:24:22,286][flwr][INFO] - 	            (7, 0.853),
[2024-08-13 14:24:22,286][flwr][INFO] - 	            (8, 0.8226),
[2024-08-13 14:24:22,286][flwr][INFO] - 	            (9, 0.8458),
[2024-08-13 14:24:22,286][flwr][INFO] - 	            (10, 0.8518)]}
[2024-08-13 14:24:22,286][flwr][INFO] - 
