[2024-08-13 13:22:50,366][flwr][INFO] - Starting Flower simulation, config: num_rounds=10, no round_timeout
[2024-08-13 13:22:54,401][flwr][INFO] - Flower VCE: Ray initialized with resources: {'object_store_memory': 2528136806.0, 'memory': 5056273614.0, 'node:127.0.0.1': 1.0, 'node:__internal_head__': 1.0, 'CPU': 16.0, 'GPU': 1.0, 'accelerator_type:G': 1.0}
[2024-08-13 13:22:54,401][flwr][INFO] - Optimize your simulation with Flower VCE: https://flower.ai/docs/framework/how-to-run-simulations.html
[2024-08-13 13:22:54,401][flwr][INFO] - Flower VCE: Resources for each Virtual Client: {'num_cpus': 2, 'num_gpus': 0.5}
[2024-08-13 13:22:54,413][flwr][INFO] - Flower VCE: Creating VirtualClientEngineActorPool with 2 actors
[2024-08-13 13:22:54,413][flwr][INFO] - [INIT]
[2024-08-13 13:22:54,413][flwr][INFO] - Requesting initial parameters from one random client
[2024-08-13 13:23:01,973][flwr][INFO] - Received initial parameters from one random client
[2024-08-13 13:23:01,973][flwr][INFO] - Evaluating initial global parameters
[2024-08-13 13:23:04,217][flwr][INFO] - initial parameters (loss, other metrics): 2.3025850929940455, {'accuracy': 0.098, 'precision': 0.009604000000000001, 'recall': 0.098, 'f1': 0.017493624772313296, 'confusion_matrix': array([[ 980,    0,    0,    0,    0,    0,    0,    0,    0,    0],
       [1135,    0,    0,    0,    0,    0,    0,    0,    0,    0],
       [1032,    0,    0,    0,    0,    0,    0,    0,    0,    0],
       [1010,    0,    0,    0,    0,    0,    0,    0,    0,    0],
       [ 982,    0,    0,    0,    0,    0,    0,    0,    0,    0],
       [ 892,    0,    0,    0,    0,    0,    0,    0,    0,    0],
       [ 958,    0,    0,    0,    0,    0,    0,    0,    0,    0],
       [1028,    0,    0,    0,    0,    0,    0,    0,    0,    0],
       [ 974,    0,    0,    0,    0,    0,    0,    0,    0,    0],
       [1009,    0,    0,    0,    0,    0,    0,    0,    0,    0]],
      dtype=int64)}
[2024-08-13 13:23:04,217][flwr][INFO] - 
[2024-08-13 13:23:04,218][flwr][INFO] - [ROUND 1]
[2024-08-13 13:23:04,218][flwr][INFO] - configure_fit: strategy sampled 10 clients (out of 10)
[2024-08-13 13:23:12,774][flwr][INFO] - aggregate_fit: received 10 results and 0 failures
[2024-08-13 13:23:12,778][flwr][WARNING] - No fit_metrics_aggregation_fn provided
[2024-08-13 13:23:14,883][flwr][INFO] - fit progress: (1, 0.9340881081051939, {'accuracy': 0.7028, 'precision': 0.7802396358759565, 'recall': 0.7028, 'f1': 0.6685819876811442, 'confusion_matrix': array([[ 956,    0,    2,    5,    0,    0,    6,    1,   10,    0],
       [   0, 1034,   41,    6,    0,    0,    4,    1,   48,    1],
       [  90,   19,  713,   83,    4,    0,   19,   16,   73,   15],
       [  30,    9,   13,  846,    0,    0,    9,    8,   82,   13],
       [  48,    7,    3,    0,  316,    0,   25,    5,   66,  512],
       [ 271,   56,   11,  212,    3,    5,   27,   10,  238,   59],
       [ 115,   13,   18,    3,    2,    0,  789,    2,   16,    0],
       [  36,   33,   17,    2,    1,    0,    1,  754,  104,   80],
       [  52,    6,    5,  100,    2,    0,   13,    5,  768,   23],
       [  61,    6,    1,   10,    7,    0,    1,   10,   66,  847]],
      dtype=int64)}, 10.665910899988376)
[2024-08-13 13:23:14,884][flwr][INFO] - configure_evaluate: no clients selected, skipping evaluation
[2024-08-13 13:23:14,884][flwr][INFO] - 
[2024-08-13 13:23:14,884][flwr][INFO] - [ROUND 2]
[2024-08-13 13:23:14,885][flwr][INFO] - configure_fit: strategy sampled 10 clients (out of 10)
[2024-08-13 13:23:21,509][flwr][INFO] - aggregate_fit: received 10 results and 0 failures
[2024-08-13 13:23:23,603][flwr][INFO] - fit progress: (2, 0.7469844988373118, {'accuracy': 0.8069, 'precision': 0.8158706806171838, 'recall': 0.8069, 'f1': 0.8008709600692586, 'confusion_matrix': array([[ 931,    0,    4,    5,    0,    2,   27,    2,    9,    0],
       [   0, 1047,   64,    9,    1,    1,    5,    1,    6,    1],
       [  29,   17,  841,   48,   19,    0,   24,   25,   27,    2],
       [  10,    9,   29,  873,    4,    6,   10,   16,   35,   18],
       [  10,    8,    6,    0,  849,    0,   32,   10,    9,   58],
       [  56,   63,   20,  200,   26,  404,   43,   30,   26,   24],
       [  41,   14,   30,    1,    9,    7,  852,    3,    1,    0],
       [  13,   38,   46,    0,   12,    0,    3,  886,   11,   19],
       [  28,   23,   36,  129,   17,    8,   22,   14,  661,   36],
       [  34,   13,    5,    8,  117,    4,    1,   83,   19,  725]],
      dtype=int64)}, 19.38623099999677)
[2024-08-13 13:23:23,604][flwr][INFO] - configure_evaluate: no clients selected, skipping evaluation
[2024-08-13 13:23:23,604][flwr][INFO] - 
[2024-08-13 13:23:23,604][flwr][INFO] - [ROUND 3]
[2024-08-13 13:23:23,605][flwr][INFO] - configure_fit: strategy sampled 10 clients (out of 10)
[2024-08-13 13:23:29,933][flwr][INFO] - aggregate_fit: received 10 results and 0 failures
[2024-08-13 13:23:32,039][flwr][INFO] - fit progress: (3, 0.7328796669504253, {'accuracy': 0.8298, 'precision': 0.8307182435266174, 'recall': 0.8298, 'f1': 0.8292105013858893, 'confusion_matrix': array([[ 903,    0,    2,    1,    0,   28,   31,    1,   14,    0],
       [   0, 1056,   45,    1,    1,    8,    5,    1,   17,    1],
       [  20,   17,  823,   43,   17,    1,   27,   24,   52,    8],
       [   5,   12,   22,  794,    2,   55,    9,   14,   74,   23],
       [   7,    7,    2,    0,  800,    4,   25,    5,   18,  114],
       [  23,   55,   11,   79,   12,  620,   29,   14,   32,   17],
       [  25,   15,   21,    1,   13,   19,  860,    2,    2,    0],
       [  10,   33,   35,    0,   14,    0,    1,  837,   50,   48],
       [  12,   17,   19,   53,   11,   46,   18,    6,  755,   37],
       [  24,   10,    4,    5,   48,   16,    1,   27,   24,  850]],
      dtype=int64)}, 27.822224499992444)
[2024-08-13 13:23:32,040][flwr][INFO] - configure_evaluate: no clients selected, skipping evaluation
[2024-08-13 13:23:32,040][flwr][INFO] - 
[2024-08-13 13:23:32,040][flwr][INFO] - [ROUND 4]
[2024-08-13 13:23:32,040][flwr][INFO] - configure_fit: strategy sampled 10 clients (out of 10)
[2024-08-13 13:23:38,479][flwr][INFO] - aggregate_fit: received 10 results and 0 failures
[2024-08-13 13:23:40,702][flwr][INFO] - fit progress: (4, 0.7469203919043388, {'accuracy': 0.8252, 'precision': 0.8333050206546213, 'recall': 0.8252, 'f1': 0.8220004493723337, 'confusion_matrix': array([[ 915,    1,    2,   10,    2,    7,   32,    4,    7,    0],
       [   0, 1061,   45,   15,    1,    2,    5,    1,    5,    0],
       [  16,    8,  820,   72,   31,    0,   19,   31,   33,    2],
       [   1,    3,   13,  891,    6,   18,    9,   19,   27,   23],
       [   6,    5,    2,    0,  920,    1,   14,   13,    4,   17],
       [  13,   61,   10,  152,   39,  519,   31,   31,   19,   17],
       [  14,   11,   25,    3,   25,   11,  858,   11,    0,    0],
       [   5,   31,   38,    3,   20,    0,    1,  903,   11,   16],
       [  14,   32,   20,  124,   38,   18,   22,   14,  660,   32],
       [  23,   12,    2,   10,  143,    9,    1,   95,    9,  705]],
      dtype=int64)}, 36.485358299993095)
[2024-08-13 13:23:40,703][flwr][INFO] - configure_evaluate: no clients selected, skipping evaluation
[2024-08-13 13:23:40,703][flwr][INFO] - 
[2024-08-13 13:23:40,703][flwr][INFO] - [ROUND 5]
[2024-08-13 13:23:40,704][flwr][INFO] - configure_fit: strategy sampled 10 clients (out of 10)
[2024-08-13 13:23:47,153][flwr][INFO] - aggregate_fit: received 10 results and 0 failures
[2024-08-13 13:23:49,386][flwr][INFO] - fit progress: (5, 0.7486382125309542, {'accuracy': 0.8383, 'precision': 0.8441383057818282, 'recall': 0.8383, 'f1': 0.8383228555980291, 'confusion_matrix': array([[ 915,    1,    3,    1,    0,   16,   28,    2,   14,    0],
       [   0, 1066,   32,    2,    1,    5,    5,    1,   22,    1],
       [  13,   12,  836,   35,   12,    3,   24,   27,   56,   14],
       [   3,    7,   18,  783,    3,   55,   16,   12,   81,   32],
       [   5,    5,    2,    0,  736,    3,   28,    7,   20,  176],
       [  12,   52,    6,   47,    8,  660,   32,   13,   42,   20],
       [  13,   13,   23,    0,   11,   19,  868,    9,    2,    0],
       [   8,   30,   36,    0,   14,    0,    1,  824,   52,   63],
       [   5,   21,   16,   27,    7,   34,   18,    6,  798,   42],
       [  20,    7,    2,    4,   21,   14,    2,   22,   20,  897]],
      dtype=int64)}, 45.168522799998755)
[2024-08-13 13:23:49,387][flwr][INFO] - configure_evaluate: no clients selected, skipping evaluation
[2024-08-13 13:23:49,387][flwr][INFO] - 
[2024-08-13 13:23:49,387][flwr][INFO] - [ROUND 6]
[2024-08-13 13:23:49,387][flwr][INFO] - configure_fit: strategy sampled 10 clients (out of 10)
[2024-08-13 13:23:55,837][flwr][INFO] - aggregate_fit: received 10 results and 0 failures
[2024-08-13 13:23:58,063][flwr][INFO] - fit progress: (6, 0.7479867649949139, {'accuracy': 0.8399, 'precision': 0.8429251421132001, 'recall': 0.8399, 'f1': 0.8378495805020122, 'confusion_matrix': array([[ 923,    2,    2,    6,    1,    9,   27,    4,    6,    0],
       [   0, 1071,   33,   11,    2,    4,    5,    1,    8,    0],
       [  13,   14,  820,   64,   26,    0,   19,   33,   41,    2],
       [   2,    4,   13,  872,    5,   30,   11,   18,   38,   17],
       [   5,    4,    2,    0,  916,    2,   18,   13,    4,   18],
       [  11,   57,    6,   97,   21,  609,   35,   22,   24,   10],
       [  13,   15,   21,    1,   21,   13,  860,   13,    1,    0],
       [   7,   33,   35,    4,   21,    0,    1,  895,   19,   13],
       [  15,   38,   15,   91,   28,   30,   24,   12,  696,   25],
       [  25,   11,    2,    7,  119,   14,    1,   82,   11,  737]],
      dtype=int64)}, 53.84665989999485)
[2024-08-13 13:23:58,064][flwr][INFO] - configure_evaluate: no clients selected, skipping evaluation
[2024-08-13 13:23:58,064][flwr][INFO] - 
[2024-08-13 13:23:58,064][flwr][INFO] - [ROUND 7]
[2024-08-13 13:23:58,065][flwr][INFO] - configure_fit: strategy sampled 10 clients (out of 10)
[2024-08-13 13:24:04,415][flwr][INFO] - aggregate_fit: received 10 results and 0 failures
[2024-08-13 13:24:06,605][flwr][INFO] - fit progress: (7, 0.7534834332529765, {'accuracy': 0.8419, 'precision': 0.8461999002560656, 'recall': 0.8419, 'f1': 0.8415711953831285, 'confusion_matrix': array([[ 922,    3,    3,    4,    1,    9,   27,    3,    8,    0],
       [   0, 1067,   30,    4,    1,    5,    5,    1,   21,    1],
       [  11,   14,  835,   43,   11,    2,   22,   29,   52,   13],
       [   3,    7,   14,  817,    3,   43,   17,   13,   55,   38],
       [   3,    4,    2,    0,  759,    3,   21,   10,   18,  162],
       [  11,   53,    6,   65,    9,  638,   37,   13,   37,   23],
       [  13,   13,   22,    0,   11,   14,  871,   12,    1,    1],
       [   9,   28,   35,    1,   14,    1,    0,  835,   42,   63],
       [   8,   30,   16,   32,    8,   27,   20,    6,  779,   48],
       [  23,    7,    2,    6,   24,   10,    1,   23,   17,  896]],
      dtype=int64)}, 62.38760519999778)
[2024-08-13 13:24:06,606][flwr][INFO] - configure_evaluate: no clients selected, skipping evaluation
[2024-08-13 13:24:06,606][flwr][INFO] - 
[2024-08-13 13:24:06,606][flwr][INFO] - [ROUND 8]
[2024-08-13 13:24:06,606][flwr][INFO] - configure_fit: strategy sampled 10 clients (out of 10)
[2024-08-13 13:24:12,991][flwr][INFO] - aggregate_fit: received 10 results and 0 failures
[2024-08-13 13:24:15,117][flwr][INFO] - fit progress: (8, 0.7558276016124953, {'accuracy': 0.8436, 'precision': 0.8462795665621247, 'recall': 0.8436, 'f1': 0.8419332676879289, 'confusion_matrix': array([[ 920,    4,    4,    5,    1,    9,   23,    8,    6,    0],
       [   0, 1070,   29,   11,    2,    5,    5,    1,   12,    0],
       [  12,   16,  821,   58,   24,    0,   20,   34,   45,    2],
       [   2,    7,   11,  865,    5,   34,    9,   20,   42,   15],
       [   3,    4,    1,    0,  914,    5,   18,   17,    5,   15],
       [  12,   51,    5,   76,   17,  638,   36,   24,   26,    7],
       [  13,   13,   16,    1,   16,   12,  862,   24,    1,    0],
       [   9,   30,   34,    4,   24,    0,    1,  892,   22,   12],
       [  16,   37,   14,   67,   28,   35,   24,   11,  727,   15],
       [  29,    8,    2,    7,  117,   20,    1,   82,   16,  727]],
      dtype=int64)}, 70.90044769999804)
[2024-08-13 13:24:15,118][flwr][INFO] - configure_evaluate: no clients selected, skipping evaluation
[2024-08-13 13:24:15,118][flwr][INFO] - 
[2024-08-13 13:24:15,118][flwr][INFO] - [ROUND 9]
[2024-08-13 13:24:15,119][flwr][INFO] - configure_fit: strategy sampled 10 clients (out of 10)
[2024-08-13 13:24:21,855][flwr][INFO] - aggregate_fit: received 10 results and 0 failures
[2024-08-13 13:24:24,241][flwr][INFO] - fit progress: (9, 0.7541466324854821, {'accuracy': 0.8458, 'precision': 0.8473124664329577, 'recall': 0.8458, 'f1': 0.8449753450234518, 'confusion_matrix': array([[ 918,    6,    6,    4,    1,    9,   25,    5,    6,    0],
       [   0, 1065,   32,    8,    1,    4,    5,    1,   18,    1],
       [  10,   18,  829,   46,   13,    2,   22,   32,   49,   11],
       [   2,   10,   13,  840,    5,   37,   14,   16,   41,   32],
       [   4,    4,    2,    0,  811,    4,   19,   12,   13,  113],
       [  13,   50,    5,   65,   12,  634,   41,   15,   35,   22],
       [  13,   11,   17,    0,   12,   10,  876,   18,    1,    0],
       [   9,   28,   34,    3,   16,    1,    1,  851,   31,   54],
       [  13,   30,   15,   44,   14,   30,   22,    7,  750,   49],
       [  26,    7,    2,    5,   32,   10,    1,   27,   15,  884]],
      dtype=int64)}, 80.02449599999818)
[2024-08-13 13:24:24,242][flwr][INFO] - configure_evaluate: no clients selected, skipping evaluation
[2024-08-13 13:24:24,242][flwr][INFO] - 
[2024-08-13 13:24:24,242][flwr][INFO] - [ROUND 10]
[2024-08-13 13:24:24,243][flwr][INFO] - configure_fit: strategy sampled 10 clients (out of 10)
[2024-08-13 13:24:30,882][flwr][INFO] - aggregate_fit: received 10 results and 0 failures
[2024-08-13 13:24:33,062][flwr][INFO] - fit progress: (10, 0.7595652320347069, {'accuracy': 0.8439, 'precision': 0.8476470080307836, 'recall': 0.8439, 'f1': 0.8425881052843784, 'confusion_matrix': array([[ 911,   13,    6,    4,    1,   10,   21,    8,    6,    0],
       [   0, 1064,   28,   11,    2,    6,    5,    3,   16,    0],
       [  10,   18,  819,   50,   26,    0,   20,   37,   51,    1],
       [   2,   11,    9,  856,    7,   36,   11,   20,   47,   11],
       [   3,    3,    1,    0,  912,    7,   17,   20,    7,   12],
       [  12,   46,    3,   65,   16,  654,   37,   22,   32,    5],
       [  13,   11,   15,    0,   19,   10,  859,   30,    1,    0],
       [   9,   27,   31,    5,   25,    0,    1,  894,   27,    9],
       [  15,   33,   13,   49,   29,   35,   22,   10,  758,   10],
       [  34,    7,    2,    4,  120,   22,    1,   80,   27,  712]],
      dtype=int64)}, 88.8448192999931)
[2024-08-13 13:24:33,063][flwr][INFO] - configure_evaluate: no clients selected, skipping evaluation
[2024-08-13 13:24:33,063][flwr][INFO] - 
[2024-08-13 13:24:33,063][flwr][INFO] - [SUMMARY]
[2024-08-13 13:24:33,063][flwr][INFO] - Run finished 10 round(s) in 88.85s
[2024-08-13 13:24:33,071][flwr][INFO] - 	History (loss, centralized):
[2024-08-13 13:24:33,071][flwr][INFO] - 		round 0: 2.3025850929940455
[2024-08-13 13:24:33,071][flwr][INFO] - 		round 1: 0.9340881081051939
[2024-08-13 13:24:33,071][flwr][INFO] - 		round 2: 0.7469844988373118
[2024-08-13 13:24:33,071][flwr][INFO] - 		round 3: 0.7328796669504253
[2024-08-13 13:24:33,071][flwr][INFO] - 		round 4: 0.7469203919043388
[2024-08-13 13:24:33,071][flwr][INFO] - 		round 5: 0.7486382125309542
[2024-08-13 13:24:33,071][flwr][INFO] - 		round 6: 0.7479867649949139
[2024-08-13 13:24:33,071][flwr][INFO] - 		round 7: 0.7534834332529765
[2024-08-13 13:24:33,071][flwr][INFO] - 		round 8: 0.7558276016124953
[2024-08-13 13:24:33,072][flwr][INFO] - 		round 9: 0.7541466324854821
[2024-08-13 13:24:33,072][flwr][INFO] - 		round 10: 0.7595652320347069
[2024-08-13 13:24:33,072][flwr][INFO] - 	History (metrics, centralized):
[2024-08-13 13:24:33,072][flwr][INFO] - 	{'accuracy': [(0, 0.098),
[2024-08-13 13:24:33,072][flwr][INFO] - 	              (1, 0.7028),
[2024-08-13 13:24:33,072][flwr][INFO] - 	              (2, 0.8069),
[2024-08-13 13:24:33,072][flwr][INFO] - 	              (3, 0.8298),
[2024-08-13 13:24:33,072][flwr][INFO] - 	              (4, 0.8252),
[2024-08-13 13:24:33,072][flwr][INFO] - 	              (5, 0.8383),
[2024-08-13 13:24:33,072][flwr][INFO] - 	              (6, 0.8399),
[2024-08-13 13:24:33,072][flwr][INFO] - 	              (7, 0.8419),
[2024-08-13 13:24:33,073][flwr][INFO] - 	              (8, 0.8436),
[2024-08-13 13:24:33,073][flwr][INFO] - 	              (9, 0.8458),
[2024-08-13 13:24:33,073][flwr][INFO] - 	              (10, 0.8439)],
[2024-08-13 13:24:33,073][flwr][INFO] - 	 'confusion_matrix': [(0,
[2024-08-13 13:24:33,073][flwr][INFO] - 	                       array([[ 980,    0,    0,    0,    0,    0,    0,    0,    0,    0],
[2024-08-13 13:24:33,073][flwr][INFO] - 	       [1135,    0,    0,    0,    0,    0,    0,    0,    0,    0],
[2024-08-13 13:24:33,073][flwr][INFO] - 	       [1032,    0,    0,    0,    0,    0,    0,    0,    0,    0],
[2024-08-13 13:24:33,073][flwr][INFO] - 	       [1010,    0,    0,    0,    0,    0,    0,    0,    0,    0],
[2024-08-13 13:24:33,073][flwr][INFO] - 	       [ 982,    0,    0,    0,    0,    0,    0,    0,    0,    0],
[2024-08-13 13:24:33,073][flwr][INFO] - 	       [ 892,    0,    0,    0,    0,    0,    0,    0,    0,    0],
[2024-08-13 13:24:33,073][flwr][INFO] - 	       [ 958,    0,    0,    0,    0,    0,    0,    0,    0,    0],
[2024-08-13 13:24:33,073][flwr][INFO] - 	       [1028,    0,    0,    0,    0,    0,    0,    0,    0,    0],
[2024-08-13 13:24:33,073][flwr][INFO] - 	       [ 974,    0,    0,    0,    0,    0,    0,    0,    0,    0],
[2024-08-13 13:24:33,073][flwr][INFO] - 	       [1009,    0,    0,    0,    0,    0,    0,    0,    0,    0]],
[2024-08-13 13:24:33,073][flwr][INFO] - 	      dtype=int64)),
[2024-08-13 13:24:33,073][flwr][INFO] - 	                      (1,
[2024-08-13 13:24:33,073][flwr][INFO] - 	                       array([[ 956,    0,    2,    5,    0,    0,    6,    1,   10,    0],
[2024-08-13 13:24:33,074][flwr][INFO] - 	       [   0, 1034,   41,    6,    0,    0,    4,    1,   48,    1],
[2024-08-13 13:24:33,074][flwr][INFO] - 	       [  90,   19,  713,   83,    4,    0,   19,   16,   73,   15],
[2024-08-13 13:24:33,074][flwr][INFO] - 	       [  30,    9,   13,  846,    0,    0,    9,    8,   82,   13],
[2024-08-13 13:24:33,074][flwr][INFO] - 	       [  48,    7,    3,    0,  316,    0,   25,    5,   66,  512],
[2024-08-13 13:24:33,074][flwr][INFO] - 	       [ 271,   56,   11,  212,    3,    5,   27,   10,  238,   59],
[2024-08-13 13:24:33,074][flwr][INFO] - 	       [ 115,   13,   18,    3,    2,    0,  789,    2,   16,    0],
[2024-08-13 13:24:33,074][flwr][INFO] - 	       [  36,   33,   17,    2,    1,    0,    1,  754,  104,   80],
[2024-08-13 13:24:33,074][flwr][INFO] - 	       [  52,    6,    5,  100,    2,    0,   13,    5,  768,   23],
[2024-08-13 13:24:33,074][flwr][INFO] - 	       [  61,    6,    1,   10,    7,    0,    1,   10,   66,  847]],
[2024-08-13 13:24:33,074][flwr][INFO] - 	      dtype=int64)),
[2024-08-13 13:24:33,074][flwr][INFO] - 	                      (2,
[2024-08-13 13:24:33,074][flwr][INFO] - 	                       array([[ 931,    0,    4,    5,    0,    2,   27,    2,    9,    0],
[2024-08-13 13:24:33,074][flwr][INFO] - 	       [   0, 1047,   64,    9,    1,    1,    5,    1,    6,    1],
[2024-08-13 13:24:33,074][flwr][INFO] - 	       [  29,   17,  841,   48,   19,    0,   24,   25,   27,    2],
[2024-08-13 13:24:33,074][flwr][INFO] - 	       [  10,    9,   29,  873,    4,    6,   10,   16,   35,   18],
[2024-08-13 13:24:33,074][flwr][INFO] - 	       [  10,    8,    6,    0,  849,    0,   32,   10,    9,   58],
[2024-08-13 13:24:33,074][flwr][INFO] - 	       [  56,   63,   20,  200,   26,  404,   43,   30,   26,   24],
[2024-08-13 13:24:33,074][flwr][INFO] - 	       [  41,   14,   30,    1,    9,    7,  852,    3,    1,    0],
[2024-08-13 13:24:33,075][flwr][INFO] - 	       [  13,   38,   46,    0,   12,    0,    3,  886,   11,   19],
[2024-08-13 13:24:33,075][flwr][INFO] - 	       [  28,   23,   36,  129,   17,    8,   22,   14,  661,   36],
[2024-08-13 13:24:33,075][flwr][INFO] - 	       [  34,   13,    5,    8,  117,    4,    1,   83,   19,  725]],
[2024-08-13 13:24:33,075][flwr][INFO] - 	      dtype=int64)),
[2024-08-13 13:24:33,075][flwr][INFO] - 	                      (3,
[2024-08-13 13:24:33,075][flwr][INFO] - 	                       array([[ 903,    0,    2,    1,    0,   28,   31,    1,   14,    0],
[2024-08-13 13:24:33,075][flwr][INFO] - 	       [   0, 1056,   45,    1,    1,    8,    5,    1,   17,    1],
[2024-08-13 13:24:33,075][flwr][INFO] - 	       [  20,   17,  823,   43,   17,    1,   27,   24,   52,    8],
[2024-08-13 13:24:33,075][flwr][INFO] - 	       [   5,   12,   22,  794,    2,   55,    9,   14,   74,   23],
[2024-08-13 13:24:33,075][flwr][INFO] - 	       [   7,    7,    2,    0,  800,    4,   25,    5,   18,  114],
[2024-08-13 13:24:33,075][flwr][INFO] - 	       [  23,   55,   11,   79,   12,  620,   29,   14,   32,   17],
[2024-08-13 13:24:33,075][flwr][INFO] - 	       [  25,   15,   21,    1,   13,   19,  860,    2,    2,    0],
[2024-08-13 13:24:33,075][flwr][INFO] - 	       [  10,   33,   35,    0,   14,    0,    1,  837,   50,   48],
[2024-08-13 13:24:33,075][flwr][INFO] - 	       [  12,   17,   19,   53,   11,   46,   18,    6,  755,   37],
[2024-08-13 13:24:33,075][flwr][INFO] - 	       [  24,   10,    4,    5,   48,   16,    1,   27,   24,  850]],
[2024-08-13 13:24:33,075][flwr][INFO] - 	      dtype=int64)),
[2024-08-13 13:24:33,076][flwr][INFO] - 	                      (4,
[2024-08-13 13:24:33,076][flwr][INFO] - 	                       array([[ 915,    1,    2,   10,    2,    7,   32,    4,    7,    0],
[2024-08-13 13:24:33,076][flwr][INFO] - 	       [   0, 1061,   45,   15,    1,    2,    5,    1,    5,    0],
[2024-08-13 13:24:33,076][flwr][INFO] - 	       [  16,    8,  820,   72,   31,    0,   19,   31,   33,    2],
[2024-08-13 13:24:33,076][flwr][INFO] - 	       [   1,    3,   13,  891,    6,   18,    9,   19,   27,   23],
[2024-08-13 13:24:33,076][flwr][INFO] - 	       [   6,    5,    2,    0,  920,    1,   14,   13,    4,   17],
[2024-08-13 13:24:33,076][flwr][INFO] - 	       [  13,   61,   10,  152,   39,  519,   31,   31,   19,   17],
[2024-08-13 13:24:33,076][flwr][INFO] - 	       [  14,   11,   25,    3,   25,   11,  858,   11,    0,    0],
[2024-08-13 13:24:33,076][flwr][INFO] - 	       [   5,   31,   38,    3,   20,    0,    1,  903,   11,   16],
[2024-08-13 13:24:33,076][flwr][INFO] - 	       [  14,   32,   20,  124,   38,   18,   22,   14,  660,   32],
[2024-08-13 13:24:33,076][flwr][INFO] - 	       [  23,   12,    2,   10,  143,    9,    1,   95,    9,  705]],
[2024-08-13 13:24:33,076][flwr][INFO] - 	      dtype=int64)),
[2024-08-13 13:24:33,076][flwr][INFO] - 	                      (5,
[2024-08-13 13:24:33,076][flwr][INFO] - 	                       array([[ 915,    1,    3,    1,    0,   16,   28,    2,   14,    0],
[2024-08-13 13:24:33,076][flwr][INFO] - 	       [   0, 1066,   32,    2,    1,    5,    5,    1,   22,    1],
[2024-08-13 13:24:33,076][flwr][INFO] - 	       [  13,   12,  836,   35,   12,    3,   24,   27,   56,   14],
[2024-08-13 13:24:33,076][flwr][INFO] - 	       [   3,    7,   18,  783,    3,   55,   16,   12,   81,   32],
[2024-08-13 13:24:33,077][flwr][INFO] - 	       [   5,    5,    2,    0,  736,    3,   28,    7,   20,  176],
[2024-08-13 13:24:33,077][flwr][INFO] - 	       [  12,   52,    6,   47,    8,  660,   32,   13,   42,   20],
[2024-08-13 13:24:33,077][flwr][INFO] - 	       [  13,   13,   23,    0,   11,   19,  868,    9,    2,    0],
[2024-08-13 13:24:33,077][flwr][INFO] - 	       [   8,   30,   36,    0,   14,    0,    1,  824,   52,   63],
[2024-08-13 13:24:33,077][flwr][INFO] - 	       [   5,   21,   16,   27,    7,   34,   18,    6,  798,   42],
[2024-08-13 13:24:33,077][flwr][INFO] - 	       [  20,    7,    2,    4,   21,   14,    2,   22,   20,  897]],
[2024-08-13 13:24:33,077][flwr][INFO] - 	      dtype=int64)),
[2024-08-13 13:24:33,077][flwr][INFO] - 	                      (6,
[2024-08-13 13:24:33,077][flwr][INFO] - 	                       array([[ 923,    2,    2,    6,    1,    9,   27,    4,    6,    0],
[2024-08-13 13:24:33,077][flwr][INFO] - 	       [   0, 1071,   33,   11,    2,    4,    5,    1,    8,    0],
[2024-08-13 13:24:33,077][flwr][INFO] - 	       [  13,   14,  820,   64,   26,    0,   19,   33,   41,    2],
[2024-08-13 13:24:33,077][flwr][INFO] - 	       [   2,    4,   13,  872,    5,   30,   11,   18,   38,   17],
[2024-08-13 13:24:33,077][flwr][INFO] - 	       [   5,    4,    2,    0,  916,    2,   18,   13,    4,   18],
[2024-08-13 13:24:33,077][flwr][INFO] - 	       [  11,   57,    6,   97,   21,  609,   35,   22,   24,   10],
[2024-08-13 13:24:33,077][flwr][INFO] - 	       [  13,   15,   21,    1,   21,   13,  860,   13,    1,    0],
[2024-08-13 13:24:33,077][flwr][INFO] - 	       [   7,   33,   35,    4,   21,    0,    1,  895,   19,   13],
[2024-08-13 13:24:33,077][flwr][INFO] - 	       [  15,   38,   15,   91,   28,   30,   24,   12,  696,   25],
[2024-08-13 13:24:33,078][flwr][INFO] - 	       [  25,   11,    2,    7,  119,   14,    1,   82,   11,  737]],
[2024-08-13 13:24:33,078][flwr][INFO] - 	      dtype=int64)),
[2024-08-13 13:24:33,078][flwr][INFO] - 	                      (7,
[2024-08-13 13:24:33,078][flwr][INFO] - 	                       array([[ 922,    3,    3,    4,    1,    9,   27,    3,    8,    0],
[2024-08-13 13:24:33,078][flwr][INFO] - 	       [   0, 1067,   30,    4,    1,    5,    5,    1,   21,    1],
[2024-08-13 13:24:33,078][flwr][INFO] - 	       [  11,   14,  835,   43,   11,    2,   22,   29,   52,   13],
[2024-08-13 13:24:33,078][flwr][INFO] - 	       [   3,    7,   14,  817,    3,   43,   17,   13,   55,   38],
[2024-08-13 13:24:33,078][flwr][INFO] - 	       [   3,    4,    2,    0,  759,    3,   21,   10,   18,  162],
[2024-08-13 13:24:33,078][flwr][INFO] - 	       [  11,   53,    6,   65,    9,  638,   37,   13,   37,   23],
[2024-08-13 13:24:33,078][flwr][INFO] - 	       [  13,   13,   22,    0,   11,   14,  871,   12,    1,    1],
[2024-08-13 13:24:33,078][flwr][INFO] - 	       [   9,   28,   35,    1,   14,    1,    0,  835,   42,   63],
[2024-08-13 13:24:33,078][flwr][INFO] - 	       [   8,   30,   16,   32,    8,   27,   20,    6,  779,   48],
[2024-08-13 13:24:33,078][flwr][INFO] - 	       [  23,    7,    2,    6,   24,   10,    1,   23,   17,  896]],
[2024-08-13 13:24:33,078][flwr][INFO] - 	      dtype=int64)),
[2024-08-13 13:24:33,078][flwr][INFO] - 	                      (8,
[2024-08-13 13:24:33,078][flwr][INFO] - 	                       array([[ 920,    4,    4,    5,    1,    9,   23,    8,    6,    0],
[2024-08-13 13:24:33,078][flwr][INFO] - 	       [   0, 1070,   29,   11,    2,    5,    5,    1,   12,    0],
[2024-08-13 13:24:33,079][flwr][INFO] - 	       [  12,   16,  821,   58,   24,    0,   20,   34,   45,    2],
[2024-08-13 13:24:33,079][flwr][INFO] - 	       [   2,    7,   11,  865,    5,   34,    9,   20,   42,   15],
[2024-08-13 13:24:33,079][flwr][INFO] - 	       [   3,    4,    1,    0,  914,    5,   18,   17,    5,   15],
[2024-08-13 13:24:33,079][flwr][INFO] - 	       [  12,   51,    5,   76,   17,  638,   36,   24,   26,    7],
[2024-08-13 13:24:33,079][flwr][INFO] - 	       [  13,   13,   16,    1,   16,   12,  862,   24,    1,    0],
[2024-08-13 13:24:33,079][flwr][INFO] - 	       [   9,   30,   34,    4,   24,    0,    1,  892,   22,   12],
[2024-08-13 13:24:33,079][flwr][INFO] - 	       [  16,   37,   14,   67,   28,   35,   24,   11,  727,   15],
[2024-08-13 13:24:33,079][flwr][INFO] - 	       [  29,    8,    2,    7,  117,   20,    1,   82,   16,  727]],
[2024-08-13 13:24:33,079][flwr][INFO] - 	      dtype=int64)),
[2024-08-13 13:24:33,079][flwr][INFO] - 	                      (9,
[2024-08-13 13:24:33,079][flwr][INFO] - 	                       array([[ 918,    6,    6,    4,    1,    9,   25,    5,    6,    0],
[2024-08-13 13:24:33,079][flwr][INFO] - 	       [   0, 1065,   32,    8,    1,    4,    5,    1,   18,    1],
[2024-08-13 13:24:33,079][flwr][INFO] - 	       [  10,   18,  829,   46,   13,    2,   22,   32,   49,   11],
[2024-08-13 13:24:33,079][flwr][INFO] - 	       [   2,   10,   13,  840,    5,   37,   14,   16,   41,   32],
[2024-08-13 13:24:33,079][flwr][INFO] - 	       [   4,    4,    2,    0,  811,    4,   19,   12,   13,  113],
[2024-08-13 13:24:33,079][flwr][INFO] - 	       [  13,   50,    5,   65,   12,  634,   41,   15,   35,   22],
[2024-08-13 13:24:33,079][flwr][INFO] - 	       [  13,   11,   17,    0,   12,   10,  876,   18,    1,    0],
[2024-08-13 13:24:33,080][flwr][INFO] - 	       [   9,   28,   34,    3,   16,    1,    1,  851,   31,   54],
[2024-08-13 13:24:33,080][flwr][INFO] - 	       [  13,   30,   15,   44,   14,   30,   22,    7,  750,   49],
[2024-08-13 13:24:33,080][flwr][INFO] - 	       [  26,    7,    2,    5,   32,   10,    1,   27,   15,  884]],
[2024-08-13 13:24:33,080][flwr][INFO] - 	      dtype=int64)),
[2024-08-13 13:24:33,080][flwr][INFO] - 	                      (10,
[2024-08-13 13:24:33,080][flwr][INFO] - 	                       array([[ 911,   13,    6,    4,    1,   10,   21,    8,    6,    0],
[2024-08-13 13:24:33,080][flwr][INFO] - 	       [   0, 1064,   28,   11,    2,    6,    5,    3,   16,    0],
[2024-08-13 13:24:33,080][flwr][INFO] - 	       [  10,   18,  819,   50,   26,    0,   20,   37,   51,    1],
[2024-08-13 13:24:33,080][flwr][INFO] - 	       [   2,   11,    9,  856,    7,   36,   11,   20,   47,   11],
[2024-08-13 13:24:33,080][flwr][INFO] - 	       [   3,    3,    1,    0,  912,    7,   17,   20,    7,   12],
[2024-08-13 13:24:33,080][flwr][INFO] - 	       [  12,   46,    3,   65,   16,  654,   37,   22,   32,    5],
[2024-08-13 13:24:33,080][flwr][INFO] - 	       [  13,   11,   15,    0,   19,   10,  859,   30,    1,    0],
[2024-08-13 13:24:33,080][flwr][INFO] - 	       [   9,   27,   31,    5,   25,    0,    1,  894,   27,    9],
[2024-08-13 13:24:33,080][flwr][INFO] - 	       [  15,   33,   13,   49,   29,   35,   22,   10,  758,   10],
[2024-08-13 13:24:33,080][flwr][INFO] - 	       [  34,    7,    2,    4,  120,   22,    1,   80,   27,  712]],
[2024-08-13 13:24:33,080][flwr][INFO] - 	      dtype=int64))],
[2024-08-13 13:24:33,080][flwr][INFO] - 	 'f1': [(0, 0.017493624772313296),
[2024-08-13 13:24:33,081][flwr][INFO] - 	        (1, 0.6685819876811442),
[2024-08-13 13:24:33,081][flwr][INFO] - 	        (2, 0.8008709600692586),
[2024-08-13 13:24:33,081][flwr][INFO] - 	        (3, 0.8292105013858893),
[2024-08-13 13:24:33,081][flwr][INFO] - 	        (4, 0.8220004493723337),
[2024-08-13 13:24:33,081][flwr][INFO] - 	        (5, 0.8383228555980291),
[2024-08-13 13:24:33,081][flwr][INFO] - 	        (6, 0.8378495805020122),
[2024-08-13 13:24:33,081][flwr][INFO] - 	        (7, 0.8415711953831285),
[2024-08-13 13:24:33,081][flwr][INFO] - 	        (8, 0.8419332676879289),
[2024-08-13 13:24:33,081][flwr][INFO] - 	        (9, 0.8449753450234518),
[2024-08-13 13:24:33,081][flwr][INFO] - 	        (10, 0.8425881052843784)],
[2024-08-13 13:24:33,081][flwr][INFO] - 	 'precision': [(0, 0.009604000000000001),
[2024-08-13 13:24:33,081][flwr][INFO] - 	               (1, 0.7802396358759565),
[2024-08-13 13:24:33,081][flwr][INFO] - 	               (2, 0.8158706806171838),
[2024-08-13 13:24:33,081][flwr][INFO] - 	               (3, 0.8307182435266174),
[2024-08-13 13:24:33,081][flwr][INFO] - 	               (4, 0.8333050206546213),
[2024-08-13 13:24:33,081][flwr][INFO] - 	               (5, 0.8441383057818282),
[2024-08-13 13:24:33,081][flwr][INFO] - 	               (6, 0.8429251421132001),
[2024-08-13 13:24:33,081][flwr][INFO] - 	               (7, 0.8461999002560656),
[2024-08-13 13:24:33,082][flwr][INFO] - 	               (8, 0.8462795665621247),
[2024-08-13 13:24:33,082][flwr][INFO] - 	               (9, 0.8473124664329577),
[2024-08-13 13:24:33,082][flwr][INFO] - 	               (10, 0.8476470080307836)],
[2024-08-13 13:24:33,082][flwr][INFO] - 	 'recall': [(0, 0.098),
[2024-08-13 13:24:33,082][flwr][INFO] - 	            (1, 0.7028),
[2024-08-13 13:24:33,082][flwr][INFO] - 	            (2, 0.8069),
[2024-08-13 13:24:33,082][flwr][INFO] - 	            (3, 0.8298),
[2024-08-13 13:24:33,082][flwr][INFO] - 	            (4, 0.8252),
[2024-08-13 13:24:33,082][flwr][INFO] - 	            (5, 0.8383),
[2024-08-13 13:24:33,082][flwr][INFO] - 	            (6, 0.8399),
[2024-08-13 13:24:33,082][flwr][INFO] - 	            (7, 0.8419),
[2024-08-13 13:24:33,082][flwr][INFO] - 	            (8, 0.8436),
[2024-08-13 13:24:33,082][flwr][INFO] - 	            (9, 0.8458),
[2024-08-13 13:24:33,082][flwr][INFO] - 	            (10, 0.8439)]}
[2024-08-13 13:24:33,082][flwr][INFO] - 
