[2024-08-13 15:13:33,060][flwr][INFO] - Starting Flower simulation, config: num_rounds=10, no round_timeout
[2024-08-13 15:13:37,235][flwr][INFO] - Flower VCE: Ray initialized with resources: {'node:__internal_head__': 1.0, 'accelerator_type:G': 1.0, 'node:127.0.0.1': 1.0, 'memory': 4757166491.0, 'object_store_memory': 2378583244.0, 'CPU': 16.0, 'GPU': 1.0}
[2024-08-13 15:13:37,235][flwr][INFO] - Optimize your simulation with Flower VCE: https://flower.ai/docs/framework/how-to-run-simulations.html
[2024-08-13 15:13:37,236][flwr][INFO] - Flower VCE: Resources for each Virtual Client: {'num_cpus': 2, 'num_gpus': 0.5}
[2024-08-13 15:13:37,246][flwr][INFO] - Flower VCE: Creating VirtualClientEngineActorPool with 2 actors
[2024-08-13 15:13:37,248][flwr][INFO] - [INIT]
[2024-08-13 15:13:37,248][flwr][INFO] - Requesting initial parameters from one random client
[2024-08-13 15:13:44,661][flwr][INFO] - Received initial parameters from one random client
[2024-08-13 15:13:44,661][flwr][INFO] - Evaluating initial global parameters
[2024-08-13 15:13:46,876][flwr][INFO] - initial parameters (loss, other metrics): 2.3025850929940455, {'accuracy': 0.098, 'precision': 0.009604000000000001, 'recall': 0.098, 'f1': 0.017493624772313296, 'confusion_matrix': array([[ 980,    0,    0,    0,    0,    0,    0,    0,    0,    0],
       [1135,    0,    0,    0,    0,    0,    0,    0,    0,    0],
       [1032,    0,    0,    0,    0,    0,    0,    0,    0,    0],
       [1010,    0,    0,    0,    0,    0,    0,    0,    0,    0],
       [ 982,    0,    0,    0,    0,    0,    0,    0,    0,    0],
       [ 892,    0,    0,    0,    0,    0,    0,    0,    0,    0],
       [ 958,    0,    0,    0,    0,    0,    0,    0,    0,    0],
       [1028,    0,    0,    0,    0,    0,    0,    0,    0,    0],
       [ 974,    0,    0,    0,    0,    0,    0,    0,    0,    0],
       [1009,    0,    0,    0,    0,    0,    0,    0,    0,    0]],
      dtype=int64)}
[2024-08-13 15:13:46,877][flwr][INFO] - 
[2024-08-13 15:13:46,877][flwr][INFO] - [ROUND 1]
[2024-08-13 15:13:46,878][flwr][INFO] - configure_fit: strategy sampled 10 clients (out of 100)
[2024-08-13 15:13:50,425][flwr][INFO] - aggregate_fit: received 10 results and 0 failures
[2024-08-13 15:13:50,428][flwr][WARNING] - No fit_metrics_aggregation_fn provided
[2024-08-13 15:13:52,495][flwr][INFO] - fit progress: (1, 1.0082245845367799, {'accuracy': 0.7069, 'precision': 0.7709866121944214, 'recall': 0.7069, 'f1': 0.6732864578814619, 'confusion_matrix': array([[ 929,    0,    1,   16,    0,    0,   28,    1,    5,    0],
       [   0, 1054,   35,   27,    1,    0,    6,    1,   11,    0],
       [  90,   14,  451,  323,   22,    0,   83,   17,   32,    0],
       [   8,    3,    3,  947,    0,    0,    8,   11,   24,    6],
       [  15,    7,    0,    4,  802,    0,   70,    6,   36,   42],
       [ 175,   64,    3,  392,   20,    4,   59,   26,  116,   33],
       [  51,   14,    4,    9,    5,    0,  872,    1,    2,    0],
       [  20,   36,   11,   13,    5,    0,    5,  867,   55,   16],
       [  36,   17,    4,  324,    4,    0,   26,   10,  540,   13],
       [  53,   13,    0,   28,  142,    0,   10,  103,   57,  603]],
      dtype=int64)}, 5.618406399997184)
[2024-08-13 15:13:52,496][flwr][INFO] - configure_evaluate: no clients selected, skipping evaluation
[2024-08-13 15:13:52,496][flwr][INFO] - 
[2024-08-13 15:13:52,496][flwr][INFO] - [ROUND 2]
[2024-08-13 15:13:52,497][flwr][INFO] - configure_fit: strategy sampled 10 clients (out of 100)
[2024-08-13 15:13:53,687][flwr][INFO] - aggregate_fit: received 10 results and 0 failures
[2024-08-13 15:13:55,773][flwr][INFO] - fit progress: (2, 0.8212086659425506, {'accuracy': 0.8072, 'precision': 0.813311339292163, 'recall': 0.8072, 'f1': 0.8051771758097321, 'confusion_matrix': array([[ 920,    0,    5,    0,    0,    7,   36,    1,   10,    1],
       [   0, 1027,   88,    1,    0,    4,    5,    1,    3,    6],
       [  40,    9,  872,    8,   22,    0,   21,   24,   30,    6],
       [  12,   10,   62,  723,    4,   39,   16,   16,   71,   57],
       [   7,    7,    8,    0,  803,    0,   21,    5,    9,  122],
       [  49,   55,   28,   85,   18,  507,   42,   16,   36,   56],
       [  34,   15,   41,    0,   15,   16,  834,    1,    1,    1],
       [   9,   30,   52,    0,   13,    0,    3,  851,   20,   50],
       [  23,   23,   66,   31,   12,   17,   20,    8,  698,   76],
       [  24,   11,    4,    3,   72,    4,    3,   32,   19,  837]],
      dtype=int64)}, 8.896371599999839)
[2024-08-13 15:13:55,774][flwr][INFO] - configure_evaluate: no clients selected, skipping evaluation
[2024-08-13 15:13:55,774][flwr][INFO] - 
[2024-08-13 15:13:55,774][flwr][INFO] - [ROUND 3]
[2024-08-13 15:13:55,775][flwr][INFO] - configure_fit: strategy sampled 10 clients (out of 100)
[2024-08-13 15:13:56,940][flwr][INFO] - aggregate_fit: received 10 results and 0 failures
[2024-08-13 15:13:59,021][flwr][INFO] - fit progress: (3, 0.8012719925780769, {'accuracy': 0.8117, 'precision': 0.8254118200312661, 'recall': 0.8117, 'f1': 0.8104999386654097, 'confusion_matrix': array([[ 855,    1,    0,   20,    1,   45,   47,    1,   10,    0],
       [   0, 1074,   24,   10,    1,    7,    5,    0,   14,    0],
       [  16,   25,  672,  161,   31,    2,   32,   26,   65,    2],
       [   1,    7,    5,  915,    2,   14,    8,   14,   36,    8],
       [   1,    6,    1,    0,  891,    3,   29,    4,   20,   27],
       [   5,   52,    1,  187,   16,  553,   31,   14,   25,    8],
       [  12,   19,   14,    4,   17,   19,  867,    4,    2,    0],
       [   2,   39,   17,    5,   17,    0,    2,  882,   46,   18],
       [   2,   30,    4,  153,   15,   31,   16,   11,  702,   10],
       [  11,   12,    1,   14,  133,   28,    4,   68,   32,  706]],
      dtype=int64)}, 12.144185600001947)
[2024-08-13 15:13:59,022][flwr][INFO] - configure_evaluate: no clients selected, skipping evaluation
[2024-08-13 15:13:59,022][flwr][INFO] - 
[2024-08-13 15:13:59,022][flwr][INFO] - [ROUND 4]
[2024-08-13 15:13:59,023][flwr][INFO] - configure_fit: strategy sampled 10 clients (out of 100)
[2024-08-13 15:14:00,165][flwr][INFO] - aggregate_fit: received 10 results and 0 failures
[2024-08-13 15:14:02,255][flwr][INFO] - fit progress: (4, 0.7693534389218867, {'accuracy': 0.8167, 'precision': 0.8319961964393415, 'recall': 0.8167, 'f1': 0.8167701833715276, 'confusion_matrix': array([[ 926,    2,    4,    0,    0,    5,   27,    1,    6,    9],
       [   0, 1051,   62,    1,    1,    3,    5,    1,    3,    8],
       [  19,   12,  877,   17,   15,    0,   17,   26,   31,   18],
       [   9,    8,   41,  777,    6,   33,   16,   15,   30,   75],
       [   7,    5,    8,    0,  738,    0,   14,    4,    5,  201],
       [  25,   60,   21,   74,   19,  553,   34,   15,   21,   70],
       [  19,   14,   43,    1,   18,   15,  841,    4,    1,    2],
       [   9,   30,   42,    0,   15,    0,    2,  818,   15,   97],
       [  18,   32,   41,   34,   13,   18,   18,    5,  665,  130],
       [  21,    8,    6,    3,   25,    3,    1,   14,    7,  921]],
      dtype=int64)}, 15.3777076999977)
[2024-08-13 15:14:02,255][flwr][INFO] - configure_evaluate: no clients selected, skipping evaluation
[2024-08-13 15:14:02,255][flwr][INFO] - 
[2024-08-13 15:14:02,255][flwr][INFO] - [ROUND 5]
[2024-08-13 15:14:02,256][flwr][INFO] - configure_fit: strategy sampled 10 clients (out of 100)
[2024-08-13 15:14:03,413][flwr][INFO] - aggregate_fit: received 10 results and 0 failures
[2024-08-13 15:14:05,492][flwr][INFO] - fit progress: (5, 0.7908082994451386, {'accuracy': 0.7914, 'precision': 0.8190759316045128, 'recall': 0.7914, 'f1': 0.7740249013212408, 'confusion_matrix': array([[ 898,    1,    1,    8,    1,   17,   32,    4,   18,    0],
       [   0, 1065,   18,   12,    1,    4,    5,    1,   29,    0],
       [  15,   19,  736,  100,   31,    1,   23,   30,   77,    0],
       [   1,    6,    6,  879,    1,   25,   10,   21,   60,    1],
       [   4,    5,    1,    0,  910,    8,   22,   12,   19,    1],
       [   5,   47,    2,  103,   16,  623,   34,   17,   44,    1],
       [  12,   13,   19,    2,   15,   20,  869,    6,    2,    0],
       [   5,   30,   20,    4,   20,    0,    1,  907,   41,    0],
       [   4,   19,    4,   71,   15,   22,   17,   10,  812,    0],
       [  19,    8,    3,    7,  370,   49,    3,  217,  118,  215]],
      dtype=int64)}, 18.614053900004365)
[2024-08-13 15:14:05,492][flwr][INFO] - configure_evaluate: no clients selected, skipping evaluation
[2024-08-13 15:14:05,493][flwr][INFO] - 
[2024-08-13 15:14:05,493][flwr][INFO] - [ROUND 6]
[2024-08-13 15:14:05,493][flwr][INFO] - configure_fit: strategy sampled 10 clients (out of 100)
[2024-08-13 15:14:06,794][flwr][INFO] - aggregate_fit: received 10 results and 0 failures
[2024-08-13 15:14:08,860][flwr][INFO] - fit progress: (6, 0.7385655755052433, {'accuracy': 0.8443, 'precision': 0.8465767249496056, 'recall': 0.8443, 'f1': 0.8430337530071856, 'confusion_matrix': array([[ 930,    2,    5,    3,    0,   12,   19,    3,    6,    0],
       [   0, 1074,   36,    7,    1,    5,    5,    1,    5,    1],
       [  12,   23,  841,   47,   15,    1,   17,   29,   38,    9],
       [   3,    8,   16,  861,    1,   38,    9,   15,   24,   35],
       [   4,    5,    3,    0,  822,    2,   21,    7,    5,  113],
       [  13,   49,   10,   84,   11,  643,   27,   14,   15,   26],
       [  15,   15,   27,    1,   13,   19,  859,    8,    1,    0],
       [   8,   34,   36,    2,   15,    0,    2,  868,   14,   49],
       [  14,   43,   18,   81,   14,   40,   18,    9,  665,   72],
       [  23,    9,    4,    9,   32,   12,    1,   31,    8,  880]],
      dtype=int64)}, 21.98219340000651)
[2024-08-13 15:14:08,861][flwr][INFO] - configure_evaluate: no clients selected, skipping evaluation
[2024-08-13 15:14:08,861][flwr][INFO] - 
[2024-08-13 15:14:08,861][flwr][INFO] - [ROUND 7]
[2024-08-13 15:14:08,861][flwr][INFO] - configure_fit: strategy sampled 10 clients (out of 100)
[2024-08-13 15:14:09,980][flwr][INFO] - aggregate_fit: received 10 results and 0 failures
[2024-08-13 15:14:12,036][flwr][INFO] - fit progress: (7, 0.7182665081507708, {'accuracy': 0.849, 'precision': 0.8557231734273324, 'recall': 0.849, 'f1': 0.8472898680011027, 'confusion_matrix': array([[ 927,    1,    4,    3,    3,    2,   30,    2,    8,    0],
       [   0, 1055,   30,   10,    1,    3,    7,    1,   28,    0],
       [  13,   10,  833,   39,   32,    0,   24,   29,   50,    2],
       [   4,    4,   13,  855,    7,   26,   17,   19,   55,   10],
       [   3,    3,    1,    0,  930,    2,   18,    6,    6,   13],
       [  13,   34,    4,   84,   37,  585,   49,   19,   56,   11],
       [  10,    6,   19,    2,   24,    6,  885,    5,    1,    0],
       [   8,   25,   31,    2,   26,    0,    1,  892,   28,   15],
       [  13,   17,   12,   34,   25,   13,   22,    9,  821,    8],
       [  27,    6,    3,    6,  151,    8,    1,   66,   34,  707]],
      dtype=int64)}, 25.15816029999405)
[2024-08-13 15:14:12,037][flwr][INFO] - configure_evaluate: no clients selected, skipping evaluation
[2024-08-13 15:14:12,037][flwr][INFO] - 
[2024-08-13 15:14:12,037][flwr][INFO] - [ROUND 8]
[2024-08-13 15:14:12,037][flwr][INFO] - configure_fit: strategy sampled 10 clients (out of 100)
[2024-08-13 15:14:13,162][flwr][INFO] - aggregate_fit: received 10 results and 0 failures
[2024-08-13 15:14:15,420][flwr][INFO] - fit progress: (8, 0.7241430561572896, {'accuracy': 0.8237, 'precision': 0.8434283214526668, 'recall': 0.8237, 'f1': 0.8231189499589702, 'confusion_matrix': array([[ 928,    3,    5,    5,    1,    9,   20,    3,    2,    4],
       [   0, 1083,   17,   10,    1,    5,    5,    1,   10,    3],
       [  13,   27,  797,   68,    9,    1,   26,   34,   29,   28],
       [   2,    6,    6,  886,    1,   32,    8,   16,    9,   44],
       [   3,    7,    2,    1,  629,    3,   20,   14,    3,  300],
       [  13,   40,    2,   75,    7,  662,   31,   17,   13,   32],
       [  14,   10,   18,    2,    8,   15,  872,   16,    0,    3],
       [   9,   30,   25,    7,    5,    0,    2,  864,    4,   82],
       [  14,   47,   10,   88,    6,   47,   21,    7,  589,  145],
       [  21,    7,    4,   12,   11,    9,    1,   17,    0,  927]],
      dtype=int64)}, 28.54224549999344)
[2024-08-13 15:14:15,421][flwr][INFO] - configure_evaluate: no clients selected, skipping evaluation
[2024-08-13 15:14:15,421][flwr][INFO] - 
[2024-08-13 15:14:15,421][flwr][INFO] - [ROUND 9]
[2024-08-13 15:14:15,421][flwr][INFO] - configure_fit: strategy sampled 10 clients (out of 100)
[2024-08-13 15:14:16,596][flwr][INFO] - aggregate_fit: received 10 results and 0 failures
[2024-08-13 15:14:18,652][flwr][INFO] - fit progress: (9, 0.724708315847637, {'accuracy': 0.8402, 'precision': 0.8547912785840143, 'recall': 0.8402, 'f1': 0.8387103379873073, 'confusion_matrix': array([[ 918,    3,    5,    4,    2,    6,   22,    3,   17,    0],
       [   0, 1044,   23,    5,    1,    3,    5,    1,   53,    0],
       [  11,   13,  829,   30,   32,    1,   18,   30,   67,    1],
       [   3,    6,   15,  813,    8,   40,   16,   19,   86,    4],
       [   3,    3,    1,    0,  929,    2,   12,    7,   18,    7],
       [   9,   30,    4,   50,   22,  650,   35,   17,   72,    3],
       [  12,    6,   21,    0,   27,    9,  871,    9,    3,    0],
       [   8,   23,   33,    1,   25,    0,    0,  894,   40,    4],
       [   6,    9,   10,   19,   21,   17,   16,    5,  870,    1],
       [  28,    5,    4,    4,  192,   17,    1,   94,   80,  584]],
      dtype=int64)}, 31.774673599997186)
[2024-08-13 15:14:18,653][flwr][INFO] - configure_evaluate: no clients selected, skipping evaluation
[2024-08-13 15:14:18,653][flwr][INFO] - 
[2024-08-13 15:14:18,653][flwr][INFO] - [ROUND 10]
[2024-08-13 15:14:18,653][flwr][INFO] - configure_fit: strategy sampled 10 clients (out of 100)
[2024-08-13 15:14:19,928][flwr][INFO] - aggregate_fit: received 10 results and 0 failures
[2024-08-13 15:14:21,978][flwr][INFO] - fit progress: (10, 0.724573978312164, {'accuracy': 0.8253, 'precision': 0.8418310965684305, 'recall': 0.8253, 'f1': 0.8218930364190769, 'confusion_matrix': array([[ 931,    4,    6,    4,    1,   10,   19,    2,    0,    3],
       [   0, 1067,   38,   11,    2,    6,    6,    0,    3,    2],
       [  13,   17,  848,   56,   11,    0,   24,   31,   15,   17],
       [   3,    3,    9,  889,    2,   32,    9,   14,    6,   43],
       [   3,    4,    2,    1,  763,    2,   20,    7,    2,  178],
       [  16,   37,    7,   82,    9,  657,   33,   14,    7,   30],
       [  15,    7,   21,    2,   11,   12,  877,   11,    0,    2],
       [   9,   27,   35,    7,   14,    0,    2,  847,    3,   84],
       [  19,   50,   23,  112,   12,   56,   31,    7,  459,  205],
       [  23,    7,    5,   12,   22,    9,    1,   15,    0,  915]],
      dtype=int64)}, 35.10137400000531)
[2024-08-13 15:14:21,979][flwr][INFO] - configure_evaluate: no clients selected, skipping evaluation
[2024-08-13 15:14:21,979][flwr][INFO] - 
[2024-08-13 15:14:21,979][flwr][INFO] - [SUMMARY]
[2024-08-13 15:14:21,979][flwr][INFO] - Run finished 10 round(s) in 35.10s
[2024-08-13 15:14:21,988][flwr][INFO] - 	History (loss, centralized):
[2024-08-13 15:14:21,988][flwr][INFO] - 		round 0: 2.3025850929940455
[2024-08-13 15:14:21,988][flwr][INFO] - 		round 1: 1.0082245845367799
[2024-08-13 15:14:21,988][flwr][INFO] - 		round 2: 0.8212086659425506
[2024-08-13 15:14:21,988][flwr][INFO] - 		round 3: 0.8012719925780769
[2024-08-13 15:14:21,988][flwr][INFO] - 		round 4: 0.7693534389218867
[2024-08-13 15:14:21,988][flwr][INFO] - 		round 5: 0.7908082994451386
[2024-08-13 15:14:21,988][flwr][INFO] - 		round 6: 0.7385655755052433
[2024-08-13 15:14:21,988][flwr][INFO] - 		round 7: 0.7182665081507708
[2024-08-13 15:14:21,988][flwr][INFO] - 		round 8: 0.7241430561572896
[2024-08-13 15:14:21,988][flwr][INFO] - 		round 9: 0.724708315847637
[2024-08-13 15:14:21,988][flwr][INFO] - 		round 10: 0.724573978312164
[2024-08-13 15:14:21,989][flwr][INFO] - 	History (metrics, centralized):
[2024-08-13 15:14:21,989][flwr][INFO] - 	{'accuracy': [(0, 0.098),
[2024-08-13 15:14:21,989][flwr][INFO] - 	              (1, 0.7069),
[2024-08-13 15:14:21,989][flwr][INFO] - 	              (2, 0.8072),
[2024-08-13 15:14:21,989][flwr][INFO] - 	              (3, 0.8117),
[2024-08-13 15:14:21,989][flwr][INFO] - 	              (4, 0.8167),
[2024-08-13 15:14:21,989][flwr][INFO] - 	              (5, 0.7914),
[2024-08-13 15:14:21,989][flwr][INFO] - 	              (6, 0.8443),
[2024-08-13 15:14:21,989][flwr][INFO] - 	              (7, 0.849),
[2024-08-13 15:14:21,989][flwr][INFO] - 	              (8, 0.8237),
[2024-08-13 15:14:21,989][flwr][INFO] - 	              (9, 0.8402),
[2024-08-13 15:14:21,989][flwr][INFO] - 	              (10, 0.8253)],
[2024-08-13 15:14:21,989][flwr][INFO] - 	 'confusion_matrix': [(0,
[2024-08-13 15:14:21,989][flwr][INFO] - 	                       array([[ 980,    0,    0,    0,    0,    0,    0,    0,    0,    0],
[2024-08-13 15:14:21,989][flwr][INFO] - 	       [1135,    0,    0,    0,    0,    0,    0,    0,    0,    0],
[2024-08-13 15:14:21,989][flwr][INFO] - 	       [1032,    0,    0,    0,    0,    0,    0,    0,    0,    0],
[2024-08-13 15:14:21,990][flwr][INFO] - 	       [1010,    0,    0,    0,    0,    0,    0,    0,    0,    0],
[2024-08-13 15:14:21,990][flwr][INFO] - 	       [ 982,    0,    0,    0,    0,    0,    0,    0,    0,    0],
[2024-08-13 15:14:21,990][flwr][INFO] - 	       [ 892,    0,    0,    0,    0,    0,    0,    0,    0,    0],
[2024-08-13 15:14:21,990][flwr][INFO] - 	       [ 958,    0,    0,    0,    0,    0,    0,    0,    0,    0],
[2024-08-13 15:14:21,990][flwr][INFO] - 	       [1028,    0,    0,    0,    0,    0,    0,    0,    0,    0],
[2024-08-13 15:14:21,990][flwr][INFO] - 	       [ 974,    0,    0,    0,    0,    0,    0,    0,    0,    0],
[2024-08-13 15:14:21,990][flwr][INFO] - 	       [1009,    0,    0,    0,    0,    0,    0,    0,    0,    0]],
[2024-08-13 15:14:21,990][flwr][INFO] - 	      dtype=int64)),
[2024-08-13 15:14:21,990][flwr][INFO] - 	                      (1,
[2024-08-13 15:14:21,990][flwr][INFO] - 	                       array([[ 929,    0,    1,   16,    0,    0,   28,    1,    5,    0],
[2024-08-13 15:14:21,990][flwr][INFO] - 	       [   0, 1054,   35,   27,    1,    0,    6,    1,   11,    0],
[2024-08-13 15:14:21,990][flwr][INFO] - 	       [  90,   14,  451,  323,   22,    0,   83,   17,   32,    0],
[2024-08-13 15:14:21,990][flwr][INFO] - 	       [   8,    3,    3,  947,    0,    0,    8,   11,   24,    6],
[2024-08-13 15:14:21,990][flwr][INFO] - 	       [  15,    7,    0,    4,  802,    0,   70,    6,   36,   42],
[2024-08-13 15:14:21,990][flwr][INFO] - 	       [ 175,   64,    3,  392,   20,    4,   59,   26,  116,   33],
[2024-08-13 15:14:21,990][flwr][INFO] - 	       [  51,   14,    4,    9,    5,    0,  872,    1,    2,    0],
[2024-08-13 15:14:21,990][flwr][INFO] - 	       [  20,   36,   11,   13,    5,    0,    5,  867,   55,   16],
[2024-08-13 15:14:21,991][flwr][INFO] - 	       [  36,   17,    4,  324,    4,    0,   26,   10,  540,   13],
[2024-08-13 15:14:21,991][flwr][INFO] - 	       [  53,   13,    0,   28,  142,    0,   10,  103,   57,  603]],
[2024-08-13 15:14:21,991][flwr][INFO] - 	      dtype=int64)),
[2024-08-13 15:14:21,991][flwr][INFO] - 	                      (2,
[2024-08-13 15:14:21,991][flwr][INFO] - 	                       array([[ 920,    0,    5,    0,    0,    7,   36,    1,   10,    1],
[2024-08-13 15:14:21,991][flwr][INFO] - 	       [   0, 1027,   88,    1,    0,    4,    5,    1,    3,    6],
[2024-08-13 15:14:21,991][flwr][INFO] - 	       [  40,    9,  872,    8,   22,    0,   21,   24,   30,    6],
[2024-08-13 15:14:21,991][flwr][INFO] - 	       [  12,   10,   62,  723,    4,   39,   16,   16,   71,   57],
[2024-08-13 15:14:21,991][flwr][INFO] - 	       [   7,    7,    8,    0,  803,    0,   21,    5,    9,  122],
[2024-08-13 15:14:21,991][flwr][INFO] - 	       [  49,   55,   28,   85,   18,  507,   42,   16,   36,   56],
[2024-08-13 15:14:21,991][flwr][INFO] - 	       [  34,   15,   41,    0,   15,   16,  834,    1,    1,    1],
[2024-08-13 15:14:21,991][flwr][INFO] - 	       [   9,   30,   52,    0,   13,    0,    3,  851,   20,   50],
[2024-08-13 15:14:21,991][flwr][INFO] - 	       [  23,   23,   66,   31,   12,   17,   20,    8,  698,   76],
[2024-08-13 15:14:21,991][flwr][INFO] - 	       [  24,   11,    4,    3,   72,    4,    3,   32,   19,  837]],
[2024-08-13 15:14:21,991][flwr][INFO] - 	      dtype=int64)),
[2024-08-13 15:14:21,991][flwr][INFO] - 	                      (3,
[2024-08-13 15:14:21,991][flwr][INFO] - 	                       array([[ 855,    1,    0,   20,    1,   45,   47,    1,   10,    0],
[2024-08-13 15:14:21,992][flwr][INFO] - 	       [   0, 1074,   24,   10,    1,    7,    5,    0,   14,    0],
[2024-08-13 15:14:21,992][flwr][INFO] - 	       [  16,   25,  672,  161,   31,    2,   32,   26,   65,    2],
[2024-08-13 15:14:21,992][flwr][INFO] - 	       [   1,    7,    5,  915,    2,   14,    8,   14,   36,    8],
[2024-08-13 15:14:21,992][flwr][INFO] - 	       [   1,    6,    1,    0,  891,    3,   29,    4,   20,   27],
[2024-08-13 15:14:21,992][flwr][INFO] - 	       [   5,   52,    1,  187,   16,  553,   31,   14,   25,    8],
[2024-08-13 15:14:21,992][flwr][INFO] - 	       [  12,   19,   14,    4,   17,   19,  867,    4,    2,    0],
[2024-08-13 15:14:21,992][flwr][INFO] - 	       [   2,   39,   17,    5,   17,    0,    2,  882,   46,   18],
[2024-08-13 15:14:21,992][flwr][INFO] - 	       [   2,   30,    4,  153,   15,   31,   16,   11,  702,   10],
[2024-08-13 15:14:21,992][flwr][INFO] - 	       [  11,   12,    1,   14,  133,   28,    4,   68,   32,  706]],
[2024-08-13 15:14:21,992][flwr][INFO] - 	      dtype=int64)),
[2024-08-13 15:14:21,992][flwr][INFO] - 	                      (4,
[2024-08-13 15:14:21,992][flwr][INFO] - 	                       array([[ 926,    2,    4,    0,    0,    5,   27,    1,    6,    9],
[2024-08-13 15:14:21,992][flwr][INFO] - 	       [   0, 1051,   62,    1,    1,    3,    5,    1,    3,    8],
[2024-08-13 15:14:21,992][flwr][INFO] - 	       [  19,   12,  877,   17,   15,    0,   17,   26,   31,   18],
[2024-08-13 15:14:21,992][flwr][INFO] - 	       [   9,    8,   41,  777,    6,   33,   16,   15,   30,   75],
[2024-08-13 15:14:21,992][flwr][INFO] - 	       [   7,    5,    8,    0,  738,    0,   14,    4,    5,  201],
[2024-08-13 15:14:21,992][flwr][INFO] - 	       [  25,   60,   21,   74,   19,  553,   34,   15,   21,   70],
[2024-08-13 15:14:21,993][flwr][INFO] - 	       [  19,   14,   43,    1,   18,   15,  841,    4,    1,    2],
[2024-08-13 15:14:21,993][flwr][INFO] - 	       [   9,   30,   42,    0,   15,    0,    2,  818,   15,   97],
[2024-08-13 15:14:21,993][flwr][INFO] - 	       [  18,   32,   41,   34,   13,   18,   18,    5,  665,  130],
[2024-08-13 15:14:21,993][flwr][INFO] - 	       [  21,    8,    6,    3,   25,    3,    1,   14,    7,  921]],
[2024-08-13 15:14:21,993][flwr][INFO] - 	      dtype=int64)),
[2024-08-13 15:14:21,993][flwr][INFO] - 	                      (5,
[2024-08-13 15:14:21,993][flwr][INFO] - 	                       array([[ 898,    1,    1,    8,    1,   17,   32,    4,   18,    0],
[2024-08-13 15:14:21,993][flwr][INFO] - 	       [   0, 1065,   18,   12,    1,    4,    5,    1,   29,    0],
[2024-08-13 15:14:21,993][flwr][INFO] - 	       [  15,   19,  736,  100,   31,    1,   23,   30,   77,    0],
[2024-08-13 15:14:21,993][flwr][INFO] - 	       [   1,    6,    6,  879,    1,   25,   10,   21,   60,    1],
[2024-08-13 15:14:21,993][flwr][INFO] - 	       [   4,    5,    1,    0,  910,    8,   22,   12,   19,    1],
[2024-08-13 15:14:21,993][flwr][INFO] - 	       [   5,   47,    2,  103,   16,  623,   34,   17,   44,    1],
[2024-08-13 15:14:21,993][flwr][INFO] - 	       [  12,   13,   19,    2,   15,   20,  869,    6,    2,    0],
[2024-08-13 15:14:21,993][flwr][INFO] - 	       [   5,   30,   20,    4,   20,    0,    1,  907,   41,    0],
[2024-08-13 15:14:21,993][flwr][INFO] - 	       [   4,   19,    4,   71,   15,   22,   17,   10,  812,    0],
[2024-08-13 15:14:21,993][flwr][INFO] - 	       [  19,    8,    3,    7,  370,   49,    3,  217,  118,  215]],
[2024-08-13 15:14:21,993][flwr][INFO] - 	      dtype=int64)),
[2024-08-13 15:14:21,994][flwr][INFO] - 	                      (6,
[2024-08-13 15:14:21,994][flwr][INFO] - 	                       array([[ 930,    2,    5,    3,    0,   12,   19,    3,    6,    0],
[2024-08-13 15:14:21,994][flwr][INFO] - 	       [   0, 1074,   36,    7,    1,    5,    5,    1,    5,    1],
[2024-08-13 15:14:21,994][flwr][INFO] - 	       [  12,   23,  841,   47,   15,    1,   17,   29,   38,    9],
[2024-08-13 15:14:21,994][flwr][INFO] - 	       [   3,    8,   16,  861,    1,   38,    9,   15,   24,   35],
[2024-08-13 15:14:21,994][flwr][INFO] - 	       [   4,    5,    3,    0,  822,    2,   21,    7,    5,  113],
[2024-08-13 15:14:21,994][flwr][INFO] - 	       [  13,   49,   10,   84,   11,  643,   27,   14,   15,   26],
[2024-08-13 15:14:21,994][flwr][INFO] - 	       [  15,   15,   27,    1,   13,   19,  859,    8,    1,    0],
[2024-08-13 15:14:21,994][flwr][INFO] - 	       [   8,   34,   36,    2,   15,    0,    2,  868,   14,   49],
[2024-08-13 15:14:21,994][flwr][INFO] - 	       [  14,   43,   18,   81,   14,   40,   18,    9,  665,   72],
[2024-08-13 15:14:21,994][flwr][INFO] - 	       [  23,    9,    4,    9,   32,   12,    1,   31,    8,  880]],
[2024-08-13 15:14:21,994][flwr][INFO] - 	      dtype=int64)),
[2024-08-13 15:14:21,994][flwr][INFO] - 	                      (7,
[2024-08-13 15:14:21,994][flwr][INFO] - 	                       array([[ 927,    1,    4,    3,    3,    2,   30,    2,    8,    0],
[2024-08-13 15:14:21,994][flwr][INFO] - 	       [   0, 1055,   30,   10,    1,    3,    7,    1,   28,    0],
[2024-08-13 15:14:21,994][flwr][INFO] - 	       [  13,   10,  833,   39,   32,    0,   24,   29,   50,    2],
[2024-08-13 15:14:21,995][flwr][INFO] - 	       [   4,    4,   13,  855,    7,   26,   17,   19,   55,   10],
[2024-08-13 15:14:21,995][flwr][INFO] - 	       [   3,    3,    1,    0,  930,    2,   18,    6,    6,   13],
[2024-08-13 15:14:21,995][flwr][INFO] - 	       [  13,   34,    4,   84,   37,  585,   49,   19,   56,   11],
[2024-08-13 15:14:21,995][flwr][INFO] - 	       [  10,    6,   19,    2,   24,    6,  885,    5,    1,    0],
[2024-08-13 15:14:21,995][flwr][INFO] - 	       [   8,   25,   31,    2,   26,    0,    1,  892,   28,   15],
[2024-08-13 15:14:21,995][flwr][INFO] - 	       [  13,   17,   12,   34,   25,   13,   22,    9,  821,    8],
[2024-08-13 15:14:21,995][flwr][INFO] - 	       [  27,    6,    3,    6,  151,    8,    1,   66,   34,  707]],
[2024-08-13 15:14:21,995][flwr][INFO] - 	      dtype=int64)),
[2024-08-13 15:14:21,995][flwr][INFO] - 	                      (8,
[2024-08-13 15:14:21,995][flwr][INFO] - 	                       array([[ 928,    3,    5,    5,    1,    9,   20,    3,    2,    4],
[2024-08-13 15:14:21,995][flwr][INFO] - 	       [   0, 1083,   17,   10,    1,    5,    5,    1,   10,    3],
[2024-08-13 15:14:21,995][flwr][INFO] - 	       [  13,   27,  797,   68,    9,    1,   26,   34,   29,   28],
[2024-08-13 15:14:21,995][flwr][INFO] - 	       [   2,    6,    6,  886,    1,   32,    8,   16,    9,   44],
[2024-08-13 15:14:21,995][flwr][INFO] - 	       [   3,    7,    2,    1,  629,    3,   20,   14,    3,  300],
[2024-08-13 15:14:21,995][flwr][INFO] - 	       [  13,   40,    2,   75,    7,  662,   31,   17,   13,   32],
[2024-08-13 15:14:21,995][flwr][INFO] - 	       [  14,   10,   18,    2,    8,   15,  872,   16,    0,    3],
[2024-08-13 15:14:21,995][flwr][INFO] - 	       [   9,   30,   25,    7,    5,    0,    2,  864,    4,   82],
[2024-08-13 15:14:21,996][flwr][INFO] - 	       [  14,   47,   10,   88,    6,   47,   21,    7,  589,  145],
[2024-08-13 15:14:21,996][flwr][INFO] - 	       [  21,    7,    4,   12,   11,    9,    1,   17,    0,  927]],
[2024-08-13 15:14:21,996][flwr][INFO] - 	      dtype=int64)),
[2024-08-13 15:14:21,996][flwr][INFO] - 	                      (9,
[2024-08-13 15:14:21,996][flwr][INFO] - 	                       array([[ 918,    3,    5,    4,    2,    6,   22,    3,   17,    0],
[2024-08-13 15:14:21,996][flwr][INFO] - 	       [   0, 1044,   23,    5,    1,    3,    5,    1,   53,    0],
[2024-08-13 15:14:21,996][flwr][INFO] - 	       [  11,   13,  829,   30,   32,    1,   18,   30,   67,    1],
[2024-08-13 15:14:21,996][flwr][INFO] - 	       [   3,    6,   15,  813,    8,   40,   16,   19,   86,    4],
[2024-08-13 15:14:21,996][flwr][INFO] - 	       [   3,    3,    1,    0,  929,    2,   12,    7,   18,    7],
[2024-08-13 15:14:21,996][flwr][INFO] - 	       [   9,   30,    4,   50,   22,  650,   35,   17,   72,    3],
[2024-08-13 15:14:21,996][flwr][INFO] - 	       [  12,    6,   21,    0,   27,    9,  871,    9,    3,    0],
[2024-08-13 15:14:21,996][flwr][INFO] - 	       [   8,   23,   33,    1,   25,    0,    0,  894,   40,    4],
[2024-08-13 15:14:21,996][flwr][INFO] - 	       [   6,    9,   10,   19,   21,   17,   16,    5,  870,    1],
[2024-08-13 15:14:21,996][flwr][INFO] - 	       [  28,    5,    4,    4,  192,   17,    1,   94,   80,  584]],
[2024-08-13 15:14:21,996][flwr][INFO] - 	      dtype=int64)),
[2024-08-13 15:14:21,996][flwr][INFO] - 	                      (10,
[2024-08-13 15:14:21,996][flwr][INFO] - 	                       array([[ 931,    4,    6,    4,    1,   10,   19,    2,    0,    3],
[2024-08-13 15:14:21,997][flwr][INFO] - 	       [   0, 1067,   38,   11,    2,    6,    6,    0,    3,    2],
[2024-08-13 15:14:21,997][flwr][INFO] - 	       [  13,   17,  848,   56,   11,    0,   24,   31,   15,   17],
[2024-08-13 15:14:21,997][flwr][INFO] - 	       [   3,    3,    9,  889,    2,   32,    9,   14,    6,   43],
[2024-08-13 15:14:21,997][flwr][INFO] - 	       [   3,    4,    2,    1,  763,    2,   20,    7,    2,  178],
[2024-08-13 15:14:21,997][flwr][INFO] - 	       [  16,   37,    7,   82,    9,  657,   33,   14,    7,   30],
[2024-08-13 15:14:21,997][flwr][INFO] - 	       [  15,    7,   21,    2,   11,   12,  877,   11,    0,    2],
[2024-08-13 15:14:21,997][flwr][INFO] - 	       [   9,   27,   35,    7,   14,    0,    2,  847,    3,   84],
[2024-08-13 15:14:21,997][flwr][INFO] - 	       [  19,   50,   23,  112,   12,   56,   31,    7,  459,  205],
[2024-08-13 15:14:21,997][flwr][INFO] - 	       [  23,    7,    5,   12,   22,    9,    1,   15,    0,  915]],
[2024-08-13 15:14:21,997][flwr][INFO] - 	      dtype=int64))],
[2024-08-13 15:14:21,997][flwr][INFO] - 	 'f1': [(0, 0.017493624772313296),
[2024-08-13 15:14:21,997][flwr][INFO] - 	        (1, 0.6732864578814619),
[2024-08-13 15:14:21,997][flwr][INFO] - 	        (2, 0.8051771758097321),
[2024-08-13 15:14:21,997][flwr][INFO] - 	        (3, 0.8104999386654097),
[2024-08-13 15:14:21,997][flwr][INFO] - 	        (4, 0.8167701833715276),
[2024-08-13 15:14:21,997][flwr][INFO] - 	        (5, 0.7740249013212408),
[2024-08-13 15:14:21,998][flwr][INFO] - 	        (6, 0.8430337530071856),
[2024-08-13 15:14:21,998][flwr][INFO] - 	        (7, 0.8472898680011027),
[2024-08-13 15:14:21,998][flwr][INFO] - 	        (8, 0.8231189499589702),
[2024-08-13 15:14:21,998][flwr][INFO] - 	        (9, 0.8387103379873073),
[2024-08-13 15:14:21,998][flwr][INFO] - 	        (10, 0.8218930364190769)],
[2024-08-13 15:14:21,998][flwr][INFO] - 	 'precision': [(0, 0.009604000000000001),
[2024-08-13 15:14:21,998][flwr][INFO] - 	               (1, 0.7709866121944214),
[2024-08-13 15:14:21,998][flwr][INFO] - 	               (2, 0.813311339292163),
[2024-08-13 15:14:21,998][flwr][INFO] - 	               (3, 0.8254118200312661),
[2024-08-13 15:14:21,998][flwr][INFO] - 	               (4, 0.8319961964393415),
[2024-08-13 15:14:21,998][flwr][INFO] - 	               (5, 0.8190759316045128),
[2024-08-13 15:14:21,998][flwr][INFO] - 	               (6, 0.8465767249496056),
[2024-08-13 15:14:21,998][flwr][INFO] - 	               (7, 0.8557231734273324),
[2024-08-13 15:14:21,998][flwr][INFO] - 	               (8, 0.8434283214526668),
[2024-08-13 15:14:21,998][flwr][INFO] - 	               (9, 0.8547912785840143),
[2024-08-13 15:14:21,998][flwr][INFO] - 	               (10, 0.8418310965684305)],
[2024-08-13 15:14:21,998][flwr][INFO] - 	 'recall': [(0, 0.098),
[2024-08-13 15:14:21,999][flwr][INFO] - 	            (1, 0.7069),
[2024-08-13 15:14:21,999][flwr][INFO] - 	            (2, 0.8072),
[2024-08-13 15:14:21,999][flwr][INFO] - 	            (3, 0.8117),
[2024-08-13 15:14:21,999][flwr][INFO] - 	            (4, 0.8167),
[2024-08-13 15:14:21,999][flwr][INFO] - 	            (5, 0.7914),
[2024-08-13 15:14:21,999][flwr][INFO] - 	            (6, 0.8443),
[2024-08-13 15:14:21,999][flwr][INFO] - 	            (7, 0.849),
[2024-08-13 15:14:21,999][flwr][INFO] - 	            (8, 0.8237),
[2024-08-13 15:14:21,999][flwr][INFO] - 	            (9, 0.8402),
[2024-08-13 15:14:21,999][flwr][INFO] - 	            (10, 0.8253)]}
[2024-08-13 15:14:21,999][flwr][INFO] - 
