[2024-08-13 14:19:18,577][flwr][INFO] - Starting Flower simulation, config: num_rounds=10, no round_timeout
[2024-08-13 14:19:22,754][flwr][INFO] - Flower VCE: Ray initialized with resources: {'node:__internal_head__': 1.0, 'CPU': 16.0, 'memory': 4478764647.0, 'node:127.0.0.1': 1.0, 'object_store_memory': 2239382323.0, 'GPU': 1.0, 'accelerator_type:G': 1.0}
[2024-08-13 14:19:22,754][flwr][INFO] - Optimize your simulation with Flower VCE: https://flower.ai/docs/framework/how-to-run-simulations.html
[2024-08-13 14:19:22,754][flwr][INFO] - Flower VCE: Resources for each Virtual Client: {'num_cpus': 2, 'num_gpus': 0.5}
[2024-08-13 14:19:22,765][flwr][INFO] - Flower VCE: Creating VirtualClientEngineActorPool with 2 actors
[2024-08-13 14:19:22,767][flwr][INFO] - [INIT]
[2024-08-13 14:19:22,768][flwr][INFO] - Requesting initial parameters from one random client
[2024-08-13 14:19:30,340][flwr][INFO] - Received initial parameters from one random client
[2024-08-13 14:19:30,340][flwr][INFO] - Evaluating initial global parameters
[2024-08-13 14:19:32,567][flwr][INFO] - initial parameters (loss, other metrics): 2.3025850929940455, {'accuracy': 0.098, 'precision': 0.009604000000000001, 'recall': 0.098, 'f1': 0.017493624772313296, 'confusion_matrix': array([[ 980,    0,    0,    0,    0,    0,    0,    0,    0,    0],
       [1135,    0,    0,    0,    0,    0,    0,    0,    0,    0],
       [1032,    0,    0,    0,    0,    0,    0,    0,    0,    0],
       [1010,    0,    0,    0,    0,    0,    0,    0,    0,    0],
       [ 982,    0,    0,    0,    0,    0,    0,    0,    0,    0],
       [ 892,    0,    0,    0,    0,    0,    0,    0,    0,    0],
       [ 958,    0,    0,    0,    0,    0,    0,    0,    0,    0],
       [1028,    0,    0,    0,    0,    0,    0,    0,    0,    0],
       [ 974,    0,    0,    0,    0,    0,    0,    0,    0,    0],
       [1009,    0,    0,    0,    0,    0,    0,    0,    0,    0]],
      dtype=int64)}
[2024-08-13 14:19:32,568][flwr][INFO] - 
[2024-08-13 14:19:32,568][flwr][INFO] - [ROUND 1]
[2024-08-13 14:19:32,568][flwr][INFO] - configure_fit: strategy sampled 10 clients (out of 100)
[2024-08-13 14:19:36,072][flwr][INFO] - aggregate_fit: received 10 results and 0 failures
[2024-08-13 14:19:36,075][flwr][WARNING] - No fit_metrics_aggregation_fn provided
[2024-08-13 14:19:38,299][flwr][INFO] - fit progress: (1, 0.8773778100501477, {'accuracy': 0.7449, 'precision': 0.7940512703696935, 'recall': 0.7449, 'f1': 0.7136926980000164, 'confusion_matrix': array([[ 942,    0,    1,   10,    0,    0,   14,    1,   12,    0],
       [   0, 1003,    1,   20,    0,    0,    4,    1,  105,    1],
       [  69,   12,  644,  126,   24,    0,   44,   30,   79,    4],
       [  10,    2,    6,  912,    0,    0,    9,   21,   43,    7],
       [   9,    6,    1,    2,  752,    0,   41,   10,   34,  127],
       [ 121,   28,    0,  350,   25,    5,   43,   60,  227,   33],
       [  68,    7,    8,    5,   13,    0,  837,    1,   19,    0],
       [  14,   20,    4,    4,    8,    0,    2,  923,   34,   19],
       [  26,    0,    1,  143,    5,    0,   15,   20,  757,    7],
       [  35,    4,    1,   20,   93,    0,    4,  137,   41,  674]],
      dtype=int64)}, 5.731436800007941)
[2024-08-13 14:19:38,300][flwr][INFO] - configure_evaluate: no clients selected, skipping evaluation
[2024-08-13 14:19:38,300][flwr][INFO] - 
[2024-08-13 14:19:38,300][flwr][INFO] - [ROUND 2]
[2024-08-13 14:19:38,301][flwr][INFO] - configure_fit: strategy sampled 10 clients (out of 100)
[2024-08-13 14:19:39,484][flwr][INFO] - aggregate_fit: received 10 results and 0 failures
[2024-08-13 14:19:41,718][flwr][INFO] - fit progress: (2, 0.7018522984485256, {'accuracy': 0.8181, 'precision': 0.824955037833893, 'recall': 0.8181, 'f1': 0.8128919693086492, 'confusion_matrix': array([[ 927,    0,    7,    3,    0,    3,   30,    1,    9,    0],
       [   0, 1071,   36,    4,    0,    0,    5,    1,   17,    1],
       [  29,   16,  853,   19,   26,    0,   32,   21,   31,    5],
       [  10,   12,   43,  846,    0,    5,   11,   18,   40,   25],
       [   6,    9,    3,    0,  814,    0,   23,    1,    6,  120],
       [  59,   42,   25,  168,   44,  407,   43,   24,   34,   46],
       [  41,   11,   26,    1,   20,   11,  846,    0,    2,    0],
       [  10,   37,   32,    0,   18,    0,    3,  869,    5,   54],
       [  24,   11,   33,   65,   10,    8,   20,   13,  741,   49],
       [  25,   12,    7,   10,  101,    1,    2,   35,    9,  807]],
      dtype=int64)}, 9.149791899995762)
[2024-08-13 14:19:41,719][flwr][INFO] - configure_evaluate: no clients selected, skipping evaluation
[2024-08-13 14:19:41,719][flwr][INFO] - 
[2024-08-13 14:19:41,719][flwr][INFO] - [ROUND 3]
[2024-08-13 14:19:41,720][flwr][INFO] - configure_fit: strategy sampled 10 clients (out of 100)
[2024-08-13 14:19:42,953][flwr][INFO] - aggregate_fit: received 10 results and 0 failures
[2024-08-13 14:19:45,172][flwr][INFO] - fit progress: (3, 0.6423240313619225, {'accuracy': 0.8488, 'precision': 0.8508764732675367, 'recall': 0.8488, 'f1': 0.8486650287518347, 'confusion_matrix': array([[ 889,    0,    4,    1,    0,   59,   20,    1,    6,    0],
       [   0, 1078,    4,    3,    0,   12,    4,    0,   34,    0],
       [  20,   25,  796,   39,   25,    1,   31,   25,   66,    4],
       [   5,   12,   20,  805,    1,   83,    8,   19,   47,   10],
       [   5,   11,    1,    0,  845,    3,   25,    2,   15,   75],
       [  15,   41,    1,   47,   21,  700,   23,   15,   19,   10],
       [  21,   11,   14,    2,   12,   33,  861,    1,    3,    0],
       [   4,   39,   19,    2,   14,    0,    2,  899,   16,   33],
       [   6,   13,    9,   34,    8,   49,   16,   12,  807,   20],
       [  15,   15,    6,    9,   65,   25,    2,   43,   21,  808]],
      dtype=int64)}, 12.604023100007907)
[2024-08-13 14:19:45,173][flwr][INFO] - configure_evaluate: no clients selected, skipping evaluation
[2024-08-13 14:19:45,173][flwr][INFO] - 
[2024-08-13 14:19:45,173][flwr][INFO] - [ROUND 4]
[2024-08-13 14:19:45,174][flwr][INFO] - configure_fit: strategy sampled 10 clients (out of 100)
[2024-08-13 14:19:46,367][flwr][INFO] - aggregate_fit: received 10 results and 0 failures
[2024-08-13 14:19:48,512][flwr][INFO] - fit progress: (4, 0.621108503156752, {'accuracy': 0.8271, 'precision': 0.8438138399241639, 'recall': 0.8271, 'f1': 0.8190643427116217, 'confusion_matrix': array([[ 932,    0,    5,   15,    0,    0,   21,    1,    5,    1],
       [   0, 1090,   20,   11,    0,    0,    5,    1,    8,    0],
       [  18,   20,  841,   46,   19,    0,   24,   25,   29,   10],
       [   4,    6,   19,  918,    1,    3,    8,   16,   10,   25],
       [   3,    9,    4,    0,  819,    0,   18,    2,    3,  124],
       [  28,   49,    9,  272,   47,  326,   35,   28,   44,   54],
       [  21,   13,   19,    4,   18,    4,  877,    1,    1,    0],
       [   4,   38,   28,    3,   12,    0,    3,  893,    1,   46],
       [  17,   32,   21,  119,   10,    3,   17,   14,  685,   56],
       [  18,   15,    8,   17,   35,    0,    1,   22,    3,  890]],
      dtype=int64)}, 15.943740400005481)
[2024-08-13 14:19:48,513][flwr][INFO] - configure_evaluate: no clients selected, skipping evaluation
[2024-08-13 14:19:48,513][flwr][INFO] - 
[2024-08-13 14:19:48,513][flwr][INFO] - [ROUND 5]
[2024-08-13 14:19:48,513][flwr][INFO] - configure_fit: strategy sampled 10 clients (out of 100)
[2024-08-13 14:19:49,675][flwr][INFO] - aggregate_fit: received 10 results and 0 failures
[2024-08-13 14:19:51,910][flwr][INFO] - fit progress: (5, 0.5739957192983776, {'accuracy': 0.8637, 'precision': 0.8653042806069916, 'recall': 0.8637, 'f1': 0.8627136972307308, 'confusion_matrix': array([[ 926,    0,    4,    2,    1,   13,   20,    1,   13,    0],
       [   0, 1086,   11,    2,    0,    1,    5,    1,   29,    0],
       [  16,   20,  840,   21,   27,    0,   24,   28,   54,    2],
       [   5,   12,   27,  816,    1,   46,   10,   23,   59,   11],
       [   2,    9,    5,    0,  904,    1,   12,    3,   10,   36],
       [  21,   38,    8,   37,   31,  662,   27,   20,   33,   15],
       [  19,   11,   17,    2,   20,   19,  865,    1,    4,    0],
       [   4,   35,   27,    0,   14,    0,    2,  910,   11,   25],
       [   7,   15,   14,   23,   13,   18,   16,   13,  840,   15],
       [  15,   15,    9,    6,   93,   10,    1,   52,   20,  788]],
      dtype=int64)}, 19.342299099997035)
[2024-08-13 14:19:51,911][flwr][INFO] - configure_evaluate: no clients selected, skipping evaluation
[2024-08-13 14:19:51,911][flwr][INFO] - 
[2024-08-13 14:19:51,911][flwr][INFO] - [ROUND 6]
[2024-08-13 14:19:51,912][flwr][INFO] - configure_fit: strategy sampled 10 clients (out of 100)
[2024-08-13 14:19:53,219][flwr][INFO] - aggregate_fit: received 10 results and 0 failures
[2024-08-13 14:19:55,454][flwr][INFO] - fit progress: (6, 0.5634498492184126, {'accuracy': 0.8508, 'precision': 0.8601578012501195, 'recall': 0.8508, 'f1': 0.8504458633529044, 'confusion_matrix': array([[ 937,    0,    3,    8,    0,   16,   13,    1,    1,    1],
       [   0, 1092,   13,   11,    0,    3,    5,    0,   11,    0],
       [  17,   16,  842,   46,   15,    1,   23,   22,   33,   17],
       [   4,    5,   13,  903,    1,   29,    8,   14,    7,   26],
       [   3,    9,    4,    0,  755,    0,   20,    1,    4,  186],
       [  16,   36,    4,  102,   19,  642,   21,   12,    9,   31],
       [  19,   11,   17,    2,   12,   22,  873,    1,    1,    0],
       [   5,   39,   25,    5,    8,    0,    4,  855,    1,   86],
       [  12,   27,   13,  101,    6,   31,   16,    9,  691,   68],
       [  16,   10,    7,   12,   26,   10,    1,    8,    1,  918]],
      dtype=int64)}, 22.88607079999929)
[2024-08-13 14:19:55,455][flwr][INFO] - configure_evaluate: no clients selected, skipping evaluation
[2024-08-13 14:19:55,455][flwr][INFO] - 
[2024-08-13 14:19:55,455][flwr][INFO] - [ROUND 7]
[2024-08-13 14:19:55,456][flwr][INFO] - configure_fit: strategy sampled 10 clients (out of 100)
[2024-08-13 14:19:56,652][flwr][INFO] - aggregate_fit: received 10 results and 0 failures
[2024-08-13 14:19:58,887][flwr][INFO] - fit progress: (7, 0.5545502336741231, {'accuracy': 0.8561, 'precision': 0.8651386114311083, 'recall': 0.8561, 'f1': 0.8535237522506087, 'confusion_matrix': array([[ 931,    0,    3,    2,    3,   12,   19,    1,    9,    0],
       [   0, 1084,    8,    4,    1,    1,    5,    1,   31,    0],
       [  15,   17,  829,   29,   33,    0,   25,   28,   55,    1],
       [   5,    6,   19,  866,    1,   36,    8,   25,   42,    2],
       [   1,   10,    3,    0,  936,    2,   11,    3,    5,   11],
       [  18,   30,    4,   48,   39,  676,   25,   19,   29,    4],
       [  15,    9,   15,    2,   21,   20,  872,    1,    3,    0],
       [   3,   31,   25,    1,   18,    0,    1,  931,   13,    5],
       [   6,   13,   10,   30,   17,   19,   16,   18,  842,    3],
       [  17,   12,    9,    9,  232,   14,    2,   95,   25,  594]],
      dtype=int64)}, 26.31933250000293)
[2024-08-13 14:19:58,888][flwr][INFO] - configure_evaluate: no clients selected, skipping evaluation
[2024-08-13 14:19:58,888][flwr][INFO] - 
[2024-08-13 14:19:58,888][flwr][INFO] - [ROUND 8]
[2024-08-13 14:19:58,889][flwr][INFO] - configure_fit: strategy sampled 10 clients (out of 100)
[2024-08-13 14:20:00,082][flwr][INFO] - aggregate_fit: received 10 results and 0 failures
[2024-08-13 14:20:02,447][flwr][INFO] - fit progress: (8, 0.526618642438555, {'accuracy': 0.8718, 'precision': 0.8729949968823574, 'recall': 0.8718, 'f1': 0.8711441395419719, 'confusion_matrix': array([[ 936,    0,    3,    3,    1,   15,   19,    1,    2,    0],
       [   0, 1095,   11,    4,    0,    4,    5,    0,   16,    0],
       [  15,   16,  845,   36,   19,    1,   26,   27,   37,   10],
       [   5,    5,   16,  879,    1,   40,    8,   18,   17,   21],
       [   1,    9,    3,    0,  833,    1,   22,    2,    4,  107],
       [  17,   31,    2,   54,   24,  691,   26,   12,   15,   20],
       [  15,    9,   14,    2,   14,   21,  881,    1,    1,    0],
       [   3,   34,   26,    3,   11,    0,    3,  895,    5,   48],
       [  11,   18,   14,   54,    9,   31,   17,   14,  768,   38],
       [  16,   10,    7,   11,   32,   12,    2,   21,    3,  895]],
      dtype=int64)}, 29.878914200002328)
[2024-08-13 14:20:02,448][flwr][INFO] - configure_evaluate: no clients selected, skipping evaluation
[2024-08-13 14:20:02,448][flwr][INFO] - 
[2024-08-13 14:20:02,448][flwr][INFO] - [ROUND 9]
[2024-08-13 14:20:02,448][flwr][INFO] - configure_fit: strategy sampled 10 clients (out of 100)
[2024-08-13 14:20:03,603][flwr][INFO] - aggregate_fit: received 10 results and 0 failures
[2024-08-13 14:20:05,824][flwr][INFO] - fit progress: (9, 0.5327684233586134, {'accuracy': 0.8608, 'precision': 0.8694393216356766, 'recall': 0.8608, 'f1': 0.8581776801467076, 'confusion_matrix': array([[ 945,    0,    2,    1,    1,    7,   14,    1,    9,    0],
       [   0, 1086,    4,    4,    1,    2,    4,    0,   34,    0],
       [  15,   17,  830,   31,   30,    1,   22,   28,   58,    0],
       [   5,    5,   18,  869,    1,   39,    8,   22,   41,    2],
       [   1,    9,    4,    0,  934,    2,   12,    3,    9,    8],
       [  14,   29,    4,   46,   30,  697,   20,   15,   33,    4],
       [  19,    9,   16,    2,   21,   22,  864,    0,    5,    0],
       [   3,   31,   26,    2,   18,    0,    1,  929,   13,    5],
       [   7,   13,    9,   24,   13,   21,   11,   15,  859,    2],
       [  19,   12,   11,   10,  219,   16,    1,   97,   29,  595]],
      dtype=int64)}, 33.25631690000591)
[2024-08-13 14:20:05,825][flwr][INFO] - configure_evaluate: no clients selected, skipping evaluation
[2024-08-13 14:20:05,825][flwr][INFO] - 
[2024-08-13 14:20:05,825][flwr][INFO] - [ROUND 10]
[2024-08-13 14:20:05,825][flwr][INFO] - configure_fit: strategy sampled 10 clients (out of 100)
[2024-08-13 14:20:07,028][flwr][INFO] - aggregate_fit: received 10 results and 0 failures
[2024-08-13 14:20:09,264][flwr][INFO] - fit progress: (10, 0.5021480339216782, {'accuracy': 0.8766, 'precision': 0.8773877207255235, 'recall': 0.8766, 'f1': 0.8759101447368502, 'confusion_matrix': array([[ 945,    0,    3,    4,    1,    8,   14,    1,    4,    0],
       [   0, 1091,    9,    5,    0,    2,    5,    0,   23,    0],
       [  14,   15,  856,   32,   17,    1,   23,   24,   39,   11],
       [   5,    4,   16,  893,    1,   30,    8,   13,   22,   18],
       [   1,    9,    4,    0,  837,    1,   20,    2,    8,  100],
       [  18,   27,    5,   67,   24,  678,   21,   10,   25,   17],
       [  17,    8,   14,    2,   13,   20,  882,    0,    2,    0],
       [   4,   31,   28,    3,   13,    0,    2,  895,    6,   46],
       [  12,   18,   14,   49,    9,   23,   16,   12,  797,   24],
       [  17,   10,    9,   12,   35,   10,    1,   18,    5,  892]],
      dtype=int64)}, 36.69592709999415)
[2024-08-13 14:20:09,264][flwr][INFO] - configure_evaluate: no clients selected, skipping evaluation
[2024-08-13 14:20:09,265][flwr][INFO] - 
[2024-08-13 14:20:09,265][flwr][INFO] - [SUMMARY]
[2024-08-13 14:20:09,265][flwr][INFO] - Run finished 10 round(s) in 36.70s
[2024-08-13 14:20:09,273][flwr][INFO] - 	History (loss, centralized):
[2024-08-13 14:20:09,273][flwr][INFO] - 		round 0: 2.3025850929940455
[2024-08-13 14:20:09,273][flwr][INFO] - 		round 1: 0.8773778100501477
[2024-08-13 14:20:09,273][flwr][INFO] - 		round 2: 0.7018522984485256
[2024-08-13 14:20:09,273][flwr][INFO] - 		round 3: 0.6423240313619225
[2024-08-13 14:20:09,273][flwr][INFO] - 		round 4: 0.621108503156752
[2024-08-13 14:20:09,274][flwr][INFO] - 		round 5: 0.5739957192983776
[2024-08-13 14:20:09,274][flwr][INFO] - 		round 6: 0.5634498492184126
[2024-08-13 14:20:09,274][flwr][INFO] - 		round 7: 0.5545502336741231
[2024-08-13 14:20:09,274][flwr][INFO] - 		round 8: 0.526618642438555
[2024-08-13 14:20:09,274][flwr][INFO] - 		round 9: 0.5327684233586134
[2024-08-13 14:20:09,274][flwr][INFO] - 		round 10: 0.5021480339216782
[2024-08-13 14:20:09,274][flwr][INFO] - 	History (metrics, centralized):
[2024-08-13 14:20:09,274][flwr][INFO] - 	{'accuracy': [(0, 0.098),
[2024-08-13 14:20:09,274][flwr][INFO] - 	              (1, 0.7449),
[2024-08-13 14:20:09,274][flwr][INFO] - 	              (2, 0.8181),
[2024-08-13 14:20:09,274][flwr][INFO] - 	              (3, 0.8488),
[2024-08-13 14:20:09,274][flwr][INFO] - 	              (4, 0.8271),
[2024-08-13 14:20:09,274][flwr][INFO] - 	              (5, 0.8637),
[2024-08-13 14:20:09,274][flwr][INFO] - 	              (6, 0.8508),
[2024-08-13 14:20:09,274][flwr][INFO] - 	              (7, 0.8561),
[2024-08-13 14:20:09,275][flwr][INFO] - 	              (8, 0.8718),
[2024-08-13 14:20:09,275][flwr][INFO] - 	              (9, 0.8608),
[2024-08-13 14:20:09,275][flwr][INFO] - 	              (10, 0.8766)],
[2024-08-13 14:20:09,275][flwr][INFO] - 	 'confusion_matrix': [(0,
[2024-08-13 14:20:09,275][flwr][INFO] - 	                       array([[ 980,    0,    0,    0,    0,    0,    0,    0,    0,    0],
[2024-08-13 14:20:09,275][flwr][INFO] - 	       [1135,    0,    0,    0,    0,    0,    0,    0,    0,    0],
[2024-08-13 14:20:09,275][flwr][INFO] - 	       [1032,    0,    0,    0,    0,    0,    0,    0,    0,    0],
[2024-08-13 14:20:09,275][flwr][INFO] - 	       [1010,    0,    0,    0,    0,    0,    0,    0,    0,    0],
[2024-08-13 14:20:09,275][flwr][INFO] - 	       [ 982,    0,    0,    0,    0,    0,    0,    0,    0,    0],
[2024-08-13 14:20:09,275][flwr][INFO] - 	       [ 892,    0,    0,    0,    0,    0,    0,    0,    0,    0],
[2024-08-13 14:20:09,275][flwr][INFO] - 	       [ 958,    0,    0,    0,    0,    0,    0,    0,    0,    0],
[2024-08-13 14:20:09,275][flwr][INFO] - 	       [1028,    0,    0,    0,    0,    0,    0,    0,    0,    0],
[2024-08-13 14:20:09,275][flwr][INFO] - 	       [ 974,    0,    0,    0,    0,    0,    0,    0,    0,    0],
[2024-08-13 14:20:09,275][flwr][INFO] - 	       [1009,    0,    0,    0,    0,    0,    0,    0,    0,    0]],
[2024-08-13 14:20:09,275][flwr][INFO] - 	      dtype=int64)),
[2024-08-13 14:20:09,275][flwr][INFO] - 	                      (1,
[2024-08-13 14:20:09,275][flwr][INFO] - 	                       array([[ 942,    0,    1,   10,    0,    0,   14,    1,   12,    0],
[2024-08-13 14:20:09,276][flwr][INFO] - 	       [   0, 1003,    1,   20,    0,    0,    4,    1,  105,    1],
[2024-08-13 14:20:09,276][flwr][INFO] - 	       [  69,   12,  644,  126,   24,    0,   44,   30,   79,    4],
[2024-08-13 14:20:09,276][flwr][INFO] - 	       [  10,    2,    6,  912,    0,    0,    9,   21,   43,    7],
[2024-08-13 14:20:09,276][flwr][INFO] - 	       [   9,    6,    1,    2,  752,    0,   41,   10,   34,  127],
[2024-08-13 14:20:09,276][flwr][INFO] - 	       [ 121,   28,    0,  350,   25,    5,   43,   60,  227,   33],
[2024-08-13 14:20:09,276][flwr][INFO] - 	       [  68,    7,    8,    5,   13,    0,  837,    1,   19,    0],
[2024-08-13 14:20:09,276][flwr][INFO] - 	       [  14,   20,    4,    4,    8,    0,    2,  923,   34,   19],
[2024-08-13 14:20:09,276][flwr][INFO] - 	       [  26,    0,    1,  143,    5,    0,   15,   20,  757,    7],
[2024-08-13 14:20:09,276][flwr][INFO] - 	       [  35,    4,    1,   20,   93,    0,    4,  137,   41,  674]],
[2024-08-13 14:20:09,276][flwr][INFO] - 	      dtype=int64)),
[2024-08-13 14:20:09,276][flwr][INFO] - 	                      (2,
[2024-08-13 14:20:09,276][flwr][INFO] - 	                       array([[ 927,    0,    7,    3,    0,    3,   30,    1,    9,    0],
[2024-08-13 14:20:09,276][flwr][INFO] - 	       [   0, 1071,   36,    4,    0,    0,    5,    1,   17,    1],
[2024-08-13 14:20:09,276][flwr][INFO] - 	       [  29,   16,  853,   19,   26,    0,   32,   21,   31,    5],
[2024-08-13 14:20:09,276][flwr][INFO] - 	       [  10,   12,   43,  846,    0,    5,   11,   18,   40,   25],
[2024-08-13 14:20:09,276][flwr][INFO] - 	       [   6,    9,    3,    0,  814,    0,   23,    1,    6,  120],
[2024-08-13 14:20:09,276][flwr][INFO] - 	       [  59,   42,   25,  168,   44,  407,   43,   24,   34,   46],
[2024-08-13 14:20:09,277][flwr][INFO] - 	       [  41,   11,   26,    1,   20,   11,  846,    0,    2,    0],
[2024-08-13 14:20:09,277][flwr][INFO] - 	       [  10,   37,   32,    0,   18,    0,    3,  869,    5,   54],
[2024-08-13 14:20:09,277][flwr][INFO] - 	       [  24,   11,   33,   65,   10,    8,   20,   13,  741,   49],
[2024-08-13 14:20:09,277][flwr][INFO] - 	       [  25,   12,    7,   10,  101,    1,    2,   35,    9,  807]],
[2024-08-13 14:20:09,277][flwr][INFO] - 	      dtype=int64)),
[2024-08-13 14:20:09,277][flwr][INFO] - 	                      (3,
[2024-08-13 14:20:09,277][flwr][INFO] - 	                       array([[ 889,    0,    4,    1,    0,   59,   20,    1,    6,    0],
[2024-08-13 14:20:09,277][flwr][INFO] - 	       [   0, 1078,    4,    3,    0,   12,    4,    0,   34,    0],
[2024-08-13 14:20:09,277][flwr][INFO] - 	       [  20,   25,  796,   39,   25,    1,   31,   25,   66,    4],
[2024-08-13 14:20:09,277][flwr][INFO] - 	       [   5,   12,   20,  805,    1,   83,    8,   19,   47,   10],
[2024-08-13 14:20:09,277][flwr][INFO] - 	       [   5,   11,    1,    0,  845,    3,   25,    2,   15,   75],
[2024-08-13 14:20:09,277][flwr][INFO] - 	       [  15,   41,    1,   47,   21,  700,   23,   15,   19,   10],
[2024-08-13 14:20:09,277][flwr][INFO] - 	       [  21,   11,   14,    2,   12,   33,  861,    1,    3,    0],
[2024-08-13 14:20:09,277][flwr][INFO] - 	       [   4,   39,   19,    2,   14,    0,    2,  899,   16,   33],
[2024-08-13 14:20:09,277][flwr][INFO] - 	       [   6,   13,    9,   34,    8,   49,   16,   12,  807,   20],
[2024-08-13 14:20:09,277][flwr][INFO] - 	       [  15,   15,    6,    9,   65,   25,    2,   43,   21,  808]],
[2024-08-13 14:20:09,278][flwr][INFO] - 	      dtype=int64)),
[2024-08-13 14:20:09,278][flwr][INFO] - 	                      (4,
[2024-08-13 14:20:09,278][flwr][INFO] - 	                       array([[ 932,    0,    5,   15,    0,    0,   21,    1,    5,    1],
[2024-08-13 14:20:09,278][flwr][INFO] - 	       [   0, 1090,   20,   11,    0,    0,    5,    1,    8,    0],
[2024-08-13 14:20:09,278][flwr][INFO] - 	       [  18,   20,  841,   46,   19,    0,   24,   25,   29,   10],
[2024-08-13 14:20:09,278][flwr][INFO] - 	       [   4,    6,   19,  918,    1,    3,    8,   16,   10,   25],
[2024-08-13 14:20:09,278][flwr][INFO] - 	       [   3,    9,    4,    0,  819,    0,   18,    2,    3,  124],
[2024-08-13 14:20:09,278][flwr][INFO] - 	       [  28,   49,    9,  272,   47,  326,   35,   28,   44,   54],
[2024-08-13 14:20:09,278][flwr][INFO] - 	       [  21,   13,   19,    4,   18,    4,  877,    1,    1,    0],
[2024-08-13 14:20:09,278][flwr][INFO] - 	       [   4,   38,   28,    3,   12,    0,    3,  893,    1,   46],
[2024-08-13 14:20:09,278][flwr][INFO] - 	       [  17,   32,   21,  119,   10,    3,   17,   14,  685,   56],
[2024-08-13 14:20:09,278][flwr][INFO] - 	       [  18,   15,    8,   17,   35,    0,    1,   22,    3,  890]],
[2024-08-13 14:20:09,278][flwr][INFO] - 	      dtype=int64)),
[2024-08-13 14:20:09,278][flwr][INFO] - 	                      (5,
[2024-08-13 14:20:09,278][flwr][INFO] - 	                       array([[ 926,    0,    4,    2,    1,   13,   20,    1,   13,    0],
[2024-08-13 14:20:09,278][flwr][INFO] - 	       [   0, 1086,   11,    2,    0,    1,    5,    1,   29,    0],
[2024-08-13 14:20:09,278][flwr][INFO] - 	       [  16,   20,  840,   21,   27,    0,   24,   28,   54,    2],
[2024-08-13 14:20:09,279][flwr][INFO] - 	       [   5,   12,   27,  816,    1,   46,   10,   23,   59,   11],
[2024-08-13 14:20:09,279][flwr][INFO] - 	       [   2,    9,    5,    0,  904,    1,   12,    3,   10,   36],
[2024-08-13 14:20:09,279][flwr][INFO] - 	       [  21,   38,    8,   37,   31,  662,   27,   20,   33,   15],
[2024-08-13 14:20:09,279][flwr][INFO] - 	       [  19,   11,   17,    2,   20,   19,  865,    1,    4,    0],
[2024-08-13 14:20:09,279][flwr][INFO] - 	       [   4,   35,   27,    0,   14,    0,    2,  910,   11,   25],
[2024-08-13 14:20:09,279][flwr][INFO] - 	       [   7,   15,   14,   23,   13,   18,   16,   13,  840,   15],
[2024-08-13 14:20:09,279][flwr][INFO] - 	       [  15,   15,    9,    6,   93,   10,    1,   52,   20,  788]],
[2024-08-13 14:20:09,279][flwr][INFO] - 	      dtype=int64)),
[2024-08-13 14:20:09,279][flwr][INFO] - 	                      (6,
[2024-08-13 14:20:09,279][flwr][INFO] - 	                       array([[ 937,    0,    3,    8,    0,   16,   13,    1,    1,    1],
[2024-08-13 14:20:09,279][flwr][INFO] - 	       [   0, 1092,   13,   11,    0,    3,    5,    0,   11,    0],
[2024-08-13 14:20:09,279][flwr][INFO] - 	       [  17,   16,  842,   46,   15,    1,   23,   22,   33,   17],
[2024-08-13 14:20:09,279][flwr][INFO] - 	       [   4,    5,   13,  903,    1,   29,    8,   14,    7,   26],
[2024-08-13 14:20:09,279][flwr][INFO] - 	       [   3,    9,    4,    0,  755,    0,   20,    1,    4,  186],
[2024-08-13 14:20:09,279][flwr][INFO] - 	       [  16,   36,    4,  102,   19,  642,   21,   12,    9,   31],
[2024-08-13 14:20:09,279][flwr][INFO] - 	       [  19,   11,   17,    2,   12,   22,  873,    1,    1,    0],
[2024-08-13 14:20:09,279][flwr][INFO] - 	       [   5,   39,   25,    5,    8,    0,    4,  855,    1,   86],
[2024-08-13 14:20:09,280][flwr][INFO] - 	       [  12,   27,   13,  101,    6,   31,   16,    9,  691,   68],
[2024-08-13 14:20:09,280][flwr][INFO] - 	       [  16,   10,    7,   12,   26,   10,    1,    8,    1,  918]],
[2024-08-13 14:20:09,280][flwr][INFO] - 	      dtype=int64)),
[2024-08-13 14:20:09,280][flwr][INFO] - 	                      (7,
[2024-08-13 14:20:09,280][flwr][INFO] - 	                       array([[ 931,    0,    3,    2,    3,   12,   19,    1,    9,    0],
[2024-08-13 14:20:09,280][flwr][INFO] - 	       [   0, 1084,    8,    4,    1,    1,    5,    1,   31,    0],
[2024-08-13 14:20:09,280][flwr][INFO] - 	       [  15,   17,  829,   29,   33,    0,   25,   28,   55,    1],
[2024-08-13 14:20:09,280][flwr][INFO] - 	       [   5,    6,   19,  866,    1,   36,    8,   25,   42,    2],
[2024-08-13 14:20:09,280][flwr][INFO] - 	       [   1,   10,    3,    0,  936,    2,   11,    3,    5,   11],
[2024-08-13 14:20:09,280][flwr][INFO] - 	       [  18,   30,    4,   48,   39,  676,   25,   19,   29,    4],
[2024-08-13 14:20:09,280][flwr][INFO] - 	       [  15,    9,   15,    2,   21,   20,  872,    1,    3,    0],
[2024-08-13 14:20:09,280][flwr][INFO] - 	       [   3,   31,   25,    1,   18,    0,    1,  931,   13,    5],
[2024-08-13 14:20:09,280][flwr][INFO] - 	       [   6,   13,   10,   30,   17,   19,   16,   18,  842,    3],
[2024-08-13 14:20:09,280][flwr][INFO] - 	       [  17,   12,    9,    9,  232,   14,    2,   95,   25,  594]],
[2024-08-13 14:20:09,280][flwr][INFO] - 	      dtype=int64)),
[2024-08-13 14:20:09,280][flwr][INFO] - 	                      (8,
[2024-08-13 14:20:09,281][flwr][INFO] - 	                       array([[ 936,    0,    3,    3,    1,   15,   19,    1,    2,    0],
[2024-08-13 14:20:09,281][flwr][INFO] - 	       [   0, 1095,   11,    4,    0,    4,    5,    0,   16,    0],
[2024-08-13 14:20:09,281][flwr][INFO] - 	       [  15,   16,  845,   36,   19,    1,   26,   27,   37,   10],
[2024-08-13 14:20:09,281][flwr][INFO] - 	       [   5,    5,   16,  879,    1,   40,    8,   18,   17,   21],
[2024-08-13 14:20:09,281][flwr][INFO] - 	       [   1,    9,    3,    0,  833,    1,   22,    2,    4,  107],
[2024-08-13 14:20:09,281][flwr][INFO] - 	       [  17,   31,    2,   54,   24,  691,   26,   12,   15,   20],
[2024-08-13 14:20:09,281][flwr][INFO] - 	       [  15,    9,   14,    2,   14,   21,  881,    1,    1,    0],
[2024-08-13 14:20:09,281][flwr][INFO] - 	       [   3,   34,   26,    3,   11,    0,    3,  895,    5,   48],
[2024-08-13 14:20:09,281][flwr][INFO] - 	       [  11,   18,   14,   54,    9,   31,   17,   14,  768,   38],
[2024-08-13 14:20:09,281][flwr][INFO] - 	       [  16,   10,    7,   11,   32,   12,    2,   21,    3,  895]],
[2024-08-13 14:20:09,281][flwr][INFO] - 	      dtype=int64)),
[2024-08-13 14:20:09,281][flwr][INFO] - 	                      (9,
[2024-08-13 14:20:09,281][flwr][INFO] - 	                       array([[ 945,    0,    2,    1,    1,    7,   14,    1,    9,    0],
[2024-08-13 14:20:09,281][flwr][INFO] - 	       [   0, 1086,    4,    4,    1,    2,    4,    0,   34,    0],
[2024-08-13 14:20:09,281][flwr][INFO] - 	       [  15,   17,  830,   31,   30,    1,   22,   28,   58,    0],
[2024-08-13 14:20:09,281][flwr][INFO] - 	       [   5,    5,   18,  869,    1,   39,    8,   22,   41,    2],
[2024-08-13 14:20:09,281][flwr][INFO] - 	       [   1,    9,    4,    0,  934,    2,   12,    3,    9,    8],
[2024-08-13 14:20:09,282][flwr][INFO] - 	       [  14,   29,    4,   46,   30,  697,   20,   15,   33,    4],
[2024-08-13 14:20:09,282][flwr][INFO] - 	       [  19,    9,   16,    2,   21,   22,  864,    0,    5,    0],
[2024-08-13 14:20:09,282][flwr][INFO] - 	       [   3,   31,   26,    2,   18,    0,    1,  929,   13,    5],
[2024-08-13 14:20:09,282][flwr][INFO] - 	       [   7,   13,    9,   24,   13,   21,   11,   15,  859,    2],
[2024-08-13 14:20:09,282][flwr][INFO] - 	       [  19,   12,   11,   10,  219,   16,    1,   97,   29,  595]],
[2024-08-13 14:20:09,282][flwr][INFO] - 	      dtype=int64)),
[2024-08-13 14:20:09,282][flwr][INFO] - 	                      (10,
[2024-08-13 14:20:09,282][flwr][INFO] - 	                       array([[ 945,    0,    3,    4,    1,    8,   14,    1,    4,    0],
[2024-08-13 14:20:09,282][flwr][INFO] - 	       [   0, 1091,    9,    5,    0,    2,    5,    0,   23,    0],
[2024-08-13 14:20:09,282][flwr][INFO] - 	       [  14,   15,  856,   32,   17,    1,   23,   24,   39,   11],
[2024-08-13 14:20:09,282][flwr][INFO] - 	       [   5,    4,   16,  893,    1,   30,    8,   13,   22,   18],
[2024-08-13 14:20:09,282][flwr][INFO] - 	       [   1,    9,    4,    0,  837,    1,   20,    2,    8,  100],
[2024-08-13 14:20:09,282][flwr][INFO] - 	       [  18,   27,    5,   67,   24,  678,   21,   10,   25,   17],
[2024-08-13 14:20:09,282][flwr][INFO] - 	       [  17,    8,   14,    2,   13,   20,  882,    0,    2,    0],
[2024-08-13 14:20:09,282][flwr][INFO] - 	       [   4,   31,   28,    3,   13,    0,    2,  895,    6,   46],
[2024-08-13 14:20:09,282][flwr][INFO] - 	       [  12,   18,   14,   49,    9,   23,   16,   12,  797,   24],
[2024-08-13 14:20:09,282][flwr][INFO] - 	       [  17,   10,    9,   12,   35,   10,    1,   18,    5,  892]],
[2024-08-13 14:20:09,283][flwr][INFO] - 	      dtype=int64))],
[2024-08-13 14:20:09,283][flwr][INFO] - 	 'f1': [(0, 0.017493624772313296),
[2024-08-13 14:20:09,283][flwr][INFO] - 	        (1, 0.7136926980000164),
[2024-08-13 14:20:09,283][flwr][INFO] - 	        (2, 0.8128919693086492),
[2024-08-13 14:20:09,283][flwr][INFO] - 	        (3, 0.8486650287518347),
[2024-08-13 14:20:09,283][flwr][INFO] - 	        (4, 0.8190643427116217),
[2024-08-13 14:20:09,283][flwr][INFO] - 	        (5, 0.8627136972307308),
[2024-08-13 14:20:09,283][flwr][INFO] - 	        (6, 0.8504458633529044),
[2024-08-13 14:20:09,283][flwr][INFO] - 	        (7, 0.8535237522506087),
[2024-08-13 14:20:09,283][flwr][INFO] - 	        (8, 0.8711441395419719),
[2024-08-13 14:20:09,283][flwr][INFO] - 	        (9, 0.8581776801467076),
[2024-08-13 14:20:09,283][flwr][INFO] - 	        (10, 0.8759101447368502)],
[2024-08-13 14:20:09,283][flwr][INFO] - 	 'precision': [(0, 0.009604000000000001),
[2024-08-13 14:20:09,283][flwr][INFO] - 	               (1, 0.7940512703696935),
[2024-08-13 14:20:09,283][flwr][INFO] - 	               (2, 0.824955037833893),
[2024-08-13 14:20:09,283][flwr][INFO] - 	               (3, 0.8508764732675367),
[2024-08-13 14:20:09,283][flwr][INFO] - 	               (4, 0.8438138399241639),
[2024-08-13 14:20:09,284][flwr][INFO] - 	               (5, 0.8653042806069916),
[2024-08-13 14:20:09,284][flwr][INFO] - 	               (6, 0.8601578012501195),
[2024-08-13 14:20:09,284][flwr][INFO] - 	               (7, 0.8651386114311083),
[2024-08-13 14:20:09,284][flwr][INFO] - 	               (8, 0.8729949968823574),
[2024-08-13 14:20:09,284][flwr][INFO] - 	               (9, 0.8694393216356766),
[2024-08-13 14:20:09,284][flwr][INFO] - 	               (10, 0.8773877207255235)],
[2024-08-13 14:20:09,284][flwr][INFO] - 	 'recall': [(0, 0.098),
[2024-08-13 14:20:09,284][flwr][INFO] - 	            (1, 0.7449),
[2024-08-13 14:20:09,284][flwr][INFO] - 	            (2, 0.8181),
[2024-08-13 14:20:09,284][flwr][INFO] - 	            (3, 0.8488),
[2024-08-13 14:20:09,284][flwr][INFO] - 	            (4, 0.8271),
[2024-08-13 14:20:09,284][flwr][INFO] - 	            (5, 0.8637),
[2024-08-13 14:20:09,284][flwr][INFO] - 	            (6, 0.8508),
[2024-08-13 14:20:09,284][flwr][INFO] - 	            (7, 0.8561),
[2024-08-13 14:20:09,284][flwr][INFO] - 	            (8, 0.8718),
[2024-08-13 14:20:09,285][flwr][INFO] - 	            (9, 0.8608),
[2024-08-13 14:20:09,285][flwr][INFO] - 	            (10, 0.8766)]}
[2024-08-13 14:20:09,285][flwr][INFO] - 
