[2024-08-13 11:11:27,575][flwr][INFO] - Starting Flower simulation, config: num_rounds=10, no round_timeout
[2024-08-13 11:11:31,714][flwr][INFO] - Flower VCE: Ray initialized with resources: {'GPU': 1.0, 'CPU': 16.0, 'accelerator_type:G': 1.0, 'node:__internal_head__': 1.0, 'object_store_memory': 2481427660.0, 'node:127.0.0.1': 1.0, 'memory': 4962855323.0}
[2024-08-13 11:11:31,714][flwr][INFO] - Optimize your simulation with Flower VCE: https://flower.ai/docs/framework/how-to-run-simulations.html
[2024-08-13 11:11:31,714][flwr][INFO] - Flower VCE: Resources for each Virtual Client: {'num_cpus': 2, 'num_gpus': 0.5}
[2024-08-13 11:11:31,725][flwr][INFO] - Flower VCE: Creating VirtualClientEngineActorPool with 2 actors
[2024-08-13 11:11:31,726][flwr][INFO] - [INIT]
[2024-08-13 11:11:31,726][flwr][INFO] - Requesting initial parameters from one random client
[2024-08-13 11:11:39,074][flwr][INFO] - Received initial parameters from one random client
[2024-08-13 11:11:39,075][flwr][INFO] - Evaluating initial global parameters
[2024-08-13 11:11:41,293][flwr][INFO] - initial parameters (loss, other metrics): 2.3025850929940455, {'accuracy': 0.098, 'precision': 0.009604000000000001, 'recall': 0.098, 'f1': 0.017493624772313296, 'confusion_matrix': array([[ 980,    0,    0,    0,    0,    0,    0,    0,    0,    0],
       [1135,    0,    0,    0,    0,    0,    0,    0,    0,    0],
       [1032,    0,    0,    0,    0,    0,    0,    0,    0,    0],
       [1010,    0,    0,    0,    0,    0,    0,    0,    0,    0],
       [ 982,    0,    0,    0,    0,    0,    0,    0,    0,    0],
       [ 892,    0,    0,    0,    0,    0,    0,    0,    0,    0],
       [ 958,    0,    0,    0,    0,    0,    0,    0,    0,    0],
       [1028,    0,    0,    0,    0,    0,    0,    0,    0,    0],
       [ 974,    0,    0,    0,    0,    0,    0,    0,    0,    0],
       [1009,    0,    0,    0,    0,    0,    0,    0,    0,    0]],
      dtype=int64)}
[2024-08-13 11:11:41,294][flwr][INFO] - 
[2024-08-13 11:11:41,294][flwr][INFO] - [ROUND 1]
[2024-08-13 11:11:41,295][flwr][INFO] - configure_fit: strategy sampled 10 clients (out of 10)
[2024-08-13 11:11:49,874][flwr][INFO] - aggregate_fit: received 10 results and 0 failures
[2024-08-13 11:11:49,877][flwr][WARNING] - No fit_metrics_aggregation_fn provided
[2024-08-13 11:11:52,106][flwr][INFO] - fit progress: (1, 0.9140446206694108, {'accuracy': 0.7166, 'precision': 0.783465190828997, 'recall': 0.7166, 'f1': 0.6804250970586814, 'confusion_matrix': array([[ 956,    0,    2,    5,    0,    0,    7,    1,    9,    0],
       [   0, 1061,   32,    8,    0,    0,    4,    1,   28,    1],
       [  83,   19,  719,   85,    4,    0,   21,   19,   66,   16],
       [  28,   10,   16,  862,    0,    0,    9,   12,   57,   16],
       [  35,    8,    4,    1,  342,    0,   26,    5,   42,  519],
       [ 237,   65,    8,  253,    4,    4,   29,   20,  180,   92],
       [  94,   16,   16,    4,    3,    0,  814,    2,    9,    0],
       [  32,   38,   20,    3,    1,    0,    1,  805,   57,   71],
       [  47,   15,    5,  118,    1,    0,   14,    5,  726,   43],
       [  48,   10,    4,   12,    6,    0,    1,   21,   30,  877]],
      dtype=int64)}, 10.811475999988033)
[2024-08-13 11:11:52,107][flwr][INFO] - configure_evaluate: no clients selected, skipping evaluation
[2024-08-13 11:11:52,107][flwr][INFO] - 
[2024-08-13 11:11:52,107][flwr][INFO] - [ROUND 2]
[2024-08-13 11:11:52,108][flwr][INFO] - configure_fit: strategy sampled 10 clients (out of 10)
[2024-08-13 11:11:58,597][flwr][INFO] - aggregate_fit: received 10 results and 0 failures
[2024-08-13 11:12:00,776][flwr][INFO] - fit progress: (2, 0.7360706112608869, {'accuracy': 0.8073, 'precision': 0.8174717614083304, 'recall': 0.8073, 'f1': 0.8007621280092205, 'confusion_matrix': array([[ 924,    0,    5,    5,    0,    3,   32,    2,    9,    0],
       [   0, 1067,   48,    5,    1,    0,    5,    1,    8,    0],
       [  27,   21,  837,   38,   22,    0,   24,   26,   36,    1],
       [   9,   12,   29,  866,    3,    7,   11,   17,   44,   12],
       [   7,    9,    7,    0,  885,    0,   28,    9,   11,   26],
       [  45,   65,   19,  183,   31,  429,   42,   33,   30,   15],
       [  31,   16,   25,    1,   19,    9,  855,    1,    1,    0],
       [   9,   40,   39,    0,   17,    0,    3,  896,   12,   12],
       [  23,   27,   27,  106,   19,    7,   21,   16,  708,   20],
       [  30,   16,    6,    8,  204,    3,    3,  108,   25,  606]],
      dtype=int64)}, 19.481165099990903)
[2024-08-13 11:12:00,777][flwr][INFO] - configure_evaluate: no clients selected, skipping evaluation
[2024-08-13 11:12:00,777][flwr][INFO] - 
[2024-08-13 11:12:00,777][flwr][INFO] - [ROUND 3]
[2024-08-13 11:12:00,778][flwr][INFO] - configure_fit: strategy sampled 10 clients (out of 10)
[2024-08-13 11:12:07,300][flwr][INFO] - aggregate_fit: received 10 results and 0 failures
[2024-08-13 11:12:09,386][flwr][INFO] - fit progress: (3, 0.7271335314682934, {'accuracy': 0.8161, 'precision': 0.8313935761438682, 'recall': 0.8161, 'f1': 0.817009478264557, 'confusion_matrix': array([[ 887,    0,    3,    1,    0,   50,   30,    1,    5,    3],
       [   0, 1071,   31,    1,    1,   13,    4,    0,   12,    2],
       [  18,   22,  808,   42,   15,    6,   22,   25,   53,   21],
       [   5,   12,   19,  783,    0,   80,    8,   13,   36,   54],
       [   7,    6,    2,    0,  622,    4,   23,    3,   10,  305],
       [  15,   53,    6,   54,    9,  677,   23,   13,   14,   28],
       [  20,   14,   20,    1,   12,   24,  863,    1,    2,    1],
       [   6,   35,   30,    0,   12,    0,    1,  809,   23,  112],
       [   5,   20,   10,   45,    5,   65,   18,    5,  721,   80],
       [  16,    8,    5,    4,   16,   16,    2,   11,   11,  920]],
      dtype=int64)}, 28.09159529999306)
[2024-08-13 11:12:09,387][flwr][INFO] - configure_evaluate: no clients selected, skipping evaluation
[2024-08-13 11:12:09,387][flwr][INFO] - 
[2024-08-13 11:12:09,387][flwr][INFO] - [ROUND 4]
[2024-08-13 11:12:09,388][flwr][INFO] - configure_fit: strategy sampled 10 clients (out of 10)
[2024-08-13 11:12:15,890][flwr][INFO] - aggregate_fit: received 10 results and 0 failures
[2024-08-13 11:12:17,967][flwr][INFO] - fit progress: (4, 0.752901235421453, {'accuracy': 0.7687, 'precision': 0.8141311160709447, 'recall': 0.7687, 'f1': 0.7392530019414644, 'confusion_matrix': array([[ 921,    0,    3,    6,    4,    1,   28,    4,   13,    0],
       [   0, 1071,   29,    9,    1,    0,    5,    1,   19,    0],
       [  17,   12,  803,   61,   38,    0,   22,   34,   45,    0],
       [   4,    8,   13,  886,    8,   11,    9,   23,   48,    0],
       [   4,    5,    1,    0,  944,    1,   13,    9,    5,    0],
       [  22,   54,    7,  180,   65,  439,   37,   34,   51,    3],
       [  16,   13,   20,    3,   35,    6,  861,    1,    3,    0],
       [   3,   29,   31,    2,   24,    0,    0,  921,   18,    0],
       [  12,   18,   12,   95,   34,    8,   17,   18,  760,    0],
       [  25,   11,    3,    9,  622,    3,    1,  203,   51,   81]],
      dtype=int64)}, 36.672512199991615)
[2024-08-13 11:12:17,968][flwr][INFO] - configure_evaluate: no clients selected, skipping evaluation
[2024-08-13 11:12:17,968][flwr][INFO] - 
[2024-08-13 11:12:17,968][flwr][INFO] - [ROUND 5]
[2024-08-13 11:12:17,969][flwr][INFO] - configure_fit: strategy sampled 10 clients (out of 10)
[2024-08-13 11:12:24,600][flwr][INFO] - aggregate_fit: received 10 results and 0 failures
[2024-08-13 11:12:26,842][flwr][INFO] - fit progress: (5, 0.6910828196945232, {'accuracy': 0.8449, 'precision': 0.8482842692608298, 'recall': 0.8449, 'f1': 0.8440242305107304, 'confusion_matrix': array([[ 923,    1,    3,    2,    0,   13,   27,    2,    9,    0],
       [   0, 1078,   31,    3,    1,    5,    5,    1,   10,    1],
       [  16,   15,  848,   37,   12,    0,   26,   26,   42,   10],
       [   5,    8,   20,  845,    1,   38,   11,   14,   32,   36],
       [   5,    8,    3,    0,  762,    2,   29,    5,    8,  160],
       [  19,   57,    8,   77,   11,  626,   36,   14,   16,   28],
       [  16,   13,   21,    1,    9,   19,  874,    4,    1,    0],
       [   8,   36,   35,    0,   13,    0,    2,  867,   16,   51],
       [  11,   26,   20,   60,    8,   27,   20,    8,  737,   57],
       [  20,   10,    5,    6,   27,   12,    2,   27,   11,  889]],
      dtype=int64)}, 45.54796639998676)
[2024-08-13 11:12:26,843][flwr][INFO] - configure_evaluate: no clients selected, skipping evaluation
[2024-08-13 11:12:26,843][flwr][INFO] - 
[2024-08-13 11:12:26,844][flwr][INFO] - [ROUND 6]
[2024-08-13 11:12:26,844][flwr][INFO] - configure_fit: strategy sampled 10 clients (out of 10)
[2024-08-13 11:12:33,140][flwr][INFO] - aggregate_fit: received 10 results and 0 failures
[2024-08-13 11:12:35,360][flwr][INFO] - fit progress: (6, 0.7047514722326222, {'accuracy': 0.8114, 'precision': 0.8394035005605929, 'recall': 0.8114, 'f1': 0.8012789280276271, 'confusion_matrix': array([[ 929,    1,    1,    3,    5,    7,   20,    1,   13,    0],
       [   0, 1075,   17,    8,    1,    2,    5,    1,   26,    0],
       [  13,   11,  803,   50,   41,    0,   21,   32,   61,    0],
       [   5,    7,   11,  862,    7,   28,    9,   21,   58,    2],
       [   2,    4,    1,    0,  949,    2,   12,    4,    6,    2],
       [  16,   47,    4,   92,   44,  593,   31,   20,   43,    2],
       [  14,   14,   18,    1,   36,   15,  854,    3,    3,    0],
       [   5,   31,   28,    3,   28,    0,    0,  901,   30,    2],
       [   9,   17,    8,   41,   29,   14,   16,    9,  831,    0],
       [  24,    8,    4,    7,  470,   12,    1,  104,   62,  317]],
      dtype=int64)}, 54.06534059999103)
[2024-08-13 11:12:35,361][flwr][INFO] - configure_evaluate: no clients selected, skipping evaluation
[2024-08-13 11:12:35,361][flwr][INFO] - 
[2024-08-13 11:12:35,361][flwr][INFO] - [ROUND 7]
[2024-08-13 11:12:35,362][flwr][INFO] - configure_fit: strategy sampled 10 clients (out of 10)
[2024-08-13 11:12:41,913][flwr][INFO] - aggregate_fit: received 10 results and 0 failures
[2024-08-13 11:12:44,142][flwr][INFO] - fit progress: (7, 0.6719485935708098, {'accuracy': 0.8498, 'precision': 0.8553605014689621, 'recall': 0.8498, 'f1': 0.8491331538081746, 'confusion_matrix': array([[ 932,    1,    3,    1,    0,   12,   25,    1,    5,    0],
       [   0, 1085,   23,    5,    1,    5,    5,    1,   10,    0],
       [  12,   13,  845,   41,   10,    0,   25,   29,   41,   16],
       [   5,    6,   14,  862,    1,   40,    9,   15,   20,   38],
       [   4,    5,    4,    0,  755,    2,   25,    5,    7,  175],
       [  14,   50,    5,   67,   10,  663,   31,   14,   11,   27],
       [  14,   11,   20,    1,    8,   18,  880,    5,    1,    0],
       [   7,   34,   36,    2,   13,    0,    2,  868,    9,   57],
       [  12,   35,   17,   63,    6,   41,   21,    7,  696,   76],
       [  20,    8,    5,    9,   20,   11,    1,   19,    4,  912]],
      dtype=int64)}, 62.84782689998974)
[2024-08-13 11:12:44,143][flwr][INFO] - configure_evaluate: no clients selected, skipping evaluation
[2024-08-13 11:12:44,143][flwr][INFO] - 
[2024-08-13 11:12:44,143][flwr][INFO] - [ROUND 8]
[2024-08-13 11:12:44,143][flwr][INFO] - configure_fit: strategy sampled 10 clients (out of 10)
[2024-08-13 11:12:50,785][flwr][INFO] - aggregate_fit: received 10 results and 0 failures
[2024-08-13 11:12:53,073][flwr][INFO] - fit progress: (8, 0.6886829086709643, {'accuracy': 0.8319, 'precision': 0.8504548486365068, 'recall': 0.8319, 'f1': 0.8273626289583436, 'confusion_matrix': array([[ 933,    1,    3,    1,    4,    4,   20,    2,   12,    0],
       [   0, 1074,   11,    3,    1,    3,    5,    1,   37,    0],
       [  11,   11,  822,   37,   34,    0,   20,   30,   66,    1],
       [   5,    7,   15,  840,    7,   32,   11,   20,   71,    2],
       [   2,    4,    1,    0,  940,    2,   13,    6,   12,    2],
       [  16,   45,    3,   68,   34,  609,   33,   19,   62,    3],
       [  13,    8,   17,    1,   30,   13,  868,    5,    3,    0],
       [   5,   27,   28,    1,   26,    0,    0,  903,   36,    2],
       [   9,   16,    9,   29,   22,   15,   16,    8,  849,    1],
       [  25,    8,    4,    6,  299,   11,    1,  103,   71,  481]],
      dtype=int64)}, 71.77815629998804)
[2024-08-13 11:12:53,074][flwr][INFO] - configure_evaluate: no clients selected, skipping evaluation
[2024-08-13 11:12:53,074][flwr][INFO] - 
[2024-08-13 11:12:53,074][flwr][INFO] - [ROUND 9]
[2024-08-13 11:12:53,075][flwr][INFO] - configure_fit: strategy sampled 10 clients (out of 10)
[2024-08-13 11:12:59,589][flwr][INFO] - aggregate_fit: received 10 results and 0 failures
[2024-08-13 11:13:01,954][flwr][INFO] - fit progress: (9, 0.6613797429343247, {'accuracy': 0.8528, 'precision': 0.8577113338479905, 'recall': 0.8528, 'f1': 0.851840791310814, 'confusion_matrix': array([[ 931,    2,    4,    2,    1,   11,   23,    2,    4,    0],
       [   0, 1086,   22,    5,    1,    5,    5,    1,    8,    2],
       [  12,   13,  855,   39,   12,    0,   24,   30,   32,   15],
       [   3,    5,   14,  866,    2,   37,   11,   16,   16,   40],
       [   3,    5,    3,    0,  795,    1,   22,    5,    4,  144],
       [  14,   45,    5,   69,   12,  661,   32,   15,   12,   27],
       [  13,    9,   20,    1,   11,   16,  881,    6,    1,    0],
       [   7,   32,   34,    3,   14,    0,    2,  872,    7,   57],
       [  16,   39,   18,   65,   11,   41,   22,    9,  670,   83],
       [  20,    8,    5,    9,   24,   11,    1,   19,    1,  911]],
      dtype=int64)}, 80.65965609998966)
[2024-08-13 11:13:01,955][flwr][INFO] - configure_evaluate: no clients selected, skipping evaluation
[2024-08-13 11:13:01,955][flwr][INFO] - 
[2024-08-13 11:13:01,955][flwr][INFO] - [ROUND 10]
[2024-08-13 11:13:01,956][flwr][INFO] - configure_fit: strategy sampled 10 clients (out of 10)
[2024-08-13 11:13:08,635][flwr][INFO] - aggregate_fit: received 10 results and 0 failures
[2024-08-13 11:13:10,878][flwr][INFO] - fit progress: (10, 0.6729126437980192, {'accuracy': 0.8446, 'precision': 0.8590570916936627, 'recall': 0.8446, 'f1': 0.842386642838029, 'confusion_matrix': array([[ 937,    2,    3,    1,    2,    5,   17,    2,   11,    0],
       [   0, 1071,    7,    3,    1,    3,    5,    1,   44,    0],
       [  11,   13,  822,   36,   31,    0,   18,   30,   70,    1],
       [   4,    5,   14,  830,    4,   34,   14,   20,   82,    3],
       [   3,    4,    1,    0,  932,    2,   12,    6,   18,    4],
       [  13,   40,    2,   56,   26,  633,   32,   19,   68,    3],
       [  13,    8,   15,    1,   25,   13,  872,    7,    4,    0],
       [   6,   25,   28,    1,   24,    0,    0,  904,   38,    2],
       [   7,   13,    8,   20,   18,   16,   16,    8,  867,    1],
       [  27,    7,    5,    5,  199,   13,    1,  100,   74,  578]],
      dtype=int64)}, 89.58282839998719)
[2024-08-13 11:13:10,879][flwr][INFO] - configure_evaluate: no clients selected, skipping evaluation
[2024-08-13 11:13:10,879][flwr][INFO] - 
[2024-08-13 11:13:10,879][flwr][INFO] - [SUMMARY]
[2024-08-13 11:13:10,879][flwr][INFO] - Run finished 10 round(s) in 89.58s
[2024-08-13 11:13:10,887][flwr][INFO] - 	History (loss, centralized):
[2024-08-13 11:13:10,887][flwr][INFO] - 		round 0: 2.3025850929940455
[2024-08-13 11:13:10,887][flwr][INFO] - 		round 1: 0.9140446206694108
[2024-08-13 11:13:10,887][flwr][INFO] - 		round 2: 0.7360706112608869
[2024-08-13 11:13:10,887][flwr][INFO] - 		round 3: 0.7271335314682934
[2024-08-13 11:13:10,887][flwr][INFO] - 		round 4: 0.752901235421453
[2024-08-13 11:13:10,887][flwr][INFO] - 		round 5: 0.6910828196945232
[2024-08-13 11:13:10,887][flwr][INFO] - 		round 6: 0.7047514722326222
[2024-08-13 11:13:10,888][flwr][INFO] - 		round 7: 0.6719485935708098
[2024-08-13 11:13:10,888][flwr][INFO] - 		round 8: 0.6886829086709643
[2024-08-13 11:13:10,888][flwr][INFO] - 		round 9: 0.6613797429343247
[2024-08-13 11:13:10,888][flwr][INFO] - 		round 10: 0.6729126437980192
[2024-08-13 11:13:10,888][flwr][INFO] - 	History (metrics, centralized):
[2024-08-13 11:13:10,888][flwr][INFO] - 	{'accuracy': [(0, 0.098),
[2024-08-13 11:13:10,888][flwr][INFO] - 	              (1, 0.7166),
[2024-08-13 11:13:10,888][flwr][INFO] - 	              (2, 0.8073),
[2024-08-13 11:13:10,888][flwr][INFO] - 	              (3, 0.8161),
[2024-08-13 11:13:10,888][flwr][INFO] - 	              (4, 0.7687),
[2024-08-13 11:13:10,888][flwr][INFO] - 	              (5, 0.8449),
[2024-08-13 11:13:10,888][flwr][INFO] - 	              (6, 0.8114),
[2024-08-13 11:13:10,888][flwr][INFO] - 	              (7, 0.8498),
[2024-08-13 11:13:10,888][flwr][INFO] - 	              (8, 0.8319),
[2024-08-13 11:13:10,888][flwr][INFO] - 	              (9, 0.8528),
[2024-08-13 11:13:10,888][flwr][INFO] - 	              (10, 0.8446)],
[2024-08-13 11:13:10,888][flwr][INFO] - 	 'confusion_matrix': [(0,
[2024-08-13 11:13:10,889][flwr][INFO] - 	                       array([[ 980,    0,    0,    0,    0,    0,    0,    0,    0,    0],
[2024-08-13 11:13:10,889][flwr][INFO] - 	       [1135,    0,    0,    0,    0,    0,    0,    0,    0,    0],
[2024-08-13 11:13:10,889][flwr][INFO] - 	       [1032,    0,    0,    0,    0,    0,    0,    0,    0,    0],
[2024-08-13 11:13:10,889][flwr][INFO] - 	       [1010,    0,    0,    0,    0,    0,    0,    0,    0,    0],
[2024-08-13 11:13:10,889][flwr][INFO] - 	       [ 982,    0,    0,    0,    0,    0,    0,    0,    0,    0],
[2024-08-13 11:13:10,889][flwr][INFO] - 	       [ 892,    0,    0,    0,    0,    0,    0,    0,    0,    0],
[2024-08-13 11:13:10,889][flwr][INFO] - 	       [ 958,    0,    0,    0,    0,    0,    0,    0,    0,    0],
[2024-08-13 11:13:10,889][flwr][INFO] - 	       [1028,    0,    0,    0,    0,    0,    0,    0,    0,    0],
[2024-08-13 11:13:10,889][flwr][INFO] - 	       [ 974,    0,    0,    0,    0,    0,    0,    0,    0,    0],
[2024-08-13 11:13:10,889][flwr][INFO] - 	       [1009,    0,    0,    0,    0,    0,    0,    0,    0,    0]],
[2024-08-13 11:13:10,889][flwr][INFO] - 	      dtype=int64)),
[2024-08-13 11:13:10,889][flwr][INFO] - 	                      (1,
[2024-08-13 11:13:10,889][flwr][INFO] - 	                       array([[ 956,    0,    2,    5,    0,    0,    7,    1,    9,    0],
[2024-08-13 11:13:10,889][flwr][INFO] - 	       [   0, 1061,   32,    8,    0,    0,    4,    1,   28,    1],
[2024-08-13 11:13:10,889][flwr][INFO] - 	       [  83,   19,  719,   85,    4,    0,   21,   19,   66,   16],
[2024-08-13 11:13:10,890][flwr][INFO] - 	       [  28,   10,   16,  862,    0,    0,    9,   12,   57,   16],
[2024-08-13 11:13:10,890][flwr][INFO] - 	       [  35,    8,    4,    1,  342,    0,   26,    5,   42,  519],
[2024-08-13 11:13:10,890][flwr][INFO] - 	       [ 237,   65,    8,  253,    4,    4,   29,   20,  180,   92],
[2024-08-13 11:13:10,890][flwr][INFO] - 	       [  94,   16,   16,    4,    3,    0,  814,    2,    9,    0],
[2024-08-13 11:13:10,890][flwr][INFO] - 	       [  32,   38,   20,    3,    1,    0,    1,  805,   57,   71],
[2024-08-13 11:13:10,890][flwr][INFO] - 	       [  47,   15,    5,  118,    1,    0,   14,    5,  726,   43],
[2024-08-13 11:13:10,890][flwr][INFO] - 	       [  48,   10,    4,   12,    6,    0,    1,   21,   30,  877]],
[2024-08-13 11:13:10,890][flwr][INFO] - 	      dtype=int64)),
[2024-08-13 11:13:10,890][flwr][INFO] - 	                      (2,
[2024-08-13 11:13:10,890][flwr][INFO] - 	                       array([[ 924,    0,    5,    5,    0,    3,   32,    2,    9,    0],
[2024-08-13 11:13:10,890][flwr][INFO] - 	       [   0, 1067,   48,    5,    1,    0,    5,    1,    8,    0],
[2024-08-13 11:13:10,890][flwr][INFO] - 	       [  27,   21,  837,   38,   22,    0,   24,   26,   36,    1],
[2024-08-13 11:13:10,890][flwr][INFO] - 	       [   9,   12,   29,  866,    3,    7,   11,   17,   44,   12],
[2024-08-13 11:13:10,890][flwr][INFO] - 	       [   7,    9,    7,    0,  885,    0,   28,    9,   11,   26],
[2024-08-13 11:13:10,890][flwr][INFO] - 	       [  45,   65,   19,  183,   31,  429,   42,   33,   30,   15],
[2024-08-13 11:13:10,890][flwr][INFO] - 	       [  31,   16,   25,    1,   19,    9,  855,    1,    1,    0],
[2024-08-13 11:13:10,890][flwr][INFO] - 	       [   9,   40,   39,    0,   17,    0,    3,  896,   12,   12],
[2024-08-13 11:13:10,891][flwr][INFO] - 	       [  23,   27,   27,  106,   19,    7,   21,   16,  708,   20],
[2024-08-13 11:13:10,891][flwr][INFO] - 	       [  30,   16,    6,    8,  204,    3,    3,  108,   25,  606]],
[2024-08-13 11:13:10,891][flwr][INFO] - 	      dtype=int64)),
[2024-08-13 11:13:10,891][flwr][INFO] - 	                      (3,
[2024-08-13 11:13:10,891][flwr][INFO] - 	                       array([[ 887,    0,    3,    1,    0,   50,   30,    1,    5,    3],
[2024-08-13 11:13:10,891][flwr][INFO] - 	       [   0, 1071,   31,    1,    1,   13,    4,    0,   12,    2],
[2024-08-13 11:13:10,891][flwr][INFO] - 	       [  18,   22,  808,   42,   15,    6,   22,   25,   53,   21],
[2024-08-13 11:13:10,891][flwr][INFO] - 	       [   5,   12,   19,  783,    0,   80,    8,   13,   36,   54],
[2024-08-13 11:13:10,891][flwr][INFO] - 	       [   7,    6,    2,    0,  622,    4,   23,    3,   10,  305],
[2024-08-13 11:13:10,891][flwr][INFO] - 	       [  15,   53,    6,   54,    9,  677,   23,   13,   14,   28],
[2024-08-13 11:13:10,891][flwr][INFO] - 	       [  20,   14,   20,    1,   12,   24,  863,    1,    2,    1],
[2024-08-13 11:13:10,891][flwr][INFO] - 	       [   6,   35,   30,    0,   12,    0,    1,  809,   23,  112],
[2024-08-13 11:13:10,891][flwr][INFO] - 	       [   5,   20,   10,   45,    5,   65,   18,    5,  721,   80],
[2024-08-13 11:13:10,891][flwr][INFO] - 	       [  16,    8,    5,    4,   16,   16,    2,   11,   11,  920]],
[2024-08-13 11:13:10,891][flwr][INFO] - 	      dtype=int64)),
[2024-08-13 11:13:10,891][flwr][INFO] - 	                      (4,
[2024-08-13 11:13:10,891][flwr][INFO] - 	                       array([[ 921,    0,    3,    6,    4,    1,   28,    4,   13,    0],
[2024-08-13 11:13:10,892][flwr][INFO] - 	       [   0, 1071,   29,    9,    1,    0,    5,    1,   19,    0],
[2024-08-13 11:13:10,892][flwr][INFO] - 	       [  17,   12,  803,   61,   38,    0,   22,   34,   45,    0],
[2024-08-13 11:13:10,892][flwr][INFO] - 	       [   4,    8,   13,  886,    8,   11,    9,   23,   48,    0],
[2024-08-13 11:13:10,892][flwr][INFO] - 	       [   4,    5,    1,    0,  944,    1,   13,    9,    5,    0],
[2024-08-13 11:13:10,892][flwr][INFO] - 	       [  22,   54,    7,  180,   65,  439,   37,   34,   51,    3],
[2024-08-13 11:13:10,892][flwr][INFO] - 	       [  16,   13,   20,    3,   35,    6,  861,    1,    3,    0],
[2024-08-13 11:13:10,892][flwr][INFO] - 	       [   3,   29,   31,    2,   24,    0,    0,  921,   18,    0],
[2024-08-13 11:13:10,892][flwr][INFO] - 	       [  12,   18,   12,   95,   34,    8,   17,   18,  760,    0],
[2024-08-13 11:13:10,892][flwr][INFO] - 	       [  25,   11,    3,    9,  622,    3,    1,  203,   51,   81]],
[2024-08-13 11:13:10,892][flwr][INFO] - 	      dtype=int64)),
[2024-08-13 11:13:10,892][flwr][INFO] - 	                      (5,
[2024-08-13 11:13:10,892][flwr][INFO] - 	                       array([[ 923,    1,    3,    2,    0,   13,   27,    2,    9,    0],
[2024-08-13 11:13:10,892][flwr][INFO] - 	       [   0, 1078,   31,    3,    1,    5,    5,    1,   10,    1],
[2024-08-13 11:13:10,892][flwr][INFO] - 	       [  16,   15,  848,   37,   12,    0,   26,   26,   42,   10],
[2024-08-13 11:13:10,892][flwr][INFO] - 	       [   5,    8,   20,  845,    1,   38,   11,   14,   32,   36],
[2024-08-13 11:13:10,892][flwr][INFO] - 	       [   5,    8,    3,    0,  762,    2,   29,    5,    8,  160],
[2024-08-13 11:13:10,893][flwr][INFO] - 	       [  19,   57,    8,   77,   11,  626,   36,   14,   16,   28],
[2024-08-13 11:13:10,893][flwr][INFO] - 	       [  16,   13,   21,    1,    9,   19,  874,    4,    1,    0],
[2024-08-13 11:13:10,893][flwr][INFO] - 	       [   8,   36,   35,    0,   13,    0,    2,  867,   16,   51],
[2024-08-13 11:13:10,893][flwr][INFO] - 	       [  11,   26,   20,   60,    8,   27,   20,    8,  737,   57],
[2024-08-13 11:13:10,893][flwr][INFO] - 	       [  20,   10,    5,    6,   27,   12,    2,   27,   11,  889]],
[2024-08-13 11:13:10,893][flwr][INFO] - 	      dtype=int64)),
[2024-08-13 11:13:10,893][flwr][INFO] - 	                      (6,
[2024-08-13 11:13:10,893][flwr][INFO] - 	                       array([[ 929,    1,    1,    3,    5,    7,   20,    1,   13,    0],
[2024-08-13 11:13:10,893][flwr][INFO] - 	       [   0, 1075,   17,    8,    1,    2,    5,    1,   26,    0],
[2024-08-13 11:13:10,893][flwr][INFO] - 	       [  13,   11,  803,   50,   41,    0,   21,   32,   61,    0],
[2024-08-13 11:13:10,893][flwr][INFO] - 	       [   5,    7,   11,  862,    7,   28,    9,   21,   58,    2],
[2024-08-13 11:13:10,893][flwr][INFO] - 	       [   2,    4,    1,    0,  949,    2,   12,    4,    6,    2],
[2024-08-13 11:13:10,893][flwr][INFO] - 	       [  16,   47,    4,   92,   44,  593,   31,   20,   43,    2],
[2024-08-13 11:13:10,893][flwr][INFO] - 	       [  14,   14,   18,    1,   36,   15,  854,    3,    3,    0],
[2024-08-13 11:13:10,893][flwr][INFO] - 	       [   5,   31,   28,    3,   28,    0,    0,  901,   30,    2],
[2024-08-13 11:13:10,893][flwr][INFO] - 	       [   9,   17,    8,   41,   29,   14,   16,    9,  831,    0],
[2024-08-13 11:13:10,893][flwr][INFO] - 	       [  24,    8,    4,    7,  470,   12,    1,  104,   62,  317]],
[2024-08-13 11:13:10,894][flwr][INFO] - 	      dtype=int64)),
[2024-08-13 11:13:10,894][flwr][INFO] - 	                      (7,
[2024-08-13 11:13:10,894][flwr][INFO] - 	                       array([[ 932,    1,    3,    1,    0,   12,   25,    1,    5,    0],
[2024-08-13 11:13:10,894][flwr][INFO] - 	       [   0, 1085,   23,    5,    1,    5,    5,    1,   10,    0],
[2024-08-13 11:13:10,894][flwr][INFO] - 	       [  12,   13,  845,   41,   10,    0,   25,   29,   41,   16],
[2024-08-13 11:13:10,894][flwr][INFO] - 	       [   5,    6,   14,  862,    1,   40,    9,   15,   20,   38],
[2024-08-13 11:13:10,894][flwr][INFO] - 	       [   4,    5,    4,    0,  755,    2,   25,    5,    7,  175],
[2024-08-13 11:13:10,894][flwr][INFO] - 	       [  14,   50,    5,   67,   10,  663,   31,   14,   11,   27],
[2024-08-13 11:13:10,894][flwr][INFO] - 	       [  14,   11,   20,    1,    8,   18,  880,    5,    1,    0],
[2024-08-13 11:13:10,894][flwr][INFO] - 	       [   7,   34,   36,    2,   13,    0,    2,  868,    9,   57],
[2024-08-13 11:13:10,894][flwr][INFO] - 	       [  12,   35,   17,   63,    6,   41,   21,    7,  696,   76],
[2024-08-13 11:13:10,894][flwr][INFO] - 	       [  20,    8,    5,    9,   20,   11,    1,   19,    4,  912]],
[2024-08-13 11:13:10,894][flwr][INFO] - 	      dtype=int64)),
[2024-08-13 11:13:10,894][flwr][INFO] - 	                      (8,
[2024-08-13 11:13:10,894][flwr][INFO] - 	                       array([[ 933,    1,    3,    1,    4,    4,   20,    2,   12,    0],
[2024-08-13 11:13:10,894][flwr][INFO] - 	       [   0, 1074,   11,    3,    1,    3,    5,    1,   37,    0],
[2024-08-13 11:13:10,894][flwr][INFO] - 	       [  11,   11,  822,   37,   34,    0,   20,   30,   66,    1],
[2024-08-13 11:13:10,895][flwr][INFO] - 	       [   5,    7,   15,  840,    7,   32,   11,   20,   71,    2],
[2024-08-13 11:13:10,895][flwr][INFO] - 	       [   2,    4,    1,    0,  940,    2,   13,    6,   12,    2],
[2024-08-13 11:13:10,895][flwr][INFO] - 	       [  16,   45,    3,   68,   34,  609,   33,   19,   62,    3],
[2024-08-13 11:13:10,895][flwr][INFO] - 	       [  13,    8,   17,    1,   30,   13,  868,    5,    3,    0],
[2024-08-13 11:13:10,895][flwr][INFO] - 	       [   5,   27,   28,    1,   26,    0,    0,  903,   36,    2],
[2024-08-13 11:13:10,895][flwr][INFO] - 	       [   9,   16,    9,   29,   22,   15,   16,    8,  849,    1],
[2024-08-13 11:13:10,895][flwr][INFO] - 	       [  25,    8,    4,    6,  299,   11,    1,  103,   71,  481]],
[2024-08-13 11:13:10,895][flwr][INFO] - 	      dtype=int64)),
[2024-08-13 11:13:10,895][flwr][INFO] - 	                      (9,
[2024-08-13 11:13:10,895][flwr][INFO] - 	                       array([[ 931,    2,    4,    2,    1,   11,   23,    2,    4,    0],
[2024-08-13 11:13:10,895][flwr][INFO] - 	       [   0, 1086,   22,    5,    1,    5,    5,    1,    8,    2],
[2024-08-13 11:13:10,895][flwr][INFO] - 	       [  12,   13,  855,   39,   12,    0,   24,   30,   32,   15],
[2024-08-13 11:13:10,895][flwr][INFO] - 	       [   3,    5,   14,  866,    2,   37,   11,   16,   16,   40],
[2024-08-13 11:13:10,895][flwr][INFO] - 	       [   3,    5,    3,    0,  795,    1,   22,    5,    4,  144],
[2024-08-13 11:13:10,895][flwr][INFO] - 	       [  14,   45,    5,   69,   12,  661,   32,   15,   12,   27],
[2024-08-13 11:13:10,895][flwr][INFO] - 	       [  13,    9,   20,    1,   11,   16,  881,    6,    1,    0],
[2024-08-13 11:13:10,895][flwr][INFO] - 	       [   7,   32,   34,    3,   14,    0,    2,  872,    7,   57],
[2024-08-13 11:13:10,896][flwr][INFO] - 	       [  16,   39,   18,   65,   11,   41,   22,    9,  670,   83],
[2024-08-13 11:13:10,896][flwr][INFO] - 	       [  20,    8,    5,    9,   24,   11,    1,   19,    1,  911]],
[2024-08-13 11:13:10,896][flwr][INFO] - 	      dtype=int64)),
[2024-08-13 11:13:10,896][flwr][INFO] - 	                      (10,
[2024-08-13 11:13:10,896][flwr][INFO] - 	                       array([[ 937,    2,    3,    1,    2,    5,   17,    2,   11,    0],
[2024-08-13 11:13:10,896][flwr][INFO] - 	       [   0, 1071,    7,    3,    1,    3,    5,    1,   44,    0],
[2024-08-13 11:13:10,896][flwr][INFO] - 	       [  11,   13,  822,   36,   31,    0,   18,   30,   70,    1],
[2024-08-13 11:13:10,896][flwr][INFO] - 	       [   4,    5,   14,  830,    4,   34,   14,   20,   82,    3],
[2024-08-13 11:13:10,896][flwr][INFO] - 	       [   3,    4,    1,    0,  932,    2,   12,    6,   18,    4],
[2024-08-13 11:13:10,896][flwr][INFO] - 	       [  13,   40,    2,   56,   26,  633,   32,   19,   68,    3],
[2024-08-13 11:13:10,896][flwr][INFO] - 	       [  13,    8,   15,    1,   25,   13,  872,    7,    4,    0],
[2024-08-13 11:13:10,896][flwr][INFO] - 	       [   6,   25,   28,    1,   24,    0,    0,  904,   38,    2],
[2024-08-13 11:13:10,896][flwr][INFO] - 	       [   7,   13,    8,   20,   18,   16,   16,    8,  867,    1],
[2024-08-13 11:13:10,896][flwr][INFO] - 	       [  27,    7,    5,    5,  199,   13,    1,  100,   74,  578]],
[2024-08-13 11:13:10,896][flwr][INFO] - 	      dtype=int64))],
[2024-08-13 11:13:10,896][flwr][INFO] - 	 'f1': [(0, 0.017493624772313296),
[2024-08-13 11:13:10,896][flwr][INFO] - 	        (1, 0.6804250970586814),
[2024-08-13 11:13:10,897][flwr][INFO] - 	        (2, 0.8007621280092205),
[2024-08-13 11:13:10,897][flwr][INFO] - 	        (3, 0.817009478264557),
[2024-08-13 11:13:10,897][flwr][INFO] - 	        (4, 0.7392530019414644),
[2024-08-13 11:13:10,897][flwr][INFO] - 	        (5, 0.8440242305107304),
[2024-08-13 11:13:10,897][flwr][INFO] - 	        (6, 0.8012789280276271),
[2024-08-13 11:13:10,897][flwr][INFO] - 	        (7, 0.8491331538081746),
[2024-08-13 11:13:10,897][flwr][INFO] - 	        (8, 0.8273626289583436),
[2024-08-13 11:13:10,897][flwr][INFO] - 	        (9, 0.851840791310814),
[2024-08-13 11:13:10,897][flwr][INFO] - 	        (10, 0.842386642838029)],
[2024-08-13 11:13:10,897][flwr][INFO] - 	 'precision': [(0, 0.009604000000000001),
[2024-08-13 11:13:10,897][flwr][INFO] - 	               (1, 0.783465190828997),
[2024-08-13 11:13:10,897][flwr][INFO] - 	               (2, 0.8174717614083304),
[2024-08-13 11:13:10,897][flwr][INFO] - 	               (3, 0.8313935761438682),
[2024-08-13 11:13:10,897][flwr][INFO] - 	               (4, 0.8141311160709447),
[2024-08-13 11:13:10,897][flwr][INFO] - 	               (5, 0.8482842692608298),
[2024-08-13 11:13:10,897][flwr][INFO] - 	               (6, 0.8394035005605929),
[2024-08-13 11:13:10,897][flwr][INFO] - 	               (7, 0.8553605014689621),
[2024-08-13 11:13:10,897][flwr][INFO] - 	               (8, 0.8504548486365068),
[2024-08-13 11:13:10,898][flwr][INFO] - 	               (9, 0.8577113338479905),
[2024-08-13 11:13:10,898][flwr][INFO] - 	               (10, 0.8590570916936627)],
[2024-08-13 11:13:10,898][flwr][INFO] - 	 'recall': [(0, 0.098),
[2024-08-13 11:13:10,898][flwr][INFO] - 	            (1, 0.7166),
[2024-08-13 11:13:10,898][flwr][INFO] - 	            (2, 0.8073),
[2024-08-13 11:13:10,898][flwr][INFO] - 	            (3, 0.8161),
[2024-08-13 11:13:10,898][flwr][INFO] - 	            (4, 0.7687),
[2024-08-13 11:13:10,898][flwr][INFO] - 	            (5, 0.8449),
[2024-08-13 11:13:10,898][flwr][INFO] - 	            (6, 0.8114),
[2024-08-13 11:13:10,898][flwr][INFO] - 	            (7, 0.8498),
[2024-08-13 11:13:10,898][flwr][INFO] - 	            (8, 0.8319),
[2024-08-13 11:13:10,898][flwr][INFO] - 	            (9, 0.8528),
[2024-08-13 11:13:10,898][flwr][INFO] - 	            (10, 0.8446)]}
[2024-08-13 11:13:10,898][flwr][INFO] - 
