[2024-08-13 14:18:12,876][flwr][INFO] - Starting Flower simulation, config: num_rounds=10, no round_timeout
[2024-08-13 14:18:19,254][flwr][INFO] - Flower VCE: Ray initialized with resources: {'object_store_memory': 2073864192.0, 'node:127.0.0.1': 1.0, 'memory': 4147728384.0, 'CPU': 16.0, 'node:__internal_head__': 1.0, 'accelerator_type:G': 1.0, 'GPU': 1.0}
[2024-08-13 14:18:19,255][flwr][INFO] - Optimize your simulation with Flower VCE: https://flower.ai/docs/framework/how-to-run-simulations.html
[2024-08-13 14:18:19,255][flwr][INFO] - Flower VCE: Resources for each Virtual Client: {'num_cpus': 2, 'num_gpus': 0.5}
[2024-08-13 14:18:19,277][flwr][INFO] - Flower VCE: Creating VirtualClientEngineActorPool with 2 actors
[2024-08-13 14:18:19,282][flwr][INFO] - [INIT]
[2024-08-13 14:18:19,283][flwr][INFO] - Requesting initial parameters from one random client
[2024-08-13 14:18:28,073][flwr][INFO] - Received initial parameters from one random client
[2024-08-13 14:18:28,074][flwr][INFO] - Evaluating initial global parameters
[2024-08-13 14:18:30,346][flwr][INFO] - initial parameters (loss, other metrics): 2.3025850929940455, {'accuracy': 0.098, 'precision': 0.009604000000000001, 'recall': 0.098, 'f1': 0.017493624772313296, 'confusion_matrix': array([[ 980,    0,    0,    0,    0,    0,    0,    0,    0,    0],
       [1135,    0,    0,    0,    0,    0,    0,    0,    0,    0],
       [1032,    0,    0,    0,    0,    0,    0,    0,    0,    0],
       [1010,    0,    0,    0,    0,    0,    0,    0,    0,    0],
       [ 982,    0,    0,    0,    0,    0,    0,    0,    0,    0],
       [ 892,    0,    0,    0,    0,    0,    0,    0,    0,    0],
       [ 958,    0,    0,    0,    0,    0,    0,    0,    0,    0],
       [1028,    0,    0,    0,    0,    0,    0,    0,    0,    0],
       [ 974,    0,    0,    0,    0,    0,    0,    0,    0,    0],
       [1009,    0,    0,    0,    0,    0,    0,    0,    0,    0]],
      dtype=int64)}
[2024-08-13 14:18:30,347][flwr][INFO] - 
[2024-08-13 14:18:30,347][flwr][INFO] - [ROUND 1]
[2024-08-13 14:18:30,348][flwr][INFO] - configure_fit: strategy sampled 10 clients (out of 100)
[2024-08-13 14:18:33,894][flwr][INFO] - aggregate_fit: received 10 results and 0 failures
[2024-08-13 14:18:33,896][flwr][WARNING] - No fit_metrics_aggregation_fn provided
[2024-08-13 14:18:36,072][flwr][INFO] - fit progress: (1, 0.9889317677647202, {'accuracy': 0.6981, 'precision': 0.6967724907200971, 'recall': 0.6981, 'f1': 0.6688721726318139, 'confusion_matrix': array([[ 961,    0,    2,   13,    0,    0,    2,    1,    1,    0],
       [   0, 1088,   16,   19,    0,    0,    3,    0,    9,    0],
       [ 100,   35,  678,  165,   11,    0,   25,    9,    7,    2],
       [  27,   10,    8,  941,    0,    0,    1,    6,    8,    9],
       [  42,   27,    6,   16,  623,    0,   29,    2,   14,  223],
       [ 277,   82,    8,  412,    8,    0,    7,   18,   26,   54],
       [ 197,   23,   10,   24,    7,    0,  696,    0,    1,    0],
       [  39,   62,   31,   20,    3,    0,    0,  813,   12,   48],
       [  86,   38,   12,  408,    1,    0,    5,    8,  387,   29],
       [  74,   24,    8,   44,   26,    0,    1,   28,   10,  794]],
      dtype=int64)}, 5.724081699998351)
[2024-08-13 14:18:36,072][flwr][INFO] - configure_evaluate: no clients selected, skipping evaluation
[2024-08-13 14:18:36,072][flwr][INFO] - 
[2024-08-13 14:18:36,072][flwr][INFO] - [ROUND 2]
[2024-08-13 14:18:36,073][flwr][INFO] - configure_fit: strategy sampled 10 clients (out of 100)
[2024-08-13 14:18:37,329][flwr][INFO] - aggregate_fit: received 10 results and 0 failures
[2024-08-13 14:18:39,423][flwr][INFO] - fit progress: (2, 0.7071713563506595, {'accuracy': 0.8113, 'precision': 0.8253390127879562, 'recall': 0.8113, 'f1': 0.8077716667742295, 'confusion_matrix': array([[ 916,    0,    7,    0,    0,    7,   27,    1,   22,    0],
       [   0, 1071,    6,    1,    0,    0,    5,    1,   51,    0],
       [  32,   27,  822,   12,   29,    0,   32,   19,   59,    0],
       [  13,   15,   37,  754,    0,   28,   11,   18,  129,    5],
       [   6,   11,    2,    0,  865,    0,   33,    4,   24,   37],
       [  44,   49,   11,   81,   36,  493,   41,   33,   91,   13],
       [  45,   11,   15,    0,   17,   12,  842,    0,   16,    0],
       [   7,   38,   26,    0,   15,    0,    2,  892,   32,   16],
       [  16,   11,   12,   18,   13,    5,   20,   13,  861,    5],
       [  24,   15,    7,    6,  233,    3,    4,   70,   50,  597]],
      dtype=int64)}, 9.076136000003316)
[2024-08-13 14:18:39,424][flwr][INFO] - configure_evaluate: no clients selected, skipping evaluation
[2024-08-13 14:18:39,424][flwr][INFO] - 
[2024-08-13 14:18:39,424][flwr][INFO] - [ROUND 3]
[2024-08-13 14:18:39,424][flwr][INFO] - configure_fit: strategy sampled 10 clients (out of 100)
[2024-08-13 14:18:40,637][flwr][INFO] - aggregate_fit: received 10 results and 0 failures
[2024-08-13 14:18:42,726][flwr][INFO] - fit progress: (3, 0.6811853490144446, {'accuracy': 0.8055, 'precision': 0.8265635657972457, 'recall': 0.8055, 'f1': 0.8026744516189931, 'confusion_matrix': array([[ 910,    0,    6,    6,    0,   29,   24,    1,    1,    3],
       [   0, 1089,   23,    4,    0,    4,    6,    0,    5,    4],
       [  21,   25,  840,   49,   12,    0,   33,   16,   19,   17],
       [   4,   12,   24,  886,    0,   21,   10,   11,    7,   35],
       [   6,   10,    5,    0,  647,    0,   28,    1,    2,  283],
       [  25,   48,   10,  145,   19,  556,   30,   13,    3,   43],
       [  32,   12,   19,    2,   10,   21,  862,    0,    0,    0],
       [   5,   40,   35,    1,    7,    0,    4,  837,    3,   96],
       [  16,   37,   34,  155,    4,   64,   22,    7,  510,  125],
       [  19,   14,   10,   13,   19,    8,    2,    6,    0,  918]],
      dtype=int64)}, 12.3795162000024)
[2024-08-13 14:18:42,727][flwr][INFO] - configure_evaluate: no clients selected, skipping evaluation
[2024-08-13 14:18:42,727][flwr][INFO] - 
[2024-08-13 14:18:42,727][flwr][INFO] - [ROUND 4]
[2024-08-13 14:18:42,728][flwr][INFO] - configure_fit: strategy sampled 10 clients (out of 100)
[2024-08-13 14:18:43,947][flwr][INFO] - aggregate_fit: received 10 results and 0 failures
[2024-08-13 14:18:46,211][flwr][INFO] - fit progress: (4, 0.6359213553098938, {'accuracy': 0.8402, 'precision': 0.8463389027603673, 'recall': 0.8402, 'f1': 0.8382144889505564, 'confusion_matrix': array([[ 916,    0,    6,    2,    0,   15,   22,    1,   18,    0],
       [   0, 1076,    5,    2,    0,    3,    5,    1,   43,    0],
       [  20,   21,  825,   29,   27,    0,   29,   23,   58,    0],
       [   5,   13,   23,  833,    1,   31,    9,   20,   71,    4],
       [   4,   10,    3,    0,  891,    2,   24,    5,   16,   27],
       [  27,   42,    5,   82,   30,  614,   27,   22,   36,    7],
       [  30,   11,   16,    1,   17,   19,  854,    0,   10,    0],
       [   4,   36,   27,    0,   13,    0,    2,  908,   23,   15],
       [   9,   10,   11,   40,   14,   15,   17,   19,  836,    3],
       [  17,   13,   11,    8,  172,   12,    1,   83,   43,  649]],
      dtype=int64)}, 15.863055699999677)
[2024-08-13 14:18:46,212][flwr][INFO] - configure_evaluate: no clients selected, skipping evaluation
[2024-08-13 14:18:46,212][flwr][INFO] - 
[2024-08-13 14:18:46,212][flwr][INFO] - [ROUND 5]
[2024-08-13 14:18:46,212][flwr][INFO] - configure_fit: strategy sampled 10 clients (out of 100)
[2024-08-13 14:18:47,392][flwr][INFO] - aggregate_fit: received 10 results and 0 failures
[2024-08-13 14:18:49,472][flwr][INFO] - fit progress: (5, 0.617135044826538, {'accuracy': 0.8361, 'precision': 0.8473485772868568, 'recall': 0.8361, 'f1': 0.8357342249392489, 'confusion_matrix': array([[ 920,    0,    4,    5,    0,   28,   20,    1,    1,    1],
       [   0, 1089,   17,    4,    0,    7,    5,    0,   11,    2],
       [  20,   22,  838,   42,   15,    0,   30,   16,   30,   19],
       [   4,   10,   19,  882,    1,   30,    9,   12,   10,   33],
       [   4,    9,    3,    0,  710,    0,   24,    1,    4,  227],
       [  19,   40,    7,  100,   21,  628,   26,   12,    9,   30],
       [  26,   12,   16,    2,   11,   25,  866,    0,    0,    0],
       [   4,   40,   29,    2,    9,    0,    4,  841,    6,   93],
       [  14,   21,   23,   94,    3,   40,   21,    7,  670,   81],
       [  17,   13,    8,   10,   19,   14,    1,    8,    2,  917]],
      dtype=int64)}, 19.12474129999464)
[2024-08-13 14:18:49,473][flwr][INFO] - configure_evaluate: no clients selected, skipping evaluation
[2024-08-13 14:18:49,473][flwr][INFO] - 
[2024-08-13 14:18:49,473][flwr][INFO] - [ROUND 6]
[2024-08-13 14:18:49,473][flwr][INFO] - configure_fit: strategy sampled 10 clients (out of 100)
[2024-08-13 14:18:50,763][flwr][INFO] - aggregate_fit: received 10 results and 0 failures
[2024-08-13 14:18:52,943][flwr][INFO] - fit progress: (6, 0.6012855935322826, {'accuracy': 0.8372, 'precision': 0.8496241503816967, 'recall': 0.8372, 'f1': 0.8337665490358539, 'confusion_matrix': array([[ 921,    0,    6,    3,    2,   11,   19,    1,   17,    0],
       [   0, 1073,    6,    3,    1,    1,    5,    1,   45,    0],
       [  17,   18,  832,   26,   31,    0,   26,   23,   59,    0],
       [   5,   10,   24,  847,    1,   27,    9,   20,   64,    3],
       [   2,    9,    4,    0,  927,    2,   12,    3,   13,   10],
       [  21,   37,    5,   85,   39,  606,   26,   21,   46,    6],
       [  22,    8,   18,    2,   25,   17,  854,    0,   12,    0],
       [   4,   35,   28,    1,   19,    0,    0,  912,   19,   10],
       [   7,    8,   10,   30,   16,   14,   16,   16,  855,    2],
       [  17,   13,   11,    8,  272,   11,    0,   89,   43,  545]],
      dtype=int64)}, 22.595480300005875)
[2024-08-13 14:18:52,944][flwr][INFO] - configure_evaluate: no clients selected, skipping evaluation
[2024-08-13 14:18:52,944][flwr][INFO] - 
[2024-08-13 14:18:52,944][flwr][INFO] - [ROUND 7]
[2024-08-13 14:18:52,944][flwr][INFO] - configure_fit: strategy sampled 10 clients (out of 100)
[2024-08-13 14:18:54,106][flwr][INFO] - aggregate_fit: received 10 results and 0 failures
[2024-08-13 14:18:56,178][flwr][INFO] - fit progress: (7, 0.5668263019062939, {'accuracy': 0.8602, 'precision': 0.8625273938882714, 'recall': 0.8602, 'f1': 0.8592949748545314, 'confusion_matrix': array([[ 929,    0,    4,    5,    0,   16,   21,    1,    4,    0],
       [   0, 1090,   12,    4,    0,    5,    5,    0,   19,    0],
       [  19,   21,  842,   34,   18,    0,   28,   20,   38,   12],
       [   5,    9,   19,  878,    1,   33,    9,   16,   19,   21],
       [   2,    9,    4,    0,  812,    0,   25,    2,    8,  120],
       [  20,   38,    5,   87,   24,  635,   30,   15,   15,   23],
       [  22,    9,   16,    2,   10,   20,  878,    1,    0,    0],
       [   4,   38,   28,    1,   12,    0,    4,  872,    8,   61],
       [  12,   18,   17,   54,    8,   21,   19,   11,  770,   44],
       [  16,   14,   10,   10,   28,   13,    2,   16,    4,  896]],
      dtype=int64)}, 25.831105200006277)
[2024-08-13 14:18:56,179][flwr][INFO] - configure_evaluate: no clients selected, skipping evaluation
[2024-08-13 14:18:56,179][flwr][INFO] - 
[2024-08-13 14:18:56,179][flwr][INFO] - [ROUND 8]
[2024-08-13 14:18:56,179][flwr][INFO] - configure_fit: strategy sampled 10 clients (out of 100)
[2024-08-13 14:18:57,372][flwr][INFO] - aggregate_fit: received 10 results and 0 failures
[2024-08-13 14:18:59,484][flwr][INFO] - fit progress: (8, 0.5502490030568673, {'accuracy': 0.8581, 'precision': 0.8650704722668786, 'recall': 0.8581, 'f1': 0.8564236780285505, 'confusion_matrix': array([[ 944,    0,    1,    3,    2,    7,   14,    1,    8,    0],
       [   0, 1076,    7,    4,    1,    2,    5,    1,   39,    0],
       [  18,   14,  843,   23,   34,    1,   23,   25,   50,    1],
       [   5,    4,   22,  861,    1,   34,    8,   25,   46,    4],
       [   2,    8,    4,    0,  933,    2,   10,    2,    8,   13],
       [  22,   29,    7,   59,   41,  650,   22,   23,   33,    6],
       [  24,    8,   18,    2,   26,   18,  852,    0,   10,    0],
       [   4,   30,   26,    1,   19,    0,    0,  920,   13,   15],
       [  10,    8,   12,   28,   18,   20,   13,   18,  844,    3],
       [  19,   10,   11,    9,  197,   10,    0,   67,   28,  658]],
      dtype=int64)}, 29.1377291999961)
[2024-08-13 14:18:59,485][flwr][INFO] - configure_evaluate: no clients selected, skipping evaluation
[2024-08-13 14:18:59,485][flwr][INFO] - 
[2024-08-13 14:18:59,485][flwr][INFO] - [ROUND 9]
[2024-08-13 14:18:59,486][flwr][INFO] - configure_fit: strategy sampled 10 clients (out of 100)
[2024-08-13 14:19:00,656][flwr][INFO] - aggregate_fit: received 10 results and 0 failures
[2024-08-13 14:19:02,874][flwr][INFO] - fit progress: (9, 0.5279496289411659, {'accuracy': 0.8661, 'precision': 0.8689763569938966, 'recall': 0.8661, 'f1': 0.8655630381912399, 'confusion_matrix': array([[ 939,    0,    2,    3,    0,   15,   18,    1,    2,    0],
       [   0, 1093,   10,    4,    0,    5,    5,    0,   18,    0],
       [  17,   17,  847,   31,   16,    1,   28,   24,   38,   13],
       [   5,    5,   17,  875,    1,   45,    8,   17,   14,   23],
       [   1,    9,    3,    0,  795,    1,   26,    2,    7,  138],
       [  20,   31,    1,   56,   21,  681,   30,   11,   17,   24],
       [  18,    9,   13,    2,   10,   20,  885,    1,    0,    0],
       [   4,   34,   26,    2,   11,    0,    4,  879,    6,   62],
       [  13,   18,   14,   51,    7,   32,   20,   11,  760,   48],
       [  15,   10,    8,    9,   26,   13,    1,   16,    4,  907]],
      dtype=int64)}, 32.52724579999631)
[2024-08-13 14:19:02,875][flwr][INFO] - configure_evaluate: no clients selected, skipping evaluation
[2024-08-13 14:19:02,875][flwr][INFO] - 
[2024-08-13 14:19:02,875][flwr][INFO] - [ROUND 10]
[2024-08-13 14:19:02,876][flwr][INFO] - configure_fit: strategy sampled 10 clients (out of 100)
[2024-08-13 14:19:04,102][flwr][INFO] - aggregate_fit: received 10 results and 0 failures
[2024-08-13 14:19:06,245][flwr][INFO] - fit progress: (10, 0.5231856699555208, {'accuracy': 0.8622, 'precision': 0.869667205958484, 'recall': 0.8622, 'f1': 0.8606904660586515, 'confusion_matrix': array([[ 943,    0,    1,    1,    3,    8,   15,    1,    8,    0],
       [   0, 1081,    5,    4,    1,    1,    5,    1,   37,    0],
       [  17,   16,  833,   24,   36,    0,   25,   28,   53,    0],
       [   5,    7,   20,  853,    1,   41,    9,   26,   46,    2],
       [   1,    9,    4,    0,  935,    2,   11,    2,    6,   12],
       [  21,   30,    2,   46,   40,  668,   25,   16,   37,    7],
       [  19,    8,   13,    2,   22,   16,  870,    0,    8,    0],
       [   4,   30,   26,    1,   19,    0,    0,  921,   12,   15],
       [   6,   10,   10,   18,   22,   18,   15,   15,  856,    4],
       [  16,   12,   10,    9,  204,   11,    1,   62,   22,  662]],
      dtype=int64)}, 35.8984899000061)
[2024-08-13 14:19:06,246][flwr][INFO] - configure_evaluate: no clients selected, skipping evaluation
[2024-08-13 14:19:06,246][flwr][INFO] - 
[2024-08-13 14:19:06,246][flwr][INFO] - [SUMMARY]
[2024-08-13 14:19:06,246][flwr][INFO] - Run finished 10 round(s) in 35.90s
[2024-08-13 14:19:06,254][flwr][INFO] - 	History (loss, centralized):
[2024-08-13 14:19:06,255][flwr][INFO] - 		round 0: 2.3025850929940455
[2024-08-13 14:19:06,255][flwr][INFO] - 		round 1: 0.9889317677647202
[2024-08-13 14:19:06,255][flwr][INFO] - 		round 2: 0.7071713563506595
[2024-08-13 14:19:06,255][flwr][INFO] - 		round 3: 0.6811853490144446
[2024-08-13 14:19:06,255][flwr][INFO] - 		round 4: 0.6359213553098938
[2024-08-13 14:19:06,255][flwr][INFO] - 		round 5: 0.617135044826538
[2024-08-13 14:19:06,255][flwr][INFO] - 		round 6: 0.6012855935322826
[2024-08-13 14:19:06,255][flwr][INFO] - 		round 7: 0.5668263019062939
[2024-08-13 14:19:06,255][flwr][INFO] - 		round 8: 0.5502490030568673
[2024-08-13 14:19:06,255][flwr][INFO] - 		round 9: 0.5279496289411659
[2024-08-13 14:19:06,255][flwr][INFO] - 		round 10: 0.5231856699555208
[2024-08-13 14:19:06,256][flwr][INFO] - 	History (metrics, centralized):
[2024-08-13 14:19:06,256][flwr][INFO] - 	{'accuracy': [(0, 0.098),
[2024-08-13 14:19:06,256][flwr][INFO] - 	              (1, 0.6981),
[2024-08-13 14:19:06,256][flwr][INFO] - 	              (2, 0.8113),
[2024-08-13 14:19:06,256][flwr][INFO] - 	              (3, 0.8055),
[2024-08-13 14:19:06,256][flwr][INFO] - 	              (4, 0.8402),
[2024-08-13 14:19:06,256][flwr][INFO] - 	              (5, 0.8361),
[2024-08-13 14:19:06,256][flwr][INFO] - 	              (6, 0.8372),
[2024-08-13 14:19:06,256][flwr][INFO] - 	              (7, 0.8602),
[2024-08-13 14:19:06,256][flwr][INFO] - 	              (8, 0.8581),
[2024-08-13 14:19:06,256][flwr][INFO] - 	              (9, 0.8661),
[2024-08-13 14:19:06,256][flwr][INFO] - 	              (10, 0.8622)],
[2024-08-13 14:19:06,256][flwr][INFO] - 	 'confusion_matrix': [(0,
[2024-08-13 14:19:06,256][flwr][INFO] - 	                       array([[ 980,    0,    0,    0,    0,    0,    0,    0,    0,    0],
[2024-08-13 14:19:06,257][flwr][INFO] - 	       [1135,    0,    0,    0,    0,    0,    0,    0,    0,    0],
[2024-08-13 14:19:06,257][flwr][INFO] - 	       [1032,    0,    0,    0,    0,    0,    0,    0,    0,    0],
[2024-08-13 14:19:06,257][flwr][INFO] - 	       [1010,    0,    0,    0,    0,    0,    0,    0,    0,    0],
[2024-08-13 14:19:06,257][flwr][INFO] - 	       [ 982,    0,    0,    0,    0,    0,    0,    0,    0,    0],
[2024-08-13 14:19:06,257][flwr][INFO] - 	       [ 892,    0,    0,    0,    0,    0,    0,    0,    0,    0],
[2024-08-13 14:19:06,257][flwr][INFO] - 	       [ 958,    0,    0,    0,    0,    0,    0,    0,    0,    0],
[2024-08-13 14:19:06,257][flwr][INFO] - 	       [1028,    0,    0,    0,    0,    0,    0,    0,    0,    0],
[2024-08-13 14:19:06,257][flwr][INFO] - 	       [ 974,    0,    0,    0,    0,    0,    0,    0,    0,    0],
[2024-08-13 14:19:06,257][flwr][INFO] - 	       [1009,    0,    0,    0,    0,    0,    0,    0,    0,    0]],
[2024-08-13 14:19:06,257][flwr][INFO] - 	      dtype=int64)),
[2024-08-13 14:19:06,257][flwr][INFO] - 	                      (1,
[2024-08-13 14:19:06,257][flwr][INFO] - 	                       array([[ 961,    0,    2,   13,    0,    0,    2,    1,    1,    0],
[2024-08-13 14:19:06,257][flwr][INFO] - 	       [   0, 1088,   16,   19,    0,    0,    3,    0,    9,    0],
[2024-08-13 14:19:06,257][flwr][INFO] - 	       [ 100,   35,  678,  165,   11,    0,   25,    9,    7,    2],
[2024-08-13 14:19:06,257][flwr][INFO] - 	       [  27,   10,    8,  941,    0,    0,    1,    6,    8,    9],
[2024-08-13 14:19:06,257][flwr][INFO] - 	       [  42,   27,    6,   16,  623,    0,   29,    2,   14,  223],
[2024-08-13 14:19:06,257][flwr][INFO] - 	       [ 277,   82,    8,  412,    8,    0,    7,   18,   26,   54],
[2024-08-13 14:19:06,258][flwr][INFO] - 	       [ 197,   23,   10,   24,    7,    0,  696,    0,    1,    0],
[2024-08-13 14:19:06,258][flwr][INFO] - 	       [  39,   62,   31,   20,    3,    0,    0,  813,   12,   48],
[2024-08-13 14:19:06,258][flwr][INFO] - 	       [  86,   38,   12,  408,    1,    0,    5,    8,  387,   29],
[2024-08-13 14:19:06,258][flwr][INFO] - 	       [  74,   24,    8,   44,   26,    0,    1,   28,   10,  794]],
[2024-08-13 14:19:06,258][flwr][INFO] - 	      dtype=int64)),
[2024-08-13 14:19:06,258][flwr][INFO] - 	                      (2,
[2024-08-13 14:19:06,258][flwr][INFO] - 	                       array([[ 916,    0,    7,    0,    0,    7,   27,    1,   22,    0],
[2024-08-13 14:19:06,258][flwr][INFO] - 	       [   0, 1071,    6,    1,    0,    0,    5,    1,   51,    0],
[2024-08-13 14:19:06,258][flwr][INFO] - 	       [  32,   27,  822,   12,   29,    0,   32,   19,   59,    0],
[2024-08-13 14:19:06,258][flwr][INFO] - 	       [  13,   15,   37,  754,    0,   28,   11,   18,  129,    5],
[2024-08-13 14:19:06,258][flwr][INFO] - 	       [   6,   11,    2,    0,  865,    0,   33,    4,   24,   37],
[2024-08-13 14:19:06,258][flwr][INFO] - 	       [  44,   49,   11,   81,   36,  493,   41,   33,   91,   13],
[2024-08-13 14:19:06,258][flwr][INFO] - 	       [  45,   11,   15,    0,   17,   12,  842,    0,   16,    0],
[2024-08-13 14:19:06,258][flwr][INFO] - 	       [   7,   38,   26,    0,   15,    0,    2,  892,   32,   16],
[2024-08-13 14:19:06,258][flwr][INFO] - 	       [  16,   11,   12,   18,   13,    5,   20,   13,  861,    5],
[2024-08-13 14:19:06,258][flwr][INFO] - 	       [  24,   15,    7,    6,  233,    3,    4,   70,   50,  597]],
[2024-08-13 14:19:06,259][flwr][INFO] - 	      dtype=int64)),
[2024-08-13 14:19:06,259][flwr][INFO] - 	                      (3,
[2024-08-13 14:19:06,259][flwr][INFO] - 	                       array([[ 910,    0,    6,    6,    0,   29,   24,    1,    1,    3],
[2024-08-13 14:19:06,259][flwr][INFO] - 	       [   0, 1089,   23,    4,    0,    4,    6,    0,    5,    4],
[2024-08-13 14:19:06,259][flwr][INFO] - 	       [  21,   25,  840,   49,   12,    0,   33,   16,   19,   17],
[2024-08-13 14:19:06,259][flwr][INFO] - 	       [   4,   12,   24,  886,    0,   21,   10,   11,    7,   35],
[2024-08-13 14:19:06,259][flwr][INFO] - 	       [   6,   10,    5,    0,  647,    0,   28,    1,    2,  283],
[2024-08-13 14:19:06,259][flwr][INFO] - 	       [  25,   48,   10,  145,   19,  556,   30,   13,    3,   43],
[2024-08-13 14:19:06,259][flwr][INFO] - 	       [  32,   12,   19,    2,   10,   21,  862,    0,    0,    0],
[2024-08-13 14:19:06,259][flwr][INFO] - 	       [   5,   40,   35,    1,    7,    0,    4,  837,    3,   96],
[2024-08-13 14:19:06,259][flwr][INFO] - 	       [  16,   37,   34,  155,    4,   64,   22,    7,  510,  125],
[2024-08-13 14:19:06,259][flwr][INFO] - 	       [  19,   14,   10,   13,   19,    8,    2,    6,    0,  918]],
[2024-08-13 14:19:06,259][flwr][INFO] - 	      dtype=int64)),
[2024-08-13 14:19:06,259][flwr][INFO] - 	                      (4,
[2024-08-13 14:19:06,259][flwr][INFO] - 	                       array([[ 916,    0,    6,    2,    0,   15,   22,    1,   18,    0],
[2024-08-13 14:19:06,259][flwr][INFO] - 	       [   0, 1076,    5,    2,    0,    3,    5,    1,   43,    0],
[2024-08-13 14:19:06,259][flwr][INFO] - 	       [  20,   21,  825,   29,   27,    0,   29,   23,   58,    0],
[2024-08-13 14:19:06,260][flwr][INFO] - 	       [   5,   13,   23,  833,    1,   31,    9,   20,   71,    4],
[2024-08-13 14:19:06,260][flwr][INFO] - 	       [   4,   10,    3,    0,  891,    2,   24,    5,   16,   27],
[2024-08-13 14:19:06,260][flwr][INFO] - 	       [  27,   42,    5,   82,   30,  614,   27,   22,   36,    7],
[2024-08-13 14:19:06,260][flwr][INFO] - 	       [  30,   11,   16,    1,   17,   19,  854,    0,   10,    0],
[2024-08-13 14:19:06,260][flwr][INFO] - 	       [   4,   36,   27,    0,   13,    0,    2,  908,   23,   15],
[2024-08-13 14:19:06,260][flwr][INFO] - 	       [   9,   10,   11,   40,   14,   15,   17,   19,  836,    3],
[2024-08-13 14:19:06,260][flwr][INFO] - 	       [  17,   13,   11,    8,  172,   12,    1,   83,   43,  649]],
[2024-08-13 14:19:06,260][flwr][INFO] - 	      dtype=int64)),
[2024-08-13 14:19:06,260][flwr][INFO] - 	                      (5,
[2024-08-13 14:19:06,260][flwr][INFO] - 	                       array([[ 920,    0,    4,    5,    0,   28,   20,    1,    1,    1],
[2024-08-13 14:19:06,260][flwr][INFO] - 	       [   0, 1089,   17,    4,    0,    7,    5,    0,   11,    2],
[2024-08-13 14:19:06,260][flwr][INFO] - 	       [  20,   22,  838,   42,   15,    0,   30,   16,   30,   19],
[2024-08-13 14:19:06,260][flwr][INFO] - 	       [   4,   10,   19,  882,    1,   30,    9,   12,   10,   33],
[2024-08-13 14:19:06,260][flwr][INFO] - 	       [   4,    9,    3,    0,  710,    0,   24,    1,    4,  227],
[2024-08-13 14:19:06,260][flwr][INFO] - 	       [  19,   40,    7,  100,   21,  628,   26,   12,    9,   30],
[2024-08-13 14:19:06,260][flwr][INFO] - 	       [  26,   12,   16,    2,   11,   25,  866,    0,    0,    0],
[2024-08-13 14:19:06,260][flwr][INFO] - 	       [   4,   40,   29,    2,    9,    0,    4,  841,    6,   93],
[2024-08-13 14:19:06,261][flwr][INFO] - 	       [  14,   21,   23,   94,    3,   40,   21,    7,  670,   81],
[2024-08-13 14:19:06,261][flwr][INFO] - 	       [  17,   13,    8,   10,   19,   14,    1,    8,    2,  917]],
[2024-08-13 14:19:06,261][flwr][INFO] - 	      dtype=int64)),
[2024-08-13 14:19:06,261][flwr][INFO] - 	                      (6,
[2024-08-13 14:19:06,261][flwr][INFO] - 	                       array([[ 921,    0,    6,    3,    2,   11,   19,    1,   17,    0],
[2024-08-13 14:19:06,261][flwr][INFO] - 	       [   0, 1073,    6,    3,    1,    1,    5,    1,   45,    0],
[2024-08-13 14:19:06,261][flwr][INFO] - 	       [  17,   18,  832,   26,   31,    0,   26,   23,   59,    0],
[2024-08-13 14:19:06,261][flwr][INFO] - 	       [   5,   10,   24,  847,    1,   27,    9,   20,   64,    3],
[2024-08-13 14:19:06,261][flwr][INFO] - 	       [   2,    9,    4,    0,  927,    2,   12,    3,   13,   10],
[2024-08-13 14:19:06,261][flwr][INFO] - 	       [  21,   37,    5,   85,   39,  606,   26,   21,   46,    6],
[2024-08-13 14:19:06,261][flwr][INFO] - 	       [  22,    8,   18,    2,   25,   17,  854,    0,   12,    0],
[2024-08-13 14:19:06,261][flwr][INFO] - 	       [   4,   35,   28,    1,   19,    0,    0,  912,   19,   10],
[2024-08-13 14:19:06,261][flwr][INFO] - 	       [   7,    8,   10,   30,   16,   14,   16,   16,  855,    2],
[2024-08-13 14:19:06,261][flwr][INFO] - 	       [  17,   13,   11,    8,  272,   11,    0,   89,   43,  545]],
[2024-08-13 14:19:06,261][flwr][INFO] - 	      dtype=int64)),
[2024-08-13 14:19:06,261][flwr][INFO] - 	                      (7,
[2024-08-13 14:19:06,261][flwr][INFO] - 	                       array([[ 929,    0,    4,    5,    0,   16,   21,    1,    4,    0],
[2024-08-13 14:19:06,262][flwr][INFO] - 	       [   0, 1090,   12,    4,    0,    5,    5,    0,   19,    0],
[2024-08-13 14:19:06,262][flwr][INFO] - 	       [  19,   21,  842,   34,   18,    0,   28,   20,   38,   12],
[2024-08-13 14:19:06,262][flwr][INFO] - 	       [   5,    9,   19,  878,    1,   33,    9,   16,   19,   21],
[2024-08-13 14:19:06,262][flwr][INFO] - 	       [   2,    9,    4,    0,  812,    0,   25,    2,    8,  120],
[2024-08-13 14:19:06,262][flwr][INFO] - 	       [  20,   38,    5,   87,   24,  635,   30,   15,   15,   23],
[2024-08-13 14:19:06,262][flwr][INFO] - 	       [  22,    9,   16,    2,   10,   20,  878,    1,    0,    0],
[2024-08-13 14:19:06,262][flwr][INFO] - 	       [   4,   38,   28,    1,   12,    0,    4,  872,    8,   61],
[2024-08-13 14:19:06,262][flwr][INFO] - 	       [  12,   18,   17,   54,    8,   21,   19,   11,  770,   44],
[2024-08-13 14:19:06,262][flwr][INFO] - 	       [  16,   14,   10,   10,   28,   13,    2,   16,    4,  896]],
[2024-08-13 14:19:06,262][flwr][INFO] - 	      dtype=int64)),
[2024-08-13 14:19:06,262][flwr][INFO] - 	                      (8,
[2024-08-13 14:19:06,262][flwr][INFO] - 	                       array([[ 944,    0,    1,    3,    2,    7,   14,    1,    8,    0],
[2024-08-13 14:19:06,262][flwr][INFO] - 	       [   0, 1076,    7,    4,    1,    2,    5,    1,   39,    0],
[2024-08-13 14:19:06,262][flwr][INFO] - 	       [  18,   14,  843,   23,   34,    1,   23,   25,   50,    1],
[2024-08-13 14:19:06,262][flwr][INFO] - 	       [   5,    4,   22,  861,    1,   34,    8,   25,   46,    4],
[2024-08-13 14:19:06,262][flwr][INFO] - 	       [   2,    8,    4,    0,  933,    2,   10,    2,    8,   13],
[2024-08-13 14:19:06,262][flwr][INFO] - 	       [  22,   29,    7,   59,   41,  650,   22,   23,   33,    6],
[2024-08-13 14:19:06,262][flwr][INFO] - 	       [  24,    8,   18,    2,   26,   18,  852,    0,   10,    0],
[2024-08-13 14:19:06,263][flwr][INFO] - 	       [   4,   30,   26,    1,   19,    0,    0,  920,   13,   15],
[2024-08-13 14:19:06,263][flwr][INFO] - 	       [  10,    8,   12,   28,   18,   20,   13,   18,  844,    3],
[2024-08-13 14:19:06,263][flwr][INFO] - 	       [  19,   10,   11,    9,  197,   10,    0,   67,   28,  658]],
[2024-08-13 14:19:06,263][flwr][INFO] - 	      dtype=int64)),
[2024-08-13 14:19:06,263][flwr][INFO] - 	                      (9,
[2024-08-13 14:19:06,263][flwr][INFO] - 	                       array([[ 939,    0,    2,    3,    0,   15,   18,    1,    2,    0],
[2024-08-13 14:19:06,263][flwr][INFO] - 	       [   0, 1093,   10,    4,    0,    5,    5,    0,   18,    0],
[2024-08-13 14:19:06,263][flwr][INFO] - 	       [  17,   17,  847,   31,   16,    1,   28,   24,   38,   13],
[2024-08-13 14:19:06,263][flwr][INFO] - 	       [   5,    5,   17,  875,    1,   45,    8,   17,   14,   23],
[2024-08-13 14:19:06,263][flwr][INFO] - 	       [   1,    9,    3,    0,  795,    1,   26,    2,    7,  138],
[2024-08-13 14:19:06,263][flwr][INFO] - 	       [  20,   31,    1,   56,   21,  681,   30,   11,   17,   24],
[2024-08-13 14:19:06,263][flwr][INFO] - 	       [  18,    9,   13,    2,   10,   20,  885,    1,    0,    0],
[2024-08-13 14:19:06,263][flwr][INFO] - 	       [   4,   34,   26,    2,   11,    0,    4,  879,    6,   62],
[2024-08-13 14:19:06,263][flwr][INFO] - 	       [  13,   18,   14,   51,    7,   32,   20,   11,  760,   48],
[2024-08-13 14:19:06,263][flwr][INFO] - 	       [  15,   10,    8,    9,   26,   13,    1,   16,    4,  907]],
[2024-08-13 14:19:06,263][flwr][INFO] - 	      dtype=int64)),
[2024-08-13 14:19:06,263][flwr][INFO] - 	                      (10,
[2024-08-13 14:19:06,264][flwr][INFO] - 	                       array([[ 943,    0,    1,    1,    3,    8,   15,    1,    8,    0],
[2024-08-13 14:19:06,264][flwr][INFO] - 	       [   0, 1081,    5,    4,    1,    1,    5,    1,   37,    0],
[2024-08-13 14:19:06,264][flwr][INFO] - 	       [  17,   16,  833,   24,   36,    0,   25,   28,   53,    0],
[2024-08-13 14:19:06,264][flwr][INFO] - 	       [   5,    7,   20,  853,    1,   41,    9,   26,   46,    2],
[2024-08-13 14:19:06,264][flwr][INFO] - 	       [   1,    9,    4,    0,  935,    2,   11,    2,    6,   12],
[2024-08-13 14:19:06,264][flwr][INFO] - 	       [  21,   30,    2,   46,   40,  668,   25,   16,   37,    7],
[2024-08-13 14:19:06,264][flwr][INFO] - 	       [  19,    8,   13,    2,   22,   16,  870,    0,    8,    0],
[2024-08-13 14:19:06,264][flwr][INFO] - 	       [   4,   30,   26,    1,   19,    0,    0,  921,   12,   15],
[2024-08-13 14:19:06,264][flwr][INFO] - 	       [   6,   10,   10,   18,   22,   18,   15,   15,  856,    4],
[2024-08-13 14:19:06,264][flwr][INFO] - 	       [  16,   12,   10,    9,  204,   11,    1,   62,   22,  662]],
[2024-08-13 14:19:06,264][flwr][INFO] - 	      dtype=int64))],
[2024-08-13 14:19:06,264][flwr][INFO] - 	 'f1': [(0, 0.017493624772313296),
[2024-08-13 14:19:06,264][flwr][INFO] - 	        (1, 0.6688721726318139),
[2024-08-13 14:19:06,264][flwr][INFO] - 	        (2, 0.8077716667742295),
[2024-08-13 14:19:06,264][flwr][INFO] - 	        (3, 0.8026744516189931),
[2024-08-13 14:19:06,264][flwr][INFO] - 	        (4, 0.8382144889505564),
[2024-08-13 14:19:06,264][flwr][INFO] - 	        (5, 0.8357342249392489),
[2024-08-13 14:19:06,265][flwr][INFO] - 	        (6, 0.8337665490358539),
[2024-08-13 14:19:06,265][flwr][INFO] - 	        (7, 0.8592949748545314),
[2024-08-13 14:19:06,265][flwr][INFO] - 	        (8, 0.8564236780285505),
[2024-08-13 14:19:06,265][flwr][INFO] - 	        (9, 0.8655630381912399),
[2024-08-13 14:19:06,265][flwr][INFO] - 	        (10, 0.8606904660586515)],
[2024-08-13 14:19:06,265][flwr][INFO] - 	 'precision': [(0, 0.009604000000000001),
[2024-08-13 14:19:06,265][flwr][INFO] - 	               (1, 0.6967724907200971),
[2024-08-13 14:19:06,265][flwr][INFO] - 	               (2, 0.8253390127879562),
[2024-08-13 14:19:06,265][flwr][INFO] - 	               (3, 0.8265635657972457),
[2024-08-13 14:19:06,265][flwr][INFO] - 	               (4, 0.8463389027603673),
[2024-08-13 14:19:06,265][flwr][INFO] - 	               (5, 0.8473485772868568),
[2024-08-13 14:19:06,265][flwr][INFO] - 	               (6, 0.8496241503816967),
[2024-08-13 14:19:06,265][flwr][INFO] - 	               (7, 0.8625273938882714),
[2024-08-13 14:19:06,265][flwr][INFO] - 	               (8, 0.8650704722668786),
[2024-08-13 14:19:06,265][flwr][INFO] - 	               (9, 0.8689763569938966),
[2024-08-13 14:19:06,265][flwr][INFO] - 	               (10, 0.869667205958484)],
[2024-08-13 14:19:06,266][flwr][INFO] - 	 'recall': [(0, 0.098),
[2024-08-13 14:19:06,266][flwr][INFO] - 	            (1, 0.6981),
[2024-08-13 14:19:06,266][flwr][INFO] - 	            (2, 0.8113),
[2024-08-13 14:19:06,266][flwr][INFO] - 	            (3, 0.8055),
[2024-08-13 14:19:06,266][flwr][INFO] - 	            (4, 0.8402),
[2024-08-13 14:19:06,266][flwr][INFO] - 	            (5, 0.8361),
[2024-08-13 14:19:06,266][flwr][INFO] - 	            (6, 0.8372),
[2024-08-13 14:19:06,266][flwr][INFO] - 	            (7, 0.8602),
[2024-08-13 14:19:06,266][flwr][INFO] - 	            (8, 0.8581),
[2024-08-13 14:19:06,266][flwr][INFO] - 	            (9, 0.8661),
[2024-08-13 14:19:06,266][flwr][INFO] - 	            (10, 0.8622)]}
[2024-08-13 14:19:06,266][flwr][INFO] - 
