[2024-08-13 15:37:57,329][flwr][INFO] - Starting Flower simulation, config: num_rounds=10, no round_timeout
[2024-08-13 15:38:01,389][flwr][INFO] - Flower VCE: Ray initialized with resources: {'CPU': 16.0, 'accelerator_type:G': 1.0, 'object_store_memory': 2498860646.0, 'memory': 4997721294.0, 'node:127.0.0.1': 1.0, 'GPU': 1.0, 'node:__internal_head__': 1.0}
[2024-08-13 15:38:01,389][flwr][INFO] - Optimize your simulation with Flower VCE: https://flower.ai/docs/framework/how-to-run-simulations.html
[2024-08-13 15:38:01,389][flwr][INFO] - Flower VCE: Resources for each Virtual Client: {'num_cpus': 2, 'num_gpus': 0.5}
[2024-08-13 15:38:01,401][flwr][INFO] - Flower VCE: Creating VirtualClientEngineActorPool with 2 actors
[2024-08-13 15:38:01,403][flwr][INFO] - [INIT]
[2024-08-13 15:38:01,403][flwr][INFO] - Requesting initial parameters from one random client
[2024-08-13 15:38:08,950][flwr][INFO] - Received initial parameters from one random client
[2024-08-13 15:38:08,950][flwr][INFO] - Evaluating initial global parameters
[2024-08-13 15:38:11,174][flwr][INFO] - initial parameters (loss, other metrics): 2.3025850929940455, {'accuracy': 0.098, 'precision': 0.009604000000000001, 'recall': 0.098, 'f1': 0.017493624772313296, 'confusion_matrix': array([[ 980,    0,    0,    0,    0,    0,    0,    0,    0,    0],
       [1135,    0,    0,    0,    0,    0,    0,    0,    0,    0],
       [1032,    0,    0,    0,    0,    0,    0,    0,    0,    0],
       [1010,    0,    0,    0,    0,    0,    0,    0,    0,    0],
       [ 982,    0,    0,    0,    0,    0,    0,    0,    0,    0],
       [ 892,    0,    0,    0,    0,    0,    0,    0,    0,    0],
       [ 958,    0,    0,    0,    0,    0,    0,    0,    0,    0],
       [1028,    0,    0,    0,    0,    0,    0,    0,    0,    0],
       [ 974,    0,    0,    0,    0,    0,    0,    0,    0,    0],
       [1009,    0,    0,    0,    0,    0,    0,    0,    0,    0]],
      dtype=int64)}
[2024-08-13 15:38:11,175][flwr][INFO] - 
[2024-08-13 15:38:11,175][flwr][INFO] - [ROUND 1]
[2024-08-13 15:38:11,176][flwr][INFO] - configure_fit: strategy sampled 10 clients (out of 100)
[2024-08-13 15:38:14,646][flwr][INFO] - aggregate_fit: received 10 results and 0 failures
[2024-08-13 15:38:14,649][flwr][WARNING] - No fit_metrics_aggregation_fn provided
[2024-08-13 15:38:16,737][flwr][INFO] - fit progress: (1, 1.725406111308774, {'accuracy': 0.3384, 'precision': 0.34026101417522747, 'recall': 0.3384, 'f1': 0.29819127888860614, 'confusion_matrix': array([[ 804,   76,    1,   57,    0,    0,   10,   28,    0,    4],
       [   0,    3, 1092,   11,    0,    0,    2,    5,    0,   22],
       [  16,    7,   92,  805,    2,    1,    7,   79,    8,   15],
       [   2,    4,    5,  898,   19,    0,    3,   17,   17,   45],
       [  47,    0,   11,    2,  318,   50,    4,  241,    7,  302],
       [ 114,   72,   47,  286,   33,   16,   82,   56,   55,  131],
       [  39,    7,   21,   32,    2,    0,  281,  576,    0,    0],
       [  38,    0,   42,   15,    6,    0,    0,  243,  653,   31],
       [  15,   11,   40,  385,    9,    0,    5,   18,   50,  441],
       [  75,    0,    5,   16,   43,    0,    0,  117,   74,  679]],
      dtype=int64)}, 5.562386300007347)
[2024-08-13 15:38:16,738][flwr][INFO] - configure_evaluate: no clients selected, skipping evaluation
[2024-08-13 15:38:16,738][flwr][INFO] - 
[2024-08-13 15:38:16,738][flwr][INFO] - [ROUND 2]
[2024-08-13 15:38:16,738][flwr][INFO] - configure_fit: strategy sampled 10 clients (out of 100)
[2024-08-13 15:38:17,930][flwr][INFO] - aggregate_fit: received 10 results and 0 failures
[2024-08-13 15:38:20,018][flwr][INFO] - fit progress: (2, 1.4805128141870063, {'accuracy': 0.4373, 'precision': 0.5085507935662957, 'recall': 0.4373, 'f1': 0.4169682878421813, 'confusion_matrix': array([[608, 218,   2,   0,   3,   3, 144,   2,   0,   0],
       [  0, 480, 618,   0,   2,   1,  33,   0,   0,   1],
       [  8,  58, 726,   6,  89,   9,  63,  25,  39,   9],
       [  2, 132,  32,  19, 676,   4,  86,   5,  31,  23],
       [ 10,   4,   4,   0, 409, 481,  45,   9,   9,  11],
       [ 15, 113,  34,   1, 125, 313, 250,   5,  33,   3],
       [ 11,  19,  21,   0,  12,   2, 845,  48,   0,   0],
       [ 37,  11,  53,   0,  37,  29,   1, 281, 561,  18],
       [  9,  87,  37,   0, 237,  41, 109,   1, 235, 218],
       [ 46,   7,   3,   0, 185, 188,  16,  21,  86, 457]], dtype=int64)}, 8.843387900007656)
[2024-08-13 15:38:20,019][flwr][INFO] - configure_evaluate: no clients selected, skipping evaluation
[2024-08-13 15:38:20,019][flwr][INFO] - 
[2024-08-13 15:38:20,019][flwr][INFO] - [ROUND 3]
[2024-08-13 15:38:20,019][flwr][INFO] - configure_fit: strategy sampled 10 clients (out of 100)
[2024-08-13 15:38:21,194][flwr][INFO] - aggregate_fit: received 10 results and 0 failures
[2024-08-13 15:38:23,285][flwr][INFO] - fit progress: (3, 1.3544347859710055, {'accuracy': 0.5013, 'precision': 0.5410210442490778, 'recall': 0.5013, 'f1': 0.4865483477086973, 'confusion_matrix': array([[834,  99,   2,   7,   0,   1,   9,  22,   3,   3],
       [  0, 484, 611,   3,   0,   0,   2,   4,   4,  27],
       [ 23,  18, 407, 424,   5,   3,  13,  67,  37,  35],
       [  6,  18,   8, 795,  17,   9,   8,  22,  41,  86],
       [ 38,   3,   4,   0, 240, 215,   3, 132,   8, 339],
       [103,  84,  32, 137,  22, 241,  52,  45,  83,  93],
       [ 39,  20,  26,   5,   3,   1, 390, 471,   0,   3],
       [ 31,   5,  36,   3,   6,   1,   0, 595, 313,  38],
       [ 29,  25,  23, 135,   7,   4,  12,  12, 252, 475],
       [ 78,   2,   2,   5,  21,   5,   0,  71,  50, 775]], dtype=int64)}, 12.110982099999092)
[2024-08-13 15:38:23,286][flwr][INFO] - configure_evaluate: no clients selected, skipping evaluation
[2024-08-13 15:38:23,286][flwr][INFO] - 
[2024-08-13 15:38:23,286][flwr][INFO] - [ROUND 4]
[2024-08-13 15:38:23,287][flwr][INFO] - configure_fit: strategy sampled 10 clients (out of 100)
[2024-08-13 15:38:24,440][flwr][INFO] - aggregate_fit: received 10 results and 0 failures
[2024-08-13 15:38:26,535][flwr][INFO] - fit progress: (4, 1.2603602596128782, {'accuracy': 0.5629, 'precision': 0.6651418530248341, 'recall': 0.5629, 'f1': 0.5431761596353976, 'confusion_matrix': array([[546, 263,   1,   1,  14,  13, 133,   1,   8,   0],
       [  0, 864, 240,   3,   8,   3,  15,   0,   2,   0],
       [  1,  39, 714, 102,  76,   2,  32,  12,  54,   0],
       [  0,  45,  14, 401, 441,   9,  33,   3,  63,   1],
       [  1,   4,   2,   0, 806, 125,  31,   3,   8,   2],
       [  7,  87,  18,  20, 103, 470, 140,   5,  42,   0],
       [  3,  22,  26,   0,  31,   2, 856,  18,   0,   0],
       [ 34,  29,  32,   0,  75,  14,   1, 330, 512,   1],
       [  1,  59,  15,  14, 222,  52,  47,   1, 562,   1],
       [ 59,   9,   2,   1, 572, 137,   5,  14, 130,  80]], dtype=int64)}, 15.360289900010685)
[2024-08-13 15:38:26,536][flwr][INFO] - configure_evaluate: no clients selected, skipping evaluation
[2024-08-13 15:38:26,536][flwr][INFO] - 
[2024-08-13 15:38:26,536][flwr][INFO] - [ROUND 5]
[2024-08-13 15:38:26,537][flwr][INFO] - configure_fit: strategy sampled 10 clients (out of 100)
[2024-08-13 15:38:27,718][flwr][INFO] - aggregate_fit: received 10 results and 0 failures
[2024-08-13 15:38:29,795][flwr][INFO] - fit progress: (5, 1.2539203684398752, {'accuracy': 0.5668, 'precision': 0.5984684143856462, 'recall': 0.5668, 'f1': 0.5395126381071746, 'confusion_matrix': array([[811,  98,   2,  14,   0,   6,  28,  15,   1,   5],
       [  0, 647, 449,  12,   0,   1,   9,   2,   0,  15],
       [ 17,  11, 420, 460,   6,   4,  18,  39,  16,  41],
       [  4,   7,   6, 848,   5,  11,  12,  17,  10,  90],
       [ 33,   3,   5,   2, 228, 192,  11,  67,   1, 440],
       [ 48,  63,  29, 141,   8, 350,  97,  29,  27, 100],
       [ 24,  15,  32,   4,   3,   1, 673, 204,   0,   2],
       [ 37,  13,  36,  12,   5,   2,   0, 751,  70, 102],
       [ 18,  24,  25, 164,   4,  10,  20,  11,  56, 642],
       [ 64,   3,   2,   8,  10,   7,   1,  29,   1, 884]], dtype=int64)}, 18.620339600005536)
[2024-08-13 15:38:29,796][flwr][INFO] - configure_evaluate: no clients selected, skipping evaluation
[2024-08-13 15:38:29,796][flwr][INFO] - 
[2024-08-13 15:38:29,796][flwr][INFO] - [ROUND 6]
[2024-08-13 15:38:29,796][flwr][INFO] - configure_fit: strategy sampled 10 clients (out of 100)
[2024-08-13 15:38:31,068][flwr][INFO] - aggregate_fit: received 10 results and 0 failures
[2024-08-13 15:38:33,141][flwr][INFO] - fit progress: (6, 1.276050901448843, {'accuracy': 0.543, 'precision': 0.626225608458977, 'recall': 0.543, 'f1': 0.5233680706274794, 'confusion_matrix': array([[598, 279,   1,   1,   4,  15,  58,  14,  10,   0],
       [  0, 576, 530,   2,   4,   2,   9,   1,  11,   0],
       [  4,  24, 785,  52,  55,   4,  18,  28,  62,   0],
       [  0,  35,  27, 348, 430,  12,  25,  11, 122,   0],
       [  9,   3,   3,   0, 659, 241,  12,  29,  25,   1],
       [ 12,  64,  26,  18,  67, 490, 112,  18,  85,   0],
       [ 10,  17,  37,   0,  21,   6, 753, 113,   1,   0],
       [ 39,  13,  40,   0,  28,   6,   1, 427, 474,   0],
       [  6,  21,  33,   7, 120,  41,  33,   3, 710,   0],
       [180,   4,   3,   0, 295, 133,   0,  39, 271,  84]], dtype=int64)}, 21.96619140000257)
[2024-08-13 15:38:33,141][flwr][INFO] - configure_evaluate: no clients selected, skipping evaluation
[2024-08-13 15:38:33,141][flwr][INFO] - 
[2024-08-13 15:38:33,141][flwr][INFO] - [ROUND 7]
[2024-08-13 15:38:33,142][flwr][INFO] - configure_fit: strategy sampled 10 clients (out of 100)
[2024-08-13 15:38:34,298][flwr][INFO] - aggregate_fit: received 10 results and 0 failures
[2024-08-13 15:38:36,374][flwr][INFO] - fit progress: (7, 1.2546427253486967, {'accuracy': 0.5746, 'precision': 0.5820646087621228, 'recall': 0.5746, 'f1': 0.5428127604980545, 'confusion_matrix': array([[626, 264,   1,   8,   1,  12,  43,  19,   0,   6],
       [  0, 885, 204,   9,   1,   2,  13,   1,   0,  20],
       [  6,  30, 347, 518,  11,   6,  18,  46,  12,  38],
       [  3,  19,   3, 818,  15,  19,  19,  18,   7,  89],
       [ 16,   5,   0,   4, 308, 359,  12,  70,   1, 207],
       [ 23,  83,  10,  91,  11, 443, 111,  32,  17,  71],
       [ 12,  23,  14,   3,   5,   1, 670, 228,   0,   2],
       [ 36,  23,  20,  18,   8,   6,   0, 786,  35,  96],
       [  9,  49,   9, 140,   5,  18,  23,  14,  23, 684],
       [ 71,   4,   2,   7,  16,  20,   1,  47,   1, 840]], dtype=int64)}, 25.199187200007145)
[2024-08-13 15:38:36,374][flwr][INFO] - configure_evaluate: no clients selected, skipping evaluation
[2024-08-13 15:38:36,374][flwr][INFO] - 
[2024-08-13 15:38:36,375][flwr][INFO] - [ROUND 8]
[2024-08-13 15:38:36,375][flwr][INFO] - configure_fit: strategy sampled 10 clients (out of 100)
[2024-08-13 15:38:37,510][flwr][INFO] - aggregate_fit: received 10 results and 0 failures
[2024-08-13 15:38:39,738][flwr][INFO] - fit progress: (8, 1.265780579684379, {'accuracy': 0.5287, 'precision': 0.5933260726166707, 'recall': 0.5287, 'f1': 0.5160382404971775, 'confusion_matrix': array([[601, 272,   1,   1,   5,  13,  53,  20,  14,   0],
       [  0, 272, 837,   2,   2,   2,   7,   1,  12,   0],
       [  5,  14, 801,  58,  46,   4,  16,  28,  60,   0],
       [  2,  24,  35, 398, 377,  11,  23,  15, 124,   1],
       [ 14,   2,   5,   0, 675, 212,  11,  35,  26,   2],
       [ 14,  53,  28,  21,  58, 463, 125,  20, 110,   0],
       [  9,  15,  42,   0,  17,   5, 714, 155,   1,   0],
       [ 46,   4,  49,   1,  26,   2,   1, 354, 544,   1],
       [  8,  11,  41,   8,  95,  28,  30,   4, 743,   6],
       [219,   4,   3,   0, 177,  69,   0,  37, 234, 266]], dtype=int64)}, 28.56381649999821)
[2024-08-13 15:38:39,739][flwr][INFO] - configure_evaluate: no clients selected, skipping evaluation
[2024-08-13 15:38:39,739][flwr][INFO] - 
[2024-08-13 15:38:39,739][flwr][INFO] - [ROUND 9]
[2024-08-13 15:38:39,740][flwr][INFO] - configure_fit: strategy sampled 10 clients (out of 100)
[2024-08-13 15:38:40,931][flwr][INFO] - aggregate_fit: received 10 results and 0 failures
[2024-08-13 15:38:43,005][flwr][INFO] - fit progress: (9, 1.2523963229875854, {'accuracy': 0.5775, 'precision': 0.5751631619225765, 'recall': 0.5775, 'f1': 0.546012415156907, 'confusion_matrix': array([[620, 259,   0,   7,   2,  12,  43,  28,   0,   9],
       [  0, 871, 215,   8,   1,   2,  10,   2,   0,  26],
       [  3,  27, 397, 462,  11,   6,  19,  48,   9,  50],
       [  3,  17,   4, 796,  23,  22,  16,  21,   0, 108],
       [  8,   4,   0,   4, 322, 336,   8,  64,   0, 236],
       [ 12,  66,   9,  74,   9, 486, 109,  33,   8,  86],
       [ 11,  20,  12,   1,   4,   3, 599, 306,   0,   2],
       [ 26,  19,  21,  15,  10,   7,   0, 795,  15, 120],
       [  4,  38,  11, 105,   5,  21,  24,  14,   2, 750],
       [ 39,   5,   1,   7,  13,  20,   1,  36,   0, 887]], dtype=int64)}, 31.830977500008885)
[2024-08-13 15:38:43,006][flwr][INFO] - configure_evaluate: no clients selected, skipping evaluation
[2024-08-13 15:38:43,006][flwr][INFO] - 
[2024-08-13 15:38:43,006][flwr][INFO] - [ROUND 10]
[2024-08-13 15:38:43,007][flwr][INFO] - configure_fit: strategy sampled 10 clients (out of 100)
[2024-08-13 15:38:44,273][flwr][INFO] - aggregate_fit: received 10 results and 0 failures
[2024-08-13 15:38:46,349][flwr][INFO] - fit progress: (10, 1.2354768861761183, {'accuracy': 0.5581, 'precision': 0.6207473474748423, 'recall': 0.5581, 'f1': 0.5393169339008851, 'confusion_matrix': array([[699, 195,   1,   1,   5,   8,  51,  14,   6,   0],
       [  0, 464, 644,   2,   3,   0,  15,   1,   6,   0],
       [ 15,  15, 814,  56,  39,   2,  17,  23,  51,   0],
       [  8,  22,  36, 467, 306,   6,  39,  13, 112,   1],
       [ 26,   3,   4,   0, 745, 125,  19,  31,  26,   3],
       [ 36,  59,  23,  21,  47, 394, 196,  18,  97,   1],
       [ 16,  14,  36,   0,  14,   2, 741, 134,   1,   0],
       [ 68,   8,  51,   1,  24,   1,   1, 354, 519,   1],
       [ 19,  18,  42,  13,  74,  20,  49,   4, 730,   5],
       [377,   4,   5,   1, 161,  41,   2,  38, 207, 173]], dtype=int64)}, 35.17467000000761)
[2024-08-13 15:38:46,350][flwr][INFO] - configure_evaluate: no clients selected, skipping evaluation
[2024-08-13 15:38:46,350][flwr][INFO] - 
[2024-08-13 15:38:46,350][flwr][INFO] - [SUMMARY]
[2024-08-13 15:38:46,350][flwr][INFO] - Run finished 10 round(s) in 35.18s
[2024-08-13 15:38:46,359][flwr][INFO] - 	History (loss, centralized):
[2024-08-13 15:38:46,359][flwr][INFO] - 		round 0: 2.3025850929940455
[2024-08-13 15:38:46,359][flwr][INFO] - 		round 1: 1.725406111308774
[2024-08-13 15:38:46,359][flwr][INFO] - 		round 2: 1.4805128141870063
[2024-08-13 15:38:46,359][flwr][INFO] - 		round 3: 1.3544347859710055
[2024-08-13 15:38:46,359][flwr][INFO] - 		round 4: 1.2603602596128782
[2024-08-13 15:38:46,359][flwr][INFO] - 		round 5: 1.2539203684398752
[2024-08-13 15:38:46,359][flwr][INFO] - 		round 6: 1.276050901448843
[2024-08-13 15:38:46,359][flwr][INFO] - 		round 7: 1.2546427253486967
[2024-08-13 15:38:46,359][flwr][INFO] - 		round 8: 1.265780579684379
[2024-08-13 15:38:46,359][flwr][INFO] - 		round 9: 1.2523963229875854
[2024-08-13 15:38:46,359][flwr][INFO] - 		round 10: 1.2354768861761183
[2024-08-13 15:38:46,359][flwr][INFO] - 	History (metrics, centralized):
[2024-08-13 15:38:46,360][flwr][INFO] - 	{'accuracy': [(0, 0.098),
[2024-08-13 15:38:46,360][flwr][INFO] - 	              (1, 0.3384),
[2024-08-13 15:38:46,360][flwr][INFO] - 	              (2, 0.4373),
[2024-08-13 15:38:46,360][flwr][INFO] - 	              (3, 0.5013),
[2024-08-13 15:38:46,360][flwr][INFO] - 	              (4, 0.5629),
[2024-08-13 15:38:46,360][flwr][INFO] - 	              (5, 0.5668),
[2024-08-13 15:38:46,360][flwr][INFO] - 	              (6, 0.543),
[2024-08-13 15:38:46,360][flwr][INFO] - 	              (7, 0.5746),
[2024-08-13 15:38:46,360][flwr][INFO] - 	              (8, 0.5287),
[2024-08-13 15:38:46,360][flwr][INFO] - 	              (9, 0.5775),
[2024-08-13 15:38:46,360][flwr][INFO] - 	              (10, 0.5581)],
[2024-08-13 15:38:46,360][flwr][INFO] - 	 'confusion_matrix': [(0,
[2024-08-13 15:38:46,360][flwr][INFO] - 	                       array([[ 980,    0,    0,    0,    0,    0,    0,    0,    0,    0],
[2024-08-13 15:38:46,360][flwr][INFO] - 	       [1135,    0,    0,    0,    0,    0,    0,    0,    0,    0],
[2024-08-13 15:38:46,360][flwr][INFO] - 	       [1032,    0,    0,    0,    0,    0,    0,    0,    0,    0],
[2024-08-13 15:38:46,360][flwr][INFO] - 	       [1010,    0,    0,    0,    0,    0,    0,    0,    0,    0],
[2024-08-13 15:38:46,361][flwr][INFO] - 	       [ 982,    0,    0,    0,    0,    0,    0,    0,    0,    0],
[2024-08-13 15:38:46,361][flwr][INFO] - 	       [ 892,    0,    0,    0,    0,    0,    0,    0,    0,    0],
[2024-08-13 15:38:46,361][flwr][INFO] - 	       [ 958,    0,    0,    0,    0,    0,    0,    0,    0,    0],
[2024-08-13 15:38:46,361][flwr][INFO] - 	       [1028,    0,    0,    0,    0,    0,    0,    0,    0,    0],
[2024-08-13 15:38:46,361][flwr][INFO] - 	       [ 974,    0,    0,    0,    0,    0,    0,    0,    0,    0],
[2024-08-13 15:38:46,361][flwr][INFO] - 	       [1009,    0,    0,    0,    0,    0,    0,    0,    0,    0]],
[2024-08-13 15:38:46,361][flwr][INFO] - 	      dtype=int64)),
[2024-08-13 15:38:46,361][flwr][INFO] - 	                      (1,
[2024-08-13 15:38:46,361][flwr][INFO] - 	                       array([[ 804,   76,    1,   57,    0,    0,   10,   28,    0,    4],
[2024-08-13 15:38:46,361][flwr][INFO] - 	       [   0,    3, 1092,   11,    0,    0,    2,    5,    0,   22],
[2024-08-13 15:38:46,361][flwr][INFO] - 	       [  16,    7,   92,  805,    2,    1,    7,   79,    8,   15],
[2024-08-13 15:38:46,361][flwr][INFO] - 	       [   2,    4,    5,  898,   19,    0,    3,   17,   17,   45],
[2024-08-13 15:38:46,361][flwr][INFO] - 	       [  47,    0,   11,    2,  318,   50,    4,  241,    7,  302],
[2024-08-13 15:38:46,361][flwr][INFO] - 	       [ 114,   72,   47,  286,   33,   16,   82,   56,   55,  131],
[2024-08-13 15:38:46,361][flwr][INFO] - 	       [  39,    7,   21,   32,    2,    0,  281,  576,    0,    0],
[2024-08-13 15:38:46,361][flwr][INFO] - 	       [  38,    0,   42,   15,    6,    0,    0,  243,  653,   31],
[2024-08-13 15:38:46,361][flwr][INFO] - 	       [  15,   11,   40,  385,    9,    0,    5,   18,   50,  441],
[2024-08-13 15:38:46,362][flwr][INFO] - 	       [  75,    0,    5,   16,   43,    0,    0,  117,   74,  679]],
[2024-08-13 15:38:46,362][flwr][INFO] - 	      dtype=int64)),
[2024-08-13 15:38:46,362][flwr][INFO] - 	                      (2,
[2024-08-13 15:38:46,362][flwr][INFO] - 	                       array([[608, 218,   2,   0,   3,   3, 144,   2,   0,   0],
[2024-08-13 15:38:46,362][flwr][INFO] - 	       [  0, 480, 618,   0,   2,   1,  33,   0,   0,   1],
[2024-08-13 15:38:46,362][flwr][INFO] - 	       [  8,  58, 726,   6,  89,   9,  63,  25,  39,   9],
[2024-08-13 15:38:46,362][flwr][INFO] - 	       [  2, 132,  32,  19, 676,   4,  86,   5,  31,  23],
[2024-08-13 15:38:46,362][flwr][INFO] - 	       [ 10,   4,   4,   0, 409, 481,  45,   9,   9,  11],
[2024-08-13 15:38:46,362][flwr][INFO] - 	       [ 15, 113,  34,   1, 125, 313, 250,   5,  33,   3],
[2024-08-13 15:38:46,362][flwr][INFO] - 	       [ 11,  19,  21,   0,  12,   2, 845,  48,   0,   0],
[2024-08-13 15:38:46,362][flwr][INFO] - 	       [ 37,  11,  53,   0,  37,  29,   1, 281, 561,  18],
[2024-08-13 15:38:46,362][flwr][INFO] - 	       [  9,  87,  37,   0, 237,  41, 109,   1, 235, 218],
[2024-08-13 15:38:46,362][flwr][INFO] - 	       [ 46,   7,   3,   0, 185, 188,  16,  21,  86, 457]], dtype=int64)),
[2024-08-13 15:38:46,362][flwr][INFO] - 	                      (3,
[2024-08-13 15:38:46,362][flwr][INFO] - 	                       array([[834,  99,   2,   7,   0,   1,   9,  22,   3,   3],
[2024-08-13 15:38:46,362][flwr][INFO] - 	       [  0, 484, 611,   3,   0,   0,   2,   4,   4,  27],
[2024-08-13 15:38:46,363][flwr][INFO] - 	       [ 23,  18, 407, 424,   5,   3,  13,  67,  37,  35],
[2024-08-13 15:38:46,363][flwr][INFO] - 	       [  6,  18,   8, 795,  17,   9,   8,  22,  41,  86],
[2024-08-13 15:38:46,363][flwr][INFO] - 	       [ 38,   3,   4,   0, 240, 215,   3, 132,   8, 339],
[2024-08-13 15:38:46,363][flwr][INFO] - 	       [103,  84,  32, 137,  22, 241,  52,  45,  83,  93],
[2024-08-13 15:38:46,363][flwr][INFO] - 	       [ 39,  20,  26,   5,   3,   1, 390, 471,   0,   3],
[2024-08-13 15:38:46,363][flwr][INFO] - 	       [ 31,   5,  36,   3,   6,   1,   0, 595, 313,  38],
[2024-08-13 15:38:46,363][flwr][INFO] - 	       [ 29,  25,  23, 135,   7,   4,  12,  12, 252, 475],
[2024-08-13 15:38:46,363][flwr][INFO] - 	       [ 78,   2,   2,   5,  21,   5,   0,  71,  50, 775]], dtype=int64)),
[2024-08-13 15:38:46,363][flwr][INFO] - 	                      (4,
[2024-08-13 15:38:46,363][flwr][INFO] - 	                       array([[546, 263,   1,   1,  14,  13, 133,   1,   8,   0],
[2024-08-13 15:38:46,363][flwr][INFO] - 	       [  0, 864, 240,   3,   8,   3,  15,   0,   2,   0],
[2024-08-13 15:38:46,363][flwr][INFO] - 	       [  1,  39, 714, 102,  76,   2,  32,  12,  54,   0],
[2024-08-13 15:38:46,363][flwr][INFO] - 	       [  0,  45,  14, 401, 441,   9,  33,   3,  63,   1],
[2024-08-13 15:38:46,363][flwr][INFO] - 	       [  1,   4,   2,   0, 806, 125,  31,   3,   8,   2],
[2024-08-13 15:38:46,363][flwr][INFO] - 	       [  7,  87,  18,  20, 103, 470, 140,   5,  42,   0],
[2024-08-13 15:38:46,363][flwr][INFO] - 	       [  3,  22,  26,   0,  31,   2, 856,  18,   0,   0],
[2024-08-13 15:38:46,363][flwr][INFO] - 	       [ 34,  29,  32,   0,  75,  14,   1, 330, 512,   1],
[2024-08-13 15:38:46,364][flwr][INFO] - 	       [  1,  59,  15,  14, 222,  52,  47,   1, 562,   1],
[2024-08-13 15:38:46,364][flwr][INFO] - 	       [ 59,   9,   2,   1, 572, 137,   5,  14, 130,  80]], dtype=int64)),
[2024-08-13 15:38:46,364][flwr][INFO] - 	                      (5,
[2024-08-13 15:38:46,364][flwr][INFO] - 	                       array([[811,  98,   2,  14,   0,   6,  28,  15,   1,   5],
[2024-08-13 15:38:46,364][flwr][INFO] - 	       [  0, 647, 449,  12,   0,   1,   9,   2,   0,  15],
[2024-08-13 15:38:46,364][flwr][INFO] - 	       [ 17,  11, 420, 460,   6,   4,  18,  39,  16,  41],
[2024-08-13 15:38:46,364][flwr][INFO] - 	       [  4,   7,   6, 848,   5,  11,  12,  17,  10,  90],
[2024-08-13 15:38:46,364][flwr][INFO] - 	       [ 33,   3,   5,   2, 228, 192,  11,  67,   1, 440],
[2024-08-13 15:38:46,364][flwr][INFO] - 	       [ 48,  63,  29, 141,   8, 350,  97,  29,  27, 100],
[2024-08-13 15:38:46,364][flwr][INFO] - 	       [ 24,  15,  32,   4,   3,   1, 673, 204,   0,   2],
[2024-08-13 15:38:46,364][flwr][INFO] - 	       [ 37,  13,  36,  12,   5,   2,   0, 751,  70, 102],
[2024-08-13 15:38:46,364][flwr][INFO] - 	       [ 18,  24,  25, 164,   4,  10,  20,  11,  56, 642],
[2024-08-13 15:38:46,364][flwr][INFO] - 	       [ 64,   3,   2,   8,  10,   7,   1,  29,   1, 884]], dtype=int64)),
[2024-08-13 15:38:46,364][flwr][INFO] - 	                      (6,
[2024-08-13 15:38:46,364][flwr][INFO] - 	                       array([[598, 279,   1,   1,   4,  15,  58,  14,  10,   0],
[2024-08-13 15:38:46,364][flwr][INFO] - 	       [  0, 576, 530,   2,   4,   2,   9,   1,  11,   0],
[2024-08-13 15:38:46,364][flwr][INFO] - 	       [  4,  24, 785,  52,  55,   4,  18,  28,  62,   0],
[2024-08-13 15:38:46,365][flwr][INFO] - 	       [  0,  35,  27, 348, 430,  12,  25,  11, 122,   0],
[2024-08-13 15:38:46,365][flwr][INFO] - 	       [  9,   3,   3,   0, 659, 241,  12,  29,  25,   1],
[2024-08-13 15:38:46,365][flwr][INFO] - 	       [ 12,  64,  26,  18,  67, 490, 112,  18,  85,   0],
[2024-08-13 15:38:46,365][flwr][INFO] - 	       [ 10,  17,  37,   0,  21,   6, 753, 113,   1,   0],
[2024-08-13 15:38:46,365][flwr][INFO] - 	       [ 39,  13,  40,   0,  28,   6,   1, 427, 474,   0],
[2024-08-13 15:38:46,365][flwr][INFO] - 	       [  6,  21,  33,   7, 120,  41,  33,   3, 710,   0],
[2024-08-13 15:38:46,365][flwr][INFO] - 	       [180,   4,   3,   0, 295, 133,   0,  39, 271,  84]], dtype=int64)),
[2024-08-13 15:38:46,365][flwr][INFO] - 	                      (7,
[2024-08-13 15:38:46,365][flwr][INFO] - 	                       array([[626, 264,   1,   8,   1,  12,  43,  19,   0,   6],
[2024-08-13 15:38:46,365][flwr][INFO] - 	       [  0, 885, 204,   9,   1,   2,  13,   1,   0,  20],
[2024-08-13 15:38:46,365][flwr][INFO] - 	       [  6,  30, 347, 518,  11,   6,  18,  46,  12,  38],
[2024-08-13 15:38:46,365][flwr][INFO] - 	       [  3,  19,   3, 818,  15,  19,  19,  18,   7,  89],
[2024-08-13 15:38:46,365][flwr][INFO] - 	       [ 16,   5,   0,   4, 308, 359,  12,  70,   1, 207],
[2024-08-13 15:38:46,365][flwr][INFO] - 	       [ 23,  83,  10,  91,  11, 443, 111,  32,  17,  71],
[2024-08-13 15:38:46,365][flwr][INFO] - 	       [ 12,  23,  14,   3,   5,   1, 670, 228,   0,   2],
[2024-08-13 15:38:46,365][flwr][INFO] - 	       [ 36,  23,  20,  18,   8,   6,   0, 786,  35,  96],
[2024-08-13 15:38:46,365][flwr][INFO] - 	       [  9,  49,   9, 140,   5,  18,  23,  14,  23, 684],
[2024-08-13 15:38:46,366][flwr][INFO] - 	       [ 71,   4,   2,   7,  16,  20,   1,  47,   1, 840]], dtype=int64)),
[2024-08-13 15:38:46,366][flwr][INFO] - 	                      (8,
[2024-08-13 15:38:46,366][flwr][INFO] - 	                       array([[601, 272,   1,   1,   5,  13,  53,  20,  14,   0],
[2024-08-13 15:38:46,366][flwr][INFO] - 	       [  0, 272, 837,   2,   2,   2,   7,   1,  12,   0],
[2024-08-13 15:38:46,366][flwr][INFO] - 	       [  5,  14, 801,  58,  46,   4,  16,  28,  60,   0],
[2024-08-13 15:38:46,366][flwr][INFO] - 	       [  2,  24,  35, 398, 377,  11,  23,  15, 124,   1],
[2024-08-13 15:38:46,366][flwr][INFO] - 	       [ 14,   2,   5,   0, 675, 212,  11,  35,  26,   2],
[2024-08-13 15:38:46,366][flwr][INFO] - 	       [ 14,  53,  28,  21,  58, 463, 125,  20, 110,   0],
[2024-08-13 15:38:46,366][flwr][INFO] - 	       [  9,  15,  42,   0,  17,   5, 714, 155,   1,   0],
[2024-08-13 15:38:46,366][flwr][INFO] - 	       [ 46,   4,  49,   1,  26,   2,   1, 354, 544,   1],
[2024-08-13 15:38:46,366][flwr][INFO] - 	       [  8,  11,  41,   8,  95,  28,  30,   4, 743,   6],
[2024-08-13 15:38:46,366][flwr][INFO] - 	       [219,   4,   3,   0, 177,  69,   0,  37, 234, 266]], dtype=int64)),
[2024-08-13 15:38:46,366][flwr][INFO] - 	                      (9,
[2024-08-13 15:38:46,366][flwr][INFO] - 	                       array([[620, 259,   0,   7,   2,  12,  43,  28,   0,   9],
[2024-08-13 15:38:46,366][flwr][INFO] - 	       [  0, 871, 215,   8,   1,   2,  10,   2,   0,  26],
[2024-08-13 15:38:46,366][flwr][INFO] - 	       [  3,  27, 397, 462,  11,   6,  19,  48,   9,  50],
[2024-08-13 15:38:46,366][flwr][INFO] - 	       [  3,  17,   4, 796,  23,  22,  16,  21,   0, 108],
[2024-08-13 15:38:46,367][flwr][INFO] - 	       [  8,   4,   0,   4, 322, 336,   8,  64,   0, 236],
[2024-08-13 15:38:46,367][flwr][INFO] - 	       [ 12,  66,   9,  74,   9, 486, 109,  33,   8,  86],
[2024-08-13 15:38:46,367][flwr][INFO] - 	       [ 11,  20,  12,   1,   4,   3, 599, 306,   0,   2],
[2024-08-13 15:38:46,367][flwr][INFO] - 	       [ 26,  19,  21,  15,  10,   7,   0, 795,  15, 120],
[2024-08-13 15:38:46,367][flwr][INFO] - 	       [  4,  38,  11, 105,   5,  21,  24,  14,   2, 750],
[2024-08-13 15:38:46,367][flwr][INFO] - 	       [ 39,   5,   1,   7,  13,  20,   1,  36,   0, 887]], dtype=int64)),
[2024-08-13 15:38:46,367][flwr][INFO] - 	                      (10,
[2024-08-13 15:38:46,367][flwr][INFO] - 	                       array([[699, 195,   1,   1,   5,   8,  51,  14,   6,   0],
[2024-08-13 15:38:46,367][flwr][INFO] - 	       [  0, 464, 644,   2,   3,   0,  15,   1,   6,   0],
[2024-08-13 15:38:46,367][flwr][INFO] - 	       [ 15,  15, 814,  56,  39,   2,  17,  23,  51,   0],
[2024-08-13 15:38:46,367][flwr][INFO] - 	       [  8,  22,  36, 467, 306,   6,  39,  13, 112,   1],
[2024-08-13 15:38:46,367][flwr][INFO] - 	       [ 26,   3,   4,   0, 745, 125,  19,  31,  26,   3],
[2024-08-13 15:38:46,367][flwr][INFO] - 	       [ 36,  59,  23,  21,  47, 394, 196,  18,  97,   1],
[2024-08-13 15:38:46,367][flwr][INFO] - 	       [ 16,  14,  36,   0,  14,   2, 741, 134,   1,   0],
[2024-08-13 15:38:46,367][flwr][INFO] - 	       [ 68,   8,  51,   1,  24,   1,   1, 354, 519,   1],
[2024-08-13 15:38:46,367][flwr][INFO] - 	       [ 19,  18,  42,  13,  74,  20,  49,   4, 730,   5],
[2024-08-13 15:38:46,368][flwr][INFO] - 	       [377,   4,   5,   1, 161,  41,   2,  38, 207, 173]], dtype=int64))],
[2024-08-13 15:38:46,368][flwr][INFO] - 	 'f1': [(0, 0.017493624772313296),
[2024-08-13 15:38:46,368][flwr][INFO] - 	        (1, 0.29819127888860614),
[2024-08-13 15:38:46,368][flwr][INFO] - 	        (2, 0.4169682878421813),
[2024-08-13 15:38:46,368][flwr][INFO] - 	        (3, 0.4865483477086973),
[2024-08-13 15:38:46,368][flwr][INFO] - 	        (4, 0.5431761596353976),
[2024-08-13 15:38:46,368][flwr][INFO] - 	        (5, 0.5395126381071746),
[2024-08-13 15:38:46,368][flwr][INFO] - 	        (6, 0.5233680706274794),
[2024-08-13 15:38:46,368][flwr][INFO] - 	        (7, 0.5428127604980545),
[2024-08-13 15:38:46,368][flwr][INFO] - 	        (8, 0.5160382404971775),
[2024-08-13 15:38:46,368][flwr][INFO] - 	        (9, 0.546012415156907),
[2024-08-13 15:38:46,368][flwr][INFO] - 	        (10, 0.5393169339008851)],
[2024-08-13 15:38:46,368][flwr][INFO] - 	 'precision': [(0, 0.009604000000000001),
[2024-08-13 15:38:46,368][flwr][INFO] - 	               (1, 0.34026101417522747),
[2024-08-13 15:38:46,368][flwr][INFO] - 	               (2, 0.5085507935662957),
[2024-08-13 15:38:46,368][flwr][INFO] - 	               (3, 0.5410210442490778),
[2024-08-13 15:38:46,368][flwr][INFO] - 	               (4, 0.6651418530248341),
[2024-08-13 15:38:46,369][flwr][INFO] - 	               (5, 0.5984684143856462),
[2024-08-13 15:38:46,369][flwr][INFO] - 	               (6, 0.626225608458977),
[2024-08-13 15:38:46,369][flwr][INFO] - 	               (7, 0.5820646087621228),
[2024-08-13 15:38:46,369][flwr][INFO] - 	               (8, 0.5933260726166707),
[2024-08-13 15:38:46,369][flwr][INFO] - 	               (9, 0.5751631619225765),
[2024-08-13 15:38:46,369][flwr][INFO] - 	               (10, 0.6207473474748423)],
[2024-08-13 15:38:46,369][flwr][INFO] - 	 'recall': [(0, 0.098),
[2024-08-13 15:38:46,369][flwr][INFO] - 	            (1, 0.3384),
[2024-08-13 15:38:46,369][flwr][INFO] - 	            (2, 0.4373),
[2024-08-13 15:38:46,369][flwr][INFO] - 	            (3, 0.5013),
[2024-08-13 15:38:46,369][flwr][INFO] - 	            (4, 0.5629),
[2024-08-13 15:38:46,369][flwr][INFO] - 	            (5, 0.5668),
[2024-08-13 15:38:46,369][flwr][INFO] - 	            (6, 0.543),
[2024-08-13 15:38:46,369][flwr][INFO] - 	            (7, 0.5746),
[2024-08-13 15:38:46,369][flwr][INFO] - 	            (8, 0.5287),
[2024-08-13 15:38:46,369][flwr][INFO] - 	            (9, 0.5775),
[2024-08-13 15:38:46,370][flwr][INFO] - 	            (10, 0.5581)]}
[2024-08-13 15:38:46,370][flwr][INFO] - 
