[2024-08-13 15:58:13,334][flwr][INFO] - Starting Flower simulation, config: num_rounds=10, no round_timeout
[2024-08-13 15:58:17,522][flwr][INFO] - Flower VCE: Ray initialized with resources: {'node:__internal_head__': 1.0, 'memory': 4999387547.0, 'node:127.0.0.1': 1.0, 'object_store_memory': 2499693772.0, 'CPU': 16.0, 'accelerator_type:G': 1.0, 'GPU': 1.0}
[2024-08-13 15:58:17,522][flwr][INFO] - Optimize your simulation with Flower VCE: https://flower.ai/docs/framework/how-to-run-simulations.html
[2024-08-13 15:58:17,522][flwr][INFO] - Flower VCE: Resources for each Virtual Client: {'num_cpus': 2, 'num_gpus': 0.5}
[2024-08-13 15:58:17,534][flwr][INFO] - Flower VCE: Creating VirtualClientEngineActorPool with 2 actors
[2024-08-13 15:58:17,535][flwr][INFO] - [INIT]
[2024-08-13 15:58:17,536][flwr][INFO] - Requesting initial parameters from one random client
[2024-08-13 15:58:24,876][flwr][INFO] - Received initial parameters from one random client
[2024-08-13 15:58:24,877][flwr][INFO] - Evaluating initial global parameters
[2024-08-13 15:58:27,092][flwr][INFO] - initial parameters (loss, other metrics): 2.3025850929940455, {'accuracy': 0.098, 'precision': 0.009604000000000001, 'recall': 0.098, 'f1': 0.017493624772313296, 'confusion_matrix': array([[ 980,    0,    0,    0,    0,    0,    0,    0,    0,    0],
       [1135,    0,    0,    0,    0,    0,    0,    0,    0,    0],
       [1032,    0,    0,    0,    0,    0,    0,    0,    0,    0],
       [1010,    0,    0,    0,    0,    0,    0,    0,    0,    0],
       [ 982,    0,    0,    0,    0,    0,    0,    0,    0,    0],
       [ 892,    0,    0,    0,    0,    0,    0,    0,    0,    0],
       [ 958,    0,    0,    0,    0,    0,    0,    0,    0,    0],
       [1028,    0,    0,    0,    0,    0,    0,    0,    0,    0],
       [ 974,    0,    0,    0,    0,    0,    0,    0,    0,    0],
       [1009,    0,    0,    0,    0,    0,    0,    0,    0,    0]],
      dtype=int64)}
[2024-08-13 15:58:27,093][flwr][INFO] - 
[2024-08-13 15:58:27,093][flwr][INFO] - [ROUND 1]
[2024-08-13 15:58:27,093][flwr][INFO] - configure_fit: strategy sampled 10 clients (out of 100)
[2024-08-13 15:58:30,615][flwr][INFO] - aggregate_fit: received 10 results and 0 failures
[2024-08-13 15:58:30,618][flwr][WARNING] - No fit_metrics_aggregation_fn provided
[2024-08-13 15:58:32,711][flwr][INFO] - fit progress: (1, 1.813524846230724, {'accuracy': 0.3144, 'precision': 0.3217898834634788, 'recall': 0.3144, 'f1': 0.23198511853714626, 'confusion_matrix': array([[ 908,   10,    2,   48,    0,    0,    0,    5,    0,    7],
       [   0,    0, 1122,    5,    0,    0,    0,    1,    0,    7],
       [  47,    2,  273,  664,    0,    1,    3,   18,    9,   15],
       [   7,    1,   15,  890,   10,    0,    1,    4,    9,   73],
       [ 139,    0,   28,    3,  167,   13,    0,   52,    4,  576],
       [ 172,   10,  105,  307,    6,    1,    0,   11,   23,  257],
       [ 155,    1,  101,   68,    1,    0,   59,  549,    0,   24],
       [  95,    0,   87,   14,    2,    0,    0,   41,  683,  106],
       [  27,    0,   79,  279,    4,    0,    0,    2,   10,  573],
       [ 154,    0,   10,   13,   18,    0,    0,    9,   10,  795]],
      dtype=int64)}, 5.618959100000211)
[2024-08-13 15:58:32,712][flwr][INFO] - configure_evaluate: no clients selected, skipping evaluation
[2024-08-13 15:58:32,712][flwr][INFO] - 
[2024-08-13 15:58:32,712][flwr][INFO] - [ROUND 2]
[2024-08-13 15:58:32,713][flwr][INFO] - configure_fit: strategy sampled 10 clients (out of 100)
[2024-08-13 15:58:33,941][flwr][INFO] - aggregate_fit: received 10 results and 0 failures
[2024-08-13 15:58:36,051][flwr][INFO] - fit progress: (2, 1.6453980453800376, {'accuracy': 0.2882, 'precision': 0.33864869057568414, 'recall': 0.2882, 'f1': 0.2838200933998128, 'confusion_matrix': array([[ 223,  640,    1,    0,   12,    0,   67,   26,   11,    0],
       [   0,   11, 1101,    3,    3,    0,    4,    5,    7,    1],
       [   4,   53,  390,  364,   46,    5,   26,   90,   54,    0],
       [   0,   42,   13,  368,  500,    0,   19,   15,   50,    3],
       [   9,    0,    8,    0,  487,  280,    9,  149,   34,    6],
       [  18,  145,   38,   25,  229,  114,  152,   35,  110,   26],
       [   4,   30,   18,    0,    8,    0,  491,  407,    0,    0],
       [  24,    1,   50,    0,   34,    0,    0,  185,  734,    0],
       [   1,   36,   36,   18,  251,    3,   43,   13,  437,  136],
       [  51,    4,    2,    0,  297,   43,    0,  171,  265,  176]],
      dtype=int64)}, 8.958210299999337)
[2024-08-13 15:58:36,052][flwr][INFO] - configure_evaluate: no clients selected, skipping evaluation
[2024-08-13 15:58:36,052][flwr][INFO] - 
[2024-08-13 15:58:36,052][flwr][INFO] - [ROUND 3]
[2024-08-13 15:58:36,052][flwr][INFO] - configure_fit: strategy sampled 10 clients (out of 100)
[2024-08-13 15:58:37,266][flwr][INFO] - aggregate_fit: received 10 results and 0 failures
[2024-08-13 15:58:39,383][flwr][INFO] - fit progress: (3, 1.5742836226662353, {'accuracy': 0.3879, 'precision': 0.3418990031014571, 'recall': 0.3879, 'f1': 0.33673789846407864, 'confusion_matrix': array([[ 828,   91,    2,    7,    0,    1,   33,   10,    0,    8],
       [   0,    5, 1102,    4,    0,    0,    2,    3,    0,   19],
       [  39,    7,  318,  559,    1,   15,   18,   37,    5,   33],
       [  12,    5,   14,  772,   41,    8,   14,   17,    4,  123],
       [  29,    1,   10,    0,   56,  666,    5,   61,    0,  154],
       [  97,   52,   44,  127,   18,  232,  103,   28,   10,  181],
       [  34,    9,   35,    6,    0,    4,  475,  391,    0,    4],
       [  98,    0,   60,    3,    5,   10,    0,  479,  265,  108],
       [  29,    5,   38,  109,    3,   15,   17,   11,    2,  745],
       [ 170,    0,    3,    4,   17,   73,    0,   29,    1,  712]],
      dtype=int64)}, 12.289834600000177)
[2024-08-13 15:58:39,384][flwr][INFO] - configure_evaluate: no clients selected, skipping evaluation
[2024-08-13 15:58:39,384][flwr][INFO] - 
[2024-08-13 15:58:39,384][flwr][INFO] - [ROUND 4]
[2024-08-13 15:58:39,384][flwr][INFO] - configure_fit: strategy sampled 10 clients (out of 100)
[2024-08-13 15:58:40,592][flwr][INFO] - aggregate_fit: received 10 results and 0 failures
[2024-08-13 15:58:42,701][flwr][INFO] - fit progress: (4, 1.542845469859945, {'accuracy': 0.3411, 'precision': 0.38719130653773104, 'recall': 0.3411, 'f1': 0.33317696361223975, 'confusion_matrix': array([[211, 637,   1,   1,   9,   1,  74,  32,  14,   0],
       [  0, 163, 955,   3,   1,   0,   3,   3,   7,   0],
       [  3,  31, 513, 319,  35,   3,  21,  52,  55,   0],
       [  0,  40,  16, 421, 413,   0,  21,  16,  81,   2],
       [ 10,   3,   7,   0, 504, 295,   8, 112,  38,   5],
       [ 17, 127,  34,  29, 147, 177, 206,  30, 112,  13],
       [  3,  24,  23,   0,   7,   0, 471, 430,   0,   0],
       [ 24,   4,  53,   0,  26,   0,   1, 210, 710,   0],
       [  3,  33,  41,  34, 156,   9,  49,   9, 551,  89],
       [ 95,   4,   3,   1, 237,  51,   1, 112, 315, 190]], dtype=int64)}, 15.607987800001865)
[2024-08-13 15:58:42,701][flwr][INFO] - configure_evaluate: no clients selected, skipping evaluation
[2024-08-13 15:58:42,702][flwr][INFO] - 
[2024-08-13 15:58:42,702][flwr][INFO] - [ROUND 5]
[2024-08-13 15:58:42,702][flwr][INFO] - configure_fit: strategy sampled 10 clients (out of 100)
[2024-08-13 15:58:43,885][flwr][INFO] - aggregate_fit: received 10 results and 0 failures
[2024-08-13 15:58:45,995][flwr][INFO] - fit progress: (5, 1.5061443958862202, {'accuracy': 0.4107, 'precision': 0.39065020881089935, 'recall': 0.4107, 'f1': 0.38299814732611315, 'confusion_matrix': array([[567, 302,   1,   6,   2,   2,  69,  17,   0,  14],
       [  0, 208, 890,   3,   0,   0,   5,   2,   0,  27],
       [ 12,  21, 358, 503,  12,   9,  21,  44,   7,  45],
       [  5,  19,  10, 657, 133,   2,  25,  18,   6, 135],
       [ 20,   3,   6,   0, 199, 473,  13,  59,   1, 208],
       [ 41,  87,  34,  65,  41, 194, 190,  27,  16, 197],
       [ 12,  15,  22,   1,   4,   0, 537, 364,   0,   3],
       [ 62,   4,  48,   3,  13,   7,   0, 600, 181, 110],
       [ 10,  15,  25,  56,  22,  11,  29,   9,   4, 793],
       [126,   2,   2,   5,  27,  23,   1,  39,   1, 783]], dtype=int64)}, 18.901947799997288)
[2024-08-13 15:58:45,996][flwr][INFO] - configure_evaluate: no clients selected, skipping evaluation
[2024-08-13 15:58:45,996][flwr][INFO] - 
[2024-08-13 15:58:45,996][flwr][INFO] - [ROUND 6]
[2024-08-13 15:58:45,997][flwr][INFO] - configure_fit: strategy sampled 10 clients (out of 100)
[2024-08-13 15:58:47,293][flwr][INFO] - aggregate_fit: received 10 results and 0 failures
[2024-08-13 15:58:49,390][flwr][INFO] - fit progress: (6, 1.480375036413518, {'accuracy': 0.3804, 'precision': 0.40845922306901056, 'recall': 0.3804, 'f1': 0.3651117320769438, 'confusion_matrix': array([[527, 325,   1,   1,   3,   2,  89,  21,  11,   0],
       [  0, 132, 984,   3,   0,   0,  10,   2,   4,   0],
       [ 10,  23, 548, 308,  22,   3,  22,  40,  56,   0],
       [  5,  27,  21, 501, 293,   1,  46,  17,  98,   1],
       [ 18,   3,   7,   0, 343, 483,  17,  71,  36,   4],
       [ 33,  79,  36,  33,  63, 213, 296,  27, 110,   2],
       [ 11,  16,  24,   0,   5,   1, 532, 369,   0,   0],
       [ 49,   3,  55,   1,  13,   1,   2, 206, 698,   0],
       [ 15,  16,  49,  38,  88,  20,  61,   8, 633,  46],
       [297,   4,   3,   2, 108,  87,   1,  63, 275, 169]], dtype=int64)}, 22.29723440000089)
[2024-08-13 15:58:49,391][flwr][INFO] - configure_evaluate: no clients selected, skipping evaluation
[2024-08-13 15:58:49,391][flwr][INFO] - 
[2024-08-13 15:58:49,391][flwr][INFO] - [ROUND 7]
[2024-08-13 15:58:49,391][flwr][INFO] - configure_fit: strategy sampled 10 clients (out of 100)
[2024-08-13 15:58:50,561][flwr][INFO] - aggregate_fit: received 10 results and 0 failures
[2024-08-13 15:58:52,683][flwr][INFO] - fit progress: (7, 1.4638301139490533, {'accuracy': 0.4138, 'precision': 0.40155060052888764, 'recall': 0.4138, 'f1': 0.3971142772943476, 'confusion_matrix': array([[499, 384,   1,   2,   3,   5,  51,  25,   1,   9],
       [  0, 365, 742,   4,   0,   0,   7,   2,   0,  15],
       [ 12,  27, 386, 484,  17,   7,  19,  39,  16,  25],
       [  5,  26,   9, 619, 192,   3,  24,  15,  16, 101],
       [ 23,   3,   4,   0, 253, 514,   7,  51,   1, 126],
       [ 37,  88,  28,  53,  51, 280, 186,  29,  26, 114],
       [ 13,  20,  22,   0,   7,   1, 456, 437,   0,   2],
       [ 68,   9,  51,   3,  15,   7,   0, 515, 306,  54],
       [ 11,  19,  31,  63,  35,  17,  26,   9,  21, 742],
       [145,   4,   2,   5,  36,  32,   1,  37,   3, 744]], dtype=int64)}, 25.59104590000061)
[2024-08-13 15:58:52,684][flwr][INFO] - configure_evaluate: no clients selected, skipping evaluation
[2024-08-13 15:58:52,684][flwr][INFO] - 
[2024-08-13 15:58:52,684][flwr][INFO] - [ROUND 8]
[2024-08-13 15:58:52,685][flwr][INFO] - configure_fit: strategy sampled 10 clients (out of 100)
[2024-08-13 15:58:53,838][flwr][INFO] - aggregate_fit: received 10 results and 0 failures
[2024-08-13 15:58:56,133][flwr][INFO] - fit progress: (8, 1.4601923202798661, {'accuracy': 0.3815, 'precision': 0.39881374126972197, 'recall': 0.3815, 'f1': 0.35823829613617225, 'confusion_matrix': array([[ 575,  315,    1,    1,    6,   10,   46,   17,    9,    0],
       [   0,   97, 1019,    3,    2,    1,    5,    2,    6,    0],
       [  15,   17,  574,  292,   31,    6,   16,   23,   58,    0],
       [   5,   17,   20,  445,  383,    2,   23,   13,  102,    0],
       [  26,    2,    6,    0,  430,  445,    8,   34,   29,    2],
       [  36,   56,   38,   35,   83,  345,  174,   21,  102,    2],
       [  17,   14,   35,    0,   14,    3,  501,  373,    1,    0],
       [  65,    3,   51,    1,   24,    2,    1,   96,  784,    1],
       [  16,   13,   45,   34,  108,   28,   37,    5,  630,   58],
       [ 399,    3,    4,    2,  149,   84,    0,   18,  228,  122]],
      dtype=int64)}, 29.040128099994035)
[2024-08-13 15:58:56,133][flwr][INFO] - configure_evaluate: no clients selected, skipping evaluation
[2024-08-13 15:58:56,134][flwr][INFO] - 
[2024-08-13 15:58:56,134][flwr][INFO] - [ROUND 9]
[2024-08-13 15:58:56,134][flwr][INFO] - configure_fit: strategy sampled 10 clients (out of 100)
[2024-08-13 15:58:57,275][flwr][INFO] - aggregate_fit: received 10 results and 0 failures
[2024-08-13 15:58:59,380][flwr][INFO] - fit progress: (9, 1.4471676544669003, {'accuracy': 0.4341, 'precision': 0.4148827122715041, 'recall': 0.4341, 'f1': 0.4065757378311197, 'confusion_matrix': array([[339, 523,   0,   5,   4,   7,  49,  42,   0,  11],
       [  0, 552, 552,   4,   1,   0,   8,   5,   0,  13],
       [  4,  30, 289, 584,  15,   3,  19,  50,  10,  28],
       [  5,  21,   8, 649, 174,   3,  27,  19,   9,  95],
       [ 16,   3,   1,   1, 346, 420,   9,  79,   1, 106],
       [ 29,  87,  19,  56,  48, 271, 231,  32,  25,  94],
       [ 11,  22,  11,   3,   5,   0, 384, 520,   0,   2],
       [ 42,  17,  36,  12,  16,   5,   0, 747, 105,  48],
       [  5,  25,  20,  78,  31,  14,  34,  15,  16, 736],
       [115,   5,   1,   5,  40,  25,   2,  67,   1, 748]], dtype=int64)}, 32.28710439999122)
[2024-08-13 15:58:59,381][flwr][INFO] - configure_evaluate: no clients selected, skipping evaluation
[2024-08-13 15:58:59,381][flwr][INFO] - 
[2024-08-13 15:58:59,381][flwr][INFO] - [ROUND 10]
[2024-08-13 15:58:59,381][flwr][INFO] - configure_fit: strategy sampled 10 clients (out of 100)
[2024-08-13 15:59:00,610][flwr][INFO] - aggregate_fit: received 10 results and 0 failures
[2024-08-13 15:59:02,693][flwr][INFO] - fit progress: (10, 1.4214931552730152, {'accuracy': 0.3986, 'precision': 0.41566265103842737, 'recall': 0.3986, 'f1': 0.39157298833820997, 'confusion_matrix': array([[564, 337,   1,   2,   3,  12,  30,  22,   9,   0],
       [  0, 308, 810,   3,   1,   1,   3,   3,   6,   0],
       [ 19,  24, 573, 296,  19,   8,  14,  24,  52,   3],
       [  8,  23,  18, 511, 303,   3,  23,  15, 100,   6],
       [ 30,   3,   5,   0, 342, 524,   6,  40,  24,   8],
       [ 41,  71,  26,  40,  61, 366, 166,  27,  89,   5],
       [ 21,  21,  32,   0,   7,   3, 387, 486,   1,   0],
       [ 76,   9,  47,   1,  15,   4,   0, 125, 749,   2],
       [ 21,  20,  43,  39,  54,  32,  35,   8, 557, 165],
       [419,   6,   3,   3,  77,  65,   0,  23, 160, 253]], dtype=int64)}, 35.59986219998973)
[2024-08-13 15:59:02,694][flwr][INFO] - configure_evaluate: no clients selected, skipping evaluation
[2024-08-13 15:59:02,694][flwr][INFO] - 
[2024-08-13 15:59:02,694][flwr][INFO] - [SUMMARY]
[2024-08-13 15:59:02,694][flwr][INFO] - Run finished 10 round(s) in 35.60s
[2024-08-13 15:59:02,702][flwr][INFO] - 	History (loss, centralized):
[2024-08-13 15:59:02,702][flwr][INFO] - 		round 0: 2.3025850929940455
[2024-08-13 15:59:02,702][flwr][INFO] - 		round 1: 1.813524846230724
[2024-08-13 15:59:02,702][flwr][INFO] - 		round 2: 1.6453980453800376
[2024-08-13 15:59:02,703][flwr][INFO] - 		round 3: 1.5742836226662353
[2024-08-13 15:59:02,703][flwr][INFO] - 		round 4: 1.542845469859945
[2024-08-13 15:59:02,703][flwr][INFO] - 		round 5: 1.5061443958862202
[2024-08-13 15:59:02,703][flwr][INFO] - 		round 6: 1.480375036413518
[2024-08-13 15:59:02,703][flwr][INFO] - 		round 7: 1.4638301139490533
[2024-08-13 15:59:02,703][flwr][INFO] - 		round 8: 1.4601923202798661
[2024-08-13 15:59:02,703][flwr][INFO] - 		round 9: 1.4471676544669003
[2024-08-13 15:59:02,703][flwr][INFO] - 		round 10: 1.4214931552730152
[2024-08-13 15:59:02,703][flwr][INFO] - 	History (metrics, centralized):
[2024-08-13 15:59:02,703][flwr][INFO] - 	{'accuracy': [(0, 0.098),
[2024-08-13 15:59:02,703][flwr][INFO] - 	              (1, 0.3144),
[2024-08-13 15:59:02,703][flwr][INFO] - 	              (2, 0.2882),
[2024-08-13 15:59:02,703][flwr][INFO] - 	              (3, 0.3879),
[2024-08-13 15:59:02,703][flwr][INFO] - 	              (4, 0.3411),
[2024-08-13 15:59:02,704][flwr][INFO] - 	              (5, 0.4107),
[2024-08-13 15:59:02,704][flwr][INFO] - 	              (6, 0.3804),
[2024-08-13 15:59:02,704][flwr][INFO] - 	              (7, 0.4138),
[2024-08-13 15:59:02,704][flwr][INFO] - 	              (8, 0.3815),
[2024-08-13 15:59:02,704][flwr][INFO] - 	              (9, 0.4341),
[2024-08-13 15:59:02,704][flwr][INFO] - 	              (10, 0.3986)],
[2024-08-13 15:59:02,704][flwr][INFO] - 	 'confusion_matrix': [(0,
[2024-08-13 15:59:02,704][flwr][INFO] - 	                       array([[ 980,    0,    0,    0,    0,    0,    0,    0,    0,    0],
[2024-08-13 15:59:02,704][flwr][INFO] - 	       [1135,    0,    0,    0,    0,    0,    0,    0,    0,    0],
[2024-08-13 15:59:02,704][flwr][INFO] - 	       [1032,    0,    0,    0,    0,    0,    0,    0,    0,    0],
[2024-08-13 15:59:02,704][flwr][INFO] - 	       [1010,    0,    0,    0,    0,    0,    0,    0,    0,    0],
[2024-08-13 15:59:02,704][flwr][INFO] - 	       [ 982,    0,    0,    0,    0,    0,    0,    0,    0,    0],
[2024-08-13 15:59:02,704][flwr][INFO] - 	       [ 892,    0,    0,    0,    0,    0,    0,    0,    0,    0],
[2024-08-13 15:59:02,704][flwr][INFO] - 	       [ 958,    0,    0,    0,    0,    0,    0,    0,    0,    0],
[2024-08-13 15:59:02,704][flwr][INFO] - 	       [1028,    0,    0,    0,    0,    0,    0,    0,    0,    0],
[2024-08-13 15:59:02,705][flwr][INFO] - 	       [ 974,    0,    0,    0,    0,    0,    0,    0,    0,    0],
[2024-08-13 15:59:02,705][flwr][INFO] - 	       [1009,    0,    0,    0,    0,    0,    0,    0,    0,    0]],
[2024-08-13 15:59:02,705][flwr][INFO] - 	      dtype=int64)),
[2024-08-13 15:59:02,705][flwr][INFO] - 	                      (1,
[2024-08-13 15:59:02,705][flwr][INFO] - 	                       array([[ 908,   10,    2,   48,    0,    0,    0,    5,    0,    7],
[2024-08-13 15:59:02,705][flwr][INFO] - 	       [   0,    0, 1122,    5,    0,    0,    0,    1,    0,    7],
[2024-08-13 15:59:02,705][flwr][INFO] - 	       [  47,    2,  273,  664,    0,    1,    3,   18,    9,   15],
[2024-08-13 15:59:02,705][flwr][INFO] - 	       [   7,    1,   15,  890,   10,    0,    1,    4,    9,   73],
[2024-08-13 15:59:02,705][flwr][INFO] - 	       [ 139,    0,   28,    3,  167,   13,    0,   52,    4,  576],
[2024-08-13 15:59:02,705][flwr][INFO] - 	       [ 172,   10,  105,  307,    6,    1,    0,   11,   23,  257],
[2024-08-13 15:59:02,705][flwr][INFO] - 	       [ 155,    1,  101,   68,    1,    0,   59,  549,    0,   24],
[2024-08-13 15:59:02,705][flwr][INFO] - 	       [  95,    0,   87,   14,    2,    0,    0,   41,  683,  106],
[2024-08-13 15:59:02,705][flwr][INFO] - 	       [  27,    0,   79,  279,    4,    0,    0,    2,   10,  573],
[2024-08-13 15:59:02,705][flwr][INFO] - 	       [ 154,    0,   10,   13,   18,    0,    0,    9,   10,  795]],
[2024-08-13 15:59:02,705][flwr][INFO] - 	      dtype=int64)),
[2024-08-13 15:59:02,706][flwr][INFO] - 	                      (2,
[2024-08-13 15:59:02,706][flwr][INFO] - 	                       array([[ 223,  640,    1,    0,   12,    0,   67,   26,   11,    0],
[2024-08-13 15:59:02,706][flwr][INFO] - 	       [   0,   11, 1101,    3,    3,    0,    4,    5,    7,    1],
[2024-08-13 15:59:02,706][flwr][INFO] - 	       [   4,   53,  390,  364,   46,    5,   26,   90,   54,    0],
[2024-08-13 15:59:02,706][flwr][INFO] - 	       [   0,   42,   13,  368,  500,    0,   19,   15,   50,    3],
[2024-08-13 15:59:02,706][flwr][INFO] - 	       [   9,    0,    8,    0,  487,  280,    9,  149,   34,    6],
[2024-08-13 15:59:02,706][flwr][INFO] - 	       [  18,  145,   38,   25,  229,  114,  152,   35,  110,   26],
[2024-08-13 15:59:02,706][flwr][INFO] - 	       [   4,   30,   18,    0,    8,    0,  491,  407,    0,    0],
[2024-08-13 15:59:02,706][flwr][INFO] - 	       [  24,    1,   50,    0,   34,    0,    0,  185,  734,    0],
[2024-08-13 15:59:02,706][flwr][INFO] - 	       [   1,   36,   36,   18,  251,    3,   43,   13,  437,  136],
[2024-08-13 15:59:02,706][flwr][INFO] - 	       [  51,    4,    2,    0,  297,   43,    0,  171,  265,  176]],
[2024-08-13 15:59:02,706][flwr][INFO] - 	      dtype=int64)),
[2024-08-13 15:59:02,706][flwr][INFO] - 	                      (3,
[2024-08-13 15:59:02,706][flwr][INFO] - 	                       array([[ 828,   91,    2,    7,    0,    1,   33,   10,    0,    8],
[2024-08-13 15:59:02,706][flwr][INFO] - 	       [   0,    5, 1102,    4,    0,    0,    2,    3,    0,   19],
[2024-08-13 15:59:02,706][flwr][INFO] - 	       [  39,    7,  318,  559,    1,   15,   18,   37,    5,   33],
[2024-08-13 15:59:02,707][flwr][INFO] - 	       [  12,    5,   14,  772,   41,    8,   14,   17,    4,  123],
[2024-08-13 15:59:02,707][flwr][INFO] - 	       [  29,    1,   10,    0,   56,  666,    5,   61,    0,  154],
[2024-08-13 15:59:02,707][flwr][INFO] - 	       [  97,   52,   44,  127,   18,  232,  103,   28,   10,  181],
[2024-08-13 15:59:02,707][flwr][INFO] - 	       [  34,    9,   35,    6,    0,    4,  475,  391,    0,    4],
[2024-08-13 15:59:02,707][flwr][INFO] - 	       [  98,    0,   60,    3,    5,   10,    0,  479,  265,  108],
[2024-08-13 15:59:02,707][flwr][INFO] - 	       [  29,    5,   38,  109,    3,   15,   17,   11,    2,  745],
[2024-08-13 15:59:02,707][flwr][INFO] - 	       [ 170,    0,    3,    4,   17,   73,    0,   29,    1,  712]],
[2024-08-13 15:59:02,707][flwr][INFO] - 	      dtype=int64)),
[2024-08-13 15:59:02,707][flwr][INFO] - 	                      (4,
[2024-08-13 15:59:02,707][flwr][INFO] - 	                       array([[211, 637,   1,   1,   9,   1,  74,  32,  14,   0],
[2024-08-13 15:59:02,707][flwr][INFO] - 	       [  0, 163, 955,   3,   1,   0,   3,   3,   7,   0],
[2024-08-13 15:59:02,707][flwr][INFO] - 	       [  3,  31, 513, 319,  35,   3,  21,  52,  55,   0],
[2024-08-13 15:59:02,707][flwr][INFO] - 	       [  0,  40,  16, 421, 413,   0,  21,  16,  81,   2],
[2024-08-13 15:59:02,707][flwr][INFO] - 	       [ 10,   3,   7,   0, 504, 295,   8, 112,  38,   5],
[2024-08-13 15:59:02,707][flwr][INFO] - 	       [ 17, 127,  34,  29, 147, 177, 206,  30, 112,  13],
[2024-08-13 15:59:02,708][flwr][INFO] - 	       [  3,  24,  23,   0,   7,   0, 471, 430,   0,   0],
[2024-08-13 15:59:02,708][flwr][INFO] - 	       [ 24,   4,  53,   0,  26,   0,   1, 210, 710,   0],
[2024-08-13 15:59:02,708][flwr][INFO] - 	       [  3,  33,  41,  34, 156,   9,  49,   9, 551,  89],
[2024-08-13 15:59:02,708][flwr][INFO] - 	       [ 95,   4,   3,   1, 237,  51,   1, 112, 315, 190]], dtype=int64)),
[2024-08-13 15:59:02,708][flwr][INFO] - 	                      (5,
[2024-08-13 15:59:02,708][flwr][INFO] - 	                       array([[567, 302,   1,   6,   2,   2,  69,  17,   0,  14],
[2024-08-13 15:59:02,708][flwr][INFO] - 	       [  0, 208, 890,   3,   0,   0,   5,   2,   0,  27],
[2024-08-13 15:59:02,708][flwr][INFO] - 	       [ 12,  21, 358, 503,  12,   9,  21,  44,   7,  45],
[2024-08-13 15:59:02,708][flwr][INFO] - 	       [  5,  19,  10, 657, 133,   2,  25,  18,   6, 135],
[2024-08-13 15:59:02,708][flwr][INFO] - 	       [ 20,   3,   6,   0, 199, 473,  13,  59,   1, 208],
[2024-08-13 15:59:02,708][flwr][INFO] - 	       [ 41,  87,  34,  65,  41, 194, 190,  27,  16, 197],
[2024-08-13 15:59:02,708][flwr][INFO] - 	       [ 12,  15,  22,   1,   4,   0, 537, 364,   0,   3],
[2024-08-13 15:59:02,708][flwr][INFO] - 	       [ 62,   4,  48,   3,  13,   7,   0, 600, 181, 110],
[2024-08-13 15:59:02,708][flwr][INFO] - 	       [ 10,  15,  25,  56,  22,  11,  29,   9,   4, 793],
[2024-08-13 15:59:02,708][flwr][INFO] - 	       [126,   2,   2,   5,  27,  23,   1,  39,   1, 783]], dtype=int64)),
[2024-08-13 15:59:02,708][flwr][INFO] - 	                      (6,
[2024-08-13 15:59:02,709][flwr][INFO] - 	                       array([[527, 325,   1,   1,   3,   2,  89,  21,  11,   0],
[2024-08-13 15:59:02,709][flwr][INFO] - 	       [  0, 132, 984,   3,   0,   0,  10,   2,   4,   0],
[2024-08-13 15:59:02,709][flwr][INFO] - 	       [ 10,  23, 548, 308,  22,   3,  22,  40,  56,   0],
[2024-08-13 15:59:02,709][flwr][INFO] - 	       [  5,  27,  21, 501, 293,   1,  46,  17,  98,   1],
[2024-08-13 15:59:02,709][flwr][INFO] - 	       [ 18,   3,   7,   0, 343, 483,  17,  71,  36,   4],
[2024-08-13 15:59:02,709][flwr][INFO] - 	       [ 33,  79,  36,  33,  63, 213, 296,  27, 110,   2],
[2024-08-13 15:59:02,709][flwr][INFO] - 	       [ 11,  16,  24,   0,   5,   1, 532, 369,   0,   0],
[2024-08-13 15:59:02,709][flwr][INFO] - 	       [ 49,   3,  55,   1,  13,   1,   2, 206, 698,   0],
[2024-08-13 15:59:02,709][flwr][INFO] - 	       [ 15,  16,  49,  38,  88,  20,  61,   8, 633,  46],
[2024-08-13 15:59:02,709][flwr][INFO] - 	       [297,   4,   3,   2, 108,  87,   1,  63, 275, 169]], dtype=int64)),
[2024-08-13 15:59:02,709][flwr][INFO] - 	                      (7,
[2024-08-13 15:59:02,709][flwr][INFO] - 	                       array([[499, 384,   1,   2,   3,   5,  51,  25,   1,   9],
[2024-08-13 15:59:02,709][flwr][INFO] - 	       [  0, 365, 742,   4,   0,   0,   7,   2,   0,  15],
[2024-08-13 15:59:02,709][flwr][INFO] - 	       [ 12,  27, 386, 484,  17,   7,  19,  39,  16,  25],
[2024-08-13 15:59:02,709][flwr][INFO] - 	       [  5,  26,   9, 619, 192,   3,  24,  15,  16, 101],
[2024-08-13 15:59:02,709][flwr][INFO] - 	       [ 23,   3,   4,   0, 253, 514,   7,  51,   1, 126],
[2024-08-13 15:59:02,710][flwr][INFO] - 	       [ 37,  88,  28,  53,  51, 280, 186,  29,  26, 114],
[2024-08-13 15:59:02,710][flwr][INFO] - 	       [ 13,  20,  22,   0,   7,   1, 456, 437,   0,   2],
[2024-08-13 15:59:02,710][flwr][INFO] - 	       [ 68,   9,  51,   3,  15,   7,   0, 515, 306,  54],
[2024-08-13 15:59:02,710][flwr][INFO] - 	       [ 11,  19,  31,  63,  35,  17,  26,   9,  21, 742],
[2024-08-13 15:59:02,710][flwr][INFO] - 	       [145,   4,   2,   5,  36,  32,   1,  37,   3, 744]], dtype=int64)),
[2024-08-13 15:59:02,710][flwr][INFO] - 	                      (8,
[2024-08-13 15:59:02,710][flwr][INFO] - 	                       array([[ 575,  315,    1,    1,    6,   10,   46,   17,    9,    0],
[2024-08-13 15:59:02,710][flwr][INFO] - 	       [   0,   97, 1019,    3,    2,    1,    5,    2,    6,    0],
[2024-08-13 15:59:02,710][flwr][INFO] - 	       [  15,   17,  574,  292,   31,    6,   16,   23,   58,    0],
[2024-08-13 15:59:02,710][flwr][INFO] - 	       [   5,   17,   20,  445,  383,    2,   23,   13,  102,    0],
[2024-08-13 15:59:02,710][flwr][INFO] - 	       [  26,    2,    6,    0,  430,  445,    8,   34,   29,    2],
[2024-08-13 15:59:02,710][flwr][INFO] - 	       [  36,   56,   38,   35,   83,  345,  174,   21,  102,    2],
[2024-08-13 15:59:02,710][flwr][INFO] - 	       [  17,   14,   35,    0,   14,    3,  501,  373,    1,    0],
[2024-08-13 15:59:02,710][flwr][INFO] - 	       [  65,    3,   51,    1,   24,    2,    1,   96,  784,    1],
[2024-08-13 15:59:02,710][flwr][INFO] - 	       [  16,   13,   45,   34,  108,   28,   37,    5,  630,   58],
[2024-08-13 15:59:02,711][flwr][INFO] - 	       [ 399,    3,    4,    2,  149,   84,    0,   18,  228,  122]],
[2024-08-13 15:59:02,711][flwr][INFO] - 	      dtype=int64)),
[2024-08-13 15:59:02,711][flwr][INFO] - 	                      (9,
[2024-08-13 15:59:02,711][flwr][INFO] - 	                       array([[339, 523,   0,   5,   4,   7,  49,  42,   0,  11],
[2024-08-13 15:59:02,711][flwr][INFO] - 	       [  0, 552, 552,   4,   1,   0,   8,   5,   0,  13],
[2024-08-13 15:59:02,711][flwr][INFO] - 	       [  4,  30, 289, 584,  15,   3,  19,  50,  10,  28],
[2024-08-13 15:59:02,711][flwr][INFO] - 	       [  5,  21,   8, 649, 174,   3,  27,  19,   9,  95],
[2024-08-13 15:59:02,711][flwr][INFO] - 	       [ 16,   3,   1,   1, 346, 420,   9,  79,   1, 106],
[2024-08-13 15:59:02,711][flwr][INFO] - 	       [ 29,  87,  19,  56,  48, 271, 231,  32,  25,  94],
[2024-08-13 15:59:02,711][flwr][INFO] - 	       [ 11,  22,  11,   3,   5,   0, 384, 520,   0,   2],
[2024-08-13 15:59:02,711][flwr][INFO] - 	       [ 42,  17,  36,  12,  16,   5,   0, 747, 105,  48],
[2024-08-13 15:59:02,711][flwr][INFO] - 	       [  5,  25,  20,  78,  31,  14,  34,  15,  16, 736],
[2024-08-13 15:59:02,711][flwr][INFO] - 	       [115,   5,   1,   5,  40,  25,   2,  67,   1, 748]], dtype=int64)),
[2024-08-13 15:59:02,711][flwr][INFO] - 	                      (10,
[2024-08-13 15:59:02,711][flwr][INFO] - 	                       array([[564, 337,   1,   2,   3,  12,  30,  22,   9,   0],
[2024-08-13 15:59:02,711][flwr][INFO] - 	       [  0, 308, 810,   3,   1,   1,   3,   3,   6,   0],
[2024-08-13 15:59:02,712][flwr][INFO] - 	       [ 19,  24, 573, 296,  19,   8,  14,  24,  52,   3],
[2024-08-13 15:59:02,712][flwr][INFO] - 	       [  8,  23,  18, 511, 303,   3,  23,  15, 100,   6],
[2024-08-13 15:59:02,712][flwr][INFO] - 	       [ 30,   3,   5,   0, 342, 524,   6,  40,  24,   8],
[2024-08-13 15:59:02,712][flwr][INFO] - 	       [ 41,  71,  26,  40,  61, 366, 166,  27,  89,   5],
[2024-08-13 15:59:02,712][flwr][INFO] - 	       [ 21,  21,  32,   0,   7,   3, 387, 486,   1,   0],
[2024-08-13 15:59:02,712][flwr][INFO] - 	       [ 76,   9,  47,   1,  15,   4,   0, 125, 749,   2],
[2024-08-13 15:59:02,712][flwr][INFO] - 	       [ 21,  20,  43,  39,  54,  32,  35,   8, 557, 165],
[2024-08-13 15:59:02,712][flwr][INFO] - 	       [419,   6,   3,   3,  77,  65,   0,  23, 160, 253]], dtype=int64))],
[2024-08-13 15:59:02,712][flwr][INFO] - 	 'f1': [(0, 0.017493624772313296),
[2024-08-13 15:59:02,712][flwr][INFO] - 	        (1, 0.23198511853714626),
[2024-08-13 15:59:02,712][flwr][INFO] - 	        (2, 0.2838200933998128),
[2024-08-13 15:59:02,712][flwr][INFO] - 	        (3, 0.33673789846407864),
[2024-08-13 15:59:02,712][flwr][INFO] - 	        (4, 0.33317696361223975),
[2024-08-13 15:59:02,712][flwr][INFO] - 	        (5, 0.38299814732611315),
[2024-08-13 15:59:02,713][flwr][INFO] - 	        (6, 0.3651117320769438),
[2024-08-13 15:59:02,713][flwr][INFO] - 	        (7, 0.3971142772943476),
[2024-08-13 15:59:02,713][flwr][INFO] - 	        (8, 0.35823829613617225),
[2024-08-13 15:59:02,713][flwr][INFO] - 	        (9, 0.4065757378311197),
[2024-08-13 15:59:02,713][flwr][INFO] - 	        (10, 0.39157298833820997)],
[2024-08-13 15:59:02,713][flwr][INFO] - 	 'precision': [(0, 0.009604000000000001),
[2024-08-13 15:59:02,713][flwr][INFO] - 	               (1, 0.3217898834634788),
[2024-08-13 15:59:02,713][flwr][INFO] - 	               (2, 0.33864869057568414),
[2024-08-13 15:59:02,713][flwr][INFO] - 	               (3, 0.3418990031014571),
[2024-08-13 15:59:02,713][flwr][INFO] - 	               (4, 0.38719130653773104),
[2024-08-13 15:59:02,713][flwr][INFO] - 	               (5, 0.39065020881089935),
[2024-08-13 15:59:02,713][flwr][INFO] - 	               (6, 0.40845922306901056),
[2024-08-13 15:59:02,713][flwr][INFO] - 	               (7, 0.40155060052888764),
[2024-08-13 15:59:02,713][flwr][INFO] - 	               (8, 0.39881374126972197),
[2024-08-13 15:59:02,713][flwr][INFO] - 	               (9, 0.4148827122715041),
[2024-08-13 15:59:02,713][flwr][INFO] - 	               (10, 0.41566265103842737)],
[2024-08-13 15:59:02,714][flwr][INFO] - 	 'recall': [(0, 0.098),
[2024-08-13 15:59:02,714][flwr][INFO] - 	            (1, 0.3144),
[2024-08-13 15:59:02,714][flwr][INFO] - 	            (2, 0.2882),
[2024-08-13 15:59:02,714][flwr][INFO] - 	            (3, 0.3879),
[2024-08-13 15:59:02,714][flwr][INFO] - 	            (4, 0.3411),
[2024-08-13 15:59:02,714][flwr][INFO] - 	            (5, 0.4107),
[2024-08-13 15:59:02,714][flwr][INFO] - 	            (6, 0.3804),
[2024-08-13 15:59:02,714][flwr][INFO] - 	            (7, 0.4138),
[2024-08-13 15:59:02,714][flwr][INFO] - 	            (8, 0.3815),
[2024-08-13 15:59:02,714][flwr][INFO] - 	            (9, 0.4341),
[2024-08-13 15:59:02,714][flwr][INFO] - 	            (10, 0.3986)]}
[2024-08-13 15:59:02,714][flwr][INFO] - 
