[2024-08-13 13:30:35,035][flwr][INFO] - Starting Flower simulation, config: num_rounds=10, no round_timeout
[2024-08-13 13:30:39,238][flwr][INFO] - Flower VCE: Ray initialized with resources: {'CPU': 16.0, 'accelerator_type:G': 1.0, 'memory': 5063152436.0, 'node:127.0.0.1': 1.0, 'object_store_memory': 2531576217.0, 'GPU': 1.0, 'node:__internal_head__': 1.0}
[2024-08-13 13:30:39,238][flwr][INFO] - Optimize your simulation with Flower VCE: https://flower.ai/docs/framework/how-to-run-simulations.html
[2024-08-13 13:30:39,238][flwr][INFO] - Flower VCE: Resources for each Virtual Client: {'num_cpus': 2, 'num_gpus': 0.5}
[2024-08-13 13:30:39,250][flwr][INFO] - Flower VCE: Creating VirtualClientEngineActorPool with 2 actors
[2024-08-13 13:30:39,251][flwr][INFO] - [INIT]
[2024-08-13 13:30:39,251][flwr][INFO] - Requesting initial parameters from one random client
[2024-08-13 13:30:46,901][flwr][INFO] - Received initial parameters from one random client
[2024-08-13 13:30:46,901][flwr][INFO] - Evaluating initial global parameters
[2024-08-13 13:30:49,108][flwr][INFO] - initial parameters (loss, other metrics): 2.3025850929940455, {'accuracy': 0.098, 'precision': 0.009604000000000001, 'recall': 0.098, 'f1': 0.017493624772313296, 'confusion_matrix': array([[ 980,    0,    0,    0,    0,    0,    0,    0,    0,    0],
       [1135,    0,    0,    0,    0,    0,    0,    0,    0,    0],
       [1032,    0,    0,    0,    0,    0,    0,    0,    0,    0],
       [1010,    0,    0,    0,    0,    0,    0,    0,    0,    0],
       [ 982,    0,    0,    0,    0,    0,    0,    0,    0,    0],
       [ 892,    0,    0,    0,    0,    0,    0,    0,    0,    0],
       [ 958,    0,    0,    0,    0,    0,    0,    0,    0,    0],
       [1028,    0,    0,    0,    0,    0,    0,    0,    0,    0],
       [ 974,    0,    0,    0,    0,    0,    0,    0,    0,    0],
       [1009,    0,    0,    0,    0,    0,    0,    0,    0,    0]],
      dtype=int64)}
[2024-08-13 13:30:49,109][flwr][INFO] - 
[2024-08-13 13:30:49,109][flwr][INFO] - [ROUND 1]
[2024-08-13 13:30:49,109][flwr][INFO] - configure_fit: strategy sampled 10 clients (out of 10)
[2024-08-13 13:30:57,465][flwr][INFO] - aggregate_fit: received 10 results and 0 failures
[2024-08-13 13:30:57,468][flwr][WARNING] - No fit_metrics_aggregation_fn provided
[2024-08-13 13:30:59,700][flwr][INFO] - fit progress: (1, 2.616199548535548, {'accuracy': 0.1575, 'precision': 0.177765278245468, 'recall': 0.1575, 'f1': 0.1262056342648098, 'confusion_matrix': array([[ 287,  646,    1,    8,    1,    0,    1,   15,    0,   21],
       [   0,    0, 1101,    3,    0,    0,    0,    3,    1,   27],
       [  22,   21,  153,  711,    2,    1,    1,   39,   18,   64],
       [   6,   16,   22,  358,  435,    0,    0,   12,   16,  145],
       [ 166,    0,   12,    2,   64,  146,    0,   58,    7,  527],
       [ 117,   70,   60,   63,  148,    1,   10,   23,   35,  365],
       [  26,   36,   42,   15,    1,    0,   36,  764,    0,   38],
       [  65,    1,   54,    5,    4,    0,    0,   10,  842,   47],
       [  13,    5,   29,   55,   33,    0,    0,    5,    9,  825],
       [ 239,    1,    5,    4,   24,    1,    0,    7,   71,  657]],
      dtype=int64)}, 10.591675000003306)
[2024-08-13 13:30:59,700][flwr][INFO] - configure_evaluate: no clients selected, skipping evaluation
[2024-08-13 13:30:59,700][flwr][INFO] - 
[2024-08-13 13:30:59,701][flwr][INFO] - [ROUND 2]
[2024-08-13 13:30:59,701][flwr][INFO] - configure_fit: strategy sampled 10 clients (out of 10)
[2024-08-13 13:31:06,311][flwr][INFO] - aggregate_fit: received 10 results and 0 failures
[2024-08-13 13:31:08,608][flwr][INFO] - fit progress: (2, 2.274645319897952, {'accuracy': 0.1193, 'precision': 0.11903546043633094, 'recall': 0.1193, 'f1': 0.11625434797470277, 'confusion_matrix': array([[ 200,  692,    1,    1,    7,    1,   52,   23,    3,    0],
       [   0,    2, 1106,    3,   11,    0,    6,    5,    2,    0],
       [  23,   31,  158,  695,   10,   14,   11,   61,   26,    3],
       [   5,   31,   12,  160,  727,    0,   18,   12,   44,    1],
       [  30,    0,   12,    1,   54,  779,    5,   74,   25,    2],
       [ 103,  103,   45,   10,  222,   67,  247,   27,   67,    1],
       [   8,   27,   24,    4,    4,    1,  292,  598,    0,    0],
       [  66,    1,   51,    7,   11,    8,    0,   22,  860,    2],
       [  61,   19,   62,   58,  269,   15,   51,   12,  236,  191],
       [ 408,    2,    8,    4,   87,  208,    0,   25,  265,    2]],
      dtype=int64)}, 19.500072900002124)
[2024-08-13 13:31:08,609][flwr][INFO] - configure_evaluate: no clients selected, skipping evaluation
[2024-08-13 13:31:08,609][flwr][INFO] - 
[2024-08-13 13:31:08,609][flwr][INFO] - [ROUND 3]
[2024-08-13 13:31:08,609][flwr][INFO] - configure_fit: strategy sampled 10 clients (out of 10)
[2024-08-13 13:31:15,244][flwr][INFO] - aggregate_fit: received 10 results and 0 failures
[2024-08-13 13:31:17,512][flwr][INFO] - fit progress: (3, 2.1042535578372226, {'accuracy': 0.1405, 'precision': 0.14121554443152717, 'recall': 0.1405, 'f1': 0.140171056780523, 'confusion_matrix': array([[ 236,  652,    1,    1,    2,    1,   60,   23,    0,    4],
       [   0,    2, 1101,    3,    3,    0,   13,    6,    1,    6],
       [  20,   29,  143,  702,    5,   16,   11,   69,   17,   20],
       [   9,   32,   11,  263,  572,    0,   36,   15,   24,   48],
       [  24,    0,    8,    1,   39,  792,    5,   76,    6,   31],
       [ 100,  103,   39,   19,  121,   77,  322,   32,   36,   43],
       [  10,   21,   17,    4,    3,    1,  306,  596,    0,    0],
       [  86,    1,   47,    8,    6,    8,    1,   59,  797,   15],
       [  26,   17,   29,   54,   96,    6,   47,   11,   34,  654],
       [ 413,    1,    5,    5,   46,  167,    3,   34,   89,  246]],
      dtype=int64)}, 28.403784399997676)
[2024-08-13 13:31:17,513][flwr][INFO] - configure_evaluate: no clients selected, skipping evaluation
[2024-08-13 13:31:17,513][flwr][INFO] - 
[2024-08-13 13:31:17,513][flwr][INFO] - [ROUND 4]
[2024-08-13 13:31:17,513][flwr][INFO] - configure_fit: strategy sampled 10 clients (out of 10)
[2024-08-13 13:31:24,041][flwr][INFO] - aggregate_fit: received 10 results and 0 failures
[2024-08-13 13:31:26,285][flwr][INFO] - fit progress: (4, 1.7721632146327417, {'accuracy': 0.198, 'precision': 0.2036289692123838, 'recall': 0.198, 'f1': 0.19915777022257422, 'confusion_matrix': array([[299, 564,   1,   1,   9,   2,  65,  33,   1,   5],
       [  0, 247, 849,   3,   6,   0,  10,   6,   1,  13],
       [ 16,  34, 227, 586,  19,  17,  18,  54,  32,  29],
       [  1,  39,   7, 179, 646,   2,  33,  13,  44,  46],
       [ 18,   3,   2,   0,  96, 753,   5,  54,   6,  45],
       [ 49, 107,  21,  10, 123, 126, 332,  29,  47,  48],
       [ 12,  24,  13,   4,   6,   2, 311, 584,   0,   2],
       [ 65,   4,  31,   4,  14,  11,   2,  49, 831,  17],
       [  9,  29,  18,  16, 101,   6,  34,   7,  55, 699],
       [323,   3,   2,   3,  64,  98,   2,  29,  94, 391]], dtype=int64)}, 37.17673169999034)
[2024-08-13 13:31:26,286][flwr][INFO] - configure_evaluate: no clients selected, skipping evaluation
[2024-08-13 13:31:26,286][flwr][INFO] - 
[2024-08-13 13:31:26,286][flwr][INFO] - [ROUND 5]
[2024-08-13 13:31:26,286][flwr][INFO] - configure_fit: strategy sampled 10 clients (out of 10)
[2024-08-13 13:31:33,076][flwr][INFO] - aggregate_fit: received 10 results and 0 failures
[2024-08-13 13:31:35,320][flwr][INFO] - fit progress: (5, 1.7389534068858676, {'accuracy': 0.195, 'precision': 0.18223265219270615, 'recall': 0.195, 'f1': 0.18629021633624673, 'confusion_matrix': array([[ 324,  541,    2,    3,    1,    4,   66,   35,    2,    2],
       [   0,   13, 1097,    3,    1,    0,   12,    6,    1,    2],
       [  14,   24,  281,  597,    6,   15,   17,   43,   21,   14],
       [   8,   29,   15,  444,  364,    2,   47,   16,   44,   41],
       [  24,    2,    7,    0,   57,  802,    4,   54,    6,   26],
       [  64,   80,   35,   30,   56,  160,  377,   32,   35,   23],
       [  14,   18,   21,    5,    3,    3,  292,  602,    0,    0],
       [  95,    1,   50,    8,    7,   13,    0,  132,  712,   10],
       [  19,   19,   41,   91,   33,   19,   40,   12,   58,  642],
       [ 547,    3,    3,    8,   35,  121,    3,   36,   64,  189]],
      dtype=int64)}, 46.21162539999932)
[2024-08-13 13:31:35,321][flwr][INFO] - configure_evaluate: no clients selected, skipping evaluation
[2024-08-13 13:31:35,321][flwr][INFO] - 
[2024-08-13 13:31:35,321][flwr][INFO] - [ROUND 6]
[2024-08-13 13:31:35,321][flwr][INFO] - configure_fit: strategy sampled 10 clients (out of 10)
[2024-08-13 13:31:41,817][flwr][INFO] - aggregate_fit: received 10 results and 0 failures
[2024-08-13 13:31:44,055][flwr][INFO] - fit progress: (6, 1.7203163699864221, {'accuracy': 0.1903, 'precision': 0.18956777500453334, 'recall': 0.1903, 'f1': 0.187105090404363, 'confusion_matrix': array([[155, 709,   1,   0,  10,   2,  56,  37,   3,   7],
       [  0, 107, 998,   3,   4,   0,  13,   4,   1,   5],
       [  9,  29, 323, 521,  26,  12,  19,  39,  34,  20],
       [  1,  36,  11, 193, 630,   2,  37,  12,  48,  40],
       [ 22,   3,   2,   0, 146, 705,   6,  46,   5,  47],
       [ 33,  97,  24,  11, 111, 132, 368,  24,  49,  43],
       [  7,  26,  20,   2,   9,   2, 310, 580,   0,   2],
       [ 76,   3,  42,   4,  15,   9,   1,  67, 798,  13],
       [  6,  22,  31,  18,  89,   8,  35,   8,  56, 701],
       [350,   4,   2,   5,  66,  61,   4,  34,  69, 414]], dtype=int64)}, 54.94718989999092)
[2024-08-13 13:31:44,056][flwr][INFO] - configure_evaluate: no clients selected, skipping evaluation
[2024-08-13 13:31:44,056][flwr][INFO] - 
[2024-08-13 13:31:44,056][flwr][INFO] - [ROUND 7]
[2024-08-13 13:31:44,057][flwr][INFO] - configure_fit: strategy sampled 10 clients (out of 10)
[2024-08-13 13:31:50,474][flwr][INFO] - aggregate_fit: received 10 results and 0 failures
[2024-08-13 13:31:52,718][flwr][INFO] - fit progress: (7, 1.686102209911491, {'accuracy': 0.1965, 'precision': 0.18653404729103518, 'recall': 0.1965, 'f1': 0.18917836703305535, 'confusion_matrix': array([[ 358,  513,    1,    3,    2,    6,   57,   36,    3,    1],
       [   0,   51, 1056,    3,    1,    0,   14,    5,    1,    4],
       [  18,   22,  270,  605,   10,   15,   16,   38,   28,   10],
       [  10,   26,   13,  397,  412,    2,   46,   15,   54,   35],
       [  32,    3,    4,    0,   67,  792,    4,   48,    5,   27],
       [  64,   74,   26,   25,   48,  177,  383,   32,   40,   23],
       [  15,   19,   19,    3,    4,    3,  285,  610,    0,    0],
       [  99,    2,   42,   11,    9,   11,    1,  114,  729,   10],
       [  22,   21,   32,   74,   38,   22,   36,   13,   76,  640],
       [ 612,    3,    3,    7,   31,   89,    3,   26,   65,  170]],
      dtype=int64)}, 63.60969050000131)
[2024-08-13 13:31:52,719][flwr][INFO] - configure_evaluate: no clients selected, skipping evaluation
[2024-08-13 13:31:52,719][flwr][INFO] - 
[2024-08-13 13:31:52,719][flwr][INFO] - [ROUND 8]
[2024-08-13 13:31:52,719][flwr][INFO] - configure_fit: strategy sampled 10 clients (out of 10)
[2024-08-13 13:31:59,462][flwr][INFO] - aggregate_fit: received 10 results and 0 failures
[2024-08-13 13:32:01,707][flwr][INFO] - fit progress: (8, 1.6917822190002754, {'accuracy': 0.1979, 'precision': 0.19423934956612599, 'recall': 0.1979, 'f1': 0.191989739285566, 'confusion_matrix': array([[110, 756,   1,   0,  11,   2,  48,  40,   2,  10],
       [  0, 105, 999,   3,   4,   0,  13,   4,   1,   6],
       [  7,  29, 357, 491,  29,  10,  17,  38,  32,  22],
       [  0,  37,  12, 194, 623,   2,  38,  13,  42,  49],
       [ 15,   3,   2,   1, 149, 709,   7,  43,   5,  48],
       [ 28,  90,  21,   9,  92, 153, 379,  28,  45,  47],
       [  7,  29,  17,   2,   9,   2, 290, 600,   0,   2],
       [ 69,   4,  44,   4,  16,  12,   1, 105, 757,  16],
       [  2,  21,  32,  20,  79,  10,  36,   8,  49, 717],
       [307,   4,   2,   5,  60,  66,   6,  32,  60, 467]], dtype=int64)}, 72.59953779999341)
[2024-08-13 13:32:01,708][flwr][INFO] - configure_evaluate: no clients selected, skipping evaluation
[2024-08-13 13:32:01,708][flwr][INFO] - 
[2024-08-13 13:32:01,708][flwr][INFO] - [ROUND 9]
[2024-08-13 13:32:01,709][flwr][INFO] - configure_fit: strategy sampled 10 clients (out of 10)
[2024-08-13 13:32:08,596][flwr][INFO] - aggregate_fit: received 10 results and 0 failures
[2024-08-13 13:32:10,962][flwr][INFO] - fit progress: (9, 1.6596670327099272, {'accuracy': 0.1965, 'precision': 0.19121499935543274, 'recall': 0.1965, 'f1': 0.19220865882471375, 'confusion_matrix': array([[ 318,  555,    1,    2,    4,    6,   53,   35,    5,    1],
       [   0,   72, 1034,    3,    1,    0,   15,    4,    2,    4],
       [  16,   23,  283,  588,   15,   14,   18,   34,   31,   10],
       [   9,   25,   13,  344,  471,    2,   44,   14,   57,   31],
       [  33,    3,    4,    0,   92,  770,    7,   40,    5,   28],
       [  56,   69,   22,   22,   52,  177,  397,   30,   42,   25],
       [  15,   20,   16,    3,    4,    3,  285,  610,    0,    2],
       [  89,    5,   40,   11,   12,   11,    1,  109,  741,    9],
       [  14,   20,   32,   47,   49,   23,   41,   11,   95,  642],
       [ 609,    4,    2,    7,   42,   62,    4,   24,   65,  190]],
      dtype=int64)}, 81.85335710000072)
[2024-08-13 13:32:10,963][flwr][INFO] - configure_evaluate: no clients selected, skipping evaluation
[2024-08-13 13:32:10,963][flwr][INFO] - 
[2024-08-13 13:32:10,963][flwr][INFO] - [ROUND 10]
[2024-08-13 13:32:10,963][flwr][INFO] - configure_fit: strategy sampled 10 clients (out of 10)
[2024-08-13 13:32:17,680][flwr][INFO] - aggregate_fit: received 10 results and 0 failures
[2024-08-13 13:32:19,888][flwr][INFO] - fit progress: (10, 1.667209868573887, {'accuracy': 0.2013, 'precision': 0.19631287809145184, 'recall': 0.2013, 'f1': 0.1949145948606209, 'confusion_matrix': array([[116, 750,   1,   0,  10,   3,  45,  41,   2,  12],
       [  0, 106, 998,   3,   4,   0,  12,   4,   1,   7],
       [ 10,  30, 352, 503,  28,   9,  16,  36,  27,  21],
       [  2,  35,  12, 211, 601,   2,  37,  16,  40,  54],
       [ 17,   3,   2,   1, 133, 727,   6,  40,   3,  50],
       [ 29,  83,  19,  10,  72, 168, 389,  28,  41,  53],
       [  7,  30,  15,   2,   7,   2, 273, 619,   0,   3],
       [ 73,   4,  43,   8,  17,  13,   1, 132, 722,  15],
       [  4,  19,  29,  18,  67,  14,  32,   9,  46, 736],
       [325,   4,   2,   5,  52,  67,   5,  31,  42, 476]], dtype=int64)}, 90.78017620000173)
[2024-08-13 13:32:19,889][flwr][INFO] - configure_evaluate: no clients selected, skipping evaluation
[2024-08-13 13:32:19,889][flwr][INFO] - 
[2024-08-13 13:32:19,890][flwr][INFO] - [SUMMARY]
[2024-08-13 13:32:19,890][flwr][INFO] - Run finished 10 round(s) in 90.78s
[2024-08-13 13:32:19,898][flwr][INFO] - 	History (loss, centralized):
[2024-08-13 13:32:19,898][flwr][INFO] - 		round 0: 2.3025850929940455
[2024-08-13 13:32:19,898][flwr][INFO] - 		round 1: 2.616199548535548
[2024-08-13 13:32:19,898][flwr][INFO] - 		round 2: 2.274645319897952
[2024-08-13 13:32:19,898][flwr][INFO] - 		round 3: 2.1042535578372226
[2024-08-13 13:32:19,898][flwr][INFO] - 		round 4: 1.7721632146327417
[2024-08-13 13:32:19,898][flwr][INFO] - 		round 5: 1.7389534068858676
[2024-08-13 13:32:19,898][flwr][INFO] - 		round 6: 1.7203163699864221
[2024-08-13 13:32:19,898][flwr][INFO] - 		round 7: 1.686102209911491
[2024-08-13 13:32:19,898][flwr][INFO] - 		round 8: 1.6917822190002754
[2024-08-13 13:32:19,898][flwr][INFO] - 		round 9: 1.6596670327099272
[2024-08-13 13:32:19,898][flwr][INFO] - 		round 10: 1.667209868573887
[2024-08-13 13:32:19,898][flwr][INFO] - 	History (metrics, centralized):
[2024-08-13 13:32:19,898][flwr][INFO] - 	{'accuracy': [(0, 0.098),
[2024-08-13 13:32:19,899][flwr][INFO] - 	              (1, 0.1575),
[2024-08-13 13:32:19,899][flwr][INFO] - 	              (2, 0.1193),
[2024-08-13 13:32:19,899][flwr][INFO] - 	              (3, 0.1405),
[2024-08-13 13:32:19,899][flwr][INFO] - 	              (4, 0.198),
[2024-08-13 13:32:19,899][flwr][INFO] - 	              (5, 0.195),
[2024-08-13 13:32:19,899][flwr][INFO] - 	              (6, 0.1903),
[2024-08-13 13:32:19,899][flwr][INFO] - 	              (7, 0.1965),
[2024-08-13 13:32:19,899][flwr][INFO] - 	              (8, 0.1979),
[2024-08-13 13:32:19,899][flwr][INFO] - 	              (9, 0.1965),
[2024-08-13 13:32:19,899][flwr][INFO] - 	              (10, 0.2013)],
[2024-08-13 13:32:19,899][flwr][INFO] - 	 'confusion_matrix': [(0,
[2024-08-13 13:32:19,899][flwr][INFO] - 	                       array([[ 980,    0,    0,    0,    0,    0,    0,    0,    0,    0],
[2024-08-13 13:32:19,899][flwr][INFO] - 	       [1135,    0,    0,    0,    0,    0,    0,    0,    0,    0],
[2024-08-13 13:32:19,899][flwr][INFO] - 	       [1032,    0,    0,    0,    0,    0,    0,    0,    0,    0],
[2024-08-13 13:32:19,899][flwr][INFO] - 	       [1010,    0,    0,    0,    0,    0,    0,    0,    0,    0],
[2024-08-13 13:32:19,899][flwr][INFO] - 	       [ 982,    0,    0,    0,    0,    0,    0,    0,    0,    0],
[2024-08-13 13:32:19,900][flwr][INFO] - 	       [ 892,    0,    0,    0,    0,    0,    0,    0,    0,    0],
[2024-08-13 13:32:19,900][flwr][INFO] - 	       [ 958,    0,    0,    0,    0,    0,    0,    0,    0,    0],
[2024-08-13 13:32:19,900][flwr][INFO] - 	       [1028,    0,    0,    0,    0,    0,    0,    0,    0,    0],
[2024-08-13 13:32:19,900][flwr][INFO] - 	       [ 974,    0,    0,    0,    0,    0,    0,    0,    0,    0],
[2024-08-13 13:32:19,900][flwr][INFO] - 	       [1009,    0,    0,    0,    0,    0,    0,    0,    0,    0]],
[2024-08-13 13:32:19,900][flwr][INFO] - 	      dtype=int64)),
[2024-08-13 13:32:19,900][flwr][INFO] - 	                      (1,
[2024-08-13 13:32:19,900][flwr][INFO] - 	                       array([[ 287,  646,    1,    8,    1,    0,    1,   15,    0,   21],
[2024-08-13 13:32:19,900][flwr][INFO] - 	       [   0,    0, 1101,    3,    0,    0,    0,    3,    1,   27],
[2024-08-13 13:32:19,900][flwr][INFO] - 	       [  22,   21,  153,  711,    2,    1,    1,   39,   18,   64],
[2024-08-13 13:32:19,900][flwr][INFO] - 	       [   6,   16,   22,  358,  435,    0,    0,   12,   16,  145],
[2024-08-13 13:32:19,900][flwr][INFO] - 	       [ 166,    0,   12,    2,   64,  146,    0,   58,    7,  527],
[2024-08-13 13:32:19,900][flwr][INFO] - 	       [ 117,   70,   60,   63,  148,    1,   10,   23,   35,  365],
[2024-08-13 13:32:19,900][flwr][INFO] - 	       [  26,   36,   42,   15,    1,    0,   36,  764,    0,   38],
[2024-08-13 13:32:19,900][flwr][INFO] - 	       [  65,    1,   54,    5,    4,    0,    0,   10,  842,   47],
[2024-08-13 13:32:19,900][flwr][INFO] - 	       [  13,    5,   29,   55,   33,    0,    0,    5,    9,  825],
[2024-08-13 13:32:19,900][flwr][INFO] - 	       [ 239,    1,    5,    4,   24,    1,    0,    7,   71,  657]],
[2024-08-13 13:32:19,901][flwr][INFO] - 	      dtype=int64)),
[2024-08-13 13:32:19,901][flwr][INFO] - 	                      (2,
[2024-08-13 13:32:19,901][flwr][INFO] - 	                       array([[ 200,  692,    1,    1,    7,    1,   52,   23,    3,    0],
[2024-08-13 13:32:19,901][flwr][INFO] - 	       [   0,    2, 1106,    3,   11,    0,    6,    5,    2,    0],
[2024-08-13 13:32:19,901][flwr][INFO] - 	       [  23,   31,  158,  695,   10,   14,   11,   61,   26,    3],
[2024-08-13 13:32:19,901][flwr][INFO] - 	       [   5,   31,   12,  160,  727,    0,   18,   12,   44,    1],
[2024-08-13 13:32:19,901][flwr][INFO] - 	       [  30,    0,   12,    1,   54,  779,    5,   74,   25,    2],
[2024-08-13 13:32:19,901][flwr][INFO] - 	       [ 103,  103,   45,   10,  222,   67,  247,   27,   67,    1],
[2024-08-13 13:32:19,901][flwr][INFO] - 	       [   8,   27,   24,    4,    4,    1,  292,  598,    0,    0],
[2024-08-13 13:32:19,901][flwr][INFO] - 	       [  66,    1,   51,    7,   11,    8,    0,   22,  860,    2],
[2024-08-13 13:32:19,901][flwr][INFO] - 	       [  61,   19,   62,   58,  269,   15,   51,   12,  236,  191],
[2024-08-13 13:32:19,901][flwr][INFO] - 	       [ 408,    2,    8,    4,   87,  208,    0,   25,  265,    2]],
[2024-08-13 13:32:19,901][flwr][INFO] - 	      dtype=int64)),
[2024-08-13 13:32:19,901][flwr][INFO] - 	                      (3,
[2024-08-13 13:32:19,901][flwr][INFO] - 	                       array([[ 236,  652,    1,    1,    2,    1,   60,   23,    0,    4],
[2024-08-13 13:32:19,901][flwr][INFO] - 	       [   0,    2, 1101,    3,    3,    0,   13,    6,    1,    6],
[2024-08-13 13:32:19,901][flwr][INFO] - 	       [  20,   29,  143,  702,    5,   16,   11,   69,   17,   20],
[2024-08-13 13:32:19,902][flwr][INFO] - 	       [   9,   32,   11,  263,  572,    0,   36,   15,   24,   48],
[2024-08-13 13:32:19,902][flwr][INFO] - 	       [  24,    0,    8,    1,   39,  792,    5,   76,    6,   31],
[2024-08-13 13:32:19,902][flwr][INFO] - 	       [ 100,  103,   39,   19,  121,   77,  322,   32,   36,   43],
[2024-08-13 13:32:19,902][flwr][INFO] - 	       [  10,   21,   17,    4,    3,    1,  306,  596,    0,    0],
[2024-08-13 13:32:19,902][flwr][INFO] - 	       [  86,    1,   47,    8,    6,    8,    1,   59,  797,   15],
[2024-08-13 13:32:19,902][flwr][INFO] - 	       [  26,   17,   29,   54,   96,    6,   47,   11,   34,  654],
[2024-08-13 13:32:19,902][flwr][INFO] - 	       [ 413,    1,    5,    5,   46,  167,    3,   34,   89,  246]],
[2024-08-13 13:32:19,902][flwr][INFO] - 	      dtype=int64)),
[2024-08-13 13:32:19,902][flwr][INFO] - 	                      (4,
[2024-08-13 13:32:19,902][flwr][INFO] - 	                       array([[299, 564,   1,   1,   9,   2,  65,  33,   1,   5],
[2024-08-13 13:32:19,902][flwr][INFO] - 	       [  0, 247, 849,   3,   6,   0,  10,   6,   1,  13],
[2024-08-13 13:32:19,902][flwr][INFO] - 	       [ 16,  34, 227, 586,  19,  17,  18,  54,  32,  29],
[2024-08-13 13:32:19,902][flwr][INFO] - 	       [  1,  39,   7, 179, 646,   2,  33,  13,  44,  46],
[2024-08-13 13:32:19,902][flwr][INFO] - 	       [ 18,   3,   2,   0,  96, 753,   5,  54,   6,  45],
[2024-08-13 13:32:19,902][flwr][INFO] - 	       [ 49, 107,  21,  10, 123, 126, 332,  29,  47,  48],
[2024-08-13 13:32:19,902][flwr][INFO] - 	       [ 12,  24,  13,   4,   6,   2, 311, 584,   0,   2],
[2024-08-13 13:32:19,902][flwr][INFO] - 	       [ 65,   4,  31,   4,  14,  11,   2,  49, 831,  17],
[2024-08-13 13:32:19,903][flwr][INFO] - 	       [  9,  29,  18,  16, 101,   6,  34,   7,  55, 699],
[2024-08-13 13:32:19,903][flwr][INFO] - 	       [323,   3,   2,   3,  64,  98,   2,  29,  94, 391]], dtype=int64)),
[2024-08-13 13:32:19,903][flwr][INFO] - 	                      (5,
[2024-08-13 13:32:19,903][flwr][INFO] - 	                       array([[ 324,  541,    2,    3,    1,    4,   66,   35,    2,    2],
[2024-08-13 13:32:19,903][flwr][INFO] - 	       [   0,   13, 1097,    3,    1,    0,   12,    6,    1,    2],
[2024-08-13 13:32:19,903][flwr][INFO] - 	       [  14,   24,  281,  597,    6,   15,   17,   43,   21,   14],
[2024-08-13 13:32:19,903][flwr][INFO] - 	       [   8,   29,   15,  444,  364,    2,   47,   16,   44,   41],
[2024-08-13 13:32:19,903][flwr][INFO] - 	       [  24,    2,    7,    0,   57,  802,    4,   54,    6,   26],
[2024-08-13 13:32:19,903][flwr][INFO] - 	       [  64,   80,   35,   30,   56,  160,  377,   32,   35,   23],
[2024-08-13 13:32:19,903][flwr][INFO] - 	       [  14,   18,   21,    5,    3,    3,  292,  602,    0,    0],
[2024-08-13 13:32:19,903][flwr][INFO] - 	       [  95,    1,   50,    8,    7,   13,    0,  132,  712,   10],
[2024-08-13 13:32:19,903][flwr][INFO] - 	       [  19,   19,   41,   91,   33,   19,   40,   12,   58,  642],
[2024-08-13 13:32:19,903][flwr][INFO] - 	       [ 547,    3,    3,    8,   35,  121,    3,   36,   64,  189]],
[2024-08-13 13:32:19,903][flwr][INFO] - 	      dtype=int64)),
[2024-08-13 13:32:19,904][flwr][INFO] - 	                      (6,
[2024-08-13 13:32:19,904][flwr][INFO] - 	                       array([[155, 709,   1,   0,  10,   2,  56,  37,   3,   7],
[2024-08-13 13:32:19,904][flwr][INFO] - 	       [  0, 107, 998,   3,   4,   0,  13,   4,   1,   5],
[2024-08-13 13:32:19,904][flwr][INFO] - 	       [  9,  29, 323, 521,  26,  12,  19,  39,  34,  20],
[2024-08-13 13:32:19,904][flwr][INFO] - 	       [  1,  36,  11, 193, 630,   2,  37,  12,  48,  40],
[2024-08-13 13:32:19,904][flwr][INFO] - 	       [ 22,   3,   2,   0, 146, 705,   6,  46,   5,  47],
[2024-08-13 13:32:19,904][flwr][INFO] - 	       [ 33,  97,  24,  11, 111, 132, 368,  24,  49,  43],
[2024-08-13 13:32:19,904][flwr][INFO] - 	       [  7,  26,  20,   2,   9,   2, 310, 580,   0,   2],
[2024-08-13 13:32:19,904][flwr][INFO] - 	       [ 76,   3,  42,   4,  15,   9,   1,  67, 798,  13],
[2024-08-13 13:32:19,904][flwr][INFO] - 	       [  6,  22,  31,  18,  89,   8,  35,   8,  56, 701],
[2024-08-13 13:32:19,904][flwr][INFO] - 	       [350,   4,   2,   5,  66,  61,   4,  34,  69, 414]], dtype=int64)),
[2024-08-13 13:32:19,904][flwr][INFO] - 	                      (7,
[2024-08-13 13:32:19,904][flwr][INFO] - 	                       array([[ 358,  513,    1,    3,    2,    6,   57,   36,    3,    1],
[2024-08-13 13:32:19,904][flwr][INFO] - 	       [   0,   51, 1056,    3,    1,    0,   14,    5,    1,    4],
[2024-08-13 13:32:19,904][flwr][INFO] - 	       [  18,   22,  270,  605,   10,   15,   16,   38,   28,   10],
[2024-08-13 13:32:19,904][flwr][INFO] - 	       [  10,   26,   13,  397,  412,    2,   46,   15,   54,   35],
[2024-08-13 13:32:19,904][flwr][INFO] - 	       [  32,    3,    4,    0,   67,  792,    4,   48,    5,   27],
[2024-08-13 13:32:19,905][flwr][INFO] - 	       [  64,   74,   26,   25,   48,  177,  383,   32,   40,   23],
[2024-08-13 13:32:19,905][flwr][INFO] - 	       [  15,   19,   19,    3,    4,    3,  285,  610,    0,    0],
[2024-08-13 13:32:19,905][flwr][INFO] - 	       [  99,    2,   42,   11,    9,   11,    1,  114,  729,   10],
[2024-08-13 13:32:19,905][flwr][INFO] - 	       [  22,   21,   32,   74,   38,   22,   36,   13,   76,  640],
[2024-08-13 13:32:19,905][flwr][INFO] - 	       [ 612,    3,    3,    7,   31,   89,    3,   26,   65,  170]],
[2024-08-13 13:32:19,905][flwr][INFO] - 	      dtype=int64)),
[2024-08-13 13:32:19,905][flwr][INFO] - 	                      (8,
[2024-08-13 13:32:19,905][flwr][INFO] - 	                       array([[110, 756,   1,   0,  11,   2,  48,  40,   2,  10],
[2024-08-13 13:32:19,905][flwr][INFO] - 	       [  0, 105, 999,   3,   4,   0,  13,   4,   1,   6],
[2024-08-13 13:32:19,905][flwr][INFO] - 	       [  7,  29, 357, 491,  29,  10,  17,  38,  32,  22],
[2024-08-13 13:32:19,905][flwr][INFO] - 	       [  0,  37,  12, 194, 623,   2,  38,  13,  42,  49],
[2024-08-13 13:32:19,905][flwr][INFO] - 	       [ 15,   3,   2,   1, 149, 709,   7,  43,   5,  48],
[2024-08-13 13:32:19,905][flwr][INFO] - 	       [ 28,  90,  21,   9,  92, 153, 379,  28,  45,  47],
[2024-08-13 13:32:19,905][flwr][INFO] - 	       [  7,  29,  17,   2,   9,   2, 290, 600,   0,   2],
[2024-08-13 13:32:19,905][flwr][INFO] - 	       [ 69,   4,  44,   4,  16,  12,   1, 105, 757,  16],
[2024-08-13 13:32:19,905][flwr][INFO] - 	       [  2,  21,  32,  20,  79,  10,  36,   8,  49, 717],
[2024-08-13 13:32:19,905][flwr][INFO] - 	       [307,   4,   2,   5,  60,  66,   6,  32,  60, 467]], dtype=int64)),
[2024-08-13 13:32:19,906][flwr][INFO] - 	                      (9,
[2024-08-13 13:32:19,906][flwr][INFO] - 	                       array([[ 318,  555,    1,    2,    4,    6,   53,   35,    5,    1],
[2024-08-13 13:32:19,906][flwr][INFO] - 	       [   0,   72, 1034,    3,    1,    0,   15,    4,    2,    4],
[2024-08-13 13:32:19,906][flwr][INFO] - 	       [  16,   23,  283,  588,   15,   14,   18,   34,   31,   10],
[2024-08-13 13:32:19,906][flwr][INFO] - 	       [   9,   25,   13,  344,  471,    2,   44,   14,   57,   31],
[2024-08-13 13:32:19,906][flwr][INFO] - 	       [  33,    3,    4,    0,   92,  770,    7,   40,    5,   28],
[2024-08-13 13:32:19,906][flwr][INFO] - 	       [  56,   69,   22,   22,   52,  177,  397,   30,   42,   25],
[2024-08-13 13:32:19,906][flwr][INFO] - 	       [  15,   20,   16,    3,    4,    3,  285,  610,    0,    2],
[2024-08-13 13:32:19,906][flwr][INFO] - 	       [  89,    5,   40,   11,   12,   11,    1,  109,  741,    9],
[2024-08-13 13:32:19,906][flwr][INFO] - 	       [  14,   20,   32,   47,   49,   23,   41,   11,   95,  642],
[2024-08-13 13:32:19,906][flwr][INFO] - 	       [ 609,    4,    2,    7,   42,   62,    4,   24,   65,  190]],
[2024-08-13 13:32:19,906][flwr][INFO] - 	      dtype=int64)),
[2024-08-13 13:32:19,906][flwr][INFO] - 	                      (10,
[2024-08-13 13:32:19,906][flwr][INFO] - 	                       array([[116, 750,   1,   0,  10,   3,  45,  41,   2,  12],
[2024-08-13 13:32:19,906][flwr][INFO] - 	       [  0, 106, 998,   3,   4,   0,  12,   4,   1,   7],
[2024-08-13 13:32:19,906][flwr][INFO] - 	       [ 10,  30, 352, 503,  28,   9,  16,  36,  27,  21],
[2024-08-13 13:32:19,907][flwr][INFO] - 	       [  2,  35,  12, 211, 601,   2,  37,  16,  40,  54],
[2024-08-13 13:32:19,907][flwr][INFO] - 	       [ 17,   3,   2,   1, 133, 727,   6,  40,   3,  50],
[2024-08-13 13:32:19,907][flwr][INFO] - 	       [ 29,  83,  19,  10,  72, 168, 389,  28,  41,  53],
[2024-08-13 13:32:19,907][flwr][INFO] - 	       [  7,  30,  15,   2,   7,   2, 273, 619,   0,   3],
[2024-08-13 13:32:19,907][flwr][INFO] - 	       [ 73,   4,  43,   8,  17,  13,   1, 132, 722,  15],
[2024-08-13 13:32:19,907][flwr][INFO] - 	       [  4,  19,  29,  18,  67,  14,  32,   9,  46, 736],
[2024-08-13 13:32:19,907][flwr][INFO] - 	       [325,   4,   2,   5,  52,  67,   5,  31,  42, 476]], dtype=int64))],
[2024-08-13 13:32:19,907][flwr][INFO] - 	 'f1': [(0, 0.017493624772313296),
[2024-08-13 13:32:19,907][flwr][INFO] - 	        (1, 0.1262056342648098),
[2024-08-13 13:32:19,907][flwr][INFO] - 	        (2, 0.11625434797470277),
[2024-08-13 13:32:19,907][flwr][INFO] - 	        (3, 0.140171056780523),
[2024-08-13 13:32:19,907][flwr][INFO] - 	        (4, 0.19915777022257422),
[2024-08-13 13:32:19,907][flwr][INFO] - 	        (5, 0.18629021633624673),
[2024-08-13 13:32:19,907][flwr][INFO] - 	        (6, 0.187105090404363),
[2024-08-13 13:32:19,907][flwr][INFO] - 	        (7, 0.18917836703305535),
[2024-08-13 13:32:19,907][flwr][INFO] - 	        (8, 0.191989739285566),
[2024-08-13 13:32:19,907][flwr][INFO] - 	        (9, 0.19220865882471375),
[2024-08-13 13:32:19,907][flwr][INFO] - 	        (10, 0.1949145948606209)],
[2024-08-13 13:32:19,908][flwr][INFO] - 	 'precision': [(0, 0.009604000000000001),
[2024-08-13 13:32:19,908][flwr][INFO] - 	               (1, 0.177765278245468),
[2024-08-13 13:32:19,908][flwr][INFO] - 	               (2, 0.11903546043633094),
[2024-08-13 13:32:19,908][flwr][INFO] - 	               (3, 0.14121554443152717),
[2024-08-13 13:32:19,908][flwr][INFO] - 	               (4, 0.2036289692123838),
[2024-08-13 13:32:19,908][flwr][INFO] - 	               (5, 0.18223265219270615),
[2024-08-13 13:32:19,908][flwr][INFO] - 	               (6, 0.18956777500453334),
[2024-08-13 13:32:19,908][flwr][INFO] - 	               (7, 0.18653404729103518),
[2024-08-13 13:32:19,908][flwr][INFO] - 	               (8, 0.19423934956612599),
[2024-08-13 13:32:19,908][flwr][INFO] - 	               (9, 0.19121499935543274),
[2024-08-13 13:32:19,908][flwr][INFO] - 	               (10, 0.19631287809145184)],
[2024-08-13 13:32:19,908][flwr][INFO] - 	 'recall': [(0, 0.098),
[2024-08-13 13:32:19,908][flwr][INFO] - 	            (1, 0.1575),
[2024-08-13 13:32:19,908][flwr][INFO] - 	            (2, 0.1193),
[2024-08-13 13:32:19,908][flwr][INFO] - 	            (3, 0.1405),
[2024-08-13 13:32:19,908][flwr][INFO] - 	            (4, 0.198),
[2024-08-13 13:32:19,908][flwr][INFO] - 	            (5, 0.195),
[2024-08-13 13:32:19,909][flwr][INFO] - 	            (6, 0.1903),
[2024-08-13 13:32:19,909][flwr][INFO] - 	            (7, 0.1965),
[2024-08-13 13:32:19,909][flwr][INFO] - 	            (8, 0.1979),
[2024-08-13 13:32:19,909][flwr][INFO] - 	            (9, 0.1965),
[2024-08-13 13:32:19,909][flwr][INFO] - 	            (10, 0.2013)]}
[2024-08-13 13:32:19,909][flwr][INFO] - 
