[2024-08-13 13:03:33,234][flwr][INFO] - Starting Flower simulation, config: num_rounds=10, no round_timeout
[2024-08-13 13:03:37,507][flwr][INFO] - Flower VCE: Ray initialized with resources: {'CPU': 16.0, 'memory': 5066541467.0, 'node:127.0.0.1': 1.0, 'object_store_memory': 2533270732.0, 'node:__internal_head__': 1.0, 'accelerator_type:G': 1.0, 'GPU': 1.0}
[2024-08-13 13:03:37,507][flwr][INFO] - Optimize your simulation with Flower VCE: https://flower.ai/docs/framework/how-to-run-simulations.html
[2024-08-13 13:03:37,507][flwr][INFO] - Flower VCE: Resources for each Virtual Client: {'num_cpus': 2, 'num_gpus': 0.5}
[2024-08-13 13:03:37,519][flwr][INFO] - Flower VCE: Creating VirtualClientEngineActorPool with 2 actors
[2024-08-13 13:03:37,519][flwr][INFO] - [INIT]
[2024-08-13 13:03:37,519][flwr][INFO] - Requesting initial parameters from one random client
[2024-08-13 13:03:45,105][flwr][INFO] - Received initial parameters from one random client
[2024-08-13 13:03:45,105][flwr][INFO] - Evaluating initial global parameters
[2024-08-13 13:03:47,356][flwr][INFO] - initial parameters (loss, other metrics): 2.3025850929940455, {'accuracy': 0.098, 'precision': 0.009604000000000001, 'recall': 0.098, 'f1': 0.017493624772313296, 'confusion_matrix': array([[ 980,    0,    0,    0,    0,    0,    0,    0,    0,    0],
       [1135,    0,    0,    0,    0,    0,    0,    0,    0,    0],
       [1032,    0,    0,    0,    0,    0,    0,    0,    0,    0],
       [1010,    0,    0,    0,    0,    0,    0,    0,    0,    0],
       [ 982,    0,    0,    0,    0,    0,    0,    0,    0,    0],
       [ 892,    0,    0,    0,    0,    0,    0,    0,    0,    0],
       [ 958,    0,    0,    0,    0,    0,    0,    0,    0,    0],
       [1028,    0,    0,    0,    0,    0,    0,    0,    0,    0],
       [ 974,    0,    0,    0,    0,    0,    0,    0,    0,    0],
       [1009,    0,    0,    0,    0,    0,    0,    0,    0,    0]],
      dtype=int64)}
[2024-08-13 13:03:47,357][flwr][INFO] - 
[2024-08-13 13:03:47,357][flwr][INFO] - [ROUND 1]
[2024-08-13 13:03:47,357][flwr][INFO] - configure_fit: strategy sampled 10 clients (out of 10)
[2024-08-13 13:03:56,056][flwr][INFO] - aggregate_fit: received 10 results and 0 failures
[2024-08-13 13:03:56,059][flwr][WARNING] - No fit_metrics_aggregation_fn provided
[2024-08-13 13:03:58,133][flwr][INFO] - fit progress: (1, 0.9193238417085118, {'accuracy': 0.7072, 'precision': 0.7823345448340364, 'recall': 0.7072, 'f1': 0.6722310126568023, 'confusion_matrix': array([[ 956,    0,    2,    5,    0,    0,    6,    1,   10,    0],
       [   0, 1041,   37,    5,    0,    0,    4,    1,   47,    0],
       [  86,   19,  712,   84,    3,    0,   21,   16,   75,   16],
       [  29,    9,   14,  847,    0,    0,    9,    9,   80,   13],
       [  45,    7,    3,    1,  317,    0,   26,    5,   62,  516],
       [ 253,   58,   10,  223,    4,    5,   27,   13,  239,   60],
       [ 105,   13,   17,    3,    2,    0,  800,    2,   16,    0],
       [  33,   32,   16,    2,    0,    0,    1,  772,   95,   77],
       [  45,    6,    4,  103,    1,    0,   13,    5,  772,   25],
       [  55,    7,    2,   10,    6,    0,    1,   15,   63,  850]],
      dtype=int64)}, 10.77644310001051)
[2024-08-13 13:03:58,134][flwr][INFO] - configure_evaluate: no clients selected, skipping evaluation
[2024-08-13 13:03:58,134][flwr][INFO] - 
[2024-08-13 13:03:58,134][flwr][INFO] - [ROUND 2]
[2024-08-13 13:03:58,135][flwr][INFO] - configure_fit: strategy sampled 10 clients (out of 10)
[2024-08-13 13:04:04,638][flwr][INFO] - aggregate_fit: received 10 results and 0 failures
[2024-08-13 13:04:06,732][flwr][INFO] - fit progress: (2, 0.7370455859582129, {'accuracy': 0.8093, 'precision': 0.8181953997726648, 'recall': 0.8093, 'f1': 0.8030755143798944, 'confusion_matrix': array([[ 931,    0,    4,    5,    0,    2,   27,    2,    9,    0],
       [   0, 1058,   55,    7,    1,    1,    5,    1,    6,    1],
       [  30,   18,  844,   44,   19,    0,   24,   25,   26,    2],
       [  10,   11,   29,  874,    3,    6,   10,   17,   34,   16],
       [  10,    8,    6,    0,  849,    0,   32,    9,   13,   55],
       [  59,   62,   20,  202,   26,  398,   44,   30,   27,   24],
       [  41,   15,   29,    1,   11,    9,  850,    1,    1,    0],
       [  13,   38,   46,    0,   12,    0,    3,  886,   10,   20],
       [  29,   25,   30,  125,   16,    7,   22,   14,  673,   33],
       [  33,   14,    5,   11,  113,    3,    1,   81,   18,  730]],
      dtype=int64)}, 19.375205500007723)
[2024-08-13 13:04:06,733][flwr][INFO] - configure_evaluate: no clients selected, skipping evaluation
[2024-08-13 13:04:06,733][flwr][INFO] - 
[2024-08-13 13:04:06,733][flwr][INFO] - [ROUND 3]
[2024-08-13 13:04:06,734][flwr][INFO] - configure_fit: strategy sampled 10 clients (out of 10)
[2024-08-13 13:04:13,267][flwr][INFO] - aggregate_fit: received 10 results and 0 failures
[2024-08-13 13:04:15,364][flwr][INFO] - fit progress: (3, 0.7175792205446025, {'accuracy': 0.8347, 'precision': 0.8355210649554634, 'recall': 0.8347, 'f1': 0.8341592802559474, 'confusion_matrix': array([[ 902,    0,    3,    1,    0,   30,   31,    1,   12,    0],
       [   0, 1064,   38,    1,    1,    8,    4,    1,   17,    1],
       [  20,   18,  823,   41,   19,    1,   26,   24,   52,    8],
       [   5,   13,   21,  798,    2,   57,    8,   14,   74,   18],
       [   7,    7,    2,    0,  802,    4,   26,    5,   18,  111],
       [  24,   54,    8,   69,   11,  642,   28,   14,   24,   18],
       [  24,   15,   21,    1,   12,   20,  861,    2,    2,    0],
       [  10,   36,   34,    0,   14,    0,    1,  845,   41,   47],
       [  12,   19,   16,   49,    9,   47,   18,    7,  758,   39],
       [  23,   10,    4,    5,   48,   16,    1,   27,   23,  852]],
      dtype=int64)}, 28.007658000002266)
[2024-08-13 13:04:15,365][flwr][INFO] - configure_evaluate: no clients selected, skipping evaluation
[2024-08-13 13:04:15,366][flwr][INFO] - 
[2024-08-13 13:04:15,366][flwr][INFO] - [ROUND 4]
[2024-08-13 13:04:15,366][flwr][INFO] - configure_fit: strategy sampled 10 clients (out of 10)
[2024-08-13 13:04:22,024][flwr][INFO] - aggregate_fit: received 10 results and 0 failures
[2024-08-13 13:04:24,116][flwr][INFO] - fit progress: (4, 0.7268081708456978, {'accuracy': 0.8258, 'precision': 0.8365006418514442, 'recall': 0.8258, 'f1': 0.8221304548429296, 'confusion_matrix': array([[ 919,    1,    2,   11,    3,    5,   29,    4,    6,    0],
       [   0, 1067,   39,   15,    1,    2,    5,    1,    5,    0],
       [  14,    9,  818,   76,   31,    0,   18,   33,   32,    1],
       [   2,    3,   12,  907,    5,   12,    8,   20,   24,   17],
       [   5,    5,    2,    0,  920,    1,   15,   11,    4,   19],
       [  16,   61,   10,  170,   42,  491,   33,   30,   21,   18],
       [  14,   12,   23,    3,   27,   11,  862,    6,    0,    0],
       [   4,   29,   37,    3,   21,    0,    1,  911,    8,   14],
       [  13,   31,   20,  134,   32,   13,   21,   16,  665,   29],
       [  24,   12,    3,   11,  149,    6,    1,   96,    9,  698]],
      dtype=int64)}, 36.7593937000056)
[2024-08-13 13:04:24,117][flwr][INFO] - configure_evaluate: no clients selected, skipping evaluation
[2024-08-13 13:04:24,117][flwr][INFO] - 
[2024-08-13 13:04:24,117][flwr][INFO] - [ROUND 5]
[2024-08-13 13:04:24,118][flwr][INFO] - configure_fit: strategy sampled 10 clients (out of 10)
[2024-08-13 13:04:31,019][flwr][INFO] - aggregate_fit: received 10 results and 0 failures
[2024-08-13 13:04:33,182][flwr][INFO] - fit progress: (5, 0.7202068062180385, {'accuracy': 0.8429, 'precision': 0.8483710695171791, 'recall': 0.8429, 'f1': 0.8428998341059553, 'confusion_matrix': array([[ 918,    1,    2,    1,    0,   17,   26,    1,   14,    0],
       [   0, 1070,   29,    2,    1,    5,    5,    1,   21,    1],
       [  14,   13,  838,   32,   12,    3,   25,   25,   56,   14],
       [   5,    7,   21,  777,    3,   59,   15,   14,   76,   33],
       [   5,    5,    2,    0,  745,    3,   28,    3,   19,  172],
       [  14,   49,    6,   44,    9,  669,   30,   12,   39,   20],
       [  14,   13,   22,    0,   10,   20,  870,    7,    2,    0],
       [   7,   32,   35,    0,   13,    0,    1,  841,   36,   63],
       [   6,   19,   15,   22,    7,   35,   17,    6,  805,   42],
       [  18,    7,    5,    5,   22,   15,    2,   18,   21,  896]],
      dtype=int64)}, 45.82551270000113)
[2024-08-13 13:04:33,183][flwr][INFO] - configure_evaluate: no clients selected, skipping evaluation
[2024-08-13 13:04:33,183][flwr][INFO] - 
[2024-08-13 13:04:33,183][flwr][INFO] - [ROUND 6]
[2024-08-13 13:04:33,184][flwr][INFO] - configure_fit: strategy sampled 10 clients (out of 10)
[2024-08-13 13:04:39,976][flwr][INFO] - aggregate_fit: received 10 results and 0 failures
[2024-08-13 13:04:42,070][flwr][INFO] - fit progress: (6, 0.7154830901261688, {'accuracy': 0.8437, 'precision': 0.8472010921008759, 'recall': 0.8437, 'f1': 0.841568655293367, 'confusion_matrix': array([[ 926,    2,    2,    5,    1,    9,   25,    4,    6,    0],
       [   0, 1075,   28,   11,    2,    4,    5,    1,    9,    0],
       [  13,   13,  823,   65,   26,    0,   20,   32,   38,    2],
       [   2,    4,   12,  883,    5,   25,   10,   18,   35,   16],
       [   4,    4,    2,    0,  921,    2,   17,   11,    4,   17],
       [  15,   55,    7,  101,   22,  609,   32,   22,   18,   11],
       [  13,   14,   20,    1,   20,   14,  865,   10,    1,    0],
       [   6,   32,   34,    4,   21,    0,    1,  902,   13,   15],
       [  15,   37,   17,   92,   26,   30,   21,   13,  700,   23],
       [  24,   12,    2,    9,  122,   15,    1,   81,   10,  733]],
      dtype=int64)}, 54.71328400001221)
[2024-08-13 13:04:42,071][flwr][INFO] - configure_evaluate: no clients selected, skipping evaluation
[2024-08-13 13:04:42,071][flwr][INFO] - 
[2024-08-13 13:04:42,071][flwr][INFO] - [ROUND 7]
[2024-08-13 13:04:42,071][flwr][INFO] - configure_fit: strategy sampled 10 clients (out of 10)
[2024-08-13 13:04:48,648][flwr][INFO] - aggregate_fit: received 10 results and 0 failures
[2024-08-13 13:04:50,740][flwr][INFO] - fit progress: (7, 0.715937092680259, {'accuracy': 0.8479, 'precision': 0.8525275339153598, 'recall': 0.8479, 'f1': 0.847655309920191, 'confusion_matrix': array([[ 925,    1,    3,    2,    1,    9,   27,    2,   10,    0],
       [   0, 1073,   26,    2,    1,    4,    5,    1,   22,    1],
       [  11,   13,  838,   36,   12,    2,   24,   27,   56,   13],
       [   3,    7,   17,  811,    3,   44,   17,   14,   62,   32],
       [   4,    5,    2,    0,  761,    2,   26,    5,   20,  157],
       [  11,   47,    4,   56,   11,  650,   37,   12,   40,   24],
       [  13,   11,   19,    1,   11,   16,  877,    9,    1,    0],
       [   8,   29,   34,    1,   15,    0,    1,  842,   35,   63],
       [   9,   21,   15,   28,    8,   24,   18,    6,  801,   44],
       [  23,    7,    4,    6,   23,    8,    1,   17,   19,  901]],
      dtype=int64)}, 63.38296600000467)
[2024-08-13 13:04:50,741][flwr][INFO] - configure_evaluate: no clients selected, skipping evaluation
[2024-08-13 13:04:50,741][flwr][INFO] - 
[2024-08-13 13:04:50,741][flwr][INFO] - [ROUND 8]
[2024-08-13 13:04:50,741][flwr][INFO] - configure_fit: strategy sampled 10 clients (out of 10)
[2024-08-13 13:04:57,621][flwr][INFO] - aggregate_fit: received 10 results and 0 failures
[2024-08-13 13:04:59,716][flwr][INFO] - fit progress: (8, 0.7150497816349354, {'accuracy': 0.8481, 'precision': 0.851331873119314, 'recall': 0.8481, 'f1': 0.8462003728103089, 'confusion_matrix': array([[ 925,    3,    3,    5,    1,    8,   24,    5,    6,    0],
       [   0, 1079,   24,    9,    2,    5,    5,    1,   10,    0],
       [  12,   14,  825,   58,   24,    0,   21,   35,   41,    2],
       [   1,    5,   11,  877,    5,   32,    9,   20,   37,   13],
       [   3,    4,    1,    0,  922,    3,   17,   12,    4,   16],
       [  12,   49,    3,   80,   18,  649,   34,   21,   20,    6],
       [  14,   13,   18,    1,   19,   14,  866,   12,    1,    0],
       [   7,   30,   33,    4,   22,    0,    1,  907,   14,   10],
       [  17,   40,   14,   75,   27,   37,   22,   12,  714,   16],
       [  27,    9,    2,    9,  125,   21,    1,   87,   11,  717]],
      dtype=int64)}, 72.35904429999937)
[2024-08-13 13:04:59,717][flwr][INFO] - configure_evaluate: no clients selected, skipping evaluation
[2024-08-13 13:04:59,717][flwr][INFO] - 
[2024-08-13 13:04:59,717][flwr][INFO] - [ROUND 9]
[2024-08-13 13:04:59,718][flwr][INFO] - configure_fit: strategy sampled 10 clients (out of 10)
[2024-08-13 13:05:06,650][flwr][INFO] - aggregate_fit: received 10 results and 0 failures
[2024-08-13 13:05:08,898][flwr][INFO] - fit progress: (9, 0.7058635393920714, {'accuracy': 0.8534, 'precision': 0.8559844852785603, 'recall': 0.8534, 'f1': 0.8528553662229861, 'confusion_matrix': array([[ 925,    3,    5,    4,    1,    8,   25,    3,    6,    0],
       [   0, 1075,   21,    5,    1,    4,    5,    1,   22,    1],
       [  11,   15,  838,   39,   11,    2,   24,   29,   50,   13],
       [   3,    7,   14,  839,    2,   38,   15,   16,   44,   32],
       [   4,    4,    3,    0,  801,    2,   19,    7,   15,  127],
       [  11,   45,    3,   65,   11,  644,   37,   14,   38,   24],
       [  13,   11,   19,    1,   13,   12,  877,   11,    1,    0],
       [   9,   29,   34,    2,   17,    1,    1,  852,   30,   53],
       [  12,   27,   14,   32,    8,   24,   18,    6,  789,   44],
       [  22,    7,    4,    6,   28,    8,    1,   24,   15,  894]],
      dtype=int64)}, 81.5401991000108)
[2024-08-13 13:05:08,898][flwr][INFO] - configure_evaluate: no clients selected, skipping evaluation
[2024-08-13 13:05:08,898][flwr][INFO] - 
[2024-08-13 13:05:08,899][flwr][INFO] - [ROUND 10]
[2024-08-13 13:05:08,899][flwr][INFO] - configure_fit: strategy sampled 10 clients (out of 10)
[2024-08-13 13:05:15,653][flwr][INFO] - aggregate_fit: received 10 results and 0 failures
[2024-08-13 13:05:17,750][flwr][INFO] - fit progress: (10, 0.7054258725403824, {'accuracy': 0.8537, 'precision': 0.8562817336639434, 'recall': 0.8537, 'f1': 0.8522567715319613, 'confusion_matrix': array([[ 922,    4,    6,    4,    1,   10,   21,    6,    6,    0],
       [   0, 1074,   24,   10,    2,    5,    5,    2,   13,    0],
       [  12,   14,  835,   47,   23,    1,   20,   34,   44,    2],
       [   1,    6,   12,  870,    5,   35,    9,   21,   40,   11],
       [   3,    3,    1,    0,  919,    4,   17,   13,    5,   17],
       [  12,   42,    3,   68,   14,  672,   31,   21,   24,    5],
       [  13,   11,   16,    1,   17,   14,  869,   16,    1,    0],
       [   8,   27,   33,    4,   23,    0,    1,  906,   16,   10],
       [  14,   36,   15,   54,   25,   41,   21,   14,  744,   10],
       [  28,    8,    2,    7,  119,   21,    1,   83,   14,  726]],
      dtype=int64)}, 90.39355860000069)
[2024-08-13 13:05:17,751][flwr][INFO] - configure_evaluate: no clients selected, skipping evaluation
[2024-08-13 13:05:17,751][flwr][INFO] - 
[2024-08-13 13:05:17,751][flwr][INFO] - [SUMMARY]
[2024-08-13 13:05:17,751][flwr][INFO] - Run finished 10 round(s) in 90.39s
[2024-08-13 13:05:17,759][flwr][INFO] - 	History (loss, centralized):
[2024-08-13 13:05:17,759][flwr][INFO] - 		round 0: 2.3025850929940455
[2024-08-13 13:05:17,759][flwr][INFO] - 		round 1: 0.9193238417085118
[2024-08-13 13:05:17,759][flwr][INFO] - 		round 2: 0.7370455859582129
[2024-08-13 13:05:17,760][flwr][INFO] - 		round 3: 0.7175792205446025
[2024-08-13 13:05:17,760][flwr][INFO] - 		round 4: 0.7268081708456978
[2024-08-13 13:05:17,760][flwr][INFO] - 		round 5: 0.7202068062180385
[2024-08-13 13:05:17,760][flwr][INFO] - 		round 6: 0.7154830901261688
[2024-08-13 13:05:17,760][flwr][INFO] - 		round 7: 0.715937092680259
[2024-08-13 13:05:17,760][flwr][INFO] - 		round 8: 0.7150497816349354
[2024-08-13 13:05:17,760][flwr][INFO] - 		round 9: 0.7058635393920714
[2024-08-13 13:05:17,760][flwr][INFO] - 		round 10: 0.7054258725403824
[2024-08-13 13:05:17,760][flwr][INFO] - 	History (metrics, centralized):
[2024-08-13 13:05:17,760][flwr][INFO] - 	{'accuracy': [(0, 0.098),
[2024-08-13 13:05:17,760][flwr][INFO] - 	              (1, 0.7072),
[2024-08-13 13:05:17,760][flwr][INFO] - 	              (2, 0.8093),
[2024-08-13 13:05:17,760][flwr][INFO] - 	              (3, 0.8347),
[2024-08-13 13:05:17,760][flwr][INFO] - 	              (4, 0.8258),
[2024-08-13 13:05:17,760][flwr][INFO] - 	              (5, 0.8429),
[2024-08-13 13:05:17,760][flwr][INFO] - 	              (6, 0.8437),
[2024-08-13 13:05:17,761][flwr][INFO] - 	              (7, 0.8479),
[2024-08-13 13:05:17,761][flwr][INFO] - 	              (8, 0.8481),
[2024-08-13 13:05:17,761][flwr][INFO] - 	              (9, 0.8534),
[2024-08-13 13:05:17,761][flwr][INFO] - 	              (10, 0.8537)],
[2024-08-13 13:05:17,761][flwr][INFO] - 	 'confusion_matrix': [(0,
[2024-08-13 13:05:17,761][flwr][INFO] - 	                       array([[ 980,    0,    0,    0,    0,    0,    0,    0,    0,    0],
[2024-08-13 13:05:17,761][flwr][INFO] - 	       [1135,    0,    0,    0,    0,    0,    0,    0,    0,    0],
[2024-08-13 13:05:17,761][flwr][INFO] - 	       [1032,    0,    0,    0,    0,    0,    0,    0,    0,    0],
[2024-08-13 13:05:17,761][flwr][INFO] - 	       [1010,    0,    0,    0,    0,    0,    0,    0,    0,    0],
[2024-08-13 13:05:17,761][flwr][INFO] - 	       [ 982,    0,    0,    0,    0,    0,    0,    0,    0,    0],
[2024-08-13 13:05:17,761][flwr][INFO] - 	       [ 892,    0,    0,    0,    0,    0,    0,    0,    0,    0],
[2024-08-13 13:05:17,761][flwr][INFO] - 	       [ 958,    0,    0,    0,    0,    0,    0,    0,    0,    0],
[2024-08-13 13:05:17,761][flwr][INFO] - 	       [1028,    0,    0,    0,    0,    0,    0,    0,    0,    0],
[2024-08-13 13:05:17,761][flwr][INFO] - 	       [ 974,    0,    0,    0,    0,    0,    0,    0,    0,    0],
[2024-08-13 13:05:17,761][flwr][INFO] - 	       [1009,    0,    0,    0,    0,    0,    0,    0,    0,    0]],
[2024-08-13 13:05:17,761][flwr][INFO] - 	      dtype=int64)),
[2024-08-13 13:05:17,761][flwr][INFO] - 	                      (1,
[2024-08-13 13:05:17,762][flwr][INFO] - 	                       array([[ 956,    0,    2,    5,    0,    0,    6,    1,   10,    0],
[2024-08-13 13:05:17,762][flwr][INFO] - 	       [   0, 1041,   37,    5,    0,    0,    4,    1,   47,    0],
[2024-08-13 13:05:17,762][flwr][INFO] - 	       [  86,   19,  712,   84,    3,    0,   21,   16,   75,   16],
[2024-08-13 13:05:17,762][flwr][INFO] - 	       [  29,    9,   14,  847,    0,    0,    9,    9,   80,   13],
[2024-08-13 13:05:17,762][flwr][INFO] - 	       [  45,    7,    3,    1,  317,    0,   26,    5,   62,  516],
[2024-08-13 13:05:17,762][flwr][INFO] - 	       [ 253,   58,   10,  223,    4,    5,   27,   13,  239,   60],
[2024-08-13 13:05:17,762][flwr][INFO] - 	       [ 105,   13,   17,    3,    2,    0,  800,    2,   16,    0],
[2024-08-13 13:05:17,762][flwr][INFO] - 	       [  33,   32,   16,    2,    0,    0,    1,  772,   95,   77],
[2024-08-13 13:05:17,762][flwr][INFO] - 	       [  45,    6,    4,  103,    1,    0,   13,    5,  772,   25],
[2024-08-13 13:05:17,762][flwr][INFO] - 	       [  55,    7,    2,   10,    6,    0,    1,   15,   63,  850]],
[2024-08-13 13:05:17,762][flwr][INFO] - 	      dtype=int64)),
[2024-08-13 13:05:17,762][flwr][INFO] - 	                      (2,
[2024-08-13 13:05:17,762][flwr][INFO] - 	                       array([[ 931,    0,    4,    5,    0,    2,   27,    2,    9,    0],
[2024-08-13 13:05:17,762][flwr][INFO] - 	       [   0, 1058,   55,    7,    1,    1,    5,    1,    6,    1],
[2024-08-13 13:05:17,762][flwr][INFO] - 	       [  30,   18,  844,   44,   19,    0,   24,   25,   26,    2],
[2024-08-13 13:05:17,762][flwr][INFO] - 	       [  10,   11,   29,  874,    3,    6,   10,   17,   34,   16],
[2024-08-13 13:05:17,762][flwr][INFO] - 	       [  10,    8,    6,    0,  849,    0,   32,    9,   13,   55],
[2024-08-13 13:05:17,763][flwr][INFO] - 	       [  59,   62,   20,  202,   26,  398,   44,   30,   27,   24],
[2024-08-13 13:05:17,763][flwr][INFO] - 	       [  41,   15,   29,    1,   11,    9,  850,    1,    1,    0],
[2024-08-13 13:05:17,763][flwr][INFO] - 	       [  13,   38,   46,    0,   12,    0,    3,  886,   10,   20],
[2024-08-13 13:05:17,763][flwr][INFO] - 	       [  29,   25,   30,  125,   16,    7,   22,   14,  673,   33],
[2024-08-13 13:05:17,763][flwr][INFO] - 	       [  33,   14,    5,   11,  113,    3,    1,   81,   18,  730]],
[2024-08-13 13:05:17,763][flwr][INFO] - 	      dtype=int64)),
[2024-08-13 13:05:17,763][flwr][INFO] - 	                      (3,
[2024-08-13 13:05:17,763][flwr][INFO] - 	                       array([[ 902,    0,    3,    1,    0,   30,   31,    1,   12,    0],
[2024-08-13 13:05:17,763][flwr][INFO] - 	       [   0, 1064,   38,    1,    1,    8,    4,    1,   17,    1],
[2024-08-13 13:05:17,763][flwr][INFO] - 	       [  20,   18,  823,   41,   19,    1,   26,   24,   52,    8],
[2024-08-13 13:05:17,763][flwr][INFO] - 	       [   5,   13,   21,  798,    2,   57,    8,   14,   74,   18],
[2024-08-13 13:05:17,763][flwr][INFO] - 	       [   7,    7,    2,    0,  802,    4,   26,    5,   18,  111],
[2024-08-13 13:05:17,763][flwr][INFO] - 	       [  24,   54,    8,   69,   11,  642,   28,   14,   24,   18],
[2024-08-13 13:05:17,763][flwr][INFO] - 	       [  24,   15,   21,    1,   12,   20,  861,    2,    2,    0],
[2024-08-13 13:05:17,763][flwr][INFO] - 	       [  10,   36,   34,    0,   14,    0,    1,  845,   41,   47],
[2024-08-13 13:05:17,763][flwr][INFO] - 	       [  12,   19,   16,   49,    9,   47,   18,    7,  758,   39],
[2024-08-13 13:05:17,763][flwr][INFO] - 	       [  23,   10,    4,    5,   48,   16,    1,   27,   23,  852]],
[2024-08-13 13:05:17,764][flwr][INFO] - 	      dtype=int64)),
[2024-08-13 13:05:17,764][flwr][INFO] - 	                      (4,
[2024-08-13 13:05:17,764][flwr][INFO] - 	                       array([[ 919,    1,    2,   11,    3,    5,   29,    4,    6,    0],
[2024-08-13 13:05:17,764][flwr][INFO] - 	       [   0, 1067,   39,   15,    1,    2,    5,    1,    5,    0],
[2024-08-13 13:05:17,764][flwr][INFO] - 	       [  14,    9,  818,   76,   31,    0,   18,   33,   32,    1],
[2024-08-13 13:05:17,764][flwr][INFO] - 	       [   2,    3,   12,  907,    5,   12,    8,   20,   24,   17],
[2024-08-13 13:05:17,764][flwr][INFO] - 	       [   5,    5,    2,    0,  920,    1,   15,   11,    4,   19],
[2024-08-13 13:05:17,764][flwr][INFO] - 	       [  16,   61,   10,  170,   42,  491,   33,   30,   21,   18],
[2024-08-13 13:05:17,764][flwr][INFO] - 	       [  14,   12,   23,    3,   27,   11,  862,    6,    0,    0],
[2024-08-13 13:05:17,764][flwr][INFO] - 	       [   4,   29,   37,    3,   21,    0,    1,  911,    8,   14],
[2024-08-13 13:05:17,764][flwr][INFO] - 	       [  13,   31,   20,  134,   32,   13,   21,   16,  665,   29],
[2024-08-13 13:05:17,764][flwr][INFO] - 	       [  24,   12,    3,   11,  149,    6,    1,   96,    9,  698]],
[2024-08-13 13:05:17,764][flwr][INFO] - 	      dtype=int64)),
[2024-08-13 13:05:17,764][flwr][INFO] - 	                      (5,
[2024-08-13 13:05:17,764][flwr][INFO] - 	                       array([[ 918,    1,    2,    1,    0,   17,   26,    1,   14,    0],
[2024-08-13 13:05:17,764][flwr][INFO] - 	       [   0, 1070,   29,    2,    1,    5,    5,    1,   21,    1],
[2024-08-13 13:05:17,765][flwr][INFO] - 	       [  14,   13,  838,   32,   12,    3,   25,   25,   56,   14],
[2024-08-13 13:05:17,765][flwr][INFO] - 	       [   5,    7,   21,  777,    3,   59,   15,   14,   76,   33],
[2024-08-13 13:05:17,765][flwr][INFO] - 	       [   5,    5,    2,    0,  745,    3,   28,    3,   19,  172],
[2024-08-13 13:05:17,765][flwr][INFO] - 	       [  14,   49,    6,   44,    9,  669,   30,   12,   39,   20],
[2024-08-13 13:05:17,765][flwr][INFO] - 	       [  14,   13,   22,    0,   10,   20,  870,    7,    2,    0],
[2024-08-13 13:05:17,765][flwr][INFO] - 	       [   7,   32,   35,    0,   13,    0,    1,  841,   36,   63],
[2024-08-13 13:05:17,765][flwr][INFO] - 	       [   6,   19,   15,   22,    7,   35,   17,    6,  805,   42],
[2024-08-13 13:05:17,765][flwr][INFO] - 	       [  18,    7,    5,    5,   22,   15,    2,   18,   21,  896]],
[2024-08-13 13:05:17,765][flwr][INFO] - 	      dtype=int64)),
[2024-08-13 13:05:17,765][flwr][INFO] - 	                      (6,
[2024-08-13 13:05:17,765][flwr][INFO] - 	                       array([[ 926,    2,    2,    5,    1,    9,   25,    4,    6,    0],
[2024-08-13 13:05:17,765][flwr][INFO] - 	       [   0, 1075,   28,   11,    2,    4,    5,    1,    9,    0],
[2024-08-13 13:05:17,765][flwr][INFO] - 	       [  13,   13,  823,   65,   26,    0,   20,   32,   38,    2],
[2024-08-13 13:05:17,765][flwr][INFO] - 	       [   2,    4,   12,  883,    5,   25,   10,   18,   35,   16],
[2024-08-13 13:05:17,765][flwr][INFO] - 	       [   4,    4,    2,    0,  921,    2,   17,   11,    4,   17],
[2024-08-13 13:05:17,765][flwr][INFO] - 	       [  15,   55,    7,  101,   22,  609,   32,   22,   18,   11],
[2024-08-13 13:05:17,765][flwr][INFO] - 	       [  13,   14,   20,    1,   20,   14,  865,   10,    1,    0],
[2024-08-13 13:05:17,766][flwr][INFO] - 	       [   6,   32,   34,    4,   21,    0,    1,  902,   13,   15],
[2024-08-13 13:05:17,766][flwr][INFO] - 	       [  15,   37,   17,   92,   26,   30,   21,   13,  700,   23],
[2024-08-13 13:05:17,766][flwr][INFO] - 	       [  24,   12,    2,    9,  122,   15,    1,   81,   10,  733]],
[2024-08-13 13:05:17,766][flwr][INFO] - 	      dtype=int64)),
[2024-08-13 13:05:17,766][flwr][INFO] - 	                      (7,
[2024-08-13 13:05:17,766][flwr][INFO] - 	                       array([[ 925,    1,    3,    2,    1,    9,   27,    2,   10,    0],
[2024-08-13 13:05:17,766][flwr][INFO] - 	       [   0, 1073,   26,    2,    1,    4,    5,    1,   22,    1],
[2024-08-13 13:05:17,766][flwr][INFO] - 	       [  11,   13,  838,   36,   12,    2,   24,   27,   56,   13],
[2024-08-13 13:05:17,766][flwr][INFO] - 	       [   3,    7,   17,  811,    3,   44,   17,   14,   62,   32],
[2024-08-13 13:05:17,766][flwr][INFO] - 	       [   4,    5,    2,    0,  761,    2,   26,    5,   20,  157],
[2024-08-13 13:05:17,766][flwr][INFO] - 	       [  11,   47,    4,   56,   11,  650,   37,   12,   40,   24],
[2024-08-13 13:05:17,766][flwr][INFO] - 	       [  13,   11,   19,    1,   11,   16,  877,    9,    1,    0],
[2024-08-13 13:05:17,766][flwr][INFO] - 	       [   8,   29,   34,    1,   15,    0,    1,  842,   35,   63],
[2024-08-13 13:05:17,766][flwr][INFO] - 	       [   9,   21,   15,   28,    8,   24,   18,    6,  801,   44],
[2024-08-13 13:05:17,766][flwr][INFO] - 	       [  23,    7,    4,    6,   23,    8,    1,   17,   19,  901]],
[2024-08-13 13:05:17,766][flwr][INFO] - 	      dtype=int64)),
[2024-08-13 13:05:17,766][flwr][INFO] - 	                      (8,
[2024-08-13 13:05:17,767][flwr][INFO] - 	                       array([[ 925,    3,    3,    5,    1,    8,   24,    5,    6,    0],
[2024-08-13 13:05:17,767][flwr][INFO] - 	       [   0, 1079,   24,    9,    2,    5,    5,    1,   10,    0],
[2024-08-13 13:05:17,767][flwr][INFO] - 	       [  12,   14,  825,   58,   24,    0,   21,   35,   41,    2],
[2024-08-13 13:05:17,767][flwr][INFO] - 	       [   1,    5,   11,  877,    5,   32,    9,   20,   37,   13],
[2024-08-13 13:05:17,767][flwr][INFO] - 	       [   3,    4,    1,    0,  922,    3,   17,   12,    4,   16],
[2024-08-13 13:05:17,767][flwr][INFO] - 	       [  12,   49,    3,   80,   18,  649,   34,   21,   20,    6],
[2024-08-13 13:05:17,767][flwr][INFO] - 	       [  14,   13,   18,    1,   19,   14,  866,   12,    1,    0],
[2024-08-13 13:05:17,767][flwr][INFO] - 	       [   7,   30,   33,    4,   22,    0,    1,  907,   14,   10],
[2024-08-13 13:05:17,767][flwr][INFO] - 	       [  17,   40,   14,   75,   27,   37,   22,   12,  714,   16],
[2024-08-13 13:05:17,767][flwr][INFO] - 	       [  27,    9,    2,    9,  125,   21,    1,   87,   11,  717]],
[2024-08-13 13:05:17,767][flwr][INFO] - 	      dtype=int64)),
[2024-08-13 13:05:17,767][flwr][INFO] - 	                      (9,
[2024-08-13 13:05:17,767][flwr][INFO] - 	                       array([[ 925,    3,    5,    4,    1,    8,   25,    3,    6,    0],
[2024-08-13 13:05:17,767][flwr][INFO] - 	       [   0, 1075,   21,    5,    1,    4,    5,    1,   22,    1],
[2024-08-13 13:05:17,767][flwr][INFO] - 	       [  11,   15,  838,   39,   11,    2,   24,   29,   50,   13],
[2024-08-13 13:05:17,767][flwr][INFO] - 	       [   3,    7,   14,  839,    2,   38,   15,   16,   44,   32],
[2024-08-13 13:05:17,767][flwr][INFO] - 	       [   4,    4,    3,    0,  801,    2,   19,    7,   15,  127],
[2024-08-13 13:05:17,768][flwr][INFO] - 	       [  11,   45,    3,   65,   11,  644,   37,   14,   38,   24],
[2024-08-13 13:05:17,768][flwr][INFO] - 	       [  13,   11,   19,    1,   13,   12,  877,   11,    1,    0],
[2024-08-13 13:05:17,768][flwr][INFO] - 	       [   9,   29,   34,    2,   17,    1,    1,  852,   30,   53],
[2024-08-13 13:05:17,768][flwr][INFO] - 	       [  12,   27,   14,   32,    8,   24,   18,    6,  789,   44],
[2024-08-13 13:05:17,768][flwr][INFO] - 	       [  22,    7,    4,    6,   28,    8,    1,   24,   15,  894]],
[2024-08-13 13:05:17,768][flwr][INFO] - 	      dtype=int64)),
[2024-08-13 13:05:17,768][flwr][INFO] - 	                      (10,
[2024-08-13 13:05:17,768][flwr][INFO] - 	                       array([[ 922,    4,    6,    4,    1,   10,   21,    6,    6,    0],
[2024-08-13 13:05:17,768][flwr][INFO] - 	       [   0, 1074,   24,   10,    2,    5,    5,    2,   13,    0],
[2024-08-13 13:05:17,768][flwr][INFO] - 	       [  12,   14,  835,   47,   23,    1,   20,   34,   44,    2],
[2024-08-13 13:05:17,768][flwr][INFO] - 	       [   1,    6,   12,  870,    5,   35,    9,   21,   40,   11],
[2024-08-13 13:05:17,768][flwr][INFO] - 	       [   3,    3,    1,    0,  919,    4,   17,   13,    5,   17],
[2024-08-13 13:05:17,768][flwr][INFO] - 	       [  12,   42,    3,   68,   14,  672,   31,   21,   24,    5],
[2024-08-13 13:05:17,768][flwr][INFO] - 	       [  13,   11,   16,    1,   17,   14,  869,   16,    1,    0],
[2024-08-13 13:05:17,768][flwr][INFO] - 	       [   8,   27,   33,    4,   23,    0,    1,  906,   16,   10],
[2024-08-13 13:05:17,768][flwr][INFO] - 	       [  14,   36,   15,   54,   25,   41,   21,   14,  744,   10],
[2024-08-13 13:05:17,768][flwr][INFO] - 	       [  28,    8,    2,    7,  119,   21,    1,   83,   14,  726]],
[2024-08-13 13:05:17,769][flwr][INFO] - 	      dtype=int64))],
[2024-08-13 13:05:17,769][flwr][INFO] - 	 'f1': [(0, 0.017493624772313296),
[2024-08-13 13:05:17,769][flwr][INFO] - 	        (1, 0.6722310126568023),
[2024-08-13 13:05:17,769][flwr][INFO] - 	        (2, 0.8030755143798944),
[2024-08-13 13:05:17,769][flwr][INFO] - 	        (3, 0.8341592802559474),
[2024-08-13 13:05:17,769][flwr][INFO] - 	        (4, 0.8221304548429296),
[2024-08-13 13:05:17,769][flwr][INFO] - 	        (5, 0.8428998341059553),
[2024-08-13 13:05:17,769][flwr][INFO] - 	        (6, 0.841568655293367),
[2024-08-13 13:05:17,769][flwr][INFO] - 	        (7, 0.847655309920191),
[2024-08-13 13:05:17,769][flwr][INFO] - 	        (8, 0.8462003728103089),
[2024-08-13 13:05:17,769][flwr][INFO] - 	        (9, 0.8528553662229861),
[2024-08-13 13:05:17,769][flwr][INFO] - 	        (10, 0.8522567715319613)],
[2024-08-13 13:05:17,769][flwr][INFO] - 	 'precision': [(0, 0.009604000000000001),
[2024-08-13 13:05:17,769][flwr][INFO] - 	               (1, 0.7823345448340364),
[2024-08-13 13:05:17,769][flwr][INFO] - 	               (2, 0.8181953997726648),
[2024-08-13 13:05:17,769][flwr][INFO] - 	               (3, 0.8355210649554634),
[2024-08-13 13:05:17,769][flwr][INFO] - 	               (4, 0.8365006418514442),
[2024-08-13 13:05:17,770][flwr][INFO] - 	               (5, 0.8483710695171791),
[2024-08-13 13:05:17,770][flwr][INFO] - 	               (6, 0.8472010921008759),
[2024-08-13 13:05:17,770][flwr][INFO] - 	               (7, 0.8525275339153598),
[2024-08-13 13:05:17,770][flwr][INFO] - 	               (8, 0.851331873119314),
[2024-08-13 13:05:17,770][flwr][INFO] - 	               (9, 0.8559844852785603),
[2024-08-13 13:05:17,770][flwr][INFO] - 	               (10, 0.8562817336639434)],
[2024-08-13 13:05:17,770][flwr][INFO] - 	 'recall': [(0, 0.098),
[2024-08-13 13:05:17,770][flwr][INFO] - 	            (1, 0.7072),
[2024-08-13 13:05:17,770][flwr][INFO] - 	            (2, 0.8093),
[2024-08-13 13:05:17,770][flwr][INFO] - 	            (3, 0.8347),
[2024-08-13 13:05:17,770][flwr][INFO] - 	            (4, 0.8258),
[2024-08-13 13:05:17,770][flwr][INFO] - 	            (5, 0.8429),
[2024-08-13 13:05:17,770][flwr][INFO] - 	            (6, 0.8437),
[2024-08-13 13:05:17,770][flwr][INFO] - 	            (7, 0.8479),
[2024-08-13 13:05:17,770][flwr][INFO] - 	            (8, 0.8481),
[2024-08-13 13:05:17,770][flwr][INFO] - 	            (9, 0.8534),
[2024-08-13 13:05:17,771][flwr][INFO] - 	            (10, 0.8537)]}
[2024-08-13 13:05:17,771][flwr][INFO] - 
