[2024-08-13 11:51:56,448][flwr][INFO] - Starting Flower simulation, config: num_rounds=10, no round_timeout
[2024-08-13 11:52:00,608][flwr][INFO] - Flower VCE: Ray initialized with resources: {'node:127.0.0.1': 1.0, 'object_store_memory': 2540616499.0, 'memory': 5081232999.0, 'CPU': 16.0, 'accelerator_type:G': 1.0, 'node:__internal_head__': 1.0, 'GPU': 1.0}
[2024-08-13 11:52:00,608][flwr][INFO] - Optimize your simulation with Flower VCE: https://flower.ai/docs/framework/how-to-run-simulations.html
[2024-08-13 11:52:00,608][flwr][INFO] - Flower VCE: Resources for each Virtual Client: {'num_cpus': 2, 'num_gpus': 0.5}
[2024-08-13 11:52:00,619][flwr][INFO] - Flower VCE: Creating VirtualClientEngineActorPool with 2 actors
[2024-08-13 11:52:00,619][flwr][INFO] - [INIT]
[2024-08-13 11:52:00,620][flwr][INFO] - Requesting initial parameters from one random client
[2024-08-13 11:52:07,927][flwr][INFO] - Received initial parameters from one random client
[2024-08-13 11:52:07,927][flwr][INFO] - Evaluating initial global parameters
[2024-08-13 11:52:10,177][flwr][INFO] - initial parameters (loss, other metrics): 2.3025850929940455, {'accuracy': 0.098, 'precision': 0.009604000000000001, 'recall': 0.098, 'f1': 0.017493624772313296, 'confusion_matrix': array([[ 980,    0,    0,    0,    0,    0,    0,    0,    0,    0],
       [1135,    0,    0,    0,    0,    0,    0,    0,    0,    0],
       [1032,    0,    0,    0,    0,    0,    0,    0,    0,    0],
       [1010,    0,    0,    0,    0,    0,    0,    0,    0,    0],
       [ 982,    0,    0,    0,    0,    0,    0,    0,    0,    0],
       [ 892,    0,    0,    0,    0,    0,    0,    0,    0,    0],
       [ 958,    0,    0,    0,    0,    0,    0,    0,    0,    0],
       [1028,    0,    0,    0,    0,    0,    0,    0,    0,    0],
       [ 974,    0,    0,    0,    0,    0,    0,    0,    0,    0],
       [1009,    0,    0,    0,    0,    0,    0,    0,    0,    0]],
      dtype=int64)}
[2024-08-13 11:52:10,178][flwr][INFO] - 
[2024-08-13 11:52:10,178][flwr][INFO] - [ROUND 1]
[2024-08-13 11:52:10,179][flwr][INFO] - configure_fit: strategy sampled 10 clients (out of 10)
[2024-08-13 11:52:18,881][flwr][INFO] - aggregate_fit: received 10 results and 0 failures
[2024-08-13 11:52:18,884][flwr][WARNING] - No fit_metrics_aggregation_fn provided
[2024-08-13 11:52:21,022][flwr][INFO] - fit progress: (1, 1.0715133568077004, {'accuracy': 0.6569, 'precision': 0.7421776446448681, 'recall': 0.6569, 'f1': 0.6214517709789193, 'confusion_matrix': array([[959,   0,   2,   4,   0,   0,   5,   1,   9,   0],
       [  0, 912, 174,   8,   0,   0,   4,   1,  27,   9],
       [ 86,   5, 602, 227,   4,   0,  18,  18,  41,  31],
       [ 24,   3,   9, 876,   1,   0,   7,  11,  41,  38],
       [ 59,   4,   4,   1, 244,   0,  17,  19,  22, 612],
       [271,  59,  24, 238,   5,   6,  27,  16, 142, 104],
       [131,  12,  28,   6,   3,   0, 761,   9,   5,   3],
       [ 40,  19,  26,   3,   2,   0,   1, 727, 112,  98],
       [ 59,   6,  16, 178,   4,   0,  10,   3, 610,  88],
       [ 71,   3,   1,   9,  11,   0,   0,  12,  30, 872]], dtype=int64)}, 10.844641899995622)
[2024-08-13 11:52:21,023][flwr][INFO] - configure_evaluate: no clients selected, skipping evaluation
[2024-08-13 11:52:21,023][flwr][INFO] - 
[2024-08-13 11:52:21,023][flwr][INFO] - [ROUND 2]
[2024-08-13 11:52:21,023][flwr][INFO] - configure_fit: strategy sampled 10 clients (out of 10)
[2024-08-13 11:52:27,860][flwr][INFO] - aggregate_fit: received 10 results and 0 failures
[2024-08-13 11:52:29,940][flwr][INFO] - fit progress: (2, 0.9011079216744016, {'accuracy': 0.7533, 'precision': 0.7814400713631838, 'recall': 0.7533, 'f1': 0.7413958199308442, 'confusion_matrix': array([[892,   2,   3,   1,   3,   7,  57,   6,   9,   0],
       [  0, 970, 142,   2,   2,   4,   5,   1,   9,   0],
       [ 17,  11, 821,  55,  31,   0,  24,  36,  37,   0],
       [  3,  14,  30, 777,  39,  27,  17,  20,  80,   3],
       [  7,   5,   6,   0, 878,   1,  22,  46,  13,   4],
       [ 23,  82,  18, 104,  44, 490,  53,  32,  43,   3],
       [ 16,  14,  35,   0,  23,   5, 844,  21,   0,   0],
       [  8,  29,  43,   0,  23,   0,   1, 886,  38,   0],
       [ 16,  34,  30,  78,  69,  16,  30,  15, 683,   3],
       [ 24,  10,   4,   2, 396,   9,   2, 215,  55, 292]], dtype=int64)}, 19.762223800003994)
[2024-08-13 11:52:29,941][flwr][INFO] - configure_evaluate: no clients selected, skipping evaluation
[2024-08-13 11:52:29,941][flwr][INFO] - 
[2024-08-13 11:52:29,941][flwr][INFO] - [ROUND 3]
[2024-08-13 11:52:29,941][flwr][INFO] - configure_fit: strategy sampled 10 clients (out of 10)
[2024-08-13 11:52:36,715][flwr][INFO] - aggregate_fit: received 10 results and 0 failures
[2024-08-13 11:52:38,806][flwr][INFO] - fit progress: (3, 0.9113513752429124, {'accuracy': 0.7332, 'precision': 0.7872659487264638, 'recall': 0.7332, 'f1': 0.7318292225579882, 'confusion_matrix': array([[ 895,    3,    2,    8,    0,   16,   36,    1,    4,   15],
       [   0, 1035,   66,    3,    0,    4,    4,    1,    2,   20],
       [  16,   21,  735,  122,    8,    1,   24,   26,   39,   40],
       [   0,   10,    8,  822,    2,   38,   11,    9,   20,   90],
       [   8,    7,    2,    0,  347,    6,   17,   14,    5,  576],
       [  13,   81,   13,  115,    4,  524,   36,   14,   22,   70],
       [  16,   19,   26,    1,    5,   12,  854,   21,    1,    3],
       [  14,   31,   28,    2,    7,    0,    1,  707,   39,  199],
       [   7,   47,   12,  113,    3,   29,   20,    4,  475,  264],
       [  20,    6,    2,    6,   12,   10,    1,   10,    4,  938]],
      dtype=int64)}, 28.628578300005756)
[2024-08-13 11:52:38,807][flwr][INFO] - configure_evaluate: no clients selected, skipping evaluation
[2024-08-13 11:52:38,807][flwr][INFO] - 
[2024-08-13 11:52:38,807][flwr][INFO] - [ROUND 4]
[2024-08-13 11:52:38,807][flwr][INFO] - configure_fit: strategy sampled 10 clients (out of 10)
[2024-08-13 11:52:45,574][flwr][INFO] - aggregate_fit: received 10 results and 0 failures
[2024-08-13 11:52:47,653][flwr][INFO] - fit progress: (4, 0.9395376612179842, {'accuracy': 0.7419, 'precision': 0.7899079780976196, 'recall': 0.7419, 'f1': 0.7069551715786235, 'confusion_matrix': array([[897,   6,   2,   5,   5,   9,  29,  13,  14,   0],
       [  0, 989, 109,   2,   2,   4,   4,   2,  23,   0],
       [ 12,  14, 807,  47,  39,   1,  18,  39,  55,   0],
       [  1,  12,  20, 772,  36,  40,  10,  20,  99,   0],
       [  5,   4,   1,   0, 916,   2,  15,  27,  12,   0],
       [ 15,  73,  15,  73,  37, 556,  37,  31,  55,   0],
       [ 12,  14,  29,   0,  28,  10, 823,  40,   2,   0],
       [  7,  23,  34,   0,  25,   0,   0, 880,  59,   0],
       [  9,  25,  20,  45,  50,  19,  20,   9, 777,   0],
       [ 25,   7,   3,   2, 585,  25,   1, 236, 123,   2]], dtype=int64)}, 37.47499499999685)
[2024-08-13 11:52:47,654][flwr][INFO] - configure_evaluate: no clients selected, skipping evaluation
[2024-08-13 11:52:47,654][flwr][INFO] - 
[2024-08-13 11:52:47,654][flwr][INFO] - [ROUND 5]
[2024-08-13 11:52:47,655][flwr][INFO] - configure_fit: strategy sampled 10 clients (out of 10)
[2024-08-13 11:52:54,619][flwr][INFO] - aggregate_fit: received 10 results and 0 failures
[2024-08-13 11:52:56,703][flwr][INFO] - fit progress: (5, 0.8666323710207217, {'accuracy': 0.8022, 'precision': 0.8078494791734765, 'recall': 0.8022, 'f1': 0.7998665344953062, 'confusion_matrix': array([[ 901,   11,    2,    9,    0,   10,   36,    5,    6,    0],
       [   0, 1035,   70,    8,    1,    8,    5,    1,    4,    3],
       [  13,   25,  786,   89,   11,    1,   24,   35,   37,   11],
       [   2,   15,   11,  850,    2,   38,   13,   15,   23,   41],
       [   7,    6,    3,    0,  725,   15,   28,   38,    7,  153],
       [  14,   82,   11,   94,    8,  579,   43,   22,   17,   22],
       [  13,   16,   24,    1,    7,    8,  859,   29,    1,    0],
       [  13,   31,   37,    4,   13,    0,    2,  850,   30,   48],
       [  16,   50,   18,  119,    9,   40,   27,    9,  577,  109],
       [  31,    8,    2,    7,   28,   19,    2,   42,   10,  860]],
      dtype=int64)}, 46.524968400000944)
[2024-08-13 11:52:56,704][flwr][INFO] - configure_evaluate: no clients selected, skipping evaluation
[2024-08-13 11:52:56,704][flwr][INFO] - 
[2024-08-13 11:52:56,704][flwr][INFO] - [ROUND 6]
[2024-08-13 11:52:56,704][flwr][INFO] - configure_fit: strategy sampled 10 clients (out of 10)
[2024-08-13 11:53:03,432][flwr][INFO] - aggregate_fit: received 10 results and 0 failures
[2024-08-13 11:53:05,516][flwr][INFO] - fit progress: (6, 0.8534791419683414, {'accuracy': 0.797, 'precision': 0.8256561414564519, 'recall': 0.797, 'f1': 0.7956380679752368, 'confusion_matrix': array([[ 902,   13,    2,    3,    5,    5,   21,    6,   23,    0],
       [   0, 1020,   56,    3,    1,    2,    4,    1,   48,    0],
       [  10,   15,  811,   32,   44,    0,   16,   29,   74,    1],
       [   3,   15,   19,  736,   34,   31,   12,   15,  140,    5],
       [   4,    3,    1,    0,  924,    1,   13,   15,   17,    4],
       [  17,   61,    7,   49,   43,  518,   41,   22,  129,    5],
       [  11,   14,   26,    0,   32,    6,  841,   25,    3,    0],
       [  10,   23,   29,    1,   35,    0,    0,  833,   94,    3],
       [  10,   10,   16,   13,   35,   14,   16,    3,  855,    2],
       [  35,    5,    2,    2,  244,    7,    1,   75,  108,  530]],
      dtype=int64)}, 55.33821899999748)
[2024-08-13 11:53:05,517][flwr][INFO] - configure_evaluate: no clients selected, skipping evaluation
[2024-08-13 11:53:05,517][flwr][INFO] - 
[2024-08-13 11:53:05,517][flwr][INFO] - [ROUND 7]
[2024-08-13 11:53:05,518][flwr][INFO] - configure_fit: strategy sampled 10 clients (out of 10)
[2024-08-13 11:53:12,291][flwr][INFO] - aggregate_fit: received 10 results and 0 failures
[2024-08-13 11:53:14,377][flwr][INFO] - fit progress: (7, 0.8803875364730206, {'accuracy': 0.7513, 'precision': 0.7997615373071989, 'recall': 0.7513, 'f1': 0.7384677014882299, 'confusion_matrix': array([[ 885,   28,    1,    9,    1,   18,   26,    8,    0,    4],
       [   0, 1039,   61,   11,    1,    6,    7,    1,    0,    9],
       [  12,   21,  767,  117,    8,    3,   24,   37,   11,   32],
       [   1,   11,    6,  859,    1,   39,    7,   16,    3,   67],
       [   3,    6,    2,    1,  534,   24,   20,   30,    1,  361],
       [  10,   60,    8,   85,    5,  622,   37,   25,    1,   39],
       [  12,   12,   17,    0,    4,   14,  861,   35,    0,    3],
       [  11,   26,   31,    5,    7,    1,    0,  843,    3,  101],
       [  12,   57,   16,  157,    4,   64,   27,   11,  181,  445],
       [  22,    6,    2,    8,   12,   14,    1,   22,    0,  922]],
      dtype=int64)}, 64.19921130000148)
[2024-08-13 11:53:14,378][flwr][INFO] - configure_evaluate: no clients selected, skipping evaluation
[2024-08-13 11:53:14,378][flwr][INFO] - 
[2024-08-13 11:53:14,378][flwr][INFO] - [ROUND 8]
[2024-08-13 11:53:14,379][flwr][INFO] - configure_fit: strategy sampled 10 clients (out of 10)
[2024-08-13 11:53:21,185][flwr][INFO] - aggregate_fit: received 10 results and 0 failures
[2024-08-13 11:53:23,324][flwr][INFO] - fit progress: (8, 0.8504458275793054, {'accuracy': 0.8086, 'precision': 0.8258404312202562, 'recall': 0.8086, 'f1': 0.8056997999757292, 'confusion_matrix': array([[ 899,   30,    3,    3,    2,    7,   22,    5,    9,    0],
       [   0, 1016,   62,    7,    1,    4,    5,    1,   39,    0],
       [  11,   15,  818,   42,   31,    0,   20,   32,   63,    0],
       [   4,   15,   15,  783,   19,   39,   13,   17,  101,    4],
       [   6,    3,    2,    0,  906,    5,   18,   19,   19,    4],
       [  16,   53,    5,   53,   19,  593,   43,   22,   86,    2],
       [  12,   13,   19,    0,   18,    6,  860,   29,    1,    0],
       [  12,   24,   35,    1,   27,    0,    1,  857,   70,    1],
       [  15,   13,   17,   25,   28,   18,   20,    5,  833,    0],
       [  57,    6,    3,    3,  192,   24,    1,   99,  103,  521]],
      dtype=int64)}, 73.14532369999506)
[2024-08-13 11:53:23,324][flwr][INFO] - configure_evaluate: no clients selected, skipping evaluation
[2024-08-13 11:53:23,324][flwr][INFO] - 
[2024-08-13 11:53:23,324][flwr][INFO] - [ROUND 9]
[2024-08-13 11:53:23,325][flwr][INFO] - configure_fit: strategy sampled 10 clients (out of 10)
[2024-08-13 11:53:29,935][flwr][INFO] - aggregate_fit: received 10 results and 0 failures
[2024-08-13 11:53:32,171][flwr][INFO] - fit progress: (9, 0.842441078511344, {'accuracy': 0.7862, 'precision': 0.8128808917987239, 'recall': 0.7862, 'f1': 0.7825399099032531, 'confusion_matrix': array([[ 879,   41,    3,    7,    1,    9,   29,    6,    2,    3],
       [   0, 1042,   54,   12,    2,    5,    8,    1,    4,    7],
       [  10,   22,  794,   87,    9,    2,   25,   35,   22,   26],
       [   2,   11,    6,  859,    2,   35,   11,   15,    8,   61],
       [   4,    6,    2,    1,  695,    2,   20,   19,    2,  231],
       [  14,   60,    6,   82,    8,  599,   47,   21,   11,   44],
       [  11,   13,   16,    0,    7,    9,  868,   32,    0,    2],
       [  10,   28,   32,    5,   13,    0,    1,  829,    6,  104],
       [  17,   48,   18,  114,   11,   40,   24,    9,  380,  313],
       [  24,    7,    2,    9,   19,   11,    1,   18,    1,  917]],
      dtype=int64)}, 81.99303399999917)
[2024-08-13 11:53:32,172][flwr][INFO] - configure_evaluate: no clients selected, skipping evaluation
[2024-08-13 11:53:32,172][flwr][INFO] - 
[2024-08-13 11:53:32,172][flwr][INFO] - [ROUND 10]
[2024-08-13 11:53:32,173][flwr][INFO] - configure_fit: strategy sampled 10 clients (out of 10)
[2024-08-13 11:53:38,684][flwr][INFO] - aggregate_fit: received 10 results and 0 failures
[2024-08-13 11:53:40,751][flwr][INFO] - fit progress: (10, 0.8513189558633963, {'accuracy': 0.8037, 'precision': 0.8258200720929082, 'recall': 0.8037, 'f1': 0.800917987458968, 'confusion_matrix': array([[ 877,   46,    3,    1,    3,    7,   19,   10,   14,    0],
       [   0, 1026,   44,    7,    1,    4,    5,    1,   47,    0],
       [  11,   15,  803,   42,   35,    0,   19,   34,   73,    0],
       [   2,   14,   13,  771,   24,   42,   13,   15,  113,    3],
       [   4,    3,    1,    0,  909,    7,   16,   18,   22,    2],
       [  12,   51,    5,   42,   19,  601,   43,   22,   95,    2],
       [  13,   11,   15,    0,   19,    8,  850,   40,    2,    0],
       [  12,   23,   32,    1,   28,    0,    0,  856,   76,    0],
       [   9,   12,   14,   20,   26,   19,   18,    3,  853,    0],
       [  54,    6,    3,    3,  198,   28,    1,  105,  120,  491]],
      dtype=int64)}, 90.57362500000454)
[2024-08-13 11:53:40,752][flwr][INFO] - configure_evaluate: no clients selected, skipping evaluation
[2024-08-13 11:53:40,752][flwr][INFO] - 
[2024-08-13 11:53:40,752][flwr][INFO] - [SUMMARY]
[2024-08-13 11:53:40,753][flwr][INFO] - Run finished 10 round(s) in 90.57s
[2024-08-13 11:53:40,760][flwr][INFO] - 	History (loss, centralized):
[2024-08-13 11:53:40,761][flwr][INFO] - 		round 0: 2.3025850929940455
[2024-08-13 11:53:40,761][flwr][INFO] - 		round 1: 1.0715133568077004
[2024-08-13 11:53:40,761][flwr][INFO] - 		round 2: 0.9011079216744016
[2024-08-13 11:53:40,761][flwr][INFO] - 		round 3: 0.9113513752429124
[2024-08-13 11:53:40,761][flwr][INFO] - 		round 4: 0.9395376612179842
[2024-08-13 11:53:40,761][flwr][INFO] - 		round 5: 0.8666323710207217
[2024-08-13 11:53:40,761][flwr][INFO] - 		round 6: 0.8534791419683414
[2024-08-13 11:53:40,761][flwr][INFO] - 		round 7: 0.8803875364730206
[2024-08-13 11:53:40,761][flwr][INFO] - 		round 8: 0.8504458275793054
[2024-08-13 11:53:40,761][flwr][INFO] - 		round 9: 0.842441078511344
[2024-08-13 11:53:40,761][flwr][INFO] - 		round 10: 0.8513189558633963
[2024-08-13 11:53:40,761][flwr][INFO] - 	History (metrics, centralized):
[2024-08-13 11:53:40,761][flwr][INFO] - 	{'accuracy': [(0, 0.098),
[2024-08-13 11:53:40,761][flwr][INFO] - 	              (1, 0.6569),
[2024-08-13 11:53:40,762][flwr][INFO] - 	              (2, 0.7533),
[2024-08-13 11:53:40,762][flwr][INFO] - 	              (3, 0.7332),
[2024-08-13 11:53:40,762][flwr][INFO] - 	              (4, 0.7419),
[2024-08-13 11:53:40,762][flwr][INFO] - 	              (5, 0.8022),
[2024-08-13 11:53:40,762][flwr][INFO] - 	              (6, 0.797),
[2024-08-13 11:53:40,762][flwr][INFO] - 	              (7, 0.7513),
[2024-08-13 11:53:40,762][flwr][INFO] - 	              (8, 0.8086),
[2024-08-13 11:53:40,762][flwr][INFO] - 	              (9, 0.7862),
[2024-08-13 11:53:40,762][flwr][INFO] - 	              (10, 0.8037)],
[2024-08-13 11:53:40,762][flwr][INFO] - 	 'confusion_matrix': [(0,
[2024-08-13 11:53:40,762][flwr][INFO] - 	                       array([[ 980,    0,    0,    0,    0,    0,    0,    0,    0,    0],
[2024-08-13 11:53:40,762][flwr][INFO] - 	       [1135,    0,    0,    0,    0,    0,    0,    0,    0,    0],
[2024-08-13 11:53:40,762][flwr][INFO] - 	       [1032,    0,    0,    0,    0,    0,    0,    0,    0,    0],
[2024-08-13 11:53:40,762][flwr][INFO] - 	       [1010,    0,    0,    0,    0,    0,    0,    0,    0,    0],
[2024-08-13 11:53:40,762][flwr][INFO] - 	       [ 982,    0,    0,    0,    0,    0,    0,    0,    0,    0],
[2024-08-13 11:53:40,763][flwr][INFO] - 	       [ 892,    0,    0,    0,    0,    0,    0,    0,    0,    0],
[2024-08-13 11:53:40,763][flwr][INFO] - 	       [ 958,    0,    0,    0,    0,    0,    0,    0,    0,    0],
[2024-08-13 11:53:40,763][flwr][INFO] - 	       [1028,    0,    0,    0,    0,    0,    0,    0,    0,    0],
[2024-08-13 11:53:40,763][flwr][INFO] - 	       [ 974,    0,    0,    0,    0,    0,    0,    0,    0,    0],
[2024-08-13 11:53:40,763][flwr][INFO] - 	       [1009,    0,    0,    0,    0,    0,    0,    0,    0,    0]],
[2024-08-13 11:53:40,763][flwr][INFO] - 	      dtype=int64)),
[2024-08-13 11:53:40,763][flwr][INFO] - 	                      (1,
[2024-08-13 11:53:40,763][flwr][INFO] - 	                       array([[959,   0,   2,   4,   0,   0,   5,   1,   9,   0],
[2024-08-13 11:53:40,763][flwr][INFO] - 	       [  0, 912, 174,   8,   0,   0,   4,   1,  27,   9],
[2024-08-13 11:53:40,763][flwr][INFO] - 	       [ 86,   5, 602, 227,   4,   0,  18,  18,  41,  31],
[2024-08-13 11:53:40,763][flwr][INFO] - 	       [ 24,   3,   9, 876,   1,   0,   7,  11,  41,  38],
[2024-08-13 11:53:40,763][flwr][INFO] - 	       [ 59,   4,   4,   1, 244,   0,  17,  19,  22, 612],
[2024-08-13 11:53:40,763][flwr][INFO] - 	       [271,  59,  24, 238,   5,   6,  27,  16, 142, 104],
[2024-08-13 11:53:40,763][flwr][INFO] - 	       [131,  12,  28,   6,   3,   0, 761,   9,   5,   3],
[2024-08-13 11:53:40,763][flwr][INFO] - 	       [ 40,  19,  26,   3,   2,   0,   1, 727, 112,  98],
[2024-08-13 11:53:40,763][flwr][INFO] - 	       [ 59,   6,  16, 178,   4,   0,  10,   3, 610,  88],
[2024-08-13 11:53:40,763][flwr][INFO] - 	       [ 71,   3,   1,   9,  11,   0,   0,  12,  30, 872]], dtype=int64)),
[2024-08-13 11:53:40,763][flwr][INFO] - 	                      (2,
[2024-08-13 11:53:40,764][flwr][INFO] - 	                       array([[892,   2,   3,   1,   3,   7,  57,   6,   9,   0],
[2024-08-13 11:53:40,764][flwr][INFO] - 	       [  0, 970, 142,   2,   2,   4,   5,   1,   9,   0],
[2024-08-13 11:53:40,764][flwr][INFO] - 	       [ 17,  11, 821,  55,  31,   0,  24,  36,  37,   0],
[2024-08-13 11:53:40,764][flwr][INFO] - 	       [  3,  14,  30, 777,  39,  27,  17,  20,  80,   3],
[2024-08-13 11:53:40,764][flwr][INFO] - 	       [  7,   5,   6,   0, 878,   1,  22,  46,  13,   4],
[2024-08-13 11:53:40,764][flwr][INFO] - 	       [ 23,  82,  18, 104,  44, 490,  53,  32,  43,   3],
[2024-08-13 11:53:40,764][flwr][INFO] - 	       [ 16,  14,  35,   0,  23,   5, 844,  21,   0,   0],
[2024-08-13 11:53:40,764][flwr][INFO] - 	       [  8,  29,  43,   0,  23,   0,   1, 886,  38,   0],
[2024-08-13 11:53:40,764][flwr][INFO] - 	       [ 16,  34,  30,  78,  69,  16,  30,  15, 683,   3],
[2024-08-13 11:53:40,764][flwr][INFO] - 	       [ 24,  10,   4,   2, 396,   9,   2, 215,  55, 292]], dtype=int64)),
[2024-08-13 11:53:40,764][flwr][INFO] - 	                      (3,
[2024-08-13 11:53:40,764][flwr][INFO] - 	                       array([[ 895,    3,    2,    8,    0,   16,   36,    1,    4,   15],
[2024-08-13 11:53:40,764][flwr][INFO] - 	       [   0, 1035,   66,    3,    0,    4,    4,    1,    2,   20],
[2024-08-13 11:53:40,764][flwr][INFO] - 	       [  16,   21,  735,  122,    8,    1,   24,   26,   39,   40],
[2024-08-13 11:53:40,764][flwr][INFO] - 	       [   0,   10,    8,  822,    2,   38,   11,    9,   20,   90],
[2024-08-13 11:53:40,764][flwr][INFO] - 	       [   8,    7,    2,    0,  347,    6,   17,   14,    5,  576],
[2024-08-13 11:53:40,764][flwr][INFO] - 	       [  13,   81,   13,  115,    4,  524,   36,   14,   22,   70],
[2024-08-13 11:53:40,765][flwr][INFO] - 	       [  16,   19,   26,    1,    5,   12,  854,   21,    1,    3],
[2024-08-13 11:53:40,765][flwr][INFO] - 	       [  14,   31,   28,    2,    7,    0,    1,  707,   39,  199],
[2024-08-13 11:53:40,765][flwr][INFO] - 	       [   7,   47,   12,  113,    3,   29,   20,    4,  475,  264],
[2024-08-13 11:53:40,765][flwr][INFO] - 	       [  20,    6,    2,    6,   12,   10,    1,   10,    4,  938]],
[2024-08-13 11:53:40,765][flwr][INFO] - 	      dtype=int64)),
[2024-08-13 11:53:40,765][flwr][INFO] - 	                      (4,
[2024-08-13 11:53:40,765][flwr][INFO] - 	                       array([[897,   6,   2,   5,   5,   9,  29,  13,  14,   0],
[2024-08-13 11:53:40,765][flwr][INFO] - 	       [  0, 989, 109,   2,   2,   4,   4,   2,  23,   0],
[2024-08-13 11:53:40,765][flwr][INFO] - 	       [ 12,  14, 807,  47,  39,   1,  18,  39,  55,   0],
[2024-08-13 11:53:40,765][flwr][INFO] - 	       [  1,  12,  20, 772,  36,  40,  10,  20,  99,   0],
[2024-08-13 11:53:40,765][flwr][INFO] - 	       [  5,   4,   1,   0, 916,   2,  15,  27,  12,   0],
[2024-08-13 11:53:40,765][flwr][INFO] - 	       [ 15,  73,  15,  73,  37, 556,  37,  31,  55,   0],
[2024-08-13 11:53:40,765][flwr][INFO] - 	       [ 12,  14,  29,   0,  28,  10, 823,  40,   2,   0],
[2024-08-13 11:53:40,765][flwr][INFO] - 	       [  7,  23,  34,   0,  25,   0,   0, 880,  59,   0],
[2024-08-13 11:53:40,765][flwr][INFO] - 	       [  9,  25,  20,  45,  50,  19,  20,   9, 777,   0],
[2024-08-13 11:53:40,765][flwr][INFO] - 	       [ 25,   7,   3,   2, 585,  25,   1, 236, 123,   2]], dtype=int64)),
[2024-08-13 11:53:40,765][flwr][INFO] - 	                      (5,
[2024-08-13 11:53:40,766][flwr][INFO] - 	                       array([[ 901,   11,    2,    9,    0,   10,   36,    5,    6,    0],
[2024-08-13 11:53:40,766][flwr][INFO] - 	       [   0, 1035,   70,    8,    1,    8,    5,    1,    4,    3],
[2024-08-13 11:53:40,766][flwr][INFO] - 	       [  13,   25,  786,   89,   11,    1,   24,   35,   37,   11],
[2024-08-13 11:53:40,766][flwr][INFO] - 	       [   2,   15,   11,  850,    2,   38,   13,   15,   23,   41],
[2024-08-13 11:53:40,766][flwr][INFO] - 	       [   7,    6,    3,    0,  725,   15,   28,   38,    7,  153],
[2024-08-13 11:53:40,766][flwr][INFO] - 	       [  14,   82,   11,   94,    8,  579,   43,   22,   17,   22],
[2024-08-13 11:53:40,766][flwr][INFO] - 	       [  13,   16,   24,    1,    7,    8,  859,   29,    1,    0],
[2024-08-13 11:53:40,766][flwr][INFO] - 	       [  13,   31,   37,    4,   13,    0,    2,  850,   30,   48],
[2024-08-13 11:53:40,766][flwr][INFO] - 	       [  16,   50,   18,  119,    9,   40,   27,    9,  577,  109],
[2024-08-13 11:53:40,766][flwr][INFO] - 	       [  31,    8,    2,    7,   28,   19,    2,   42,   10,  860]],
[2024-08-13 11:53:40,766][flwr][INFO] - 	      dtype=int64)),
[2024-08-13 11:53:40,766][flwr][INFO] - 	                      (6,
[2024-08-13 11:53:40,766][flwr][INFO] - 	                       array([[ 902,   13,    2,    3,    5,    5,   21,    6,   23,    0],
[2024-08-13 11:53:40,766][flwr][INFO] - 	       [   0, 1020,   56,    3,    1,    2,    4,    1,   48,    0],
[2024-08-13 11:53:40,766][flwr][INFO] - 	       [  10,   15,  811,   32,   44,    0,   16,   29,   74,    1],
[2024-08-13 11:53:40,766][flwr][INFO] - 	       [   3,   15,   19,  736,   34,   31,   12,   15,  140,    5],
[2024-08-13 11:53:40,766][flwr][INFO] - 	       [   4,    3,    1,    0,  924,    1,   13,   15,   17,    4],
[2024-08-13 11:53:40,767][flwr][INFO] - 	       [  17,   61,    7,   49,   43,  518,   41,   22,  129,    5],
[2024-08-13 11:53:40,767][flwr][INFO] - 	       [  11,   14,   26,    0,   32,    6,  841,   25,    3,    0],
[2024-08-13 11:53:40,767][flwr][INFO] - 	       [  10,   23,   29,    1,   35,    0,    0,  833,   94,    3],
[2024-08-13 11:53:40,767][flwr][INFO] - 	       [  10,   10,   16,   13,   35,   14,   16,    3,  855,    2],
[2024-08-13 11:53:40,767][flwr][INFO] - 	       [  35,    5,    2,    2,  244,    7,    1,   75,  108,  530]],
[2024-08-13 11:53:40,767][flwr][INFO] - 	      dtype=int64)),
[2024-08-13 11:53:40,767][flwr][INFO] - 	                      (7,
[2024-08-13 11:53:40,767][flwr][INFO] - 	                       array([[ 885,   28,    1,    9,    1,   18,   26,    8,    0,    4],
[2024-08-13 11:53:40,767][flwr][INFO] - 	       [   0, 1039,   61,   11,    1,    6,    7,    1,    0,    9],
[2024-08-13 11:53:40,767][flwr][INFO] - 	       [  12,   21,  767,  117,    8,    3,   24,   37,   11,   32],
[2024-08-13 11:53:40,767][flwr][INFO] - 	       [   1,   11,    6,  859,    1,   39,    7,   16,    3,   67],
[2024-08-13 11:53:40,767][flwr][INFO] - 	       [   3,    6,    2,    1,  534,   24,   20,   30,    1,  361],
[2024-08-13 11:53:40,767][flwr][INFO] - 	       [  10,   60,    8,   85,    5,  622,   37,   25,    1,   39],
[2024-08-13 11:53:40,767][flwr][INFO] - 	       [  12,   12,   17,    0,    4,   14,  861,   35,    0,    3],
[2024-08-13 11:53:40,767][flwr][INFO] - 	       [  11,   26,   31,    5,    7,    1,    0,  843,    3,  101],
[2024-08-13 11:53:40,767][flwr][INFO] - 	       [  12,   57,   16,  157,    4,   64,   27,   11,  181,  445],
[2024-08-13 11:53:40,767][flwr][INFO] - 	       [  22,    6,    2,    8,   12,   14,    1,   22,    0,  922]],
[2024-08-13 11:53:40,768][flwr][INFO] - 	      dtype=int64)),
[2024-08-13 11:53:40,768][flwr][INFO] - 	                      (8,
[2024-08-13 11:53:40,768][flwr][INFO] - 	                       array([[ 899,   30,    3,    3,    2,    7,   22,    5,    9,    0],
[2024-08-13 11:53:40,768][flwr][INFO] - 	       [   0, 1016,   62,    7,    1,    4,    5,    1,   39,    0],
[2024-08-13 11:53:40,768][flwr][INFO] - 	       [  11,   15,  818,   42,   31,    0,   20,   32,   63,    0],
[2024-08-13 11:53:40,768][flwr][INFO] - 	       [   4,   15,   15,  783,   19,   39,   13,   17,  101,    4],
[2024-08-13 11:53:40,768][flwr][INFO] - 	       [   6,    3,    2,    0,  906,    5,   18,   19,   19,    4],
[2024-08-13 11:53:40,768][flwr][INFO] - 	       [  16,   53,    5,   53,   19,  593,   43,   22,   86,    2],
[2024-08-13 11:53:40,768][flwr][INFO] - 	       [  12,   13,   19,    0,   18,    6,  860,   29,    1,    0],
[2024-08-13 11:53:40,768][flwr][INFO] - 	       [  12,   24,   35,    1,   27,    0,    1,  857,   70,    1],
[2024-08-13 11:53:40,768][flwr][INFO] - 	       [  15,   13,   17,   25,   28,   18,   20,    5,  833,    0],
[2024-08-13 11:53:40,768][flwr][INFO] - 	       [  57,    6,    3,    3,  192,   24,    1,   99,  103,  521]],
[2024-08-13 11:53:40,768][flwr][INFO] - 	      dtype=int64)),
[2024-08-13 11:53:40,768][flwr][INFO] - 	                      (9,
[2024-08-13 11:53:40,768][flwr][INFO] - 	                       array([[ 879,   41,    3,    7,    1,    9,   29,    6,    2,    3],
[2024-08-13 11:53:40,768][flwr][INFO] - 	       [   0, 1042,   54,   12,    2,    5,    8,    1,    4,    7],
[2024-08-13 11:53:40,769][flwr][INFO] - 	       [  10,   22,  794,   87,    9,    2,   25,   35,   22,   26],
[2024-08-13 11:53:40,769][flwr][INFO] - 	       [   2,   11,    6,  859,    2,   35,   11,   15,    8,   61],
[2024-08-13 11:53:40,769][flwr][INFO] - 	       [   4,    6,    2,    1,  695,    2,   20,   19,    2,  231],
[2024-08-13 11:53:40,769][flwr][INFO] - 	       [  14,   60,    6,   82,    8,  599,   47,   21,   11,   44],
[2024-08-13 11:53:40,769][flwr][INFO] - 	       [  11,   13,   16,    0,    7,    9,  868,   32,    0,    2],
[2024-08-13 11:53:40,769][flwr][INFO] - 	       [  10,   28,   32,    5,   13,    0,    1,  829,    6,  104],
[2024-08-13 11:53:40,769][flwr][INFO] - 	       [  17,   48,   18,  114,   11,   40,   24,    9,  380,  313],
[2024-08-13 11:53:40,769][flwr][INFO] - 	       [  24,    7,    2,    9,   19,   11,    1,   18,    1,  917]],
[2024-08-13 11:53:40,769][flwr][INFO] - 	      dtype=int64)),
[2024-08-13 11:53:40,769][flwr][INFO] - 	                      (10,
[2024-08-13 11:53:40,769][flwr][INFO] - 	                       array([[ 877,   46,    3,    1,    3,    7,   19,   10,   14,    0],
[2024-08-13 11:53:40,769][flwr][INFO] - 	       [   0, 1026,   44,    7,    1,    4,    5,    1,   47,    0],
[2024-08-13 11:53:40,769][flwr][INFO] - 	       [  11,   15,  803,   42,   35,    0,   19,   34,   73,    0],
[2024-08-13 11:53:40,769][flwr][INFO] - 	       [   2,   14,   13,  771,   24,   42,   13,   15,  113,    3],
[2024-08-13 11:53:40,769][flwr][INFO] - 	       [   4,    3,    1,    0,  909,    7,   16,   18,   22,    2],
[2024-08-13 11:53:40,769][flwr][INFO] - 	       [  12,   51,    5,   42,   19,  601,   43,   22,   95,    2],
[2024-08-13 11:53:40,769][flwr][INFO] - 	       [  13,   11,   15,    0,   19,    8,  850,   40,    2,    0],
[2024-08-13 11:53:40,770][flwr][INFO] - 	       [  12,   23,   32,    1,   28,    0,    0,  856,   76,    0],
[2024-08-13 11:53:40,770][flwr][INFO] - 	       [   9,   12,   14,   20,   26,   19,   18,    3,  853,    0],
[2024-08-13 11:53:40,770][flwr][INFO] - 	       [  54,    6,    3,    3,  198,   28,    1,  105,  120,  491]],
[2024-08-13 11:53:40,770][flwr][INFO] - 	      dtype=int64))],
[2024-08-13 11:53:40,770][flwr][INFO] - 	 'f1': [(0, 0.017493624772313296),
[2024-08-13 11:53:40,770][flwr][INFO] - 	        (1, 0.6214517709789193),
[2024-08-13 11:53:40,770][flwr][INFO] - 	        (2, 0.7413958199308442),
[2024-08-13 11:53:40,770][flwr][INFO] - 	        (3, 0.7318292225579882),
[2024-08-13 11:53:40,770][flwr][INFO] - 	        (4, 0.7069551715786235),
[2024-08-13 11:53:40,770][flwr][INFO] - 	        (5, 0.7998665344953062),
[2024-08-13 11:53:40,770][flwr][INFO] - 	        (6, 0.7956380679752368),
[2024-08-13 11:53:40,770][flwr][INFO] - 	        (7, 0.7384677014882299),
[2024-08-13 11:53:40,770][flwr][INFO] - 	        (8, 0.8056997999757292),
[2024-08-13 11:53:40,770][flwr][INFO] - 	        (9, 0.7825399099032531),
[2024-08-13 11:53:40,770][flwr][INFO] - 	        (10, 0.800917987458968)],
[2024-08-13 11:53:40,770][flwr][INFO] - 	 'precision': [(0, 0.009604000000000001),
[2024-08-13 11:53:40,770][flwr][INFO] - 	               (1, 0.7421776446448681),
[2024-08-13 11:53:40,771][flwr][INFO] - 	               (2, 0.7814400713631838),
[2024-08-13 11:53:40,771][flwr][INFO] - 	               (3, 0.7872659487264638),
[2024-08-13 11:53:40,771][flwr][INFO] - 	               (4, 0.7899079780976196),
[2024-08-13 11:53:40,771][flwr][INFO] - 	               (5, 0.8078494791734765),
[2024-08-13 11:53:40,771][flwr][INFO] - 	               (6, 0.8256561414564519),
[2024-08-13 11:53:40,771][flwr][INFO] - 	               (7, 0.7997615373071989),
[2024-08-13 11:53:40,771][flwr][INFO] - 	               (8, 0.8258404312202562),
[2024-08-13 11:53:40,771][flwr][INFO] - 	               (9, 0.8128808917987239),
[2024-08-13 11:53:40,771][flwr][INFO] - 	               (10, 0.8258200720929082)],
[2024-08-13 11:53:40,771][flwr][INFO] - 	 'recall': [(0, 0.098),
[2024-08-13 11:53:40,771][flwr][INFO] - 	            (1, 0.6569),
[2024-08-13 11:53:40,771][flwr][INFO] - 	            (2, 0.7533),
[2024-08-13 11:53:40,771][flwr][INFO] - 	            (3, 0.7332),
[2024-08-13 11:53:40,771][flwr][INFO] - 	            (4, 0.7419),
[2024-08-13 11:53:40,771][flwr][INFO] - 	            (5, 0.8022),
[2024-08-13 11:53:40,771][flwr][INFO] - 	            (6, 0.797),
[2024-08-13 11:53:40,771][flwr][INFO] - 	            (7, 0.7513),
[2024-08-13 11:53:40,772][flwr][INFO] - 	            (8, 0.8086),
[2024-08-13 11:53:40,772][flwr][INFO] - 	            (9, 0.7862),
[2024-08-13 11:53:40,772][flwr][INFO] - 	            (10, 0.8037)]}
[2024-08-13 11:53:40,772][flwr][INFO] - 
