[2024-08-13 15:51:51,906][flwr][INFO] - Starting Flower simulation, config: num_rounds=10, no round_timeout
[2024-08-13 15:51:55,981][flwr][INFO] - Flower VCE: Ray initialized with resources: {'node:__internal_head__': 1.0, 'GPU': 1.0, 'object_store_memory': 2500564992.0, 'memory': 5001129984.0, 'node:127.0.0.1': 1.0, 'CPU': 16.0, 'accelerator_type:G': 1.0}
[2024-08-13 15:51:55,982][flwr][INFO] - Optimize your simulation with Flower VCE: https://flower.ai/docs/framework/how-to-run-simulations.html
[2024-08-13 15:51:55,982][flwr][INFO] - Flower VCE: Resources for each Virtual Client: {'num_cpus': 2, 'num_gpus': 0.5}
[2024-08-13 15:51:55,993][flwr][INFO] - Flower VCE: Creating VirtualClientEngineActorPool with 2 actors
[2024-08-13 15:51:55,995][flwr][INFO] - [INIT]
[2024-08-13 15:51:55,995][flwr][INFO] - Requesting initial parameters from one random client
[2024-08-13 15:52:03,323][flwr][INFO] - Received initial parameters from one random client
[2024-08-13 15:52:03,323][flwr][INFO] - Evaluating initial global parameters
[2024-08-13 15:52:05,619][flwr][INFO] - initial parameters (loss, other metrics): 2.3025850929940455, {'accuracy': 0.098, 'precision': 0.009604000000000001, 'recall': 0.098, 'f1': 0.017493624772313296, 'confusion_matrix': array([[ 980,    0,    0,    0,    0,    0,    0,    0,    0,    0],
       [1135,    0,    0,    0,    0,    0,    0,    0,    0,    0],
       [1032,    0,    0,    0,    0,    0,    0,    0,    0,    0],
       [1010,    0,    0,    0,    0,    0,    0,    0,    0,    0],
       [ 982,    0,    0,    0,    0,    0,    0,    0,    0,    0],
       [ 892,    0,    0,    0,    0,    0,    0,    0,    0,    0],
       [ 958,    0,    0,    0,    0,    0,    0,    0,    0,    0],
       [1028,    0,    0,    0,    0,    0,    0,    0,    0,    0],
       [ 974,    0,    0,    0,    0,    0,    0,    0,    0,    0],
       [1009,    0,    0,    0,    0,    0,    0,    0,    0,    0]],
      dtype=int64)}
[2024-08-13 15:52:05,619][flwr][INFO] - 
[2024-08-13 15:52:05,619][flwr][INFO] - [ROUND 1]
[2024-08-13 15:52:05,620][flwr][INFO] - configure_fit: strategy sampled 10 clients (out of 100)
[2024-08-13 15:52:09,146][flwr][INFO] - aggregate_fit: received 10 results and 0 failures
[2024-08-13 15:52:09,149][flwr][WARNING] - No fit_metrics_aggregation_fn provided
[2024-08-13 15:52:11,245][flwr][INFO] - fit progress: (1, 3.8626624155989027, {'accuracy': 0.0428, 'precision': 0.035368314259855274, 'recall': 0.0428, 'f1': 0.03490134620996547, 'confusion_matrix': array([[   0,  919,    0,    7,    9,    0,    0,   24,    1,   20],
       [   0,    0, 1099,    9,    3,    0,    0,    3,    1,   20],
       [   2,   35,   91,  799,   17,    3,    0,   33,    8,   44],
       [   1,   15,   19,   46,  835,    0,    0,   12,    7,   75],
       [  43,    9,   26,   11,   24,  630,    0,   77,    8,  154],
       [  17,   86,   80,   12,  305,    5,   45,   35,   20,  287],
       [   0,   55,   31,   14,    3,    1,    3,  832,    0,   19],
       [  24,   13,   69,   29,    8,    3,    0,    6,  834,   42],
       [   0,   17,   33,   19,   90,    1,    0,    9,    5,  800],
       [ 522,   25,   22,   16,   45,   18,    0,   11,  102,  248]],
      dtype=int64)}, 5.625228499993682)
[2024-08-13 15:52:11,246][flwr][INFO] - configure_evaluate: no clients selected, skipping evaluation
[2024-08-13 15:52:11,246][flwr][INFO] - 
[2024-08-13 15:52:11,246][flwr][INFO] - [ROUND 2]
[2024-08-13 15:52:11,246][flwr][INFO] - configure_fit: strategy sampled 10 clients (out of 100)
[2024-08-13 15:52:12,445][flwr][INFO] - aggregate_fit: received 10 results and 0 failures
[2024-08-13 15:52:14,529][flwr][INFO] - fit progress: (2, 3.342313639631614, {'accuracy': 0.0352, 'precision': 0.030000618058763695, 'recall': 0.0352, 'f1': 0.032267496854067025, 'confusion_matrix': array([[  29,  796,    0,    6,    0,    0,  129,   19,    0,    1],
       [   0,    0, 1095,   16,    1,    0,   19,    3,    0,    1],
       [  16,   14,   62,  850,    6,   12,   10,   38,   13,   11],
       [  22,    8,   18,  115,  682,    0,  115,   11,   17,   22],
       [  58,    1,   16,    2,    0,  846,    7,   43,    4,    5],
       [  43,   13,   48,    8,   43,   27,  666,   23,   19,    2],
       [   0,   20,   17,   17,    1,    6,   93,  804,    0,    0],
       [  68,    2,   55,   36,    0,   13,    2,    6,  845,    1],
       [  54,    3,   53,   78,   65,   14,  169,   12,   17,  509],
       [ 796,    3,   16,    6,   12,   77,   26,    6,   64,    3]],
      dtype=int64)}, 8.90959070000099)
[2024-08-13 15:52:14,530][flwr][INFO] - configure_evaluate: no clients selected, skipping evaluation
[2024-08-13 15:52:14,530][flwr][INFO] - 
[2024-08-13 15:52:14,530][flwr][INFO] - [ROUND 3]
[2024-08-13 15:52:14,531][flwr][INFO] - configure_fit: strategy sampled 10 clients (out of 100)
[2024-08-13 15:52:15,666][flwr][INFO] - aggregate_fit: received 10 results and 0 failures
[2024-08-13 15:52:17,747][flwr][INFO] - fit progress: (3, 3.0311368767510465, {'accuracy': 0.0418, 'precision': 0.041414796157257835, 'recall': 0.0418, 'f1': 0.03785890915546405, 'confusion_matrix': array([[  39,  853,    0,    1,   10,    1,    2,   38,    1,   35],
       [   0,    0, 1061,    2,    2,    0,    0,    5,    1,   64],
       [   8,   23,   58,  724,   20,   19,    1,   63,   24,   92],
       [   0,    9,    5,   27,  845,    1,    1,   13,   23,   86],
       [  15,    1,    6,    0,    9,  841,    0,   41,    9,   60],
       [  34,   32,   38,    3,  231,   50,  163,   41,   52,  248],
       [   1,   29,   11,    5,    3,    5,   16,  865,    0,   23],
       [  23,    1,   32,    6,    8,    6,    0,    6,  913,   33],
       [   0,    4,    7,    6,   60,    4,    1,   12,   13,  867],
       [ 491,    4,    5,    4,   21,  121,    0,    8,  155,  200]],
      dtype=int64)}, 12.127007499992033)
[2024-08-13 15:52:17,748][flwr][INFO] - configure_evaluate: no clients selected, skipping evaluation
[2024-08-13 15:52:17,748][flwr][INFO] - 
[2024-08-13 15:52:17,748][flwr][INFO] - [ROUND 4]
[2024-08-13 15:52:17,748][flwr][INFO] - configure_fit: strategy sampled 10 clients (out of 100)
[2024-08-13 15:52:18,901][flwr][INFO] - aggregate_fit: received 10 results and 0 failures
[2024-08-13 15:52:20,978][flwr][INFO] - fit progress: (4, 2.7468706138957923, {'accuracy': 0.0615, 'precision': 0.049048803426121175, 'recall': 0.0615, 'f1': 0.05443755109610636, 'confusion_matrix': array([[ 107,  747,    0,    7,    1,    1,  101,   16,    0,    0],
       [   1,    0, 1099,   12,    0,    0,   20,    3,    0,    0],
       [  22,   15,   56,  850,    5,   14,   13,   33,   22,    2],
       [  28,   14,   11,  155,  642,    0,  120,    9,   31,    0],
       [  57,    1,   11,    1,    4,  855,    8,   36,    7,    2],
       [  61,   15,   39,   10,   27,   36,  663,   19,   21,    1],
       [   9,   13,   10,    9,    1,    6,  168,  742,    0,    0],
       [  85,    1,   43,   27,    3,    4,    2,    6,  857,    0],
       [ 127,    7,   58,  125,   88,   25,  235,   14,   83,  212],
       [ 791,    1,    8,    7,   13,   78,   22,    4,   85,    0]],
      dtype=int64)}, 15.35834549998981)
[2024-08-13 15:52:20,979][flwr][INFO] - configure_evaluate: no clients selected, skipping evaluation
[2024-08-13 15:52:20,979][flwr][INFO] - 
[2024-08-13 15:52:20,979][flwr][INFO] - [ROUND 5]
[2024-08-13 15:52:20,979][flwr][INFO] - configure_fit: strategy sampled 10 clients (out of 100)
[2024-08-13 15:52:22,162][flwr][INFO] - aggregate_fit: received 10 results and 0 failures
[2024-08-13 15:52:24,241][flwr][INFO] - fit progress: (5, 2.466151438067399, {'accuracy': 0.0648, 'precision': 0.06674401801138147, 'recall': 0.0648, 'f1': 0.061632327611299685, 'confusion_matrix': array([[  33,  874,    0,    0,    6,    3,    6,   34,    2,   22],
       [   0,    1, 1098,    2,    3,    0,    0,    4,    2,   25],
       [   5,   27,  117,  712,   13,   19,    4,   46,   30,   59],
       [   0,   25,   10,   72,  769,    1,   17,   13,   34,   69],
       [   7,    1,    6,    1,   11,  867,    0,   42,    9,   38],
       [  23,   77,   35,    7,  125,   72,  315,   28,   57,  153],
       [   2,   37,   14,    5,    3,    8,   59,  818,    0,   12],
       [  16,    2,   39,    4,    7,   10,    0,    4,  927,   19],
       [   0,   11,   16,   10,   48,    7,    5,   12,   26,  839],
       [ 276,    6,    5,    5,   29,  214,    1,    9,  211,  253]],
      dtype=int64)}, 18.6223583999963)
[2024-08-13 15:52:24,242][flwr][INFO] - configure_evaluate: no clients selected, skipping evaluation
[2024-08-13 15:52:24,242][flwr][INFO] - 
[2024-08-13 15:52:24,243][flwr][INFO] - [ROUND 6]
[2024-08-13 15:52:24,243][flwr][INFO] - configure_fit: strategy sampled 10 clients (out of 100)
[2024-08-13 15:52:25,542][flwr][INFO] - aggregate_fit: received 10 results and 0 failures
[2024-08-13 15:52:27,610][flwr][INFO] - fit progress: (6, 2.364050797363897, {'accuracy': 0.1024, 'precision': 0.07112856969318196, 'recall': 0.1024, 'f1': 0.08155339521944757, 'confusion_matrix': array([[ 474,  364,    0,    4,    2,    0,  118,   18,    0,    0],
       [   1,    0, 1110,    3,    1,    0,   17,    3,    0,    0],
       [  43,    9,  118,  781,    7,    9,   15,   31,   11,    8],
       [  45,   10,   16,  156,  665,    0,   86,   12,   15,    5],
       [ 154,    0,   12,    1,   32,  733,   11,   36,    1,    2],
       [ 114,   19,   41,    9,   43,   27,  611,   16,   10,    2],
       [  27,    6,   12,    6,    2,    3,  181,  721,    0,    0],
       [ 204,    1,   56,   20,    8,    4,    2,   17,  714,    2],
       [ 168,    6,   68,   74,   89,    6,   94,   10,   19,  440],
       [ 901,    1,    9,    7,   29,   24,   12,    5,   21,    0]],
      dtype=int64)}, 21.990046699997038)
[2024-08-13 15:52:27,611][flwr][INFO] - configure_evaluate: no clients selected, skipping evaluation
[2024-08-13 15:52:27,611][flwr][INFO] - 
[2024-08-13 15:52:27,611][flwr][INFO] - [ROUND 7]
[2024-08-13 15:52:27,611][flwr][INFO] - configure_fit: strategy sampled 10 clients (out of 100)
[2024-08-13 15:52:28,754][flwr][INFO] - aggregate_fit: received 10 results and 0 failures
[2024-08-13 15:52:30,822][flwr][INFO] - fit progress: (7, 2.3456359060350316, {'accuracy': 0.0822, 'precision': 0.09078249669792772, 'recall': 0.0822, 'f1': 0.07278877719640418, 'confusion_matrix': array([[   1,  910,    0,    0,    2,    3,    2,   38,    3,   21],
       [   0,    3, 1089,    3,    2,    0,    1,    4,    3,   30],
       [   0,   38,  123,  692,   12,   25,    3,   36,   39,   64],
       [   0,   46,    7,  114,  675,    2,   22,   17,   51,   76],
       [   1,    2,    3,    1,   11,  875,    0,   42,   10,   37],
       [   0,  126,   21,    7,   75,  100,  305,   27,   67,  164],
       [   0,   52,   11,    5,    2,    6,   55,  816,    1,   10],
       [   1,    3,   33,    5,    6,   14,    0,    4,  945,   17],
       [   0,   15,   14,   10,   28,    9,    4,   11,   40,  843],
       [   2,   12,    2,    4,   23,  296,    0,   13,  286,  371]],
      dtype=int64)}, 25.20309090000228)
[2024-08-13 15:52:30,823][flwr][INFO] - configure_evaluate: no clients selected, skipping evaluation
[2024-08-13 15:52:30,823][flwr][INFO] - 
[2024-08-13 15:52:30,823][flwr][INFO] - [ROUND 8]
[2024-08-13 15:52:30,824][flwr][INFO] - configure_fit: strategy sampled 10 clients (out of 100)
[2024-08-13 15:52:31,949][flwr][INFO] - aggregate_fit: received 10 results and 0 failures
[2024-08-13 15:52:34,164][flwr][INFO] - fit progress: (8, 2.096426734483734, {'accuracy': 0.1229, 'precision': 0.09512854795063819, 'recall': 0.1229, 'f1': 0.10618500693762735, 'confusion_matrix': array([[ 406,  369,    2,    4,    8,    2,  173,   16,    0,    0],
       [   1,    0, 1113,    3,    1,    0,   14,    2,    0,    1],
       [  23,   10,  186,  706,   14,   11,   22,   23,   29,    8],
       [   8,   11,   12,  138,  715,    0,   74,    9,   34,    9],
       [  57,    0,   10,    2,   73,  780,   16,   34,    6,    4],
       [  61,   22,   36,    9,   57,   30,  630,   14,   29,    4],
       [  15,    7,   15,    5,    5,    3,  302,  606,    0,    0],
       [  94,    1,   57,    9,   10,    4,    3,   10,  838,    2],
       [  35,    6,   62,   40,  122,   11,   95,    8,   81,  514],
       [ 785,    1,    7,    5,   57,   51,   19,    6,   75,    3]],
      dtype=int64)}, 28.544469200001913)
[2024-08-13 15:52:34,165][flwr][INFO] - configure_evaluate: no clients selected, skipping evaluation
[2024-08-13 15:52:34,165][flwr][INFO] - 
[2024-08-13 15:52:34,165][flwr][INFO] - [ROUND 9]
[2024-08-13 15:52:34,166][flwr][INFO] - configure_fit: strategy sampled 10 clients (out of 100)
[2024-08-13 15:52:35,324][flwr][INFO] - aggregate_fit: received 10 results and 0 failures
[2024-08-13 15:52:37,384][flwr][INFO] - fit progress: (9, 2.2176082114710343, {'accuracy': 0.1121, 'precision': 0.08891771395827902, 'recall': 0.1121, 'f1': 0.09349907894262148, 'confusion_matrix': array([[   6,  914,    0,    0,    1,    3,    0,   42,    1,   13],
       [   0,   26, 1061,    3,    1,    0,    0,    8,    0,   36],
       [   1,   45,   61,  781,    8,   18,    1,   55,   17,   45],
       [   0,   62,    7,  222,  570,    2,    5,   23,   27,   92],
       [   4,    3,    0,    1,   17,  850,    0,   64,    3,   40],
       [   9,  185,   12,   27,   77,  187,  127,   52,   31,  185],
       [   0,   61,    4,    6,    1,    4,   10,  864,    0,    8],
       [  17,    7,   30,   13,    5,   23,    0,   48,  865,   20],
       [   0,   31,    9,   27,   16,   15,    2,   26,   20,  828],
       [ 128,   15,    2,    7,   23,  191,    0,   57,   62,  524]],
      dtype=int64)}, 31.76486809999915)
[2024-08-13 15:52:37,385][flwr][INFO] - configure_evaluate: no clients selected, skipping evaluation
[2024-08-13 15:52:37,385][flwr][INFO] - 
[2024-08-13 15:52:37,385][flwr][INFO] - [ROUND 10]
[2024-08-13 15:52:37,386][flwr][INFO] - configure_fit: strategy sampled 10 clients (out of 100)
[2024-08-13 15:52:38,678][flwr][INFO] - aggregate_fit: received 10 results and 0 failures
[2024-08-13 15:52:40,747][flwr][INFO] - fit progress: (10, 2.0628845666784916, {'accuracy': 0.1667, 'precision': 0.11513165262312386, 'recall': 0.1667, 'f1': 0.13383206366184064, 'confusion_matrix': array([[ 599,  205,    1,    4,    7,    3,  149,   10,    2,    0],
       [   1,    0, 1117,    3,    1,    0,   13,    0,    0,    0],
       [  35,    6,  269,  599,   25,   13,   23,   12,   45,    5],
       [  13,    8,   19,   82,  744,    0,   78,    6,   58,    2],
       [  87,    0,   10,    0,   87,  753,   18,   10,   14,    3],
       [  78,   12,   33,    6,   58,   33,  622,    8,   38,    4],
       [  31,    4,   27,    2,    8,    5,  375,  506,    0,    0],
       [  99,    1,   53,    6,    9,    4,    1,    3,  850,    2],
       [  69,    3,   72,   12,  122,   11,   88,    5,  218,  374],
       [ 820,    0,    7,    4,   49,   32,    9,    4,   83,    1]],
      dtype=int64)}, 35.12706929999695)
[2024-08-13 15:52:40,748][flwr][INFO] - configure_evaluate: no clients selected, skipping evaluation
[2024-08-13 15:52:40,748][flwr][INFO] - 
[2024-08-13 15:52:40,748][flwr][INFO] - [SUMMARY]
[2024-08-13 15:52:40,748][flwr][INFO] - Run finished 10 round(s) in 35.13s
[2024-08-13 15:52:40,756][flwr][INFO] - 	History (loss, centralized):
[2024-08-13 15:52:40,756][flwr][INFO] - 		round 0: 2.3025850929940455
[2024-08-13 15:52:40,756][flwr][INFO] - 		round 1: 3.8626624155989027
[2024-08-13 15:52:40,756][flwr][INFO] - 		round 2: 3.342313639631614
[2024-08-13 15:52:40,756][flwr][INFO] - 		round 3: 3.0311368767510465
[2024-08-13 15:52:40,757][flwr][INFO] - 		round 4: 2.7468706138957923
[2024-08-13 15:52:40,757][flwr][INFO] - 		round 5: 2.466151438067399
[2024-08-13 15:52:40,757][flwr][INFO] - 		round 6: 2.364050797363897
[2024-08-13 15:52:40,757][flwr][INFO] - 		round 7: 2.3456359060350316
[2024-08-13 15:52:40,757][flwr][INFO] - 		round 8: 2.096426734483734
[2024-08-13 15:52:40,757][flwr][INFO] - 		round 9: 2.2176082114710343
[2024-08-13 15:52:40,757][flwr][INFO] - 		round 10: 2.0628845666784916
[2024-08-13 15:52:40,757][flwr][INFO] - 	History (metrics, centralized):
[2024-08-13 15:52:40,757][flwr][INFO] - 	{'accuracy': [(0, 0.098),
[2024-08-13 15:52:40,757][flwr][INFO] - 	              (1, 0.0428),
[2024-08-13 15:52:40,757][flwr][INFO] - 	              (2, 0.0352),
[2024-08-13 15:52:40,757][flwr][INFO] - 	              (3, 0.0418),
[2024-08-13 15:52:40,757][flwr][INFO] - 	              (4, 0.0615),
[2024-08-13 15:52:40,757][flwr][INFO] - 	              (5, 0.0648),
[2024-08-13 15:52:40,757][flwr][INFO] - 	              (6, 0.1024),
[2024-08-13 15:52:40,758][flwr][INFO] - 	              (7, 0.0822),
[2024-08-13 15:52:40,758][flwr][INFO] - 	              (8, 0.1229),
[2024-08-13 15:52:40,758][flwr][INFO] - 	              (9, 0.1121),
[2024-08-13 15:52:40,758][flwr][INFO] - 	              (10, 0.1667)],
[2024-08-13 15:52:40,758][flwr][INFO] - 	 'confusion_matrix': [(0,
[2024-08-13 15:52:40,758][flwr][INFO] - 	                       array([[ 980,    0,    0,    0,    0,    0,    0,    0,    0,    0],
[2024-08-13 15:52:40,758][flwr][INFO] - 	       [1135,    0,    0,    0,    0,    0,    0,    0,    0,    0],
[2024-08-13 15:52:40,758][flwr][INFO] - 	       [1032,    0,    0,    0,    0,    0,    0,    0,    0,    0],
[2024-08-13 15:52:40,758][flwr][INFO] - 	       [1010,    0,    0,    0,    0,    0,    0,    0,    0,    0],
[2024-08-13 15:52:40,758][flwr][INFO] - 	       [ 982,    0,    0,    0,    0,    0,    0,    0,    0,    0],
[2024-08-13 15:52:40,758][flwr][INFO] - 	       [ 892,    0,    0,    0,    0,    0,    0,    0,    0,    0],
[2024-08-13 15:52:40,758][flwr][INFO] - 	       [ 958,    0,    0,    0,    0,    0,    0,    0,    0,    0],
[2024-08-13 15:52:40,758][flwr][INFO] - 	       [1028,    0,    0,    0,    0,    0,    0,    0,    0,    0],
[2024-08-13 15:52:40,758][flwr][INFO] - 	       [ 974,    0,    0,    0,    0,    0,    0,    0,    0,    0],
[2024-08-13 15:52:40,758][flwr][INFO] - 	       [1009,    0,    0,    0,    0,    0,    0,    0,    0,    0]],
[2024-08-13 15:52:40,758][flwr][INFO] - 	      dtype=int64)),
[2024-08-13 15:52:40,758][flwr][INFO] - 	                      (1,
[2024-08-13 15:52:40,759][flwr][INFO] - 	                       array([[   0,  919,    0,    7,    9,    0,    0,   24,    1,   20],
[2024-08-13 15:52:40,759][flwr][INFO] - 	       [   0,    0, 1099,    9,    3,    0,    0,    3,    1,   20],
[2024-08-13 15:52:40,759][flwr][INFO] - 	       [   2,   35,   91,  799,   17,    3,    0,   33,    8,   44],
[2024-08-13 15:52:40,759][flwr][INFO] - 	       [   1,   15,   19,   46,  835,    0,    0,   12,    7,   75],
[2024-08-13 15:52:40,759][flwr][INFO] - 	       [  43,    9,   26,   11,   24,  630,    0,   77,    8,  154],
[2024-08-13 15:52:40,759][flwr][INFO] - 	       [  17,   86,   80,   12,  305,    5,   45,   35,   20,  287],
[2024-08-13 15:52:40,759][flwr][INFO] - 	       [   0,   55,   31,   14,    3,    1,    3,  832,    0,   19],
[2024-08-13 15:52:40,759][flwr][INFO] - 	       [  24,   13,   69,   29,    8,    3,    0,    6,  834,   42],
[2024-08-13 15:52:40,759][flwr][INFO] - 	       [   0,   17,   33,   19,   90,    1,    0,    9,    5,  800],
[2024-08-13 15:52:40,759][flwr][INFO] - 	       [ 522,   25,   22,   16,   45,   18,    0,   11,  102,  248]],
[2024-08-13 15:52:40,759][flwr][INFO] - 	      dtype=int64)),
[2024-08-13 15:52:40,759][flwr][INFO] - 	                      (2,
[2024-08-13 15:52:40,759][flwr][INFO] - 	                       array([[  29,  796,    0,    6,    0,    0,  129,   19,    0,    1],
[2024-08-13 15:52:40,759][flwr][INFO] - 	       [   0,    0, 1095,   16,    1,    0,   19,    3,    0,    1],
[2024-08-13 15:52:40,759][flwr][INFO] - 	       [  16,   14,   62,  850,    6,   12,   10,   38,   13,   11],
[2024-08-13 15:52:40,760][flwr][INFO] - 	       [  22,    8,   18,  115,  682,    0,  115,   11,   17,   22],
[2024-08-13 15:52:40,760][flwr][INFO] - 	       [  58,    1,   16,    2,    0,  846,    7,   43,    4,    5],
[2024-08-13 15:52:40,760][flwr][INFO] - 	       [  43,   13,   48,    8,   43,   27,  666,   23,   19,    2],
[2024-08-13 15:52:40,760][flwr][INFO] - 	       [   0,   20,   17,   17,    1,    6,   93,  804,    0,    0],
[2024-08-13 15:52:40,760][flwr][INFO] - 	       [  68,    2,   55,   36,    0,   13,    2,    6,  845,    1],
[2024-08-13 15:52:40,760][flwr][INFO] - 	       [  54,    3,   53,   78,   65,   14,  169,   12,   17,  509],
[2024-08-13 15:52:40,760][flwr][INFO] - 	       [ 796,    3,   16,    6,   12,   77,   26,    6,   64,    3]],
[2024-08-13 15:52:40,760][flwr][INFO] - 	      dtype=int64)),
[2024-08-13 15:52:40,760][flwr][INFO] - 	                      (3,
[2024-08-13 15:52:40,760][flwr][INFO] - 	                       array([[  39,  853,    0,    1,   10,    1,    2,   38,    1,   35],
[2024-08-13 15:52:40,760][flwr][INFO] - 	       [   0,    0, 1061,    2,    2,    0,    0,    5,    1,   64],
[2024-08-13 15:52:40,760][flwr][INFO] - 	       [   8,   23,   58,  724,   20,   19,    1,   63,   24,   92],
[2024-08-13 15:52:40,760][flwr][INFO] - 	       [   0,    9,    5,   27,  845,    1,    1,   13,   23,   86],
[2024-08-13 15:52:40,760][flwr][INFO] - 	       [  15,    1,    6,    0,    9,  841,    0,   41,    9,   60],
[2024-08-13 15:52:40,760][flwr][INFO] - 	       [  34,   32,   38,    3,  231,   50,  163,   41,   52,  248],
[2024-08-13 15:52:40,760][flwr][INFO] - 	       [   1,   29,   11,    5,    3,    5,   16,  865,    0,   23],
[2024-08-13 15:52:40,760][flwr][INFO] - 	       [  23,    1,   32,    6,    8,    6,    0,    6,  913,   33],
[2024-08-13 15:52:40,761][flwr][INFO] - 	       [   0,    4,    7,    6,   60,    4,    1,   12,   13,  867],
[2024-08-13 15:52:40,761][flwr][INFO] - 	       [ 491,    4,    5,    4,   21,  121,    0,    8,  155,  200]],
[2024-08-13 15:52:40,761][flwr][INFO] - 	      dtype=int64)),
[2024-08-13 15:52:40,761][flwr][INFO] - 	                      (4,
[2024-08-13 15:52:40,761][flwr][INFO] - 	                       array([[ 107,  747,    0,    7,    1,    1,  101,   16,    0,    0],
[2024-08-13 15:52:40,761][flwr][INFO] - 	       [   1,    0, 1099,   12,    0,    0,   20,    3,    0,    0],
[2024-08-13 15:52:40,761][flwr][INFO] - 	       [  22,   15,   56,  850,    5,   14,   13,   33,   22,    2],
[2024-08-13 15:52:40,761][flwr][INFO] - 	       [  28,   14,   11,  155,  642,    0,  120,    9,   31,    0],
[2024-08-13 15:52:40,761][flwr][INFO] - 	       [  57,    1,   11,    1,    4,  855,    8,   36,    7,    2],
[2024-08-13 15:52:40,761][flwr][INFO] - 	       [  61,   15,   39,   10,   27,   36,  663,   19,   21,    1],
[2024-08-13 15:52:40,761][flwr][INFO] - 	       [   9,   13,   10,    9,    1,    6,  168,  742,    0,    0],
[2024-08-13 15:52:40,761][flwr][INFO] - 	       [  85,    1,   43,   27,    3,    4,    2,    6,  857,    0],
[2024-08-13 15:52:40,761][flwr][INFO] - 	       [ 127,    7,   58,  125,   88,   25,  235,   14,   83,  212],
[2024-08-13 15:52:40,761][flwr][INFO] - 	       [ 791,    1,    8,    7,   13,   78,   22,    4,   85,    0]],
[2024-08-13 15:52:40,761][flwr][INFO] - 	      dtype=int64)),
[2024-08-13 15:52:40,761][flwr][INFO] - 	                      (5,
[2024-08-13 15:52:40,761][flwr][INFO] - 	                       array([[  33,  874,    0,    0,    6,    3,    6,   34,    2,   22],
[2024-08-13 15:52:40,762][flwr][INFO] - 	       [   0,    1, 1098,    2,    3,    0,    0,    4,    2,   25],
[2024-08-13 15:52:40,762][flwr][INFO] - 	       [   5,   27,  117,  712,   13,   19,    4,   46,   30,   59],
[2024-08-13 15:52:40,762][flwr][INFO] - 	       [   0,   25,   10,   72,  769,    1,   17,   13,   34,   69],
[2024-08-13 15:52:40,762][flwr][INFO] - 	       [   7,    1,    6,    1,   11,  867,    0,   42,    9,   38],
[2024-08-13 15:52:40,762][flwr][INFO] - 	       [  23,   77,   35,    7,  125,   72,  315,   28,   57,  153],
[2024-08-13 15:52:40,762][flwr][INFO] - 	       [   2,   37,   14,    5,    3,    8,   59,  818,    0,   12],
[2024-08-13 15:52:40,762][flwr][INFO] - 	       [  16,    2,   39,    4,    7,   10,    0,    4,  927,   19],
[2024-08-13 15:52:40,762][flwr][INFO] - 	       [   0,   11,   16,   10,   48,    7,    5,   12,   26,  839],
[2024-08-13 15:52:40,762][flwr][INFO] - 	       [ 276,    6,    5,    5,   29,  214,    1,    9,  211,  253]],
[2024-08-13 15:52:40,762][flwr][INFO] - 	      dtype=int64)),
[2024-08-13 15:52:40,762][flwr][INFO] - 	                      (6,
[2024-08-13 15:52:40,762][flwr][INFO] - 	                       array([[ 474,  364,    0,    4,    2,    0,  118,   18,    0,    0],
[2024-08-13 15:52:40,762][flwr][INFO] - 	       [   1,    0, 1110,    3,    1,    0,   17,    3,    0,    0],
[2024-08-13 15:52:40,762][flwr][INFO] - 	       [  43,    9,  118,  781,    7,    9,   15,   31,   11,    8],
[2024-08-13 15:52:40,762][flwr][INFO] - 	       [  45,   10,   16,  156,  665,    0,   86,   12,   15,    5],
[2024-08-13 15:52:40,762][flwr][INFO] - 	       [ 154,    0,   12,    1,   32,  733,   11,   36,    1,    2],
[2024-08-13 15:52:40,762][flwr][INFO] - 	       [ 114,   19,   41,    9,   43,   27,  611,   16,   10,    2],
[2024-08-13 15:52:40,762][flwr][INFO] - 	       [  27,    6,   12,    6,    2,    3,  181,  721,    0,    0],
[2024-08-13 15:52:40,763][flwr][INFO] - 	       [ 204,    1,   56,   20,    8,    4,    2,   17,  714,    2],
[2024-08-13 15:52:40,763][flwr][INFO] - 	       [ 168,    6,   68,   74,   89,    6,   94,   10,   19,  440],
[2024-08-13 15:52:40,763][flwr][INFO] - 	       [ 901,    1,    9,    7,   29,   24,   12,    5,   21,    0]],
[2024-08-13 15:52:40,763][flwr][INFO] - 	      dtype=int64)),
[2024-08-13 15:52:40,763][flwr][INFO] - 	                      (7,
[2024-08-13 15:52:40,763][flwr][INFO] - 	                       array([[   1,  910,    0,    0,    2,    3,    2,   38,    3,   21],
[2024-08-13 15:52:40,763][flwr][INFO] - 	       [   0,    3, 1089,    3,    2,    0,    1,    4,    3,   30],
[2024-08-13 15:52:40,763][flwr][INFO] - 	       [   0,   38,  123,  692,   12,   25,    3,   36,   39,   64],
[2024-08-13 15:52:40,763][flwr][INFO] - 	       [   0,   46,    7,  114,  675,    2,   22,   17,   51,   76],
[2024-08-13 15:52:40,763][flwr][INFO] - 	       [   1,    2,    3,    1,   11,  875,    0,   42,   10,   37],
[2024-08-13 15:52:40,763][flwr][INFO] - 	       [   0,  126,   21,    7,   75,  100,  305,   27,   67,  164],
[2024-08-13 15:52:40,763][flwr][INFO] - 	       [   0,   52,   11,    5,    2,    6,   55,  816,    1,   10],
[2024-08-13 15:52:40,763][flwr][INFO] - 	       [   1,    3,   33,    5,    6,   14,    0,    4,  945,   17],
[2024-08-13 15:52:40,763][flwr][INFO] - 	       [   0,   15,   14,   10,   28,    9,    4,   11,   40,  843],
[2024-08-13 15:52:40,763][flwr][INFO] - 	       [   2,   12,    2,    4,   23,  296,    0,   13,  286,  371]],
[2024-08-13 15:52:40,763][flwr][INFO] - 	      dtype=int64)),
[2024-08-13 15:52:40,763][flwr][INFO] - 	                      (8,
[2024-08-13 15:52:40,764][flwr][INFO] - 	                       array([[ 406,  369,    2,    4,    8,    2,  173,   16,    0,    0],
[2024-08-13 15:52:40,764][flwr][INFO] - 	       [   1,    0, 1113,    3,    1,    0,   14,    2,    0,    1],
[2024-08-13 15:52:40,764][flwr][INFO] - 	       [  23,   10,  186,  706,   14,   11,   22,   23,   29,    8],
[2024-08-13 15:52:40,764][flwr][INFO] - 	       [   8,   11,   12,  138,  715,    0,   74,    9,   34,    9],
[2024-08-13 15:52:40,764][flwr][INFO] - 	       [  57,    0,   10,    2,   73,  780,   16,   34,    6,    4],
[2024-08-13 15:52:40,764][flwr][INFO] - 	       [  61,   22,   36,    9,   57,   30,  630,   14,   29,    4],
[2024-08-13 15:52:40,764][flwr][INFO] - 	       [  15,    7,   15,    5,    5,    3,  302,  606,    0,    0],
[2024-08-13 15:52:40,764][flwr][INFO] - 	       [  94,    1,   57,    9,   10,    4,    3,   10,  838,    2],
[2024-08-13 15:52:40,764][flwr][INFO] - 	       [  35,    6,   62,   40,  122,   11,   95,    8,   81,  514],
[2024-08-13 15:52:40,764][flwr][INFO] - 	       [ 785,    1,    7,    5,   57,   51,   19,    6,   75,    3]],
[2024-08-13 15:52:40,764][flwr][INFO] - 	      dtype=int64)),
[2024-08-13 15:52:40,764][flwr][INFO] - 	                      (9,
[2024-08-13 15:52:40,764][flwr][INFO] - 	                       array([[   6,  914,    0,    0,    1,    3,    0,   42,    1,   13],
[2024-08-13 15:52:40,764][flwr][INFO] - 	       [   0,   26, 1061,    3,    1,    0,    0,    8,    0,   36],
[2024-08-13 15:52:40,764][flwr][INFO] - 	       [   1,   45,   61,  781,    8,   18,    1,   55,   17,   45],
[2024-08-13 15:52:40,764][flwr][INFO] - 	       [   0,   62,    7,  222,  570,    2,    5,   23,   27,   92],
[2024-08-13 15:52:40,764][flwr][INFO] - 	       [   4,    3,    0,    1,   17,  850,    0,   64,    3,   40],
[2024-08-13 15:52:40,765][flwr][INFO] - 	       [   9,  185,   12,   27,   77,  187,  127,   52,   31,  185],
[2024-08-13 15:52:40,765][flwr][INFO] - 	       [   0,   61,    4,    6,    1,    4,   10,  864,    0,    8],
[2024-08-13 15:52:40,765][flwr][INFO] - 	       [  17,    7,   30,   13,    5,   23,    0,   48,  865,   20],
[2024-08-13 15:52:40,765][flwr][INFO] - 	       [   0,   31,    9,   27,   16,   15,    2,   26,   20,  828],
[2024-08-13 15:52:40,765][flwr][INFO] - 	       [ 128,   15,    2,    7,   23,  191,    0,   57,   62,  524]],
[2024-08-13 15:52:40,765][flwr][INFO] - 	      dtype=int64)),
[2024-08-13 15:52:40,765][flwr][INFO] - 	                      (10,
[2024-08-13 15:52:40,765][flwr][INFO] - 	                       array([[ 599,  205,    1,    4,    7,    3,  149,   10,    2,    0],
[2024-08-13 15:52:40,765][flwr][INFO] - 	       [   1,    0, 1117,    3,    1,    0,   13,    0,    0,    0],
[2024-08-13 15:52:40,765][flwr][INFO] - 	       [  35,    6,  269,  599,   25,   13,   23,   12,   45,    5],
[2024-08-13 15:52:40,765][flwr][INFO] - 	       [  13,    8,   19,   82,  744,    0,   78,    6,   58,    2],
[2024-08-13 15:52:40,765][flwr][INFO] - 	       [  87,    0,   10,    0,   87,  753,   18,   10,   14,    3],
[2024-08-13 15:52:40,765][flwr][INFO] - 	       [  78,   12,   33,    6,   58,   33,  622,    8,   38,    4],
[2024-08-13 15:52:40,765][flwr][INFO] - 	       [  31,    4,   27,    2,    8,    5,  375,  506,    0,    0],
[2024-08-13 15:52:40,765][flwr][INFO] - 	       [  99,    1,   53,    6,    9,    4,    1,    3,  850,    2],
[2024-08-13 15:52:40,765][flwr][INFO] - 	       [  69,    3,   72,   12,  122,   11,   88,    5,  218,  374],
[2024-08-13 15:52:40,765][flwr][INFO] - 	       [ 820,    0,    7,    4,   49,   32,    9,    4,   83,    1]],
[2024-08-13 15:52:40,765][flwr][INFO] - 	      dtype=int64))],
[2024-08-13 15:52:40,766][flwr][INFO] - 	 'f1': [(0, 0.017493624772313296),
[2024-08-13 15:52:40,766][flwr][INFO] - 	        (1, 0.03490134620996547),
[2024-08-13 15:52:40,766][flwr][INFO] - 	        (2, 0.032267496854067025),
[2024-08-13 15:52:40,766][flwr][INFO] - 	        (3, 0.03785890915546405),
[2024-08-13 15:52:40,766][flwr][INFO] - 	        (4, 0.05443755109610636),
[2024-08-13 15:52:40,766][flwr][INFO] - 	        (5, 0.061632327611299685),
[2024-08-13 15:52:40,766][flwr][INFO] - 	        (6, 0.08155339521944757),
[2024-08-13 15:52:40,766][flwr][INFO] - 	        (7, 0.07278877719640418),
[2024-08-13 15:52:40,766][flwr][INFO] - 	        (8, 0.10618500693762735),
[2024-08-13 15:52:40,766][flwr][INFO] - 	        (9, 0.09349907894262148),
[2024-08-13 15:52:40,766][flwr][INFO] - 	        (10, 0.13383206366184064)],
[2024-08-13 15:52:40,766][flwr][INFO] - 	 'precision': [(0, 0.009604000000000001),
[2024-08-13 15:52:40,766][flwr][INFO] - 	               (1, 0.035368314259855274),
[2024-08-13 15:52:40,766][flwr][INFO] - 	               (2, 0.030000618058763695),
[2024-08-13 15:52:40,766][flwr][INFO] - 	               (3, 0.041414796157257835),
[2024-08-13 15:52:40,766][flwr][INFO] - 	               (4, 0.049048803426121175),
[2024-08-13 15:52:40,766][flwr][INFO] - 	               (5, 0.06674401801138147),
[2024-08-13 15:52:40,767][flwr][INFO] - 	               (6, 0.07112856969318196),
[2024-08-13 15:52:40,767][flwr][INFO] - 	               (7, 0.09078249669792772),
[2024-08-13 15:52:40,767][flwr][INFO] - 	               (8, 0.09512854795063819),
[2024-08-13 15:52:40,767][flwr][INFO] - 	               (9, 0.08891771395827902),
[2024-08-13 15:52:40,767][flwr][INFO] - 	               (10, 0.11513165262312386)],
[2024-08-13 15:52:40,767][flwr][INFO] - 	 'recall': [(0, 0.098),
[2024-08-13 15:52:40,767][flwr][INFO] - 	            (1, 0.0428),
[2024-08-13 15:52:40,767][flwr][INFO] - 	            (2, 0.0352),
[2024-08-13 15:52:40,767][flwr][INFO] - 	            (3, 0.0418),
[2024-08-13 15:52:40,767][flwr][INFO] - 	            (4, 0.0615),
[2024-08-13 15:52:40,767][flwr][INFO] - 	            (5, 0.0648),
[2024-08-13 15:52:40,767][flwr][INFO] - 	            (6, 0.1024),
[2024-08-13 15:52:40,767][flwr][INFO] - 	            (7, 0.0822),
[2024-08-13 15:52:40,767][flwr][INFO] - 	            (8, 0.1229),
[2024-08-13 15:52:40,767][flwr][INFO] - 	            (9, 0.1121),
[2024-08-13 15:52:40,767][flwr][INFO] - 	            (10, 0.1667)]}
[2024-08-13 15:52:40,768][flwr][INFO] - 
