[2024-08-13 15:47:37,102][flwr][INFO] - Starting Flower simulation, config: num_rounds=10, no round_timeout
[2024-08-13 15:47:41,290][flwr][INFO] - Flower VCE: Ray initialized with resources: {'CPU': 16.0, 'node:__internal_head__': 1.0, 'object_store_memory': 2491092172.0, 'node:127.0.0.1': 1.0, 'memory': 4982184347.0, 'GPU': 1.0, 'accelerator_type:G': 1.0}
[2024-08-13 15:47:41,290][flwr][INFO] - Optimize your simulation with Flower VCE: https://flower.ai/docs/framework/how-to-run-simulations.html
[2024-08-13 15:47:41,291][flwr][INFO] - Flower VCE: Resources for each Virtual Client: {'num_cpus': 2, 'num_gpus': 0.5}
[2024-08-13 15:47:41,302][flwr][INFO] - Flower VCE: Creating VirtualClientEngineActorPool with 2 actors
[2024-08-13 15:47:41,303][flwr][INFO] - [INIT]
[2024-08-13 15:47:41,303][flwr][INFO] - Requesting initial parameters from one random client
[2024-08-13 15:47:48,620][flwr][INFO] - Received initial parameters from one random client
[2024-08-13 15:47:48,620][flwr][INFO] - Evaluating initial global parameters
[2024-08-13 15:47:50,901][flwr][INFO] - initial parameters (loss, other metrics): 2.3025850929940455, {'accuracy': 0.098, 'precision': 0.009604000000000001, 'recall': 0.098, 'f1': 0.017493624772313296, 'confusion_matrix': array([[ 980,    0,    0,    0,    0,    0,    0,    0,    0,    0],
       [1135,    0,    0,    0,    0,    0,    0,    0,    0,    0],
       [1032,    0,    0,    0,    0,    0,    0,    0,    0,    0],
       [1010,    0,    0,    0,    0,    0,    0,    0,    0,    0],
       [ 982,    0,    0,    0,    0,    0,    0,    0,    0,    0],
       [ 892,    0,    0,    0,    0,    0,    0,    0,    0,    0],
       [ 958,    0,    0,    0,    0,    0,    0,    0,    0,    0],
       [1028,    0,    0,    0,    0,    0,    0,    0,    0,    0],
       [ 974,    0,    0,    0,    0,    0,    0,    0,    0,    0],
       [1009,    0,    0,    0,    0,    0,    0,    0,    0,    0]],
      dtype=int64)}
[2024-08-13 15:47:50,902][flwr][INFO] - 
[2024-08-13 15:47:50,902][flwr][INFO] - [ROUND 1]
[2024-08-13 15:47:50,903][flwr][INFO] - configure_fit: strategy sampled 10 clients (out of 100)
[2024-08-13 15:47:54,417][flwr][INFO] - aggregate_fit: received 10 results and 0 failures
[2024-08-13 15:47:54,420][flwr][WARNING] - No fit_metrics_aggregation_fn provided
[2024-08-13 15:47:56,497][flwr][INFO] - fit progress: (1, 1.571558795834748, {'accuracy': 0.4116, 'precision': 0.3537393111385209, 'recall': 0.4116, 'f1': 0.3357429871283212, 'confusion_matrix': array([[ 930,    0,    2,    0,    0,    0,   39,    2,    2,    5],
       [   0,    1, 1090,    3,    0,    0,    8,    1,    0,   32],
       [ 114,    0,  669,  104,    5,    0,   29,   34,   14,   63],
       [  61,    0,   45,  516,  141,    0,   62,    7,    8,  170],
       [ 103,    0,   14,    0,  145,    0,   30,   65,    1,  624],
       [ 247,    7,   67,   36,   52,    0,  224,   15,   34,  210],
       [ 112,    0,   25,    0,    2,    0,  731,   87,    0,    1],
       [ 100,    0,   65,    0,    5,    0,    2,  233,  327,  296],
       [  69,    0,   78,   45,   18,    0,   46,    5,   15,  698],
       [  96,    0,    5,    1,   14,    0,    2,   11,    4,  876]],
      dtype=int64)}, 5.594667899989872)
[2024-08-13 15:47:56,498][flwr][INFO] - configure_evaluate: no clients selected, skipping evaluation
[2024-08-13 15:47:56,498][flwr][INFO] - 
[2024-08-13 15:47:56,498][flwr][INFO] - [ROUND 2]
[2024-08-13 15:47:56,499][flwr][INFO] - configure_fit: strategy sampled 10 clients (out of 100)
[2024-08-13 15:47:57,729][flwr][INFO] - aggregate_fit: received 10 results and 0 failures
[2024-08-13 15:47:59,811][flwr][INFO] - fit progress: (2, 1.441313379014547, {'accuracy': 0.5186, 'precision': 0.6016234331169847, 'recall': 0.5186, 'f1': 0.5069517612626967, 'confusion_matrix': array([[678,  74,   2,  41,   8,   4, 115,  44,  14,   0],
       [  0, 737, 364,   5,   3,   1,   5,   2,  18,   0],
       [  3,  23, 379, 468,  22,   1,  24,  56,  56,   0],
       [  0,  16,   9, 760, 110,   1,  10,  15,  89,   0],
       [  8,   4,   7,   0, 645,  90,  16, 149,  62,   1],
       [  6, 107,  25, 152, 105, 251,  85,  29, 132,   0],
       [  7,  23,  17,   6,  10,   1, 668, 226,   0,   0],
       [ 16,  13,  36,   3,  26,   0,   0, 342, 592,   0],
       [  1,  44,  18, 188,  73,   4,  24,   9, 613,   0],
       [ 19,   5,   1,   5, 256,  39,   2, 170, 399, 113]], dtype=int64)}, 8.908706699992763)
[2024-08-13 15:47:59,812][flwr][INFO] - configure_evaluate: no clients selected, skipping evaluation
[2024-08-13 15:47:59,812][flwr][INFO] - 
[2024-08-13 15:47:59,812][flwr][INFO] - [ROUND 3]
[2024-08-13 15:47:59,813][flwr][INFO] - configure_fit: strategy sampled 10 clients (out of 100)
[2024-08-13 15:48:01,048][flwr][INFO] - aggregate_fit: received 10 results and 0 failures
[2024-08-13 15:48:03,154][flwr][INFO] - fit progress: (3, 1.3841618088096674, {'accuracy': 0.5687, 'precision': 0.5611271850053626, 'recall': 0.5687, 'f1': 0.5414347811696142, 'confusion_matrix': array([[903,  23,   2,   4,   0,   3,  36,   4,   0,   5],
       [  0, 600, 508,   4,   0,   3,   8,   1,   0,  11],
       [ 47,  14, 668, 200,  11,   2,  18,  22,  10,  40],
       [ 15,  31,  23, 695,  78,  13,  24,   9,   2, 120],
       [ 54,   3,  11,   0, 328, 231,  12,  29,   0, 314],
       [ 76, 112,  33,  74,  34, 371,  94,  10,   7,  81],
       [ 54,  12,  47,   0,   3,   4, 729, 107,   0,   2],
       [ 86,  14,  64,   1,  15,   4,   1, 540,  75, 228],
       [ 33,  46,  54, 103,  26,   9,  28,   3,   6, 666],
       [ 96,   6,   2,   3,  33,  12,   0,  10,   0, 847]], dtype=int64)}, 12.251590300002135)
[2024-08-13 15:48:03,155][flwr][INFO] - configure_evaluate: no clients selected, skipping evaluation
[2024-08-13 15:48:03,155][flwr][INFO] - 
[2024-08-13 15:48:03,155][flwr][INFO] - [ROUND 4]
[2024-08-13 15:48:03,155][flwr][INFO] - configure_fit: strategy sampled 10 clients (out of 100)
[2024-08-13 15:48:04,360][flwr][INFO] - aggregate_fit: received 10 results and 0 failures
[2024-08-13 15:48:06,445][flwr][INFO] - fit progress: (4, 1.3757558539501642, {'accuracy': 0.5417, 'precision': 0.6095745579733937, 'recall': 0.5417, 'f1': 0.5341043874547373, 'confusion_matrix': array([[498, 262,   2,  11,   3,   9, 149,  28,  18,   0],
       [  0, 786, 303,   7,   1,   2,  12,   1,  23,   0],
       [  0,  28, 421, 410,  19,   4,  24,  50,  74,   2],
       [  0,  19,   9, 746,  66,  10,  32,  12, 115,   1],
       [  3,   4,   4,   0, 510, 247,  26, 105,  80,   3],
       [  2,  96,  18,  88,  39, 319, 163,  21, 145,   1],
       [  2,  18,  16,   1,   5,   1, 743, 171,   1,   0],
       [ 12,  13,  31,   3,  14,   1,   2, 446, 506,   0],
       [  1,  26,  13, 109,  30,  10,  49,   6, 730,   0],
       [ 25,   4,   1,   3, 136,  68,   5, 135, 414, 218]], dtype=int64)}, 15.542443099999218)
[2024-08-13 15:48:06,446][flwr][INFO] - configure_evaluate: no clients selected, skipping evaluation
[2024-08-13 15:48:06,446][flwr][INFO] - 
[2024-08-13 15:48:06,446][flwr][INFO] - [ROUND 5]
[2024-08-13 15:48:06,446][flwr][INFO] - configure_fit: strategy sampled 10 clients (out of 100)
[2024-08-13 15:48:07,641][flwr][INFO] - aggregate_fit: received 10 results and 0 failures
[2024-08-13 15:48:09,735][flwr][INFO] - fit progress: (5, 1.3416690616846703, {'accuracy': 0.5859, 'precision': 0.5761842424816311, 'recall': 0.5859, 'f1': 0.5613722478535667, 'confusion_matrix': array([[846,  77,   2,   2,   2,   3,  17,  19,   0,  12],
       [  0, 598, 506,   3,   2,   2,   3,   3,   0,  18],
       [ 21,  13, 679, 184,  22,   2,  14,  45,   3,  49],
       [  6,  21,  17, 649, 153,  10,   8,  22,   1, 123],
       [ 27,   3,   6,   0, 533,  89,   5,  61,   0, 258],
       [ 42,  86,  32,  69,  59, 394,  47,  31,   1, 131],
       [ 29,  17,  45,   2,  11,   6, 539, 304,   0,   5],
       [ 47,  12,  54,   2,  17,   0,   0, 756,   4, 136],
       [ 17,  26,  44,  64,  51,  12,  13,  11,   0, 736],
       [ 66,   3,   2,   2,  37,   8,   0,  26,   0, 865]], dtype=int64)}, 18.832509100000607)
[2024-08-13 15:48:09,736][flwr][INFO] - configure_evaluate: no clients selected, skipping evaluation
[2024-08-13 15:48:09,736][flwr][INFO] - 
[2024-08-13 15:48:09,736][flwr][INFO] - [ROUND 6]
[2024-08-13 15:48:09,737][flwr][INFO] - configure_fit: strategy sampled 10 clients (out of 100)
[2024-08-13 15:48:11,031][flwr][INFO] - aggregate_fit: received 10 results and 0 failures
[2024-08-13 15:48:13,119][flwr][INFO] - fit progress: (6, 1.2948062300162937, {'accuracy': 0.609, 'precision': 0.6474981505029096, 'recall': 0.609, 'f1': 0.599907426091406, 'confusion_matrix': array([[691, 170,   1,   5,   4,   4,  80,  16,   9,   0],
       [  0, 800, 294,   5,   1,   2,  15,   1,  17,   0],
       [ 13,  27, 582, 272,  24,   1,  21,  35,  57,   0],
       [  1,  24,   9, 709, 106,   8,  33,  12, 107,   1],
       [ 20,   4,   3,   0, 691, 127,  26,  66,  41,   4],
       [ 25,  96,  17,  64,  41, 337, 181,  21, 109,   1],
       [  9,  18,  24,   0,   5,   1, 766, 134,   1,   0],
       [ 42,  17,  32,   3,  17,   0,   2, 516, 399,   0],
       [ 14,  29,  19,  79,  43,  11,  50,   6, 721,   2],
       [191,   5,   2,   4, 160,  42,   1,  79, 248, 277]], dtype=int64)}, 22.216844900001888)
[2024-08-13 15:48:13,120][flwr][INFO] - configure_evaluate: no clients selected, skipping evaluation
[2024-08-13 15:48:13,120][flwr][INFO] - 
[2024-08-13 15:48:13,120][flwr][INFO] - [ROUND 7]
[2024-08-13 15:48:13,121][flwr][INFO] - configure_fit: strategy sampled 10 clients (out of 100)
[2024-08-13 15:48:14,255][flwr][INFO] - aggregate_fit: received 10 results and 0 failures
[2024-08-13 15:48:16,342][flwr][INFO] - fit progress: (7, 1.3060177240192536, {'accuracy': 0.582, 'precision': 0.5709311952513766, 'recall': 0.582, 'f1': 0.5564853671470253, 'confusion_matrix': array([[770, 129,   2,   4,   1,   8,  36,  20,   0,  10],
       [  0, 439, 672,   4,   1,   3,   5,   2,   0,   9],
       [ 11,  13, 706, 183,  14,   4,  15,  35,   8,  43],
       [  4,  17,  15, 727,  83,  16,  14,  20,   2, 112],
       [ 18,   3,   6,   0, 496, 189,   6,  43,   0, 221],
       [ 27,  69,  32,  73,  29, 462,  78,  26,   8,  88],
       [ 17,  15,  45,   0,   8,   4, 596, 268,   0,   5],
       [ 45,   9,  62,   3,  14,   4,   1, 754,  20, 116],
       [  8,  19,  51,  87,  27,  17,  19,  10,   2, 734],
       [ 62,   2,   4,   5,  32,  16,   0,  20,   0, 868]], dtype=int64)}, 25.439417799992952)
[2024-08-13 15:48:16,343][flwr][INFO] - configure_evaluate: no clients selected, skipping evaluation
[2024-08-13 15:48:16,343][flwr][INFO] - 
[2024-08-13 15:48:16,343][flwr][INFO] - [ROUND 8]
[2024-08-13 15:48:16,343][flwr][INFO] - configure_fit: strategy sampled 10 clients (out of 100)
[2024-08-13 15:48:17,494][flwr][INFO] - aggregate_fit: received 10 results and 0 failures
[2024-08-13 15:48:19,725][flwr][INFO] - fit progress: (8, 1.2811913173348268, {'accuracy': 0.587, 'precision': 0.6250814020276356, 'recall': 0.587, 'f1': 0.5837370354339415, 'confusion_matrix': array([[628, 245,   1,   2,   3,  13,  54,  20,  14,   0],
       [  0, 842, 252,   4,   3,   4,   8,   1,  21,   0],
       [  8,  31, 544, 294,  27,   4,  17,  38,  66,   3],
       [  1,  28,   7, 677, 130,  16,  20,  16, 113,   2],
       [ 14,   4,   2,   1, 650, 202,  11,  61,  32,   5],
       [ 16,  81,  10,  51,  34, 461, 117,  19, 102,   1],
       [ 12,  21,  16,   0,  11,   4, 660, 233,   1,   0],
       [ 39,  18,  30,   3,  19,   1,   2, 355, 560,   1],
       [ 11,  29,  13,  60,  60,  27,  38,   7, 722,   7],
       [169,   6,   2,   2, 141,  75,   1,  58, 224, 331]], dtype=int64)}, 28.822580499996548)
[2024-08-13 15:48:19,726][flwr][INFO] - configure_evaluate: no clients selected, skipping evaluation
[2024-08-13 15:48:19,726][flwr][INFO] - 
[2024-08-13 15:48:19,726][flwr][INFO] - [ROUND 9]
[2024-08-13 15:48:19,726][flwr][INFO] - configure_fit: strategy sampled 10 clients (out of 100)
[2024-08-13 15:48:20,884][flwr][INFO] - aggregate_fit: received 10 results and 0 failures
[2024-08-13 15:48:22,975][flwr][INFO] - fit progress: (9, 1.247383905753555, {'accuracy': 0.6078, 'precision': 0.6119130005803564, 'recall': 0.6078, 'f1': 0.588032934536564, 'confusion_matrix': array([[756, 126,   1,   3,   3,   6,  62,  14,   1,   8],
       [  0, 635, 468,   4,   1,   2,  12,   1,   0,  12],
       [ 10,  14, 645, 230,  20,   1,  19,  35,  18,  40],
       [  4,  18,  11, 725,  82,   9,  35,  15,  14,  97],
       [ 12,   3,   4,   1, 585,  95,  20,  36,   1, 225],
       [ 28,  67,  22,  54,  35, 358, 181,  19,  26, 102],
       [ 15,  12,  22,   0,   7,   1, 733, 167,   0,   1],
       [ 41,  12,  46,   5,  19,   0,   2, 731,  69, 103],
       [ 11,  19,  31,  82,  31,  11,  37,   7,  41, 704],
       [ 61,   3,   3,   5,  36,  10,   2,  19,   1, 869]], dtype=int64)}, 32.0725267999951)
[2024-08-13 15:48:22,976][flwr][INFO] - configure_evaluate: no clients selected, skipping evaluation
[2024-08-13 15:48:22,976][flwr][INFO] - 
[2024-08-13 15:48:22,976][flwr][INFO] - [ROUND 10]
[2024-08-13 15:48:22,976][flwr][INFO] - configure_fit: strategy sampled 10 clients (out of 100)
[2024-08-13 15:48:24,280][flwr][INFO] - aggregate_fit: received 10 results and 0 failures
[2024-08-13 15:48:26,374][flwr][INFO] - fit progress: (10, 1.1735006542419357, {'accuracy': 0.6524, 'precision': 0.7080867572785824, 'recall': 0.6524, 'f1': 0.6259936410447213, 'confusion_matrix': array([[ 779,   91,    0,    5,    2,   19,   45,   18,   21,    0],
       [   0, 1002,   67,    7,    2,    4,    8,    1,   44,    0],
       [   6,   34,  551,  263,   31,    2,   18,   37,   90,    0],
       [   1,   26,    4,  709,   80,   34,   14,   17,  125,    0],
       [  10,    5,    1,    1,  749,  118,   13,   47,   37,    1],
       [  14,   65,    1,   47,   19,  540,   70,   21,  115,    0],
       [  15,   17,   13,    0,   15,    7,  733,  157,    1,    0],
       [  20,   23,   22,    4,   22,    0,    2,  632,  303,    0],
       [  10,   28,    5,   42,   32,   33,   28,    3,  793,    0],
       [ 160,    6,    2,    2,  255,  123,    1,  107,  317,   36]],
      dtype=int64)}, 35.47123769999598)
[2024-08-13 15:48:26,375][flwr][INFO] - configure_evaluate: no clients selected, skipping evaluation
[2024-08-13 15:48:26,375][flwr][INFO] - 
[2024-08-13 15:48:26,375][flwr][INFO] - [SUMMARY]
[2024-08-13 15:48:26,375][flwr][INFO] - Run finished 10 round(s) in 35.47s
[2024-08-13 15:48:26,383][flwr][INFO] - 	History (loss, centralized):
[2024-08-13 15:48:26,383][flwr][INFO] - 		round 0: 2.3025850929940455
[2024-08-13 15:48:26,383][flwr][INFO] - 		round 1: 1.571558795834748
[2024-08-13 15:48:26,383][flwr][INFO] - 		round 2: 1.441313379014547
[2024-08-13 15:48:26,383][flwr][INFO] - 		round 3: 1.3841618088096674
[2024-08-13 15:48:26,383][flwr][INFO] - 		round 4: 1.3757558539501642
[2024-08-13 15:48:26,383][flwr][INFO] - 		round 5: 1.3416690616846703
[2024-08-13 15:48:26,383][flwr][INFO] - 		round 6: 1.2948062300162937
[2024-08-13 15:48:26,384][flwr][INFO] - 		round 7: 1.3060177240192536
[2024-08-13 15:48:26,384][flwr][INFO] - 		round 8: 1.2811913173348268
[2024-08-13 15:48:26,384][flwr][INFO] - 		round 9: 1.247383905753555
[2024-08-13 15:48:26,384][flwr][INFO] - 		round 10: 1.1735006542419357
[2024-08-13 15:48:26,384][flwr][INFO] - 	History (metrics, centralized):
[2024-08-13 15:48:26,384][flwr][INFO] - 	{'accuracy': [(0, 0.098),
[2024-08-13 15:48:26,384][flwr][INFO] - 	              (1, 0.4116),
[2024-08-13 15:48:26,384][flwr][INFO] - 	              (2, 0.5186),
[2024-08-13 15:48:26,384][flwr][INFO] - 	              (3, 0.5687),
[2024-08-13 15:48:26,384][flwr][INFO] - 	              (4, 0.5417),
[2024-08-13 15:48:26,384][flwr][INFO] - 	              (5, 0.5859),
[2024-08-13 15:48:26,384][flwr][INFO] - 	              (6, 0.609),
[2024-08-13 15:48:26,384][flwr][INFO] - 	              (7, 0.582),
[2024-08-13 15:48:26,384][flwr][INFO] - 	              (8, 0.587),
[2024-08-13 15:48:26,384][flwr][INFO] - 	              (9, 0.6078),
[2024-08-13 15:48:26,384][flwr][INFO] - 	              (10, 0.6524)],
[2024-08-13 15:48:26,384][flwr][INFO] - 	 'confusion_matrix': [(0,
[2024-08-13 15:48:26,385][flwr][INFO] - 	                       array([[ 980,    0,    0,    0,    0,    0,    0,    0,    0,    0],
[2024-08-13 15:48:26,385][flwr][INFO] - 	       [1135,    0,    0,    0,    0,    0,    0,    0,    0,    0],
[2024-08-13 15:48:26,385][flwr][INFO] - 	       [1032,    0,    0,    0,    0,    0,    0,    0,    0,    0],
[2024-08-13 15:48:26,385][flwr][INFO] - 	       [1010,    0,    0,    0,    0,    0,    0,    0,    0,    0],
[2024-08-13 15:48:26,385][flwr][INFO] - 	       [ 982,    0,    0,    0,    0,    0,    0,    0,    0,    0],
[2024-08-13 15:48:26,385][flwr][INFO] - 	       [ 892,    0,    0,    0,    0,    0,    0,    0,    0,    0],
[2024-08-13 15:48:26,385][flwr][INFO] - 	       [ 958,    0,    0,    0,    0,    0,    0,    0,    0,    0],
[2024-08-13 15:48:26,385][flwr][INFO] - 	       [1028,    0,    0,    0,    0,    0,    0,    0,    0,    0],
[2024-08-13 15:48:26,385][flwr][INFO] - 	       [ 974,    0,    0,    0,    0,    0,    0,    0,    0,    0],
[2024-08-13 15:48:26,385][flwr][INFO] - 	       [1009,    0,    0,    0,    0,    0,    0,    0,    0,    0]],
[2024-08-13 15:48:26,385][flwr][INFO] - 	      dtype=int64)),
[2024-08-13 15:48:26,385][flwr][INFO] - 	                      (1,
[2024-08-13 15:48:26,385][flwr][INFO] - 	                       array([[ 930,    0,    2,    0,    0,    0,   39,    2,    2,    5],
[2024-08-13 15:48:26,385][flwr][INFO] - 	       [   0,    1, 1090,    3,    0,    0,    8,    1,    0,   32],
[2024-08-13 15:48:26,385][flwr][INFO] - 	       [ 114,    0,  669,  104,    5,    0,   29,   34,   14,   63],
[2024-08-13 15:48:26,386][flwr][INFO] - 	       [  61,    0,   45,  516,  141,    0,   62,    7,    8,  170],
[2024-08-13 15:48:26,386][flwr][INFO] - 	       [ 103,    0,   14,    0,  145,    0,   30,   65,    1,  624],
[2024-08-13 15:48:26,386][flwr][INFO] - 	       [ 247,    7,   67,   36,   52,    0,  224,   15,   34,  210],
[2024-08-13 15:48:26,386][flwr][INFO] - 	       [ 112,    0,   25,    0,    2,    0,  731,   87,    0,    1],
[2024-08-13 15:48:26,386][flwr][INFO] - 	       [ 100,    0,   65,    0,    5,    0,    2,  233,  327,  296],
[2024-08-13 15:48:26,386][flwr][INFO] - 	       [  69,    0,   78,   45,   18,    0,   46,    5,   15,  698],
[2024-08-13 15:48:26,386][flwr][INFO] - 	       [  96,    0,    5,    1,   14,    0,    2,   11,    4,  876]],
[2024-08-13 15:48:26,386][flwr][INFO] - 	      dtype=int64)),
[2024-08-13 15:48:26,386][flwr][INFO] - 	                      (2,
[2024-08-13 15:48:26,386][flwr][INFO] - 	                       array([[678,  74,   2,  41,   8,   4, 115,  44,  14,   0],
[2024-08-13 15:48:26,386][flwr][INFO] - 	       [  0, 737, 364,   5,   3,   1,   5,   2,  18,   0],
[2024-08-13 15:48:26,386][flwr][INFO] - 	       [  3,  23, 379, 468,  22,   1,  24,  56,  56,   0],
[2024-08-13 15:48:26,386][flwr][INFO] - 	       [  0,  16,   9, 760, 110,   1,  10,  15,  89,   0],
[2024-08-13 15:48:26,386][flwr][INFO] - 	       [  8,   4,   7,   0, 645,  90,  16, 149,  62,   1],
[2024-08-13 15:48:26,386][flwr][INFO] - 	       [  6, 107,  25, 152, 105, 251,  85,  29, 132,   0],
[2024-08-13 15:48:26,386][flwr][INFO] - 	       [  7,  23,  17,   6,  10,   1, 668, 226,   0,   0],
[2024-08-13 15:48:26,386][flwr][INFO] - 	       [ 16,  13,  36,   3,  26,   0,   0, 342, 592,   0],
[2024-08-13 15:48:26,387][flwr][INFO] - 	       [  1,  44,  18, 188,  73,   4,  24,   9, 613,   0],
[2024-08-13 15:48:26,387][flwr][INFO] - 	       [ 19,   5,   1,   5, 256,  39,   2, 170, 399, 113]], dtype=int64)),
[2024-08-13 15:48:26,387][flwr][INFO] - 	                      (3,
[2024-08-13 15:48:26,387][flwr][INFO] - 	                       array([[903,  23,   2,   4,   0,   3,  36,   4,   0,   5],
[2024-08-13 15:48:26,387][flwr][INFO] - 	       [  0, 600, 508,   4,   0,   3,   8,   1,   0,  11],
[2024-08-13 15:48:26,387][flwr][INFO] - 	       [ 47,  14, 668, 200,  11,   2,  18,  22,  10,  40],
[2024-08-13 15:48:26,387][flwr][INFO] - 	       [ 15,  31,  23, 695,  78,  13,  24,   9,   2, 120],
[2024-08-13 15:48:26,387][flwr][INFO] - 	       [ 54,   3,  11,   0, 328, 231,  12,  29,   0, 314],
[2024-08-13 15:48:26,387][flwr][INFO] - 	       [ 76, 112,  33,  74,  34, 371,  94,  10,   7,  81],
[2024-08-13 15:48:26,387][flwr][INFO] - 	       [ 54,  12,  47,   0,   3,   4, 729, 107,   0,   2],
[2024-08-13 15:48:26,387][flwr][INFO] - 	       [ 86,  14,  64,   1,  15,   4,   1, 540,  75, 228],
[2024-08-13 15:48:26,387][flwr][INFO] - 	       [ 33,  46,  54, 103,  26,   9,  28,   3,   6, 666],
[2024-08-13 15:48:26,387][flwr][INFO] - 	       [ 96,   6,   2,   3,  33,  12,   0,  10,   0, 847]], dtype=int64)),
[2024-08-13 15:48:26,387][flwr][INFO] - 	                      (4,
[2024-08-13 15:48:26,387][flwr][INFO] - 	                       array([[498, 262,   2,  11,   3,   9, 149,  28,  18,   0],
[2024-08-13 15:48:26,387][flwr][INFO] - 	       [  0, 786, 303,   7,   1,   2,  12,   1,  23,   0],
[2024-08-13 15:48:26,387][flwr][INFO] - 	       [  0,  28, 421, 410,  19,   4,  24,  50,  74,   2],
[2024-08-13 15:48:26,388][flwr][INFO] - 	       [  0,  19,   9, 746,  66,  10,  32,  12, 115,   1],
[2024-08-13 15:48:26,388][flwr][INFO] - 	       [  3,   4,   4,   0, 510, 247,  26, 105,  80,   3],
[2024-08-13 15:48:26,388][flwr][INFO] - 	       [  2,  96,  18,  88,  39, 319, 163,  21, 145,   1],
[2024-08-13 15:48:26,388][flwr][INFO] - 	       [  2,  18,  16,   1,   5,   1, 743, 171,   1,   0],
[2024-08-13 15:48:26,388][flwr][INFO] - 	       [ 12,  13,  31,   3,  14,   1,   2, 446, 506,   0],
[2024-08-13 15:48:26,388][flwr][INFO] - 	       [  1,  26,  13, 109,  30,  10,  49,   6, 730,   0],
[2024-08-13 15:48:26,388][flwr][INFO] - 	       [ 25,   4,   1,   3, 136,  68,   5, 135, 414, 218]], dtype=int64)),
[2024-08-13 15:48:26,388][flwr][INFO] - 	                      (5,
[2024-08-13 15:48:26,388][flwr][INFO] - 	                       array([[846,  77,   2,   2,   2,   3,  17,  19,   0,  12],
[2024-08-13 15:48:26,388][flwr][INFO] - 	       [  0, 598, 506,   3,   2,   2,   3,   3,   0,  18],
[2024-08-13 15:48:26,388][flwr][INFO] - 	       [ 21,  13, 679, 184,  22,   2,  14,  45,   3,  49],
[2024-08-13 15:48:26,388][flwr][INFO] - 	       [  6,  21,  17, 649, 153,  10,   8,  22,   1, 123],
[2024-08-13 15:48:26,388][flwr][INFO] - 	       [ 27,   3,   6,   0, 533,  89,   5,  61,   0, 258],
[2024-08-13 15:48:26,388][flwr][INFO] - 	       [ 42,  86,  32,  69,  59, 394,  47,  31,   1, 131],
[2024-08-13 15:48:26,388][flwr][INFO] - 	       [ 29,  17,  45,   2,  11,   6, 539, 304,   0,   5],
[2024-08-13 15:48:26,388][flwr][INFO] - 	       [ 47,  12,  54,   2,  17,   0,   0, 756,   4, 136],
[2024-08-13 15:48:26,389][flwr][INFO] - 	       [ 17,  26,  44,  64,  51,  12,  13,  11,   0, 736],
[2024-08-13 15:48:26,389][flwr][INFO] - 	       [ 66,   3,   2,   2,  37,   8,   0,  26,   0, 865]], dtype=int64)),
[2024-08-13 15:48:26,389][flwr][INFO] - 	                      (6,
[2024-08-13 15:48:26,389][flwr][INFO] - 	                       array([[691, 170,   1,   5,   4,   4,  80,  16,   9,   0],
[2024-08-13 15:48:26,389][flwr][INFO] - 	       [  0, 800, 294,   5,   1,   2,  15,   1,  17,   0],
[2024-08-13 15:48:26,389][flwr][INFO] - 	       [ 13,  27, 582, 272,  24,   1,  21,  35,  57,   0],
[2024-08-13 15:48:26,389][flwr][INFO] - 	       [  1,  24,   9, 709, 106,   8,  33,  12, 107,   1],
[2024-08-13 15:48:26,389][flwr][INFO] - 	       [ 20,   4,   3,   0, 691, 127,  26,  66,  41,   4],
[2024-08-13 15:48:26,389][flwr][INFO] - 	       [ 25,  96,  17,  64,  41, 337, 181,  21, 109,   1],
[2024-08-13 15:48:26,389][flwr][INFO] - 	       [  9,  18,  24,   0,   5,   1, 766, 134,   1,   0],
[2024-08-13 15:48:26,389][flwr][INFO] - 	       [ 42,  17,  32,   3,  17,   0,   2, 516, 399,   0],
[2024-08-13 15:48:26,389][flwr][INFO] - 	       [ 14,  29,  19,  79,  43,  11,  50,   6, 721,   2],
[2024-08-13 15:48:26,389][flwr][INFO] - 	       [191,   5,   2,   4, 160,  42,   1,  79, 248, 277]], dtype=int64)),
[2024-08-13 15:48:26,389][flwr][INFO] - 	                      (7,
[2024-08-13 15:48:26,389][flwr][INFO] - 	                       array([[770, 129,   2,   4,   1,   8,  36,  20,   0,  10],
[2024-08-13 15:48:26,389][flwr][INFO] - 	       [  0, 439, 672,   4,   1,   3,   5,   2,   0,   9],
[2024-08-13 15:48:26,389][flwr][INFO] - 	       [ 11,  13, 706, 183,  14,   4,  15,  35,   8,  43],
[2024-08-13 15:48:26,390][flwr][INFO] - 	       [  4,  17,  15, 727,  83,  16,  14,  20,   2, 112],
[2024-08-13 15:48:26,390][flwr][INFO] - 	       [ 18,   3,   6,   0, 496, 189,   6,  43,   0, 221],
[2024-08-13 15:48:26,390][flwr][INFO] - 	       [ 27,  69,  32,  73,  29, 462,  78,  26,   8,  88],
[2024-08-13 15:48:26,390][flwr][INFO] - 	       [ 17,  15,  45,   0,   8,   4, 596, 268,   0,   5],
[2024-08-13 15:48:26,390][flwr][INFO] - 	       [ 45,   9,  62,   3,  14,   4,   1, 754,  20, 116],
[2024-08-13 15:48:26,390][flwr][INFO] - 	       [  8,  19,  51,  87,  27,  17,  19,  10,   2, 734],
[2024-08-13 15:48:26,390][flwr][INFO] - 	       [ 62,   2,   4,   5,  32,  16,   0,  20,   0, 868]], dtype=int64)),
[2024-08-13 15:48:26,390][flwr][INFO] - 	                      (8,
[2024-08-13 15:48:26,390][flwr][INFO] - 	                       array([[628, 245,   1,   2,   3,  13,  54,  20,  14,   0],
[2024-08-13 15:48:26,390][flwr][INFO] - 	       [  0, 842, 252,   4,   3,   4,   8,   1,  21,   0],
[2024-08-13 15:48:26,390][flwr][INFO] - 	       [  8,  31, 544, 294,  27,   4,  17,  38,  66,   3],
[2024-08-13 15:48:26,390][flwr][INFO] - 	       [  1,  28,   7, 677, 130,  16,  20,  16, 113,   2],
[2024-08-13 15:48:26,390][flwr][INFO] - 	       [ 14,   4,   2,   1, 650, 202,  11,  61,  32,   5],
[2024-08-13 15:48:26,390][flwr][INFO] - 	       [ 16,  81,  10,  51,  34, 461, 117,  19, 102,   1],
[2024-08-13 15:48:26,390][flwr][INFO] - 	       [ 12,  21,  16,   0,  11,   4, 660, 233,   1,   0],
[2024-08-13 15:48:26,390][flwr][INFO] - 	       [ 39,  18,  30,   3,  19,   1,   2, 355, 560,   1],
[2024-08-13 15:48:26,390][flwr][INFO] - 	       [ 11,  29,  13,  60,  60,  27,  38,   7, 722,   7],
[2024-08-13 15:48:26,391][flwr][INFO] - 	       [169,   6,   2,   2, 141,  75,   1,  58, 224, 331]], dtype=int64)),
[2024-08-13 15:48:26,391][flwr][INFO] - 	                      (9,
[2024-08-13 15:48:26,391][flwr][INFO] - 	                       array([[756, 126,   1,   3,   3,   6,  62,  14,   1,   8],
[2024-08-13 15:48:26,391][flwr][INFO] - 	       [  0, 635, 468,   4,   1,   2,  12,   1,   0,  12],
[2024-08-13 15:48:26,391][flwr][INFO] - 	       [ 10,  14, 645, 230,  20,   1,  19,  35,  18,  40],
[2024-08-13 15:48:26,391][flwr][INFO] - 	       [  4,  18,  11, 725,  82,   9,  35,  15,  14,  97],
[2024-08-13 15:48:26,391][flwr][INFO] - 	       [ 12,   3,   4,   1, 585,  95,  20,  36,   1, 225],
[2024-08-13 15:48:26,391][flwr][INFO] - 	       [ 28,  67,  22,  54,  35, 358, 181,  19,  26, 102],
[2024-08-13 15:48:26,391][flwr][INFO] - 	       [ 15,  12,  22,   0,   7,   1, 733, 167,   0,   1],
[2024-08-13 15:48:26,391][flwr][INFO] - 	       [ 41,  12,  46,   5,  19,   0,   2, 731,  69, 103],
[2024-08-13 15:48:26,391][flwr][INFO] - 	       [ 11,  19,  31,  82,  31,  11,  37,   7,  41, 704],
[2024-08-13 15:48:26,391][flwr][INFO] - 	       [ 61,   3,   3,   5,  36,  10,   2,  19,   1, 869]], dtype=int64)),
[2024-08-13 15:48:26,391][flwr][INFO] - 	                      (10,
[2024-08-13 15:48:26,391][flwr][INFO] - 	                       array([[ 779,   91,    0,    5,    2,   19,   45,   18,   21,    0],
[2024-08-13 15:48:26,391][flwr][INFO] - 	       [   0, 1002,   67,    7,    2,    4,    8,    1,   44,    0],
[2024-08-13 15:48:26,391][flwr][INFO] - 	       [   6,   34,  551,  263,   31,    2,   18,   37,   90,    0],
[2024-08-13 15:48:26,391][flwr][INFO] - 	       [   1,   26,    4,  709,   80,   34,   14,   17,  125,    0],
[2024-08-13 15:48:26,392][flwr][INFO] - 	       [  10,    5,    1,    1,  749,  118,   13,   47,   37,    1],
[2024-08-13 15:48:26,392][flwr][INFO] - 	       [  14,   65,    1,   47,   19,  540,   70,   21,  115,    0],
[2024-08-13 15:48:26,392][flwr][INFO] - 	       [  15,   17,   13,    0,   15,    7,  733,  157,    1,    0],
[2024-08-13 15:48:26,392][flwr][INFO] - 	       [  20,   23,   22,    4,   22,    0,    2,  632,  303,    0],
[2024-08-13 15:48:26,392][flwr][INFO] - 	       [  10,   28,    5,   42,   32,   33,   28,    3,  793,    0],
[2024-08-13 15:48:26,392][flwr][INFO] - 	       [ 160,    6,    2,    2,  255,  123,    1,  107,  317,   36]],
[2024-08-13 15:48:26,392][flwr][INFO] - 	      dtype=int64))],
[2024-08-13 15:48:26,392][flwr][INFO] - 	 'f1': [(0, 0.017493624772313296),
[2024-08-13 15:48:26,392][flwr][INFO] - 	        (1, 0.3357429871283212),
[2024-08-13 15:48:26,392][flwr][INFO] - 	        (2, 0.5069517612626967),
[2024-08-13 15:48:26,392][flwr][INFO] - 	        (3, 0.5414347811696142),
[2024-08-13 15:48:26,392][flwr][INFO] - 	        (4, 0.5341043874547373),
[2024-08-13 15:48:26,392][flwr][INFO] - 	        (5, 0.5613722478535667),
[2024-08-13 15:48:26,392][flwr][INFO] - 	        (6, 0.599907426091406),
[2024-08-13 15:48:26,392][flwr][INFO] - 	        (7, 0.5564853671470253),
[2024-08-13 15:48:26,392][flwr][INFO] - 	        (8, 0.5837370354339415),
[2024-08-13 15:48:26,392][flwr][INFO] - 	        (9, 0.588032934536564),
[2024-08-13 15:48:26,393][flwr][INFO] - 	        (10, 0.6259936410447213)],
[2024-08-13 15:48:26,393][flwr][INFO] - 	 'precision': [(0, 0.009604000000000001),
[2024-08-13 15:48:26,393][flwr][INFO] - 	               (1, 0.3537393111385209),
[2024-08-13 15:48:26,393][flwr][INFO] - 	               (2, 0.6016234331169847),
[2024-08-13 15:48:26,393][flwr][INFO] - 	               (3, 0.5611271850053626),
[2024-08-13 15:48:26,393][flwr][INFO] - 	               (4, 0.6095745579733937),
[2024-08-13 15:48:26,393][flwr][INFO] - 	               (5, 0.5761842424816311),
[2024-08-13 15:48:26,393][flwr][INFO] - 	               (6, 0.6474981505029096),
[2024-08-13 15:48:26,393][flwr][INFO] - 	               (7, 0.5709311952513766),
[2024-08-13 15:48:26,393][flwr][INFO] - 	               (8, 0.6250814020276356),
[2024-08-13 15:48:26,393][flwr][INFO] - 	               (9, 0.6119130005803564),
[2024-08-13 15:48:26,393][flwr][INFO] - 	               (10, 0.7080867572785824)],
[2024-08-13 15:48:26,393][flwr][INFO] - 	 'recall': [(0, 0.098),
[2024-08-13 15:48:26,393][flwr][INFO] - 	            (1, 0.4116),
[2024-08-13 15:48:26,393][flwr][INFO] - 	            (2, 0.5186),
[2024-08-13 15:48:26,393][flwr][INFO] - 	            (3, 0.5687),
[2024-08-13 15:48:26,394][flwr][INFO] - 	            (4, 0.5417),
[2024-08-13 15:48:26,394][flwr][INFO] - 	            (5, 0.5859),
[2024-08-13 15:48:26,394][flwr][INFO] - 	            (6, 0.609),
[2024-08-13 15:48:26,394][flwr][INFO] - 	            (7, 0.582),
[2024-08-13 15:48:26,394][flwr][INFO] - 	            (8, 0.587),
[2024-08-13 15:48:26,394][flwr][INFO] - 	            (9, 0.6078),
[2024-08-13 15:48:26,394][flwr][INFO] - 	            (10, 0.6524)]}
[2024-08-13 15:48:26,394][flwr][INFO] - 
