[2024-08-13 13:11:18,436][flwr][INFO] - Starting Flower simulation, config: num_rounds=10, no round_timeout
[2024-08-13 13:11:22,645][flwr][INFO] - Flower VCE: Ray initialized with resources: {'accelerator_type:G': 1.0, 'node:__internal_head__': 1.0, 'object_store_memory': 2531717529.0, 'memory': 5063435060.0, 'node:127.0.0.1': 1.0, 'CPU': 16.0, 'GPU': 1.0}
[2024-08-13 13:11:22,646][flwr][INFO] - Optimize your simulation with Flower VCE: https://flower.ai/docs/framework/how-to-run-simulations.html
[2024-08-13 13:11:22,646][flwr][INFO] - Flower VCE: Resources for each Virtual Client: {'num_cpus': 2, 'num_gpus': 0.5}
[2024-08-13 13:11:22,657][flwr][INFO] - Flower VCE: Creating VirtualClientEngineActorPool with 2 actors
[2024-08-13 13:11:22,658][flwr][INFO] - [INIT]
[2024-08-13 13:11:22,658][flwr][INFO] - Requesting initial parameters from one random client
[2024-08-13 13:11:30,237][flwr][INFO] - Received initial parameters from one random client
[2024-08-13 13:11:30,237][flwr][INFO] - Evaluating initial global parameters
[2024-08-13 13:11:32,454][flwr][INFO] - initial parameters (loss, other metrics): 2.3025850929940455, {'accuracy': 0.098, 'precision': 0.009604000000000001, 'recall': 0.098, 'f1': 0.017493624772313296, 'confusion_matrix': array([[ 980,    0,    0,    0,    0,    0,    0,    0,    0,    0],
       [1135,    0,    0,    0,    0,    0,    0,    0,    0,    0],
       [1032,    0,    0,    0,    0,    0,    0,    0,    0,    0],
       [1010,    0,    0,    0,    0,    0,    0,    0,    0,    0],
       [ 982,    0,    0,    0,    0,    0,    0,    0,    0,    0],
       [ 892,    0,    0,    0,    0,    0,    0,    0,    0,    0],
       [ 958,    0,    0,    0,    0,    0,    0,    0,    0,    0],
       [1028,    0,    0,    0,    0,    0,    0,    0,    0,    0],
       [ 974,    0,    0,    0,    0,    0,    0,    0,    0,    0],
       [1009,    0,    0,    0,    0,    0,    0,    0,    0,    0]],
      dtype=int64)}
[2024-08-13 13:11:32,455][flwr][INFO] - 
[2024-08-13 13:11:32,455][flwr][INFO] - [ROUND 1]
[2024-08-13 13:11:32,455][flwr][INFO] - configure_fit: strategy sampled 10 clients (out of 10)
[2024-08-13 13:11:40,995][flwr][INFO] - aggregate_fit: received 10 results and 0 failures
[2024-08-13 13:11:40,998][flwr][WARNING] - No fit_metrics_aggregation_fn provided
[2024-08-13 13:11:43,073][flwr][INFO] - fit progress: (1, 2.221092946917977, {'accuracy': 0.2413, 'precision': 0.22868951653419337, 'recall': 0.2413, 'f1': 0.19292480671848483, 'confusion_matrix': array([[ 721,  222,    2,    9,    0,    0,    3,    8,    0,   15],
       [   0,    0, 1098,    4,    0,    0,    0,    2,    1,   30],
       [  36,    8,  183,  680,    2,    1,    5,   30,   19,   68],
       [  10,   10,   19,  546,  242,    0,    2,    9,   22,  150],
       [ 166,    0,   12,    0,   86,   63,    1,   50,    6,  598],
       [ 156,   44,   60,  105,  101,    1,   12,   22,   49,  342],
       [  72,   18,   49,   15,    2,    0,  130,  636,    0,   36],
       [  69,    0,   53,    4,    4,    0,    0,   13,  842,   43],
       [  24,    2,   33,   88,   15,    0,    0,    3,   13,  796],
       [ 193,    0,    5,    4,   23,    0,    0,    6,   58,  720]],
      dtype=int64)}, 10.618120300001465)
[2024-08-13 13:11:43,074][flwr][INFO] - configure_evaluate: no clients selected, skipping evaluation
[2024-08-13 13:11:43,074][flwr][INFO] - 
[2024-08-13 13:11:43,074][flwr][INFO] - [ROUND 2]
[2024-08-13 13:11:43,074][flwr][INFO] - configure_fit: strategy sampled 10 clients (out of 10)
[2024-08-13 13:11:49,501][flwr][INFO] - aggregate_fit: received 10 results and 0 failures
[2024-08-13 13:11:51,568][flwr][INFO] - fit progress: (2, 1.7987123983070632, {'accuracy': 0.2192, 'precision': 0.21874673762159177, 'recall': 0.2192, 'f1': 0.20734396255190163, 'confusion_matrix': array([[ 166,  683,    2,    0,    7,    1,   95,   23,    3,    0],
       [   0,   17, 1084,    3,   12,    0,   14,    3,    2,    0],
       [   6,   50,  273,  516,   23,   17,   31,   79,   37,    0],
       [   0,   53,    9,  233,  629,    0,   33,   12,   41,    0],
       [   7,    2,    8,    0,  177,  661,   13,   94,   19,    1],
       [  20,  142,   36,   14,  214,  152,  227,   28,   59,    0],
       [   3,   26,   16,    3,    6,    1,  572,  331,    0,    0],
       [  32,    1,   49,    3,   16,    9,    2,  195,  721,    0],
       [   9,   67,   37,   28,  313,   18,   77,   12,  407,    6],
       [ 100,    4,    3,    1,  197,  310,    4,  128,  262,    0]],
      dtype=int64)}, 19.11239629999909)
[2024-08-13 13:11:51,568][flwr][INFO] - configure_evaluate: no clients selected, skipping evaluation
[2024-08-13 13:11:51,569][flwr][INFO] - 
[2024-08-13 13:11:51,569][flwr][INFO] - [ROUND 3]
[2024-08-13 13:11:51,569][flwr][INFO] - configure_fit: strategy sampled 10 clients (out of 10)
[2024-08-13 13:11:58,250][flwr][INFO] - aggregate_fit: received 10 results and 0 failures
[2024-08-13 13:12:00,321][flwr][INFO] - fit progress: (3, 1.468701060829707, {'accuracy': 0.4111, 'precision': 0.3934687386383551, 'recall': 0.4111, 'f1': 0.38237895975681135, 'confusion_matrix': array([[822,  92,   2,   2,   0,   1,  42,  13,   1,   5],
       [  0, 332, 767,   5,   0,   0,  12,   3,   1,  15],
       [ 45,  13, 278, 565,   4,   9,  20,  53,  21,  24],
       [ 19,  20,   8, 713,  85,   2,  40,  17,  28,  78],
       [ 40,   3,   7,   0,  94, 641,  10,  85,   3,  99],
       [143,  97,  32,  79,  37, 165, 212,  30,  31,  66],
       [ 23,  13,  18,   4,   2,   0, 627, 270,   0,   1],
       [ 88,   4,  40,   7,   5,   4,   3, 404, 441,  32],
       [ 40,  30,  25, 140,   7,   7,  35,  11,  44, 635],
       [222,   2,   2,   6,  29,  44,   1,  49,  22, 632]], dtype=int64)}, 27.86613579999539)
[2024-08-13 13:12:00,322][flwr][INFO] - configure_evaluate: no clients selected, skipping evaluation
[2024-08-13 13:12:00,322][flwr][INFO] - 
[2024-08-13 13:12:00,322][flwr][INFO] - [ROUND 4]
[2024-08-13 13:12:00,323][flwr][INFO] - configure_fit: strategy sampled 10 clients (out of 10)
[2024-08-13 13:12:06,771][flwr][INFO] - aggregate_fit: received 10 results and 0 failures
[2024-08-13 13:12:08,843][flwr][INFO] - fit progress: (4, 1.368586368166449, {'accuracy': 0.4699, 'precision': 0.5486353289192434, 'recall': 0.4699, 'f1': 0.4607141515397666, 'confusion_matrix': array([[162, 665,   2,   0,  16,   5,  85,  32,  13,   0],
       [  0, 726, 380,   3,   9,   2,   6,   2,   7,   0],
       [  0,  44, 685, 114,  51,   5,  19,  50,  61,   3],
       [  0,  63,  19, 295, 499,   1,  23,  15,  95,   0],
       [  1,   4,   3,   0, 517, 346,  11,  76,  19,   5],
       [  4, 151,  26,  15, 149, 313, 125,  26,  83,   0],
       [  3,  32,  29,   0,  14,   0, 634, 246,   0,   0],
       [ 12,  16,  36,   0,  32,   0,   1, 454, 475,   2],
       [  0,  56,  26,  11, 181,  18,  38,   8, 596,  40],
       [ 27,   9,   1,   0, 255, 119,   1, 117, 163, 317]], dtype=int64)}, 36.38849919999484)
[2024-08-13 13:12:08,844][flwr][INFO] - configure_evaluate: no clients selected, skipping evaluation
[2024-08-13 13:12:08,844][flwr][INFO] - 
[2024-08-13 13:12:08,844][flwr][INFO] - [ROUND 5]
[2024-08-13 13:12:08,845][flwr][INFO] - configure_fit: strategy sampled 10 clients (out of 10)
[2024-08-13 13:12:15,796][flwr][INFO] - aggregate_fit: received 10 results and 0 failures
[2024-08-13 13:12:17,863][flwr][INFO] - fit progress: (5, 1.3317695080550938, {'accuracy': 0.4952, 'precision': 0.4881360753316837, 'recall': 0.4952, 'f1': 0.4698478678958983, 'confusion_matrix': array([[756, 137,   2,   5,   0,   5,  51,  18,   1,   5],
       [  0, 452, 651,   4,   0,   1,   9,   2,   1,  15],
       [ 23,  15, 450, 420,  10,   6,  17,  45,  22,  24],
       [  7,  16,   9, 754,  58,   9,  30,  16,  22,  89],
       [ 26,   3,   5,   0, 168, 579,   8,  68,   3, 122],
       [ 56,  79,  30,  88,  20, 337, 153,  30,  29,  70],
       [ 19,  14,  28,   2,   3,   1, 611, 279,   0,   1],
       [ 65,   5,  47,   3,   9,   7,   1, 622, 221,  48],
       [ 17,  24,  33, 129,   6,  17,  28,  11,  47, 662],
       [135,   3,   1,   7,  26,  31,   1,  44,   6, 755]], dtype=int64)}, 45.40776809999079)
[2024-08-13 13:12:17,864][flwr][INFO] - configure_evaluate: no clients selected, skipping evaluation
[2024-08-13 13:12:17,864][flwr][INFO] - 
[2024-08-13 13:12:17,864][flwr][INFO] - [ROUND 6]
[2024-08-13 13:12:17,864][flwr][INFO] - configure_fit: strategy sampled 10 clients (out of 10)
[2024-08-13 13:12:24,708][flwr][INFO] - aggregate_fit: received 10 results and 0 failures
[2024-08-13 13:12:26,765][flwr][INFO] - fit progress: (6, 1.3735479464807958, {'accuracy': 0.4517, 'precision': 0.4916224201391562, 'recall': 0.4517, 'f1': 0.4480946236682623, 'confusion_matrix': array([[276, 585,   1,   0,  10,   6,  70,  23,   9,   0],
       [  0, 587, 516,   3,   5,   1,  11,   1,  11,   0],
       [  4,  35, 616, 202,  42,   5,  19,  44,  60,   5],
       [  0,  40,  13, 359, 455,   2,  26,  15,  97,   3],
       [ 10,   3,   2,   0, 526, 339,  10,  64,  21,   7],
       [ 17, 105,  24,  18, 120, 319, 170,  27,  89,   3],
       [  4,  26,  26,   0,  14,   0, 597, 291,   0,   0],
       [ 40,  14,  36,   0,  31,   0,   2, 295, 607,   3],
       [  5,  35,  29,  21, 149,  14,  39,   8, 608,  66],
       [171,   5,   1,   1, 198,  75,   0,  59, 165, 334]], dtype=int64)}, 54.30960100000084)
[2024-08-13 13:12:26,766][flwr][INFO] - configure_evaluate: no clients selected, skipping evaluation
[2024-08-13 13:12:26,766][flwr][INFO] - 
[2024-08-13 13:12:26,766][flwr][INFO] - [ROUND 7]
[2024-08-13 13:12:26,766][flwr][INFO] - configure_fit: strategy sampled 10 clients (out of 10)
[2024-08-13 13:12:33,467][flwr][INFO] - aggregate_fit: received 10 results and 0 failures
[2024-08-13 13:12:35,521][flwr][INFO] - fit progress: (7, 1.3664355518285694, {'accuracy': 0.4688, 'precision': 0.45275351454585316, 'recall': 0.4688, 'f1': 0.4409600779442555, 'confusion_matrix': array([[679, 214,   1,   3,   2,   9,  42,  24,   0,   6],
       [  0, 458, 641,   4,   0,   1,  10,   3,   0,  18],
       [ 16,  18, 399, 476,  10,   6,  18,  43,  15,  31],
       [  6,  19,   8, 724,  80,   9,  33,  17,  12, 102],
       [ 29,   3,   3,   0, 170, 582,   6,  63,   1, 125],
       [ 54,  76,  20,  66,  18, 358, 164,  30,  24,  82],
       [ 15,  17,  24,   3,   4,   1, 497, 395,   0,   2],
       [ 87,  11,  40,   9,  10,   7,   0, 640, 158,  66],
       [ 16,  22,  25, 105,   9,  21,  28,  11,  16, 721],
       [166,   3,   1,   7,  23,  25,   1,  34,   2, 747]], dtype=int64)}, 63.06605949999357)
[2024-08-13 13:12:35,522][flwr][INFO] - configure_evaluate: no clients selected, skipping evaluation
[2024-08-13 13:12:35,522][flwr][INFO] - 
[2024-08-13 13:12:35,522][flwr][INFO] - [ROUND 8]
[2024-08-13 13:12:35,522][flwr][INFO] - configure_fit: strategy sampled 10 clients (out of 10)
[2024-08-13 13:12:42,213][flwr][INFO] - aggregate_fit: received 10 results and 0 failures
[2024-08-13 13:12:44,300][flwr][INFO] - fit progress: (8, 1.374680777935901, {'accuracy': 0.4347, 'precision': 0.4669016493206762, 'recall': 0.4347, 'f1': 0.4283013806578843, 'confusion_matrix': array([[307, 552,   1,   1,   7,   7,  69,  26,  10,   0],
       [  0, 549, 554,   3,   4,   0,  15,   1,   9,   0],
       [  7,  28, 594, 238,  36,   6,  19,  39,  61,   4],
       [  1,  37,  13, 358, 446,   4,  31,  14, 105,   1],
       [ 16,   3,   1,   0, 461, 410,   8,  56,  19,   8],
       [ 22,  88,  18,  19,  86, 350, 198,  25,  85,   1],
       [  5,  22,  26,   0,  13,   0, 581, 311,   0,   0],
       [ 58,  11,  40,   1,  23,   4,   1, 243, 644,   3],
       [  8,  31,  26,  23, 115,  22,  47,   7, 638,  57],
       [286,   5,   2,   2, 139,  91,   2,  48, 168, 266]], dtype=int64)}, 71.84513020000304)
[2024-08-13 13:12:44,301][flwr][INFO] - configure_evaluate: no clients selected, skipping evaluation
[2024-08-13 13:12:44,301][flwr][INFO] - 
[2024-08-13 13:12:44,301][flwr][INFO] - [ROUND 9]
[2024-08-13 13:12:44,302][flwr][INFO] - configure_fit: strategy sampled 10 clients (out of 10)
[2024-08-13 13:12:51,328][flwr][INFO] - aggregate_fit: received 10 results and 0 failures
[2024-08-13 13:12:53,514][flwr][INFO] - fit progress: (9, 1.2453602013600893, {'accuracy': 0.566, 'precision': 0.5498526290297947, 'recall': 0.566, 'f1': 0.5342400875828509, 'confusion_matrix': array([[791, 101,   1,   6,   1,  10,  42,  21,   0,   7],
       [  0, 728, 368,   5,   1,   0,  12,   1,   0,  20],
       [ 17,  12, 524, 356,  10,   4,  19,  39,  12,  39],
       [  9,  12,   9, 767,  32,  16,  32,  19,   4, 110],
       [ 32,   3,   3,   1, 253, 390,  12,  57,   0, 231],
       [ 49,  69,  13,  66,  13, 378, 155,  35,  10, 104],
       [ 21,  11,  28,   0,   4,   1, 612, 278,   0,   3],
       [ 54,  14,  38,  12,   7,   6,   0, 771,  29,  97],
       [ 14,  17,  24,  94,   6,  18,  29,  12,   2, 758],
       [ 97,   3,   3,   6,  18,  17,   1,  30,   0, 834]], dtype=int64)}, 81.05962919999729)
[2024-08-13 13:12:53,515][flwr][INFO] - configure_evaluate: no clients selected, skipping evaluation
[2024-08-13 13:12:53,515][flwr][INFO] - 
[2024-08-13 13:12:53,515][flwr][INFO] - [ROUND 10]
[2024-08-13 13:12:53,516][flwr][INFO] - configure_fit: strategy sampled 10 clients (out of 10)
[2024-08-13 13:13:00,240][flwr][INFO] - aggregate_fit: received 10 results and 0 failures
[2024-08-13 13:13:02,309][flwr][INFO] - fit progress: (10, 1.3061731278369297, {'accuracy': 0.484, 'precision': 0.5256485344371609, 'recall': 0.484, 'f1': 0.4757306312888547, 'confusion_matrix': array([[320, 540,   1,   1,   7,  10,  60,  26,  15,   0],
       [  0, 630, 472,   3,   4,   1,  13,   1,  11,   0],
       [  4,  27, 649, 197,  37,   5,  17,  32,  63,   1],
       [  1,  32,  16, 416, 383,   7,  29,  14, 111,   1],
       [ 17,   3,   2,   0, 539, 349,   7,  43,  19,   3],
       [ 17,  78,  16,  24,  59, 417, 169,  25,  86,   1],
       [  6,  21,  27,   0,  14,   2, 601, 286,   1,   0],
       [ 51,  14,  38,   1,  29,   2,   1, 334, 557,   1],
       [  7,  29,  28,  22,  94,  29,  44,   7, 693,  21],
       [292,   5,   3,   2, 157,  90,   1,  53, 165, 241]], dtype=int64)}, 89.85494479999761)
[2024-08-13 13:13:02,310][flwr][INFO] - configure_evaluate: no clients selected, skipping evaluation
[2024-08-13 13:13:02,310][flwr][INFO] - 
[2024-08-13 13:13:02,311][flwr][INFO] - [SUMMARY]
[2024-08-13 13:13:02,311][flwr][INFO] - Run finished 10 round(s) in 89.86s
[2024-08-13 13:13:02,318][flwr][INFO] - 	History (loss, centralized):
[2024-08-13 13:13:02,319][flwr][INFO] - 		round 0: 2.3025850929940455
[2024-08-13 13:13:02,319][flwr][INFO] - 		round 1: 2.221092946917977
[2024-08-13 13:13:02,319][flwr][INFO] - 		round 2: 1.7987123983070632
[2024-08-13 13:13:02,319][flwr][INFO] - 		round 3: 1.468701060829707
[2024-08-13 13:13:02,319][flwr][INFO] - 		round 4: 1.368586368166449
[2024-08-13 13:13:02,319][flwr][INFO] - 		round 5: 1.3317695080550938
[2024-08-13 13:13:02,319][flwr][INFO] - 		round 6: 1.3735479464807958
[2024-08-13 13:13:02,319][flwr][INFO] - 		round 7: 1.3664355518285694
[2024-08-13 13:13:02,319][flwr][INFO] - 		round 8: 1.374680777935901
[2024-08-13 13:13:02,319][flwr][INFO] - 		round 9: 1.2453602013600893
[2024-08-13 13:13:02,319][flwr][INFO] - 		round 10: 1.3061731278369297
[2024-08-13 13:13:02,319][flwr][INFO] - 	History (metrics, centralized):
[2024-08-13 13:13:02,319][flwr][INFO] - 	{'accuracy': [(0, 0.098),
[2024-08-13 13:13:02,319][flwr][INFO] - 	              (1, 0.2413),
[2024-08-13 13:13:02,320][flwr][INFO] - 	              (2, 0.2192),
[2024-08-13 13:13:02,320][flwr][INFO] - 	              (3, 0.4111),
[2024-08-13 13:13:02,320][flwr][INFO] - 	              (4, 0.4699),
[2024-08-13 13:13:02,320][flwr][INFO] - 	              (5, 0.4952),
[2024-08-13 13:13:02,320][flwr][INFO] - 	              (6, 0.4517),
[2024-08-13 13:13:02,320][flwr][INFO] - 	              (7, 0.4688),
[2024-08-13 13:13:02,320][flwr][INFO] - 	              (8, 0.4347),
[2024-08-13 13:13:02,320][flwr][INFO] - 	              (9, 0.566),
[2024-08-13 13:13:02,320][flwr][INFO] - 	              (10, 0.484)],
[2024-08-13 13:13:02,320][flwr][INFO] - 	 'confusion_matrix': [(0,
[2024-08-13 13:13:02,320][flwr][INFO] - 	                       array([[ 980,    0,    0,    0,    0,    0,    0,    0,    0,    0],
[2024-08-13 13:13:02,320][flwr][INFO] - 	       [1135,    0,    0,    0,    0,    0,    0,    0,    0,    0],
[2024-08-13 13:13:02,320][flwr][INFO] - 	       [1032,    0,    0,    0,    0,    0,    0,    0,    0,    0],
[2024-08-13 13:13:02,320][flwr][INFO] - 	       [1010,    0,    0,    0,    0,    0,    0,    0,    0,    0],
[2024-08-13 13:13:02,320][flwr][INFO] - 	       [ 982,    0,    0,    0,    0,    0,    0,    0,    0,    0],
[2024-08-13 13:13:02,320][flwr][INFO] - 	       [ 892,    0,    0,    0,    0,    0,    0,    0,    0,    0],
[2024-08-13 13:13:02,321][flwr][INFO] - 	       [ 958,    0,    0,    0,    0,    0,    0,    0,    0,    0],
[2024-08-13 13:13:02,321][flwr][INFO] - 	       [1028,    0,    0,    0,    0,    0,    0,    0,    0,    0],
[2024-08-13 13:13:02,321][flwr][INFO] - 	       [ 974,    0,    0,    0,    0,    0,    0,    0,    0,    0],
[2024-08-13 13:13:02,321][flwr][INFO] - 	       [1009,    0,    0,    0,    0,    0,    0,    0,    0,    0]],
[2024-08-13 13:13:02,321][flwr][INFO] - 	      dtype=int64)),
[2024-08-13 13:13:02,321][flwr][INFO] - 	                      (1,
[2024-08-13 13:13:02,321][flwr][INFO] - 	                       array([[ 721,  222,    2,    9,    0,    0,    3,    8,    0,   15],
[2024-08-13 13:13:02,321][flwr][INFO] - 	       [   0,    0, 1098,    4,    0,    0,    0,    2,    1,   30],
[2024-08-13 13:13:02,321][flwr][INFO] - 	       [  36,    8,  183,  680,    2,    1,    5,   30,   19,   68],
[2024-08-13 13:13:02,321][flwr][INFO] - 	       [  10,   10,   19,  546,  242,    0,    2,    9,   22,  150],
[2024-08-13 13:13:02,321][flwr][INFO] - 	       [ 166,    0,   12,    0,   86,   63,    1,   50,    6,  598],
[2024-08-13 13:13:02,321][flwr][INFO] - 	       [ 156,   44,   60,  105,  101,    1,   12,   22,   49,  342],
[2024-08-13 13:13:02,321][flwr][INFO] - 	       [  72,   18,   49,   15,    2,    0,  130,  636,    0,   36],
[2024-08-13 13:13:02,321][flwr][INFO] - 	       [  69,    0,   53,    4,    4,    0,    0,   13,  842,   43],
[2024-08-13 13:13:02,321][flwr][INFO] - 	       [  24,    2,   33,   88,   15,    0,    0,    3,   13,  796],
[2024-08-13 13:13:02,321][flwr][INFO] - 	       [ 193,    0,    5,    4,   23,    0,    0,    6,   58,  720]],
[2024-08-13 13:13:02,321][flwr][INFO] - 	      dtype=int64)),
[2024-08-13 13:13:02,322][flwr][INFO] - 	                      (2,
[2024-08-13 13:13:02,322][flwr][INFO] - 	                       array([[ 166,  683,    2,    0,    7,    1,   95,   23,    3,    0],
[2024-08-13 13:13:02,322][flwr][INFO] - 	       [   0,   17, 1084,    3,   12,    0,   14,    3,    2,    0],
[2024-08-13 13:13:02,322][flwr][INFO] - 	       [   6,   50,  273,  516,   23,   17,   31,   79,   37,    0],
[2024-08-13 13:13:02,322][flwr][INFO] - 	       [   0,   53,    9,  233,  629,    0,   33,   12,   41,    0],
[2024-08-13 13:13:02,322][flwr][INFO] - 	       [   7,    2,    8,    0,  177,  661,   13,   94,   19,    1],
[2024-08-13 13:13:02,322][flwr][INFO] - 	       [  20,  142,   36,   14,  214,  152,  227,   28,   59,    0],
[2024-08-13 13:13:02,322][flwr][INFO] - 	       [   3,   26,   16,    3,    6,    1,  572,  331,    0,    0],
[2024-08-13 13:13:02,322][flwr][INFO] - 	       [  32,    1,   49,    3,   16,    9,    2,  195,  721,    0],
[2024-08-13 13:13:02,322][flwr][INFO] - 	       [   9,   67,   37,   28,  313,   18,   77,   12,  407,    6],
[2024-08-13 13:13:02,322][flwr][INFO] - 	       [ 100,    4,    3,    1,  197,  310,    4,  128,  262,    0]],
[2024-08-13 13:13:02,322][flwr][INFO] - 	      dtype=int64)),
[2024-08-13 13:13:02,322][flwr][INFO] - 	                      (3,
[2024-08-13 13:13:02,322][flwr][INFO] - 	                       array([[822,  92,   2,   2,   0,   1,  42,  13,   1,   5],
[2024-08-13 13:13:02,322][flwr][INFO] - 	       [  0, 332, 767,   5,   0,   0,  12,   3,   1,  15],
[2024-08-13 13:13:02,322][flwr][INFO] - 	       [ 45,  13, 278, 565,   4,   9,  20,  53,  21,  24],
[2024-08-13 13:13:02,322][flwr][INFO] - 	       [ 19,  20,   8, 713,  85,   2,  40,  17,  28,  78],
[2024-08-13 13:13:02,323][flwr][INFO] - 	       [ 40,   3,   7,   0,  94, 641,  10,  85,   3,  99],
[2024-08-13 13:13:02,323][flwr][INFO] - 	       [143,  97,  32,  79,  37, 165, 212,  30,  31,  66],
[2024-08-13 13:13:02,323][flwr][INFO] - 	       [ 23,  13,  18,   4,   2,   0, 627, 270,   0,   1],
[2024-08-13 13:13:02,323][flwr][INFO] - 	       [ 88,   4,  40,   7,   5,   4,   3, 404, 441,  32],
[2024-08-13 13:13:02,323][flwr][INFO] - 	       [ 40,  30,  25, 140,   7,   7,  35,  11,  44, 635],
[2024-08-13 13:13:02,323][flwr][INFO] - 	       [222,   2,   2,   6,  29,  44,   1,  49,  22, 632]], dtype=int64)),
[2024-08-13 13:13:02,323][flwr][INFO] - 	                      (4,
[2024-08-13 13:13:02,323][flwr][INFO] - 	                       array([[162, 665,   2,   0,  16,   5,  85,  32,  13,   0],
[2024-08-13 13:13:02,323][flwr][INFO] - 	       [  0, 726, 380,   3,   9,   2,   6,   2,   7,   0],
[2024-08-13 13:13:02,323][flwr][INFO] - 	       [  0,  44, 685, 114,  51,   5,  19,  50,  61,   3],
[2024-08-13 13:13:02,323][flwr][INFO] - 	       [  0,  63,  19, 295, 499,   1,  23,  15,  95,   0],
[2024-08-13 13:13:02,323][flwr][INFO] - 	       [  1,   4,   3,   0, 517, 346,  11,  76,  19,   5],
[2024-08-13 13:13:02,323][flwr][INFO] - 	       [  4, 151,  26,  15, 149, 313, 125,  26,  83,   0],
[2024-08-13 13:13:02,323][flwr][INFO] - 	       [  3,  32,  29,   0,  14,   0, 634, 246,   0,   0],
[2024-08-13 13:13:02,323][flwr][INFO] - 	       [ 12,  16,  36,   0,  32,   0,   1, 454, 475,   2],
[2024-08-13 13:13:02,323][flwr][INFO] - 	       [  0,  56,  26,  11, 181,  18,  38,   8, 596,  40],
[2024-08-13 13:13:02,323][flwr][INFO] - 	       [ 27,   9,   1,   0, 255, 119,   1, 117, 163, 317]], dtype=int64)),
[2024-08-13 13:13:02,324][flwr][INFO] - 	                      (5,
[2024-08-13 13:13:02,324][flwr][INFO] - 	                       array([[756, 137,   2,   5,   0,   5,  51,  18,   1,   5],
[2024-08-13 13:13:02,324][flwr][INFO] - 	       [  0, 452, 651,   4,   0,   1,   9,   2,   1,  15],
[2024-08-13 13:13:02,324][flwr][INFO] - 	       [ 23,  15, 450, 420,  10,   6,  17,  45,  22,  24],
[2024-08-13 13:13:02,324][flwr][INFO] - 	       [  7,  16,   9, 754,  58,   9,  30,  16,  22,  89],
[2024-08-13 13:13:02,324][flwr][INFO] - 	       [ 26,   3,   5,   0, 168, 579,   8,  68,   3, 122],
[2024-08-13 13:13:02,324][flwr][INFO] - 	       [ 56,  79,  30,  88,  20, 337, 153,  30,  29,  70],
[2024-08-13 13:13:02,324][flwr][INFO] - 	       [ 19,  14,  28,   2,   3,   1, 611, 279,   0,   1],
[2024-08-13 13:13:02,324][flwr][INFO] - 	       [ 65,   5,  47,   3,   9,   7,   1, 622, 221,  48],
[2024-08-13 13:13:02,324][flwr][INFO] - 	       [ 17,  24,  33, 129,   6,  17,  28,  11,  47, 662],
[2024-08-13 13:13:02,324][flwr][INFO] - 	       [135,   3,   1,   7,  26,  31,   1,  44,   6, 755]], dtype=int64)),
[2024-08-13 13:13:02,324][flwr][INFO] - 	                      (6,
[2024-08-13 13:13:02,324][flwr][INFO] - 	                       array([[276, 585,   1,   0,  10,   6,  70,  23,   9,   0],
[2024-08-13 13:13:02,324][flwr][INFO] - 	       [  0, 587, 516,   3,   5,   1,  11,   1,  11,   0],
[2024-08-13 13:13:02,324][flwr][INFO] - 	       [  4,  35, 616, 202,  42,   5,  19,  44,  60,   5],
[2024-08-13 13:13:02,324][flwr][INFO] - 	       [  0,  40,  13, 359, 455,   2,  26,  15,  97,   3],
[2024-08-13 13:13:02,324][flwr][INFO] - 	       [ 10,   3,   2,   0, 526, 339,  10,  64,  21,   7],
[2024-08-13 13:13:02,325][flwr][INFO] - 	       [ 17, 105,  24,  18, 120, 319, 170,  27,  89,   3],
[2024-08-13 13:13:02,325][flwr][INFO] - 	       [  4,  26,  26,   0,  14,   0, 597, 291,   0,   0],
[2024-08-13 13:13:02,325][flwr][INFO] - 	       [ 40,  14,  36,   0,  31,   0,   2, 295, 607,   3],
[2024-08-13 13:13:02,325][flwr][INFO] - 	       [  5,  35,  29,  21, 149,  14,  39,   8, 608,  66],
[2024-08-13 13:13:02,325][flwr][INFO] - 	       [171,   5,   1,   1, 198,  75,   0,  59, 165, 334]], dtype=int64)),
[2024-08-13 13:13:02,325][flwr][INFO] - 	                      (7,
[2024-08-13 13:13:02,325][flwr][INFO] - 	                       array([[679, 214,   1,   3,   2,   9,  42,  24,   0,   6],
[2024-08-13 13:13:02,325][flwr][INFO] - 	       [  0, 458, 641,   4,   0,   1,  10,   3,   0,  18],
[2024-08-13 13:13:02,325][flwr][INFO] - 	       [ 16,  18, 399, 476,  10,   6,  18,  43,  15,  31],
[2024-08-13 13:13:02,325][flwr][INFO] - 	       [  6,  19,   8, 724,  80,   9,  33,  17,  12, 102],
[2024-08-13 13:13:02,325][flwr][INFO] - 	       [ 29,   3,   3,   0, 170, 582,   6,  63,   1, 125],
[2024-08-13 13:13:02,325][flwr][INFO] - 	       [ 54,  76,  20,  66,  18, 358, 164,  30,  24,  82],
[2024-08-13 13:13:02,325][flwr][INFO] - 	       [ 15,  17,  24,   3,   4,   1, 497, 395,   0,   2],
[2024-08-13 13:13:02,325][flwr][INFO] - 	       [ 87,  11,  40,   9,  10,   7,   0, 640, 158,  66],
[2024-08-13 13:13:02,325][flwr][INFO] - 	       [ 16,  22,  25, 105,   9,  21,  28,  11,  16, 721],
[2024-08-13 13:13:02,325][flwr][INFO] - 	       [166,   3,   1,   7,  23,  25,   1,  34,   2, 747]], dtype=int64)),
[2024-08-13 13:13:02,325][flwr][INFO] - 	                      (8,
[2024-08-13 13:13:02,326][flwr][INFO] - 	                       array([[307, 552,   1,   1,   7,   7,  69,  26,  10,   0],
[2024-08-13 13:13:02,326][flwr][INFO] - 	       [  0, 549, 554,   3,   4,   0,  15,   1,   9,   0],
[2024-08-13 13:13:02,326][flwr][INFO] - 	       [  7,  28, 594, 238,  36,   6,  19,  39,  61,   4],
[2024-08-13 13:13:02,326][flwr][INFO] - 	       [  1,  37,  13, 358, 446,   4,  31,  14, 105,   1],
[2024-08-13 13:13:02,326][flwr][INFO] - 	       [ 16,   3,   1,   0, 461, 410,   8,  56,  19,   8],
[2024-08-13 13:13:02,326][flwr][INFO] - 	       [ 22,  88,  18,  19,  86, 350, 198,  25,  85,   1],
[2024-08-13 13:13:02,326][flwr][INFO] - 	       [  5,  22,  26,   0,  13,   0, 581, 311,   0,   0],
[2024-08-13 13:13:02,326][flwr][INFO] - 	       [ 58,  11,  40,   1,  23,   4,   1, 243, 644,   3],
[2024-08-13 13:13:02,326][flwr][INFO] - 	       [  8,  31,  26,  23, 115,  22,  47,   7, 638,  57],
[2024-08-13 13:13:02,326][flwr][INFO] - 	       [286,   5,   2,   2, 139,  91,   2,  48, 168, 266]], dtype=int64)),
[2024-08-13 13:13:02,326][flwr][INFO] - 	                      (9,
[2024-08-13 13:13:02,326][flwr][INFO] - 	                       array([[791, 101,   1,   6,   1,  10,  42,  21,   0,   7],
[2024-08-13 13:13:02,326][flwr][INFO] - 	       [  0, 728, 368,   5,   1,   0,  12,   1,   0,  20],
[2024-08-13 13:13:02,326][flwr][INFO] - 	       [ 17,  12, 524, 356,  10,   4,  19,  39,  12,  39],
[2024-08-13 13:13:02,326][flwr][INFO] - 	       [  9,  12,   9, 767,  32,  16,  32,  19,   4, 110],
[2024-08-13 13:13:02,326][flwr][INFO] - 	       [ 32,   3,   3,   1, 253, 390,  12,  57,   0, 231],
[2024-08-13 13:13:02,327][flwr][INFO] - 	       [ 49,  69,  13,  66,  13, 378, 155,  35,  10, 104],
[2024-08-13 13:13:02,327][flwr][INFO] - 	       [ 21,  11,  28,   0,   4,   1, 612, 278,   0,   3],
[2024-08-13 13:13:02,327][flwr][INFO] - 	       [ 54,  14,  38,  12,   7,   6,   0, 771,  29,  97],
[2024-08-13 13:13:02,327][flwr][INFO] - 	       [ 14,  17,  24,  94,   6,  18,  29,  12,   2, 758],
[2024-08-13 13:13:02,327][flwr][INFO] - 	       [ 97,   3,   3,   6,  18,  17,   1,  30,   0, 834]], dtype=int64)),
[2024-08-13 13:13:02,327][flwr][INFO] - 	                      (10,
[2024-08-13 13:13:02,327][flwr][INFO] - 	                       array([[320, 540,   1,   1,   7,  10,  60,  26,  15,   0],
[2024-08-13 13:13:02,327][flwr][INFO] - 	       [  0, 630, 472,   3,   4,   1,  13,   1,  11,   0],
[2024-08-13 13:13:02,327][flwr][INFO] - 	       [  4,  27, 649, 197,  37,   5,  17,  32,  63,   1],
[2024-08-13 13:13:02,327][flwr][INFO] - 	       [  1,  32,  16, 416, 383,   7,  29,  14, 111,   1],
[2024-08-13 13:13:02,327][flwr][INFO] - 	       [ 17,   3,   2,   0, 539, 349,   7,  43,  19,   3],
[2024-08-13 13:13:02,327][flwr][INFO] - 	       [ 17,  78,  16,  24,  59, 417, 169,  25,  86,   1],
[2024-08-13 13:13:02,327][flwr][INFO] - 	       [  6,  21,  27,   0,  14,   2, 601, 286,   1,   0],
[2024-08-13 13:13:02,327][flwr][INFO] - 	       [ 51,  14,  38,   1,  29,   2,   1, 334, 557,   1],
[2024-08-13 13:13:02,327][flwr][INFO] - 	       [  7,  29,  28,  22,  94,  29,  44,   7, 693,  21],
[2024-08-13 13:13:02,327][flwr][INFO] - 	       [292,   5,   3,   2, 157,  90,   1,  53, 165, 241]], dtype=int64))],
[2024-08-13 13:13:02,327][flwr][INFO] - 	 'f1': [(0, 0.017493624772313296),
[2024-08-13 13:13:02,328][flwr][INFO] - 	        (1, 0.19292480671848483),
[2024-08-13 13:13:02,328][flwr][INFO] - 	        (2, 0.20734396255190163),
[2024-08-13 13:13:02,328][flwr][INFO] - 	        (3, 0.38237895975681135),
[2024-08-13 13:13:02,328][flwr][INFO] - 	        (4, 0.4607141515397666),
[2024-08-13 13:13:02,328][flwr][INFO] - 	        (5, 0.4698478678958983),
[2024-08-13 13:13:02,328][flwr][INFO] - 	        (6, 0.4480946236682623),
[2024-08-13 13:13:02,328][flwr][INFO] - 	        (7, 0.4409600779442555),
[2024-08-13 13:13:02,328][flwr][INFO] - 	        (8, 0.4283013806578843),
[2024-08-13 13:13:02,328][flwr][INFO] - 	        (9, 0.5342400875828509),
[2024-08-13 13:13:02,328][flwr][INFO] - 	        (10, 0.4757306312888547)],
[2024-08-13 13:13:02,328][flwr][INFO] - 	 'precision': [(0, 0.009604000000000001),
[2024-08-13 13:13:02,328][flwr][INFO] - 	               (1, 0.22868951653419337),
[2024-08-13 13:13:02,328][flwr][INFO] - 	               (2, 0.21874673762159177),
[2024-08-13 13:13:02,328][flwr][INFO] - 	               (3, 0.3934687386383551),
[2024-08-13 13:13:02,328][flwr][INFO] - 	               (4, 0.5486353289192434),
[2024-08-13 13:13:02,328][flwr][INFO] - 	               (5, 0.4881360753316837),
[2024-08-13 13:13:02,328][flwr][INFO] - 	               (6, 0.4916224201391562),
[2024-08-13 13:13:02,329][flwr][INFO] - 	               (7, 0.45275351454585316),
[2024-08-13 13:13:02,329][flwr][INFO] - 	               (8, 0.4669016493206762),
[2024-08-13 13:13:02,329][flwr][INFO] - 	               (9, 0.5498526290297947),
[2024-08-13 13:13:02,329][flwr][INFO] - 	               (10, 0.5256485344371609)],
[2024-08-13 13:13:02,329][flwr][INFO] - 	 'recall': [(0, 0.098),
[2024-08-13 13:13:02,329][flwr][INFO] - 	            (1, 0.2413),
[2024-08-13 13:13:02,329][flwr][INFO] - 	            (2, 0.2192),
[2024-08-13 13:13:02,329][flwr][INFO] - 	            (3, 0.4111),
[2024-08-13 13:13:02,329][flwr][INFO] - 	            (4, 0.4699),
[2024-08-13 13:13:02,329][flwr][INFO] - 	            (5, 0.4952),
[2024-08-13 13:13:02,329][flwr][INFO] - 	            (6, 0.4517),
[2024-08-13 13:13:02,329][flwr][INFO] - 	            (7, 0.4688),
[2024-08-13 13:13:02,329][flwr][INFO] - 	            (8, 0.4347),
[2024-08-13 13:13:02,329][flwr][INFO] - 	            (9, 0.566),
[2024-08-13 13:13:02,329][flwr][INFO] - 	            (10, 0.484)]}
[2024-08-13 13:13:02,329][flwr][INFO] - 
