[2024-08-13 10:42:42,835][flwr][INFO] - Starting Flower simulation, config: num_rounds=10, no round_timeout
[2024-08-13 10:42:46,889][flwr][INFO] - Flower VCE: Ray initialized with resources: {'GPU': 1.0, 'node:__internal_head__': 1.0, 'CPU': 16.0, 'memory': 5049817499.0, 'node:127.0.0.1': 1.0, 'object_store_memory': 2524908748.0, 'accelerator_type:G': 1.0}
[2024-08-13 10:42:46,889][flwr][INFO] - Optimize your simulation with Flower VCE: https://flower.ai/docs/framework/how-to-run-simulations.html
[2024-08-13 10:42:46,889][flwr][INFO] - Flower VCE: Resources for each Virtual Client: {'num_cpus': 2, 'num_gpus': 0.5}
[2024-08-13 10:42:46,900][flwr][INFO] - Flower VCE: Creating VirtualClientEngineActorPool with 2 actors
[2024-08-13 10:42:46,900][flwr][INFO] - [INIT]
[2024-08-13 10:42:46,901][flwr][INFO] - Requesting initial parameters from one random client
[2024-08-13 10:42:54,446][flwr][INFO] - Received initial parameters from one random client
[2024-08-13 10:42:54,446][flwr][INFO] - Evaluating initial global parameters
[2024-08-13 10:42:56,680][flwr][INFO] - initial parameters (loss, other metrics): 2.3025850929940455, {'accuracy': 0.098, 'precision': 0.009604000000000001, 'recall': 0.098, 'f1': 0.017493624772313296, 'confusion_matrix': array([[ 980,    0,    0,    0,    0,    0,    0,    0,    0,    0],
       [1135,    0,    0,    0,    0,    0,    0,    0,    0,    0],
       [1032,    0,    0,    0,    0,    0,    0,    0,    0,    0],
       [1010,    0,    0,    0,    0,    0,    0,    0,    0,    0],
       [ 982,    0,    0,    0,    0,    0,    0,    0,    0,    0],
       [ 892,    0,    0,    0,    0,    0,    0,    0,    0,    0],
       [ 958,    0,    0,    0,    0,    0,    0,    0,    0,    0],
       [1028,    0,    0,    0,    0,    0,    0,    0,    0,    0],
       [ 974,    0,    0,    0,    0,    0,    0,    0,    0,    0],
       [1009,    0,    0,    0,    0,    0,    0,    0,    0,    0]],
      dtype=int64)}
[2024-08-13 10:42:56,681][flwr][INFO] - 
[2024-08-13 10:42:56,681][flwr][INFO] - [ROUND 1]
[2024-08-13 10:42:56,681][flwr][INFO] - configure_fit: strategy sampled 10 clients (out of 10)
[2024-08-13 10:43:05,225][flwr][INFO] - aggregate_fit: received 10 results and 0 failures
[2024-08-13 10:43:05,228][flwr][WARNING] - No fit_metrics_aggregation_fn provided
[2024-08-13 10:43:07,377][flwr][INFO] - fit progress: (1, 0.8992457485645746, {'accuracy': 0.7252, 'precision': 0.7867398502335308, 'recall': 0.7252, 'f1': 0.6909329562434384, 'confusion_matrix': array([[ 956,    0,    2,    5,    0,    0,    6,    1,   10,    0],
       [   0, 1074,    9,    9,    0,    0,    4,    1,   37,    1],
       [  81,   36,  707,   78,    7,    0,   28,   16,   66,   13],
       [  30,   14,   16,  859,    0,    0,    9,   11,   58,   13],
       [  30,   12,    3,    1,  422,    0,   31,    4,   44,  435],
       [ 226,   70,    4,  265,    4,    5,   25,   24,  195,   74],
       [  97,   22,   11,    4,    4,    0,  806,    1,   13,    0],
       [  29,   49,   16,    3,    1,    0,    1,  816,   48,   65],
       [  45,   16,    4,  113,    1,    0,   13,    7,  737,   38],
       [  46,   18,    4,   13,    9,    0,    2,   19,   28,  870]],
      dtype=int64)}, 10.696001200005412)
[2024-08-13 10:43:07,378][flwr][INFO] - configure_evaluate: no clients selected, skipping evaluation
[2024-08-13 10:43:07,378][flwr][INFO] - 
[2024-08-13 10:43:07,378][flwr][INFO] - [ROUND 2]
[2024-08-13 10:43:07,378][flwr][INFO] - configure_fit: strategy sampled 10 clients (out of 10)
[2024-08-13 10:43:13,711][flwr][INFO] - aggregate_fit: received 10 results and 0 failures
[2024-08-13 10:43:15,886][flwr][INFO] - fit progress: (2, 0.7709763605767743, {'accuracy': 0.8135, 'precision': 0.8221495623368419, 'recall': 0.8135, 'f1': 0.8087812084908899, 'confusion_matrix': array([[ 910,    0,    7,    3,    0,   13,   39,    1,    7,    0],
       [   0, 1072,   46,    3,    1,    4,    5,    1,    3,    0],
       [  22,   22,  859,   28,   29,    0,   22,   26,   24,    0],
       [   7,   12,   33,  853,    4,   26,   11,   20,   28,   16],
       [   6,    9,    4,    0,  915,    1,   21,    2,    4,   20],
       [  31,   52,   17,  124,   37,  538,   39,   29,   13,   12],
       [  24,   15,   24,    0,   23,   16,  855,    1,    0,    0],
       [   7,   41,   43,    0,   20,    0,    1,  897,    6,   13],
       [  17,   33,   35,  102,   33,   21,   22,   19,  666,   26],
       [  25,   16,    5,    9,  276,    8,    3,   87,   10,  570]],
      dtype=int64)}, 19.20579470001394)
[2024-08-13 10:43:15,887][flwr][INFO] - configure_evaluate: no clients selected, skipping evaluation
[2024-08-13 10:43:15,887][flwr][INFO] - 
[2024-08-13 10:43:15,887][flwr][INFO] - [ROUND 3]
[2024-08-13 10:43:15,888][flwr][INFO] - configure_fit: strategy sampled 10 clients (out of 10)
[2024-08-13 10:43:22,253][flwr][INFO] - aggregate_fit: received 10 results and 0 failures
[2024-08-13 10:43:24,371][flwr][INFO] - fit progress: (3, 0.7869665804540524, {'accuracy': 0.7865, 'precision': 0.8284059306701241, 'recall': 0.7865, 'f1': 0.783916437301828, 'confusion_matrix': array([[ 898,    0,    1,    4,    0,   21,   25,    1,   27,    3],
       [   0, 1062,    3,    4,    0,    3,    4,    0,   58,    1],
       [  17,   20,  742,   68,    7,    2,   24,   22,   98,   32],
       [   4,    9,    8,  813,    0,   38,    8,   12,   79,   39],
       [   6,    6,    2,    0,  355,    0,   20,    1,   26,  566],
       [  15,   49,    2,   91,    2,  592,   26,   13,   56,   46],
       [  19,   14,   16,    1,    4,   19,  871,    4,    9,    1],
       [   7,   29,   14,    2,    0,    0,    2,  774,   59,  141],
       [   5,   10,    3,   46,    2,   17,   12,    5,  821,   53],
       [  14,    5,    3,    4,    4,   10,    1,    5,   26,  937]],
      dtype=int64)}, 27.690462000013213)
[2024-08-13 10:43:24,372][flwr][INFO] - configure_evaluate: no clients selected, skipping evaluation
[2024-08-13 10:43:24,372][flwr][INFO] - 
[2024-08-13 10:43:24,372][flwr][INFO] - [ROUND 4]
[2024-08-13 10:43:24,373][flwr][INFO] - configure_fit: strategy sampled 10 clients (out of 10)
[2024-08-13 10:43:30,726][flwr][INFO] - aggregate_fit: received 10 results and 0 failures
[2024-08-13 10:43:32,853][flwr][INFO] - fit progress: (4, 0.8010441397468471, {'accuracy': 0.772, 'precision': 0.8135796054774984, 'recall': 0.772, 'f1': 0.7472159306282391, 'confusion_matrix': array([[ 919,    1,    2,    6,    5,   17,   28,    1,    1,    0],
       [   0, 1078,   37,    6,    2,    5,    5,    1,    1,    0],
       [  14,   13,  844,   48,   40,    0,   19,   37,   17,    0],
       [   3,   10,   18,  883,    9,   38,    9,   27,   12,    1],
       [   2,    7,    2,    0,  947,    2,   12,    7,    2,    1],
       [  14,   56,    9,  102,   44,  608,   28,   25,    4,    2],
       [  14,   14,   21,    1,   39,   19,  848,    2,    0,    0],
       [   3,   30,   42,    2,   24,    0,    1,  926,    0,    0],
       [  16,   49,   32,  143,   67,   64,   21,   31,  549,    2],
       [  22,   13,    4,    9,  608,   27,    1,  203,    4,  118]],
      dtype=int64)}, 36.17166020000877)
[2024-08-13 10:43:32,853][flwr][INFO] - configure_evaluate: no clients selected, skipping evaluation
[2024-08-13 10:43:32,853][flwr][INFO] - 
[2024-08-13 10:43:32,854][flwr][INFO] - [ROUND 5]
[2024-08-13 10:43:32,854][flwr][INFO] - configure_fit: strategy sampled 10 clients (out of 10)
[2024-08-13 10:43:39,309][flwr][INFO] - aggregate_fit: received 10 results and 0 failures
[2024-08-13 10:43:41,455][flwr][INFO] - fit progress: (5, 0.7959448401858715, {'accuracy': 0.8058, 'precision': 0.8334962754336374, 'recall': 0.8058, 'f1': 0.8055171030630726, 'confusion_matrix': array([[ 920,    1,    2,    1,    0,    9,   26,    0,   17,    4],
       [   0, 1063,   33,    2,    1,    2,    5,    1,   26,    2],
       [  15,   12,  821,   37,    8,    0,   27,   22,   63,   27],
       [   4,    7,   18,  790,    0,   39,   17,   13,   69,   53],
       [   5,    6,    2,    0,  503,    0,   27,    2,   17,  420],
       [  19,   53,    5,   64,    7,  580,   39,   12,   64,   49],
       [  15,   13,   22,    1,    5,   14,  880,    4,    2,    2],
       [  11,   26,   33,    0,    6,    0,    2,  762,   48,  140],
       [   9,   16,   13,   30,    3,   15,   18,    5,  804,   61],
       [  19,    6,    4,    4,    8,    4,    1,    8,   20,  935]],
      dtype=int64)}, 44.7736331000051)
[2024-08-13 10:43:41,456][flwr][INFO] - configure_evaluate: no clients selected, skipping evaluation
[2024-08-13 10:43:41,456][flwr][INFO] - 
[2024-08-13 10:43:41,456][flwr][INFO] - [ROUND 6]
[2024-08-13 10:43:41,456][flwr][INFO] - configure_fit: strategy sampled 10 clients (out of 10)
[2024-08-13 10:43:48,037][flwr][INFO] - aggregate_fit: received 10 results and 0 failures
[2024-08-13 10:43:50,173][flwr][INFO] - fit progress: (6, 0.835319253962103, {'accuracy': 0.7689, 'precision': 0.8194624607182969, 'recall': 0.7689, 'f1': 0.7377281494057898, 'confusion_matrix': array([[ 925,    2,    2,    6,    5,   11,   22,    5,    2,    0],
       [   0, 1078,   34,    7,    2,    5,    5,    2,    2,    0],
       [  13,   12,  827,   63,   44,    0,   17,   40,   16,    0],
       [   1,    7,   13,  885,   11,   40,   10,   26,   17,    0],
       [   2,    4,    1,    0,  947,    2,   12,   11,    3,    0],
       [  12,   52,    8,   91,   43,  635,   24,   23,    4,    0],
       [  12,   15,   18,    1,   44,   18,  840,   10,    0,    0],
       [   5,   30,   34,    3,   28,    0,    1,  923,    4,    0],
       [  13,   55,   18,  124,   70,   63,   19,   26,  586,    0],
       [  22,   11,    2,    8,  652,   35,    1,  227,    8,   43]],
      dtype=int64)}, 53.49284680001438)
[2024-08-13 10:43:50,174][flwr][INFO] - configure_evaluate: no clients selected, skipping evaluation
[2024-08-13 10:43:50,174][flwr][INFO] - 
[2024-08-13 10:43:50,174][flwr][INFO] - [ROUND 7]
[2024-08-13 10:43:50,175][flwr][INFO] - configure_fit: strategy sampled 10 clients (out of 10)
[2024-08-13 10:43:56,830][flwr][INFO] - aggregate_fit: received 10 results and 0 failures
[2024-08-13 10:43:58,963][flwr][INFO] - fit progress: (7, 0.8209590101949834, {'accuracy': 0.8024, 'precision': 0.8327170001930857, 'recall': 0.8024, 'f1': 0.801728429893049, 'confusion_matrix': array([[ 923,    2,    4,    4,    0,    7,   27,    1,   10,    2],
       [   0, 1051,   45,    3,    1,    3,    5,    1,   24,    2],
       [  11,   12,  826,   41,    8,    0,   25,   23,   59,   27],
       [   2,    7,   17,  805,    1,   34,   17,   12,   59,   56],
       [   5,    7,    2,    0,  474,    1,   26,    6,   17,  444],
       [  11,   50,    6,   72,    5,  573,   47,   11,   68,   49],
       [  12,    8,   22,    1,    4,    6,  894,    8,    1,    2],
       [  10,   24,   37,    1,    6,    0,    1,  751,   47,  151],
       [   9,   17,   17,   32,    3,   15,   19,    4,  785,   73],
       [  18,    6,    4,    6,    5,    4,    1,    8,   15,  942]],
      dtype=int64)}, 62.28272570000263)
[2024-08-13 10:43:58,964][flwr][INFO] - configure_evaluate: no clients selected, skipping evaluation
[2024-08-13 10:43:58,964][flwr][INFO] - 
[2024-08-13 10:43:58,964][flwr][INFO] - [ROUND 8]
[2024-08-13 10:43:58,965][flwr][INFO] - configure_fit: strategy sampled 10 clients (out of 10)
[2024-08-13 10:44:05,552][flwr][INFO] - aggregate_fit: received 10 results and 0 failures
[2024-08-13 10:44:07,691][flwr][INFO] - fit progress: (8, 0.8548483897926359, {'accuracy': 0.767, 'precision': 0.817252734515249, 'recall': 0.767, 'f1': 0.7368600780611287, 'confusion_matrix': array([[ 919,    5,    3,    6,    4,   11,   19,   10,    3,    0],
       [   0, 1087,   18,    6,    4,    5,    5,    3,    7,    0],
       [  12,   27,  767,   83,   48,    0,   19,   49,   27,    0],
       [   0,   12,    5,  883,   15,   36,    7,   27,   25,    0],
       [   2,    3,    1,    0,  944,    2,   11,   16,    3,    0],
       [  10,   57,    2,   82,   41,  639,   27,   26,    8,    0],
       [  12,   18,   11,    0,   39,   15,  834,   29,    0,    0],
       [   5,   30,   26,    4,   27,    0,    1,  928,    7,    0],
       [  15,   60,    8,   97,   78,   52,   19,   26,  619,    0],
       [  28,   11,    2,    7,  611,   38,    1,  249,   12,   50]],
      dtype=int64)}, 71.01010850000603)
[2024-08-13 10:44:07,692][flwr][INFO] - configure_evaluate: no clients selected, skipping evaluation
[2024-08-13 10:44:07,692][flwr][INFO] - 
[2024-08-13 10:44:07,692][flwr][INFO] - [ROUND 9]
[2024-08-13 10:44:07,693][flwr][INFO] - configure_fit: strategy sampled 10 clients (out of 10)
[2024-08-13 10:44:14,505][flwr][INFO] - aggregate_fit: received 10 results and 0 failures
[2024-08-13 10:44:16,769][flwr][INFO] - fit progress: (9, 0.8351834355620714, {'accuracy': 0.8036, 'precision': 0.8318144955872078, 'recall': 0.8036, 'f1': 0.803498716047921, 'confusion_matrix': array([[ 917,    8,    6,    4,    0,    8,   27,    1,    7,    2],
       [   0, 1034,   57,    4,    1,    4,    5,    0,   27,    3],
       [  10,   13,  832,   40,    7,    1,   22,   23,   57,   27],
       [   2,    9,   15,  806,    1,   41,   17,   12,   50,   57],
       [   5,    6,    3,    0,  489,    6,   25,    7,   19,  422],
       [  13,   41,    5,   60,    1,  612,   45,   11,   62,   42],
       [  11,    9,   21,    1,    4,    9,  886,   14,    1,    2],
       [  11,   21,   38,    2,    5,    0,    1,  744,   57,  149],
       [  10,   15,   19,   29,    3,   22,   18,    4,  779,   75],
       [  22,    6,    4,    5,    6,    7,    1,    7,   14,  937]],
      dtype=int64)}, 80.0881689000089)
[2024-08-13 10:44:16,770][flwr][INFO] - configure_evaluate: no clients selected, skipping evaluation
[2024-08-13 10:44:16,770][flwr][INFO] - 
[2024-08-13 10:44:16,770][flwr][INFO] - [ROUND 10]
[2024-08-13 10:44:16,770][flwr][INFO] - configure_fit: strategy sampled 10 clients (out of 10)
[2024-08-13 10:44:23,343][flwr][INFO] - aggregate_fit: received 10 results and 0 failures
[2024-08-13 10:44:25,476][flwr][INFO] - fit progress: (10, 0.8571346198481344, {'accuracy': 0.7668, 'precision': 0.8160641896530255, 'recall': 0.7668, 'f1': 0.7400133277407145, 'confusion_matrix': array([[ 915,   14,    2,    6,    4,    7,   12,   14,    6,    0],
       [   0, 1083,   18,   11,    4,    3,    5,    4,    7,    0],
       [  15,   27,  740,  100,   50,    0,   18,   52,   30,    0],
       [   1,   15,    5,  883,   16,   31,    5,   27,   27,    0],
       [   2,    3,    1,    0,  944,    2,   10,   17,    3,    0],
       [  16,   51,    1,   87,   43,  621,   29,   30,   14,    0],
       [  13,   16,   10,    0,   38,   11,  830,   40,    0,    0],
       [   8,   30,   24,    5,   28,    0,    1,  924,    8,    0],
       [  18,   54,    7,   93,   77,   35,   20,   23,  647,    0],
       [  36,   10,    2,    7,  568,   30,    1,  259,   15,   81]],
      dtype=int64)}, 88.79542100000253)
[2024-08-13 10:44:25,477][flwr][INFO] - configure_evaluate: no clients selected, skipping evaluation
[2024-08-13 10:44:25,477][flwr][INFO] - 
[2024-08-13 10:44:25,477][flwr][INFO] - [SUMMARY]
[2024-08-13 10:44:25,477][flwr][INFO] - Run finished 10 round(s) in 88.80s
[2024-08-13 10:44:25,485][flwr][INFO] - 	History (loss, centralized):
[2024-08-13 10:44:25,485][flwr][INFO] - 		round 0: 2.3025850929940455
[2024-08-13 10:44:25,485][flwr][INFO] - 		round 1: 0.8992457485645746
[2024-08-13 10:44:25,485][flwr][INFO] - 		round 2: 0.7709763605767743
[2024-08-13 10:44:25,485][flwr][INFO] - 		round 3: 0.7869665804540524
[2024-08-13 10:44:25,486][flwr][INFO] - 		round 4: 0.8010441397468471
[2024-08-13 10:44:25,486][flwr][INFO] - 		round 5: 0.7959448401858715
[2024-08-13 10:44:25,486][flwr][INFO] - 		round 6: 0.835319253962103
[2024-08-13 10:44:25,486][flwr][INFO] - 		round 7: 0.8209590101949834
[2024-08-13 10:44:25,486][flwr][INFO] - 		round 8: 0.8548483897926359
[2024-08-13 10:44:25,486][flwr][INFO] - 		round 9: 0.8351834355620714
[2024-08-13 10:44:25,486][flwr][INFO] - 		round 10: 0.8571346198481344
[2024-08-13 10:44:25,486][flwr][INFO] - 	History (metrics, centralized):
[2024-08-13 10:44:25,486][flwr][INFO] - 	{'accuracy': [(0, 0.098),
[2024-08-13 10:44:25,486][flwr][INFO] - 	              (1, 0.7252),
[2024-08-13 10:44:25,486][flwr][INFO] - 	              (2, 0.8135),
[2024-08-13 10:44:25,486][flwr][INFO] - 	              (3, 0.7865),
[2024-08-13 10:44:25,486][flwr][INFO] - 	              (4, 0.772),
[2024-08-13 10:44:25,486][flwr][INFO] - 	              (5, 0.8058),
[2024-08-13 10:44:25,486][flwr][INFO] - 	              (6, 0.7689),
[2024-08-13 10:44:25,486][flwr][INFO] - 	              (7, 0.8024),
[2024-08-13 10:44:25,487][flwr][INFO] - 	              (8, 0.767),
[2024-08-13 10:44:25,487][flwr][INFO] - 	              (9, 0.8036),
[2024-08-13 10:44:25,487][flwr][INFO] - 	              (10, 0.7668)],
[2024-08-13 10:44:25,487][flwr][INFO] - 	 'confusion_matrix': [(0,
[2024-08-13 10:44:25,487][flwr][INFO] - 	                       array([[ 980,    0,    0,    0,    0,    0,    0,    0,    0,    0],
[2024-08-13 10:44:25,487][flwr][INFO] - 	       [1135,    0,    0,    0,    0,    0,    0,    0,    0,    0],
[2024-08-13 10:44:25,487][flwr][INFO] - 	       [1032,    0,    0,    0,    0,    0,    0,    0,    0,    0],
[2024-08-13 10:44:25,487][flwr][INFO] - 	       [1010,    0,    0,    0,    0,    0,    0,    0,    0,    0],
[2024-08-13 10:44:25,487][flwr][INFO] - 	       [ 982,    0,    0,    0,    0,    0,    0,    0,    0,    0],
[2024-08-13 10:44:25,487][flwr][INFO] - 	       [ 892,    0,    0,    0,    0,    0,    0,    0,    0,    0],
[2024-08-13 10:44:25,487][flwr][INFO] - 	       [ 958,    0,    0,    0,    0,    0,    0,    0,    0,    0],
[2024-08-13 10:44:25,487][flwr][INFO] - 	       [1028,    0,    0,    0,    0,    0,    0,    0,    0,    0],
[2024-08-13 10:44:25,487][flwr][INFO] - 	       [ 974,    0,    0,    0,    0,    0,    0,    0,    0,    0],
[2024-08-13 10:44:25,487][flwr][INFO] - 	       [1009,    0,    0,    0,    0,    0,    0,    0,    0,    0]],
[2024-08-13 10:44:25,487][flwr][INFO] - 	      dtype=int64)),
[2024-08-13 10:44:25,487][flwr][INFO] - 	                      (1,
[2024-08-13 10:44:25,487][flwr][INFO] - 	                       array([[ 956,    0,    2,    5,    0,    0,    6,    1,   10,    0],
[2024-08-13 10:44:25,488][flwr][INFO] - 	       [   0, 1074,    9,    9,    0,    0,    4,    1,   37,    1],
[2024-08-13 10:44:25,488][flwr][INFO] - 	       [  81,   36,  707,   78,    7,    0,   28,   16,   66,   13],
[2024-08-13 10:44:25,488][flwr][INFO] - 	       [  30,   14,   16,  859,    0,    0,    9,   11,   58,   13],
[2024-08-13 10:44:25,488][flwr][INFO] - 	       [  30,   12,    3,    1,  422,    0,   31,    4,   44,  435],
[2024-08-13 10:44:25,488][flwr][INFO] - 	       [ 226,   70,    4,  265,    4,    5,   25,   24,  195,   74],
[2024-08-13 10:44:25,488][flwr][INFO] - 	       [  97,   22,   11,    4,    4,    0,  806,    1,   13,    0],
[2024-08-13 10:44:25,488][flwr][INFO] - 	       [  29,   49,   16,    3,    1,    0,    1,  816,   48,   65],
[2024-08-13 10:44:25,488][flwr][INFO] - 	       [  45,   16,    4,  113,    1,    0,   13,    7,  737,   38],
[2024-08-13 10:44:25,488][flwr][INFO] - 	       [  46,   18,    4,   13,    9,    0,    2,   19,   28,  870]],
[2024-08-13 10:44:25,488][flwr][INFO] - 	      dtype=int64)),
[2024-08-13 10:44:25,488][flwr][INFO] - 	                      (2,
[2024-08-13 10:44:25,488][flwr][INFO] - 	                       array([[ 910,    0,    7,    3,    0,   13,   39,    1,    7,    0],
[2024-08-13 10:44:25,488][flwr][INFO] - 	       [   0, 1072,   46,    3,    1,    4,    5,    1,    3,    0],
[2024-08-13 10:44:25,488][flwr][INFO] - 	       [  22,   22,  859,   28,   29,    0,   22,   26,   24,    0],
[2024-08-13 10:44:25,488][flwr][INFO] - 	       [   7,   12,   33,  853,    4,   26,   11,   20,   28,   16],
[2024-08-13 10:44:25,488][flwr][INFO] - 	       [   6,    9,    4,    0,  915,    1,   21,    2,    4,   20],
[2024-08-13 10:44:25,488][flwr][INFO] - 	       [  31,   52,   17,  124,   37,  538,   39,   29,   13,   12],
[2024-08-13 10:44:25,488][flwr][INFO] - 	       [  24,   15,   24,    0,   23,   16,  855,    1,    0,    0],
[2024-08-13 10:44:25,489][flwr][INFO] - 	       [   7,   41,   43,    0,   20,    0,    1,  897,    6,   13],
[2024-08-13 10:44:25,489][flwr][INFO] - 	       [  17,   33,   35,  102,   33,   21,   22,   19,  666,   26],
[2024-08-13 10:44:25,489][flwr][INFO] - 	       [  25,   16,    5,    9,  276,    8,    3,   87,   10,  570]],
[2024-08-13 10:44:25,489][flwr][INFO] - 	      dtype=int64)),
[2024-08-13 10:44:25,489][flwr][INFO] - 	                      (3,
[2024-08-13 10:44:25,489][flwr][INFO] - 	                       array([[ 898,    0,    1,    4,    0,   21,   25,    1,   27,    3],
[2024-08-13 10:44:25,489][flwr][INFO] - 	       [   0, 1062,    3,    4,    0,    3,    4,    0,   58,    1],
[2024-08-13 10:44:25,489][flwr][INFO] - 	       [  17,   20,  742,   68,    7,    2,   24,   22,   98,   32],
[2024-08-13 10:44:25,489][flwr][INFO] - 	       [   4,    9,    8,  813,    0,   38,    8,   12,   79,   39],
[2024-08-13 10:44:25,489][flwr][INFO] - 	       [   6,    6,    2,    0,  355,    0,   20,    1,   26,  566],
[2024-08-13 10:44:25,489][flwr][INFO] - 	       [  15,   49,    2,   91,    2,  592,   26,   13,   56,   46],
[2024-08-13 10:44:25,489][flwr][INFO] - 	       [  19,   14,   16,    1,    4,   19,  871,    4,    9,    1],
[2024-08-13 10:44:25,489][flwr][INFO] - 	       [   7,   29,   14,    2,    0,    0,    2,  774,   59,  141],
[2024-08-13 10:44:25,489][flwr][INFO] - 	       [   5,   10,    3,   46,    2,   17,   12,    5,  821,   53],
[2024-08-13 10:44:25,489][flwr][INFO] - 	       [  14,    5,    3,    4,    4,   10,    1,    5,   26,  937]],
[2024-08-13 10:44:25,489][flwr][INFO] - 	      dtype=int64)),
[2024-08-13 10:44:25,490][flwr][INFO] - 	                      (4,
[2024-08-13 10:44:25,490][flwr][INFO] - 	                       array([[ 919,    1,    2,    6,    5,   17,   28,    1,    1,    0],
[2024-08-13 10:44:25,490][flwr][INFO] - 	       [   0, 1078,   37,    6,    2,    5,    5,    1,    1,    0],
[2024-08-13 10:44:25,490][flwr][INFO] - 	       [  14,   13,  844,   48,   40,    0,   19,   37,   17,    0],
[2024-08-13 10:44:25,490][flwr][INFO] - 	       [   3,   10,   18,  883,    9,   38,    9,   27,   12,    1],
[2024-08-13 10:44:25,490][flwr][INFO] - 	       [   2,    7,    2,    0,  947,    2,   12,    7,    2,    1],
[2024-08-13 10:44:25,490][flwr][INFO] - 	       [  14,   56,    9,  102,   44,  608,   28,   25,    4,    2],
[2024-08-13 10:44:25,490][flwr][INFO] - 	       [  14,   14,   21,    1,   39,   19,  848,    2,    0,    0],
[2024-08-13 10:44:25,490][flwr][INFO] - 	       [   3,   30,   42,    2,   24,    0,    1,  926,    0,    0],
[2024-08-13 10:44:25,490][flwr][INFO] - 	       [  16,   49,   32,  143,   67,   64,   21,   31,  549,    2],
[2024-08-13 10:44:25,490][flwr][INFO] - 	       [  22,   13,    4,    9,  608,   27,    1,  203,    4,  118]],
[2024-08-13 10:44:25,490][flwr][INFO] - 	      dtype=int64)),
[2024-08-13 10:44:25,490][flwr][INFO] - 	                      (5,
[2024-08-13 10:44:25,490][flwr][INFO] - 	                       array([[ 920,    1,    2,    1,    0,    9,   26,    0,   17,    4],
[2024-08-13 10:44:25,490][flwr][INFO] - 	       [   0, 1063,   33,    2,    1,    2,    5,    1,   26,    2],
[2024-08-13 10:44:25,490][flwr][INFO] - 	       [  15,   12,  821,   37,    8,    0,   27,   22,   63,   27],
[2024-08-13 10:44:25,490][flwr][INFO] - 	       [   4,    7,   18,  790,    0,   39,   17,   13,   69,   53],
[2024-08-13 10:44:25,491][flwr][INFO] - 	       [   5,    6,    2,    0,  503,    0,   27,    2,   17,  420],
[2024-08-13 10:44:25,491][flwr][INFO] - 	       [  19,   53,    5,   64,    7,  580,   39,   12,   64,   49],
[2024-08-13 10:44:25,491][flwr][INFO] - 	       [  15,   13,   22,    1,    5,   14,  880,    4,    2,    2],
[2024-08-13 10:44:25,491][flwr][INFO] - 	       [  11,   26,   33,    0,    6,    0,    2,  762,   48,  140],
[2024-08-13 10:44:25,491][flwr][INFO] - 	       [   9,   16,   13,   30,    3,   15,   18,    5,  804,   61],
[2024-08-13 10:44:25,491][flwr][INFO] - 	       [  19,    6,    4,    4,    8,    4,    1,    8,   20,  935]],
[2024-08-13 10:44:25,491][flwr][INFO] - 	      dtype=int64)),
[2024-08-13 10:44:25,491][flwr][INFO] - 	                      (6,
[2024-08-13 10:44:25,491][flwr][INFO] - 	                       array([[ 925,    2,    2,    6,    5,   11,   22,    5,    2,    0],
[2024-08-13 10:44:25,491][flwr][INFO] - 	       [   0, 1078,   34,    7,    2,    5,    5,    2,    2,    0],
[2024-08-13 10:44:25,491][flwr][INFO] - 	       [  13,   12,  827,   63,   44,    0,   17,   40,   16,    0],
[2024-08-13 10:44:25,491][flwr][INFO] - 	       [   1,    7,   13,  885,   11,   40,   10,   26,   17,    0],
[2024-08-13 10:44:25,491][flwr][INFO] - 	       [   2,    4,    1,    0,  947,    2,   12,   11,    3,    0],
[2024-08-13 10:44:25,491][flwr][INFO] - 	       [  12,   52,    8,   91,   43,  635,   24,   23,    4,    0],
[2024-08-13 10:44:25,491][flwr][INFO] - 	       [  12,   15,   18,    1,   44,   18,  840,   10,    0,    0],
[2024-08-13 10:44:25,491][flwr][INFO] - 	       [   5,   30,   34,    3,   28,    0,    1,  923,    4,    0],
[2024-08-13 10:44:25,491][flwr][INFO] - 	       [  13,   55,   18,  124,   70,   63,   19,   26,  586,    0],
[2024-08-13 10:44:25,491][flwr][INFO] - 	       [  22,   11,    2,    8,  652,   35,    1,  227,    8,   43]],
[2024-08-13 10:44:25,492][flwr][INFO] - 	      dtype=int64)),
[2024-08-13 10:44:25,492][flwr][INFO] - 	                      (7,
[2024-08-13 10:44:25,492][flwr][INFO] - 	                       array([[ 923,    2,    4,    4,    0,    7,   27,    1,   10,    2],
[2024-08-13 10:44:25,492][flwr][INFO] - 	       [   0, 1051,   45,    3,    1,    3,    5,    1,   24,    2],
[2024-08-13 10:44:25,492][flwr][INFO] - 	       [  11,   12,  826,   41,    8,    0,   25,   23,   59,   27],
[2024-08-13 10:44:25,492][flwr][INFO] - 	       [   2,    7,   17,  805,    1,   34,   17,   12,   59,   56],
[2024-08-13 10:44:25,492][flwr][INFO] - 	       [   5,    7,    2,    0,  474,    1,   26,    6,   17,  444],
[2024-08-13 10:44:25,492][flwr][INFO] - 	       [  11,   50,    6,   72,    5,  573,   47,   11,   68,   49],
[2024-08-13 10:44:25,492][flwr][INFO] - 	       [  12,    8,   22,    1,    4,    6,  894,    8,    1,    2],
[2024-08-13 10:44:25,492][flwr][INFO] - 	       [  10,   24,   37,    1,    6,    0,    1,  751,   47,  151],
[2024-08-13 10:44:25,492][flwr][INFO] - 	       [   9,   17,   17,   32,    3,   15,   19,    4,  785,   73],
[2024-08-13 10:44:25,492][flwr][INFO] - 	       [  18,    6,    4,    6,    5,    4,    1,    8,   15,  942]],
[2024-08-13 10:44:25,492][flwr][INFO] - 	      dtype=int64)),
[2024-08-13 10:44:25,492][flwr][INFO] - 	                      (8,
[2024-08-13 10:44:25,492][flwr][INFO] - 	                       array([[ 919,    5,    3,    6,    4,   11,   19,   10,    3,    0],
[2024-08-13 10:44:25,492][flwr][INFO] - 	       [   0, 1087,   18,    6,    4,    5,    5,    3,    7,    0],
[2024-08-13 10:44:25,492][flwr][INFO] - 	       [  12,   27,  767,   83,   48,    0,   19,   49,   27,    0],
[2024-08-13 10:44:25,493][flwr][INFO] - 	       [   0,   12,    5,  883,   15,   36,    7,   27,   25,    0],
[2024-08-13 10:44:25,493][flwr][INFO] - 	       [   2,    3,    1,    0,  944,    2,   11,   16,    3,    0],
[2024-08-13 10:44:25,493][flwr][INFO] - 	       [  10,   57,    2,   82,   41,  639,   27,   26,    8,    0],
[2024-08-13 10:44:25,493][flwr][INFO] - 	       [  12,   18,   11,    0,   39,   15,  834,   29,    0,    0],
[2024-08-13 10:44:25,493][flwr][INFO] - 	       [   5,   30,   26,    4,   27,    0,    1,  928,    7,    0],
[2024-08-13 10:44:25,493][flwr][INFO] - 	       [  15,   60,    8,   97,   78,   52,   19,   26,  619,    0],
[2024-08-13 10:44:25,493][flwr][INFO] - 	       [  28,   11,    2,    7,  611,   38,    1,  249,   12,   50]],
[2024-08-13 10:44:25,493][flwr][INFO] - 	      dtype=int64)),
[2024-08-13 10:44:25,493][flwr][INFO] - 	                      (9,
[2024-08-13 10:44:25,493][flwr][INFO] - 	                       array([[ 917,    8,    6,    4,    0,    8,   27,    1,    7,    2],
[2024-08-13 10:44:25,493][flwr][INFO] - 	       [   0, 1034,   57,    4,    1,    4,    5,    0,   27,    3],
[2024-08-13 10:44:25,493][flwr][INFO] - 	       [  10,   13,  832,   40,    7,    1,   22,   23,   57,   27],
[2024-08-13 10:44:25,493][flwr][INFO] - 	       [   2,    9,   15,  806,    1,   41,   17,   12,   50,   57],
[2024-08-13 10:44:25,493][flwr][INFO] - 	       [   5,    6,    3,    0,  489,    6,   25,    7,   19,  422],
[2024-08-13 10:44:25,493][flwr][INFO] - 	       [  13,   41,    5,   60,    1,  612,   45,   11,   62,   42],
[2024-08-13 10:44:25,493][flwr][INFO] - 	       [  11,    9,   21,    1,    4,    9,  886,   14,    1,    2],
[2024-08-13 10:44:25,493][flwr][INFO] - 	       [  11,   21,   38,    2,    5,    0,    1,  744,   57,  149],
[2024-08-13 10:44:25,494][flwr][INFO] - 	       [  10,   15,   19,   29,    3,   22,   18,    4,  779,   75],
[2024-08-13 10:44:25,494][flwr][INFO] - 	       [  22,    6,    4,    5,    6,    7,    1,    7,   14,  937]],
[2024-08-13 10:44:25,494][flwr][INFO] - 	      dtype=int64)),
[2024-08-13 10:44:25,494][flwr][INFO] - 	                      (10,
[2024-08-13 10:44:25,494][flwr][INFO] - 	                       array([[ 915,   14,    2,    6,    4,    7,   12,   14,    6,    0],
[2024-08-13 10:44:25,494][flwr][INFO] - 	       [   0, 1083,   18,   11,    4,    3,    5,    4,    7,    0],
[2024-08-13 10:44:25,494][flwr][INFO] - 	       [  15,   27,  740,  100,   50,    0,   18,   52,   30,    0],
[2024-08-13 10:44:25,494][flwr][INFO] - 	       [   1,   15,    5,  883,   16,   31,    5,   27,   27,    0],
[2024-08-13 10:44:25,494][flwr][INFO] - 	       [   2,    3,    1,    0,  944,    2,   10,   17,    3,    0],
[2024-08-13 10:44:25,494][flwr][INFO] - 	       [  16,   51,    1,   87,   43,  621,   29,   30,   14,    0],
[2024-08-13 10:44:25,494][flwr][INFO] - 	       [  13,   16,   10,    0,   38,   11,  830,   40,    0,    0],
[2024-08-13 10:44:25,494][flwr][INFO] - 	       [   8,   30,   24,    5,   28,    0,    1,  924,    8,    0],
[2024-08-13 10:44:25,494][flwr][INFO] - 	       [  18,   54,    7,   93,   77,   35,   20,   23,  647,    0],
[2024-08-13 10:44:25,494][flwr][INFO] - 	       [  36,   10,    2,    7,  568,   30,    1,  259,   15,   81]],
[2024-08-13 10:44:25,494][flwr][INFO] - 	      dtype=int64))],
[2024-08-13 10:44:25,494][flwr][INFO] - 	 'f1': [(0, 0.017493624772313296),
[2024-08-13 10:44:25,494][flwr][INFO] - 	        (1, 0.6909329562434384),
[2024-08-13 10:44:25,495][flwr][INFO] - 	        (2, 0.8087812084908899),
[2024-08-13 10:44:25,495][flwr][INFO] - 	        (3, 0.783916437301828),
[2024-08-13 10:44:25,495][flwr][INFO] - 	        (4, 0.7472159306282391),
[2024-08-13 10:44:25,495][flwr][INFO] - 	        (5, 0.8055171030630726),
[2024-08-13 10:44:25,495][flwr][INFO] - 	        (6, 0.7377281494057898),
[2024-08-13 10:44:25,495][flwr][INFO] - 	        (7, 0.801728429893049),
[2024-08-13 10:44:25,495][flwr][INFO] - 	        (8, 0.7368600780611287),
[2024-08-13 10:44:25,495][flwr][INFO] - 	        (9, 0.803498716047921),
[2024-08-13 10:44:25,495][flwr][INFO] - 	        (10, 0.7400133277407145)],
[2024-08-13 10:44:25,495][flwr][INFO] - 	 'precision': [(0, 0.009604000000000001),
[2024-08-13 10:44:25,495][flwr][INFO] - 	               (1, 0.7867398502335308),
[2024-08-13 10:44:25,495][flwr][INFO] - 	               (2, 0.8221495623368419),
[2024-08-13 10:44:25,495][flwr][INFO] - 	               (3, 0.8284059306701241),
[2024-08-13 10:44:25,495][flwr][INFO] - 	               (4, 0.8135796054774984),
[2024-08-13 10:44:25,495][flwr][INFO] - 	               (5, 0.8334962754336374),
[2024-08-13 10:44:25,495][flwr][INFO] - 	               (6, 0.8194624607182969),
[2024-08-13 10:44:25,495][flwr][INFO] - 	               (7, 0.8327170001930857),
[2024-08-13 10:44:25,495][flwr][INFO] - 	               (8, 0.817252734515249),
[2024-08-13 10:44:25,496][flwr][INFO] - 	               (9, 0.8318144955872078),
[2024-08-13 10:44:25,496][flwr][INFO] - 	               (10, 0.8160641896530255)],
[2024-08-13 10:44:25,496][flwr][INFO] - 	 'recall': [(0, 0.098),
[2024-08-13 10:44:25,496][flwr][INFO] - 	            (1, 0.7252),
[2024-08-13 10:44:25,496][flwr][INFO] - 	            (2, 0.8135),
[2024-08-13 10:44:25,496][flwr][INFO] - 	            (3, 0.7865),
[2024-08-13 10:44:25,496][flwr][INFO] - 	            (4, 0.772),
[2024-08-13 10:44:25,496][flwr][INFO] - 	            (5, 0.8058),
[2024-08-13 10:44:25,496][flwr][INFO] - 	            (6, 0.7689),
[2024-08-13 10:44:25,496][flwr][INFO] - 	            (7, 0.8024),
[2024-08-13 10:44:25,496][flwr][INFO] - 	            (8, 0.767),
[2024-08-13 10:44:25,496][flwr][INFO] - 	            (9, 0.8036),
[2024-08-13 10:44:25,496][flwr][INFO] - 	            (10, 0.7668)]}
[2024-08-13 10:44:25,496][flwr][INFO] - 
