[2024-08-13 14:30:03,271][flwr][INFO] - Starting Flower simulation, config: num_rounds=10, no round_timeout
[2024-08-13 14:30:07,411][flwr][INFO] - Flower VCE: Ray initialized with resources: {'CPU': 16.0, 'object_store_memory': 2379760435.0, 'memory': 4759520871.0, 'node:127.0.0.1': 1.0, 'accelerator_type:G': 1.0, 'node:__internal_head__': 1.0, 'GPU': 1.0}
[2024-08-13 14:30:07,411][flwr][INFO] - Optimize your simulation with Flower VCE: https://flower.ai/docs/framework/how-to-run-simulations.html
[2024-08-13 14:30:07,411][flwr][INFO] - Flower VCE: Resources for each Virtual Client: {'num_cpus': 2, 'num_gpus': 0.5}
[2024-08-13 14:30:07,424][flwr][INFO] - Flower VCE: Creating VirtualClientEngineActorPool with 2 actors
[2024-08-13 14:30:07,426][flwr][INFO] - [INIT]
[2024-08-13 14:30:07,426][flwr][INFO] - Requesting initial parameters from one random client
[2024-08-13 14:30:15,456][flwr][INFO] - Received initial parameters from one random client
[2024-08-13 14:30:15,456][flwr][INFO] - Evaluating initial global parameters
[2024-08-13 14:30:17,787][flwr][INFO] - initial parameters (loss, other metrics): 2.3025850929940455, {'accuracy': 0.098, 'precision': 0.009604000000000001, 'recall': 0.098, 'f1': 0.017493624772313296, 'confusion_matrix': array([[ 980,    0,    0,    0,    0,    0,    0,    0,    0,    0],
       [1135,    0,    0,    0,    0,    0,    0,    0,    0,    0],
       [1032,    0,    0,    0,    0,    0,    0,    0,    0,    0],
       [1010,    0,    0,    0,    0,    0,    0,    0,    0,    0],
       [ 982,    0,    0,    0,    0,    0,    0,    0,    0,    0],
       [ 892,    0,    0,    0,    0,    0,    0,    0,    0,    0],
       [ 958,    0,    0,    0,    0,    0,    0,    0,    0,    0],
       [1028,    0,    0,    0,    0,    0,    0,    0,    0,    0],
       [ 974,    0,    0,    0,    0,    0,    0,    0,    0,    0],
       [1009,    0,    0,    0,    0,    0,    0,    0,    0,    0]],
      dtype=int64)}
[2024-08-13 14:30:17,788][flwr][INFO] - 
[2024-08-13 14:30:17,788][flwr][INFO] - [ROUND 1]
[2024-08-13 14:30:17,789][flwr][INFO] - configure_fit: strategy sampled 10 clients (out of 100)
[2024-08-13 14:30:21,318][flwr][INFO] - aggregate_fit: received 10 results and 0 failures
[2024-08-13 14:30:21,321][flwr][WARNING] - No fit_metrics_aggregation_fn provided
[2024-08-13 14:30:23,577][flwr][INFO] - fit progress: (1, 0.939760298473277, {'accuracy': 0.6921, 'precision': 0.7786151137471932, 'recall': 0.6921, 'f1': 0.6586447521178006, 'confusion_matrix': array([[ 957,    0,    2,   13,    0,    0,    5,    1,    2,    0],
       [   0, 1071,   32,   23,    0,    0,    4,    0,    5,    0],
       [  73,   32,  705,  165,    1,    0,   27,    7,   15,    7],
       [  18,    7,   16,  942,    0,    0,    3,    4,   10,   10],
       [  44,   19,   12,   16,  354,    0,   38,    1,   23,  475],
       [ 218,   73,   16,  420,    1,    8,   18,   17,   51,   70],
       [ 125,   21,   19,   22,    2,    0,  767,    1,    1,    0],
       [  33,   61,   41,   18,    0,    0,    1,  785,   13,   76],
       [  57,   31,   16,  327,    1,    0,    8,    7,  497,   30],
       [  63,   24,   13,   35,    7,    0,    3,   13,   16,  835]],
      dtype=int64)}, 5.78887059999397)
[2024-08-13 14:30:23,578][flwr][INFO] - configure_evaluate: no clients selected, skipping evaluation
[2024-08-13 14:30:23,578][flwr][INFO] - 
[2024-08-13 14:30:23,578][flwr][INFO] - [ROUND 2]
[2024-08-13 14:30:23,578][flwr][INFO] - configure_fit: strategy sampled 10 clients (out of 100)
[2024-08-13 14:30:24,811][flwr][INFO] - aggregate_fit: received 10 results and 0 failures
[2024-08-13 14:30:27,010][flwr][INFO] - fit progress: (2, 0.7093238668854321, {'accuracy': 0.825, 'precision': 0.8277964638715619, 'recall': 0.825, 'f1': 0.8231748123624804, 'confusion_matrix': array([[ 918,    0,    7,    0,    0,    9,   32,    1,   13,    0],
       [   0, 1079,   28,    1,    0,    2,    5,    0,   20,    0],
       [  26,   30,  847,   16,   19,    0,   33,   15,   45,    1],
       [  13,   18,   45,  765,    0,   38,   10,   14,  100,    7],
       [   6,   15,    6,    0,  796,    1,   40,    2,   19,   97],
       [  39,   55,   14,   70,   18,  588,   36,   18,   40,   14],
       [  36,   15,   26,    0,   10,   17,  847,    1,    6,    0],
       [  10,   51,   39,    0,    9,    0,    3,  861,   20,   35],
       [  19,   18,   18,   32,   10,   16,   18,   12,  821,   10],
       [  29,   20,    9,    5,  125,    3,    4,   51,   35,  728]],
      dtype=int64)}, 9.221892300003674)
[2024-08-13 14:30:27,011][flwr][INFO] - configure_evaluate: no clients selected, skipping evaluation
[2024-08-13 14:30:27,011][flwr][INFO] - 
[2024-08-13 14:30:27,011][flwr][INFO] - [ROUND 3]
[2024-08-13 14:30:27,012][flwr][INFO] - configure_fit: strategy sampled 10 clients (out of 100)
[2024-08-13 14:30:28,202][flwr][INFO] - aggregate_fit: received 10 results and 0 failures
[2024-08-13 14:30:30,324][flwr][INFO] - fit progress: (3, 0.6763271748875341, {'accuracy': 0.8184, 'precision': 0.8327243076895645, 'recall': 0.8184, 'f1': 0.8155704537598306, 'confusion_matrix': array([[ 898,    0,    3,   11,    1,   30,   34,    1,    1,    1],
       [   0, 1085,   23,   13,    1,    1,    5,    1,    5,    1],
       [  18,   26,  782,  100,   26,    0,   28,   22,   22,    8],
       [   4,    7,   16,  914,    1,   12,    8,   14,    6,   28],
       [   4,    9,    1,    0,  829,    0,   20,    1,    3,  115],
       [  16,   55,    1,  172,   29,  543,   26,   16,    5,   29],
       [  20,   14,   14,    2,   26,   22,  859,    1,    0,    0],
       [   5,   46,   24,    4,   14,    0,    3,  874,    2,   56],
       [   8,   39,   16,  202,   19,   42,   19,   13,  535,   81],
       [  17,   15,    6,   14,   61,    8,    1,   21,    1,  865]],
      dtype=int64)}, 12.535655400002724)
[2024-08-13 14:30:30,325][flwr][INFO] - configure_evaluate: no clients selected, skipping evaluation
[2024-08-13 14:30:30,325][flwr][INFO] - 
[2024-08-13 14:30:30,325][flwr][INFO] - [ROUND 4]
[2024-08-13 14:30:30,326][flwr][INFO] - configure_fit: strategy sampled 10 clients (out of 100)
[2024-08-13 14:30:31,555][flwr][INFO] - aggregate_fit: received 10 results and 0 failures
[2024-08-13 14:30:33,667][flwr][INFO] - fit progress: (4, 0.6328636562171385, {'accuracy': 0.8503, 'precision': 0.8543734980675072, 'recall': 0.8503, 'f1': 0.8495458881394293, 'confusion_matrix': array([[ 913,    0,    4,    1,    0,    9,   32,    1,   20,    0],
       [   0, 1076,    9,    2,    1,    1,    4,    1,   41,    0],
       [  19,   22,  818,   26,   26,    0,   28,   24,   67,    2],
       [   5,   12,   25,  804,    1,   42,    9,   20,   82,   10],
       [   4,    8,    2,    0,  870,    1,   24,    2,   15,   56],
       [  23,   45,    3,   49,   28,  632,   30,   19,   47,   16],
       [  20,   11,   16,    1,   19,   18,  865,    1,    7,    0],
       [   4,   38,   28,    0,   14,    0,    2,  893,   22,   27],
       [   6,   11,    9,   22,   11,   17,   15,   14,  861,    8],
       [  17,   16,    8,    5,   95,    9,    1,   50,   37,  771]],
      dtype=int64)}, 15.878559200005839)
[2024-08-13 14:30:33,667][flwr][INFO] - configure_evaluate: no clients selected, skipping evaluation
[2024-08-13 14:30:33,667][flwr][INFO] - 
[2024-08-13 14:30:33,668][flwr][INFO] - [ROUND 5]
[2024-08-13 14:30:33,668][flwr][INFO] - configure_fit: strategy sampled 10 clients (out of 100)
[2024-08-13 14:30:34,879][flwr][INFO] - aggregate_fit: received 10 results and 0 failures
[2024-08-13 14:30:37,041][flwr][INFO] - fit progress: (5, 0.6227509538480258, {'accuracy': 0.8349, 'precision': 0.8472515070227853, 'recall': 0.8349, 'f1': 0.8329577522453786, 'confusion_matrix': array([[ 923,    0,    5,    8,    0,   22,   19,    1,    1,    1],
       [   0, 1085,   28,   10,    1,    5,    4,    0,    1,    1],
       [  15,   16,  858,   55,   12,    1,   23,   17,   21,   14],
       [   4,    3,   18,  904,    1,   24,    8,   14,    6,   28],
       [   2,    9,    6,    0,  760,    0,   22,    1,    3,  179],
       [  16,   40,   10,  109,   20,  631,   20,   13,    5,   28],
       [  18,   10,   23,    2,   14,   25,  864,    1,    0,    1],
       [   4,   38,   38,    2,   11,    0,    4,  854,    0,   77],
       [  10,   33,   31,  152,    9,   61,   17,   11,  555,   95],
       [  14,   11,    8,   12,   23,   12,    1,   13,    0,  915]],
      dtype=int64)}, 19.252492500003427)
[2024-08-13 14:30:37,042][flwr][INFO] - configure_evaluate: no clients selected, skipping evaluation
[2024-08-13 14:30:37,042][flwr][INFO] - 
[2024-08-13 14:30:37,042][flwr][INFO] - [ROUND 6]
[2024-08-13 14:30:37,042][flwr][INFO] - configure_fit: strategy sampled 10 clients (out of 100)
[2024-08-13 14:30:38,393][flwr][INFO] - aggregate_fit: received 10 results and 0 failures
[2024-08-13 14:30:40,641][flwr][INFO] - fit progress: (6, 0.5904651298082892, {'accuracy': 0.8581, 'precision': 0.8623182963844281, 'recall': 0.8581, 'f1': 0.8569708725647875, 'confusion_matrix': array([[ 921,    0,    2,    2,    3,   13,   23,    1,   15,    0],
       [   0, 1076,    8,    5,    1,    1,    5,    0,   39,    0],
       [  16,   19,  816,   36,   27,    0,   26,   26,   65,    1],
       [   5,    4,   19,  852,    1,   35,    9,   22,   58,    5],
       [   1,    8,    4,    0,  905,    2,   19,    3,   13,   27],
       [  18,   37,    4,   64,   27,  648,   26,   18,   42,    8],
       [  18,    9,   17,    2,   19,   20,  867,    1,    5,    0],
       [   4,   36,   25,    1,   14,    0,    2,  914,   17,   15],
       [   5,   12,   10,   27,   12,   17,   16,   15,  856,    4],
       [  16,   13,    9,    7,  121,   15,    2,   67,   33,  726]],
      dtype=int64)}, 22.853525500002434)
[2024-08-13 14:30:40,642][flwr][INFO] - configure_evaluate: no clients selected, skipping evaluation
[2024-08-13 14:30:40,642][flwr][INFO] - 
[2024-08-13 14:30:40,642][flwr][INFO] - [ROUND 7]
[2024-08-13 14:30:40,643][flwr][INFO] - configure_fit: strategy sampled 10 clients (out of 100)
[2024-08-13 14:30:41,840][flwr][INFO] - aggregate_fit: received 10 results and 0 failures
[2024-08-13 14:30:43,959][flwr][INFO] - fit progress: (7, 0.5842811249358499, {'accuracy': 0.8491, 'precision': 0.8580952464341562, 'recall': 0.8491, 'f1': 0.8482835804112501, 'confusion_matrix': array([[ 929,    0,    5,    4,    0,   15,   23,    1,    1,    2],
       [   0, 1088,   23,    5,    1,    4,    5,    0,    7,    2],
       [  13,   16,  879,   30,   12,    0,   27,   17,   24,   14],
       [   4,    4,   20,  882,    1,   35,    9,   15,    7,   33],
       [   1,    9,    5,    0,  767,    0,   24,    1,    3,  172],
       [  17,   38,    9,   76,   20,  654,   29,   10,    8,   31],
       [  15,    9,   20,    2,   12,   19,  880,    1,    0,    0],
       [   4,   35,   40,    1,   12,    0,    4,  846,    1,   85],
       [  14,   33,   30,   86,    9,   41,   22,    8,  645,   86],
       [  15,   10,    9,   10,   22,   13,    1,    8,    0,  921]],
      dtype=int64)}, 26.17142070000409)
[2024-08-13 14:30:43,960][flwr][INFO] - configure_evaluate: no clients selected, skipping evaluation
[2024-08-13 14:30:43,960][flwr][INFO] - 
[2024-08-13 14:30:43,960][flwr][INFO] - [ROUND 8]
[2024-08-13 14:30:43,961][flwr][INFO] - configure_fit: strategy sampled 10 clients (out of 100)
[2024-08-13 14:30:45,148][flwr][INFO] - aggregate_fit: received 10 results and 0 failures
[2024-08-13 14:30:47,440][flwr][INFO] - fit progress: (8, 0.5730552148539056, {'accuracy': 0.8555, 'precision': 0.8644474656722905, 'recall': 0.8555, 'f1': 0.8532421809533609, 'confusion_matrix': array([[ 935,    0,    1,    1,    3,    9,   19,    1,   11,    0],
       [   0, 1079,    6,    4,    1,    1,    5,    1,   38,    0],
       [  16,   19,  809,   36,   33,    0,   26,   28,   64,    1],
       [   5,    4,   14,  867,    1,   34,    9,   23,   50,    3],
       [   1,    7,    3,    0,  931,    2,   14,    3,    9,   12],
       [  19,   32,    1,   60,   33,  660,   28,   18,   37,    4],
       [  16,    8,   14,    2,   21,   18,  874,    1,    4,    0],
       [   3,   32,   21,    1,   19,    0,    0,  927,   19,    6],
       [   6,   11,    8,   26,   17,   19,   16,   16,  853,    2],
       [  21,   11,    7,    8,  201,   12,    1,   95,   33,  620]],
      dtype=int64)}, 29.6516077999986)
[2024-08-13 14:30:47,441][flwr][INFO] - configure_evaluate: no clients selected, skipping evaluation
[2024-08-13 14:30:47,441][flwr][INFO] - 
[2024-08-13 14:30:47,441][flwr][INFO] - [ROUND 9]
[2024-08-13 14:30:47,441][flwr][INFO] - configure_fit: strategy sampled 10 clients (out of 100)
[2024-08-13 14:30:48,615][flwr][INFO] - aggregate_fit: received 10 results and 0 failures
[2024-08-13 14:30:50,716][flwr][INFO] - fit progress: (9, 0.5478655163288605, {'accuracy': 0.8676, 'precision': 0.8698206354195456, 'recall': 0.8676, 'f1': 0.8670353686307238, 'confusion_matrix': array([[ 943,    0,    1,    2,    1,   14,   16,    1,    2,    0],
       [   0, 1090,   15,    4,    1,    4,    5,    0,   16,    0],
       [  16,   17,  842,   34,   19,    1,   25,   24,   40,   14],
       [   5,    4,   16,  879,    1,   38,    8,   15,   20,   24],
       [   2,    9,    3,    0,  817,    1,   22,    2,    3,  123],
       [  17,   32,    5,   56,   20,  689,   23,   11,   15,   24],
       [  17,    9,   16,    2,   17,   22,  874,    0,    1,    0],
       [   3,   37,   29,    1,   13,    0,    2,  875,    7,   61],
       [  12,   24,   14,   50,   10,   35,   16,   11,  758,   44],
       [  16,   10,    5,    9,   26,   13,    1,   15,    5,  909]],
      dtype=int64)}, 32.927300499999546)
[2024-08-13 14:30:50,716][flwr][INFO] - configure_evaluate: no clients selected, skipping evaluation
[2024-08-13 14:30:50,717][flwr][INFO] - 
[2024-08-13 14:30:50,717][flwr][INFO] - [ROUND 10]
[2024-08-13 14:30:50,717][flwr][INFO] - configure_fit: strategy sampled 10 clients (out of 100)
[2024-08-13 14:30:52,050][flwr][INFO] - aggregate_fit: received 10 results and 0 failures
[2024-08-13 14:30:54,283][flwr][INFO] - fit progress: (10, 0.5562235508319059, {'accuracy': 0.8604, 'precision': 0.8699918870063617, 'recall': 0.8604, 'f1': 0.8583671661476703, 'confusion_matrix': array([[ 932,    0,    3,    2,    3,   10,   15,    1,   14,    0],
       [   0, 1078,    8,    4,    1,    1,    4,    0,   39,    0],
       [  11,   16,  845,   28,   31,    1,   20,   27,   53,    0],
       [   4,    3,   18,  870,    2,   34,    8,   23,   46,    2],
       [   1,    5,    4,    0,  939,    2,   11,    2,    9,    9],
       [   9,   30,    6,   53,   29,  687,   19,   16,   39,    4],
       [  14,    9,   19,    2,   26,   18,  864,    1,    5,    0],
       [   3,   29,   31,    1,   20,    0,    0,  928,   13,    3],
       [   5,   11,   11,   24,   17,   19,   13,   16,  856,    2],
       [  11,   10,   10,    8,  220,   15,    1,   91,   38,  605]],
      dtype=int64)}, 36.4944594999979)
[2024-08-13 14:30:54,284][flwr][INFO] - configure_evaluate: no clients selected, skipping evaluation
[2024-08-13 14:30:54,284][flwr][INFO] - 
[2024-08-13 14:30:54,284][flwr][INFO] - [SUMMARY]
[2024-08-13 14:30:54,284][flwr][INFO] - Run finished 10 round(s) in 36.50s
[2024-08-13 14:30:54,293][flwr][INFO] - 	History (loss, centralized):
[2024-08-13 14:30:54,293][flwr][INFO] - 		round 0: 2.3025850929940455
[2024-08-13 14:30:54,293][flwr][INFO] - 		round 1: 0.939760298473277
[2024-08-13 14:30:54,293][flwr][INFO] - 		round 2: 0.7093238668854321
[2024-08-13 14:30:54,293][flwr][INFO] - 		round 3: 0.6763271748875341
[2024-08-13 14:30:54,293][flwr][INFO] - 		round 4: 0.6328636562171385
[2024-08-13 14:30:54,293][flwr][INFO] - 		round 5: 0.6227509538480258
[2024-08-13 14:30:54,293][flwr][INFO] - 		round 6: 0.5904651298082892
[2024-08-13 14:30:54,293][flwr][INFO] - 		round 7: 0.5842811249358499
[2024-08-13 14:30:54,293][flwr][INFO] - 		round 8: 0.5730552148539056
[2024-08-13 14:30:54,294][flwr][INFO] - 		round 9: 0.5478655163288605
[2024-08-13 14:30:54,294][flwr][INFO] - 		round 10: 0.5562235508319059
[2024-08-13 14:30:54,294][flwr][INFO] - 	History (metrics, centralized):
[2024-08-13 14:30:54,294][flwr][INFO] - 	{'accuracy': [(0, 0.098),
[2024-08-13 14:30:54,294][flwr][INFO] - 	              (1, 0.6921),
[2024-08-13 14:30:54,294][flwr][INFO] - 	              (2, 0.825),
[2024-08-13 14:30:54,294][flwr][INFO] - 	              (3, 0.8184),
[2024-08-13 14:30:54,294][flwr][INFO] - 	              (4, 0.8503),
[2024-08-13 14:30:54,294][flwr][INFO] - 	              (5, 0.8349),
[2024-08-13 14:30:54,294][flwr][INFO] - 	              (6, 0.8581),
[2024-08-13 14:30:54,294][flwr][INFO] - 	              (7, 0.8491),
[2024-08-13 14:30:54,294][flwr][INFO] - 	              (8, 0.8555),
[2024-08-13 14:30:54,294][flwr][INFO] - 	              (9, 0.8676),
[2024-08-13 14:30:54,294][flwr][INFO] - 	              (10, 0.8604)],
[2024-08-13 14:30:54,294][flwr][INFO] - 	 'confusion_matrix': [(0,
[2024-08-13 14:30:54,294][flwr][INFO] - 	                       array([[ 980,    0,    0,    0,    0,    0,    0,    0,    0,    0],
[2024-08-13 14:30:54,295][flwr][INFO] - 	       [1135,    0,    0,    0,    0,    0,    0,    0,    0,    0],
[2024-08-13 14:30:54,295][flwr][INFO] - 	       [1032,    0,    0,    0,    0,    0,    0,    0,    0,    0],
[2024-08-13 14:30:54,295][flwr][INFO] - 	       [1010,    0,    0,    0,    0,    0,    0,    0,    0,    0],
[2024-08-13 14:30:54,295][flwr][INFO] - 	       [ 982,    0,    0,    0,    0,    0,    0,    0,    0,    0],
[2024-08-13 14:30:54,295][flwr][INFO] - 	       [ 892,    0,    0,    0,    0,    0,    0,    0,    0,    0],
[2024-08-13 14:30:54,295][flwr][INFO] - 	       [ 958,    0,    0,    0,    0,    0,    0,    0,    0,    0],
[2024-08-13 14:30:54,295][flwr][INFO] - 	       [1028,    0,    0,    0,    0,    0,    0,    0,    0,    0],
[2024-08-13 14:30:54,295][flwr][INFO] - 	       [ 974,    0,    0,    0,    0,    0,    0,    0,    0,    0],
[2024-08-13 14:30:54,295][flwr][INFO] - 	       [1009,    0,    0,    0,    0,    0,    0,    0,    0,    0]],
[2024-08-13 14:30:54,295][flwr][INFO] - 	      dtype=int64)),
[2024-08-13 14:30:54,295][flwr][INFO] - 	                      (1,
[2024-08-13 14:30:54,295][flwr][INFO] - 	                       array([[ 957,    0,    2,   13,    0,    0,    5,    1,    2,    0],
[2024-08-13 14:30:54,295][flwr][INFO] - 	       [   0, 1071,   32,   23,    0,    0,    4,    0,    5,    0],
[2024-08-13 14:30:54,295][flwr][INFO] - 	       [  73,   32,  705,  165,    1,    0,   27,    7,   15,    7],
[2024-08-13 14:30:54,295][flwr][INFO] - 	       [  18,    7,   16,  942,    0,    0,    3,    4,   10,   10],
[2024-08-13 14:30:54,295][flwr][INFO] - 	       [  44,   19,   12,   16,  354,    0,   38,    1,   23,  475],
[2024-08-13 14:30:54,296][flwr][INFO] - 	       [ 218,   73,   16,  420,    1,    8,   18,   17,   51,   70],
[2024-08-13 14:30:54,296][flwr][INFO] - 	       [ 125,   21,   19,   22,    2,    0,  767,    1,    1,    0],
[2024-08-13 14:30:54,296][flwr][INFO] - 	       [  33,   61,   41,   18,    0,    0,    1,  785,   13,   76],
[2024-08-13 14:30:54,296][flwr][INFO] - 	       [  57,   31,   16,  327,    1,    0,    8,    7,  497,   30],
[2024-08-13 14:30:54,296][flwr][INFO] - 	       [  63,   24,   13,   35,    7,    0,    3,   13,   16,  835]],
[2024-08-13 14:30:54,296][flwr][INFO] - 	      dtype=int64)),
[2024-08-13 14:30:54,296][flwr][INFO] - 	                      (2,
[2024-08-13 14:30:54,296][flwr][INFO] - 	                       array([[ 918,    0,    7,    0,    0,    9,   32,    1,   13,    0],
[2024-08-13 14:30:54,296][flwr][INFO] - 	       [   0, 1079,   28,    1,    0,    2,    5,    0,   20,    0],
[2024-08-13 14:30:54,296][flwr][INFO] - 	       [  26,   30,  847,   16,   19,    0,   33,   15,   45,    1],
[2024-08-13 14:30:54,296][flwr][INFO] - 	       [  13,   18,   45,  765,    0,   38,   10,   14,  100,    7],
[2024-08-13 14:30:54,296][flwr][INFO] - 	       [   6,   15,    6,    0,  796,    1,   40,    2,   19,   97],
[2024-08-13 14:30:54,296][flwr][INFO] - 	       [  39,   55,   14,   70,   18,  588,   36,   18,   40,   14],
[2024-08-13 14:30:54,296][flwr][INFO] - 	       [  36,   15,   26,    0,   10,   17,  847,    1,    6,    0],
[2024-08-13 14:30:54,296][flwr][INFO] - 	       [  10,   51,   39,    0,    9,    0,    3,  861,   20,   35],
[2024-08-13 14:30:54,296][flwr][INFO] - 	       [  19,   18,   18,   32,   10,   16,   18,   12,  821,   10],
[2024-08-13 14:30:54,296][flwr][INFO] - 	       [  29,   20,    9,    5,  125,    3,    4,   51,   35,  728]],
[2024-08-13 14:30:54,297][flwr][INFO] - 	      dtype=int64)),
[2024-08-13 14:30:54,297][flwr][INFO] - 	                      (3,
[2024-08-13 14:30:54,297][flwr][INFO] - 	                       array([[ 898,    0,    3,   11,    1,   30,   34,    1,    1,    1],
[2024-08-13 14:30:54,297][flwr][INFO] - 	       [   0, 1085,   23,   13,    1,    1,    5,    1,    5,    1],
[2024-08-13 14:30:54,297][flwr][INFO] - 	       [  18,   26,  782,  100,   26,    0,   28,   22,   22,    8],
[2024-08-13 14:30:54,297][flwr][INFO] - 	       [   4,    7,   16,  914,    1,   12,    8,   14,    6,   28],
[2024-08-13 14:30:54,297][flwr][INFO] - 	       [   4,    9,    1,    0,  829,    0,   20,    1,    3,  115],
[2024-08-13 14:30:54,297][flwr][INFO] - 	       [  16,   55,    1,  172,   29,  543,   26,   16,    5,   29],
[2024-08-13 14:30:54,297][flwr][INFO] - 	       [  20,   14,   14,    2,   26,   22,  859,    1,    0,    0],
[2024-08-13 14:30:54,297][flwr][INFO] - 	       [   5,   46,   24,    4,   14,    0,    3,  874,    2,   56],
[2024-08-13 14:30:54,297][flwr][INFO] - 	       [   8,   39,   16,  202,   19,   42,   19,   13,  535,   81],
[2024-08-13 14:30:54,297][flwr][INFO] - 	       [  17,   15,    6,   14,   61,    8,    1,   21,    1,  865]],
[2024-08-13 14:30:54,297][flwr][INFO] - 	      dtype=int64)),
[2024-08-13 14:30:54,297][flwr][INFO] - 	                      (4,
[2024-08-13 14:30:54,297][flwr][INFO] - 	                       array([[ 913,    0,    4,    1,    0,    9,   32,    1,   20,    0],
[2024-08-13 14:30:54,297][flwr][INFO] - 	       [   0, 1076,    9,    2,    1,    1,    4,    1,   41,    0],
[2024-08-13 14:30:54,297][flwr][INFO] - 	       [  19,   22,  818,   26,   26,    0,   28,   24,   67,    2],
[2024-08-13 14:30:54,298][flwr][INFO] - 	       [   5,   12,   25,  804,    1,   42,    9,   20,   82,   10],
[2024-08-13 14:30:54,298][flwr][INFO] - 	       [   4,    8,    2,    0,  870,    1,   24,    2,   15,   56],
[2024-08-13 14:30:54,298][flwr][INFO] - 	       [  23,   45,    3,   49,   28,  632,   30,   19,   47,   16],
[2024-08-13 14:30:54,298][flwr][INFO] - 	       [  20,   11,   16,    1,   19,   18,  865,    1,    7,    0],
[2024-08-13 14:30:54,298][flwr][INFO] - 	       [   4,   38,   28,    0,   14,    0,    2,  893,   22,   27],
[2024-08-13 14:30:54,298][flwr][INFO] - 	       [   6,   11,    9,   22,   11,   17,   15,   14,  861,    8],
[2024-08-13 14:30:54,298][flwr][INFO] - 	       [  17,   16,    8,    5,   95,    9,    1,   50,   37,  771]],
[2024-08-13 14:30:54,298][flwr][INFO] - 	      dtype=int64)),
[2024-08-13 14:30:54,298][flwr][INFO] - 	                      (5,
[2024-08-13 14:30:54,298][flwr][INFO] - 	                       array([[ 923,    0,    5,    8,    0,   22,   19,    1,    1,    1],
[2024-08-13 14:30:54,298][flwr][INFO] - 	       [   0, 1085,   28,   10,    1,    5,    4,    0,    1,    1],
[2024-08-13 14:30:54,298][flwr][INFO] - 	       [  15,   16,  858,   55,   12,    1,   23,   17,   21,   14],
[2024-08-13 14:30:54,298][flwr][INFO] - 	       [   4,    3,   18,  904,    1,   24,    8,   14,    6,   28],
[2024-08-13 14:30:54,298][flwr][INFO] - 	       [   2,    9,    6,    0,  760,    0,   22,    1,    3,  179],
[2024-08-13 14:30:54,298][flwr][INFO] - 	       [  16,   40,   10,  109,   20,  631,   20,   13,    5,   28],
[2024-08-13 14:30:54,298][flwr][INFO] - 	       [  18,   10,   23,    2,   14,   25,  864,    1,    0,    1],
[2024-08-13 14:30:54,298][flwr][INFO] - 	       [   4,   38,   38,    2,   11,    0,    4,  854,    0,   77],
[2024-08-13 14:30:54,299][flwr][INFO] - 	       [  10,   33,   31,  152,    9,   61,   17,   11,  555,   95],
[2024-08-13 14:30:54,299][flwr][INFO] - 	       [  14,   11,    8,   12,   23,   12,    1,   13,    0,  915]],
[2024-08-13 14:30:54,299][flwr][INFO] - 	      dtype=int64)),
[2024-08-13 14:30:54,299][flwr][INFO] - 	                      (6,
[2024-08-13 14:30:54,299][flwr][INFO] - 	                       array([[ 921,    0,    2,    2,    3,   13,   23,    1,   15,    0],
[2024-08-13 14:30:54,299][flwr][INFO] - 	       [   0, 1076,    8,    5,    1,    1,    5,    0,   39,    0],
[2024-08-13 14:30:54,299][flwr][INFO] - 	       [  16,   19,  816,   36,   27,    0,   26,   26,   65,    1],
[2024-08-13 14:30:54,299][flwr][INFO] - 	       [   5,    4,   19,  852,    1,   35,    9,   22,   58,    5],
[2024-08-13 14:30:54,299][flwr][INFO] - 	       [   1,    8,    4,    0,  905,    2,   19,    3,   13,   27],
[2024-08-13 14:30:54,299][flwr][INFO] - 	       [  18,   37,    4,   64,   27,  648,   26,   18,   42,    8],
[2024-08-13 14:30:54,299][flwr][INFO] - 	       [  18,    9,   17,    2,   19,   20,  867,    1,    5,    0],
[2024-08-13 14:30:54,299][flwr][INFO] - 	       [   4,   36,   25,    1,   14,    0,    2,  914,   17,   15],
[2024-08-13 14:30:54,299][flwr][INFO] - 	       [   5,   12,   10,   27,   12,   17,   16,   15,  856,    4],
[2024-08-13 14:30:54,299][flwr][INFO] - 	       [  16,   13,    9,    7,  121,   15,    2,   67,   33,  726]],
[2024-08-13 14:30:54,299][flwr][INFO] - 	      dtype=int64)),
[2024-08-13 14:30:54,299][flwr][INFO] - 	                      (7,
[2024-08-13 14:30:54,299][flwr][INFO] - 	                       array([[ 929,    0,    5,    4,    0,   15,   23,    1,    1,    2],
[2024-08-13 14:30:54,300][flwr][INFO] - 	       [   0, 1088,   23,    5,    1,    4,    5,    0,    7,    2],
[2024-08-13 14:30:54,300][flwr][INFO] - 	       [  13,   16,  879,   30,   12,    0,   27,   17,   24,   14],
[2024-08-13 14:30:54,300][flwr][INFO] - 	       [   4,    4,   20,  882,    1,   35,    9,   15,    7,   33],
[2024-08-13 14:30:54,300][flwr][INFO] - 	       [   1,    9,    5,    0,  767,    0,   24,    1,    3,  172],
[2024-08-13 14:30:54,300][flwr][INFO] - 	       [  17,   38,    9,   76,   20,  654,   29,   10,    8,   31],
[2024-08-13 14:30:54,300][flwr][INFO] - 	       [  15,    9,   20,    2,   12,   19,  880,    1,    0,    0],
[2024-08-13 14:30:54,300][flwr][INFO] - 	       [   4,   35,   40,    1,   12,    0,    4,  846,    1,   85],
[2024-08-13 14:30:54,300][flwr][INFO] - 	       [  14,   33,   30,   86,    9,   41,   22,    8,  645,   86],
[2024-08-13 14:30:54,300][flwr][INFO] - 	       [  15,   10,    9,   10,   22,   13,    1,    8,    0,  921]],
[2024-08-13 14:30:54,300][flwr][INFO] - 	      dtype=int64)),
[2024-08-13 14:30:54,300][flwr][INFO] - 	                      (8,
[2024-08-13 14:30:54,300][flwr][INFO] - 	                       array([[ 935,    0,    1,    1,    3,    9,   19,    1,   11,    0],
[2024-08-13 14:30:54,300][flwr][INFO] - 	       [   0, 1079,    6,    4,    1,    1,    5,    1,   38,    0],
[2024-08-13 14:30:54,300][flwr][INFO] - 	       [  16,   19,  809,   36,   33,    0,   26,   28,   64,    1],
[2024-08-13 14:30:54,300][flwr][INFO] - 	       [   5,    4,   14,  867,    1,   34,    9,   23,   50,    3],
[2024-08-13 14:30:54,300][flwr][INFO] - 	       [   1,    7,    3,    0,  931,    2,   14,    3,    9,   12],
[2024-08-13 14:30:54,300][flwr][INFO] - 	       [  19,   32,    1,   60,   33,  660,   28,   18,   37,    4],
[2024-08-13 14:30:54,301][flwr][INFO] - 	       [  16,    8,   14,    2,   21,   18,  874,    1,    4,    0],
[2024-08-13 14:30:54,301][flwr][INFO] - 	       [   3,   32,   21,    1,   19,    0,    0,  927,   19,    6],
[2024-08-13 14:30:54,301][flwr][INFO] - 	       [   6,   11,    8,   26,   17,   19,   16,   16,  853,    2],
[2024-08-13 14:30:54,301][flwr][INFO] - 	       [  21,   11,    7,    8,  201,   12,    1,   95,   33,  620]],
[2024-08-13 14:30:54,301][flwr][INFO] - 	      dtype=int64)),
[2024-08-13 14:30:54,301][flwr][INFO] - 	                      (9,
[2024-08-13 14:30:54,301][flwr][INFO] - 	                       array([[ 943,    0,    1,    2,    1,   14,   16,    1,    2,    0],
[2024-08-13 14:30:54,301][flwr][INFO] - 	       [   0, 1090,   15,    4,    1,    4,    5,    0,   16,    0],
[2024-08-13 14:30:54,301][flwr][INFO] - 	       [  16,   17,  842,   34,   19,    1,   25,   24,   40,   14],
[2024-08-13 14:30:54,301][flwr][INFO] - 	       [   5,    4,   16,  879,    1,   38,    8,   15,   20,   24],
[2024-08-13 14:30:54,301][flwr][INFO] - 	       [   2,    9,    3,    0,  817,    1,   22,    2,    3,  123],
[2024-08-13 14:30:54,301][flwr][INFO] - 	       [  17,   32,    5,   56,   20,  689,   23,   11,   15,   24],
[2024-08-13 14:30:54,301][flwr][INFO] - 	       [  17,    9,   16,    2,   17,   22,  874,    0,    1,    0],
[2024-08-13 14:30:54,301][flwr][INFO] - 	       [   3,   37,   29,    1,   13,    0,    2,  875,    7,   61],
[2024-08-13 14:30:54,301][flwr][INFO] - 	       [  12,   24,   14,   50,   10,   35,   16,   11,  758,   44],
[2024-08-13 14:30:54,301][flwr][INFO] - 	       [  16,   10,    5,    9,   26,   13,    1,   15,    5,  909]],
[2024-08-13 14:30:54,301][flwr][INFO] - 	      dtype=int64)),
[2024-08-13 14:30:54,302][flwr][INFO] - 	                      (10,
[2024-08-13 14:30:54,302][flwr][INFO] - 	                       array([[ 932,    0,    3,    2,    3,   10,   15,    1,   14,    0],
[2024-08-13 14:30:54,302][flwr][INFO] - 	       [   0, 1078,    8,    4,    1,    1,    4,    0,   39,    0],
[2024-08-13 14:30:54,302][flwr][INFO] - 	       [  11,   16,  845,   28,   31,    1,   20,   27,   53,    0],
[2024-08-13 14:30:54,302][flwr][INFO] - 	       [   4,    3,   18,  870,    2,   34,    8,   23,   46,    2],
[2024-08-13 14:30:54,302][flwr][INFO] - 	       [   1,    5,    4,    0,  939,    2,   11,    2,    9,    9],
[2024-08-13 14:30:54,302][flwr][INFO] - 	       [   9,   30,    6,   53,   29,  687,   19,   16,   39,    4],
[2024-08-13 14:30:54,302][flwr][INFO] - 	       [  14,    9,   19,    2,   26,   18,  864,    1,    5,    0],
[2024-08-13 14:30:54,302][flwr][INFO] - 	       [   3,   29,   31,    1,   20,    0,    0,  928,   13,    3],
[2024-08-13 14:30:54,302][flwr][INFO] - 	       [   5,   11,   11,   24,   17,   19,   13,   16,  856,    2],
[2024-08-13 14:30:54,302][flwr][INFO] - 	       [  11,   10,   10,    8,  220,   15,    1,   91,   38,  605]],
[2024-08-13 14:30:54,302][flwr][INFO] - 	      dtype=int64))],
[2024-08-13 14:30:54,302][flwr][INFO] - 	 'f1': [(0, 0.017493624772313296),
[2024-08-13 14:30:54,302][flwr][INFO] - 	        (1, 0.6586447521178006),
[2024-08-13 14:30:54,302][flwr][INFO] - 	        (2, 0.8231748123624804),
[2024-08-13 14:30:54,302][flwr][INFO] - 	        (3, 0.8155704537598306),
[2024-08-13 14:30:54,303][flwr][INFO] - 	        (4, 0.8495458881394293),
[2024-08-13 14:30:54,303][flwr][INFO] - 	        (5, 0.8329577522453786),
[2024-08-13 14:30:54,303][flwr][INFO] - 	        (6, 0.8569708725647875),
[2024-08-13 14:30:54,303][flwr][INFO] - 	        (7, 0.8482835804112501),
[2024-08-13 14:30:54,303][flwr][INFO] - 	        (8, 0.8532421809533609),
[2024-08-13 14:30:54,303][flwr][INFO] - 	        (9, 0.8670353686307238),
[2024-08-13 14:30:54,303][flwr][INFO] - 	        (10, 0.8583671661476703)],
[2024-08-13 14:30:54,303][flwr][INFO] - 	 'precision': [(0, 0.009604000000000001),
[2024-08-13 14:30:54,303][flwr][INFO] - 	               (1, 0.7786151137471932),
[2024-08-13 14:30:54,303][flwr][INFO] - 	               (2, 0.8277964638715619),
[2024-08-13 14:30:54,303][flwr][INFO] - 	               (3, 0.8327243076895645),
[2024-08-13 14:30:54,303][flwr][INFO] - 	               (4, 0.8543734980675072),
[2024-08-13 14:30:54,303][flwr][INFO] - 	               (5, 0.8472515070227853),
[2024-08-13 14:30:54,303][flwr][INFO] - 	               (6, 0.8623182963844281),
[2024-08-13 14:30:54,303][flwr][INFO] - 	               (7, 0.8580952464341562),
[2024-08-13 14:30:54,303][flwr][INFO] - 	               (8, 0.8644474656722905),
[2024-08-13 14:30:54,303][flwr][INFO] - 	               (9, 0.8698206354195456),
[2024-08-13 14:30:54,304][flwr][INFO] - 	               (10, 0.8699918870063617)],
[2024-08-13 14:30:54,304][flwr][INFO] - 	 'recall': [(0, 0.098),
[2024-08-13 14:30:54,304][flwr][INFO] - 	            (1, 0.6921),
[2024-08-13 14:30:54,304][flwr][INFO] - 	            (2, 0.825),
[2024-08-13 14:30:54,304][flwr][INFO] - 	            (3, 0.8184),
[2024-08-13 14:30:54,304][flwr][INFO] - 	            (4, 0.8503),
[2024-08-13 14:30:54,304][flwr][INFO] - 	            (5, 0.8349),
[2024-08-13 14:30:54,304][flwr][INFO] - 	            (6, 0.8581),
[2024-08-13 14:30:54,304][flwr][INFO] - 	            (7, 0.8491),
[2024-08-13 14:30:54,304][flwr][INFO] - 	            (8, 0.8555),
[2024-08-13 14:30:54,304][flwr][INFO] - 	            (9, 0.8676),
[2024-08-13 14:30:54,304][flwr][INFO] - 	            (10, 0.8604)]}
[2024-08-13 14:30:54,304][flwr][INFO] - 
