[2024-08-13 14:26:52,105][flwr][INFO] - Starting Flower simulation, config: num_rounds=10, no round_timeout
[2024-08-13 14:26:56,265][flwr][INFO] - Flower VCE: Ray initialized with resources: {'GPU': 1.0, 'object_store_memory': 2377367961.0, 'memory': 4754735924.0, 'node:127.0.0.1': 1.0, 'CPU': 16.0, 'accelerator_type:G': 1.0, 'node:__internal_head__': 1.0}
[2024-08-13 14:26:56,265][flwr][INFO] - Optimize your simulation with Flower VCE: https://flower.ai/docs/framework/how-to-run-simulations.html
[2024-08-13 14:26:56,265][flwr][INFO] - Flower VCE: Resources for each Virtual Client: {'num_cpus': 2, 'num_gpus': 0.5}
[2024-08-13 14:26:56,276][flwr][INFO] - Flower VCE: Creating VirtualClientEngineActorPool with 2 actors
[2024-08-13 14:26:56,277][flwr][INFO] - [INIT]
[2024-08-13 14:26:56,278][flwr][INFO] - Requesting initial parameters from one random client
[2024-08-13 14:27:03,629][flwr][INFO] - Received initial parameters from one random client
[2024-08-13 14:27:03,629][flwr][INFO] - Evaluating initial global parameters
[2024-08-13 14:27:05,873][flwr][INFO] - initial parameters (loss, other metrics): 2.3025850929940455, {'accuracy': 0.098, 'precision': 0.009604000000000001, 'recall': 0.098, 'f1': 0.017493624772313296, 'confusion_matrix': array([[ 980,    0,    0,    0,    0,    0,    0,    0,    0,    0],
       [1135,    0,    0,    0,    0,    0,    0,    0,    0,    0],
       [1032,    0,    0,    0,    0,    0,    0,    0,    0,    0],
       [1010,    0,    0,    0,    0,    0,    0,    0,    0,    0],
       [ 982,    0,    0,    0,    0,    0,    0,    0,    0,    0],
       [ 892,    0,    0,    0,    0,    0,    0,    0,    0,    0],
       [ 958,    0,    0,    0,    0,    0,    0,    0,    0,    0],
       [1028,    0,    0,    0,    0,    0,    0,    0,    0,    0],
       [ 974,    0,    0,    0,    0,    0,    0,    0,    0,    0],
       [1009,    0,    0,    0,    0,    0,    0,    0,    0,    0]],
      dtype=int64)}
[2024-08-13 14:27:05,874][flwr][INFO] - 
[2024-08-13 14:27:05,874][flwr][INFO] - [ROUND 1]
[2024-08-13 14:27:05,875][flwr][INFO] - configure_fit: strategy sampled 10 clients (out of 100)
[2024-08-13 14:27:09,389][flwr][INFO] - aggregate_fit: received 10 results and 0 failures
[2024-08-13 14:27:09,392][flwr][WARNING] - No fit_metrics_aggregation_fn provided
[2024-08-13 14:27:11,464][flwr][INFO] - fit progress: (1, 0.9304966035210027, {'accuracy': 0.7111, 'precision': 0.7915079139549371, 'recall': 0.7111, 'f1': 0.681974459291586, 'confusion_matrix': array([[ 959,    0,    2,    5,    0,    0,    5,    1,    8,    0],
       [   0, 1066,    5,    5,    0,    0,    4,    0,   54,    1],
       [  95,   35,  659,   98,    6,    0,   20,    7,   96,   16],
       [  33,   13,    8,  847,    0,    0,    4,    3,   90,   12],
       [  39,    8,    3,    1,  426,    0,   22,    0,   47,  436],
       [ 252,   63,    6,  227,    3,   18,   12,    9,  239,   63],
       [ 149,   15,   12,    4,    5,    0,  751,    0,   22,    0],
       [  38,   38,   10,    2,    3,    0,    1,  708,   95,  133],
       [  46,   11,    4,   85,    1,    0,    5,    3,  799,   20],
       [  50,   11,    4,   10,    9,    0,    2,    2,   43,  878]],
      dtype=int64)}, 5.5904682999971556)
[2024-08-13 14:27:11,465][flwr][INFO] - configure_evaluate: no clients selected, skipping evaluation
[2024-08-13 14:27:11,465][flwr][INFO] - 
[2024-08-13 14:27:11,465][flwr][INFO] - [ROUND 2]
[2024-08-13 14:27:11,466][flwr][INFO] - configure_fit: strategy sampled 10 clients (out of 100)
[2024-08-13 14:27:12,652][flwr][INFO] - aggregate_fit: received 10 results and 0 failures
[2024-08-13 14:27:14,738][flwr][INFO] - fit progress: (2, 0.809726115068211, {'accuracy': 0.7748, 'precision': 0.80189142842134, 'recall': 0.7748, 'f1': 0.7596837945654995, 'confusion_matrix': array([[ 887,    0,    5,    3,    0,   48,   36,    1,    0,    0],
       [   0, 1077,   41,    4,    1,    4,    6,    1,    1,    0],
       [  19,   27,  838,   50,   28,    0,   22,   30,   18,    0],
       [   5,   14,   23,  857,    5,   57,    8,   25,   11,    5],
       [   5,   10,    4,    0,  925,    2,   25,    3,    2,    6],
       [  22,   47,   14,  104,   32,  614,   32,   24,    1,    2],
       [  23,   11,   29,    1,   21,   20,  852,    1,    0,    0],
       [   6,   40,   39,    0,   22,    0,    3,  917,    1,    0],
       [  12,   45,   42,  137,   49,  124,   25,   31,  499,   10],
       [  19,   15,    7,   10,  467,   30,    4,  174,    1,  282]],
      dtype=int64)}, 8.864369299990358)
[2024-08-13 14:27:14,739][flwr][INFO] - configure_evaluate: no clients selected, skipping evaluation
[2024-08-13 14:27:14,739][flwr][INFO] - 
[2024-08-13 14:27:14,739][flwr][INFO] - [ROUND 3]
[2024-08-13 14:27:14,740][flwr][INFO] - configure_fit: strategy sampled 10 clients (out of 100)
[2024-08-13 14:27:15,925][flwr][INFO] - aggregate_fit: received 10 results and 0 failures
[2024-08-13 14:27:17,996][flwr][INFO] - fit progress: (3, 0.8225029175899156, {'accuracy': 0.777, 'precision': 0.8214708447954201, 'recall': 0.777, 'f1': 0.7735911816269657, 'confusion_matrix': array([[ 893,    0,    3,    4,    0,    7,   36,    0,   31,    6],
       [   0, 1058,   15,    4,    0,    0,    4,    0,   51,    3],
       [  16,   21,  754,   68,    8,    0,   26,   16,   97,   26],
       [   4,    9,   10,  820,    0,   15,   10,    8,   92,   42],
       [   5,    5,    2,    0,  446,    0,   26,    1,   22,  475],
       [  20,   50,    6,  140,   10,  390,   39,   13,  159,   65],
       [  18,   11,   18,    3,    6,    7,  887,    2,    5,    1],
       [   6,   27,   13,    2,    3,    0,    3,  749,   65,  160],
       [   7,    8,    5,   46,    2,    8,   16,    5,  835,   42],
       [  12,    5,    4,    4,    7,    1,    2,    4,   32,  938]],
      dtype=int64)}, 12.12198849998822)
[2024-08-13 14:27:17,997][flwr][INFO] - configure_evaluate: no clients selected, skipping evaluation
[2024-08-13 14:27:17,997][flwr][INFO] - 
[2024-08-13 14:27:17,997][flwr][INFO] - [ROUND 4]
[2024-08-13 14:27:17,997][flwr][INFO] - configure_fit: strategy sampled 10 clients (out of 100)
[2024-08-13 14:27:19,131][flwr][INFO] - aggregate_fit: received 10 results and 0 failures
[2024-08-13 14:27:21,213][flwr][INFO] - fit progress: (4, 0.8640192006241079, {'accuracy': 0.7379, 'precision': 0.7924756895461973, 'recall': 0.7379, 'f1': 0.7019438743256955, 'confusion_matrix': array([[ 873,    2,    3,    1,    0,   72,   28,    1,    0,    0],
       [   0, 1070,   46,    2,    1,   11,    4,    1,    0,    0],
       [  14,   22,  849,   44,   33,    6,   16,   38,   10,    0],
       [   4,   12,   22,  811,    9,  105,    8,   32,    5,    2],
       [   3,    7,    4,    0,  938,    7,   11,   10,    1,    1],
       [   8,   44,    8,   51,   28,  714,   18,   19,    2,    0],
       [  13,   12,   36,    0,   36,   26,  833,    2,    0,    0],
       [   3,   27,   39,    0,   23,    0,    1,  935,    0,    0],
       [   3,   64,   50,  111,   74,  316,   15,   48,  290,    3],
       [  10,   12,    4,    6,  594,   68,    2,  247,    0,   66]],
      dtype=int64)}, 15.339459299997543)
[2024-08-13 14:27:21,214][flwr][INFO] - configure_evaluate: no clients selected, skipping evaluation
[2024-08-13 14:27:21,214][flwr][INFO] - 
[2024-08-13 14:27:21,214][flwr][INFO] - [ROUND 5]
[2024-08-13 14:27:21,215][flwr][INFO] - configure_fit: strategy sampled 10 clients (out of 100)
[2024-08-13 14:27:22,348][flwr][INFO] - aggregate_fit: received 10 results and 0 failures
[2024-08-13 14:27:24,438][flwr][INFO] - fit progress: (5, 0.8510130359322702, {'accuracy': 0.7623, 'precision': 0.8196005310293243, 'recall': 0.7623, 'f1': 0.7546963602611237, 'confusion_matrix': array([[ 918,    1,    2,    5,    0,    2,   23,    0,   25,    4],
       [   0, 1051,   20,    4,    0,    0,    4,    0,   53,    3],
       [  15,   15,  782,   62,    6,    0,   22,   15,   89,   26],
       [   5,    6,   11,  828,    0,   11,   12,    8,   89,   40],
       [   7,    6,    2,    0,  367,    0,   24,    1,   37,  538],
       [  28,   55,    7,  144,    4,  325,   48,    7,  197,   77],
       [  20,    9,   20,    3,    4,    4,  889,    3,    5,    1],
       [  13,   23,   22,    2,    1,    0,    2,  679,   98,  188],
       [   9,    7,    6,   41,    2,    2,   15,    4,  848,   40],
       [  18,    6,    4,    4,    4,    1,    1,    4,   31,  936]],
      dtype=int64)}, 18.564466999989236)
[2024-08-13 14:27:24,439][flwr][INFO] - configure_evaluate: no clients selected, skipping evaluation
[2024-08-13 14:27:24,439][flwr][INFO] - 
[2024-08-13 14:27:24,439][flwr][INFO] - [ROUND 6]
[2024-08-13 14:27:24,440][flwr][INFO] - configure_fit: strategy sampled 10 clients (out of 100)
[2024-08-13 14:27:25,730][flwr][INFO] - aggregate_fit: received 10 results and 0 failures
[2024-08-13 14:27:27,805][flwr][INFO] - fit progress: (6, 0.8613306903532846, {'accuracy': 0.7575, 'precision': 0.8018078010971854, 'recall': 0.7575, 'f1': 0.7278794095818973, 'confusion_matrix': array([[ 916,    2,    2,    3,    1,   29,   20,    7,    0,    0],
       [   0, 1059,   59,    3,    1,    4,    5,    4,    0,    0],
       [  14,   16,  854,   38,   34,    4,   16,   43,   13,    0],
       [   3,   11,   16,  836,   14,   74,    9,   38,    8,    1],
       [   3,    4,    2,    0,  935,    4,   13,   18,    2,    1],
       [  14,   45,   11,   57,   27,  683,   25,   27,    2,    1],
       [  14,   10,   29,    0,   28,   18,  843,   16,    0,    0],
       [   3,   25,   37,    1,   20,    0,    1,  941,    0,    0],
       [  12,   61,   49,  109,   83,  181,   29,   46,  401,    3],
       [  20,   10,    3,    7,  512,   41,    1,  308,    0,  107]],
      dtype=int64)}, 21.931096899992554)
[2024-08-13 14:27:27,806][flwr][INFO] - configure_evaluate: no clients selected, skipping evaluation
[2024-08-13 14:27:27,806][flwr][INFO] - 
[2024-08-13 14:27:27,806][flwr][INFO] - [ROUND 7]
[2024-08-13 14:27:27,806][flwr][INFO] - configure_fit: strategy sampled 10 clients (out of 100)
[2024-08-13 14:27:28,968][flwr][INFO] - aggregate_fit: received 10 results and 0 failures
[2024-08-13 14:27:31,086][flwr][INFO] - fit progress: (7, 0.835984903384327, {'accuracy': 0.7982, 'precision': 0.8297372946082396, 'recall': 0.7982, 'f1': 0.7957071494323458, 'confusion_matrix': array([[ 939,    2,    3,    2,    0,    2,   17,    0,   14,    1],
       [   0, 1065,   21,    4,    1,    0,    5,    0,   38,    1],
       [  15,   16,  767,   77,    8,    0,   20,   21,   85,   23],
       [   4,    8,    7,  837,    1,   18,   11,   11,   77,   36],
       [   7,    7,    2,    0,  553,    0,   23,    2,   29,  359],
       [  22,   57,    4,  115,    6,  439,   41,   11,  139,   58],
       [  16,   13,   18,    1,    5,    5,  892,    5,    1,    2],
       [  12,   25,   24,    4,    8,    0,    2,  737,   78,  138],
       [  14,   17,    7,   45,    5,    5,   15,    4,  824,   38],
       [  23,    6,    3,    6,    9,    2,    1,    7,   23,  929]],
      dtype=int64)}, 25.212183700001333)
[2024-08-13 14:27:31,086][flwr][INFO] - configure_evaluate: no clients selected, skipping evaluation
[2024-08-13 14:27:31,086][flwr][INFO] - 
[2024-08-13 14:27:31,086][flwr][INFO] - [ROUND 8]
[2024-08-13 14:27:31,087][flwr][INFO] - configure_fit: strategy sampled 10 clients (out of 100)
[2024-08-13 14:27:32,226][flwr][INFO] - aggregate_fit: received 10 results and 0 failures
[2024-08-13 14:27:34,451][flwr][INFO] - fit progress: (8, 0.871667359064693, {'accuracy': 0.7632, 'precision': 0.809430791083325, 'recall': 0.7632, 'f1': 0.7394630792092457, 'confusion_matrix': array([[ 896,    7,    6,    4,    2,   35,   14,   16,    0,    0],
       [   0, 1052,   62,    5,    2,    5,    4,    5,    0,    0],
       [  12,   14,  852,   33,   40,    3,   15,   49,   14,    0],
       [   2,   12,   14,  834,   17,   78,    5,   37,    8,    3],
       [   1,    2,    2,    0,  941,    4,   11,   18,    2,    1],
       [  11,   39,   10,   45,   27,  715,   17,   26,    2,    0],
       [  11,   12,   24,    0,   36,   25,  824,   26,    0,    0],
       [   3,   21,   38,    1,   22,    0,    1,  942,    0,    0],
       [  10,   63,   38,   94,   94,  183,   15,   46,  427,    4],
       [  14,    9,    2,    6,  490,   48,    1,  290,    0,  149]],
      dtype=int64)}, 28.576890500000445)
[2024-08-13 14:27:34,452][flwr][INFO] - configure_evaluate: no clients selected, skipping evaluation
[2024-08-13 14:27:34,452][flwr][INFO] - 
[2024-08-13 14:27:34,452][flwr][INFO] - [ROUND 9]
[2024-08-13 14:27:34,452][flwr][INFO] - configure_fit: strategy sampled 10 clients (out of 100)
[2024-08-13 14:27:35,595][flwr][INFO] - aggregate_fit: received 10 results and 0 failures
[2024-08-13 14:27:37,669][flwr][INFO] - fit progress: (9, 0.8406767812890171, {'accuracy': 0.7972, 'precision': 0.8274930590330121, 'recall': 0.7972, 'f1': 0.7953149393233964, 'confusion_matrix': array([[ 934,    9,    2,    4,    0,    4,   18,    0,    8,    1],
       [   0, 1070,   19,    4,    1,    1,    5,    0,   33,    2],
       [  20,   19,  759,   76,    9,    0,   28,   15,   81,   25],
       [   5,   11,    7,  831,    2,   22,   13,    9,   63,   47],
       [  12,    6,    2,    1,  581,    0,   32,    2,   21,  325],
       [  32,   56,    2,   84,    7,  482,   55,    8,  109,   57],
       [  19,   13,   11,    1,    3,    5,  903,    2,    1,    0],
       [  24,   27,   27,    6,   11,    0,    1,  681,   77,  174],
       [  18,   23,    7,   38,    5,    6,   17,    2,  807,   51],
       [  33,    6,    4,    6,   10,    3,    2,    3,   18,  924]],
      dtype=int64)}, 31.795918599993456)
[2024-08-13 14:27:37,670][flwr][INFO] - configure_evaluate: no clients selected, skipping evaluation
[2024-08-13 14:27:37,670][flwr][INFO] - 
[2024-08-13 14:27:37,670][flwr][INFO] - [ROUND 10]
[2024-08-13 14:27:37,671][flwr][INFO] - configure_fit: strategy sampled 10 clients (out of 100)
[2024-08-13 14:27:38,964][flwr][INFO] - aggregate_fit: received 10 results and 0 failures
[2024-08-13 14:27:41,017][flwr][INFO] - fit progress: (10, 0.8556345080377857, {'accuracy': 0.7736, 'precision': 0.8183240626581791, 'recall': 0.7736, 'f1': 0.7543271328009601, 'confusion_matrix': array([[ 870,   25,    5,    3,    2,   44,   18,   13,    0,    0],
       [   0, 1074,   36,    6,    2,    6,    4,    4,    3,    0],
       [   9,   26,  809,   54,   50,    1,   15,   50,   18,    0],
       [   0,   17,    9,  837,   21,   75,    5,   31,   13,    2],
       [   2,    3,    2,    0,  940,    5,   11,   17,    2,    0],
       [  10,   40,    6,   39,   31,  721,   20,   21,    4,    0],
       [  10,   16,   16,    0,   33,   23,  834,   26,    0,    0],
       [   4,   26,   33,    3,   26,    0,    1,  934,    1,    0],
       [  10,   60,   17,   68,  100,  121,   15,   31,  550,    2],
       [  20,   11,    2,    5,  494,   63,    1,  246,    0,  167]],
      dtype=int64)}, 35.1436115999968)
[2024-08-13 14:27:41,018][flwr][INFO] - configure_evaluate: no clients selected, skipping evaluation
[2024-08-13 14:27:41,018][flwr][INFO] - 
[2024-08-13 14:27:41,018][flwr][INFO] - [SUMMARY]
[2024-08-13 14:27:41,018][flwr][INFO] - Run finished 10 round(s) in 35.14s
[2024-08-13 14:27:41,026][flwr][INFO] - 	History (loss, centralized):
[2024-08-13 14:27:41,026][flwr][INFO] - 		round 0: 2.3025850929940455
[2024-08-13 14:27:41,026][flwr][INFO] - 		round 1: 0.9304966035210027
[2024-08-13 14:27:41,026][flwr][INFO] - 		round 2: 0.809726115068211
[2024-08-13 14:27:41,028][flwr][INFO] - 		round 3: 0.8225029175899156
[2024-08-13 14:27:41,028][flwr][INFO] - 		round 4: 0.8640192006241079
[2024-08-13 14:27:41,028][flwr][INFO] - 		round 5: 0.8510130359322702
[2024-08-13 14:27:41,028][flwr][INFO] - 		round 6: 0.8613306903532846
[2024-08-13 14:27:41,028][flwr][INFO] - 		round 7: 0.835984903384327
[2024-08-13 14:27:41,028][flwr][INFO] - 		round 8: 0.871667359064693
[2024-08-13 14:27:41,028][flwr][INFO] - 		round 9: 0.8406767812890171
[2024-08-13 14:27:41,028][flwr][INFO] - 		round 10: 0.8556345080377857
[2024-08-13 14:27:41,028][flwr][INFO] - 	History (metrics, centralized):
[2024-08-13 14:27:41,028][flwr][INFO] - 	{'accuracy': [(0, 0.098),
[2024-08-13 14:27:41,028][flwr][INFO] - 	              (1, 0.7111),
[2024-08-13 14:27:41,028][flwr][INFO] - 	              (2, 0.7748),
[2024-08-13 14:27:41,028][flwr][INFO] - 	              (3, 0.777),
[2024-08-13 14:27:41,028][flwr][INFO] - 	              (4, 0.7379),
[2024-08-13 14:27:41,028][flwr][INFO] - 	              (5, 0.7623),
[2024-08-13 14:27:41,028][flwr][INFO] - 	              (6, 0.7575),
[2024-08-13 14:27:41,028][flwr][INFO] - 	              (7, 0.7982),
[2024-08-13 14:27:41,028][flwr][INFO] - 	              (8, 0.7632),
[2024-08-13 14:27:41,028][flwr][INFO] - 	              (9, 0.7972),
[2024-08-13 14:27:41,028][flwr][INFO] - 	              (10, 0.7736)],
[2024-08-13 14:27:41,028][flwr][INFO] - 	 'confusion_matrix': [(0,
[2024-08-13 14:27:41,028][flwr][INFO] - 	                       array([[ 980,    0,    0,    0,    0,    0,    0,    0,    0,    0],
[2024-08-13 14:27:41,028][flwr][INFO] - 	       [1135,    0,    0,    0,    0,    0,    0,    0,    0,    0],
[2024-08-13 14:27:41,028][flwr][INFO] - 	       [1032,    0,    0,    0,    0,    0,    0,    0,    0,    0],
[2024-08-13 14:27:41,028][flwr][INFO] - 	       [1010,    0,    0,    0,    0,    0,    0,    0,    0,    0],
[2024-08-13 14:27:41,028][flwr][INFO] - 	       [ 982,    0,    0,    0,    0,    0,    0,    0,    0,    0],
[2024-08-13 14:27:41,028][flwr][INFO] - 	       [ 892,    0,    0,    0,    0,    0,    0,    0,    0,    0],
[2024-08-13 14:27:41,028][flwr][INFO] - 	       [ 958,    0,    0,    0,    0,    0,    0,    0,    0,    0],
[2024-08-13 14:27:41,028][flwr][INFO] - 	       [1028,    0,    0,    0,    0,    0,    0,    0,    0,    0],
[2024-08-13 14:27:41,029][flwr][INFO] - 	       [ 974,    0,    0,    0,    0,    0,    0,    0,    0,    0],
[2024-08-13 14:27:41,029][flwr][INFO] - 	       [1009,    0,    0,    0,    0,    0,    0,    0,    0,    0]],
[2024-08-13 14:27:41,029][flwr][INFO] - 	      dtype=int64)),
[2024-08-13 14:27:41,029][flwr][INFO] - 	                      (1,
[2024-08-13 14:27:41,029][flwr][INFO] - 	                       array([[ 959,    0,    2,    5,    0,    0,    5,    1,    8,    0],
[2024-08-13 14:27:41,029][flwr][INFO] - 	       [   0, 1066,    5,    5,    0,    0,    4,    0,   54,    1],
[2024-08-13 14:27:41,029][flwr][INFO] - 	       [  95,   35,  659,   98,    6,    0,   20,    7,   96,   16],
[2024-08-13 14:27:41,029][flwr][INFO] - 	       [  33,   13,    8,  847,    0,    0,    4,    3,   90,   12],
[2024-08-13 14:27:41,029][flwr][INFO] - 	       [  39,    8,    3,    1,  426,    0,   22,    0,   47,  436],
[2024-08-13 14:27:41,029][flwr][INFO] - 	       [ 252,   63,    6,  227,    3,   18,   12,    9,  239,   63],
[2024-08-13 14:27:41,029][flwr][INFO] - 	       [ 149,   15,   12,    4,    5,    0,  751,    0,   22,    0],
[2024-08-13 14:27:41,029][flwr][INFO] - 	       [  38,   38,   10,    2,    3,    0,    1,  708,   95,  133],
[2024-08-13 14:27:41,029][flwr][INFO] - 	       [  46,   11,    4,   85,    1,    0,    5,    3,  799,   20],
[2024-08-13 14:27:41,029][flwr][INFO] - 	       [  50,   11,    4,   10,    9,    0,    2,    2,   43,  878]],
[2024-08-13 14:27:41,029][flwr][INFO] - 	      dtype=int64)),
[2024-08-13 14:27:41,029][flwr][INFO] - 	                      (2,
[2024-08-13 14:27:41,029][flwr][INFO] - 	                       array([[ 887,    0,    5,    3,    0,   48,   36,    1,    0,    0],
[2024-08-13 14:27:41,030][flwr][INFO] - 	       [   0, 1077,   41,    4,    1,    4,    6,    1,    1,    0],
[2024-08-13 14:27:41,030][flwr][INFO] - 	       [  19,   27,  838,   50,   28,    0,   22,   30,   18,    0],
[2024-08-13 14:27:41,030][flwr][INFO] - 	       [   5,   14,   23,  857,    5,   57,    8,   25,   11,    5],
[2024-08-13 14:27:41,030][flwr][INFO] - 	       [   5,   10,    4,    0,  925,    2,   25,    3,    2,    6],
[2024-08-13 14:27:41,030][flwr][INFO] - 	       [  22,   47,   14,  104,   32,  614,   32,   24,    1,    2],
[2024-08-13 14:27:41,030][flwr][INFO] - 	       [  23,   11,   29,    1,   21,   20,  852,    1,    0,    0],
[2024-08-13 14:27:41,030][flwr][INFO] - 	       [   6,   40,   39,    0,   22,    0,    3,  917,    1,    0],
[2024-08-13 14:27:41,030][flwr][INFO] - 	       [  12,   45,   42,  137,   49,  124,   25,   31,  499,   10],
[2024-08-13 14:27:41,030][flwr][INFO] - 	       [  19,   15,    7,   10,  467,   30,    4,  174,    1,  282]],
[2024-08-13 14:27:41,030][flwr][INFO] - 	      dtype=int64)),
[2024-08-13 14:27:41,030][flwr][INFO] - 	                      (3,
[2024-08-13 14:27:41,030][flwr][INFO] - 	                       array([[ 893,    0,    3,    4,    0,    7,   36,    0,   31,    6],
[2024-08-13 14:27:41,030][flwr][INFO] - 	       [   0, 1058,   15,    4,    0,    0,    4,    0,   51,    3],
[2024-08-13 14:27:41,030][flwr][INFO] - 	       [  16,   21,  754,   68,    8,    0,   26,   16,   97,   26],
[2024-08-13 14:27:41,030][flwr][INFO] - 	       [   4,    9,   10,  820,    0,   15,   10,    8,   92,   42],
[2024-08-13 14:27:41,030][flwr][INFO] - 	       [   5,    5,    2,    0,  446,    0,   26,    1,   22,  475],
[2024-08-13 14:27:41,031][flwr][INFO] - 	       [  20,   50,    6,  140,   10,  390,   39,   13,  159,   65],
[2024-08-13 14:27:41,031][flwr][INFO] - 	       [  18,   11,   18,    3,    6,    7,  887,    2,    5,    1],
[2024-08-13 14:27:41,031][flwr][INFO] - 	       [   6,   27,   13,    2,    3,    0,    3,  749,   65,  160],
[2024-08-13 14:27:41,031][flwr][INFO] - 	       [   7,    8,    5,   46,    2,    8,   16,    5,  835,   42],
[2024-08-13 14:27:41,031][flwr][INFO] - 	       [  12,    5,    4,    4,    7,    1,    2,    4,   32,  938]],
[2024-08-13 14:27:41,031][flwr][INFO] - 	      dtype=int64)),
[2024-08-13 14:27:41,031][flwr][INFO] - 	                      (4,
[2024-08-13 14:27:41,031][flwr][INFO] - 	                       array([[ 873,    2,    3,    1,    0,   72,   28,    1,    0,    0],
[2024-08-13 14:27:41,031][flwr][INFO] - 	       [   0, 1070,   46,    2,    1,   11,    4,    1,    0,    0],
[2024-08-13 14:27:41,031][flwr][INFO] - 	       [  14,   22,  849,   44,   33,    6,   16,   38,   10,    0],
[2024-08-13 14:27:41,031][flwr][INFO] - 	       [   4,   12,   22,  811,    9,  105,    8,   32,    5,    2],
[2024-08-13 14:27:41,031][flwr][INFO] - 	       [   3,    7,    4,    0,  938,    7,   11,   10,    1,    1],
[2024-08-13 14:27:41,031][flwr][INFO] - 	       [   8,   44,    8,   51,   28,  714,   18,   19,    2,    0],
[2024-08-13 14:27:41,031][flwr][INFO] - 	       [  13,   12,   36,    0,   36,   26,  833,    2,    0,    0],
[2024-08-13 14:27:41,031][flwr][INFO] - 	       [   3,   27,   39,    0,   23,    0,    1,  935,    0,    0],
[2024-08-13 14:27:41,031][flwr][INFO] - 	       [   3,   64,   50,  111,   74,  316,   15,   48,  290,    3],
[2024-08-13 14:27:41,031][flwr][INFO] - 	       [  10,   12,    4,    6,  594,   68,    2,  247,    0,   66]],
[2024-08-13 14:27:41,032][flwr][INFO] - 	      dtype=int64)),
[2024-08-13 14:27:41,032][flwr][INFO] - 	                      (5,
[2024-08-13 14:27:41,032][flwr][INFO] - 	                       array([[ 918,    1,    2,    5,    0,    2,   23,    0,   25,    4],
[2024-08-13 14:27:41,032][flwr][INFO] - 	       [   0, 1051,   20,    4,    0,    0,    4,    0,   53,    3],
[2024-08-13 14:27:41,032][flwr][INFO] - 	       [  15,   15,  782,   62,    6,    0,   22,   15,   89,   26],
[2024-08-13 14:27:41,032][flwr][INFO] - 	       [   5,    6,   11,  828,    0,   11,   12,    8,   89,   40],
[2024-08-13 14:27:41,032][flwr][INFO] - 	       [   7,    6,    2,    0,  367,    0,   24,    1,   37,  538],
[2024-08-13 14:27:41,032][flwr][INFO] - 	       [  28,   55,    7,  144,    4,  325,   48,    7,  197,   77],
[2024-08-13 14:27:41,032][flwr][INFO] - 	       [  20,    9,   20,    3,    4,    4,  889,    3,    5,    1],
[2024-08-13 14:27:41,032][flwr][INFO] - 	       [  13,   23,   22,    2,    1,    0,    2,  679,   98,  188],
[2024-08-13 14:27:41,032][flwr][INFO] - 	       [   9,    7,    6,   41,    2,    2,   15,    4,  848,   40],
[2024-08-13 14:27:41,032][flwr][INFO] - 	       [  18,    6,    4,    4,    4,    1,    1,    4,   31,  936]],
[2024-08-13 14:27:41,032][flwr][INFO] - 	      dtype=int64)),
[2024-08-13 14:27:41,032][flwr][INFO] - 	                      (6,
[2024-08-13 14:27:41,032][flwr][INFO] - 	                       array([[ 916,    2,    2,    3,    1,   29,   20,    7,    0,    0],
[2024-08-13 14:27:41,032][flwr][INFO] - 	       [   0, 1059,   59,    3,    1,    4,    5,    4,    0,    0],
[2024-08-13 14:27:41,032][flwr][INFO] - 	       [  14,   16,  854,   38,   34,    4,   16,   43,   13,    0],
[2024-08-13 14:27:41,033][flwr][INFO] - 	       [   3,   11,   16,  836,   14,   74,    9,   38,    8,    1],
[2024-08-13 14:27:41,033][flwr][INFO] - 	       [   3,    4,    2,    0,  935,    4,   13,   18,    2,    1],
[2024-08-13 14:27:41,033][flwr][INFO] - 	       [  14,   45,   11,   57,   27,  683,   25,   27,    2,    1],
[2024-08-13 14:27:41,033][flwr][INFO] - 	       [  14,   10,   29,    0,   28,   18,  843,   16,    0,    0],
[2024-08-13 14:27:41,033][flwr][INFO] - 	       [   3,   25,   37,    1,   20,    0,    1,  941,    0,    0],
[2024-08-13 14:27:41,033][flwr][INFO] - 	       [  12,   61,   49,  109,   83,  181,   29,   46,  401,    3],
[2024-08-13 14:27:41,033][flwr][INFO] - 	       [  20,   10,    3,    7,  512,   41,    1,  308,    0,  107]],
[2024-08-13 14:27:41,033][flwr][INFO] - 	      dtype=int64)),
[2024-08-13 14:27:41,033][flwr][INFO] - 	                      (7,
[2024-08-13 14:27:41,033][flwr][INFO] - 	                       array([[ 939,    2,    3,    2,    0,    2,   17,    0,   14,    1],
[2024-08-13 14:27:41,033][flwr][INFO] - 	       [   0, 1065,   21,    4,    1,    0,    5,    0,   38,    1],
[2024-08-13 14:27:41,033][flwr][INFO] - 	       [  15,   16,  767,   77,    8,    0,   20,   21,   85,   23],
[2024-08-13 14:27:41,033][flwr][INFO] - 	       [   4,    8,    7,  837,    1,   18,   11,   11,   77,   36],
[2024-08-13 14:27:41,033][flwr][INFO] - 	       [   7,    7,    2,    0,  553,    0,   23,    2,   29,  359],
[2024-08-13 14:27:41,033][flwr][INFO] - 	       [  22,   57,    4,  115,    6,  439,   41,   11,  139,   58],
[2024-08-13 14:27:41,033][flwr][INFO] - 	       [  16,   13,   18,    1,    5,    5,  892,    5,    1,    2],
[2024-08-13 14:27:41,033][flwr][INFO] - 	       [  12,   25,   24,    4,    8,    0,    2,  737,   78,  138],
[2024-08-13 14:27:41,034][flwr][INFO] - 	       [  14,   17,    7,   45,    5,    5,   15,    4,  824,   38],
[2024-08-13 14:27:41,034][flwr][INFO] - 	       [  23,    6,    3,    6,    9,    2,    1,    7,   23,  929]],
[2024-08-13 14:27:41,034][flwr][INFO] - 	      dtype=int64)),
[2024-08-13 14:27:41,034][flwr][INFO] - 	                      (8,
[2024-08-13 14:27:41,034][flwr][INFO] - 	                       array([[ 896,    7,    6,    4,    2,   35,   14,   16,    0,    0],
[2024-08-13 14:27:41,034][flwr][INFO] - 	       [   0, 1052,   62,    5,    2,    5,    4,    5,    0,    0],
[2024-08-13 14:27:41,034][flwr][INFO] - 	       [  12,   14,  852,   33,   40,    3,   15,   49,   14,    0],
[2024-08-13 14:27:41,034][flwr][INFO] - 	       [   2,   12,   14,  834,   17,   78,    5,   37,    8,    3],
[2024-08-13 14:27:41,034][flwr][INFO] - 	       [   1,    2,    2,    0,  941,    4,   11,   18,    2,    1],
[2024-08-13 14:27:41,034][flwr][INFO] - 	       [  11,   39,   10,   45,   27,  715,   17,   26,    2,    0],
[2024-08-13 14:27:41,034][flwr][INFO] - 	       [  11,   12,   24,    0,   36,   25,  824,   26,    0,    0],
[2024-08-13 14:27:41,034][flwr][INFO] - 	       [   3,   21,   38,    1,   22,    0,    1,  942,    0,    0],
[2024-08-13 14:27:41,034][flwr][INFO] - 	       [  10,   63,   38,   94,   94,  183,   15,   46,  427,    4],
[2024-08-13 14:27:41,034][flwr][INFO] - 	       [  14,    9,    2,    6,  490,   48,    1,  290,    0,  149]],
[2024-08-13 14:27:41,034][flwr][INFO] - 	      dtype=int64)),
[2024-08-13 14:27:41,034][flwr][INFO] - 	                      (9,
[2024-08-13 14:27:41,034][flwr][INFO] - 	                       array([[ 934,    9,    2,    4,    0,    4,   18,    0,    8,    1],
[2024-08-13 14:27:41,035][flwr][INFO] - 	       [   0, 1070,   19,    4,    1,    1,    5,    0,   33,    2],
[2024-08-13 14:27:41,035][flwr][INFO] - 	       [  20,   19,  759,   76,    9,    0,   28,   15,   81,   25],
[2024-08-13 14:27:41,035][flwr][INFO] - 	       [   5,   11,    7,  831,    2,   22,   13,    9,   63,   47],
[2024-08-13 14:27:41,035][flwr][INFO] - 	       [  12,    6,    2,    1,  581,    0,   32,    2,   21,  325],
[2024-08-13 14:27:41,035][flwr][INFO] - 	       [  32,   56,    2,   84,    7,  482,   55,    8,  109,   57],
[2024-08-13 14:27:41,035][flwr][INFO] - 	       [  19,   13,   11,    1,    3,    5,  903,    2,    1,    0],
[2024-08-13 14:27:41,035][flwr][INFO] - 	       [  24,   27,   27,    6,   11,    0,    1,  681,   77,  174],
[2024-08-13 14:27:41,035][flwr][INFO] - 	       [  18,   23,    7,   38,    5,    6,   17,    2,  807,   51],
[2024-08-13 14:27:41,035][flwr][INFO] - 	       [  33,    6,    4,    6,   10,    3,    2,    3,   18,  924]],
[2024-08-13 14:27:41,035][flwr][INFO] - 	      dtype=int64)),
[2024-08-13 14:27:41,035][flwr][INFO] - 	                      (10,
[2024-08-13 14:27:41,035][flwr][INFO] - 	                       array([[ 870,   25,    5,    3,    2,   44,   18,   13,    0,    0],
[2024-08-13 14:27:41,035][flwr][INFO] - 	       [   0, 1074,   36,    6,    2,    6,    4,    4,    3,    0],
[2024-08-13 14:27:41,035][flwr][INFO] - 	       [   9,   26,  809,   54,   50,    1,   15,   50,   18,    0],
[2024-08-13 14:27:41,035][flwr][INFO] - 	       [   0,   17,    9,  837,   21,   75,    5,   31,   13,    2],
[2024-08-13 14:27:41,035][flwr][INFO] - 	       [   2,    3,    2,    0,  940,    5,   11,   17,    2,    0],
[2024-08-13 14:27:41,035][flwr][INFO] - 	       [  10,   40,    6,   39,   31,  721,   20,   21,    4,    0],
[2024-08-13 14:27:41,036][flwr][INFO] - 	       [  10,   16,   16,    0,   33,   23,  834,   26,    0,    0],
[2024-08-13 14:27:41,036][flwr][INFO] - 	       [   4,   26,   33,    3,   26,    0,    1,  934,    1,    0],
[2024-08-13 14:27:41,036][flwr][INFO] - 	       [  10,   60,   17,   68,  100,  121,   15,   31,  550,    2],
[2024-08-13 14:27:41,036][flwr][INFO] - 	       [  20,   11,    2,    5,  494,   63,    1,  246,    0,  167]],
[2024-08-13 14:27:41,036][flwr][INFO] - 	      dtype=int64))],
[2024-08-13 14:27:41,036][flwr][INFO] - 	 'f1': [(0, 0.017493624772313296),
[2024-08-13 14:27:41,036][flwr][INFO] - 	        (1, 0.681974459291586),
[2024-08-13 14:27:41,036][flwr][INFO] - 	        (2, 0.7596837945654995),
[2024-08-13 14:27:41,036][flwr][INFO] - 	        (3, 0.7735911816269657),
[2024-08-13 14:27:41,036][flwr][INFO] - 	        (4, 0.7019438743256955),
[2024-08-13 14:27:41,036][flwr][INFO] - 	        (5, 0.7546963602611237),
[2024-08-13 14:27:41,036][flwr][INFO] - 	        (6, 0.7278794095818973),
[2024-08-13 14:27:41,036][flwr][INFO] - 	        (7, 0.7957071494323458),
[2024-08-13 14:27:41,036][flwr][INFO] - 	        (8, 0.7394630792092457),
[2024-08-13 14:27:41,036][flwr][INFO] - 	        (9, 0.7953149393233964),
[2024-08-13 14:27:41,036][flwr][INFO] - 	        (10, 0.7543271328009601)],
[2024-08-13 14:27:41,036][flwr][INFO] - 	 'precision': [(0, 0.009604000000000001),
[2024-08-13 14:27:41,037][flwr][INFO] - 	               (1, 0.7915079139549371),
[2024-08-13 14:27:41,037][flwr][INFO] - 	               (2, 0.80189142842134),
[2024-08-13 14:27:41,037][flwr][INFO] - 	               (3, 0.8214708447954201),
[2024-08-13 14:27:41,037][flwr][INFO] - 	               (4, 0.7924756895461973),
[2024-08-13 14:27:41,037][flwr][INFO] - 	               (5, 0.8196005310293243),
[2024-08-13 14:27:41,037][flwr][INFO] - 	               (6, 0.8018078010971854),
[2024-08-13 14:27:41,037][flwr][INFO] - 	               (7, 0.8297372946082396),
[2024-08-13 14:27:41,037][flwr][INFO] - 	               (8, 0.809430791083325),
[2024-08-13 14:27:41,037][flwr][INFO] - 	               (9, 0.8274930590330121),
[2024-08-13 14:27:41,037][flwr][INFO] - 	               (10, 0.8183240626581791)],
[2024-08-13 14:27:41,037][flwr][INFO] - 	 'recall': [(0, 0.098),
[2024-08-13 14:27:41,037][flwr][INFO] - 	            (1, 0.7111),
[2024-08-13 14:27:41,037][flwr][INFO] - 	            (2, 0.7748),
[2024-08-13 14:27:41,037][flwr][INFO] - 	            (3, 0.777),
[2024-08-13 14:27:41,037][flwr][INFO] - 	            (4, 0.7379),
[2024-08-13 14:27:41,037][flwr][INFO] - 	            (5, 0.7623),
[2024-08-13 14:27:41,038][flwr][INFO] - 	            (6, 0.7575),
[2024-08-13 14:27:41,038][flwr][INFO] - 	            (7, 0.7982),
[2024-08-13 14:27:41,038][flwr][INFO] - 	            (8, 0.7632),
[2024-08-13 14:27:41,038][flwr][INFO] - 	            (9, 0.7972),
[2024-08-13 14:27:41,038][flwr][INFO] - 	            (10, 0.7736)]}
[2024-08-13 14:27:41,038][flwr][INFO] - 
