[2024-08-13 11:22:49,548][flwr][INFO] - Starting Flower simulation, config: num_rounds=10, no round_timeout
[2024-08-13 11:22:53,756][flwr][INFO] - Flower VCE: Ray initialized with resources: {'accelerator_type:G': 1.0, 'object_store_memory': 2529366835.0, 'memory': 5058733671.0, 'node:127.0.0.1': 1.0, 'node:__internal_head__': 1.0, 'GPU': 1.0, 'CPU': 16.0}
[2024-08-13 11:22:53,756][flwr][INFO] - Optimize your simulation with Flower VCE: https://flower.ai/docs/framework/how-to-run-simulations.html
[2024-08-13 11:22:53,756][flwr][INFO] - Flower VCE: Resources for each Virtual Client: {'num_cpus': 2, 'num_gpus': 0.5}
[2024-08-13 11:22:53,767][flwr][INFO] - Flower VCE: Creating VirtualClientEngineActorPool with 2 actors
[2024-08-13 11:22:53,767][flwr][INFO] - [INIT]
[2024-08-13 11:22:53,767][flwr][INFO] - Requesting initial parameters from one random client
[2024-08-13 11:23:01,045][flwr][INFO] - Received initial parameters from one random client
[2024-08-13 11:23:01,045][flwr][INFO] - Evaluating initial global parameters
[2024-08-13 11:23:03,277][flwr][INFO] - initial parameters (loss, other metrics): 2.3025850929940455, {'accuracy': 0.098, 'precision': 0.009604000000000001, 'recall': 0.098, 'f1': 0.017493624772313296, 'confusion_matrix': array([[ 980,    0,    0,    0,    0,    0,    0,    0,    0,    0],
       [1135,    0,    0,    0,    0,    0,    0,    0,    0,    0],
       [1032,    0,    0,    0,    0,    0,    0,    0,    0,    0],
       [1010,    0,    0,    0,    0,    0,    0,    0,    0,    0],
       [ 982,    0,    0,    0,    0,    0,    0,    0,    0,    0],
       [ 892,    0,    0,    0,    0,    0,    0,    0,    0,    0],
       [ 958,    0,    0,    0,    0,    0,    0,    0,    0,    0],
       [1028,    0,    0,    0,    0,    0,    0,    0,    0,    0],
       [ 974,    0,    0,    0,    0,    0,    0,    0,    0,    0],
       [1009,    0,    0,    0,    0,    0,    0,    0,    0,    0]],
      dtype=int64)}
[2024-08-13 11:23:03,278][flwr][INFO] - 
[2024-08-13 11:23:03,278][flwr][INFO] - [ROUND 1]
[2024-08-13 11:23:03,279][flwr][INFO] - configure_fit: strategy sampled 10 clients (out of 10)
[2024-08-13 11:23:11,814][flwr][INFO] - aggregate_fit: received 10 results and 0 failures
[2024-08-13 11:23:11,817][flwr][WARNING] - No fit_metrics_aggregation_fn provided
[2024-08-13 11:23:13,908][flwr][INFO] - fit progress: (1, 1.1359893537247139, {'accuracy': 0.6735, 'precision': 0.7503074828223947, 'recall': 0.6735, 'f1': 0.6414421566669486, 'confusion_matrix': array([[957,   0,   2,   5,   0,   0,   6,   0,  10,   0],
       [  0, 934, 146,   7,   0,   0,   4,   1,  42,   1],
       [ 87,   5, 590, 216,   6,   0,  20,  17,  62,  29],
       [ 22,   3,   7, 869,   3,   0,   6,   9,  68,  23],
       [ 52,   4,   3,   1, 358,   0,  19,   9,  51, 485],
       [250,  56,  16, 235,  10,   1,  27,  13, 202,  82],
       [119,  12,  25,   6,   7,   0, 773,   5,   9,   2],
       [ 41,  19,  18,   4,   5,   0,   1, 704, 151,  85],
       [ 48,   3,  14, 153,   5,   0,   9,   2, 699,  41],
       [ 65,   4,   1,   7,  16,   0,   1,   8,  57, 850]], dtype=int64)}, 10.6297290000075)
[2024-08-13 11:23:13,908][flwr][INFO] - configure_evaluate: no clients selected, skipping evaluation
[2024-08-13 11:23:13,909][flwr][INFO] - 
[2024-08-13 11:23:13,909][flwr][INFO] - [ROUND 2]
[2024-08-13 11:23:13,909][flwr][INFO] - configure_fit: strategy sampled 10 clients (out of 10)
[2024-08-13 11:23:20,432][flwr][INFO] - aggregate_fit: received 10 results and 0 failures
[2024-08-13 11:23:22,524][flwr][INFO] - fit progress: (2, 1.4723105049797147, {'accuracy': 0.4622, 'precision': 0.5430647342269718, 'recall': 0.4622, 'f1': 0.3972483069880277, 'confusion_matrix': array([[ 32, 519,   2,   2,  10, 265,  96,  54,   0,   0],
       [  0, 521, 592,   1,   1,  17,   2,   1,   0,   0],
       [  0,  28, 801,  41,  58,  20,  15,  65,   4,   0],
       [  0,  46,  52, 341, 369, 149,  13,  29,   3,   8],
       [  0,   3,   9,   0, 626, 269,   6,  68,   0,   1],
       [  0,  73,  34,  13,  33, 681,  26,  31,   0,   1],
       [  0,  16,  50,   0,  22,  24, 692, 154,   0,   0],
       [  0,   7,  83,   0,  25,  12,   0, 899,   2,   0],
       [  0,  62,  92,   6, 207, 513,   9,  29,   6,  50],
       [  0,   9,   5,   0, 328, 416,   0, 228,   0,  23]], dtype=int64)}, 19.24565199999779)
[2024-08-13 11:23:22,525][flwr][INFO] - configure_evaluate: no clients selected, skipping evaluation
[2024-08-13 11:23:22,525][flwr][INFO] - 
[2024-08-13 11:23:22,525][flwr][INFO] - [ROUND 3]
[2024-08-13 11:23:22,525][flwr][INFO] - configure_fit: strategy sampled 10 clients (out of 10)
[2024-08-13 11:23:29,056][flwr][INFO] - aggregate_fit: received 10 results and 0 failures
[2024-08-13 11:23:31,151][flwr][INFO] - fit progress: (3, 1.903244257123878, {'accuracy': 0.3777, 'precision': 0.40789424780417677, 'recall': 0.3777, 'f1': 0.3065458333581485, 'confusion_matrix': array([[919,  23,   0,  19,   0,   0,   8,   0,  11,   0],
       [  0, 214, 717,  41,   0,   0,   3,   0, 128,  32],
       [ 34,   1,  34, 807,   0,   0,  14,   4,  85,  53],
       [ 10,   3,   1, 814,   0,   0,   9,   1,  89,  83],
       [164,   2,   0,   3,  15,   0,   6,   3,  87, 702],
       [205,  48,   6, 176,   0,   0,  41,   1, 210, 205],
       [126,   8,   5,  37,   0,   0, 670,  74,   7,  31],
       [ 67,   1,   7,  17,   0,   0,   1,   1, 912,  22],
       [ 24,   0,   1, 130,   0,   0,   2,   0, 400, 417],
       [136,   0,   0,   9,   1,   0,   0,   2, 151, 710]], dtype=int64)}, 27.87266140000429)
[2024-08-13 11:23:31,152][flwr][INFO] - configure_evaluate: no clients selected, skipping evaluation
[2024-08-13 11:23:31,152][flwr][INFO] - 
[2024-08-13 11:23:31,152][flwr][INFO] - [ROUND 4]
[2024-08-13 11:23:31,152][flwr][INFO] - configure_fit: strategy sampled 10 clients (out of 10)
[2024-08-13 11:23:37,657][flwr][INFO] - aggregate_fit: received 10 results and 0 failures
[2024-08-13 11:23:39,748][flwr][INFO] - fit progress: (4, 1.3895785031618444, {'accuracy': 0.4998, 'precision': 0.6108672813694795, 'recall': 0.4998, 'f1': 0.45756778921150054, 'confusion_matrix': array([[299, 500,   2,   0,   4,   0, 133,  42,   0,   0],
       [  0, 746, 367,   1,   1,   0,  14,   6,   0,   0],
       [  1,  46, 807,  37,  30,   0,  28,  73,  10,   0],
       [  1, 110,  43, 376, 357,   0,  61,  40,  15,   7],
       [  1,   5,   7,   0, 766,   1,  27, 172,   0,   3],
       [ 26, 196,  27,  11, 140,  85, 335,  47,  16,   9],
       [  1,  20,  25,   0,   4,   0, 688, 220,   0,   0],
       [ 10,  24,  68,   0,  18,   0,   2, 893,  13,   0],
       [  7, 158,  73,  12, 205,   1, 131,  58, 207, 122],
       [ 42,  16,   4,   0, 322,   1,  12, 479,   2, 131]], dtype=int64)}, 36.46967030000815)
[2024-08-13 11:23:39,748][flwr][INFO] - configure_evaluate: no clients selected, skipping evaluation
[2024-08-13 11:23:39,749][flwr][INFO] - 
[2024-08-13 11:23:39,749][flwr][INFO] - [ROUND 5]
[2024-08-13 11:23:39,749][flwr][INFO] - configure_fit: strategy sampled 10 clients (out of 10)
[2024-08-13 11:23:46,288][flwr][INFO] - aggregate_fit: received 10 results and 0 failures
[2024-08-13 11:23:48,407][flwr][INFO] - fit progress: (5, 1.9012756337992511, {'accuracy': 0.3381, 'precision': 0.38723354395513504, 'recall': 0.3381, 'f1': 0.2580126688160164, 'confusion_matrix': array([[887,  16,   0,  35,   0,  20,   0,   0,   8,  14],
       [  0,   2, 913,  71,   0,   5,   2,   0,  65,  77],
       [ 13,   0,  27, 846,   0,  22,   5,   0,  68,  51],
       [  2,   0,   1, 807,   0,  40,   1,   1,  63,  95],
       [ 17,   0,   0,   6,   1, 783,   0,   0,  12, 163],
       [ 26,   5,   6, 142,   0, 479,   0,   0, 107, 127],
       [156,   1,   9, 106,   0, 274, 119, 121,   5, 167],
       [ 58,   0,   6,  23,   0,  28,   0,   0, 872,  41],
       [  4,   0,   1, 118,   0,  25,   0,   0, 224, 602],
       [ 63,   0,   0,  10,   0,  47,   0,   0,  54, 835]], dtype=int64)}, 45.12871550000273)
[2024-08-13 11:23:48,408][flwr][INFO] - configure_evaluate: no clients selected, skipping evaluation
[2024-08-13 11:23:48,408][flwr][INFO] - 
[2024-08-13 11:23:48,408][flwr][INFO] - [ROUND 6]
[2024-08-13 11:23:48,409][flwr][INFO] - configure_fit: strategy sampled 10 clients (out of 10)
[2024-08-13 11:23:55,017][flwr][INFO] - aggregate_fit: received 10 results and 0 failures
[2024-08-13 11:23:57,120][flwr][INFO] - fit progress: (6, 1.2956974348700923, {'accuracy': 0.5535, 'precision': 0.6401185811437501, 'recall': 0.5535, 'f1': 0.5280534679085874, 'confusion_matrix': array([[631, 235,   1,   0,  10,   3,  82,  13,   5,   0],
       [  0, 673, 438,   1,   5,   2,  15,   1,   0,   0],
       [  7,  23, 829,  20,  56,   1,  21,  35,  40,   0],
       [  5,  41,  44, 192, 603,   3,  41,  15,  66,   0],
       [ 12,   3,   2,   0, 826,  69,  25,  39,   4,   2],
       [ 39,  80,  25,   6, 148, 338, 196,  21,  39,   0],
       [  4,  15,  28,   0,  16,   0, 757, 138,   0,   0],
       [ 85,  18,  60,   0,  51,   0,   1, 596, 216,   1],
       [ 12,  40,  52,   4, 204,  20,  64,   6, 562,  10],
       [307,   9,   6,   0, 405,  45,   3,  45,  58, 131]], dtype=int64)}, 53.84097509999992)
[2024-08-13 11:23:57,120][flwr][INFO] - configure_evaluate: no clients selected, skipping evaluation
[2024-08-13 11:23:57,121][flwr][INFO] - 
[2024-08-13 11:23:57,121][flwr][INFO] - [ROUND 7]
[2024-08-13 11:23:57,121][flwr][INFO] - configure_fit: strategy sampled 10 clients (out of 10)
[2024-08-13 11:24:03,398][flwr][INFO] - aggregate_fit: received 10 results and 0 failures
[2024-08-13 11:24:05,489][flwr][INFO] - fit progress: (7, 1.8888393760768398, {'accuracy': 0.3157, 'precision': 0.34246163285985837, 'recall': 0.3157, 'f1': 0.2317774259244026, 'confusion_matrix': array([[ 79, 675,   0,  97,   0,   9,   3,  39,   0,  78],
       [  0, 664, 235, 133,   0,   1,   1,   3,   0,  98],
       [  0,   6,  10, 905,   0,   8,   3,  24,   3,  73],
       [  0,   4,   0, 860,   0,   9,   0,  14,   1, 122],
       [  2,   2,   0,  18,   0, 293,   1,  23,   0, 643],
       [  0,  47,   3, 215,   0, 237,   1,  27,   5, 357],
       [  1,  31,   2,  58,   0,  10,  62, 731,   0,  63],
       [  9,   4,   5,  50,   0,   6,   0, 272, 211, 471],
       [  0,   1,   1, 157,   0,   5,   1,   4,   0, 805],
       [  4,   1,   0,  17,   0,   5,   0,   9,   0, 973]], dtype=int64)}, 62.21009680000134)
[2024-08-13 11:24:05,490][flwr][INFO] - configure_evaluate: no clients selected, skipping evaluation
[2024-08-13 11:24:05,490][flwr][INFO] - 
[2024-08-13 11:24:05,490][flwr][INFO] - [ROUND 8]
[2024-08-13 11:24:05,490][flwr][INFO] - configure_fit: strategy sampled 10 clients (out of 10)
[2024-08-13 11:24:12,200][flwr][INFO] - aggregate_fit: received 10 results and 0 failures
[2024-08-13 11:24:14,287][flwr][INFO] - fit progress: (8, 1.3919368118971729, {'accuracy': 0.4959, 'precision': 0.48940532974239875, 'recall': 0.4959, 'f1': 0.4540690482823483, 'confusion_matrix': array([[843,  74,   2,   0,   0,   7,  35,  12,   7,   0],
       [  0, 576, 516,   1,   0,   2,  13,   1,  26,   0],
       [ 38,  10, 766,  40,  18,   7,  19,  32, 102,   0],
       [ 24,  33,  38, 379, 155,  44,  75,  19, 243,   0],
       [ 50,   3,   2,   0, 123, 686,  17,  42,  59,   0],
       [ 48,  52,  13,   6,   4, 459, 162,  26, 122,   0],
       [ 20,  13,  15,   0,   2,   3, 707, 197,   1,   0],
       [ 82,   8,  38,   1,   4,   8,   1, 288, 598,   0],
       [ 36,   7,  27,   2,   3,  37,  41,   3, 818,   0],
       [516,   3,   3,   0,  14, 148,   1,  26, 298,   0]], dtype=int64)}, 71.00878950000333)
[2024-08-13 11:24:14,288][flwr][INFO] - configure_evaluate: no clients selected, skipping evaluation
[2024-08-13 11:24:14,288][flwr][INFO] - 
[2024-08-13 11:24:14,288][flwr][INFO] - [ROUND 9]
[2024-08-13 11:24:14,289][flwr][INFO] - configure_fit: strategy sampled 10 clients (out of 10)
[2024-08-13 11:24:21,109][flwr][INFO] - aggregate_fit: received 10 results and 0 failures
[2024-08-13 11:24:23,343][flwr][INFO] - fit progress: (9, 1.2259890524517478, {'accuracy': 0.6118, 'precision': 0.6260920117383691, 'recall': 0.6118, 'f1': 0.5731768225675542, 'confusion_matrix': array([[350, 482,   1,  18,   8,   7,  58,  41,   0,  15],
       [  0, 989, 105,  12,   3,   2,  12,   3,   0,   9],
       [  0,  38, 434, 434,  28,   1,  20,  45,   1,  31],
       [  0,  19,   2, 820,  55,   6,  12,  21,   0,  75],
       [  2,   4,   1,   1, 778,  26,  16,  57,   0,  97],
       [  2,  89,   6, 111,  45, 376, 118,  37,   2, 106],
       [  2,  26,  11,   0,  17,   1, 679, 221,   0,   1],
       [  8,  30,  24,  21,  24,   1,   0, 840,   2,  78],
       [  1,  60,   9, 141,  36,  12,  27,  15,   1, 672],
       [ 12,   8,   3,   8,  62,   8,   3,  54,   0, 851]], dtype=int64)}, 80.06466299999738)
[2024-08-13 11:24:23,344][flwr][INFO] - configure_evaluate: no clients selected, skipping evaluation
[2024-08-13 11:24:23,344][flwr][INFO] - 
[2024-08-13 11:24:23,344][flwr][INFO] - [ROUND 10]
[2024-08-13 11:24:23,344][flwr][INFO] - configure_fit: strategy sampled 10 clients (out of 10)
[2024-08-13 11:24:29,869][flwr][INFO] - aggregate_fit: received 10 results and 0 failures
[2024-08-13 11:24:31,971][flwr][INFO] - fit progress: (10, 1.7812403867454527, {'accuracy': 0.3544, 'precision': 0.3138313694357153, 'recall': 0.3544, 'f1': 0.2727656757836049, 'confusion_matrix': array([[ 765,  153,    1,    0,    0,   10,   15,    5,   31,    0],
       [   0,    0, 1098,    0,    0,    2,    2,    0,   33,    0],
       [  28,    1,  784,   14,   28,   13,    8,    4,  152,    0],
       [  19,   13,   66,   66,  479,   20,   31,    6,  310,    0],
       [  52,    0,    7,    0,   86,  692,    6,    4,  135,    0],
       [  48,   12,   31,    0,   29,  419,   94,    6,  253,    0],
       [  54,    7,   56,    0,    6,   14,  555,  249,   17,    0],
       [  54,    0,   48,    0,    4,    8,    0,    1,  913,    0],
       [  24,    1,   32,    0,    9,   27,   13,    0,  868,    0],
       [ 461,    0,    4,    0,   13,   73,    0,    2,  456,    0]],
      dtype=int64)}, 88.69183979999798)
[2024-08-13 11:24:31,972][flwr][INFO] - configure_evaluate: no clients selected, skipping evaluation
[2024-08-13 11:24:31,972][flwr][INFO] - 
[2024-08-13 11:24:31,972][flwr][INFO] - [SUMMARY]
[2024-08-13 11:24:31,972][flwr][INFO] - Run finished 10 round(s) in 88.69s
[2024-08-13 11:24:31,980][flwr][INFO] - 	History (loss, centralized):
[2024-08-13 11:24:31,980][flwr][INFO] - 		round 0: 2.3025850929940455
[2024-08-13 11:24:31,980][flwr][INFO] - 		round 1: 1.1359893537247139
[2024-08-13 11:24:31,980][flwr][INFO] - 		round 2: 1.4723105049797147
[2024-08-13 11:24:31,980][flwr][INFO] - 		round 3: 1.903244257123878
[2024-08-13 11:24:31,980][flwr][INFO] - 		round 4: 1.3895785031618444
[2024-08-13 11:24:31,980][flwr][INFO] - 		round 5: 1.9012756337992511
[2024-08-13 11:24:31,980][flwr][INFO] - 		round 6: 1.2956974348700923
[2024-08-13 11:24:31,981][flwr][INFO] - 		round 7: 1.8888393760768398
[2024-08-13 11:24:31,981][flwr][INFO] - 		round 8: 1.3919368118971729
[2024-08-13 11:24:31,981][flwr][INFO] - 		round 9: 1.2259890524517478
[2024-08-13 11:24:31,981][flwr][INFO] - 		round 10: 1.7812403867454527
[2024-08-13 11:24:31,981][flwr][INFO] - 	History (metrics, centralized):
[2024-08-13 11:24:31,981][flwr][INFO] - 	{'accuracy': [(0, 0.098),
[2024-08-13 11:24:31,981][flwr][INFO] - 	              (1, 0.6735),
[2024-08-13 11:24:31,981][flwr][INFO] - 	              (2, 0.4622),
[2024-08-13 11:24:31,981][flwr][INFO] - 	              (3, 0.3777),
[2024-08-13 11:24:31,981][flwr][INFO] - 	              (4, 0.4998),
[2024-08-13 11:24:31,981][flwr][INFO] - 	              (5, 0.3381),
[2024-08-13 11:24:31,981][flwr][INFO] - 	              (6, 0.5535),
[2024-08-13 11:24:31,981][flwr][INFO] - 	              (7, 0.3157),
[2024-08-13 11:24:31,981][flwr][INFO] - 	              (8, 0.4959),
[2024-08-13 11:24:31,981][flwr][INFO] - 	              (9, 0.6118),
[2024-08-13 11:24:31,981][flwr][INFO] - 	              (10, 0.3544)],
[2024-08-13 11:24:31,982][flwr][INFO] - 	 'confusion_matrix': [(0,
[2024-08-13 11:24:31,982][flwr][INFO] - 	                       array([[ 980,    0,    0,    0,    0,    0,    0,    0,    0,    0],
[2024-08-13 11:24:31,982][flwr][INFO] - 	       [1135,    0,    0,    0,    0,    0,    0,    0,    0,    0],
[2024-08-13 11:24:31,982][flwr][INFO] - 	       [1032,    0,    0,    0,    0,    0,    0,    0,    0,    0],
[2024-08-13 11:24:31,982][flwr][INFO] - 	       [1010,    0,    0,    0,    0,    0,    0,    0,    0,    0],
[2024-08-13 11:24:31,982][flwr][INFO] - 	       [ 982,    0,    0,    0,    0,    0,    0,    0,    0,    0],
[2024-08-13 11:24:31,982][flwr][INFO] - 	       [ 892,    0,    0,    0,    0,    0,    0,    0,    0,    0],
[2024-08-13 11:24:31,982][flwr][INFO] - 	       [ 958,    0,    0,    0,    0,    0,    0,    0,    0,    0],
[2024-08-13 11:24:31,982][flwr][INFO] - 	       [1028,    0,    0,    0,    0,    0,    0,    0,    0,    0],
[2024-08-13 11:24:31,982][flwr][INFO] - 	       [ 974,    0,    0,    0,    0,    0,    0,    0,    0,    0],
[2024-08-13 11:24:31,982][flwr][INFO] - 	       [1009,    0,    0,    0,    0,    0,    0,    0,    0,    0]],
[2024-08-13 11:24:31,982][flwr][INFO] - 	      dtype=int64)),
[2024-08-13 11:24:31,982][flwr][INFO] - 	                      (1,
[2024-08-13 11:24:31,982][flwr][INFO] - 	                       array([[957,   0,   2,   5,   0,   0,   6,   0,  10,   0],
[2024-08-13 11:24:31,982][flwr][INFO] - 	       [  0, 934, 146,   7,   0,   0,   4,   1,  42,   1],
[2024-08-13 11:24:31,983][flwr][INFO] - 	       [ 87,   5, 590, 216,   6,   0,  20,  17,  62,  29],
[2024-08-13 11:24:31,983][flwr][INFO] - 	       [ 22,   3,   7, 869,   3,   0,   6,   9,  68,  23],
[2024-08-13 11:24:31,983][flwr][INFO] - 	       [ 52,   4,   3,   1, 358,   0,  19,   9,  51, 485],
[2024-08-13 11:24:31,983][flwr][INFO] - 	       [250,  56,  16, 235,  10,   1,  27,  13, 202,  82],
[2024-08-13 11:24:31,983][flwr][INFO] - 	       [119,  12,  25,   6,   7,   0, 773,   5,   9,   2],
[2024-08-13 11:24:31,983][flwr][INFO] - 	       [ 41,  19,  18,   4,   5,   0,   1, 704, 151,  85],
[2024-08-13 11:24:31,983][flwr][INFO] - 	       [ 48,   3,  14, 153,   5,   0,   9,   2, 699,  41],
[2024-08-13 11:24:31,983][flwr][INFO] - 	       [ 65,   4,   1,   7,  16,   0,   1,   8,  57, 850]], dtype=int64)),
[2024-08-13 11:24:31,983][flwr][INFO] - 	                      (2,
[2024-08-13 11:24:31,983][flwr][INFO] - 	                       array([[ 32, 519,   2,   2,  10, 265,  96,  54,   0,   0],
[2024-08-13 11:24:31,983][flwr][INFO] - 	       [  0, 521, 592,   1,   1,  17,   2,   1,   0,   0],
[2024-08-13 11:24:31,983][flwr][INFO] - 	       [  0,  28, 801,  41,  58,  20,  15,  65,   4,   0],
[2024-08-13 11:24:31,983][flwr][INFO] - 	       [  0,  46,  52, 341, 369, 149,  13,  29,   3,   8],
[2024-08-13 11:24:31,983][flwr][INFO] - 	       [  0,   3,   9,   0, 626, 269,   6,  68,   0,   1],
[2024-08-13 11:24:31,983][flwr][INFO] - 	       [  0,  73,  34,  13,  33, 681,  26,  31,   0,   1],
[2024-08-13 11:24:31,984][flwr][INFO] - 	       [  0,  16,  50,   0,  22,  24, 692, 154,   0,   0],
[2024-08-13 11:24:31,984][flwr][INFO] - 	       [  0,   7,  83,   0,  25,  12,   0, 899,   2,   0],
[2024-08-13 11:24:31,984][flwr][INFO] - 	       [  0,  62,  92,   6, 207, 513,   9,  29,   6,  50],
[2024-08-13 11:24:31,984][flwr][INFO] - 	       [  0,   9,   5,   0, 328, 416,   0, 228,   0,  23]], dtype=int64)),
[2024-08-13 11:24:31,984][flwr][INFO] - 	                      (3,
[2024-08-13 11:24:31,984][flwr][INFO] - 	                       array([[919,  23,   0,  19,   0,   0,   8,   0,  11,   0],
[2024-08-13 11:24:31,984][flwr][INFO] - 	       [  0, 214, 717,  41,   0,   0,   3,   0, 128,  32],
[2024-08-13 11:24:31,984][flwr][INFO] - 	       [ 34,   1,  34, 807,   0,   0,  14,   4,  85,  53],
[2024-08-13 11:24:31,984][flwr][INFO] - 	       [ 10,   3,   1, 814,   0,   0,   9,   1,  89,  83],
[2024-08-13 11:24:31,984][flwr][INFO] - 	       [164,   2,   0,   3,  15,   0,   6,   3,  87, 702],
[2024-08-13 11:24:31,984][flwr][INFO] - 	       [205,  48,   6, 176,   0,   0,  41,   1, 210, 205],
[2024-08-13 11:24:31,984][flwr][INFO] - 	       [126,   8,   5,  37,   0,   0, 670,  74,   7,  31],
[2024-08-13 11:24:31,984][flwr][INFO] - 	       [ 67,   1,   7,  17,   0,   0,   1,   1, 912,  22],
[2024-08-13 11:24:31,984][flwr][INFO] - 	       [ 24,   0,   1, 130,   0,   0,   2,   0, 400, 417],
[2024-08-13 11:24:31,984][flwr][INFO] - 	       [136,   0,   0,   9,   1,   0,   0,   2, 151, 710]], dtype=int64)),
[2024-08-13 11:24:31,984][flwr][INFO] - 	                      (4,
[2024-08-13 11:24:31,985][flwr][INFO] - 	                       array([[299, 500,   2,   0,   4,   0, 133,  42,   0,   0],
[2024-08-13 11:24:31,985][flwr][INFO] - 	       [  0, 746, 367,   1,   1,   0,  14,   6,   0,   0],
[2024-08-13 11:24:31,985][flwr][INFO] - 	       [  1,  46, 807,  37,  30,   0,  28,  73,  10,   0],
[2024-08-13 11:24:31,985][flwr][INFO] - 	       [  1, 110,  43, 376, 357,   0,  61,  40,  15,   7],
[2024-08-13 11:24:31,985][flwr][INFO] - 	       [  1,   5,   7,   0, 766,   1,  27, 172,   0,   3],
[2024-08-13 11:24:31,985][flwr][INFO] - 	       [ 26, 196,  27,  11, 140,  85, 335,  47,  16,   9],
[2024-08-13 11:24:31,985][flwr][INFO] - 	       [  1,  20,  25,   0,   4,   0, 688, 220,   0,   0],
[2024-08-13 11:24:31,985][flwr][INFO] - 	       [ 10,  24,  68,   0,  18,   0,   2, 893,  13,   0],
[2024-08-13 11:24:31,985][flwr][INFO] - 	       [  7, 158,  73,  12, 205,   1, 131,  58, 207, 122],
[2024-08-13 11:24:31,985][flwr][INFO] - 	       [ 42,  16,   4,   0, 322,   1,  12, 479,   2, 131]], dtype=int64)),
[2024-08-13 11:24:31,985][flwr][INFO] - 	                      (5,
[2024-08-13 11:24:31,985][flwr][INFO] - 	                       array([[887,  16,   0,  35,   0,  20,   0,   0,   8,  14],
[2024-08-13 11:24:31,985][flwr][INFO] - 	       [  0,   2, 913,  71,   0,   5,   2,   0,  65,  77],
[2024-08-13 11:24:31,985][flwr][INFO] - 	       [ 13,   0,  27, 846,   0,  22,   5,   0,  68,  51],
[2024-08-13 11:24:31,985][flwr][INFO] - 	       [  2,   0,   1, 807,   0,  40,   1,   1,  63,  95],
[2024-08-13 11:24:31,985][flwr][INFO] - 	       [ 17,   0,   0,   6,   1, 783,   0,   0,  12, 163],
[2024-08-13 11:24:31,986][flwr][INFO] - 	       [ 26,   5,   6, 142,   0, 479,   0,   0, 107, 127],
[2024-08-13 11:24:31,986][flwr][INFO] - 	       [156,   1,   9, 106,   0, 274, 119, 121,   5, 167],
[2024-08-13 11:24:31,986][flwr][INFO] - 	       [ 58,   0,   6,  23,   0,  28,   0,   0, 872,  41],
[2024-08-13 11:24:31,986][flwr][INFO] - 	       [  4,   0,   1, 118,   0,  25,   0,   0, 224, 602],
[2024-08-13 11:24:31,986][flwr][INFO] - 	       [ 63,   0,   0,  10,   0,  47,   0,   0,  54, 835]], dtype=int64)),
[2024-08-13 11:24:31,986][flwr][INFO] - 	                      (6,
[2024-08-13 11:24:31,986][flwr][INFO] - 	                       array([[631, 235,   1,   0,  10,   3,  82,  13,   5,   0],
[2024-08-13 11:24:31,986][flwr][INFO] - 	       [  0, 673, 438,   1,   5,   2,  15,   1,   0,   0],
[2024-08-13 11:24:31,986][flwr][INFO] - 	       [  7,  23, 829,  20,  56,   1,  21,  35,  40,   0],
[2024-08-13 11:24:31,986][flwr][INFO] - 	       [  5,  41,  44, 192, 603,   3,  41,  15,  66,   0],
[2024-08-13 11:24:31,986][flwr][INFO] - 	       [ 12,   3,   2,   0, 826,  69,  25,  39,   4,   2],
[2024-08-13 11:24:31,986][flwr][INFO] - 	       [ 39,  80,  25,   6, 148, 338, 196,  21,  39,   0],
[2024-08-13 11:24:31,986][flwr][INFO] - 	       [  4,  15,  28,   0,  16,   0, 757, 138,   0,   0],
[2024-08-13 11:24:31,986][flwr][INFO] - 	       [ 85,  18,  60,   0,  51,   0,   1, 596, 216,   1],
[2024-08-13 11:24:31,986][flwr][INFO] - 	       [ 12,  40,  52,   4, 204,  20,  64,   6, 562,  10],
[2024-08-13 11:24:31,987][flwr][INFO] - 	       [307,   9,   6,   0, 405,  45,   3,  45,  58, 131]], dtype=int64)),
[2024-08-13 11:24:31,987][flwr][INFO] - 	                      (7,
[2024-08-13 11:24:31,987][flwr][INFO] - 	                       array([[ 79, 675,   0,  97,   0,   9,   3,  39,   0,  78],
[2024-08-13 11:24:31,987][flwr][INFO] - 	       [  0, 664, 235, 133,   0,   1,   1,   3,   0,  98],
[2024-08-13 11:24:31,987][flwr][INFO] - 	       [  0,   6,  10, 905,   0,   8,   3,  24,   3,  73],
[2024-08-13 11:24:31,987][flwr][INFO] - 	       [  0,   4,   0, 860,   0,   9,   0,  14,   1, 122],
[2024-08-13 11:24:31,987][flwr][INFO] - 	       [  2,   2,   0,  18,   0, 293,   1,  23,   0, 643],
[2024-08-13 11:24:31,987][flwr][INFO] - 	       [  0,  47,   3, 215,   0, 237,   1,  27,   5, 357],
[2024-08-13 11:24:31,987][flwr][INFO] - 	       [  1,  31,   2,  58,   0,  10,  62, 731,   0,  63],
[2024-08-13 11:24:31,987][flwr][INFO] - 	       [  9,   4,   5,  50,   0,   6,   0, 272, 211, 471],
[2024-08-13 11:24:31,987][flwr][INFO] - 	       [  0,   1,   1, 157,   0,   5,   1,   4,   0, 805],
[2024-08-13 11:24:31,987][flwr][INFO] - 	       [  4,   1,   0,  17,   0,   5,   0,   9,   0, 973]], dtype=int64)),
[2024-08-13 11:24:31,987][flwr][INFO] - 	                      (8,
[2024-08-13 11:24:31,987][flwr][INFO] - 	                       array([[843,  74,   2,   0,   0,   7,  35,  12,   7,   0],
[2024-08-13 11:24:31,987][flwr][INFO] - 	       [  0, 576, 516,   1,   0,   2,  13,   1,  26,   0],
[2024-08-13 11:24:31,987][flwr][INFO] - 	       [ 38,  10, 766,  40,  18,   7,  19,  32, 102,   0],
[2024-08-13 11:24:31,988][flwr][INFO] - 	       [ 24,  33,  38, 379, 155,  44,  75,  19, 243,   0],
[2024-08-13 11:24:31,988][flwr][INFO] - 	       [ 50,   3,   2,   0, 123, 686,  17,  42,  59,   0],
[2024-08-13 11:24:31,988][flwr][INFO] - 	       [ 48,  52,  13,   6,   4, 459, 162,  26, 122,   0],
[2024-08-13 11:24:31,988][flwr][INFO] - 	       [ 20,  13,  15,   0,   2,   3, 707, 197,   1,   0],
[2024-08-13 11:24:31,988][flwr][INFO] - 	       [ 82,   8,  38,   1,   4,   8,   1, 288, 598,   0],
[2024-08-13 11:24:31,988][flwr][INFO] - 	       [ 36,   7,  27,   2,   3,  37,  41,   3, 818,   0],
[2024-08-13 11:24:31,988][flwr][INFO] - 	       [516,   3,   3,   0,  14, 148,   1,  26, 298,   0]], dtype=int64)),
[2024-08-13 11:24:31,988][flwr][INFO] - 	                      (9,
[2024-08-13 11:24:31,988][flwr][INFO] - 	                       array([[350, 482,   1,  18,   8,   7,  58,  41,   0,  15],
[2024-08-13 11:24:31,988][flwr][INFO] - 	       [  0, 989, 105,  12,   3,   2,  12,   3,   0,   9],
[2024-08-13 11:24:31,988][flwr][INFO] - 	       [  0,  38, 434, 434,  28,   1,  20,  45,   1,  31],
[2024-08-13 11:24:31,988][flwr][INFO] - 	       [  0,  19,   2, 820,  55,   6,  12,  21,   0,  75],
[2024-08-13 11:24:31,988][flwr][INFO] - 	       [  2,   4,   1,   1, 778,  26,  16,  57,   0,  97],
[2024-08-13 11:24:31,988][flwr][INFO] - 	       [  2,  89,   6, 111,  45, 376, 118,  37,   2, 106],
[2024-08-13 11:24:31,988][flwr][INFO] - 	       [  2,  26,  11,   0,  17,   1, 679, 221,   0,   1],
[2024-08-13 11:24:31,989][flwr][INFO] - 	       [  8,  30,  24,  21,  24,   1,   0, 840,   2,  78],
[2024-08-13 11:24:31,989][flwr][INFO] - 	       [  1,  60,   9, 141,  36,  12,  27,  15,   1, 672],
[2024-08-13 11:24:31,989][flwr][INFO] - 	       [ 12,   8,   3,   8,  62,   8,   3,  54,   0, 851]], dtype=int64)),
[2024-08-13 11:24:31,989][flwr][INFO] - 	                      (10,
[2024-08-13 11:24:31,989][flwr][INFO] - 	                       array([[ 765,  153,    1,    0,    0,   10,   15,    5,   31,    0],
[2024-08-13 11:24:31,989][flwr][INFO] - 	       [   0,    0, 1098,    0,    0,    2,    2,    0,   33,    0],
[2024-08-13 11:24:31,989][flwr][INFO] - 	       [  28,    1,  784,   14,   28,   13,    8,    4,  152,    0],
[2024-08-13 11:24:31,989][flwr][INFO] - 	       [  19,   13,   66,   66,  479,   20,   31,    6,  310,    0],
[2024-08-13 11:24:31,989][flwr][INFO] - 	       [  52,    0,    7,    0,   86,  692,    6,    4,  135,    0],
[2024-08-13 11:24:31,989][flwr][INFO] - 	       [  48,   12,   31,    0,   29,  419,   94,    6,  253,    0],
[2024-08-13 11:24:31,989][flwr][INFO] - 	       [  54,    7,   56,    0,    6,   14,  555,  249,   17,    0],
[2024-08-13 11:24:31,989][flwr][INFO] - 	       [  54,    0,   48,    0,    4,    8,    0,    1,  913,    0],
[2024-08-13 11:24:31,989][flwr][INFO] - 	       [  24,    1,   32,    0,    9,   27,   13,    0,  868,    0],
[2024-08-13 11:24:31,989][flwr][INFO] - 	       [ 461,    0,    4,    0,   13,   73,    0,    2,  456,    0]],
[2024-08-13 11:24:31,989][flwr][INFO] - 	      dtype=int64))],
[2024-08-13 11:24:31,989][flwr][INFO] - 	 'f1': [(0, 0.017493624772313296),
[2024-08-13 11:24:31,990][flwr][INFO] - 	        (1, 0.6414421566669486),
[2024-08-13 11:24:31,990][flwr][INFO] - 	        (2, 0.3972483069880277),
[2024-08-13 11:24:31,990][flwr][INFO] - 	        (3, 0.3065458333581485),
[2024-08-13 11:24:31,990][flwr][INFO] - 	        (4, 0.45756778921150054),
[2024-08-13 11:24:31,990][flwr][INFO] - 	        (5, 0.2580126688160164),
[2024-08-13 11:24:31,990][flwr][INFO] - 	        (6, 0.5280534679085874),
[2024-08-13 11:24:31,990][flwr][INFO] - 	        (7, 0.2317774259244026),
[2024-08-13 11:24:31,990][flwr][INFO] - 	        (8, 0.4540690482823483),
[2024-08-13 11:24:31,990][flwr][INFO] - 	        (9, 0.5731768225675542),
[2024-08-13 11:24:31,990][flwr][INFO] - 	        (10, 0.2727656757836049)],
[2024-08-13 11:24:31,990][flwr][INFO] - 	 'precision': [(0, 0.009604000000000001),
[2024-08-13 11:24:31,990][flwr][INFO] - 	               (1, 0.7503074828223947),
[2024-08-13 11:24:31,990][flwr][INFO] - 	               (2, 0.5430647342269718),
[2024-08-13 11:24:31,990][flwr][INFO] - 	               (3, 0.40789424780417677),
[2024-08-13 11:24:31,990][flwr][INFO] - 	               (4, 0.6108672813694795),
[2024-08-13 11:24:31,990][flwr][INFO] - 	               (5, 0.38723354395513504),
[2024-08-13 11:24:31,991][flwr][INFO] - 	               (6, 0.6401185811437501),
[2024-08-13 11:24:31,991][flwr][INFO] - 	               (7, 0.34246163285985837),
[2024-08-13 11:24:31,991][flwr][INFO] - 	               (8, 0.48940532974239875),
[2024-08-13 11:24:31,991][flwr][INFO] - 	               (9, 0.6260920117383691),
[2024-08-13 11:24:31,991][flwr][INFO] - 	               (10, 0.3138313694357153)],
[2024-08-13 11:24:31,991][flwr][INFO] - 	 'recall': [(0, 0.098),
[2024-08-13 11:24:31,991][flwr][INFO] - 	            (1, 0.6735),
[2024-08-13 11:24:31,991][flwr][INFO] - 	            (2, 0.4622),
[2024-08-13 11:24:31,991][flwr][INFO] - 	            (3, 0.3777),
[2024-08-13 11:24:31,991][flwr][INFO] - 	            (4, 0.4998),
[2024-08-13 11:24:31,991][flwr][INFO] - 	            (5, 0.3381),
[2024-08-13 11:24:31,991][flwr][INFO] - 	            (6, 0.5535),
[2024-08-13 11:24:31,991][flwr][INFO] - 	            (7, 0.3157),
[2024-08-13 11:24:31,991][flwr][INFO] - 	            (8, 0.4959),
[2024-08-13 11:24:31,991][flwr][INFO] - 	            (9, 0.6118),
[2024-08-13 11:24:31,991][flwr][INFO] - 	            (10, 0.3544)]}
[2024-08-13 11:24:31,992][flwr][INFO] - 
