[2024-08-13 10:52:11,383][flwr][INFO] - Starting Flower simulation, config: num_rounds=10, no round_timeout
[2024-08-13 10:52:15,436][flwr][INFO] - Flower VCE: Ray initialized with resources: {'GPU': 1.0, 'accelerator_type:G': 1.0, 'CPU': 16.0, 'node:__internal_head__': 1.0, 'memory': 5061473895.0, 'node:127.0.0.1': 1.0, 'object_store_memory': 2530736947.0}
[2024-08-13 10:52:15,436][flwr][INFO] - Optimize your simulation with Flower VCE: https://flower.ai/docs/framework/how-to-run-simulations.html
[2024-08-13 10:52:15,436][flwr][INFO] - Flower VCE: Resources for each Virtual Client: {'num_cpus': 2, 'num_gpus': 0.5}
[2024-08-13 10:52:15,448][flwr][INFO] - Flower VCE: Creating VirtualClientEngineActorPool with 2 actors
[2024-08-13 10:52:15,448][flwr][INFO] - [INIT]
[2024-08-13 10:52:15,448][flwr][INFO] - Requesting initial parameters from one random client
[2024-08-13 10:52:22,970][flwr][INFO] - Received initial parameters from one random client
[2024-08-13 10:52:22,970][flwr][INFO] - Evaluating initial global parameters
[2024-08-13 10:52:25,185][flwr][INFO] - initial parameters (loss, other metrics): 2.3025850929940455, {'accuracy': 0.098, 'precision': 0.009604000000000001, 'recall': 0.098, 'f1': 0.017493624772313296, 'confusion_matrix': array([[ 980,    0,    0,    0,    0,    0,    0,    0,    0,    0],
       [1135,    0,    0,    0,    0,    0,    0,    0,    0,    0],
       [1032,    0,    0,    0,    0,    0,    0,    0,    0,    0],
       [1010,    0,    0,    0,    0,    0,    0,    0,    0,    0],
       [ 982,    0,    0,    0,    0,    0,    0,    0,    0,    0],
       [ 892,    0,    0,    0,    0,    0,    0,    0,    0,    0],
       [ 958,    0,    0,    0,    0,    0,    0,    0,    0,    0],
       [1028,    0,    0,    0,    0,    0,    0,    0,    0,    0],
       [ 974,    0,    0,    0,    0,    0,    0,    0,    0,    0],
       [1009,    0,    0,    0,    0,    0,    0,    0,    0,    0]],
      dtype=int64)}
[2024-08-13 10:52:25,186][flwr][INFO] - 
[2024-08-13 10:52:25,186][flwr][INFO] - [ROUND 1]
[2024-08-13 10:52:25,187][flwr][INFO] - configure_fit: strategy sampled 10 clients (out of 10)
[2024-08-13 10:52:33,629][flwr][INFO] - aggregate_fit: received 10 results and 0 failures
[2024-08-13 10:52:33,632][flwr][WARNING] - No fit_metrics_aggregation_fn provided
[2024-08-13 10:52:35,712][flwr][INFO] - fit progress: (1, 0.8917732250625706, {'accuracy': 0.7235, 'precision': 0.7858190028643631, 'recall': 0.7235, 'f1': 0.6883868372575119, 'confusion_matrix': array([[ 957,    0,    2,    5,    0,    0,    6,    1,    9,    0],
       [   0, 1072,   15,    8,    0,    0,    4,    1,   35,    0],
       [  83,   30,  706,   82,    6,    0,   30,   16,   69,   10],
       [  30,   14,   16,  857,    0,    0,    9,   12,   61,   11],
       [  34,   12,    3,    1,  396,    0,   36,    4,   47,  449],
       [ 241,   66,    4,  256,    3,    5,   29,   24,  202,   62],
       [  97,   18,   11,    4,    3,    0,  811,    1,   13,    0],
       [  31,   43,   19,    3,    1,    0,    1,  821,   55,   54],
       [  46,   15,    4,  110,    1,    0,   13,    8,  749,   28],
       [  48,   16,    4,   13,    7,    0,    2,   23,   35,  861]],
      dtype=int64)}, 10.525835299995379)
[2024-08-13 10:52:35,713][flwr][INFO] - configure_evaluate: no clients selected, skipping evaluation
[2024-08-13 10:52:35,713][flwr][INFO] - 
[2024-08-13 10:52:35,713][flwr][INFO] - [ROUND 2]
[2024-08-13 10:52:35,713][flwr][INFO] - configure_fit: strategy sampled 10 clients (out of 10)
[2024-08-13 10:52:42,105][flwr][INFO] - aggregate_fit: received 10 results and 0 failures
[2024-08-13 10:52:44,181][flwr][INFO] - fit progress: (2, 0.7137290551295881, {'accuracy': 0.8138, 'precision': 0.8230183478256058, 'recall': 0.8138, 'f1': 0.8074212126722301, 'confusion_matrix': array([[ 928,    0,    6,    4,    0,    2,   30,    1,    9,    0],
       [   0, 1079,   38,    5,    0,    0,    5,    1,    7,    0],
       [  27,   22,  850,   36,   24,    0,   23,   20,   28,    2],
       [   9,   13,   30,  875,    1,    6,   10,   17,   34,   15],
       [   7,   11,    7,    0,  875,    0,   31,    2,    7,   42],
       [  51,   58,   19,  192,   32,  413,   43,   37,   27,   20],
       [  35,   17,   23,    1,   13,   10,  857,    1,    1,    0],
       [  10,   43,   40,    0,   17,    0,    3,  889,    8,   18],
       [  25,   32,   29,  108,   15,    7,   21,   17,  694,   26],
       [  31,   18,    7,   13,  168,    1,    4,   76,   13,  678]],
      dtype=int64)}, 18.99467449999065)
[2024-08-13 10:52:44,182][flwr][INFO] - configure_evaluate: no clients selected, skipping evaluation
[2024-08-13 10:52:44,182][flwr][INFO] - 
[2024-08-13 10:52:44,182][flwr][INFO] - [ROUND 3]
[2024-08-13 10:52:44,182][flwr][INFO] - configure_fit: strategy sampled 10 clients (out of 10)
[2024-08-13 10:52:50,698][flwr][INFO] - aggregate_fit: received 10 results and 0 failures
[2024-08-13 10:52:52,784][flwr][INFO] - fit progress: (3, 0.6937806680191093, {'accuracy': 0.8347, 'precision': 0.8420281491794503, 'recall': 0.8347, 'f1': 0.8351763641418404, 'confusion_matrix': array([[ 889,    0,    3,    1,    0,   50,   27,    1,    9,    0],
       [   0, 1065,   25,    1,    1,   13,    4,    0,   26,    0],
       [  19,   20,  813,   33,   16,    4,   22,   25,   63,   17],
       [   5,   10,   22,  774,    0,   91,    8,   14,   58,   28],
       [   6,    7,    2,    0,  721,    5,   23,    0,   16,  202],
       [  15,   45,    6,   42,   11,  689,   24,   15,   22,   23],
       [  21,   12,   18,    1,   12,   25,  865,    1,    3,    0],
       [   6,   36,   28,    0,   15,    0,    2,  837,   31,   73],
       [   5,   14,    8,   28,    5,   50,   17,    6,  794,   47],
       [  16,   10,    5,    5,   24,   17,    2,   13,   17,  900]],
      dtype=int64)}, 27.597162899997784)
[2024-08-13 10:52:52,785][flwr][INFO] - configure_evaluate: no clients selected, skipping evaluation
[2024-08-13 10:52:52,785][flwr][INFO] - 
[2024-08-13 10:52:52,785][flwr][INFO] - [ROUND 4]
[2024-08-13 10:52:52,785][flwr][INFO] - configure_fit: strategy sampled 10 clients (out of 10)
[2024-08-13 10:52:59,262][flwr][INFO] - aggregate_fit: received 10 results and 0 failures
[2024-08-13 10:53:01,349][flwr][INFO] - fit progress: (4, 0.6943133399347603, {'accuracy': 0.8063, 'precision': 0.8324875999958143, 'recall': 0.8063, 'f1': 0.7981691056913771, 'confusion_matrix': array([[ 928,    0,    5,   10,    4,    3,   23,    1,    6,    0],
       [   0, 1081,   27,   12,    1,    1,    5,    1,    7,    0],
       [  17,   16,  825,   63,   33,    0,   22,   31,   25,    0],
       [   4,    5,   16,  915,    3,   10,    8,   25,   20,    4],
       [   4,    8,    2,    0,  945,    1,   13,    2,    3,    4],
       [  23,   53,    9,  201,   54,  458,   34,   36,   15,    9],
       [  19,   13,   19,    3,   32,   11,  860,    1,    0,    0],
       [   3,   33,   36,    2,   22,    0,    1,  925,    3,    3],
       [  16,   29,   20,  144,   38,    8,   18,   23,  673,    5],
       [  25,   13,    6,   15,  336,    3,    1,  150,    7,  453]],
      dtype=int64)}, 36.1624690000026)
[2024-08-13 10:53:01,350][flwr][INFO] - configure_evaluate: no clients selected, skipping evaluation
[2024-08-13 10:53:01,350][flwr][INFO] - 
[2024-08-13 10:53:01,350][flwr][INFO] - [ROUND 5]
[2024-08-13 10:53:01,350][flwr][INFO] - configure_fit: strategy sampled 10 clients (out of 10)
[2024-08-13 10:53:07,830][flwr][INFO] - aggregate_fit: received 10 results and 0 failures
[2024-08-13 10:53:09,997][flwr][INFO] - fit progress: (5, 0.6604803830000434, {'accuracy': 0.8428, 'precision': 0.8525475850631261, 'recall': 0.8428, 'f1': 0.8430251522698423, 'confusion_matrix': array([[ 921,    0,    3,    1,    0,   15,   26,    1,   12,    1],
       [   0, 1076,   22,    2,    1,    5,    5,    0,   22,    2],
       [  15,   17,  848,   23,   11,    1,   24,   24,   52,   17],
       [   5,    9,   21,  797,    1,   57,   10,   15,   49,   46],
       [   5,    7,    4,    0,  680,    0,   28,    3,   11,  244],
       [  18,   47,    8,   41,   11,  667,   29,   14,   25,   32],
       [  16,   11,   19,    1,   11,   20,  875,    2,    3,    0],
       [   5,   36,   33,    0,   11,    0,    2,  845,   18,   78],
       [   6,   18,   11,   25,    3,   30,   18,    5,  801,   57],
       [  15,    9,    5,    5,   15,   12,    3,   13,   14,  918]],
      dtype=int64)}, 44.810690600003)
[2024-08-13 10:53:09,998][flwr][INFO] - configure_evaluate: no clients selected, skipping evaluation
[2024-08-13 10:53:09,998][flwr][INFO] - 
[2024-08-13 10:53:09,998][flwr][INFO] - [ROUND 6]
[2024-08-13 10:53:09,998][flwr][INFO] - configure_fit: strategy sampled 10 clients (out of 10)
[2024-08-13 10:53:16,333][flwr][INFO] - aggregate_fit: received 10 results and 0 failures
[2024-08-13 10:53:18,430][flwr][INFO] - fit progress: (6, 0.6686778294276322, {'accuracy': 0.8143, 'precision': 0.8402058446886783, 'recall': 0.8143, 'f1': 0.8045140115020187, 'confusion_matrix': array([[ 932,    0,    1,    8,    4,    9,   19,    1,    6,    0],
       [   0, 1086,   18,   10,    1,    1,    5,    1,   13,    0],
       [  16,   15,  813,   52,   38,    0,   21,   36,   41,    0],
       [   5,    6,   12,  898,    3,   26,    8,   23,   28,    1],
       [   1,    6,    2,    0,  949,    2,   13,    3,    4,    2],
       [  17,   42,    3,  109,   44,  608,   27,   21,   19,    2],
       [  16,   13,   16,    2,   35,   19,  855,    1,    1,    0],
       [   3,   32,   30,    4,   22,    0,    0,  925,   11,    1],
       [  13,   25,   12,   93,   36,   18,   17,   21,  738,    1],
       [  24,   12,    4,   11,  438,   16,    1,  147,   17,  339]],
      dtype=int64)}, 53.24369609999121)
[2024-08-13 10:53:18,431][flwr][INFO] - configure_evaluate: no clients selected, skipping evaluation
[2024-08-13 10:53:18,431][flwr][INFO] - 
[2024-08-13 10:53:18,431][flwr][INFO] - [ROUND 7]
[2024-08-13 10:53:18,432][flwr][INFO] - configure_fit: strategy sampled 10 clients (out of 10)
[2024-08-13 10:53:24,961][flwr][INFO] - aggregate_fit: received 10 results and 0 failures
[2024-08-13 10:53:27,051][flwr][INFO] - fit progress: (7, 0.6306037081626352, {'accuracy': 0.8576, 'precision': 0.861210144351799, 'recall': 0.8576, 'f1': 0.8571035195272844, 'confusion_matrix': array([[ 936,    0,    2,    1,    0,   13,   20,    1,    7,    0],
       [   0, 1085,   18,    3,    1,    4,    5,    0,   19,    0],
       [  14,   14,  846,   32,   12,    0,   26,   26,   49,   13],
       [   5,    8,   16,  852,    1,   38,    9,   15,   35,   31],
       [   3,    7,    4,    0,  762,    1,   26,    4,   10,  165],
       [  15,   42,    4,   66,   12,  656,   31,   14,   26,   26],
       [  15,   12,   19,    1,    9,   20,  878,    3,    1,    0],
       [   5,   34,   34,    0,   14,    0,    1,  870,   14,   56],
       [  10,   19,   15,   41,    7,   25,   17,    8,  784,   48],
       [  18,    9,    5,    6,   23,    9,    1,   20,   11,  907]],
      dtype=int64)}, 61.865755899998476)
[2024-08-13 10:53:27,052][flwr][INFO] - configure_evaluate: no clients selected, skipping evaluation
[2024-08-13 10:53:27,052][flwr][INFO] - 
[2024-08-13 10:53:27,052][flwr][INFO] - [ROUND 8]
[2024-08-13 10:53:27,053][flwr][INFO] - configure_fit: strategy sampled 10 clients (out of 10)
[2024-08-13 10:53:33,635][flwr][INFO] - aggregate_fit: received 10 results and 0 failures
[2024-08-13 10:53:35,719][flwr][INFO] - fit progress: (8, 0.6431369859328121, {'accuracy': 0.8327, 'precision': 0.8522127354734484, 'recall': 0.8327, 'f1': 0.8260869961636689, 'confusion_matrix': array([[ 940,    1,    1,    2,    4,    6,   18,    1,    7,    0],
       [   0, 1085,   18,    4,    1,    3,    5,    1,   18,    0],
       [  12,   13,  835,   37,   36,    0,   21,   34,   44,    0],
       [   5,    7,   14,  874,    3,   32,    8,   22,   44,    1],
       [   1,    6,    2,    0,  950,    2,   13,    2,    4,    2],
       [  15,   40,    4,   78,   41,  639,   28,   17,   28,    2],
       [  13,    9,   17,    2,   32,   16,  866,    2,    1,    0],
       [   3,   31,   32,    2,   24,    0,    0,  923,   11,    2],
       [  14,   18,   14,   49,   31,   18,   15,   16,  797,    2],
       [  25,   11,    5,    7,  383,   14,    1,  119,   26,  418]],
      dtype=int64)}, 70.53306919999886)
[2024-08-13 10:53:35,720][flwr][INFO] - configure_evaluate: no clients selected, skipping evaluation
[2024-08-13 10:53:35,720][flwr][INFO] - 
[2024-08-13 10:53:35,720][flwr][INFO] - [ROUND 9]
[2024-08-13 10:53:35,721][flwr][INFO] - configure_fit: strategy sampled 10 clients (out of 10)
[2024-08-13 10:53:42,365][flwr][INFO] - aggregate_fit: received 10 results and 0 failures
[2024-08-13 10:53:44,595][flwr][INFO] - fit progress: (9, 0.6109613932930512, {'accuracy': 0.8644, 'precision': 0.8668314651618408, 'recall': 0.8644, 'f1': 0.8638650831565649, 'confusion_matrix': array([[ 937,    1,    3,    1,    1,   10,   19,    1,    7,    0],
       [   0, 1089,   18,    3,    1,    5,    5,    0,   14,    0],
       [  12,   12,  849,   36,   11,    0,   26,   28,   45,   13],
       [   5,    6,   14,  864,    1,   38,    9,   15,   27,   31],
       [   3,    6,    4,    0,  794,    1,   24,    4,    9,  137],
       [  13,   39,    2,   62,   13,  673,   31,   14,   22,   23],
       [  13,    9,   19,    1,   11,   19,  881,    4,    1,    0],
       [   4,   32,   33,    2,   14,    0,    1,  880,   11,   51],
       [  13,   21,   15,   43,    8,   29,   16,    9,  770,   50],
       [  18,    9,    5,    7,   26,    9,    1,   19,    8,  907]],
      dtype=int64)}, 79.40933189999487)
[2024-08-13 10:53:44,596][flwr][INFO] - configure_evaluate: no clients selected, skipping evaluation
[2024-08-13 10:53:44,596][flwr][INFO] - 
[2024-08-13 10:53:44,596][flwr][INFO] - [ROUND 10]
[2024-08-13 10:53:44,597][flwr][INFO] - configure_fit: strategy sampled 10 clients (out of 10)
[2024-08-13 10:53:50,956][flwr][INFO] - aggregate_fit: received 10 results and 0 failures
[2024-08-13 10:53:53,089][flwr][INFO] - fit progress: (10, 0.6237473272331121, {'accuracy': 0.8455, 'precision': 0.8601310921079738, 'recall': 0.8455, 'f1': 0.841239900248254, 'confusion_matrix': array([[ 942,    1,    3,    1,    2,    5,   16,    1,    9,    0],
       [   0, 1082,    9,    5,    1,    3,    5,    1,   29,    0],
       [  12,   13,  831,   37,   34,    0,   19,   32,   53,    1],
       [   5,    6,   14,  868,    3,   32,    8,   21,   51,    2],
       [   1,    4,    2,    0,  951,    2,   12,    2,    5,    3],
       [  13,   35,    1,   72,   37,  646,   30,   16,   39,    3],
       [  13,    7,   16,    1,   30,   16,  871,    2,    2,    0],
       [   4,   30,   30,    2,   24,    0,    0,  920,   16,    2],
       [  11,   16,    9,   30,   24,   19,   15,   11,  837,    2],
       [  24,    9,    5,    7,  294,   13,    1,  102,   47,  507]],
      dtype=int64)}, 87.90312319999794)
[2024-08-13 10:53:53,090][flwr][INFO] - configure_evaluate: no clients selected, skipping evaluation
[2024-08-13 10:53:53,090][flwr][INFO] - 
[2024-08-13 10:53:53,090][flwr][INFO] - [SUMMARY]
[2024-08-13 10:53:53,090][flwr][INFO] - Run finished 10 round(s) in 87.90s
[2024-08-13 10:53:53,098][flwr][INFO] - 	History (loss, centralized):
[2024-08-13 10:53:53,099][flwr][INFO] - 		round 0: 2.3025850929940455
[2024-08-13 10:53:53,099][flwr][INFO] - 		round 1: 0.8917732250625706
[2024-08-13 10:53:53,099][flwr][INFO] - 		round 2: 0.7137290551295881
[2024-08-13 10:53:53,099][flwr][INFO] - 		round 3: 0.6937806680191093
[2024-08-13 10:53:53,099][flwr][INFO] - 		round 4: 0.6943133399347603
[2024-08-13 10:53:53,099][flwr][INFO] - 		round 5: 0.6604803830000434
[2024-08-13 10:53:53,099][flwr][INFO] - 		round 6: 0.6686778294276322
[2024-08-13 10:53:53,099][flwr][INFO] - 		round 7: 0.6306037081626352
[2024-08-13 10:53:53,099][flwr][INFO] - 		round 8: 0.6431369859328121
[2024-08-13 10:53:53,099][flwr][INFO] - 		round 9: 0.6109613932930512
[2024-08-13 10:53:53,099][flwr][INFO] - 		round 10: 0.6237473272331121
[2024-08-13 10:53:53,099][flwr][INFO] - 	History (metrics, centralized):
[2024-08-13 10:53:53,100][flwr][INFO] - 	{'accuracy': [(0, 0.098),
[2024-08-13 10:53:53,100][flwr][INFO] - 	              (1, 0.7235),
[2024-08-13 10:53:53,100][flwr][INFO] - 	              (2, 0.8138),
[2024-08-13 10:53:53,100][flwr][INFO] - 	              (3, 0.8347),
[2024-08-13 10:53:53,100][flwr][INFO] - 	              (4, 0.8063),
[2024-08-13 10:53:53,100][flwr][INFO] - 	              (5, 0.8428),
[2024-08-13 10:53:53,100][flwr][INFO] - 	              (6, 0.8143),
[2024-08-13 10:53:53,100][flwr][INFO] - 	              (7, 0.8576),
[2024-08-13 10:53:53,100][flwr][INFO] - 	              (8, 0.8327),
[2024-08-13 10:53:53,100][flwr][INFO] - 	              (9, 0.8644),
[2024-08-13 10:53:53,100][flwr][INFO] - 	              (10, 0.8455)],
[2024-08-13 10:53:53,100][flwr][INFO] - 	 'confusion_matrix': [(0,
[2024-08-13 10:53:53,100][flwr][INFO] - 	                       array([[ 980,    0,    0,    0,    0,    0,    0,    0,    0,    0],
[2024-08-13 10:53:53,100][flwr][INFO] - 	       [1135,    0,    0,    0,    0,    0,    0,    0,    0,    0],
[2024-08-13 10:53:53,100][flwr][INFO] - 	       [1032,    0,    0,    0,    0,    0,    0,    0,    0,    0],
[2024-08-13 10:53:53,101][flwr][INFO] - 	       [1010,    0,    0,    0,    0,    0,    0,    0,    0,    0],
[2024-08-13 10:53:53,101][flwr][INFO] - 	       [ 982,    0,    0,    0,    0,    0,    0,    0,    0,    0],
[2024-08-13 10:53:53,101][flwr][INFO] - 	       [ 892,    0,    0,    0,    0,    0,    0,    0,    0,    0],
[2024-08-13 10:53:53,101][flwr][INFO] - 	       [ 958,    0,    0,    0,    0,    0,    0,    0,    0,    0],
[2024-08-13 10:53:53,101][flwr][INFO] - 	       [1028,    0,    0,    0,    0,    0,    0,    0,    0,    0],
[2024-08-13 10:53:53,101][flwr][INFO] - 	       [ 974,    0,    0,    0,    0,    0,    0,    0,    0,    0],
[2024-08-13 10:53:53,101][flwr][INFO] - 	       [1009,    0,    0,    0,    0,    0,    0,    0,    0,    0]],
[2024-08-13 10:53:53,101][flwr][INFO] - 	      dtype=int64)),
[2024-08-13 10:53:53,101][flwr][INFO] - 	                      (1,
[2024-08-13 10:53:53,101][flwr][INFO] - 	                       array([[ 957,    0,    2,    5,    0,    0,    6,    1,    9,    0],
[2024-08-13 10:53:53,101][flwr][INFO] - 	       [   0, 1072,   15,    8,    0,    0,    4,    1,   35,    0],
[2024-08-13 10:53:53,101][flwr][INFO] - 	       [  83,   30,  706,   82,    6,    0,   30,   16,   69,   10],
[2024-08-13 10:53:53,101][flwr][INFO] - 	       [  30,   14,   16,  857,    0,    0,    9,   12,   61,   11],
[2024-08-13 10:53:53,101][flwr][INFO] - 	       [  34,   12,    3,    1,  396,    0,   36,    4,   47,  449],
[2024-08-13 10:53:53,101][flwr][INFO] - 	       [ 241,   66,    4,  256,    3,    5,   29,   24,  202,   62],
[2024-08-13 10:53:53,101][flwr][INFO] - 	       [  97,   18,   11,    4,    3,    0,  811,    1,   13,    0],
[2024-08-13 10:53:53,102][flwr][INFO] - 	       [  31,   43,   19,    3,    1,    0,    1,  821,   55,   54],
[2024-08-13 10:53:53,102][flwr][INFO] - 	       [  46,   15,    4,  110,    1,    0,   13,    8,  749,   28],
[2024-08-13 10:53:53,102][flwr][INFO] - 	       [  48,   16,    4,   13,    7,    0,    2,   23,   35,  861]],
[2024-08-13 10:53:53,102][flwr][INFO] - 	      dtype=int64)),
[2024-08-13 10:53:53,102][flwr][INFO] - 	                      (2,
[2024-08-13 10:53:53,102][flwr][INFO] - 	                       array([[ 928,    0,    6,    4,    0,    2,   30,    1,    9,    0],
[2024-08-13 10:53:53,102][flwr][INFO] - 	       [   0, 1079,   38,    5,    0,    0,    5,    1,    7,    0],
[2024-08-13 10:53:53,102][flwr][INFO] - 	       [  27,   22,  850,   36,   24,    0,   23,   20,   28,    2],
[2024-08-13 10:53:53,102][flwr][INFO] - 	       [   9,   13,   30,  875,    1,    6,   10,   17,   34,   15],
[2024-08-13 10:53:53,102][flwr][INFO] - 	       [   7,   11,    7,    0,  875,    0,   31,    2,    7,   42],
[2024-08-13 10:53:53,102][flwr][INFO] - 	       [  51,   58,   19,  192,   32,  413,   43,   37,   27,   20],
[2024-08-13 10:53:53,102][flwr][INFO] - 	       [  35,   17,   23,    1,   13,   10,  857,    1,    1,    0],
[2024-08-13 10:53:53,102][flwr][INFO] - 	       [  10,   43,   40,    0,   17,    0,    3,  889,    8,   18],
[2024-08-13 10:53:53,102][flwr][INFO] - 	       [  25,   32,   29,  108,   15,    7,   21,   17,  694,   26],
[2024-08-13 10:53:53,102][flwr][INFO] - 	       [  31,   18,    7,   13,  168,    1,    4,   76,   13,  678]],
[2024-08-13 10:53:53,102][flwr][INFO] - 	      dtype=int64)),
[2024-08-13 10:53:53,102][flwr][INFO] - 	                      (3,
[2024-08-13 10:53:53,103][flwr][INFO] - 	                       array([[ 889,    0,    3,    1,    0,   50,   27,    1,    9,    0],
[2024-08-13 10:53:53,103][flwr][INFO] - 	       [   0, 1065,   25,    1,    1,   13,    4,    0,   26,    0],
[2024-08-13 10:53:53,103][flwr][INFO] - 	       [  19,   20,  813,   33,   16,    4,   22,   25,   63,   17],
[2024-08-13 10:53:53,103][flwr][INFO] - 	       [   5,   10,   22,  774,    0,   91,    8,   14,   58,   28],
[2024-08-13 10:53:53,103][flwr][INFO] - 	       [   6,    7,    2,    0,  721,    5,   23,    0,   16,  202],
[2024-08-13 10:53:53,103][flwr][INFO] - 	       [  15,   45,    6,   42,   11,  689,   24,   15,   22,   23],
[2024-08-13 10:53:53,103][flwr][INFO] - 	       [  21,   12,   18,    1,   12,   25,  865,    1,    3,    0],
[2024-08-13 10:53:53,103][flwr][INFO] - 	       [   6,   36,   28,    0,   15,    0,    2,  837,   31,   73],
[2024-08-13 10:53:53,103][flwr][INFO] - 	       [   5,   14,    8,   28,    5,   50,   17,    6,  794,   47],
[2024-08-13 10:53:53,103][flwr][INFO] - 	       [  16,   10,    5,    5,   24,   17,    2,   13,   17,  900]],
[2024-08-13 10:53:53,103][flwr][INFO] - 	      dtype=int64)),
[2024-08-13 10:53:53,103][flwr][INFO] - 	                      (4,
[2024-08-13 10:53:53,103][flwr][INFO] - 	                       array([[ 928,    0,    5,   10,    4,    3,   23,    1,    6,    0],
[2024-08-13 10:53:53,103][flwr][INFO] - 	       [   0, 1081,   27,   12,    1,    1,    5,    1,    7,    0],
[2024-08-13 10:53:53,103][flwr][INFO] - 	       [  17,   16,  825,   63,   33,    0,   22,   31,   25,    0],
[2024-08-13 10:53:53,103][flwr][INFO] - 	       [   4,    5,   16,  915,    3,   10,    8,   25,   20,    4],
[2024-08-13 10:53:53,103][flwr][INFO] - 	       [   4,    8,    2,    0,  945,    1,   13,    2,    3,    4],
[2024-08-13 10:53:53,104][flwr][INFO] - 	       [  23,   53,    9,  201,   54,  458,   34,   36,   15,    9],
[2024-08-13 10:53:53,104][flwr][INFO] - 	       [  19,   13,   19,    3,   32,   11,  860,    1,    0,    0],
[2024-08-13 10:53:53,104][flwr][INFO] - 	       [   3,   33,   36,    2,   22,    0,    1,  925,    3,    3],
[2024-08-13 10:53:53,104][flwr][INFO] - 	       [  16,   29,   20,  144,   38,    8,   18,   23,  673,    5],
[2024-08-13 10:53:53,104][flwr][INFO] - 	       [  25,   13,    6,   15,  336,    3,    1,  150,    7,  453]],
[2024-08-13 10:53:53,104][flwr][INFO] - 	      dtype=int64)),
[2024-08-13 10:53:53,104][flwr][INFO] - 	                      (5,
[2024-08-13 10:53:53,104][flwr][INFO] - 	                       array([[ 921,    0,    3,    1,    0,   15,   26,    1,   12,    1],
[2024-08-13 10:53:53,104][flwr][INFO] - 	       [   0, 1076,   22,    2,    1,    5,    5,    0,   22,    2],
[2024-08-13 10:53:53,104][flwr][INFO] - 	       [  15,   17,  848,   23,   11,    1,   24,   24,   52,   17],
[2024-08-13 10:53:53,104][flwr][INFO] - 	       [   5,    9,   21,  797,    1,   57,   10,   15,   49,   46],
[2024-08-13 10:53:53,104][flwr][INFO] - 	       [   5,    7,    4,    0,  680,    0,   28,    3,   11,  244],
[2024-08-13 10:53:53,104][flwr][INFO] - 	       [  18,   47,    8,   41,   11,  667,   29,   14,   25,   32],
[2024-08-13 10:53:53,104][flwr][INFO] - 	       [  16,   11,   19,    1,   11,   20,  875,    2,    3,    0],
[2024-08-13 10:53:53,104][flwr][INFO] - 	       [   5,   36,   33,    0,   11,    0,    2,  845,   18,   78],
[2024-08-13 10:53:53,104][flwr][INFO] - 	       [   6,   18,   11,   25,    3,   30,   18,    5,  801,   57],
[2024-08-13 10:53:53,104][flwr][INFO] - 	       [  15,    9,    5,    5,   15,   12,    3,   13,   14,  918]],
[2024-08-13 10:53:53,105][flwr][INFO] - 	      dtype=int64)),
[2024-08-13 10:53:53,105][flwr][INFO] - 	                      (6,
[2024-08-13 10:53:53,105][flwr][INFO] - 	                       array([[ 932,    0,    1,    8,    4,    9,   19,    1,    6,    0],
[2024-08-13 10:53:53,105][flwr][INFO] - 	       [   0, 1086,   18,   10,    1,    1,    5,    1,   13,    0],
[2024-08-13 10:53:53,105][flwr][INFO] - 	       [  16,   15,  813,   52,   38,    0,   21,   36,   41,    0],
[2024-08-13 10:53:53,105][flwr][INFO] - 	       [   5,    6,   12,  898,    3,   26,    8,   23,   28,    1],
[2024-08-13 10:53:53,105][flwr][INFO] - 	       [   1,    6,    2,    0,  949,    2,   13,    3,    4,    2],
[2024-08-13 10:53:53,105][flwr][INFO] - 	       [  17,   42,    3,  109,   44,  608,   27,   21,   19,    2],
[2024-08-13 10:53:53,105][flwr][INFO] - 	       [  16,   13,   16,    2,   35,   19,  855,    1,    1,    0],
[2024-08-13 10:53:53,105][flwr][INFO] - 	       [   3,   32,   30,    4,   22,    0,    0,  925,   11,    1],
[2024-08-13 10:53:53,105][flwr][INFO] - 	       [  13,   25,   12,   93,   36,   18,   17,   21,  738,    1],
[2024-08-13 10:53:53,105][flwr][INFO] - 	       [  24,   12,    4,   11,  438,   16,    1,  147,   17,  339]],
[2024-08-13 10:53:53,105][flwr][INFO] - 	      dtype=int64)),
[2024-08-13 10:53:53,105][flwr][INFO] - 	                      (7,
[2024-08-13 10:53:53,105][flwr][INFO] - 	                       array([[ 936,    0,    2,    1,    0,   13,   20,    1,    7,    0],
[2024-08-13 10:53:53,105][flwr][INFO] - 	       [   0, 1085,   18,    3,    1,    4,    5,    0,   19,    0],
[2024-08-13 10:53:53,105][flwr][INFO] - 	       [  14,   14,  846,   32,   12,    0,   26,   26,   49,   13],
[2024-08-13 10:53:53,106][flwr][INFO] - 	       [   5,    8,   16,  852,    1,   38,    9,   15,   35,   31],
[2024-08-13 10:53:53,106][flwr][INFO] - 	       [   3,    7,    4,    0,  762,    1,   26,    4,   10,  165],
[2024-08-13 10:53:53,106][flwr][INFO] - 	       [  15,   42,    4,   66,   12,  656,   31,   14,   26,   26],
[2024-08-13 10:53:53,106][flwr][INFO] - 	       [  15,   12,   19,    1,    9,   20,  878,    3,    1,    0],
[2024-08-13 10:53:53,106][flwr][INFO] - 	       [   5,   34,   34,    0,   14,    0,    1,  870,   14,   56],
[2024-08-13 10:53:53,106][flwr][INFO] - 	       [  10,   19,   15,   41,    7,   25,   17,    8,  784,   48],
[2024-08-13 10:53:53,106][flwr][INFO] - 	       [  18,    9,    5,    6,   23,    9,    1,   20,   11,  907]],
[2024-08-13 10:53:53,106][flwr][INFO] - 	      dtype=int64)),
[2024-08-13 10:53:53,106][flwr][INFO] - 	                      (8,
[2024-08-13 10:53:53,106][flwr][INFO] - 	                       array([[ 940,    1,    1,    2,    4,    6,   18,    1,    7,    0],
[2024-08-13 10:53:53,106][flwr][INFO] - 	       [   0, 1085,   18,    4,    1,    3,    5,    1,   18,    0],
[2024-08-13 10:53:53,106][flwr][INFO] - 	       [  12,   13,  835,   37,   36,    0,   21,   34,   44,    0],
[2024-08-13 10:53:53,106][flwr][INFO] - 	       [   5,    7,   14,  874,    3,   32,    8,   22,   44,    1],
[2024-08-13 10:53:53,106][flwr][INFO] - 	       [   1,    6,    2,    0,  950,    2,   13,    2,    4,    2],
[2024-08-13 10:53:53,106][flwr][INFO] - 	       [  15,   40,    4,   78,   41,  639,   28,   17,   28,    2],
[2024-08-13 10:53:53,106][flwr][INFO] - 	       [  13,    9,   17,    2,   32,   16,  866,    2,    1,    0],
[2024-08-13 10:53:53,106][flwr][INFO] - 	       [   3,   31,   32,    2,   24,    0,    0,  923,   11,    2],
[2024-08-13 10:53:53,106][flwr][INFO] - 	       [  14,   18,   14,   49,   31,   18,   15,   16,  797,    2],
[2024-08-13 10:53:53,107][flwr][INFO] - 	       [  25,   11,    5,    7,  383,   14,    1,  119,   26,  418]],
[2024-08-13 10:53:53,107][flwr][INFO] - 	      dtype=int64)),
[2024-08-13 10:53:53,107][flwr][INFO] - 	                      (9,
[2024-08-13 10:53:53,107][flwr][INFO] - 	                       array([[ 937,    1,    3,    1,    1,   10,   19,    1,    7,    0],
[2024-08-13 10:53:53,107][flwr][INFO] - 	       [   0, 1089,   18,    3,    1,    5,    5,    0,   14,    0],
[2024-08-13 10:53:53,107][flwr][INFO] - 	       [  12,   12,  849,   36,   11,    0,   26,   28,   45,   13],
[2024-08-13 10:53:53,107][flwr][INFO] - 	       [   5,    6,   14,  864,    1,   38,    9,   15,   27,   31],
[2024-08-13 10:53:53,107][flwr][INFO] - 	       [   3,    6,    4,    0,  794,    1,   24,    4,    9,  137],
[2024-08-13 10:53:53,107][flwr][INFO] - 	       [  13,   39,    2,   62,   13,  673,   31,   14,   22,   23],
[2024-08-13 10:53:53,107][flwr][INFO] - 	       [  13,    9,   19,    1,   11,   19,  881,    4,    1,    0],
[2024-08-13 10:53:53,107][flwr][INFO] - 	       [   4,   32,   33,    2,   14,    0,    1,  880,   11,   51],
[2024-08-13 10:53:53,107][flwr][INFO] - 	       [  13,   21,   15,   43,    8,   29,   16,    9,  770,   50],
[2024-08-13 10:53:53,107][flwr][INFO] - 	       [  18,    9,    5,    7,   26,    9,    1,   19,    8,  907]],
[2024-08-13 10:53:53,107][flwr][INFO] - 	      dtype=int64)),
[2024-08-13 10:53:53,107][flwr][INFO] - 	                      (10,
[2024-08-13 10:53:53,107][flwr][INFO] - 	                       array([[ 942,    1,    3,    1,    2,    5,   16,    1,    9,    0],
[2024-08-13 10:53:53,107][flwr][INFO] - 	       [   0, 1082,    9,    5,    1,    3,    5,    1,   29,    0],
[2024-08-13 10:53:53,108][flwr][INFO] - 	       [  12,   13,  831,   37,   34,    0,   19,   32,   53,    1],
[2024-08-13 10:53:53,108][flwr][INFO] - 	       [   5,    6,   14,  868,    3,   32,    8,   21,   51,    2],
[2024-08-13 10:53:53,108][flwr][INFO] - 	       [   1,    4,    2,    0,  951,    2,   12,    2,    5,    3],
[2024-08-13 10:53:53,108][flwr][INFO] - 	       [  13,   35,    1,   72,   37,  646,   30,   16,   39,    3],
[2024-08-13 10:53:53,108][flwr][INFO] - 	       [  13,    7,   16,    1,   30,   16,  871,    2,    2,    0],
[2024-08-13 10:53:53,108][flwr][INFO] - 	       [   4,   30,   30,    2,   24,    0,    0,  920,   16,    2],
[2024-08-13 10:53:53,108][flwr][INFO] - 	       [  11,   16,    9,   30,   24,   19,   15,   11,  837,    2],
[2024-08-13 10:53:53,108][flwr][INFO] - 	       [  24,    9,    5,    7,  294,   13,    1,  102,   47,  507]],
[2024-08-13 10:53:53,108][flwr][INFO] - 	      dtype=int64))],
[2024-08-13 10:53:53,108][flwr][INFO] - 	 'f1': [(0, 0.017493624772313296),
[2024-08-13 10:53:53,108][flwr][INFO] - 	        (1, 0.6883868372575119),
[2024-08-13 10:53:53,108][flwr][INFO] - 	        (2, 0.8074212126722301),
[2024-08-13 10:53:53,108][flwr][INFO] - 	        (3, 0.8351763641418404),
[2024-08-13 10:53:53,108][flwr][INFO] - 	        (4, 0.7981691056913771),
[2024-08-13 10:53:53,108][flwr][INFO] - 	        (5, 0.8430251522698423),
[2024-08-13 10:53:53,108][flwr][INFO] - 	        (6, 0.8045140115020187),
[2024-08-13 10:53:53,108][flwr][INFO] - 	        (7, 0.8571035195272844),
[2024-08-13 10:53:53,108][flwr][INFO] - 	        (8, 0.8260869961636689),
[2024-08-13 10:53:53,109][flwr][INFO] - 	        (9, 0.8638650831565649),
[2024-08-13 10:53:53,109][flwr][INFO] - 	        (10, 0.841239900248254)],
[2024-08-13 10:53:53,109][flwr][INFO] - 	 'precision': [(0, 0.009604000000000001),
[2024-08-13 10:53:53,109][flwr][INFO] - 	               (1, 0.7858190028643631),
[2024-08-13 10:53:53,109][flwr][INFO] - 	               (2, 0.8230183478256058),
[2024-08-13 10:53:53,109][flwr][INFO] - 	               (3, 0.8420281491794503),
[2024-08-13 10:53:53,109][flwr][INFO] - 	               (4, 0.8324875999958143),
[2024-08-13 10:53:53,109][flwr][INFO] - 	               (5, 0.8525475850631261),
[2024-08-13 10:53:53,109][flwr][INFO] - 	               (6, 0.8402058446886783),
[2024-08-13 10:53:53,109][flwr][INFO] - 	               (7, 0.861210144351799),
[2024-08-13 10:53:53,109][flwr][INFO] - 	               (8, 0.8522127354734484),
[2024-08-13 10:53:53,109][flwr][INFO] - 	               (9, 0.8668314651618408),
[2024-08-13 10:53:53,109][flwr][INFO] - 	               (10, 0.8601310921079738)],
[2024-08-13 10:53:53,109][flwr][INFO] - 	 'recall': [(0, 0.098),
[2024-08-13 10:53:53,109][flwr][INFO] - 	            (1, 0.7235),
[2024-08-13 10:53:53,109][flwr][INFO] - 	            (2, 0.8138),
[2024-08-13 10:53:53,109][flwr][INFO] - 	            (3, 0.8347),
[2024-08-13 10:53:53,110][flwr][INFO] - 	            (4, 0.8063),
[2024-08-13 10:53:53,110][flwr][INFO] - 	            (5, 0.8428),
[2024-08-13 10:53:53,110][flwr][INFO] - 	            (6, 0.8143),
[2024-08-13 10:53:53,110][flwr][INFO] - 	            (7, 0.8576),
[2024-08-13 10:53:53,110][flwr][INFO] - 	            (8, 0.8327),
[2024-08-13 10:53:53,110][flwr][INFO] - 	            (9, 0.8644),
[2024-08-13 10:53:53,110][flwr][INFO] - 	            (10, 0.8455)]}
[2024-08-13 10:53:53,110][flwr][INFO] - 
