[2024-08-13 15:28:24,237][flwr][INFO] - Starting Flower simulation, config: num_rounds=10, no round_timeout
[2024-08-13 15:28:28,403][flwr][INFO] - Flower VCE: Ray initialized with resources: {'memory': 5010235392.0, 'node:127.0.0.1': 1.0, 'object_store_memory': 2505117696.0, 'CPU': 16.0, 'GPU': 1.0, 'node:__internal_head__': 1.0, 'accelerator_type:G': 1.0}
[2024-08-13 15:28:28,403][flwr][INFO] - Optimize your simulation with Flower VCE: https://flower.ai/docs/framework/how-to-run-simulations.html
[2024-08-13 15:28:28,404][flwr][INFO] - Flower VCE: Resources for each Virtual Client: {'num_cpus': 2, 'num_gpus': 0.5}
[2024-08-13 15:28:28,415][flwr][INFO] - Flower VCE: Creating VirtualClientEngineActorPool with 2 actors
[2024-08-13 15:28:28,417][flwr][INFO] - [INIT]
[2024-08-13 15:28:28,417][flwr][INFO] - Requesting initial parameters from one random client
[2024-08-13 15:28:35,896][flwr][INFO] - Received initial parameters from one random client
[2024-08-13 15:28:35,896][flwr][INFO] - Evaluating initial global parameters
[2024-08-13 15:28:38,218][flwr][INFO] - initial parameters (loss, other metrics): 2.3025850929940455, {'accuracy': 0.098, 'precision': 0.009604000000000001, 'recall': 0.098, 'f1': 0.017493624772313296, 'confusion_matrix': array([[ 980,    0,    0,    0,    0,    0,    0,    0,    0,    0],
       [1135,    0,    0,    0,    0,    0,    0,    0,    0,    0],
       [1032,    0,    0,    0,    0,    0,    0,    0,    0,    0],
       [1010,    0,    0,    0,    0,    0,    0,    0,    0,    0],
       [ 982,    0,    0,    0,    0,    0,    0,    0,    0,    0],
       [ 892,    0,    0,    0,    0,    0,    0,    0,    0,    0],
       [ 958,    0,    0,    0,    0,    0,    0,    0,    0,    0],
       [1028,    0,    0,    0,    0,    0,    0,    0,    0,    0],
       [ 974,    0,    0,    0,    0,    0,    0,    0,    0,    0],
       [1009,    0,    0,    0,    0,    0,    0,    0,    0,    0]],
      dtype=int64)}
[2024-08-13 15:28:38,218][flwr][INFO] - 
[2024-08-13 15:28:38,218][flwr][INFO] - [ROUND 1]
[2024-08-13 15:28:38,219][flwr][INFO] - configure_fit: strategy sampled 10 clients (out of 100)
[2024-08-13 15:28:41,674][flwr][INFO] - aggregate_fit: received 10 results and 0 failures
[2024-08-13 15:28:41,677][flwr][WARNING] - No fit_metrics_aggregation_fn provided
[2024-08-13 15:28:43,838][flwr][INFO] - fit progress: (1, 1.8273477364623938, {'accuracy': 0.3033, 'precision': 0.2671559627144262, 'recall': 0.3033, 'f1': 0.25593577911880416, 'confusion_matrix': array([[ 874,   37,    1,   36,   13,    0,    7,    2,   10,    0],
       [   0,    0, 1091,    7,   14,    0,    2,    0,   19,    2],
       [  48,    1,  125,  765,   19,    1,    7,   10,   54,    2],
       [   2,    1,    8,  512,  422,    0,    1,    3,   60,    1],
       [ 113,    0,   10,    3,  593,   13,    2,   18,  213,   17],
       [ 165,   36,   55,  119,  304,    0,   24,    5,  164,   20],
       [ 109,    4,   46,   42,   49,    0,  434,  269,    4,    1],
       [  53,    0,   41,    8,   34,    0,    0,    6,  884,    2],
       [  27,    1,   46,  166,  200,    0,    1,    2,  371,  160],
       [ 192,    0,    4,    6,  233,    0,    0,    4,  452,  118]],
      dtype=int64)}, 5.619866199995158)
[2024-08-13 15:28:43,839][flwr][INFO] - configure_evaluate: no clients selected, skipping evaluation
[2024-08-13 15:28:43,839][flwr][INFO] - 
[2024-08-13 15:28:43,839][flwr][INFO] - [ROUND 2]
[2024-08-13 15:28:43,840][flwr][INFO] - configure_fit: strategy sampled 10 clients (out of 100)
[2024-08-13 15:28:45,030][flwr][INFO] - aggregate_fit: received 10 results and 0 failures
[2024-08-13 15:28:47,258][flwr][INFO] - fit progress: (2, 1.5857618948175844, {'accuracy': 0.3805, 'precision': 0.37527102557672176, 'recall': 0.3805, 'f1': 0.3462079718457726, 'confusion_matrix': array([[179, 609,   2,   2,   1,   4, 139,  40,   0,   4],
       [  0, 287, 814,   3,   0,   1,   2,   8,   0,  20],
       [  2,  70, 454, 309,   6,  11,  24, 103,  10,  43],
       [  1,  78,  18, 489, 187,   8,  60,  26,   5, 138],
       [  3,   3,   9,   0,  94, 636,   7, 131,   1,  98],
       [  6, 177,  22,  23,  26, 324, 198,  38,   6,  72],
       [  1,  39,  19,   0,   1,   1, 511, 385,   0,   1],
       [ 15,  10,  56,   0,   2,   8,   2, 808,  84,  43],
       [  0,  74,  27,  33,  22,  24,  48,  19,   2, 725],
       [ 31,   6,   3,   1,  19, 111,   2, 177,   2, 657]], dtype=int64)}, 9.039268799999263)
[2024-08-13 15:28:47,259][flwr][INFO] - configure_evaluate: no clients selected, skipping evaluation
[2024-08-13 15:28:47,259][flwr][INFO] - 
[2024-08-13 15:28:47,259][flwr][INFO] - [ROUND 3]
[2024-08-13 15:28:47,260][flwr][INFO] - configure_fit: strategy sampled 10 clients (out of 100)
[2024-08-13 15:28:48,440][flwr][INFO] - aggregate_fit: received 10 results and 0 failures
[2024-08-13 15:28:50,646][flwr][INFO] - fit progress: (3, 1.3232419632413945, {'accuracy': 0.5432, 'precision': 0.6883396177680932, 'recall': 0.5432, 'f1': 0.4805025383913833, 'confusion_matrix': array([[933,   2,   0,  10,   3,   0,  20,   0,  12,   0],
       [  0, 851, 210,   3,   4,   0,   4,   0,  63,   0],
       [ 60,   2, 488, 321,  38,   0,  17,   6, 100,   0],
       [ 18,   1,   7, 736, 111,   0,  14,   2, 121,   0],
       [ 72,   3,   1,   0, 786,   0,  13,   2, 105,   0],
       [231,  50,  19, 136, 107,  44,  85,   2, 218,   0],
       [ 73,   4,  31,   2,  32,   0, 794,  18,   4,   0],
       [ 74,  13,  17,   4,  30,   0,   0,  54, 836,   0],
       [ 44,   3,  13,  92,  54,   0,  22,   1, 745,   0],
       [227,   3,   1,   2, 319,   0,   0,   3, 453,   1]], dtype=int64)}, 12.427386399998795)
[2024-08-13 15:28:50,647][flwr][INFO] - configure_evaluate: no clients selected, skipping evaluation
[2024-08-13 15:28:50,647][flwr][INFO] - 
[2024-08-13 15:28:50,647][flwr][INFO] - [ROUND 4]
[2024-08-13 15:28:50,647][flwr][INFO] - configure_fit: strategy sampled 10 clients (out of 100)
[2024-08-13 15:28:51,801][flwr][INFO] - aggregate_fit: received 10 results and 0 failures
[2024-08-13 15:28:53,979][flwr][INFO] - fit progress: (4, 1.3367949481850385, {'accuracy': 0.5656, 'precision': 0.5632341383800765, 'recall': 0.5656, 'f1': 0.5298986379832505, 'confusion_matrix': array([[425, 318,   2,  13,   2,  39, 110,  52,   0,  19],
       [  0, 833, 269,   4,   0,   1,   3,   4,   0,  21],
       [  0,  23, 636, 232,  10,   5,  20,  55,   0,  51],
       [  0,  18,  13, 742,  41,  31,  14,  22,   0, 129],
       [  1,   4,   5,   0, 216, 380,   8,  89,   0, 279],
       [  2,  94,  21,  78,  13, 491,  74,  38,   0,  81],
       [  1,  19,  35,   0,   5,   4, 606, 286,   0,   2],
       [  5,  23,  47,   3,   4,  10,   0, 835,   2,  99],
       [  1,  44,  34,  92,   8,  32,  21,  13,   0, 729],
       [ 10,   5,   1,   5,  15,  37,   0,  64,   0, 872]], dtype=int64)}, 15.760434700001497)
[2024-08-13 15:28:53,980][flwr][INFO] - configure_evaluate: no clients selected, skipping evaluation
[2024-08-13 15:28:53,980][flwr][INFO] - 
[2024-08-13 15:28:53,980][flwr][INFO] - [ROUND 5]
[2024-08-13 15:28:53,980][flwr][INFO] - configure_fit: strategy sampled 10 clients (out of 100)
[2024-08-13 15:28:55,144][flwr][INFO] - aggregate_fit: received 10 results and 0 failures
[2024-08-13 15:28:57,334][flwr][INFO] - fit progress: (5, 1.3325443135795334, {'accuracy': 0.5274, 'precision': 0.5926901224117044, 'recall': 0.5274, 'f1': 0.5034316560333282, 'confusion_matrix': array([[849,  76,   2,   6,   1,   0,  32,   8,   6,   0],
       [  0, 592, 508,   3,   3,   2,   9,   1,  17,   0],
       [ 43,   7, 583, 265,  23,   2,  16,  27,  66,   0],
       [ 14,  10,  12, 636, 194,   2,  21,  13, 107,   1],
       [ 63,   3,   5,   0, 628, 152,  12,  60,  58,   1],
       [ 96,  64,  28,  53,  72, 262, 174,  19, 123,   1],
       [ 28,  11,  32,   0,  10,   0, 635, 241,   1,   0],
       [ 69,   7,  43,   2,  14,   1,   1, 288, 603,   0],
       [ 39,  16,  30,  63,  62,   7,  36,   4, 717,   0],
       [394,   3,   2,   2, 162,  22,   1,  30, 309,  84]], dtype=int64)}, 19.11513429999468)
[2024-08-13 15:28:57,335][flwr][INFO] - configure_evaluate: no clients selected, skipping evaluation
[2024-08-13 15:28:57,335][flwr][INFO] - 
[2024-08-13 15:28:57,335][flwr][INFO] - [ROUND 6]
[2024-08-13 15:28:57,335][flwr][INFO] - configure_fit: strategy sampled 10 clients (out of 100)
[2024-08-13 15:28:58,657][flwr][INFO] - aggregate_fit: received 10 results and 0 failures
[2024-08-13 15:29:00,813][flwr][INFO] - fit progress: (6, 1.243790857968826, {'accuracy': 0.6067, 'precision': 0.6200871018847917, 'recall': 0.6067, 'f1': 0.5774000007186564, 'confusion_matrix': array([[427, 318,   1,   6,   1,  30, 125,  46,   0,  26],
       [  0, 960, 133,   4,   0,   2,   7,   2,   0,  27],
       [  0,  36, 661, 177,  11,   4,  23,  51,   0,  69],
       [  0,  29,   7, 738,  10,  42,  24,  23,   0, 137],
       [  0,   6,   2,   0, 344, 185,  14,  51,   0, 380],
       [  3, 100,   8,  42,   4, 488, 111,  35,   0, 101],
       [  1,  24,  15,   0,   4,   2, 712, 199,   0,   1],
       [  4,  26,  30,   5,   8,   5,   0, 814,   0, 136],
       [  1,  51,  16,  58,   5,  23,  36,  10,   0, 774],
       [  8,   5,   2,   3,  15,  16,   1,  36,   0, 923]], dtype=int64)}, 22.594525799999246)
[2024-08-13 15:29:00,814][flwr][INFO] - configure_evaluate: no clients selected, skipping evaluation
[2024-08-13 15:29:00,814][flwr][INFO] - 
[2024-08-13 15:29:00,814][flwr][INFO] - [ROUND 7]
[2024-08-13 15:29:00,814][flwr][INFO] - configure_fit: strategy sampled 10 clients (out of 100)
[2024-08-13 15:29:01,979][flwr][INFO] - aggregate_fit: received 10 results and 0 failures
[2024-08-13 15:29:04,066][flwr][INFO] - fit progress: (7, 1.2971176698375981, {'accuracy': 0.5498, 'precision': 0.6187060748369128, 'recall': 0.5498, 'f1': 0.5175265102610433, 'confusion_matrix': array([[782, 135,   1,   2,   4,   4,  31,  13,   8,   0],
       [  0, 432, 674,   3,   4,   2,   7,   1,  12,   0],
       [ 22,   9, 700, 165,  31,   3,  16,  27,  59,   0],
       [  8,  15,  18, 650, 166,  10,  20,  14, 109,   0],
       [ 29,   3,   5,   0, 748, 122,   8,  38,  29,   0],
       [ 43,  55,  24,  55,  33, 424, 132,  23, 103,   0],
       [ 21,  14,  37,   0,  16,   0, 608, 261,   1,   0],
       [ 64,   4,  51,   1,  27,   1,   1, 401, 478,   0],
       [ 21,  11,  36,  40,  64,  13,  36,   4, 749,   0],
       [386,   4,   3,   4, 261,  59,   0,  37, 251,   4]], dtype=int64)}, 25.84729239999433)
[2024-08-13 15:29:04,067][flwr][INFO] - configure_evaluate: no clients selected, skipping evaluation
[2024-08-13 15:29:04,067][flwr][INFO] - 
[2024-08-13 15:29:04,067][flwr][INFO] - [ROUND 8]
[2024-08-13 15:29:04,068][flwr][INFO] - configure_fit: strategy sampled 10 clients (out of 100)
[2024-08-13 15:29:05,213][flwr][INFO] - aggregate_fit: received 10 results and 0 failures
[2024-08-13 15:29:07,439][flwr][INFO] - fit progress: (8, 1.2477479491118633, {'accuracy': 0.5866, 'precision': 0.5855382391754027, 'recall': 0.5866, 'f1': 0.5578072056037229, 'confusion_matrix': array([[497, 347,   1,   4,   3,  13,  77,  28,   0,  10],
       [  0, 806, 290,   5,   1,   3,  14,   1,   0,  15],
       [  1,  23, 568, 303,  16,   4,  22,  43,  13,  39],
       [  3,  20,   6, 769,  33,  29,  25,  20,   2, 103],
       [  5,   3,   3,   1, 379, 366,  13,  51,   0, 161],
       [  5,  68,  12,  55,   9, 510, 132,  30,   6,  65],
       [  3,  18,  15,   0,   7,   0, 661, 253,   0,   1],
       [ 19,  17,  42,   8,  10,  10,   0, 802,  18, 102],
       [  4,  32,  26,  92,  14,  27,  41,  12,   8, 718],
       [ 31,   5,   3,   6,  21,  37,   1,  39,   0, 866]], dtype=int64)}, 29.219829800000298)
[2024-08-13 15:29:07,439][flwr][INFO] - configure_evaluate: no clients selected, skipping evaluation
[2024-08-13 15:29:07,439][flwr][INFO] - 
[2024-08-13 15:29:07,439][flwr][INFO] - [ROUND 9]
[2024-08-13 15:29:07,440][flwr][INFO] - configure_fit: strategy sampled 10 clients (out of 100)
[2024-08-13 15:29:08,594][flwr][INFO] - aggregate_fit: received 10 results and 0 failures
[2024-08-13 15:29:10,677][flwr][INFO] - fit progress: (9, 1.2902376880686826, {'accuracy': 0.5415, 'precision': 0.616527435013441, 'recall': 0.5415, 'f1': 0.5083142786181024, 'confusion_matrix': array([[672, 234,   1,   1,   7,   3,  34,   7,  21,   0],
       [  0, 682, 408,   3,   4,   2,   8,   1,  27,   0],
       [ 14,  18, 713, 112,  46,   2,  18,  18,  91,   0],
       [  7,  26,  14, 457, 331,   5,  25,   9, 135,   1],
       [ 27,   3,   2,   0, 809,  66,  13,  18,  43,   1],
       [ 39,  69,  13,  26,  78, 354, 155,  12, 145,   1],
       [ 14,  20,  25,   0,  22,   0, 735, 141,   1,   0],
       [ 71,  12,  34,   1,  26,   1,   1, 153, 729,   0],
       [ 12,  14,  23,  11,  83,   6,  31,   1, 793,   0],
       [373,   4,   3,   1, 246,  19,   0,  17, 299,  47]], dtype=int64)}, 32.45817139999417)
[2024-08-13 15:29:10,678][flwr][INFO] - configure_evaluate: no clients selected, skipping evaluation
[2024-08-13 15:29:10,678][flwr][INFO] - 
[2024-08-13 15:29:10,678][flwr][INFO] - [ROUND 10]
[2024-08-13 15:29:10,678][flwr][INFO] - configure_fit: strategy sampled 10 clients (out of 100)
[2024-08-13 15:29:12,000][flwr][INFO] - aggregate_fit: received 10 results and 0 failures
[2024-08-13 15:29:14,069][flwr][INFO] - fit progress: (10, 1.2878810285024536, {'accuracy': 0.5635, 'precision': 0.5615351583307551, 'recall': 0.5635, 'f1': 0.5322781411656435, 'confusion_matrix': array([[473, 398,   1,   4,   2,  11,  46,  33,   0,  12],
       [  0, 825, 268,   5,   1,   2,  10,   2,   0,  22],
       [  0,  30, 475, 399,  12,   5,  20,  43,   4,  44],
       [  3,  20,   4, 777,  38,  19,  17,  22,   0, 110],
       [  8,   4,   1,   3, 358, 330,  13,  51,   0, 214],
       [ 11,  73,   6,  70,   9, 440, 127,  37,   1, 118],
       [  8,  20,  13,   0,   4,   0, 587, 323,   0,   3],
       [ 24,  17,  37,  11,   9,   8,   0, 808,   7, 107],
       [  3,  33,  18,  95,   7,  20,  29,  14,   1, 754],
       [ 35,   5,   3,   6,  15,  19,   1,  34,   0, 891]], dtype=int64)}, 35.85076630000549)
[2024-08-13 15:29:14,070][flwr][INFO] - configure_evaluate: no clients selected, skipping evaluation
[2024-08-13 15:29:14,070][flwr][INFO] - 
[2024-08-13 15:29:14,070][flwr][INFO] - [SUMMARY]
[2024-08-13 15:29:14,070][flwr][INFO] - Run finished 10 round(s) in 35.85s
[2024-08-13 15:29:14,078][flwr][INFO] - 	History (loss, centralized):
[2024-08-13 15:29:14,078][flwr][INFO] - 		round 0: 2.3025850929940455
[2024-08-13 15:29:14,078][flwr][INFO] - 		round 1: 1.8273477364623938
[2024-08-13 15:29:14,078][flwr][INFO] - 		round 2: 1.5857618948175844
[2024-08-13 15:29:14,079][flwr][INFO] - 		round 3: 1.3232419632413945
[2024-08-13 15:29:14,079][flwr][INFO] - 		round 4: 1.3367949481850385
[2024-08-13 15:29:14,079][flwr][INFO] - 		round 5: 1.3325443135795334
[2024-08-13 15:29:14,079][flwr][INFO] - 		round 6: 1.243790857968826
[2024-08-13 15:29:14,079][flwr][INFO] - 		round 7: 1.2971176698375981
[2024-08-13 15:29:14,079][flwr][INFO] - 		round 8: 1.2477479491118633
[2024-08-13 15:29:14,079][flwr][INFO] - 		round 9: 1.2902376880686826
[2024-08-13 15:29:14,079][flwr][INFO] - 		round 10: 1.2878810285024536
[2024-08-13 15:29:14,079][flwr][INFO] - 	History (metrics, centralized):
[2024-08-13 15:29:14,079][flwr][INFO] - 	{'accuracy': [(0, 0.098),
[2024-08-13 15:29:14,079][flwr][INFO] - 	              (1, 0.3033),
[2024-08-13 15:29:14,079][flwr][INFO] - 	              (2, 0.3805),
[2024-08-13 15:29:14,079][flwr][INFO] - 	              (3, 0.5432),
[2024-08-13 15:29:14,079][flwr][INFO] - 	              (4, 0.5656),
[2024-08-13 15:29:14,079][flwr][INFO] - 	              (5, 0.5274),
[2024-08-13 15:29:14,079][flwr][INFO] - 	              (6, 0.6067),
[2024-08-13 15:29:14,080][flwr][INFO] - 	              (7, 0.5498),
[2024-08-13 15:29:14,080][flwr][INFO] - 	              (8, 0.5866),
[2024-08-13 15:29:14,080][flwr][INFO] - 	              (9, 0.5415),
[2024-08-13 15:29:14,080][flwr][INFO] - 	              (10, 0.5635)],
[2024-08-13 15:29:14,080][flwr][INFO] - 	 'confusion_matrix': [(0,
[2024-08-13 15:29:14,080][flwr][INFO] - 	                       array([[ 980,    0,    0,    0,    0,    0,    0,    0,    0,    0],
[2024-08-13 15:29:14,080][flwr][INFO] - 	       [1135,    0,    0,    0,    0,    0,    0,    0,    0,    0],
[2024-08-13 15:29:14,080][flwr][INFO] - 	       [1032,    0,    0,    0,    0,    0,    0,    0,    0,    0],
[2024-08-13 15:29:14,080][flwr][INFO] - 	       [1010,    0,    0,    0,    0,    0,    0,    0,    0,    0],
[2024-08-13 15:29:14,080][flwr][INFO] - 	       [ 982,    0,    0,    0,    0,    0,    0,    0,    0,    0],
[2024-08-13 15:29:14,080][flwr][INFO] - 	       [ 892,    0,    0,    0,    0,    0,    0,    0,    0,    0],
[2024-08-13 15:29:14,080][flwr][INFO] - 	       [ 958,    0,    0,    0,    0,    0,    0,    0,    0,    0],
[2024-08-13 15:29:14,080][flwr][INFO] - 	       [1028,    0,    0,    0,    0,    0,    0,    0,    0,    0],
[2024-08-13 15:29:14,080][flwr][INFO] - 	       [ 974,    0,    0,    0,    0,    0,    0,    0,    0,    0],
[2024-08-13 15:29:14,080][flwr][INFO] - 	       [1009,    0,    0,    0,    0,    0,    0,    0,    0,    0]],
[2024-08-13 15:29:14,080][flwr][INFO] - 	      dtype=int64)),
[2024-08-13 15:29:14,081][flwr][INFO] - 	                      (1,
[2024-08-13 15:29:14,081][flwr][INFO] - 	                       array([[ 874,   37,    1,   36,   13,    0,    7,    2,   10,    0],
[2024-08-13 15:29:14,081][flwr][INFO] - 	       [   0,    0, 1091,    7,   14,    0,    2,    0,   19,    2],
[2024-08-13 15:29:14,081][flwr][INFO] - 	       [  48,    1,  125,  765,   19,    1,    7,   10,   54,    2],
[2024-08-13 15:29:14,081][flwr][INFO] - 	       [   2,    1,    8,  512,  422,    0,    1,    3,   60,    1],
[2024-08-13 15:29:14,081][flwr][INFO] - 	       [ 113,    0,   10,    3,  593,   13,    2,   18,  213,   17],
[2024-08-13 15:29:14,081][flwr][INFO] - 	       [ 165,   36,   55,  119,  304,    0,   24,    5,  164,   20],
[2024-08-13 15:29:14,081][flwr][INFO] - 	       [ 109,    4,   46,   42,   49,    0,  434,  269,    4,    1],
[2024-08-13 15:29:14,081][flwr][INFO] - 	       [  53,    0,   41,    8,   34,    0,    0,    6,  884,    2],
[2024-08-13 15:29:14,081][flwr][INFO] - 	       [  27,    1,   46,  166,  200,    0,    1,    2,  371,  160],
[2024-08-13 15:29:14,081][flwr][INFO] - 	       [ 192,    0,    4,    6,  233,    0,    0,    4,  452,  118]],
[2024-08-13 15:29:14,081][flwr][INFO] - 	      dtype=int64)),
[2024-08-13 15:29:14,081][flwr][INFO] - 	                      (2,
[2024-08-13 15:29:14,081][flwr][INFO] - 	                       array([[179, 609,   2,   2,   1,   4, 139,  40,   0,   4],
[2024-08-13 15:29:14,081][flwr][INFO] - 	       [  0, 287, 814,   3,   0,   1,   2,   8,   0,  20],
[2024-08-13 15:29:14,081][flwr][INFO] - 	       [  2,  70, 454, 309,   6,  11,  24, 103,  10,  43],
[2024-08-13 15:29:14,081][flwr][INFO] - 	       [  1,  78,  18, 489, 187,   8,  60,  26,   5, 138],
[2024-08-13 15:29:14,082][flwr][INFO] - 	       [  3,   3,   9,   0,  94, 636,   7, 131,   1,  98],
[2024-08-13 15:29:14,082][flwr][INFO] - 	       [  6, 177,  22,  23,  26, 324, 198,  38,   6,  72],
[2024-08-13 15:29:14,082][flwr][INFO] - 	       [  1,  39,  19,   0,   1,   1, 511, 385,   0,   1],
[2024-08-13 15:29:14,082][flwr][INFO] - 	       [ 15,  10,  56,   0,   2,   8,   2, 808,  84,  43],
[2024-08-13 15:29:14,082][flwr][INFO] - 	       [  0,  74,  27,  33,  22,  24,  48,  19,   2, 725],
[2024-08-13 15:29:14,082][flwr][INFO] - 	       [ 31,   6,   3,   1,  19, 111,   2, 177,   2, 657]], dtype=int64)),
[2024-08-13 15:29:14,082][flwr][INFO] - 	                      (3,
[2024-08-13 15:29:14,082][flwr][INFO] - 	                       array([[933,   2,   0,  10,   3,   0,  20,   0,  12,   0],
[2024-08-13 15:29:14,082][flwr][INFO] - 	       [  0, 851, 210,   3,   4,   0,   4,   0,  63,   0],
[2024-08-13 15:29:14,082][flwr][INFO] - 	       [ 60,   2, 488, 321,  38,   0,  17,   6, 100,   0],
[2024-08-13 15:29:14,082][flwr][INFO] - 	       [ 18,   1,   7, 736, 111,   0,  14,   2, 121,   0],
[2024-08-13 15:29:14,082][flwr][INFO] - 	       [ 72,   3,   1,   0, 786,   0,  13,   2, 105,   0],
[2024-08-13 15:29:14,082][flwr][INFO] - 	       [231,  50,  19, 136, 107,  44,  85,   2, 218,   0],
[2024-08-13 15:29:14,082][flwr][INFO] - 	       [ 73,   4,  31,   2,  32,   0, 794,  18,   4,   0],
[2024-08-13 15:29:14,082][flwr][INFO] - 	       [ 74,  13,  17,   4,  30,   0,   0,  54, 836,   0],
[2024-08-13 15:29:14,082][flwr][INFO] - 	       [ 44,   3,  13,  92,  54,   0,  22,   1, 745,   0],
[2024-08-13 15:29:14,082][flwr][INFO] - 	       [227,   3,   1,   2, 319,   0,   0,   3, 453,   1]], dtype=int64)),
[2024-08-13 15:29:14,083][flwr][INFO] - 	                      (4,
[2024-08-13 15:29:14,083][flwr][INFO] - 	                       array([[425, 318,   2,  13,   2,  39, 110,  52,   0,  19],
[2024-08-13 15:29:14,083][flwr][INFO] - 	       [  0, 833, 269,   4,   0,   1,   3,   4,   0,  21],
[2024-08-13 15:29:14,083][flwr][INFO] - 	       [  0,  23, 636, 232,  10,   5,  20,  55,   0,  51],
[2024-08-13 15:29:14,083][flwr][INFO] - 	       [  0,  18,  13, 742,  41,  31,  14,  22,   0, 129],
[2024-08-13 15:29:14,083][flwr][INFO] - 	       [  1,   4,   5,   0, 216, 380,   8,  89,   0, 279],
[2024-08-13 15:29:14,083][flwr][INFO] - 	       [  2,  94,  21,  78,  13, 491,  74,  38,   0,  81],
[2024-08-13 15:29:14,083][flwr][INFO] - 	       [  1,  19,  35,   0,   5,   4, 606, 286,   0,   2],
[2024-08-13 15:29:14,083][flwr][INFO] - 	       [  5,  23,  47,   3,   4,  10,   0, 835,   2,  99],
[2024-08-13 15:29:14,083][flwr][INFO] - 	       [  1,  44,  34,  92,   8,  32,  21,  13,   0, 729],
[2024-08-13 15:29:14,083][flwr][INFO] - 	       [ 10,   5,   1,   5,  15,  37,   0,  64,   0, 872]], dtype=int64)),
[2024-08-13 15:29:14,083][flwr][INFO] - 	                      (5,
[2024-08-13 15:29:14,083][flwr][INFO] - 	                       array([[849,  76,   2,   6,   1,   0,  32,   8,   6,   0],
[2024-08-13 15:29:14,083][flwr][INFO] - 	       [  0, 592, 508,   3,   3,   2,   9,   1,  17,   0],
[2024-08-13 15:29:14,083][flwr][INFO] - 	       [ 43,   7, 583, 265,  23,   2,  16,  27,  66,   0],
[2024-08-13 15:29:14,083][flwr][INFO] - 	       [ 14,  10,  12, 636, 194,   2,  21,  13, 107,   1],
[2024-08-13 15:29:14,083][flwr][INFO] - 	       [ 63,   3,   5,   0, 628, 152,  12,  60,  58,   1],
[2024-08-13 15:29:14,084][flwr][INFO] - 	       [ 96,  64,  28,  53,  72, 262, 174,  19, 123,   1],
[2024-08-13 15:29:14,084][flwr][INFO] - 	       [ 28,  11,  32,   0,  10,   0, 635, 241,   1,   0],
[2024-08-13 15:29:14,084][flwr][INFO] - 	       [ 69,   7,  43,   2,  14,   1,   1, 288, 603,   0],
[2024-08-13 15:29:14,084][flwr][INFO] - 	       [ 39,  16,  30,  63,  62,   7,  36,   4, 717,   0],
[2024-08-13 15:29:14,084][flwr][INFO] - 	       [394,   3,   2,   2, 162,  22,   1,  30, 309,  84]], dtype=int64)),
[2024-08-13 15:29:14,084][flwr][INFO] - 	                      (6,
[2024-08-13 15:29:14,084][flwr][INFO] - 	                       array([[427, 318,   1,   6,   1,  30, 125,  46,   0,  26],
[2024-08-13 15:29:14,084][flwr][INFO] - 	       [  0, 960, 133,   4,   0,   2,   7,   2,   0,  27],
[2024-08-13 15:29:14,084][flwr][INFO] - 	       [  0,  36, 661, 177,  11,   4,  23,  51,   0,  69],
[2024-08-13 15:29:14,084][flwr][INFO] - 	       [  0,  29,   7, 738,  10,  42,  24,  23,   0, 137],
[2024-08-13 15:29:14,084][flwr][INFO] - 	       [  0,   6,   2,   0, 344, 185,  14,  51,   0, 380],
[2024-08-13 15:29:14,084][flwr][INFO] - 	       [  3, 100,   8,  42,   4, 488, 111,  35,   0, 101],
[2024-08-13 15:29:14,084][flwr][INFO] - 	       [  1,  24,  15,   0,   4,   2, 712, 199,   0,   1],
[2024-08-13 15:29:14,084][flwr][INFO] - 	       [  4,  26,  30,   5,   8,   5,   0, 814,   0, 136],
[2024-08-13 15:29:14,084][flwr][INFO] - 	       [  1,  51,  16,  58,   5,  23,  36,  10,   0, 774],
[2024-08-13 15:29:14,084][flwr][INFO] - 	       [  8,   5,   2,   3,  15,  16,   1,  36,   0, 923]], dtype=int64)),
[2024-08-13 15:29:14,084][flwr][INFO] - 	                      (7,
[2024-08-13 15:29:14,085][flwr][INFO] - 	                       array([[782, 135,   1,   2,   4,   4,  31,  13,   8,   0],
[2024-08-13 15:29:14,085][flwr][INFO] - 	       [  0, 432, 674,   3,   4,   2,   7,   1,  12,   0],
[2024-08-13 15:29:14,085][flwr][INFO] - 	       [ 22,   9, 700, 165,  31,   3,  16,  27,  59,   0],
[2024-08-13 15:29:14,085][flwr][INFO] - 	       [  8,  15,  18, 650, 166,  10,  20,  14, 109,   0],
[2024-08-13 15:29:14,085][flwr][INFO] - 	       [ 29,   3,   5,   0, 748, 122,   8,  38,  29,   0],
[2024-08-13 15:29:14,085][flwr][INFO] - 	       [ 43,  55,  24,  55,  33, 424, 132,  23, 103,   0],
[2024-08-13 15:29:14,085][flwr][INFO] - 	       [ 21,  14,  37,   0,  16,   0, 608, 261,   1,   0],
[2024-08-13 15:29:14,085][flwr][INFO] - 	       [ 64,   4,  51,   1,  27,   1,   1, 401, 478,   0],
[2024-08-13 15:29:14,085][flwr][INFO] - 	       [ 21,  11,  36,  40,  64,  13,  36,   4, 749,   0],
[2024-08-13 15:29:14,085][flwr][INFO] - 	       [386,   4,   3,   4, 261,  59,   0,  37, 251,   4]], dtype=int64)),
[2024-08-13 15:29:14,085][flwr][INFO] - 	                      (8,
[2024-08-13 15:29:14,085][flwr][INFO] - 	                       array([[497, 347,   1,   4,   3,  13,  77,  28,   0,  10],
[2024-08-13 15:29:14,085][flwr][INFO] - 	       [  0, 806, 290,   5,   1,   3,  14,   1,   0,  15],
[2024-08-13 15:29:14,085][flwr][INFO] - 	       [  1,  23, 568, 303,  16,   4,  22,  43,  13,  39],
[2024-08-13 15:29:14,085][flwr][INFO] - 	       [  3,  20,   6, 769,  33,  29,  25,  20,   2, 103],
[2024-08-13 15:29:14,085][flwr][INFO] - 	       [  5,   3,   3,   1, 379, 366,  13,  51,   0, 161],
[2024-08-13 15:29:14,085][flwr][INFO] - 	       [  5,  68,  12,  55,   9, 510, 132,  30,   6,  65],
[2024-08-13 15:29:14,086][flwr][INFO] - 	       [  3,  18,  15,   0,   7,   0, 661, 253,   0,   1],
[2024-08-13 15:29:14,086][flwr][INFO] - 	       [ 19,  17,  42,   8,  10,  10,   0, 802,  18, 102],
[2024-08-13 15:29:14,086][flwr][INFO] - 	       [  4,  32,  26,  92,  14,  27,  41,  12,   8, 718],
[2024-08-13 15:29:14,086][flwr][INFO] - 	       [ 31,   5,   3,   6,  21,  37,   1,  39,   0, 866]], dtype=int64)),
[2024-08-13 15:29:14,086][flwr][INFO] - 	                      (9,
[2024-08-13 15:29:14,086][flwr][INFO] - 	                       array([[672, 234,   1,   1,   7,   3,  34,   7,  21,   0],
[2024-08-13 15:29:14,086][flwr][INFO] - 	       [  0, 682, 408,   3,   4,   2,   8,   1,  27,   0],
[2024-08-13 15:29:14,086][flwr][INFO] - 	       [ 14,  18, 713, 112,  46,   2,  18,  18,  91,   0],
[2024-08-13 15:29:14,086][flwr][INFO] - 	       [  7,  26,  14, 457, 331,   5,  25,   9, 135,   1],
[2024-08-13 15:29:14,086][flwr][INFO] - 	       [ 27,   3,   2,   0, 809,  66,  13,  18,  43,   1],
[2024-08-13 15:29:14,086][flwr][INFO] - 	       [ 39,  69,  13,  26,  78, 354, 155,  12, 145,   1],
[2024-08-13 15:29:14,086][flwr][INFO] - 	       [ 14,  20,  25,   0,  22,   0, 735, 141,   1,   0],
[2024-08-13 15:29:14,086][flwr][INFO] - 	       [ 71,  12,  34,   1,  26,   1,   1, 153, 729,   0],
[2024-08-13 15:29:14,086][flwr][INFO] - 	       [ 12,  14,  23,  11,  83,   6,  31,   1, 793,   0],
[2024-08-13 15:29:14,086][flwr][INFO] - 	       [373,   4,   3,   1, 246,  19,   0,  17, 299,  47]], dtype=int64)),
[2024-08-13 15:29:14,086][flwr][INFO] - 	                      (10,
[2024-08-13 15:29:14,087][flwr][INFO] - 	                       array([[473, 398,   1,   4,   2,  11,  46,  33,   0,  12],
[2024-08-13 15:29:14,087][flwr][INFO] - 	       [  0, 825, 268,   5,   1,   2,  10,   2,   0,  22],
[2024-08-13 15:29:14,087][flwr][INFO] - 	       [  0,  30, 475, 399,  12,   5,  20,  43,   4,  44],
[2024-08-13 15:29:14,087][flwr][INFO] - 	       [  3,  20,   4, 777,  38,  19,  17,  22,   0, 110],
[2024-08-13 15:29:14,087][flwr][INFO] - 	       [  8,   4,   1,   3, 358, 330,  13,  51,   0, 214],
[2024-08-13 15:29:14,087][flwr][INFO] - 	       [ 11,  73,   6,  70,   9, 440, 127,  37,   1, 118],
[2024-08-13 15:29:14,087][flwr][INFO] - 	       [  8,  20,  13,   0,   4,   0, 587, 323,   0,   3],
[2024-08-13 15:29:14,087][flwr][INFO] - 	       [ 24,  17,  37,  11,   9,   8,   0, 808,   7, 107],
[2024-08-13 15:29:14,087][flwr][INFO] - 	       [  3,  33,  18,  95,   7,  20,  29,  14,   1, 754],
[2024-08-13 15:29:14,087][flwr][INFO] - 	       [ 35,   5,   3,   6,  15,  19,   1,  34,   0, 891]], dtype=int64))],
[2024-08-13 15:29:14,087][flwr][INFO] - 	 'f1': [(0, 0.017493624772313296),
[2024-08-13 15:29:14,087][flwr][INFO] - 	        (1, 0.25593577911880416),
[2024-08-13 15:29:14,087][flwr][INFO] - 	        (2, 0.3462079718457726),
[2024-08-13 15:29:14,087][flwr][INFO] - 	        (3, 0.4805025383913833),
[2024-08-13 15:29:14,087][flwr][INFO] - 	        (4, 0.5298986379832505),
[2024-08-13 15:29:14,087][flwr][INFO] - 	        (5, 0.5034316560333282),
[2024-08-13 15:29:14,087][flwr][INFO] - 	        (6, 0.5774000007186564),
[2024-08-13 15:29:14,088][flwr][INFO] - 	        (7, 0.5175265102610433),
[2024-08-13 15:29:14,088][flwr][INFO] - 	        (8, 0.5578072056037229),
[2024-08-13 15:29:14,088][flwr][INFO] - 	        (9, 0.5083142786181024),
[2024-08-13 15:29:14,088][flwr][INFO] - 	        (10, 0.5322781411656435)],
[2024-08-13 15:29:14,088][flwr][INFO] - 	 'precision': [(0, 0.009604000000000001),
[2024-08-13 15:29:14,088][flwr][INFO] - 	               (1, 0.2671559627144262),
[2024-08-13 15:29:14,088][flwr][INFO] - 	               (2, 0.37527102557672176),
[2024-08-13 15:29:14,088][flwr][INFO] - 	               (3, 0.6883396177680932),
[2024-08-13 15:29:14,088][flwr][INFO] - 	               (4, 0.5632341383800765),
[2024-08-13 15:29:14,088][flwr][INFO] - 	               (5, 0.5926901224117044),
[2024-08-13 15:29:14,088][flwr][INFO] - 	               (6, 0.6200871018847917),
[2024-08-13 15:29:14,088][flwr][INFO] - 	               (7, 0.6187060748369128),
[2024-08-13 15:29:14,088][flwr][INFO] - 	               (8, 0.5855382391754027),
[2024-08-13 15:29:14,088][flwr][INFO] - 	               (9, 0.616527435013441),
[2024-08-13 15:29:14,088][flwr][INFO] - 	               (10, 0.5615351583307551)],
[2024-08-13 15:29:14,088][flwr][INFO] - 	 'recall': [(0, 0.098),
[2024-08-13 15:29:14,088][flwr][INFO] - 	            (1, 0.3033),
[2024-08-13 15:29:14,089][flwr][INFO] - 	            (2, 0.3805),
[2024-08-13 15:29:14,089][flwr][INFO] - 	            (3, 0.5432),
[2024-08-13 15:29:14,089][flwr][INFO] - 	            (4, 0.5656),
[2024-08-13 15:29:14,089][flwr][INFO] - 	            (5, 0.5274),
[2024-08-13 15:29:14,089][flwr][INFO] - 	            (6, 0.6067),
[2024-08-13 15:29:14,089][flwr][INFO] - 	            (7, 0.5498),
[2024-08-13 15:29:14,089][flwr][INFO] - 	            (8, 0.5866),
[2024-08-13 15:29:14,089][flwr][INFO] - 	            (9, 0.5415),
[2024-08-13 15:29:14,089][flwr][INFO] - 	            (10, 0.5635)]}
[2024-08-13 15:29:14,089][flwr][INFO] - 
