[2024-08-13 15:26:16,807][flwr][INFO] - Starting Flower simulation, config: num_rounds=10, no round_timeout
[2024-08-13 15:26:20,952][flwr][INFO] - Flower VCE: Ray initialized with resources: {'node:127.0.0.1': 1.0, 'object_store_memory': 2492200550.0, 'memory': 4984401102.0, 'accelerator_type:G': 1.0, 'GPU': 1.0, 'node:__internal_head__': 1.0, 'CPU': 16.0}
[2024-08-13 15:26:20,952][flwr][INFO] - Optimize your simulation with Flower VCE: https://flower.ai/docs/framework/how-to-run-simulations.html
[2024-08-13 15:26:20,952][flwr][INFO] - Flower VCE: Resources for each Virtual Client: {'num_cpus': 2, 'num_gpus': 0.5}
[2024-08-13 15:26:20,964][flwr][INFO] - Flower VCE: Creating VirtualClientEngineActorPool with 2 actors
[2024-08-13 15:26:20,966][flwr][INFO] - [INIT]
[2024-08-13 15:26:20,966][flwr][INFO] - Requesting initial parameters from one random client
[2024-08-13 15:26:28,320][flwr][INFO] - Received initial parameters from one random client
[2024-08-13 15:26:28,320][flwr][INFO] - Evaluating initial global parameters
[2024-08-13 15:26:30,514][flwr][INFO] - initial parameters (loss, other metrics): 2.3025850929940455, {'accuracy': 0.098, 'precision': 0.009604000000000001, 'recall': 0.098, 'f1': 0.017493624772313296, 'confusion_matrix': array([[ 980,    0,    0,    0,    0,    0,    0,    0,    0,    0],
       [1135,    0,    0,    0,    0,    0,    0,    0,    0,    0],
       [1032,    0,    0,    0,    0,    0,    0,    0,    0,    0],
       [1010,    0,    0,    0,    0,    0,    0,    0,    0,    0],
       [ 982,    0,    0,    0,    0,    0,    0,    0,    0,    0],
       [ 892,    0,    0,    0,    0,    0,    0,    0,    0,    0],
       [ 958,    0,    0,    0,    0,    0,    0,    0,    0,    0],
       [1028,    0,    0,    0,    0,    0,    0,    0,    0,    0],
       [ 974,    0,    0,    0,    0,    0,    0,    0,    0,    0],
       [1009,    0,    0,    0,    0,    0,    0,    0,    0,    0]],
      dtype=int64)}
[2024-08-13 15:26:30,515][flwr][INFO] - 
[2024-08-13 15:26:30,515][flwr][INFO] - [ROUND 1]
[2024-08-13 15:26:30,516][flwr][INFO] - configure_fit: strategy sampled 10 clients (out of 100)
[2024-08-13 15:26:34,046][flwr][INFO] - aggregate_fit: received 10 results and 0 failures
[2024-08-13 15:26:34,049][flwr][WARNING] - No fit_metrics_aggregation_fn provided
[2024-08-13 15:26:36,131][flwr][INFO] - fit progress: (1, 1.3190351874816726, {'accuracy': 0.539, 'precision': 0.6888686341900448, 'recall': 0.539, 'f1': 0.5123646738486384, 'confusion_matrix': array([[954,   0,   2,  15,   0,   0,   4,   0,   5,   0],
       [  0, 485, 613,  22,   0,   0,   2,   0,  12,   1],
       [ 76,   1, 482, 417,   3,   0,  14,   5,  28,   6],
       [  8,   0,   9, 945,   0,   0,   2,   0,  39,   7],
       [150,   2,  19,   4, 298,   0,  21,   4, 105, 379],
       [312,  35,  54, 329,   3,  16,  13,   1, 109,  20],
       [150,   3,  63,  30,   3,   0, 705,   3,   1,   0],
       [108,   6,  59,  16,   0,   0,   1, 357, 420,  61],
       [ 59,   2,  41, 354,   1,   0,   2,   1, 502,  12],
       [167,   2,   3,  19,  18,   0,   1,   7, 146, 646]], dtype=int64)}, 5.615026600004057)
[2024-08-13 15:26:36,131][flwr][INFO] - configure_evaluate: no clients selected, skipping evaluation
[2024-08-13 15:26:36,131][flwr][INFO] - 
[2024-08-13 15:26:36,131][flwr][INFO] - [ROUND 2]
[2024-08-13 15:26:36,133][flwr][INFO] - configure_fit: strategy sampled 10 clients (out of 100)
[2024-08-13 15:26:37,345][flwr][INFO] - aggregate_fit: received 10 results and 0 failures
[2024-08-13 15:26:39,415][flwr][INFO] - fit progress: (2, 1.1602261756414154, {'accuracy': 0.697, 'precision': 0.7252373645660641, 'recall': 0.697, 'f1': 0.688024983226094, 'confusion_matrix': array([[727,  16,   2,   6,   5,  31, 175,  14,   1,   3],
       [  0, 980, 129,   1,   1,   5,   4,   4,   0,  11],
       [  6,  24, 795,  25,  41,   0,  46,  51,  33,  11],
       [  0,  52,  36, 519, 195,  43,  37,  23,  26,  79],
       [  2,   4,   5,   0, 745,   7,  32,  70,   4, 113],
       [  6, 103,  13,  33,  79, 493,  95,  25,   9,  36],
       [  1,  22,  22,   0,  20,   4, 857,  32,   0,   0],
       [  4,  35,  41,   0,  15,   0,   1, 869,  24,  39],
       [  1,  75,  39,  12, 144,  38,  48,  16, 274, 327],
       [ 10,  11,   2,   1, 136,  14,   3, 115,   6, 711]], dtype=int64)}, 8.899248600006104)
[2024-08-13 15:26:39,416][flwr][INFO] - configure_evaluate: no clients selected, skipping evaluation
[2024-08-13 15:26:39,416][flwr][INFO] - 
[2024-08-13 15:26:39,416][flwr][INFO] - [ROUND 3]
[2024-08-13 15:26:39,417][flwr][INFO] - configure_fit: strategy sampled 10 clients (out of 100)
[2024-08-13 15:26:40,636][flwr][INFO] - aggregate_fit: received 10 results and 0 failures
[2024-08-13 15:26:42,726][flwr][INFO] - fit progress: (3, 1.1074157976513226, {'accuracy': 0.7185, 'precision': 0.7494191910507882, 'recall': 0.7185, 'f1': 0.7167073735782541, 'confusion_matrix': array([[940,   4,   2,  13,   0,   3,   7,   2,   9,   0],
       [  0, 923, 172,   8,   0,   3,   2,   1,  26,   0],
       [ 39,  10, 612, 260,  12,   0,  15,  16,  62,   6],
       [  5,   3,   8, 872,   5,  12,   3,   9,  83,  10],
       [ 46,   4,   5,   0, 591,  49,  12,  34,  65, 176],
       [ 76,  76,  17, 198,  10, 368,  15,  13, 105,  14],
       [ 63,  20,  43,   8,   8,   9, 770,  32,   4,   1],
       [ 42,  25,  28,   5,  11,   0,   0, 636, 244,  37],
       [ 27,  23,  16, 141,   7,   6,   8,   2, 730,  14],
       [ 82,   4,   3,   8,  28,  10,   1,  24, 106, 743]], dtype=int64)}, 12.210970700005419)
[2024-08-13 15:26:42,727][flwr][INFO] - configure_evaluate: no clients selected, skipping evaluation
[2024-08-13 15:26:42,727][flwr][INFO] - 
[2024-08-13 15:26:42,727][flwr][INFO] - [ROUND 4]
[2024-08-13 15:26:42,728][flwr][INFO] - configure_fit: strategy sampled 10 clients (out of 100)
[2024-08-13 15:26:43,913][flwr][INFO] - aggregate_fit: received 10 results and 0 failures
[2024-08-13 15:26:45,998][flwr][INFO] - fit progress: (4, 1.0994668589765086, {'accuracy': 0.7154, 'precision': 0.7477606565727507, 'recall': 0.7154, 'f1': 0.6991843768398674, 'confusion_matrix': array([[ 725,   97,    2,    4,    6,   19,  106,   19,    0,    2],
       [   0, 1001,  110,    1,    2,    5,    9,    4,    0,    3],
       [   4,   35,  830,   31,   37,    0,   24,   49,   16,    6],
       [   0,   57,   33,  583,  168,   38,   30,   25,    8,   68],
       [   3,    5,    2,    0,  843,    2,   25,   56,    1,   45],
       [   7,  118,   10,   19,   59,  538,   81,   30,    5,   25],
       [   3,   25,   22,    0,   21,    3,  835,   49,    0,    0],
       [   4,   35,   43,    0,   23,    0,    1,  890,    7,   25],
       [   2,  101,   42,   25,  143,   41,   51,   17,  178,  374],
       [  14,   13,    4,    1,  129,   13,    1,  103,    0,  731]],
      dtype=int64)}, 15.482718700004625)
[2024-08-13 15:26:45,999][flwr][INFO] - configure_evaluate: no clients selected, skipping evaluation
[2024-08-13 15:26:45,999][flwr][INFO] - 
[2024-08-13 15:26:45,999][flwr][INFO] - [ROUND 5]
[2024-08-13 15:26:46,000][flwr][INFO] - configure_fit: strategy sampled 10 clients (out of 100)
[2024-08-13 15:26:47,169][flwr][INFO] - aggregate_fit: received 10 results and 0 failures
[2024-08-13 15:26:49,251][flwr][INFO] - fit progress: (5, 1.0621164795465876, {'accuracy': 0.7403, 'precision': 0.7730586208143324, 'recall': 0.7403, 'f1': 0.7429225168106562, 'confusion_matrix': array([[913,   8,   1,   9,   0,   7,  18,   3,  21,   0],
       [  0, 918, 149,  10,   1,   3,   4,   0,  50,   0],
       [ 18,   5, 620, 235,  11,   1,  21,  17,  97,   7],
       [  1,   4,   7, 837,   5,  24,   9,  10, 108,   5],
       [ 31,   4,   3,   1, 651,  62,  24,  27,  75, 104],
       [ 32,  50,   7, 117,   6, 475,  36,  11, 149,   9],
       [ 25,  11,  24,   3,   5,   4, 844,  40,   2,   0],
       [ 35,  16,  26,   5,  10,   1,   0, 618, 291,  26],
       [ 15,   8,  10,  79,   7,  12,  15,   2, 820,   6],
       [ 73,   3,   2,   6,  30,  18,   2,  29, 139, 707]], dtype=int64)}, 18.734342500014463)
[2024-08-13 15:26:49,251][flwr][INFO] - configure_evaluate: no clients selected, skipping evaluation
[2024-08-13 15:26:49,252][flwr][INFO] - 
[2024-08-13 15:26:49,252][flwr][INFO] - [ROUND 6]
[2024-08-13 15:26:49,252][flwr][INFO] - configure_fit: strategy sampled 10 clients (out of 100)
[2024-08-13 15:26:50,572][flwr][INFO] - aggregate_fit: received 10 results and 0 failures
[2024-08-13 15:26:52,636][flwr][INFO] - fit progress: (6, 1.0734962701651245, {'accuracy': 0.7206, 'precision': 0.7366246753828988, 'recall': 0.7206, 'f1': 0.6908844616381783, 'confusion_matrix': array([[750, 108,   3,   4,   3,  22,  61,  25,   0,   4],
       [  0, 987, 122,   3,   1,   4,   5,   4,   0,   9],
       [  4,  32, 814,  66,  22,   1,  21,  51,   5,  16],
       [  1,  25,  17, 780,  31,  36,  12,  27,   0,  81],
       [  2,   5,   2,   0, 783,   7,  18,  49,   0, 116],
       [ 11,  84,  10,  67,  29, 568,  49,  32,   1,  41],
       [  6,  18,  25,   0,  19,   5, 801,  83,   0,   1],
       [  6,  30,  41,   2,  16,   0,   0, 878,   1,  54],
       [  7,  75,  41,  96,  49,  47,  36,  19,  13, 591],
       [ 19,   8,   3,   4,  61,  13,   1,  68,   0, 832]], dtype=int64)}, 22.120414900011383)
[2024-08-13 15:26:52,637][flwr][INFO] - configure_evaluate: no clients selected, skipping evaluation
[2024-08-13 15:26:52,637][flwr][INFO] - 
[2024-08-13 15:26:52,637][flwr][INFO] - [ROUND 7]
[2024-08-13 15:26:52,637][flwr][INFO] - configure_fit: strategy sampled 10 clients (out of 100)
[2024-08-13 15:26:53,805][flwr][INFO] - aggregate_fit: received 10 results and 0 failures
[2024-08-13 15:26:55,871][flwr][INFO] - fit progress: (7, 1.0089391208817573, {'accuracy': 0.7871, 'precision': 0.7937441339444246, 'recall': 0.7871, 'f1': 0.786928796716191, 'confusion_matrix': array([[886,  33,   1,   7,   1,  12,  26,   7,   7,   0],
       [  0, 971, 116,   8,   2,   5,   6,   1,  26,   0],
       [ 14,  14, 739, 120,  23,   2,  22,  33,  62,   3],
       [  5,  12,   8, 805,  16,  38,  11,  15,  93,   7],
       [ 17,   5,   2,   0, 790,  56,  21,  33,  25,  33],
       [ 23,  56,   6,  67,  17, 561,  47,  19,  88,   8],
       [ 14,  14,  19,   0,  12,   6, 842,  50,   1,   0],
       [ 26,  26,  32,   4,  18,   2,   1, 785, 119,  15],
       [ 17,  23,  14,  50,  22,  26,  22,   4, 782,  14],
       [ 78,   5,   3,   3,  65,  21,   1,  59,  64, 710]], dtype=int64)}, 25.35542580000765)
[2024-08-13 15:26:55,872][flwr][INFO] - configure_evaluate: no clients selected, skipping evaluation
[2024-08-13 15:26:55,872][flwr][INFO] - 
[2024-08-13 15:26:55,872][flwr][INFO] - [ROUND 8]
[2024-08-13 15:26:55,872][flwr][INFO] - configure_fit: strategy sampled 10 clients (out of 100)
[2024-08-13 15:26:57,068][flwr][INFO] - aggregate_fit: received 10 results and 0 failures
[2024-08-13 15:26:59,277][flwr][INFO] - fit progress: (8, 1.013712999523513, {'accuracy': 0.7238, 'precision': 0.7658958265629262, 'recall': 0.7238, 'f1': 0.7044783410011469, 'confusion_matrix': array([[778,  94,   3,   7,   5,   8,  64,  12,   0,   9],
       [  0, 972, 132,   5,   2,   3,   8,   1,   0,  12],
       [  3,  22, 824,  73,  23,   0,  23,  30,  12,  22],
       [  3,  16,  13, 793,  51,  10,  19,  15,   3,  87],
       [  2,   4,   2,   0, 775,   2,  18,  13,   0, 166],
       [ 14,  77,  14,  80,  56, 440,  90,  25,   5,  91],
       [  7,  14,  23,   0,  20,   1, 855,  36,   0,   2],
       [ 10,  23,  44,   3,  22,   0,   1, 800,   6, 119],
       [  9,  51,  40,  77,  65,  12,  42,   5, 101, 572],
       [ 23,   6,   3,   4,  49,   3,   1,  20,   0, 900]], dtype=int64)}, 28.760457500000484)
[2024-08-13 15:26:59,277][flwr][INFO] - configure_evaluate: no clients selected, skipping evaluation
[2024-08-13 15:26:59,278][flwr][INFO] - 
[2024-08-13 15:26:59,278][flwr][INFO] - [ROUND 9]
[2024-08-13 15:26:59,278][flwr][INFO] - configure_fit: strategy sampled 10 clients (out of 100)
[2024-08-13 15:27:00,498][flwr][INFO] - aggregate_fit: received 10 results and 0 failures
[2024-08-13 15:27:02,586][flwr][INFO] - fit progress: (9, 1.0026534062481165, {'accuracy': 0.7494, 'precision': 0.7783854365025084, 'recall': 0.7494, 'f1': 0.7404974398019856, 'confusion_matrix': array([[868,  41,   1,   7,   1,  18,  18,  11,  15,   0],
       [  0, 968, 104,   9,   2,   5,   5,   1,  41,   0],
       [ 14,  12, 727, 127,  24,   4,  18,  35,  71,   0],
       [  2,  11,   8, 804,  15,  40,   7,  16, 106,   1],
       [ 15,   4,   2,   0, 800,  75,  18,  32,  34,   2],
       [ 19,  41,   3,  58,   9, 609,  41,  21,  91,   0],
       [ 19,  14,  18,   0,  16,  10, 798,  82,   1,   0],
       [ 25,  23,  33,   5,  18,   4,   0, 798, 122,   0],
       [ 13,  12,  13,  40,  15,  31,  19,   3, 828,   0],
       [145,   5,   3,   3, 150,  83,   1, 114, 211, 294]], dtype=int64)}, 32.06973960000323)
[2024-08-13 15:27:02,587][flwr][INFO] - configure_evaluate: no clients selected, skipping evaluation
[2024-08-13 15:27:02,587][flwr][INFO] - 
[2024-08-13 15:27:02,587][flwr][INFO] - [ROUND 10]
[2024-08-13 15:27:02,587][flwr][INFO] - configure_fit: strategy sampled 10 clients (out of 100)
[2024-08-13 15:27:03,858][flwr][INFO] - aggregate_fit: received 10 results and 0 failures
[2024-08-13 15:27:05,940][flwr][INFO] - fit progress: (10, 0.9930514360449466, {'accuracy': 0.7331, 'precision': 0.7678017122108718, 'recall': 0.7331, 'f1': 0.7205969557854701, 'confusion_matrix': array([[805,  94,   1,   9,   1,  12,  38,  15,   2,   3],
       [  0, 989, 111,  13,   2,   3,   8,   2,   0,   7],
       [  6,  21, 727, 164,  14,   0,  22,  38,  14,  26],
       [  3,  11,   8, 852,  15,  20,  10,  17,   7,  67],
       [  7,   6,   2,   1, 710,  10,  17,  24,   2, 203],
       [ 18,  59,   7,  95,  19, 524,  70,  28,   7,  65],
       [ 12,  15,  19,   0,  11,   5, 811,  84,   0,   1],
       [ 11,  29,  37,   9,  17,   1,   1, 824,   7,  92],
       [ 15,  49,  21, 129,  23,  27,  36,  11, 185, 478],
       [ 27,   6,   3,   8,  23,   7,   1,  29,   1, 904]], dtype=int64)}, 35.42453680001199)
[2024-08-13 15:27:05,941][flwr][INFO] - configure_evaluate: no clients selected, skipping evaluation
[2024-08-13 15:27:05,941][flwr][INFO] - 
[2024-08-13 15:27:05,941][flwr][INFO] - [SUMMARY]
[2024-08-13 15:27:05,941][flwr][INFO] - Run finished 10 round(s) in 35.43s
[2024-08-13 15:27:05,949][flwr][INFO] - 	History (loss, centralized):
[2024-08-13 15:27:05,949][flwr][INFO] - 		round 0: 2.3025850929940455
[2024-08-13 15:27:05,949][flwr][INFO] - 		round 1: 1.3190351874816726
[2024-08-13 15:27:05,949][flwr][INFO] - 		round 2: 1.1602261756414154
[2024-08-13 15:27:05,949][flwr][INFO] - 		round 3: 1.1074157976513226
[2024-08-13 15:27:05,949][flwr][INFO] - 		round 4: 1.0994668589765086
[2024-08-13 15:27:05,949][flwr][INFO] - 		round 5: 1.0621164795465876
[2024-08-13 15:27:05,949][flwr][INFO] - 		round 6: 1.0734962701651245
[2024-08-13 15:27:05,949][flwr][INFO] - 		round 7: 1.0089391208817573
[2024-08-13 15:27:05,950][flwr][INFO] - 		round 8: 1.013712999523513
[2024-08-13 15:27:05,950][flwr][INFO] - 		round 9: 1.0026534062481165
[2024-08-13 15:27:05,950][flwr][INFO] - 		round 10: 0.9930514360449466
[2024-08-13 15:27:05,950][flwr][INFO] - 	History (metrics, centralized):
[2024-08-13 15:27:05,950][flwr][INFO] - 	{'accuracy': [(0, 0.098),
[2024-08-13 15:27:05,950][flwr][INFO] - 	              (1, 0.539),
[2024-08-13 15:27:05,950][flwr][INFO] - 	              (2, 0.697),
[2024-08-13 15:27:05,950][flwr][INFO] - 	              (3, 0.7185),
[2024-08-13 15:27:05,950][flwr][INFO] - 	              (4, 0.7154),
[2024-08-13 15:27:05,950][flwr][INFO] - 	              (5, 0.7403),
[2024-08-13 15:27:05,950][flwr][INFO] - 	              (6, 0.7206),
[2024-08-13 15:27:05,950][flwr][INFO] - 	              (7, 0.7871),
[2024-08-13 15:27:05,950][flwr][INFO] - 	              (8, 0.7238),
[2024-08-13 15:27:05,950][flwr][INFO] - 	              (9, 0.7494),
[2024-08-13 15:27:05,950][flwr][INFO] - 	              (10, 0.7331)],
[2024-08-13 15:27:05,950][flwr][INFO] - 	 'confusion_matrix': [(0,
[2024-08-13 15:27:05,951][flwr][INFO] - 	                       array([[ 980,    0,    0,    0,    0,    0,    0,    0,    0,    0],
[2024-08-13 15:27:05,951][flwr][INFO] - 	       [1135,    0,    0,    0,    0,    0,    0,    0,    0,    0],
[2024-08-13 15:27:05,951][flwr][INFO] - 	       [1032,    0,    0,    0,    0,    0,    0,    0,    0,    0],
[2024-08-13 15:27:05,951][flwr][INFO] - 	       [1010,    0,    0,    0,    0,    0,    0,    0,    0,    0],
[2024-08-13 15:27:05,951][flwr][INFO] - 	       [ 982,    0,    0,    0,    0,    0,    0,    0,    0,    0],
[2024-08-13 15:27:05,951][flwr][INFO] - 	       [ 892,    0,    0,    0,    0,    0,    0,    0,    0,    0],
[2024-08-13 15:27:05,951][flwr][INFO] - 	       [ 958,    0,    0,    0,    0,    0,    0,    0,    0,    0],
[2024-08-13 15:27:05,951][flwr][INFO] - 	       [1028,    0,    0,    0,    0,    0,    0,    0,    0,    0],
[2024-08-13 15:27:05,951][flwr][INFO] - 	       [ 974,    0,    0,    0,    0,    0,    0,    0,    0,    0],
[2024-08-13 15:27:05,951][flwr][INFO] - 	       [1009,    0,    0,    0,    0,    0,    0,    0,    0,    0]],
[2024-08-13 15:27:05,951][flwr][INFO] - 	      dtype=int64)),
[2024-08-13 15:27:05,951][flwr][INFO] - 	                      (1,
[2024-08-13 15:27:05,951][flwr][INFO] - 	                       array([[954,   0,   2,  15,   0,   0,   4,   0,   5,   0],
[2024-08-13 15:27:05,952][flwr][INFO] - 	       [  0, 485, 613,  22,   0,   0,   2,   0,  12,   1],
[2024-08-13 15:27:05,952][flwr][INFO] - 	       [ 76,   1, 482, 417,   3,   0,  14,   5,  28,   6],
[2024-08-13 15:27:05,952][flwr][INFO] - 	       [  8,   0,   9, 945,   0,   0,   2,   0,  39,   7],
[2024-08-13 15:27:05,952][flwr][INFO] - 	       [150,   2,  19,   4, 298,   0,  21,   4, 105, 379],
[2024-08-13 15:27:05,952][flwr][INFO] - 	       [312,  35,  54, 329,   3,  16,  13,   1, 109,  20],
[2024-08-13 15:27:05,952][flwr][INFO] - 	       [150,   3,  63,  30,   3,   0, 705,   3,   1,   0],
[2024-08-13 15:27:05,952][flwr][INFO] - 	       [108,   6,  59,  16,   0,   0,   1, 357, 420,  61],
[2024-08-13 15:27:05,952][flwr][INFO] - 	       [ 59,   2,  41, 354,   1,   0,   2,   1, 502,  12],
[2024-08-13 15:27:05,952][flwr][INFO] - 	       [167,   2,   3,  19,  18,   0,   1,   7, 146, 646]], dtype=int64)),
[2024-08-13 15:27:05,952][flwr][INFO] - 	                      (2,
[2024-08-13 15:27:05,952][flwr][INFO] - 	                       array([[727,  16,   2,   6,   5,  31, 175,  14,   1,   3],
[2024-08-13 15:27:05,952][flwr][INFO] - 	       [  0, 980, 129,   1,   1,   5,   4,   4,   0,  11],
[2024-08-13 15:27:05,952][flwr][INFO] - 	       [  6,  24, 795,  25,  41,   0,  46,  51,  33,  11],
[2024-08-13 15:27:05,952][flwr][INFO] - 	       [  0,  52,  36, 519, 195,  43,  37,  23,  26,  79],
[2024-08-13 15:27:05,952][flwr][INFO] - 	       [  2,   4,   5,   0, 745,   7,  32,  70,   4, 113],
[2024-08-13 15:27:05,952][flwr][INFO] - 	       [  6, 103,  13,  33,  79, 493,  95,  25,   9,  36],
[2024-08-13 15:27:05,952][flwr][INFO] - 	       [  1,  22,  22,   0,  20,   4, 857,  32,   0,   0],
[2024-08-13 15:27:05,953][flwr][INFO] - 	       [  4,  35,  41,   0,  15,   0,   1, 869,  24,  39],
[2024-08-13 15:27:05,953][flwr][INFO] - 	       [  1,  75,  39,  12, 144,  38,  48,  16, 274, 327],
[2024-08-13 15:27:05,953][flwr][INFO] - 	       [ 10,  11,   2,   1, 136,  14,   3, 115,   6, 711]], dtype=int64)),
[2024-08-13 15:27:05,953][flwr][INFO] - 	                      (3,
[2024-08-13 15:27:05,953][flwr][INFO] - 	                       array([[940,   4,   2,  13,   0,   3,   7,   2,   9,   0],
[2024-08-13 15:27:05,953][flwr][INFO] - 	       [  0, 923, 172,   8,   0,   3,   2,   1,  26,   0],
[2024-08-13 15:27:05,953][flwr][INFO] - 	       [ 39,  10, 612, 260,  12,   0,  15,  16,  62,   6],
[2024-08-13 15:27:05,953][flwr][INFO] - 	       [  5,   3,   8, 872,   5,  12,   3,   9,  83,  10],
[2024-08-13 15:27:05,953][flwr][INFO] - 	       [ 46,   4,   5,   0, 591,  49,  12,  34,  65, 176],
[2024-08-13 15:27:05,953][flwr][INFO] - 	       [ 76,  76,  17, 198,  10, 368,  15,  13, 105,  14],
[2024-08-13 15:27:05,953][flwr][INFO] - 	       [ 63,  20,  43,   8,   8,   9, 770,  32,   4,   1],
[2024-08-13 15:27:05,953][flwr][INFO] - 	       [ 42,  25,  28,   5,  11,   0,   0, 636, 244,  37],
[2024-08-13 15:27:05,953][flwr][INFO] - 	       [ 27,  23,  16, 141,   7,   6,   8,   2, 730,  14],
[2024-08-13 15:27:05,953][flwr][INFO] - 	       [ 82,   4,   3,   8,  28,  10,   1,  24, 106, 743]], dtype=int64)),
[2024-08-13 15:27:05,953][flwr][INFO] - 	                      (4,
[2024-08-13 15:27:05,953][flwr][INFO] - 	                       array([[ 725,   97,    2,    4,    6,   19,  106,   19,    0,    2],
[2024-08-13 15:27:05,954][flwr][INFO] - 	       [   0, 1001,  110,    1,    2,    5,    9,    4,    0,    3],
[2024-08-13 15:27:05,954][flwr][INFO] - 	       [   4,   35,  830,   31,   37,    0,   24,   49,   16,    6],
[2024-08-13 15:27:05,954][flwr][INFO] - 	       [   0,   57,   33,  583,  168,   38,   30,   25,    8,   68],
[2024-08-13 15:27:05,954][flwr][INFO] - 	       [   3,    5,    2,    0,  843,    2,   25,   56,    1,   45],
[2024-08-13 15:27:05,954][flwr][INFO] - 	       [   7,  118,   10,   19,   59,  538,   81,   30,    5,   25],
[2024-08-13 15:27:05,954][flwr][INFO] - 	       [   3,   25,   22,    0,   21,    3,  835,   49,    0,    0],
[2024-08-13 15:27:05,954][flwr][INFO] - 	       [   4,   35,   43,    0,   23,    0,    1,  890,    7,   25],
[2024-08-13 15:27:05,954][flwr][INFO] - 	       [   2,  101,   42,   25,  143,   41,   51,   17,  178,  374],
[2024-08-13 15:27:05,954][flwr][INFO] - 	       [  14,   13,    4,    1,  129,   13,    1,  103,    0,  731]],
[2024-08-13 15:27:05,954][flwr][INFO] - 	      dtype=int64)),
[2024-08-13 15:27:05,954][flwr][INFO] - 	                      (5,
[2024-08-13 15:27:05,954][flwr][INFO] - 	                       array([[913,   8,   1,   9,   0,   7,  18,   3,  21,   0],
[2024-08-13 15:27:05,954][flwr][INFO] - 	       [  0, 918, 149,  10,   1,   3,   4,   0,  50,   0],
[2024-08-13 15:27:05,954][flwr][INFO] - 	       [ 18,   5, 620, 235,  11,   1,  21,  17,  97,   7],
[2024-08-13 15:27:05,954][flwr][INFO] - 	       [  1,   4,   7, 837,   5,  24,   9,  10, 108,   5],
[2024-08-13 15:27:05,954][flwr][INFO] - 	       [ 31,   4,   3,   1, 651,  62,  24,  27,  75, 104],
[2024-08-13 15:27:05,954][flwr][INFO] - 	       [ 32,  50,   7, 117,   6, 475,  36,  11, 149,   9],
[2024-08-13 15:27:05,955][flwr][INFO] - 	       [ 25,  11,  24,   3,   5,   4, 844,  40,   2,   0],
[2024-08-13 15:27:05,955][flwr][INFO] - 	       [ 35,  16,  26,   5,  10,   1,   0, 618, 291,  26],
[2024-08-13 15:27:05,955][flwr][INFO] - 	       [ 15,   8,  10,  79,   7,  12,  15,   2, 820,   6],
[2024-08-13 15:27:05,955][flwr][INFO] - 	       [ 73,   3,   2,   6,  30,  18,   2,  29, 139, 707]], dtype=int64)),
[2024-08-13 15:27:05,955][flwr][INFO] - 	                      (6,
[2024-08-13 15:27:05,955][flwr][INFO] - 	                       array([[750, 108,   3,   4,   3,  22,  61,  25,   0,   4],
[2024-08-13 15:27:05,955][flwr][INFO] - 	       [  0, 987, 122,   3,   1,   4,   5,   4,   0,   9],
[2024-08-13 15:27:05,955][flwr][INFO] - 	       [  4,  32, 814,  66,  22,   1,  21,  51,   5,  16],
[2024-08-13 15:27:05,955][flwr][INFO] - 	       [  1,  25,  17, 780,  31,  36,  12,  27,   0,  81],
[2024-08-13 15:27:05,955][flwr][INFO] - 	       [  2,   5,   2,   0, 783,   7,  18,  49,   0, 116],
[2024-08-13 15:27:05,955][flwr][INFO] - 	       [ 11,  84,  10,  67,  29, 568,  49,  32,   1,  41],
[2024-08-13 15:27:05,955][flwr][INFO] - 	       [  6,  18,  25,   0,  19,   5, 801,  83,   0,   1],
[2024-08-13 15:27:05,955][flwr][INFO] - 	       [  6,  30,  41,   2,  16,   0,   0, 878,   1,  54],
[2024-08-13 15:27:05,955][flwr][INFO] - 	       [  7,  75,  41,  96,  49,  47,  36,  19,  13, 591],
[2024-08-13 15:27:05,955][flwr][INFO] - 	       [ 19,   8,   3,   4,  61,  13,   1,  68,   0, 832]], dtype=int64)),
[2024-08-13 15:27:05,955][flwr][INFO] - 	                      (7,
[2024-08-13 15:27:05,955][flwr][INFO] - 	                       array([[886,  33,   1,   7,   1,  12,  26,   7,   7,   0],
[2024-08-13 15:27:05,956][flwr][INFO] - 	       [  0, 971, 116,   8,   2,   5,   6,   1,  26,   0],
[2024-08-13 15:27:05,956][flwr][INFO] - 	       [ 14,  14, 739, 120,  23,   2,  22,  33,  62,   3],
[2024-08-13 15:27:05,956][flwr][INFO] - 	       [  5,  12,   8, 805,  16,  38,  11,  15,  93,   7],
[2024-08-13 15:27:05,956][flwr][INFO] - 	       [ 17,   5,   2,   0, 790,  56,  21,  33,  25,  33],
[2024-08-13 15:27:05,956][flwr][INFO] - 	       [ 23,  56,   6,  67,  17, 561,  47,  19,  88,   8],
[2024-08-13 15:27:05,956][flwr][INFO] - 	       [ 14,  14,  19,   0,  12,   6, 842,  50,   1,   0],
[2024-08-13 15:27:05,956][flwr][INFO] - 	       [ 26,  26,  32,   4,  18,   2,   1, 785, 119,  15],
[2024-08-13 15:27:05,956][flwr][INFO] - 	       [ 17,  23,  14,  50,  22,  26,  22,   4, 782,  14],
[2024-08-13 15:27:05,956][flwr][INFO] - 	       [ 78,   5,   3,   3,  65,  21,   1,  59,  64, 710]], dtype=int64)),
[2024-08-13 15:27:05,956][flwr][INFO] - 	                      (8,
[2024-08-13 15:27:05,956][flwr][INFO] - 	                       array([[778,  94,   3,   7,   5,   8,  64,  12,   0,   9],
[2024-08-13 15:27:05,956][flwr][INFO] - 	       [  0, 972, 132,   5,   2,   3,   8,   1,   0,  12],
[2024-08-13 15:27:05,956][flwr][INFO] - 	       [  3,  22, 824,  73,  23,   0,  23,  30,  12,  22],
[2024-08-13 15:27:05,956][flwr][INFO] - 	       [  3,  16,  13, 793,  51,  10,  19,  15,   3,  87],
[2024-08-13 15:27:05,956][flwr][INFO] - 	       [  2,   4,   2,   0, 775,   2,  18,  13,   0, 166],
[2024-08-13 15:27:05,956][flwr][INFO] - 	       [ 14,  77,  14,  80,  56, 440,  90,  25,   5,  91],
[2024-08-13 15:27:05,956][flwr][INFO] - 	       [  7,  14,  23,   0,  20,   1, 855,  36,   0,   2],
[2024-08-13 15:27:05,957][flwr][INFO] - 	       [ 10,  23,  44,   3,  22,   0,   1, 800,   6, 119],
[2024-08-13 15:27:05,957][flwr][INFO] - 	       [  9,  51,  40,  77,  65,  12,  42,   5, 101, 572],
[2024-08-13 15:27:05,957][flwr][INFO] - 	       [ 23,   6,   3,   4,  49,   3,   1,  20,   0, 900]], dtype=int64)),
[2024-08-13 15:27:05,957][flwr][INFO] - 	                      (9,
[2024-08-13 15:27:05,957][flwr][INFO] - 	                       array([[868,  41,   1,   7,   1,  18,  18,  11,  15,   0],
[2024-08-13 15:27:05,957][flwr][INFO] - 	       [  0, 968, 104,   9,   2,   5,   5,   1,  41,   0],
[2024-08-13 15:27:05,957][flwr][INFO] - 	       [ 14,  12, 727, 127,  24,   4,  18,  35,  71,   0],
[2024-08-13 15:27:05,957][flwr][INFO] - 	       [  2,  11,   8, 804,  15,  40,   7,  16, 106,   1],
[2024-08-13 15:27:05,957][flwr][INFO] - 	       [ 15,   4,   2,   0, 800,  75,  18,  32,  34,   2],
[2024-08-13 15:27:05,957][flwr][INFO] - 	       [ 19,  41,   3,  58,   9, 609,  41,  21,  91,   0],
[2024-08-13 15:27:05,957][flwr][INFO] - 	       [ 19,  14,  18,   0,  16,  10, 798,  82,   1,   0],
[2024-08-13 15:27:05,957][flwr][INFO] - 	       [ 25,  23,  33,   5,  18,   4,   0, 798, 122,   0],
[2024-08-13 15:27:05,957][flwr][INFO] - 	       [ 13,  12,  13,  40,  15,  31,  19,   3, 828,   0],
[2024-08-13 15:27:05,957][flwr][INFO] - 	       [145,   5,   3,   3, 150,  83,   1, 114, 211, 294]], dtype=int64)),
[2024-08-13 15:27:05,957][flwr][INFO] - 	                      (10,
[2024-08-13 15:27:05,957][flwr][INFO] - 	                       array([[805,  94,   1,   9,   1,  12,  38,  15,   2,   3],
[2024-08-13 15:27:05,957][flwr][INFO] - 	       [  0, 989, 111,  13,   2,   3,   8,   2,   0,   7],
[2024-08-13 15:27:05,958][flwr][INFO] - 	       [  6,  21, 727, 164,  14,   0,  22,  38,  14,  26],
[2024-08-13 15:27:05,958][flwr][INFO] - 	       [  3,  11,   8, 852,  15,  20,  10,  17,   7,  67],
[2024-08-13 15:27:05,958][flwr][INFO] - 	       [  7,   6,   2,   1, 710,  10,  17,  24,   2, 203],
[2024-08-13 15:27:05,958][flwr][INFO] - 	       [ 18,  59,   7,  95,  19, 524,  70,  28,   7,  65],
[2024-08-13 15:27:05,958][flwr][INFO] - 	       [ 12,  15,  19,   0,  11,   5, 811,  84,   0,   1],
[2024-08-13 15:27:05,958][flwr][INFO] - 	       [ 11,  29,  37,   9,  17,   1,   1, 824,   7,  92],
[2024-08-13 15:27:05,958][flwr][INFO] - 	       [ 15,  49,  21, 129,  23,  27,  36,  11, 185, 478],
[2024-08-13 15:27:05,958][flwr][INFO] - 	       [ 27,   6,   3,   8,  23,   7,   1,  29,   1, 904]], dtype=int64))],
[2024-08-13 15:27:05,958][flwr][INFO] - 	 'f1': [(0, 0.017493624772313296),
[2024-08-13 15:27:05,958][flwr][INFO] - 	        (1, 0.5123646738486384),
[2024-08-13 15:27:05,958][flwr][INFO] - 	        (2, 0.688024983226094),
[2024-08-13 15:27:05,958][flwr][INFO] - 	        (3, 0.7167073735782541),
[2024-08-13 15:27:05,958][flwr][INFO] - 	        (4, 0.6991843768398674),
[2024-08-13 15:27:05,958][flwr][INFO] - 	        (5, 0.7429225168106562),
[2024-08-13 15:27:05,958][flwr][INFO] - 	        (6, 0.6908844616381783),
[2024-08-13 15:27:05,958][flwr][INFO] - 	        (7, 0.786928796716191),
[2024-08-13 15:27:05,958][flwr][INFO] - 	        (8, 0.7044783410011469),
[2024-08-13 15:27:05,959][flwr][INFO] - 	        (9, 0.7404974398019856),
[2024-08-13 15:27:05,959][flwr][INFO] - 	        (10, 0.7205969557854701)],
[2024-08-13 15:27:05,959][flwr][INFO] - 	 'precision': [(0, 0.009604000000000001),
[2024-08-13 15:27:05,959][flwr][INFO] - 	               (1, 0.6888686341900448),
[2024-08-13 15:27:05,959][flwr][INFO] - 	               (2, 0.7252373645660641),
[2024-08-13 15:27:05,959][flwr][INFO] - 	               (3, 0.7494191910507882),
[2024-08-13 15:27:05,959][flwr][INFO] - 	               (4, 0.7477606565727507),
[2024-08-13 15:27:05,959][flwr][INFO] - 	               (5, 0.7730586208143324),
[2024-08-13 15:27:05,959][flwr][INFO] - 	               (6, 0.7366246753828988),
[2024-08-13 15:27:05,959][flwr][INFO] - 	               (7, 0.7937441339444246),
[2024-08-13 15:27:05,959][flwr][INFO] - 	               (8, 0.7658958265629262),
[2024-08-13 15:27:05,959][flwr][INFO] - 	               (9, 0.7783854365025084),
[2024-08-13 15:27:05,959][flwr][INFO] - 	               (10, 0.7678017122108718)],
[2024-08-13 15:27:05,959][flwr][INFO] - 	 'recall': [(0, 0.098),
[2024-08-13 15:27:05,959][flwr][INFO] - 	            (1, 0.539),
[2024-08-13 15:27:05,959][flwr][INFO] - 	            (2, 0.697),
[2024-08-13 15:27:05,959][flwr][INFO] - 	            (3, 0.7185),
[2024-08-13 15:27:05,960][flwr][INFO] - 	            (4, 0.7154),
[2024-08-13 15:27:05,960][flwr][INFO] - 	            (5, 0.7403),
[2024-08-13 15:27:05,960][flwr][INFO] - 	            (6, 0.7206),
[2024-08-13 15:27:05,960][flwr][INFO] - 	            (7, 0.7871),
[2024-08-13 15:27:05,960][flwr][INFO] - 	            (8, 0.7238),
[2024-08-13 15:27:05,960][flwr][INFO] - 	            (9, 0.7494),
[2024-08-13 15:27:05,960][flwr][INFO] - 	            (10, 0.7331)]}
[2024-08-13 15:27:05,960][flwr][INFO] - 
