[2024-08-13 16:01:24,173][flwr][INFO] - Starting Flower simulation, config: num_rounds=10, no round_timeout
[2024-08-13 16:01:28,203][flwr][INFO] - Flower VCE: Ray initialized with resources: {'node:127.0.0.1': 1.0, 'object_store_memory': 2492225126.0, 'memory': 4984450254.0, 'GPU': 1.0, 'CPU': 16.0, 'node:__internal_head__': 1.0, 'accelerator_type:G': 1.0}
[2024-08-13 16:01:28,203][flwr][INFO] - Optimize your simulation with Flower VCE: https://flower.ai/docs/framework/how-to-run-simulations.html
[2024-08-13 16:01:28,203][flwr][INFO] - Flower VCE: Resources for each Virtual Client: {'num_cpus': 2, 'num_gpus': 0.5}
[2024-08-13 16:01:28,214][flwr][INFO] - Flower VCE: Creating VirtualClientEngineActorPool with 2 actors
[2024-08-13 16:01:28,216][flwr][INFO] - [INIT]
[2024-08-13 16:01:28,216][flwr][INFO] - Requesting initial parameters from one random client
[2024-08-13 16:01:35,529][flwr][INFO] - Received initial parameters from one random client
[2024-08-13 16:01:35,529][flwr][INFO] - Evaluating initial global parameters
[2024-08-13 16:01:37,772][flwr][INFO] - initial parameters (loss, other metrics): 2.3025850929940455, {'accuracy': 0.098, 'precision': 0.009604000000000001, 'recall': 0.098, 'f1': 0.017493624772313296, 'confusion_matrix': array([[ 980,    0,    0,    0,    0,    0,    0,    0,    0,    0],
       [1135,    0,    0,    0,    0,    0,    0,    0,    0,    0],
       [1032,    0,    0,    0,    0,    0,    0,    0,    0,    0],
       [1010,    0,    0,    0,    0,    0,    0,    0,    0,    0],
       [ 982,    0,    0,    0,    0,    0,    0,    0,    0,    0],
       [ 892,    0,    0,    0,    0,    0,    0,    0,    0,    0],
       [ 958,    0,    0,    0,    0,    0,    0,    0,    0,    0],
       [1028,    0,    0,    0,    0,    0,    0,    0,    0,    0],
       [ 974,    0,    0,    0,    0,    0,    0,    0,    0,    0],
       [1009,    0,    0,    0,    0,    0,    0,    0,    0,    0]],
      dtype=int64)}
[2024-08-13 16:01:37,773][flwr][INFO] - 
[2024-08-13 16:01:37,773][flwr][INFO] - [ROUND 1]
[2024-08-13 16:01:37,773][flwr][INFO] - configure_fit: strategy sampled 10 clients (out of 100)
[2024-08-13 16:01:41,250][flwr][INFO] - aggregate_fit: received 10 results and 0 failures
[2024-08-13 16:01:41,253][flwr][WARNING] - No fit_metrics_aggregation_fn provided
[2024-08-13 16:01:43,469][flwr][INFO] - fit progress: (1, 3.9116221590008267, {'accuracy': 0.0206, 'precision': 0.017094998013089894, 'recall': 0.0206, 'f1': 0.01802154165038305, 'confusion_matrix': array([[   0,  946,    0,    4,   18,    0,    0,    6,    1,    5],
       [   0,    0, 1085,   25,   16,    0,    0,    2,    1,    6],
       [   6,   54,   31,  846,   37,    1,    0,   26,   18,   13],
       [   0,   26,    9,   45,  896,    0,    0,    6,   18,   10],
       [ 408,   21,   20,   14,   76,  277,    0,   57,   47,   62],
       [  55,  212,   60,   19,  392,    2,    5,   11,   73,   63],
       [   0,  112,   22,   35,   16,    1,    0,  765,    1,    6],
       [  26,   13,   41,   29,   15,    0,    0,    1,  894,    9],
       [   8,   41,   29,   48,  311,    1,    0,    7,   26,  503],
       [ 699,   28,   16,   11,   63,    2,    0,    3,  162,   25]],
      dtype=int64)}, 5.696633600004134)
[2024-08-13 16:01:43,470][flwr][INFO] - configure_evaluate: no clients selected, skipping evaluation
[2024-08-13 16:01:43,470][flwr][INFO] - 
[2024-08-13 16:01:43,470][flwr][INFO] - [ROUND 2]
[2024-08-13 16:01:43,470][flwr][INFO] - configure_fit: strategy sampled 10 clients (out of 100)
[2024-08-13 16:01:44,667][flwr][INFO] - aggregate_fit: received 10 results and 0 failures
[2024-08-13 16:01:46,888][flwr][INFO] - fit progress: (2, 3.513593555269372, {'accuracy': 0.0303, 'precision': 0.030555619793426435, 'recall': 0.0303, 'f1': 0.029971635431870744, 'confusion_matrix': array([[  27,  885,    0,    5,    2,    1,   24,   26,    0,   10],
       [   1,    0, 1096,    8,    2,    0,    0,    4,    1,   23],
       [  15,   27,   46,  839,    6,   12,    1,   39,   13,   34],
       [  17,   14,   19,  106,  718,    0,   32,   12,   16,   76],
       [  82,    5,   13,    2,    1,  802,    1,   38,    4,   34],
       [  85,   39,   59,   14,  105,   22,  430,   38,   30,   70],
       [   1,   37,   19,   14,    1,    5,   34,  843,    0,    4],
       [  79,    2,   45,   22,    0,    6,    0,    7,  845,   22],
       [  23,   11,   22,   36,   50,    6,   20,   13,    8,  785],
       [ 832,    9,   13,    6,   11,   39,    2,    5,   40,   52]],
      dtype=int64)}, 9.115732399994158)
[2024-08-13 16:01:46,889][flwr][INFO] - configure_evaluate: no clients selected, skipping evaluation
[2024-08-13 16:01:46,889][flwr][INFO] - 
[2024-08-13 16:01:46,889][flwr][INFO] - [ROUND 3]
[2024-08-13 16:01:46,889][flwr][INFO] - configure_fit: strategy sampled 10 clients (out of 100)
[2024-08-13 16:01:48,034][flwr][INFO] - aggregate_fit: received 10 results and 0 failures
[2024-08-13 16:01:50,240][flwr][INFO] - fit progress: (3, 3.308445438597025, {'accuracy': 0.028, 'precision': 0.026165533863855547, 'recall': 0.028, 'f1': 0.026777774194283774, 'confusion_matrix': array([[  15,  833,    0,    2,    6,    1,   99,   23,    1,    0],
       [   0,    0, 1105,    2,    3,    0,   15,    3,    0,    7],
       [   7,   20,   60,  792,   27,   26,   10,   37,   26,   27],
       [   3,    8,   12,   27,  868,    0,   41,    8,   33,   10],
       [  15,    1,   12,    1,    8,  897,    5,   32,    6,    5],
       [  19,   13,   47,    3,  101,   36,  605,   24,   42,    2],
       [   0,   23,   13,    6,    4,    8,   87,  817,    0,    0],
       [  26,    1,   45,    9,    6,   12,    3,    1,  916,    9],
       [  12,    4,   34,   16,  166,   16,   83,   13,   39,  591],
       [ 605,    5,   11,    5,   23,  198,   24,    5,  126,    7]],
      dtype=int64)}, 12.467719199994463)
[2024-08-13 16:01:50,241][flwr][INFO] - configure_evaluate: no clients selected, skipping evaluation
[2024-08-13 16:01:50,241][flwr][INFO] - 
[2024-08-13 16:01:50,241][flwr][INFO] - [ROUND 4]
[2024-08-13 16:01:50,241][flwr][INFO] - configure_fit: strategy sampled 10 clients (out of 100)
[2024-08-13 16:01:51,383][flwr][INFO] - aggregate_fit: received 10 results and 0 failures
[2024-08-13 16:01:53,618][flwr][INFO] - fit progress: (4, 3.196524645493773, {'accuracy': 0.031, 'precision': 0.031177565485321742, 'recall': 0.031, 'f1': 0.030132482588008012, 'confusion_matrix': array([[  50,  869,    0,    4,    1,    1,    3,   34,    0,   18],
       [   1,    0, 1087,    2,    2,    0,    0,    5,    1,   37],
       [  19,   17,   39,  832,   10,   11,    1,   39,   13,   51],
       [  17,   15,   13,   80,  753,    1,   16,   16,   15,   84],
       [  79,    1,    7,    1,    4,  808,    1,   40,    4,   37],
       [  95,   46,   43,   16,  120,   35,  319,   40,   27,  151],
       [   2,   22,   14,   14,    1,    4,   21,  867,    0,   13],
       [  95,    1,   37,   17,    1,    5,    0,    8,  833,   31],
       [  19,    7,   12,   20,   37,    5,    6,   14,    7,  847],
       [ 843,    4,    5,    6,   12,   43,    0,    5,   25,   66]],
      dtype=int64)}, 15.846110300000873)
[2024-08-13 16:01:53,619][flwr][INFO] - configure_evaluate: no clients selected, skipping evaluation
[2024-08-13 16:01:53,619][flwr][INFO] - 
[2024-08-13 16:01:53,619][flwr][INFO] - [ROUND 5]
[2024-08-13 16:01:53,620][flwr][INFO] - configure_fit: strategy sampled 10 clients (out of 100)
[2024-08-13 16:01:54,777][flwr][INFO] - aggregate_fit: received 10 results and 0 failures
[2024-08-13 16:01:57,010][flwr][INFO] - fit progress: (5, 3.083563462752822, {'accuracy': 0.0297, 'precision': 0.027645657452595163, 'recall': 0.0297, 'f1': 0.028319012128781493, 'confusion_matrix': array([[  11,  888,    0,    1,    2,    2,   52,   22,    2,    0],
       [   0,    0, 1105,    5,    2,    0,   16,    3,    1,    3],
       [   4,   23,   58,  818,   17,   27,    5,   31,   30,   19],
       [   3,   12,    7,   38,  845,    1,   51,    9,   33,   11],
       [  10,    1,    8,    1,    5,  916,    4,   28,    7,    2],
       [  16,   32,   40,    5,   79,   44,  613,   21,   40,    2],
       [   0,   27,   11,    8,    3,    9,   83,  817,    0,    0],
       [  22,    1,   44,   13,    4,   15,    3,    2,  922,    2],
       [   5,   12,   32,   25,  129,   23,   79,   14,   50,  605],
       [ 569,    6,    8,    7,   19,  235,   24,    5,  130,    6]],
      dtype=int64)}, 19.238095099994098)
[2024-08-13 16:01:57,011][flwr][INFO] - configure_evaluate: no clients selected, skipping evaluation
[2024-08-13 16:01:57,011][flwr][INFO] - 
[2024-08-13 16:01:57,011][flwr][INFO] - [ROUND 6]
[2024-08-13 16:01:57,012][flwr][INFO] - configure_fit: strategy sampled 10 clients (out of 100)
[2024-08-13 16:01:58,336][flwr][INFO] - aggregate_fit: received 10 results and 0 failures
[2024-08-13 16:02:00,567][flwr][INFO] - fit progress: (6, 3.0080034971149487, {'accuracy': 0.0303, 'precision': 0.030977236173555075, 'recall': 0.0303, 'f1': 0.03024189153460365, 'confusion_matrix': array([[  40,  876,    0,    1,    1,    1,    9,   36,    0,   16],
       [   1,    0, 1094,    2,    2,    0,    2,    5,    0,   29],
       [  18,   19,   53,  805,   12,   14,    2,   41,   19,   49],
       [  14,   15,   10,   61,  779,    1,   32,   16,   21,   61],
       [  66,    1,    7,    1,    5,  829,    1,   40,    4,   28],
       [  72,   36,   39,    9,   85,   31,  499,   32,   25,   64],
       [   3,   18,   12,   10,    2,    4,   43,  860,    0,    6],
       [  87,    1,   38,    8,    4,    7,    0,    7,  856,   20],
       [  19,    6,   14,   11,   42,    6,   15,   16,   11,  834],
       [ 840,    2,    5,    5,   15,   46,    5,    4,   35,   52]],
      dtype=int64)}, 22.794435899995733)
[2024-08-13 16:02:00,567][flwr][INFO] - configure_evaluate: no clients selected, skipping evaluation
[2024-08-13 16:02:00,567][flwr][INFO] - 
[2024-08-13 16:02:00,568][flwr][INFO] - [ROUND 7]
[2024-08-13 16:02:00,568][flwr][INFO] - configure_fit: strategy sampled 10 clients (out of 100)
[2024-08-13 16:02:01,738][flwr][INFO] - aggregate_fit: received 10 results and 0 failures
[2024-08-13 16:02:03,978][flwr][INFO] - fit progress: (7, 2.8953147272564665, {'accuracy': 0.0373, 'precision': 0.03320908719420132, 'recall': 0.0373, 'f1': 0.034864998645986175, 'confusion_matrix': array([[  18,  836,    0,    4,    1,    2,   93,   24,    2,    0],
       [   0,    0, 1105,    5,    2,    0,   16,    3,    1,    3],
       [   5,   13,   59,  842,   12,   24,   11,   22,   28,   16],
       [   3,   10,   12,   70,  787,    1,   74,    9,   34,   10],
       [  14,    0,    9,    3,    5,  919,    7,   17,    6,    2],
       [  15,   23,   34,    6,   54,   41,  665,   16,   33,    5],
       [   2,   15,   10,   12,    3,   10,  121,  785,    0,    0],
       [  25,    1,   42,   15,    5,   11,    2,    2,  923,    2],
       [   4,    8,   38,   34,   95,   24,  104,   11,   53,  603],
       [ 598,    4,    8,    7,   23,  204,   28,    4,  129,    4]],
      dtype=int64)}, 26.205179299999145)
[2024-08-13 16:02:03,979][flwr][INFO] - configure_evaluate: no clients selected, skipping evaluation
[2024-08-13 16:02:03,979][flwr][INFO] - 
[2024-08-13 16:02:03,979][flwr][INFO] - [ROUND 8]
[2024-08-13 16:02:03,979][flwr][INFO] - configure_fit: strategy sampled 10 clients (out of 100)
[2024-08-13 16:02:05,116][flwr][INFO] - aggregate_fit: received 10 results and 0 failures
[2024-08-13 16:02:07,493][flwr][INFO] - fit progress: (8, 2.8550834676439147, {'accuracy': 0.0302, 'precision': 0.03099434945731659, 'recall': 0.0302, 'f1': 0.029942131116597038, 'confusion_matrix': array([[  32,  893,    0,    1,    4,    1,    2,   34,    0,   13],
       [   1,    0, 1108,    2,    2,    0,    1,    6,    0,   15],
       [  15,   23,   77,  778,   16,   15,    2,   41,   19,   46],
       [  11,   18,   11,   44,  825,    1,   17,   16,   18,   49],
       [  50,    1,    6,    1,   14,  841,    1,   40,    3,   25],
       [  77,   63,   39,    7,  112,   39,  428,   33,   23,   71],
       [   5,   30,   13,    6,    3,    4,   32,  862,    0,    3],
       [  93,    1,   45,   10,    5,    8,    0,    6,  844,   16],
       [  18,    9,   19,    8,   51,    5,    7,   17,   11,  829],
       [ 834,    3,    7,    5,   21,   56,    3,    4,   29,   47]],
      dtype=int64)}, 29.72044229999301)
[2024-08-13 16:02:07,494][flwr][INFO] - configure_evaluate: no clients selected, skipping evaluation
[2024-08-13 16:02:07,494][flwr][INFO] - 
[2024-08-13 16:02:07,494][flwr][INFO] - [ROUND 9]
[2024-08-13 16:02:07,495][flwr][INFO] - configure_fit: strategy sampled 10 clients (out of 100)
[2024-08-13 16:02:08,653][flwr][INFO] - aggregate_fit: received 10 results and 0 failures
[2024-08-13 16:02:10,886][flwr][INFO] - fit progress: (9, 2.7824303409236735, {'accuracy': 0.0372, 'precision': 0.034467711400394174, 'recall': 0.0372, 'f1': 0.03566883377104753, 'confusion_matrix': array([[  26,  848,    0,    4,    2,    2,   65,   29,    2,    2],
       [   0,    0, 1111,    4,    2,    0,   12,    3,    1,    2],
       [   9,   14,   55,  849,    9,   20,    8,   23,   26,   19],
       [   6,   11,   12,   94,  764,    1,   63,   11,   31,   17],
       [  24,    0,    8,    3,    6,  909,    5,   19,    5,    3],
       [  33,   25,   33,    6,   43,   39,  661,   19,   28,    5],
       [   3,   15,   11,   13,    3,    8,  103,  802,    0,    0],
       [  46,    1,   40,   22,    4,    9,    2,    4,  897,    3],
       [  10,   10,   38,   42,   56,   22,   74,   14,   38,  670],
       [ 763,    3,    7,    7,   19,  104,   19,    4,   76,    7]],
      dtype=int64)}, 33.113312899993616)
[2024-08-13 16:02:10,887][flwr][INFO] - configure_evaluate: no clients selected, skipping evaluation
[2024-08-13 16:02:10,887][flwr][INFO] - 
[2024-08-13 16:02:10,887][flwr][INFO] - [ROUND 10]
[2024-08-13 16:02:10,887][flwr][INFO] - configure_fit: strategy sampled 10 clients (out of 100)
[2024-08-13 16:02:12,182][flwr][INFO] - aggregate_fit: received 10 results and 0 failures
[2024-08-13 16:02:14,409][flwr][INFO] - fit progress: (10, 2.77383244189191, {'accuracy': 0.0312, 'precision': 0.031939325906075594, 'recall': 0.0312, 'f1': 0.0310491746263044, 'confusion_matrix': array([[  18,  914,    0,    1,    2,    1,    1,   32,    0,   11],
       [   1,    2, 1108,    2,    2,    0,    2,    6,    0,   12],
       [  14,   27,   84,  773,   17,   12,    3,   39,   24,   39],
       [   7,   25,   10,   52,  812,    1,   18,   19,   20,   46],
       [  45,    0,    6,    2,   16,  839,    2,   43,    3,   26],
       [  59,   74,   29,    8,   92,   43,  461,   30,   31,   65],
       [   4,   34,    9,    5,    3,    3,   32,  865,    0,    3],
       [  70,    1,   42,    8,    5,    9,    0,    7,  873,   13],
       [  11,   12,   21,    8,   46,    9,    9,   20,   15,  823],
       [ 815,    6,    5,    7,   20,   53,    5,    5,   50,   43]],
      dtype=int64)}, 36.63731910000206)
[2024-08-13 16:02:14,410][flwr][INFO] - configure_evaluate: no clients selected, skipping evaluation
[2024-08-13 16:02:14,410][flwr][INFO] - 
[2024-08-13 16:02:14,410][flwr][INFO] - [SUMMARY]
[2024-08-13 16:02:14,410][flwr][INFO] - Run finished 10 round(s) in 36.64s
[2024-08-13 16:02:14,419][flwr][INFO] - 	History (loss, centralized):
[2024-08-13 16:02:14,419][flwr][INFO] - 		round 0: 2.3025850929940455
[2024-08-13 16:02:14,419][flwr][INFO] - 		round 1: 3.9116221590008267
[2024-08-13 16:02:14,419][flwr][INFO] - 		round 2: 3.513593555269372
[2024-08-13 16:02:14,419][flwr][INFO] - 		round 3: 3.308445438597025
[2024-08-13 16:02:14,419][flwr][INFO] - 		round 4: 3.196524645493773
[2024-08-13 16:02:14,420][flwr][INFO] - 		round 5: 3.083563462752822
[2024-08-13 16:02:14,420][flwr][INFO] - 		round 6: 3.0080034971149487
[2024-08-13 16:02:14,420][flwr][INFO] - 		round 7: 2.8953147272564665
[2024-08-13 16:02:14,420][flwr][INFO] - 		round 8: 2.8550834676439147
[2024-08-13 16:02:14,420][flwr][INFO] - 		round 9: 2.7824303409236735
[2024-08-13 16:02:14,420][flwr][INFO] - 		round 10: 2.77383244189191
[2024-08-13 16:02:14,420][flwr][INFO] - 	History (metrics, centralized):
[2024-08-13 16:02:14,420][flwr][INFO] - 	{'accuracy': [(0, 0.098),
[2024-08-13 16:02:14,420][flwr][INFO] - 	              (1, 0.0206),
[2024-08-13 16:02:14,420][flwr][INFO] - 	              (2, 0.0303),
[2024-08-13 16:02:14,420][flwr][INFO] - 	              (3, 0.028),
[2024-08-13 16:02:14,420][flwr][INFO] - 	              (4, 0.031),
[2024-08-13 16:02:14,420][flwr][INFO] - 	              (5, 0.0297),
[2024-08-13 16:02:14,420][flwr][INFO] - 	              (6, 0.0303),
[2024-08-13 16:02:14,420][flwr][INFO] - 	              (7, 0.0373),
[2024-08-13 16:02:14,420][flwr][INFO] - 	              (8, 0.0302),
[2024-08-13 16:02:14,421][flwr][INFO] - 	              (9, 0.0372),
[2024-08-13 16:02:14,421][flwr][INFO] - 	              (10, 0.0312)],
[2024-08-13 16:02:14,421][flwr][INFO] - 	 'confusion_matrix': [(0,
[2024-08-13 16:02:14,421][flwr][INFO] - 	                       array([[ 980,    0,    0,    0,    0,    0,    0,    0,    0,    0],
[2024-08-13 16:02:14,421][flwr][INFO] - 	       [1135,    0,    0,    0,    0,    0,    0,    0,    0,    0],
[2024-08-13 16:02:14,421][flwr][INFO] - 	       [1032,    0,    0,    0,    0,    0,    0,    0,    0,    0],
[2024-08-13 16:02:14,421][flwr][INFO] - 	       [1010,    0,    0,    0,    0,    0,    0,    0,    0,    0],
[2024-08-13 16:02:14,421][flwr][INFO] - 	       [ 982,    0,    0,    0,    0,    0,    0,    0,    0,    0],
[2024-08-13 16:02:14,421][flwr][INFO] - 	       [ 892,    0,    0,    0,    0,    0,    0,    0,    0,    0],
[2024-08-13 16:02:14,421][flwr][INFO] - 	       [ 958,    0,    0,    0,    0,    0,    0,    0,    0,    0],
[2024-08-13 16:02:14,421][flwr][INFO] - 	       [1028,    0,    0,    0,    0,    0,    0,    0,    0,    0],
[2024-08-13 16:02:14,421][flwr][INFO] - 	       [ 974,    0,    0,    0,    0,    0,    0,    0,    0,    0],
[2024-08-13 16:02:14,421][flwr][INFO] - 	       [1009,    0,    0,    0,    0,    0,    0,    0,    0,    0]],
[2024-08-13 16:02:14,421][flwr][INFO] - 	      dtype=int64)),
[2024-08-13 16:02:14,421][flwr][INFO] - 	                      (1,
[2024-08-13 16:02:14,421][flwr][INFO] - 	                       array([[   0,  946,    0,    4,   18,    0,    0,    6,    1,    5],
[2024-08-13 16:02:14,421][flwr][INFO] - 	       [   0,    0, 1085,   25,   16,    0,    0,    2,    1,    6],
[2024-08-13 16:02:14,422][flwr][INFO] - 	       [   6,   54,   31,  846,   37,    1,    0,   26,   18,   13],
[2024-08-13 16:02:14,422][flwr][INFO] - 	       [   0,   26,    9,   45,  896,    0,    0,    6,   18,   10],
[2024-08-13 16:02:14,422][flwr][INFO] - 	       [ 408,   21,   20,   14,   76,  277,    0,   57,   47,   62],
[2024-08-13 16:02:14,422][flwr][INFO] - 	       [  55,  212,   60,   19,  392,    2,    5,   11,   73,   63],
[2024-08-13 16:02:14,422][flwr][INFO] - 	       [   0,  112,   22,   35,   16,    1,    0,  765,    1,    6],
[2024-08-13 16:02:14,422][flwr][INFO] - 	       [  26,   13,   41,   29,   15,    0,    0,    1,  894,    9],
[2024-08-13 16:02:14,422][flwr][INFO] - 	       [   8,   41,   29,   48,  311,    1,    0,    7,   26,  503],
[2024-08-13 16:02:14,422][flwr][INFO] - 	       [ 699,   28,   16,   11,   63,    2,    0,    3,  162,   25]],
[2024-08-13 16:02:14,422][flwr][INFO] - 	      dtype=int64)),
[2024-08-13 16:02:14,422][flwr][INFO] - 	                      (2,
[2024-08-13 16:02:14,422][flwr][INFO] - 	                       array([[  27,  885,    0,    5,    2,    1,   24,   26,    0,   10],
[2024-08-13 16:02:14,422][flwr][INFO] - 	       [   1,    0, 1096,    8,    2,    0,    0,    4,    1,   23],
[2024-08-13 16:02:14,422][flwr][INFO] - 	       [  15,   27,   46,  839,    6,   12,    1,   39,   13,   34],
[2024-08-13 16:02:14,422][flwr][INFO] - 	       [  17,   14,   19,  106,  718,    0,   32,   12,   16,   76],
[2024-08-13 16:02:14,422][flwr][INFO] - 	       [  82,    5,   13,    2,    1,  802,    1,   38,    4,   34],
[2024-08-13 16:02:14,422][flwr][INFO] - 	       [  85,   39,   59,   14,  105,   22,  430,   38,   30,   70],
[2024-08-13 16:02:14,422][flwr][INFO] - 	       [   1,   37,   19,   14,    1,    5,   34,  843,    0,    4],
[2024-08-13 16:02:14,423][flwr][INFO] - 	       [  79,    2,   45,   22,    0,    6,    0,    7,  845,   22],
[2024-08-13 16:02:14,423][flwr][INFO] - 	       [  23,   11,   22,   36,   50,    6,   20,   13,    8,  785],
[2024-08-13 16:02:14,423][flwr][INFO] - 	       [ 832,    9,   13,    6,   11,   39,    2,    5,   40,   52]],
[2024-08-13 16:02:14,423][flwr][INFO] - 	      dtype=int64)),
[2024-08-13 16:02:14,423][flwr][INFO] - 	                      (3,
[2024-08-13 16:02:14,423][flwr][INFO] - 	                       array([[  15,  833,    0,    2,    6,    1,   99,   23,    1,    0],
[2024-08-13 16:02:14,423][flwr][INFO] - 	       [   0,    0, 1105,    2,    3,    0,   15,    3,    0,    7],
[2024-08-13 16:02:14,423][flwr][INFO] - 	       [   7,   20,   60,  792,   27,   26,   10,   37,   26,   27],
[2024-08-13 16:02:14,423][flwr][INFO] - 	       [   3,    8,   12,   27,  868,    0,   41,    8,   33,   10],
[2024-08-13 16:02:14,423][flwr][INFO] - 	       [  15,    1,   12,    1,    8,  897,    5,   32,    6,    5],
[2024-08-13 16:02:14,423][flwr][INFO] - 	       [  19,   13,   47,    3,  101,   36,  605,   24,   42,    2],
[2024-08-13 16:02:14,423][flwr][INFO] - 	       [   0,   23,   13,    6,    4,    8,   87,  817,    0,    0],
[2024-08-13 16:02:14,423][flwr][INFO] - 	       [  26,    1,   45,    9,    6,   12,    3,    1,  916,    9],
[2024-08-13 16:02:14,423][flwr][INFO] - 	       [  12,    4,   34,   16,  166,   16,   83,   13,   39,  591],
[2024-08-13 16:02:14,423][flwr][INFO] - 	       [ 605,    5,   11,    5,   23,  198,   24,    5,  126,    7]],
[2024-08-13 16:02:14,423][flwr][INFO] - 	      dtype=int64)),
[2024-08-13 16:02:14,424][flwr][INFO] - 	                      (4,
[2024-08-13 16:02:14,424][flwr][INFO] - 	                       array([[  50,  869,    0,    4,    1,    1,    3,   34,    0,   18],
[2024-08-13 16:02:14,424][flwr][INFO] - 	       [   1,    0, 1087,    2,    2,    0,    0,    5,    1,   37],
[2024-08-13 16:02:14,424][flwr][INFO] - 	       [  19,   17,   39,  832,   10,   11,    1,   39,   13,   51],
[2024-08-13 16:02:14,424][flwr][INFO] - 	       [  17,   15,   13,   80,  753,    1,   16,   16,   15,   84],
[2024-08-13 16:02:14,424][flwr][INFO] - 	       [  79,    1,    7,    1,    4,  808,    1,   40,    4,   37],
[2024-08-13 16:02:14,424][flwr][INFO] - 	       [  95,   46,   43,   16,  120,   35,  319,   40,   27,  151],
[2024-08-13 16:02:14,424][flwr][INFO] - 	       [   2,   22,   14,   14,    1,    4,   21,  867,    0,   13],
[2024-08-13 16:02:14,424][flwr][INFO] - 	       [  95,    1,   37,   17,    1,    5,    0,    8,  833,   31],
[2024-08-13 16:02:14,424][flwr][INFO] - 	       [  19,    7,   12,   20,   37,    5,    6,   14,    7,  847],
[2024-08-13 16:02:14,424][flwr][INFO] - 	       [ 843,    4,    5,    6,   12,   43,    0,    5,   25,   66]],
[2024-08-13 16:02:14,424][flwr][INFO] - 	      dtype=int64)),
[2024-08-13 16:02:14,424][flwr][INFO] - 	                      (5,
[2024-08-13 16:02:14,424][flwr][INFO] - 	                       array([[  11,  888,    0,    1,    2,    2,   52,   22,    2,    0],
[2024-08-13 16:02:14,424][flwr][INFO] - 	       [   0,    0, 1105,    5,    2,    0,   16,    3,    1,    3],
[2024-08-13 16:02:14,424][flwr][INFO] - 	       [   4,   23,   58,  818,   17,   27,    5,   31,   30,   19],
[2024-08-13 16:02:14,424][flwr][INFO] - 	       [   3,   12,    7,   38,  845,    1,   51,    9,   33,   11],
[2024-08-13 16:02:14,425][flwr][INFO] - 	       [  10,    1,    8,    1,    5,  916,    4,   28,    7,    2],
[2024-08-13 16:02:14,425][flwr][INFO] - 	       [  16,   32,   40,    5,   79,   44,  613,   21,   40,    2],
[2024-08-13 16:02:14,425][flwr][INFO] - 	       [   0,   27,   11,    8,    3,    9,   83,  817,    0,    0],
[2024-08-13 16:02:14,425][flwr][INFO] - 	       [  22,    1,   44,   13,    4,   15,    3,    2,  922,    2],
[2024-08-13 16:02:14,425][flwr][INFO] - 	       [   5,   12,   32,   25,  129,   23,   79,   14,   50,  605],
[2024-08-13 16:02:14,425][flwr][INFO] - 	       [ 569,    6,    8,    7,   19,  235,   24,    5,  130,    6]],
[2024-08-13 16:02:14,425][flwr][INFO] - 	      dtype=int64)),
[2024-08-13 16:02:14,425][flwr][INFO] - 	                      (6,
[2024-08-13 16:02:14,425][flwr][INFO] - 	                       array([[  40,  876,    0,    1,    1,    1,    9,   36,    0,   16],
[2024-08-13 16:02:14,425][flwr][INFO] - 	       [   1,    0, 1094,    2,    2,    0,    2,    5,    0,   29],
[2024-08-13 16:02:14,425][flwr][INFO] - 	       [  18,   19,   53,  805,   12,   14,    2,   41,   19,   49],
[2024-08-13 16:02:14,425][flwr][INFO] - 	       [  14,   15,   10,   61,  779,    1,   32,   16,   21,   61],
[2024-08-13 16:02:14,425][flwr][INFO] - 	       [  66,    1,    7,    1,    5,  829,    1,   40,    4,   28],
[2024-08-13 16:02:14,425][flwr][INFO] - 	       [  72,   36,   39,    9,   85,   31,  499,   32,   25,   64],
[2024-08-13 16:02:14,425][flwr][INFO] - 	       [   3,   18,   12,   10,    2,    4,   43,  860,    0,    6],
[2024-08-13 16:02:14,425][flwr][INFO] - 	       [  87,    1,   38,    8,    4,    7,    0,    7,  856,   20],
[2024-08-13 16:02:14,425][flwr][INFO] - 	       [  19,    6,   14,   11,   42,    6,   15,   16,   11,  834],
[2024-08-13 16:02:14,426][flwr][INFO] - 	       [ 840,    2,    5,    5,   15,   46,    5,    4,   35,   52]],
[2024-08-13 16:02:14,426][flwr][INFO] - 	      dtype=int64)),
[2024-08-13 16:02:14,426][flwr][INFO] - 	                      (7,
[2024-08-13 16:02:14,426][flwr][INFO] - 	                       array([[  18,  836,    0,    4,    1,    2,   93,   24,    2,    0],
[2024-08-13 16:02:14,426][flwr][INFO] - 	       [   0,    0, 1105,    5,    2,    0,   16,    3,    1,    3],
[2024-08-13 16:02:14,426][flwr][INFO] - 	       [   5,   13,   59,  842,   12,   24,   11,   22,   28,   16],
[2024-08-13 16:02:14,426][flwr][INFO] - 	       [   3,   10,   12,   70,  787,    1,   74,    9,   34,   10],
[2024-08-13 16:02:14,426][flwr][INFO] - 	       [  14,    0,    9,    3,    5,  919,    7,   17,    6,    2],
[2024-08-13 16:02:14,426][flwr][INFO] - 	       [  15,   23,   34,    6,   54,   41,  665,   16,   33,    5],
[2024-08-13 16:02:14,426][flwr][INFO] - 	       [   2,   15,   10,   12,    3,   10,  121,  785,    0,    0],
[2024-08-13 16:02:14,426][flwr][INFO] - 	       [  25,    1,   42,   15,    5,   11,    2,    2,  923,    2],
[2024-08-13 16:02:14,426][flwr][INFO] - 	       [   4,    8,   38,   34,   95,   24,  104,   11,   53,  603],
[2024-08-13 16:02:14,426][flwr][INFO] - 	       [ 598,    4,    8,    7,   23,  204,   28,    4,  129,    4]],
[2024-08-13 16:02:14,426][flwr][INFO] - 	      dtype=int64)),
[2024-08-13 16:02:14,426][flwr][INFO] - 	                      (8,
[2024-08-13 16:02:14,426][flwr][INFO] - 	                       array([[  32,  893,    0,    1,    4,    1,    2,   34,    0,   13],
[2024-08-13 16:02:14,426][flwr][INFO] - 	       [   1,    0, 1108,    2,    2,    0,    1,    6,    0,   15],
[2024-08-13 16:02:14,427][flwr][INFO] - 	       [  15,   23,   77,  778,   16,   15,    2,   41,   19,   46],
[2024-08-13 16:02:14,427][flwr][INFO] - 	       [  11,   18,   11,   44,  825,    1,   17,   16,   18,   49],
[2024-08-13 16:02:14,427][flwr][INFO] - 	       [  50,    1,    6,    1,   14,  841,    1,   40,    3,   25],
[2024-08-13 16:02:14,427][flwr][INFO] - 	       [  77,   63,   39,    7,  112,   39,  428,   33,   23,   71],
[2024-08-13 16:02:14,427][flwr][INFO] - 	       [   5,   30,   13,    6,    3,    4,   32,  862,    0,    3],
[2024-08-13 16:02:14,427][flwr][INFO] - 	       [  93,    1,   45,   10,    5,    8,    0,    6,  844,   16],
[2024-08-13 16:02:14,427][flwr][INFO] - 	       [  18,    9,   19,    8,   51,    5,    7,   17,   11,  829],
[2024-08-13 16:02:14,427][flwr][INFO] - 	       [ 834,    3,    7,    5,   21,   56,    3,    4,   29,   47]],
[2024-08-13 16:02:14,427][flwr][INFO] - 	      dtype=int64)),
[2024-08-13 16:02:14,427][flwr][INFO] - 	                      (9,
[2024-08-13 16:02:14,427][flwr][INFO] - 	                       array([[  26,  848,    0,    4,    2,    2,   65,   29,    2,    2],
[2024-08-13 16:02:14,427][flwr][INFO] - 	       [   0,    0, 1111,    4,    2,    0,   12,    3,    1,    2],
[2024-08-13 16:02:14,427][flwr][INFO] - 	       [   9,   14,   55,  849,    9,   20,    8,   23,   26,   19],
[2024-08-13 16:02:14,427][flwr][INFO] - 	       [   6,   11,   12,   94,  764,    1,   63,   11,   31,   17],
[2024-08-13 16:02:14,427][flwr][INFO] - 	       [  24,    0,    8,    3,    6,  909,    5,   19,    5,    3],
[2024-08-13 16:02:14,428][flwr][INFO] - 	       [  33,   25,   33,    6,   43,   39,  661,   19,   28,    5],
[2024-08-13 16:02:14,428][flwr][INFO] - 	       [   3,   15,   11,   13,    3,    8,  103,  802,    0,    0],
[2024-08-13 16:02:14,428][flwr][INFO] - 	       [  46,    1,   40,   22,    4,    9,    2,    4,  897,    3],
[2024-08-13 16:02:14,428][flwr][INFO] - 	       [  10,   10,   38,   42,   56,   22,   74,   14,   38,  670],
[2024-08-13 16:02:14,428][flwr][INFO] - 	       [ 763,    3,    7,    7,   19,  104,   19,    4,   76,    7]],
[2024-08-13 16:02:14,428][flwr][INFO] - 	      dtype=int64)),
[2024-08-13 16:02:14,428][flwr][INFO] - 	                      (10,
[2024-08-13 16:02:14,428][flwr][INFO] - 	                       array([[  18,  914,    0,    1,    2,    1,    1,   32,    0,   11],
[2024-08-13 16:02:14,428][flwr][INFO] - 	       [   1,    2, 1108,    2,    2,    0,    2,    6,    0,   12],
[2024-08-13 16:02:14,428][flwr][INFO] - 	       [  14,   27,   84,  773,   17,   12,    3,   39,   24,   39],
[2024-08-13 16:02:14,428][flwr][INFO] - 	       [   7,   25,   10,   52,  812,    1,   18,   19,   20,   46],
[2024-08-13 16:02:14,428][flwr][INFO] - 	       [  45,    0,    6,    2,   16,  839,    2,   43,    3,   26],
[2024-08-13 16:02:14,428][flwr][INFO] - 	       [  59,   74,   29,    8,   92,   43,  461,   30,   31,   65],
[2024-08-13 16:02:14,428][flwr][INFO] - 	       [   4,   34,    9,    5,    3,    3,   32,  865,    0,    3],
[2024-08-13 16:02:14,428][flwr][INFO] - 	       [  70,    1,   42,    8,    5,    9,    0,    7,  873,   13],
[2024-08-13 16:02:14,428][flwr][INFO] - 	       [  11,   12,   21,    8,   46,    9,    9,   20,   15,  823],
[2024-08-13 16:02:14,428][flwr][INFO] - 	       [ 815,    6,    5,    7,   20,   53,    5,    5,   50,   43]],
[2024-08-13 16:02:14,429][flwr][INFO] - 	      dtype=int64))],
[2024-08-13 16:02:14,429][flwr][INFO] - 	 'f1': [(0, 0.017493624772313296),
[2024-08-13 16:02:14,429][flwr][INFO] - 	        (1, 0.01802154165038305),
[2024-08-13 16:02:14,429][flwr][INFO] - 	        (2, 0.029971635431870744),
[2024-08-13 16:02:14,429][flwr][INFO] - 	        (3, 0.026777774194283774),
[2024-08-13 16:02:14,429][flwr][INFO] - 	        (4, 0.030132482588008012),
[2024-08-13 16:02:14,429][flwr][INFO] - 	        (5, 0.028319012128781493),
[2024-08-13 16:02:14,429][flwr][INFO] - 	        (6, 0.03024189153460365),
[2024-08-13 16:02:14,429][flwr][INFO] - 	        (7, 0.034864998645986175),
[2024-08-13 16:02:14,429][flwr][INFO] - 	        (8, 0.029942131116597038),
[2024-08-13 16:02:14,429][flwr][INFO] - 	        (9, 0.03566883377104753),
[2024-08-13 16:02:14,429][flwr][INFO] - 	        (10, 0.0310491746263044)],
[2024-08-13 16:02:14,429][flwr][INFO] - 	 'precision': [(0, 0.009604000000000001),
[2024-08-13 16:02:14,429][flwr][INFO] - 	               (1, 0.017094998013089894),
[2024-08-13 16:02:14,429][flwr][INFO] - 	               (2, 0.030555619793426435),
[2024-08-13 16:02:14,429][flwr][INFO] - 	               (3, 0.026165533863855547),
[2024-08-13 16:02:14,429][flwr][INFO] - 	               (4, 0.031177565485321742),
[2024-08-13 16:02:14,429][flwr][INFO] - 	               (5, 0.027645657452595163),
[2024-08-13 16:02:14,430][flwr][INFO] - 	               (6, 0.030977236173555075),
[2024-08-13 16:02:14,430][flwr][INFO] - 	               (7, 0.03320908719420132),
[2024-08-13 16:02:14,430][flwr][INFO] - 	               (8, 0.03099434945731659),
[2024-08-13 16:02:14,430][flwr][INFO] - 	               (9, 0.034467711400394174),
[2024-08-13 16:02:14,430][flwr][INFO] - 	               (10, 0.031939325906075594)],
[2024-08-13 16:02:14,430][flwr][INFO] - 	 'recall': [(0, 0.098),
[2024-08-13 16:02:14,430][flwr][INFO] - 	            (1, 0.0206),
[2024-08-13 16:02:14,430][flwr][INFO] - 	            (2, 0.0303),
[2024-08-13 16:02:14,430][flwr][INFO] - 	            (3, 0.028),
[2024-08-13 16:02:14,430][flwr][INFO] - 	            (4, 0.031),
[2024-08-13 16:02:14,430][flwr][INFO] - 	            (5, 0.0297),
[2024-08-13 16:02:14,430][flwr][INFO] - 	            (6, 0.0303),
[2024-08-13 16:02:14,430][flwr][INFO] - 	            (7, 0.0373),
[2024-08-13 16:02:14,430][flwr][INFO] - 	            (8, 0.0302),
[2024-08-13 16:02:14,430][flwr][INFO] - 	            (9, 0.0372),
[2024-08-13 16:02:14,430][flwr][INFO] - 	            (10, 0.0312)]}
[2024-08-13 16:02:14,431][flwr][INFO] - 
