[2024-08-13 10:55:58,810][flwr][INFO] - Starting Flower simulation, config: num_rounds=10, no round_timeout
[2024-08-13 10:56:02,818][flwr][INFO] - Flower VCE: Ray initialized with resources: {'object_store_memory': 2529096499.0, 'node:127.0.0.1': 1.0, 'memory': 5058192999.0, 'node:__internal_head__': 1.0, 'accelerator_type:G': 1.0, 'GPU': 1.0, 'CPU': 16.0}
[2024-08-13 10:56:02,818][flwr][INFO] - Optimize your simulation with Flower VCE: https://flower.ai/docs/framework/how-to-run-simulations.html
[2024-08-13 10:56:02,818][flwr][INFO] - Flower VCE: Resources for each Virtual Client: {'num_cpus': 2, 'num_gpus': 0.5}
[2024-08-13 10:56:02,829][flwr][INFO] - Flower VCE: Creating VirtualClientEngineActorPool with 2 actors
[2024-08-13 10:56:02,830][flwr][INFO] - [INIT]
[2024-08-13 10:56:02,830][flwr][INFO] - Requesting initial parameters from one random client
[2024-08-13 10:56:10,388][flwr][INFO] - Received initial parameters from one random client
[2024-08-13 10:56:10,388][flwr][INFO] - Evaluating initial global parameters
[2024-08-13 10:56:12,609][flwr][INFO] - initial parameters (loss, other metrics): 2.3025850929940455, {'accuracy': 0.098, 'precision': 0.009604000000000001, 'recall': 0.098, 'f1': 0.017493624772313296, 'confusion_matrix': array([[ 980,    0,    0,    0,    0,    0,    0,    0,    0,    0],
       [1135,    0,    0,    0,    0,    0,    0,    0,    0,    0],
       [1032,    0,    0,    0,    0,    0,    0,    0,    0,    0],
       [1010,    0,    0,    0,    0,    0,    0,    0,    0,    0],
       [ 982,    0,    0,    0,    0,    0,    0,    0,    0,    0],
       [ 892,    0,    0,    0,    0,    0,    0,    0,    0,    0],
       [ 958,    0,    0,    0,    0,    0,    0,    0,    0,    0],
       [1028,    0,    0,    0,    0,    0,    0,    0,    0,    0],
       [ 974,    0,    0,    0,    0,    0,    0,    0,    0,    0],
       [1009,    0,    0,    0,    0,    0,    0,    0,    0,    0]],
      dtype=int64)}
[2024-08-13 10:56:12,610][flwr][INFO] - 
[2024-08-13 10:56:12,610][flwr][INFO] - [ROUND 1]
[2024-08-13 10:56:12,610][flwr][INFO] - configure_fit: strategy sampled 10 clients (out of 10)
[2024-08-13 10:56:21,089][flwr][INFO] - aggregate_fit: received 10 results and 0 failures
[2024-08-13 10:56:21,092][flwr][WARNING] - No fit_metrics_aggregation_fn provided
[2024-08-13 10:56:23,181][flwr][INFO] - fit progress: (1, 0.9255836371361891, {'accuracy': 0.7163, 'precision': 0.7796750265403253, 'recall': 0.7163, 'f1': 0.6826636215100746, 'confusion_matrix': array([[ 957,    0,    1,    5,    0,    0,    6,    1,   10,    0],
       [   0, 1066,   23,    8,    0,    0,    4,    1,   33,    0],
       [  91,   28,  645,  132,    8,    0,   24,   22,   67,   15],
       [  26,   10,    8,  875,    0,    0,    8,   13,   59,   11],
       [  37,    9,    2,    1,  428,    0,   26,    5,   49,  425],
       [ 238,   69,    3,  264,    7,    6,   26,   25,  193,   61],
       [ 107,   21,   12,    5,    4,    0,  793,    3,   13,    0],
       [  32,   40,   13,    4,    3,    0,    1,  827,   62,   46],
       [  47,   16,    4,  132,    2,    0,   11,    8,  723,   31],
       [  53,   13,    0,   15,   11,    0,    1,   38,   35,  843]],
      dtype=int64)}, 10.571654600003967)
[2024-08-13 10:56:23,182][flwr][INFO] - configure_evaluate: no clients selected, skipping evaluation
[2024-08-13 10:56:23,182][flwr][INFO] - 
[2024-08-13 10:56:23,182][flwr][INFO] - [ROUND 2]
[2024-08-13 10:56:23,182][flwr][INFO] - configure_fit: strategy sampled 10 clients (out of 10)
[2024-08-13 10:56:29,578][flwr][INFO] - aggregate_fit: received 10 results and 0 failures
[2024-08-13 10:56:31,682][flwr][INFO] - fit progress: (2, 0.7679156791415174, {'accuracy': 0.8146, 'precision': 0.8205537107926939, 'recall': 0.8146, 'f1': 0.8105063792363558, 'confusion_matrix': array([[ 913,    0,    7,    2,    0,    5,   42,    2,    9,    0],
       [   0, 1064,   55,    3,    1,    2,    5,    1,    4,    0],
       [  20,   22,  857,   32,   26,    0,   22,   27,   24,    2],
       [   7,   13,   33,  841,    5,   23,   11,   19,   40,   18],
       [   7,    8,    5,    0,  894,    1,   26,    8,    6,   27],
       [  31,   59,   19,  130,   31,  517,   44,   28,   17,   16],
       [  27,   16,   30,    0,   22,   13,  848,    1,    1,    0],
       [   7,   39,   45,    0,   19,    0,    1,  892,    8,   17],
       [  21,   34,   33,   92,   29,   15,   23,   16,  681,   30],
       [  27,   15,    5,    6,  210,    8,    0,   87,   12,  639]],
      dtype=int64)}, 19.071935600004508)
[2024-08-13 10:56:31,683][flwr][INFO] - configure_evaluate: no clients selected, skipping evaluation
[2024-08-13 10:56:31,683][flwr][INFO] - 
[2024-08-13 10:56:31,683][flwr][INFO] - [ROUND 3]
[2024-08-13 10:56:31,683][flwr][INFO] - configure_fit: strategy sampled 10 clients (out of 10)
[2024-08-13 10:56:37,931][flwr][INFO] - aggregate_fit: received 10 results and 0 failures
[2024-08-13 10:56:40,041][flwr][INFO] - fit progress: (3, 0.8992658252927337, {'accuracy': 0.7365, 'precision': 0.8095181063704056, 'recall': 0.7365, 'f1': 0.727818744102372, 'confusion_matrix': array([[ 846,    1,    1,    6,    0,   66,   29,    0,   26,    5],
       [   0, 1047,    2,    6,    0,    7,    4,    0,   63,    6],
       [  13,   18,  589,  173,    4,    8,   21,   17,  135,   54],
       [   0,    5,    4,  810,    0,   57,    9,    8,   60,   57],
       [   5,    5,    0,    0,  175,   14,   15,    2,   20,  746],
       [   2,   45,    1,   71,    0,  671,   18,    7,   44,   33],
       [  13,   12,   14,    4,    3,   35,  859,    7,    7,    4],
       [   4,   22,   10,    5,    0,    6,    0,  633,   77,  271],
       [   2,   10,    1,   48,    0,   42,    9,    3,  785,   74],
       [   7,    5,    2,    5,    1,   15,    1,    5,   18,  950]],
      dtype=int64)}, 27.431768299997202)
[2024-08-13 10:56:40,042][flwr][INFO] - configure_evaluate: no clients selected, skipping evaluation
[2024-08-13 10:56:40,042][flwr][INFO] - 
[2024-08-13 10:56:40,042][flwr][INFO] - [ROUND 4]
[2024-08-13 10:56:40,043][flwr][INFO] - configure_fit: strategy sampled 10 clients (out of 10)
[2024-08-13 10:56:46,706][flwr][INFO] - aggregate_fit: received 10 results and 0 failures
[2024-08-13 10:56:48,812][flwr][INFO] - fit progress: (4, 0.7894145322301233, {'accuracy': 0.7932, 'precision': 0.8208655539477466, 'recall': 0.7932, 'f1': 0.777416195848065, 'confusion_matrix': array([[ 929,    2,    2,    4,    3,    4,   23,    7,    6,    0],
       [   0, 1073,   41,    3,    2,    4,    5,    2,    5,    0],
       [  15,   14,  843,   46,   31,    0,   19,   36,   28,    0],
       [   5,    8,   18,  870,    6,   27,   10,   25,   39,    2],
       [   7,    5,    2,    0,  929,    2,   15,   16,    4,    2],
       [  21,   64,   10,  101,   38,  575,   31,   35,   15,    2],
       [  13,   14,   25,    1,   23,   12,  859,   11,    0,    0],
       [   5,   31,   38,    2,   20,    0,    1,  924,    7,    0],
       [  16,   45,   25,   99,   38,   20,   23,   27,  681,    0],
       [  27,   12,    3,    8,  395,   20,    1,  279,   15,  249]],
      dtype=int64)}, 36.20250410000153)
[2024-08-13 10:56:48,813][flwr][INFO] - configure_evaluate: no clients selected, skipping evaluation
[2024-08-13 10:56:48,813][flwr][INFO] - 
[2024-08-13 10:56:48,813][flwr][INFO] - [ROUND 5]
[2024-08-13 10:56:48,813][flwr][INFO] - configure_fit: strategy sampled 10 clients (out of 10)
[2024-08-13 10:56:55,313][flwr][INFO] - aggregate_fit: received 10 results and 0 failures
[2024-08-13 10:56:57,418][flwr][INFO] - fit progress: (5, 0.7605737456510551, {'accuracy': 0.8247, 'precision': 0.8391079854907508, 'recall': 0.8247, 'f1': 0.8247027119040171, 'confusion_matrix': array([[ 923,    1,    3,    3,    0,   11,   28,    0,    9,    2],
       [   0, 1071,   31,    3,    1,    5,    5,    0,   17,    2],
       [  13,   13,  826,   44,    9,    1,   28,   25,   52,   21],
       [   3,    8,   14,  830,    1,   41,   13,   13,   39,   48],
       [   5,    6,    3,    0,  636,    0,   28,    3,   10,  291],
       [  15,   61,    8,   77,    9,  616,   34,   13,   28,   31],
       [  15,   14,   21,    1,    9,   15,  874,    6,    1,    2],
       [   8,   31,   37,    1,   14,    0,    1,  792,   32,  112],
       [  10,   29,   14,   49,    4,   21,   19,    5,  751,   72],
       [  21,    8,    4,    6,   13,    7,    2,    9,   11,  928]],
      dtype=int64)}, 44.809022699992056)
[2024-08-13 10:56:57,419][flwr][INFO] - configure_evaluate: no clients selected, skipping evaluation
[2024-08-13 10:56:57,419][flwr][INFO] - 
[2024-08-13 10:56:57,419][flwr][INFO] - [ROUND 6]
[2024-08-13 10:56:57,420][flwr][INFO] - configure_fit: strategy sampled 10 clients (out of 10)
[2024-08-13 10:57:03,749][flwr][INFO] - aggregate_fit: received 10 results and 0 failures
[2024-08-13 10:57:05,849][flwr][INFO] - fit progress: (6, 0.7733856967200167, {'accuracy': 0.7864, 'precision': 0.8237729125149955, 'recall': 0.7864, 'f1': 0.7611190766809746, 'confusion_matrix': array([[ 928,    2,    3,    3,    4,    7,   21,    6,    6,    0],
       [   0, 1076,   31,    4,    2,    5,    5,    2,   10,    0],
       [  12,   13,  826,   45,   39,    0,   19,   38,   40,    0],
       [   1,    7,   15,  870,   10,   31,    9,   25,   41,    1],
       [   2,    4,    1,    0,  945,    2,   13,   11,    3,    1],
       [  16,   52,    8,   88,   44,  606,   30,   28,   19,    1],
       [  14,   14,   19,    1,   35,   15,  852,    8,    0,    0],
       [   5,   28,   33,    3,   23,    0,    1,  927,    8,    0],
       [  15,   34,   14,   72,   45,   21,   20,   21,  732,    0],
       [  24,   10,    3,    7,  582,   21,    1,  233,   26,  102]],
      dtype=int64)}, 53.238761200002045)
[2024-08-13 10:57:05,850][flwr][INFO] - configure_evaluate: no clients selected, skipping evaluation
[2024-08-13 10:57:05,850][flwr][INFO] - 
[2024-08-13 10:57:05,850][flwr][INFO] - [ROUND 7]
[2024-08-13 10:57:05,850][flwr][INFO] - configure_fit: strategy sampled 10 clients (out of 10)
[2024-08-13 10:57:12,372][flwr][INFO] - aggregate_fit: received 10 results and 0 failures
[2024-08-13 10:57:14,462][flwr][INFO] - fit progress: (7, 0.7205967645650647, {'accuracy': 0.845, 'precision': 0.8509452208737143, 'recall': 0.845, 'f1': 0.8444157728924201, 'confusion_matrix': array([[ 924,    3,    4,    4,    0,    9,   28,    2,    6,    0],
       [   0, 1076,   26,    5,    1,    4,    5,    1,   17,    0],
       [  12,   16,  836,   44,    9,    0,   26,   29,   47,   13],
       [   1,    6,   14,  856,    2,   35,   13,   15,   33,   35],
       [   4,    6,    4,    1,  734,    2,   27,    6,   12,  186],
       [  15,   54,    3,   75,   10,  634,   38,   15,   22,   26],
       [  13,   10,   20,    1,    8,   14,  884,    7,    1,    0],
       [   8,   33,   34,    3,   14,    0,    2,  847,   22,   65],
       [  12,   31,   13,   52,    5,   20,   21,    6,  752,   62],
       [  23,    8,    4,    8,   18,   10,    2,   19,   10,  907]],
      dtype=int64)}, 61.852477499996894)
[2024-08-13 10:57:14,463][flwr][INFO] - configure_evaluate: no clients selected, skipping evaluation
[2024-08-13 10:57:14,463][flwr][INFO] - 
[2024-08-13 10:57:14,463][flwr][INFO] - [ROUND 8]
[2024-08-13 10:57:14,463][flwr][INFO] - configure_fit: strategy sampled 10 clients (out of 10)
[2024-08-13 10:57:21,127][flwr][INFO] - aggregate_fit: received 10 results and 0 failures
[2024-08-13 10:57:23,227][flwr][INFO] - fit progress: (8, 0.7224225195878577, {'accuracy': 0.8138, 'precision': 0.8427574636553905, 'recall': 0.8138, 'f1': 0.8041259430822559, 'confusion_matrix': array([[ 935,    3,    3,    1,    5,    5,   17,    5,    6,    0],
       [   0, 1083,   17,    3,    3,    4,    5,    2,   18,    0],
       [  12,   18,  818,   34,   46,    0,   19,   37,   48,    0],
       [   2,   10,   13,  852,   14,   35,   10,   24,   49,    1],
       [   2,    3,    1,    0,  951,    2,   12,    7,    3,    1],
       [  16,   48,    2,   67,   46,  627,   31,   26,   27,    2],
       [  13,   13,   17,    0,   42,   16,  848,    8,    1,    0],
       [   5,   30,   29,    3,   29,    0,    1,  917,   13,    1],
       [  14,   31,   10,   31,   43,   19,   17,   16,  792,    1],
       [  26,   10,    4,    5,  476,   14,    1,  130,   28,  315]],
      dtype=int64)}, 70.61688590000267)
[2024-08-13 10:57:23,228][flwr][INFO] - configure_evaluate: no clients selected, skipping evaluation
[2024-08-13 10:57:23,228][flwr][INFO] - 
[2024-08-13 10:57:23,228][flwr][INFO] - [ROUND 9]
[2024-08-13 10:57:23,228][flwr][INFO] - configure_fit: strategy sampled 10 clients (out of 10)
[2024-08-13 10:57:29,871][flwr][INFO] - aggregate_fit: received 10 results and 0 failures
[2024-08-13 10:57:32,112][flwr][INFO] - fit progress: (9, 0.695027014475344, {'accuracy': 0.8457, 'precision': 0.8544969941106678, 'recall': 0.8457, 'f1': 0.8455649507678751, 'confusion_matrix': array([[ 926,    3,    4,    4,    1,    9,   25,    2,    6,    0],
       [   0, 1076,   24,    6,    1,    5,    5,    1,   15,    2],
       [  11,   15,  843,   39,    9,    0,   25,   29,   45,   16],
       [   1,    5,   12,  863,    2,   36,   11,   15,   25,   40],
       [   4,    5,    5,    1,  706,    2,   24,    6,    8,  221],
       [  13,   45,    3,   65,   10,  656,   34,   15,   21,   30],
       [  13,   11,   17,    1,    5,   17,  884,    8,    1,    1],
       [   8,   30,   32,    4,   12,    0,    2,  850,   14,   76],
       [  12,   30,   14,   47,    5,   33,   20,    6,  726,   81],
       [  20,    6,    5,    7,   14,    8,    1,   15,    6,  927]],
      dtype=int64)}, 79.50248159999319)
[2024-08-13 10:57:32,113][flwr][INFO] - configure_evaluate: no clients selected, skipping evaluation
[2024-08-13 10:57:32,113][flwr][INFO] - 
[2024-08-13 10:57:32,113][flwr][INFO] - [ROUND 10]
[2024-08-13 10:57:32,114][flwr][INFO] - configure_fit: strategy sampled 10 clients (out of 10)
[2024-08-13 10:57:38,454][flwr][INFO] - aggregate_fit: received 10 results and 0 failures
[2024-08-13 10:57:40,540][flwr][INFO] - fit progress: (10, 0.7081795052942096, {'accuracy': 0.8228, 'precision': 0.8464500193112271, 'recall': 0.8228, 'f1': 0.8152689807601515, 'confusion_matrix': array([[ 931,    2,    4,    4,    4,    5,   17,    5,    8,    0],
       [   0, 1076,   16,    3,    2,    4,    5,    2,   27,    0],
       [  11,   15,  822,   33,   42,    0,   18,   31,   59,    1],
       [   3,    9,   13,  844,   11,   34,   10,   23,   61,    2],
       [   2,    3,    1,    0,  948,    2,   12,    7,    5,    2],
       [  16,   41,    2,   61,   38,  634,   33,   23,   42,    2],
       [  12,   11,   13,    0,   37,   13,  864,    7,    1,    0],
       [   7,   28,   29,    2,   29,    0,    0,  907,   25,    1],
       [  12,   20,   11,   27,   33,   18,   18,    9,  826,    0],
       [  31,    8,    4,    4,  399,   14,    1,  114,   58,  376]],
      dtype=int64)}, 87.93025750000379)
[2024-08-13 10:57:40,541][flwr][INFO] - configure_evaluate: no clients selected, skipping evaluation
[2024-08-13 10:57:40,541][flwr][INFO] - 
[2024-08-13 10:57:40,541][flwr][INFO] - [SUMMARY]
[2024-08-13 10:57:40,541][flwr][INFO] - Run finished 10 round(s) in 87.93s
[2024-08-13 10:57:40,549][flwr][INFO] - 	History (loss, centralized):
[2024-08-13 10:57:40,549][flwr][INFO] - 		round 0: 2.3025850929940455
[2024-08-13 10:57:40,549][flwr][INFO] - 		round 1: 0.9255836371361891
[2024-08-13 10:57:40,549][flwr][INFO] - 		round 2: 0.7679156791415174
[2024-08-13 10:57:40,549][flwr][INFO] - 		round 3: 0.8992658252927337
[2024-08-13 10:57:40,550][flwr][INFO] - 		round 4: 0.7894145322301233
[2024-08-13 10:57:40,550][flwr][INFO] - 		round 5: 0.7605737456510551
[2024-08-13 10:57:40,550][flwr][INFO] - 		round 6: 0.7733856967200167
[2024-08-13 10:57:40,550][flwr][INFO] - 		round 7: 0.7205967645650647
[2024-08-13 10:57:40,550][flwr][INFO] - 		round 8: 0.7224225195878577
[2024-08-13 10:57:40,550][flwr][INFO] - 		round 9: 0.695027014475344
[2024-08-13 10:57:40,550][flwr][INFO] - 		round 10: 0.7081795052942096
[2024-08-13 10:57:40,550][flwr][INFO] - 	History (metrics, centralized):
[2024-08-13 10:57:40,550][flwr][INFO] - 	{'accuracy': [(0, 0.098),
[2024-08-13 10:57:40,550][flwr][INFO] - 	              (1, 0.7163),
[2024-08-13 10:57:40,550][flwr][INFO] - 	              (2, 0.8146),
[2024-08-13 10:57:40,550][flwr][INFO] - 	              (3, 0.7365),
[2024-08-13 10:57:40,550][flwr][INFO] - 	              (4, 0.7932),
[2024-08-13 10:57:40,550][flwr][INFO] - 	              (5, 0.8247),
[2024-08-13 10:57:40,550][flwr][INFO] - 	              (6, 0.7864),
[2024-08-13 10:57:40,551][flwr][INFO] - 	              (7, 0.845),
[2024-08-13 10:57:40,551][flwr][INFO] - 	              (8, 0.8138),
[2024-08-13 10:57:40,551][flwr][INFO] - 	              (9, 0.8457),
[2024-08-13 10:57:40,551][flwr][INFO] - 	              (10, 0.8228)],
[2024-08-13 10:57:40,551][flwr][INFO] - 	 'confusion_matrix': [(0,
[2024-08-13 10:57:40,551][flwr][INFO] - 	                       array([[ 980,    0,    0,    0,    0,    0,    0,    0,    0,    0],
[2024-08-13 10:57:40,551][flwr][INFO] - 	       [1135,    0,    0,    0,    0,    0,    0,    0,    0,    0],
[2024-08-13 10:57:40,551][flwr][INFO] - 	       [1032,    0,    0,    0,    0,    0,    0,    0,    0,    0],
[2024-08-13 10:57:40,551][flwr][INFO] - 	       [1010,    0,    0,    0,    0,    0,    0,    0,    0,    0],
[2024-08-13 10:57:40,551][flwr][INFO] - 	       [ 982,    0,    0,    0,    0,    0,    0,    0,    0,    0],
[2024-08-13 10:57:40,551][flwr][INFO] - 	       [ 892,    0,    0,    0,    0,    0,    0,    0,    0,    0],
[2024-08-13 10:57:40,551][flwr][INFO] - 	       [ 958,    0,    0,    0,    0,    0,    0,    0,    0,    0],
[2024-08-13 10:57:40,551][flwr][INFO] - 	       [1028,    0,    0,    0,    0,    0,    0,    0,    0,    0],
[2024-08-13 10:57:40,551][flwr][INFO] - 	       [ 974,    0,    0,    0,    0,    0,    0,    0,    0,    0],
[2024-08-13 10:57:40,551][flwr][INFO] - 	       [1009,    0,    0,    0,    0,    0,    0,    0,    0,    0]],
[2024-08-13 10:57:40,551][flwr][INFO] - 	      dtype=int64)),
[2024-08-13 10:57:40,551][flwr][INFO] - 	                      (1,
[2024-08-13 10:57:40,552][flwr][INFO] - 	                       array([[ 957,    0,    1,    5,    0,    0,    6,    1,   10,    0],
[2024-08-13 10:57:40,552][flwr][INFO] - 	       [   0, 1066,   23,    8,    0,    0,    4,    1,   33,    0],
[2024-08-13 10:57:40,552][flwr][INFO] - 	       [  91,   28,  645,  132,    8,    0,   24,   22,   67,   15],
[2024-08-13 10:57:40,552][flwr][INFO] - 	       [  26,   10,    8,  875,    0,    0,    8,   13,   59,   11],
[2024-08-13 10:57:40,552][flwr][INFO] - 	       [  37,    9,    2,    1,  428,    0,   26,    5,   49,  425],
[2024-08-13 10:57:40,552][flwr][INFO] - 	       [ 238,   69,    3,  264,    7,    6,   26,   25,  193,   61],
[2024-08-13 10:57:40,552][flwr][INFO] - 	       [ 107,   21,   12,    5,    4,    0,  793,    3,   13,    0],
[2024-08-13 10:57:40,552][flwr][INFO] - 	       [  32,   40,   13,    4,    3,    0,    1,  827,   62,   46],
[2024-08-13 10:57:40,552][flwr][INFO] - 	       [  47,   16,    4,  132,    2,    0,   11,    8,  723,   31],
[2024-08-13 10:57:40,552][flwr][INFO] - 	       [  53,   13,    0,   15,   11,    0,    1,   38,   35,  843]],
[2024-08-13 10:57:40,552][flwr][INFO] - 	      dtype=int64)),
[2024-08-13 10:57:40,552][flwr][INFO] - 	                      (2,
[2024-08-13 10:57:40,552][flwr][INFO] - 	                       array([[ 913,    0,    7,    2,    0,    5,   42,    2,    9,    0],
[2024-08-13 10:57:40,552][flwr][INFO] - 	       [   0, 1064,   55,    3,    1,    2,    5,    1,    4,    0],
[2024-08-13 10:57:40,552][flwr][INFO] - 	       [  20,   22,  857,   32,   26,    0,   22,   27,   24,    2],
[2024-08-13 10:57:40,552][flwr][INFO] - 	       [   7,   13,   33,  841,    5,   23,   11,   19,   40,   18],
[2024-08-13 10:57:40,552][flwr][INFO] - 	       [   7,    8,    5,    0,  894,    1,   26,    8,    6,   27],
[2024-08-13 10:57:40,553][flwr][INFO] - 	       [  31,   59,   19,  130,   31,  517,   44,   28,   17,   16],
[2024-08-13 10:57:40,553][flwr][INFO] - 	       [  27,   16,   30,    0,   22,   13,  848,    1,    1,    0],
[2024-08-13 10:57:40,553][flwr][INFO] - 	       [   7,   39,   45,    0,   19,    0,    1,  892,    8,   17],
[2024-08-13 10:57:40,553][flwr][INFO] - 	       [  21,   34,   33,   92,   29,   15,   23,   16,  681,   30],
[2024-08-13 10:57:40,553][flwr][INFO] - 	       [  27,   15,    5,    6,  210,    8,    0,   87,   12,  639]],
[2024-08-13 10:57:40,553][flwr][INFO] - 	      dtype=int64)),
[2024-08-13 10:57:40,553][flwr][INFO] - 	                      (3,
[2024-08-13 10:57:40,553][flwr][INFO] - 	                       array([[ 846,    1,    1,    6,    0,   66,   29,    0,   26,    5],
[2024-08-13 10:57:40,553][flwr][INFO] - 	       [   0, 1047,    2,    6,    0,    7,    4,    0,   63,    6],
[2024-08-13 10:57:40,553][flwr][INFO] - 	       [  13,   18,  589,  173,    4,    8,   21,   17,  135,   54],
[2024-08-13 10:57:40,553][flwr][INFO] - 	       [   0,    5,    4,  810,    0,   57,    9,    8,   60,   57],
[2024-08-13 10:57:40,553][flwr][INFO] - 	       [   5,    5,    0,    0,  175,   14,   15,    2,   20,  746],
[2024-08-13 10:57:40,553][flwr][INFO] - 	       [   2,   45,    1,   71,    0,  671,   18,    7,   44,   33],
[2024-08-13 10:57:40,553][flwr][INFO] - 	       [  13,   12,   14,    4,    3,   35,  859,    7,    7,    4],
[2024-08-13 10:57:40,553][flwr][INFO] - 	       [   4,   22,   10,    5,    0,    6,    0,  633,   77,  271],
[2024-08-13 10:57:40,553][flwr][INFO] - 	       [   2,   10,    1,   48,    0,   42,    9,    3,  785,   74],
[2024-08-13 10:57:40,553][flwr][INFO] - 	       [   7,    5,    2,    5,    1,   15,    1,    5,   18,  950]],
[2024-08-13 10:57:40,554][flwr][INFO] - 	      dtype=int64)),
[2024-08-13 10:57:40,554][flwr][INFO] - 	                      (4,
[2024-08-13 10:57:40,554][flwr][INFO] - 	                       array([[ 929,    2,    2,    4,    3,    4,   23,    7,    6,    0],
[2024-08-13 10:57:40,554][flwr][INFO] - 	       [   0, 1073,   41,    3,    2,    4,    5,    2,    5,    0],
[2024-08-13 10:57:40,554][flwr][INFO] - 	       [  15,   14,  843,   46,   31,    0,   19,   36,   28,    0],
[2024-08-13 10:57:40,554][flwr][INFO] - 	       [   5,    8,   18,  870,    6,   27,   10,   25,   39,    2],
[2024-08-13 10:57:40,554][flwr][INFO] - 	       [   7,    5,    2,    0,  929,    2,   15,   16,    4,    2],
[2024-08-13 10:57:40,554][flwr][INFO] - 	       [  21,   64,   10,  101,   38,  575,   31,   35,   15,    2],
[2024-08-13 10:57:40,554][flwr][INFO] - 	       [  13,   14,   25,    1,   23,   12,  859,   11,    0,    0],
[2024-08-13 10:57:40,554][flwr][INFO] - 	       [   5,   31,   38,    2,   20,    0,    1,  924,    7,    0],
[2024-08-13 10:57:40,554][flwr][INFO] - 	       [  16,   45,   25,   99,   38,   20,   23,   27,  681,    0],
[2024-08-13 10:57:40,554][flwr][INFO] - 	       [  27,   12,    3,    8,  395,   20,    1,  279,   15,  249]],
[2024-08-13 10:57:40,554][flwr][INFO] - 	      dtype=int64)),
[2024-08-13 10:57:40,554][flwr][INFO] - 	                      (5,
[2024-08-13 10:57:40,554][flwr][INFO] - 	                       array([[ 923,    1,    3,    3,    0,   11,   28,    0,    9,    2],
[2024-08-13 10:57:40,554][flwr][INFO] - 	       [   0, 1071,   31,    3,    1,    5,    5,    0,   17,    2],
[2024-08-13 10:57:40,554][flwr][INFO] - 	       [  13,   13,  826,   44,    9,    1,   28,   25,   52,   21],
[2024-08-13 10:57:40,555][flwr][INFO] - 	       [   3,    8,   14,  830,    1,   41,   13,   13,   39,   48],
[2024-08-13 10:57:40,555][flwr][INFO] - 	       [   5,    6,    3,    0,  636,    0,   28,    3,   10,  291],
[2024-08-13 10:57:40,555][flwr][INFO] - 	       [  15,   61,    8,   77,    9,  616,   34,   13,   28,   31],
[2024-08-13 10:57:40,555][flwr][INFO] - 	       [  15,   14,   21,    1,    9,   15,  874,    6,    1,    2],
[2024-08-13 10:57:40,555][flwr][INFO] - 	       [   8,   31,   37,    1,   14,    0,    1,  792,   32,  112],
[2024-08-13 10:57:40,555][flwr][INFO] - 	       [  10,   29,   14,   49,    4,   21,   19,    5,  751,   72],
[2024-08-13 10:57:40,555][flwr][INFO] - 	       [  21,    8,    4,    6,   13,    7,    2,    9,   11,  928]],
[2024-08-13 10:57:40,555][flwr][INFO] - 	      dtype=int64)),
[2024-08-13 10:57:40,555][flwr][INFO] - 	                      (6,
[2024-08-13 10:57:40,555][flwr][INFO] - 	                       array([[ 928,    2,    3,    3,    4,    7,   21,    6,    6,    0],
[2024-08-13 10:57:40,555][flwr][INFO] - 	       [   0, 1076,   31,    4,    2,    5,    5,    2,   10,    0],
[2024-08-13 10:57:40,555][flwr][INFO] - 	       [  12,   13,  826,   45,   39,    0,   19,   38,   40,    0],
[2024-08-13 10:57:40,555][flwr][INFO] - 	       [   1,    7,   15,  870,   10,   31,    9,   25,   41,    1],
[2024-08-13 10:57:40,555][flwr][INFO] - 	       [   2,    4,    1,    0,  945,    2,   13,   11,    3,    1],
[2024-08-13 10:57:40,555][flwr][INFO] - 	       [  16,   52,    8,   88,   44,  606,   30,   28,   19,    1],
[2024-08-13 10:57:40,555][flwr][INFO] - 	       [  14,   14,   19,    1,   35,   15,  852,    8,    0,    0],
[2024-08-13 10:57:40,555][flwr][INFO] - 	       [   5,   28,   33,    3,   23,    0,    1,  927,    8,    0],
[2024-08-13 10:57:40,556][flwr][INFO] - 	       [  15,   34,   14,   72,   45,   21,   20,   21,  732,    0],
[2024-08-13 10:57:40,556][flwr][INFO] - 	       [  24,   10,    3,    7,  582,   21,    1,  233,   26,  102]],
[2024-08-13 10:57:40,556][flwr][INFO] - 	      dtype=int64)),
[2024-08-13 10:57:40,556][flwr][INFO] - 	                      (7,
[2024-08-13 10:57:40,556][flwr][INFO] - 	                       array([[ 924,    3,    4,    4,    0,    9,   28,    2,    6,    0],
[2024-08-13 10:57:40,556][flwr][INFO] - 	       [   0, 1076,   26,    5,    1,    4,    5,    1,   17,    0],
[2024-08-13 10:57:40,556][flwr][INFO] - 	       [  12,   16,  836,   44,    9,    0,   26,   29,   47,   13],
[2024-08-13 10:57:40,556][flwr][INFO] - 	       [   1,    6,   14,  856,    2,   35,   13,   15,   33,   35],
[2024-08-13 10:57:40,556][flwr][INFO] - 	       [   4,    6,    4,    1,  734,    2,   27,    6,   12,  186],
[2024-08-13 10:57:40,556][flwr][INFO] - 	       [  15,   54,    3,   75,   10,  634,   38,   15,   22,   26],
[2024-08-13 10:57:40,556][flwr][INFO] - 	       [  13,   10,   20,    1,    8,   14,  884,    7,    1,    0],
[2024-08-13 10:57:40,556][flwr][INFO] - 	       [   8,   33,   34,    3,   14,    0,    2,  847,   22,   65],
[2024-08-13 10:57:40,556][flwr][INFO] - 	       [  12,   31,   13,   52,    5,   20,   21,    6,  752,   62],
[2024-08-13 10:57:40,556][flwr][INFO] - 	       [  23,    8,    4,    8,   18,   10,    2,   19,   10,  907]],
[2024-08-13 10:57:40,556][flwr][INFO] - 	      dtype=int64)),
[2024-08-13 10:57:40,556][flwr][INFO] - 	                      (8,
[2024-08-13 10:57:40,556][flwr][INFO] - 	                       array([[ 935,    3,    3,    1,    5,    5,   17,    5,    6,    0],
[2024-08-13 10:57:40,557][flwr][INFO] - 	       [   0, 1083,   17,    3,    3,    4,    5,    2,   18,    0],
[2024-08-13 10:57:40,557][flwr][INFO] - 	       [  12,   18,  818,   34,   46,    0,   19,   37,   48,    0],
[2024-08-13 10:57:40,557][flwr][INFO] - 	       [   2,   10,   13,  852,   14,   35,   10,   24,   49,    1],
[2024-08-13 10:57:40,557][flwr][INFO] - 	       [   2,    3,    1,    0,  951,    2,   12,    7,    3,    1],
[2024-08-13 10:57:40,557][flwr][INFO] - 	       [  16,   48,    2,   67,   46,  627,   31,   26,   27,    2],
[2024-08-13 10:57:40,557][flwr][INFO] - 	       [  13,   13,   17,    0,   42,   16,  848,    8,    1,    0],
[2024-08-13 10:57:40,557][flwr][INFO] - 	       [   5,   30,   29,    3,   29,    0,    1,  917,   13,    1],
[2024-08-13 10:57:40,557][flwr][INFO] - 	       [  14,   31,   10,   31,   43,   19,   17,   16,  792,    1],
[2024-08-13 10:57:40,557][flwr][INFO] - 	       [  26,   10,    4,    5,  476,   14,    1,  130,   28,  315]],
[2024-08-13 10:57:40,557][flwr][INFO] - 	      dtype=int64)),
[2024-08-13 10:57:40,557][flwr][INFO] - 	                      (9,
[2024-08-13 10:57:40,557][flwr][INFO] - 	                       array([[ 926,    3,    4,    4,    1,    9,   25,    2,    6,    0],
[2024-08-13 10:57:40,557][flwr][INFO] - 	       [   0, 1076,   24,    6,    1,    5,    5,    1,   15,    2],
[2024-08-13 10:57:40,557][flwr][INFO] - 	       [  11,   15,  843,   39,    9,    0,   25,   29,   45,   16],
[2024-08-13 10:57:40,557][flwr][INFO] - 	       [   1,    5,   12,  863,    2,   36,   11,   15,   25,   40],
[2024-08-13 10:57:40,557][flwr][INFO] - 	       [   4,    5,    5,    1,  706,    2,   24,    6,    8,  221],
[2024-08-13 10:57:40,557][flwr][INFO] - 	       [  13,   45,    3,   65,   10,  656,   34,   15,   21,   30],
[2024-08-13 10:57:40,558][flwr][INFO] - 	       [  13,   11,   17,    1,    5,   17,  884,    8,    1,    1],
[2024-08-13 10:57:40,558][flwr][INFO] - 	       [   8,   30,   32,    4,   12,    0,    2,  850,   14,   76],
[2024-08-13 10:57:40,558][flwr][INFO] - 	       [  12,   30,   14,   47,    5,   33,   20,    6,  726,   81],
[2024-08-13 10:57:40,558][flwr][INFO] - 	       [  20,    6,    5,    7,   14,    8,    1,   15,    6,  927]],
[2024-08-13 10:57:40,558][flwr][INFO] - 	      dtype=int64)),
[2024-08-13 10:57:40,558][flwr][INFO] - 	                      (10,
[2024-08-13 10:57:40,558][flwr][INFO] - 	                       array([[ 931,    2,    4,    4,    4,    5,   17,    5,    8,    0],
[2024-08-13 10:57:40,558][flwr][INFO] - 	       [   0, 1076,   16,    3,    2,    4,    5,    2,   27,    0],
[2024-08-13 10:57:40,558][flwr][INFO] - 	       [  11,   15,  822,   33,   42,    0,   18,   31,   59,    1],
[2024-08-13 10:57:40,558][flwr][INFO] - 	       [   3,    9,   13,  844,   11,   34,   10,   23,   61,    2],
[2024-08-13 10:57:40,558][flwr][INFO] - 	       [   2,    3,    1,    0,  948,    2,   12,    7,    5,    2],
[2024-08-13 10:57:40,558][flwr][INFO] - 	       [  16,   41,    2,   61,   38,  634,   33,   23,   42,    2],
[2024-08-13 10:57:40,558][flwr][INFO] - 	       [  12,   11,   13,    0,   37,   13,  864,    7,    1,    0],
[2024-08-13 10:57:40,558][flwr][INFO] - 	       [   7,   28,   29,    2,   29,    0,    0,  907,   25,    1],
[2024-08-13 10:57:40,558][flwr][INFO] - 	       [  12,   20,   11,   27,   33,   18,   18,    9,  826,    0],
[2024-08-13 10:57:40,558][flwr][INFO] - 	       [  31,    8,    4,    4,  399,   14,    1,  114,   58,  376]],
[2024-08-13 10:57:40,558][flwr][INFO] - 	      dtype=int64))],
[2024-08-13 10:57:40,559][flwr][INFO] - 	 'f1': [(0, 0.017493624772313296),
[2024-08-13 10:57:40,559][flwr][INFO] - 	        (1, 0.6826636215100746),
[2024-08-13 10:57:40,559][flwr][INFO] - 	        (2, 0.8105063792363558),
[2024-08-13 10:57:40,559][flwr][INFO] - 	        (3, 0.727818744102372),
[2024-08-13 10:57:40,559][flwr][INFO] - 	        (4, 0.777416195848065),
[2024-08-13 10:57:40,559][flwr][INFO] - 	        (5, 0.8247027119040171),
[2024-08-13 10:57:40,559][flwr][INFO] - 	        (6, 0.7611190766809746),
[2024-08-13 10:57:40,559][flwr][INFO] - 	        (7, 0.8444157728924201),
[2024-08-13 10:57:40,559][flwr][INFO] - 	        (8, 0.8041259430822559),
[2024-08-13 10:57:40,559][flwr][INFO] - 	        (9, 0.8455649507678751),
[2024-08-13 10:57:40,559][flwr][INFO] - 	        (10, 0.8152689807601515)],
[2024-08-13 10:57:40,559][flwr][INFO] - 	 'precision': [(0, 0.009604000000000001),
[2024-08-13 10:57:40,559][flwr][INFO] - 	               (1, 0.7796750265403253),
[2024-08-13 10:57:40,559][flwr][INFO] - 	               (2, 0.8205537107926939),
[2024-08-13 10:57:40,559][flwr][INFO] - 	               (3, 0.8095181063704056),
[2024-08-13 10:57:40,559][flwr][INFO] - 	               (4, 0.8208655539477466),
[2024-08-13 10:57:40,559][flwr][INFO] - 	               (5, 0.8391079854907508),
[2024-08-13 10:57:40,560][flwr][INFO] - 	               (6, 0.8237729125149955),
[2024-08-13 10:57:40,560][flwr][INFO] - 	               (7, 0.8509452208737143),
[2024-08-13 10:57:40,560][flwr][INFO] - 	               (8, 0.8427574636553905),
[2024-08-13 10:57:40,560][flwr][INFO] - 	               (9, 0.8544969941106678),
[2024-08-13 10:57:40,560][flwr][INFO] - 	               (10, 0.8464500193112271)],
[2024-08-13 10:57:40,560][flwr][INFO] - 	 'recall': [(0, 0.098),
[2024-08-13 10:57:40,560][flwr][INFO] - 	            (1, 0.7163),
[2024-08-13 10:57:40,560][flwr][INFO] - 	            (2, 0.8146),
[2024-08-13 10:57:40,560][flwr][INFO] - 	            (3, 0.7365),
[2024-08-13 10:57:40,560][flwr][INFO] - 	            (4, 0.7932),
[2024-08-13 10:57:40,560][flwr][INFO] - 	            (5, 0.8247),
[2024-08-13 10:57:40,560][flwr][INFO] - 	            (6, 0.7864),
[2024-08-13 10:57:40,560][flwr][INFO] - 	            (7, 0.845),
[2024-08-13 10:57:40,560][flwr][INFO] - 	            (8, 0.8138),
[2024-08-13 10:57:40,560][flwr][INFO] - 	            (9, 0.8457),
[2024-08-13 10:57:40,560][flwr][INFO] - 	            (10, 0.8228)]}
[2024-08-13 10:57:40,561][flwr][INFO] - 
