[2024-08-13 15:16:43,549][flwr][INFO] - Starting Flower simulation, config: num_rounds=10, no round_timeout
[2024-08-13 15:16:47,697][flwr][INFO] - Flower VCE: Ray initialized with resources: {'object_store_memory': 2414894284.0, 'node:127.0.0.1': 1.0, 'memory': 4829788571.0, 'node:__internal_head__': 1.0, 'CPU': 16.0, 'accelerator_type:G': 1.0, 'GPU': 1.0}
[2024-08-13 15:16:47,697][flwr][INFO] - Optimize your simulation with Flower VCE: https://flower.ai/docs/framework/how-to-run-simulations.html
[2024-08-13 15:16:47,697][flwr][INFO] - Flower VCE: Resources for each Virtual Client: {'num_cpus': 2, 'num_gpus': 0.5}
[2024-08-13 15:16:47,708][flwr][INFO] - Flower VCE: Creating VirtualClientEngineActorPool with 2 actors
[2024-08-13 15:16:47,711][flwr][INFO] - [INIT]
[2024-08-13 15:16:47,711][flwr][INFO] - Requesting initial parameters from one random client
[2024-08-13 15:16:55,093][flwr][INFO] - Received initial parameters from one random client
[2024-08-13 15:16:55,093][flwr][INFO] - Evaluating initial global parameters
[2024-08-13 15:16:57,346][flwr][INFO] - initial parameters (loss, other metrics): 2.3025850929940455, {'accuracy': 0.098, 'precision': 0.009604000000000001, 'recall': 0.098, 'f1': 0.017493624772313296, 'confusion_matrix': array([[ 980,    0,    0,    0,    0,    0,    0,    0,    0,    0],
       [1135,    0,    0,    0,    0,    0,    0,    0,    0,    0],
       [1032,    0,    0,    0,    0,    0,    0,    0,    0,    0],
       [1010,    0,    0,    0,    0,    0,    0,    0,    0,    0],
       [ 982,    0,    0,    0,    0,    0,    0,    0,    0,    0],
       [ 892,    0,    0,    0,    0,    0,    0,    0,    0,    0],
       [ 958,    0,    0,    0,    0,    0,    0,    0,    0,    0],
       [1028,    0,    0,    0,    0,    0,    0,    0,    0,    0],
       [ 974,    0,    0,    0,    0,    0,    0,    0,    0,    0],
       [1009,    0,    0,    0,    0,    0,    0,    0,    0,    0]],
      dtype=int64)}
[2024-08-13 15:16:57,346][flwr][INFO] - 
[2024-08-13 15:16:57,347][flwr][INFO] - [ROUND 1]
[2024-08-13 15:16:57,347][flwr][INFO] - configure_fit: strategy sampled 10 clients (out of 100)
[2024-08-13 15:17:00,960][flwr][INFO] - aggregate_fit: received 10 results and 0 failures
[2024-08-13 15:17:00,963][flwr][WARNING] - No fit_metrics_aggregation_fn provided
[2024-08-13 15:17:03,062][flwr][INFO] - fit progress: (1, 1.3917033661165024, {'accuracy': 0.4932, 'precision': 0.5999360334705318, 'recall': 0.4932, 'f1': 0.43862633860741046, 'confusion_matrix': array([[965,   0,   2,   3,   0,   0,   2,   1,   1,   6],
       [  0, 255, 803,   4,   0,   0,   2,   0,   1,  70],
       [ 75,   1, 818,  82,   0,   0,   9,   8,  12,  27],
       [ 38,   0,  34, 822,   3,   0,   2,   4,   5, 102],
       [ 79,   0,  16,   0, 149,   0,   5,   6,   2, 725],
       [324,  19,  75, 207,   2,   0,  11,   6,  21, 227],
       [210,   1, 129,   4,   8,   0, 569,  16,   0,  21],
       [ 81,   0,  74,   1,   1,   0,   0, 367,  48, 456],
       [ 96,   0,  97, 188,   2,   0,   1,   1,  85, 504],
       [ 81,   0,   4,   6,  10,   0,   0,   4,   2, 902]], dtype=int64)}, 5.7159095000097295)
[2024-08-13 15:17:03,063][flwr][INFO] - configure_evaluate: no clients selected, skipping evaluation
[2024-08-13 15:17:03,063][flwr][INFO] - 
[2024-08-13 15:17:03,063][flwr][INFO] - [ROUND 2]
[2024-08-13 15:17:03,064][flwr][INFO] - configure_fit: strategy sampled 10 clients (out of 100)
[2024-08-13 15:17:04,285][flwr][INFO] - aggregate_fit: received 10 results and 0 failures
[2024-08-13 15:17:06,385][flwr][INFO] - fit progress: (2, 1.233789427606279, {'accuracy': 0.6617, 'precision': 0.737022588913798, 'recall': 0.6617, 'f1': 0.625656397497245, 'confusion_matrix': array([[ 731,   23,    2,   13,    3,    4,  175,   14,   15,    0],
       [   0, 1029,   69,    3,    2,    0,    7,    2,   23,    0],
       [   0,   37,  557,  237,   28,    0,   48,   57,   68,    0],
       [   0,   20,    5,  765,   60,   11,   24,   18,  107,    0],
       [   1,    5,    1,    0,  778,    2,   34,  118,   43,    0],
       [   5,  112,    2,  116,   65,  348,  101,   35,  108,    0],
       [   4,   17,   12,    1,   17,    1,  848,   57,    1,    0],
       [   2,   23,   16,    3,   21,    0,    1,  853,  109,    0],
       [   2,   47,    3,   94,   61,    8,   44,    8,  707,    0],
       [  12,    7,    0,    4,  430,   11,    4,  311,  229,    1]],
      dtype=int64)}, 9.038180000003194)
[2024-08-13 15:17:06,386][flwr][INFO] - configure_evaluate: no clients selected, skipping evaluation
[2024-08-13 15:17:06,386][flwr][INFO] - 
[2024-08-13 15:17:06,386][flwr][INFO] - [ROUND 3]
[2024-08-13 15:17:06,386][flwr][INFO] - configure_fit: strategy sampled 10 clients (out of 100)
[2024-08-13 15:17:07,507][flwr][INFO] - aggregate_fit: received 10 results and 0 failures
[2024-08-13 15:17:09,622][flwr][INFO] - fit progress: (3, 1.1462302536801483, {'accuracy': 0.6804, 'precision': 0.7469264828892145, 'recall': 0.6804, 'f1': 0.6721979904707316, 'confusion_matrix': array([[932,   8,   5,   3,   0,   4,  17,   2,   0,   9],
       [  0, 833, 270,   1,   0,   2,   2,   0,   0,  27],
       [ 17,   6, 884,  53,   8,   0,  12,  14,  15,  23],
       [  6,  12,  41, 761,  13,  43,   6,  11,   5, 112],
       [ 21,   4,  12,   0, 450,   5,   8,  12,   2, 468],
       [ 35,  79,  38,  94,  14, 512,  20,  11,  12,  77],
       [ 41,  15, 100,   1,  19,  17, 723,  39,   0,   3],
       [ 27,  20,  61,   1,  12,   1,   0, 637,  29, 240],
       [ 27,  36,  83, 101,  16,  23,   4,   2, 148, 534],
       [ 43,   3,   5,   2,  19,   4,   0,   8,   1, 924]], dtype=int64)}, 12.275585499999579)
[2024-08-13 15:17:09,623][flwr][INFO] - configure_evaluate: no clients selected, skipping evaluation
[2024-08-13 15:17:09,623][flwr][INFO] - 
[2024-08-13 15:17:09,623][flwr][INFO] - [ROUND 4]
[2024-08-13 15:17:09,624][flwr][INFO] - configure_fit: strategy sampled 10 clients (out of 100)
[2024-08-13 15:17:10,807][flwr][INFO] - aggregate_fit: received 10 results and 0 failures
[2024-08-13 15:17:12,917][flwr][INFO] - fit progress: (4, 1.1823807065492185, {'accuracy': 0.6666, 'precision': 0.7449184096258569, 'recall': 0.6666, 'f1': 0.630945173998998, 'confusion_matrix': array([[ 716,   97,    0,    8,    5,    2,  125,    9,   18,    0],
       [   0, 1042,   28,    6,    1,    1,    8,    2,   47,    0],
       [   0,   49,  452,  309,   35,    0,   52,   40,   95,    0],
       [   0,   22,    3,  782,   40,   16,   25,   13,  109,    0],
       [   3,    5,    0,    0,  819,    5,   42,   62,   46,    0],
       [   7,  107,    1,   89,   44,  385,  109,   18,  132,    0],
       [   2,   21,    8,    0,   10,    0,  880,   36,    1,    0],
       [   7,   23,   13,    4,   20,    0,    2,  802,  157,    0],
       [   1,   39,    2,   69,   36,    8,   43,    4,  772,    0],
       [  28,    6,    1,    3,  382,   23,    5,  199,  346,   16]],
      dtype=int64)}, 15.570825600007083)
[2024-08-13 15:17:12,918][flwr][INFO] - configure_evaluate: no clients selected, skipping evaluation
[2024-08-13 15:17:12,918][flwr][INFO] - 
[2024-08-13 15:17:12,918][flwr][INFO] - [ROUND 5]
[2024-08-13 15:17:12,918][flwr][INFO] - configure_fit: strategy sampled 10 clients (out of 100)
[2024-08-13 15:17:14,120][flwr][INFO] - aggregate_fit: received 10 results and 0 failures
[2024-08-13 15:17:16,225][flwr][INFO] - fit progress: (5, 1.1346412830916464, {'accuracy': 0.6863, 'precision': 0.7424447332032839, 'recall': 0.6863, 'f1': 0.6702831011424689, 'confusion_matrix': array([[933,  15,   2,   4,   0,   3,  10,   8,   0,   5],
       [  0, 785, 311,   7,   1,   4,   3,   2,   0,  22],
       [ 20,   6, 810,  88,  12,   1,  16,  38,  12,  29],
       [  8,   6,  16, 797,  20,  34,   4,  20,   1, 104],
       [ 26,   3,   5,   0, 548,  18,   7,  34,   0, 341],
       [ 49,  55,  26,  91,  22, 521,  23,  28,   3,  74],
       [ 44,  10,  49,   0,  13,   9, 718, 110,   0,   5],
       [ 33,  14,  52,   3,  12,   0,   0, 774,   9, 131],
       [ 35,  25,  52, 110,  18,  22,  16,  10,  82, 604],
       [ 57,   3,   4,   4,  20,   6,   0,  20,   0, 895]], dtype=int64)}, 18.87879350000003)
[2024-08-13 15:17:16,226][flwr][INFO] - configure_evaluate: no clients selected, skipping evaluation
[2024-08-13 15:17:16,226][flwr][INFO] - 
[2024-08-13 15:17:16,226][flwr][INFO] - [ROUND 6]
[2024-08-13 15:17:16,226][flwr][INFO] - configure_fit: strategy sampled 10 clients (out of 100)
[2024-08-13 15:17:17,513][flwr][INFO] - aggregate_fit: received 10 results and 0 failures
[2024-08-13 15:17:19,633][flwr][INFO] - fit progress: (6, 1.1557106873630625, {'accuracy': 0.6813, 'precision': 0.74453597601913, 'recall': 0.6813, 'f1': 0.6685420285488884, 'confusion_matrix': array([[646, 187,   0,   3,   5,   5,  95,  14,  25,   0],
       [  0, 944, 117,   6,   1,   1,   9,   1,  56,   0],
       [  0,  25, 655, 154,  27,   0,  31,  38, 102,   0],
       [  0,  20,   9, 730,  57,  15,  27,  15, 136,   1],
       [  3,   4,   2,   0, 815,   8,  35,  63,  51,   1],
       [  9,  79,   4,  58,  32, 384, 128,  22, 175,   1],
       [  3,  19,  11,   0,   9,   0, 848,  67,   1,   0],
       [  9,  18,  21,   2,  19,   0,   2, 755, 202,   0],
       [  2,  14,   9,  36,  30,  11,  35,   4, 833,   0],
       [ 47,   5,   2,   2, 214,  25,   3, 158, 350, 203]], dtype=int64)}, 22.28697000000102)
[2024-08-13 15:17:19,634][flwr][INFO] - configure_evaluate: no clients selected, skipping evaluation
[2024-08-13 15:17:19,634][flwr][INFO] - 
[2024-08-13 15:17:19,634][flwr][INFO] - [ROUND 7]
[2024-08-13 15:17:19,634][flwr][INFO] - configure_fit: strategy sampled 10 clients (out of 100)
[2024-08-13 15:17:20,805][flwr][INFO] - aggregate_fit: received 10 results and 0 failures
[2024-08-13 15:17:22,972][flwr][INFO] - fit progress: (7, 1.110400143583933, {'accuracy': 0.7009, 'precision': 0.7209978534557625, 'recall': 0.7009, 'f1': 0.6774279737450033, 'confusion_matrix': array([[910,  34,   1,   4,   1,   5,  12,   7,   0,   6],
       [  0, 920, 179,   5,   1,   4,   5,   1,   0,  20],
       [ 19,  14, 805,  91,  13,   3,  16,  27,   6,  38],
       [  6,  15,  12, 776,  31,  37,   7,  16,   0, 110],
       [ 23,   4,   2,   0, 640,  28,  11,  15,   0, 259],
       [ 36,  66,  18,  76,  14, 556,  38,  17,   3,  68],
       [ 29,  17,  39,   0,  19,   8, 767,  74,   0,   5],
       [ 39,  20,  49,   3,  15,   2,   0, 726,   3, 171],
       [ 31,  45,  39,  86,  25,  31,  21,   5,  10, 681],
       [ 59,   3,   3,   3,  23,  10,   0,   9,   0, 899]], dtype=int64)}, 25.625963099999353)
[2024-08-13 15:17:22,973][flwr][INFO] - configure_evaluate: no clients selected, skipping evaluation
[2024-08-13 15:17:22,973][flwr][INFO] - 
[2024-08-13 15:17:22,973][flwr][INFO] - [ROUND 8]
[2024-08-13 15:17:22,973][flwr][INFO] - configure_fit: strategy sampled 10 clients (out of 100)
[2024-08-13 15:17:24,351][flwr][INFO] - aggregate_fit: received 10 results and 0 failures
[2024-08-13 15:17:26,426][flwr][INFO] - fit progress: (8, 1.0856841719761603, {'accuracy': 0.7245, 'precision': 0.7650045516946192, 'recall': 0.7245, 'f1': 0.7190484589671149, 'confusion_matrix': array([[707, 149,   2,   5,   4,  14,  58,  20,  21,   0],
       [  0, 945, 125,   8,   2,   3,   7,   1,  44,   0],
       [  1,  22, 724, 111,  30,   0,  23,  36,  84,   1],
       [  0,  16,  11, 747,  64,  25,  15,  15, 116,   1],
       [  3,   4,   1,   0, 860,  17,  22,  41,  32,   2],
       [  5,  63,   4,  58,  24, 528,  66,  22, 121,   1],
       [  6,  15,  16,   0,  14,   5, 815,  86,   1,   0],
       [ 10,  18,  30,   3,  23,   0,   2, 769, 173,   0],
       [  5,  14,  16,  34,  33,  19,  27,   3, 823,   0],
       [ 37,   5,   2,   2, 217,  48,   1, 128, 242, 327]], dtype=int64)}, 29.080397199999425)
[2024-08-13 15:17:26,427][flwr][INFO] - configure_evaluate: no clients selected, skipping evaluation
[2024-08-13 15:17:26,427][flwr][INFO] - 
[2024-08-13 15:17:26,427][flwr][INFO] - [ROUND 9]
[2024-08-13 15:17:26,428][flwr][INFO] - configure_fit: strategy sampled 10 clients (out of 100)
[2024-08-13 15:17:27,608][flwr][INFO] - aggregate_fit: received 10 results and 0 failures
[2024-08-13 15:17:29,834][flwr][INFO] - fit progress: (9, 1.0869965788195377, {'accuracy': 0.6905, 'precision': 0.731571906198439, 'recall': 0.6905, 'f1': 0.6682147456599072, 'confusion_matrix': array([[907,  32,   1,   6,   1,   7,  13,   8,   0,   5],
       [  0, 952, 142,  12,   1,   3,   7,   1,   0,  17],
       [ 16,  15, 685, 201,  11,   2,  19,  31,   8,  44],
       [  7,   9,   6, 828,  10,  29,   6,  18,   0,  97],
       [ 14,   6,   2,   1, 521,  35,  12,  26,   0, 365],
       [ 38,  62,   8,  90,   9, 540,  45,  23,   3,  74],
       [ 26,  14,  22,   0,   7,   7, 778, 100,   0,   4],
       [ 34,  22,  40,   7,  10,   2,   0, 757,   5, 151],
       [ 29,  40,  22, 126,   7,  25,  23,   7,  22, 673],
       [ 44,   3,   3,   7,  14,  10,   0,  13,   0, 915]], dtype=int64)}, 32.487487699996564)
[2024-08-13 15:17:29,835][flwr][INFO] - configure_evaluate: no clients selected, skipping evaluation
[2024-08-13 15:17:29,835][flwr][INFO] - 
[2024-08-13 15:17:29,835][flwr][INFO] - [ROUND 10]
[2024-08-13 15:17:29,835][flwr][INFO] - configure_fit: strategy sampled 10 clients (out of 100)
[2024-08-13 15:17:31,146][flwr][INFO] - aggregate_fit: received 10 results and 0 failures
[2024-08-13 15:17:33,225][flwr][INFO] - fit progress: (10, 1.080159890868835, {'accuracy': 0.6999, 'precision': 0.7498708305067964, 'recall': 0.6999, 'f1': 0.6836761800327799, 'confusion_matrix': array([[539, 315,   2,   1,   6,  18,  59,  20,  20,   0],
       [  0, 983, 109,   4,   2,   4,   8,   1,  24,   0],
       [  1,  30, 792,  55,  34,   1,  22,  31,  66,   0],
       [  0,  31,  14, 664, 129,  35,  17,  15, 104,   1],
       [  3,   4,   1,   0, 891,  19,  19,  27,  17,   1],
       [  4,  73,   6,  33,  28, 577,  66,  19,  85,   1],
       [  3,  21,  18,   0,  21,   5, 813,  76,   1,   0],
       [ 12,  27,  37,   2,  29,   1,   1, 768, 151,   0],
       [  3,  31,  18,  18,  53,  32,  29,   2, 788,   0],
       [ 49,   7,   4,   3, 350,  88,   1, 123, 200, 184]], dtype=int64)}, 35.87896260000707)
[2024-08-13 15:17:33,226][flwr][INFO] - configure_evaluate: no clients selected, skipping evaluation
[2024-08-13 15:17:33,226][flwr][INFO] - 
[2024-08-13 15:17:33,226][flwr][INFO] - [SUMMARY]
[2024-08-13 15:17:33,226][flwr][INFO] - Run finished 10 round(s) in 35.88s
[2024-08-13 15:17:33,234][flwr][INFO] - 	History (loss, centralized):
[2024-08-13 15:17:33,235][flwr][INFO] - 		round 0: 2.3025850929940455
[2024-08-13 15:17:33,235][flwr][INFO] - 		round 1: 1.3917033661165024
[2024-08-13 15:17:33,235][flwr][INFO] - 		round 2: 1.233789427606279
[2024-08-13 15:17:33,235][flwr][INFO] - 		round 3: 1.1462302536801483
[2024-08-13 15:17:33,235][flwr][INFO] - 		round 4: 1.1823807065492185
[2024-08-13 15:17:33,235][flwr][INFO] - 		round 5: 1.1346412830916464
[2024-08-13 15:17:33,235][flwr][INFO] - 		round 6: 1.1557106873630625
[2024-08-13 15:17:33,235][flwr][INFO] - 		round 7: 1.110400143583933
[2024-08-13 15:17:33,235][flwr][INFO] - 		round 8: 1.0856841719761603
[2024-08-13 15:17:33,235][flwr][INFO] - 		round 9: 1.0869965788195377
[2024-08-13 15:17:33,235][flwr][INFO] - 		round 10: 1.080159890868835
[2024-08-13 15:17:33,235][flwr][INFO] - 	History (metrics, centralized):
[2024-08-13 15:17:33,236][flwr][INFO] - 	{'accuracy': [(0, 0.098),
[2024-08-13 15:17:33,236][flwr][INFO] - 	              (1, 0.4932),
[2024-08-13 15:17:33,236][flwr][INFO] - 	              (2, 0.6617),
[2024-08-13 15:17:33,236][flwr][INFO] - 	              (3, 0.6804),
[2024-08-13 15:17:33,236][flwr][INFO] - 	              (4, 0.6666),
[2024-08-13 15:17:33,236][flwr][INFO] - 	              (5, 0.6863),
[2024-08-13 15:17:33,236][flwr][INFO] - 	              (6, 0.6813),
[2024-08-13 15:17:33,236][flwr][INFO] - 	              (7, 0.7009),
[2024-08-13 15:17:33,236][flwr][INFO] - 	              (8, 0.7245),
[2024-08-13 15:17:33,236][flwr][INFO] - 	              (9, 0.6905),
[2024-08-13 15:17:33,236][flwr][INFO] - 	              (10, 0.6999)],
[2024-08-13 15:17:33,236][flwr][INFO] - 	 'confusion_matrix': [(0,
[2024-08-13 15:17:33,236][flwr][INFO] - 	                       array([[ 980,    0,    0,    0,    0,    0,    0,    0,    0,    0],
[2024-08-13 15:17:33,236][flwr][INFO] - 	       [1135,    0,    0,    0,    0,    0,    0,    0,    0,    0],
[2024-08-13 15:17:33,236][flwr][INFO] - 	       [1032,    0,    0,    0,    0,    0,    0,    0,    0,    0],
[2024-08-13 15:17:33,236][flwr][INFO] - 	       [1010,    0,    0,    0,    0,    0,    0,    0,    0,    0],
[2024-08-13 15:17:33,237][flwr][INFO] - 	       [ 982,    0,    0,    0,    0,    0,    0,    0,    0,    0],
[2024-08-13 15:17:33,237][flwr][INFO] - 	       [ 892,    0,    0,    0,    0,    0,    0,    0,    0,    0],
[2024-08-13 15:17:33,237][flwr][INFO] - 	       [ 958,    0,    0,    0,    0,    0,    0,    0,    0,    0],
[2024-08-13 15:17:33,237][flwr][INFO] - 	       [1028,    0,    0,    0,    0,    0,    0,    0,    0,    0],
[2024-08-13 15:17:33,237][flwr][INFO] - 	       [ 974,    0,    0,    0,    0,    0,    0,    0,    0,    0],
[2024-08-13 15:17:33,237][flwr][INFO] - 	       [1009,    0,    0,    0,    0,    0,    0,    0,    0,    0]],
[2024-08-13 15:17:33,237][flwr][INFO] - 	      dtype=int64)),
[2024-08-13 15:17:33,237][flwr][INFO] - 	                      (1,
[2024-08-13 15:17:33,237][flwr][INFO] - 	                       array([[965,   0,   2,   3,   0,   0,   2,   1,   1,   6],
[2024-08-13 15:17:33,237][flwr][INFO] - 	       [  0, 255, 803,   4,   0,   0,   2,   0,   1,  70],
[2024-08-13 15:17:33,237][flwr][INFO] - 	       [ 75,   1, 818,  82,   0,   0,   9,   8,  12,  27],
[2024-08-13 15:17:33,237][flwr][INFO] - 	       [ 38,   0,  34, 822,   3,   0,   2,   4,   5, 102],
[2024-08-13 15:17:33,237][flwr][INFO] - 	       [ 79,   0,  16,   0, 149,   0,   5,   6,   2, 725],
[2024-08-13 15:17:33,237][flwr][INFO] - 	       [324,  19,  75, 207,   2,   0,  11,   6,  21, 227],
[2024-08-13 15:17:33,237][flwr][INFO] - 	       [210,   1, 129,   4,   8,   0, 569,  16,   0,  21],
[2024-08-13 15:17:33,237][flwr][INFO] - 	       [ 81,   0,  74,   1,   1,   0,   0, 367,  48, 456],
[2024-08-13 15:17:33,237][flwr][INFO] - 	       [ 96,   0,  97, 188,   2,   0,   1,   1,  85, 504],
[2024-08-13 15:17:33,238][flwr][INFO] - 	       [ 81,   0,   4,   6,  10,   0,   0,   4,   2, 902]], dtype=int64)),
[2024-08-13 15:17:33,238][flwr][INFO] - 	                      (2,
[2024-08-13 15:17:33,238][flwr][INFO] - 	                       array([[ 731,   23,    2,   13,    3,    4,  175,   14,   15,    0],
[2024-08-13 15:17:33,238][flwr][INFO] - 	       [   0, 1029,   69,    3,    2,    0,    7,    2,   23,    0],
[2024-08-13 15:17:33,238][flwr][INFO] - 	       [   0,   37,  557,  237,   28,    0,   48,   57,   68,    0],
[2024-08-13 15:17:33,238][flwr][INFO] - 	       [   0,   20,    5,  765,   60,   11,   24,   18,  107,    0],
[2024-08-13 15:17:33,238][flwr][INFO] - 	       [   1,    5,    1,    0,  778,    2,   34,  118,   43,    0],
[2024-08-13 15:17:33,238][flwr][INFO] - 	       [   5,  112,    2,  116,   65,  348,  101,   35,  108,    0],
[2024-08-13 15:17:33,238][flwr][INFO] - 	       [   4,   17,   12,    1,   17,    1,  848,   57,    1,    0],
[2024-08-13 15:17:33,238][flwr][INFO] - 	       [   2,   23,   16,    3,   21,    0,    1,  853,  109,    0],
[2024-08-13 15:17:33,238][flwr][INFO] - 	       [   2,   47,    3,   94,   61,    8,   44,    8,  707,    0],
[2024-08-13 15:17:33,238][flwr][INFO] - 	       [  12,    7,    0,    4,  430,   11,    4,  311,  229,    1]],
[2024-08-13 15:17:33,238][flwr][INFO] - 	      dtype=int64)),
[2024-08-13 15:17:33,238][flwr][INFO] - 	                      (3,
[2024-08-13 15:17:33,238][flwr][INFO] - 	                       array([[932,   8,   5,   3,   0,   4,  17,   2,   0,   9],
[2024-08-13 15:17:33,238][flwr][INFO] - 	       [  0, 833, 270,   1,   0,   2,   2,   0,   0,  27],
[2024-08-13 15:17:33,238][flwr][INFO] - 	       [ 17,   6, 884,  53,   8,   0,  12,  14,  15,  23],
[2024-08-13 15:17:33,239][flwr][INFO] - 	       [  6,  12,  41, 761,  13,  43,   6,  11,   5, 112],
[2024-08-13 15:17:33,239][flwr][INFO] - 	       [ 21,   4,  12,   0, 450,   5,   8,  12,   2, 468],
[2024-08-13 15:17:33,239][flwr][INFO] - 	       [ 35,  79,  38,  94,  14, 512,  20,  11,  12,  77],
[2024-08-13 15:17:33,239][flwr][INFO] - 	       [ 41,  15, 100,   1,  19,  17, 723,  39,   0,   3],
[2024-08-13 15:17:33,239][flwr][INFO] - 	       [ 27,  20,  61,   1,  12,   1,   0, 637,  29, 240],
[2024-08-13 15:17:33,239][flwr][INFO] - 	       [ 27,  36,  83, 101,  16,  23,   4,   2, 148, 534],
[2024-08-13 15:17:33,239][flwr][INFO] - 	       [ 43,   3,   5,   2,  19,   4,   0,   8,   1, 924]], dtype=int64)),
[2024-08-13 15:17:33,239][flwr][INFO] - 	                      (4,
[2024-08-13 15:17:33,239][flwr][INFO] - 	                       array([[ 716,   97,    0,    8,    5,    2,  125,    9,   18,    0],
[2024-08-13 15:17:33,239][flwr][INFO] - 	       [   0, 1042,   28,    6,    1,    1,    8,    2,   47,    0],
[2024-08-13 15:17:33,239][flwr][INFO] - 	       [   0,   49,  452,  309,   35,    0,   52,   40,   95,    0],
[2024-08-13 15:17:33,239][flwr][INFO] - 	       [   0,   22,    3,  782,   40,   16,   25,   13,  109,    0],
[2024-08-13 15:17:33,239][flwr][INFO] - 	       [   3,    5,    0,    0,  819,    5,   42,   62,   46,    0],
[2024-08-13 15:17:33,239][flwr][INFO] - 	       [   7,  107,    1,   89,   44,  385,  109,   18,  132,    0],
[2024-08-13 15:17:33,239][flwr][INFO] - 	       [   2,   21,    8,    0,   10,    0,  880,   36,    1,    0],
[2024-08-13 15:17:33,239][flwr][INFO] - 	       [   7,   23,   13,    4,   20,    0,    2,  802,  157,    0],
[2024-08-13 15:17:33,239][flwr][INFO] - 	       [   1,   39,    2,   69,   36,    8,   43,    4,  772,    0],
[2024-08-13 15:17:33,240][flwr][INFO] - 	       [  28,    6,    1,    3,  382,   23,    5,  199,  346,   16]],
[2024-08-13 15:17:33,240][flwr][INFO] - 	      dtype=int64)),
[2024-08-13 15:17:33,240][flwr][INFO] - 	                      (5,
[2024-08-13 15:17:33,240][flwr][INFO] - 	                       array([[933,  15,   2,   4,   0,   3,  10,   8,   0,   5],
[2024-08-13 15:17:33,240][flwr][INFO] - 	       [  0, 785, 311,   7,   1,   4,   3,   2,   0,  22],
[2024-08-13 15:17:33,240][flwr][INFO] - 	       [ 20,   6, 810,  88,  12,   1,  16,  38,  12,  29],
[2024-08-13 15:17:33,240][flwr][INFO] - 	       [  8,   6,  16, 797,  20,  34,   4,  20,   1, 104],
[2024-08-13 15:17:33,240][flwr][INFO] - 	       [ 26,   3,   5,   0, 548,  18,   7,  34,   0, 341],
[2024-08-13 15:17:33,240][flwr][INFO] - 	       [ 49,  55,  26,  91,  22, 521,  23,  28,   3,  74],
[2024-08-13 15:17:33,240][flwr][INFO] - 	       [ 44,  10,  49,   0,  13,   9, 718, 110,   0,   5],
[2024-08-13 15:17:33,240][flwr][INFO] - 	       [ 33,  14,  52,   3,  12,   0,   0, 774,   9, 131],
[2024-08-13 15:17:33,240][flwr][INFO] - 	       [ 35,  25,  52, 110,  18,  22,  16,  10,  82, 604],
[2024-08-13 15:17:33,240][flwr][INFO] - 	       [ 57,   3,   4,   4,  20,   6,   0,  20,   0, 895]], dtype=int64)),
[2024-08-13 15:17:33,240][flwr][INFO] - 	                      (6,
[2024-08-13 15:17:33,240][flwr][INFO] - 	                       array([[646, 187,   0,   3,   5,   5,  95,  14,  25,   0],
[2024-08-13 15:17:33,240][flwr][INFO] - 	       [  0, 944, 117,   6,   1,   1,   9,   1,  56,   0],
[2024-08-13 15:17:33,240][flwr][INFO] - 	       [  0,  25, 655, 154,  27,   0,  31,  38, 102,   0],
[2024-08-13 15:17:33,241][flwr][INFO] - 	       [  0,  20,   9, 730,  57,  15,  27,  15, 136,   1],
[2024-08-13 15:17:33,241][flwr][INFO] - 	       [  3,   4,   2,   0, 815,   8,  35,  63,  51,   1],
[2024-08-13 15:17:33,241][flwr][INFO] - 	       [  9,  79,   4,  58,  32, 384, 128,  22, 175,   1],
[2024-08-13 15:17:33,241][flwr][INFO] - 	       [  3,  19,  11,   0,   9,   0, 848,  67,   1,   0],
[2024-08-13 15:17:33,241][flwr][INFO] - 	       [  9,  18,  21,   2,  19,   0,   2, 755, 202,   0],
[2024-08-13 15:17:33,241][flwr][INFO] - 	       [  2,  14,   9,  36,  30,  11,  35,   4, 833,   0],
[2024-08-13 15:17:33,241][flwr][INFO] - 	       [ 47,   5,   2,   2, 214,  25,   3, 158, 350, 203]], dtype=int64)),
[2024-08-13 15:17:33,241][flwr][INFO] - 	                      (7,
[2024-08-13 15:17:33,241][flwr][INFO] - 	                       array([[910,  34,   1,   4,   1,   5,  12,   7,   0,   6],
[2024-08-13 15:17:33,241][flwr][INFO] - 	       [  0, 920, 179,   5,   1,   4,   5,   1,   0,  20],
[2024-08-13 15:17:33,241][flwr][INFO] - 	       [ 19,  14, 805,  91,  13,   3,  16,  27,   6,  38],
[2024-08-13 15:17:33,241][flwr][INFO] - 	       [  6,  15,  12, 776,  31,  37,   7,  16,   0, 110],
[2024-08-13 15:17:33,241][flwr][INFO] - 	       [ 23,   4,   2,   0, 640,  28,  11,  15,   0, 259],
[2024-08-13 15:17:33,241][flwr][INFO] - 	       [ 36,  66,  18,  76,  14, 556,  38,  17,   3,  68],
[2024-08-13 15:17:33,241][flwr][INFO] - 	       [ 29,  17,  39,   0,  19,   8, 767,  74,   0,   5],
[2024-08-13 15:17:33,241][flwr][INFO] - 	       [ 39,  20,  49,   3,  15,   2,   0, 726,   3, 171],
[2024-08-13 15:17:33,241][flwr][INFO] - 	       [ 31,  45,  39,  86,  25,  31,  21,   5,  10, 681],
[2024-08-13 15:17:33,242][flwr][INFO] - 	       [ 59,   3,   3,   3,  23,  10,   0,   9,   0, 899]], dtype=int64)),
[2024-08-13 15:17:33,242][flwr][INFO] - 	                      (8,
[2024-08-13 15:17:33,242][flwr][INFO] - 	                       array([[707, 149,   2,   5,   4,  14,  58,  20,  21,   0],
[2024-08-13 15:17:33,242][flwr][INFO] - 	       [  0, 945, 125,   8,   2,   3,   7,   1,  44,   0],
[2024-08-13 15:17:33,242][flwr][INFO] - 	       [  1,  22, 724, 111,  30,   0,  23,  36,  84,   1],
[2024-08-13 15:17:33,242][flwr][INFO] - 	       [  0,  16,  11, 747,  64,  25,  15,  15, 116,   1],
[2024-08-13 15:17:33,242][flwr][INFO] - 	       [  3,   4,   1,   0, 860,  17,  22,  41,  32,   2],
[2024-08-13 15:17:33,242][flwr][INFO] - 	       [  5,  63,   4,  58,  24, 528,  66,  22, 121,   1],
[2024-08-13 15:17:33,242][flwr][INFO] - 	       [  6,  15,  16,   0,  14,   5, 815,  86,   1,   0],
[2024-08-13 15:17:33,242][flwr][INFO] - 	       [ 10,  18,  30,   3,  23,   0,   2, 769, 173,   0],
[2024-08-13 15:17:33,242][flwr][INFO] - 	       [  5,  14,  16,  34,  33,  19,  27,   3, 823,   0],
[2024-08-13 15:17:33,242][flwr][INFO] - 	       [ 37,   5,   2,   2, 217,  48,   1, 128, 242, 327]], dtype=int64)),
[2024-08-13 15:17:33,242][flwr][INFO] - 	                      (9,
[2024-08-13 15:17:33,242][flwr][INFO] - 	                       array([[907,  32,   1,   6,   1,   7,  13,   8,   0,   5],
[2024-08-13 15:17:33,242][flwr][INFO] - 	       [  0, 952, 142,  12,   1,   3,   7,   1,   0,  17],
[2024-08-13 15:17:33,242][flwr][INFO] - 	       [ 16,  15, 685, 201,  11,   2,  19,  31,   8,  44],
[2024-08-13 15:17:33,243][flwr][INFO] - 	       [  7,   9,   6, 828,  10,  29,   6,  18,   0,  97],
[2024-08-13 15:17:33,243][flwr][INFO] - 	       [ 14,   6,   2,   1, 521,  35,  12,  26,   0, 365],
[2024-08-13 15:17:33,243][flwr][INFO] - 	       [ 38,  62,   8,  90,   9, 540,  45,  23,   3,  74],
[2024-08-13 15:17:33,243][flwr][INFO] - 	       [ 26,  14,  22,   0,   7,   7, 778, 100,   0,   4],
[2024-08-13 15:17:33,243][flwr][INFO] - 	       [ 34,  22,  40,   7,  10,   2,   0, 757,   5, 151],
[2024-08-13 15:17:33,243][flwr][INFO] - 	       [ 29,  40,  22, 126,   7,  25,  23,   7,  22, 673],
[2024-08-13 15:17:33,243][flwr][INFO] - 	       [ 44,   3,   3,   7,  14,  10,   0,  13,   0, 915]], dtype=int64)),
[2024-08-13 15:17:33,243][flwr][INFO] - 	                      (10,
[2024-08-13 15:17:33,243][flwr][INFO] - 	                       array([[539, 315,   2,   1,   6,  18,  59,  20,  20,   0],
[2024-08-13 15:17:33,243][flwr][INFO] - 	       [  0, 983, 109,   4,   2,   4,   8,   1,  24,   0],
[2024-08-13 15:17:33,243][flwr][INFO] - 	       [  1,  30, 792,  55,  34,   1,  22,  31,  66,   0],
[2024-08-13 15:17:33,243][flwr][INFO] - 	       [  0,  31,  14, 664, 129,  35,  17,  15, 104,   1],
[2024-08-13 15:17:33,243][flwr][INFO] - 	       [  3,   4,   1,   0, 891,  19,  19,  27,  17,   1],
[2024-08-13 15:17:33,243][flwr][INFO] - 	       [  4,  73,   6,  33,  28, 577,  66,  19,  85,   1],
[2024-08-13 15:17:33,243][flwr][INFO] - 	       [  3,  21,  18,   0,  21,   5, 813,  76,   1,   0],
[2024-08-13 15:17:33,243][flwr][INFO] - 	       [ 12,  27,  37,   2,  29,   1,   1, 768, 151,   0],
[2024-08-13 15:17:33,243][flwr][INFO] - 	       [  3,  31,  18,  18,  53,  32,  29,   2, 788,   0],
[2024-08-13 15:17:33,244][flwr][INFO] - 	       [ 49,   7,   4,   3, 350,  88,   1, 123, 200, 184]], dtype=int64))],
[2024-08-13 15:17:33,244][flwr][INFO] - 	 'f1': [(0, 0.017493624772313296),
[2024-08-13 15:17:33,244][flwr][INFO] - 	        (1, 0.43862633860741046),
[2024-08-13 15:17:33,244][flwr][INFO] - 	        (2, 0.625656397497245),
[2024-08-13 15:17:33,244][flwr][INFO] - 	        (3, 0.6721979904707316),
[2024-08-13 15:17:33,244][flwr][INFO] - 	        (4, 0.630945173998998),
[2024-08-13 15:17:33,244][flwr][INFO] - 	        (5, 0.6702831011424689),
[2024-08-13 15:17:33,244][flwr][INFO] - 	        (6, 0.6685420285488884),
[2024-08-13 15:17:33,244][flwr][INFO] - 	        (7, 0.6774279737450033),
[2024-08-13 15:17:33,244][flwr][INFO] - 	        (8, 0.7190484589671149),
[2024-08-13 15:17:33,244][flwr][INFO] - 	        (9, 0.6682147456599072),
[2024-08-13 15:17:33,244][flwr][INFO] - 	        (10, 0.6836761800327799)],
[2024-08-13 15:17:33,244][flwr][INFO] - 	 'precision': [(0, 0.009604000000000001),
[2024-08-13 15:17:33,244][flwr][INFO] - 	               (1, 0.5999360334705318),
[2024-08-13 15:17:33,244][flwr][INFO] - 	               (2, 0.737022588913798),
[2024-08-13 15:17:33,244][flwr][INFO] - 	               (3, 0.7469264828892145),
[2024-08-13 15:17:33,244][flwr][INFO] - 	               (4, 0.7449184096258569),
[2024-08-13 15:17:33,245][flwr][INFO] - 	               (5, 0.7424447332032839),
[2024-08-13 15:17:33,245][flwr][INFO] - 	               (6, 0.74453597601913),
[2024-08-13 15:17:33,245][flwr][INFO] - 	               (7, 0.7209978534557625),
[2024-08-13 15:17:33,245][flwr][INFO] - 	               (8, 0.7650045516946192),
[2024-08-13 15:17:33,245][flwr][INFO] - 	               (9, 0.731571906198439),
[2024-08-13 15:17:33,245][flwr][INFO] - 	               (10, 0.7498708305067964)],
[2024-08-13 15:17:33,245][flwr][INFO] - 	 'recall': [(0, 0.098),
[2024-08-13 15:17:33,245][flwr][INFO] - 	            (1, 0.4932),
[2024-08-13 15:17:33,245][flwr][INFO] - 	            (2, 0.6617),
[2024-08-13 15:17:33,245][flwr][INFO] - 	            (3, 0.6804),
[2024-08-13 15:17:33,245][flwr][INFO] - 	            (4, 0.6666),
[2024-08-13 15:17:33,245][flwr][INFO] - 	            (5, 0.6863),
[2024-08-13 15:17:33,245][flwr][INFO] - 	            (6, 0.6813),
[2024-08-13 15:17:33,245][flwr][INFO] - 	            (7, 0.7009),
[2024-08-13 15:17:33,245][flwr][INFO] - 	            (8, 0.7245),
[2024-08-13 15:17:33,245][flwr][INFO] - 	            (9, 0.6905),
[2024-08-13 15:17:33,245][flwr][INFO] - 	            (10, 0.6999)]}
[2024-08-13 15:17:33,246][flwr][INFO] - 
