[2024-08-13 13:34:32,556][flwr][INFO] - Starting Flower simulation, config: num_rounds=10, no round_timeout
[2024-08-13 13:34:36,758][flwr][INFO] - Flower VCE: Ray initialized with resources: {'memory': 5084329575.0, 'object_store_memory': 2542164787.0, 'node:127.0.0.1': 1.0, 'CPU': 16.0, 'GPU': 1.0, 'accelerator_type:G': 1.0, 'node:__internal_head__': 1.0}
[2024-08-13 13:34:36,758][flwr][INFO] - Optimize your simulation with Flower VCE: https://flower.ai/docs/framework/how-to-run-simulations.html
[2024-08-13 13:34:36,758][flwr][INFO] - Flower VCE: Resources for each Virtual Client: {'num_cpus': 2, 'num_gpus': 0.5}
[2024-08-13 13:34:36,770][flwr][INFO] - Flower VCE: Creating VirtualClientEngineActorPool with 2 actors
[2024-08-13 13:34:36,770][flwr][INFO] - [INIT]
[2024-08-13 13:34:36,770][flwr][INFO] - Requesting initial parameters from one random client
[2024-08-13 13:34:44,085][flwr][INFO] - Received initial parameters from one random client
[2024-08-13 13:34:44,085][flwr][INFO] - Evaluating initial global parameters
[2024-08-13 13:34:46,317][flwr][INFO] - initial parameters (loss, other metrics): 2.3025850929940455, {'accuracy': 0.098, 'precision': 0.009604000000000001, 'recall': 0.098, 'f1': 0.017493624772313296, 'confusion_matrix': array([[ 980,    0,    0,    0,    0,    0,    0,    0,    0,    0],
       [1135,    0,    0,    0,    0,    0,    0,    0,    0,    0],
       [1032,    0,    0,    0,    0,    0,    0,    0,    0,    0],
       [1010,    0,    0,    0,    0,    0,    0,    0,    0,    0],
       [ 982,    0,    0,    0,    0,    0,    0,    0,    0,    0],
       [ 892,    0,    0,    0,    0,    0,    0,    0,    0,    0],
       [ 958,    0,    0,    0,    0,    0,    0,    0,    0,    0],
       [1028,    0,    0,    0,    0,    0,    0,    0,    0,    0],
       [ 974,    0,    0,    0,    0,    0,    0,    0,    0,    0],
       [1009,    0,    0,    0,    0,    0,    0,    0,    0,    0]],
      dtype=int64)}
[2024-08-13 13:34:46,318][flwr][INFO] - 
[2024-08-13 13:34:46,318][flwr][INFO] - [ROUND 1]
[2024-08-13 13:34:46,319][flwr][INFO] - configure_fit: strategy sampled 10 clients (out of 10)
[2024-08-13 13:34:54,800][flwr][INFO] - aggregate_fit: received 10 results and 0 failures
[2024-08-13 13:34:54,803][flwr][WARNING] - No fit_metrics_aggregation_fn provided
[2024-08-13 13:34:56,882][flwr][INFO] - fit progress: (1, 4.303017224438692, {'accuracy': 0.0398, 'precision': 0.025690125581603208, 'recall': 0.0398, 'f1': 0.030449740444408256, 'confusion_matrix': array([[   0,  933,    0,    1,    6,    0,    0,   16,    1,   23],
       [   0,    0, 1083,    3,    2,    0,    0,    3,    1,   43],
       [   3,   58,   79,  740,   16,    4,    0,   38,   15,   79],
       [   1,   27,   16,   27,  814,    0,    0,    9,   12,  104],
       [ 116,    9,   16,    3,   20,  531,    0,   64,   11,  212],
       [  30,  131,   65,    4,  253,    3,    3,   36,   26,  341],
       [   0,   69,   23,    8,    3,    1,    0,  820,    1,   33],
       [  29,   13,   46,    5,    5,    1,    0,    3,  859,   67],
       [   1,   20,   16,    6,   75,    1,    0,    9,    9,  837],
       [ 601,   25,    9,    7,   17,    6,    0,    6,   81,  257]],
      dtype=int64)}, 10.564555599994492)
[2024-08-13 13:34:56,883][flwr][INFO] - configure_evaluate: no clients selected, skipping evaluation
[2024-08-13 13:34:56,883][flwr][INFO] - 
[2024-08-13 13:34:56,883][flwr][INFO] - [ROUND 2]
[2024-08-13 13:34:56,884][flwr][INFO] - configure_fit: strategy sampled 10 clients (out of 10)
[2024-08-13 13:35:03,337][flwr][INFO] - aggregate_fit: received 10 results and 0 failures
[2024-08-13 13:35:05,409][flwr][INFO] - fit progress: (2, 3.9177223315621696, {'accuracy': 0.0257, 'precision': 0.02655798514615147, 'recall': 0.0257, 'f1': 0.025315229175794, 'confusion_matrix': array([[  17,  900,    0,    7,   10,    1,   13,   29,    1,    2],
       [   0,    0, 1103,   15,    7,    0,    1,    5,    1,    3],
       [   8,   28,   61,  844,   11,   13,    0,   34,   20,   13],
       [  15,   15,   17,   76,  835,    1,    6,   11,   22,   12],
       [  62,    2,   16,    4,    7,  832,    1,   43,    8,    7],
       [  83,   46,   62,   11,  198,   32,  381,   37,   37,    5],
       [   0,   41,   24,   15,    1,    5,   30,  842,    0,    0],
       [  50,    4,   49,   33,    1,   11,    0,    4,  874,    2],
       [  49,   20,   48,   69,  169,    8,   13,   19,   26,  553],
       [ 817,   14,   17,    7,   18,   47,    1,    5,   79,    4]],
      dtype=int64)}, 19.09106019999308)
[2024-08-13 13:35:05,410][flwr][INFO] - configure_evaluate: no clients selected, skipping evaluation
[2024-08-13 13:35:05,410][flwr][INFO] - 
[2024-08-13 13:35:05,410][flwr][INFO] - [ROUND 3]
[2024-08-13 13:35:05,411][flwr][INFO] - configure_fit: strategy sampled 10 clients (out of 10)
[2024-08-13 13:35:12,009][flwr][INFO] - aggregate_fit: received 10 results and 0 failures
[2024-08-13 13:35:14,084][flwr][INFO] - fit progress: (3, 3.7177545734721846, {'accuracy': 0.0278, 'precision': 0.027721646692001205, 'recall': 0.0278, 'f1': 0.027570987584850628, 'confusion_matrix': array([[  11,  875,    0,    4,    2,    1,   54,   26,    1,    6],
       [   0,    0, 1091,    8,    2,    0,   10,    4,    1,   19],
       [   5,   26,   59,  812,   12,   21,    1,   35,   22,   39],
       [   4,   15,   14,   59,  787,    1,   36,   11,   20,   63],
       [  23,    1,   11,    1,    3,  872,    3,   40,    6,   22],
       [  42,   27,   50,    7,   88,   33,  561,   27,   28,   29],
       [   0,   34,   16,   12,    2,    5,   51,  835,    0,    3],
       [  41,    3,   45,   20,    0,   11,    0,    5,  885,   18],
       [  15,    6,   22,   21,   66,    8,   31,   16,   13,  776],
       [ 724,    7,   11,    7,   15,  105,   12,    6,   78,   44]],
      dtype=int64)}, 27.766447399990284)
[2024-08-13 13:35:14,085][flwr][INFO] - configure_evaluate: no clients selected, skipping evaluation
[2024-08-13 13:35:14,085][flwr][INFO] - 
[2024-08-13 13:35:14,085][flwr][INFO] - [ROUND 4]
[2024-08-13 13:35:14,086][flwr][INFO] - configure_fit: strategy sampled 10 clients (out of 10)
[2024-08-13 13:35:20,696][flwr][INFO] - aggregate_fit: received 10 results and 0 failures
[2024-08-13 13:35:22,795][flwr][INFO] - fit progress: (4, 3.329959972854446, {'accuracy': 0.0282, 'precision': 0.027578945947046095, 'recall': 0.0282, 'f1': 0.02767572318587068, 'confusion_matrix': array([[  61,  829,    0,    3,    9,    0,   48,   28,    0,    2],
       [   1,    0, 1092,    7,    9,    0,   12,    6,    0,    8],
       [  24,   16,   44,  829,   17,   16,    3,   36,   20,   27],
       [  17,    9,    6,   40,  853,    0,   31,   12,   19,   23],
       [  73,    1,    9,    1,    9,  835,    2,   35,    5,   12],
       [  74,   21,   36,    5,   87,   34,  582,   29,   16,    8],
       [   2,   16,   11,   12,    2,    5,   61,  849,    0,    0],
       [  94,    1,   39,   22,    6,    9,    0,    5,  846,    6],
       [  48,    3,   22,   20,  117,    6,   44,   20,   18,  676],
       [ 860,    2,    8,    6,   20,   43,   12,    4,   44,   10]],
      dtype=int64)}, 36.47615779998887)
[2024-08-13 13:35:22,795][flwr][INFO] - configure_evaluate: no clients selected, skipping evaluation
[2024-08-13 13:35:22,796][flwr][INFO] - 
[2024-08-13 13:35:22,796][flwr][INFO] - [ROUND 5]
[2024-08-13 13:35:22,796][flwr][INFO] - configure_fit: strategy sampled 10 clients (out of 10)
[2024-08-13 13:35:29,656][flwr][INFO] - aggregate_fit: received 10 results and 0 failures
[2024-08-13 13:35:31,734][flwr][INFO] - fit progress: (5, 3.1910642017678787, {'accuracy': 0.0376, 'precision': 0.035710509830235125, 'recall': 0.0376, 'f1': 0.03621842650682836, 'confusion_matrix': array([[  10,  888,    0,    3,    1,    1,   21,   38,    1,   17],
       [   0,    0, 1087,    2,    2,    0,   10,    5,    1,   28],
       [   3,   20,   53,  814,   12,   26,    2,   34,   23,   45],
       [   1,   16,    7,   63,  764,    1,   49,   13,   25,   71],
       [   7,    1,    7,    1,    2,  896,    2,   33,    6,   27],
       [  19,   32,   33,    8,   53,   46,  590,   27,   31,   53],
       [   0,   22,   11,   11,    2,    7,   60,  841,    0,    4],
       [  20,    2,   34,   15,    4,   16,    0,    3,  915,   19],
       [   0,    4,   13,   11,   35,    9,   26,   16,   18,  842],
       [ 510,    4,    5,    7,   11,  222,   14,    9,  106,  121]],
      dtype=int64)}, 45.415503099997295)
[2024-08-13 13:35:31,735][flwr][INFO] - configure_evaluate: no clients selected, skipping evaluation
[2024-08-13 13:35:31,735][flwr][INFO] - 
[2024-08-13 13:35:31,735][flwr][INFO] - [ROUND 6]
[2024-08-13 13:35:31,736][flwr][INFO] - configure_fit: strategy sampled 10 clients (out of 10)
[2024-08-13 13:35:38,285][flwr][INFO] - aggregate_fit: received 10 results and 0 failures
[2024-08-13 13:35:40,380][flwr][INFO] - fit progress: (6, 3.1013966077769637, {'accuracy': 0.0297, 'precision': 0.02939286375641633, 'recall': 0.0297, 'f1': 0.029379641564654127, 'confusion_matrix': array([[  41,  864,    0,    2,    4,    0,   34,   31,    0,    4],
       [   1,    0, 1101,    3,    3,    0,   11,    6,    0,   10],
       [  13,   18,   60,  822,   14,   16,    2,   35,   22,   30],
       [  10,   12,    8,   52,  826,    1,   39,   12,   21,   29],
       [  37,    1,    8,    1,    6,  874,    1,   36,    4,   14],
       [  56,   31,   34,    7,   72,   38,  597,   29,   19,    9],
       [   2,   21,   11,   11,    2,    6,   63,  842,    0,    0],
       [  71,    1,   40,   20,    5,    9,    0,    6,  869,    7],
       [  20,    7,   27,   22,   75,   10,   39,   19,   19,  736],
       [ 823,    2,    7,    6,   21,   64,   12,    4,   58,   12]],
      dtype=int64)}, 54.06180539999332)
[2024-08-13 13:35:40,381][flwr][INFO] - configure_evaluate: no clients selected, skipping evaluation
[2024-08-13 13:35:40,381][flwr][INFO] - 
[2024-08-13 13:35:40,381][flwr][INFO] - [ROUND 7]
[2024-08-13 13:35:40,381][flwr][INFO] - configure_fit: strategy sampled 10 clients (out of 10)
[2024-08-13 13:35:46,882][flwr][INFO] - aggregate_fit: received 10 results and 0 failures
[2024-08-13 13:35:48,961][flwr][INFO] - fit progress: (7, 2.924479923499324, {'accuracy': 0.0361, 'precision': 0.03519895316473941, 'recall': 0.0361, 'f1': 0.03530914578306855, 'confusion_matrix': array([[  18,  889,    0,    0,    1,    3,   16,   35,    1,   17],
       [   0,    1, 1098,    2,    3,    0,    8,    5,    1,   17],
       [   6,   21,   68,  804,   14,   19,    4,   31,   24,   41],
       [   1,   17,   10,   55,  784,    1,   43,   14,   22,   63],
       [  16,    1,    6,    2,    3,  891,    2,   31,    4,   26],
       [  26,   46,   27,    7,   52,   42,  590,   25,   30,   47],
       [   1,   25,   11,    8,    2,    8,   58,  842,    0,    3],
       [  31,    2,   40,   12,    5,   14,    0,    3,  904,   17],
       [   2,    7,   17,   10,   35,    9,   22,   15,   14,  843],
       [ 619,    4,    5,    6,   19,  151,   14,    7,   85,   99]],
      dtype=int64)}, 62.643505099986214)
[2024-08-13 13:35:48,962][flwr][INFO] - configure_evaluate: no clients selected, skipping evaluation
[2024-08-13 13:35:48,962][flwr][INFO] - 
[2024-08-13 13:35:48,962][flwr][INFO] - [ROUND 8]
[2024-08-13 13:35:48,963][flwr][INFO] - configure_fit: strategy sampled 10 clients (out of 10)
[2024-08-13 13:35:55,665][flwr][INFO] - aggregate_fit: received 10 results and 0 failures
[2024-08-13 13:35:57,737][flwr][INFO] - fit progress: (8, 2.8633241984141966, {'accuracy': 0.0325, 'precision': 0.031612798095089094, 'recall': 0.0325, 'f1': 0.03185552614546884, 'confusion_matrix': array([[  50,  858,    0,    2,    4,    1,   26,   35,    0,    4],
       [   1,    1, 1109,    2,    3,    0,    8,    6,    0,    5],
       [  15,   18,   74,  812,   14,   15,    5,   29,   23,   27],
       [  10,   13,   10,   57,  817,    1,   43,   12,   24,   23],
       [  43,    0,    8,    2,   10,  870,    3,   31,    4,   11],
       [  53,   41,   29,    7,   62,   35,  610,   26,   22,    7],
       [   5,   21,   11,    9,    4,    5,   64,  839,    0,    0],
       [  84,    1,   42,   18,    5,   10,    0,    5,  859,    4],
       [  24,    9,   29,   16,   79,   12,   39,   18,   21,  727],
       [ 837,    2,    7,    7,   20,   56,   13,    4,   55,    8]],
      dtype=int64)}, 71.41777849999198)
[2024-08-13 13:35:57,737][flwr][INFO] - configure_evaluate: no clients selected, skipping evaluation
[2024-08-13 13:35:57,737][flwr][INFO] - 
[2024-08-13 13:35:57,737][flwr][INFO] - [ROUND 9]
[2024-08-13 13:35:57,738][flwr][INFO] - configure_fit: strategy sampled 10 clients (out of 10)
[2024-08-13 13:36:04,499][flwr][INFO] - aggregate_fit: received 10 results and 0 failures
[2024-08-13 13:36:06,720][flwr][INFO] - fit progress: (9, 2.8085268669175623, {'accuracy': 0.0362, 'precision': 0.0357379350195196, 'recall': 0.0362, 'f1': 0.03569731516791768, 'confusion_matrix': array([[  18,  892,    0,    0,    2,    2,   15,   35,    2,   14],
       [   0,    2, 1104,    2,    2,    0,    6,    6,    1,   12],
       [   7,   21,   79,  795,   15,   16,    4,   32,   23,   40],
       [   1,   17,   10,   62,  787,    1,   42,   14,   25,   51],
       [  20,    0,    6,    2,    7,  885,    3,   31,    3,   25],
       [  25,   51,   24,    7,   52,   41,  603,   25,   28,   36],
       [   1,   25,   11,    8,    2,    7,   59,  842,    0,    3],
       [  35,    2,   42,   13,    5,   13,    0,    4,  901,   13],
       [   3,   10,   18,   11,   37,   10,   20,   16,   18,  831],
       [ 682,    4,    5,    7,   22,  118,   15,    7,   77,   72]],
      dtype=int64)}, 80.40199699999357)
[2024-08-13 13:36:06,721][flwr][INFO] - configure_evaluate: no clients selected, skipping evaluation
[2024-08-13 13:36:06,721][flwr][INFO] - 
[2024-08-13 13:36:06,721][flwr][INFO] - [ROUND 10]
[2024-08-13 13:36:06,721][flwr][INFO] - configure_fit: strategy sampled 10 clients (out of 10)
[2024-08-13 13:36:13,216][flwr][INFO] - aggregate_fit: received 10 results and 0 failures
[2024-08-13 13:36:15,292][flwr][INFO] - fit progress: (10, 2.7637245559191697, {'accuracy': 0.034, 'precision': 0.03309454627987308, 'recall': 0.034, 'f1': 0.03334570926104778, 'confusion_matrix': array([[  43,  859,    0,    1,    3,    2,   31,   37,    0,    4],
       [   1,    2, 1110,    2,    2,    0,    7,    6,    0,    5],
       [  13,   17,   83,  804,   15,   15,    5,   29,   23,   28],
       [   9,   15,   10,   61,  805,    1,   45,   12,   27,   25],
       [  40,    0,    8,    3,   12,  868,    4,   30,    4,   13],
       [  48,   47,   27,    6,   54,   35,  618,   23,   23,   11],
       [   5,   21,   11,    8,    4,    5,   67,  835,    0,    2],
       [  81,    1,   42,   19,    5,   10,    0,    6,  860,    4],
       [  21,    9,   28,   15,   63,   13,   36,   18,   21,  750],
       [ 835,    2,    7,    7,   21,   57,   12,    4,   54,   10]],
      dtype=int64)}, 88.97356529999524)
[2024-08-13 13:36:15,293][flwr][INFO] - configure_evaluate: no clients selected, skipping evaluation
[2024-08-13 13:36:15,293][flwr][INFO] - 
[2024-08-13 13:36:15,293][flwr][INFO] - [SUMMARY]
[2024-08-13 13:36:15,293][flwr][INFO] - Run finished 10 round(s) in 88.97s
[2024-08-13 13:36:15,301][flwr][INFO] - 	History (loss, centralized):
[2024-08-13 13:36:15,301][flwr][INFO] - 		round 0: 2.3025850929940455
[2024-08-13 13:36:15,301][flwr][INFO] - 		round 1: 4.303017224438692
[2024-08-13 13:36:15,301][flwr][INFO] - 		round 2: 3.9177223315621696
[2024-08-13 13:36:15,302][flwr][INFO] - 		round 3: 3.7177545734721846
[2024-08-13 13:36:15,302][flwr][INFO] - 		round 4: 3.329959972854446
[2024-08-13 13:36:15,302][flwr][INFO] - 		round 5: 3.1910642017678787
[2024-08-13 13:36:15,302][flwr][INFO] - 		round 6: 3.1013966077769637
[2024-08-13 13:36:15,302][flwr][INFO] - 		round 7: 2.924479923499324
[2024-08-13 13:36:15,302][flwr][INFO] - 		round 8: 2.8633241984141966
[2024-08-13 13:36:15,302][flwr][INFO] - 		round 9: 2.8085268669175623
[2024-08-13 13:36:15,302][flwr][INFO] - 		round 10: 2.7637245559191697
[2024-08-13 13:36:15,302][flwr][INFO] - 	History (metrics, centralized):
[2024-08-13 13:36:15,302][flwr][INFO] - 	{'accuracy': [(0, 0.098),
[2024-08-13 13:36:15,302][flwr][INFO] - 	              (1, 0.0398),
[2024-08-13 13:36:15,302][flwr][INFO] - 	              (2, 0.0257),
[2024-08-13 13:36:15,303][flwr][INFO] - 	              (3, 0.0278),
[2024-08-13 13:36:15,303][flwr][INFO] - 	              (4, 0.0282),
[2024-08-13 13:36:15,303][flwr][INFO] - 	              (5, 0.0376),
[2024-08-13 13:36:15,303][flwr][INFO] - 	              (6, 0.0297),
[2024-08-13 13:36:15,303][flwr][INFO] - 	              (7, 0.0361),
[2024-08-13 13:36:15,303][flwr][INFO] - 	              (8, 0.0325),
[2024-08-13 13:36:15,303][flwr][INFO] - 	              (9, 0.0362),
[2024-08-13 13:36:15,303][flwr][INFO] - 	              (10, 0.034)],
[2024-08-13 13:36:15,303][flwr][INFO] - 	 'confusion_matrix': [(0,
[2024-08-13 13:36:15,303][flwr][INFO] - 	                       array([[ 980,    0,    0,    0,    0,    0,    0,    0,    0,    0],
[2024-08-13 13:36:15,303][flwr][INFO] - 	       [1135,    0,    0,    0,    0,    0,    0,    0,    0,    0],
[2024-08-13 13:36:15,303][flwr][INFO] - 	       [1032,    0,    0,    0,    0,    0,    0,    0,    0,    0],
[2024-08-13 13:36:15,303][flwr][INFO] - 	       [1010,    0,    0,    0,    0,    0,    0,    0,    0,    0],
[2024-08-13 13:36:15,303][flwr][INFO] - 	       [ 982,    0,    0,    0,    0,    0,    0,    0,    0,    0],
[2024-08-13 13:36:15,303][flwr][INFO] - 	       [ 892,    0,    0,    0,    0,    0,    0,    0,    0,    0],
[2024-08-13 13:36:15,303][flwr][INFO] - 	       [ 958,    0,    0,    0,    0,    0,    0,    0,    0,    0],
[2024-08-13 13:36:15,303][flwr][INFO] - 	       [1028,    0,    0,    0,    0,    0,    0,    0,    0,    0],
[2024-08-13 13:36:15,304][flwr][INFO] - 	       [ 974,    0,    0,    0,    0,    0,    0,    0,    0,    0],
[2024-08-13 13:36:15,304][flwr][INFO] - 	       [1009,    0,    0,    0,    0,    0,    0,    0,    0,    0]],
[2024-08-13 13:36:15,304][flwr][INFO] - 	      dtype=int64)),
[2024-08-13 13:36:15,304][flwr][INFO] - 	                      (1,
[2024-08-13 13:36:15,304][flwr][INFO] - 	                       array([[   0,  933,    0,    1,    6,    0,    0,   16,    1,   23],
[2024-08-13 13:36:15,304][flwr][INFO] - 	       [   0,    0, 1083,    3,    2,    0,    0,    3,    1,   43],
[2024-08-13 13:36:15,304][flwr][INFO] - 	       [   3,   58,   79,  740,   16,    4,    0,   38,   15,   79],
[2024-08-13 13:36:15,304][flwr][INFO] - 	       [   1,   27,   16,   27,  814,    0,    0,    9,   12,  104],
[2024-08-13 13:36:15,304][flwr][INFO] - 	       [ 116,    9,   16,    3,   20,  531,    0,   64,   11,  212],
[2024-08-13 13:36:15,304][flwr][INFO] - 	       [  30,  131,   65,    4,  253,    3,    3,   36,   26,  341],
[2024-08-13 13:36:15,304][flwr][INFO] - 	       [   0,   69,   23,    8,    3,    1,    0,  820,    1,   33],
[2024-08-13 13:36:15,304][flwr][INFO] - 	       [  29,   13,   46,    5,    5,    1,    0,    3,  859,   67],
[2024-08-13 13:36:15,304][flwr][INFO] - 	       [   1,   20,   16,    6,   75,    1,    0,    9,    9,  837],
[2024-08-13 13:36:15,304][flwr][INFO] - 	       [ 601,   25,    9,    7,   17,    6,    0,    6,   81,  257]],
[2024-08-13 13:36:15,304][flwr][INFO] - 	      dtype=int64)),
[2024-08-13 13:36:15,304][flwr][INFO] - 	                      (2,
[2024-08-13 13:36:15,304][flwr][INFO] - 	                       array([[  17,  900,    0,    7,   10,    1,   13,   29,    1,    2],
[2024-08-13 13:36:15,305][flwr][INFO] - 	       [   0,    0, 1103,   15,    7,    0,    1,    5,    1,    3],
[2024-08-13 13:36:15,305][flwr][INFO] - 	       [   8,   28,   61,  844,   11,   13,    0,   34,   20,   13],
[2024-08-13 13:36:15,305][flwr][INFO] - 	       [  15,   15,   17,   76,  835,    1,    6,   11,   22,   12],
[2024-08-13 13:36:15,305][flwr][INFO] - 	       [  62,    2,   16,    4,    7,  832,    1,   43,    8,    7],
[2024-08-13 13:36:15,305][flwr][INFO] - 	       [  83,   46,   62,   11,  198,   32,  381,   37,   37,    5],
[2024-08-13 13:36:15,305][flwr][INFO] - 	       [   0,   41,   24,   15,    1,    5,   30,  842,    0,    0],
[2024-08-13 13:36:15,305][flwr][INFO] - 	       [  50,    4,   49,   33,    1,   11,    0,    4,  874,    2],
[2024-08-13 13:36:15,305][flwr][INFO] - 	       [  49,   20,   48,   69,  169,    8,   13,   19,   26,  553],
[2024-08-13 13:36:15,305][flwr][INFO] - 	       [ 817,   14,   17,    7,   18,   47,    1,    5,   79,    4]],
[2024-08-13 13:36:15,305][flwr][INFO] - 	      dtype=int64)),
[2024-08-13 13:36:15,305][flwr][INFO] - 	                      (3,
[2024-08-13 13:36:15,305][flwr][INFO] - 	                       array([[  11,  875,    0,    4,    2,    1,   54,   26,    1,    6],
[2024-08-13 13:36:15,305][flwr][INFO] - 	       [   0,    0, 1091,    8,    2,    0,   10,    4,    1,   19],
[2024-08-13 13:36:15,305][flwr][INFO] - 	       [   5,   26,   59,  812,   12,   21,    1,   35,   22,   39],
[2024-08-13 13:36:15,305][flwr][INFO] - 	       [   4,   15,   14,   59,  787,    1,   36,   11,   20,   63],
[2024-08-13 13:36:15,305][flwr][INFO] - 	       [  23,    1,   11,    1,    3,  872,    3,   40,    6,   22],
[2024-08-13 13:36:15,305][flwr][INFO] - 	       [  42,   27,   50,    7,   88,   33,  561,   27,   28,   29],
[2024-08-13 13:36:15,306][flwr][INFO] - 	       [   0,   34,   16,   12,    2,    5,   51,  835,    0,    3],
[2024-08-13 13:36:15,306][flwr][INFO] - 	       [  41,    3,   45,   20,    0,   11,    0,    5,  885,   18],
[2024-08-13 13:36:15,306][flwr][INFO] - 	       [  15,    6,   22,   21,   66,    8,   31,   16,   13,  776],
[2024-08-13 13:36:15,306][flwr][INFO] - 	       [ 724,    7,   11,    7,   15,  105,   12,    6,   78,   44]],
[2024-08-13 13:36:15,306][flwr][INFO] - 	      dtype=int64)),
[2024-08-13 13:36:15,306][flwr][INFO] - 	                      (4,
[2024-08-13 13:36:15,306][flwr][INFO] - 	                       array([[  61,  829,    0,    3,    9,    0,   48,   28,    0,    2],
[2024-08-13 13:36:15,306][flwr][INFO] - 	       [   1,    0, 1092,    7,    9,    0,   12,    6,    0,    8],
[2024-08-13 13:36:15,306][flwr][INFO] - 	       [  24,   16,   44,  829,   17,   16,    3,   36,   20,   27],
[2024-08-13 13:36:15,306][flwr][INFO] - 	       [  17,    9,    6,   40,  853,    0,   31,   12,   19,   23],
[2024-08-13 13:36:15,306][flwr][INFO] - 	       [  73,    1,    9,    1,    9,  835,    2,   35,    5,   12],
[2024-08-13 13:36:15,306][flwr][INFO] - 	       [  74,   21,   36,    5,   87,   34,  582,   29,   16,    8],
[2024-08-13 13:36:15,306][flwr][INFO] - 	       [   2,   16,   11,   12,    2,    5,   61,  849,    0,    0],
[2024-08-13 13:36:15,306][flwr][INFO] - 	       [  94,    1,   39,   22,    6,    9,    0,    5,  846,    6],
[2024-08-13 13:36:15,306][flwr][INFO] - 	       [  48,    3,   22,   20,  117,    6,   44,   20,   18,  676],
[2024-08-13 13:36:15,306][flwr][INFO] - 	       [ 860,    2,    8,    6,   20,   43,   12,    4,   44,   10]],
[2024-08-13 13:36:15,306][flwr][INFO] - 	      dtype=int64)),
[2024-08-13 13:36:15,306][flwr][INFO] - 	                      (5,
[2024-08-13 13:36:15,307][flwr][INFO] - 	                       array([[  10,  888,    0,    3,    1,    1,   21,   38,    1,   17],
[2024-08-13 13:36:15,307][flwr][INFO] - 	       [   0,    0, 1087,    2,    2,    0,   10,    5,    1,   28],
[2024-08-13 13:36:15,307][flwr][INFO] - 	       [   3,   20,   53,  814,   12,   26,    2,   34,   23,   45],
[2024-08-13 13:36:15,307][flwr][INFO] - 	       [   1,   16,    7,   63,  764,    1,   49,   13,   25,   71],
[2024-08-13 13:36:15,307][flwr][INFO] - 	       [   7,    1,    7,    1,    2,  896,    2,   33,    6,   27],
[2024-08-13 13:36:15,307][flwr][INFO] - 	       [  19,   32,   33,    8,   53,   46,  590,   27,   31,   53],
[2024-08-13 13:36:15,307][flwr][INFO] - 	       [   0,   22,   11,   11,    2,    7,   60,  841,    0,    4],
[2024-08-13 13:36:15,307][flwr][INFO] - 	       [  20,    2,   34,   15,    4,   16,    0,    3,  915,   19],
[2024-08-13 13:36:15,307][flwr][INFO] - 	       [   0,    4,   13,   11,   35,    9,   26,   16,   18,  842],
[2024-08-13 13:36:15,307][flwr][INFO] - 	       [ 510,    4,    5,    7,   11,  222,   14,    9,  106,  121]],
[2024-08-13 13:36:15,307][flwr][INFO] - 	      dtype=int64)),
[2024-08-13 13:36:15,307][flwr][INFO] - 	                      (6,
[2024-08-13 13:36:15,307][flwr][INFO] - 	                       array([[  41,  864,    0,    2,    4,    0,   34,   31,    0,    4],
[2024-08-13 13:36:15,307][flwr][INFO] - 	       [   1,    0, 1101,    3,    3,    0,   11,    6,    0,   10],
[2024-08-13 13:36:15,307][flwr][INFO] - 	       [  13,   18,   60,  822,   14,   16,    2,   35,   22,   30],
[2024-08-13 13:36:15,307][flwr][INFO] - 	       [  10,   12,    8,   52,  826,    1,   39,   12,   21,   29],
[2024-08-13 13:36:15,307][flwr][INFO] - 	       [  37,    1,    8,    1,    6,  874,    1,   36,    4,   14],
[2024-08-13 13:36:15,308][flwr][INFO] - 	       [  56,   31,   34,    7,   72,   38,  597,   29,   19,    9],
[2024-08-13 13:36:15,308][flwr][INFO] - 	       [   2,   21,   11,   11,    2,    6,   63,  842,    0,    0],
[2024-08-13 13:36:15,308][flwr][INFO] - 	       [  71,    1,   40,   20,    5,    9,    0,    6,  869,    7],
[2024-08-13 13:36:15,308][flwr][INFO] - 	       [  20,    7,   27,   22,   75,   10,   39,   19,   19,  736],
[2024-08-13 13:36:15,308][flwr][INFO] - 	       [ 823,    2,    7,    6,   21,   64,   12,    4,   58,   12]],
[2024-08-13 13:36:15,308][flwr][INFO] - 	      dtype=int64)),
[2024-08-13 13:36:15,308][flwr][INFO] - 	                      (7,
[2024-08-13 13:36:15,308][flwr][INFO] - 	                       array([[  18,  889,    0,    0,    1,    3,   16,   35,    1,   17],
[2024-08-13 13:36:15,308][flwr][INFO] - 	       [   0,    1, 1098,    2,    3,    0,    8,    5,    1,   17],
[2024-08-13 13:36:15,308][flwr][INFO] - 	       [   6,   21,   68,  804,   14,   19,    4,   31,   24,   41],
[2024-08-13 13:36:15,308][flwr][INFO] - 	       [   1,   17,   10,   55,  784,    1,   43,   14,   22,   63],
[2024-08-13 13:36:15,308][flwr][INFO] - 	       [  16,    1,    6,    2,    3,  891,    2,   31,    4,   26],
[2024-08-13 13:36:15,308][flwr][INFO] - 	       [  26,   46,   27,    7,   52,   42,  590,   25,   30,   47],
[2024-08-13 13:36:15,308][flwr][INFO] - 	       [   1,   25,   11,    8,    2,    8,   58,  842,    0,    3],
[2024-08-13 13:36:15,308][flwr][INFO] - 	       [  31,    2,   40,   12,    5,   14,    0,    3,  904,   17],
[2024-08-13 13:36:15,308][flwr][INFO] - 	       [   2,    7,   17,   10,   35,    9,   22,   15,   14,  843],
[2024-08-13 13:36:15,308][flwr][INFO] - 	       [ 619,    4,    5,    6,   19,  151,   14,    7,   85,   99]],
[2024-08-13 13:36:15,309][flwr][INFO] - 	      dtype=int64)),
[2024-08-13 13:36:15,309][flwr][INFO] - 	                      (8,
[2024-08-13 13:36:15,309][flwr][INFO] - 	                       array([[  50,  858,    0,    2,    4,    1,   26,   35,    0,    4],
[2024-08-13 13:36:15,309][flwr][INFO] - 	       [   1,    1, 1109,    2,    3,    0,    8,    6,    0,    5],
[2024-08-13 13:36:15,309][flwr][INFO] - 	       [  15,   18,   74,  812,   14,   15,    5,   29,   23,   27],
[2024-08-13 13:36:15,309][flwr][INFO] - 	       [  10,   13,   10,   57,  817,    1,   43,   12,   24,   23],
[2024-08-13 13:36:15,309][flwr][INFO] - 	       [  43,    0,    8,    2,   10,  870,    3,   31,    4,   11],
[2024-08-13 13:36:15,309][flwr][INFO] - 	       [  53,   41,   29,    7,   62,   35,  610,   26,   22,    7],
[2024-08-13 13:36:15,309][flwr][INFO] - 	       [   5,   21,   11,    9,    4,    5,   64,  839,    0,    0],
[2024-08-13 13:36:15,309][flwr][INFO] - 	       [  84,    1,   42,   18,    5,   10,    0,    5,  859,    4],
[2024-08-13 13:36:15,309][flwr][INFO] - 	       [  24,    9,   29,   16,   79,   12,   39,   18,   21,  727],
[2024-08-13 13:36:15,309][flwr][INFO] - 	       [ 837,    2,    7,    7,   20,   56,   13,    4,   55,    8]],
[2024-08-13 13:36:15,309][flwr][INFO] - 	      dtype=int64)),
[2024-08-13 13:36:15,309][flwr][INFO] - 	                      (9,
[2024-08-13 13:36:15,309][flwr][INFO] - 	                       array([[  18,  892,    0,    0,    2,    2,   15,   35,    2,   14],
[2024-08-13 13:36:15,309][flwr][INFO] - 	       [   0,    2, 1104,    2,    2,    0,    6,    6,    1,   12],
[2024-08-13 13:36:15,309][flwr][INFO] - 	       [   7,   21,   79,  795,   15,   16,    4,   32,   23,   40],
[2024-08-13 13:36:15,310][flwr][INFO] - 	       [   1,   17,   10,   62,  787,    1,   42,   14,   25,   51],
[2024-08-13 13:36:15,310][flwr][INFO] - 	       [  20,    0,    6,    2,    7,  885,    3,   31,    3,   25],
[2024-08-13 13:36:15,310][flwr][INFO] - 	       [  25,   51,   24,    7,   52,   41,  603,   25,   28,   36],
[2024-08-13 13:36:15,310][flwr][INFO] - 	       [   1,   25,   11,    8,    2,    7,   59,  842,    0,    3],
[2024-08-13 13:36:15,310][flwr][INFO] - 	       [  35,    2,   42,   13,    5,   13,    0,    4,  901,   13],
[2024-08-13 13:36:15,310][flwr][INFO] - 	       [   3,   10,   18,   11,   37,   10,   20,   16,   18,  831],
[2024-08-13 13:36:15,310][flwr][INFO] - 	       [ 682,    4,    5,    7,   22,  118,   15,    7,   77,   72]],
[2024-08-13 13:36:15,310][flwr][INFO] - 	      dtype=int64)),
[2024-08-13 13:36:15,310][flwr][INFO] - 	                      (10,
[2024-08-13 13:36:15,310][flwr][INFO] - 	                       array([[  43,  859,    0,    1,    3,    2,   31,   37,    0,    4],
[2024-08-13 13:36:15,310][flwr][INFO] - 	       [   1,    2, 1110,    2,    2,    0,    7,    6,    0,    5],
[2024-08-13 13:36:15,310][flwr][INFO] - 	       [  13,   17,   83,  804,   15,   15,    5,   29,   23,   28],
[2024-08-13 13:36:15,310][flwr][INFO] - 	       [   9,   15,   10,   61,  805,    1,   45,   12,   27,   25],
[2024-08-13 13:36:15,310][flwr][INFO] - 	       [  40,    0,    8,    3,   12,  868,    4,   30,    4,   13],
[2024-08-13 13:36:15,310][flwr][INFO] - 	       [  48,   47,   27,    6,   54,   35,  618,   23,   23,   11],
[2024-08-13 13:36:15,310][flwr][INFO] - 	       [   5,   21,   11,    8,    4,    5,   67,  835,    0,    2],
[2024-08-13 13:36:15,310][flwr][INFO] - 	       [  81,    1,   42,   19,    5,   10,    0,    6,  860,    4],
[2024-08-13 13:36:15,311][flwr][INFO] - 	       [  21,    9,   28,   15,   63,   13,   36,   18,   21,  750],
[2024-08-13 13:36:15,311][flwr][INFO] - 	       [ 835,    2,    7,    7,   21,   57,   12,    4,   54,   10]],
[2024-08-13 13:36:15,311][flwr][INFO] - 	      dtype=int64))],
[2024-08-13 13:36:15,311][flwr][INFO] - 	 'f1': [(0, 0.017493624772313296),
[2024-08-13 13:36:15,311][flwr][INFO] - 	        (1, 0.030449740444408256),
[2024-08-13 13:36:15,311][flwr][INFO] - 	        (2, 0.025315229175794),
[2024-08-13 13:36:15,311][flwr][INFO] - 	        (3, 0.027570987584850628),
[2024-08-13 13:36:15,311][flwr][INFO] - 	        (4, 0.02767572318587068),
[2024-08-13 13:36:15,311][flwr][INFO] - 	        (5, 0.03621842650682836),
[2024-08-13 13:36:15,311][flwr][INFO] - 	        (6, 0.029379641564654127),
[2024-08-13 13:36:15,311][flwr][INFO] - 	        (7, 0.03530914578306855),
[2024-08-13 13:36:15,311][flwr][INFO] - 	        (8, 0.03185552614546884),
[2024-08-13 13:36:15,311][flwr][INFO] - 	        (9, 0.03569731516791768),
[2024-08-13 13:36:15,311][flwr][INFO] - 	        (10, 0.03334570926104778)],
[2024-08-13 13:36:15,311][flwr][INFO] - 	 'precision': [(0, 0.009604000000000001),
[2024-08-13 13:36:15,311][flwr][INFO] - 	               (1, 0.025690125581603208),
[2024-08-13 13:36:15,311][flwr][INFO] - 	               (2, 0.02655798514615147),
[2024-08-13 13:36:15,312][flwr][INFO] - 	               (3, 0.027721646692001205),
[2024-08-13 13:36:15,312][flwr][INFO] - 	               (4, 0.027578945947046095),
[2024-08-13 13:36:15,312][flwr][INFO] - 	               (5, 0.035710509830235125),
[2024-08-13 13:36:15,312][flwr][INFO] - 	               (6, 0.02939286375641633),
[2024-08-13 13:36:15,312][flwr][INFO] - 	               (7, 0.03519895316473941),
[2024-08-13 13:36:15,312][flwr][INFO] - 	               (8, 0.031612798095089094),
[2024-08-13 13:36:15,312][flwr][INFO] - 	               (9, 0.0357379350195196),
[2024-08-13 13:36:15,312][flwr][INFO] - 	               (10, 0.03309454627987308)],
[2024-08-13 13:36:15,312][flwr][INFO] - 	 'recall': [(0, 0.098),
[2024-08-13 13:36:15,312][flwr][INFO] - 	            (1, 0.0398),
[2024-08-13 13:36:15,312][flwr][INFO] - 	            (2, 0.0257),
[2024-08-13 13:36:15,312][flwr][INFO] - 	            (3, 0.0278),
[2024-08-13 13:36:15,312][flwr][INFO] - 	            (4, 0.0282),
[2024-08-13 13:36:15,312][flwr][INFO] - 	            (5, 0.0376),
[2024-08-13 13:36:15,312][flwr][INFO] - 	            (6, 0.0297),
[2024-08-13 13:36:15,312][flwr][INFO] - 	            (7, 0.0361),
[2024-08-13 13:36:15,312][flwr][INFO] - 	            (8, 0.0325),
[2024-08-13 13:36:15,313][flwr][INFO] - 	            (9, 0.0362),
[2024-08-13 13:36:15,313][flwr][INFO] - 	            (10, 0.034)]}
[2024-08-13 13:36:15,313][flwr][INFO] - 
