[2024-08-13 15:56:06,372][flwr][INFO] - Starting Flower simulation, config: num_rounds=10, no round_timeout
[2024-08-13 15:56:10,401][flwr][INFO] - Flower VCE: Ray initialized with resources: {'object_store_memory': 2507014963.0, 'node:127.0.0.1': 1.0, 'memory': 5014029927.0, 'node:__internal_head__': 1.0, 'accelerator_type:G': 1.0, 'CPU': 16.0, 'GPU': 1.0}
[2024-08-13 15:56:10,401][flwr][INFO] - Optimize your simulation with Flower VCE: https://flower.ai/docs/framework/how-to-run-simulations.html
[2024-08-13 15:56:10,401][flwr][INFO] - Flower VCE: Resources for each Virtual Client: {'num_cpus': 2, 'num_gpus': 0.5}
[2024-08-13 15:56:10,415][flwr][INFO] - Flower VCE: Creating VirtualClientEngineActorPool with 2 actors
[2024-08-13 15:56:10,418][flwr][INFO] - [INIT]
[2024-08-13 15:56:10,418][flwr][INFO] - Requesting initial parameters from one random client
[2024-08-13 15:56:17,986][flwr][INFO] - Received initial parameters from one random client
[2024-08-13 15:56:17,986][flwr][INFO] - Evaluating initial global parameters
[2024-08-13 15:56:20,240][flwr][INFO] - initial parameters (loss, other metrics): 2.3025850929940455, {'accuracy': 0.098, 'precision': 0.009604000000000001, 'recall': 0.098, 'f1': 0.017493624772313296, 'confusion_matrix': array([[ 980,    0,    0,    0,    0,    0,    0,    0,    0,    0],
       [1135,    0,    0,    0,    0,    0,    0,    0,    0,    0],
       [1032,    0,    0,    0,    0,    0,    0,    0,    0,    0],
       [1010,    0,    0,    0,    0,    0,    0,    0,    0,    0],
       [ 982,    0,    0,    0,    0,    0,    0,    0,    0,    0],
       [ 892,    0,    0,    0,    0,    0,    0,    0,    0,    0],
       [ 958,    0,    0,    0,    0,    0,    0,    0,    0,    0],
       [1028,    0,    0,    0,    0,    0,    0,    0,    0,    0],
       [ 974,    0,    0,    0,    0,    0,    0,    0,    0,    0],
       [1009,    0,    0,    0,    0,    0,    0,    0,    0,    0]],
      dtype=int64)}
[2024-08-13 15:56:20,241][flwr][INFO] - 
[2024-08-13 15:56:20,241][flwr][INFO] - [ROUND 1]
[2024-08-13 15:56:20,241][flwr][INFO] - configure_fit: strategy sampled 10 clients (out of 100)
[2024-08-13 15:56:23,744][flwr][INFO] - aggregate_fit: received 10 results and 0 failures
[2024-08-13 15:56:23,748][flwr][WARNING] - No fit_metrics_aggregation_fn provided
[2024-08-13 15:56:25,831][flwr][INFO] - fit progress: (1, 1.2327190672045791, {'accuracy': 0.5737, 'precision': 0.7367661133070367, 'recall': 0.5737, 'f1': 0.5236574547048762, 'confusion_matrix': array([[965,   0,   2,   2,   0,   0,   3,   0,   8,   0],
       [  0, 753, 248,   4,   0,   0,   4,   0,  75,  51],
       [113,   0, 625, 139,   1,   0,  18,   5,  86,  45],
       [ 45,   0,  10, 804,   0,   0,   6,   1,  90,  54],
       [ 71,   2,   2,   0, 104,   0,   8,   0,  23, 772],
       [305,  20,  25, 178,   3,   1,  18,   1, 193, 148],
       [157,   3,  33,   5,   2,   0, 726,   1,  14,  17],
       [ 63,   8,  17,   1,   0,   0,   1, 155, 259, 524],
       [ 67,   0,  13,  96,   1,   0,   6,   0, 705,  86],
       [ 60,   0,   0,   7,   3,   0,   0,   1,  39, 899]], dtype=int64)}, 5.58931670000311)
[2024-08-13 15:56:25,832][flwr][INFO] - configure_evaluate: no clients selected, skipping evaluation
[2024-08-13 15:56:25,832][flwr][INFO] - 
[2024-08-13 15:56:25,832][flwr][INFO] - [ROUND 2]
[2024-08-13 15:56:25,832][flwr][INFO] - configure_fit: strategy sampled 10 clients (out of 100)
[2024-08-13 15:56:27,031][flwr][INFO] - aggregate_fit: received 10 results and 0 failures
[2024-08-13 15:56:29,114][flwr][INFO] - fit progress: (2, 0.9240228569616482, {'accuracy': 0.7467, 'precision': 0.7772653111420339, 'recall': 0.7467, 'f1': 0.7350469525691659, 'confusion_matrix': array([[908,   1,   3,   7,   3,   1,  45,   5,   7,   0],
       [  0, 929, 171,  11,   3,   2,   8,   4,   7,   0],
       [ 24,   4, 780, 108,  26,   0,  30,  32,  28,   0],
       [  3,   3,  24, 860,  24,  15,  10,  18,  48,   5],
       [ 10,   4,   6,   0, 895,   1,  31,  21,   7,   7],
       [ 31,  64,  20, 181,  45, 432,  56,  27,  32,   4],
       [ 20,   9,  32,   3,  12,   6, 867,   9,   0,   0],
       [ 12,  22,  55,   1,  20,   0,   2, 866,  46,   4],
       [ 23,  18,  41, 173,  59,  10,  34,  15, 598,   3],
       [ 33,   6,   3,   8, 398,   2,   2, 175,  50, 332]], dtype=int64)}, 8.87335670000175)
[2024-08-13 15:56:29,115][flwr][INFO] - configure_evaluate: no clients selected, skipping evaluation
[2024-08-13 15:56:29,115][flwr][INFO] - 
[2024-08-13 15:56:29,115][flwr][INFO] - [ROUND 3]
[2024-08-13 15:56:29,116][flwr][INFO] - configure_fit: strategy sampled 10 clients (out of 100)
[2024-08-13 15:56:30,266][flwr][INFO] - aggregate_fit: received 10 results and 0 failures
[2024-08-13 15:56:32,355][flwr][INFO] - fit progress: (3, 0.919277845091272, {'accuracy': 0.7714, 'precision': 0.7880421284186652, 'recall': 0.7714, 'f1': 0.7704351402317547, 'confusion_matrix': array([[ 887,    4,    2,    5,    0,   20,   43,    3,   13,    3],
       [   0, 1047,   53,    4,    1,    4,    5,    1,    5,   15],
       [  16,   20,  738,  113,   10,    3,   30,   26,   51,   25],
       [   0,   19,    9,  793,    3,   54,   10,   12,   63,   47],
       [   9,    7,    2,    0,  556,    8,   24,   20,   11,  345],
       [  10,   98,    8,   96,    7,  562,   37,   16,   28,   30],
       [  15,   27,   22,    0,    7,   18,  844,   21,    1,    3],
       [  13,   34,   28,    1,   12,    0,    1,  749,   95,   95],
       [   8,   51,    9,   94,    8,   41,   19,    5,  650,   89],
       [  23,    7,    2,    4,   18,   16,    1,   27,   23,  888]],
      dtype=int64)}, 12.113962500006892)
[2024-08-13 15:56:32,356][flwr][INFO] - configure_evaluate: no clients selected, skipping evaluation
[2024-08-13 15:56:32,356][flwr][INFO] - 
[2024-08-13 15:56:32,356][flwr][INFO] - [ROUND 4]
[2024-08-13 15:56:32,357][flwr][INFO] - configure_fit: strategy sampled 10 clients (out of 100)
[2024-08-13 15:56:33,513][flwr][INFO] - aggregate_fit: received 10 results and 0 failures
[2024-08-13 15:56:35,589][flwr][INFO] - fit progress: (4, 0.9607363646961883, {'accuracy': 0.753, 'precision': 0.7812404624944268, 'recall': 0.753, 'f1': 0.7422450119437233, 'confusion_matrix': array([[885,   7,   3,  10,   6,   9,  32,  18,  10,   0],
       [  0, 922, 181,   4,   3,   3,   5,   6,  11,   0],
       [ 13,  10, 815,  64,  27,   1,  18,  43,  40,   1],
       [  1,   9,  22, 794,  40,  38,   6,  23,  75,   2],
       [  6,   4,   5,   0, 891,   1,  15,  49,   8,   3],
       [ 11,  78,  17,  89,  36, 566,  31,  33,  31,   0],
       [ 12,  15,  42,   0,  21,  15, 805,  48,   0,   0],
       [  8,  18,  48,   1,  20,   0,   1, 872,  60,   0],
       [  8,  29,  31,  80,  60,  31,  19,  13, 700,   3],
       [ 29,   6,   4,   3, 356,  30,   1, 228,  72, 280]], dtype=int64)}, 15.348694500004058)
[2024-08-13 15:56:35,590][flwr][INFO] - configure_evaluate: no clients selected, skipping evaluation
[2024-08-13 15:56:35,590][flwr][INFO] - 
[2024-08-13 15:56:35,590][flwr][INFO] - [ROUND 5]
[2024-08-13 15:56:35,591][flwr][INFO] - configure_fit: strategy sampled 10 clients (out of 100)
[2024-08-13 15:56:36,769][flwr][INFO] - aggregate_fit: received 10 results and 0 failures
[2024-08-13 15:56:38,855][flwr][INFO] - fit progress: (5, 0.9484393972442842, {'accuracy': 0.7797, 'precision': 0.7897333235695154, 'recall': 0.7797, 'f1': 0.7782138357653365, 'confusion_matrix': array([[ 881,   20,    1,   10,    1,   15,   35,    7,    8,    2],
       [   0, 1009,   89,    9,    2,    3,    6,    1,    3,   13],
       [  12,   24,  747,  122,   13,    1,   22,   32,   40,   19],
       [   1,   17,    9,  835,    8,   34,    6,   15,   32,   53],
       [   8,    5,    3,    0,  723,    0,   17,   29,    5,  192],
       [   8,   92,   10,   96,   15,  557,   41,   20,   22,   31],
       [  10,   20,   27,    0,   12,   12,  834,   40,    0,    3],
       [  11,   28,   37,    2,   17,    0,    1,  791,   63,   78],
       [  11,   53,   16,  117,   16,   32,   23,    7,  541,  158],
       [  25,    5,    3,    5,   32,   14,    1,   34,   11,  879]],
      dtype=int64)}, 18.613489399998798)
[2024-08-13 15:56:38,855][flwr][INFO] - configure_evaluate: no clients selected, skipping evaluation
[2024-08-13 15:56:38,856][flwr][INFO] - 
[2024-08-13 15:56:38,856][flwr][INFO] - [ROUND 6]
[2024-08-13 15:56:38,856][flwr][INFO] - configure_fit: strategy sampled 10 clients (out of 100)
[2024-08-13 15:56:40,119][flwr][INFO] - aggregate_fit: received 10 results and 0 failures
[2024-08-13 15:56:42,205][flwr][INFO] - fit progress: (6, 0.9734964761571753, {'accuracy': 0.7746, 'precision': 0.7919208405752902, 'recall': 0.7746, 'f1': 0.7709062916375217, 'confusion_matrix': array([[892,  28,   1,   6,   2,   8,  24,  11,   8,   0],
       [  0, 971, 122,   4,   2,   3,   6,   2,  25,   0],
       [ 16,  18, 786,  67,  30,   0,  23,  37,  54,   1],
       [  4,  20,  15, 758,  47,  40,   9,  19,  96,   2],
       [ 17,   4,   1,   0, 872,   6,  18,  42,  14,   8],
       [ 15,  74,   7,  59,  30, 572,  47,  24,  63,   1],
       [ 13,  14,  25,   0,  17,   8, 823,  57,   1,   0],
       [ 13,  19,  41,   1,  24,   0,   2, 833,  94,   1],
       [ 17,  33,  17,  44,  45,  24,  22,   7, 762,   3],
       [ 68,   6,   3,   3, 212,  26,   1, 121,  92, 477]], dtype=int64)}, 21.964505399999325)
[2024-08-13 15:56:42,206][flwr][INFO] - configure_evaluate: no clients selected, skipping evaluation
[2024-08-13 15:56:42,206][flwr][INFO] - 
[2024-08-13 15:56:42,206][flwr][INFO] - [ROUND 7]
[2024-08-13 15:56:42,207][flwr][INFO] - configure_fit: strategy sampled 10 clients (out of 100)
[2024-08-13 15:56:43,358][flwr][INFO] - aggregate_fit: received 10 results and 0 failures
[2024-08-13 15:56:45,444][flwr][INFO] - fit progress: (7, 0.9683341027178743, {'accuracy': 0.7706, 'precision': 0.7829145701302272, 'recall': 0.7706, 'f1': 0.7675405130827283, 'confusion_matrix': array([[862,  59,   1,   6,   1,   7,  33,   5,   4,   2],
       [  0, 983, 113,  12,   2,   3,   9,   1,   2,  10],
       [ 13,  19, 759, 117,  12,   1,  24,  34,  33,  20],
       [  3,  13,   9, 832,  14,  31,  11,  15,  25,  57],
       [ 15,   5,   3,   0, 740,   5,  20,  32,   3, 159],
       [ 15,  77,  10,  85,  18, 546,  59,  21,  23,  38],
       [ 11,  14,  23,   0,  11,   5, 848,  44,   0,   2],
       [ 20,  25,  40,   5,  16,   0,   2, 799,  44,  77],
       [ 17,  50,  20, 106,  20,  20,  30,  10, 461, 240],
       [ 41,   5,   3,   5,  34,  10,   1,  30,   4, 876]], dtype=int64)}, 25.203647900008946)
[2024-08-13 15:56:45,445][flwr][INFO] - configure_evaluate: no clients selected, skipping evaluation
[2024-08-13 15:56:45,445][flwr][INFO] - 
[2024-08-13 15:56:45,445][flwr][INFO] - [ROUND 8]
[2024-08-13 15:56:45,446][flwr][INFO] - configure_fit: strategy sampled 10 clients (out of 100)
[2024-08-13 15:56:46,592][flwr][INFO] - aggregate_fit: received 10 results and 0 failures
[2024-08-13 15:56:48,693][flwr][INFO] - fit progress: (8, 0.9780430299829824, {'accuracy': 0.7758, 'precision': 0.7936450965292595, 'recall': 0.7758, 'f1': 0.7760855149270435, 'confusion_matrix': array([[776, 115,   2,   2,   2,  19,  32,  17,  15,   0],
       [  0, 982, 107,   4,   2,   4,   6,   1,  29,   0],
       [  5,  24, 788,  71,  29,   1,  18,  32,  62,   2],
       [  1,  21,  11, 765,  42,  41,  10,  17,  99,   3],
       [  8,   3,   2,   0, 872,  19,  17,  35,  18,   8],
       [  7,  65,   7,  53,  21, 591,  42,  21,  82,   3],
       [  8,  17,  22,   0,  19,   8, 805,  78,   1,   0],
       [ 14,  20,  37,   1,  28,   1,   0, 798, 126,   3],
       [  7,  30,  18,  32,  34,  32,  21,   5, 793,   2],
       [ 40,   6,   3,   3, 136,  29,   1,  81, 122, 588]], dtype=int64)}, 28.45208889999776)
[2024-08-13 15:56:48,694][flwr][INFO] - configure_evaluate: no clients selected, skipping evaluation
[2024-08-13 15:56:48,694][flwr][INFO] - 
[2024-08-13 15:56:48,694][flwr][INFO] - [ROUND 9]
[2024-08-13 15:56:48,695][flwr][INFO] - configure_fit: strategy sampled 10 clients (out of 100)
[2024-08-13 15:56:49,868][flwr][INFO] - aggregate_fit: received 10 results and 0 failures
[2024-08-13 15:56:52,137][flwr][INFO] - fit progress: (9, 0.9672627635000682, {'accuracy': 0.7595, 'precision': 0.7748755927398825, 'recall': 0.7595, 'f1': 0.7526169392324701, 'confusion_matrix': array([[864,  62,   1,   5,   1,   9,  26,   7,   3,   2],
       [  0, 997, 100,  11,   2,   4,   9,   1,   4,   7],
       [ 13,  18, 756, 113,  14,   2,  23,  39,  29,  25],
       [  5,  15,   9, 814,  18,  33,  17,  17,  16,  66],
       [ 16,   4,   3,   1, 732,  22,  16,  33,   3, 152],
       [ 18,  66,   5,  69,  15, 586,  61,  20,  15,  37],
       [ 13,  14,  17,   0,  11,   5, 839,  58,   0,   1],
       [ 25,  23,  37,   5,  17,   0,   2, 819,  26,  74],
       [ 21,  47,  17,  80,  24,  37,  36,  12, 311, 389],
       [ 45,   5,   3,   4,  34,  12,   1,  27,   1, 877]], dtype=int64)}, 31.895533000002615)
[2024-08-13 15:56:52,137][flwr][INFO] - configure_evaluate: no clients selected, skipping evaluation
[2024-08-13 15:56:52,137][flwr][INFO] - 
[2024-08-13 15:56:52,138][flwr][INFO] - [ROUND 10]
[2024-08-13 15:56:52,138][flwr][INFO] - configure_fit: strategy sampled 10 clients (out of 100)
[2024-08-13 15:56:53,411][flwr][INFO] - aggregate_fit: received 10 results and 0 failures
[2024-08-13 15:56:55,501][flwr][INFO] - fit progress: (10, 0.9669421069792097, {'accuracy': 0.7712, 'precision': 0.790772363737303, 'recall': 0.7712, 'f1': 0.7689483166466423, 'confusion_matrix': array([[797, 102,   2,   2,   5,   7,  42,  13,  10,   0],
       [  0, 961, 122,  11,   2,   3,   7,   1,  28,   0],
       [  6,  20, 763,  92,  34,   0,  22,  33,  61,   1],
       [  1,  17,   9, 790,  46,  22,  17,  16,  89,   3],
       [  8,   3,   2,   0, 897,   6,  21,  25,  14,   6],
       [ 12,  63,   3,  64,  35, 528,  68,  21,  95,   3],
       [  9,  12,  17,   0,  18,   4, 830,  67,   1,   0],
       [ 20,  19,  38,   4,  29,   0,   2, 818,  97,   1],
       [ 10,  21,  17,  43,  46,  15,  27,   4, 789,   2],
       [ 74,   6,   3,   3, 173,  18,   1,  83, 109, 539]], dtype=int64)}, 35.25999010000669)
[2024-08-13 15:56:55,501][flwr][INFO] - configure_evaluate: no clients selected, skipping evaluation
[2024-08-13 15:56:55,502][flwr][INFO] - 
[2024-08-13 15:56:55,502][flwr][INFO] - [SUMMARY]
[2024-08-13 15:56:55,502][flwr][INFO] - Run finished 10 round(s) in 35.26s
[2024-08-13 15:56:55,510][flwr][INFO] - 	History (loss, centralized):
[2024-08-13 15:56:55,510][flwr][INFO] - 		round 0: 2.3025850929940455
[2024-08-13 15:56:55,510][flwr][INFO] - 		round 1: 1.2327190672045791
[2024-08-13 15:56:55,510][flwr][INFO] - 		round 2: 0.9240228569616482
[2024-08-13 15:56:55,510][flwr][INFO] - 		round 3: 0.919277845091272
[2024-08-13 15:56:55,510][flwr][INFO] - 		round 4: 0.9607363646961883
[2024-08-13 15:56:55,510][flwr][INFO] - 		round 5: 0.9484393972442842
[2024-08-13 15:56:55,510][flwr][INFO] - 		round 6: 0.9734964761571753
[2024-08-13 15:56:55,510][flwr][INFO] - 		round 7: 0.9683341027178743
[2024-08-13 15:56:55,510][flwr][INFO] - 		round 8: 0.9780430299829824
[2024-08-13 15:56:55,510][flwr][INFO] - 		round 9: 0.9672627635000682
[2024-08-13 15:56:55,511][flwr][INFO] - 		round 10: 0.9669421069792097
[2024-08-13 15:56:55,511][flwr][INFO] - 	History (metrics, centralized):
[2024-08-13 15:56:55,511][flwr][INFO] - 	{'accuracy': [(0, 0.098),
[2024-08-13 15:56:55,511][flwr][INFO] - 	              (1, 0.5737),
[2024-08-13 15:56:55,511][flwr][INFO] - 	              (2, 0.7467),
[2024-08-13 15:56:55,511][flwr][INFO] - 	              (3, 0.7714),
[2024-08-13 15:56:55,511][flwr][INFO] - 	              (4, 0.753),
[2024-08-13 15:56:55,511][flwr][INFO] - 	              (5, 0.7797),
[2024-08-13 15:56:55,511][flwr][INFO] - 	              (6, 0.7746),
[2024-08-13 15:56:55,511][flwr][INFO] - 	              (7, 0.7706),
[2024-08-13 15:56:55,511][flwr][INFO] - 	              (8, 0.7758),
[2024-08-13 15:56:55,511][flwr][INFO] - 	              (9, 0.7595),
[2024-08-13 15:56:55,511][flwr][INFO] - 	              (10, 0.7712)],
[2024-08-13 15:56:55,511][flwr][INFO] - 	 'confusion_matrix': [(0,
[2024-08-13 15:56:55,511][flwr][INFO] - 	                       array([[ 980,    0,    0,    0,    0,    0,    0,    0,    0,    0],
[2024-08-13 15:56:55,511][flwr][INFO] - 	       [1135,    0,    0,    0,    0,    0,    0,    0,    0,    0],
[2024-08-13 15:56:55,512][flwr][INFO] - 	       [1032,    0,    0,    0,    0,    0,    0,    0,    0,    0],
[2024-08-13 15:56:55,512][flwr][INFO] - 	       [1010,    0,    0,    0,    0,    0,    0,    0,    0,    0],
[2024-08-13 15:56:55,512][flwr][INFO] - 	       [ 982,    0,    0,    0,    0,    0,    0,    0,    0,    0],
[2024-08-13 15:56:55,512][flwr][INFO] - 	       [ 892,    0,    0,    0,    0,    0,    0,    0,    0,    0],
[2024-08-13 15:56:55,512][flwr][INFO] - 	       [ 958,    0,    0,    0,    0,    0,    0,    0,    0,    0],
[2024-08-13 15:56:55,512][flwr][INFO] - 	       [1028,    0,    0,    0,    0,    0,    0,    0,    0,    0],
[2024-08-13 15:56:55,512][flwr][INFO] - 	       [ 974,    0,    0,    0,    0,    0,    0,    0,    0,    0],
[2024-08-13 15:56:55,512][flwr][INFO] - 	       [1009,    0,    0,    0,    0,    0,    0,    0,    0,    0]],
[2024-08-13 15:56:55,512][flwr][INFO] - 	      dtype=int64)),
[2024-08-13 15:56:55,512][flwr][INFO] - 	                      (1,
[2024-08-13 15:56:55,512][flwr][INFO] - 	                       array([[965,   0,   2,   2,   0,   0,   3,   0,   8,   0],
[2024-08-13 15:56:55,512][flwr][INFO] - 	       [  0, 753, 248,   4,   0,   0,   4,   0,  75,  51],
[2024-08-13 15:56:55,512][flwr][INFO] - 	       [113,   0, 625, 139,   1,   0,  18,   5,  86,  45],
[2024-08-13 15:56:55,512][flwr][INFO] - 	       [ 45,   0,  10, 804,   0,   0,   6,   1,  90,  54],
[2024-08-13 15:56:55,512][flwr][INFO] - 	       [ 71,   2,   2,   0, 104,   0,   8,   0,  23, 772],
[2024-08-13 15:56:55,512][flwr][INFO] - 	       [305,  20,  25, 178,   3,   1,  18,   1, 193, 148],
[2024-08-13 15:56:55,513][flwr][INFO] - 	       [157,   3,  33,   5,   2,   0, 726,   1,  14,  17],
[2024-08-13 15:56:55,513][flwr][INFO] - 	       [ 63,   8,  17,   1,   0,   0,   1, 155, 259, 524],
[2024-08-13 15:56:55,513][flwr][INFO] - 	       [ 67,   0,  13,  96,   1,   0,   6,   0, 705,  86],
[2024-08-13 15:56:55,513][flwr][INFO] - 	       [ 60,   0,   0,   7,   3,   0,   0,   1,  39, 899]], dtype=int64)),
[2024-08-13 15:56:55,513][flwr][INFO] - 	                      (2,
[2024-08-13 15:56:55,513][flwr][INFO] - 	                       array([[908,   1,   3,   7,   3,   1,  45,   5,   7,   0],
[2024-08-13 15:56:55,513][flwr][INFO] - 	       [  0, 929, 171,  11,   3,   2,   8,   4,   7,   0],
[2024-08-13 15:56:55,513][flwr][INFO] - 	       [ 24,   4, 780, 108,  26,   0,  30,  32,  28,   0],
[2024-08-13 15:56:55,513][flwr][INFO] - 	       [  3,   3,  24, 860,  24,  15,  10,  18,  48,   5],
[2024-08-13 15:56:55,513][flwr][INFO] - 	       [ 10,   4,   6,   0, 895,   1,  31,  21,   7,   7],
[2024-08-13 15:56:55,513][flwr][INFO] - 	       [ 31,  64,  20, 181,  45, 432,  56,  27,  32,   4],
[2024-08-13 15:56:55,513][flwr][INFO] - 	       [ 20,   9,  32,   3,  12,   6, 867,   9,   0,   0],
[2024-08-13 15:56:55,513][flwr][INFO] - 	       [ 12,  22,  55,   1,  20,   0,   2, 866,  46,   4],
[2024-08-13 15:56:55,513][flwr][INFO] - 	       [ 23,  18,  41, 173,  59,  10,  34,  15, 598,   3],
[2024-08-13 15:56:55,513][flwr][INFO] - 	       [ 33,   6,   3,   8, 398,   2,   2, 175,  50, 332]], dtype=int64)),
[2024-08-13 15:56:55,513][flwr][INFO] - 	                      (3,
[2024-08-13 15:56:55,513][flwr][INFO] - 	                       array([[ 887,    4,    2,    5,    0,   20,   43,    3,   13,    3],
[2024-08-13 15:56:55,514][flwr][INFO] - 	       [   0, 1047,   53,    4,    1,    4,    5,    1,    5,   15],
[2024-08-13 15:56:55,514][flwr][INFO] - 	       [  16,   20,  738,  113,   10,    3,   30,   26,   51,   25],
[2024-08-13 15:56:55,514][flwr][INFO] - 	       [   0,   19,    9,  793,    3,   54,   10,   12,   63,   47],
[2024-08-13 15:56:55,514][flwr][INFO] - 	       [   9,    7,    2,    0,  556,    8,   24,   20,   11,  345],
[2024-08-13 15:56:55,514][flwr][INFO] - 	       [  10,   98,    8,   96,    7,  562,   37,   16,   28,   30],
[2024-08-13 15:56:55,514][flwr][INFO] - 	       [  15,   27,   22,    0,    7,   18,  844,   21,    1,    3],
[2024-08-13 15:56:55,514][flwr][INFO] - 	       [  13,   34,   28,    1,   12,    0,    1,  749,   95,   95],
[2024-08-13 15:56:55,514][flwr][INFO] - 	       [   8,   51,    9,   94,    8,   41,   19,    5,  650,   89],
[2024-08-13 15:56:55,514][flwr][INFO] - 	       [  23,    7,    2,    4,   18,   16,    1,   27,   23,  888]],
[2024-08-13 15:56:55,514][flwr][INFO] - 	      dtype=int64)),
[2024-08-13 15:56:55,514][flwr][INFO] - 	                      (4,
[2024-08-13 15:56:55,514][flwr][INFO] - 	                       array([[885,   7,   3,  10,   6,   9,  32,  18,  10,   0],
[2024-08-13 15:56:55,514][flwr][INFO] - 	       [  0, 922, 181,   4,   3,   3,   5,   6,  11,   0],
[2024-08-13 15:56:55,514][flwr][INFO] - 	       [ 13,  10, 815,  64,  27,   1,  18,  43,  40,   1],
[2024-08-13 15:56:55,514][flwr][INFO] - 	       [  1,   9,  22, 794,  40,  38,   6,  23,  75,   2],
[2024-08-13 15:56:55,514][flwr][INFO] - 	       [  6,   4,   5,   0, 891,   1,  15,  49,   8,   3],
[2024-08-13 15:56:55,514][flwr][INFO] - 	       [ 11,  78,  17,  89,  36, 566,  31,  33,  31,   0],
[2024-08-13 15:56:55,515][flwr][INFO] - 	       [ 12,  15,  42,   0,  21,  15, 805,  48,   0,   0],
[2024-08-13 15:56:55,515][flwr][INFO] - 	       [  8,  18,  48,   1,  20,   0,   1, 872,  60,   0],
[2024-08-13 15:56:55,515][flwr][INFO] - 	       [  8,  29,  31,  80,  60,  31,  19,  13, 700,   3],
[2024-08-13 15:56:55,515][flwr][INFO] - 	       [ 29,   6,   4,   3, 356,  30,   1, 228,  72, 280]], dtype=int64)),
[2024-08-13 15:56:55,515][flwr][INFO] - 	                      (5,
[2024-08-13 15:56:55,515][flwr][INFO] - 	                       array([[ 881,   20,    1,   10,    1,   15,   35,    7,    8,    2],
[2024-08-13 15:56:55,515][flwr][INFO] - 	       [   0, 1009,   89,    9,    2,    3,    6,    1,    3,   13],
[2024-08-13 15:56:55,515][flwr][INFO] - 	       [  12,   24,  747,  122,   13,    1,   22,   32,   40,   19],
[2024-08-13 15:56:55,515][flwr][INFO] - 	       [   1,   17,    9,  835,    8,   34,    6,   15,   32,   53],
[2024-08-13 15:56:55,515][flwr][INFO] - 	       [   8,    5,    3,    0,  723,    0,   17,   29,    5,  192],
[2024-08-13 15:56:55,515][flwr][INFO] - 	       [   8,   92,   10,   96,   15,  557,   41,   20,   22,   31],
[2024-08-13 15:56:55,515][flwr][INFO] - 	       [  10,   20,   27,    0,   12,   12,  834,   40,    0,    3],
[2024-08-13 15:56:55,515][flwr][INFO] - 	       [  11,   28,   37,    2,   17,    0,    1,  791,   63,   78],
[2024-08-13 15:56:55,515][flwr][INFO] - 	       [  11,   53,   16,  117,   16,   32,   23,    7,  541,  158],
[2024-08-13 15:56:55,515][flwr][INFO] - 	       [  25,    5,    3,    5,   32,   14,    1,   34,   11,  879]],
[2024-08-13 15:56:55,515][flwr][INFO] - 	      dtype=int64)),
[2024-08-13 15:56:55,516][flwr][INFO] - 	                      (6,
[2024-08-13 15:56:55,516][flwr][INFO] - 	                       array([[892,  28,   1,   6,   2,   8,  24,  11,   8,   0],
[2024-08-13 15:56:55,516][flwr][INFO] - 	       [  0, 971, 122,   4,   2,   3,   6,   2,  25,   0],
[2024-08-13 15:56:55,516][flwr][INFO] - 	       [ 16,  18, 786,  67,  30,   0,  23,  37,  54,   1],
[2024-08-13 15:56:55,516][flwr][INFO] - 	       [  4,  20,  15, 758,  47,  40,   9,  19,  96,   2],
[2024-08-13 15:56:55,516][flwr][INFO] - 	       [ 17,   4,   1,   0, 872,   6,  18,  42,  14,   8],
[2024-08-13 15:56:55,516][flwr][INFO] - 	       [ 15,  74,   7,  59,  30, 572,  47,  24,  63,   1],
[2024-08-13 15:56:55,516][flwr][INFO] - 	       [ 13,  14,  25,   0,  17,   8, 823,  57,   1,   0],
[2024-08-13 15:56:55,516][flwr][INFO] - 	       [ 13,  19,  41,   1,  24,   0,   2, 833,  94,   1],
[2024-08-13 15:56:55,516][flwr][INFO] - 	       [ 17,  33,  17,  44,  45,  24,  22,   7, 762,   3],
[2024-08-13 15:56:55,516][flwr][INFO] - 	       [ 68,   6,   3,   3, 212,  26,   1, 121,  92, 477]], dtype=int64)),
[2024-08-13 15:56:55,516][flwr][INFO] - 	                      (7,
[2024-08-13 15:56:55,516][flwr][INFO] - 	                       array([[862,  59,   1,   6,   1,   7,  33,   5,   4,   2],
[2024-08-13 15:56:55,516][flwr][INFO] - 	       [  0, 983, 113,  12,   2,   3,   9,   1,   2,  10],
[2024-08-13 15:56:55,516][flwr][INFO] - 	       [ 13,  19, 759, 117,  12,   1,  24,  34,  33,  20],
[2024-08-13 15:56:55,516][flwr][INFO] - 	       [  3,  13,   9, 832,  14,  31,  11,  15,  25,  57],
[2024-08-13 15:56:55,516][flwr][INFO] - 	       [ 15,   5,   3,   0, 740,   5,  20,  32,   3, 159],
[2024-08-13 15:56:55,517][flwr][INFO] - 	       [ 15,  77,  10,  85,  18, 546,  59,  21,  23,  38],
[2024-08-13 15:56:55,517][flwr][INFO] - 	       [ 11,  14,  23,   0,  11,   5, 848,  44,   0,   2],
[2024-08-13 15:56:55,517][flwr][INFO] - 	       [ 20,  25,  40,   5,  16,   0,   2, 799,  44,  77],
[2024-08-13 15:56:55,517][flwr][INFO] - 	       [ 17,  50,  20, 106,  20,  20,  30,  10, 461, 240],
[2024-08-13 15:56:55,517][flwr][INFO] - 	       [ 41,   5,   3,   5,  34,  10,   1,  30,   4, 876]], dtype=int64)),
[2024-08-13 15:56:55,517][flwr][INFO] - 	                      (8,
[2024-08-13 15:56:55,517][flwr][INFO] - 	                       array([[776, 115,   2,   2,   2,  19,  32,  17,  15,   0],
[2024-08-13 15:56:55,517][flwr][INFO] - 	       [  0, 982, 107,   4,   2,   4,   6,   1,  29,   0],
[2024-08-13 15:56:55,517][flwr][INFO] - 	       [  5,  24, 788,  71,  29,   1,  18,  32,  62,   2],
[2024-08-13 15:56:55,517][flwr][INFO] - 	       [  1,  21,  11, 765,  42,  41,  10,  17,  99,   3],
[2024-08-13 15:56:55,517][flwr][INFO] - 	       [  8,   3,   2,   0, 872,  19,  17,  35,  18,   8],
[2024-08-13 15:56:55,517][flwr][INFO] - 	       [  7,  65,   7,  53,  21, 591,  42,  21,  82,   3],
[2024-08-13 15:56:55,517][flwr][INFO] - 	       [  8,  17,  22,   0,  19,   8, 805,  78,   1,   0],
[2024-08-13 15:56:55,517][flwr][INFO] - 	       [ 14,  20,  37,   1,  28,   1,   0, 798, 126,   3],
[2024-08-13 15:56:55,517][flwr][INFO] - 	       [  7,  30,  18,  32,  34,  32,  21,   5, 793,   2],
[2024-08-13 15:56:55,517][flwr][INFO] - 	       [ 40,   6,   3,   3, 136,  29,   1,  81, 122, 588]], dtype=int64)),
[2024-08-13 15:56:55,517][flwr][INFO] - 	                      (9,
[2024-08-13 15:56:55,518][flwr][INFO] - 	                       array([[864,  62,   1,   5,   1,   9,  26,   7,   3,   2],
[2024-08-13 15:56:55,518][flwr][INFO] - 	       [  0, 997, 100,  11,   2,   4,   9,   1,   4,   7],
[2024-08-13 15:56:55,518][flwr][INFO] - 	       [ 13,  18, 756, 113,  14,   2,  23,  39,  29,  25],
[2024-08-13 15:56:55,518][flwr][INFO] - 	       [  5,  15,   9, 814,  18,  33,  17,  17,  16,  66],
[2024-08-13 15:56:55,518][flwr][INFO] - 	       [ 16,   4,   3,   1, 732,  22,  16,  33,   3, 152],
[2024-08-13 15:56:55,518][flwr][INFO] - 	       [ 18,  66,   5,  69,  15, 586,  61,  20,  15,  37],
[2024-08-13 15:56:55,518][flwr][INFO] - 	       [ 13,  14,  17,   0,  11,   5, 839,  58,   0,   1],
[2024-08-13 15:56:55,518][flwr][INFO] - 	       [ 25,  23,  37,   5,  17,   0,   2, 819,  26,  74],
[2024-08-13 15:56:55,518][flwr][INFO] - 	       [ 21,  47,  17,  80,  24,  37,  36,  12, 311, 389],
[2024-08-13 15:56:55,518][flwr][INFO] - 	       [ 45,   5,   3,   4,  34,  12,   1,  27,   1, 877]], dtype=int64)),
[2024-08-13 15:56:55,518][flwr][INFO] - 	                      (10,
[2024-08-13 15:56:55,518][flwr][INFO] - 	                       array([[797, 102,   2,   2,   5,   7,  42,  13,  10,   0],
[2024-08-13 15:56:55,518][flwr][INFO] - 	       [  0, 961, 122,  11,   2,   3,   7,   1,  28,   0],
[2024-08-13 15:56:55,518][flwr][INFO] - 	       [  6,  20, 763,  92,  34,   0,  22,  33,  61,   1],
[2024-08-13 15:56:55,518][flwr][INFO] - 	       [  1,  17,   9, 790,  46,  22,  17,  16,  89,   3],
[2024-08-13 15:56:55,518][flwr][INFO] - 	       [  8,   3,   2,   0, 897,   6,  21,  25,  14,   6],
[2024-08-13 15:56:55,518][flwr][INFO] - 	       [ 12,  63,   3,  64,  35, 528,  68,  21,  95,   3],
[2024-08-13 15:56:55,519][flwr][INFO] - 	       [  9,  12,  17,   0,  18,   4, 830,  67,   1,   0],
[2024-08-13 15:56:55,519][flwr][INFO] - 	       [ 20,  19,  38,   4,  29,   0,   2, 818,  97,   1],
[2024-08-13 15:56:55,519][flwr][INFO] - 	       [ 10,  21,  17,  43,  46,  15,  27,   4, 789,   2],
[2024-08-13 15:56:55,519][flwr][INFO] - 	       [ 74,   6,   3,   3, 173,  18,   1,  83, 109, 539]], dtype=int64))],
[2024-08-13 15:56:55,519][flwr][INFO] - 	 'f1': [(0, 0.017493624772313296),
[2024-08-13 15:56:55,519][flwr][INFO] - 	        (1, 0.5236574547048762),
[2024-08-13 15:56:55,519][flwr][INFO] - 	        (2, 0.7350469525691659),
[2024-08-13 15:56:55,519][flwr][INFO] - 	        (3, 0.7704351402317547),
[2024-08-13 15:56:55,519][flwr][INFO] - 	        (4, 0.7422450119437233),
[2024-08-13 15:56:55,519][flwr][INFO] - 	        (5, 0.7782138357653365),
[2024-08-13 15:56:55,519][flwr][INFO] - 	        (6, 0.7709062916375217),
[2024-08-13 15:56:55,519][flwr][INFO] - 	        (7, 0.7675405130827283),
[2024-08-13 15:56:55,519][flwr][INFO] - 	        (8, 0.7760855149270435),
[2024-08-13 15:56:55,519][flwr][INFO] - 	        (9, 0.7526169392324701),
[2024-08-13 15:56:55,519][flwr][INFO] - 	        (10, 0.7689483166466423)],
[2024-08-13 15:56:55,519][flwr][INFO] - 	 'precision': [(0, 0.009604000000000001),
[2024-08-13 15:56:55,519][flwr][INFO] - 	               (1, 0.7367661133070367),
[2024-08-13 15:56:55,519][flwr][INFO] - 	               (2, 0.7772653111420339),
[2024-08-13 15:56:55,520][flwr][INFO] - 	               (3, 0.7880421284186652),
[2024-08-13 15:56:55,520][flwr][INFO] - 	               (4, 0.7812404624944268),
[2024-08-13 15:56:55,520][flwr][INFO] - 	               (5, 0.7897333235695154),
[2024-08-13 15:56:55,520][flwr][INFO] - 	               (6, 0.7919208405752902),
[2024-08-13 15:56:55,520][flwr][INFO] - 	               (7, 0.7829145701302272),
[2024-08-13 15:56:55,520][flwr][INFO] - 	               (8, 0.7936450965292595),
[2024-08-13 15:56:55,520][flwr][INFO] - 	               (9, 0.7748755927398825),
[2024-08-13 15:56:55,520][flwr][INFO] - 	               (10, 0.790772363737303)],
[2024-08-13 15:56:55,520][flwr][INFO] - 	 'recall': [(0, 0.098),
[2024-08-13 15:56:55,520][flwr][INFO] - 	            (1, 0.5737),
[2024-08-13 15:56:55,520][flwr][INFO] - 	            (2, 0.7467),
[2024-08-13 15:56:55,520][flwr][INFO] - 	            (3, 0.7714),
[2024-08-13 15:56:55,520][flwr][INFO] - 	            (4, 0.753),
[2024-08-13 15:56:55,520][flwr][INFO] - 	            (5, 0.7797),
[2024-08-13 15:56:55,520][flwr][INFO] - 	            (6, 0.7746),
[2024-08-13 15:56:55,520][flwr][INFO] - 	            (7, 0.7706),
[2024-08-13 15:56:55,520][flwr][INFO] - 	            (8, 0.7758),
[2024-08-13 15:56:55,521][flwr][INFO] - 	            (9, 0.7595),
[2024-08-13 15:56:55,521][flwr][INFO] - 	            (10, 0.7712)]}
[2024-08-13 15:56:55,521][flwr][INFO] - 
