[2024-08-13 14:58:41,773][flwr][INFO] - Starting Flower simulation, config: num_rounds=10, no round_timeout
[2024-08-13 14:58:45,833][flwr][INFO] - Flower VCE: Ray initialized with resources: {'CPU': 16.0, 'node:127.0.0.1': 1.0, 'memory': 4878136935.0, 'object_store_memory': 2439068467.0, 'node:__internal_head__': 1.0, 'GPU': 1.0, 'accelerator_type:G': 1.0}
[2024-08-13 14:58:45,834][flwr][INFO] - Optimize your simulation with Flower VCE: https://flower.ai/docs/framework/how-to-run-simulations.html
[2024-08-13 14:58:45,834][flwr][INFO] - Flower VCE: Resources for each Virtual Client: {'num_cpus': 2, 'num_gpus': 0.5}
[2024-08-13 14:58:45,846][flwr][INFO] - Flower VCE: Creating VirtualClientEngineActorPool with 2 actors
[2024-08-13 14:58:45,848][flwr][INFO] - [INIT]
[2024-08-13 14:58:45,848][flwr][INFO] - Requesting initial parameters from one random client
[2024-08-13 14:58:53,381][flwr][INFO] - Received initial parameters from one random client
[2024-08-13 14:58:53,381][flwr][INFO] - Evaluating initial global parameters
[2024-08-13 14:58:55,589][flwr][INFO] - initial parameters (loss, other metrics): 2.3025850929940455, {'accuracy': 0.098, 'precision': 0.009604000000000001, 'recall': 0.098, 'f1': 0.017493624772313296, 'confusion_matrix': array([[ 980,    0,    0,    0,    0,    0,    0,    0,    0,    0],
       [1135,    0,    0,    0,    0,    0,    0,    0,    0,    0],
       [1032,    0,    0,    0,    0,    0,    0,    0,    0,    0],
       [1010,    0,    0,    0,    0,    0,    0,    0,    0,    0],
       [ 982,    0,    0,    0,    0,    0,    0,    0,    0,    0],
       [ 892,    0,    0,    0,    0,    0,    0,    0,    0,    0],
       [ 958,    0,    0,    0,    0,    0,    0,    0,    0,    0],
       [1028,    0,    0,    0,    0,    0,    0,    0,    0,    0],
       [ 974,    0,    0,    0,    0,    0,    0,    0,    0,    0],
       [1009,    0,    0,    0,    0,    0,    0,    0,    0,    0]],
      dtype=int64)}
[2024-08-13 14:58:55,590][flwr][INFO] - 
[2024-08-13 14:58:55,590][flwr][INFO] - [ROUND 1]
[2024-08-13 14:58:55,590][flwr][INFO] - configure_fit: strategy sampled 10 clients (out of 100)
[2024-08-13 14:58:59,059][flwr][INFO] - aggregate_fit: received 10 results and 0 failures
[2024-08-13 14:58:59,062][flwr][WARNING] - No fit_metrics_aggregation_fn provided
[2024-08-13 14:59:01,191][flwr][INFO] - fit progress: (1, 1.4406272444704697, {'accuracy': 0.453, 'precision': 0.5523683608981628, 'recall': 0.453, 'f1': 0.3947398793753063, 'confusion_matrix': array([[942,   0,   2,  18,   0,   0,   9,   1,   4,   4],
       [  0, 147, 898,  16,   0,   0,   3,   0,   3,  68],
       [ 68,   1, 239, 615,   0,   0,  15,  10,  30,  54],
       [  4,   0,   2, 926,   0,   0,   2,   3,  17,  56],
       [ 73,   0,   5,   4,  74,   0,  12,  12,  10, 792],
       [152,  20,  39, 326,   0,   0,  16,   8, 108, 223],
       [133,   1,  29,  26,   2,   0, 725,  28,   1,  13],
       [ 52,   0,  34,  15,   0,   0,   1, 317, 314, 295],
       [ 32,   0,  21, 327,   0,   0,   1,   1, 262, 330],
       [ 70,   0,   2,  15,   2,   0,   0,   5,  17, 898]], dtype=int64)}, 5.6012034000013955)
[2024-08-13 14:59:01,192][flwr][INFO] - configure_evaluate: no clients selected, skipping evaluation
[2024-08-13 14:59:01,192][flwr][INFO] - 
[2024-08-13 14:59:01,192][flwr][INFO] - [ROUND 2]
[2024-08-13 14:59:01,192][flwr][INFO] - configure_fit: strategy sampled 10 clients (out of 100)
[2024-08-13 14:59:02,377][flwr][INFO] - aggregate_fit: received 10 results and 0 failures
[2024-08-13 14:59:04,513][flwr][INFO] - fit progress: (2, 1.3222605311763502, {'accuracy': 0.6114, 'precision': 0.7126919244763779, 'recall': 0.6114, 'f1': 0.5755003771891559, 'confusion_matrix': array([[688,  86,   2,   0,   8,   3, 169,  15,   9,   0],
       [  0, 852, 257,   1,   7,   2,  10,   3,   3,   0],
       [  3,  31, 792,   7,  55,   0,  46,  54,  44,   0],
       [  0, 141,  35, 313, 317,   9,  59,  24, 112,   0],
       [  4,   4,   4,   0, 833,   6,  30,  86,  15,   0],
       [  9, 142,  21,  13,  86, 371, 161,  28,  61,   0],
       [  4,  18,  22,   0,  17,   0, 813,  84,   0,   0],
       [  2,  23,  42,   0,  26,   0,   1, 831, 103,   0],
       [  1,  74,  28,   3, 156,  16,  63,  13, 620,   0],
       [ 12,   9,   2,   1, 541,  42,   3, 284, 114,   1]], dtype=int64)}, 8.92362210000283)
[2024-08-13 14:59:04,514][flwr][INFO] - configure_evaluate: no clients selected, skipping evaluation
[2024-08-13 14:59:04,514][flwr][INFO] - 
[2024-08-13 14:59:04,514][flwr][INFO] - [ROUND 3]
[2024-08-13 14:59:04,514][flwr][INFO] - configure_fit: strategy sampled 10 clients (out of 100)
[2024-08-13 14:59:05,665][flwr][INFO] - aggregate_fit: received 10 results and 0 failures
[2024-08-13 14:59:07,809][flwr][INFO] - fit progress: (3, 1.2812124817911432, {'accuracy': 0.5567, 'precision': 0.6640178902193841, 'recall': 0.5567, 'f1': 0.5231627069510205, 'confusion_matrix': array([[918,  12,   1,  21,   0,   1,  13,   2,   0,  12],
       [  0, 885, 191,  13,   0,   0,   2,   0,   0,  44],
       [ 28,  10, 315, 565,   1,   1,  17,  13,   9,  73],
       [  1,   5,   2, 892,   0,   4,   1,   5,   1,  99],
       [ 43,   4,   1,   2, 152,  21,   9,  14,   0, 736],
       [ 55,  84,  16, 279,   0, 212,  19,  11,   7, 209],
       [ 55,  15,  23,  20,   3,   3, 744,  81,   0,  14],
       [ 48,  19,  23,  18,   1,   0,   0, 487,  48, 384],
       [ 18,  37,  11, 231,   2,   1,   5,   1,  27, 641],
       [ 46,   3,   1,  14,   3,   2,   0,   5,   0, 935]], dtype=int64)}, 12.219387000004645)
[2024-08-13 14:59:07,810][flwr][INFO] - configure_evaluate: no clients selected, skipping evaluation
[2024-08-13 14:59:07,810][flwr][INFO] - 
[2024-08-13 14:59:07,810][flwr][INFO] - [ROUND 4]
[2024-08-13 14:59:07,811][flwr][INFO] - configure_fit: strategy sampled 10 clients (out of 100)
[2024-08-13 14:59:08,963][flwr][INFO] - aggregate_fit: received 10 results and 0 failures
[2024-08-13 14:59:11,110][flwr][INFO] - fit progress: (4, 1.333567582637611, {'accuracy': 0.5777, 'precision': 0.5902527192019799, 'recall': 0.5777, 'f1': 0.542067297197369, 'confusion_matrix': array([[707, 149,   3,   0,   4,   3,  71,  19,  24,   0],
       [  0, 492, 613,   1,   2,   3,   6,   1,  17,   0],
       [  5,  10, 862,   6,  43,   0,  19,  33,  54,   0],
       [  0,  52,  78, 287, 325,   8,  37,  21, 202,   0],
       [  8,   3,   6,   0, 821,  12,  19,  80,  33,   0],
       [ 13,  75,  40,   8,  80, 395, 110,  25, 146,   0],
       [  8,  12,  42,   0,  13,   1, 737, 144,   1,   0],
       [ 14,   6,  54,   0,  24,   0,   1, 691, 238,   0],
       [  5,  12,  48,   1,  79,  11,  27,   6, 785,   0],
       [ 53,   4,   3,   0, 432,  37,   0, 166, 314,   0]], dtype=int64)}, 15.520509299996775)
[2024-08-13 14:59:11,111][flwr][INFO] - configure_evaluate: no clients selected, skipping evaluation
[2024-08-13 14:59:11,111][flwr][INFO] - 
[2024-08-13 14:59:11,111][flwr][INFO] - [ROUND 5]
[2024-08-13 14:59:11,112][flwr][INFO] - configure_fit: strategy sampled 10 clients (out of 100)
[2024-08-13 14:59:12,349][flwr][INFO] - aggregate_fit: received 10 results and 0 failures
[2024-08-13 14:59:14,508][flwr][INFO] - fit progress: (5, 1.2817453549686026, {'accuracy': 0.5979, 'precision': 0.6208800855982645, 'recall': 0.5979, 'f1': 0.5552533063399978, 'confusion_matrix': array([[843,  73,   1,  20,   0,   5,  21,  11,   0,   6],
       [  0, 992,  86,  23,   0,   3,   6,   1,   0,  24],
       [ 20,  22, 250, 616,   6,   4,  23,  38,   4,  49],
       [  3,   9,   0, 867,   1,  14,   6,  19,   0,  91],
       [ 23,   5,   0,   5, 215, 261,  14,  47,   0, 412],
       [ 33,  80,   4, 181,   2, 418,  45,  27,   0, 102],
       [ 17,  21,   6,   9,   2,   3, 758, 140,   0,   2],
       [ 42,  26,  10,  26,   2,   3,   1, 740,   7, 171],
       [ 15,  52,   3, 199,   1,  17,  20,  11,   1, 655],
       [ 61,   4,   0,  11,   8,  11,   1,  18,   0, 895]], dtype=int64)}, 18.918888800006243)
[2024-08-13 14:59:14,509][flwr][INFO] - configure_evaluate: no clients selected, skipping evaluation
[2024-08-13 14:59:14,509][flwr][INFO] - 
[2024-08-13 14:59:14,509][flwr][INFO] - [ROUND 6]
[2024-08-13 14:59:14,510][flwr][INFO] - configure_fit: strategy sampled 10 clients (out of 100)
[2024-08-13 14:59:15,773][flwr][INFO] - aggregate_fit: received 10 results and 0 failures
[2024-08-13 14:59:17,915][flwr][INFO] - fit progress: (6, 1.2548194900701497, {'accuracy': 0.5832, 'precision': 0.7119816135383317, 'recall': 0.5832, 'f1': 0.5514608991745434, 'confusion_matrix': array([[628, 208,   2,   0,   9,   7,  91,   7,  28,   0],
       [  0, 740, 363,   1,   2,   2,   9,   1,  17,   0],
       [  2,  15, 850,   8,  51,   0,  22,  17,  67,   0],
       [  0,  39,  51, 360, 316,   7,  48,   9, 180,   0],
       [  2,   3,   3,   0, 877,   9,  26,  17,  45,   0],
       [ 12,  71,  21,  11,  84, 371, 148,  14, 160,   0],
       [  4,  15,  36,   0,  25,   0, 828,  49,   1,   0],
       [ 19,  13,  45,   0,  37,   0,   1, 390, 523,   0],
       [  3,  21,  34,   2,  81,   8,  37,   1, 787,   0],
       [ 63,   5,   5,   0, 473,  25,   1,  37, 399,   1]], dtype=int64)}, 22.325060900009703)
[2024-08-13 14:59:17,916][flwr][INFO] - configure_evaluate: no clients selected, skipping evaluation
[2024-08-13 14:59:17,916][flwr][INFO] - 
[2024-08-13 14:59:17,916][flwr][INFO] - [ROUND 7]
[2024-08-13 14:59:17,916][flwr][INFO] - configure_fit: strategy sampled 10 clients (out of 100)
[2024-08-13 14:59:19,064][flwr][INFO] - aggregate_fit: received 10 results and 0 failures
[2024-08-13 14:59:21,197][flwr][INFO] - fit progress: (7, 1.244617794189038, {'accuracy': 0.6204, 'precision': 0.6628667245961497, 'recall': 0.6204, 'f1': 0.5818745986341045, 'confusion_matrix': array([[ 812,   80,    0,   17,    0,   11,   23,   31,    0,    6],
       [   0, 1015,   64,   20,    0,    3,    4,    6,    0,   23],
       [   7,   28,  316,  524,    9,    6,   19,   74,    1,   48],
       [   3,   11,    0,  850,    2,   22,    5,   23,    0,   94],
       [  12,    5,    0,    3,  287,  222,    9,  106,    0,  338],
       [  16,   69,    4,  108,    3,  518,   43,   49,    0,   82],
       [  14,   17,    6,    3,    1,    5,  655,  255,    0,    2],
       [  13,   24,   11,   17,    3,    3,    0,  880,    1,   76],
       [  12,   49,    5,  152,    3,   28,   20,   20,    1,  684],
       [  32,    4,    0,    9,    7,   14,    0,   73,    0,  870]],
      dtype=int64)}, 25.607715799997095)
[2024-08-13 14:59:21,198][flwr][INFO] - configure_evaluate: no clients selected, skipping evaluation
[2024-08-13 14:59:21,198][flwr][INFO] - 
[2024-08-13 14:59:21,198][flwr][INFO] - [ROUND 8]
[2024-08-13 14:59:21,199][flwr][INFO] - configure_fit: strategy sampled 10 clients (out of 100)
[2024-08-13 14:59:22,354][flwr][INFO] - aggregate_fit: received 10 results and 0 failures
[2024-08-13 14:59:24,625][flwr][INFO] - fit progress: (8, 1.2182461320906264, {'accuracy': 0.574, 'precision': 0.6795182804202118, 'recall': 0.574, 'f1': 0.5530571357349717, 'confusion_matrix': array([[668, 197,   1,   0,   7,  10,  71,   4,  22,   0],
       [  0, 427, 676,   1,   2,   2,   9,   1,  17,   0],
       [  2,  13, 834,  23,  49,   1,  20,  13,  77,   0],
       [  1,  29,  39, 441, 298,  11,  38,   7, 145,   1],
       [ 10,   3,   3,   0, 864,  25,  23,   6,  47,   1],
       [ 14,  56,  23,  19,  62, 433, 133,  10, 141,   1],
       [  7,  14,  34,   0,  25,   0, 846,  31,   1,   0],
       [ 41,   6,  53,   1,  35,   1,   2, 226, 663,   0],
       [  5,  11,  37,   3,  67,   9,  33,   1, 808,   0],
       [135,   5,   4,   1, 293,  39,   2,  14, 323, 193]], dtype=int64)}, 29.035344600008102)
[2024-08-13 14:59:24,626][flwr][INFO] - configure_evaluate: no clients selected, skipping evaluation
[2024-08-13 14:59:24,626][flwr][INFO] - 
[2024-08-13 14:59:24,626][flwr][INFO] - [ROUND 9]
[2024-08-13 14:59:24,626][flwr][INFO] - configure_fit: strategy sampled 10 clients (out of 100)
[2024-08-13 14:59:25,765][flwr][INFO] - aggregate_fit: received 10 results and 0 failures
[2024-08-13 14:59:27,896][flwr][INFO] - fit progress: (9, 1.4267333828217446, {'accuracy': 0.5247, 'precision': 0.5635999825460581, 'recall': 0.5247, 'f1': 0.4644910481734587, 'confusion_matrix': array([[714, 171,   0,  14,   0,  12,  13,  43,   0,  13],
       [  0, 940, 107,  36,   0,   3,   1,   6,   0,  42],
       [  4,  23, 118, 746,   3,   8,  12,  61,   0,  57],
       [  0,  12,   1, 837,   2,  24,   1,  24,   0, 109],
       [  7,   3,   0,   4,  59, 445,   4,  74,   0, 386],
       [ 10,  62,   3, 117,   1, 470,  26,  52,   0, 151],
       [ 16,  16,   4,  12,   0,   7, 373, 523,   0,   7],
       [ 14,  17,   9,  28,   0,   7,   0, 823,   0, 130],
       [  3,  26,   4, 135,   0,  22,  10,  17,   0, 757],
       [ 24,   5,   0,  10,   0,  14,   0,  43,   0, 913]], dtype=int64)}, 32.30582730000606)
[2024-08-13 14:59:27,897][flwr][INFO] - configure_evaluate: no clients selected, skipping evaluation
[2024-08-13 14:59:27,897][flwr][INFO] - 
[2024-08-13 14:59:27,897][flwr][INFO] - [ROUND 10]
[2024-08-13 14:59:27,897][flwr][INFO] - configure_fit: strategy sampled 10 clients (out of 100)
[2024-08-13 14:59:29,137][flwr][INFO] - aggregate_fit: received 10 results and 0 failures
[2024-08-13 14:59:31,267][flwr][INFO] - fit progress: (10, 1.233012417025395, {'accuracy': 0.6029, 'precision': 0.6892717052524067, 'recall': 0.6029, 'f1': 0.5665783324650252, 'confusion_matrix': array([[761, 132,   1,   0,   5,   4,  67,   4,   6,   0],
       [  0, 762, 338,   1,   4,   2,  20,   1,   7,   0],
       [ 20,  19, 800,  35,  49,   1,  28,  18,  62,   0],
       [  9,  34,  29, 343, 423,   9,  55,  10,  98,   0],
       [ 21,   3,   2,   0, 827,  70,  29,  15,  15,   0],
       [ 37,  65,  13,  12,  71, 407, 202,  11,  74,   0],
       [ 10,  14,  15,   0,  14,   0, 867,  37,   1,   0],
       [ 75,  19,  46,   1,  39,   0,   2, 539, 307,   0],
       [ 22,  27,  25,   4, 108,  11,  62,   1, 714,   0],
       [425,   7,   5,   0, 324,  63,   3,  26, 147,   9]], dtype=int64)}, 35.67737570000463)
[2024-08-13 14:59:31,268][flwr][INFO] - configure_evaluate: no clients selected, skipping evaluation
[2024-08-13 14:59:31,268][flwr][INFO] - 
[2024-08-13 14:59:31,268][flwr][INFO] - [SUMMARY]
[2024-08-13 14:59:31,268][flwr][INFO] - Run finished 10 round(s) in 35.68s
[2024-08-13 14:59:31,276][flwr][INFO] - 	History (loss, centralized):
[2024-08-13 14:59:31,277][flwr][INFO] - 		round 0: 2.3025850929940455
[2024-08-13 14:59:31,277][flwr][INFO] - 		round 1: 1.4406272444704697
[2024-08-13 14:59:31,277][flwr][INFO] - 		round 2: 1.3222605311763502
[2024-08-13 14:59:31,277][flwr][INFO] - 		round 3: 1.2812124817911432
[2024-08-13 14:59:31,277][flwr][INFO] - 		round 4: 1.333567582637611
[2024-08-13 14:59:31,277][flwr][INFO] - 		round 5: 1.2817453549686026
[2024-08-13 14:59:31,277][flwr][INFO] - 		round 6: 1.2548194900701497
[2024-08-13 14:59:31,277][flwr][INFO] - 		round 7: 1.244617794189038
[2024-08-13 14:59:31,277][flwr][INFO] - 		round 8: 1.2182461320906264
[2024-08-13 14:59:31,277][flwr][INFO] - 		round 9: 1.4267333828217446
[2024-08-13 14:59:31,277][flwr][INFO] - 		round 10: 1.233012417025395
[2024-08-13 14:59:31,277][flwr][INFO] - 	History (metrics, centralized):
[2024-08-13 14:59:31,277][flwr][INFO] - 	{'accuracy': [(0, 0.098),
[2024-08-13 14:59:31,277][flwr][INFO] - 	              (1, 0.453),
[2024-08-13 14:59:31,278][flwr][INFO] - 	              (2, 0.6114),
[2024-08-13 14:59:31,278][flwr][INFO] - 	              (3, 0.5567),
[2024-08-13 14:59:31,278][flwr][INFO] - 	              (4, 0.5777),
[2024-08-13 14:59:31,278][flwr][INFO] - 	              (5, 0.5979),
[2024-08-13 14:59:31,278][flwr][INFO] - 	              (6, 0.5832),
[2024-08-13 14:59:31,278][flwr][INFO] - 	              (7, 0.6204),
[2024-08-13 14:59:31,278][flwr][INFO] - 	              (8, 0.574),
[2024-08-13 14:59:31,278][flwr][INFO] - 	              (9, 0.5247),
[2024-08-13 14:59:31,278][flwr][INFO] - 	              (10, 0.6029)],
[2024-08-13 14:59:31,278][flwr][INFO] - 	 'confusion_matrix': [(0,
[2024-08-13 14:59:31,278][flwr][INFO] - 	                       array([[ 980,    0,    0,    0,    0,    0,    0,    0,    0,    0],
[2024-08-13 14:59:31,278][flwr][INFO] - 	       [1135,    0,    0,    0,    0,    0,    0,    0,    0,    0],
[2024-08-13 14:59:31,278][flwr][INFO] - 	       [1032,    0,    0,    0,    0,    0,    0,    0,    0,    0],
[2024-08-13 14:59:31,278][flwr][INFO] - 	       [1010,    0,    0,    0,    0,    0,    0,    0,    0,    0],
[2024-08-13 14:59:31,278][flwr][INFO] - 	       [ 982,    0,    0,    0,    0,    0,    0,    0,    0,    0],
[2024-08-13 14:59:31,278][flwr][INFO] - 	       [ 892,    0,    0,    0,    0,    0,    0,    0,    0,    0],
[2024-08-13 14:59:31,279][flwr][INFO] - 	       [ 958,    0,    0,    0,    0,    0,    0,    0,    0,    0],
[2024-08-13 14:59:31,279][flwr][INFO] - 	       [1028,    0,    0,    0,    0,    0,    0,    0,    0,    0],
[2024-08-13 14:59:31,279][flwr][INFO] - 	       [ 974,    0,    0,    0,    0,    0,    0,    0,    0,    0],
[2024-08-13 14:59:31,279][flwr][INFO] - 	       [1009,    0,    0,    0,    0,    0,    0,    0,    0,    0]],
[2024-08-13 14:59:31,279][flwr][INFO] - 	      dtype=int64)),
[2024-08-13 14:59:31,279][flwr][INFO] - 	                      (1,
[2024-08-13 14:59:31,279][flwr][INFO] - 	                       array([[942,   0,   2,  18,   0,   0,   9,   1,   4,   4],
[2024-08-13 14:59:31,279][flwr][INFO] - 	       [  0, 147, 898,  16,   0,   0,   3,   0,   3,  68],
[2024-08-13 14:59:31,279][flwr][INFO] - 	       [ 68,   1, 239, 615,   0,   0,  15,  10,  30,  54],
[2024-08-13 14:59:31,279][flwr][INFO] - 	       [  4,   0,   2, 926,   0,   0,   2,   3,  17,  56],
[2024-08-13 14:59:31,279][flwr][INFO] - 	       [ 73,   0,   5,   4,  74,   0,  12,  12,  10, 792],
[2024-08-13 14:59:31,279][flwr][INFO] - 	       [152,  20,  39, 326,   0,   0,  16,   8, 108, 223],
[2024-08-13 14:59:31,279][flwr][INFO] - 	       [133,   1,  29,  26,   2,   0, 725,  28,   1,  13],
[2024-08-13 14:59:31,279][flwr][INFO] - 	       [ 52,   0,  34,  15,   0,   0,   1, 317, 314, 295],
[2024-08-13 14:59:31,279][flwr][INFO] - 	       [ 32,   0,  21, 327,   0,   0,   1,   1, 262, 330],
[2024-08-13 14:59:31,279][flwr][INFO] - 	       [ 70,   0,   2,  15,   2,   0,   0,   5,  17, 898]], dtype=int64)),
[2024-08-13 14:59:31,279][flwr][INFO] - 	                      (2,
[2024-08-13 14:59:31,280][flwr][INFO] - 	                       array([[688,  86,   2,   0,   8,   3, 169,  15,   9,   0],
[2024-08-13 14:59:31,280][flwr][INFO] - 	       [  0, 852, 257,   1,   7,   2,  10,   3,   3,   0],
[2024-08-13 14:59:31,280][flwr][INFO] - 	       [  3,  31, 792,   7,  55,   0,  46,  54,  44,   0],
[2024-08-13 14:59:31,280][flwr][INFO] - 	       [  0, 141,  35, 313, 317,   9,  59,  24, 112,   0],
[2024-08-13 14:59:31,280][flwr][INFO] - 	       [  4,   4,   4,   0, 833,   6,  30,  86,  15,   0],
[2024-08-13 14:59:31,280][flwr][INFO] - 	       [  9, 142,  21,  13,  86, 371, 161,  28,  61,   0],
[2024-08-13 14:59:31,280][flwr][INFO] - 	       [  4,  18,  22,   0,  17,   0, 813,  84,   0,   0],
[2024-08-13 14:59:31,280][flwr][INFO] - 	       [  2,  23,  42,   0,  26,   0,   1, 831, 103,   0],
[2024-08-13 14:59:31,280][flwr][INFO] - 	       [  1,  74,  28,   3, 156,  16,  63,  13, 620,   0],
[2024-08-13 14:59:31,280][flwr][INFO] - 	       [ 12,   9,   2,   1, 541,  42,   3, 284, 114,   1]], dtype=int64)),
[2024-08-13 14:59:31,280][flwr][INFO] - 	                      (3,
[2024-08-13 14:59:31,280][flwr][INFO] - 	                       array([[918,  12,   1,  21,   0,   1,  13,   2,   0,  12],
[2024-08-13 14:59:31,280][flwr][INFO] - 	       [  0, 885, 191,  13,   0,   0,   2,   0,   0,  44],
[2024-08-13 14:59:31,280][flwr][INFO] - 	       [ 28,  10, 315, 565,   1,   1,  17,  13,   9,  73],
[2024-08-13 14:59:31,280][flwr][INFO] - 	       [  1,   5,   2, 892,   0,   4,   1,   5,   1,  99],
[2024-08-13 14:59:31,280][flwr][INFO] - 	       [ 43,   4,   1,   2, 152,  21,   9,  14,   0, 736],
[2024-08-13 14:59:31,280][flwr][INFO] - 	       [ 55,  84,  16, 279,   0, 212,  19,  11,   7, 209],
[2024-08-13 14:59:31,281][flwr][INFO] - 	       [ 55,  15,  23,  20,   3,   3, 744,  81,   0,  14],
[2024-08-13 14:59:31,281][flwr][INFO] - 	       [ 48,  19,  23,  18,   1,   0,   0, 487,  48, 384],
[2024-08-13 14:59:31,281][flwr][INFO] - 	       [ 18,  37,  11, 231,   2,   1,   5,   1,  27, 641],
[2024-08-13 14:59:31,281][flwr][INFO] - 	       [ 46,   3,   1,  14,   3,   2,   0,   5,   0, 935]], dtype=int64)),
[2024-08-13 14:59:31,281][flwr][INFO] - 	                      (4,
[2024-08-13 14:59:31,281][flwr][INFO] - 	                       array([[707, 149,   3,   0,   4,   3,  71,  19,  24,   0],
[2024-08-13 14:59:31,281][flwr][INFO] - 	       [  0, 492, 613,   1,   2,   3,   6,   1,  17,   0],
[2024-08-13 14:59:31,281][flwr][INFO] - 	       [  5,  10, 862,   6,  43,   0,  19,  33,  54,   0],
[2024-08-13 14:59:31,281][flwr][INFO] - 	       [  0,  52,  78, 287, 325,   8,  37,  21, 202,   0],
[2024-08-13 14:59:31,281][flwr][INFO] - 	       [  8,   3,   6,   0, 821,  12,  19,  80,  33,   0],
[2024-08-13 14:59:31,281][flwr][INFO] - 	       [ 13,  75,  40,   8,  80, 395, 110,  25, 146,   0],
[2024-08-13 14:59:31,281][flwr][INFO] - 	       [  8,  12,  42,   0,  13,   1, 737, 144,   1,   0],
[2024-08-13 14:59:31,281][flwr][INFO] - 	       [ 14,   6,  54,   0,  24,   0,   1, 691, 238,   0],
[2024-08-13 14:59:31,281][flwr][INFO] - 	       [  5,  12,  48,   1,  79,  11,  27,   6, 785,   0],
[2024-08-13 14:59:31,281][flwr][INFO] - 	       [ 53,   4,   3,   0, 432,  37,   0, 166, 314,   0]], dtype=int64)),
[2024-08-13 14:59:31,282][flwr][INFO] - 	                      (5,
[2024-08-13 14:59:31,282][flwr][INFO] - 	                       array([[843,  73,   1,  20,   0,   5,  21,  11,   0,   6],
[2024-08-13 14:59:31,282][flwr][INFO] - 	       [  0, 992,  86,  23,   0,   3,   6,   1,   0,  24],
[2024-08-13 14:59:31,282][flwr][INFO] - 	       [ 20,  22, 250, 616,   6,   4,  23,  38,   4,  49],
[2024-08-13 14:59:31,282][flwr][INFO] - 	       [  3,   9,   0, 867,   1,  14,   6,  19,   0,  91],
[2024-08-13 14:59:31,282][flwr][INFO] - 	       [ 23,   5,   0,   5, 215, 261,  14,  47,   0, 412],
[2024-08-13 14:59:31,282][flwr][INFO] - 	       [ 33,  80,   4, 181,   2, 418,  45,  27,   0, 102],
[2024-08-13 14:59:31,282][flwr][INFO] - 	       [ 17,  21,   6,   9,   2,   3, 758, 140,   0,   2],
[2024-08-13 14:59:31,282][flwr][INFO] - 	       [ 42,  26,  10,  26,   2,   3,   1, 740,   7, 171],
[2024-08-13 14:59:31,282][flwr][INFO] - 	       [ 15,  52,   3, 199,   1,  17,  20,  11,   1, 655],
[2024-08-13 14:59:31,282][flwr][INFO] - 	       [ 61,   4,   0,  11,   8,  11,   1,  18,   0, 895]], dtype=int64)),
[2024-08-13 14:59:31,282][flwr][INFO] - 	                      (6,
[2024-08-13 14:59:31,282][flwr][INFO] - 	                       array([[628, 208,   2,   0,   9,   7,  91,   7,  28,   0],
[2024-08-13 14:59:31,282][flwr][INFO] - 	       [  0, 740, 363,   1,   2,   2,   9,   1,  17,   0],
[2024-08-13 14:59:31,282][flwr][INFO] - 	       [  2,  15, 850,   8,  51,   0,  22,  17,  67,   0],
[2024-08-13 14:59:31,282][flwr][INFO] - 	       [  0,  39,  51, 360, 316,   7,  48,   9, 180,   0],
[2024-08-13 14:59:31,282][flwr][INFO] - 	       [  2,   3,   3,   0, 877,   9,  26,  17,  45,   0],
[2024-08-13 14:59:31,282][flwr][INFO] - 	       [ 12,  71,  21,  11,  84, 371, 148,  14, 160,   0],
[2024-08-13 14:59:31,283][flwr][INFO] - 	       [  4,  15,  36,   0,  25,   0, 828,  49,   1,   0],
[2024-08-13 14:59:31,283][flwr][INFO] - 	       [ 19,  13,  45,   0,  37,   0,   1, 390, 523,   0],
[2024-08-13 14:59:31,283][flwr][INFO] - 	       [  3,  21,  34,   2,  81,   8,  37,   1, 787,   0],
[2024-08-13 14:59:31,283][flwr][INFO] - 	       [ 63,   5,   5,   0, 473,  25,   1,  37, 399,   1]], dtype=int64)),
[2024-08-13 14:59:31,283][flwr][INFO] - 	                      (7,
[2024-08-13 14:59:31,283][flwr][INFO] - 	                       array([[ 812,   80,    0,   17,    0,   11,   23,   31,    0,    6],
[2024-08-13 14:59:31,283][flwr][INFO] - 	       [   0, 1015,   64,   20,    0,    3,    4,    6,    0,   23],
[2024-08-13 14:59:31,283][flwr][INFO] - 	       [   7,   28,  316,  524,    9,    6,   19,   74,    1,   48],
[2024-08-13 14:59:31,283][flwr][INFO] - 	       [   3,   11,    0,  850,    2,   22,    5,   23,    0,   94],
[2024-08-13 14:59:31,283][flwr][INFO] - 	       [  12,    5,    0,    3,  287,  222,    9,  106,    0,  338],
[2024-08-13 14:59:31,283][flwr][INFO] - 	       [  16,   69,    4,  108,    3,  518,   43,   49,    0,   82],
[2024-08-13 14:59:31,283][flwr][INFO] - 	       [  14,   17,    6,    3,    1,    5,  655,  255,    0,    2],
[2024-08-13 14:59:31,283][flwr][INFO] - 	       [  13,   24,   11,   17,    3,    3,    0,  880,    1,   76],
[2024-08-13 14:59:31,283][flwr][INFO] - 	       [  12,   49,    5,  152,    3,   28,   20,   20,    1,  684],
[2024-08-13 14:59:31,283][flwr][INFO] - 	       [  32,    4,    0,    9,    7,   14,    0,   73,    0,  870]],
[2024-08-13 14:59:31,283][flwr][INFO] - 	      dtype=int64)),
[2024-08-13 14:59:31,283][flwr][INFO] - 	                      (8,
[2024-08-13 14:59:31,283][flwr][INFO] - 	                       array([[668, 197,   1,   0,   7,  10,  71,   4,  22,   0],
[2024-08-13 14:59:31,283][flwr][INFO] - 	       [  0, 427, 676,   1,   2,   2,   9,   1,  17,   0],
[2024-08-13 14:59:31,283][flwr][INFO] - 	       [  2,  13, 834,  23,  49,   1,  20,  13,  77,   0],
[2024-08-13 14:59:31,283][flwr][INFO] - 	       [  1,  29,  39, 441, 298,  11,  38,   7, 145,   1],
[2024-08-13 14:59:31,283][flwr][INFO] - 	       [ 10,   3,   3,   0, 864,  25,  23,   6,  47,   1],
[2024-08-13 14:59:31,283][flwr][INFO] - 	       [ 14,  56,  23,  19,  62, 433, 133,  10, 141,   1],
[2024-08-13 14:59:31,283][flwr][INFO] - 	       [  7,  14,  34,   0,  25,   0, 846,  31,   1,   0],
[2024-08-13 14:59:31,283][flwr][INFO] - 	       [ 41,   6,  53,   1,  35,   1,   2, 226, 663,   0],
[2024-08-13 14:59:31,283][flwr][INFO] - 	       [  5,  11,  37,   3,  67,   9,  33,   1, 808,   0],
[2024-08-13 14:59:31,284][flwr][INFO] - 	       [135,   5,   4,   1, 293,  39,   2,  14, 323, 193]], dtype=int64)),
[2024-08-13 14:59:31,284][flwr][INFO] - 	                      (9,
[2024-08-13 14:59:31,284][flwr][INFO] - 	                       array([[714, 171,   0,  14,   0,  12,  13,  43,   0,  13],
[2024-08-13 14:59:31,284][flwr][INFO] - 	       [  0, 940, 107,  36,   0,   3,   1,   6,   0,  42],
[2024-08-13 14:59:31,284][flwr][INFO] - 	       [  4,  23, 118, 746,   3,   8,  12,  61,   0,  57],
[2024-08-13 14:59:31,284][flwr][INFO] - 	       [  0,  12,   1, 837,   2,  24,   1,  24,   0, 109],
[2024-08-13 14:59:31,284][flwr][INFO] - 	       [  7,   3,   0,   4,  59, 445,   4,  74,   0, 386],
[2024-08-13 14:59:31,284][flwr][INFO] - 	       [ 10,  62,   3, 117,   1, 470,  26,  52,   0, 151],
[2024-08-13 14:59:31,284][flwr][INFO] - 	       [ 16,  16,   4,  12,   0,   7, 373, 523,   0,   7],
[2024-08-13 14:59:31,284][flwr][INFO] - 	       [ 14,  17,   9,  28,   0,   7,   0, 823,   0, 130],
[2024-08-13 14:59:31,284][flwr][INFO] - 	       [  3,  26,   4, 135,   0,  22,  10,  17,   0, 757],
[2024-08-13 14:59:31,284][flwr][INFO] - 	       [ 24,   5,   0,  10,   0,  14,   0,  43,   0, 913]], dtype=int64)),
[2024-08-13 14:59:31,284][flwr][INFO] - 	                      (10,
[2024-08-13 14:59:31,284][flwr][INFO] - 	                       array([[761, 132,   1,   0,   5,   4,  67,   4,   6,   0],
[2024-08-13 14:59:31,284][flwr][INFO] - 	       [  0, 762, 338,   1,   4,   2,  20,   1,   7,   0],
[2024-08-13 14:59:31,284][flwr][INFO] - 	       [ 20,  19, 800,  35,  49,   1,  28,  18,  62,   0],
[2024-08-13 14:59:31,284][flwr][INFO] - 	       [  9,  34,  29, 343, 423,   9,  55,  10,  98,   0],
[2024-08-13 14:59:31,285][flwr][INFO] - 	       [ 21,   3,   2,   0, 827,  70,  29,  15,  15,   0],
[2024-08-13 14:59:31,285][flwr][INFO] - 	       [ 37,  65,  13,  12,  71, 407, 202,  11,  74,   0],
[2024-08-13 14:59:31,285][flwr][INFO] - 	       [ 10,  14,  15,   0,  14,   0, 867,  37,   1,   0],
[2024-08-13 14:59:31,285][flwr][INFO] - 	       [ 75,  19,  46,   1,  39,   0,   2, 539, 307,   0],
[2024-08-13 14:59:31,285][flwr][INFO] - 	       [ 22,  27,  25,   4, 108,  11,  62,   1, 714,   0],
[2024-08-13 14:59:31,285][flwr][INFO] - 	       [425,   7,   5,   0, 324,  63,   3,  26, 147,   9]], dtype=int64))],
[2024-08-13 14:59:31,285][flwr][INFO] - 	 'f1': [(0, 0.017493624772313296),
[2024-08-13 14:59:31,285][flwr][INFO] - 	        (1, 0.3947398793753063),
[2024-08-13 14:59:31,285][flwr][INFO] - 	        (2, 0.5755003771891559),
[2024-08-13 14:59:31,285][flwr][INFO] - 	        (3, 0.5231627069510205),
[2024-08-13 14:59:31,285][flwr][INFO] - 	        (4, 0.542067297197369),
[2024-08-13 14:59:31,285][flwr][INFO] - 	        (5, 0.5552533063399978),
[2024-08-13 14:59:31,285][flwr][INFO] - 	        (6, 0.5514608991745434),
[2024-08-13 14:59:31,285][flwr][INFO] - 	        (7, 0.5818745986341045),
[2024-08-13 14:59:31,285][flwr][INFO] - 	        (8, 0.5530571357349717),
[2024-08-13 14:59:31,285][flwr][INFO] - 	        (9, 0.4644910481734587),
[2024-08-13 14:59:31,285][flwr][INFO] - 	        (10, 0.5665783324650252)],
[2024-08-13 14:59:31,285][flwr][INFO] - 	 'precision': [(0, 0.009604000000000001),
[2024-08-13 14:59:31,286][flwr][INFO] - 	               (1, 0.5523683608981628),
[2024-08-13 14:59:31,286][flwr][INFO] - 	               (2, 0.7126919244763779),
[2024-08-13 14:59:31,286][flwr][INFO] - 	               (3, 0.6640178902193841),
[2024-08-13 14:59:31,286][flwr][INFO] - 	               (4, 0.5902527192019799),
[2024-08-13 14:59:31,286][flwr][INFO] - 	               (5, 0.6208800855982645),
[2024-08-13 14:59:31,286][flwr][INFO] - 	               (6, 0.7119816135383317),
[2024-08-13 14:59:31,286][flwr][INFO] - 	               (7, 0.6628667245961497),
[2024-08-13 14:59:31,286][flwr][INFO] - 	               (8, 0.6795182804202118),
[2024-08-13 14:59:31,286][flwr][INFO] - 	               (9, 0.5635999825460581),
[2024-08-13 14:59:31,286][flwr][INFO] - 	               (10, 0.6892717052524067)],
[2024-08-13 14:59:31,286][flwr][INFO] - 	 'recall': [(0, 0.098),
[2024-08-13 14:59:31,286][flwr][INFO] - 	            (1, 0.453),
[2024-08-13 14:59:31,286][flwr][INFO] - 	            (2, 0.6114),
[2024-08-13 14:59:31,286][flwr][INFO] - 	            (3, 0.5567),
[2024-08-13 14:59:31,286][flwr][INFO] - 	            (4, 0.5777),
[2024-08-13 14:59:31,286][flwr][INFO] - 	            (5, 0.5979),
[2024-08-13 14:59:31,286][flwr][INFO] - 	            (6, 0.5832),
[2024-08-13 14:59:31,287][flwr][INFO] - 	            (7, 0.6204),
[2024-08-13 14:59:31,287][flwr][INFO] - 	            (8, 0.574),
[2024-08-13 14:59:31,287][flwr][INFO] - 	            (9, 0.5247),
[2024-08-13 14:59:31,287][flwr][INFO] - 	            (10, 0.6029)]}
[2024-08-13 14:59:31,287][flwr][INFO] - 
