[2024-08-13 14:28:59,222][flwr][INFO] - Starting Flower simulation, config: num_rounds=10, no round_timeout
[2024-08-13 14:29:03,512][flwr][INFO] - Flower VCE: Ray initialized with resources: {'accelerator_type:G': 1.0, 'node:__internal_head__': 1.0, 'memory': 4768729499.0, 'object_store_memory': 2384364748.0, 'node:127.0.0.1': 1.0, 'CPU': 16.0, 'GPU': 1.0}
[2024-08-13 14:29:03,512][flwr][INFO] - Optimize your simulation with Flower VCE: https://flower.ai/docs/framework/how-to-run-simulations.html
[2024-08-13 14:29:03,512][flwr][INFO] - Flower VCE: Resources for each Virtual Client: {'num_cpus': 2, 'num_gpus': 0.5}
[2024-08-13 14:29:03,523][flwr][INFO] - Flower VCE: Creating VirtualClientEngineActorPool with 2 actors
[2024-08-13 14:29:03,525][flwr][INFO] - [INIT]
[2024-08-13 14:29:03,526][flwr][INFO] - Requesting initial parameters from one random client
[2024-08-13 14:29:10,851][flwr][INFO] - Received initial parameters from one random client
[2024-08-13 14:29:10,851][flwr][INFO] - Evaluating initial global parameters
[2024-08-13 14:29:13,095][flwr][INFO] - initial parameters (loss, other metrics): 2.3025850929940455, {'accuracy': 0.098, 'precision': 0.009604000000000001, 'recall': 0.098, 'f1': 0.017493624772313296, 'confusion_matrix': array([[ 980,    0,    0,    0,    0,    0,    0,    0,    0,    0],
       [1135,    0,    0,    0,    0,    0,    0,    0,    0,    0],
       [1032,    0,    0,    0,    0,    0,    0,    0,    0,    0],
       [1010,    0,    0,    0,    0,    0,    0,    0,    0,    0],
       [ 982,    0,    0,    0,    0,    0,    0,    0,    0,    0],
       [ 892,    0,    0,    0,    0,    0,    0,    0,    0,    0],
       [ 958,    0,    0,    0,    0,    0,    0,    0,    0,    0],
       [1028,    0,    0,    0,    0,    0,    0,    0,    0,    0],
       [ 974,    0,    0,    0,    0,    0,    0,    0,    0,    0],
       [1009,    0,    0,    0,    0,    0,    0,    0,    0,    0]],
      dtype=int64)}
[2024-08-13 14:29:13,096][flwr][INFO] - 
[2024-08-13 14:29:13,096][flwr][INFO] - [ROUND 1]
[2024-08-13 14:29:13,096][flwr][INFO] - configure_fit: strategy sampled 10 clients (out of 100)
[2024-08-13 14:29:16,644][flwr][INFO] - aggregate_fit: received 10 results and 0 failures
[2024-08-13 14:29:16,647][flwr][WARNING] - No fit_metrics_aggregation_fn provided
[2024-08-13 14:29:18,894][flwr][INFO] - fit progress: (1, 1.0129850856397735, {'accuracy': 0.7098, 'precision': 0.6958486649099781, 'recall': 0.7098, 'f1': 0.6796749805850952, 'confusion_matrix': array([[ 961,    0,    1,    8,    0,    0,    3,    1,    6,    0],
       [   0, 1059,    0,   21,    0,    0,    3,    1,   51,    0],
       [ 148,   39,  500,  167,   21,    0,   29,   33,   94,    1],
       [  46,    6,    3,  901,    0,    0,    2,   15,   34,    3],
       [  34,   16,    0,    7,  689,    0,   23,   11,   60,  142],
       [ 307,   53,    0,  315,   11,    0,    7,   44,  133,   22],
       [ 167,   19,    1,   17,    8,    0,  722,    1,   23,    0],
       [  33,   43,    1,   10,    3,    0,    0,  886,   34,   18],
       [  69,   12,    0,  176,    1,    0,    7,   19,  683,    7],
       [  72,   17,    0,   28,   26,    0,    1,  128,   40,  697]],
      dtype=int64)}, 5.797967299993616)
[2024-08-13 14:29:18,894][flwr][INFO] - configure_evaluate: no clients selected, skipping evaluation
[2024-08-13 14:29:18,894][flwr][INFO] - 
[2024-08-13 14:29:18,895][flwr][INFO] - [ROUND 2]
[2024-08-13 14:29:18,895][flwr][INFO] - configure_fit: strategy sampled 10 clients (out of 100)
[2024-08-13 14:29:20,131][flwr][INFO] - aggregate_fit: received 10 results and 0 failures
[2024-08-13 14:29:22,399][flwr][INFO] - fit progress: (2, 0.706369406209679, {'accuracy': 0.8119, 'precision': 0.825626239530724, 'recall': 0.8119, 'f1': 0.8057205024598117, 'confusion_matrix': array([[ 923,    0,   10,    6,    0,    1,   30,    1,    9,    0],
       [   0, 1084,   29,    4,    0,    0,    5,    0,   11,    2],
       [  29,   27,  862,   18,   18,    0,   24,   14,   30,   10],
       [  10,   15,   44,  852,    0,    4,   10,   12,   35,   28],
       [   6,    9,    8,    0,  739,    0,   25,    1,    5,  189],
       [  59,   56,   23,  204,   26,  368,   40,   20,   37,   59],
       [  33,   18,   27,    1,   11,   10,  856,    0,    2,    0],
       [   9,   43,   36,    0,   15,    0,    3,  837,    7,   78],
       [  24,   22,   34,   78,    7,    5,   19,   12,  715,   58],
       [  25,   16,    8,   11,   40,    0,    2,   14,   10,  883]],
      dtype=int64)}, 9.303821499997866)
[2024-08-13 14:29:22,400][flwr][INFO] - configure_evaluate: no clients selected, skipping evaluation
[2024-08-13 14:29:22,400][flwr][INFO] - 
[2024-08-13 14:29:22,400][flwr][INFO] - [ROUND 3]
[2024-08-13 14:29:22,400][flwr][INFO] - configure_fit: strategy sampled 10 clients (out of 100)
[2024-08-13 14:29:23,565][flwr][INFO] - aggregate_fit: received 10 results and 0 failures
[2024-08-13 14:29:25,802][flwr][INFO] - fit progress: (3, 0.6653124927051647, {'accuracy': 0.8355, 'precision': 0.8424041181811112, 'recall': 0.8355, 'f1': 0.833041478233141, 'confusion_matrix': array([[ 898,    0,    4,    2,    0,   42,   28,    1,    5,    0],
       [   0, 1073,    9,    3,    1,   10,    5,    0,   34,    0],
       [  26,   25,  814,   23,   30,    0,   29,   26,   59,    0],
       [   6,   14,   24,  816,    1,   61,    8,   22,   53,    5],
       [   4,    9,    3,    0,  898,    3,   22,    5,   14,   24],
       [  22,   40,    3,   48,   28,  682,   27,   18,   21,    3],
       [  24,   13,   14,    1,   17,   25,  860,    0,    4,    0],
       [   6,   37,   23,    0,   18,    0,    2,  912,   16,   14],
       [   8,   13,   11,   33,   15,   34,   21,   21,  815,    3],
       [  17,   15,    5,    8,  231,   27,    6,   89,   24,  587]],
      dtype=int64)}, 12.7070512999926)
[2024-08-13 14:29:25,803][flwr][INFO] - configure_evaluate: no clients selected, skipping evaluation
[2024-08-13 14:29:25,803][flwr][INFO] - 
[2024-08-13 14:29:25,803][flwr][INFO] - [ROUND 4]
[2024-08-13 14:29:25,803][flwr][INFO] - configure_fit: strategy sampled 10 clients (out of 100)
[2024-08-13 14:29:26,932][flwr][INFO] - aggregate_fit: received 10 results and 0 failures
[2024-08-13 14:29:29,164][flwr][INFO] - fit progress: (4, 0.6365351509985325, {'accuracy': 0.8335, 'precision': 0.8457382106228568, 'recall': 0.8335, 'f1': 0.8330176956335438, 'confusion_matrix': array([[ 915,    0,    5,    9,    0,   17,   25,    1,    5,    3],
       [   0, 1083,   22,    7,    0,    2,    5,    0,   13,    3],
       [  21,   21,  848,   31,   14,    0,   25,   19,   35,   18],
       [   6,   10,   24,  882,    0,   20,    9,   12,   15,   32],
       [   4,    9,    5,    0,  690,    0,   23,    1,    5,  245],
       [  25,   46,    8,  118,   17,  578,   28,   14,   15,   43],
       [  23,   12,   19,    2,   10,   21,  868,    1,    2,    0],
       [   6,   39,   28,    1,    9,    0,    3,  846,    5,   91],
       [  13,   17,   21,   85,    4,   19,   19,    8,  713,   75],
       [  20,   13,    6,   12,   19,   10,    2,   13,    2,  912]],
      dtype=int64)}, 16.06833799999731)
[2024-08-13 14:29:29,165][flwr][INFO] - configure_evaluate: no clients selected, skipping evaluation
[2024-08-13 14:29:29,165][flwr][INFO] - 
[2024-08-13 14:29:29,165][flwr][INFO] - [ROUND 5]
[2024-08-13 14:29:29,165][flwr][INFO] - configure_fit: strategy sampled 10 clients (out of 100)
[2024-08-13 14:29:30,327][flwr][INFO] - aggregate_fit: received 10 results and 0 failures
[2024-08-13 14:29:32,575][flwr][INFO] - fit progress: (5, 0.6250831576410159, {'accuracy': 0.8255, 'precision': 0.843963724751581, 'recall': 0.8255, 'f1': 0.8176614948283097, 'confusion_matrix': array([[ 921,    0,    4,    3,    1,   16,   19,    1,   15,    0],
       [   0, 1079,    7,    4,    1,    3,    5,    0,   36,    0],
       [  23,   24,  817,   24,   32,    0,   25,   27,   60,    0],
       [   6,   12,   22,  837,    2,   37,    8,   25,   60,    1],
       [   2,   10,    3,    0,  932,    3,   11,    3,   10,    8],
       [  23,   38,    3,   52,   36,  668,   23,   18,   28,    3],
       [  24,   14,   13,    2,   23,   23,  852,    0,    7,    0],
       [   5,   36,   22,    1,   21,    0,    1,  924,   15,    3],
       [   7,   12,    9,   30,   17,   20,   16,   19,  842,    2],
       [  18,   16,    7,    7,  390,   21,    1,  129,   37,  383]],
      dtype=int64)}, 19.479191399994306)
[2024-08-13 14:29:32,576][flwr][INFO] - configure_evaluate: no clients selected, skipping evaluation
[2024-08-13 14:29:32,576][flwr][INFO] - 
[2024-08-13 14:29:32,576][flwr][INFO] - [ROUND 6]
[2024-08-13 14:29:32,576][flwr][INFO] - configure_fit: strategy sampled 10 clients (out of 100)
[2024-08-13 14:29:33,875][flwr][INFO] - aggregate_fit: received 10 results and 0 failures
[2024-08-13 14:29:36,176][flwr][INFO] - fit progress: (6, 0.5816117652119633, {'accuracy': 0.8578, 'precision': 0.8601180871844902, 'recall': 0.8578, 'f1': 0.8566812373343833, 'confusion_matrix': array([[ 928,    0,    4,    8,    0,   14,   20,    1,    5,    0],
       [   0, 1089,   17,    5,    0,    4,    5,    0,   15,    0],
       [  19,   25,  843,   30,   21,    0,   25,   25,   36,    8],
       [   5,    6,   21,  887,    1,   26,    8,   17,   18,   21],
       [   3,    9,    5,    0,  808,    0,   22,    2,    7,  126],
       [  23,   41,    4,   95,   23,  624,   26,   14,   17,   25],
       [  20,   12,   15,    2,   11,   22,  874,    1,    1,    0],
       [   5,   38,   26,    2,   12,    0,    3,  887,    6,   49],
       [  13,   19,   17,   67,    9,   21,   20,   14,  752,   42],
       [  19,   15,    8,   12,   32,   11,    1,   21,    4,  886]],
      dtype=int64)}, 23.080331199991633)
[2024-08-13 14:29:36,177][flwr][INFO] - configure_evaluate: no clients selected, skipping evaluation
[2024-08-13 14:29:36,177][flwr][INFO] - 
[2024-08-13 14:29:36,177][flwr][INFO] - [ROUND 7]
[2024-08-13 14:29:36,177][flwr][INFO] - configure_fit: strategy sampled 10 clients (out of 100)
[2024-08-13 14:29:37,313][flwr][INFO] - aggregate_fit: received 10 results and 0 failures
[2024-08-13 14:29:39,570][flwr][INFO] - fit progress: (7, 0.5713862161464821, {'accuracy': 0.8551, 'precision': 0.8643821690397765, 'recall': 0.8551, 'f1': 0.853409516693205, 'confusion_matrix': array([[ 921,    0,    3,    4,    3,   12,   18,    1,   18,    0],
       [   0, 1072,    9,    5,    1,    3,    5,    0,   40,    0],
       [  16,   16,  840,   25,   29,    0,   27,   24,   55,    0],
       [   5,    5,   23,  861,    1,   32,    8,   22,   50,    3],
       [   2,    8,    4,    0,  934,    2,   10,    1,    9,   12],
       [  16,   30,    7,   55,   41,  665,   23,   16,   35,    4],
       [  17,    8,   19,    2,   24,   17,  860,    0,   11,    0],
       [   3,   30,   27,    1,   20,    0,    0,  919,   14,   14],
       [   5,    8,   12,   24,   16,   18,   15,   15,  859,    2],
       [  16,    9,   10,    7,  238,   11,    1,   61,   36,  620]],
      dtype=int64)}, 26.474414600001182)
[2024-08-13 14:29:39,570][flwr][INFO] - configure_evaluate: no clients selected, skipping evaluation
[2024-08-13 14:29:39,570][flwr][INFO] - 
[2024-08-13 14:29:39,570][flwr][INFO] - [ROUND 8]
[2024-08-13 14:29:39,571][flwr][INFO] - configure_fit: strategy sampled 10 clients (out of 100)
[2024-08-13 14:29:40,711][flwr][INFO] - aggregate_fit: received 10 results and 0 failures
[2024-08-13 14:29:43,102][flwr][INFO] - fit progress: (8, 0.5446597368387783, {'accuracy': 0.8652, 'precision': 0.868136679784091, 'recall': 0.8652, 'f1': 0.8647503929705564, 'confusion_matrix': array([[ 933,    0,    4,    5,    0,   16,   17,    1,    3,    1],
       [   0, 1089,   17,    4,    1,    4,    5,    0,   15,    0],
       [  16,   17,  855,   31,   17,    0,   27,   21,   34,   14],
       [   5,    5,   20,  880,    1,   33,    8,   17,   16,   25],
       [   2,    9,    5,    0,  812,    0,   20,    2,    4,  128],
       [  17,   30,    7,   72,   25,  669,   23,   12,   14,   23],
       [  17,   11,   16,    2,   15,   22,  872,    1,    2,    0],
       [   3,   36,   32,    1,   12,    0,    3,  869,    3,   69],
       [   8,   18,   16,   53,    8,   29,   18,   11,  764,   49],
       [  16,   10,    8,   10,   27,   12,    1,   14,    2,  909]],
      dtype=int64)}, 30.006669299997156)
[2024-08-13 14:29:43,102][flwr][INFO] - configure_evaluate: no clients selected, skipping evaluation
[2024-08-13 14:29:43,103][flwr][INFO] - 
[2024-08-13 14:29:43,103][flwr][INFO] - [ROUND 9]
[2024-08-13 14:29:43,103][flwr][INFO] - configure_fit: strategy sampled 10 clients (out of 100)
[2024-08-13 14:29:44,229][flwr][INFO] - aggregate_fit: received 10 results and 0 failures
[2024-08-13 14:29:46,465][flwr][INFO] - fit progress: (9, 0.5354791973297558, {'accuracy': 0.8645, 'precision': 0.8702518236400419, 'recall': 0.8645, 'f1': 0.8626410409422589, 'confusion_matrix': array([[ 952,    0,    1,    1,    1,    5,   12,    1,    7,    0],
       [   0, 1083,    8,    3,    1,    4,    5,    0,   31,    0],
       [  19,   17,  853,   19,   29,    1,   22,   29,   43,    0],
       [   7,    6,   25,  841,    1,   51,    9,   26,   42,    2],
       [   2,    9,    4,    0,  930,    2,   10,    3,    7,   15],
       [  21,   28,    7,   29,   28,  708,   21,   18,   27,    5],
       [  21,   10,   17,    2,   21,   22,  860,    1,    4,    0],
       [   3,   30,   32,    0,   17,    0,    0,  932,    8,    6],
       [  13,   12,   15,   20,   17,   25,   15,   21,  833,    3],
       [  19,   13,   11,    8,  169,   15,    1,   97,   23,  653]],
      dtype=int64)}, 33.36929329999839)
[2024-08-13 14:29:46,465][flwr][INFO] - configure_evaluate: no clients selected, skipping evaluation
[2024-08-13 14:29:46,465][flwr][INFO] - 
[2024-08-13 14:29:46,465][flwr][INFO] - [ROUND 10]
[2024-08-13 14:29:46,466][flwr][INFO] - configure_fit: strategy sampled 10 clients (out of 100)
[2024-08-13 14:29:47,741][flwr][INFO] - aggregate_fit: received 10 results and 0 failures
[2024-08-13 14:29:49,975][flwr][INFO] - fit progress: (10, 0.5115686458911742, {'accuracy': 0.8712, 'precision': 0.8725020092858152, 'recall': 0.8712, 'f1': 0.8703548008484864, 'confusion_matrix': array([[ 948,    0,    3,    3,    0,    7,   14,    1,    4,    0],
       [   0, 1087,   14,    6,    1,    2,    5,    0,   20,    0],
       [  16,   15,  854,   34,   19,    0,   27,   23,   33,   11],
       [   5,    3,   17,  891,    1,   30,    8,   18,   16,   21],
       [   1,    9,    5,    0,  834,    0,   20,    2,    6,  105],
       [  17,   29,    6,   76,   27,  658,   25,   12,   21,   21],
       [  18,    9,   17,    2,   16,   22,  872,    0,    2,    0],
       [   3,   31,   31,    2,   12,    0,    2,  897,    3,   47],
       [  13,   17,   14,   54,   11,   23,   17,   14,  774,   37],
       [  17,   10,    8,   12,   32,    8,    1,   21,    3,  897]],
      dtype=int64)}, 36.879286199997296)
[2024-08-13 14:29:49,975][flwr][INFO] - configure_evaluate: no clients selected, skipping evaluation
[2024-08-13 14:29:49,976][flwr][INFO] - 
[2024-08-13 14:29:49,976][flwr][INFO] - [SUMMARY]
[2024-08-13 14:29:49,976][flwr][INFO] - Run finished 10 round(s) in 36.88s
[2024-08-13 14:29:49,984][flwr][INFO] - 	History (loss, centralized):
[2024-08-13 14:29:49,984][flwr][INFO] - 		round 0: 2.3025850929940455
[2024-08-13 14:29:49,984][flwr][INFO] - 		round 1: 1.0129850856397735
[2024-08-13 14:29:49,984][flwr][INFO] - 		round 2: 0.706369406209679
[2024-08-13 14:29:49,984][flwr][INFO] - 		round 3: 0.6653124927051647
[2024-08-13 14:29:49,984][flwr][INFO] - 		round 4: 0.6365351509985325
[2024-08-13 14:29:49,984][flwr][INFO] - 		round 5: 0.6250831576410159
[2024-08-13 14:29:49,984][flwr][INFO] - 		round 6: 0.5816117652119633
[2024-08-13 14:29:49,985][flwr][INFO] - 		round 7: 0.5713862161464821
[2024-08-13 14:29:49,985][flwr][INFO] - 		round 8: 0.5446597368387783
[2024-08-13 14:29:49,985][flwr][INFO] - 		round 9: 0.5354791973297558
[2024-08-13 14:29:49,985][flwr][INFO] - 		round 10: 0.5115686458911742
[2024-08-13 14:29:49,985][flwr][INFO] - 	History (metrics, centralized):
[2024-08-13 14:29:49,985][flwr][INFO] - 	{'accuracy': [(0, 0.098),
[2024-08-13 14:29:49,985][flwr][INFO] - 	              (1, 0.7098),
[2024-08-13 14:29:49,985][flwr][INFO] - 	              (2, 0.8119),
[2024-08-13 14:29:49,985][flwr][INFO] - 	              (3, 0.8355),
[2024-08-13 14:29:49,985][flwr][INFO] - 	              (4, 0.8335),
[2024-08-13 14:29:49,985][flwr][INFO] - 	              (5, 0.8255),
[2024-08-13 14:29:49,985][flwr][INFO] - 	              (6, 0.8578),
[2024-08-13 14:29:49,985][flwr][INFO] - 	              (7, 0.8551),
[2024-08-13 14:29:49,985][flwr][INFO] - 	              (8, 0.8652),
[2024-08-13 14:29:49,985][flwr][INFO] - 	              (9, 0.8645),
[2024-08-13 14:29:49,986][flwr][INFO] - 	              (10, 0.8712)],
[2024-08-13 14:29:49,986][flwr][INFO] - 	 'confusion_matrix': [(0,
[2024-08-13 14:29:49,986][flwr][INFO] - 	                       array([[ 980,    0,    0,    0,    0,    0,    0,    0,    0,    0],
[2024-08-13 14:29:49,986][flwr][INFO] - 	       [1135,    0,    0,    0,    0,    0,    0,    0,    0,    0],
[2024-08-13 14:29:49,986][flwr][INFO] - 	       [1032,    0,    0,    0,    0,    0,    0,    0,    0,    0],
[2024-08-13 14:29:49,986][flwr][INFO] - 	       [1010,    0,    0,    0,    0,    0,    0,    0,    0,    0],
[2024-08-13 14:29:49,986][flwr][INFO] - 	       [ 982,    0,    0,    0,    0,    0,    0,    0,    0,    0],
[2024-08-13 14:29:49,987][flwr][INFO] - 	       [ 892,    0,    0,    0,    0,    0,    0,    0,    0,    0],
[2024-08-13 14:29:49,987][flwr][INFO] - 	       [ 958,    0,    0,    0,    0,    0,    0,    0,    0,    0],
[2024-08-13 14:29:49,987][flwr][INFO] - 	       [1028,    0,    0,    0,    0,    0,    0,    0,    0,    0],
[2024-08-13 14:29:49,987][flwr][INFO] - 	       [ 974,    0,    0,    0,    0,    0,    0,    0,    0,    0],
[2024-08-13 14:29:49,987][flwr][INFO] - 	       [1009,    0,    0,    0,    0,    0,    0,    0,    0,    0]],
[2024-08-13 14:29:49,987][flwr][INFO] - 	      dtype=int64)),
[2024-08-13 14:29:49,987][flwr][INFO] - 	                      (1,
[2024-08-13 14:29:49,987][flwr][INFO] - 	                       array([[ 961,    0,    1,    8,    0,    0,    3,    1,    6,    0],
[2024-08-13 14:29:49,987][flwr][INFO] - 	       [   0, 1059,    0,   21,    0,    0,    3,    1,   51,    0],
[2024-08-13 14:29:49,987][flwr][INFO] - 	       [ 148,   39,  500,  167,   21,    0,   29,   33,   94,    1],
[2024-08-13 14:29:49,988][flwr][INFO] - 	       [  46,    6,    3,  901,    0,    0,    2,   15,   34,    3],
[2024-08-13 14:29:49,988][flwr][INFO] - 	       [  34,   16,    0,    7,  689,    0,   23,   11,   60,  142],
[2024-08-13 14:29:49,988][flwr][INFO] - 	       [ 307,   53,    0,  315,   11,    0,    7,   44,  133,   22],
[2024-08-13 14:29:49,988][flwr][INFO] - 	       [ 167,   19,    1,   17,    8,    0,  722,    1,   23,    0],
[2024-08-13 14:29:49,988][flwr][INFO] - 	       [  33,   43,    1,   10,    3,    0,    0,  886,   34,   18],
[2024-08-13 14:29:49,988][flwr][INFO] - 	       [  69,   12,    0,  176,    1,    0,    7,   19,  683,    7],
[2024-08-13 14:29:49,988][flwr][INFO] - 	       [  72,   17,    0,   28,   26,    0,    1,  128,   40,  697]],
[2024-08-13 14:29:49,988][flwr][INFO] - 	      dtype=int64)),
[2024-08-13 14:29:49,988][flwr][INFO] - 	                      (2,
[2024-08-13 14:29:49,988][flwr][INFO] - 	                       array([[ 923,    0,   10,    6,    0,    1,   30,    1,    9,    0],
[2024-08-13 14:29:49,988][flwr][INFO] - 	       [   0, 1084,   29,    4,    0,    0,    5,    0,   11,    2],
[2024-08-13 14:29:49,988][flwr][INFO] - 	       [  29,   27,  862,   18,   18,    0,   24,   14,   30,   10],
[2024-08-13 14:29:49,988][flwr][INFO] - 	       [  10,   15,   44,  852,    0,    4,   10,   12,   35,   28],
[2024-08-13 14:29:49,988][flwr][INFO] - 	       [   6,    9,    8,    0,  739,    0,   25,    1,    5,  189],
[2024-08-13 14:29:49,988][flwr][INFO] - 	       [  59,   56,   23,  204,   26,  368,   40,   20,   37,   59],
[2024-08-13 14:29:49,988][flwr][INFO] - 	       [  33,   18,   27,    1,   11,   10,  856,    0,    2,    0],
[2024-08-13 14:29:49,988][flwr][INFO] - 	       [   9,   43,   36,    0,   15,    0,    3,  837,    7,   78],
[2024-08-13 14:29:49,989][flwr][INFO] - 	       [  24,   22,   34,   78,    7,    5,   19,   12,  715,   58],
[2024-08-13 14:29:49,989][flwr][INFO] - 	       [  25,   16,    8,   11,   40,    0,    2,   14,   10,  883]],
[2024-08-13 14:29:49,989][flwr][INFO] - 	      dtype=int64)),
[2024-08-13 14:29:49,989][flwr][INFO] - 	                      (3,
[2024-08-13 14:29:49,989][flwr][INFO] - 	                       array([[ 898,    0,    4,    2,    0,   42,   28,    1,    5,    0],
[2024-08-13 14:29:49,989][flwr][INFO] - 	       [   0, 1073,    9,    3,    1,   10,    5,    0,   34,    0],
[2024-08-13 14:29:49,989][flwr][INFO] - 	       [  26,   25,  814,   23,   30,    0,   29,   26,   59,    0],
[2024-08-13 14:29:49,989][flwr][INFO] - 	       [   6,   14,   24,  816,    1,   61,    8,   22,   53,    5],
[2024-08-13 14:29:49,989][flwr][INFO] - 	       [   4,    9,    3,    0,  898,    3,   22,    5,   14,   24],
[2024-08-13 14:29:49,989][flwr][INFO] - 	       [  22,   40,    3,   48,   28,  682,   27,   18,   21,    3],
[2024-08-13 14:29:49,989][flwr][INFO] - 	       [  24,   13,   14,    1,   17,   25,  860,    0,    4,    0],
[2024-08-13 14:29:49,989][flwr][INFO] - 	       [   6,   37,   23,    0,   18,    0,    2,  912,   16,   14],
[2024-08-13 14:29:49,989][flwr][INFO] - 	       [   8,   13,   11,   33,   15,   34,   21,   21,  815,    3],
[2024-08-13 14:29:49,989][flwr][INFO] - 	       [  17,   15,    5,    8,  231,   27,    6,   89,   24,  587]],
[2024-08-13 14:29:49,989][flwr][INFO] - 	      dtype=int64)),
[2024-08-13 14:29:49,989][flwr][INFO] - 	                      (4,
[2024-08-13 14:29:49,989][flwr][INFO] - 	                       array([[ 915,    0,    5,    9,    0,   17,   25,    1,    5,    3],
[2024-08-13 14:29:49,990][flwr][INFO] - 	       [   0, 1083,   22,    7,    0,    2,    5,    0,   13,    3],
[2024-08-13 14:29:49,990][flwr][INFO] - 	       [  21,   21,  848,   31,   14,    0,   25,   19,   35,   18],
[2024-08-13 14:29:49,990][flwr][INFO] - 	       [   6,   10,   24,  882,    0,   20,    9,   12,   15,   32],
[2024-08-13 14:29:49,990][flwr][INFO] - 	       [   4,    9,    5,    0,  690,    0,   23,    1,    5,  245],
[2024-08-13 14:29:49,990][flwr][INFO] - 	       [  25,   46,    8,  118,   17,  578,   28,   14,   15,   43],
[2024-08-13 14:29:49,990][flwr][INFO] - 	       [  23,   12,   19,    2,   10,   21,  868,    1,    2,    0],
[2024-08-13 14:29:49,990][flwr][INFO] - 	       [   6,   39,   28,    1,    9,    0,    3,  846,    5,   91],
[2024-08-13 14:29:49,990][flwr][INFO] - 	       [  13,   17,   21,   85,    4,   19,   19,    8,  713,   75],
[2024-08-13 14:29:49,990][flwr][INFO] - 	       [  20,   13,    6,   12,   19,   10,    2,   13,    2,  912]],
[2024-08-13 14:29:49,990][flwr][INFO] - 	      dtype=int64)),
[2024-08-13 14:29:49,990][flwr][INFO] - 	                      (5,
[2024-08-13 14:29:49,990][flwr][INFO] - 	                       array([[ 921,    0,    4,    3,    1,   16,   19,    1,   15,    0],
[2024-08-13 14:29:49,990][flwr][INFO] - 	       [   0, 1079,    7,    4,    1,    3,    5,    0,   36,    0],
[2024-08-13 14:29:49,990][flwr][INFO] - 	       [  23,   24,  817,   24,   32,    0,   25,   27,   60,    0],
[2024-08-13 14:29:49,990][flwr][INFO] - 	       [   6,   12,   22,  837,    2,   37,    8,   25,   60,    1],
[2024-08-13 14:29:49,990][flwr][INFO] - 	       [   2,   10,    3,    0,  932,    3,   11,    3,   10,    8],
[2024-08-13 14:29:49,990][flwr][INFO] - 	       [  23,   38,    3,   52,   36,  668,   23,   18,   28,    3],
[2024-08-13 14:29:49,990][flwr][INFO] - 	       [  24,   14,   13,    2,   23,   23,  852,    0,    7,    0],
[2024-08-13 14:29:49,991][flwr][INFO] - 	       [   5,   36,   22,    1,   21,    0,    1,  924,   15,    3],
[2024-08-13 14:29:49,991][flwr][INFO] - 	       [   7,   12,    9,   30,   17,   20,   16,   19,  842,    2],
[2024-08-13 14:29:49,991][flwr][INFO] - 	       [  18,   16,    7,    7,  390,   21,    1,  129,   37,  383]],
[2024-08-13 14:29:49,991][flwr][INFO] - 	      dtype=int64)),
[2024-08-13 14:29:49,991][flwr][INFO] - 	                      (6,
[2024-08-13 14:29:49,991][flwr][INFO] - 	                       array([[ 928,    0,    4,    8,    0,   14,   20,    1,    5,    0],
[2024-08-13 14:29:49,991][flwr][INFO] - 	       [   0, 1089,   17,    5,    0,    4,    5,    0,   15,    0],
[2024-08-13 14:29:49,991][flwr][INFO] - 	       [  19,   25,  843,   30,   21,    0,   25,   25,   36,    8],
[2024-08-13 14:29:49,991][flwr][INFO] - 	       [   5,    6,   21,  887,    1,   26,    8,   17,   18,   21],
[2024-08-13 14:29:49,991][flwr][INFO] - 	       [   3,    9,    5,    0,  808,    0,   22,    2,    7,  126],
[2024-08-13 14:29:49,991][flwr][INFO] - 	       [  23,   41,    4,   95,   23,  624,   26,   14,   17,   25],
[2024-08-13 14:29:49,991][flwr][INFO] - 	       [  20,   12,   15,    2,   11,   22,  874,    1,    1,    0],
[2024-08-13 14:29:49,991][flwr][INFO] - 	       [   5,   38,   26,    2,   12,    0,    3,  887,    6,   49],
[2024-08-13 14:29:49,991][flwr][INFO] - 	       [  13,   19,   17,   67,    9,   21,   20,   14,  752,   42],
[2024-08-13 14:29:49,991][flwr][INFO] - 	       [  19,   15,    8,   12,   32,   11,    1,   21,    4,  886]],
[2024-08-13 14:29:49,991][flwr][INFO] - 	      dtype=int64)),
[2024-08-13 14:29:49,991][flwr][INFO] - 	                      (7,
[2024-08-13 14:29:49,991][flwr][INFO] - 	                       array([[ 921,    0,    3,    4,    3,   12,   18,    1,   18,    0],
[2024-08-13 14:29:49,992][flwr][INFO] - 	       [   0, 1072,    9,    5,    1,    3,    5,    0,   40,    0],
[2024-08-13 14:29:49,992][flwr][INFO] - 	       [  16,   16,  840,   25,   29,    0,   27,   24,   55,    0],
[2024-08-13 14:29:49,992][flwr][INFO] - 	       [   5,    5,   23,  861,    1,   32,    8,   22,   50,    3],
[2024-08-13 14:29:49,992][flwr][INFO] - 	       [   2,    8,    4,    0,  934,    2,   10,    1,    9,   12],
[2024-08-13 14:29:49,992][flwr][INFO] - 	       [  16,   30,    7,   55,   41,  665,   23,   16,   35,    4],
[2024-08-13 14:29:49,992][flwr][INFO] - 	       [  17,    8,   19,    2,   24,   17,  860,    0,   11,    0],
[2024-08-13 14:29:49,992][flwr][INFO] - 	       [   3,   30,   27,    1,   20,    0,    0,  919,   14,   14],
[2024-08-13 14:29:49,992][flwr][INFO] - 	       [   5,    8,   12,   24,   16,   18,   15,   15,  859,    2],
[2024-08-13 14:29:49,992][flwr][INFO] - 	       [  16,    9,   10,    7,  238,   11,    1,   61,   36,  620]],
[2024-08-13 14:29:49,992][flwr][INFO] - 	      dtype=int64)),
[2024-08-13 14:29:49,992][flwr][INFO] - 	                      (8,
[2024-08-13 14:29:49,992][flwr][INFO] - 	                       array([[ 933,    0,    4,    5,    0,   16,   17,    1,    3,    1],
[2024-08-13 14:29:49,992][flwr][INFO] - 	       [   0, 1089,   17,    4,    1,    4,    5,    0,   15,    0],
[2024-08-13 14:29:49,992][flwr][INFO] - 	       [  16,   17,  855,   31,   17,    0,   27,   21,   34,   14],
[2024-08-13 14:29:49,992][flwr][INFO] - 	       [   5,    5,   20,  880,    1,   33,    8,   17,   16,   25],
[2024-08-13 14:29:49,992][flwr][INFO] - 	       [   2,    9,    5,    0,  812,    0,   20,    2,    4,  128],
[2024-08-13 14:29:49,992][flwr][INFO] - 	       [  17,   30,    7,   72,   25,  669,   23,   12,   14,   23],
[2024-08-13 14:29:49,993][flwr][INFO] - 	       [  17,   11,   16,    2,   15,   22,  872,    1,    2,    0],
[2024-08-13 14:29:49,993][flwr][INFO] - 	       [   3,   36,   32,    1,   12,    0,    3,  869,    3,   69],
[2024-08-13 14:29:49,993][flwr][INFO] - 	       [   8,   18,   16,   53,    8,   29,   18,   11,  764,   49],
[2024-08-13 14:29:49,993][flwr][INFO] - 	       [  16,   10,    8,   10,   27,   12,    1,   14,    2,  909]],
[2024-08-13 14:29:49,993][flwr][INFO] - 	      dtype=int64)),
[2024-08-13 14:29:49,993][flwr][INFO] - 	                      (9,
[2024-08-13 14:29:49,993][flwr][INFO] - 	                       array([[ 952,    0,    1,    1,    1,    5,   12,    1,    7,    0],
[2024-08-13 14:29:49,993][flwr][INFO] - 	       [   0, 1083,    8,    3,    1,    4,    5,    0,   31,    0],
[2024-08-13 14:29:49,993][flwr][INFO] - 	       [  19,   17,  853,   19,   29,    1,   22,   29,   43,    0],
[2024-08-13 14:29:49,993][flwr][INFO] - 	       [   7,    6,   25,  841,    1,   51,    9,   26,   42,    2],
[2024-08-13 14:29:49,993][flwr][INFO] - 	       [   2,    9,    4,    0,  930,    2,   10,    3,    7,   15],
[2024-08-13 14:29:49,993][flwr][INFO] - 	       [  21,   28,    7,   29,   28,  708,   21,   18,   27,    5],
[2024-08-13 14:29:49,993][flwr][INFO] - 	       [  21,   10,   17,    2,   21,   22,  860,    1,    4,    0],
[2024-08-13 14:29:49,993][flwr][INFO] - 	       [   3,   30,   32,    0,   17,    0,    0,  932,    8,    6],
[2024-08-13 14:29:49,993][flwr][INFO] - 	       [  13,   12,   15,   20,   17,   25,   15,   21,  833,    3],
[2024-08-13 14:29:49,993][flwr][INFO] - 	       [  19,   13,   11,    8,  169,   15,    1,   97,   23,  653]],
[2024-08-13 14:29:49,993][flwr][INFO] - 	      dtype=int64)),
[2024-08-13 14:29:49,993][flwr][INFO] - 	                      (10,
[2024-08-13 14:29:49,994][flwr][INFO] - 	                       array([[ 948,    0,    3,    3,    0,    7,   14,    1,    4,    0],
[2024-08-13 14:29:49,994][flwr][INFO] - 	       [   0, 1087,   14,    6,    1,    2,    5,    0,   20,    0],
[2024-08-13 14:29:49,994][flwr][INFO] - 	       [  16,   15,  854,   34,   19,    0,   27,   23,   33,   11],
[2024-08-13 14:29:49,994][flwr][INFO] - 	       [   5,    3,   17,  891,    1,   30,    8,   18,   16,   21],
[2024-08-13 14:29:49,994][flwr][INFO] - 	       [   1,    9,    5,    0,  834,    0,   20,    2,    6,  105],
[2024-08-13 14:29:49,994][flwr][INFO] - 	       [  17,   29,    6,   76,   27,  658,   25,   12,   21,   21],
[2024-08-13 14:29:49,994][flwr][INFO] - 	       [  18,    9,   17,    2,   16,   22,  872,    0,    2,    0],
[2024-08-13 14:29:49,994][flwr][INFO] - 	       [   3,   31,   31,    2,   12,    0,    2,  897,    3,   47],
[2024-08-13 14:29:49,994][flwr][INFO] - 	       [  13,   17,   14,   54,   11,   23,   17,   14,  774,   37],
[2024-08-13 14:29:49,994][flwr][INFO] - 	       [  17,   10,    8,   12,   32,    8,    1,   21,    3,  897]],
[2024-08-13 14:29:49,994][flwr][INFO] - 	      dtype=int64))],
[2024-08-13 14:29:49,994][flwr][INFO] - 	 'f1': [(0, 0.017493624772313296),
[2024-08-13 14:29:49,994][flwr][INFO] - 	        (1, 0.6796749805850952),
[2024-08-13 14:29:49,994][flwr][INFO] - 	        (2, 0.8057205024598117),
[2024-08-13 14:29:49,994][flwr][INFO] - 	        (3, 0.833041478233141),
[2024-08-13 14:29:49,994][flwr][INFO] - 	        (4, 0.8330176956335438),
[2024-08-13 14:29:49,994][flwr][INFO] - 	        (5, 0.8176614948283097),
[2024-08-13 14:29:49,995][flwr][INFO] - 	        (6, 0.8566812373343833),
[2024-08-13 14:29:49,995][flwr][INFO] - 	        (7, 0.853409516693205),
[2024-08-13 14:29:49,995][flwr][INFO] - 	        (8, 0.8647503929705564),
[2024-08-13 14:29:49,995][flwr][INFO] - 	        (9, 0.8626410409422589),
[2024-08-13 14:29:49,995][flwr][INFO] - 	        (10, 0.8703548008484864)],
[2024-08-13 14:29:49,995][flwr][INFO] - 	 'precision': [(0, 0.009604000000000001),
[2024-08-13 14:29:49,995][flwr][INFO] - 	               (1, 0.6958486649099781),
[2024-08-13 14:29:49,995][flwr][INFO] - 	               (2, 0.825626239530724),
[2024-08-13 14:29:49,995][flwr][INFO] - 	               (3, 0.8424041181811112),
[2024-08-13 14:29:49,995][flwr][INFO] - 	               (4, 0.8457382106228568),
[2024-08-13 14:29:49,995][flwr][INFO] - 	               (5, 0.843963724751581),
[2024-08-13 14:29:49,995][flwr][INFO] - 	               (6, 0.8601180871844902),
[2024-08-13 14:29:49,995][flwr][INFO] - 	               (7, 0.8643821690397765),
[2024-08-13 14:29:49,995][flwr][INFO] - 	               (8, 0.868136679784091),
[2024-08-13 14:29:49,995][flwr][INFO] - 	               (9, 0.8702518236400419),
[2024-08-13 14:29:49,995][flwr][INFO] - 	               (10, 0.8725020092858152)],
[2024-08-13 14:29:49,995][flwr][INFO] - 	 'recall': [(0, 0.098),
[2024-08-13 14:29:49,996][flwr][INFO] - 	            (1, 0.7098),
[2024-08-13 14:29:49,996][flwr][INFO] - 	            (2, 0.8119),
[2024-08-13 14:29:49,996][flwr][INFO] - 	            (3, 0.8355),
[2024-08-13 14:29:49,996][flwr][INFO] - 	            (4, 0.8335),
[2024-08-13 14:29:49,996][flwr][INFO] - 	            (5, 0.8255),
[2024-08-13 14:29:49,996][flwr][INFO] - 	            (6, 0.8578),
[2024-08-13 14:29:49,996][flwr][INFO] - 	            (7, 0.8551),
[2024-08-13 14:29:49,996][flwr][INFO] - 	            (8, 0.8652),
[2024-08-13 14:29:49,996][flwr][INFO] - 	            (9, 0.8645),
[2024-08-13 14:29:49,996][flwr][INFO] - 	            (10, 0.8712)]}
[2024-08-13 14:29:49,996][flwr][INFO] - 
