[2024-08-13 10:48:23,535][flwr][INFO] - Starting Flower simulation, config: num_rounds=10, no round_timeout
[2024-08-13 10:48:27,818][flwr][INFO] - Flower VCE: Ray initialized with resources: {'object_store_memory': 2531062579.0, 'node:127.0.0.1': 1.0, 'memory': 5062125159.0, 'GPU': 1.0, 'node:__internal_head__': 1.0, 'CPU': 16.0, 'accelerator_type:G': 1.0}
[2024-08-13 10:48:27,818][flwr][INFO] - Optimize your simulation with Flower VCE: https://flower.ai/docs/framework/how-to-run-simulations.html
[2024-08-13 10:48:27,818][flwr][INFO] - Flower VCE: Resources for each Virtual Client: {'num_cpus': 2, 'num_gpus': 0.5}
[2024-08-13 10:48:27,830][flwr][INFO] - Flower VCE: Creating VirtualClientEngineActorPool with 2 actors
[2024-08-13 10:48:27,830][flwr][INFO] - [INIT]
[2024-08-13 10:48:27,830][flwr][INFO] - Requesting initial parameters from one random client
[2024-08-13 10:48:35,130][flwr][INFO] - Received initial parameters from one random client
[2024-08-13 10:48:35,130][flwr][INFO] - Evaluating initial global parameters
[2024-08-13 10:48:37,381][flwr][INFO] - initial parameters (loss, other metrics): 2.3025850929940455, {'accuracy': 0.098, 'precision': 0.009604000000000001, 'recall': 0.098, 'f1': 0.017493624772313296, 'confusion_matrix': array([[ 980,    0,    0,    0,    0,    0,    0,    0,    0,    0],
       [1135,    0,    0,    0,    0,    0,    0,    0,    0,    0],
       [1032,    0,    0,    0,    0,    0,    0,    0,    0,    0],
       [1010,    0,    0,    0,    0,    0,    0,    0,    0,    0],
       [ 982,    0,    0,    0,    0,    0,    0,    0,    0,    0],
       [ 892,    0,    0,    0,    0,    0,    0,    0,    0,    0],
       [ 958,    0,    0,    0,    0,    0,    0,    0,    0,    0],
       [1028,    0,    0,    0,    0,    0,    0,    0,    0,    0],
       [ 974,    0,    0,    0,    0,    0,    0,    0,    0,    0],
       [1009,    0,    0,    0,    0,    0,    0,    0,    0,    0]],
      dtype=int64)}
[2024-08-13 10:48:37,382][flwr][INFO] - 
[2024-08-13 10:48:37,382][flwr][INFO] - [ROUND 1]
[2024-08-13 10:48:37,383][flwr][INFO] - configure_fit: strategy sampled 10 clients (out of 10)
[2024-08-13 10:48:45,768][flwr][INFO] - aggregate_fit: received 10 results and 0 failures
[2024-08-13 10:48:45,771][flwr][WARNING] - No fit_metrics_aggregation_fn provided
[2024-08-13 10:48:47,996][flwr][INFO] - fit progress: (1, 0.8688374129922822, {'accuracy': 0.7338, 'precision': 0.7918156622920356, 'recall': 0.7338, 'f1': 0.702352033148646, 'confusion_matrix': array([[ 956,    0,    1,    5,    0,    0,    6,    1,   11,    0],
       [   0, 1072,    1,    8,    0,    0,    4,    1,   49,    0],
       [  83,   47,  696,   66,    7,    0,   29,   14,   83,    7],
       [  35,   15,   14,  845,    0,    0,   10,   10,   72,    9],
       [  30,   15,    2,    1,  537,    0,   39,    1,   66,  291],
       [ 234,   65,    0,  252,    5,    4,   29,   21,  235,   47],
       [ 102,   18,   12,    2,    3,    0,  798,    1,   22,    0],
       [  29,   50,   12,    2,    2,    0,    2,  828,   58,   45],
       [  45,   14,    5,   97,    1,    0,   12,    9,  777,   14],
       [  49,   20,    6,   13,   13,    0,    3,   30,   50,  825]],
      dtype=int64)}, 10.614113700008602)
[2024-08-13 10:48:47,997][flwr][INFO] - configure_evaluate: no clients selected, skipping evaluation
[2024-08-13 10:48:47,997][flwr][INFO] - 
[2024-08-13 10:48:47,997][flwr][INFO] - [ROUND 2]
[2024-08-13 10:48:47,997][flwr][INFO] - configure_fit: strategy sampled 10 clients (out of 10)
[2024-08-13 10:48:54,409][flwr][INFO] - aggregate_fit: received 10 results and 0 failures
[2024-08-13 10:48:56,643][flwr][INFO] - fit progress: (2, 0.6914240555691157, {'accuracy': 0.8164, 'precision': 0.8252470130655499, 'recall': 0.8164, 'f1': 0.8102815540883775, 'confusion_matrix': array([[ 931,    0,    7,    6,    0,    2,   25,    1,    8,    0],
       [   0, 1084,   31,    6,    0,    0,    5,    1,    8,    0],
       [  33,   34,  839,   32,   21,    0,   28,   17,   27,    1],
       [  10,   14,   34,  878,    0,    4,   10,   19,   26,   15],
       [   7,   13,    7,    0,  841,    0,   32,    2,    8,   72],
       [  57,   57,   19,  201,   33,  401,   42,   32,   23,   27],
       [  41,   18,   21,    2,   10,   13,  851,    1,    1,    0],
       [  10,   46,   39,    0,   13,    0,    3,  883,    5,   29],
       [  26,   32,   30,  113,   11,    7,   20,   15,  684,   36],
       [  30,   19,    9,   14,   99,    1,    2,   53,   10,  772]],
      dtype=int64)}, 19.260791199994856)
[2024-08-13 10:48:56,644][flwr][INFO] - configure_evaluate: no clients selected, skipping evaluation
[2024-08-13 10:48:56,644][flwr][INFO] - 
[2024-08-13 10:48:56,644][flwr][INFO] - [ROUND 3]
[2024-08-13 10:48:56,644][flwr][INFO] - configure_fit: strategy sampled 10 clients (out of 10)
[2024-08-13 10:49:03,272][flwr][INFO] - aggregate_fit: received 10 results and 0 failures
[2024-08-13 10:49:05,508][flwr][INFO] - fit progress: (3, 0.6481548669795993, {'accuracy': 0.8473, 'precision': 0.8484155057451531, 'recall': 0.8473, 'f1': 0.8467954788057172, 'confusion_matrix': array([[ 906,    0,    4,    1,    0,   36,   23,    1,    9,    0],
       [   0, 1075,    9,    1,    0,   12,    4,    0,   34,    0],
       [  25,   28,  811,   28,   26,    0,   28,   21,   60,    5],
       [   6,   13,   24,  803,    1,   65,    8,   18,   59,   13],
       [   6,    9,    2,    0,  818,    2,   25,    2,   17,  101],
       [  24,   44,    5,   53,   21,  666,   24,   15,   22,   18],
       [  27,   14,   17,    0,   11,   24,  860,    1,    4,    0],
       [   6,   39,   26,    0,   14,    0,    2,  879,   18,   44],
       [   9,   13,   12,   35,    8,   29,   17,   11,  809,   31],
       [  19,   15,    7,    6,   51,   14,    2,   28,   21,  846]],
      dtype=int64)}, 28.1263675000082)
[2024-08-13 10:49:05,508][flwr][INFO] - configure_evaluate: no clients selected, skipping evaluation
[2024-08-13 10:49:05,508][flwr][INFO] - 
[2024-08-13 10:49:05,509][flwr][INFO] - [ROUND 4]
[2024-08-13 10:49:05,509][flwr][INFO] - configure_fit: strategy sampled 10 clients (out of 10)
[2024-08-13 10:49:11,871][flwr][INFO] - aggregate_fit: received 10 results and 0 failures
[2024-08-13 10:49:14,102][flwr][INFO] - fit progress: (4, 0.6272061183624799, {'accuracy': 0.8337, 'precision': 0.84759769352205, 'recall': 0.8337, 'f1': 0.829844416374234, 'confusion_matrix': array([[ 931,    0,    5,   15,    1,    5,   20,    1,    2,    0],
       [   0, 1081,   23,   18,    1,    1,    5,    1,    5,    0],
       [  17,   18,  843,   56,   26,    0,   25,   20,   24,    3],
       [   4,    5,   20,  928,    1,    5,    8,   19,    8,   12],
       [   3,    9,    5,    0,  910,    0,   15,    1,    3,   36],
       [  24,   42,   11,  224,   41,  457,   31,   26,   15,   21],
       [  21,   11,   20,    3,   20,   13,  869,    1,    0,    0],
       [   4,   35,   35,    4,   19,    0,    2,  899,    1,   29],
       [  13,   22,   26,  171,   21,    8,   19,   16,  643,   35],
       [  21,   14,   12,   16,  112,    3,    1,   51,    3,  776]],
      dtype=int64)}, 36.72001900000032)
[2024-08-13 10:49:14,103][flwr][INFO] - configure_evaluate: no clients selected, skipping evaluation
[2024-08-13 10:49:14,103][flwr][INFO] - 
[2024-08-13 10:49:14,103][flwr][INFO] - [ROUND 5]
[2024-08-13 10:49:14,103][flwr][INFO] - configure_fit: strategy sampled 10 clients (out of 10)
[2024-08-13 10:49:20,635][flwr][INFO] - aggregate_fit: received 10 results and 0 failures
[2024-08-13 10:49:22,869][flwr][INFO] - fit progress: (5, 0.5946658601004611, {'accuracy': 0.8618, 'precision': 0.864795921827951, 'recall': 0.8618, 'f1': 0.8616432112602092, 'confusion_matrix': array([[ 919,    0,    4,    1,    0,   18,   21,    1,   16,    0],
       [   0, 1078,    9,    2,    1,    5,    5,    0,   35,    0],
       [  17,   20,  838,   17,   20,    1,   27,   23,   59,   10],
       [   6,   12,   24,  791,    1,   61,    8,   18,   72,   17],
       [   3,    8,    4,    0,  816,    1,   23,    2,   15,  110],
       [  19,   37,    6,   27,   21,  694,   25,   14,   31,   18],
       [  18,   11,   17,    1,   12,   21,  872,    1,    5,    0],
       [   4,   34,   28,    0,   12,    0,    3,  886,   20,   41],
       [   6,   12,    9,   17,    8,   28,   16,   10,  842,   26],
       [  15,   12,    6,    6,   29,   11,    2,   25,   21,  882]],
      dtype=int64)}, 45.48728349999874)
[2024-08-13 10:49:22,870][flwr][INFO] - configure_evaluate: no clients selected, skipping evaluation
[2024-08-13 10:49:22,870][flwr][INFO] - 
[2024-08-13 10:49:22,870][flwr][INFO] - [ROUND 6]
[2024-08-13 10:49:22,871][flwr][INFO] - configure_fit: strategy sampled 10 clients (out of 10)
[2024-08-13 10:49:29,362][flwr][INFO] - aggregate_fit: received 10 results and 0 failures
[2024-08-13 10:49:31,659][flwr][INFO] - fit progress: (6, 0.5829951125421193, {'accuracy': 0.8573, 'precision': 0.8616727027352994, 'recall': 0.8573, 'f1': 0.8555468948307129, 'confusion_matrix': array([[ 934,    0,    2,    8,    3,   14,   16,    1,    2,    0],
       [   0, 1087,   21,   10,    1,    1,    5,    1,    9,    0],
       [  16,   18,  850,   44,   26,    0,   25,   24,   25,    4],
       [   5,    4,   17,  909,    1,   24,    8,   21,   10,   11],
       [   2,    9,    4,    0,  919,    2,   14,    2,    3,   27],
       [  15,   37,    5,  121,   35,  615,   22,   17,   11,   14],
       [  18,   10,   17,    2,   20,   20,  870,    1,    0,    0],
       [   3,   35,   34,    3,   19,    0,    1,  907,    1,   25],
       [  14,   24,   20,  114,   20,   28,   17,   15,  691,   31],
       [  19,   13,    9,   14,  100,   10,    2,   47,    4,  791]],
      dtype=int64)}, 54.27797680000367)
[2024-08-13 10:49:31,660][flwr][INFO] - configure_evaluate: no clients selected, skipping evaluation
[2024-08-13 10:49:31,660][flwr][INFO] - 
[2024-08-13 10:49:31,660][flwr][INFO] - [ROUND 7]
[2024-08-13 10:49:31,661][flwr][INFO] - configure_fit: strategy sampled 10 clients (out of 10)
[2024-08-13 10:49:38,033][flwr][INFO] - aggregate_fit: received 10 results and 0 failures
[2024-08-13 10:49:40,280][flwr][INFO] - fit progress: (7, 0.5657172980983881, {'accuracy': 0.8674, 'precision': 0.8697612387216079, 'recall': 0.8674, 'f1': 0.8671080468885388, 'confusion_matrix': array([[ 932,    0,    3,    1,    0,   12,   18,    1,   13,    0],
       [   0, 1080,    8,    3,    1,    3,    5,    0,   35,    0],
       [  17,   19,  838,   21,   17,    0,   26,   27,   54,   13],
       [   5,    8,   21,  825,    1,   49,    8,   16,   57,   20],
       [   2,    7,    4,    0,  816,    1,   22,    2,   15,  113],
       [  18,   35,    5,   38,   23,  681,   25,   13,   35,   19],
       [  17,    9,   17,    2,   12,   20,  876,    1,    4,    0],
       [   3,   34,   28,    0,   13,    0,    2,  887,   18,   43],
       [   5,   11,   10,   21,    8,   24,   16,   10,  845,   24],
       [  15,    9,    5,    6,   28,   10,    2,   20,   20,  894]],
      dtype=int64)}, 62.89854419999756)
[2024-08-13 10:49:40,281][flwr][INFO] - configure_evaluate: no clients selected, skipping evaluation
[2024-08-13 10:49:40,281][flwr][INFO] - 
[2024-08-13 10:49:40,281][flwr][INFO] - [ROUND 8]
[2024-08-13 10:49:40,281][flwr][INFO] - configure_fit: strategy sampled 10 clients (out of 10)
[2024-08-13 10:49:46,905][flwr][INFO] - aggregate_fit: received 10 results and 0 failures
[2024-08-13 10:49:49,143][flwr][INFO] - fit progress: (8, 0.5602787256228472, {'accuracy': 0.8622, 'precision': 0.8666614038931896, 'recall': 0.8622, 'f1': 0.8605313890905434, 'confusion_matrix': array([[ 939,    0,    2,    7,    2,   13,   14,    1,    2,    0],
       [   0, 1089,   19,    9,    1,    1,    5,    1,   10,    0],
       [  15,   18,  855,   38,   27,    0,   24,   29,   25,    1],
       [   5,    4,   15,  906,    1,   31,    8,   22,   11,    7],
       [   1,    9,    3,    0,  933,    2,   13,    2,    2,   17],
       [  14,   33,    4,   99,   34,  650,   24,   15,   10,    9],
       [  17,    9,   17,    2,   21,   20,  871,    1,    0,    0],
       [   3,   31,   35,    2,   19,    0,    1,  918,    1,   18],
       [  14,   25,   21,  102,   26,   31,   18,   18,  698,   21],
       [  17,   11,   10,   13,  120,   13,    1,   57,    4,  763]],
      dtype=int64)}, 71.76217010000255)
[2024-08-13 10:49:49,144][flwr][INFO] - configure_evaluate: no clients selected, skipping evaluation
[2024-08-13 10:49:49,144][flwr][INFO] - 
[2024-08-13 10:49:49,144][flwr][INFO] - [ROUND 9]
[2024-08-13 10:49:49,145][flwr][INFO] - configure_fit: strategy sampled 10 clients (out of 10)
[2024-08-13 10:49:55,625][flwr][INFO] - aggregate_fit: received 10 results and 0 failures
[2024-08-13 10:49:57,998][flwr][INFO] - fit progress: (9, 0.5410237900182413, {'accuracy': 0.8731, 'precision': 0.8746886086488188, 'recall': 0.8731, 'f1': 0.8726523222183535, 'confusion_matrix': array([[ 944,    0,    1,    1,    1,    8,   16,    1,    8,    0],
       [   0, 1082,    8,    4,    1,    3,    5,    0,   32,    0],
       [  15,   17,  843,   25,   18,    0,   25,   28,   50,   11],
       [   5,    4,   18,  853,    1,   37,    9,   16,   44,   23],
       [   1,    7,    4,    0,  829,    1,   20,    1,   14,  105],
       [  18,   33,    3,   46,   23,  679,   26,   12,   33,   19],
       [  16,    9,   17,    2,   13,   21,  877,    0,    3,    0],
       [   3,   31,   30,    0,   14,    0,    2,  889,   14,   45],
       [   7,   13,   10,   24,    9,   21,   17,   10,  837,   26],
       [  17,    9,    6,    6,   30,    8,    1,   19,   15,  898]],
      dtype=int64)}, 80.6160583000019)
[2024-08-13 10:49:57,999][flwr][INFO] - configure_evaluate: no clients selected, skipping evaluation
[2024-08-13 10:49:57,999][flwr][INFO] - 
[2024-08-13 10:49:57,999][flwr][INFO] - [ROUND 10]
[2024-08-13 10:49:57,999][flwr][INFO] - configure_fit: strategy sampled 10 clients (out of 10)
[2024-08-13 10:50:04,791][flwr][INFO] - aggregate_fit: received 10 results and 0 failures
[2024-08-13 10:50:07,041][flwr][INFO] - fit progress: (10, 0.5403967278397034, {'accuracy': 0.8674, 'precision': 0.8718810610080463, 'recall': 0.8674, 'f1': 0.8658383002098222, 'confusion_matrix': array([[ 944,    0,    2,    4,    2,   12,   13,    1,    2,    0],
       [   0, 1092,   17,    5,    1,    4,    5,    0,   11,    0],
       [  13,   16,  856,   33,   31,    1,   21,   32,   28,    1],
       [   5,    4,   16,  898,    1,   34,    8,   24,   15,    5],
       [   1,    6,    3,    0,  940,    2,   13,    1,    2,   14],
       [  11,   29,    4,   77,   31,  683,   21,   15,   14,    7],
       [  15,    8,   16,    2,   21,   21,  873,    1,    1,    0],
       [   3,   28,   37,    2,   19,    0,    1,  925,    1,   12],
       [  13,   22,   17,   66,   23,   37,   17,   20,  751,    8],
       [  18,   11,   10,   11,  150,   16,    1,   75,    5,  712]],
      dtype=int64)}, 89.65896499999508)
[2024-08-13 10:50:07,042][flwr][INFO] - configure_evaluate: no clients selected, skipping evaluation
[2024-08-13 10:50:07,042][flwr][INFO] - 
[2024-08-13 10:50:07,042][flwr][INFO] - [SUMMARY]
[2024-08-13 10:50:07,042][flwr][INFO] - Run finished 10 round(s) in 89.66s
[2024-08-13 10:50:07,050][flwr][INFO] - 	History (loss, centralized):
[2024-08-13 10:50:07,050][flwr][INFO] - 		round 0: 2.3025850929940455
[2024-08-13 10:50:07,050][flwr][INFO] - 		round 1: 0.8688374129922822
[2024-08-13 10:50:07,050][flwr][INFO] - 		round 2: 0.6914240555691157
[2024-08-13 10:50:07,050][flwr][INFO] - 		round 3: 0.6481548669795993
[2024-08-13 10:50:07,051][flwr][INFO] - 		round 4: 0.6272061183624799
[2024-08-13 10:50:07,051][flwr][INFO] - 		round 5: 0.5946658601004611
[2024-08-13 10:50:07,051][flwr][INFO] - 		round 6: 0.5829951125421193
[2024-08-13 10:50:07,051][flwr][INFO] - 		round 7: 0.5657172980983881
[2024-08-13 10:50:07,051][flwr][INFO] - 		round 8: 0.5602787256228472
[2024-08-13 10:50:07,051][flwr][INFO] - 		round 9: 0.5410237900182413
[2024-08-13 10:50:07,051][flwr][INFO] - 		round 10: 0.5403967278397034
[2024-08-13 10:50:07,051][flwr][INFO] - 	History (metrics, centralized):
[2024-08-13 10:50:07,051][flwr][INFO] - 	{'accuracy': [(0, 0.098),
[2024-08-13 10:50:07,051][flwr][INFO] - 	              (1, 0.7338),
[2024-08-13 10:50:07,051][flwr][INFO] - 	              (2, 0.8164),
[2024-08-13 10:50:07,051][flwr][INFO] - 	              (3, 0.8473),
[2024-08-13 10:50:07,051][flwr][INFO] - 	              (4, 0.8337),
[2024-08-13 10:50:07,051][flwr][INFO] - 	              (5, 0.8618),
[2024-08-13 10:50:07,051][flwr][INFO] - 	              (6, 0.8573),
[2024-08-13 10:50:07,051][flwr][INFO] - 	              (7, 0.8674),
[2024-08-13 10:50:07,052][flwr][INFO] - 	              (8, 0.8622),
[2024-08-13 10:50:07,052][flwr][INFO] - 	              (9, 0.8731),
[2024-08-13 10:50:07,052][flwr][INFO] - 	              (10, 0.8674)],
[2024-08-13 10:50:07,052][flwr][INFO] - 	 'confusion_matrix': [(0,
[2024-08-13 10:50:07,052][flwr][INFO] - 	                       array([[ 980,    0,    0,    0,    0,    0,    0,    0,    0,    0],
[2024-08-13 10:50:07,052][flwr][INFO] - 	       [1135,    0,    0,    0,    0,    0,    0,    0,    0,    0],
[2024-08-13 10:50:07,052][flwr][INFO] - 	       [1032,    0,    0,    0,    0,    0,    0,    0,    0,    0],
[2024-08-13 10:50:07,052][flwr][INFO] - 	       [1010,    0,    0,    0,    0,    0,    0,    0,    0,    0],
[2024-08-13 10:50:07,052][flwr][INFO] - 	       [ 982,    0,    0,    0,    0,    0,    0,    0,    0,    0],
[2024-08-13 10:50:07,052][flwr][INFO] - 	       [ 892,    0,    0,    0,    0,    0,    0,    0,    0,    0],
[2024-08-13 10:50:07,052][flwr][INFO] - 	       [ 958,    0,    0,    0,    0,    0,    0,    0,    0,    0],
[2024-08-13 10:50:07,052][flwr][INFO] - 	       [1028,    0,    0,    0,    0,    0,    0,    0,    0,    0],
[2024-08-13 10:50:07,052][flwr][INFO] - 	       [ 974,    0,    0,    0,    0,    0,    0,    0,    0,    0],
[2024-08-13 10:50:07,052][flwr][INFO] - 	       [1009,    0,    0,    0,    0,    0,    0,    0,    0,    0]],
[2024-08-13 10:50:07,052][flwr][INFO] - 	      dtype=int64)),
[2024-08-13 10:50:07,053][flwr][INFO] - 	                      (1,
[2024-08-13 10:50:07,053][flwr][INFO] - 	                       array([[ 956,    0,    1,    5,    0,    0,    6,    1,   11,    0],
[2024-08-13 10:50:07,053][flwr][INFO] - 	       [   0, 1072,    1,    8,    0,    0,    4,    1,   49,    0],
[2024-08-13 10:50:07,053][flwr][INFO] - 	       [  83,   47,  696,   66,    7,    0,   29,   14,   83,    7],
[2024-08-13 10:50:07,053][flwr][INFO] - 	       [  35,   15,   14,  845,    0,    0,   10,   10,   72,    9],
[2024-08-13 10:50:07,053][flwr][INFO] - 	       [  30,   15,    2,    1,  537,    0,   39,    1,   66,  291],
[2024-08-13 10:50:07,053][flwr][INFO] - 	       [ 234,   65,    0,  252,    5,    4,   29,   21,  235,   47],
[2024-08-13 10:50:07,053][flwr][INFO] - 	       [ 102,   18,   12,    2,    3,    0,  798,    1,   22,    0],
[2024-08-13 10:50:07,053][flwr][INFO] - 	       [  29,   50,   12,    2,    2,    0,    2,  828,   58,   45],
[2024-08-13 10:50:07,053][flwr][INFO] - 	       [  45,   14,    5,   97,    1,    0,   12,    9,  777,   14],
[2024-08-13 10:50:07,053][flwr][INFO] - 	       [  49,   20,    6,   13,   13,    0,    3,   30,   50,  825]],
[2024-08-13 10:50:07,053][flwr][INFO] - 	      dtype=int64)),
[2024-08-13 10:50:07,053][flwr][INFO] - 	                      (2,
[2024-08-13 10:50:07,053][flwr][INFO] - 	                       array([[ 931,    0,    7,    6,    0,    2,   25,    1,    8,    0],
[2024-08-13 10:50:07,053][flwr][INFO] - 	       [   0, 1084,   31,    6,    0,    0,    5,    1,    8,    0],
[2024-08-13 10:50:07,053][flwr][INFO] - 	       [  33,   34,  839,   32,   21,    0,   28,   17,   27,    1],
[2024-08-13 10:50:07,053][flwr][INFO] - 	       [  10,   14,   34,  878,    0,    4,   10,   19,   26,   15],
[2024-08-13 10:50:07,053][flwr][INFO] - 	       [   7,   13,    7,    0,  841,    0,   32,    2,    8,   72],
[2024-08-13 10:50:07,054][flwr][INFO] - 	       [  57,   57,   19,  201,   33,  401,   42,   32,   23,   27],
[2024-08-13 10:50:07,054][flwr][INFO] - 	       [  41,   18,   21,    2,   10,   13,  851,    1,    1,    0],
[2024-08-13 10:50:07,054][flwr][INFO] - 	       [  10,   46,   39,    0,   13,    0,    3,  883,    5,   29],
[2024-08-13 10:50:07,054][flwr][INFO] - 	       [  26,   32,   30,  113,   11,    7,   20,   15,  684,   36],
[2024-08-13 10:50:07,054][flwr][INFO] - 	       [  30,   19,    9,   14,   99,    1,    2,   53,   10,  772]],
[2024-08-13 10:50:07,054][flwr][INFO] - 	      dtype=int64)),
[2024-08-13 10:50:07,054][flwr][INFO] - 	                      (3,
[2024-08-13 10:50:07,054][flwr][INFO] - 	                       array([[ 906,    0,    4,    1,    0,   36,   23,    1,    9,    0],
[2024-08-13 10:50:07,054][flwr][INFO] - 	       [   0, 1075,    9,    1,    0,   12,    4,    0,   34,    0],
[2024-08-13 10:50:07,054][flwr][INFO] - 	       [  25,   28,  811,   28,   26,    0,   28,   21,   60,    5],
[2024-08-13 10:50:07,054][flwr][INFO] - 	       [   6,   13,   24,  803,    1,   65,    8,   18,   59,   13],
[2024-08-13 10:50:07,054][flwr][INFO] - 	       [   6,    9,    2,    0,  818,    2,   25,    2,   17,  101],
[2024-08-13 10:50:07,054][flwr][INFO] - 	       [  24,   44,    5,   53,   21,  666,   24,   15,   22,   18],
[2024-08-13 10:50:07,054][flwr][INFO] - 	       [  27,   14,   17,    0,   11,   24,  860,    1,    4,    0],
[2024-08-13 10:50:07,054][flwr][INFO] - 	       [   6,   39,   26,    0,   14,    0,    2,  879,   18,   44],
[2024-08-13 10:50:07,054][flwr][INFO] - 	       [   9,   13,   12,   35,    8,   29,   17,   11,  809,   31],
[2024-08-13 10:50:07,054][flwr][INFO] - 	       [  19,   15,    7,    6,   51,   14,    2,   28,   21,  846]],
[2024-08-13 10:50:07,055][flwr][INFO] - 	      dtype=int64)),
[2024-08-13 10:50:07,055][flwr][INFO] - 	                      (4,
[2024-08-13 10:50:07,055][flwr][INFO] - 	                       array([[ 931,    0,    5,   15,    1,    5,   20,    1,    2,    0],
[2024-08-13 10:50:07,055][flwr][INFO] - 	       [   0, 1081,   23,   18,    1,    1,    5,    1,    5,    0],
[2024-08-13 10:50:07,055][flwr][INFO] - 	       [  17,   18,  843,   56,   26,    0,   25,   20,   24,    3],
[2024-08-13 10:50:07,055][flwr][INFO] - 	       [   4,    5,   20,  928,    1,    5,    8,   19,    8,   12],
[2024-08-13 10:50:07,055][flwr][INFO] - 	       [   3,    9,    5,    0,  910,    0,   15,    1,    3,   36],
[2024-08-13 10:50:07,055][flwr][INFO] - 	       [  24,   42,   11,  224,   41,  457,   31,   26,   15,   21],
[2024-08-13 10:50:07,055][flwr][INFO] - 	       [  21,   11,   20,    3,   20,   13,  869,    1,    0,    0],
[2024-08-13 10:50:07,055][flwr][INFO] - 	       [   4,   35,   35,    4,   19,    0,    2,  899,    1,   29],
[2024-08-13 10:50:07,055][flwr][INFO] - 	       [  13,   22,   26,  171,   21,    8,   19,   16,  643,   35],
[2024-08-13 10:50:07,055][flwr][INFO] - 	       [  21,   14,   12,   16,  112,    3,    1,   51,    3,  776]],
[2024-08-13 10:50:07,055][flwr][INFO] - 	      dtype=int64)),
[2024-08-13 10:50:07,055][flwr][INFO] - 	                      (5,
[2024-08-13 10:50:07,055][flwr][INFO] - 	                       array([[ 919,    0,    4,    1,    0,   18,   21,    1,   16,    0],
[2024-08-13 10:50:07,055][flwr][INFO] - 	       [   0, 1078,    9,    2,    1,    5,    5,    0,   35,    0],
[2024-08-13 10:50:07,055][flwr][INFO] - 	       [  17,   20,  838,   17,   20,    1,   27,   23,   59,   10],
[2024-08-13 10:50:07,056][flwr][INFO] - 	       [   6,   12,   24,  791,    1,   61,    8,   18,   72,   17],
[2024-08-13 10:50:07,056][flwr][INFO] - 	       [   3,    8,    4,    0,  816,    1,   23,    2,   15,  110],
[2024-08-13 10:50:07,056][flwr][INFO] - 	       [  19,   37,    6,   27,   21,  694,   25,   14,   31,   18],
[2024-08-13 10:50:07,056][flwr][INFO] - 	       [  18,   11,   17,    1,   12,   21,  872,    1,    5,    0],
[2024-08-13 10:50:07,056][flwr][INFO] - 	       [   4,   34,   28,    0,   12,    0,    3,  886,   20,   41],
[2024-08-13 10:50:07,056][flwr][INFO] - 	       [   6,   12,    9,   17,    8,   28,   16,   10,  842,   26],
[2024-08-13 10:50:07,056][flwr][INFO] - 	       [  15,   12,    6,    6,   29,   11,    2,   25,   21,  882]],
[2024-08-13 10:50:07,056][flwr][INFO] - 	      dtype=int64)),
[2024-08-13 10:50:07,056][flwr][INFO] - 	                      (6,
[2024-08-13 10:50:07,056][flwr][INFO] - 	                       array([[ 934,    0,    2,    8,    3,   14,   16,    1,    2,    0],
[2024-08-13 10:50:07,056][flwr][INFO] - 	       [   0, 1087,   21,   10,    1,    1,    5,    1,    9,    0],
[2024-08-13 10:50:07,056][flwr][INFO] - 	       [  16,   18,  850,   44,   26,    0,   25,   24,   25,    4],
[2024-08-13 10:50:07,056][flwr][INFO] - 	       [   5,    4,   17,  909,    1,   24,    8,   21,   10,   11],
[2024-08-13 10:50:07,056][flwr][INFO] - 	       [   2,    9,    4,    0,  919,    2,   14,    2,    3,   27],
[2024-08-13 10:50:07,056][flwr][INFO] - 	       [  15,   37,    5,  121,   35,  615,   22,   17,   11,   14],
[2024-08-13 10:50:07,056][flwr][INFO] - 	       [  18,   10,   17,    2,   20,   20,  870,    1,    0,    0],
[2024-08-13 10:50:07,056][flwr][INFO] - 	       [   3,   35,   34,    3,   19,    0,    1,  907,    1,   25],
[2024-08-13 10:50:07,056][flwr][INFO] - 	       [  14,   24,   20,  114,   20,   28,   17,   15,  691,   31],
[2024-08-13 10:50:07,057][flwr][INFO] - 	       [  19,   13,    9,   14,  100,   10,    2,   47,    4,  791]],
[2024-08-13 10:50:07,057][flwr][INFO] - 	      dtype=int64)),
[2024-08-13 10:50:07,057][flwr][INFO] - 	                      (7,
[2024-08-13 10:50:07,057][flwr][INFO] - 	                       array([[ 932,    0,    3,    1,    0,   12,   18,    1,   13,    0],
[2024-08-13 10:50:07,057][flwr][INFO] - 	       [   0, 1080,    8,    3,    1,    3,    5,    0,   35,    0],
[2024-08-13 10:50:07,057][flwr][INFO] - 	       [  17,   19,  838,   21,   17,    0,   26,   27,   54,   13],
[2024-08-13 10:50:07,057][flwr][INFO] - 	       [   5,    8,   21,  825,    1,   49,    8,   16,   57,   20],
[2024-08-13 10:50:07,057][flwr][INFO] - 	       [   2,    7,    4,    0,  816,    1,   22,    2,   15,  113],
[2024-08-13 10:50:07,057][flwr][INFO] - 	       [  18,   35,    5,   38,   23,  681,   25,   13,   35,   19],
[2024-08-13 10:50:07,057][flwr][INFO] - 	       [  17,    9,   17,    2,   12,   20,  876,    1,    4,    0],
[2024-08-13 10:50:07,057][flwr][INFO] - 	       [   3,   34,   28,    0,   13,    0,    2,  887,   18,   43],
[2024-08-13 10:50:07,057][flwr][INFO] - 	       [   5,   11,   10,   21,    8,   24,   16,   10,  845,   24],
[2024-08-13 10:50:07,057][flwr][INFO] - 	       [  15,    9,    5,    6,   28,   10,    2,   20,   20,  894]],
[2024-08-13 10:50:07,057][flwr][INFO] - 	      dtype=int64)),
[2024-08-13 10:50:07,057][flwr][INFO] - 	                      (8,
[2024-08-13 10:50:07,057][flwr][INFO] - 	                       array([[ 939,    0,    2,    7,    2,   13,   14,    1,    2,    0],
[2024-08-13 10:50:07,057][flwr][INFO] - 	       [   0, 1089,   19,    9,    1,    1,    5,    1,   10,    0],
[2024-08-13 10:50:07,058][flwr][INFO] - 	       [  15,   18,  855,   38,   27,    0,   24,   29,   25,    1],
[2024-08-13 10:50:07,058][flwr][INFO] - 	       [   5,    4,   15,  906,    1,   31,    8,   22,   11,    7],
[2024-08-13 10:50:07,058][flwr][INFO] - 	       [   1,    9,    3,    0,  933,    2,   13,    2,    2,   17],
[2024-08-13 10:50:07,058][flwr][INFO] - 	       [  14,   33,    4,   99,   34,  650,   24,   15,   10,    9],
[2024-08-13 10:50:07,058][flwr][INFO] - 	       [  17,    9,   17,    2,   21,   20,  871,    1,    0,    0],
[2024-08-13 10:50:07,058][flwr][INFO] - 	       [   3,   31,   35,    2,   19,    0,    1,  918,    1,   18],
[2024-08-13 10:50:07,058][flwr][INFO] - 	       [  14,   25,   21,  102,   26,   31,   18,   18,  698,   21],
[2024-08-13 10:50:07,058][flwr][INFO] - 	       [  17,   11,   10,   13,  120,   13,    1,   57,    4,  763]],
[2024-08-13 10:50:07,058][flwr][INFO] - 	      dtype=int64)),
[2024-08-13 10:50:07,058][flwr][INFO] - 	                      (9,
[2024-08-13 10:50:07,058][flwr][INFO] - 	                       array([[ 944,    0,    1,    1,    1,    8,   16,    1,    8,    0],
[2024-08-13 10:50:07,058][flwr][INFO] - 	       [   0, 1082,    8,    4,    1,    3,    5,    0,   32,    0],
[2024-08-13 10:50:07,058][flwr][INFO] - 	       [  15,   17,  843,   25,   18,    0,   25,   28,   50,   11],
[2024-08-13 10:50:07,058][flwr][INFO] - 	       [   5,    4,   18,  853,    1,   37,    9,   16,   44,   23],
[2024-08-13 10:50:07,058][flwr][INFO] - 	       [   1,    7,    4,    0,  829,    1,   20,    1,   14,  105],
[2024-08-13 10:50:07,058][flwr][INFO] - 	       [  18,   33,    3,   46,   23,  679,   26,   12,   33,   19],
[2024-08-13 10:50:07,058][flwr][INFO] - 	       [  16,    9,   17,    2,   13,   21,  877,    0,    3,    0],
[2024-08-13 10:50:07,059][flwr][INFO] - 	       [   3,   31,   30,    0,   14,    0,    2,  889,   14,   45],
[2024-08-13 10:50:07,059][flwr][INFO] - 	       [   7,   13,   10,   24,    9,   21,   17,   10,  837,   26],
[2024-08-13 10:50:07,059][flwr][INFO] - 	       [  17,    9,    6,    6,   30,    8,    1,   19,   15,  898]],
[2024-08-13 10:50:07,059][flwr][INFO] - 	      dtype=int64)),
[2024-08-13 10:50:07,059][flwr][INFO] - 	                      (10,
[2024-08-13 10:50:07,059][flwr][INFO] - 	                       array([[ 944,    0,    2,    4,    2,   12,   13,    1,    2,    0],
[2024-08-13 10:50:07,059][flwr][INFO] - 	       [   0, 1092,   17,    5,    1,    4,    5,    0,   11,    0],
[2024-08-13 10:50:07,059][flwr][INFO] - 	       [  13,   16,  856,   33,   31,    1,   21,   32,   28,    1],
[2024-08-13 10:50:07,059][flwr][INFO] - 	       [   5,    4,   16,  898,    1,   34,    8,   24,   15,    5],
[2024-08-13 10:50:07,059][flwr][INFO] - 	       [   1,    6,    3,    0,  940,    2,   13,    1,    2,   14],
[2024-08-13 10:50:07,059][flwr][INFO] - 	       [  11,   29,    4,   77,   31,  683,   21,   15,   14,    7],
[2024-08-13 10:50:07,059][flwr][INFO] - 	       [  15,    8,   16,    2,   21,   21,  873,    1,    1,    0],
[2024-08-13 10:50:07,059][flwr][INFO] - 	       [   3,   28,   37,    2,   19,    0,    1,  925,    1,   12],
[2024-08-13 10:50:07,059][flwr][INFO] - 	       [  13,   22,   17,   66,   23,   37,   17,   20,  751,    8],
[2024-08-13 10:50:07,059][flwr][INFO] - 	       [  18,   11,   10,   11,  150,   16,    1,   75,    5,  712]],
[2024-08-13 10:50:07,059][flwr][INFO] - 	      dtype=int64))],
[2024-08-13 10:50:07,059][flwr][INFO] - 	 'f1': [(0, 0.017493624772313296),
[2024-08-13 10:50:07,059][flwr][INFO] - 	        (1, 0.702352033148646),
[2024-08-13 10:50:07,060][flwr][INFO] - 	        (2, 0.8102815540883775),
[2024-08-13 10:50:07,060][flwr][INFO] - 	        (3, 0.8467954788057172),
[2024-08-13 10:50:07,060][flwr][INFO] - 	        (4, 0.829844416374234),
[2024-08-13 10:50:07,060][flwr][INFO] - 	        (5, 0.8616432112602092),
[2024-08-13 10:50:07,060][flwr][INFO] - 	        (6, 0.8555468948307129),
[2024-08-13 10:50:07,060][flwr][INFO] - 	        (7, 0.8671080468885388),
[2024-08-13 10:50:07,060][flwr][INFO] - 	        (8, 0.8605313890905434),
[2024-08-13 10:50:07,060][flwr][INFO] - 	        (9, 0.8726523222183535),
[2024-08-13 10:50:07,060][flwr][INFO] - 	        (10, 0.8658383002098222)],
[2024-08-13 10:50:07,060][flwr][INFO] - 	 'precision': [(0, 0.009604000000000001),
[2024-08-13 10:50:07,060][flwr][INFO] - 	               (1, 0.7918156622920356),
[2024-08-13 10:50:07,060][flwr][INFO] - 	               (2, 0.8252470130655499),
[2024-08-13 10:50:07,060][flwr][INFO] - 	               (3, 0.8484155057451531),
[2024-08-13 10:50:07,060][flwr][INFO] - 	               (4, 0.84759769352205),
[2024-08-13 10:50:07,060][flwr][INFO] - 	               (5, 0.864795921827951),
[2024-08-13 10:50:07,060][flwr][INFO] - 	               (6, 0.8616727027352994),
[2024-08-13 10:50:07,060][flwr][INFO] - 	               (7, 0.8697612387216079),
[2024-08-13 10:50:07,061][flwr][INFO] - 	               (8, 0.8666614038931896),
[2024-08-13 10:50:07,061][flwr][INFO] - 	               (9, 0.8746886086488188),
[2024-08-13 10:50:07,061][flwr][INFO] - 	               (10, 0.8718810610080463)],
[2024-08-13 10:50:07,061][flwr][INFO] - 	 'recall': [(0, 0.098),
[2024-08-13 10:50:07,061][flwr][INFO] - 	            (1, 0.7338),
[2024-08-13 10:50:07,061][flwr][INFO] - 	            (2, 0.8164),
[2024-08-13 10:50:07,061][flwr][INFO] - 	            (3, 0.8473),
[2024-08-13 10:50:07,061][flwr][INFO] - 	            (4, 0.8337),
[2024-08-13 10:50:07,061][flwr][INFO] - 	            (5, 0.8618),
[2024-08-13 10:50:07,061][flwr][INFO] - 	            (6, 0.8573),
[2024-08-13 10:50:07,061][flwr][INFO] - 	            (7, 0.8674),
[2024-08-13 10:50:07,061][flwr][INFO] - 	            (8, 0.8622),
[2024-08-13 10:50:07,061][flwr][INFO] - 	            (9, 0.8731),
[2024-08-13 10:50:07,061][flwr][INFO] - 	            (10, 0.8674)]}
[2024-08-13 10:50:07,061][flwr][INFO] - 
