[2024-08-13 14:32:11,622][flwr][INFO] - Starting Flower simulation, config: num_rounds=10, no round_timeout
[2024-08-13 14:32:15,684][flwr][INFO] - Flower VCE: Ray initialized with resources: {'memory': 4616164148.0, 'object_store_memory': 2308082073.0, 'node:127.0.0.1': 1.0, 'node:__internal_head__': 1.0, 'accelerator_type:G': 1.0, 'GPU': 1.0, 'CPU': 16.0}
[2024-08-13 14:32:15,684][flwr][INFO] - Optimize your simulation with Flower VCE: https://flower.ai/docs/framework/how-to-run-simulations.html
[2024-08-13 14:32:15,684][flwr][INFO] - Flower VCE: Resources for each Virtual Client: {'num_cpus': 2, 'num_gpus': 0.5}
[2024-08-13 14:32:15,695][flwr][INFO] - Flower VCE: Creating VirtualClientEngineActorPool with 2 actors
[2024-08-13 14:32:15,698][flwr][INFO] - [INIT]
[2024-08-13 14:32:15,698][flwr][INFO] - Requesting initial parameters from one random client
[2024-08-13 14:32:23,318][flwr][INFO] - Received initial parameters from one random client
[2024-08-13 14:32:23,318][flwr][INFO] - Evaluating initial global parameters
[2024-08-13 14:32:25,572][flwr][INFO] - initial parameters (loss, other metrics): 2.3025850929940455, {'accuracy': 0.098, 'precision': 0.009604000000000001, 'recall': 0.098, 'f1': 0.017493624772313296, 'confusion_matrix': array([[ 980,    0,    0,    0,    0,    0,    0,    0,    0,    0],
       [1135,    0,    0,    0,    0,    0,    0,    0,    0,    0],
       [1032,    0,    0,    0,    0,    0,    0,    0,    0,    0],
       [1010,    0,    0,    0,    0,    0,    0,    0,    0,    0],
       [ 982,    0,    0,    0,    0,    0,    0,    0,    0,    0],
       [ 892,    0,    0,    0,    0,    0,    0,    0,    0,    0],
       [ 958,    0,    0,    0,    0,    0,    0,    0,    0,    0],
       [1028,    0,    0,    0,    0,    0,    0,    0,    0,    0],
       [ 974,    0,    0,    0,    0,    0,    0,    0,    0,    0],
       [1009,    0,    0,    0,    0,    0,    0,    0,    0,    0]],
      dtype=int64)}
[2024-08-13 14:32:25,573][flwr][INFO] - 
[2024-08-13 14:32:25,573][flwr][INFO] - [ROUND 1]
[2024-08-13 14:32:25,574][flwr][INFO] - configure_fit: strategy sampled 10 clients (out of 100)
[2024-08-13 14:32:29,220][flwr][INFO] - aggregate_fit: received 10 results and 0 failures
[2024-08-13 14:32:29,223][flwr][WARNING] - No fit_metrics_aggregation_fn provided
[2024-08-13 14:32:31,323][flwr][INFO] - fit progress: (1, 0.9788197594114588, {'accuracy': 0.6932, 'precision': 0.6826692054831267, 'recall': 0.6932, 'f1': 0.6408538177146791, 'confusion_matrix': array([[ 950,    0,    1,    5,    0,    0,   13,    1,   10,    0],
       [   0, 1094,    2,    6,    0,    0,    4,    0,   29,    0],
       [  72,   61,  705,   72,    0,    0,   33,   16,   60,   13],
       [  30,   17,   15,  863,    0,    0,    9,   13,   54,    9],
       [  36,   22,    3,    2,  113,    0,   64,    4,   71,  667],
       [ 197,   78,    1,  284,    0,    0,   42,   19,  217,   54],
       [  75,   22,   12,    1,    1,    0,  836,    1,   10,    0],
       [  27,   61,   11,    2,    0,    0,    2,  833,   48,   44],
       [  48,   30,    4,  140,    0,    0,   19,    7,  699,   27],
       [  41,   24,    3,   15,    1,    0,    5,   34,   47,  839]],
      dtype=int64)}, 5.749511200003326)
[2024-08-13 14:32:31,324][flwr][INFO] - configure_evaluate: no clients selected, skipping evaluation
[2024-08-13 14:32:31,324][flwr][INFO] - 
[2024-08-13 14:32:31,324][flwr][INFO] - [ROUND 2]
[2024-08-13 14:32:31,324][flwr][INFO] - configure_fit: strategy sampled 10 clients (out of 100)
[2024-08-13 14:32:32,518][flwr][INFO] - aggregate_fit: received 10 results and 0 failures
[2024-08-13 14:32:34,620][flwr][INFO] - fit progress: (2, 0.7620387339699335, {'accuracy': 0.8099, 'precision': 0.8196538874925858, 'recall': 0.8099, 'f1': 0.8024678322792392, 'confusion_matrix': array([[ 920,    0,    9,    5,    0,    2,   34,    1,    9,    0],
       [   0, 1088,   29,    3,    0,    0,    5,    1,    9,    0],
       [  22,   32,  868,   22,   17,    0,   22,   24,   25,    0],
       [   7,   16,   36,  871,    1,    3,    9,   21,   38,    8],
       [   6,   17,    8,    0,  855,    0,   37,    7,   14,   38],
       [  43,   67,   24,  196,   31,  389,   41,   41,   41,   19],
       [  30,   18,   32,    1,   11,   10,  852,    1,    3,    0],
       [   7,   49,   35,    0,   12,    0,    3,  899,   11,   12],
       [  22,   39,   35,  105,   13,    7,   18,   22,  694,   19],
       [  29,   22,    7,   13,  138,    1,    4,  112,   20,  663]],
      dtype=int64)}, 9.046519600000465)
[2024-08-13 14:32:34,621][flwr][INFO] - configure_evaluate: no clients selected, skipping evaluation
[2024-08-13 14:32:34,621][flwr][INFO] - 
[2024-08-13 14:32:34,621][flwr][INFO] - [ROUND 3]
[2024-08-13 14:32:34,622][flwr][INFO] - configure_fit: strategy sampled 10 clients (out of 100)
[2024-08-13 14:32:35,834][flwr][INFO] - aggregate_fit: received 10 results and 0 failures
[2024-08-13 14:32:37,940][flwr][INFO] - fit progress: (3, 0.7416571109096304, {'accuracy': 0.8096, 'precision': 0.828251888619489, 'recall': 0.8096, 'f1': 0.8110136799284524, 'confusion_matrix': array([[ 878,    0,    2,    1,    0,   69,   22,    0,    5,    3],
       [   0, 1083,    4,    3,    0,   12,    4,    0,   26,    3],
       [  19,   29,  777,   52,   19,    3,   25,   17,   60,   31],
       [   5,   12,   16,  806,    1,   69,    8,   11,   33,   49],
       [   6,    9,    2,    0,  628,    1,   20,    1,   12,  303],
       [  20,   52,    0,   52,   13,  672,   23,   10,   17,   33],
       [  20,   15,   16,    1,   13,   32,  856,    1,    3,    1],
       [   6,   45,   14,    3,   14,    0,    1,  785,   23,  137],
       [   8,   18,    9,   68,    4,   69,   18,    5,  691,   84],
       [  17,   12,    4,    7,   15,   17,    1,    5,   11,  920]],
      dtype=int64)}, 12.366488600004232)
[2024-08-13 14:32:37,941][flwr][INFO] - configure_evaluate: no clients selected, skipping evaluation
[2024-08-13 14:32:37,941][flwr][INFO] - 
[2024-08-13 14:32:37,941][flwr][INFO] - [ROUND 4]
[2024-08-13 14:32:37,942][flwr][INFO] - configure_fit: strategy sampled 10 clients (out of 100)
[2024-08-13 14:32:39,182][flwr][INFO] - aggregate_fit: received 10 results and 0 failures
[2024-08-13 14:32:41,285][flwr][INFO] - fit progress: (4, 0.7543487351502852, {'accuracy': 0.77, 'precision': 0.8131364557042989, 'recall': 0.77, 'f1': 0.7373996438416789, 'confusion_matrix': array([[ 926,    0,    5,    6,    2,    0,   27,    3,   11,    0],
       [   0, 1068,   31,    6,    1,    0,    5,    1,   23,    0],
       [  15,   13,  846,   33,   30,    0,   21,   34,   40,    0],
       [   5,    4,   23,  890,    3,    5,    8,   26,   45,    1],
       [   4,    6,    4,    0,  935,    1,   13,   10,    8,    1],
       [  32,   46,   15,  209,   60,  348,   34,   48,   97,    3],
       [  20,    9,   24,    3,   28,    4,  864,    1,    5,    0],
       [   3,   28,   29,    0,   21,    0,    0,  936,   11,    0],
       [  13,   14,   15,   72,   22,    1,   16,   27,  794,    0],
       [  22,   11,    5,   11,  549,    0,    0,  276,   42,   93]],
      dtype=int64)}, 15.710952500012354)
[2024-08-13 14:32:41,285][flwr][INFO] - configure_evaluate: no clients selected, skipping evaluation
[2024-08-13 14:32:41,285][flwr][INFO] - 
[2024-08-13 14:32:41,286][flwr][INFO] - [ROUND 5]
[2024-08-13 14:32:41,286][flwr][INFO] - configure_fit: strategy sampled 10 clients (out of 100)
[2024-08-13 14:32:42,525][flwr][INFO] - aggregate_fit: received 10 results and 0 failures
[2024-08-13 14:32:44,646][flwr][INFO] - fit progress: (5, 0.6758784240220505, {'accuracy': 0.847, 'precision': 0.8514515561345468, 'recall': 0.847, 'f1': 0.8457422413640263, 'confusion_matrix': array([[ 923,    0,    3,    3,    0,   16,   28,    1,    4,    2],
       [   0, 1089,   25,    3,    1,    4,    5,    0,    8,    0],
       [  14,   18,  862,   29,   13,    0,   23,   29,   32,   12],
       [   5,    9,   24,  864,    1,   32,    9,   16,   16,   34],
       [   5,    9,    2,    0,  763,    0,   30,    2,    5,  166],
       [  23,   49,    8,   88,   16,  615,   36,   16,   11,   30],
       [  15,   11,   18,    1,   10,   20,  881,    2,    0,    0],
       [   3,   38,   30,    0,   12,    0,    3,  887,    9,   46],
       [  13,   31,   25,   76,    8,   30,   21,   12,  696,   62],
       [  19,   13,    6,    9,   28,   13,    3,   25,    3,  890]],
      dtype=int64)}, 19.07187500000873)
[2024-08-13 14:32:44,646][flwr][INFO] - configure_evaluate: no clients selected, skipping evaluation
[2024-08-13 14:32:44,646][flwr][INFO] - 
[2024-08-13 14:32:44,646][flwr][INFO] - [ROUND 6]
[2024-08-13 14:32:44,647][flwr][INFO] - configure_fit: strategy sampled 10 clients (out of 100)
[2024-08-13 14:32:45,997][flwr][INFO] - aggregate_fit: received 10 results and 0 failures
[2024-08-13 14:32:48,099][flwr][INFO] - fit progress: (6, 0.6604259144143744, {'accuracy': 0.8385, 'precision': 0.8530599753188917, 'recall': 0.8385, 'f1': 0.8351633403734661, 'confusion_matrix': array([[ 938,    0,    0,    2,    1,    7,   17,    1,   14,    0],
       [   0, 1079,    3,    5,    1,    2,    5,    0,   40,    0],
       [  14,   18,  812,   42,   33,    0,   21,   23,   69,    0],
       [   4,    7,   15,  868,    1,   34,    8,   17,   55,    1],
       [   1,    8,    2,    0,  927,    2,   15,    0,   20,    7],
       [  18,   45,    2,   81,   26,  621,   30,   15,   51,    3],
       [  19,   12,   16,    2,   23,   18,  861,    1,    6,    0],
       [   5,   40,   21,    3,   23,    0,    0,  891,   38,    7],
       [   7,   14,    7,   33,   18,   18,   14,    9,  852,    2],
       [  24,   12,    6,    8,  262,   15,    1,   68,   77,  536]],
      dtype=int64)}, 22.524921700009145)
[2024-08-13 14:32:48,100][flwr][INFO] - configure_evaluate: no clients selected, skipping evaluation
[2024-08-13 14:32:48,100][flwr][INFO] - 
[2024-08-13 14:32:48,100][flwr][INFO] - [ROUND 7]
[2024-08-13 14:32:48,100][flwr][INFO] - configure_fit: strategy sampled 10 clients (out of 100)
[2024-08-13 14:32:49,323][flwr][INFO] - aggregate_fit: received 10 results and 0 failures
[2024-08-13 14:32:51,442][flwr][INFO] - fit progress: (7, 0.6347768776830616, {'accuracy': 0.8507, 'precision': 0.8577656422638358, 'recall': 0.8507, 'f1': 0.8496544385752901, 'confusion_matrix': array([[ 941,    0,    1,    2,    1,   13,   18,    1,    3,    0],
       [   0, 1099,   15,    3,    1,    3,    5,    0,    7,    2],
       [  13,   24,  856,   30,   14,    0,   22,   29,   27,   17],
       [   5,    8,   15,  859,    1,   50,    9,   15,   12,   36],
       [   3,    9,    4,    0,  776,    0,   22,    1,    3,  164],
       [  14,   51,    3,   53,   19,  673,   30,   13,   10,   26],
       [  13,   15,   19,    1,   12,   19,  877,    2,    0,    0],
       [   3,   42,   31,    2,   15,    0,    2,  861,    4,   68],
       [  14,   46,   20,   68,   10,   50,   21,    8,  646,   91],
       [  18,   10,    6,    8,   25,    9,    1,   13,    0,  919]],
      dtype=int64)}, 25.868545200006338)
[2024-08-13 14:32:51,443][flwr][INFO] - configure_evaluate: no clients selected, skipping evaluation
[2024-08-13 14:32:51,443][flwr][INFO] - 
[2024-08-13 14:32:51,443][flwr][INFO] - [ROUND 8]
[2024-08-13 14:32:51,443][flwr][INFO] - configure_fit: strategy sampled 10 clients (out of 100)
[2024-08-13 14:32:52,673][flwr][INFO] - aggregate_fit: received 10 results and 0 failures
[2024-08-13 14:32:54,909][flwr][INFO] - fit progress: (8, 0.6433722383216169, {'accuracy': 0.8445, 'precision': 0.858736452878895, 'recall': 0.8445, 'f1': 0.8412410548120631, 'confusion_matrix': array([[ 944,    1,    1,    1,    3,    1,   15,    1,   13,    0],
       [   0, 1072,    3,    6,    1,    0,    5,    1,   47,    0],
       [  11,   13,  810,   44,   36,    0,   18,   32,   67,    1],
       [   4,    3,   12,  871,    2,   30,    8,   22,   56,    2],
       [   1,    5,    2,    0,  936,    2,   12,    4,   12,    8],
       [  16,   37,    3,   87,   35,  597,   30,   23,   60,    4],
       [  13,    7,   16,    2,   29,   14,  865,    3,    9,    0],
       [   3,   28,   22,    2,   20,    0,    0,  925,   25,    3],
       [   7,    7,    6,   30,   18,   15,   13,   13,  863,    2],
       [  22,    8,    4,    6,  222,   10,    1,  120,   54,  562]],
      dtype=int64)}, 29.335085300001083)
[2024-08-13 14:32:54,910][flwr][INFO] - configure_evaluate: no clients selected, skipping evaluation
[2024-08-13 14:32:54,910][flwr][INFO] - 
[2024-08-13 14:32:54,910][flwr][INFO] - [ROUND 9]
[2024-08-13 14:32:54,910][flwr][INFO] - configure_fit: strategy sampled 10 clients (out of 100)
[2024-08-13 14:32:56,116][flwr][INFO] - aggregate_fit: received 10 results and 0 failures
[2024-08-13 14:32:58,200][flwr][INFO] - fit progress: (9, 0.6208694246212552, {'accuracy': 0.8551, 'precision': 0.8628521748807249, 'recall': 0.8551, 'f1': 0.8546704061905983, 'confusion_matrix': array([[ 938,    1,    4,    2,    0,   11,   20,    1,    3,    0],
       [   0, 1091,   18,    4,    1,    4,    5,    0,   10,    2],
       [  12,   13,  868,   31,    9,    0,   24,   29,   29,   17],
       [   4,    3,   16,  870,    1,   44,    8,   15,   13,   36],
       [   3,    7,    4,    0,  750,    1,   23,    4,    3,  187],
       [  12,   41,    4,   56,   11,  683,   32,   14,   12,   27],
       [  12,    7,   20,    2,    7,   18,  888,    4,    0,    0],
       [   3,   33,   35,    2,   12,    0,    2,  867,    4,   70],
       [  14,   31,   23,   58,    7,   43,   21,    8,  676,   93],
       [  17,    9,    6,    9,   19,   11,    1,   17,    0,  920]],
      dtype=int64)}, 32.62591590000375)
[2024-08-13 14:32:58,201][flwr][INFO] - configure_evaluate: no clients selected, skipping evaluation
[2024-08-13 14:32:58,201][flwr][INFO] - 
[2024-08-13 14:32:58,201][flwr][INFO] - [ROUND 10]
[2024-08-13 14:32:58,201][flwr][INFO] - configure_fit: strategy sampled 10 clients (out of 100)
[2024-08-13 14:32:59,483][flwr][INFO] - aggregate_fit: received 10 results and 0 failures
[2024-08-13 14:33:01,583][flwr][INFO] - fit progress: (10, 0.6243613840008867, {'accuracy': 0.8509, 'precision': 0.8642739785581709, 'recall': 0.8509, 'f1': 0.8476444937841494, 'confusion_matrix': array([[ 947,    1,    1,    1,    3,    4,   11,    1,   11,    0],
       [   0, 1077,    6,    3,    1,    3,    5,    0,   40,    0],
       [  10,   14,  842,   25,   35,    0,   15,   31,   60,    0],
       [   4,    4,   17,  848,    3,   42,    8,   22,   61,    1],
       [   1,    5,    2,    0,  938,    2,   13,    3,   11,    7],
       [  12,   33,    6,   45,   26,  674,   26,   15,   52,    3],
       [  14,    5,   17,    1,   28,   16,  866,    3,    8,    0],
       [   3,   28,   28,    2,   22,    0,    0,  922,   20,    3],
       [   7,    7,   10,   22,   18,   20,   14,   13,  861,    2],
       [  24,    8,    6,    5,  246,   16,    1,  110,   59,  534]],
      dtype=int64)}, 36.009632500004955)
[2024-08-13 14:33:01,584][flwr][INFO] - configure_evaluate: no clients selected, skipping evaluation
[2024-08-13 14:33:01,584][flwr][INFO] - 
[2024-08-13 14:33:01,584][flwr][INFO] - [SUMMARY]
[2024-08-13 14:33:01,584][flwr][INFO] - Run finished 10 round(s) in 36.01s
[2024-08-13 14:33:01,593][flwr][INFO] - 	History (loss, centralized):
[2024-08-13 14:33:01,593][flwr][INFO] - 		round 0: 2.3025850929940455
[2024-08-13 14:33:01,593][flwr][INFO] - 		round 1: 0.9788197594114588
[2024-08-13 14:33:01,593][flwr][INFO] - 		round 2: 0.7620387339699335
[2024-08-13 14:33:01,593][flwr][INFO] - 		round 3: 0.7416571109096304
[2024-08-13 14:33:01,593][flwr][INFO] - 		round 4: 0.7543487351502852
[2024-08-13 14:33:01,593][flwr][INFO] - 		round 5: 0.6758784240220505
[2024-08-13 14:33:01,593][flwr][INFO] - 		round 6: 0.6604259144143744
[2024-08-13 14:33:01,593][flwr][INFO] - 		round 7: 0.6347768776830616
[2024-08-13 14:33:01,593][flwr][INFO] - 		round 8: 0.6433722383216169
[2024-08-13 14:33:01,593][flwr][INFO] - 		round 9: 0.6208694246212552
[2024-08-13 14:33:01,594][flwr][INFO] - 		round 10: 0.6243613840008867
[2024-08-13 14:33:01,594][flwr][INFO] - 	History (metrics, centralized):
[2024-08-13 14:33:01,594][flwr][INFO] - 	{'accuracy': [(0, 0.098),
[2024-08-13 14:33:01,594][flwr][INFO] - 	              (1, 0.6932),
[2024-08-13 14:33:01,594][flwr][INFO] - 	              (2, 0.8099),
[2024-08-13 14:33:01,594][flwr][INFO] - 	              (3, 0.8096),
[2024-08-13 14:33:01,594][flwr][INFO] - 	              (4, 0.77),
[2024-08-13 14:33:01,594][flwr][INFO] - 	              (5, 0.847),
[2024-08-13 14:33:01,594][flwr][INFO] - 	              (6, 0.8385),
[2024-08-13 14:33:01,594][flwr][INFO] - 	              (7, 0.8507),
[2024-08-13 14:33:01,594][flwr][INFO] - 	              (8, 0.8445),
[2024-08-13 14:33:01,594][flwr][INFO] - 	              (9, 0.8551),
[2024-08-13 14:33:01,594][flwr][INFO] - 	              (10, 0.8509)],
[2024-08-13 14:33:01,594][flwr][INFO] - 	 'confusion_matrix': [(0,
[2024-08-13 14:33:01,594][flwr][INFO] - 	                       array([[ 980,    0,    0,    0,    0,    0,    0,    0,    0,    0],
[2024-08-13 14:33:01,595][flwr][INFO] - 	       [1135,    0,    0,    0,    0,    0,    0,    0,    0,    0],
[2024-08-13 14:33:01,595][flwr][INFO] - 	       [1032,    0,    0,    0,    0,    0,    0,    0,    0,    0],
[2024-08-13 14:33:01,595][flwr][INFO] - 	       [1010,    0,    0,    0,    0,    0,    0,    0,    0,    0],
[2024-08-13 14:33:01,595][flwr][INFO] - 	       [ 982,    0,    0,    0,    0,    0,    0,    0,    0,    0],
[2024-08-13 14:33:01,595][flwr][INFO] - 	       [ 892,    0,    0,    0,    0,    0,    0,    0,    0,    0],
[2024-08-13 14:33:01,595][flwr][INFO] - 	       [ 958,    0,    0,    0,    0,    0,    0,    0,    0,    0],
[2024-08-13 14:33:01,595][flwr][INFO] - 	       [1028,    0,    0,    0,    0,    0,    0,    0,    0,    0],
[2024-08-13 14:33:01,595][flwr][INFO] - 	       [ 974,    0,    0,    0,    0,    0,    0,    0,    0,    0],
[2024-08-13 14:33:01,595][flwr][INFO] - 	       [1009,    0,    0,    0,    0,    0,    0,    0,    0,    0]],
[2024-08-13 14:33:01,595][flwr][INFO] - 	      dtype=int64)),
[2024-08-13 14:33:01,595][flwr][INFO] - 	                      (1,
[2024-08-13 14:33:01,595][flwr][INFO] - 	                       array([[ 950,    0,    1,    5,    0,    0,   13,    1,   10,    0],
[2024-08-13 14:33:01,595][flwr][INFO] - 	       [   0, 1094,    2,    6,    0,    0,    4,    0,   29,    0],
[2024-08-13 14:33:01,595][flwr][INFO] - 	       [  72,   61,  705,   72,    0,    0,   33,   16,   60,   13],
[2024-08-13 14:33:01,595][flwr][INFO] - 	       [  30,   17,   15,  863,    0,    0,    9,   13,   54,    9],
[2024-08-13 14:33:01,595][flwr][INFO] - 	       [  36,   22,    3,    2,  113,    0,   64,    4,   71,  667],
[2024-08-13 14:33:01,595][flwr][INFO] - 	       [ 197,   78,    1,  284,    0,    0,   42,   19,  217,   54],
[2024-08-13 14:33:01,596][flwr][INFO] - 	       [  75,   22,   12,    1,    1,    0,  836,    1,   10,    0],
[2024-08-13 14:33:01,596][flwr][INFO] - 	       [  27,   61,   11,    2,    0,    0,    2,  833,   48,   44],
[2024-08-13 14:33:01,596][flwr][INFO] - 	       [  48,   30,    4,  140,    0,    0,   19,    7,  699,   27],
[2024-08-13 14:33:01,596][flwr][INFO] - 	       [  41,   24,    3,   15,    1,    0,    5,   34,   47,  839]],
[2024-08-13 14:33:01,596][flwr][INFO] - 	      dtype=int64)),
[2024-08-13 14:33:01,596][flwr][INFO] - 	                      (2,
[2024-08-13 14:33:01,596][flwr][INFO] - 	                       array([[ 920,    0,    9,    5,    0,    2,   34,    1,    9,    0],
[2024-08-13 14:33:01,596][flwr][INFO] - 	       [   0, 1088,   29,    3,    0,    0,    5,    1,    9,    0],
[2024-08-13 14:33:01,596][flwr][INFO] - 	       [  22,   32,  868,   22,   17,    0,   22,   24,   25,    0],
[2024-08-13 14:33:01,596][flwr][INFO] - 	       [   7,   16,   36,  871,    1,    3,    9,   21,   38,    8],
[2024-08-13 14:33:01,596][flwr][INFO] - 	       [   6,   17,    8,    0,  855,    0,   37,    7,   14,   38],
[2024-08-13 14:33:01,596][flwr][INFO] - 	       [  43,   67,   24,  196,   31,  389,   41,   41,   41,   19],
[2024-08-13 14:33:01,596][flwr][INFO] - 	       [  30,   18,   32,    1,   11,   10,  852,    1,    3,    0],
[2024-08-13 14:33:01,596][flwr][INFO] - 	       [   7,   49,   35,    0,   12,    0,    3,  899,   11,   12],
[2024-08-13 14:33:01,596][flwr][INFO] - 	       [  22,   39,   35,  105,   13,    7,   18,   22,  694,   19],
[2024-08-13 14:33:01,596][flwr][INFO] - 	       [  29,   22,    7,   13,  138,    1,    4,  112,   20,  663]],
[2024-08-13 14:33:01,597][flwr][INFO] - 	      dtype=int64)),
[2024-08-13 14:33:01,597][flwr][INFO] - 	                      (3,
[2024-08-13 14:33:01,597][flwr][INFO] - 	                       array([[ 878,    0,    2,    1,    0,   69,   22,    0,    5,    3],
[2024-08-13 14:33:01,597][flwr][INFO] - 	       [   0, 1083,    4,    3,    0,   12,    4,    0,   26,    3],
[2024-08-13 14:33:01,597][flwr][INFO] - 	       [  19,   29,  777,   52,   19,    3,   25,   17,   60,   31],
[2024-08-13 14:33:01,597][flwr][INFO] - 	       [   5,   12,   16,  806,    1,   69,    8,   11,   33,   49],
[2024-08-13 14:33:01,597][flwr][INFO] - 	       [   6,    9,    2,    0,  628,    1,   20,    1,   12,  303],
[2024-08-13 14:33:01,597][flwr][INFO] - 	       [  20,   52,    0,   52,   13,  672,   23,   10,   17,   33],
[2024-08-13 14:33:01,597][flwr][INFO] - 	       [  20,   15,   16,    1,   13,   32,  856,    1,    3,    1],
[2024-08-13 14:33:01,597][flwr][INFO] - 	       [   6,   45,   14,    3,   14,    0,    1,  785,   23,  137],
[2024-08-13 14:33:01,597][flwr][INFO] - 	       [   8,   18,    9,   68,    4,   69,   18,    5,  691,   84],
[2024-08-13 14:33:01,597][flwr][INFO] - 	       [  17,   12,    4,    7,   15,   17,    1,    5,   11,  920]],
[2024-08-13 14:33:01,597][flwr][INFO] - 	      dtype=int64)),
[2024-08-13 14:33:01,597][flwr][INFO] - 	                      (4,
[2024-08-13 14:33:01,597][flwr][INFO] - 	                       array([[ 926,    0,    5,    6,    2,    0,   27,    3,   11,    0],
[2024-08-13 14:33:01,597][flwr][INFO] - 	       [   0, 1068,   31,    6,    1,    0,    5,    1,   23,    0],
[2024-08-13 14:33:01,597][flwr][INFO] - 	       [  15,   13,  846,   33,   30,    0,   21,   34,   40,    0],
[2024-08-13 14:33:01,598][flwr][INFO] - 	       [   5,    4,   23,  890,    3,    5,    8,   26,   45,    1],
[2024-08-13 14:33:01,598][flwr][INFO] - 	       [   4,    6,    4,    0,  935,    1,   13,   10,    8,    1],
[2024-08-13 14:33:01,598][flwr][INFO] - 	       [  32,   46,   15,  209,   60,  348,   34,   48,   97,    3],
[2024-08-13 14:33:01,598][flwr][INFO] - 	       [  20,    9,   24,    3,   28,    4,  864,    1,    5,    0],
[2024-08-13 14:33:01,598][flwr][INFO] - 	       [   3,   28,   29,    0,   21,    0,    0,  936,   11,    0],
[2024-08-13 14:33:01,598][flwr][INFO] - 	       [  13,   14,   15,   72,   22,    1,   16,   27,  794,    0],
[2024-08-13 14:33:01,598][flwr][INFO] - 	       [  22,   11,    5,   11,  549,    0,    0,  276,   42,   93]],
[2024-08-13 14:33:01,598][flwr][INFO] - 	      dtype=int64)),
[2024-08-13 14:33:01,598][flwr][INFO] - 	                      (5,
[2024-08-13 14:33:01,598][flwr][INFO] - 	                       array([[ 923,    0,    3,    3,    0,   16,   28,    1,    4,    2],
[2024-08-13 14:33:01,598][flwr][INFO] - 	       [   0, 1089,   25,    3,    1,    4,    5,    0,    8,    0],
[2024-08-13 14:33:01,598][flwr][INFO] - 	       [  14,   18,  862,   29,   13,    0,   23,   29,   32,   12],
[2024-08-13 14:33:01,598][flwr][INFO] - 	       [   5,    9,   24,  864,    1,   32,    9,   16,   16,   34],
[2024-08-13 14:33:01,598][flwr][INFO] - 	       [   5,    9,    2,    0,  763,    0,   30,    2,    5,  166],
[2024-08-13 14:33:01,598][flwr][INFO] - 	       [  23,   49,    8,   88,   16,  615,   36,   16,   11,   30],
[2024-08-13 14:33:01,598][flwr][INFO] - 	       [  15,   11,   18,    1,   10,   20,  881,    2,    0,    0],
[2024-08-13 14:33:01,598][flwr][INFO] - 	       [   3,   38,   30,    0,   12,    0,    3,  887,    9,   46],
[2024-08-13 14:33:01,599][flwr][INFO] - 	       [  13,   31,   25,   76,    8,   30,   21,   12,  696,   62],
[2024-08-13 14:33:01,599][flwr][INFO] - 	       [  19,   13,    6,    9,   28,   13,    3,   25,    3,  890]],
[2024-08-13 14:33:01,599][flwr][INFO] - 	      dtype=int64)),
[2024-08-13 14:33:01,599][flwr][INFO] - 	                      (6,
[2024-08-13 14:33:01,599][flwr][INFO] - 	                       array([[ 938,    0,    0,    2,    1,    7,   17,    1,   14,    0],
[2024-08-13 14:33:01,599][flwr][INFO] - 	       [   0, 1079,    3,    5,    1,    2,    5,    0,   40,    0],
[2024-08-13 14:33:01,599][flwr][INFO] - 	       [  14,   18,  812,   42,   33,    0,   21,   23,   69,    0],
[2024-08-13 14:33:01,599][flwr][INFO] - 	       [   4,    7,   15,  868,    1,   34,    8,   17,   55,    1],
[2024-08-13 14:33:01,599][flwr][INFO] - 	       [   1,    8,    2,    0,  927,    2,   15,    0,   20,    7],
[2024-08-13 14:33:01,599][flwr][INFO] - 	       [  18,   45,    2,   81,   26,  621,   30,   15,   51,    3],
[2024-08-13 14:33:01,599][flwr][INFO] - 	       [  19,   12,   16,    2,   23,   18,  861,    1,    6,    0],
[2024-08-13 14:33:01,599][flwr][INFO] - 	       [   5,   40,   21,    3,   23,    0,    0,  891,   38,    7],
[2024-08-13 14:33:01,599][flwr][INFO] - 	       [   7,   14,    7,   33,   18,   18,   14,    9,  852,    2],
[2024-08-13 14:33:01,599][flwr][INFO] - 	       [  24,   12,    6,    8,  262,   15,    1,   68,   77,  536]],
[2024-08-13 14:33:01,599][flwr][INFO] - 	      dtype=int64)),
[2024-08-13 14:33:01,599][flwr][INFO] - 	                      (7,
[2024-08-13 14:33:01,599][flwr][INFO] - 	                       array([[ 941,    0,    1,    2,    1,   13,   18,    1,    3,    0],
[2024-08-13 14:33:01,600][flwr][INFO] - 	       [   0, 1099,   15,    3,    1,    3,    5,    0,    7,    2],
[2024-08-13 14:33:01,600][flwr][INFO] - 	       [  13,   24,  856,   30,   14,    0,   22,   29,   27,   17],
[2024-08-13 14:33:01,600][flwr][INFO] - 	       [   5,    8,   15,  859,    1,   50,    9,   15,   12,   36],
[2024-08-13 14:33:01,600][flwr][INFO] - 	       [   3,    9,    4,    0,  776,    0,   22,    1,    3,  164],
[2024-08-13 14:33:01,600][flwr][INFO] - 	       [  14,   51,    3,   53,   19,  673,   30,   13,   10,   26],
[2024-08-13 14:33:01,600][flwr][INFO] - 	       [  13,   15,   19,    1,   12,   19,  877,    2,    0,    0],
[2024-08-13 14:33:01,600][flwr][INFO] - 	       [   3,   42,   31,    2,   15,    0,    2,  861,    4,   68],
[2024-08-13 14:33:01,600][flwr][INFO] - 	       [  14,   46,   20,   68,   10,   50,   21,    8,  646,   91],
[2024-08-13 14:33:01,600][flwr][INFO] - 	       [  18,   10,    6,    8,   25,    9,    1,   13,    0,  919]],
[2024-08-13 14:33:01,600][flwr][INFO] - 	      dtype=int64)),
[2024-08-13 14:33:01,600][flwr][INFO] - 	                      (8,
[2024-08-13 14:33:01,600][flwr][INFO] - 	                       array([[ 944,    1,    1,    1,    3,    1,   15,    1,   13,    0],
[2024-08-13 14:33:01,600][flwr][INFO] - 	       [   0, 1072,    3,    6,    1,    0,    5,    1,   47,    0],
[2024-08-13 14:33:01,600][flwr][INFO] - 	       [  11,   13,  810,   44,   36,    0,   18,   32,   67,    1],
[2024-08-13 14:33:01,600][flwr][INFO] - 	       [   4,    3,   12,  871,    2,   30,    8,   22,   56,    2],
[2024-08-13 14:33:01,600][flwr][INFO] - 	       [   1,    5,    2,    0,  936,    2,   12,    4,   12,    8],
[2024-08-13 14:33:01,600][flwr][INFO] - 	       [  16,   37,    3,   87,   35,  597,   30,   23,   60,    4],
[2024-08-13 14:33:01,601][flwr][INFO] - 	       [  13,    7,   16,    2,   29,   14,  865,    3,    9,    0],
[2024-08-13 14:33:01,601][flwr][INFO] - 	       [   3,   28,   22,    2,   20,    0,    0,  925,   25,    3],
[2024-08-13 14:33:01,601][flwr][INFO] - 	       [   7,    7,    6,   30,   18,   15,   13,   13,  863,    2],
[2024-08-13 14:33:01,601][flwr][INFO] - 	       [  22,    8,    4,    6,  222,   10,    1,  120,   54,  562]],
[2024-08-13 14:33:01,601][flwr][INFO] - 	      dtype=int64)),
[2024-08-13 14:33:01,601][flwr][INFO] - 	                      (9,
[2024-08-13 14:33:01,601][flwr][INFO] - 	                       array([[ 938,    1,    4,    2,    0,   11,   20,    1,    3,    0],
[2024-08-13 14:33:01,601][flwr][INFO] - 	       [   0, 1091,   18,    4,    1,    4,    5,    0,   10,    2],
[2024-08-13 14:33:01,601][flwr][INFO] - 	       [  12,   13,  868,   31,    9,    0,   24,   29,   29,   17],
[2024-08-13 14:33:01,601][flwr][INFO] - 	       [   4,    3,   16,  870,    1,   44,    8,   15,   13,   36],
[2024-08-13 14:33:01,601][flwr][INFO] - 	       [   3,    7,    4,    0,  750,    1,   23,    4,    3,  187],
[2024-08-13 14:33:01,601][flwr][INFO] - 	       [  12,   41,    4,   56,   11,  683,   32,   14,   12,   27],
[2024-08-13 14:33:01,601][flwr][INFO] - 	       [  12,    7,   20,    2,    7,   18,  888,    4,    0,    0],
[2024-08-13 14:33:01,601][flwr][INFO] - 	       [   3,   33,   35,    2,   12,    0,    2,  867,    4,   70],
[2024-08-13 14:33:01,601][flwr][INFO] - 	       [  14,   31,   23,   58,    7,   43,   21,    8,  676,   93],
[2024-08-13 14:33:01,601][flwr][INFO] - 	       [  17,    9,    6,    9,   19,   11,    1,   17,    0,  920]],
[2024-08-13 14:33:01,602][flwr][INFO] - 	      dtype=int64)),
[2024-08-13 14:33:01,602][flwr][INFO] - 	                      (10,
[2024-08-13 14:33:01,602][flwr][INFO] - 	                       array([[ 947,    1,    1,    1,    3,    4,   11,    1,   11,    0],
[2024-08-13 14:33:01,602][flwr][INFO] - 	       [   0, 1077,    6,    3,    1,    3,    5,    0,   40,    0],
[2024-08-13 14:33:01,602][flwr][INFO] - 	       [  10,   14,  842,   25,   35,    0,   15,   31,   60,    0],
[2024-08-13 14:33:01,602][flwr][INFO] - 	       [   4,    4,   17,  848,    3,   42,    8,   22,   61,    1],
[2024-08-13 14:33:01,602][flwr][INFO] - 	       [   1,    5,    2,    0,  938,    2,   13,    3,   11,    7],
[2024-08-13 14:33:01,602][flwr][INFO] - 	       [  12,   33,    6,   45,   26,  674,   26,   15,   52,    3],
[2024-08-13 14:33:01,602][flwr][INFO] - 	       [  14,    5,   17,    1,   28,   16,  866,    3,    8,    0],
[2024-08-13 14:33:01,602][flwr][INFO] - 	       [   3,   28,   28,    2,   22,    0,    0,  922,   20,    3],
[2024-08-13 14:33:01,602][flwr][INFO] - 	       [   7,    7,   10,   22,   18,   20,   14,   13,  861,    2],
[2024-08-13 14:33:01,602][flwr][INFO] - 	       [  24,    8,    6,    5,  246,   16,    1,  110,   59,  534]],
[2024-08-13 14:33:01,602][flwr][INFO] - 	      dtype=int64))],
[2024-08-13 14:33:01,602][flwr][INFO] - 	 'f1': [(0, 0.017493624772313296),
[2024-08-13 14:33:01,602][flwr][INFO] - 	        (1, 0.6408538177146791),
[2024-08-13 14:33:01,602][flwr][INFO] - 	        (2, 0.8024678322792392),
[2024-08-13 14:33:01,602][flwr][INFO] - 	        (3, 0.8110136799284524),
[2024-08-13 14:33:01,603][flwr][INFO] - 	        (4, 0.7373996438416789),
[2024-08-13 14:33:01,603][flwr][INFO] - 	        (5, 0.8457422413640263),
[2024-08-13 14:33:01,603][flwr][INFO] - 	        (6, 0.8351633403734661),
[2024-08-13 14:33:01,603][flwr][INFO] - 	        (7, 0.8496544385752901),
[2024-08-13 14:33:01,603][flwr][INFO] - 	        (8, 0.8412410548120631),
[2024-08-13 14:33:01,603][flwr][INFO] - 	        (9, 0.8546704061905983),
[2024-08-13 14:33:01,603][flwr][INFO] - 	        (10, 0.8476444937841494)],
[2024-08-13 14:33:01,603][flwr][INFO] - 	 'precision': [(0, 0.009604000000000001),
[2024-08-13 14:33:01,603][flwr][INFO] - 	               (1, 0.6826692054831267),
[2024-08-13 14:33:01,603][flwr][INFO] - 	               (2, 0.8196538874925858),
[2024-08-13 14:33:01,603][flwr][INFO] - 	               (3, 0.828251888619489),
[2024-08-13 14:33:01,603][flwr][INFO] - 	               (4, 0.8131364557042989),
[2024-08-13 14:33:01,603][flwr][INFO] - 	               (5, 0.8514515561345468),
[2024-08-13 14:33:01,603][flwr][INFO] - 	               (6, 0.8530599753188917),
[2024-08-13 14:33:01,603][flwr][INFO] - 	               (7, 0.8577656422638358),
[2024-08-13 14:33:01,603][flwr][INFO] - 	               (8, 0.858736452878895),
[2024-08-13 14:33:01,603][flwr][INFO] - 	               (9, 0.8628521748807249),
[2024-08-13 14:33:01,604][flwr][INFO] - 	               (10, 0.8642739785581709)],
[2024-08-13 14:33:01,604][flwr][INFO] - 	 'recall': [(0, 0.098),
[2024-08-13 14:33:01,604][flwr][INFO] - 	            (1, 0.6932),
[2024-08-13 14:33:01,604][flwr][INFO] - 	            (2, 0.8099),
[2024-08-13 14:33:01,604][flwr][INFO] - 	            (3, 0.8096),
[2024-08-13 14:33:01,604][flwr][INFO] - 	            (4, 0.77),
[2024-08-13 14:33:01,604][flwr][INFO] - 	            (5, 0.847),
[2024-08-13 14:33:01,604][flwr][INFO] - 	            (6, 0.8385),
[2024-08-13 14:33:01,604][flwr][INFO] - 	            (7, 0.8507),
[2024-08-13 14:33:01,604][flwr][INFO] - 	            (8, 0.8445),
[2024-08-13 14:33:01,604][flwr][INFO] - 	            (9, 0.8551),
[2024-08-13 14:33:01,604][flwr][INFO] - 	            (10, 0.8509)]}
[2024-08-13 14:33:01,604][flwr][INFO] - 
