[2024-08-13 15:10:22,324][flwr][INFO] - Starting Flower simulation, config: num_rounds=10, no round_timeout
[2024-08-13 15:10:26,457][flwr][INFO] - Flower VCE: Ray initialized with resources: {'accelerator_type:G': 1.0, 'GPU': 1.0, 'object_store_memory': 2440872345.0, 'memory': 4881744692.0, 'node:127.0.0.1': 1.0, 'CPU': 16.0, 'node:__internal_head__': 1.0}
[2024-08-13 15:10:26,457][flwr][INFO] - Optimize your simulation with Flower VCE: https://flower.ai/docs/framework/how-to-run-simulations.html
[2024-08-13 15:10:26,457][flwr][INFO] - Flower VCE: Resources for each Virtual Client: {'num_cpus': 2, 'num_gpus': 0.5}
[2024-08-13 15:10:26,468][flwr][INFO] - Flower VCE: Creating VirtualClientEngineActorPool with 2 actors
[2024-08-13 15:10:26,470][flwr][INFO] - [INIT]
[2024-08-13 15:10:26,470][flwr][INFO] - Requesting initial parameters from one random client
[2024-08-13 15:10:34,021][flwr][INFO] - Received initial parameters from one random client
[2024-08-13 15:10:34,021][flwr][INFO] - Evaluating initial global parameters
[2024-08-13 15:10:36,228][flwr][INFO] - initial parameters (loss, other metrics): 2.3025850929940455, {'accuracy': 0.098, 'precision': 0.009604000000000001, 'recall': 0.098, 'f1': 0.017493624772313296, 'confusion_matrix': array([[ 980,    0,    0,    0,    0,    0,    0,    0,    0,    0],
       [1135,    0,    0,    0,    0,    0,    0,    0,    0,    0],
       [1032,    0,    0,    0,    0,    0,    0,    0,    0,    0],
       [1010,    0,    0,    0,    0,    0,    0,    0,    0,    0],
       [ 982,    0,    0,    0,    0,    0,    0,    0,    0,    0],
       [ 892,    0,    0,    0,    0,    0,    0,    0,    0,    0],
       [ 958,    0,    0,    0,    0,    0,    0,    0,    0,    0],
       [1028,    0,    0,    0,    0,    0,    0,    0,    0,    0],
       [ 974,    0,    0,    0,    0,    0,    0,    0,    0,    0],
       [1009,    0,    0,    0,    0,    0,    0,    0,    0,    0]],
      dtype=int64)}
[2024-08-13 15:10:36,229][flwr][INFO] - 
[2024-08-13 15:10:36,229][flwr][INFO] - [ROUND 1]
[2024-08-13 15:10:36,229][flwr][INFO] - configure_fit: strategy sampled 10 clients (out of 100)
[2024-08-13 15:10:39,652][flwr][INFO] - aggregate_fit: received 10 results and 0 failures
[2024-08-13 15:10:39,654][flwr][WARNING] - No fit_metrics_aggregation_fn provided
[2024-08-13 15:10:41,851][flwr][INFO] - fit progress: (1, 1.7669318655006918, {'accuracy': 0.3139, 'precision': 0.34933061809707955, 'recall': 0.3139, 'f1': 0.24894835383630276, 'confusion_matrix': array([[ 920,    7,    0,   46,    0,    0,    1,    5,    0,    1],
       [   0,    0, 1103,   23,    0,    0,    1,    1,    2,    5],
       [  52,    1,   81,  835,    0,    0,   10,   34,   10,    9],
       [  13,    1,   10,  935,    1,    0,    1,    6,   19,   24],
       [ 226,    0,   13,   18,  110,    2,    3,  113,   17,  480],
       [ 325,   35,   60,  330,    1,    1,   12,   18,   57,   53],
       [ 128,    2,   38,   70,    0,    0,  338,  379,    0,    3],
       [ 114,    0,   45,   36,    1,    0,    0,  107,  706,   19],
       [  63,    0,   40,  475,    0,    0,    1,    6,   45,  344],
       [ 245,    0,    6,   27,    9,    0,    0,   29,   91,  602]],
      dtype=int64)}, 5.622715999998036)
[2024-08-13 15:10:41,852][flwr][INFO] - configure_evaluate: no clients selected, skipping evaluation
[2024-08-13 15:10:41,852][flwr][INFO] - 
[2024-08-13 15:10:41,852][flwr][INFO] - [ROUND 2]
[2024-08-13 15:10:41,853][flwr][INFO] - configure_fit: strategy sampled 10 clients (out of 100)
[2024-08-13 15:10:43,078][flwr][INFO] - aggregate_fit: received 10 results and 0 failures
[2024-08-13 15:10:45,299][flwr][INFO] - fit progress: (2, 1.760654569268761, {'accuracy': 0.2876, 'precision': 0.2994993077876084, 'recall': 0.2876, 'f1': 0.25556840605603504, 'confusion_matrix': array([[   7,  817,    2,    0,   18,    1,  114,   14,    7,    0],
       [   0,   50, 1064,    0,    5,    0,   13,    0,    3,    0],
       [   0,  106,  698,    0,   79,    6,   30,   54,   50,    9],
       [   0,  163,   32,    0,  705,    1,   35,    9,   61,    4],
       [   0,    3,    9,    0,  347,  492,   26,   71,   24,   10],
       [   1,  221,   37,    0,  185,  207,  164,   11,   64,    2],
       [   0,   46,   20,    0,    4,    0,  704,  184,    0,    0],
       [   5,    7,   56,    0,   18,   15,    1,  211,  712,    3],
       [   0,   86,   46,    0,  241,    8,   59,    6,  380,  148],
       [   3,   13,    4,    0,  194,  205,    4,   90,  224,  272]],
      dtype=int64)}, 9.070231999998214)
[2024-08-13 15:10:45,300][flwr][INFO] - configure_evaluate: no clients selected, skipping evaluation
[2024-08-13 15:10:45,300][flwr][INFO] - 
[2024-08-13 15:10:45,300][flwr][INFO] - [ROUND 3]
[2024-08-13 15:10:45,300][flwr][INFO] - configure_fit: strategy sampled 10 clients (out of 100)
[2024-08-13 15:10:46,469][flwr][INFO] - aggregate_fit: received 10 results and 0 failures
[2024-08-13 15:10:48,687][flwr][INFO] - fit progress: (3, 1.587027139948404, {'accuracy': 0.3807, 'precision': 0.47606247815457364, 'recall': 0.3807, 'f1': 0.31121058125795403, 'confusion_matrix': array([[930,   0,   0,  38,   0,   0,   1,   9,   0,   2],
       [  0, 231, 813,  59,   0,   1,   1,   8,   0,  22],
       [ 63,   1,  71, 814,   0,   2,   9,  48,   2,  22],
       [ 24,   0,   2, 920,   0,   3,   1,  18,   1,  41],
       [219,   1,   2,  11,  40, 314,   3, 109,   1, 282],
       [361,  22,  27, 281,   0,  89,   4,  46,   4,  58],
       [108,   1,  14,  38,   0,   1, 238, 555,   0,   3],
       [149,   1,  17,  49,   0,   2,   0, 714,  32,  64],
       [ 80,   0,  14, 354,   0,   2,   1,  14,   1, 508],
       [345,   1,   2,  24,   0,  12,   0,  51,   1, 573]], dtype=int64)}, 12.458439800000633)
[2024-08-13 15:10:48,688][flwr][INFO] - configure_evaluate: no clients selected, skipping evaluation
[2024-08-13 15:10:48,688][flwr][INFO] - 
[2024-08-13 15:10:48,688][flwr][INFO] - [ROUND 4]
[2024-08-13 15:10:48,689][flwr][INFO] - configure_fit: strategy sampled 10 clients (out of 100)
[2024-08-13 15:10:49,889][flwr][INFO] - aggregate_fit: received 10 results and 0 failures
[2024-08-13 15:10:52,105][flwr][INFO] - fit progress: (4, 1.5499620789613269, {'accuracy': 0.3878, 'precision': 0.5123947612667255, 'recall': 0.3878, 'f1': 0.33632929722237614, 'confusion_matrix': array([[ 39, 606,   2,   0,  22,  35, 235,  14,  27,   0],
       [  0, 546, 553,   0,   2,   0,  17,   0,  17,   0],
       [  0,  17, 782,   5,  63,   8,  29,  20, 102,   6],
       [  0,  38,  42,  26, 691,   4,  51,   6, 151,   1],
       [  0,   3,   3,   0, 317, 562,  24,  15,  53,   5],
       [  0,  72,  29,   0, 110, 345, 202,   8, 126,   0],
       [  0,  17,  28,   0,   8,   2, 814,  88,   1,   0],
       [  3,   9,  36,   0,  21,  24,   1,  72, 860,   2],
       [  0,  14,  31,   0, 137,  29,  55,   1, 685,  22],
       [  5,   4,   2,   0, 147, 208,   1,  27, 363, 252]], dtype=int64)}, 15.876434699996025)
[2024-08-13 15:10:52,106][flwr][INFO] - configure_evaluate: no clients selected, skipping evaluation
[2024-08-13 15:10:52,106][flwr][INFO] - 
[2024-08-13 15:10:52,106][flwr][INFO] - [ROUND 5]
[2024-08-13 15:10:52,107][flwr][INFO] - configure_fit: strategy sampled 10 clients (out of 100)
[2024-08-13 15:10:53,287][flwr][INFO] - aggregate_fit: received 10 results and 0 failures
[2024-08-13 15:10:55,511][flwr][INFO] - fit progress: (5, 1.545850237731879, {'accuracy': 0.4514, 'precision': 0.467162277492086, 'recall': 0.4514, 'f1': 0.3926672168639741, 'confusion_matrix': array([[861,  58,   0,  16,   0,   0,   6,  32,   0,   7],
       [  0, 703, 383,   4,   0,   0,   2,   6,   0,  37],
       [ 30,   9, 181, 674,   1,   2,  11,  64,   1,  59],
       [ 10,   9,   5, 812,   9,   7,   7,  23,   0, 128],
       [ 75,   3,   1,   4,  95, 239,   3, 103,   0, 459],
       [179,  85,  15, 141,   7, 122,  60,  51,   0, 232],
       [ 39,  15,  11,   7,   0,   0, 217, 662,   0,   7],
       [ 99,  14,  21,  16,   1,   1,   0, 727,   1, 148],
       [ 25,  12,  20, 117,   2,   3,   3,  18,   0, 774],
       [160,   3,   0,   9,   5,   5,   0,  31,   0, 796]], dtype=int64)}, 19.282539399995585)
[2024-08-13 15:10:55,512][flwr][INFO] - configure_evaluate: no clients selected, skipping evaluation
[2024-08-13 15:10:55,512][flwr][INFO] - 
[2024-08-13 15:10:55,512][flwr][INFO] - [ROUND 6]
[2024-08-13 15:10:55,513][flwr][INFO] - configure_fit: strategy sampled 10 clients (out of 100)
[2024-08-13 15:10:56,823][flwr][INFO] - aggregate_fit: received 10 results and 0 failures
[2024-08-13 15:10:59,053][flwr][INFO] - fit progress: (6, 1.5788072617339695, {'accuracy': 0.3308, 'precision': 0.39207478873235624, 'recall': 0.3308, 'f1': 0.2648957904875596, 'confusion_matrix': array([[  22,  761,    1,    0,   21,    5,  152,    6,   12,    0],
       [   0,  105, 1002,    2,    2,    0,   18,    0,    6,    0],
       [   0,   27,  714,  123,   50,    5,   27,   15,   71,    0],
       [   0,   38,   32,  178,  603,    1,   52,    5,  101,    0],
       [   1,    3,    4,    0,  546,  351,   29,   11,   37,    0],
       [   1,   82,   28,    6,  123,  232,  305,    6,  109,    0],
       [   1,   25,   28,    0,   11,    2,  816,   74,    1,    0],
       [  15,    7,   48,    0,   33,    5,    3,   43,  874,    0],
       [   0,   18,   44,    5,  176,   11,   68,    1,  651,    0],
       [  53,    6,    4,    1,  373,  123,   10,   18,  420,    1]],
      dtype=int64)}, 22.824432499997783)
[2024-08-13 15:10:59,054][flwr][INFO] - configure_evaluate: no clients selected, skipping evaluation
[2024-08-13 15:10:59,054][flwr][INFO] - 
[2024-08-13 15:10:59,054][flwr][INFO] - [ROUND 7]
[2024-08-13 15:10:59,055][flwr][INFO] - configure_fit: strategy sampled 10 clients (out of 100)
[2024-08-13 15:11:00,225][flwr][INFO] - aggregate_fit: received 10 results and 0 failures
[2024-08-13 15:11:02,454][flwr][INFO] - fit progress: (7, 1.5701286841844653, {'accuracy': 0.4383, 'precision': 0.4439715279858565, 'recall': 0.4383, 'f1': 0.3678284194087777, 'confusion_matrix': array([[827,  86,   0,  17,   0,   2,   4,  38,   0,   6],
       [  0, 715, 352,  26,   0,   1,   1,  12,   0,  28],
       [ 24,   9,  73, 806,   1,   5,   6,  68,   1,  39],
       [ 11,   6,   1, 845,   7,  11,   5,  28,   0,  96],
       [ 64,   3,   0,   8,  61, 492,   2, 106,   0, 246],
       [163,  60,   9, 143,   4, 277,  37,  60,   1, 138],
       [ 40,  14,   5,  17,   0,   3,  96, 776,   0,   7],
       [ 90,  15,  11,  34,   0,   4,   0, 787,   2,  85],
       [ 24,   9,  13, 146,   1,  10,   4,  21,   0, 746],
       [219,   3,   0,  12,   3,  17,   0,  53,   0, 702]], dtype=int64)}, 26.225580099999206)
[2024-08-13 15:11:02,455][flwr][INFO] - configure_evaluate: no clients selected, skipping evaluation
[2024-08-13 15:11:02,455][flwr][INFO] - 
[2024-08-13 15:11:02,455][flwr][INFO] - [ROUND 8]
[2024-08-13 15:11:02,455][flwr][INFO] - configure_fit: strategy sampled 10 clients (out of 100)
[2024-08-13 15:11:03,607][flwr][INFO] - aggregate_fit: received 10 results and 0 failures
[2024-08-13 15:11:05,977][flwr][INFO] - fit progress: (8, 1.5540452943494754, {'accuracy': 0.3471, 'precision': 0.4042182499347308, 'recall': 0.3471, 'f1': 0.2793094226948247, 'confusion_matrix': array([[ 47, 779,   1,   0,  14,   5, 113,   4,  17,   0],
       [  0, 244, 866,   1,   2,   0,  18,   0,   4,   0],
       [  1,  32, 792,  35,  60,   4,  24,  12,  72,   0],
       [  0,  52,  45,  68, 680,   2,  54,   5, 104,   0],
       [  3,   3,   2,   0, 517, 391,  32,   7,  26,   1],
       [  4,  89,  20,   2,  99, 278, 308,   6,  86,   0],
       [  1,  30,  28,   0,  12,   2, 814,  70,   1,   0],
       [ 20,   8,  49,   0,  33,   8,   3,  28, 879,   0],
       [  0,  28,  39,   1, 162,  16,  73,   1, 653,   1],
       [140,   7,   3,   1, 317, 146,  11,  12, 342,  30]], dtype=int64)}, 29.748337299999548)
[2024-08-13 15:11:05,978][flwr][INFO] - configure_evaluate: no clients selected, skipping evaluation
[2024-08-13 15:11:05,978][flwr][INFO] - 
[2024-08-13 15:11:05,978][flwr][INFO] - [ROUND 9]
[2024-08-13 15:11:05,978][flwr][INFO] - configure_fit: strategy sampled 10 clients (out of 100)
[2024-08-13 15:11:07,177][flwr][INFO] - aggregate_fit: received 10 results and 0 failures
[2024-08-13 15:11:09,386][flwr][INFO] - fit progress: (9, 1.5599963490822506, {'accuracy': 0.4005, 'precision': 0.40206371412380826, 'recall': 0.4005, 'f1': 0.3371100469615969, 'confusion_matrix': array([[815,  95,   0,  12,   0,   4,   6,  42,   0,   6],
       [  0, 359, 724,  12,   0,   2,   1,  14,   0,  23],
       [ 23,   5, 119, 749,   2,   3,   6,  86,   1,  38],
       [ 19,   6,   3, 810,  17,  14,   9,  35,   0,  97],
       [ 71,   3,   0,   6,  61, 542,   2, 117,   0, 180],
       [162,  49,  11, 103,   2, 318,  74,  63,   2, 108],
       [ 34,  10,   9,   8,   1,   2,  94, 795,   0,   5],
       [ 95,   4,  23,  27,   0,   4,   0, 806,   5,  64],
       [ 28,   8,  14, 122,   0,  14,   7,  29,   0, 752],
       [279,   2,   0,  10,   6,  16,   0,  73,   0, 623]], dtype=int64)}, 33.15680300000531)
[2024-08-13 15:11:09,386][flwr][INFO] - configure_evaluate: no clients selected, skipping evaluation
[2024-08-13 15:11:09,386][flwr][INFO] - 
[2024-08-13 15:11:09,387][flwr][INFO] - [ROUND 10]
[2024-08-13 15:11:09,387][flwr][INFO] - configure_fit: strategy sampled 10 clients (out of 100)
[2024-08-13 15:11:10,693][flwr][INFO] - aggregate_fit: received 10 results and 0 failures
[2024-08-13 15:11:12,892][flwr][INFO] - fit progress: (10, 1.5262257642933847, {'accuracy': 0.3666, 'precision': 0.39963380345680033, 'recall': 0.3666, 'f1': 0.30772654132031974, 'confusion_matrix': array([[ 29, 778,   1,   0,  15,   4, 128,   3,  22,   0],
       [  0, 258, 847,   2,   2,   0,  17,   0,   9,   0],
       [  0,  29, 762,  68,  52,   4,  26,  10,  80,   1],
       [  0,  44,  34, 106, 650,   1,  59,   4, 112,   0],
       [  3,   3,   1,   0, 556, 340,  38,   3,  37,   1],
       [  4,  78,  17,   3,  96, 212, 378,   3, 101,   0],
       [  0,  28,  22,   0,  13,   2, 832,  60,   1,   0],
       [ 19,  11,  45,   0,  31,   6,   4,  19, 893,   0],
       [  0,  23,  35,   2, 133,   9,  70,   1, 698,   3],
       [104,   7,   3,   1, 254,  82,  20,   9, 335, 194]], dtype=int64)}, 36.66404269999475)
[2024-08-13 15:11:12,893][flwr][INFO] - configure_evaluate: no clients selected, skipping evaluation
[2024-08-13 15:11:12,893][flwr][INFO] - 
[2024-08-13 15:11:12,893][flwr][INFO] - [SUMMARY]
[2024-08-13 15:11:12,893][flwr][INFO] - Run finished 10 round(s) in 36.66s
[2024-08-13 15:11:12,901][flwr][INFO] - 	History (loss, centralized):
[2024-08-13 15:11:12,902][flwr][INFO] - 		round 0: 2.3025850929940455
[2024-08-13 15:11:12,902][flwr][INFO] - 		round 1: 1.7669318655006918
[2024-08-13 15:11:12,902][flwr][INFO] - 		round 2: 1.760654569268761
[2024-08-13 15:11:12,902][flwr][INFO] - 		round 3: 1.587027139948404
[2024-08-13 15:11:12,902][flwr][INFO] - 		round 4: 1.5499620789613269
[2024-08-13 15:11:12,902][flwr][INFO] - 		round 5: 1.545850237731879
[2024-08-13 15:11:12,902][flwr][INFO] - 		round 6: 1.5788072617339695
[2024-08-13 15:11:12,902][flwr][INFO] - 		round 7: 1.5701286841844653
[2024-08-13 15:11:12,902][flwr][INFO] - 		round 8: 1.5540452943494754
[2024-08-13 15:11:12,902][flwr][INFO] - 		round 9: 1.5599963490822506
[2024-08-13 15:11:12,902][flwr][INFO] - 		round 10: 1.5262257642933847
[2024-08-13 15:11:12,902][flwr][INFO] - 	History (metrics, centralized):
[2024-08-13 15:11:12,902][flwr][INFO] - 	{'accuracy': [(0, 0.098),
[2024-08-13 15:11:12,902][flwr][INFO] - 	              (1, 0.3139),
[2024-08-13 15:11:12,902][flwr][INFO] - 	              (2, 0.2876),
[2024-08-13 15:11:12,903][flwr][INFO] - 	              (3, 0.3807),
[2024-08-13 15:11:12,903][flwr][INFO] - 	              (4, 0.3878),
[2024-08-13 15:11:12,903][flwr][INFO] - 	              (5, 0.4514),
[2024-08-13 15:11:12,903][flwr][INFO] - 	              (6, 0.3308),
[2024-08-13 15:11:12,903][flwr][INFO] - 	              (7, 0.4383),
[2024-08-13 15:11:12,903][flwr][INFO] - 	              (8, 0.3471),
[2024-08-13 15:11:12,903][flwr][INFO] - 	              (9, 0.4005),
[2024-08-13 15:11:12,903][flwr][INFO] - 	              (10, 0.3666)],
[2024-08-13 15:11:12,903][flwr][INFO] - 	 'confusion_matrix': [(0,
[2024-08-13 15:11:12,903][flwr][INFO] - 	                       array([[ 980,    0,    0,    0,    0,    0,    0,    0,    0,    0],
[2024-08-13 15:11:12,903][flwr][INFO] - 	       [1135,    0,    0,    0,    0,    0,    0,    0,    0,    0],
[2024-08-13 15:11:12,903][flwr][INFO] - 	       [1032,    0,    0,    0,    0,    0,    0,    0,    0,    0],
[2024-08-13 15:11:12,903][flwr][INFO] - 	       [1010,    0,    0,    0,    0,    0,    0,    0,    0,    0],
[2024-08-13 15:11:12,903][flwr][INFO] - 	       [ 982,    0,    0,    0,    0,    0,    0,    0,    0,    0],
[2024-08-13 15:11:12,903][flwr][INFO] - 	       [ 892,    0,    0,    0,    0,    0,    0,    0,    0,    0],
[2024-08-13 15:11:12,903][flwr][INFO] - 	       [ 958,    0,    0,    0,    0,    0,    0,    0,    0,    0],
[2024-08-13 15:11:12,904][flwr][INFO] - 	       [1028,    0,    0,    0,    0,    0,    0,    0,    0,    0],
[2024-08-13 15:11:12,904][flwr][INFO] - 	       [ 974,    0,    0,    0,    0,    0,    0,    0,    0,    0],
[2024-08-13 15:11:12,904][flwr][INFO] - 	       [1009,    0,    0,    0,    0,    0,    0,    0,    0,    0]],
[2024-08-13 15:11:12,904][flwr][INFO] - 	      dtype=int64)),
[2024-08-13 15:11:12,904][flwr][INFO] - 	                      (1,
[2024-08-13 15:11:12,904][flwr][INFO] - 	                       array([[ 920,    7,    0,   46,    0,    0,    1,    5,    0,    1],
[2024-08-13 15:11:12,904][flwr][INFO] - 	       [   0,    0, 1103,   23,    0,    0,    1,    1,    2,    5],
[2024-08-13 15:11:12,904][flwr][INFO] - 	       [  52,    1,   81,  835,    0,    0,   10,   34,   10,    9],
[2024-08-13 15:11:12,904][flwr][INFO] - 	       [  13,    1,   10,  935,    1,    0,    1,    6,   19,   24],
[2024-08-13 15:11:12,904][flwr][INFO] - 	       [ 226,    0,   13,   18,  110,    2,    3,  113,   17,  480],
[2024-08-13 15:11:12,904][flwr][INFO] - 	       [ 325,   35,   60,  330,    1,    1,   12,   18,   57,   53],
[2024-08-13 15:11:12,904][flwr][INFO] - 	       [ 128,    2,   38,   70,    0,    0,  338,  379,    0,    3],
[2024-08-13 15:11:12,904][flwr][INFO] - 	       [ 114,    0,   45,   36,    1,    0,    0,  107,  706,   19],
[2024-08-13 15:11:12,904][flwr][INFO] - 	       [  63,    0,   40,  475,    0,    0,    1,    6,   45,  344],
[2024-08-13 15:11:12,904][flwr][INFO] - 	       [ 245,    0,    6,   27,    9,    0,    0,   29,   91,  602]],
[2024-08-13 15:11:12,904][flwr][INFO] - 	      dtype=int64)),
[2024-08-13 15:11:12,904][flwr][INFO] - 	                      (2,
[2024-08-13 15:11:12,905][flwr][INFO] - 	                       array([[   7,  817,    2,    0,   18,    1,  114,   14,    7,    0],
[2024-08-13 15:11:12,905][flwr][INFO] - 	       [   0,   50, 1064,    0,    5,    0,   13,    0,    3,    0],
[2024-08-13 15:11:12,905][flwr][INFO] - 	       [   0,  106,  698,    0,   79,    6,   30,   54,   50,    9],
[2024-08-13 15:11:12,905][flwr][INFO] - 	       [   0,  163,   32,    0,  705,    1,   35,    9,   61,    4],
[2024-08-13 15:11:12,905][flwr][INFO] - 	       [   0,    3,    9,    0,  347,  492,   26,   71,   24,   10],
[2024-08-13 15:11:12,905][flwr][INFO] - 	       [   1,  221,   37,    0,  185,  207,  164,   11,   64,    2],
[2024-08-13 15:11:12,905][flwr][INFO] - 	       [   0,   46,   20,    0,    4,    0,  704,  184,    0,    0],
[2024-08-13 15:11:12,905][flwr][INFO] - 	       [   5,    7,   56,    0,   18,   15,    1,  211,  712,    3],
[2024-08-13 15:11:12,905][flwr][INFO] - 	       [   0,   86,   46,    0,  241,    8,   59,    6,  380,  148],
[2024-08-13 15:11:12,905][flwr][INFO] - 	       [   3,   13,    4,    0,  194,  205,    4,   90,  224,  272]],
[2024-08-13 15:11:12,905][flwr][INFO] - 	      dtype=int64)),
[2024-08-13 15:11:12,905][flwr][INFO] - 	                      (3,
[2024-08-13 15:11:12,905][flwr][INFO] - 	                       array([[930,   0,   0,  38,   0,   0,   1,   9,   0,   2],
[2024-08-13 15:11:12,905][flwr][INFO] - 	       [  0, 231, 813,  59,   0,   1,   1,   8,   0,  22],
[2024-08-13 15:11:12,905][flwr][INFO] - 	       [ 63,   1,  71, 814,   0,   2,   9,  48,   2,  22],
[2024-08-13 15:11:12,905][flwr][INFO] - 	       [ 24,   0,   2, 920,   0,   3,   1,  18,   1,  41],
[2024-08-13 15:11:12,905][flwr][INFO] - 	       [219,   1,   2,  11,  40, 314,   3, 109,   1, 282],
[2024-08-13 15:11:12,906][flwr][INFO] - 	       [361,  22,  27, 281,   0,  89,   4,  46,   4,  58],
[2024-08-13 15:11:12,906][flwr][INFO] - 	       [108,   1,  14,  38,   0,   1, 238, 555,   0,   3],
[2024-08-13 15:11:12,906][flwr][INFO] - 	       [149,   1,  17,  49,   0,   2,   0, 714,  32,  64],
[2024-08-13 15:11:12,906][flwr][INFO] - 	       [ 80,   0,  14, 354,   0,   2,   1,  14,   1, 508],
[2024-08-13 15:11:12,906][flwr][INFO] - 	       [345,   1,   2,  24,   0,  12,   0,  51,   1, 573]], dtype=int64)),
[2024-08-13 15:11:12,906][flwr][INFO] - 	                      (4,
[2024-08-13 15:11:12,906][flwr][INFO] - 	                       array([[ 39, 606,   2,   0,  22,  35, 235,  14,  27,   0],
[2024-08-13 15:11:12,906][flwr][INFO] - 	       [  0, 546, 553,   0,   2,   0,  17,   0,  17,   0],
[2024-08-13 15:11:12,906][flwr][INFO] - 	       [  0,  17, 782,   5,  63,   8,  29,  20, 102,   6],
[2024-08-13 15:11:12,906][flwr][INFO] - 	       [  0,  38,  42,  26, 691,   4,  51,   6, 151,   1],
[2024-08-13 15:11:12,906][flwr][INFO] - 	       [  0,   3,   3,   0, 317, 562,  24,  15,  53,   5],
[2024-08-13 15:11:12,906][flwr][INFO] - 	       [  0,  72,  29,   0, 110, 345, 202,   8, 126,   0],
[2024-08-13 15:11:12,906][flwr][INFO] - 	       [  0,  17,  28,   0,   8,   2, 814,  88,   1,   0],
[2024-08-13 15:11:12,906][flwr][INFO] - 	       [  3,   9,  36,   0,  21,  24,   1,  72, 860,   2],
[2024-08-13 15:11:12,906][flwr][INFO] - 	       [  0,  14,  31,   0, 137,  29,  55,   1, 685,  22],
[2024-08-13 15:11:12,906][flwr][INFO] - 	       [  5,   4,   2,   0, 147, 208,   1,  27, 363, 252]], dtype=int64)),
[2024-08-13 15:11:12,906][flwr][INFO] - 	                      (5,
[2024-08-13 15:11:12,907][flwr][INFO] - 	                       array([[861,  58,   0,  16,   0,   0,   6,  32,   0,   7],
[2024-08-13 15:11:12,907][flwr][INFO] - 	       [  0, 703, 383,   4,   0,   0,   2,   6,   0,  37],
[2024-08-13 15:11:12,907][flwr][INFO] - 	       [ 30,   9, 181, 674,   1,   2,  11,  64,   1,  59],
[2024-08-13 15:11:12,907][flwr][INFO] - 	       [ 10,   9,   5, 812,   9,   7,   7,  23,   0, 128],
[2024-08-13 15:11:12,907][flwr][INFO] - 	       [ 75,   3,   1,   4,  95, 239,   3, 103,   0, 459],
[2024-08-13 15:11:12,907][flwr][INFO] - 	       [179,  85,  15, 141,   7, 122,  60,  51,   0, 232],
[2024-08-13 15:11:12,907][flwr][INFO] - 	       [ 39,  15,  11,   7,   0,   0, 217, 662,   0,   7],
[2024-08-13 15:11:12,907][flwr][INFO] - 	       [ 99,  14,  21,  16,   1,   1,   0, 727,   1, 148],
[2024-08-13 15:11:12,907][flwr][INFO] - 	       [ 25,  12,  20, 117,   2,   3,   3,  18,   0, 774],
[2024-08-13 15:11:12,907][flwr][INFO] - 	       [160,   3,   0,   9,   5,   5,   0,  31,   0, 796]], dtype=int64)),
[2024-08-13 15:11:12,907][flwr][INFO] - 	                      (6,
[2024-08-13 15:11:12,907][flwr][INFO] - 	                       array([[  22,  761,    1,    0,   21,    5,  152,    6,   12,    0],
[2024-08-13 15:11:12,907][flwr][INFO] - 	       [   0,  105, 1002,    2,    2,    0,   18,    0,    6,    0],
[2024-08-13 15:11:12,907][flwr][INFO] - 	       [   0,   27,  714,  123,   50,    5,   27,   15,   71,    0],
[2024-08-13 15:11:12,907][flwr][INFO] - 	       [   0,   38,   32,  178,  603,    1,   52,    5,  101,    0],
[2024-08-13 15:11:12,907][flwr][INFO] - 	       [   1,    3,    4,    0,  546,  351,   29,   11,   37,    0],
[2024-08-13 15:11:12,907][flwr][INFO] - 	       [   1,   82,   28,    6,  123,  232,  305,    6,  109,    0],
[2024-08-13 15:11:12,908][flwr][INFO] - 	       [   1,   25,   28,    0,   11,    2,  816,   74,    1,    0],
[2024-08-13 15:11:12,908][flwr][INFO] - 	       [  15,    7,   48,    0,   33,    5,    3,   43,  874,    0],
[2024-08-13 15:11:12,908][flwr][INFO] - 	       [   0,   18,   44,    5,  176,   11,   68,    1,  651,    0],
[2024-08-13 15:11:12,908][flwr][INFO] - 	       [  53,    6,    4,    1,  373,  123,   10,   18,  420,    1]],
[2024-08-13 15:11:12,908][flwr][INFO] - 	      dtype=int64)),
[2024-08-13 15:11:12,908][flwr][INFO] - 	                      (7,
[2024-08-13 15:11:12,908][flwr][INFO] - 	                       array([[827,  86,   0,  17,   0,   2,   4,  38,   0,   6],
[2024-08-13 15:11:12,908][flwr][INFO] - 	       [  0, 715, 352,  26,   0,   1,   1,  12,   0,  28],
[2024-08-13 15:11:12,908][flwr][INFO] - 	       [ 24,   9,  73, 806,   1,   5,   6,  68,   1,  39],
[2024-08-13 15:11:12,908][flwr][INFO] - 	       [ 11,   6,   1, 845,   7,  11,   5,  28,   0,  96],
[2024-08-13 15:11:12,908][flwr][INFO] - 	       [ 64,   3,   0,   8,  61, 492,   2, 106,   0, 246],
[2024-08-13 15:11:12,908][flwr][INFO] - 	       [163,  60,   9, 143,   4, 277,  37,  60,   1, 138],
[2024-08-13 15:11:12,908][flwr][INFO] - 	       [ 40,  14,   5,  17,   0,   3,  96, 776,   0,   7],
[2024-08-13 15:11:12,908][flwr][INFO] - 	       [ 90,  15,  11,  34,   0,   4,   0, 787,   2,  85],
[2024-08-13 15:11:12,908][flwr][INFO] - 	       [ 24,   9,  13, 146,   1,  10,   4,  21,   0, 746],
[2024-08-13 15:11:12,908][flwr][INFO] - 	       [219,   3,   0,  12,   3,  17,   0,  53,   0, 702]], dtype=int64)),
[2024-08-13 15:11:12,908][flwr][INFO] - 	                      (8,
[2024-08-13 15:11:12,909][flwr][INFO] - 	                       array([[ 47, 779,   1,   0,  14,   5, 113,   4,  17,   0],
[2024-08-13 15:11:12,909][flwr][INFO] - 	       [  0, 244, 866,   1,   2,   0,  18,   0,   4,   0],
[2024-08-13 15:11:12,909][flwr][INFO] - 	       [  1,  32, 792,  35,  60,   4,  24,  12,  72,   0],
[2024-08-13 15:11:12,909][flwr][INFO] - 	       [  0,  52,  45,  68, 680,   2,  54,   5, 104,   0],
[2024-08-13 15:11:12,909][flwr][INFO] - 	       [  3,   3,   2,   0, 517, 391,  32,   7,  26,   1],
[2024-08-13 15:11:12,909][flwr][INFO] - 	       [  4,  89,  20,   2,  99, 278, 308,   6,  86,   0],
[2024-08-13 15:11:12,909][flwr][INFO] - 	       [  1,  30,  28,   0,  12,   2, 814,  70,   1,   0],
[2024-08-13 15:11:12,909][flwr][INFO] - 	       [ 20,   8,  49,   0,  33,   8,   3,  28, 879,   0],
[2024-08-13 15:11:12,909][flwr][INFO] - 	       [  0,  28,  39,   1, 162,  16,  73,   1, 653,   1],
[2024-08-13 15:11:12,909][flwr][INFO] - 	       [140,   7,   3,   1, 317, 146,  11,  12, 342,  30]], dtype=int64)),
[2024-08-13 15:11:12,909][flwr][INFO] - 	                      (9,
[2024-08-13 15:11:12,909][flwr][INFO] - 	                       array([[815,  95,   0,  12,   0,   4,   6,  42,   0,   6],
[2024-08-13 15:11:12,909][flwr][INFO] - 	       [  0, 359, 724,  12,   0,   2,   1,  14,   0,  23],
[2024-08-13 15:11:12,909][flwr][INFO] - 	       [ 23,   5, 119, 749,   2,   3,   6,  86,   1,  38],
[2024-08-13 15:11:12,909][flwr][INFO] - 	       [ 19,   6,   3, 810,  17,  14,   9,  35,   0,  97],
[2024-08-13 15:11:12,909][flwr][INFO] - 	       [ 71,   3,   0,   6,  61, 542,   2, 117,   0, 180],
[2024-08-13 15:11:12,909][flwr][INFO] - 	       [162,  49,  11, 103,   2, 318,  74,  63,   2, 108],
[2024-08-13 15:11:12,910][flwr][INFO] - 	       [ 34,  10,   9,   8,   1,   2,  94, 795,   0,   5],
[2024-08-13 15:11:12,910][flwr][INFO] - 	       [ 95,   4,  23,  27,   0,   4,   0, 806,   5,  64],
[2024-08-13 15:11:12,910][flwr][INFO] - 	       [ 28,   8,  14, 122,   0,  14,   7,  29,   0, 752],
[2024-08-13 15:11:12,910][flwr][INFO] - 	       [279,   2,   0,  10,   6,  16,   0,  73,   0, 623]], dtype=int64)),
[2024-08-13 15:11:12,910][flwr][INFO] - 	                      (10,
[2024-08-13 15:11:12,910][flwr][INFO] - 	                       array([[ 29, 778,   1,   0,  15,   4, 128,   3,  22,   0],
[2024-08-13 15:11:12,910][flwr][INFO] - 	       [  0, 258, 847,   2,   2,   0,  17,   0,   9,   0],
[2024-08-13 15:11:12,910][flwr][INFO] - 	       [  0,  29, 762,  68,  52,   4,  26,  10,  80,   1],
[2024-08-13 15:11:12,910][flwr][INFO] - 	       [  0,  44,  34, 106, 650,   1,  59,   4, 112,   0],
[2024-08-13 15:11:12,910][flwr][INFO] - 	       [  3,   3,   1,   0, 556, 340,  38,   3,  37,   1],
[2024-08-13 15:11:12,910][flwr][INFO] - 	       [  4,  78,  17,   3,  96, 212, 378,   3, 101,   0],
[2024-08-13 15:11:12,910][flwr][INFO] - 	       [  0,  28,  22,   0,  13,   2, 832,  60,   1,   0],
[2024-08-13 15:11:12,910][flwr][INFO] - 	       [ 19,  11,  45,   0,  31,   6,   4,  19, 893,   0],
[2024-08-13 15:11:12,910][flwr][INFO] - 	       [  0,  23,  35,   2, 133,   9,  70,   1, 698,   3],
[2024-08-13 15:11:12,910][flwr][INFO] - 	       [104,   7,   3,   1, 254,  82,  20,   9, 335, 194]], dtype=int64))],
[2024-08-13 15:11:12,910][flwr][INFO] - 	 'f1': [(0, 0.017493624772313296),
[2024-08-13 15:11:12,910][flwr][INFO] - 	        (1, 0.24894835383630276),
[2024-08-13 15:11:12,911][flwr][INFO] - 	        (2, 0.25556840605603504),
[2024-08-13 15:11:12,911][flwr][INFO] - 	        (3, 0.31121058125795403),
[2024-08-13 15:11:12,911][flwr][INFO] - 	        (4, 0.33632929722237614),
[2024-08-13 15:11:12,911][flwr][INFO] - 	        (5, 0.3926672168639741),
[2024-08-13 15:11:12,911][flwr][INFO] - 	        (6, 0.2648957904875596),
[2024-08-13 15:11:12,911][flwr][INFO] - 	        (7, 0.3678284194087777),
[2024-08-13 15:11:12,911][flwr][INFO] - 	        (8, 0.2793094226948247),
[2024-08-13 15:11:12,911][flwr][INFO] - 	        (9, 0.3371100469615969),
[2024-08-13 15:11:12,911][flwr][INFO] - 	        (10, 0.30772654132031974)],
[2024-08-13 15:11:12,911][flwr][INFO] - 	 'precision': [(0, 0.009604000000000001),
[2024-08-13 15:11:12,911][flwr][INFO] - 	               (1, 0.34933061809707955),
[2024-08-13 15:11:12,911][flwr][INFO] - 	               (2, 0.2994993077876084),
[2024-08-13 15:11:12,911][flwr][INFO] - 	               (3, 0.47606247815457364),
[2024-08-13 15:11:12,911][flwr][INFO] - 	               (4, 0.5123947612667255),
[2024-08-13 15:11:12,911][flwr][INFO] - 	               (5, 0.467162277492086),
[2024-08-13 15:11:12,911][flwr][INFO] - 	               (6, 0.39207478873235624),
[2024-08-13 15:11:12,911][flwr][INFO] - 	               (7, 0.4439715279858565),
[2024-08-13 15:11:12,912][flwr][INFO] - 	               (8, 0.4042182499347308),
[2024-08-13 15:11:12,912][flwr][INFO] - 	               (9, 0.40206371412380826),
[2024-08-13 15:11:12,912][flwr][INFO] - 	               (10, 0.39963380345680033)],
[2024-08-13 15:11:12,912][flwr][INFO] - 	 'recall': [(0, 0.098),
[2024-08-13 15:11:12,912][flwr][INFO] - 	            (1, 0.3139),
[2024-08-13 15:11:12,912][flwr][INFO] - 	            (2, 0.2876),
[2024-08-13 15:11:12,912][flwr][INFO] - 	            (3, 0.3807),
[2024-08-13 15:11:12,912][flwr][INFO] - 	            (4, 0.3878),
[2024-08-13 15:11:12,912][flwr][INFO] - 	            (5, 0.4514),
[2024-08-13 15:11:12,912][flwr][INFO] - 	            (6, 0.3308),
[2024-08-13 15:11:12,912][flwr][INFO] - 	            (7, 0.4383),
[2024-08-13 15:11:12,912][flwr][INFO] - 	            (8, 0.3471),
[2024-08-13 15:11:12,912][flwr][INFO] - 	            (9, 0.4005),
[2024-08-13 15:11:12,912][flwr][INFO] - 	            (10, 0.3666)]}
[2024-08-13 15:11:12,912][flwr][INFO] - 
