[2024-08-13 10:37:01,943][flwr][INFO] - Starting Flower simulation, config: num_rounds=10, no round_timeout
[2024-08-13 10:37:06,004][flwr][INFO] - Flower VCE: Ray initialized with resources: {'memory': 4986617856.0, 'object_store_memory': 2493308928.0, 'node:127.0.0.1': 1.0, 'accelerator_type:G': 1.0, 'node:__internal_head__': 1.0, 'GPU': 1.0, 'CPU': 16.0}
[2024-08-13 10:37:06,004][flwr][INFO] - Optimize your simulation with Flower VCE: https://flower.ai/docs/framework/how-to-run-simulations.html
[2024-08-13 10:37:06,004][flwr][INFO] - Flower VCE: Resources for each Virtual Client: {'num_cpus': 2, 'num_gpus': 0.5}
[2024-08-13 10:37:06,015][flwr][INFO] - Flower VCE: Creating VirtualClientEngineActorPool with 2 actors
[2024-08-13 10:37:06,015][flwr][INFO] - [INIT]
[2024-08-13 10:37:06,016][flwr][INFO] - Requesting initial parameters from one random client
[2024-08-13 10:37:13,299][flwr][INFO] - Received initial parameters from one random client
[2024-08-13 10:37:13,299][flwr][INFO] - Evaluating initial global parameters
[2024-08-13 10:37:15,518][flwr][INFO] - initial parameters (loss, other metrics): 2.3025850929940455, {'accuracy': 0.098, 'precision': 0.009604000000000001, 'recall': 0.098, 'f1': 0.017493624772313296, 'confusion_matrix': array([[ 980,    0,    0,    0,    0,    0,    0,    0,    0,    0],
       [1135,    0,    0,    0,    0,    0,    0,    0,    0,    0],
       [1032,    0,    0,    0,    0,    0,    0,    0,    0,    0],
       [1010,    0,    0,    0,    0,    0,    0,    0,    0,    0],
       [ 982,    0,    0,    0,    0,    0,    0,    0,    0,    0],
       [ 892,    0,    0,    0,    0,    0,    0,    0,    0,    0],
       [ 958,    0,    0,    0,    0,    0,    0,    0,    0,    0],
       [1028,    0,    0,    0,    0,    0,    0,    0,    0,    0],
       [ 974,    0,    0,    0,    0,    0,    0,    0,    0,    0],
       [1009,    0,    0,    0,    0,    0,    0,    0,    0,    0]],
      dtype=int64)}
[2024-08-13 10:37:15,519][flwr][INFO] - 
[2024-08-13 10:37:15,519][flwr][INFO] - [ROUND 1]
[2024-08-13 10:37:15,519][flwr][INFO] - configure_fit: strategy sampled 10 clients (out of 10)
[2024-08-13 10:37:23,843][flwr][INFO] - aggregate_fit: received 10 results and 0 failures
[2024-08-13 10:37:23,846][flwr][WARNING] - No fit_metrics_aggregation_fn provided
[2024-08-13 10:37:25,922][flwr][INFO] - fit progress: (1, 0.8958732504328089, {'accuracy': 0.7318, 'precision': 0.7904545879786812, 'recall': 0.7318, 'f1': 0.6999863005987914, 'confusion_matrix': array([[ 956,    0,    1,    5,    0,    0,    6,    1,   11,    0],
       [   0, 1071,    3,    8,    0,    0,    4,    1,   48,    0],
       [  86,   44,  683,   77,    7,    0,   30,   16,   81,    8],
       [  31,   15,   13,  848,    0,    0,    9,   11,   74,    9],
       [  31,   13,    1,    2,  525,    0,   42,    4,   67,  297],
       [ 229,   65,    0,  249,    4,    3,   32,   21,  240,   49],
       [  94,   16,   11,    2,    4,    0,  811,    1,   19,    0],
       [  31,   47,    9,    2,    3,    0,    2,  831,   65,   38],
       [  46,   15,    3,  100,    1,    0,   13,    9,  774,   13],
       [  51,   18,    4,   12,   14,    0,    3,   35,   56,  816]],
      dtype=int64)}, 10.403440599999158)
[2024-08-13 10:37:25,923][flwr][INFO] - configure_evaluate: no clients selected, skipping evaluation
[2024-08-13 10:37:25,923][flwr][INFO] - 
[2024-08-13 10:37:25,923][flwr][INFO] - [ROUND 2]
[2024-08-13 10:37:25,924][flwr][INFO] - configure_fit: strategy sampled 10 clients (out of 10)
[2024-08-13 10:37:32,430][flwr][INFO] - aggregate_fit: received 10 results and 0 failures
[2024-08-13 10:37:34,512][flwr][INFO] - fit progress: (2, 0.7209121933934208, {'accuracy': 0.8169, 'precision': 0.8258115950788513, 'recall': 0.8169, 'f1': 0.8112569565937099, 'confusion_matrix': array([[ 923,    0,    7,    6,    0,    3,   33,    1,    7,    0],
       [   0, 1082,   38,    4,    0,    1,    6,    1,    2,    1],
       [  26,   25,  859,   28,   25,    0,   23,   20,   24,    2],
       [   8,   13,   34,  877,    1,    8,    9,   18,   20,   22],
       [   7,   10,    7,    0,  871,    0,   28,    1,    5,   53],
       [  41,   59,   20,  191,   38,  429,   43,   29,   10,   32],
       [  33,   17,   25,    1,   13,   11,  857,    1,    0,    0],
       [   8,   43,   43,    0,   17,    0,    3,  881,    4,   29],
       [  25,   36,   38,  119,   18,    8,   23,   15,  648,   44],
       [  28,   19,    8,   14,  133,    3,    1,   53,    8,  742]],
      dtype=int64)}, 18.992509000003338)
[2024-08-13 10:37:34,513][flwr][INFO] - configure_evaluate: no clients selected, skipping evaluation
[2024-08-13 10:37:34,513][flwr][INFO] - 
[2024-08-13 10:37:34,513][flwr][INFO] - [ROUND 3]
[2024-08-13 10:37:34,513][flwr][INFO] - configure_fit: strategy sampled 10 clients (out of 10)
[2024-08-13 10:37:40,793][flwr][INFO] - aggregate_fit: received 10 results and 0 failures
[2024-08-13 10:37:42,875][flwr][INFO] - fit progress: (3, 0.7196105154672424, {'accuracy': 0.8365, 'precision': 0.846999572229974, 'recall': 0.8365, 'f1': 0.8377459000444489, 'confusion_matrix': array([[ 878,    0,    2,    1,    0,   54,   26,    1,   18,    0],
       [   0, 1057,    5,    3,    1,    9,    4,    0,   56,    0],
       [  18,   19,  779,   36,   19,    6,   24,   24,   92,   15],
       [   5,    8,   14,  750,    0,   94,    8,   15,   97,   19],
       [   6,    7,    2,    0,  755,    6,   24,    1,   27,  154],
       [  12,   40,    2,   32,   11,  709,   22,   14,   33,   17],
       [  18,   11,   16,    1,   14,   29,  862,    1,    6,    0],
       [   6,   33,   16,    0,   14,    0,    2,  851,   57,   49],
       [   5,    5,    4,   18,    6,   42,   14,    7,  847,   26],
       [  12,    6,    3,    5,   32,   19,    3,   18,   34,  877]],
      dtype=int64)}, 27.355680499997106)
[2024-08-13 10:37:42,876][flwr][INFO] - configure_evaluate: no clients selected, skipping evaluation
[2024-08-13 10:37:42,876][flwr][INFO] - 
[2024-08-13 10:37:42,876][flwr][INFO] - [ROUND 4]
[2024-08-13 10:37:42,877][flwr][INFO] - configure_fit: strategy sampled 10 clients (out of 10)
[2024-08-13 10:37:49,166][flwr][INFO] - aggregate_fit: received 10 results and 0 failures
[2024-08-13 10:37:51,254][flwr][INFO] - fit progress: (4, 0.7425262371266502, {'accuracy': 0.8035, 'precision': 0.8298269072408518, 'recall': 0.8035, 'f1': 0.7943495410132155, 'confusion_matrix': array([[ 928,    0,    5,   15,    3,    2,   25,    1,    1,    0],
       [   0, 1074,   39,   14,    2,    0,    5,    1,    0,    0],
       [  15,   14,  860,   57,   27,    0,   20,   29,    9,    1],
       [   4,    3,   18,  923,    2,    7,    8,   20,    3,   22],
       [   4,    6,    4,    0,  933,    0,   13,    2,    2,   18],
       [  21,   52,   14,  236,   60,  414,   37,   32,    2,   24],
       [  17,   11,   29,    4,   28,    5,  863,    1,    0,    0],
       [   3,   30,   44,    2,   20,    0,    1,  913,    0,   15],
       [  17,   45,   48,  250,   55,    9,   25,   23,  436,   66],
       [  23,   12,    6,   14,  185,    2,    1,   75,    0,  691]],
      dtype=int64)}, 35.734913599997526)
[2024-08-13 10:37:51,255][flwr][INFO] - configure_evaluate: no clients selected, skipping evaluation
[2024-08-13 10:37:51,255][flwr][INFO] - 
[2024-08-13 10:37:51,255][flwr][INFO] - [ROUND 5]
[2024-08-13 10:37:51,256][flwr][INFO] - configure_fit: strategy sampled 10 clients (out of 10)
[2024-08-13 10:37:57,741][flwr][INFO] - aggregate_fit: received 10 results and 0 failures
[2024-08-13 10:37:59,821][flwr][INFO] - fit progress: (5, 0.6854323107661567, {'accuracy': 0.8523, 'precision': 0.8559460576807818, 'recall': 0.8523, 'f1': 0.8519210906974615, 'confusion_matrix': array([[ 920,    0,    2,    1,    0,   13,   26,    1,   17,    0],
       [   0, 1076,   22,    2,    1,    2,    5,    1,   26,    0],
       [  15,   20,  836,   25,   15,    1,   26,   25,   58,   11],
       [   5,   10,   21,  786,    1,   54,   11,   17,   82,   23],
       [   5,    7,    2,    0,  785,    1,   27,    3,   19,  133],
       [  17,   48,    5,   40,   16,  656,   35,   15,   40,   20],
       [  16,   13,   17,    1,   10,   19,  876,    3,    3,    0],
       [   5,   36,   31,    0,   14,    0,    1,  872,   25,   44],
       [   7,   18,   10,   20,    8,   27,   16,    9,  834,   25],
       [  19,   10,    5,    4,   28,   10,    2,   26,   23,  882]],
      dtype=int64)}, 44.30101779999677)
[2024-08-13 10:37:59,821][flwr][INFO] - configure_evaluate: no clients selected, skipping evaluation
[2024-08-13 10:37:59,822][flwr][INFO] - 
[2024-08-13 10:37:59,822][flwr][INFO] - [ROUND 6]
[2024-08-13 10:37:59,822][flwr][INFO] - configure_fit: strategy sampled 10 clients (out of 10)
[2024-08-13 10:38:06,336][flwr][INFO] - aggregate_fit: received 10 results and 0 failures
[2024-08-13 10:38:08,428][flwr][INFO] - fit progress: (6, 0.7085726861509356, {'accuracy': 0.8234, 'precision': 0.8423852938666039, 'recall': 0.8234, 'f1': 0.819589270493402, 'confusion_matrix': array([[ 933,    1,    1,   14,    4,    8,   17,    1,    1,    0],
       [   0, 1080,   30,   15,    1,    2,    5,    1,    1,    0],
       [  13,   14,  822,   84,   33,    0,   20,   32,   13,    1],
       [   2,    3,   11,  924,    2,   23,    7,   20,    6,   12],
       [   1,    6,    2,    0,  946,    2,   13,    2,    2,    8],
       [  14,   45,    8,  149,   40,  582,   25,   17,    4,    8],
       [  14,   12,   20,    4,   36,   18,  853,    1,    0,    0],
       [   4,   31,   35,    5,   25,    0,    1,  915,    2,   10],
       [  12,   46,   21,  207,   50,   36,   17,   16,  539,   30],
       [  22,   12,    3,   13,  225,   13,    1,   77,    3,  640]],
      dtype=int64)}, 52.90956549999828)
[2024-08-13 10:38:08,429][flwr][INFO] - configure_evaluate: no clients selected, skipping evaluation
[2024-08-13 10:38:08,429][flwr][INFO] - 
[2024-08-13 10:38:08,429][flwr][INFO] - [ROUND 7]
[2024-08-13 10:38:08,430][flwr][INFO] - configure_fit: strategy sampled 10 clients (out of 10)
[2024-08-13 10:38:14,777][flwr][INFO] - aggregate_fit: received 10 results and 0 failures
[2024-08-13 10:38:16,861][flwr][INFO] - fit progress: (7, 0.6696711947934129, {'accuracy': 0.8548, 'precision': 0.8610506188038435, 'recall': 0.8548, 'f1': 0.8546955951167785, 'confusion_matrix': array([[ 928,    1,    4,    1,    0,    9,   22,    1,   14,    0],
       [   0, 1078,   19,    2,    1,    2,    5,    1,   27,    0],
       [  12,   13,  853,   21,   10,    1,   25,   25,   57,   15],
       [   6,    9,   19,  792,    1,   52,   13,   15,   73,   30],
       [   3,    8,    4,    0,  745,    1,   25,    3,   21,  172],
       [  15,   43,    5,   36,   11,  664,   32,   13,   50,   23],
       [  13,   10,   19,    1,    7,   16,  883,    5,    4,    0],
       [   7,   33,   32,    0,   13,    0,    1,  860,   29,   53],
       [   8,   15,   13,   19,    5,   24,   16,    6,  840,   28],
       [  18,    7,    5,    4,   19,    7,    1,   19,   24,  905]],
      dtype=int64)}, 61.3418110999919)
[2024-08-13 10:38:16,862][flwr][INFO] - configure_evaluate: no clients selected, skipping evaluation
[2024-08-13 10:38:16,862][flwr][INFO] - 
[2024-08-13 10:38:16,862][flwr][INFO] - [ROUND 8]
[2024-08-13 10:38:16,862][flwr][INFO] - configure_fit: strategy sampled 10 clients (out of 10)
[2024-08-13 10:38:23,455][flwr][INFO] - aggregate_fit: received 10 results and 0 failures
[2024-08-13 10:38:25,539][flwr][INFO] - fit progress: (8, 0.702238369728602, {'accuracy': 0.8315, 'precision': 0.8473068773185927, 'recall': 0.8315, 'f1': 0.8276333610428442, 'confusion_matrix': array([[ 933,    1,    3,   10,    2,   12,   15,    2,    2,    0],
       [   0, 1084,   22,   12,    2,    4,    5,    1,    5,    0],
       [  13,   16,  818,   75,   33,    0,   21,   35,   20,    1],
       [   2,    4,    8,  914,    3,   34,    8,   22,   10,    5],
       [   2,    4,    1,    0,  947,    2,   13,    5,    3,    5],
       [  10,   46,    2,  100,   33,  649,   25,   19,    5,    3],
       [  13,    9,   16,    3,   31,   20,  860,    6,    0,    0],
       [   3,   30,   32,    6,   24,    0,    1,  925,    3,    4],
       [  12,   46,   15,  151,   43,   56,   20,   20,  600,   11],
       [  24,   11,    3,   12,  235,   21,    1,  113,    4,  585]],
      dtype=int64)}, 70.01951279999048)
[2024-08-13 10:38:25,539][flwr][INFO] - configure_evaluate: no clients selected, skipping evaluation
[2024-08-13 10:38:25,539][flwr][INFO] - 
[2024-08-13 10:38:25,539][flwr][INFO] - [ROUND 9]
[2024-08-13 10:38:25,540][flwr][INFO] - configure_fit: strategy sampled 10 clients (out of 10)
[2024-08-13 10:38:32,000][flwr][INFO] - aggregate_fit: received 10 results and 0 failures
[2024-08-13 10:38:34,256][flwr][INFO] - fit progress: (9, 0.6614797192361018, {'accuracy': 0.857, 'precision': 0.8626381628023104, 'recall': 0.857, 'f1': 0.8566773568659469, 'confusion_matrix': array([[ 938,    1,    3,    1,    1,    6,   19,    1,   10,    0],
       [   0, 1079,   18,    2,    1,    2,    5,    1,   27,    0],
       [  11,   13,  847,   28,   10,    0,   23,   25,   60,   15],
       [   5,    8,   19,  817,    2,   40,   13,   16,   62,   28],
       [   4,    6,    3,    0,  764,    1,   20,    3,   20,  161],
       [  17,   43,    3,   49,   11,  643,   36,   13,   53,   24],
       [  13,    7,   19,    1,    8,   15,  888,    5,    2,    0],
       [   8,   33,   32,    1,   14,    0,    1,  848,   31,   60],
       [  10,   17,   14,   20,    8,   19,   16,    5,  836,   29],
       [  20,    7,    5,    5,   21,    5,    1,   13,   22,  910]],
      dtype=int64)}, 78.73777209999389)
[2024-08-13 10:38:34,257][flwr][INFO] - configure_evaluate: no clients selected, skipping evaluation
[2024-08-13 10:38:34,257][flwr][INFO] - 
[2024-08-13 10:38:34,257][flwr][INFO] - [ROUND 10]
[2024-08-13 10:38:34,258][flwr][INFO] - configure_fit: strategy sampled 10 clients (out of 10)
[2024-08-13 10:38:40,769][flwr][INFO] - aggregate_fit: received 10 results and 0 failures
[2024-08-13 10:38:42,858][flwr][INFO] - fit progress: (10, 0.6513978877953752, {'accuracy': 0.8453, 'precision': 0.8556949442397479, 'recall': 0.8453, 'f1': 0.8420319787757445, 'confusion_matrix': array([[ 935,    2,    4,    3,    2,   13,   17,    2,    2,    0],
       [   0, 1087,   20,    7,    1,    5,    5,    1,    9,    0],
       [  12,   19,  841,   46,   33,    0,   20,   38,   22,    1],
       [   2,    6,   10,  901,    2,   36,    8,   24,   15,    6],
       [   2,    4,    1,    0,  944,    3,   13,    7,    3,    5],
       [  11,   42,    3,   81,   27,  673,   27,   18,    7,    3],
       [  13,    6,   16,    2,   26,   18,  871,    6,    0,    0],
       [   4,   29,   33,    4,   23,    0,    1,  927,    4,    3],
       [  17,   45,   14,   97,   35,   47,   21,   21,  667,   10],
       [  24,   10,    6,   11,  199,   20,    1,  126,    5,  607]],
      dtype=int64)}, 87.33881760000077)
[2024-08-13 10:38:42,859][flwr][INFO] - configure_evaluate: no clients selected, skipping evaluation
[2024-08-13 10:38:42,859][flwr][INFO] - 
[2024-08-13 10:38:42,859][flwr][INFO] - [SUMMARY]
[2024-08-13 10:38:42,859][flwr][INFO] - Run finished 10 round(s) in 87.34s
[2024-08-13 10:38:42,867][flwr][INFO] - 	History (loss, centralized):
[2024-08-13 10:38:42,868][flwr][INFO] - 		round 0: 2.3025850929940455
[2024-08-13 10:38:42,868][flwr][INFO] - 		round 1: 0.8958732504328089
[2024-08-13 10:38:42,868][flwr][INFO] - 		round 2: 0.7209121933934208
[2024-08-13 10:38:42,868][flwr][INFO] - 		round 3: 0.7196105154672424
[2024-08-13 10:38:42,868][flwr][INFO] - 		round 4: 0.7425262371266502
[2024-08-13 10:38:42,868][flwr][INFO] - 		round 5: 0.6854323107661567
[2024-08-13 10:38:42,868][flwr][INFO] - 		round 6: 0.7085726861509356
[2024-08-13 10:38:42,868][flwr][INFO] - 		round 7: 0.6696711947934129
[2024-08-13 10:38:42,868][flwr][INFO] - 		round 8: 0.702238369728602
[2024-08-13 10:38:42,868][flwr][INFO] - 		round 9: 0.6614797192361018
[2024-08-13 10:38:42,868][flwr][INFO] - 		round 10: 0.6513978877953752
[2024-08-13 10:38:42,868][flwr][INFO] - 	History (metrics, centralized):
[2024-08-13 10:38:42,868][flwr][INFO] - 	{'accuracy': [(0, 0.098),
[2024-08-13 10:38:42,868][flwr][INFO] - 	              (1, 0.7318),
[2024-08-13 10:38:42,868][flwr][INFO] - 	              (2, 0.8169),
[2024-08-13 10:38:42,869][flwr][INFO] - 	              (3, 0.8365),
[2024-08-13 10:38:42,869][flwr][INFO] - 	              (4, 0.8035),
[2024-08-13 10:38:42,869][flwr][INFO] - 	              (5, 0.8523),
[2024-08-13 10:38:42,869][flwr][INFO] - 	              (6, 0.8234),
[2024-08-13 10:38:42,869][flwr][INFO] - 	              (7, 0.8548),
[2024-08-13 10:38:42,869][flwr][INFO] - 	              (8, 0.8315),
[2024-08-13 10:38:42,869][flwr][INFO] - 	              (9, 0.857),
[2024-08-13 10:38:42,869][flwr][INFO] - 	              (10, 0.8453)],
[2024-08-13 10:38:42,869][flwr][INFO] - 	 'confusion_matrix': [(0,
[2024-08-13 10:38:42,869][flwr][INFO] - 	                       array([[ 980,    0,    0,    0,    0,    0,    0,    0,    0,    0],
[2024-08-13 10:38:42,869][flwr][INFO] - 	       [1135,    0,    0,    0,    0,    0,    0,    0,    0,    0],
[2024-08-13 10:38:42,869][flwr][INFO] - 	       [1032,    0,    0,    0,    0,    0,    0,    0,    0,    0],
[2024-08-13 10:38:42,869][flwr][INFO] - 	       [1010,    0,    0,    0,    0,    0,    0,    0,    0,    0],
[2024-08-13 10:38:42,869][flwr][INFO] - 	       [ 982,    0,    0,    0,    0,    0,    0,    0,    0,    0],
[2024-08-13 10:38:42,869][flwr][INFO] - 	       [ 892,    0,    0,    0,    0,    0,    0,    0,    0,    0],
[2024-08-13 10:38:42,869][flwr][INFO] - 	       [ 958,    0,    0,    0,    0,    0,    0,    0,    0,    0],
[2024-08-13 10:38:42,869][flwr][INFO] - 	       [1028,    0,    0,    0,    0,    0,    0,    0,    0,    0],
[2024-08-13 10:38:42,870][flwr][INFO] - 	       [ 974,    0,    0,    0,    0,    0,    0,    0,    0,    0],
[2024-08-13 10:38:42,870][flwr][INFO] - 	       [1009,    0,    0,    0,    0,    0,    0,    0,    0,    0]],
[2024-08-13 10:38:42,870][flwr][INFO] - 	      dtype=int64)),
[2024-08-13 10:38:42,870][flwr][INFO] - 	                      (1,
[2024-08-13 10:38:42,870][flwr][INFO] - 	                       array([[ 956,    0,    1,    5,    0,    0,    6,    1,   11,    0],
[2024-08-13 10:38:42,870][flwr][INFO] - 	       [   0, 1071,    3,    8,    0,    0,    4,    1,   48,    0],
[2024-08-13 10:38:42,870][flwr][INFO] - 	       [  86,   44,  683,   77,    7,    0,   30,   16,   81,    8],
[2024-08-13 10:38:42,870][flwr][INFO] - 	       [  31,   15,   13,  848,    0,    0,    9,   11,   74,    9],
[2024-08-13 10:38:42,870][flwr][INFO] - 	       [  31,   13,    1,    2,  525,    0,   42,    4,   67,  297],
[2024-08-13 10:38:42,870][flwr][INFO] - 	       [ 229,   65,    0,  249,    4,    3,   32,   21,  240,   49],
[2024-08-13 10:38:42,870][flwr][INFO] - 	       [  94,   16,   11,    2,    4,    0,  811,    1,   19,    0],
[2024-08-13 10:38:42,870][flwr][INFO] - 	       [  31,   47,    9,    2,    3,    0,    2,  831,   65,   38],
[2024-08-13 10:38:42,870][flwr][INFO] - 	       [  46,   15,    3,  100,    1,    0,   13,    9,  774,   13],
[2024-08-13 10:38:42,870][flwr][INFO] - 	       [  51,   18,    4,   12,   14,    0,    3,   35,   56,  816]],
[2024-08-13 10:38:42,870][flwr][INFO] - 	      dtype=int64)),
[2024-08-13 10:38:42,870][flwr][INFO] - 	                      (2,
[2024-08-13 10:38:42,871][flwr][INFO] - 	                       array([[ 923,    0,    7,    6,    0,    3,   33,    1,    7,    0],
[2024-08-13 10:38:42,871][flwr][INFO] - 	       [   0, 1082,   38,    4,    0,    1,    6,    1,    2,    1],
[2024-08-13 10:38:42,871][flwr][INFO] - 	       [  26,   25,  859,   28,   25,    0,   23,   20,   24,    2],
[2024-08-13 10:38:42,871][flwr][INFO] - 	       [   8,   13,   34,  877,    1,    8,    9,   18,   20,   22],
[2024-08-13 10:38:42,871][flwr][INFO] - 	       [   7,   10,    7,    0,  871,    0,   28,    1,    5,   53],
[2024-08-13 10:38:42,871][flwr][INFO] - 	       [  41,   59,   20,  191,   38,  429,   43,   29,   10,   32],
[2024-08-13 10:38:42,871][flwr][INFO] - 	       [  33,   17,   25,    1,   13,   11,  857,    1,    0,    0],
[2024-08-13 10:38:42,871][flwr][INFO] - 	       [   8,   43,   43,    0,   17,    0,    3,  881,    4,   29],
[2024-08-13 10:38:42,871][flwr][INFO] - 	       [  25,   36,   38,  119,   18,    8,   23,   15,  648,   44],
[2024-08-13 10:38:42,871][flwr][INFO] - 	       [  28,   19,    8,   14,  133,    3,    1,   53,    8,  742]],
[2024-08-13 10:38:42,871][flwr][INFO] - 	      dtype=int64)),
[2024-08-13 10:38:42,871][flwr][INFO] - 	                      (3,
[2024-08-13 10:38:42,871][flwr][INFO] - 	                       array([[ 878,    0,    2,    1,    0,   54,   26,    1,   18,    0],
[2024-08-13 10:38:42,871][flwr][INFO] - 	       [   0, 1057,    5,    3,    1,    9,    4,    0,   56,    0],
[2024-08-13 10:38:42,871][flwr][INFO] - 	       [  18,   19,  779,   36,   19,    6,   24,   24,   92,   15],
[2024-08-13 10:38:42,871][flwr][INFO] - 	       [   5,    8,   14,  750,    0,   94,    8,   15,   97,   19],
[2024-08-13 10:38:42,871][flwr][INFO] - 	       [   6,    7,    2,    0,  755,    6,   24,    1,   27,  154],
[2024-08-13 10:38:42,872][flwr][INFO] - 	       [  12,   40,    2,   32,   11,  709,   22,   14,   33,   17],
[2024-08-13 10:38:42,872][flwr][INFO] - 	       [  18,   11,   16,    1,   14,   29,  862,    1,    6,    0],
[2024-08-13 10:38:42,872][flwr][INFO] - 	       [   6,   33,   16,    0,   14,    0,    2,  851,   57,   49],
[2024-08-13 10:38:42,872][flwr][INFO] - 	       [   5,    5,    4,   18,    6,   42,   14,    7,  847,   26],
[2024-08-13 10:38:42,872][flwr][INFO] - 	       [  12,    6,    3,    5,   32,   19,    3,   18,   34,  877]],
[2024-08-13 10:38:42,872][flwr][INFO] - 	      dtype=int64)),
[2024-08-13 10:38:42,872][flwr][INFO] - 	                      (4,
[2024-08-13 10:38:42,872][flwr][INFO] - 	                       array([[ 928,    0,    5,   15,    3,    2,   25,    1,    1,    0],
[2024-08-13 10:38:42,872][flwr][INFO] - 	       [   0, 1074,   39,   14,    2,    0,    5,    1,    0,    0],
[2024-08-13 10:38:42,872][flwr][INFO] - 	       [  15,   14,  860,   57,   27,    0,   20,   29,    9,    1],
[2024-08-13 10:38:42,872][flwr][INFO] - 	       [   4,    3,   18,  923,    2,    7,    8,   20,    3,   22],
[2024-08-13 10:38:42,872][flwr][INFO] - 	       [   4,    6,    4,    0,  933,    0,   13,    2,    2,   18],
[2024-08-13 10:38:42,872][flwr][INFO] - 	       [  21,   52,   14,  236,   60,  414,   37,   32,    2,   24],
[2024-08-13 10:38:42,872][flwr][INFO] - 	       [  17,   11,   29,    4,   28,    5,  863,    1,    0,    0],
[2024-08-13 10:38:42,872][flwr][INFO] - 	       [   3,   30,   44,    2,   20,    0,    1,  913,    0,   15],
[2024-08-13 10:38:42,872][flwr][INFO] - 	       [  17,   45,   48,  250,   55,    9,   25,   23,  436,   66],
[2024-08-13 10:38:42,872][flwr][INFO] - 	       [  23,   12,    6,   14,  185,    2,    1,   75,    0,  691]],
[2024-08-13 10:38:42,873][flwr][INFO] - 	      dtype=int64)),
[2024-08-13 10:38:42,873][flwr][INFO] - 	                      (5,
[2024-08-13 10:38:42,873][flwr][INFO] - 	                       array([[ 920,    0,    2,    1,    0,   13,   26,    1,   17,    0],
[2024-08-13 10:38:42,873][flwr][INFO] - 	       [   0, 1076,   22,    2,    1,    2,    5,    1,   26,    0],
[2024-08-13 10:38:42,873][flwr][INFO] - 	       [  15,   20,  836,   25,   15,    1,   26,   25,   58,   11],
[2024-08-13 10:38:42,873][flwr][INFO] - 	       [   5,   10,   21,  786,    1,   54,   11,   17,   82,   23],
[2024-08-13 10:38:42,873][flwr][INFO] - 	       [   5,    7,    2,    0,  785,    1,   27,    3,   19,  133],
[2024-08-13 10:38:42,873][flwr][INFO] - 	       [  17,   48,    5,   40,   16,  656,   35,   15,   40,   20],
[2024-08-13 10:38:42,873][flwr][INFO] - 	       [  16,   13,   17,    1,   10,   19,  876,    3,    3,    0],
[2024-08-13 10:38:42,873][flwr][INFO] - 	       [   5,   36,   31,    0,   14,    0,    1,  872,   25,   44],
[2024-08-13 10:38:42,873][flwr][INFO] - 	       [   7,   18,   10,   20,    8,   27,   16,    9,  834,   25],
[2024-08-13 10:38:42,873][flwr][INFO] - 	       [  19,   10,    5,    4,   28,   10,    2,   26,   23,  882]],
[2024-08-13 10:38:42,873][flwr][INFO] - 	      dtype=int64)),
[2024-08-13 10:38:42,873][flwr][INFO] - 	                      (6,
[2024-08-13 10:38:42,873][flwr][INFO] - 	                       array([[ 933,    1,    1,   14,    4,    8,   17,    1,    1,    0],
[2024-08-13 10:38:42,873][flwr][INFO] - 	       [   0, 1080,   30,   15,    1,    2,    5,    1,    1,    0],
[2024-08-13 10:38:42,873][flwr][INFO] - 	       [  13,   14,  822,   84,   33,    0,   20,   32,   13,    1],
[2024-08-13 10:38:42,874][flwr][INFO] - 	       [   2,    3,   11,  924,    2,   23,    7,   20,    6,   12],
[2024-08-13 10:38:42,874][flwr][INFO] - 	       [   1,    6,    2,    0,  946,    2,   13,    2,    2,    8],
[2024-08-13 10:38:42,874][flwr][INFO] - 	       [  14,   45,    8,  149,   40,  582,   25,   17,    4,    8],
[2024-08-13 10:38:42,874][flwr][INFO] - 	       [  14,   12,   20,    4,   36,   18,  853,    1,    0,    0],
[2024-08-13 10:38:42,874][flwr][INFO] - 	       [   4,   31,   35,    5,   25,    0,    1,  915,    2,   10],
[2024-08-13 10:38:42,874][flwr][INFO] - 	       [  12,   46,   21,  207,   50,   36,   17,   16,  539,   30],
[2024-08-13 10:38:42,874][flwr][INFO] - 	       [  22,   12,    3,   13,  225,   13,    1,   77,    3,  640]],
[2024-08-13 10:38:42,874][flwr][INFO] - 	      dtype=int64)),
[2024-08-13 10:38:42,874][flwr][INFO] - 	                      (7,
[2024-08-13 10:38:42,874][flwr][INFO] - 	                       array([[ 928,    1,    4,    1,    0,    9,   22,    1,   14,    0],
[2024-08-13 10:38:42,874][flwr][INFO] - 	       [   0, 1078,   19,    2,    1,    2,    5,    1,   27,    0],
[2024-08-13 10:38:42,874][flwr][INFO] - 	       [  12,   13,  853,   21,   10,    1,   25,   25,   57,   15],
[2024-08-13 10:38:42,874][flwr][INFO] - 	       [   6,    9,   19,  792,    1,   52,   13,   15,   73,   30],
[2024-08-13 10:38:42,874][flwr][INFO] - 	       [   3,    8,    4,    0,  745,    1,   25,    3,   21,  172],
[2024-08-13 10:38:42,874][flwr][INFO] - 	       [  15,   43,    5,   36,   11,  664,   32,   13,   50,   23],
[2024-08-13 10:38:42,874][flwr][INFO] - 	       [  13,   10,   19,    1,    7,   16,  883,    5,    4,    0],
[2024-08-13 10:38:42,874][flwr][INFO] - 	       [   7,   33,   32,    0,   13,    0,    1,  860,   29,   53],
[2024-08-13 10:38:42,874][flwr][INFO] - 	       [   8,   15,   13,   19,    5,   24,   16,    6,  840,   28],
[2024-08-13 10:38:42,875][flwr][INFO] - 	       [  18,    7,    5,    4,   19,    7,    1,   19,   24,  905]],
[2024-08-13 10:38:42,875][flwr][INFO] - 	      dtype=int64)),
[2024-08-13 10:38:42,875][flwr][INFO] - 	                      (8,
[2024-08-13 10:38:42,875][flwr][INFO] - 	                       array([[ 933,    1,    3,   10,    2,   12,   15,    2,    2,    0],
[2024-08-13 10:38:42,875][flwr][INFO] - 	       [   0, 1084,   22,   12,    2,    4,    5,    1,    5,    0],
[2024-08-13 10:38:42,875][flwr][INFO] - 	       [  13,   16,  818,   75,   33,    0,   21,   35,   20,    1],
[2024-08-13 10:38:42,875][flwr][INFO] - 	       [   2,    4,    8,  914,    3,   34,    8,   22,   10,    5],
[2024-08-13 10:38:42,875][flwr][INFO] - 	       [   2,    4,    1,    0,  947,    2,   13,    5,    3,    5],
[2024-08-13 10:38:42,875][flwr][INFO] - 	       [  10,   46,    2,  100,   33,  649,   25,   19,    5,    3],
[2024-08-13 10:38:42,875][flwr][INFO] - 	       [  13,    9,   16,    3,   31,   20,  860,    6,    0,    0],
[2024-08-13 10:38:42,875][flwr][INFO] - 	       [   3,   30,   32,    6,   24,    0,    1,  925,    3,    4],
[2024-08-13 10:38:42,875][flwr][INFO] - 	       [  12,   46,   15,  151,   43,   56,   20,   20,  600,   11],
[2024-08-13 10:38:42,875][flwr][INFO] - 	       [  24,   11,    3,   12,  235,   21,    1,  113,    4,  585]],
[2024-08-13 10:38:42,875][flwr][INFO] - 	      dtype=int64)),
[2024-08-13 10:38:42,875][flwr][INFO] - 	                      (9,
[2024-08-13 10:38:42,875][flwr][INFO] - 	                       array([[ 938,    1,    3,    1,    1,    6,   19,    1,   10,    0],
[2024-08-13 10:38:42,875][flwr][INFO] - 	       [   0, 1079,   18,    2,    1,    2,    5,    1,   27,    0],
[2024-08-13 10:38:42,876][flwr][INFO] - 	       [  11,   13,  847,   28,   10,    0,   23,   25,   60,   15],
[2024-08-13 10:38:42,876][flwr][INFO] - 	       [   5,    8,   19,  817,    2,   40,   13,   16,   62,   28],
[2024-08-13 10:38:42,876][flwr][INFO] - 	       [   4,    6,    3,    0,  764,    1,   20,    3,   20,  161],
[2024-08-13 10:38:42,876][flwr][INFO] - 	       [  17,   43,    3,   49,   11,  643,   36,   13,   53,   24],
[2024-08-13 10:38:42,876][flwr][INFO] - 	       [  13,    7,   19,    1,    8,   15,  888,    5,    2,    0],
[2024-08-13 10:38:42,876][flwr][INFO] - 	       [   8,   33,   32,    1,   14,    0,    1,  848,   31,   60],
[2024-08-13 10:38:42,876][flwr][INFO] - 	       [  10,   17,   14,   20,    8,   19,   16,    5,  836,   29],
[2024-08-13 10:38:42,876][flwr][INFO] - 	       [  20,    7,    5,    5,   21,    5,    1,   13,   22,  910]],
[2024-08-13 10:38:42,876][flwr][INFO] - 	      dtype=int64)),
[2024-08-13 10:38:42,876][flwr][INFO] - 	                      (10,
[2024-08-13 10:38:42,876][flwr][INFO] - 	                       array([[ 935,    2,    4,    3,    2,   13,   17,    2,    2,    0],
[2024-08-13 10:38:42,876][flwr][INFO] - 	       [   0, 1087,   20,    7,    1,    5,    5,    1,    9,    0],
[2024-08-13 10:38:42,876][flwr][INFO] - 	       [  12,   19,  841,   46,   33,    0,   20,   38,   22,    1],
[2024-08-13 10:38:42,876][flwr][INFO] - 	       [   2,    6,   10,  901,    2,   36,    8,   24,   15,    6],
[2024-08-13 10:38:42,876][flwr][INFO] - 	       [   2,    4,    1,    0,  944,    3,   13,    7,    3,    5],
[2024-08-13 10:38:42,876][flwr][INFO] - 	       [  11,   42,    3,   81,   27,  673,   27,   18,    7,    3],
[2024-08-13 10:38:42,876][flwr][INFO] - 	       [  13,    6,   16,    2,   26,   18,  871,    6,    0,    0],
[2024-08-13 10:38:42,877][flwr][INFO] - 	       [   4,   29,   33,    4,   23,    0,    1,  927,    4,    3],
[2024-08-13 10:38:42,877][flwr][INFO] - 	       [  17,   45,   14,   97,   35,   47,   21,   21,  667,   10],
[2024-08-13 10:38:42,877][flwr][INFO] - 	       [  24,   10,    6,   11,  199,   20,    1,  126,    5,  607]],
[2024-08-13 10:38:42,877][flwr][INFO] - 	      dtype=int64))],
[2024-08-13 10:38:42,877][flwr][INFO] - 	 'f1': [(0, 0.017493624772313296),
[2024-08-13 10:38:42,877][flwr][INFO] - 	        (1, 0.6999863005987914),
[2024-08-13 10:38:42,877][flwr][INFO] - 	        (2, 0.8112569565937099),
[2024-08-13 10:38:42,877][flwr][INFO] - 	        (3, 0.8377459000444489),
[2024-08-13 10:38:42,877][flwr][INFO] - 	        (4, 0.7943495410132155),
[2024-08-13 10:38:42,877][flwr][INFO] - 	        (5, 0.8519210906974615),
[2024-08-13 10:38:42,877][flwr][INFO] - 	        (6, 0.819589270493402),
[2024-08-13 10:38:42,877][flwr][INFO] - 	        (7, 0.8546955951167785),
[2024-08-13 10:38:42,877][flwr][INFO] - 	        (8, 0.8276333610428442),
[2024-08-13 10:38:42,877][flwr][INFO] - 	        (9, 0.8566773568659469),
[2024-08-13 10:38:42,877][flwr][INFO] - 	        (10, 0.8420319787757445)],
[2024-08-13 10:38:42,877][flwr][INFO] - 	 'precision': [(0, 0.009604000000000001),
[2024-08-13 10:38:42,877][flwr][INFO] - 	               (1, 0.7904545879786812),
[2024-08-13 10:38:42,878][flwr][INFO] - 	               (2, 0.8258115950788513),
[2024-08-13 10:38:42,878][flwr][INFO] - 	               (3, 0.846999572229974),
[2024-08-13 10:38:42,878][flwr][INFO] - 	               (4, 0.8298269072408518),
[2024-08-13 10:38:42,878][flwr][INFO] - 	               (5, 0.8559460576807818),
[2024-08-13 10:38:42,878][flwr][INFO] - 	               (6, 0.8423852938666039),
[2024-08-13 10:38:42,878][flwr][INFO] - 	               (7, 0.8610506188038435),
[2024-08-13 10:38:42,878][flwr][INFO] - 	               (8, 0.8473068773185927),
[2024-08-13 10:38:42,878][flwr][INFO] - 	               (9, 0.8626381628023104),
[2024-08-13 10:38:42,878][flwr][INFO] - 	               (10, 0.8556949442397479)],
[2024-08-13 10:38:42,878][flwr][INFO] - 	 'recall': [(0, 0.098),
[2024-08-13 10:38:42,878][flwr][INFO] - 	            (1, 0.7318),
[2024-08-13 10:38:42,878][flwr][INFO] - 	            (2, 0.8169),
[2024-08-13 10:38:42,878][flwr][INFO] - 	            (3, 0.8365),
[2024-08-13 10:38:42,878][flwr][INFO] - 	            (4, 0.8035),
[2024-08-13 10:38:42,878][flwr][INFO] - 	            (5, 0.8523),
[2024-08-13 10:38:42,878][flwr][INFO] - 	            (6, 0.8234),
[2024-08-13 10:38:42,879][flwr][INFO] - 	            (7, 0.8548),
[2024-08-13 10:38:42,879][flwr][INFO] - 	            (8, 0.8315),
[2024-08-13 10:38:42,879][flwr][INFO] - 	            (9, 0.857),
[2024-08-13 10:38:42,879][flwr][INFO] - 	            (10, 0.8453)]}
[2024-08-13 10:38:42,879][flwr][INFO] - 
