[2024-08-13 15:50:48,135][flwr][INFO] - Starting Flower simulation, config: num_rounds=10, no round_timeout
[2024-08-13 15:50:52,187][flwr][INFO] - Flower VCE: Ray initialized with resources: {'memory': 5016684135.0, 'node:127.0.0.1': 1.0, 'object_store_memory': 2508342067.0, 'accelerator_type:G': 1.0, 'CPU': 16.0, 'node:__internal_head__': 1.0, 'GPU': 1.0}
[2024-08-13 15:50:52,187][flwr][INFO] - Optimize your simulation with Flower VCE: https://flower.ai/docs/framework/how-to-run-simulations.html
[2024-08-13 15:50:52,187][flwr][INFO] - Flower VCE: Resources for each Virtual Client: {'num_cpus': 2, 'num_gpus': 0.5}
[2024-08-13 15:50:52,199][flwr][INFO] - Flower VCE: Creating VirtualClientEngineActorPool with 2 actors
[2024-08-13 15:50:52,201][flwr][INFO] - [INIT]
[2024-08-13 15:50:52,201][flwr][INFO] - Requesting initial parameters from one random client
[2024-08-13 15:50:59,718][flwr][INFO] - Received initial parameters from one random client
[2024-08-13 15:50:59,719][flwr][INFO] - Evaluating initial global parameters
[2024-08-13 15:51:01,988][flwr][INFO] - initial parameters (loss, other metrics): 2.3025850929940455, {'accuracy': 0.098, 'precision': 0.009604000000000001, 'recall': 0.098, 'f1': 0.017493624772313296, 'confusion_matrix': array([[ 980,    0,    0,    0,    0,    0,    0,    0,    0,    0],
       [1135,    0,    0,    0,    0,    0,    0,    0,    0,    0],
       [1032,    0,    0,    0,    0,    0,    0,    0,    0,    0],
       [1010,    0,    0,    0,    0,    0,    0,    0,    0,    0],
       [ 982,    0,    0,    0,    0,    0,    0,    0,    0,    0],
       [ 892,    0,    0,    0,    0,    0,    0,    0,    0,    0],
       [ 958,    0,    0,    0,    0,    0,    0,    0,    0,    0],
       [1028,    0,    0,    0,    0,    0,    0,    0,    0,    0],
       [ 974,    0,    0,    0,    0,    0,    0,    0,    0,    0],
       [1009,    0,    0,    0,    0,    0,    0,    0,    0,    0]],
      dtype=int64)}
[2024-08-13 15:51:01,988][flwr][INFO] - 
[2024-08-13 15:51:01,988][flwr][INFO] - [ROUND 1]
[2024-08-13 15:51:01,989][flwr][INFO] - configure_fit: strategy sampled 10 clients (out of 100)
[2024-08-13 15:51:05,504][flwr][INFO] - aggregate_fit: received 10 results and 0 failures
[2024-08-13 15:51:05,507][flwr][WARNING] - No fit_metrics_aggregation_fn provided
[2024-08-13 15:51:07,649][flwr][INFO] - fit progress: (1, 3.300532548065993, {'accuracy': 0.0998, 'precision': 0.046794801597070945, 'recall': 0.0998, 'f1': 0.05594501946636317, 'confusion_matrix': array([[   3,  838,    0,    3,    2,    0,    0,   29,    2,  103],
       [   0,    0, 1078,    1,    1,    0,    0,    3,    1,   51],
       [   0,   17,  131,  653,    5,    2,    0,   29,   18,  177],
       [   0,   12,   21,   85,  562,    0,    0,   11,   14,  305],
       [  23,    2,   12,    3,   11,  187,    0,   54,   39,  651],
       [   6,   37,   70,   16,  107,    1,    0,   25,   24,  606],
       [   0,   29,   29,   13,    1,    1,    0,  800,    1,   84],
       [  13,    2,   50,    1,    0,    0,    0,    7,  870,   85],
       [   0,    4,   16,    3,    9,    0,    0,    3,    7,  932],
       [  67,    4,    5,    4,    7,    0,    0,   14,  155,  753]],
      dtype=int64)}, 5.660188100009691)
[2024-08-13 15:51:07,650][flwr][INFO] - configure_evaluate: no clients selected, skipping evaluation
[2024-08-13 15:51:07,650][flwr][INFO] - 
[2024-08-13 15:51:07,650][flwr][INFO] - [ROUND 2]
[2024-08-13 15:51:07,650][flwr][INFO] - configure_fit: strategy sampled 10 clients (out of 100)
[2024-08-13 15:51:08,861][flwr][INFO] - aggregate_fit: received 10 results and 0 failures
[2024-08-13 15:51:10,955][flwr][INFO] - fit progress: (2, 2.865807328616614, {'accuracy': 0.0609, 'precision': 0.05589011343406586, 'recall': 0.0609, 'f1': 0.05564563676138826, 'confusion_matrix': array([[ 191,  708,    0,    7,    9,    0,   41,   24,    0,    0],
       [   1,    0, 1112,    2,   11,    0,    3,    5,    1,    0],
       [  35,   11,   93,  822,   10,   12,    2,   32,   15,    0],
       [  25,    9,   14,  107,  804,    0,   17,   10,   24,    0],
       [  88,    0,   18,    2,   16,  815,    2,   35,    6,    0],
       [ 178,   24,   66,   21,  209,   40,  308,   22,   24,    0],
       [  14,   12,   31,   16,    2,    4,   94,  785,    0,    0],
       [ 116,    1,   60,   17,    7,    5,    0,    9,  813,    0],
       [ 264,    5,   98,  129,  341,   24,   42,   12,   59,    0],
       [ 808,    1,   14,    5,   26,   73,    1,    6,   75,    0]],
      dtype=int64)}, 8.966823200011277)
[2024-08-13 15:51:10,956][flwr][INFO] - configure_evaluate: no clients selected, skipping evaluation
[2024-08-13 15:51:10,956][flwr][INFO] - 
[2024-08-13 15:51:10,956][flwr][INFO] - [ROUND 3]
[2024-08-13 15:51:10,956][flwr][INFO] - configure_fit: strategy sampled 10 clients (out of 100)
[2024-08-13 15:51:12,127][flwr][INFO] - aggregate_fit: received 10 results and 0 failures
[2024-08-13 15:51:14,221][flwr][INFO] - fit progress: (3, 2.3455959489564493, {'accuracy': 0.07, 'precision': 0.06959720236008571, 'recall': 0.07, 'f1': 0.06713922887184905, 'confusion_matrix': array([[  48,  788,    1,    3,    2,    2,   99,   35,    2,    0],
       [   0,    2, 1107,    3,    1,    0,   14,    5,    2,    1],
       [   6,   24,  130,  729,    6,   24,   10,   63,   26,   14],
       [   3,   30,   14,  192,  602,    1,   89,   12,   40,   27],
       [   7,    0,    9,    0,    5,  888,    2,   54,    9,    8],
       [  27,   73,   45,   11,   48,   74,  533,   28,   48,    5],
       [   2,   22,   20,    6,    1,    2,  166,  739,    0,    0],
       [  29,    1,   55,    6,    2,   15,    1,   15,  898,    6],
       [   9,   14,   42,   59,   69,   31,  102,   16,   55,  577],
       [ 240,    2,    8,    4,   20,  458,   15,   22,  227,   13]],
      dtype=int64)}, 12.23244990000967)
[2024-08-13 15:51:14,221][flwr][INFO] - configure_evaluate: no clients selected, skipping evaluation
[2024-08-13 15:51:14,222][flwr][INFO] - 
[2024-08-13 15:51:14,222][flwr][INFO] - [ROUND 4]
[2024-08-13 15:51:14,222][flwr][INFO] - configure_fit: strategy sampled 10 clients (out of 100)
[2024-08-13 15:51:15,361][flwr][INFO] - aggregate_fit: received 10 results and 0 failures
[2024-08-13 15:51:17,452][flwr][INFO] - fit progress: (4, 2.1401504203568544, {'accuracy': 0.1501, 'precision': 0.12444363227023916, 'recall': 0.1501, 'f1': 0.12654778893992757, 'confusion_matrix': array([[ 657,  273,    0,    3,    7,    0,   21,   10,    0,    9],
       [   1,    2, 1078,    3,    4,    0,    1,    3,    1,   42],
       [  49,    9,   99,  744,   14,    5,    7,   24,   10,   71],
       [  20,   11,    6,  127,  732,    0,   16,   10,    7,   81],
       [ 181,    0,    6,    2,  124,  495,    4,   27,    0,  143],
       [ 196,   55,   37,   18,  187,   15,  223,   14,   11,  136],
       [  45,   12,   19,    7,    5,    1,  193,  665,    0,   11],
       [ 153,    1,   38,    4,   15,    0,    0,    9,  744,   64],
       [  30,    3,   11,   13,   75,    1,   12,    4,    5,  820],
       [ 659,    0,    3,    5,   44,    8,    0,    3,   17,  270]],
      dtype=int64)}, 15.463615600005141)
[2024-08-13 15:51:17,453][flwr][INFO] - configure_evaluate: no clients selected, skipping evaluation
[2024-08-13 15:51:17,453][flwr][INFO] - 
[2024-08-13 15:51:17,453][flwr][INFO] - [ROUND 5]
[2024-08-13 15:51:17,453][flwr][INFO] - configure_fit: strategy sampled 10 clients (out of 100)
[2024-08-13 15:51:18,639][flwr][INFO] - aggregate_fit: received 10 results and 0 failures
[2024-08-13 15:51:20,755][flwr][INFO] - fit progress: (5, 2.0515652956135595, {'accuracy': 0.1226, 'precision': 0.10830396678292595, 'recall': 0.1226, 'f1': 0.10401072380447914, 'confusion_matrix': array([[   4,  849,    1,    1,    2,    5,   85,   28,    5,    0],
       [   0,   20, 1088,    3,    1,    0,   17,    4,    2,    0],
       [   0,   44,  194,  668,    7,   26,   15,   39,   37,    2],
       [   0,   66,   14,  238,  512,    3,   82,   12,   83,    0],
       [   1,    3,    4,    0,    7,  907,    9,   41,    8,    2],
       [   1,  117,   29,   10,   34,  145,  479,   19,   57,    1],
       [   0,   38,   14,    4,    1,    3,  262,  636,    0,    0],
       [   7,    7,   47,    9,    5,   22,    1,   21,  909,    0],
       [   0,   83,   38,   84,   60,   84,  130,   12,  335,  148],
       [  11,   11,    3,    7,   20,  628,   16,   40,  273,    0]],
      dtype=int64)}, 18.7662008000043)
[2024-08-13 15:51:20,756][flwr][INFO] - configure_evaluate: no clients selected, skipping evaluation
[2024-08-13 15:51:20,756][flwr][INFO] - 
[2024-08-13 15:51:20,756][flwr][INFO] - [ROUND 6]
[2024-08-13 15:51:20,756][flwr][INFO] - configure_fit: strategy sampled 10 clients (out of 100)
[2024-08-13 15:51:22,067][flwr][INFO] - aggregate_fit: received 10 results and 0 failures
[2024-08-13 15:51:24,157][flwr][INFO] - fit progress: (6, 1.8323241465785198, {'accuracy': 0.2103, 'precision': 0.16824613115200757, 'recall': 0.2103, 'f1': 0.17631360464986065, 'confusion_matrix': array([[ 817,   92,    2,    6,    3,    0,   30,   23,    0,    7],
       [   1,    5, 1106,    3,    2,    0,    2,    6,    0,   10],
       [  55,    6,  304,  534,   18,    5,   10,   41,   10,   49],
       [  24,   14,   15,  176,  645,    0,   27,   15,    7,   87],
       [ 121,    0,    8,    0,  178,  500,    4,   66,    1,  104],
       [ 176,   51,   40,   19,  118,   29,  302,   31,   15,  111],
       [  38,    4,   24,    3,    3,    0,  196,  687,    0,    3],
       [ 174,    0,   59,    2,   12,    1,    0,   92,  649,   39],
       [  36,    3,   34,   11,   55,    1,   18,    8,    3,  805],
       [ 619,    0,    3,    2,   44,    8,    0,   20,   10,  303]],
      dtype=int64)}, 22.16868700001214)
[2024-08-13 15:51:24,158][flwr][INFO] - configure_evaluate: no clients selected, skipping evaluation
[2024-08-13 15:51:24,158][flwr][INFO] - 
[2024-08-13 15:51:24,158][flwr][INFO] - [ROUND 7]
[2024-08-13 15:51:24,158][flwr][INFO] - configure_fit: strategy sampled 10 clients (out of 100)
[2024-08-13 15:51:25,309][flwr][INFO] - aggregate_fit: received 10 results and 0 failures
[2024-08-13 15:51:27,392][flwr][INFO] - fit progress: (7, 1.9172999952366754, {'accuracy': 0.2071, 'precision': 0.19485446940049117, 'recall': 0.2071, 'f1': 0.16880554061138991, 'confusion_matrix': array([[  3, 863,   0,   5,   2,   5,  55,  27,  20,   0],
       [  0, 376, 723,   3,   1,   0,  15,   3,  14,   0],
       [  0,  38, 135, 728,   6,  23,  12,  29,  61,   0],
       [  0,  56,   6, 445, 319,   3,  59,  12, 110,   0],
       [  0,   3,   0,   5,  30, 877,  10,  31,  25,   1],
       [  0, 128,  15,  30,  34, 173, 395,  18,  99,   0],
       [  0,  46,   7,   5,   3,   4, 301, 592,   0,   0],
       [  2,  13,  26,  12,   5,  17,   1,  25, 927,   0],
       [  0,  62,  15, 122,  30,  55,  66,   9, 582,  33],
       [  2,  12,   2,  11,  35, 468,   6,  30, 442,   1]], dtype=int64)}, 25.403049000000465)
[2024-08-13 15:51:27,393][flwr][INFO] - configure_evaluate: no clients selected, skipping evaluation
[2024-08-13 15:51:27,393][flwr][INFO] - 
[2024-08-13 15:51:27,393][flwr][INFO] - [ROUND 8]
[2024-08-13 15:51:27,393][flwr][INFO] - configure_fit: strategy sampled 10 clients (out of 100)
[2024-08-13 15:51:28,566][flwr][INFO] - aggregate_fit: received 10 results and 0 failures
[2024-08-13 15:51:30,796][flwr][INFO] - fit progress: (8, 1.7398443664622034, {'accuracy': 0.2795, 'precision': 0.2259183453620912, 'recall': 0.2795, 'f1': 0.24002317479104668, 'confusion_matrix': array([[ 703,  159,    1,    4,    7,    2,   57,   33,    0,   14],
       [   1,    8, 1104,    3,    2,    0,    3,    6,    0,    8],
       [  27,    6,  480,  373,   29,    6,   12,   42,    4,   53],
       [  10,   16,   20,  214,  615,    0,   24,   19,    3,   89],
       [  55,    1,    6,    0,  258,  489,    5,   64,    0,  104],
       [  94,   49,   36,   19,  108,   45,  370,   31,    5,  135],
       [  22,    7,   27,    0,    6,    1,  204,  686,    0,    5],
       [ 174,    0,   79,    0,   25,    1,    0,  454,  223,   72],
       [  15,    5,   40,    9,   58,    0,   18,   10,    1,  818],
       [ 477,    0,    4,    4,   52,   10,    1,   33,    0,  428]],
      dtype=int64)}, 28.80749150000338)
[2024-08-13 15:51:30,796][flwr][INFO] - configure_evaluate: no clients selected, skipping evaluation
[2024-08-13 15:51:30,797][flwr][INFO] - 
[2024-08-13 15:51:30,797][flwr][INFO] - [ROUND 9]
[2024-08-13 15:51:30,797][flwr][INFO] - configure_fit: strategy sampled 10 clients (out of 100)
[2024-08-13 15:51:31,984][flwr][INFO] - aggregate_fit: received 10 results and 0 failures
[2024-08-13 15:51:34,073][flwr][INFO] - fit progress: (9, 1.9053415169750694, {'accuracy': 0.1456, 'precision': 0.12048494507309915, 'recall': 0.1456, 'f1': 0.12675663681495894, 'confusion_matrix': array([[  16,  880,    0,    3,    2,    3,   27,   30,   19,    0],
       [   0,   23, 1089,    3,    1,    0,   10,    3,    6,    0],
       [   5,   30,  188,  695,    6,   16,   10,   24,   56,    2],
       [   0,   43,   12,  384,  411,    4,   47,   13,   94,    2],
       [   8,    2,    0,    4,   29,  880,    8,   28,   20,    3],
       [  16,  103,   22,   27,   39,  162,  413,   23,   85,    2],
       [   1,   44,   13,    4,    3,    6,  219,  668,    0,    0],
       [  22,    7,   40,   11,    5,   13,    1,   20,  909,    0],
       [   0,   38,   33,  108,   40,   49,   50,    9,  403,  244],
       [ 399,    6,    2,    9,   26,  241,    7,   17,  290,   12]],
      dtype=int64)}, 32.084828100007144)
[2024-08-13 15:51:34,074][flwr][INFO] - configure_evaluate: no clients selected, skipping evaluation
[2024-08-13 15:51:34,074][flwr][INFO] - 
[2024-08-13 15:51:34,074][flwr][INFO] - [ROUND 10]
[2024-08-13 15:51:34,074][flwr][INFO] - configure_fit: strategy sampled 10 clients (out of 100)
[2024-08-13 15:51:35,378][flwr][INFO] - aggregate_fit: received 10 results and 0 failures
[2024-08-13 15:51:37,468][flwr][INFO] - fit progress: (10, 1.7873508671956482, {'accuracy': 0.2296, 'precision': 0.184024472385434, 'recall': 0.2296, 'f1': 0.19175021733687472, 'confusion_matrix': array([[ 700,  191,    1,    1,    7,    2,   39,   28,    0,   11],
       [   1,    4, 1107,    3,    2,    0,    2,    5,    0,   11],
       [  42,    6,  537,  293,   36,    6,   11,   37,    7,   57],
       [  19,   14,   25,   91,  736,    0,   16,   20,    4,   85],
       [  89,    0,    7,    0,  209,  543,    3,   46,    0,   85],
       [ 131,   44,   34,    5,  121,   65,  344,   29,    8,  111],
       [  29,    8,   23,    0,    7,    1,  184,  700,    0,    6],
       [ 251,    0,   72,    0,   21,    2,    0,  248,  380,   54],
       [  24,    4,   37,    4,   62,    2,   15,   11,    1,  814],
       [ 673,    1,    4,    3,   44,   14,    1,   12,    0,  257]],
      dtype=int64)}, 35.47955010000442)
[2024-08-13 15:51:37,469][flwr][INFO] - configure_evaluate: no clients selected, skipping evaluation
[2024-08-13 15:51:37,469][flwr][INFO] - 
[2024-08-13 15:51:37,469][flwr][INFO] - [SUMMARY]
[2024-08-13 15:51:37,469][flwr][INFO] - Run finished 10 round(s) in 35.48s
[2024-08-13 15:51:37,477][flwr][INFO] - 	History (loss, centralized):
[2024-08-13 15:51:37,478][flwr][INFO] - 		round 0: 2.3025850929940455
[2024-08-13 15:51:37,478][flwr][INFO] - 		round 1: 3.300532548065993
[2024-08-13 15:51:37,478][flwr][INFO] - 		round 2: 2.865807328616614
[2024-08-13 15:51:37,478][flwr][INFO] - 		round 3: 2.3455959489564493
[2024-08-13 15:51:37,478][flwr][INFO] - 		round 4: 2.1401504203568544
[2024-08-13 15:51:37,478][flwr][INFO] - 		round 5: 2.0515652956135595
[2024-08-13 15:51:37,478][flwr][INFO] - 		round 6: 1.8323241465785198
[2024-08-13 15:51:37,478][flwr][INFO] - 		round 7: 1.9172999952366754
[2024-08-13 15:51:37,478][flwr][INFO] - 		round 8: 1.7398443664622034
[2024-08-13 15:51:37,478][flwr][INFO] - 		round 9: 1.9053415169750694
[2024-08-13 15:51:37,478][flwr][INFO] - 		round 10: 1.7873508671956482
[2024-08-13 15:51:37,478][flwr][INFO] - 	History (metrics, centralized):
[2024-08-13 15:51:37,478][flwr][INFO] - 	{'accuracy': [(0, 0.098),
[2024-08-13 15:51:37,478][flwr][INFO] - 	              (1, 0.0998),
[2024-08-13 15:51:37,478][flwr][INFO] - 	              (2, 0.0609),
[2024-08-13 15:51:37,479][flwr][INFO] - 	              (3, 0.07),
[2024-08-13 15:51:37,479][flwr][INFO] - 	              (4, 0.1501),
[2024-08-13 15:51:37,479][flwr][INFO] - 	              (5, 0.1226),
[2024-08-13 15:51:37,479][flwr][INFO] - 	              (6, 0.2103),
[2024-08-13 15:51:37,479][flwr][INFO] - 	              (7, 0.2071),
[2024-08-13 15:51:37,479][flwr][INFO] - 	              (8, 0.2795),
[2024-08-13 15:51:37,479][flwr][INFO] - 	              (9, 0.1456),
[2024-08-13 15:51:37,479][flwr][INFO] - 	              (10, 0.2296)],
[2024-08-13 15:51:37,479][flwr][INFO] - 	 'confusion_matrix': [(0,
[2024-08-13 15:51:37,479][flwr][INFO] - 	                       array([[ 980,    0,    0,    0,    0,    0,    0,    0,    0,    0],
[2024-08-13 15:51:37,479][flwr][INFO] - 	       [1135,    0,    0,    0,    0,    0,    0,    0,    0,    0],
[2024-08-13 15:51:37,479][flwr][INFO] - 	       [1032,    0,    0,    0,    0,    0,    0,    0,    0,    0],
[2024-08-13 15:51:37,479][flwr][INFO] - 	       [1010,    0,    0,    0,    0,    0,    0,    0,    0,    0],
[2024-08-13 15:51:37,479][flwr][INFO] - 	       [ 982,    0,    0,    0,    0,    0,    0,    0,    0,    0],
[2024-08-13 15:51:37,479][flwr][INFO] - 	       [ 892,    0,    0,    0,    0,    0,    0,    0,    0,    0],
[2024-08-13 15:51:37,479][flwr][INFO] - 	       [ 958,    0,    0,    0,    0,    0,    0,    0,    0,    0],
[2024-08-13 15:51:37,479][flwr][INFO] - 	       [1028,    0,    0,    0,    0,    0,    0,    0,    0,    0],
[2024-08-13 15:51:37,480][flwr][INFO] - 	       [ 974,    0,    0,    0,    0,    0,    0,    0,    0,    0],
[2024-08-13 15:51:37,480][flwr][INFO] - 	       [1009,    0,    0,    0,    0,    0,    0,    0,    0,    0]],
[2024-08-13 15:51:37,480][flwr][INFO] - 	      dtype=int64)),
[2024-08-13 15:51:37,480][flwr][INFO] - 	                      (1,
[2024-08-13 15:51:37,480][flwr][INFO] - 	                       array([[   3,  838,    0,    3,    2,    0,    0,   29,    2,  103],
[2024-08-13 15:51:37,480][flwr][INFO] - 	       [   0,    0, 1078,    1,    1,    0,    0,    3,    1,   51],
[2024-08-13 15:51:37,480][flwr][INFO] - 	       [   0,   17,  131,  653,    5,    2,    0,   29,   18,  177],
[2024-08-13 15:51:37,480][flwr][INFO] - 	       [   0,   12,   21,   85,  562,    0,    0,   11,   14,  305],
[2024-08-13 15:51:37,480][flwr][INFO] - 	       [  23,    2,   12,    3,   11,  187,    0,   54,   39,  651],
[2024-08-13 15:51:37,480][flwr][INFO] - 	       [   6,   37,   70,   16,  107,    1,    0,   25,   24,  606],
[2024-08-13 15:51:37,480][flwr][INFO] - 	       [   0,   29,   29,   13,    1,    1,    0,  800,    1,   84],
[2024-08-13 15:51:37,480][flwr][INFO] - 	       [  13,    2,   50,    1,    0,    0,    0,    7,  870,   85],
[2024-08-13 15:51:37,480][flwr][INFO] - 	       [   0,    4,   16,    3,    9,    0,    0,    3,    7,  932],
[2024-08-13 15:51:37,480][flwr][INFO] - 	       [  67,    4,    5,    4,    7,    0,    0,   14,  155,  753]],
[2024-08-13 15:51:37,480][flwr][INFO] - 	      dtype=int64)),
[2024-08-13 15:51:37,480][flwr][INFO] - 	                      (2,
[2024-08-13 15:51:37,480][flwr][INFO] - 	                       array([[ 191,  708,    0,    7,    9,    0,   41,   24,    0,    0],
[2024-08-13 15:51:37,481][flwr][INFO] - 	       [   1,    0, 1112,    2,   11,    0,    3,    5,    1,    0],
[2024-08-13 15:51:37,481][flwr][INFO] - 	       [  35,   11,   93,  822,   10,   12,    2,   32,   15,    0],
[2024-08-13 15:51:37,481][flwr][INFO] - 	       [  25,    9,   14,  107,  804,    0,   17,   10,   24,    0],
[2024-08-13 15:51:37,481][flwr][INFO] - 	       [  88,    0,   18,    2,   16,  815,    2,   35,    6,    0],
[2024-08-13 15:51:37,481][flwr][INFO] - 	       [ 178,   24,   66,   21,  209,   40,  308,   22,   24,    0],
[2024-08-13 15:51:37,481][flwr][INFO] - 	       [  14,   12,   31,   16,    2,    4,   94,  785,    0,    0],
[2024-08-13 15:51:37,481][flwr][INFO] - 	       [ 116,    1,   60,   17,    7,    5,    0,    9,  813,    0],
[2024-08-13 15:51:37,481][flwr][INFO] - 	       [ 264,    5,   98,  129,  341,   24,   42,   12,   59,    0],
[2024-08-13 15:51:37,481][flwr][INFO] - 	       [ 808,    1,   14,    5,   26,   73,    1,    6,   75,    0]],
[2024-08-13 15:51:37,481][flwr][INFO] - 	      dtype=int64)),
[2024-08-13 15:51:37,481][flwr][INFO] - 	                      (3,
[2024-08-13 15:51:37,481][flwr][INFO] - 	                       array([[  48,  788,    1,    3,    2,    2,   99,   35,    2,    0],
[2024-08-13 15:51:37,481][flwr][INFO] - 	       [   0,    2, 1107,    3,    1,    0,   14,    5,    2,    1],
[2024-08-13 15:51:37,481][flwr][INFO] - 	       [   6,   24,  130,  729,    6,   24,   10,   63,   26,   14],
[2024-08-13 15:51:37,481][flwr][INFO] - 	       [   3,   30,   14,  192,  602,    1,   89,   12,   40,   27],
[2024-08-13 15:51:37,481][flwr][INFO] - 	       [   7,    0,    9,    0,    5,  888,    2,   54,    9,    8],
[2024-08-13 15:51:37,481][flwr][INFO] - 	       [  27,   73,   45,   11,   48,   74,  533,   28,   48,    5],
[2024-08-13 15:51:37,482][flwr][INFO] - 	       [   2,   22,   20,    6,    1,    2,  166,  739,    0,    0],
[2024-08-13 15:51:37,482][flwr][INFO] - 	       [  29,    1,   55,    6,    2,   15,    1,   15,  898,    6],
[2024-08-13 15:51:37,482][flwr][INFO] - 	       [   9,   14,   42,   59,   69,   31,  102,   16,   55,  577],
[2024-08-13 15:51:37,482][flwr][INFO] - 	       [ 240,    2,    8,    4,   20,  458,   15,   22,  227,   13]],
[2024-08-13 15:51:37,482][flwr][INFO] - 	      dtype=int64)),
[2024-08-13 15:51:37,482][flwr][INFO] - 	                      (4,
[2024-08-13 15:51:37,482][flwr][INFO] - 	                       array([[ 657,  273,    0,    3,    7,    0,   21,   10,    0,    9],
[2024-08-13 15:51:37,482][flwr][INFO] - 	       [   1,    2, 1078,    3,    4,    0,    1,    3,    1,   42],
[2024-08-13 15:51:37,482][flwr][INFO] - 	       [  49,    9,   99,  744,   14,    5,    7,   24,   10,   71],
[2024-08-13 15:51:37,482][flwr][INFO] - 	       [  20,   11,    6,  127,  732,    0,   16,   10,    7,   81],
[2024-08-13 15:51:37,482][flwr][INFO] - 	       [ 181,    0,    6,    2,  124,  495,    4,   27,    0,  143],
[2024-08-13 15:51:37,482][flwr][INFO] - 	       [ 196,   55,   37,   18,  187,   15,  223,   14,   11,  136],
[2024-08-13 15:51:37,482][flwr][INFO] - 	       [  45,   12,   19,    7,    5,    1,  193,  665,    0,   11],
[2024-08-13 15:51:37,482][flwr][INFO] - 	       [ 153,    1,   38,    4,   15,    0,    0,    9,  744,   64],
[2024-08-13 15:51:37,482][flwr][INFO] - 	       [  30,    3,   11,   13,   75,    1,   12,    4,    5,  820],
[2024-08-13 15:51:37,482][flwr][INFO] - 	       [ 659,    0,    3,    5,   44,    8,    0,    3,   17,  270]],
[2024-08-13 15:51:37,482][flwr][INFO] - 	      dtype=int64)),
[2024-08-13 15:51:37,483][flwr][INFO] - 	                      (5,
[2024-08-13 15:51:37,483][flwr][INFO] - 	                       array([[   4,  849,    1,    1,    2,    5,   85,   28,    5,    0],
[2024-08-13 15:51:37,483][flwr][INFO] - 	       [   0,   20, 1088,    3,    1,    0,   17,    4,    2,    0],
[2024-08-13 15:51:37,483][flwr][INFO] - 	       [   0,   44,  194,  668,    7,   26,   15,   39,   37,    2],
[2024-08-13 15:51:37,483][flwr][INFO] - 	       [   0,   66,   14,  238,  512,    3,   82,   12,   83,    0],
[2024-08-13 15:51:37,483][flwr][INFO] - 	       [   1,    3,    4,    0,    7,  907,    9,   41,    8,    2],
[2024-08-13 15:51:37,483][flwr][INFO] - 	       [   1,  117,   29,   10,   34,  145,  479,   19,   57,    1],
[2024-08-13 15:51:37,483][flwr][INFO] - 	       [   0,   38,   14,    4,    1,    3,  262,  636,    0,    0],
[2024-08-13 15:51:37,483][flwr][INFO] - 	       [   7,    7,   47,    9,    5,   22,    1,   21,  909,    0],
[2024-08-13 15:51:37,483][flwr][INFO] - 	       [   0,   83,   38,   84,   60,   84,  130,   12,  335,  148],
[2024-08-13 15:51:37,483][flwr][INFO] - 	       [  11,   11,    3,    7,   20,  628,   16,   40,  273,    0]],
[2024-08-13 15:51:37,483][flwr][INFO] - 	      dtype=int64)),
[2024-08-13 15:51:37,483][flwr][INFO] - 	                      (6,
[2024-08-13 15:51:37,483][flwr][INFO] - 	                       array([[ 817,   92,    2,    6,    3,    0,   30,   23,    0,    7],
[2024-08-13 15:51:37,483][flwr][INFO] - 	       [   1,    5, 1106,    3,    2,    0,    2,    6,    0,   10],
[2024-08-13 15:51:37,483][flwr][INFO] - 	       [  55,    6,  304,  534,   18,    5,   10,   41,   10,   49],
[2024-08-13 15:51:37,483][flwr][INFO] - 	       [  24,   14,   15,  176,  645,    0,   27,   15,    7,   87],
[2024-08-13 15:51:37,484][flwr][INFO] - 	       [ 121,    0,    8,    0,  178,  500,    4,   66,    1,  104],
[2024-08-13 15:51:37,484][flwr][INFO] - 	       [ 176,   51,   40,   19,  118,   29,  302,   31,   15,  111],
[2024-08-13 15:51:37,484][flwr][INFO] - 	       [  38,    4,   24,    3,    3,    0,  196,  687,    0,    3],
[2024-08-13 15:51:37,484][flwr][INFO] - 	       [ 174,    0,   59,    2,   12,    1,    0,   92,  649,   39],
[2024-08-13 15:51:37,484][flwr][INFO] - 	       [  36,    3,   34,   11,   55,    1,   18,    8,    3,  805],
[2024-08-13 15:51:37,484][flwr][INFO] - 	       [ 619,    0,    3,    2,   44,    8,    0,   20,   10,  303]],
[2024-08-13 15:51:37,484][flwr][INFO] - 	      dtype=int64)),
[2024-08-13 15:51:37,484][flwr][INFO] - 	                      (7,
[2024-08-13 15:51:37,484][flwr][INFO] - 	                       array([[  3, 863,   0,   5,   2,   5,  55,  27,  20,   0],
[2024-08-13 15:51:37,484][flwr][INFO] - 	       [  0, 376, 723,   3,   1,   0,  15,   3,  14,   0],
[2024-08-13 15:51:37,484][flwr][INFO] - 	       [  0,  38, 135, 728,   6,  23,  12,  29,  61,   0],
[2024-08-13 15:51:37,484][flwr][INFO] - 	       [  0,  56,   6, 445, 319,   3,  59,  12, 110,   0],
[2024-08-13 15:51:37,484][flwr][INFO] - 	       [  0,   3,   0,   5,  30, 877,  10,  31,  25,   1],
[2024-08-13 15:51:37,484][flwr][INFO] - 	       [  0, 128,  15,  30,  34, 173, 395,  18,  99,   0],
[2024-08-13 15:51:37,484][flwr][INFO] - 	       [  0,  46,   7,   5,   3,   4, 301, 592,   0,   0],
[2024-08-13 15:51:37,484][flwr][INFO] - 	       [  2,  13,  26,  12,   5,  17,   1,  25, 927,   0],
[2024-08-13 15:51:37,484][flwr][INFO] - 	       [  0,  62,  15, 122,  30,  55,  66,   9, 582,  33],
[2024-08-13 15:51:37,485][flwr][INFO] - 	       [  2,  12,   2,  11,  35, 468,   6,  30, 442,   1]], dtype=int64)),
[2024-08-13 15:51:37,485][flwr][INFO] - 	                      (8,
[2024-08-13 15:51:37,485][flwr][INFO] - 	                       array([[ 703,  159,    1,    4,    7,    2,   57,   33,    0,   14],
[2024-08-13 15:51:37,485][flwr][INFO] - 	       [   1,    8, 1104,    3,    2,    0,    3,    6,    0,    8],
[2024-08-13 15:51:37,485][flwr][INFO] - 	       [  27,    6,  480,  373,   29,    6,   12,   42,    4,   53],
[2024-08-13 15:51:37,485][flwr][INFO] - 	       [  10,   16,   20,  214,  615,    0,   24,   19,    3,   89],
[2024-08-13 15:51:37,485][flwr][INFO] - 	       [  55,    1,    6,    0,  258,  489,    5,   64,    0,  104],
[2024-08-13 15:51:37,485][flwr][INFO] - 	       [  94,   49,   36,   19,  108,   45,  370,   31,    5,  135],
[2024-08-13 15:51:37,485][flwr][INFO] - 	       [  22,    7,   27,    0,    6,    1,  204,  686,    0,    5],
[2024-08-13 15:51:37,485][flwr][INFO] - 	       [ 174,    0,   79,    0,   25,    1,    0,  454,  223,   72],
[2024-08-13 15:51:37,485][flwr][INFO] - 	       [  15,    5,   40,    9,   58,    0,   18,   10,    1,  818],
[2024-08-13 15:51:37,485][flwr][INFO] - 	       [ 477,    0,    4,    4,   52,   10,    1,   33,    0,  428]],
[2024-08-13 15:51:37,485][flwr][INFO] - 	      dtype=int64)),
[2024-08-13 15:51:37,485][flwr][INFO] - 	                      (9,
[2024-08-13 15:51:37,485][flwr][INFO] - 	                       array([[  16,  880,    0,    3,    2,    3,   27,   30,   19,    0],
[2024-08-13 15:51:37,485][flwr][INFO] - 	       [   0,   23, 1089,    3,    1,    0,   10,    3,    6,    0],
[2024-08-13 15:51:37,485][flwr][INFO] - 	       [   5,   30,  188,  695,    6,   16,   10,   24,   56,    2],
[2024-08-13 15:51:37,486][flwr][INFO] - 	       [   0,   43,   12,  384,  411,    4,   47,   13,   94,    2],
[2024-08-13 15:51:37,486][flwr][INFO] - 	       [   8,    2,    0,    4,   29,  880,    8,   28,   20,    3],
[2024-08-13 15:51:37,486][flwr][INFO] - 	       [  16,  103,   22,   27,   39,  162,  413,   23,   85,    2],
[2024-08-13 15:51:37,486][flwr][INFO] - 	       [   1,   44,   13,    4,    3,    6,  219,  668,    0,    0],
[2024-08-13 15:51:37,486][flwr][INFO] - 	       [  22,    7,   40,   11,    5,   13,    1,   20,  909,    0],
[2024-08-13 15:51:37,486][flwr][INFO] - 	       [   0,   38,   33,  108,   40,   49,   50,    9,  403,  244],
[2024-08-13 15:51:37,486][flwr][INFO] - 	       [ 399,    6,    2,    9,   26,  241,    7,   17,  290,   12]],
[2024-08-13 15:51:37,486][flwr][INFO] - 	      dtype=int64)),
[2024-08-13 15:51:37,486][flwr][INFO] - 	                      (10,
[2024-08-13 15:51:37,486][flwr][INFO] - 	                       array([[ 700,  191,    1,    1,    7,    2,   39,   28,    0,   11],
[2024-08-13 15:51:37,486][flwr][INFO] - 	       [   1,    4, 1107,    3,    2,    0,    2,    5,    0,   11],
[2024-08-13 15:51:37,486][flwr][INFO] - 	       [  42,    6,  537,  293,   36,    6,   11,   37,    7,   57],
[2024-08-13 15:51:37,486][flwr][INFO] - 	       [  19,   14,   25,   91,  736,    0,   16,   20,    4,   85],
[2024-08-13 15:51:37,486][flwr][INFO] - 	       [  89,    0,    7,    0,  209,  543,    3,   46,    0,   85],
[2024-08-13 15:51:37,486][flwr][INFO] - 	       [ 131,   44,   34,    5,  121,   65,  344,   29,    8,  111],
[2024-08-13 15:51:37,486][flwr][INFO] - 	       [  29,    8,   23,    0,    7,    1,  184,  700,    0,    6],
[2024-08-13 15:51:37,486][flwr][INFO] - 	       [ 251,    0,   72,    0,   21,    2,    0,  248,  380,   54],
[2024-08-13 15:51:37,487][flwr][INFO] - 	       [  24,    4,   37,    4,   62,    2,   15,   11,    1,  814],
[2024-08-13 15:51:37,487][flwr][INFO] - 	       [ 673,    1,    4,    3,   44,   14,    1,   12,    0,  257]],
[2024-08-13 15:51:37,487][flwr][INFO] - 	      dtype=int64))],
[2024-08-13 15:51:37,487][flwr][INFO] - 	 'f1': [(0, 0.017493624772313296),
[2024-08-13 15:51:37,487][flwr][INFO] - 	        (1, 0.05594501946636317),
[2024-08-13 15:51:37,487][flwr][INFO] - 	        (2, 0.05564563676138826),
[2024-08-13 15:51:37,487][flwr][INFO] - 	        (3, 0.06713922887184905),
[2024-08-13 15:51:37,487][flwr][INFO] - 	        (4, 0.12654778893992757),
[2024-08-13 15:51:37,487][flwr][INFO] - 	        (5, 0.10401072380447914),
[2024-08-13 15:51:37,487][flwr][INFO] - 	        (6, 0.17631360464986065),
[2024-08-13 15:51:37,487][flwr][INFO] - 	        (7, 0.16880554061138991),
[2024-08-13 15:51:37,487][flwr][INFO] - 	        (8, 0.24002317479104668),
[2024-08-13 15:51:37,487][flwr][INFO] - 	        (9, 0.12675663681495894),
[2024-08-13 15:51:37,487][flwr][INFO] - 	        (10, 0.19175021733687472)],
[2024-08-13 15:51:37,487][flwr][INFO] - 	 'precision': [(0, 0.009604000000000001),
[2024-08-13 15:51:37,487][flwr][INFO] - 	               (1, 0.046794801597070945),
[2024-08-13 15:51:37,487][flwr][INFO] - 	               (2, 0.05589011343406586),
[2024-08-13 15:51:37,488][flwr][INFO] - 	               (3, 0.06959720236008571),
[2024-08-13 15:51:37,488][flwr][INFO] - 	               (4, 0.12444363227023916),
[2024-08-13 15:51:37,488][flwr][INFO] - 	               (5, 0.10830396678292595),
[2024-08-13 15:51:37,488][flwr][INFO] - 	               (6, 0.16824613115200757),
[2024-08-13 15:51:37,488][flwr][INFO] - 	               (7, 0.19485446940049117),
[2024-08-13 15:51:37,488][flwr][INFO] - 	               (8, 0.2259183453620912),
[2024-08-13 15:51:37,488][flwr][INFO] - 	               (9, 0.12048494507309915),
[2024-08-13 15:51:37,488][flwr][INFO] - 	               (10, 0.184024472385434)],
[2024-08-13 15:51:37,489][flwr][INFO] - 	 'recall': [(0, 0.098),
[2024-08-13 15:51:37,489][flwr][INFO] - 	            (1, 0.0998),
[2024-08-13 15:51:37,489][flwr][INFO] - 	            (2, 0.0609),
[2024-08-13 15:51:37,489][flwr][INFO] - 	            (3, 0.07),
[2024-08-13 15:51:37,489][flwr][INFO] - 	            (4, 0.1501),
[2024-08-13 15:51:37,489][flwr][INFO] - 	            (5, 0.1226),
[2024-08-13 15:51:37,489][flwr][INFO] - 	            (6, 0.2103),
[2024-08-13 15:51:37,489][flwr][INFO] - 	            (7, 0.2071),
[2024-08-13 15:51:37,489][flwr][INFO] - 	            (8, 0.2795),
[2024-08-13 15:51:37,489][flwr][INFO] - 	            (9, 0.1456),
[2024-08-13 15:51:37,489][flwr][INFO] - 	            (10, 0.2296)]}
[2024-08-13 15:51:37,489][flwr][INFO] - 
