[2024-08-13 10:31:20,563][flwr][INFO] - Starting Flower simulation, config: num_rounds=10, no round_timeout
[2024-08-13 10:31:24,688][flwr][INFO] - Flower VCE: Ray initialized with resources: {'CPU': 16.0, 'GPU': 1.0, 'node:__internal_head__': 1.0, 'node:127.0.0.1': 1.0, 'object_store_memory': 2508392448.0, 'memory': 5016784896.0, 'accelerator_type:G': 1.0}
[2024-08-13 10:31:24,688][flwr][INFO] - Optimize your simulation with Flower VCE: https://flower.ai/docs/framework/how-to-run-simulations.html
[2024-08-13 10:31:24,688][flwr][INFO] - Flower VCE: Resources for each Virtual Client: {'num_cpus': 2, 'num_gpus': 0.5}
[2024-08-13 10:31:24,700][flwr][INFO] - Flower VCE: Creating VirtualClientEngineActorPool with 2 actors
[2024-08-13 10:31:24,700][flwr][INFO] - [INIT]
[2024-08-13 10:31:24,700][flwr][INFO] - Requesting initial parameters from one random client
[2024-08-13 10:31:32,295][flwr][INFO] - Received initial parameters from one random client
[2024-08-13 10:31:32,295][flwr][INFO] - Evaluating initial global parameters
[2024-08-13 10:31:34,514][flwr][INFO] - initial parameters (loss, other metrics): 2.3025850929940455, {'accuracy': 0.098, 'precision': 0.009604000000000001, 'recall': 0.098, 'f1': 0.017493624772313296, 'confusion_matrix': array([[ 980,    0,    0,    0,    0,    0,    0,    0,    0,    0],
       [1135,    0,    0,    0,    0,    0,    0,    0,    0,    0],
       [1032,    0,    0,    0,    0,    0,    0,    0,    0,    0],
       [1010,    0,    0,    0,    0,    0,    0,    0,    0,    0],
       [ 982,    0,    0,    0,    0,    0,    0,    0,    0,    0],
       [ 892,    0,    0,    0,    0,    0,    0,    0,    0,    0],
       [ 958,    0,    0,    0,    0,    0,    0,    0,    0,    0],
       [1028,    0,    0,    0,    0,    0,    0,    0,    0,    0],
       [ 974,    0,    0,    0,    0,    0,    0,    0,    0,    0],
       [1009,    0,    0,    0,    0,    0,    0,    0,    0,    0]],
      dtype=int64)}
[2024-08-13 10:31:34,515][flwr][INFO] - 
[2024-08-13 10:31:34,515][flwr][INFO] - [ROUND 1]
[2024-08-13 10:31:34,515][flwr][INFO] - configure_fit: strategy sampled 10 clients (out of 10)
[2024-08-13 10:31:42,920][flwr][INFO] - aggregate_fit: received 10 results and 0 failures
[2024-08-13 10:31:42,923][flwr][WARNING] - No fit_metrics_aggregation_fn provided
[2024-08-13 10:31:45,032][flwr][INFO] - fit progress: (1, 0.8638145172093477, {'accuracy': 0.7319, 'precision': 0.7891206523636437, 'recall': 0.7319, 'f1': 0.6990687189855239, 'confusion_matrix': array([[ 956,    0,    1,    5,    0,    0,    6,    1,   11,    0],
       [   0, 1075,    1,    6,    0,    0,    4,    1,   48,    0],
       [  83,   51,  690,   62,    6,    0,   32,   17,   85,    6],
       [  35,   15,   15,  844,    0,    0,   10,   11,   74,    6],
       [  29,   16,    2,    1,  497,    0,   45,    3,   63,  326],
       [ 224,   69,    0,  254,    5,    5,   29,   23,  237,   46],
       [  91,   19,   12,    2,    3,    0,  809,    1,   21,    0],
       [  26,   54,   12,    2,    2,    0,    2,  842,   48,   40],
       [  44,   15,    5,   96,    1,    0,   12,    9,  778,   14],
       [  47,   20,    6,   13,   10,    0,    3,   40,   47,  823]],
      dtype=int64)}, 10.517177799993078)
[2024-08-13 10:31:45,033][flwr][INFO] - configure_evaluate: no clients selected, skipping evaluation
[2024-08-13 10:31:45,033][flwr][INFO] - 
[2024-08-13 10:31:45,033][flwr][INFO] - [ROUND 2]
[2024-08-13 10:31:45,033][flwr][INFO] - configure_fit: strategy sampled 10 clients (out of 10)
[2024-08-13 10:31:51,418][flwr][INFO] - aggregate_fit: received 10 results and 0 failures
[2024-08-13 10:31:53,492][flwr][INFO] - fit progress: (2, 0.689920943291542, {'accuracy': 0.817, 'precision': 0.825436736627695, 'recall': 0.817, 'f1': 0.8111344878331129, 'confusion_matrix': array([[ 931,    0,    7,    6,    0,    2,   25,    1,    8,    0],
       [   0, 1086,   28,    6,    0,    0,    5,    1,    9,    0],
       [  34,   35,  835,   33,   21,    0,   28,   18,   27,    1],
       [  10,   14,   33,  879,    0,    5,    9,   19,   25,   16],
       [   7,   14,    7,    0,  840,    0,   33,    3,    8,   70],
       [  56,   56,   17,  197,   35,  410,   40,   34,   21,   26],
       [  40,   19,   21,    1,   10,   14,  851,    1,    1,    0],
       [   9,   47,   38,    0,   13,    0,    3,  884,    5,   29],
       [  26,   33,   28,  113,   11,    7,   20,   15,  685,   36],
       [  29,   19,    9,   14,  102,    2,    2,   54,    9,  769]],
      dtype=int64)}, 18.97731039999053)
[2024-08-13 10:31:53,493][flwr][INFO] - configure_evaluate: no clients selected, skipping evaluation
[2024-08-13 10:31:53,493][flwr][INFO] - 
[2024-08-13 10:31:53,493][flwr][INFO] - [ROUND 3]
[2024-08-13 10:31:53,494][flwr][INFO] - configure_fit: strategy sampled 10 clients (out of 10)
[2024-08-13 10:32:00,013][flwr][INFO] - aggregate_fit: received 10 results and 0 failures
[2024-08-13 10:32:02,081][flwr][INFO] - fit progress: (3, 0.6486089897307008, {'accuracy': 0.8466, 'precision': 0.848714832213856, 'recall': 0.8466, 'f1': 0.8463504160735993, 'confusion_matrix': array([[ 905,    0,    4,    1,    0,   37,   22,    1,   10,    0],
       [   0, 1070,    9,    1,    0,   12,    4,    0,   39,    0],
       [  25,   26,  810,   27,   26,    1,   26,   21,   64,    6],
       [   6,   12,   24,  790,    1,   71,    8,   18,   68,   12],
       [   6,    8,    2,    0,  813,    2,   23,    2,   17,  109],
       [  22,   40,    5,   50,   21,  675,   24,   13,   22,   20],
       [  27,   11,   17,    0,   12,   25,  858,    1,    7,    0],
       [   6,   39,   27,    0,   16,    0,    2,  868,   19,   51],
       [   7,   12,    9,   29,    8,   32,   17,   10,  820,   30],
       [  18,   14,    6,    6,   47,   14,    2,   24,   21,  857]],
      dtype=int64)}, 27.566689799990854)
[2024-08-13 10:32:02,082][flwr][INFO] - configure_evaluate: no clients selected, skipping evaluation
[2024-08-13 10:32:02,082][flwr][INFO] - 
[2024-08-13 10:32:02,082][flwr][INFO] - [ROUND 4]
[2024-08-13 10:32:02,083][flwr][INFO] - configure_fit: strategy sampled 10 clients (out of 10)
[2024-08-13 10:32:08,620][flwr][INFO] - aggregate_fit: received 10 results and 0 failures
[2024-08-13 10:32:10,696][flwr][INFO] - fit progress: (4, 0.6311186138024661, {'accuracy': 0.8331, 'precision': 0.8464238221794108, 'recall': 0.8331, 'f1': 0.8291543093641689, 'confusion_matrix': array([[ 930,    0,    5,   15,    1,    6,   21,    1,    1,    0],
       [   0, 1084,   24,   15,    1,    1,    5,    1,    4,    0],
       [  19,   18,  839,   57,   26,    0,   25,   23,   23,    2],
       [   4,    5,   19,  928,    1,    7,    8,   21,    8,    9],
       [   3,    9,    5,    0,  905,    0,   17,    3,    3,   37],
       [  21,   47,   10,  220,   35,  465,   32,   30,   12,   20],
       [  21,   11,   20,    3,   19,   14,  869,    1,    0,    0],
       [   4,   35,   34,    4,   16,    0,    3,  908,    1,   23],
       [  13,   28,   25,  174,   21,   10,   19,   20,  631,   33],
       [  21,   16,   10,   15,  105,    5,    2,   60,    3,  772]],
      dtype=int64)}, 36.18125619999773)
[2024-08-13 10:32:10,697][flwr][INFO] - configure_evaluate: no clients selected, skipping evaluation
[2024-08-13 10:32:10,697][flwr][INFO] - 
[2024-08-13 10:32:10,697][flwr][INFO] - [ROUND 5]
[2024-08-13 10:32:10,697][flwr][INFO] - configure_fit: strategy sampled 10 clients (out of 10)
[2024-08-13 10:32:17,539][flwr][INFO] - aggregate_fit: received 10 results and 0 failures
[2024-08-13 10:32:19,618][flwr][INFO] - fit progress: (5, 0.5971989723304914, {'accuracy': 0.8611, 'precision': 0.8639736254397199, 'recall': 0.8611, 'f1': 0.8608689860039597, 'confusion_matrix': array([[ 923,    0,    4,    1,    0,   16,   20,    1,   15,    0],
       [   0, 1079,    9,    2,    0,    5,    5,    0,   35,    0],
       [  21,   21,  834,   17,   20,    0,   26,   23,   60,   10],
       [   6,   13,   25,  793,    1,   58,    8,   17,   72,   17],
       [   3,    8,    4,    0,  818,    1,   23,    2,   14,  109],
       [  20,   37,    6,   30,   22,  688,   25,   15,   32,   17],
       [  18,   11,   19,    1,   12,   21,  870,    1,    5,    0],
       [   4,   35,   28,    0,   12,    0,    3,  884,   20,   42],
       [   7,   12,    9,   17,    8,   28,   16,   10,  842,   25],
       [  15,   12,    6,    6,   30,   11,    2,   24,   23,  880]],
      dtype=int64)}, 45.10317679999571)
[2024-08-13 10:32:19,619][flwr][INFO] - configure_evaluate: no clients selected, skipping evaluation
[2024-08-13 10:32:19,619][flwr][INFO] - 
[2024-08-13 10:32:19,619][flwr][INFO] - [ROUND 6]
[2024-08-13 10:32:19,620][flwr][INFO] - configure_fit: strategy sampled 10 clients (out of 10)
[2024-08-13 10:32:26,318][flwr][INFO] - aggregate_fit: received 10 results and 0 failures
[2024-08-13 10:32:28,414][flwr][INFO] - fit progress: (6, 0.5863141461009221, {'accuracy': 0.8544, 'precision': 0.8595808055418444, 'recall': 0.8544, 'f1': 0.852524543469504, 'confusion_matrix': array([[ 934,    0,    3,   10,    1,   13,   16,    1,    2,    0],
       [   0, 1087,   20,   11,    1,    1,    5,    1,    9,    0],
       [  16,   20,  843,   49,   26,    0,   26,   25,   25,    2],
       [   4,    5,   17,  912,    1,   21,    8,   21,   10,   11],
       [   2,    9,    5,    0,  916,    2,   15,    2,    3,   28],
       [  15,   37,    5,  128,   34,  606,   26,   17,   10,   14],
       [  18,    9,   18,    2,   20,   20,  870,    1,    0,    0],
       [   3,   35,   33,    3,   18,    0,    2,  911,    1,   22],
       [  13,   24,   20,  121,   21,   28,   17,   17,  683,   30],
       [  19,   14,    9,   14,  103,   10,    2,   53,    3,  782]],
      dtype=int64)}, 53.89903849999246)
[2024-08-13 10:32:28,415][flwr][INFO] - configure_evaluate: no clients selected, skipping evaluation
[2024-08-13 10:32:28,415][flwr][INFO] - 
[2024-08-13 10:32:28,415][flwr][INFO] - [ROUND 7]
[2024-08-13 10:32:28,415][flwr][INFO] - configure_fit: strategy sampled 10 clients (out of 10)
[2024-08-13 10:32:35,041][flwr][INFO] - aggregate_fit: received 10 results and 0 failures
[2024-08-13 10:32:37,122][flwr][INFO] - fit progress: (7, 0.5672978842846833, {'accuracy': 0.8666, 'precision': 0.8691215107219478, 'recall': 0.8666, 'f1': 0.866329744176362, 'confusion_matrix': array([[ 935,    0,    3,    1,    0,   10,   17,    1,   13,    0],
       [   0, 1076,    9,    3,    1,    3,    5,    0,   38,    0],
       [  17,   17,  839,   23,   20,    0,   26,   23,   55,   12],
       [   5,    8,   21,  821,    1,   48,    8,   16,   62,   20],
       [   2,    7,    4,    0,  818,    1,   21,    2,   14,  113],
       [  19,   36,    4,   38,   22,  680,   26,   14,   34,   19],
       [  19,    9,   17,    2,   13,   20,  873,    1,    4,    0],
       [   3,   34,   28,    0,   13,    0,    3,  885,   18,   44],
       [   7,   11,   10,   21,    8,   24,   16,   10,  843,   24],
       [  16,    9,    5,    6,   29,    9,    2,   17,   20,  896]],
      dtype=int64)}, 62.60754989999987)
[2024-08-13 10:32:37,123][flwr][INFO] - configure_evaluate: no clients selected, skipping evaluation
[2024-08-13 10:32:37,123][flwr][INFO] - 
[2024-08-13 10:32:37,123][flwr][INFO] - [ROUND 8]
[2024-08-13 10:32:37,123][flwr][INFO] - configure_fit: strategy sampled 10 clients (out of 10)
[2024-08-13 10:32:43,647][flwr][INFO] - aggregate_fit: received 10 results and 0 failures
[2024-08-13 10:32:45,727][flwr][INFO] - fit progress: (8, 0.5621968613143387, {'accuracy': 0.8591, 'precision': 0.8642852113097182, 'recall': 0.8591, 'f1': 0.8572992458913241, 'confusion_matrix': array([[ 940,    0,    2,    7,    2,   12,   14,    1,    2,    0],
       [   0, 1089,   19,    9,    1,    1,    5,    1,   10,    0],
       [  15,   20,  850,   37,   29,    0,   25,   28,   27,    1],
       [   5,    4,   16,  904,    1,   31,    8,   23,   12,    6],
       [   1,    9,    3,    0,  933,    2,   13,    2,    2,   17],
       [  14,   35,    2,  100,   34,  645,   26,   16,   10,   10],
       [  17,    9,   17,    2,   21,   20,  871,    1,    0,    0],
       [   3,   32,   34,    2,   19,    0,    1,  919,    1,   17],
       [  14,   25,   21,   99,   27,   29,   20,   19,  704,   16],
       [  18,   13,    9,   14,  141,   12,    2,   60,    4,  736]],
      dtype=int64)}, 71.21176039999409)
[2024-08-13 10:32:45,728][flwr][INFO] - configure_evaluate: no clients selected, skipping evaluation
[2024-08-13 10:32:45,728][flwr][INFO] - 
[2024-08-13 10:32:45,728][flwr][INFO] - [ROUND 9]
[2024-08-13 10:32:45,728][flwr][INFO] - configure_fit: strategy sampled 10 clients (out of 10)
[2024-08-13 10:32:52,487][flwr][INFO] - aggregate_fit: received 10 results and 0 failures
[2024-08-13 10:32:54,733][flwr][INFO] - fit progress: (9, 0.5436064329313759, {'accuracy': 0.8723, 'precision': 0.874293255946407, 'recall': 0.8723, 'f1': 0.8718711513842529, 'confusion_matrix': array([[ 944,    0,    2,    1,    0,    8,   16,    1,    8,    0],
       [   0, 1083,    8,    3,    1,    3,    5,    0,   32,    0],
       [  15,   19,  841,   25,   17,    0,   25,   26,   51,   13],
       [   5,    4,   18,  851,    1,   39,    9,   16,   44,   23],
       [   1,    7,    4,    0,  815,    1,   21,    2,   15,  116],
       [  19,   33,    3,   44,   23,  681,   27,   11,   31,   20],
       [  16,    9,   17,    2,   12,   21,  878,    0,    3,    0],
       [   3,   32,   29,    0,   14,    0,    2,  888,   14,   46],
       [   8,   12,   10,   24,    9,   22,   17,   10,  835,   27],
       [  17,    9,    5,    6,   27,    8,    2,   15,   13,  907]],
      dtype=int64)}, 80.21864979999373)
[2024-08-13 10:32:54,734][flwr][INFO] - configure_evaluate: no clients selected, skipping evaluation
[2024-08-13 10:32:54,734][flwr][INFO] - 
[2024-08-13 10:32:54,734][flwr][INFO] - [ROUND 10]
[2024-08-13 10:32:54,734][flwr][INFO] - configure_fit: strategy sampled 10 clients (out of 10)
[2024-08-13 10:33:01,290][flwr][INFO] - aggregate_fit: received 10 results and 0 failures
[2024-08-13 10:33:03,369][flwr][INFO] - fit progress: (10, 0.5415610776734893, {'accuracy': 0.866, 'precision': 0.8708809829187465, 'recall': 0.866, 'f1': 0.8642820812439334, 'confusion_matrix': array([[ 942,    0,    2,    4,    2,   13,   14,    1,    2,    0],
       [   0, 1092,   16,    4,    1,    3,    5,    1,   13,    0],
       [  14,   19,  850,   33,   31,    1,   21,   31,   31,    1],
       [   5,    4,   15,  896,    1,   35,    8,   24,   17,    5],
       [   1,    7,    3,    0,  937,    2,   13,    2,    3,   14],
       [  11,   31,    2,   69,   31,  689,   22,   16,   15,    6],
       [  16,    8,   16,    2,   21,   21,  873,    0,    1,    0],
       [   3,   29,   36,    2,   19,    0,    1,  927,    1,   10],
       [  12,   20,   17,   57,   22,   33,   18,   20,  768,    7],
       [  19,   12,   11,   10,  166,   17,    1,   81,    6,  686]],
      dtype=int64)}, 88.85421259999566)
[2024-08-13 10:33:03,370][flwr][INFO] - configure_evaluate: no clients selected, skipping evaluation
[2024-08-13 10:33:03,370][flwr][INFO] - 
[2024-08-13 10:33:03,370][flwr][INFO] - [SUMMARY]
[2024-08-13 10:33:03,370][flwr][INFO] - Run finished 10 round(s) in 88.86s
[2024-08-13 10:33:03,379][flwr][INFO] - 	History (loss, centralized):
[2024-08-13 10:33:03,379][flwr][INFO] - 		round 0: 2.3025850929940455
[2024-08-13 10:33:03,379][flwr][INFO] - 		round 1: 0.8638145172093477
[2024-08-13 10:33:03,379][flwr][INFO] - 		round 2: 0.689920943291542
[2024-08-13 10:33:03,379][flwr][INFO] - 		round 3: 0.6486089897307008
[2024-08-13 10:33:03,379][flwr][INFO] - 		round 4: 0.6311186138024661
[2024-08-13 10:33:03,379][flwr][INFO] - 		round 5: 0.5971989723304914
[2024-08-13 10:33:03,379][flwr][INFO] - 		round 6: 0.5863141461009221
[2024-08-13 10:33:03,379][flwr][INFO] - 		round 7: 0.5672978842846833
[2024-08-13 10:33:03,379][flwr][INFO] - 		round 8: 0.5621968613143387
[2024-08-13 10:33:03,379][flwr][INFO] - 		round 9: 0.5436064329313759
[2024-08-13 10:33:03,379][flwr][INFO] - 		round 10: 0.5415610776734893
[2024-08-13 10:33:03,380][flwr][INFO] - 	History (metrics, centralized):
[2024-08-13 10:33:03,380][flwr][INFO] - 	{'accuracy': [(0, 0.098),
[2024-08-13 10:33:03,380][flwr][INFO] - 	              (1, 0.7319),
[2024-08-13 10:33:03,380][flwr][INFO] - 	              (2, 0.817),
[2024-08-13 10:33:03,380][flwr][INFO] - 	              (3, 0.8466),
[2024-08-13 10:33:03,380][flwr][INFO] - 	              (4, 0.8331),
[2024-08-13 10:33:03,380][flwr][INFO] - 	              (5, 0.8611),
[2024-08-13 10:33:03,380][flwr][INFO] - 	              (6, 0.8544),
[2024-08-13 10:33:03,380][flwr][INFO] - 	              (7, 0.8666),
[2024-08-13 10:33:03,380][flwr][INFO] - 	              (8, 0.8591),
[2024-08-13 10:33:03,380][flwr][INFO] - 	              (9, 0.8723),
[2024-08-13 10:33:03,380][flwr][INFO] - 	              (10, 0.866)],
[2024-08-13 10:33:03,380][flwr][INFO] - 	 'confusion_matrix': [(0,
[2024-08-13 10:33:03,380][flwr][INFO] - 	                       array([[ 980,    0,    0,    0,    0,    0,    0,    0,    0,    0],
[2024-08-13 10:33:03,380][flwr][INFO] - 	       [1135,    0,    0,    0,    0,    0,    0,    0,    0,    0],
[2024-08-13 10:33:03,381][flwr][INFO] - 	       [1032,    0,    0,    0,    0,    0,    0,    0,    0,    0],
[2024-08-13 10:33:03,381][flwr][INFO] - 	       [1010,    0,    0,    0,    0,    0,    0,    0,    0,    0],
[2024-08-13 10:33:03,381][flwr][INFO] - 	       [ 982,    0,    0,    0,    0,    0,    0,    0,    0,    0],
[2024-08-13 10:33:03,381][flwr][INFO] - 	       [ 892,    0,    0,    0,    0,    0,    0,    0,    0,    0],
[2024-08-13 10:33:03,381][flwr][INFO] - 	       [ 958,    0,    0,    0,    0,    0,    0,    0,    0,    0],
[2024-08-13 10:33:03,381][flwr][INFO] - 	       [1028,    0,    0,    0,    0,    0,    0,    0,    0,    0],
[2024-08-13 10:33:03,381][flwr][INFO] - 	       [ 974,    0,    0,    0,    0,    0,    0,    0,    0,    0],
[2024-08-13 10:33:03,381][flwr][INFO] - 	       [1009,    0,    0,    0,    0,    0,    0,    0,    0,    0]],
[2024-08-13 10:33:03,381][flwr][INFO] - 	      dtype=int64)),
[2024-08-13 10:33:03,381][flwr][INFO] - 	                      (1,
[2024-08-13 10:33:03,381][flwr][INFO] - 	                       array([[ 956,    0,    1,    5,    0,    0,    6,    1,   11,    0],
[2024-08-13 10:33:03,381][flwr][INFO] - 	       [   0, 1075,    1,    6,    0,    0,    4,    1,   48,    0],
[2024-08-13 10:33:03,381][flwr][INFO] - 	       [  83,   51,  690,   62,    6,    0,   32,   17,   85,    6],
[2024-08-13 10:33:03,381][flwr][INFO] - 	       [  35,   15,   15,  844,    0,    0,   10,   11,   74,    6],
[2024-08-13 10:33:03,381][flwr][INFO] - 	       [  29,   16,    2,    1,  497,    0,   45,    3,   63,  326],
[2024-08-13 10:33:03,381][flwr][INFO] - 	       [ 224,   69,    0,  254,    5,    5,   29,   23,  237,   46],
[2024-08-13 10:33:03,381][flwr][INFO] - 	       [  91,   19,   12,    2,    3,    0,  809,    1,   21,    0],
[2024-08-13 10:33:03,382][flwr][INFO] - 	       [  26,   54,   12,    2,    2,    0,    2,  842,   48,   40],
[2024-08-13 10:33:03,382][flwr][INFO] - 	       [  44,   15,    5,   96,    1,    0,   12,    9,  778,   14],
[2024-08-13 10:33:03,382][flwr][INFO] - 	       [  47,   20,    6,   13,   10,    0,    3,   40,   47,  823]],
[2024-08-13 10:33:03,382][flwr][INFO] - 	      dtype=int64)),
[2024-08-13 10:33:03,382][flwr][INFO] - 	                      (2,
[2024-08-13 10:33:03,382][flwr][INFO] - 	                       array([[ 931,    0,    7,    6,    0,    2,   25,    1,    8,    0],
[2024-08-13 10:33:03,382][flwr][INFO] - 	       [   0, 1086,   28,    6,    0,    0,    5,    1,    9,    0],
[2024-08-13 10:33:03,382][flwr][INFO] - 	       [  34,   35,  835,   33,   21,    0,   28,   18,   27,    1],
[2024-08-13 10:33:03,382][flwr][INFO] - 	       [  10,   14,   33,  879,    0,    5,    9,   19,   25,   16],
[2024-08-13 10:33:03,382][flwr][INFO] - 	       [   7,   14,    7,    0,  840,    0,   33,    3,    8,   70],
[2024-08-13 10:33:03,382][flwr][INFO] - 	       [  56,   56,   17,  197,   35,  410,   40,   34,   21,   26],
[2024-08-13 10:33:03,382][flwr][INFO] - 	       [  40,   19,   21,    1,   10,   14,  851,    1,    1,    0],
[2024-08-13 10:33:03,382][flwr][INFO] - 	       [   9,   47,   38,    0,   13,    0,    3,  884,    5,   29],
[2024-08-13 10:33:03,382][flwr][INFO] - 	       [  26,   33,   28,  113,   11,    7,   20,   15,  685,   36],
[2024-08-13 10:33:03,382][flwr][INFO] - 	       [  29,   19,    9,   14,  102,    2,    2,   54,    9,  769]],
[2024-08-13 10:33:03,382][flwr][INFO] - 	      dtype=int64)),
[2024-08-13 10:33:03,382][flwr][INFO] - 	                      (3,
[2024-08-13 10:33:03,383][flwr][INFO] - 	                       array([[ 905,    0,    4,    1,    0,   37,   22,    1,   10,    0],
[2024-08-13 10:33:03,383][flwr][INFO] - 	       [   0, 1070,    9,    1,    0,   12,    4,    0,   39,    0],
[2024-08-13 10:33:03,383][flwr][INFO] - 	       [  25,   26,  810,   27,   26,    1,   26,   21,   64,    6],
[2024-08-13 10:33:03,383][flwr][INFO] - 	       [   6,   12,   24,  790,    1,   71,    8,   18,   68,   12],
[2024-08-13 10:33:03,383][flwr][INFO] - 	       [   6,    8,    2,    0,  813,    2,   23,    2,   17,  109],
[2024-08-13 10:33:03,383][flwr][INFO] - 	       [  22,   40,    5,   50,   21,  675,   24,   13,   22,   20],
[2024-08-13 10:33:03,383][flwr][INFO] - 	       [  27,   11,   17,    0,   12,   25,  858,    1,    7,    0],
[2024-08-13 10:33:03,383][flwr][INFO] - 	       [   6,   39,   27,    0,   16,    0,    2,  868,   19,   51],
[2024-08-13 10:33:03,383][flwr][INFO] - 	       [   7,   12,    9,   29,    8,   32,   17,   10,  820,   30],
[2024-08-13 10:33:03,383][flwr][INFO] - 	       [  18,   14,    6,    6,   47,   14,    2,   24,   21,  857]],
[2024-08-13 10:33:03,383][flwr][INFO] - 	      dtype=int64)),
[2024-08-13 10:33:03,383][flwr][INFO] - 	                      (4,
[2024-08-13 10:33:03,383][flwr][INFO] - 	                       array([[ 930,    0,    5,   15,    1,    6,   21,    1,    1,    0],
[2024-08-13 10:33:03,383][flwr][INFO] - 	       [   0, 1084,   24,   15,    1,    1,    5,    1,    4,    0],
[2024-08-13 10:33:03,383][flwr][INFO] - 	       [  19,   18,  839,   57,   26,    0,   25,   23,   23,    2],
[2024-08-13 10:33:03,383][flwr][INFO] - 	       [   4,    5,   19,  928,    1,    7,    8,   21,    8,    9],
[2024-08-13 10:33:03,383][flwr][INFO] - 	       [   3,    9,    5,    0,  905,    0,   17,    3,    3,   37],
[2024-08-13 10:33:03,384][flwr][INFO] - 	       [  21,   47,   10,  220,   35,  465,   32,   30,   12,   20],
[2024-08-13 10:33:03,384][flwr][INFO] - 	       [  21,   11,   20,    3,   19,   14,  869,    1,    0,    0],
[2024-08-13 10:33:03,384][flwr][INFO] - 	       [   4,   35,   34,    4,   16,    0,    3,  908,    1,   23],
[2024-08-13 10:33:03,384][flwr][INFO] - 	       [  13,   28,   25,  174,   21,   10,   19,   20,  631,   33],
[2024-08-13 10:33:03,384][flwr][INFO] - 	       [  21,   16,   10,   15,  105,    5,    2,   60,    3,  772]],
[2024-08-13 10:33:03,384][flwr][INFO] - 	      dtype=int64)),
[2024-08-13 10:33:03,384][flwr][INFO] - 	                      (5,
[2024-08-13 10:33:03,384][flwr][INFO] - 	                       array([[ 923,    0,    4,    1,    0,   16,   20,    1,   15,    0],
[2024-08-13 10:33:03,384][flwr][INFO] - 	       [   0, 1079,    9,    2,    0,    5,    5,    0,   35,    0],
[2024-08-13 10:33:03,384][flwr][INFO] - 	       [  21,   21,  834,   17,   20,    0,   26,   23,   60,   10],
[2024-08-13 10:33:03,384][flwr][INFO] - 	       [   6,   13,   25,  793,    1,   58,    8,   17,   72,   17],
[2024-08-13 10:33:03,384][flwr][INFO] - 	       [   3,    8,    4,    0,  818,    1,   23,    2,   14,  109],
[2024-08-13 10:33:03,384][flwr][INFO] - 	       [  20,   37,    6,   30,   22,  688,   25,   15,   32,   17],
[2024-08-13 10:33:03,384][flwr][INFO] - 	       [  18,   11,   19,    1,   12,   21,  870,    1,    5,    0],
[2024-08-13 10:33:03,384][flwr][INFO] - 	       [   4,   35,   28,    0,   12,    0,    3,  884,   20,   42],
[2024-08-13 10:33:03,384][flwr][INFO] - 	       [   7,   12,    9,   17,    8,   28,   16,   10,  842,   25],
[2024-08-13 10:33:03,384][flwr][INFO] - 	       [  15,   12,    6,    6,   30,   11,    2,   24,   23,  880]],
[2024-08-13 10:33:03,384][flwr][INFO] - 	      dtype=int64)),
[2024-08-13 10:33:03,385][flwr][INFO] - 	                      (6,
[2024-08-13 10:33:03,385][flwr][INFO] - 	                       array([[ 934,    0,    3,   10,    1,   13,   16,    1,    2,    0],
[2024-08-13 10:33:03,385][flwr][INFO] - 	       [   0, 1087,   20,   11,    1,    1,    5,    1,    9,    0],
[2024-08-13 10:33:03,385][flwr][INFO] - 	       [  16,   20,  843,   49,   26,    0,   26,   25,   25,    2],
[2024-08-13 10:33:03,385][flwr][INFO] - 	       [   4,    5,   17,  912,    1,   21,    8,   21,   10,   11],
[2024-08-13 10:33:03,385][flwr][INFO] - 	       [   2,    9,    5,    0,  916,    2,   15,    2,    3,   28],
[2024-08-13 10:33:03,385][flwr][INFO] - 	       [  15,   37,    5,  128,   34,  606,   26,   17,   10,   14],
[2024-08-13 10:33:03,385][flwr][INFO] - 	       [  18,    9,   18,    2,   20,   20,  870,    1,    0,    0],
[2024-08-13 10:33:03,385][flwr][INFO] - 	       [   3,   35,   33,    3,   18,    0,    2,  911,    1,   22],
[2024-08-13 10:33:03,385][flwr][INFO] - 	       [  13,   24,   20,  121,   21,   28,   17,   17,  683,   30],
[2024-08-13 10:33:03,385][flwr][INFO] - 	       [  19,   14,    9,   14,  103,   10,    2,   53,    3,  782]],
[2024-08-13 10:33:03,385][flwr][INFO] - 	      dtype=int64)),
[2024-08-13 10:33:03,385][flwr][INFO] - 	                      (7,
[2024-08-13 10:33:03,385][flwr][INFO] - 	                       array([[ 935,    0,    3,    1,    0,   10,   17,    1,   13,    0],
[2024-08-13 10:33:03,385][flwr][INFO] - 	       [   0, 1076,    9,    3,    1,    3,    5,    0,   38,    0],
[2024-08-13 10:33:03,385][flwr][INFO] - 	       [  17,   17,  839,   23,   20,    0,   26,   23,   55,   12],
[2024-08-13 10:33:03,385][flwr][INFO] - 	       [   5,    8,   21,  821,    1,   48,    8,   16,   62,   20],
[2024-08-13 10:33:03,386][flwr][INFO] - 	       [   2,    7,    4,    0,  818,    1,   21,    2,   14,  113],
[2024-08-13 10:33:03,386][flwr][INFO] - 	       [  19,   36,    4,   38,   22,  680,   26,   14,   34,   19],
[2024-08-13 10:33:03,386][flwr][INFO] - 	       [  19,    9,   17,    2,   13,   20,  873,    1,    4,    0],
[2024-08-13 10:33:03,386][flwr][INFO] - 	       [   3,   34,   28,    0,   13,    0,    3,  885,   18,   44],
[2024-08-13 10:33:03,386][flwr][INFO] - 	       [   7,   11,   10,   21,    8,   24,   16,   10,  843,   24],
[2024-08-13 10:33:03,386][flwr][INFO] - 	       [  16,    9,    5,    6,   29,    9,    2,   17,   20,  896]],
[2024-08-13 10:33:03,386][flwr][INFO] - 	      dtype=int64)),
[2024-08-13 10:33:03,386][flwr][INFO] - 	                      (8,
[2024-08-13 10:33:03,386][flwr][INFO] - 	                       array([[ 940,    0,    2,    7,    2,   12,   14,    1,    2,    0],
[2024-08-13 10:33:03,386][flwr][INFO] - 	       [   0, 1089,   19,    9,    1,    1,    5,    1,   10,    0],
[2024-08-13 10:33:03,386][flwr][INFO] - 	       [  15,   20,  850,   37,   29,    0,   25,   28,   27,    1],
[2024-08-13 10:33:03,386][flwr][INFO] - 	       [   5,    4,   16,  904,    1,   31,    8,   23,   12,    6],
[2024-08-13 10:33:03,386][flwr][INFO] - 	       [   1,    9,    3,    0,  933,    2,   13,    2,    2,   17],
[2024-08-13 10:33:03,386][flwr][INFO] - 	       [  14,   35,    2,  100,   34,  645,   26,   16,   10,   10],
[2024-08-13 10:33:03,386][flwr][INFO] - 	       [  17,    9,   17,    2,   21,   20,  871,    1,    0,    0],
[2024-08-13 10:33:03,386][flwr][INFO] - 	       [   3,   32,   34,    2,   19,    0,    1,  919,    1,   17],
[2024-08-13 10:33:03,386][flwr][INFO] - 	       [  14,   25,   21,   99,   27,   29,   20,   19,  704,   16],
[2024-08-13 10:33:03,387][flwr][INFO] - 	       [  18,   13,    9,   14,  141,   12,    2,   60,    4,  736]],
[2024-08-13 10:33:03,387][flwr][INFO] - 	      dtype=int64)),
[2024-08-13 10:33:03,387][flwr][INFO] - 	                      (9,
[2024-08-13 10:33:03,387][flwr][INFO] - 	                       array([[ 944,    0,    2,    1,    0,    8,   16,    1,    8,    0],
[2024-08-13 10:33:03,387][flwr][INFO] - 	       [   0, 1083,    8,    3,    1,    3,    5,    0,   32,    0],
[2024-08-13 10:33:03,387][flwr][INFO] - 	       [  15,   19,  841,   25,   17,    0,   25,   26,   51,   13],
[2024-08-13 10:33:03,387][flwr][INFO] - 	       [   5,    4,   18,  851,    1,   39,    9,   16,   44,   23],
[2024-08-13 10:33:03,387][flwr][INFO] - 	       [   1,    7,    4,    0,  815,    1,   21,    2,   15,  116],
[2024-08-13 10:33:03,387][flwr][INFO] - 	       [  19,   33,    3,   44,   23,  681,   27,   11,   31,   20],
[2024-08-13 10:33:03,387][flwr][INFO] - 	       [  16,    9,   17,    2,   12,   21,  878,    0,    3,    0],
[2024-08-13 10:33:03,387][flwr][INFO] - 	       [   3,   32,   29,    0,   14,    0,    2,  888,   14,   46],
[2024-08-13 10:33:03,387][flwr][INFO] - 	       [   8,   12,   10,   24,    9,   22,   17,   10,  835,   27],
[2024-08-13 10:33:03,387][flwr][INFO] - 	       [  17,    9,    5,    6,   27,    8,    2,   15,   13,  907]],
[2024-08-13 10:33:03,387][flwr][INFO] - 	      dtype=int64)),
[2024-08-13 10:33:03,387][flwr][INFO] - 	                      (10,
[2024-08-13 10:33:03,387][flwr][INFO] - 	                       array([[ 942,    0,    2,    4,    2,   13,   14,    1,    2,    0],
[2024-08-13 10:33:03,387][flwr][INFO] - 	       [   0, 1092,   16,    4,    1,    3,    5,    1,   13,    0],
[2024-08-13 10:33:03,387][flwr][INFO] - 	       [  14,   19,  850,   33,   31,    1,   21,   31,   31,    1],
[2024-08-13 10:33:03,388][flwr][INFO] - 	       [   5,    4,   15,  896,    1,   35,    8,   24,   17,    5],
[2024-08-13 10:33:03,388][flwr][INFO] - 	       [   1,    7,    3,    0,  937,    2,   13,    2,    3,   14],
[2024-08-13 10:33:03,388][flwr][INFO] - 	       [  11,   31,    2,   69,   31,  689,   22,   16,   15,    6],
[2024-08-13 10:33:03,388][flwr][INFO] - 	       [  16,    8,   16,    2,   21,   21,  873,    0,    1,    0],
[2024-08-13 10:33:03,388][flwr][INFO] - 	       [   3,   29,   36,    2,   19,    0,    1,  927,    1,   10],
[2024-08-13 10:33:03,388][flwr][INFO] - 	       [  12,   20,   17,   57,   22,   33,   18,   20,  768,    7],
[2024-08-13 10:33:03,388][flwr][INFO] - 	       [  19,   12,   11,   10,  166,   17,    1,   81,    6,  686]],
[2024-08-13 10:33:03,388][flwr][INFO] - 	      dtype=int64))],
[2024-08-13 10:33:03,388][flwr][INFO] - 	 'f1': [(0, 0.017493624772313296),
[2024-08-13 10:33:03,388][flwr][INFO] - 	        (1, 0.6990687189855239),
[2024-08-13 10:33:03,388][flwr][INFO] - 	        (2, 0.8111344878331129),
[2024-08-13 10:33:03,388][flwr][INFO] - 	        (3, 0.8463504160735993),
[2024-08-13 10:33:03,388][flwr][INFO] - 	        (4, 0.8291543093641689),
[2024-08-13 10:33:03,388][flwr][INFO] - 	        (5, 0.8608689860039597),
[2024-08-13 10:33:03,388][flwr][INFO] - 	        (6, 0.852524543469504),
[2024-08-13 10:33:03,388][flwr][INFO] - 	        (7, 0.866329744176362),
[2024-08-13 10:33:03,388][flwr][INFO] - 	        (8, 0.8572992458913241),
[2024-08-13 10:33:03,389][flwr][INFO] - 	        (9, 0.8718711513842529),
[2024-08-13 10:33:03,389][flwr][INFO] - 	        (10, 0.8642820812439334)],
[2024-08-13 10:33:03,389][flwr][INFO] - 	 'precision': [(0, 0.009604000000000001),
[2024-08-13 10:33:03,389][flwr][INFO] - 	               (1, 0.7891206523636437),
[2024-08-13 10:33:03,389][flwr][INFO] - 	               (2, 0.825436736627695),
[2024-08-13 10:33:03,389][flwr][INFO] - 	               (3, 0.848714832213856),
[2024-08-13 10:33:03,389][flwr][INFO] - 	               (4, 0.8464238221794108),
[2024-08-13 10:33:03,389][flwr][INFO] - 	               (5, 0.8639736254397199),
[2024-08-13 10:33:03,389][flwr][INFO] - 	               (6, 0.8595808055418444),
[2024-08-13 10:33:03,389][flwr][INFO] - 	               (7, 0.8691215107219478),
[2024-08-13 10:33:03,389][flwr][INFO] - 	               (8, 0.8642852113097182),
[2024-08-13 10:33:03,389][flwr][INFO] - 	               (9, 0.874293255946407),
[2024-08-13 10:33:03,389][flwr][INFO] - 	               (10, 0.8708809829187465)],
[2024-08-13 10:33:03,389][flwr][INFO] - 	 'recall': [(0, 0.098),
[2024-08-13 10:33:03,389][flwr][INFO] - 	            (1, 0.7319),
[2024-08-13 10:33:03,389][flwr][INFO] - 	            (2, 0.817),
[2024-08-13 10:33:03,389][flwr][INFO] - 	            (3, 0.8466),
[2024-08-13 10:33:03,390][flwr][INFO] - 	            (4, 0.8331),
[2024-08-13 10:33:03,390][flwr][INFO] - 	            (5, 0.8611),
[2024-08-13 10:33:03,390][flwr][INFO] - 	            (6, 0.8544),
[2024-08-13 10:33:03,390][flwr][INFO] - 	            (7, 0.8666),
[2024-08-13 10:33:03,390][flwr][INFO] - 	            (8, 0.8591),
[2024-08-13 10:33:03,390][flwr][INFO] - 	            (9, 0.8723),
[2024-08-13 10:33:03,390][flwr][INFO] - 	            (10, 0.866)]}
[2024-08-13 10:33:03,390][flwr][INFO] - 
