[2024-08-13 10:54:04,960][flwr][INFO] - Starting Flower simulation, config: num_rounds=10, no round_timeout
[2024-08-13 10:54:09,152][flwr][INFO] - Flower VCE: Ray initialized with resources: {'memory': 5069854311.0, 'node:127.0.0.1': 1.0, 'object_store_memory': 2534927155.0, 'GPU': 1.0, 'CPU': 16.0, 'node:__internal_head__': 1.0, 'accelerator_type:G': 1.0}
[2024-08-13 10:54:09,153][flwr][INFO] - Optimize your simulation with Flower VCE: https://flower.ai/docs/framework/how-to-run-simulations.html
[2024-08-13 10:54:09,153][flwr][INFO] - Flower VCE: Resources for each Virtual Client: {'num_cpus': 2, 'num_gpus': 0.5}
[2024-08-13 10:54:09,164][flwr][INFO] - Flower VCE: Creating VirtualClientEngineActorPool with 2 actors
[2024-08-13 10:54:09,165][flwr][INFO] - [INIT]
[2024-08-13 10:54:09,165][flwr][INFO] - Requesting initial parameters from one random client
[2024-08-13 10:54:16,504][flwr][INFO] - Received initial parameters from one random client
[2024-08-13 10:54:16,504][flwr][INFO] - Evaluating initial global parameters
[2024-08-13 10:54:18,732][flwr][INFO] - initial parameters (loss, other metrics): 2.3025850929940455, {'accuracy': 0.098, 'precision': 0.009604000000000001, 'recall': 0.098, 'f1': 0.017493624772313296, 'confusion_matrix': array([[ 980,    0,    0,    0,    0,    0,    0,    0,    0,    0],
       [1135,    0,    0,    0,    0,    0,    0,    0,    0,    0],
       [1032,    0,    0,    0,    0,    0,    0,    0,    0,    0],
       [1010,    0,    0,    0,    0,    0,    0,    0,    0,    0],
       [ 982,    0,    0,    0,    0,    0,    0,    0,    0,    0],
       [ 892,    0,    0,    0,    0,    0,    0,    0,    0,    0],
       [ 958,    0,    0,    0,    0,    0,    0,    0,    0,    0],
       [1028,    0,    0,    0,    0,    0,    0,    0,    0,    0],
       [ 974,    0,    0,    0,    0,    0,    0,    0,    0,    0],
       [1009,    0,    0,    0,    0,    0,    0,    0,    0,    0]],
      dtype=int64)}
[2024-08-13 10:54:18,733][flwr][INFO] - 
[2024-08-13 10:54:18,733][flwr][INFO] - [ROUND 1]
[2024-08-13 10:54:18,734][flwr][INFO] - configure_fit: strategy sampled 10 clients (out of 10)
[2024-08-13 10:54:27,332][flwr][INFO] - aggregate_fit: received 10 results and 0 failures
[2024-08-13 10:54:27,334][flwr][WARNING] - No fit_metrics_aggregation_fn provided
[2024-08-13 10:54:29,542][flwr][INFO] - fit progress: (1, 0.9117499077621165, {'accuracy': 0.7221, 'precision': 0.7852401211704416, 'recall': 0.7221, 'f1': 0.6885557535140805, 'confusion_matrix': array([[ 955,    0,    1,    5,    0,    0,    7,    1,   11,    0],
       [   0, 1065,   19,    8,    0,    0,    4,    1,   38,    0],
       [  85,   27,  688,   99,    4,    0,   32,   15,   72,   10],
       [  28,   12,   12,  859,    0,    0,    9,   10,   70,   10],
       [  40,   11,    3,    2,  426,    0,   37,    5,   67,  391],
       [ 242,   65,    4,  247,    3,    5,   34,   20,  221,   51],
       [  95,   17,   11,    4,    2,    0,  816,    1,   12,    0],
       [  32,   40,   15,    4,    3,    0,    1,  821,   69,   43],
       [  47,   14,    4,  110,    1,    0,   15,    7,  761,   15],
       [  57,   13,    1,   11,    8,    0,    3,   32,   59,  825]],
      dtype=int64)}, 10.809366000001319)
[2024-08-13 10:54:29,543][flwr][INFO] - configure_evaluate: no clients selected, skipping evaluation
[2024-08-13 10:54:29,543][flwr][INFO] - 
[2024-08-13 10:54:29,543][flwr][INFO] - [ROUND 2]
[2024-08-13 10:54:29,544][flwr][INFO] - configure_fit: strategy sampled 10 clients (out of 10)
[2024-08-13 10:54:35,963][flwr][INFO] - aggregate_fit: received 10 results and 0 failures
[2024-08-13 10:54:38,187][flwr][INFO] - fit progress: (2, 0.7349524136132666, {'accuracy': 0.8167, 'precision': 0.823878681282125, 'recall': 0.8167, 'f1': 0.8117711203822692, 'confusion_matrix': array([[ 922,    0,    7,    4,    0,    3,   35,    1,    8,    0],
       [   0, 1071,   48,    4,    1,    1,    5,    1,    4,    0],
       [  23,   22,  856,   34,   23,    0,   23,   26,   23,    2],
       [   8,   12,   33,  870,    2,   13,   10,   18,   23,   21],
       [   7,    9,    6,    0,  880,    0,   28,    2,    5,   45],
       [  37,   62,   19,  168,   30,  467,   43,   29,   13,   24],
       [  30,   17,   24,    0,   16,   12,  858,    1,    0,    0],
       [   8,   41,   43,    0,   17,    0,    3,  888,    6,   22],
       [  24,   34,   38,  121,   21,    9,   23,   16,  644,   44],
       [  30,   17,    6,    9,  151,    6,    2,   68,    9,  711]],
      dtype=int64)}, 19.454553699993994)
[2024-08-13 10:54:38,188][flwr][INFO] - configure_evaluate: no clients selected, skipping evaluation
[2024-08-13 10:54:38,188][flwr][INFO] - 
[2024-08-13 10:54:38,188][flwr][INFO] - [ROUND 3]
[2024-08-13 10:54:38,189][flwr][INFO] - configure_fit: strategy sampled 10 clients (out of 10)
[2024-08-13 10:54:44,722][flwr][INFO] - aggregate_fit: received 10 results and 0 failures
[2024-08-13 10:54:46,966][flwr][INFO] - fit progress: (3, 0.7339196236048694, {'accuracy': 0.8253, 'precision': 0.8404196154206632, 'recall': 0.8253, 'f1': 0.8266827502963467, 'confusion_matrix': array([[ 885,    0,    2,    1,    0,   41,   27,    1,   23,    0],
       [   0, 1052,    9,    3,    1,    7,    4,    0,   59,    0],
       [  17,   21,  774,   41,   14,    6,   23,   24,   93,   19],
       [   5,    8,   14,  760,    0,   74,    8,   14,  106,   21],
       [   7,    6,    2,    0,  674,    7,   24,    3,   31,  228],
       [  13,   45,    3,   42,    8,  681,   24,   12,   44,   20],
       [  18,   13,   16,    1,   11,   24,  867,    2,    6,    0],
       [   6,   31,   16,    1,   10,    0,    2,  819,   69,   74],
       [   5,    6,    6,   20,    4,   36,   13,    5,  847,   32],
       [  12,    7,    4,    5,   18,   17,    3,   11,   38,  894]],
      dtype=int64)}, 28.233776299995952)
[2024-08-13 10:54:46,967][flwr][INFO] - configure_evaluate: no clients selected, skipping evaluation
[2024-08-13 10:54:46,967][flwr][INFO] - 
[2024-08-13 10:54:46,967][flwr][INFO] - [ROUND 4]
[2024-08-13 10:54:46,967][flwr][INFO] - configure_fit: strategy sampled 10 clients (out of 10)
[2024-08-13 10:54:53,353][flwr][INFO] - aggregate_fit: received 10 results and 0 failures
[2024-08-13 10:54:55,574][flwr][INFO] - fit progress: (4, 0.7362877520643469, {'accuracy': 0.8055, 'precision': 0.825981154276821, 'recall': 0.8055, 'f1': 0.7982884137810472, 'confusion_matrix': array([[ 926,    0,    5,   13,    3,    6,   25,    1,    1,    0],
       [   0, 1070,   43,   14,    1,    1,    5,    1,    0,    0],
       [  15,   11,  855,   57,   28,    0,   21,   32,   12,    1],
       [   4,    5,   20,  910,    2,   16,    8,   22,    7,   16],
       [   5,    6,    3,    0,  936,    2,   13,    7,    2,    8],
       [  22,   53,   11,  168,   46,  513,   34,   31,    4,   10],
       [  17,   11,   27,    3,   29,   12,  858,    1,    0,    0],
       [   4,   30,   44,    2,   21,    0,    1,  920,    0,    6],
       [  19,   45,   40,  198,   59,   31,   27,   27,  496,   32],
       [  25,   12,    6,   11,  252,    7,    1,  122,    2,  571]],
      dtype=int64)}, 36.841385799998534)
[2024-08-13 10:54:55,575][flwr][INFO] - configure_evaluate: no clients selected, skipping evaluation
[2024-08-13 10:54:55,575][flwr][INFO] - 
[2024-08-13 10:54:55,575][flwr][INFO] - [ROUND 5]
[2024-08-13 10:54:55,576][flwr][INFO] - configure_fit: strategy sampled 10 clients (out of 10)
[2024-08-13 10:55:02,224][flwr][INFO] - aggregate_fit: received 10 results and 0 failures
[2024-08-13 10:55:04,451][flwr][INFO] - fit progress: (5, 0.7040430580600563, {'accuracy': 0.8391, 'precision': 0.847403026041996, 'recall': 0.8391, 'f1': 0.8388851709992478, 'confusion_matrix': array([[ 915,    1,    2,    1,    0,   15,   28,    1,   17,    0],
       [   0, 1074,   23,    2,    1,    2,    5,    1,   26,    1],
       [  15,   18,  820,   34,   12,    1,   27,   24,   66,   15],
       [   5,    9,   17,  789,    1,   46,   15,   14,   81,   33],
       [   5,    7,    2,    0,  712,    0,   30,    3,   20,  203],
       [  18,   52,    4,   54,   11,  630,   38,   13,   47,   25],
       [  16,   13,   18,    1,    8,   17,  878,    4,    3,    0],
       [   7,   36,   30,    0,   14,    0,    1,  841,   36,   63],
       [   7,   16,   11,   24,    5,   26,   16,    5,  822,   42],
       [  18,    8,    5,    5,   16,    8,    2,   15,   22,  910]],
      dtype=int64)}, 45.7182565999974)
[2024-08-13 10:55:04,452][flwr][INFO] - configure_evaluate: no clients selected, skipping evaluation
[2024-08-13 10:55:04,452][flwr][INFO] - 
[2024-08-13 10:55:04,453][flwr][INFO] - [ROUND 6]
[2024-08-13 10:55:04,453][flwr][INFO] - configure_fit: strategy sampled 10 clients (out of 10)
[2024-08-13 10:55:10,876][flwr][INFO] - aggregate_fit: received 10 results and 0 failures
[2024-08-13 10:55:13,174][flwr][INFO] - fit progress: (6, 0.7133190730103253, {'accuracy': 0.8185, 'precision': 0.8391932746556953, 'recall': 0.8185, 'f1': 0.8125533842923516, 'confusion_matrix': array([[ 929,    1,    2,    8,    5,   12,   20,    1,    2,    0],
       [   0, 1077,   33,   10,    2,    3,    5,    1,    4,    0],
       [  13,   14,  849,   50,   32,    0,   19,   37,   18,    0],
       [   2,    4,   14,  907,    4,   29,    8,   25,   12,    5],
       [   2,    6,    1,    0,  945,    2,   13,    8,    2,    3],
       [  13,   49,    9,  103,   40,  623,   29,   20,    4,    2],
       [  14,   12,   23,    2,   34,   19,  850,    4,    0,    0],
       [   5,   29,   39,    3,   24,    0,    1,  922,    2,    3],
       [  15,   43,   25,  136,   50,   46,   19,   21,  610,    9],
       [  25,   12,    4,   10,  340,   16,    1,  123,    5,  473]],
      dtype=int64)}, 54.441227599993)
[2024-08-13 10:55:13,175][flwr][INFO] - configure_evaluate: no clients selected, skipping evaluation
[2024-08-13 10:55:13,175][flwr][INFO] - 
[2024-08-13 10:55:13,175][flwr][INFO] - [ROUND 7]
[2024-08-13 10:55:13,175][flwr][INFO] - configure_fit: strategy sampled 10 clients (out of 10)
[2024-08-13 10:55:19,761][flwr][INFO] - aggregate_fit: received 10 results and 0 failures
[2024-08-13 10:55:21,987][flwr][INFO] - fit progress: (7, 0.6856739647938132, {'accuracy': 0.843, 'precision': 0.8532820555904894, 'recall': 0.843, 'f1': 0.8429374384493347, 'confusion_matrix': array([[ 929,    1,    3,    1,    0,    9,   24,    1,   12,    0],
       [   0, 1077,   20,    2,    1,    2,    5,    1,   25,    2],
       [  12,   15,  830,   36,   10,    0,   26,   26,   59,   18],
       [   5,    8,   15,  829,    1,   37,   13,   14,   50,   38],
       [   5,    6,    2,    0,  685,    0,   27,    3,   16,  238],
       [  14,   47,    3,   62,    9,  634,   37,   13,   45,   28],
       [  13,   10,   20,    1,    8,   16,  883,    5,    1,    1],
       [   7,   32,   31,    1,   11,    0,    1,  835,   29,   81],
       [   8,   19,   12,   28,    4,   22,   18,    5,  804,   54],
       [  18,    8,    4,    6,   14,    6,    2,   10,   17,  924]],
      dtype=int64)}, 63.253819299992756)
[2024-08-13 10:55:21,988][flwr][INFO] - configure_evaluate: no clients selected, skipping evaluation
[2024-08-13 10:55:21,988][flwr][INFO] - 
[2024-08-13 10:55:21,988][flwr][INFO] - [ROUND 8]
[2024-08-13 10:55:21,988][flwr][INFO] - configure_fit: strategy sampled 10 clients (out of 10)
[2024-08-13 10:55:28,422][flwr][INFO] - aggregate_fit: received 10 results and 0 failures
[2024-08-13 10:55:30,641][flwr][INFO] - fit progress: (8, 0.6944704372439139, {'accuracy': 0.8231, 'precision': 0.843546912587726, 'recall': 0.8231, 'f1': 0.8156717693823289, 'confusion_matrix': array([[ 932,    2,    3,    3,    3,   11,   21,    2,    3,    0],
       [   0, 1080,   26,    7,    2,    5,    5,    1,    9,    0],
       [  13,   13,  843,   41,   35,    0,   20,   37,   30,    0],
       [   2,    5,   14,  889,    4,   35,    8,   23,   28,    2],
       [   2,    4,    1,    0,  947,    2,   13,    8,    3,    2],
       [  12,   48,    5,   77,   37,  658,   25,   20,    8,    2],
       [  14,    9,   20,    1,   32,   18,  859,    5,    0,    0],
       [   4,   28,   34,    3,   24,    0,    1,  926,    7,    1],
       [  15,   39,   16,   83,   41,   43,   21,   19,  694,    3],
       [  27,   12,    4,    9,  380,   22,    1,  140,   11,  403]],
      dtype=int64)}, 71.90818480000598)
[2024-08-13 10:55:30,642][flwr][INFO] - configure_evaluate: no clients selected, skipping evaluation
[2024-08-13 10:55:30,642][flwr][INFO] - 
[2024-08-13 10:55:30,642][flwr][INFO] - [ROUND 9]
[2024-08-13 10:55:30,643][flwr][INFO] - configure_fit: strategy sampled 10 clients (out of 10)
[2024-08-13 10:55:37,252][flwr][INFO] - aggregate_fit: received 10 results and 0 failures
[2024-08-13 10:55:39,612][flwr][INFO] - fit progress: (9, 0.6621311312571291, {'accuracy': 0.8541, 'precision': 0.8603654265327756, 'recall': 0.8541, 'f1': 0.8538302938547695, 'confusion_matrix': array([[ 934,    1,    4,    1,    1,    7,   23,    2,    7,    0],
       [   0, 1078,   21,    3,    1,    4,    5,    1,   22,    0],
       [  12,   14,  845,   34,   10,    0,   25,   27,   50,   15],
       [   5,    5,   15,  850,    2,   34,   13,   16,   34,   36],
       [   3,    6,    4,    0,  745,    0,   23,    4,   13,  184],
       [  13,   44,    3,   68,   12,  643,   34,   13,   33,   29],
       [  13,    7,   20,    1,    8,   16,  886,    5,    1,    1],
       [   8,   34,   32,    1,   14,    0,    1,  845,   22,   71],
       [  11,   20,   13,   31,    6,   20,   17,    5,  794,   57],
       [  19,    7,    4,    7,   19,    6,    1,   12,   13,  921]],
      dtype=int64)}, 80.8794654999947)
[2024-08-13 10:55:39,613][flwr][INFO] - configure_evaluate: no clients selected, skipping evaluation
[2024-08-13 10:55:39,613][flwr][INFO] - 
[2024-08-13 10:55:39,613][flwr][INFO] - [ROUND 10]
[2024-08-13 10:55:39,614][flwr][INFO] - configure_fit: strategy sampled 10 clients (out of 10)
[2024-08-13 10:55:46,132][flwr][INFO] - aggregate_fit: received 10 results and 0 failures
[2024-08-13 10:55:48,343][flwr][INFO] - fit progress: (10, 0.6726172821865756, {'accuracy': 0.8287, 'precision': 0.8481638105688899, 'recall': 0.8287, 'f1': 0.8217521668708195, 'confusion_matrix': array([[ 933,    2,    4,    2,    3,   10,   17,    4,    5,    0],
       [   0, 1087,   18,    4,    2,    5,    5,    1,   13,    0],
       [  12,   18,  827,   42,   35,    0,   19,   38,   40,    1],
       [   2,    7,   10,  882,    4,   38,    8,   22,   36,    1],
       [   2,    4,    1,    0,  947,    2,   13,    8,    3,    2],
       [  11,   43,    3,   68,   33,  672,   25,   19,   17,    1],
       [  13,   11,   15,    1,   32,   17,  860,    8,    1,    0],
       [   4,   28,   31,    3,   25,    0,    1,  927,    8,    1],
       [  13,   38,   10,   56,   36,   40,   19,   19,  741,    2],
       [  25,   10,    4,    9,  367,   22,    1,  146,   14,  411]],
      dtype=int64)}, 89.6107622999989)
[2024-08-13 10:55:48,345][flwr][INFO] - configure_evaluate: no clients selected, skipping evaluation
[2024-08-13 10:55:48,345][flwr][INFO] - 
[2024-08-13 10:55:48,345][flwr][INFO] - [SUMMARY]
[2024-08-13 10:55:48,345][flwr][INFO] - Run finished 10 round(s) in 89.61s
[2024-08-13 10:55:48,352][flwr][INFO] - 	History (loss, centralized):
[2024-08-13 10:55:48,353][flwr][INFO] - 		round 0: 2.3025850929940455
[2024-08-13 10:55:48,353][flwr][INFO] - 		round 1: 0.9117499077621165
[2024-08-13 10:55:48,353][flwr][INFO] - 		round 2: 0.7349524136132666
[2024-08-13 10:55:48,353][flwr][INFO] - 		round 3: 0.7339196236048694
[2024-08-13 10:55:48,353][flwr][INFO] - 		round 4: 0.7362877520643469
[2024-08-13 10:55:48,353][flwr][INFO] - 		round 5: 0.7040430580600563
[2024-08-13 10:55:48,353][flwr][INFO] - 		round 6: 0.7133190730103253
[2024-08-13 10:55:48,353][flwr][INFO] - 		round 7: 0.6856739647938132
[2024-08-13 10:55:48,353][flwr][INFO] - 		round 8: 0.6944704372439139
[2024-08-13 10:55:48,353][flwr][INFO] - 		round 9: 0.6621311312571291
[2024-08-13 10:55:48,353][flwr][INFO] - 		round 10: 0.6726172821865756
[2024-08-13 10:55:48,353][flwr][INFO] - 	History (metrics, centralized):
[2024-08-13 10:55:48,353][flwr][INFO] - 	{'accuracy': [(0, 0.098),
[2024-08-13 10:55:48,354][flwr][INFO] - 	              (1, 0.7221),
[2024-08-13 10:55:48,354][flwr][INFO] - 	              (2, 0.8167),
[2024-08-13 10:55:48,354][flwr][INFO] - 	              (3, 0.8253),
[2024-08-13 10:55:48,354][flwr][INFO] - 	              (4, 0.8055),
[2024-08-13 10:55:48,354][flwr][INFO] - 	              (5, 0.8391),
[2024-08-13 10:55:48,354][flwr][INFO] - 	              (6, 0.8185),
[2024-08-13 10:55:48,354][flwr][INFO] - 	              (7, 0.843),
[2024-08-13 10:55:48,354][flwr][INFO] - 	              (8, 0.8231),
[2024-08-13 10:55:48,354][flwr][INFO] - 	              (9, 0.8541),
[2024-08-13 10:55:48,354][flwr][INFO] - 	              (10, 0.8287)],
[2024-08-13 10:55:48,354][flwr][INFO] - 	 'confusion_matrix': [(0,
[2024-08-13 10:55:48,354][flwr][INFO] - 	                       array([[ 980,    0,    0,    0,    0,    0,    0,    0,    0,    0],
[2024-08-13 10:55:48,354][flwr][INFO] - 	       [1135,    0,    0,    0,    0,    0,    0,    0,    0,    0],
[2024-08-13 10:55:48,354][flwr][INFO] - 	       [1032,    0,    0,    0,    0,    0,    0,    0,    0,    0],
[2024-08-13 10:55:48,354][flwr][INFO] - 	       [1010,    0,    0,    0,    0,    0,    0,    0,    0,    0],
[2024-08-13 10:55:48,355][flwr][INFO] - 	       [ 982,    0,    0,    0,    0,    0,    0,    0,    0,    0],
[2024-08-13 10:55:48,355][flwr][INFO] - 	       [ 892,    0,    0,    0,    0,    0,    0,    0,    0,    0],
[2024-08-13 10:55:48,355][flwr][INFO] - 	       [ 958,    0,    0,    0,    0,    0,    0,    0,    0,    0],
[2024-08-13 10:55:48,355][flwr][INFO] - 	       [1028,    0,    0,    0,    0,    0,    0,    0,    0,    0],
[2024-08-13 10:55:48,355][flwr][INFO] - 	       [ 974,    0,    0,    0,    0,    0,    0,    0,    0,    0],
[2024-08-13 10:55:48,355][flwr][INFO] - 	       [1009,    0,    0,    0,    0,    0,    0,    0,    0,    0]],
[2024-08-13 10:55:48,355][flwr][INFO] - 	      dtype=int64)),
[2024-08-13 10:55:48,355][flwr][INFO] - 	                      (1,
[2024-08-13 10:55:48,355][flwr][INFO] - 	                       array([[ 955,    0,    1,    5,    0,    0,    7,    1,   11,    0],
[2024-08-13 10:55:48,355][flwr][INFO] - 	       [   0, 1065,   19,    8,    0,    0,    4,    1,   38,    0],
[2024-08-13 10:55:48,355][flwr][INFO] - 	       [  85,   27,  688,   99,    4,    0,   32,   15,   72,   10],
[2024-08-13 10:55:48,355][flwr][INFO] - 	       [  28,   12,   12,  859,    0,    0,    9,   10,   70,   10],
[2024-08-13 10:55:48,355][flwr][INFO] - 	       [  40,   11,    3,    2,  426,    0,   37,    5,   67,  391],
[2024-08-13 10:55:48,355][flwr][INFO] - 	       [ 242,   65,    4,  247,    3,    5,   34,   20,  221,   51],
[2024-08-13 10:55:48,355][flwr][INFO] - 	       [  95,   17,   11,    4,    2,    0,  816,    1,   12,    0],
[2024-08-13 10:55:48,356][flwr][INFO] - 	       [  32,   40,   15,    4,    3,    0,    1,  821,   69,   43],
[2024-08-13 10:55:48,356][flwr][INFO] - 	       [  47,   14,    4,  110,    1,    0,   15,    7,  761,   15],
[2024-08-13 10:55:48,356][flwr][INFO] - 	       [  57,   13,    1,   11,    8,    0,    3,   32,   59,  825]],
[2024-08-13 10:55:48,356][flwr][INFO] - 	      dtype=int64)),
[2024-08-13 10:55:48,356][flwr][INFO] - 	                      (2,
[2024-08-13 10:55:48,356][flwr][INFO] - 	                       array([[ 922,    0,    7,    4,    0,    3,   35,    1,    8,    0],
[2024-08-13 10:55:48,356][flwr][INFO] - 	       [   0, 1071,   48,    4,    1,    1,    5,    1,    4,    0],
[2024-08-13 10:55:48,356][flwr][INFO] - 	       [  23,   22,  856,   34,   23,    0,   23,   26,   23,    2],
[2024-08-13 10:55:48,356][flwr][INFO] - 	       [   8,   12,   33,  870,    2,   13,   10,   18,   23,   21],
[2024-08-13 10:55:48,356][flwr][INFO] - 	       [   7,    9,    6,    0,  880,    0,   28,    2,    5,   45],
[2024-08-13 10:55:48,356][flwr][INFO] - 	       [  37,   62,   19,  168,   30,  467,   43,   29,   13,   24],
[2024-08-13 10:55:48,356][flwr][INFO] - 	       [  30,   17,   24,    0,   16,   12,  858,    1,    0,    0],
[2024-08-13 10:55:48,356][flwr][INFO] - 	       [   8,   41,   43,    0,   17,    0,    3,  888,    6,   22],
[2024-08-13 10:55:48,356][flwr][INFO] - 	       [  24,   34,   38,  121,   21,    9,   23,   16,  644,   44],
[2024-08-13 10:55:48,356][flwr][INFO] - 	       [  30,   17,    6,    9,  151,    6,    2,   68,    9,  711]],
[2024-08-13 10:55:48,357][flwr][INFO] - 	      dtype=int64)),
[2024-08-13 10:55:48,357][flwr][INFO] - 	                      (3,
[2024-08-13 10:55:48,357][flwr][INFO] - 	                       array([[ 885,    0,    2,    1,    0,   41,   27,    1,   23,    0],
[2024-08-13 10:55:48,357][flwr][INFO] - 	       [   0, 1052,    9,    3,    1,    7,    4,    0,   59,    0],
[2024-08-13 10:55:48,357][flwr][INFO] - 	       [  17,   21,  774,   41,   14,    6,   23,   24,   93,   19],
[2024-08-13 10:55:48,357][flwr][INFO] - 	       [   5,    8,   14,  760,    0,   74,    8,   14,  106,   21],
[2024-08-13 10:55:48,357][flwr][INFO] - 	       [   7,    6,    2,    0,  674,    7,   24,    3,   31,  228],
[2024-08-13 10:55:48,357][flwr][INFO] - 	       [  13,   45,    3,   42,    8,  681,   24,   12,   44,   20],
[2024-08-13 10:55:48,357][flwr][INFO] - 	       [  18,   13,   16,    1,   11,   24,  867,    2,    6,    0],
[2024-08-13 10:55:48,357][flwr][INFO] - 	       [   6,   31,   16,    1,   10,    0,    2,  819,   69,   74],
[2024-08-13 10:55:48,357][flwr][INFO] - 	       [   5,    6,    6,   20,    4,   36,   13,    5,  847,   32],
[2024-08-13 10:55:48,357][flwr][INFO] - 	       [  12,    7,    4,    5,   18,   17,    3,   11,   38,  894]],
[2024-08-13 10:55:48,357][flwr][INFO] - 	      dtype=int64)),
[2024-08-13 10:55:48,357][flwr][INFO] - 	                      (4,
[2024-08-13 10:55:48,357][flwr][INFO] - 	                       array([[ 926,    0,    5,   13,    3,    6,   25,    1,    1,    0],
[2024-08-13 10:55:48,357][flwr][INFO] - 	       [   0, 1070,   43,   14,    1,    1,    5,    1,    0,    0],
[2024-08-13 10:55:48,358][flwr][INFO] - 	       [  15,   11,  855,   57,   28,    0,   21,   32,   12,    1],
[2024-08-13 10:55:48,358][flwr][INFO] - 	       [   4,    5,   20,  910,    2,   16,    8,   22,    7,   16],
[2024-08-13 10:55:48,358][flwr][INFO] - 	       [   5,    6,    3,    0,  936,    2,   13,    7,    2,    8],
[2024-08-13 10:55:48,358][flwr][INFO] - 	       [  22,   53,   11,  168,   46,  513,   34,   31,    4,   10],
[2024-08-13 10:55:48,358][flwr][INFO] - 	       [  17,   11,   27,    3,   29,   12,  858,    1,    0,    0],
[2024-08-13 10:55:48,358][flwr][INFO] - 	       [   4,   30,   44,    2,   21,    0,    1,  920,    0,    6],
[2024-08-13 10:55:48,358][flwr][INFO] - 	       [  19,   45,   40,  198,   59,   31,   27,   27,  496,   32],
[2024-08-13 10:55:48,358][flwr][INFO] - 	       [  25,   12,    6,   11,  252,    7,    1,  122,    2,  571]],
[2024-08-13 10:55:48,358][flwr][INFO] - 	      dtype=int64)),
[2024-08-13 10:55:48,358][flwr][INFO] - 	                      (5,
[2024-08-13 10:55:48,358][flwr][INFO] - 	                       array([[ 915,    1,    2,    1,    0,   15,   28,    1,   17,    0],
[2024-08-13 10:55:48,358][flwr][INFO] - 	       [   0, 1074,   23,    2,    1,    2,    5,    1,   26,    1],
[2024-08-13 10:55:48,358][flwr][INFO] - 	       [  15,   18,  820,   34,   12,    1,   27,   24,   66,   15],
[2024-08-13 10:55:48,358][flwr][INFO] - 	       [   5,    9,   17,  789,    1,   46,   15,   14,   81,   33],
[2024-08-13 10:55:48,358][flwr][INFO] - 	       [   5,    7,    2,    0,  712,    0,   30,    3,   20,  203],
[2024-08-13 10:55:48,359][flwr][INFO] - 	       [  18,   52,    4,   54,   11,  630,   38,   13,   47,   25],
[2024-08-13 10:55:48,359][flwr][INFO] - 	       [  16,   13,   18,    1,    8,   17,  878,    4,    3,    0],
[2024-08-13 10:55:48,359][flwr][INFO] - 	       [   7,   36,   30,    0,   14,    0,    1,  841,   36,   63],
[2024-08-13 10:55:48,359][flwr][INFO] - 	       [   7,   16,   11,   24,    5,   26,   16,    5,  822,   42],
[2024-08-13 10:55:48,359][flwr][INFO] - 	       [  18,    8,    5,    5,   16,    8,    2,   15,   22,  910]],
[2024-08-13 10:55:48,359][flwr][INFO] - 	      dtype=int64)),
[2024-08-13 10:55:48,359][flwr][INFO] - 	                      (6,
[2024-08-13 10:55:48,359][flwr][INFO] - 	                       array([[ 929,    1,    2,    8,    5,   12,   20,    1,    2,    0],
[2024-08-13 10:55:48,359][flwr][INFO] - 	       [   0, 1077,   33,   10,    2,    3,    5,    1,    4,    0],
[2024-08-13 10:55:48,359][flwr][INFO] - 	       [  13,   14,  849,   50,   32,    0,   19,   37,   18,    0],
[2024-08-13 10:55:48,359][flwr][INFO] - 	       [   2,    4,   14,  907,    4,   29,    8,   25,   12,    5],
[2024-08-13 10:55:48,359][flwr][INFO] - 	       [   2,    6,    1,    0,  945,    2,   13,    8,    2,    3],
[2024-08-13 10:55:48,359][flwr][INFO] - 	       [  13,   49,    9,  103,   40,  623,   29,   20,    4,    2],
[2024-08-13 10:55:48,359][flwr][INFO] - 	       [  14,   12,   23,    2,   34,   19,  850,    4,    0,    0],
[2024-08-13 10:55:48,359][flwr][INFO] - 	       [   5,   29,   39,    3,   24,    0,    1,  922,    2,    3],
[2024-08-13 10:55:48,359][flwr][INFO] - 	       [  15,   43,   25,  136,   50,   46,   19,   21,  610,    9],
[2024-08-13 10:55:48,360][flwr][INFO] - 	       [  25,   12,    4,   10,  340,   16,    1,  123,    5,  473]],
[2024-08-13 10:55:48,360][flwr][INFO] - 	      dtype=int64)),
[2024-08-13 10:55:48,360][flwr][INFO] - 	                      (7,
[2024-08-13 10:55:48,360][flwr][INFO] - 	                       array([[ 929,    1,    3,    1,    0,    9,   24,    1,   12,    0],
[2024-08-13 10:55:48,360][flwr][INFO] - 	       [   0, 1077,   20,    2,    1,    2,    5,    1,   25,    2],
[2024-08-13 10:55:48,360][flwr][INFO] - 	       [  12,   15,  830,   36,   10,    0,   26,   26,   59,   18],
[2024-08-13 10:55:48,360][flwr][INFO] - 	       [   5,    8,   15,  829,    1,   37,   13,   14,   50,   38],
[2024-08-13 10:55:48,360][flwr][INFO] - 	       [   5,    6,    2,    0,  685,    0,   27,    3,   16,  238],
[2024-08-13 10:55:48,360][flwr][INFO] - 	       [  14,   47,    3,   62,    9,  634,   37,   13,   45,   28],
[2024-08-13 10:55:48,360][flwr][INFO] - 	       [  13,   10,   20,    1,    8,   16,  883,    5,    1,    1],
[2024-08-13 10:55:48,360][flwr][INFO] - 	       [   7,   32,   31,    1,   11,    0,    1,  835,   29,   81],
[2024-08-13 10:55:48,360][flwr][INFO] - 	       [   8,   19,   12,   28,    4,   22,   18,    5,  804,   54],
[2024-08-13 10:55:48,360][flwr][INFO] - 	       [  18,    8,    4,    6,   14,    6,    2,   10,   17,  924]],
[2024-08-13 10:55:48,360][flwr][INFO] - 	      dtype=int64)),
[2024-08-13 10:55:48,360][flwr][INFO] - 	                      (8,
[2024-08-13 10:55:48,361][flwr][INFO] - 	                       array([[ 932,    2,    3,    3,    3,   11,   21,    2,    3,    0],
[2024-08-13 10:55:48,361][flwr][INFO] - 	       [   0, 1080,   26,    7,    2,    5,    5,    1,    9,    0],
[2024-08-13 10:55:48,361][flwr][INFO] - 	       [  13,   13,  843,   41,   35,    0,   20,   37,   30,    0],
[2024-08-13 10:55:48,361][flwr][INFO] - 	       [   2,    5,   14,  889,    4,   35,    8,   23,   28,    2],
[2024-08-13 10:55:48,361][flwr][INFO] - 	       [   2,    4,    1,    0,  947,    2,   13,    8,    3,    2],
[2024-08-13 10:55:48,361][flwr][INFO] - 	       [  12,   48,    5,   77,   37,  658,   25,   20,    8,    2],
[2024-08-13 10:55:48,361][flwr][INFO] - 	       [  14,    9,   20,    1,   32,   18,  859,    5,    0,    0],
[2024-08-13 10:55:48,361][flwr][INFO] - 	       [   4,   28,   34,    3,   24,    0,    1,  926,    7,    1],
[2024-08-13 10:55:48,361][flwr][INFO] - 	       [  15,   39,   16,   83,   41,   43,   21,   19,  694,    3],
[2024-08-13 10:55:48,361][flwr][INFO] - 	       [  27,   12,    4,    9,  380,   22,    1,  140,   11,  403]],
[2024-08-13 10:55:48,361][flwr][INFO] - 	      dtype=int64)),
[2024-08-13 10:55:48,361][flwr][INFO] - 	                      (9,
[2024-08-13 10:55:48,361][flwr][INFO] - 	                       array([[ 934,    1,    4,    1,    1,    7,   23,    2,    7,    0],
[2024-08-13 10:55:48,361][flwr][INFO] - 	       [   0, 1078,   21,    3,    1,    4,    5,    1,   22,    0],
[2024-08-13 10:55:48,361][flwr][INFO] - 	       [  12,   14,  845,   34,   10,    0,   25,   27,   50,   15],
[2024-08-13 10:55:48,362][flwr][INFO] - 	       [   5,    5,   15,  850,    2,   34,   13,   16,   34,   36],
[2024-08-13 10:55:48,362][flwr][INFO] - 	       [   3,    6,    4,    0,  745,    0,   23,    4,   13,  184],
[2024-08-13 10:55:48,362][flwr][INFO] - 	       [  13,   44,    3,   68,   12,  643,   34,   13,   33,   29],
[2024-08-13 10:55:48,362][flwr][INFO] - 	       [  13,    7,   20,    1,    8,   16,  886,    5,    1,    1],
[2024-08-13 10:55:48,362][flwr][INFO] - 	       [   8,   34,   32,    1,   14,    0,    1,  845,   22,   71],
[2024-08-13 10:55:48,362][flwr][INFO] - 	       [  11,   20,   13,   31,    6,   20,   17,    5,  794,   57],
[2024-08-13 10:55:48,362][flwr][INFO] - 	       [  19,    7,    4,    7,   19,    6,    1,   12,   13,  921]],
[2024-08-13 10:55:48,362][flwr][INFO] - 	      dtype=int64)),
[2024-08-13 10:55:48,362][flwr][INFO] - 	                      (10,
[2024-08-13 10:55:48,362][flwr][INFO] - 	                       array([[ 933,    2,    4,    2,    3,   10,   17,    4,    5,    0],
[2024-08-13 10:55:48,362][flwr][INFO] - 	       [   0, 1087,   18,    4,    2,    5,    5,    1,   13,    0],
[2024-08-13 10:55:48,362][flwr][INFO] - 	       [  12,   18,  827,   42,   35,    0,   19,   38,   40,    1],
[2024-08-13 10:55:48,362][flwr][INFO] - 	       [   2,    7,   10,  882,    4,   38,    8,   22,   36,    1],
[2024-08-13 10:55:48,362][flwr][INFO] - 	       [   2,    4,    1,    0,  947,    2,   13,    8,    3,    2],
[2024-08-13 10:55:48,362][flwr][INFO] - 	       [  11,   43,    3,   68,   33,  672,   25,   19,   17,    1],
[2024-08-13 10:55:48,362][flwr][INFO] - 	       [  13,   11,   15,    1,   32,   17,  860,    8,    1,    0],
[2024-08-13 10:55:48,363][flwr][INFO] - 	       [   4,   28,   31,    3,   25,    0,    1,  927,    8,    1],
[2024-08-13 10:55:48,363][flwr][INFO] - 	       [  13,   38,   10,   56,   36,   40,   19,   19,  741,    2],
[2024-08-13 10:55:48,363][flwr][INFO] - 	       [  25,   10,    4,    9,  367,   22,    1,  146,   14,  411]],
[2024-08-13 10:55:48,363][flwr][INFO] - 	      dtype=int64))],
[2024-08-13 10:55:48,363][flwr][INFO] - 	 'f1': [(0, 0.017493624772313296),
[2024-08-13 10:55:48,363][flwr][INFO] - 	        (1, 0.6885557535140805),
[2024-08-13 10:55:48,363][flwr][INFO] - 	        (2, 0.8117711203822692),
[2024-08-13 10:55:48,363][flwr][INFO] - 	        (3, 0.8266827502963467),
[2024-08-13 10:55:48,363][flwr][INFO] - 	        (4, 0.7982884137810472),
[2024-08-13 10:55:48,363][flwr][INFO] - 	        (5, 0.8388851709992478),
[2024-08-13 10:55:48,363][flwr][INFO] - 	        (6, 0.8125533842923516),
[2024-08-13 10:55:48,363][flwr][INFO] - 	        (7, 0.8429374384493347),
[2024-08-13 10:55:48,363][flwr][INFO] - 	        (8, 0.8156717693823289),
[2024-08-13 10:55:48,363][flwr][INFO] - 	        (9, 0.8538302938547695),
[2024-08-13 10:55:48,363][flwr][INFO] - 	        (10, 0.8217521668708195)],
[2024-08-13 10:55:48,363][flwr][INFO] - 	 'precision': [(0, 0.009604000000000001),
[2024-08-13 10:55:48,364][flwr][INFO] - 	               (1, 0.7852401211704416),
[2024-08-13 10:55:48,364][flwr][INFO] - 	               (2, 0.823878681282125),
[2024-08-13 10:55:48,364][flwr][INFO] - 	               (3, 0.8404196154206632),
[2024-08-13 10:55:48,364][flwr][INFO] - 	               (4, 0.825981154276821),
[2024-08-13 10:55:48,364][flwr][INFO] - 	               (5, 0.847403026041996),
[2024-08-13 10:55:48,364][flwr][INFO] - 	               (6, 0.8391932746556953),
[2024-08-13 10:55:48,364][flwr][INFO] - 	               (7, 0.8532820555904894),
[2024-08-13 10:55:48,364][flwr][INFO] - 	               (8, 0.843546912587726),
[2024-08-13 10:55:48,364][flwr][INFO] - 	               (9, 0.8603654265327756),
[2024-08-13 10:55:48,364][flwr][INFO] - 	               (10, 0.8481638105688899)],
[2024-08-13 10:55:48,364][flwr][INFO] - 	 'recall': [(0, 0.098),
[2024-08-13 10:55:48,364][flwr][INFO] - 	            (1, 0.7221),
[2024-08-13 10:55:48,364][flwr][INFO] - 	            (2, 0.8167),
[2024-08-13 10:55:48,364][flwr][INFO] - 	            (3, 0.8253),
[2024-08-13 10:55:48,364][flwr][INFO] - 	            (4, 0.8055),
[2024-08-13 10:55:48,364][flwr][INFO] - 	            (5, 0.8391),
[2024-08-13 10:55:48,365][flwr][INFO] - 	            (6, 0.8185),
[2024-08-13 10:55:48,365][flwr][INFO] - 	            (7, 0.843),
[2024-08-13 10:55:48,365][flwr][INFO] - 	            (8, 0.8231),
[2024-08-13 10:55:48,365][flwr][INFO] - 	            (9, 0.8541),
[2024-08-13 10:55:48,365][flwr][INFO] - 	            (10, 0.8287)]}
[2024-08-13 10:55:48,365][flwr][INFO] - 
