[2024-08-13 13:32:38,927][flwr][INFO] - Starting Flower simulation, config: num_rounds=10, no round_timeout
[2024-08-13 13:32:43,059][flwr][INFO] - Flower VCE: Ray initialized with resources: {'accelerator_type:G': 1.0, 'GPU': 1.0, 'object_store_memory': 2536622899.0, 'node:127.0.0.1': 1.0, 'memory': 5073245799.0, 'CPU': 16.0, 'node:__internal_head__': 1.0}
[2024-08-13 13:32:43,059][flwr][INFO] - Optimize your simulation with Flower VCE: https://flower.ai/docs/framework/how-to-run-simulations.html
[2024-08-13 13:32:43,059][flwr][INFO] - Flower VCE: Resources for each Virtual Client: {'num_cpus': 2, 'num_gpus': 0.5}
[2024-08-13 13:32:43,071][flwr][INFO] - Flower VCE: Creating VirtualClientEngineActorPool with 2 actors
[2024-08-13 13:32:43,071][flwr][INFO] - [INIT]
[2024-08-13 13:32:43,071][flwr][INFO] - Requesting initial parameters from one random client
[2024-08-13 13:32:50,568][flwr][INFO] - Received initial parameters from one random client
[2024-08-13 13:32:50,568][flwr][INFO] - Evaluating initial global parameters
[2024-08-13 13:32:52,779][flwr][INFO] - initial parameters (loss, other metrics): 2.3025850929940455, {'accuracy': 0.098, 'precision': 0.009604000000000001, 'recall': 0.098, 'f1': 0.017493624772313296, 'confusion_matrix': array([[ 980,    0,    0,    0,    0,    0,    0,    0,    0,    0],
       [1135,    0,    0,    0,    0,    0,    0,    0,    0,    0],
       [1032,    0,    0,    0,    0,    0,    0,    0,    0,    0],
       [1010,    0,    0,    0,    0,    0,    0,    0,    0,    0],
       [ 982,    0,    0,    0,    0,    0,    0,    0,    0,    0],
       [ 892,    0,    0,    0,    0,    0,    0,    0,    0,    0],
       [ 958,    0,    0,    0,    0,    0,    0,    0,    0,    0],
       [1028,    0,    0,    0,    0,    0,    0,    0,    0,    0],
       [ 974,    0,    0,    0,    0,    0,    0,    0,    0,    0],
       [1009,    0,    0,    0,    0,    0,    0,    0,    0,    0]],
      dtype=int64)}
[2024-08-13 13:32:52,780][flwr][INFO] - 
[2024-08-13 13:32:52,780][flwr][INFO] - [ROUND 1]
[2024-08-13 13:32:52,781][flwr][INFO] - configure_fit: strategy sampled 10 clients (out of 10)
[2024-08-13 13:33:01,153][flwr][INFO] - aggregate_fit: received 10 results and 0 failures
[2024-08-13 13:33:01,157][flwr][WARNING] - No fit_metrics_aggregation_fn provided
[2024-08-13 13:33:03,235][flwr][INFO] - fit progress: (1, 3.5423899430319232, {'accuracy': 0.0706, 'precision': 0.06379499015617, 'recall': 0.0706, 'f1': 0.05251475590569457, 'confusion_matrix': array([[  15,  902,    0,    3,    5,    0,    0,   20,    1,   34],
       [   0,    0, 1094,    2,    2,    0,    0,    3,    1,   33],
       [   4,   37,  105,  762,    6,    4,    0,   32,   15,   67],
       [   1,   24,   20,   99,  720,    0,    0,   10,   13,  123],
       [ 120,    4,   14,    4,   33,  396,    0,   61,   17,  333],
       [  45,  112,   63,   18,  219,    2,    4,   29,   28,  372],
       [   0,   61,   33,    9,    4,    1,    1,  811,    1,   37],
       [  38,    3,   50,    7,    4,    0,    0,    6,  871,   49],
       [   0,   13,   24,   16,   67,    0,    0,    5,    9,  840],
       [ 404,   11,    7,    6,   24,    2,    0,    8,  111,  436]],
      dtype=int64)}, 10.45614339999156)
[2024-08-13 13:33:03,236][flwr][INFO] - configure_evaluate: no clients selected, skipping evaluation
[2024-08-13 13:33:03,236][flwr][INFO] - 
[2024-08-13 13:33:03,236][flwr][INFO] - [ROUND 2]
[2024-08-13 13:33:03,237][flwr][INFO] - configure_fit: strategy sampled 10 clients (out of 10)
[2024-08-13 13:33:09,813][flwr][INFO] - aggregate_fit: received 10 results and 0 failures
[2024-08-13 13:33:11,898][flwr][INFO] - fit progress: (2, 3.1017998828030904, {'accuracy': 0.0505, 'precision': 0.051084706519321794, 'recall': 0.0505, 'f1': 0.049306889408453215, 'confusion_matrix': array([[  95,  814,    0,    5,    5,    1,   37,   23,    0,    0],
       [   1,    0, 1112,    3,    7,    0,    6,    5,    1,    0],
       [  22,   22,   80,  821,    9,   14,    1,   36,   23,    4],
       [  15,   16,   14,  121,  783,    1,   13,   10,   33,    4],
       [  55,    1,   16,    1,   14,  832,    1,   45,   15,    2],
       [ 137,   47,   58,   16,  183,   45,  336,   29,   40,    1],
       [   6,   32,   26,   10,    2,    4,   86,  792,    0,    0],
       [  84,    1,   51,   18,    5,    4,    0,    8,  856,    1],
       [ 106,    9,   62,   85,  203,   12,   40,   15,   55,  387],
       [ 739,    2,   12,    6,   29,   80,    2,    6,  132,    1]],
      dtype=int64)}, 19.11795989998791)
[2024-08-13 13:33:11,899][flwr][INFO] - configure_evaluate: no clients selected, skipping evaluation
[2024-08-13 13:33:11,899][flwr][INFO] - 
[2024-08-13 13:33:11,899][flwr][INFO] - [ROUND 3]
[2024-08-13 13:33:11,899][flwr][INFO] - configure_fit: strategy sampled 10 clients (out of 10)
[2024-08-13 13:33:18,331][flwr][INFO] - aggregate_fit: received 10 results and 0 failures
[2024-08-13 13:33:20,428][flwr][INFO] - fit progress: (3, 2.890010783229529, {'accuracy': 0.0577, 'precision': 0.05960606791701666, 'recall': 0.0577, 'f1': 0.05825715442218053, 'confusion_matrix': array([[  57,  817,    0,    3,    3,    1,   67,   28,    0,    4],
       [   0,    0, 1101,    2,    2,    0,   11,    5,    2,   12],
       [  10,   24,   81,  789,    8,   18,    5,   50,   20,   27],
       [   8,   19,   13,  116,  736,    0,   36,   10,   24,   48],
       [  19,    1,    9,    1,   10,  859,    3,   48,    8,   24],
       [  63,   44,   48,    7,  107,   47,  469,   29,   41,   37],
       [   3,   24,   16,    6,    3,    3,  133,  770,    0,    0],
       [  64,    1,   46,   13,    4,   10,    1,   11,  865,   13],
       [  16,    6,   27,   24,   88,    8,   50,   13,   20,  722],
       [ 574,    2,    8,    5,   25,  163,    7,    9,  114,  102]],
      dtype=int64)}, 27.64851999998791)
[2024-08-13 13:33:20,429][flwr][INFO] - configure_evaluate: no clients selected, skipping evaluation
[2024-08-13 13:33:20,429][flwr][INFO] - 
[2024-08-13 13:33:20,429][flwr][INFO] - [ROUND 4]
[2024-08-13 13:33:20,429][flwr][INFO] - configure_fit: strategy sampled 10 clients (out of 10)
[2024-08-13 13:33:26,912][flwr][INFO] - aggregate_fit: received 10 results and 0 failures
[2024-08-13 13:33:28,999][flwr][INFO] - fit progress: (4, 2.4438970009391685, {'accuracy': 0.0709, 'precision': 0.06756079787345547, 'recall': 0.0709, 'f1': 0.06832607123975136, 'confusion_matrix': array([[ 222,  668,    0,    2,    3,    0,   50,   31,    0,    4],
       [   1,    2, 1090,    2,    8,    0,   15,    5,    0,   12],
       [  34,   21,   75,  775,   11,   14,   10,   48,   18,   26],
       [  19,   21,    5,  116,  736,    0,   38,   13,   24,   38],
       [  62,    0,    6,    1,   31,  802,    4,   47,    5,   24],
       [ 118,   63,   33,    8,   89,   41,  465,   27,   26,   22],
       [  17,   17,   12,    5,    3,    3,  133,  768,    0,    0],
       [ 113,    1,   37,   10,    7,    4,    0,   19,  823,   14],
       [  35,   10,   21,   19,   91,    3,   38,   14,   18,  725],
       [ 777,    1,    5,    6,   32,   59,    5,    8,   64,   52]],
      dtype=int64)}, 36.21992479999608)
[2024-08-13 13:33:29,000][flwr][INFO] - configure_evaluate: no clients selected, skipping evaluation
[2024-08-13 13:33:29,000][flwr][INFO] - 
[2024-08-13 13:33:29,000][flwr][INFO] - [ROUND 5]
[2024-08-13 13:33:29,001][flwr][INFO] - configure_fit: strategy sampled 10 clients (out of 10)
[2024-08-13 13:33:35,782][flwr][INFO] - aggregate_fit: received 10 results and 0 failures
[2024-08-13 13:33:37,942][flwr][INFO] - fit progress: (5, 2.3449918593883825, {'accuracy': 0.0793, 'precision': 0.07957477060603461, 'recall': 0.0793, 'f1': 0.07632197040090113, 'confusion_matrix': array([[  12,  875,    0,    1,    2,    2,   43,   37,    2,    6],
       [   0,    2, 1103,    3,    1,    0,   14,    4,    1,    7],
       [   0,   38,  117,  743,    8,   28,    8,   34,   26,   30],
       [   0,   43,    9,  146,  654,    1,   52,   13,   37,   55],
       [   1,    0,    6,    1,   12,  892,    4,   36,    6,   24],
       [  10,   99,   29,    9,   58,   94,  487,   25,   43,   38],
       [   0,   46,   12,    6,    2,    6,  137,  747,    0,    2],
       [  15,    2,   40,   10,    5,   22,    0,   12,  912,   10],
       [   0,   20,   27,   24,   54,   15,   43,   11,   36,  744],
       [ 122,    6,    6,    7,   33,  410,   14,   17,  169,  225]],
      dtype=int64)}, 45.16240899999684)
[2024-08-13 13:33:37,943][flwr][INFO] - configure_evaluate: no clients selected, skipping evaluation
[2024-08-13 13:33:37,943][flwr][INFO] - 
[2024-08-13 13:33:37,943][flwr][INFO] - [ROUND 6]
[2024-08-13 13:33:37,943][flwr][INFO] - configure_fit: strategy sampled 10 clients (out of 10)
[2024-08-13 13:33:44,554][flwr][INFO] - aggregate_fit: received 10 results and 0 failures
[2024-08-13 13:33:46,629][flwr][INFO] - fit progress: (6, 2.2563734070977124, {'accuracy': 0.0759, 'precision': 0.07694618372014848, 'recall': 0.0759, 'f1': 0.0759059305733207, 'confusion_matrix': array([[  72,  802,    0,    2,    3,    2,   53,   40,    0,    6],
       [   0,    2, 1107,    3,    1,    0,   13,    5,    1,    3],
       [  11,   27,  130,  737,   12,   16,   10,   42,   22,   25],
       [   1,   30,   10,  142,  705,    1,   41,   13,   30,   37],
       [  15,    0,    6,    1,   32,  842,    4,   51,    7,   24],
       [  44,   82,   33,   10,   75,   65,  496,   28,   38,   21],
       [   5,   25,   13,    6,    4,    3,  142,  759,    0,    1],
       [  61,    1,   45,   12,    6,   15,    0,   17,  862,    9],
       [   4,   17,   29,   27,   68,   11,   41,   14,   31,  732],
       [ 578,    2,    6,    6,   39,  127,   12,   16,   97,  126]],
      dtype=int64)}, 53.84947529999772)
[2024-08-13 13:33:46,630][flwr][INFO] - configure_evaluate: no clients selected, skipping evaluation
[2024-08-13 13:33:46,630][flwr][INFO] - 
[2024-08-13 13:33:46,630][flwr][INFO] - [ROUND 7]
[2024-08-13 13:33:46,631][flwr][INFO] - configure_fit: strategy sampled 10 clients (out of 10)
[2024-08-13 13:33:53,154][flwr][INFO] - aggregate_fit: received 10 results and 0 failures
[2024-08-13 13:33:55,224][flwr][INFO] - fit progress: (7, 2.1591841403556136, {'accuracy': 0.0816, 'precision': 0.0785480353444806, 'recall': 0.0816, 'f1': 0.07925350307141252, 'confusion_matrix': array([[ 188,  702,    1,    2,    3,    2,   42,   34,    0,    6],
       [   1,    4, 1105,    3,    2,    0,   12,    4,    0,    4],
       [  21,   22,  148,  719,   12,   16,   11,   38,   20,   25],
       [  15,   27,   10,  149,  685,    1,   39,   14,   32,   38],
       [  42,    1,    4,    2,   34,  824,    4,   43,    4,   24],
       [  86,   72,   31,   11,   69,   60,  483,   26,   31,   23],
       [  16,   20,   13,    6,    4,    3,  132,  762,    0,    2],
       [ 102,    1,   44,   12,    7,   10,    0,   18,  824,   10],
       [  27,   15,   29,   25,   61,   11,   32,   15,   24,  735],
       [ 770,    1,    6,    6,   33,   64,    5,    9,   56,   59]],
      dtype=int64)}, 62.444777899989276)
[2024-08-13 13:33:55,225][flwr][INFO] - configure_evaluate: no clients selected, skipping evaluation
[2024-08-13 13:33:55,225][flwr][INFO] - 
[2024-08-13 13:33:55,225][flwr][INFO] - [ROUND 8]
[2024-08-13 13:33:55,226][flwr][INFO] - configure_fit: strategy sampled 10 clients (out of 10)
[2024-08-13 13:34:01,948][flwr][INFO] - aggregate_fit: received 10 results and 0 failures
[2024-08-13 13:34:04,028][flwr][INFO] - fit progress: (8, 2.1378499408228087, {'accuracy': 0.0858, 'precision': 0.08351406341058847, 'recall': 0.0858, 'f1': 0.08365275478389128, 'confusion_matrix': array([[  23,  847,    1,    0,    4,    3,   47,   45,    2,    8],
       [   0,    4, 1106,    3,    1,    0,   13,    3,    1,    4],
       [   6,   30,  166,  700,   15,   19,   12,   35,   23,   26],
       [   0,   34,   10,  142,  683,    1,   47,   14,   37,   42],
       [   8,    1,    3,    3,   33,  861,    4,   38,    4,   27],
       [  19,   80,   27,    8,   60,   82,  527,   23,   39,   27],
       [   3,   31,   14,    5,    5,    4,  143,  750,    0,    3],
       [  32,    2,   42,   12,    7,   17,    0,   21,  887,    8],
       [   0,   17,   33,   19,   60,   15,   41,   12,   43,  734],
       [ 414,    4,    6,    6,   40,  197,   16,   18,  107,  201]],
      dtype=int64)}, 71.24835789999634)
[2024-08-13 13:34:04,028][flwr][INFO] - configure_evaluate: no clients selected, skipping evaluation
[2024-08-13 13:34:04,028][flwr][INFO] - 
[2024-08-13 13:34:04,029][flwr][INFO] - [ROUND 9]
[2024-08-13 13:34:04,029][flwr][INFO] - configure_fit: strategy sampled 10 clients (out of 10)
[2024-08-13 13:34:10,768][flwr][INFO] - aggregate_fit: received 10 results and 0 failures
[2024-08-13 13:34:13,000][flwr][INFO] - fit progress: (9, 2.100696564358909, {'accuracy': 0.0819, 'precision': 0.08066074927625214, 'recall': 0.0819, 'f1': 0.08076342244278675, 'confusion_matrix': array([[  95,  779,    1,    1,    7,    2,   47,   41,    1,    6],
       [   0,    4, 1107,    3,    1,    0,   12,    3,    1,    4],
       [  11,   23,  167,  706,   14,   16,   13,   36,   21,   25],
       [   5,   26,   11,  156,  676,    1,   44,   15,   37,   39],
       [  27,    1,    3,    3,   38,  838,    4,   40,    4,   24],
       [  49,   65,   29,    9,   61,   70,  528,   24,   34,   23],
       [   8,   21,   14,    5,    5,    3,  141,  759,    0,    2],
       [  82,    1,   44,   13,    8,   12,    0,   20,  839,    9],
       [   9,   15,   34,   24,   59,   13,   35,   14,   36,  735],
       [ 695,    2,    6,    6,   37,   83,   11,   10,   67,   92]],
      dtype=int64)}, 80.21985699998913)
[2024-08-13 13:34:13,001][flwr][INFO] - configure_evaluate: no clients selected, skipping evaluation
[2024-08-13 13:34:13,001][flwr][INFO] - 
[2024-08-13 13:34:13,001][flwr][INFO] - [ROUND 10]
[2024-08-13 13:34:13,001][flwr][INFO] - configure_fit: strategy sampled 10 clients (out of 10)
[2024-08-13 13:34:19,667][flwr][INFO] - aggregate_fit: received 10 results and 0 failures
[2024-08-13 13:34:21,760][flwr][INFO] - fit progress: (10, 2.0373643410794418, {'accuracy': 0.0821, 'precision': 0.08081644011444317, 'recall': 0.0821, 'f1': 0.08072079893103093, 'confusion_matrix': array([[ 121,  770,    0,    1,    5,    3,   30,   41,    1,    8],
       [   1,    6, 1103,    3,    1,    0,   10,    4,    0,    7],
       [  16,   25,  177,  691,   18,   16,    9,   33,   22,   25],
       [  10,   26,   10,  149,  682,    1,   33,   18,   40,   41],
       [  35,    2,    1,    3,   44,  828,    4,   34,    4,   27],
       [  58,   66,   21,    9,   63,   81,  508,   28,   29,   29],
       [  13,   19,   13,    4,    5,    4,  114,  783,    0,    3],
       [  92,    1,   42,   13,   10,   13,    0,   25,  822,   10],
       [  16,   13,   30,   18,   55,   14,   22,   15,   33,  758],
       [ 760,    2,    5,    6,   31,   65,    7,    9,   53,   71]],
      dtype=int64)}, 88.98001979998662)
[2024-08-13 13:34:21,760][flwr][INFO] - configure_evaluate: no clients selected, skipping evaluation
[2024-08-13 13:34:21,761][flwr][INFO] - 
[2024-08-13 13:34:21,761][flwr][INFO] - [SUMMARY]
[2024-08-13 13:34:21,761][flwr][INFO] - Run finished 10 round(s) in 88.98s
[2024-08-13 13:34:21,769][flwr][INFO] - 	History (loss, centralized):
[2024-08-13 13:34:21,769][flwr][INFO] - 		round 0: 2.3025850929940455
[2024-08-13 13:34:21,769][flwr][INFO] - 		round 1: 3.5423899430319232
[2024-08-13 13:34:21,770][flwr][INFO] - 		round 2: 3.1017998828030904
[2024-08-13 13:34:21,770][flwr][INFO] - 		round 3: 2.890010783229529
[2024-08-13 13:34:21,770][flwr][INFO] - 		round 4: 2.4438970009391685
[2024-08-13 13:34:21,770][flwr][INFO] - 		round 5: 2.3449918593883825
[2024-08-13 13:34:21,770][flwr][INFO] - 		round 6: 2.2563734070977124
[2024-08-13 13:34:21,770][flwr][INFO] - 		round 7: 2.1591841403556136
[2024-08-13 13:34:21,770][flwr][INFO] - 		round 8: 2.1378499408228087
[2024-08-13 13:34:21,770][flwr][INFO] - 		round 9: 2.100696564358909
[2024-08-13 13:34:21,770][flwr][INFO] - 		round 10: 2.0373643410794418
[2024-08-13 13:34:21,770][flwr][INFO] - 	History (metrics, centralized):
[2024-08-13 13:34:21,770][flwr][INFO] - 	{'accuracy': [(0, 0.098),
[2024-08-13 13:34:21,770][flwr][INFO] - 	              (1, 0.0706),
[2024-08-13 13:34:21,770][flwr][INFO] - 	              (2, 0.0505),
[2024-08-13 13:34:21,770][flwr][INFO] - 	              (3, 0.0577),
[2024-08-13 13:34:21,770][flwr][INFO] - 	              (4, 0.0709),
[2024-08-13 13:34:21,770][flwr][INFO] - 	              (5, 0.0793),
[2024-08-13 13:34:21,771][flwr][INFO] - 	              (6, 0.0759),
[2024-08-13 13:34:21,771][flwr][INFO] - 	              (7, 0.0816),
[2024-08-13 13:34:21,771][flwr][INFO] - 	              (8, 0.0858),
[2024-08-13 13:34:21,771][flwr][INFO] - 	              (9, 0.0819),
[2024-08-13 13:34:21,771][flwr][INFO] - 	              (10, 0.0821)],
[2024-08-13 13:34:21,771][flwr][INFO] - 	 'confusion_matrix': [(0,
[2024-08-13 13:34:21,771][flwr][INFO] - 	                       array([[ 980,    0,    0,    0,    0,    0,    0,    0,    0,    0],
[2024-08-13 13:34:21,771][flwr][INFO] - 	       [1135,    0,    0,    0,    0,    0,    0,    0,    0,    0],
[2024-08-13 13:34:21,771][flwr][INFO] - 	       [1032,    0,    0,    0,    0,    0,    0,    0,    0,    0],
[2024-08-13 13:34:21,771][flwr][INFO] - 	       [1010,    0,    0,    0,    0,    0,    0,    0,    0,    0],
[2024-08-13 13:34:21,771][flwr][INFO] - 	       [ 982,    0,    0,    0,    0,    0,    0,    0,    0,    0],
[2024-08-13 13:34:21,771][flwr][INFO] - 	       [ 892,    0,    0,    0,    0,    0,    0,    0,    0,    0],
[2024-08-13 13:34:21,771][flwr][INFO] - 	       [ 958,    0,    0,    0,    0,    0,    0,    0,    0,    0],
[2024-08-13 13:34:21,771][flwr][INFO] - 	       [1028,    0,    0,    0,    0,    0,    0,    0,    0,    0],
[2024-08-13 13:34:21,771][flwr][INFO] - 	       [ 974,    0,    0,    0,    0,    0,    0,    0,    0,    0],
[2024-08-13 13:34:21,771][flwr][INFO] - 	       [1009,    0,    0,    0,    0,    0,    0,    0,    0,    0]],
[2024-08-13 13:34:21,771][flwr][INFO] - 	      dtype=int64)),
[2024-08-13 13:34:21,772][flwr][INFO] - 	                      (1,
[2024-08-13 13:34:21,772][flwr][INFO] - 	                       array([[  15,  902,    0,    3,    5,    0,    0,   20,    1,   34],
[2024-08-13 13:34:21,772][flwr][INFO] - 	       [   0,    0, 1094,    2,    2,    0,    0,    3,    1,   33],
[2024-08-13 13:34:21,772][flwr][INFO] - 	       [   4,   37,  105,  762,    6,    4,    0,   32,   15,   67],
[2024-08-13 13:34:21,772][flwr][INFO] - 	       [   1,   24,   20,   99,  720,    0,    0,   10,   13,  123],
[2024-08-13 13:34:21,772][flwr][INFO] - 	       [ 120,    4,   14,    4,   33,  396,    0,   61,   17,  333],
[2024-08-13 13:34:21,772][flwr][INFO] - 	       [  45,  112,   63,   18,  219,    2,    4,   29,   28,  372],
[2024-08-13 13:34:21,772][flwr][INFO] - 	       [   0,   61,   33,    9,    4,    1,    1,  811,    1,   37],
[2024-08-13 13:34:21,772][flwr][INFO] - 	       [  38,    3,   50,    7,    4,    0,    0,    6,  871,   49],
[2024-08-13 13:34:21,772][flwr][INFO] - 	       [   0,   13,   24,   16,   67,    0,    0,    5,    9,  840],
[2024-08-13 13:34:21,772][flwr][INFO] - 	       [ 404,   11,    7,    6,   24,    2,    0,    8,  111,  436]],
[2024-08-13 13:34:21,772][flwr][INFO] - 	      dtype=int64)),
[2024-08-13 13:34:21,772][flwr][INFO] - 	                      (2,
[2024-08-13 13:34:21,772][flwr][INFO] - 	                       array([[  95,  814,    0,    5,    5,    1,   37,   23,    0,    0],
[2024-08-13 13:34:21,772][flwr][INFO] - 	       [   1,    0, 1112,    3,    7,    0,    6,    5,    1,    0],
[2024-08-13 13:34:21,772][flwr][INFO] - 	       [  22,   22,   80,  821,    9,   14,    1,   36,   23,    4],
[2024-08-13 13:34:21,772][flwr][INFO] - 	       [  15,   16,   14,  121,  783,    1,   13,   10,   33,    4],
[2024-08-13 13:34:21,773][flwr][INFO] - 	       [  55,    1,   16,    1,   14,  832,    1,   45,   15,    2],
[2024-08-13 13:34:21,773][flwr][INFO] - 	       [ 137,   47,   58,   16,  183,   45,  336,   29,   40,    1],
[2024-08-13 13:34:21,773][flwr][INFO] - 	       [   6,   32,   26,   10,    2,    4,   86,  792,    0,    0],
[2024-08-13 13:34:21,773][flwr][INFO] - 	       [  84,    1,   51,   18,    5,    4,    0,    8,  856,    1],
[2024-08-13 13:34:21,773][flwr][INFO] - 	       [ 106,    9,   62,   85,  203,   12,   40,   15,   55,  387],
[2024-08-13 13:34:21,773][flwr][INFO] - 	       [ 739,    2,   12,    6,   29,   80,    2,    6,  132,    1]],
[2024-08-13 13:34:21,773][flwr][INFO] - 	      dtype=int64)),
[2024-08-13 13:34:21,773][flwr][INFO] - 	                      (3,
[2024-08-13 13:34:21,773][flwr][INFO] - 	                       array([[  57,  817,    0,    3,    3,    1,   67,   28,    0,    4],
[2024-08-13 13:34:21,773][flwr][INFO] - 	       [   0,    0, 1101,    2,    2,    0,   11,    5,    2,   12],
[2024-08-13 13:34:21,773][flwr][INFO] - 	       [  10,   24,   81,  789,    8,   18,    5,   50,   20,   27],
[2024-08-13 13:34:21,773][flwr][INFO] - 	       [   8,   19,   13,  116,  736,    0,   36,   10,   24,   48],
[2024-08-13 13:34:21,773][flwr][INFO] - 	       [  19,    1,    9,    1,   10,  859,    3,   48,    8,   24],
[2024-08-13 13:34:21,773][flwr][INFO] - 	       [  63,   44,   48,    7,  107,   47,  469,   29,   41,   37],
[2024-08-13 13:34:21,773][flwr][INFO] - 	       [   3,   24,   16,    6,    3,    3,  133,  770,    0,    0],
[2024-08-13 13:34:21,773][flwr][INFO] - 	       [  64,    1,   46,   13,    4,   10,    1,   11,  865,   13],
[2024-08-13 13:34:21,773][flwr][INFO] - 	       [  16,    6,   27,   24,   88,    8,   50,   13,   20,  722],
[2024-08-13 13:34:21,774][flwr][INFO] - 	       [ 574,    2,    8,    5,   25,  163,    7,    9,  114,  102]],
[2024-08-13 13:34:21,774][flwr][INFO] - 	      dtype=int64)),
[2024-08-13 13:34:21,774][flwr][INFO] - 	                      (4,
[2024-08-13 13:34:21,774][flwr][INFO] - 	                       array([[ 222,  668,    0,    2,    3,    0,   50,   31,    0,    4],
[2024-08-13 13:34:21,774][flwr][INFO] - 	       [   1,    2, 1090,    2,    8,    0,   15,    5,    0,   12],
[2024-08-13 13:34:21,774][flwr][INFO] - 	       [  34,   21,   75,  775,   11,   14,   10,   48,   18,   26],
[2024-08-13 13:34:21,774][flwr][INFO] - 	       [  19,   21,    5,  116,  736,    0,   38,   13,   24,   38],
[2024-08-13 13:34:21,774][flwr][INFO] - 	       [  62,    0,    6,    1,   31,  802,    4,   47,    5,   24],
[2024-08-13 13:34:21,774][flwr][INFO] - 	       [ 118,   63,   33,    8,   89,   41,  465,   27,   26,   22],
[2024-08-13 13:34:21,774][flwr][INFO] - 	       [  17,   17,   12,    5,    3,    3,  133,  768,    0,    0],
[2024-08-13 13:34:21,774][flwr][INFO] - 	       [ 113,    1,   37,   10,    7,    4,    0,   19,  823,   14],
[2024-08-13 13:34:21,774][flwr][INFO] - 	       [  35,   10,   21,   19,   91,    3,   38,   14,   18,  725],
[2024-08-13 13:34:21,774][flwr][INFO] - 	       [ 777,    1,    5,    6,   32,   59,    5,    8,   64,   52]],
[2024-08-13 13:34:21,774][flwr][INFO] - 	      dtype=int64)),
[2024-08-13 13:34:21,774][flwr][INFO] - 	                      (5,
[2024-08-13 13:34:21,774][flwr][INFO] - 	                       array([[  12,  875,    0,    1,    2,    2,   43,   37,    2,    6],
[2024-08-13 13:34:21,775][flwr][INFO] - 	       [   0,    2, 1103,    3,    1,    0,   14,    4,    1,    7],
[2024-08-13 13:34:21,775][flwr][INFO] - 	       [   0,   38,  117,  743,    8,   28,    8,   34,   26,   30],
[2024-08-13 13:34:21,775][flwr][INFO] - 	       [   0,   43,    9,  146,  654,    1,   52,   13,   37,   55],
[2024-08-13 13:34:21,775][flwr][INFO] - 	       [   1,    0,    6,    1,   12,  892,    4,   36,    6,   24],
[2024-08-13 13:34:21,775][flwr][INFO] - 	       [  10,   99,   29,    9,   58,   94,  487,   25,   43,   38],
[2024-08-13 13:34:21,775][flwr][INFO] - 	       [   0,   46,   12,    6,    2,    6,  137,  747,    0,    2],
[2024-08-13 13:34:21,775][flwr][INFO] - 	       [  15,    2,   40,   10,    5,   22,    0,   12,  912,   10],
[2024-08-13 13:34:21,775][flwr][INFO] - 	       [   0,   20,   27,   24,   54,   15,   43,   11,   36,  744],
[2024-08-13 13:34:21,775][flwr][INFO] - 	       [ 122,    6,    6,    7,   33,  410,   14,   17,  169,  225]],
[2024-08-13 13:34:21,775][flwr][INFO] - 	      dtype=int64)),
[2024-08-13 13:34:21,775][flwr][INFO] - 	                      (6,
[2024-08-13 13:34:21,775][flwr][INFO] - 	                       array([[  72,  802,    0,    2,    3,    2,   53,   40,    0,    6],
[2024-08-13 13:34:21,775][flwr][INFO] - 	       [   0,    2, 1107,    3,    1,    0,   13,    5,    1,    3],
[2024-08-13 13:34:21,775][flwr][INFO] - 	       [  11,   27,  130,  737,   12,   16,   10,   42,   22,   25],
[2024-08-13 13:34:21,775][flwr][INFO] - 	       [   1,   30,   10,  142,  705,    1,   41,   13,   30,   37],
[2024-08-13 13:34:21,775][flwr][INFO] - 	       [  15,    0,    6,    1,   32,  842,    4,   51,    7,   24],
[2024-08-13 13:34:21,775][flwr][INFO] - 	       [  44,   82,   33,   10,   75,   65,  496,   28,   38,   21],
[2024-08-13 13:34:21,776][flwr][INFO] - 	       [   5,   25,   13,    6,    4,    3,  142,  759,    0,    1],
[2024-08-13 13:34:21,776][flwr][INFO] - 	       [  61,    1,   45,   12,    6,   15,    0,   17,  862,    9],
[2024-08-13 13:34:21,776][flwr][INFO] - 	       [   4,   17,   29,   27,   68,   11,   41,   14,   31,  732],
[2024-08-13 13:34:21,776][flwr][INFO] - 	       [ 578,    2,    6,    6,   39,  127,   12,   16,   97,  126]],
[2024-08-13 13:34:21,776][flwr][INFO] - 	      dtype=int64)),
[2024-08-13 13:34:21,776][flwr][INFO] - 	                      (7,
[2024-08-13 13:34:21,776][flwr][INFO] - 	                       array([[ 188,  702,    1,    2,    3,    2,   42,   34,    0,    6],
[2024-08-13 13:34:21,776][flwr][INFO] - 	       [   1,    4, 1105,    3,    2,    0,   12,    4,    0,    4],
[2024-08-13 13:34:21,776][flwr][INFO] - 	       [  21,   22,  148,  719,   12,   16,   11,   38,   20,   25],
[2024-08-13 13:34:21,776][flwr][INFO] - 	       [  15,   27,   10,  149,  685,    1,   39,   14,   32,   38],
[2024-08-13 13:34:21,776][flwr][INFO] - 	       [  42,    1,    4,    2,   34,  824,    4,   43,    4,   24],
[2024-08-13 13:34:21,776][flwr][INFO] - 	       [  86,   72,   31,   11,   69,   60,  483,   26,   31,   23],
[2024-08-13 13:34:21,776][flwr][INFO] - 	       [  16,   20,   13,    6,    4,    3,  132,  762,    0,    2],
[2024-08-13 13:34:21,776][flwr][INFO] - 	       [ 102,    1,   44,   12,    7,   10,    0,   18,  824,   10],
[2024-08-13 13:34:21,776][flwr][INFO] - 	       [  27,   15,   29,   25,   61,   11,   32,   15,   24,  735],
[2024-08-13 13:34:21,776][flwr][INFO] - 	       [ 770,    1,    6,    6,   33,   64,    5,    9,   56,   59]],
[2024-08-13 13:34:21,776][flwr][INFO] - 	      dtype=int64)),
[2024-08-13 13:34:21,777][flwr][INFO] - 	                      (8,
[2024-08-13 13:34:21,777][flwr][INFO] - 	                       array([[  23,  847,    1,    0,    4,    3,   47,   45,    2,    8],
[2024-08-13 13:34:21,777][flwr][INFO] - 	       [   0,    4, 1106,    3,    1,    0,   13,    3,    1,    4],
[2024-08-13 13:34:21,777][flwr][INFO] - 	       [   6,   30,  166,  700,   15,   19,   12,   35,   23,   26],
[2024-08-13 13:34:21,777][flwr][INFO] - 	       [   0,   34,   10,  142,  683,    1,   47,   14,   37,   42],
[2024-08-13 13:34:21,777][flwr][INFO] - 	       [   8,    1,    3,    3,   33,  861,    4,   38,    4,   27],
[2024-08-13 13:34:21,777][flwr][INFO] - 	       [  19,   80,   27,    8,   60,   82,  527,   23,   39,   27],
[2024-08-13 13:34:21,777][flwr][INFO] - 	       [   3,   31,   14,    5,    5,    4,  143,  750,    0,    3],
[2024-08-13 13:34:21,777][flwr][INFO] - 	       [  32,    2,   42,   12,    7,   17,    0,   21,  887,    8],
[2024-08-13 13:34:21,777][flwr][INFO] - 	       [   0,   17,   33,   19,   60,   15,   41,   12,   43,  734],
[2024-08-13 13:34:21,777][flwr][INFO] - 	       [ 414,    4,    6,    6,   40,  197,   16,   18,  107,  201]],
[2024-08-13 13:34:21,777][flwr][INFO] - 	      dtype=int64)),
[2024-08-13 13:34:21,777][flwr][INFO] - 	                      (9,
[2024-08-13 13:34:21,777][flwr][INFO] - 	                       array([[  95,  779,    1,    1,    7,    2,   47,   41,    1,    6],
[2024-08-13 13:34:21,777][flwr][INFO] - 	       [   0,    4, 1107,    3,    1,    0,   12,    3,    1,    4],
[2024-08-13 13:34:21,777][flwr][INFO] - 	       [  11,   23,  167,  706,   14,   16,   13,   36,   21,   25],
[2024-08-13 13:34:21,777][flwr][INFO] - 	       [   5,   26,   11,  156,  676,    1,   44,   15,   37,   39],
[2024-08-13 13:34:21,778][flwr][INFO] - 	       [  27,    1,    3,    3,   38,  838,    4,   40,    4,   24],
[2024-08-13 13:34:21,778][flwr][INFO] - 	       [  49,   65,   29,    9,   61,   70,  528,   24,   34,   23],
[2024-08-13 13:34:21,778][flwr][INFO] - 	       [   8,   21,   14,    5,    5,    3,  141,  759,    0,    2],
[2024-08-13 13:34:21,778][flwr][INFO] - 	       [  82,    1,   44,   13,    8,   12,    0,   20,  839,    9],
[2024-08-13 13:34:21,778][flwr][INFO] - 	       [   9,   15,   34,   24,   59,   13,   35,   14,   36,  735],
[2024-08-13 13:34:21,778][flwr][INFO] - 	       [ 695,    2,    6,    6,   37,   83,   11,   10,   67,   92]],
[2024-08-13 13:34:21,778][flwr][INFO] - 	      dtype=int64)),
[2024-08-13 13:34:21,778][flwr][INFO] - 	                      (10,
[2024-08-13 13:34:21,778][flwr][INFO] - 	                       array([[ 121,  770,    0,    1,    5,    3,   30,   41,    1,    8],
[2024-08-13 13:34:21,778][flwr][INFO] - 	       [   1,    6, 1103,    3,    1,    0,   10,    4,    0,    7],
[2024-08-13 13:34:21,778][flwr][INFO] - 	       [  16,   25,  177,  691,   18,   16,    9,   33,   22,   25],
[2024-08-13 13:34:21,778][flwr][INFO] - 	       [  10,   26,   10,  149,  682,    1,   33,   18,   40,   41],
[2024-08-13 13:34:21,778][flwr][INFO] - 	       [  35,    2,    1,    3,   44,  828,    4,   34,    4,   27],
[2024-08-13 13:34:21,778][flwr][INFO] - 	       [  58,   66,   21,    9,   63,   81,  508,   28,   29,   29],
[2024-08-13 13:34:21,778][flwr][INFO] - 	       [  13,   19,   13,    4,    5,    4,  114,  783,    0,    3],
[2024-08-13 13:34:21,778][flwr][INFO] - 	       [  92,    1,   42,   13,   10,   13,    0,   25,  822,   10],
[2024-08-13 13:34:21,778][flwr][INFO] - 	       [  16,   13,   30,   18,   55,   14,   22,   15,   33,  758],
[2024-08-13 13:34:21,779][flwr][INFO] - 	       [ 760,    2,    5,    6,   31,   65,    7,    9,   53,   71]],
[2024-08-13 13:34:21,779][flwr][INFO] - 	      dtype=int64))],
[2024-08-13 13:34:21,779][flwr][INFO] - 	 'f1': [(0, 0.017493624772313296),
[2024-08-13 13:34:21,779][flwr][INFO] - 	        (1, 0.05251475590569457),
[2024-08-13 13:34:21,779][flwr][INFO] - 	        (2, 0.049306889408453215),
[2024-08-13 13:34:21,779][flwr][INFO] - 	        (3, 0.05825715442218053),
[2024-08-13 13:34:21,779][flwr][INFO] - 	        (4, 0.06832607123975136),
[2024-08-13 13:34:21,779][flwr][INFO] - 	        (5, 0.07632197040090113),
[2024-08-13 13:34:21,779][flwr][INFO] - 	        (6, 0.0759059305733207),
[2024-08-13 13:34:21,779][flwr][INFO] - 	        (7, 0.07925350307141252),
[2024-08-13 13:34:21,779][flwr][INFO] - 	        (8, 0.08365275478389128),
[2024-08-13 13:34:21,779][flwr][INFO] - 	        (9, 0.08076342244278675),
[2024-08-13 13:34:21,779][flwr][INFO] - 	        (10, 0.08072079893103093)],
[2024-08-13 13:34:21,779][flwr][INFO] - 	 'precision': [(0, 0.009604000000000001),
[2024-08-13 13:34:21,779][flwr][INFO] - 	               (1, 0.06379499015617),
[2024-08-13 13:34:21,779][flwr][INFO] - 	               (2, 0.051084706519321794),
[2024-08-13 13:34:21,780][flwr][INFO] - 	               (3, 0.05960606791701666),
[2024-08-13 13:34:21,780][flwr][INFO] - 	               (4, 0.06756079787345547),
[2024-08-13 13:34:21,780][flwr][INFO] - 	               (5, 0.07957477060603461),
[2024-08-13 13:34:21,780][flwr][INFO] - 	               (6, 0.07694618372014848),
[2024-08-13 13:34:21,780][flwr][INFO] - 	               (7, 0.0785480353444806),
[2024-08-13 13:34:21,780][flwr][INFO] - 	               (8, 0.08351406341058847),
[2024-08-13 13:34:21,780][flwr][INFO] - 	               (9, 0.08066074927625214),
[2024-08-13 13:34:21,780][flwr][INFO] - 	               (10, 0.08081644011444317)],
[2024-08-13 13:34:21,780][flwr][INFO] - 	 'recall': [(0, 0.098),
[2024-08-13 13:34:21,780][flwr][INFO] - 	            (1, 0.0706),
[2024-08-13 13:34:21,780][flwr][INFO] - 	            (2, 0.0505),
[2024-08-13 13:34:21,780][flwr][INFO] - 	            (3, 0.0577),
[2024-08-13 13:34:21,780][flwr][INFO] - 	            (4, 0.0709),
[2024-08-13 13:34:21,780][flwr][INFO] - 	            (5, 0.0793),
[2024-08-13 13:34:21,780][flwr][INFO] - 	            (6, 0.0759),
[2024-08-13 13:34:21,780][flwr][INFO] - 	            (7, 0.0816),
[2024-08-13 13:34:21,780][flwr][INFO] - 	            (8, 0.0858),
[2024-08-13 13:34:21,781][flwr][INFO] - 	            (9, 0.0819),
[2024-08-13 13:34:21,781][flwr][INFO] - 	            (10, 0.0821)]}
[2024-08-13 13:34:21,781][flwr][INFO] - 
