[2024-08-13 15:32:38,818][flwr][INFO] - Starting Flower simulation, config: num_rounds=10, no round_timeout
[2024-08-13 15:32:42,856][flwr][INFO] - Flower VCE: Ray initialized with resources: {'GPU': 1.0, 'node:127.0.0.1': 1.0, 'memory': 4997920359.0, 'object_store_memory': 2498960179.0, 'accelerator_type:G': 1.0, 'CPU': 16.0, 'node:__internal_head__': 1.0}
[2024-08-13 15:32:42,857][flwr][INFO] - Optimize your simulation with Flower VCE: https://flower.ai/docs/framework/how-to-run-simulations.html
[2024-08-13 15:32:42,857][flwr][INFO] - Flower VCE: Resources for each Virtual Client: {'num_cpus': 2, 'num_gpus': 0.5}
[2024-08-13 15:32:42,870][flwr][INFO] - Flower VCE: Creating VirtualClientEngineActorPool with 2 actors
[2024-08-13 15:32:42,872][flwr][INFO] - [INIT]
[2024-08-13 15:32:42,873][flwr][INFO] - Requesting initial parameters from one random client
[2024-08-13 15:32:50,432][flwr][INFO] - Received initial parameters from one random client
[2024-08-13 15:32:50,432][flwr][INFO] - Evaluating initial global parameters
[2024-08-13 15:32:52,645][flwr][INFO] - initial parameters (loss, other metrics): 2.3025850929940455, {'accuracy': 0.098, 'precision': 0.009604000000000001, 'recall': 0.098, 'f1': 0.017493624772313296, 'confusion_matrix': array([[ 980,    0,    0,    0,    0,    0,    0,    0,    0,    0],
       [1135,    0,    0,    0,    0,    0,    0,    0,    0,    0],
       [1032,    0,    0,    0,    0,    0,    0,    0,    0,    0],
       [1010,    0,    0,    0,    0,    0,    0,    0,    0,    0],
       [ 982,    0,    0,    0,    0,    0,    0,    0,    0,    0],
       [ 892,    0,    0,    0,    0,    0,    0,    0,    0,    0],
       [ 958,    0,    0,    0,    0,    0,    0,    0,    0,    0],
       [1028,    0,    0,    0,    0,    0,    0,    0,    0,    0],
       [ 974,    0,    0,    0,    0,    0,    0,    0,    0,    0],
       [1009,    0,    0,    0,    0,    0,    0,    0,    0,    0]],
      dtype=int64)}
[2024-08-13 15:32:52,645][flwr][INFO] - 
[2024-08-13 15:32:52,646][flwr][INFO] - [ROUND 1]
[2024-08-13 15:32:52,646][flwr][INFO] - configure_fit: strategy sampled 10 clients (out of 100)
[2024-08-13 15:32:56,153][flwr][INFO] - aggregate_fit: received 10 results and 0 failures
[2024-08-13 15:32:56,156][flwr][WARNING] - No fit_metrics_aggregation_fn provided
[2024-08-13 15:32:58,239][flwr][INFO] - fit progress: (1, 0.8922229798025736, {'accuracy': 0.7453, 'precision': 0.7985319845343146, 'recall': 0.7453, 'f1': 0.7153732869457466, 'confusion_matrix': array([[ 957,    0,    1,    5,    0,    0,    6,    1,   10,    0],
       [   0, 1055,    1,    8,    0,    0,    4,    1,   66,    0],
       [  86,   28,  687,   76,   11,    0,   38,   16,   89,    1],
       [  32,   11,   15,  848,    0,    0,    9,   14,   75,    6],
       [  28,   15,    2,    2,  700,    0,   50,    6,   70,  109],
       [ 235,   58,    1,  245,    9,    1,   36,   35,  238,   34],
       [  96,   13,   11,    2,    4,    0,  813,    1,   18,    0],
       [  25,   43,   14,    3,    4,    0,    2,  851,   64,   22],
       [  45,   10,    4,   94,    2,    0,   15,    9,  788,    7],
       [  51,   16,    5,   11,   22,    0,    4,   67,   80,  753]],
      dtype=int64)}, 5.593774000008125)
[2024-08-13 15:32:58,240][flwr][INFO] - configure_evaluate: no clients selected, skipping evaluation
[2024-08-13 15:32:58,240][flwr][INFO] - 
[2024-08-13 15:32:58,240][flwr][INFO] - [ROUND 2]
[2024-08-13 15:32:58,241][flwr][INFO] - configure_fit: strategy sampled 10 clients (out of 100)
[2024-08-13 15:32:59,432][flwr][INFO] - aggregate_fit: received 10 results and 0 failures
[2024-08-13 15:33:01,545][flwr][INFO] - fit progress: (2, 0.7161134181890227, {'accuracy': 0.8185, 'precision': 0.8289811182054398, 'recall': 0.8185, 'f1': 0.8125214281941707, 'confusion_matrix': array([[ 927,    0,    7,    7,    1,    2,   28,    1,    7,    0],
       [   0, 1076,   34,   10,    1,    0,    5,    1,    7,    1],
       [  25,   22,  834,   46,   26,    0,   30,   19,   27,    3],
       [   6,   12,   30,  891,    0,    3,    9,   17,   20,   22],
       [   7,   10,    7,    0,  868,    0,   29,    1,    5,   55],
       [  40,   56,   12,  218,   36,  397,   44,   29,   17,   43],
       [  29,   15,   19,    2,   14,   14,  864,    1,    0,    0],
       [   7,   45,   39,    1,   17,    0,    3,  875,    6,   35],
       [  23,   29,   25,  133,   15,    7,   21,   13,  664,   44],
       [  27,   18,    8,   15,   95,    2,    1,   45,    9,  789]],
      dtype=int64)}, 8.900549700003467)
[2024-08-13 15:33:01,546][flwr][INFO] - configure_evaluate: no clients selected, skipping evaluation
[2024-08-13 15:33:01,547][flwr][INFO] - 
[2024-08-13 15:33:01,547][flwr][INFO] - [ROUND 3]
[2024-08-13 15:33:01,547][flwr][INFO] - configure_fit: strategy sampled 10 clients (out of 100)
[2024-08-13 15:33:02,729][flwr][INFO] - aggregate_fit: received 10 results and 0 failures
[2024-08-13 15:33:04,860][flwr][INFO] - fit progress: (3, 0.6851219328081104, {'accuracy': 0.8447, 'precision': 0.8471882140820106, 'recall': 0.8447, 'f1': 0.8445626091523575, 'confusion_matrix': array([[ 903,    0,    4,    1,    0,   37,   24,    1,   10,    0],
       [   0, 1063,   23,    3,    1,   13,    4,    0,   28,    0],
       [  22,   17,  824,   36,   20,    2,   31,   16,   59,    5],
       [   6,   10,   23,  796,    0,   66,    8,   15,   71,   15],
       [   6,    8,    4,    0,  791,    4,   31,    0,   22,  116],
       [  24,   41,    5,   51,   13,  672,   26,   14,   24,   22],
       [  24,   11,   18,    1,   10,   24,  865,    1,    4,    0],
       [   6,   39,   33,    0,   13,    0,    3,  851,   30,   53],
       [   9,   13,   11,   34,    7,   28,   18,    9,  821,   24],
       [  19,   12,    7,    5,   37,   17,    3,   19,   29,  861]],
      dtype=int64)}, 12.21420250000665)
[2024-08-13 15:33:04,861][flwr][INFO] - configure_evaluate: no clients selected, skipping evaluation
[2024-08-13 15:33:04,861][flwr][INFO] - 
[2024-08-13 15:33:04,861][flwr][INFO] - [ROUND 4]
[2024-08-13 15:33:04,861][flwr][INFO] - configure_fit: strategy sampled 10 clients (out of 100)
[2024-08-13 15:33:06,034][flwr][INFO] - aggregate_fit: received 10 results and 0 failures
[2024-08-13 15:33:08,109][flwr][INFO] - fit progress: (4, 0.6713939596721803, {'accuracy': 0.8232, 'precision': 0.8411169786072084, 'recall': 0.8232, 'f1': 0.8182331094988918, 'confusion_matrix': array([[ 934,    0,    5,   15,    2,    2,   18,    1,    3,    0],
       [   0, 1070,   34,   21,    1,    1,    5,    1,    2,    0],
       [  17,   14,  835,   67,   25,    0,   24,   23,   21,    6],
       [   4,    4,   17,  926,    1,    4,    8,   17,    8,   21],
       [   5,    9,    3,    1,  882,    0,   17,    1,    3,   61],
       [  25,   48,   11,  247,   37,  409,   32,   24,   13,   46],
       [  25,   11,   19,    4,   24,   12,  862,    1,    0,    0],
       [   5,   37,   37,    4,   19,    0,    1,  884,    1,   40],
       [  14,   29,   26,  196,   17,    6,   17,   13,  596,   60],
       [  23,   14,    7,   16,   77,    1,    0,   34,    3,  834]],
      dtype=int64)}, 15.464442199998302)
[2024-08-13 15:33:08,110][flwr][INFO] - configure_evaluate: no clients selected, skipping evaluation
[2024-08-13 15:33:08,110][flwr][INFO] - 
[2024-08-13 15:33:08,110][flwr][INFO] - [ROUND 5]
[2024-08-13 15:33:08,111][flwr][INFO] - configure_fit: strategy sampled 10 clients (out of 100)
[2024-08-13 15:33:09,276][flwr][INFO] - aggregate_fit: received 10 results and 0 failures
[2024-08-13 15:33:11,345][flwr][INFO] - fit progress: (5, 0.63196530952327, {'accuracy': 0.8599, 'precision': 0.8611151149271933, 'recall': 0.8599, 'f1': 0.8592889456074727, 'confusion_matrix': array([[ 920,    0,    3,    1,    0,   17,   24,    1,   14,    0],
       [   0, 1078,   18,    2,    1,    5,    5,    1,   25,    0],
       [  16,   19,  830,   31,   23,    1,   26,   26,   55,    5],
       [   5,   10,   23,  809,    1,   53,    9,   19,   67,   14],
       [   4,    8,    2,    0,  872,    2,   27,    1,   14,   52],
       [  20,   38,    4,   37,   22,  679,   31,   14,   30,   17],
       [  18,   11,   17,    1,   14,   20,  873,    1,    3,    0],
       [   4,   36,   30,    0,   18,    0,    0,  886,   20,   34],
       [   7,   15,   12,   22,    9,   27,   17,   11,  839,   15],
       [  17,   13,    6,    5,   70,   13,    2,   40,   30,  813]],
      dtype=int64)}, 18.69999550000648)
[2024-08-13 15:33:11,346][flwr][INFO] - configure_evaluate: no clients selected, skipping evaluation
[2024-08-13 15:33:11,346][flwr][INFO] - 
[2024-08-13 15:33:11,346][flwr][INFO] - [ROUND 6]
[2024-08-13 15:33:11,346][flwr][INFO] - configure_fit: strategy sampled 10 clients (out of 100)
[2024-08-13 15:33:12,627][flwr][INFO] - aggregate_fit: received 10 results and 0 failures
[2024-08-13 15:33:14,747][flwr][INFO] - fit progress: (6, 0.6322923024077448, {'accuracy': 0.8402, 'precision': 0.852768470271091, 'recall': 0.8402, 'f1': 0.8383365747512415, 'confusion_matrix': array([[ 926,    0,    6,   11,    0,   12,   22,    1,    1,    1],
       [   0, 1071,   37,   15,    1,    1,    6,    1,    2,    1],
       [  13,   10,  873,   45,   15,    0,   24,   21,   19,   12],
       [   4,    2,   18,  907,    1,   17,    8,   15,    6,   32],
       [   1,    9,    4,    1,  804,    0,   24,    1,    3,  135],
       [  16,   34,   10,  130,   25,  591,   35,   12,    5,   34],
       [  14,    9,   19,    2,   13,   19,  881,    1,    0,    0],
       [   3,   32,   43,    3,   14,    0,    3,  851,    0,   79],
       [  12,   27,   34,  150,   12,   28,   23,    8,  581,   99],
       [  17,    8,    6,   13,   26,    7,    2,   13,    0,  917]],
      dtype=int64)}, 22.10159570000542)
[2024-08-13 15:33:14,748][flwr][INFO] - configure_evaluate: no clients selected, skipping evaluation
[2024-08-13 15:33:14,748][flwr][INFO] - 
[2024-08-13 15:33:14,748][flwr][INFO] - [ROUND 7]
[2024-08-13 15:33:14,748][flwr][INFO] - configure_fit: strategy sampled 10 clients (out of 100)
[2024-08-13 15:33:15,910][flwr][INFO] - aggregate_fit: received 10 results and 0 failures
[2024-08-13 15:33:18,046][flwr][INFO] - fit progress: (7, 0.6026011528110131, {'accuracy': 0.866, 'precision': 0.8685718567161143, 'recall': 0.866, 'f1': 0.865176539117343, 'confusion_matrix': array([[ 934,    0,    3,    1,    0,   13,   18,    1,   10,    0],
       [   0, 1077,   19,    3,    1,    2,    5,    1,   27,    0],
       [  13,   15,  849,   24,   25,    0,   23,   27,   53,    3],
       [   5,    8,   22,  831,    1,   44,    9,   20,   63,    7],
       [   2,    6,    4,    0,  914,    2,   15,    1,   13,   25],
       [  19,   31,    7,   41,   28,  680,   26,   15,   35,   10],
       [  17,   10,   18,    1,   21,   20,  867,    1,    3,    0],
       [   3,   30,   36,    0,   18,    0,    0,  907,   16,   18],
       [   6,   15,   12,   24,   12,   23,   17,   12,  845,    8],
       [  21,   11,    6,    5,  111,   13,    1,   54,   31,  756]],
      dtype=int64)}, 25.399877999996534)
[2024-08-13 15:33:18,046][flwr][INFO] - configure_evaluate: no clients selected, skipping evaluation
[2024-08-13 15:33:18,046][flwr][INFO] - 
[2024-08-13 15:33:18,047][flwr][INFO] - [ROUND 8]
[2024-08-13 15:33:18,047][flwr][INFO] - configure_fit: strategy sampled 10 clients (out of 100)
[2024-08-13 15:33:19,220][flwr][INFO] - aggregate_fit: received 10 results and 0 failures
[2024-08-13 15:33:21,439][flwr][INFO] - fit progress: (8, 0.5894777332429458, {'accuracy': 0.8574, 'precision': 0.8629415507606806, 'recall': 0.8574, 'f1': 0.8560841201720221, 'confusion_matrix': array([[ 936,    0,    2,    7,    0,   14,   17,    1,    3,    0],
       [   0, 1090,   18,   10,    1,    1,    5,    1,    9,    0],
       [  13,   18,  843,   49,   15,    0,   24,   30,   28,   12],
       [   4,    4,   11,  903,    1,   22,    8,   17,    9,   31],
       [   2,    9,    4,    1,  817,    1,   22,    2,    3,  121],
       [  17,   39,    3,  108,   21,  619,   32,   15,   11,   27],
       [  15,    9,   17,    2,   12,   18,  883,    1,    1,    0],
       [   3,   32,   29,    5,   14,    0,    1,  898,    2,   44],
       [  11,   37,   14,  100,   10,   25,   20,   13,  682,   62],
       [  18,   10,    5,   13,   24,   10,    1,   24,    1,  903]],
      dtype=int64)}, 28.793973699997878)
[2024-08-13 15:33:21,440][flwr][INFO] - configure_evaluate: no clients selected, skipping evaluation
[2024-08-13 15:33:21,440][flwr][INFO] - 
[2024-08-13 15:33:21,440][flwr][INFO] - [ROUND 9]
[2024-08-13 15:33:21,441][flwr][INFO] - configure_fit: strategy sampled 10 clients (out of 100)
[2024-08-13 15:33:22,594][flwr][INFO] - aggregate_fit: received 10 results and 0 failures
[2024-08-13 15:33:24,727][flwr][INFO] - fit progress: (9, 0.5800871312756695, {'accuracy': 0.87, 'precision': 0.8745029863084394, 'recall': 0.87, 'f1': 0.8693736250177307, 'confusion_matrix': array([[ 937,    0,    4,    1,    1,   12,   15,    1,    9,    0],
       [   0, 1079,   10,    2,    1,    3,    5,    1,   34,    0],
       [  11,   17,  851,   20,   25,    2,   19,   30,   55,    2],
       [   5,    8,   19,  825,    1,   54,    8,   20,   63,    7],
       [   1,    5,    3,    0,  931,    2,   12,    1,   11,   16],
       [  13,   30,    6,   28,   25,  706,   22,   14,   41,    7],
       [  14,   10,   17,    1,   21,   20,  870,    2,    3,    0],
       [   3,   30,   34,    0,   22,    0,    0,  907,   18,   14],
       [   6,   13,   11,   17,   14,   26,   15,   11,  856,    5],
       [  19,   10,    8,    5,  125,   17,    1,   50,   36,  738]],
      dtype=int64)}, 32.082022000002326)
[2024-08-13 15:33:24,728][flwr][INFO] - configure_evaluate: no clients selected, skipping evaluation
[2024-08-13 15:33:24,728][flwr][INFO] - 
[2024-08-13 15:33:24,728][flwr][INFO] - [ROUND 10]
[2024-08-13 15:33:24,729][flwr][INFO] - configure_fit: strategy sampled 10 clients (out of 100)
[2024-08-13 15:33:25,984][flwr][INFO] - aggregate_fit: received 10 results and 0 failures
[2024-08-13 15:33:28,077][flwr][INFO] - fit progress: (10, 0.575402061858244, {'accuracy': 0.8637, 'precision': 0.8681613921626682, 'recall': 0.8637, 'f1': 0.8629623678560973, 'confusion_matrix': array([[ 937,    0,    3,    5,    1,   14,   17,    1,    2,    0],
       [   0, 1089,   15,   12,    1,    2,    5,    0,   11,    0],
       [  13,   12,  841,   51,   19,    1,   23,   28,   32,   12],
       [   4,    3,   10,  898,    1,   32,    8,   15,   10,   29],
       [   2,    8,    4,    1,  830,    1,   21,    1,    3,  111],
       [  14,   28,    3,   87,   17,  668,   27,   10,   13,   25],
       [  14,    6,   15,    2,   15,   20,  884,    1,    1,    0],
       [   3,   32,   32,    6,   15,    0,    1,  879,    1,   59],
       [  10,   32,   13,   88,   11,   35,   16,    9,  700,   60],
       [  18,    8,    5,   13,   28,   11,    1,   13,    1,  911]],
      dtype=int64)}, 35.43184289999772)
[2024-08-13 15:33:28,078][flwr][INFO] - configure_evaluate: no clients selected, skipping evaluation
[2024-08-13 15:33:28,078][flwr][INFO] - 
[2024-08-13 15:33:28,078][flwr][INFO] - [SUMMARY]
[2024-08-13 15:33:28,079][flwr][INFO] - Run finished 10 round(s) in 35.43s
[2024-08-13 15:33:28,087][flwr][INFO] - 	History (loss, centralized):
[2024-08-13 15:33:28,087][flwr][INFO] - 		round 0: 2.3025850929940455
[2024-08-13 15:33:28,087][flwr][INFO] - 		round 1: 0.8922229798025736
[2024-08-13 15:33:28,087][flwr][INFO] - 		round 2: 0.7161134181890227
[2024-08-13 15:33:28,087][flwr][INFO] - 		round 3: 0.6851219328081104
[2024-08-13 15:33:28,087][flwr][INFO] - 		round 4: 0.6713939596721803
[2024-08-13 15:33:28,087][flwr][INFO] - 		round 5: 0.63196530952327
[2024-08-13 15:33:28,087][flwr][INFO] - 		round 6: 0.6322923024077448
[2024-08-13 15:33:28,087][flwr][INFO] - 		round 7: 0.6026011528110131
[2024-08-13 15:33:28,088][flwr][INFO] - 		round 8: 0.5894777332429458
[2024-08-13 15:33:28,088][flwr][INFO] - 		round 9: 0.5800871312756695
[2024-08-13 15:33:28,088][flwr][INFO] - 		round 10: 0.575402061858244
[2024-08-13 15:33:28,088][flwr][INFO] - 	History (metrics, centralized):
[2024-08-13 15:33:28,088][flwr][INFO] - 	{'accuracy': [(0, 0.098),
[2024-08-13 15:33:28,088][flwr][INFO] - 	              (1, 0.7453),
[2024-08-13 15:33:28,088][flwr][INFO] - 	              (2, 0.8185),
[2024-08-13 15:33:28,088][flwr][INFO] - 	              (3, 0.8447),
[2024-08-13 15:33:28,088][flwr][INFO] - 	              (4, 0.8232),
[2024-08-13 15:33:28,088][flwr][INFO] - 	              (5, 0.8599),
[2024-08-13 15:33:28,088][flwr][INFO] - 	              (6, 0.8402),
[2024-08-13 15:33:28,088][flwr][INFO] - 	              (7, 0.866),
[2024-08-13 15:33:28,088][flwr][INFO] - 	              (8, 0.8574),
[2024-08-13 15:33:28,088][flwr][INFO] - 	              (9, 0.87),
[2024-08-13 15:33:28,088][flwr][INFO] - 	              (10, 0.8637)],
[2024-08-13 15:33:28,089][flwr][INFO] - 	 'confusion_matrix': [(0,
[2024-08-13 15:33:28,089][flwr][INFO] - 	                       array([[ 980,    0,    0,    0,    0,    0,    0,    0,    0,    0],
[2024-08-13 15:33:28,089][flwr][INFO] - 	       [1135,    0,    0,    0,    0,    0,    0,    0,    0,    0],
[2024-08-13 15:33:28,089][flwr][INFO] - 	       [1032,    0,    0,    0,    0,    0,    0,    0,    0,    0],
[2024-08-13 15:33:28,089][flwr][INFO] - 	       [1010,    0,    0,    0,    0,    0,    0,    0,    0,    0],
[2024-08-13 15:33:28,089][flwr][INFO] - 	       [ 982,    0,    0,    0,    0,    0,    0,    0,    0,    0],
[2024-08-13 15:33:28,089][flwr][INFO] - 	       [ 892,    0,    0,    0,    0,    0,    0,    0,    0,    0],
[2024-08-13 15:33:28,089][flwr][INFO] - 	       [ 958,    0,    0,    0,    0,    0,    0,    0,    0,    0],
[2024-08-13 15:33:28,089][flwr][INFO] - 	       [1028,    0,    0,    0,    0,    0,    0,    0,    0,    0],
[2024-08-13 15:33:28,089][flwr][INFO] - 	       [ 974,    0,    0,    0,    0,    0,    0,    0,    0,    0],
[2024-08-13 15:33:28,089][flwr][INFO] - 	       [1009,    0,    0,    0,    0,    0,    0,    0,    0,    0]],
[2024-08-13 15:33:28,089][flwr][INFO] - 	      dtype=int64)),
[2024-08-13 15:33:28,089][flwr][INFO] - 	                      (1,
[2024-08-13 15:33:28,089][flwr][INFO] - 	                       array([[ 957,    0,    1,    5,    0,    0,    6,    1,   10,    0],
[2024-08-13 15:33:28,089][flwr][INFO] - 	       [   0, 1055,    1,    8,    0,    0,    4,    1,   66,    0],
[2024-08-13 15:33:28,089][flwr][INFO] - 	       [  86,   28,  687,   76,   11,    0,   38,   16,   89,    1],
[2024-08-13 15:33:28,089][flwr][INFO] - 	       [  32,   11,   15,  848,    0,    0,    9,   14,   75,    6],
[2024-08-13 15:33:28,090][flwr][INFO] - 	       [  28,   15,    2,    2,  700,    0,   50,    6,   70,  109],
[2024-08-13 15:33:28,090][flwr][INFO] - 	       [ 235,   58,    1,  245,    9,    1,   36,   35,  238,   34],
[2024-08-13 15:33:28,090][flwr][INFO] - 	       [  96,   13,   11,    2,    4,    0,  813,    1,   18,    0],
[2024-08-13 15:33:28,090][flwr][INFO] - 	       [  25,   43,   14,    3,    4,    0,    2,  851,   64,   22],
[2024-08-13 15:33:28,090][flwr][INFO] - 	       [  45,   10,    4,   94,    2,    0,   15,    9,  788,    7],
[2024-08-13 15:33:28,090][flwr][INFO] - 	       [  51,   16,    5,   11,   22,    0,    4,   67,   80,  753]],
[2024-08-13 15:33:28,090][flwr][INFO] - 	      dtype=int64)),
[2024-08-13 15:33:28,090][flwr][INFO] - 	                      (2,
[2024-08-13 15:33:28,090][flwr][INFO] - 	                       array([[ 927,    0,    7,    7,    1,    2,   28,    1,    7,    0],
[2024-08-13 15:33:28,090][flwr][INFO] - 	       [   0, 1076,   34,   10,    1,    0,    5,    1,    7,    1],
[2024-08-13 15:33:28,090][flwr][INFO] - 	       [  25,   22,  834,   46,   26,    0,   30,   19,   27,    3],
[2024-08-13 15:33:28,090][flwr][INFO] - 	       [   6,   12,   30,  891,    0,    3,    9,   17,   20,   22],
[2024-08-13 15:33:28,090][flwr][INFO] - 	       [   7,   10,    7,    0,  868,    0,   29,    1,    5,   55],
[2024-08-13 15:33:28,090][flwr][INFO] - 	       [  40,   56,   12,  218,   36,  397,   44,   29,   17,   43],
[2024-08-13 15:33:28,090][flwr][INFO] - 	       [  29,   15,   19,    2,   14,   14,  864,    1,    0,    0],
[2024-08-13 15:33:28,090][flwr][INFO] - 	       [   7,   45,   39,    1,   17,    0,    3,  875,    6,   35],
[2024-08-13 15:33:28,091][flwr][INFO] - 	       [  23,   29,   25,  133,   15,    7,   21,   13,  664,   44],
[2024-08-13 15:33:28,091][flwr][INFO] - 	       [  27,   18,    8,   15,   95,    2,    1,   45,    9,  789]],
[2024-08-13 15:33:28,091][flwr][INFO] - 	      dtype=int64)),
[2024-08-13 15:33:28,091][flwr][INFO] - 	                      (3,
[2024-08-13 15:33:28,091][flwr][INFO] - 	                       array([[ 903,    0,    4,    1,    0,   37,   24,    1,   10,    0],
[2024-08-13 15:33:28,091][flwr][INFO] - 	       [   0, 1063,   23,    3,    1,   13,    4,    0,   28,    0],
[2024-08-13 15:33:28,091][flwr][INFO] - 	       [  22,   17,  824,   36,   20,    2,   31,   16,   59,    5],
[2024-08-13 15:33:28,091][flwr][INFO] - 	       [   6,   10,   23,  796,    0,   66,    8,   15,   71,   15],
[2024-08-13 15:33:28,091][flwr][INFO] - 	       [   6,    8,    4,    0,  791,    4,   31,    0,   22,  116],
[2024-08-13 15:33:28,091][flwr][INFO] - 	       [  24,   41,    5,   51,   13,  672,   26,   14,   24,   22],
[2024-08-13 15:33:28,091][flwr][INFO] - 	       [  24,   11,   18,    1,   10,   24,  865,    1,    4,    0],
[2024-08-13 15:33:28,091][flwr][INFO] - 	       [   6,   39,   33,    0,   13,    0,    3,  851,   30,   53],
[2024-08-13 15:33:28,091][flwr][INFO] - 	       [   9,   13,   11,   34,    7,   28,   18,    9,  821,   24],
[2024-08-13 15:33:28,091][flwr][INFO] - 	       [  19,   12,    7,    5,   37,   17,    3,   19,   29,  861]],
[2024-08-13 15:33:28,091][flwr][INFO] - 	      dtype=int64)),
[2024-08-13 15:33:28,091][flwr][INFO] - 	                      (4,
[2024-08-13 15:33:28,091][flwr][INFO] - 	                       array([[ 934,    0,    5,   15,    2,    2,   18,    1,    3,    0],
[2024-08-13 15:33:28,092][flwr][INFO] - 	       [   0, 1070,   34,   21,    1,    1,    5,    1,    2,    0],
[2024-08-13 15:33:28,092][flwr][INFO] - 	       [  17,   14,  835,   67,   25,    0,   24,   23,   21,    6],
[2024-08-13 15:33:28,092][flwr][INFO] - 	       [   4,    4,   17,  926,    1,    4,    8,   17,    8,   21],
[2024-08-13 15:33:28,092][flwr][INFO] - 	       [   5,    9,    3,    1,  882,    0,   17,    1,    3,   61],
[2024-08-13 15:33:28,092][flwr][INFO] - 	       [  25,   48,   11,  247,   37,  409,   32,   24,   13,   46],
[2024-08-13 15:33:28,092][flwr][INFO] - 	       [  25,   11,   19,    4,   24,   12,  862,    1,    0,    0],
[2024-08-13 15:33:28,092][flwr][INFO] - 	       [   5,   37,   37,    4,   19,    0,    1,  884,    1,   40],
[2024-08-13 15:33:28,092][flwr][INFO] - 	       [  14,   29,   26,  196,   17,    6,   17,   13,  596,   60],
[2024-08-13 15:33:28,092][flwr][INFO] - 	       [  23,   14,    7,   16,   77,    1,    0,   34,    3,  834]],
[2024-08-13 15:33:28,092][flwr][INFO] - 	      dtype=int64)),
[2024-08-13 15:33:28,092][flwr][INFO] - 	                      (5,
[2024-08-13 15:33:28,092][flwr][INFO] - 	                       array([[ 920,    0,    3,    1,    0,   17,   24,    1,   14,    0],
[2024-08-13 15:33:28,092][flwr][INFO] - 	       [   0, 1078,   18,    2,    1,    5,    5,    1,   25,    0],
[2024-08-13 15:33:28,092][flwr][INFO] - 	       [  16,   19,  830,   31,   23,    1,   26,   26,   55,    5],
[2024-08-13 15:33:28,092][flwr][INFO] - 	       [   5,   10,   23,  809,    1,   53,    9,   19,   67,   14],
[2024-08-13 15:33:28,092][flwr][INFO] - 	       [   4,    8,    2,    0,  872,    2,   27,    1,   14,   52],
[2024-08-13 15:33:28,093][flwr][INFO] - 	       [  20,   38,    4,   37,   22,  679,   31,   14,   30,   17],
[2024-08-13 15:33:28,093][flwr][INFO] - 	       [  18,   11,   17,    1,   14,   20,  873,    1,    3,    0],
[2024-08-13 15:33:28,093][flwr][INFO] - 	       [   4,   36,   30,    0,   18,    0,    0,  886,   20,   34],
[2024-08-13 15:33:28,093][flwr][INFO] - 	       [   7,   15,   12,   22,    9,   27,   17,   11,  839,   15],
[2024-08-13 15:33:28,093][flwr][INFO] - 	       [  17,   13,    6,    5,   70,   13,    2,   40,   30,  813]],
[2024-08-13 15:33:28,093][flwr][INFO] - 	      dtype=int64)),
[2024-08-13 15:33:28,093][flwr][INFO] - 	                      (6,
[2024-08-13 15:33:28,093][flwr][INFO] - 	                       array([[ 926,    0,    6,   11,    0,   12,   22,    1,    1,    1],
[2024-08-13 15:33:28,093][flwr][INFO] - 	       [   0, 1071,   37,   15,    1,    1,    6,    1,    2,    1],
[2024-08-13 15:33:28,093][flwr][INFO] - 	       [  13,   10,  873,   45,   15,    0,   24,   21,   19,   12],
[2024-08-13 15:33:28,093][flwr][INFO] - 	       [   4,    2,   18,  907,    1,   17,    8,   15,    6,   32],
[2024-08-13 15:33:28,093][flwr][INFO] - 	       [   1,    9,    4,    1,  804,    0,   24,    1,    3,  135],
[2024-08-13 15:33:28,093][flwr][INFO] - 	       [  16,   34,   10,  130,   25,  591,   35,   12,    5,   34],
[2024-08-13 15:33:28,093][flwr][INFO] - 	       [  14,    9,   19,    2,   13,   19,  881,    1,    0,    0],
[2024-08-13 15:33:28,093][flwr][INFO] - 	       [   3,   32,   43,    3,   14,    0,    3,  851,    0,   79],
[2024-08-13 15:33:28,093][flwr][INFO] - 	       [  12,   27,   34,  150,   12,   28,   23,    8,  581,   99],
[2024-08-13 15:33:28,093][flwr][INFO] - 	       [  17,    8,    6,   13,   26,    7,    2,   13,    0,  917]],
[2024-08-13 15:33:28,094][flwr][INFO] - 	      dtype=int64)),
[2024-08-13 15:33:28,094][flwr][INFO] - 	                      (7,
[2024-08-13 15:33:28,094][flwr][INFO] - 	                       array([[ 934,    0,    3,    1,    0,   13,   18,    1,   10,    0],
[2024-08-13 15:33:28,094][flwr][INFO] - 	       [   0, 1077,   19,    3,    1,    2,    5,    1,   27,    0],
[2024-08-13 15:33:28,094][flwr][INFO] - 	       [  13,   15,  849,   24,   25,    0,   23,   27,   53,    3],
[2024-08-13 15:33:28,094][flwr][INFO] - 	       [   5,    8,   22,  831,    1,   44,    9,   20,   63,    7],
[2024-08-13 15:33:28,094][flwr][INFO] - 	       [   2,    6,    4,    0,  914,    2,   15,    1,   13,   25],
[2024-08-13 15:33:28,094][flwr][INFO] - 	       [  19,   31,    7,   41,   28,  680,   26,   15,   35,   10],
[2024-08-13 15:33:28,094][flwr][INFO] - 	       [  17,   10,   18,    1,   21,   20,  867,    1,    3,    0],
[2024-08-13 15:33:28,094][flwr][INFO] - 	       [   3,   30,   36,    0,   18,    0,    0,  907,   16,   18],
[2024-08-13 15:33:28,094][flwr][INFO] - 	       [   6,   15,   12,   24,   12,   23,   17,   12,  845,    8],
[2024-08-13 15:33:28,094][flwr][INFO] - 	       [  21,   11,    6,    5,  111,   13,    1,   54,   31,  756]],
[2024-08-13 15:33:28,094][flwr][INFO] - 	      dtype=int64)),
[2024-08-13 15:33:28,094][flwr][INFO] - 	                      (8,
[2024-08-13 15:33:28,094][flwr][INFO] - 	                       array([[ 936,    0,    2,    7,    0,   14,   17,    1,    3,    0],
[2024-08-13 15:33:28,094][flwr][INFO] - 	       [   0, 1090,   18,   10,    1,    1,    5,    1,    9,    0],
[2024-08-13 15:33:28,094][flwr][INFO] - 	       [  13,   18,  843,   49,   15,    0,   24,   30,   28,   12],
[2024-08-13 15:33:28,095][flwr][INFO] - 	       [   4,    4,   11,  903,    1,   22,    8,   17,    9,   31],
[2024-08-13 15:33:28,095][flwr][INFO] - 	       [   2,    9,    4,    1,  817,    1,   22,    2,    3,  121],
[2024-08-13 15:33:28,095][flwr][INFO] - 	       [  17,   39,    3,  108,   21,  619,   32,   15,   11,   27],
[2024-08-13 15:33:28,095][flwr][INFO] - 	       [  15,    9,   17,    2,   12,   18,  883,    1,    1,    0],
[2024-08-13 15:33:28,095][flwr][INFO] - 	       [   3,   32,   29,    5,   14,    0,    1,  898,    2,   44],
[2024-08-13 15:33:28,095][flwr][INFO] - 	       [  11,   37,   14,  100,   10,   25,   20,   13,  682,   62],
[2024-08-13 15:33:28,095][flwr][INFO] - 	       [  18,   10,    5,   13,   24,   10,    1,   24,    1,  903]],
[2024-08-13 15:33:28,095][flwr][INFO] - 	      dtype=int64)),
[2024-08-13 15:33:28,095][flwr][INFO] - 	                      (9,
[2024-08-13 15:33:28,095][flwr][INFO] - 	                       array([[ 937,    0,    4,    1,    1,   12,   15,    1,    9,    0],
[2024-08-13 15:33:28,095][flwr][INFO] - 	       [   0, 1079,   10,    2,    1,    3,    5,    1,   34,    0],
[2024-08-13 15:33:28,095][flwr][INFO] - 	       [  11,   17,  851,   20,   25,    2,   19,   30,   55,    2],
[2024-08-13 15:33:28,095][flwr][INFO] - 	       [   5,    8,   19,  825,    1,   54,    8,   20,   63,    7],
[2024-08-13 15:33:28,095][flwr][INFO] - 	       [   1,    5,    3,    0,  931,    2,   12,    1,   11,   16],
[2024-08-13 15:33:28,095][flwr][INFO] - 	       [  13,   30,    6,   28,   25,  706,   22,   14,   41,    7],
[2024-08-13 15:33:28,095][flwr][INFO] - 	       [  14,   10,   17,    1,   21,   20,  870,    2,    3,    0],
[2024-08-13 15:33:28,095][flwr][INFO] - 	       [   3,   30,   34,    0,   22,    0,    0,  907,   18,   14],
[2024-08-13 15:33:28,096][flwr][INFO] - 	       [   6,   13,   11,   17,   14,   26,   15,   11,  856,    5],
[2024-08-13 15:33:28,096][flwr][INFO] - 	       [  19,   10,    8,    5,  125,   17,    1,   50,   36,  738]],
[2024-08-13 15:33:28,096][flwr][INFO] - 	      dtype=int64)),
[2024-08-13 15:33:28,096][flwr][INFO] - 	                      (10,
[2024-08-13 15:33:28,096][flwr][INFO] - 	                       array([[ 937,    0,    3,    5,    1,   14,   17,    1,    2,    0],
[2024-08-13 15:33:28,096][flwr][INFO] - 	       [   0, 1089,   15,   12,    1,    2,    5,    0,   11,    0],
[2024-08-13 15:33:28,096][flwr][INFO] - 	       [  13,   12,  841,   51,   19,    1,   23,   28,   32,   12],
[2024-08-13 15:33:28,096][flwr][INFO] - 	       [   4,    3,   10,  898,    1,   32,    8,   15,   10,   29],
[2024-08-13 15:33:28,096][flwr][INFO] - 	       [   2,    8,    4,    1,  830,    1,   21,    1,    3,  111],
[2024-08-13 15:33:28,096][flwr][INFO] - 	       [  14,   28,    3,   87,   17,  668,   27,   10,   13,   25],
[2024-08-13 15:33:28,096][flwr][INFO] - 	       [  14,    6,   15,    2,   15,   20,  884,    1,    1,    0],
[2024-08-13 15:33:28,096][flwr][INFO] - 	       [   3,   32,   32,    6,   15,    0,    1,  879,    1,   59],
[2024-08-13 15:33:28,096][flwr][INFO] - 	       [  10,   32,   13,   88,   11,   35,   16,    9,  700,   60],
[2024-08-13 15:33:28,096][flwr][INFO] - 	       [  18,    8,    5,   13,   28,   11,    1,   13,    1,  911]],
[2024-08-13 15:33:28,096][flwr][INFO] - 	      dtype=int64))],
[2024-08-13 15:33:28,096][flwr][INFO] - 	 'f1': [(0, 0.017493624772313296),
[2024-08-13 15:33:28,097][flwr][INFO] - 	        (1, 0.7153732869457466),
[2024-08-13 15:33:28,097][flwr][INFO] - 	        (2, 0.8125214281941707),
[2024-08-13 15:33:28,097][flwr][INFO] - 	        (3, 0.8445626091523575),
[2024-08-13 15:33:28,097][flwr][INFO] - 	        (4, 0.8182331094988918),
[2024-08-13 15:33:28,097][flwr][INFO] - 	        (5, 0.8592889456074727),
[2024-08-13 15:33:28,097][flwr][INFO] - 	        (6, 0.8383365747512415),
[2024-08-13 15:33:28,097][flwr][INFO] - 	        (7, 0.865176539117343),
[2024-08-13 15:33:28,097][flwr][INFO] - 	        (8, 0.8560841201720221),
[2024-08-13 15:33:28,097][flwr][INFO] - 	        (9, 0.8693736250177307),
[2024-08-13 15:33:28,097][flwr][INFO] - 	        (10, 0.8629623678560973)],
[2024-08-13 15:33:28,097][flwr][INFO] - 	 'precision': [(0, 0.009604000000000001),
[2024-08-13 15:33:28,097][flwr][INFO] - 	               (1, 0.7985319845343146),
[2024-08-13 15:33:28,097][flwr][INFO] - 	               (2, 0.8289811182054398),
[2024-08-13 15:33:28,097][flwr][INFO] - 	               (3, 0.8471882140820106),
[2024-08-13 15:33:28,097][flwr][INFO] - 	               (4, 0.8411169786072084),
[2024-08-13 15:33:28,097][flwr][INFO] - 	               (5, 0.8611151149271933),
[2024-08-13 15:33:28,097][flwr][INFO] - 	               (6, 0.852768470271091),
[2024-08-13 15:33:28,098][flwr][INFO] - 	               (7, 0.8685718567161143),
[2024-08-13 15:33:28,098][flwr][INFO] - 	               (8, 0.8629415507606806),
[2024-08-13 15:33:28,098][flwr][INFO] - 	               (9, 0.8745029863084394),
[2024-08-13 15:33:28,098][flwr][INFO] - 	               (10, 0.8681613921626682)],
[2024-08-13 15:33:28,098][flwr][INFO] - 	 'recall': [(0, 0.098),
[2024-08-13 15:33:28,098][flwr][INFO] - 	            (1, 0.7453),
[2024-08-13 15:33:28,098][flwr][INFO] - 	            (2, 0.8185),
[2024-08-13 15:33:28,098][flwr][INFO] - 	            (3, 0.8447),
[2024-08-13 15:33:28,098][flwr][INFO] - 	            (4, 0.8232),
[2024-08-13 15:33:28,098][flwr][INFO] - 	            (5, 0.8599),
[2024-08-13 15:33:28,098][flwr][INFO] - 	            (6, 0.8402),
[2024-08-13 15:33:28,099][flwr][INFO] - 	            (7, 0.866),
[2024-08-13 15:33:28,099][flwr][INFO] - 	            (8, 0.8574),
[2024-08-13 15:33:28,099][flwr][INFO] - 	            (9, 0.87),
[2024-08-13 15:33:28,099][flwr][INFO] - 	            (10, 0.8637)]}
[2024-08-13 15:33:28,099][flwr][INFO] - 
