[2024-08-13 14:47:02,208][flwr][INFO] - Starting Flower simulation, config: num_rounds=10, no round_timeout
[2024-08-13 14:47:06,367][flwr][INFO] - Flower VCE: Ray initialized with resources: {'node:127.0.0.1': 1.0, 'object_store_memory': 2436060364.0, 'memory': 4872120731.0, 'node:__internal_head__': 1.0, 'accelerator_type:G': 1.0, 'GPU': 1.0, 'CPU': 16.0}
[2024-08-13 14:47:06,367][flwr][INFO] - Optimize your simulation with Flower VCE: https://flower.ai/docs/framework/how-to-run-simulations.html
[2024-08-13 14:47:06,367][flwr][INFO] - Flower VCE: Resources for each Virtual Client: {'num_cpus': 2, 'num_gpus': 0.5}
[2024-08-13 14:47:06,380][flwr][INFO] - Flower VCE: Creating VirtualClientEngineActorPool with 2 actors
[2024-08-13 14:47:06,381][flwr][INFO] - [INIT]
[2024-08-13 14:47:06,381][flwr][INFO] - Requesting initial parameters from one random client
[2024-08-13 14:47:13,716][flwr][INFO] - Received initial parameters from one random client
[2024-08-13 14:47:13,716][flwr][INFO] - Evaluating initial global parameters
[2024-08-13 14:47:15,969][flwr][INFO] - initial parameters (loss, other metrics): 2.3025850929940455, {'accuracy': 0.098, 'precision': 0.009604000000000001, 'recall': 0.098, 'f1': 0.017493624772313296, 'confusion_matrix': array([[ 980,    0,    0,    0,    0,    0,    0,    0,    0,    0],
       [1135,    0,    0,    0,    0,    0,    0,    0,    0,    0],
       [1032,    0,    0,    0,    0,    0,    0,    0,    0,    0],
       [1010,    0,    0,    0,    0,    0,    0,    0,    0,    0],
       [ 982,    0,    0,    0,    0,    0,    0,    0,    0,    0],
       [ 892,    0,    0,    0,    0,    0,    0,    0,    0,    0],
       [ 958,    0,    0,    0,    0,    0,    0,    0,    0,    0],
       [1028,    0,    0,    0,    0,    0,    0,    0,    0,    0],
       [ 974,    0,    0,    0,    0,    0,    0,    0,    0,    0],
       [1009,    0,    0,    0,    0,    0,    0,    0,    0,    0]],
      dtype=int64)}
[2024-08-13 14:47:15,970][flwr][INFO] - 
[2024-08-13 14:47:15,970][flwr][INFO] - [ROUND 1]
[2024-08-13 14:47:15,971][flwr][INFO] - configure_fit: strategy sampled 10 clients (out of 100)
[2024-08-13 14:47:19,541][flwr][INFO] - aggregate_fit: received 10 results and 0 failures
[2024-08-13 14:47:19,544][flwr][WARNING] - No fit_metrics_aggregation_fn provided
[2024-08-13 14:47:21,749][flwr][INFO] - fit progress: (1, 1.225924990369457, {'accuracy': 0.5994, 'precision': 0.6586325348981428, 'recall': 0.5994, 'f1': 0.5629603176438905, 'confusion_matrix': array([[969,   0,   2,   2,   0,   0,   2,   0,   1,   4],
       [  0, 875, 201,   7,   0,   0,   3,   0,   1,  48],
       [131,   3, 678, 132,   1,   0,  14,  16,  21,  36],
       [ 45,   1,  12, 857,   0,   0,   4,   6,   4,  81],
       [ 96,   4,   5,   0, 120,   0,  10,   5,   4, 738],
       [381,  38,  33, 217,   0,   0,  11,   8,  38, 166],
       [233,   7,  43,  11,   4,   0, 642,   4,   3,  11],
       [ 61,  17,  37,   3,   1,   0,   0, 640,  25, 244],
       [119,   4,  20, 216,   0,   0,   7,   3, 323, 282],
       [ 89,   3,   1,  10,   9,   0,   0,   6,   1, 890]], dtype=int64)}, 5.7784161000017775)
[2024-08-13 14:47:21,750][flwr][INFO] - configure_evaluate: no clients selected, skipping evaluation
[2024-08-13 14:47:21,750][flwr][INFO] - 
[2024-08-13 14:47:21,750][flwr][INFO] - [ROUND 2]
[2024-08-13 14:47:21,750][flwr][INFO] - configure_fit: strategy sampled 10 clients (out of 100)
[2024-08-13 14:47:22,943][flwr][INFO] - aggregate_fit: received 10 results and 0 failures
[2024-08-13 14:47:25,173][flwr][INFO] - fit progress: (2, 1.151598581852785, {'accuracy': 0.6719, 'precision': 0.6696203503140741, 'recall': 0.6719, 'f1': 0.6422435639905104, 'confusion_matrix': array([[592,   2,   5,   5,  18,  19, 300,   7,  32,   0],
       [  0, 969, 119,   1,   3,   0,   8,   1,  34,   0],
       [  1,  14, 781,  25,  62,   0,  57,  26,  66,   0],
       [  0,  12,  26, 655,  98,  15,  38,  12, 154,   0],
       [  0,   4,   1,   0, 893,   0,  37,   9,  38,   0],
       [  0,  65,  11,  69,  77, 362, 118,  19, 171,   0],
       [  1,  12,  19,   0,  34,   4, 880,   6,   2,   0],
       [  1,  25,  27,   0,  40,   0,   1, 815, 119,   0],
       [  0,  16,  15,  21,  90,   8,  47,   5, 772,   0],
       [  2,   5,   1,   1, 645,   2,   9, 109, 235,   0]], dtype=int64)}, 9.202516099991044)
[2024-08-13 14:47:25,174][flwr][INFO] - configure_evaluate: no clients selected, skipping evaluation
[2024-08-13 14:47:25,174][flwr][INFO] - 
[2024-08-13 14:47:25,174][flwr][INFO] - [ROUND 3]
[2024-08-13 14:47:25,175][flwr][INFO] - configure_fit: strategy sampled 10 clients (out of 100)
[2024-08-13 14:47:26,328][flwr][INFO] - aggregate_fit: received 10 results and 0 failures
[2024-08-13 14:47:28,554][flwr][INFO] - fit progress: (3, 1.0409168683850776, {'accuracy': 0.6938, 'precision': 0.7600662923044252, 'recall': 0.6938, 'f1': 0.6644353637556479, 'confusion_matrix': array([[ 926,    2,    2,    9,    0,   18,   10,    5,    0,    8],
       [   0, 1016,   93,    7,    0,    6,    2,    1,    0,   10],
       [  17,   25,  782,  114,    4,    3,   19,   34,    9,   25],
       [   1,    6,   15,  863,    0,   31,    4,   15,    0,   75],
       [  13,    7,    6,    1,  274,   20,   13,   36,    1,  611],
       [  19,   76,   16,  160,    0,  524,   15,   22,    0,   60],
       [  34,   24,   54,    6,    4,   15,  780,   38,    0,    3],
       [  14,   34,   40,    2,    2,    2,    0,  825,    3,  106],
       [  15,   72,   26,  223,    2,   41,   11,    6,   37,  541],
       [  28,    8,    2,   11,    7,   12,    0,   30,    0,  911]],
      dtype=int64)}, 12.583414900000207)
[2024-08-13 14:47:28,555][flwr][INFO] - configure_evaluate: no clients selected, skipping evaluation
[2024-08-13 14:47:28,555][flwr][INFO] - 
[2024-08-13 14:47:28,555][flwr][INFO] - [ROUND 4]
[2024-08-13 14:47:28,556][flwr][INFO] - configure_fit: strategy sampled 10 clients (out of 100)
[2024-08-13 14:47:29,762][flwr][INFO] - aggregate_fit: received 10 results and 0 failures
[2024-08-13 14:47:31,999][flwr][INFO] - fit progress: (4, 1.0438889773455375, {'accuracy': 0.7112, 'precision': 0.787104870681222, 'recall': 0.7112, 'f1': 0.6852747877114264, 'confusion_matrix': array([[873,   7,   0,   3,   5,   4,  58,   2,  28,   0],
       [  0, 953, 121,   2,   2,   0,   6,   1,  50,   0],
       [ 14,  19, 780,  45,  42,   0,  26,  17,  89,   0],
       [  0,  16,  17, 732,  34,  19,  24,   9, 159,   0],
       [  6,   4,   1,   0, 879,   1,  29,   7,  55,   0],
       [ 18,  69,   9,  72,  46, 411,  78,  13, 176,   0],
       [ 13,  13,  24,   0,  25,   3, 866,  12,   2,   0],
       [ 15,  24,  26,   0,  36,   0,   0, 736, 191,   0],
       [  8,  12,  14,  25,  35,   8,  25,   2, 845,   0],
       [ 35,   4,   2,   2, 505,  13,   2,  69, 340,  37]], dtype=int64)}, 16.028065999998944)
[2024-08-13 14:47:32,000][flwr][INFO] - configure_evaluate: no clients selected, skipping evaluation
[2024-08-13 14:47:32,000][flwr][INFO] - 
[2024-08-13 14:47:32,000][flwr][INFO] - [ROUND 5]
[2024-08-13 14:47:32,000][flwr][INFO] - configure_fit: strategy sampled 10 clients (out of 100)
[2024-08-13 14:47:33,147][flwr][INFO] - aggregate_fit: received 10 results and 0 failures
[2024-08-13 14:47:35,356][flwr][INFO] - fit progress: (5, 1.0384369010279884, {'accuracy': 0.7, 'precision': 0.764745189350458, 'recall': 0.7, 'f1': 0.6748958529565331, 'confusion_matrix': array([[914,  12,   2,   8,   0,  14,  14,   7,   0,   9],
       [  0, 972, 128,   9,   0,   4,   5,   2,   0,  15],
       [ 12,  19, 802,  93,   7,   3,  18,  33,   6,  39],
       [  2,  11,  11, 840,   2,  34,   6,  17,   0,  87],
       [  7,   6,   4,   1, 372,  11,  14,  35,   0, 532],
       [ 13,  69,  16, 114,   2, 556,  25,  26,   0,  71],
       [ 18,  18,  41,   3,   5,  18, 801,  49,   0,   5],
       [ 12,  24,  39,   4,   7,   1,   0, 799,   1, 141],
       [ 11,  63,  30, 171,   3,  40,  20,   6,  21, 609],
       [ 27,   3,   3,   7,  11,  11,   0,  24,   0, 923]], dtype=int64)}, 19.38518159999512)
[2024-08-13 14:47:35,357][flwr][INFO] - configure_evaluate: no clients selected, skipping evaluation
[2024-08-13 14:47:35,357][flwr][INFO] - 
[2024-08-13 14:47:35,357][flwr][INFO] - [ROUND 6]
[2024-08-13 14:47:35,357][flwr][INFO] - configure_fit: strategy sampled 10 clients (out of 100)
[2024-08-13 14:47:36,690][flwr][INFO] - aggregate_fit: received 10 results and 0 failures
[2024-08-13 14:47:38,894][flwr][INFO] - fit progress: (6, 1.0080303706801361, {'accuracy': 0.7347, 'precision': 0.7964127230938242, 'recall': 0.7347, 'f1': 0.7161107155024864, 'confusion_matrix': array([[ 872,   26,    0,    2,    4,    7,   43,    3,   23,    0],
       [   0, 1000,   72,    2,    2,    1,    6,    1,   51,    0],
       [  10,   24,  776,   42,   46,    0,   21,   23,   90,    0],
       [   0,   25,   15,  724,   52,   27,   19,   13,  135,    0],
       [   5,    4,    1,    0,  895,    1,   20,   13,   43,    0],
       [  15,   70,    5,   51,   50,  474,   65,   18,  144,    0],
       [  10,   16,   20,    0,   25,    4,  860,   21,    2,    0],
       [  12,   25,   25,    0,   35,    0,    0,  784,  147,    0],
       [   6,   20,    9,   15,   48,   11,   22,    2,  841,    0],
       [  40,    5,    2,    2,  472,   20,    2,   87,  258,  121]],
      dtype=int64)}, 22.92338559999189)
[2024-08-13 14:47:38,894][flwr][INFO] - configure_evaluate: no clients selected, skipping evaluation
[2024-08-13 14:47:38,895][flwr][INFO] - 
[2024-08-13 14:47:38,895][flwr][INFO] - [ROUND 7]
[2024-08-13 14:47:38,895][flwr][INFO] - configure_fit: strategy sampled 10 clients (out of 100)
[2024-08-13 14:47:40,027][flwr][INFO] - aggregate_fit: received 10 results and 0 failures
[2024-08-13 14:47:42,227][flwr][INFO] - fit progress: (7, 1.03806781939835, {'accuracy': 0.6938, 'precision': 0.7657140630379724, 'recall': 0.6938, 'f1': 0.6706112326244732, 'confusion_matrix': array([[899,  21,   2,  13,   0,  15,  16,   6,   0,   8],
       [  0, 945, 148,  15,   1,   3,   7,   1,   0,  15],
       [ 12,  14, 752, 146,   7,   2,  21,  29,   6,  43],
       [  2,   6,   6, 870,   1,  25,   7,  15,   0,  78],
       [  5,   6,   2,   2, 353,  22,  15,  29,   0, 548],
       [ 17,  50,  13, 125,   2, 559,  30,  20,   1,  75],
       [ 16,  11,  30,   3,   5,  12, 833,  44,   0,   4],
       [ 14,  20,  36,   6,   5,   2,   0, 762,   3, 180],
       [ 12,  41,  22, 190,   3,  35,  23,   7,  29, 612],
       [ 26,   3,   3,  10,   7,   8,   1,  15,   0, 936]], dtype=int64)}, 26.25672819999454)
[2024-08-13 14:47:42,228][flwr][INFO] - configure_evaluate: no clients selected, skipping evaluation
[2024-08-13 14:47:42,228][flwr][INFO] - 
[2024-08-13 14:47:42,228][flwr][INFO] - [ROUND 8]
[2024-08-13 14:47:42,228][flwr][INFO] - configure_fit: strategy sampled 10 clients (out of 100)
[2024-08-13 14:47:43,394][flwr][INFO] - aggregate_fit: received 10 results and 0 failures
[2024-08-13 14:47:45,824][flwr][INFO] - fit progress: (8, 0.99065290935321, {'accuracy': 0.7463, 'precision': 0.7942448017970485, 'recall': 0.7463, 'f1': 0.7324258229191045, 'confusion_matrix': array([[ 853,   51,    0,    1,    4,   11,   31,   10,   19,    0],
       [   0, 1024,   46,    2,    3,    2,    6,    1,   51,    0],
       [   9,   26,  776,   38,   45,    0,   18,   37,   83,    0],
       [   2,   29,   13,  692,   81,   34,   16,   15,  127,    1],
       [   4,    5,    1,    0,  892,    7,   17,   22,   33,    1],
       [  12,   64,    5,   37,   33,  542,   57,   22,  118,    2],
       [  11,   18,   15,    0,   21,    7,  831,   53,    2,    0],
       [  11,   27,   24,    1,   30,    0,    0,  822,  113,    0],
       [  10,   21,    8,   10,   46,   16,   22,    5,  836,    0],
       [  54,    5,    3,    1,  364,   30,    1,  132,  224,  195]],
      dtype=int64)}, 29.853583999996772)
[2024-08-13 14:47:45,825][flwr][INFO] - configure_evaluate: no clients selected, skipping evaluation
[2024-08-13 14:47:45,825][flwr][INFO] - 
[2024-08-13 14:47:45,825][flwr][INFO] - [ROUND 9]
[2024-08-13 14:47:45,825][flwr][INFO] - configure_fit: strategy sampled 10 clients (out of 100)
[2024-08-13 14:47:46,981][flwr][INFO] - aggregate_fit: received 10 results and 0 failures
[2024-08-13 14:47:49,184][flwr][INFO] - fit progress: (9, 1.0003317347804948, {'accuracy': 0.7099, 'precision': 0.7749698186409233, 'recall': 0.7099, 'f1': 0.6961650932166998, 'confusion_matrix': array([[876,  37,   2,  11,   0,   7,  31,  10,   0,   6],
       [  0, 883, 211,  16,   1,   3,  10,   1,   1,   9],
       [ 10,   9, 776, 131,   7,   0,  23,  33,  11,  32],
       [  2,   4,   9, 879,   2,  17,  10,  16,   2,  69],
       [  5,   5,   3,   1, 462,  15,  21,  32,   2, 436],
       [ 19,  48,  14, 139,   5, 492,  62,  24,   3,  86],
       [ 11,   8,  26,   3,   5,   5, 852,  46,   0,   2],
       [ 12,  16,  48,   7,   7,   0,   1, 804,   5, 128],
       [ 16,  30,  33, 178,   6,  19,  32,  11, 145, 504],
       [ 25,   3,   3,  12,   8,   6,   1,  21,   0, 930]], dtype=int64)}, 33.213416500002495)
[2024-08-13 14:47:49,185][flwr][INFO] - configure_evaluate: no clients selected, skipping evaluation
[2024-08-13 14:47:49,185][flwr][INFO] - 
[2024-08-13 14:47:49,185][flwr][INFO] - [ROUND 10]
[2024-08-13 14:47:49,185][flwr][INFO] - configure_fit: strategy sampled 10 clients (out of 100)
[2024-08-13 14:47:50,414][flwr][INFO] - aggregate_fit: received 10 results and 0 failures
[2024-08-13 14:47:52,617][flwr][INFO] - fit progress: (10, 0.9730547396860028, {'accuracy': 0.7513, 'precision': 0.7963743528646301, 'recall': 0.7513, 'f1': 0.7390426984290294, 'confusion_matrix': array([[ 838,   78,    0,    0,    5,   10,   19,   16,   14,    0],
       [   0, 1037,   25,    3,    2,    4,    5,    1,   58,    0],
       [   8,   28,  774,   38,   48,    0,   16,   37,   83,    0],
       [   2,   29,   12,  702,   79,   39,   11,   20,  115,    1],
       [   3,    4,    1,    0,  900,   12,   13,   21,   27,    1],
       [  11,   60,    4,   34,   25,  590,   40,   24,  103,    1],
       [  13,   20,   13,    0,   25,    8,  793,   83,    3,    0],
       [  13,   28,   25,    1,   31,    0,    0,  829,  101,    0],
       [  11,   21,    9,   12,   51,   19,   16,    5,  830,    0],
       [  65,    6,    3,    1,  354,   43,    1,  135,  181,  220]],
      dtype=int64)}, 36.64653030000045)
[2024-08-13 14:47:52,618][flwr][INFO] - configure_evaluate: no clients selected, skipping evaluation
[2024-08-13 14:47:52,618][flwr][INFO] - 
[2024-08-13 14:47:52,618][flwr][INFO] - [SUMMARY]
[2024-08-13 14:47:52,618][flwr][INFO] - Run finished 10 round(s) in 36.65s
[2024-08-13 14:47:52,626][flwr][INFO] - 	History (loss, centralized):
[2024-08-13 14:47:52,626][flwr][INFO] - 		round 0: 2.3025850929940455
[2024-08-13 14:47:52,626][flwr][INFO] - 		round 1: 1.225924990369457
[2024-08-13 14:47:52,626][flwr][INFO] - 		round 2: 1.151598581852785
[2024-08-13 14:47:52,626][flwr][INFO] - 		round 3: 1.0409168683850776
[2024-08-13 14:47:52,626][flwr][INFO] - 		round 4: 1.0438889773455375
[2024-08-13 14:47:52,627][flwr][INFO] - 		round 5: 1.0384369010279884
[2024-08-13 14:47:52,627][flwr][INFO] - 		round 6: 1.0080303706801361
[2024-08-13 14:47:52,627][flwr][INFO] - 		round 7: 1.03806781939835
[2024-08-13 14:47:52,627][flwr][INFO] - 		round 8: 0.99065290935321
[2024-08-13 14:47:52,627][flwr][INFO] - 		round 9: 1.0003317347804948
[2024-08-13 14:47:52,627][flwr][INFO] - 		round 10: 0.9730547396860028
[2024-08-13 14:47:52,627][flwr][INFO] - 	History (metrics, centralized):
[2024-08-13 14:47:52,627][flwr][INFO] - 	{'accuracy': [(0, 0.098),
[2024-08-13 14:47:52,627][flwr][INFO] - 	              (1, 0.5994),
[2024-08-13 14:47:52,627][flwr][INFO] - 	              (2, 0.6719),
[2024-08-13 14:47:52,627][flwr][INFO] - 	              (3, 0.6938),
[2024-08-13 14:47:52,627][flwr][INFO] - 	              (4, 0.7112),
[2024-08-13 14:47:52,627][flwr][INFO] - 	              (5, 0.7),
[2024-08-13 14:47:52,627][flwr][INFO] - 	              (6, 0.7347),
[2024-08-13 14:47:52,627][flwr][INFO] - 	              (7, 0.6938),
[2024-08-13 14:47:52,627][flwr][INFO] - 	              (8, 0.7463),
[2024-08-13 14:47:52,627][flwr][INFO] - 	              (9, 0.7099),
[2024-08-13 14:47:52,628][flwr][INFO] - 	              (10, 0.7513)],
[2024-08-13 14:47:52,628][flwr][INFO] - 	 'confusion_matrix': [(0,
[2024-08-13 14:47:52,628][flwr][INFO] - 	                       array([[ 980,    0,    0,    0,    0,    0,    0,    0,    0,    0],
[2024-08-13 14:47:52,628][flwr][INFO] - 	       [1135,    0,    0,    0,    0,    0,    0,    0,    0,    0],
[2024-08-13 14:47:52,628][flwr][INFO] - 	       [1032,    0,    0,    0,    0,    0,    0,    0,    0,    0],
[2024-08-13 14:47:52,628][flwr][INFO] - 	       [1010,    0,    0,    0,    0,    0,    0,    0,    0,    0],
[2024-08-13 14:47:52,628][flwr][INFO] - 	       [ 982,    0,    0,    0,    0,    0,    0,    0,    0,    0],
[2024-08-13 14:47:52,628][flwr][INFO] - 	       [ 892,    0,    0,    0,    0,    0,    0,    0,    0,    0],
[2024-08-13 14:47:52,628][flwr][INFO] - 	       [ 958,    0,    0,    0,    0,    0,    0,    0,    0,    0],
[2024-08-13 14:47:52,628][flwr][INFO] - 	       [1028,    0,    0,    0,    0,    0,    0,    0,    0,    0],
[2024-08-13 14:47:52,628][flwr][INFO] - 	       [ 974,    0,    0,    0,    0,    0,    0,    0,    0,    0],
[2024-08-13 14:47:52,628][flwr][INFO] - 	       [1009,    0,    0,    0,    0,    0,    0,    0,    0,    0]],
[2024-08-13 14:47:52,628][flwr][INFO] - 	      dtype=int64)),
[2024-08-13 14:47:52,628][flwr][INFO] - 	                      (1,
[2024-08-13 14:47:52,628][flwr][INFO] - 	                       array([[969,   0,   2,   2,   0,   0,   2,   0,   1,   4],
[2024-08-13 14:47:52,628][flwr][INFO] - 	       [  0, 875, 201,   7,   0,   0,   3,   0,   1,  48],
[2024-08-13 14:47:52,629][flwr][INFO] - 	       [131,   3, 678, 132,   1,   0,  14,  16,  21,  36],
[2024-08-13 14:47:52,629][flwr][INFO] - 	       [ 45,   1,  12, 857,   0,   0,   4,   6,   4,  81],
[2024-08-13 14:47:52,629][flwr][INFO] - 	       [ 96,   4,   5,   0, 120,   0,  10,   5,   4, 738],
[2024-08-13 14:47:52,629][flwr][INFO] - 	       [381,  38,  33, 217,   0,   0,  11,   8,  38, 166],
[2024-08-13 14:47:52,629][flwr][INFO] - 	       [233,   7,  43,  11,   4,   0, 642,   4,   3,  11],
[2024-08-13 14:47:52,629][flwr][INFO] - 	       [ 61,  17,  37,   3,   1,   0,   0, 640,  25, 244],
[2024-08-13 14:47:52,629][flwr][INFO] - 	       [119,   4,  20, 216,   0,   0,   7,   3, 323, 282],
[2024-08-13 14:47:52,629][flwr][INFO] - 	       [ 89,   3,   1,  10,   9,   0,   0,   6,   1, 890]], dtype=int64)),
[2024-08-13 14:47:52,629][flwr][INFO] - 	                      (2,
[2024-08-13 14:47:52,629][flwr][INFO] - 	                       array([[592,   2,   5,   5,  18,  19, 300,   7,  32,   0],
[2024-08-13 14:47:52,629][flwr][INFO] - 	       [  0, 969, 119,   1,   3,   0,   8,   1,  34,   0],
[2024-08-13 14:47:52,629][flwr][INFO] - 	       [  1,  14, 781,  25,  62,   0,  57,  26,  66,   0],
[2024-08-13 14:47:52,629][flwr][INFO] - 	       [  0,  12,  26, 655,  98,  15,  38,  12, 154,   0],
[2024-08-13 14:47:52,629][flwr][INFO] - 	       [  0,   4,   1,   0, 893,   0,  37,   9,  38,   0],
[2024-08-13 14:47:52,629][flwr][INFO] - 	       [  0,  65,  11,  69,  77, 362, 118,  19, 171,   0],
[2024-08-13 14:47:52,629][flwr][INFO] - 	       [  1,  12,  19,   0,  34,   4, 880,   6,   2,   0],
[2024-08-13 14:47:52,629][flwr][INFO] - 	       [  1,  25,  27,   0,  40,   0,   1, 815, 119,   0],
[2024-08-13 14:47:52,630][flwr][INFO] - 	       [  0,  16,  15,  21,  90,   8,  47,   5, 772,   0],
[2024-08-13 14:47:52,630][flwr][INFO] - 	       [  2,   5,   1,   1, 645,   2,   9, 109, 235,   0]], dtype=int64)),
[2024-08-13 14:47:52,630][flwr][INFO] - 	                      (3,
[2024-08-13 14:47:52,630][flwr][INFO] - 	                       array([[ 926,    2,    2,    9,    0,   18,   10,    5,    0,    8],
[2024-08-13 14:47:52,630][flwr][INFO] - 	       [   0, 1016,   93,    7,    0,    6,    2,    1,    0,   10],
[2024-08-13 14:47:52,630][flwr][INFO] - 	       [  17,   25,  782,  114,    4,    3,   19,   34,    9,   25],
[2024-08-13 14:47:52,630][flwr][INFO] - 	       [   1,    6,   15,  863,    0,   31,    4,   15,    0,   75],
[2024-08-13 14:47:52,630][flwr][INFO] - 	       [  13,    7,    6,    1,  274,   20,   13,   36,    1,  611],
[2024-08-13 14:47:52,630][flwr][INFO] - 	       [  19,   76,   16,  160,    0,  524,   15,   22,    0,   60],
[2024-08-13 14:47:52,630][flwr][INFO] - 	       [  34,   24,   54,    6,    4,   15,  780,   38,    0,    3],
[2024-08-13 14:47:52,630][flwr][INFO] - 	       [  14,   34,   40,    2,    2,    2,    0,  825,    3,  106],
[2024-08-13 14:47:52,630][flwr][INFO] - 	       [  15,   72,   26,  223,    2,   41,   11,    6,   37,  541],
[2024-08-13 14:47:52,630][flwr][INFO] - 	       [  28,    8,    2,   11,    7,   12,    0,   30,    0,  911]],
[2024-08-13 14:47:52,630][flwr][INFO] - 	      dtype=int64)),
[2024-08-13 14:47:52,630][flwr][INFO] - 	                      (4,
[2024-08-13 14:47:52,630][flwr][INFO] - 	                       array([[873,   7,   0,   3,   5,   4,  58,   2,  28,   0],
[2024-08-13 14:47:52,631][flwr][INFO] - 	       [  0, 953, 121,   2,   2,   0,   6,   1,  50,   0],
[2024-08-13 14:47:52,631][flwr][INFO] - 	       [ 14,  19, 780,  45,  42,   0,  26,  17,  89,   0],
[2024-08-13 14:47:52,631][flwr][INFO] - 	       [  0,  16,  17, 732,  34,  19,  24,   9, 159,   0],
[2024-08-13 14:47:52,631][flwr][INFO] - 	       [  6,   4,   1,   0, 879,   1,  29,   7,  55,   0],
[2024-08-13 14:47:52,631][flwr][INFO] - 	       [ 18,  69,   9,  72,  46, 411,  78,  13, 176,   0],
[2024-08-13 14:47:52,631][flwr][INFO] - 	       [ 13,  13,  24,   0,  25,   3, 866,  12,   2,   0],
[2024-08-13 14:47:52,631][flwr][INFO] - 	       [ 15,  24,  26,   0,  36,   0,   0, 736, 191,   0],
[2024-08-13 14:47:52,631][flwr][INFO] - 	       [  8,  12,  14,  25,  35,   8,  25,   2, 845,   0],
[2024-08-13 14:47:52,631][flwr][INFO] - 	       [ 35,   4,   2,   2, 505,  13,   2,  69, 340,  37]], dtype=int64)),
[2024-08-13 14:47:52,631][flwr][INFO] - 	                      (5,
[2024-08-13 14:47:52,631][flwr][INFO] - 	                       array([[914,  12,   2,   8,   0,  14,  14,   7,   0,   9],
[2024-08-13 14:47:52,631][flwr][INFO] - 	       [  0, 972, 128,   9,   0,   4,   5,   2,   0,  15],
[2024-08-13 14:47:52,631][flwr][INFO] - 	       [ 12,  19, 802,  93,   7,   3,  18,  33,   6,  39],
[2024-08-13 14:47:52,631][flwr][INFO] - 	       [  2,  11,  11, 840,   2,  34,   6,  17,   0,  87],
[2024-08-13 14:47:52,631][flwr][INFO] - 	       [  7,   6,   4,   1, 372,  11,  14,  35,   0, 532],
[2024-08-13 14:47:52,631][flwr][INFO] - 	       [ 13,  69,  16, 114,   2, 556,  25,  26,   0,  71],
[2024-08-13 14:47:52,632][flwr][INFO] - 	       [ 18,  18,  41,   3,   5,  18, 801,  49,   0,   5],
[2024-08-13 14:47:52,632][flwr][INFO] - 	       [ 12,  24,  39,   4,   7,   1,   0, 799,   1, 141],
[2024-08-13 14:47:52,632][flwr][INFO] - 	       [ 11,  63,  30, 171,   3,  40,  20,   6,  21, 609],
[2024-08-13 14:47:52,632][flwr][INFO] - 	       [ 27,   3,   3,   7,  11,  11,   0,  24,   0, 923]], dtype=int64)),
[2024-08-13 14:47:52,632][flwr][INFO] - 	                      (6,
[2024-08-13 14:47:52,632][flwr][INFO] - 	                       array([[ 872,   26,    0,    2,    4,    7,   43,    3,   23,    0],
[2024-08-13 14:47:52,632][flwr][INFO] - 	       [   0, 1000,   72,    2,    2,    1,    6,    1,   51,    0],
[2024-08-13 14:47:52,632][flwr][INFO] - 	       [  10,   24,  776,   42,   46,    0,   21,   23,   90,    0],
[2024-08-13 14:47:52,632][flwr][INFO] - 	       [   0,   25,   15,  724,   52,   27,   19,   13,  135,    0],
[2024-08-13 14:47:52,632][flwr][INFO] - 	       [   5,    4,    1,    0,  895,    1,   20,   13,   43,    0],
[2024-08-13 14:47:52,632][flwr][INFO] - 	       [  15,   70,    5,   51,   50,  474,   65,   18,  144,    0],
[2024-08-13 14:47:52,632][flwr][INFO] - 	       [  10,   16,   20,    0,   25,    4,  860,   21,    2,    0],
[2024-08-13 14:47:52,632][flwr][INFO] - 	       [  12,   25,   25,    0,   35,    0,    0,  784,  147,    0],
[2024-08-13 14:47:52,632][flwr][INFO] - 	       [   6,   20,    9,   15,   48,   11,   22,    2,  841,    0],
[2024-08-13 14:47:52,632][flwr][INFO] - 	       [  40,    5,    2,    2,  472,   20,    2,   87,  258,  121]],
[2024-08-13 14:47:52,632][flwr][INFO] - 	      dtype=int64)),
[2024-08-13 14:47:52,632][flwr][INFO] - 	                      (7,
[2024-08-13 14:47:52,633][flwr][INFO] - 	                       array([[899,  21,   2,  13,   0,  15,  16,   6,   0,   8],
[2024-08-13 14:47:52,633][flwr][INFO] - 	       [  0, 945, 148,  15,   1,   3,   7,   1,   0,  15],
[2024-08-13 14:47:52,633][flwr][INFO] - 	       [ 12,  14, 752, 146,   7,   2,  21,  29,   6,  43],
[2024-08-13 14:47:52,633][flwr][INFO] - 	       [  2,   6,   6, 870,   1,  25,   7,  15,   0,  78],
[2024-08-13 14:47:52,633][flwr][INFO] - 	       [  5,   6,   2,   2, 353,  22,  15,  29,   0, 548],
[2024-08-13 14:47:52,633][flwr][INFO] - 	       [ 17,  50,  13, 125,   2, 559,  30,  20,   1,  75],
[2024-08-13 14:47:52,633][flwr][INFO] - 	       [ 16,  11,  30,   3,   5,  12, 833,  44,   0,   4],
[2024-08-13 14:47:52,633][flwr][INFO] - 	       [ 14,  20,  36,   6,   5,   2,   0, 762,   3, 180],
[2024-08-13 14:47:52,633][flwr][INFO] - 	       [ 12,  41,  22, 190,   3,  35,  23,   7,  29, 612],
[2024-08-13 14:47:52,633][flwr][INFO] - 	       [ 26,   3,   3,  10,   7,   8,   1,  15,   0, 936]], dtype=int64)),
[2024-08-13 14:47:52,633][flwr][INFO] - 	                      (8,
[2024-08-13 14:47:52,633][flwr][INFO] - 	                       array([[ 853,   51,    0,    1,    4,   11,   31,   10,   19,    0],
[2024-08-13 14:47:52,633][flwr][INFO] - 	       [   0, 1024,   46,    2,    3,    2,    6,    1,   51,    0],
[2024-08-13 14:47:52,633][flwr][INFO] - 	       [   9,   26,  776,   38,   45,    0,   18,   37,   83,    0],
[2024-08-13 14:47:52,633][flwr][INFO] - 	       [   2,   29,   13,  692,   81,   34,   16,   15,  127,    1],
[2024-08-13 14:47:52,633][flwr][INFO] - 	       [   4,    5,    1,    0,  892,    7,   17,   22,   33,    1],
[2024-08-13 14:47:52,633][flwr][INFO] - 	       [  12,   64,    5,   37,   33,  542,   57,   22,  118,    2],
[2024-08-13 14:47:52,634][flwr][INFO] - 	       [  11,   18,   15,    0,   21,    7,  831,   53,    2,    0],
[2024-08-13 14:47:52,634][flwr][INFO] - 	       [  11,   27,   24,    1,   30,    0,    0,  822,  113,    0],
[2024-08-13 14:47:52,634][flwr][INFO] - 	       [  10,   21,    8,   10,   46,   16,   22,    5,  836,    0],
[2024-08-13 14:47:52,634][flwr][INFO] - 	       [  54,    5,    3,    1,  364,   30,    1,  132,  224,  195]],
[2024-08-13 14:47:52,634][flwr][INFO] - 	      dtype=int64)),
[2024-08-13 14:47:52,634][flwr][INFO] - 	                      (9,
[2024-08-13 14:47:52,634][flwr][INFO] - 	                       array([[876,  37,   2,  11,   0,   7,  31,  10,   0,   6],
[2024-08-13 14:47:52,634][flwr][INFO] - 	       [  0, 883, 211,  16,   1,   3,  10,   1,   1,   9],
[2024-08-13 14:47:52,634][flwr][INFO] - 	       [ 10,   9, 776, 131,   7,   0,  23,  33,  11,  32],
[2024-08-13 14:47:52,634][flwr][INFO] - 	       [  2,   4,   9, 879,   2,  17,  10,  16,   2,  69],
[2024-08-13 14:47:52,634][flwr][INFO] - 	       [  5,   5,   3,   1, 462,  15,  21,  32,   2, 436],
[2024-08-13 14:47:52,634][flwr][INFO] - 	       [ 19,  48,  14, 139,   5, 492,  62,  24,   3,  86],
[2024-08-13 14:47:52,634][flwr][INFO] - 	       [ 11,   8,  26,   3,   5,   5, 852,  46,   0,   2],
[2024-08-13 14:47:52,634][flwr][INFO] - 	       [ 12,  16,  48,   7,   7,   0,   1, 804,   5, 128],
[2024-08-13 14:47:52,634][flwr][INFO] - 	       [ 16,  30,  33, 178,   6,  19,  32,  11, 145, 504],
[2024-08-13 14:47:52,634][flwr][INFO] - 	       [ 25,   3,   3,  12,   8,   6,   1,  21,   0, 930]], dtype=int64)),
[2024-08-13 14:47:52,634][flwr][INFO] - 	                      (10,
[2024-08-13 14:47:52,635][flwr][INFO] - 	                       array([[ 838,   78,    0,    0,    5,   10,   19,   16,   14,    0],
[2024-08-13 14:47:52,635][flwr][INFO] - 	       [   0, 1037,   25,    3,    2,    4,    5,    1,   58,    0],
[2024-08-13 14:47:52,635][flwr][INFO] - 	       [   8,   28,  774,   38,   48,    0,   16,   37,   83,    0],
[2024-08-13 14:47:52,635][flwr][INFO] - 	       [   2,   29,   12,  702,   79,   39,   11,   20,  115,    1],
[2024-08-13 14:47:52,635][flwr][INFO] - 	       [   3,    4,    1,    0,  900,   12,   13,   21,   27,    1],
[2024-08-13 14:47:52,635][flwr][INFO] - 	       [  11,   60,    4,   34,   25,  590,   40,   24,  103,    1],
[2024-08-13 14:47:52,635][flwr][INFO] - 	       [  13,   20,   13,    0,   25,    8,  793,   83,    3,    0],
[2024-08-13 14:47:52,635][flwr][INFO] - 	       [  13,   28,   25,    1,   31,    0,    0,  829,  101,    0],
[2024-08-13 14:47:52,635][flwr][INFO] - 	       [  11,   21,    9,   12,   51,   19,   16,    5,  830,    0],
[2024-08-13 14:47:52,635][flwr][INFO] - 	       [  65,    6,    3,    1,  354,   43,    1,  135,  181,  220]],
[2024-08-13 14:47:52,635][flwr][INFO] - 	      dtype=int64))],
[2024-08-13 14:47:52,635][flwr][INFO] - 	 'f1': [(0, 0.017493624772313296),
[2024-08-13 14:47:52,635][flwr][INFO] - 	        (1, 0.5629603176438905),
[2024-08-13 14:47:52,635][flwr][INFO] - 	        (2, 0.6422435639905104),
[2024-08-13 14:47:52,635][flwr][INFO] - 	        (3, 0.6644353637556479),
[2024-08-13 14:47:52,635][flwr][INFO] - 	        (4, 0.6852747877114264),
[2024-08-13 14:47:52,635][flwr][INFO] - 	        (5, 0.6748958529565331),
[2024-08-13 14:47:52,636][flwr][INFO] - 	        (6, 0.7161107155024864),
[2024-08-13 14:47:52,636][flwr][INFO] - 	        (7, 0.6706112326244732),
[2024-08-13 14:47:52,636][flwr][INFO] - 	        (8, 0.7324258229191045),
[2024-08-13 14:47:52,636][flwr][INFO] - 	        (9, 0.6961650932166998),
[2024-08-13 14:47:52,636][flwr][INFO] - 	        (10, 0.7390426984290294)],
[2024-08-13 14:47:52,636][flwr][INFO] - 	 'precision': [(0, 0.009604000000000001),
[2024-08-13 14:47:52,636][flwr][INFO] - 	               (1, 0.6586325348981428),
[2024-08-13 14:47:52,636][flwr][INFO] - 	               (2, 0.6696203503140741),
[2024-08-13 14:47:52,636][flwr][INFO] - 	               (3, 0.7600662923044252),
[2024-08-13 14:47:52,636][flwr][INFO] - 	               (4, 0.787104870681222),
[2024-08-13 14:47:52,636][flwr][INFO] - 	               (5, 0.764745189350458),
[2024-08-13 14:47:52,636][flwr][INFO] - 	               (6, 0.7964127230938242),
[2024-08-13 14:47:52,636][flwr][INFO] - 	               (7, 0.7657140630379724),
[2024-08-13 14:47:52,636][flwr][INFO] - 	               (8, 0.7942448017970485),
[2024-08-13 14:47:52,636][flwr][INFO] - 	               (9, 0.7749698186409233),
[2024-08-13 14:47:52,636][flwr][INFO] - 	               (10, 0.7963743528646301)],
[2024-08-13 14:47:52,637][flwr][INFO] - 	 'recall': [(0, 0.098),
[2024-08-13 14:47:52,637][flwr][INFO] - 	            (1, 0.5994),
[2024-08-13 14:47:52,637][flwr][INFO] - 	            (2, 0.6719),
[2024-08-13 14:47:52,637][flwr][INFO] - 	            (3, 0.6938),
[2024-08-13 14:47:52,637][flwr][INFO] - 	            (4, 0.7112),
[2024-08-13 14:47:52,637][flwr][INFO] - 	            (5, 0.7),
[2024-08-13 14:47:52,637][flwr][INFO] - 	            (6, 0.7347),
[2024-08-13 14:47:52,637][flwr][INFO] - 	            (7, 0.6938),
[2024-08-13 14:47:52,637][flwr][INFO] - 	            (8, 0.7463),
[2024-08-13 14:47:52,637][flwr][INFO] - 	            (9, 0.7099),
[2024-08-13 14:47:52,637][flwr][INFO] - 	            (10, 0.7513)]}
[2024-08-13 14:47:52,637][flwr][INFO] - 
