[2024-08-13 11:42:07,779][flwr][INFO] - Starting Flower simulation, config: num_rounds=10, no round_timeout
[2024-08-13 11:42:11,835][flwr][INFO] - Flower VCE: Ray initialized with resources: {'memory': 5055882855.0, 'node:127.0.0.1': 1.0, 'object_store_memory': 2527941427.0, 'node:__internal_head__': 1.0, 'accelerator_type:G': 1.0, 'CPU': 16.0, 'GPU': 1.0}
[2024-08-13 11:42:11,835][flwr][INFO] - Optimize your simulation with Flower VCE: https://flower.ai/docs/framework/how-to-run-simulations.html
[2024-08-13 11:42:11,835][flwr][INFO] - Flower VCE: Resources for each Virtual Client: {'num_cpus': 2, 'num_gpus': 0.5}
[2024-08-13 11:42:11,847][flwr][INFO] - Flower VCE: Creating VirtualClientEngineActorPool with 2 actors
[2024-08-13 11:42:11,847][flwr][INFO] - [INIT]
[2024-08-13 11:42:11,847][flwr][INFO] - Requesting initial parameters from one random client
[2024-08-13 11:42:19,343][flwr][INFO] - Received initial parameters from one random client
[2024-08-13 11:42:19,343][flwr][INFO] - Evaluating initial global parameters
[2024-08-13 11:42:21,593][flwr][INFO] - initial parameters (loss, other metrics): 2.3025850929940455, {'accuracy': 0.098, 'precision': 0.009604000000000001, 'recall': 0.098, 'f1': 0.017493624772313296, 'confusion_matrix': array([[ 980,    0,    0,    0,    0,    0,    0,    0,    0,    0],
       [1135,    0,    0,    0,    0,    0,    0,    0,    0,    0],
       [1032,    0,    0,    0,    0,    0,    0,    0,    0,    0],
       [1010,    0,    0,    0,    0,    0,    0,    0,    0,    0],
       [ 982,    0,    0,    0,    0,    0,    0,    0,    0,    0],
       [ 892,    0,    0,    0,    0,    0,    0,    0,    0,    0],
       [ 958,    0,    0,    0,    0,    0,    0,    0,    0,    0],
       [1028,    0,    0,    0,    0,    0,    0,    0,    0,    0],
       [ 974,    0,    0,    0,    0,    0,    0,    0,    0,    0],
       [1009,    0,    0,    0,    0,    0,    0,    0,    0,    0]],
      dtype=int64)}
[2024-08-13 11:42:21,594][flwr][INFO] - 
[2024-08-13 11:42:21,594][flwr][INFO] - [ROUND 1]
[2024-08-13 11:42:21,594][flwr][INFO] - configure_fit: strategy sampled 10 clients (out of 10)
[2024-08-13 11:42:30,033][flwr][INFO] - aggregate_fit: received 10 results and 0 failures
[2024-08-13 11:42:30,036][flwr][WARNING] - No fit_metrics_aggregation_fn provided
[2024-08-13 11:42:32,152][flwr][INFO] - fit progress: (1, 1.3883009874715107, {'accuracy': 0.4986, 'precision': 0.644865887642061, 'recall': 0.4986, 'f1': 0.4570104953584916, 'confusion_matrix': array([[958,   0,   2,   7,   0,   0,   4,   1,   4,   4],
       [  0, 333, 747,   9,   0,   0,   2,   0,  10,  34],
       [ 77,   1, 409, 427,   1,   0,  14,  19,  41,  43],
       [ 19,   0,   7, 875,   2,   0,   3,   8,  29,  67],
       [ 82,   0,   8,   1, 158,   0,  10,  22,  10, 691],
       [251,  41,  44, 250,   3,   1,  17,  14, 108, 163],
       [150,   3,  46,  14,   2,   0, 680,  51,   3,   9],
       [ 61,   2,  42,   4,   2,   0,   0, 385, 416, 116],
       [ 56,   0,  30, 240,   2,   0,   3,   2, 325, 316],
       [ 84,   1,   2,   9,  10,   0,   0,   8,  33, 862]], dtype=int64)}, 10.558237599994754)
[2024-08-13 11:42:32,153][flwr][INFO] - configure_evaluate: no clients selected, skipping evaluation
[2024-08-13 11:42:32,153][flwr][INFO] - 
[2024-08-13 11:42:32,153][flwr][INFO] - [ROUND 2]
[2024-08-13 11:42:32,153][flwr][INFO] - configure_fit: strategy sampled 10 clients (out of 10)
[2024-08-13 11:42:38,777][flwr][INFO] - aggregate_fit: received 10 results and 0 failures
[2024-08-13 11:42:40,899][flwr][INFO] - fit progress: (2, 2.3363742950148176, {'accuracy': 0.2216, 'precision': 0.19426672786869725, 'recall': 0.2216, 'f1': 0.17703572814844973, 'confusion_matrix': array([[  0, 898,   0,   0,  20,  23,   4,  35,   0,   0],
       [  0, 212, 890,   0,  17,  10,   0,   6,   0,   0],
       [  0, 235, 431,  10, 168,  37,   8, 139,   4,   0],
       [  0, 163,   7,   0, 792,  14,   7,  22,   5,   0],
       [  0,   4,   1,   0, 163, 770,   2,  42,   0,   0],
       [  0, 240,  14,   0, 183, 411,  20,  24,   0,   0],
       [  0,  91,   8,   0,  11,  16, 229, 603,   0,   0],
       [  0,  35,  43,   0,  61,  92,   0, 768,  29,   0],
       [  0, 215,   7,   0, 432, 285,  11,  22,   2,   0],
       [  0,  25,   2,   0, 143, 753,   0,  84,   2,   0]], dtype=int64)}, 19.30501589999767)
[2024-08-13 11:42:40,900][flwr][INFO] - configure_evaluate: no clients selected, skipping evaluation
[2024-08-13 11:42:40,900][flwr][INFO] - 
[2024-08-13 11:42:40,900][flwr][INFO] - [ROUND 3]
[2024-08-13 11:42:40,901][flwr][INFO] - configure_fit: strategy sampled 10 clients (out of 10)
[2024-08-13 11:42:47,378][flwr][INFO] - aggregate_fit: received 10 results and 0 failures
[2024-08-13 11:42:49,476][flwr][INFO] - fit progress: (3, 1.8953494945748186, {'accuracy': 0.4269, 'precision': 0.43793985918564265, 'recall': 0.4269, 'f1': 0.3339726500607965, 'confusion_matrix': array([[915,   0,   0,  22,   0,   0,  32,   0,  11,   0],
       [  0, 141, 797,  40,   0,   0,   7,   0,  92,  58],
       [ 34,   0, 162, 686,   0,   0,  34,   2,  63,  51],
       [  5,   0,   1, 880,   0,   0,  16,   0,  49,  59],
       [115,   0,   0,  10,   0,   0,  34,   0,  13, 810],
       [159,   0,  18, 242,   0,   0, 136,   0, 171, 166],
       [ 43,   0,  11,  12,   0,   0, 886,   1,   2,   3],
       [ 88,   0,  10,  24,   0,   0,   4,   7, 792, 103],
       [ 19,   0,   6, 195,   0,   0,  17,   0, 405, 332],
       [ 86,   0,   0,  14,   0,   0,   1,   0,  35, 873]], dtype=int64)}, 27.88157320000755)
[2024-08-13 11:42:49,477][flwr][INFO] - configure_evaluate: no clients selected, skipping evaluation
[2024-08-13 11:42:49,477][flwr][INFO] - 
[2024-08-13 11:42:49,477][flwr][INFO] - [ROUND 4]
[2024-08-13 11:42:49,477][flwr][INFO] - configure_fit: strategy sampled 10 clients (out of 10)
[2024-08-13 11:42:56,073][flwr][INFO] - aggregate_fit: received 10 results and 0 failures
[2024-08-13 11:42:58,168][flwr][INFO] - fit progress: (4, 1.7387867462399171, {'accuracy': 0.36, 'precision': 0.5108428904754397, 'recall': 0.36, 'f1': 0.30100214717289975, 'confusion_matrix': array([[179, 189,  18,   1,  10,  43, 163, 375,   2,   0],
       [  0, 359, 761,   0,   0,   0,   0,  15,   0,   0],
       [  0,   2, 897,   0,  23,   1,   6, 100,   3,   0],
       [  0,  14, 303,   4, 469,  14,  35, 157,  14,   0],
       [  0,   2,  13,   0, 604,   7,   2, 354,   0,   0],
       [  3,  42,  74,   0,  50, 397, 119, 199,   8,   0],
       [  0,   3,  60,   0,   2,   3,  95, 795,   0,   0],
       [  0,   3,  79,   0,   7,   0,   0, 938,   1,   0],
       [  0,   5, 367,   0, 118,  45,  19, 293, 127,   0],
       [  5,   3,   3,   0, 137,   4,   1, 856,   0,   0]], dtype=int64)}, 36.57396029999654)
[2024-08-13 11:42:58,169][flwr][INFO] - configure_evaluate: no clients selected, skipping evaluation
[2024-08-13 11:42:58,169][flwr][INFO] - 
[2024-08-13 11:42:58,169][flwr][INFO] - [ROUND 5]
[2024-08-13 11:42:58,169][flwr][INFO] - configure_fit: strategy sampled 10 clients (out of 10)
[2024-08-13 11:43:04,856][flwr][INFO] - aggregate_fit: received 10 results and 0 failures
[2024-08-13 11:43:06,949][flwr][INFO] - fit progress: (5, 1.9891223219821363, {'accuracy': 0.3766, 'precision': 0.42413297085288304, 'recall': 0.3766, 'f1': 0.317188035642326, 'confusion_matrix': array([[ 436,  456,    0,   20,    0,    7,   51,    0,    7,    3],
       [   0, 1028,    0,   39,    1,    2,   11,    0,   14,   40],
       [  19,   38,    4,  860,    4,    8,   17,    0,   54,   28],
       [   4,   29,    0,  730,   18,   12,   55,    0,   81,   81],
       [ 126,    5,    0,    8,  105,  600,   11,    0,   47,   80],
       [  83,  106,    0,   74,    7,  191,  198,    0,   91,  142],
       [  33,   34,    0,   39,    6,    4,  832,    0,    3,    7],
       [  97,   23,    0,   23,    3,    6,    0,    0,  856,   20],
       [   8,   31,    0,   92,    1,   12,   24,    0,  155,  651],
       [ 570,    4,    0,    9,   11,   24,    0,    0,  106,  285]],
      dtype=int64)}, 45.355805600003805)
[2024-08-13 11:43:06,950][flwr][INFO] - configure_evaluate: no clients selected, skipping evaluation
[2024-08-13 11:43:06,950][flwr][INFO] - 
[2024-08-13 11:43:06,950][flwr][INFO] - [ROUND 6]
[2024-08-13 11:43:06,951][flwr][INFO] - configure_fit: strategy sampled 10 clients (out of 10)
[2024-08-13 11:43:13,425][flwr][INFO] - aggregate_fit: received 10 results and 0 failures
[2024-08-13 11:43:15,527][flwr][INFO] - fit progress: (6, 1.4209085869516278, {'accuracy': 0.4582, 'precision': 0.5573871803725626, 'recall': 0.4582, 'f1': 0.3996025200020332, 'confusion_matrix': array([[ 738,   41,   12,    2,   79,   37,   60,   11,    0,    0],
       [   0,   25, 1097,    0,    7,    3,    3,    0,    0,    0],
       [   4,    2,  915,    0,   77,    2,    7,   14,   11,    0],
       [   1,    9,  137,    5,  807,   16,   11,   13,    9,    2],
       [   2,    0,   10,    0,  949,    9,    4,    7,    0,    1],
       [  12,   26,   67,    0,  175,  533,   58,   15,    5,    1],
       [   7,    2,  118,    0,   95,   12,  577,  147,    0,    0],
       [  12,    0,  133,    0,  164,    4,    0,  694,   20,    1],
       [   2,    2,  209,    0,  459,   72,   17,    6,  130,   77],
       [  18,    0,   20,    0,  917,   18,    0,   20,    0,   16]],
      dtype=int64)}, 53.93350119999377)
[2024-08-13 11:43:15,528][flwr][INFO] - configure_evaluate: no clients selected, skipping evaluation
[2024-08-13 11:43:15,528][flwr][INFO] - 
[2024-08-13 11:43:15,528][flwr][INFO] - [ROUND 7]
[2024-08-13 11:43:15,529][flwr][INFO] - configure_fit: strategy sampled 10 clients (out of 10)
[2024-08-13 11:43:22,215][flwr][INFO] - aggregate_fit: received 10 results and 0 failures
[2024-08-13 11:43:24,300][flwr][INFO] - fit progress: (7, 1.8789331656337258, {'accuracy': 0.3758, 'precision': 0.40668603256574043, 'recall': 0.3758, 'f1': 0.2971472798580452, 'confusion_matrix': array([[ 110,  773,    0,   27,    0,    2,   17,   22,   13,   16],
       [   0, 1040,    0,   40,    0,    0,    6,    4,   19,   26],
       [   0,   53,    3,  845,    0,    2,    9,   42,   40,   38],
       [   0,   26,    0,  841,    0,    7,   12,   17,   39,   68],
       [  10,    8,    0,   13,    0,  502,    8,   58,   11,  372],
       [   5,  145,    0,  135,    0,  134,  167,   21,   88,  197],
       [   3,   59,    0,   11,    0,    0,  322,  557,    0,    6],
       [  39,   28,    0,   31,    0,    6,    0,  201,  669,   54],
       [   0,   40,    0,  121,    0,    8,   12,    6,  208,  579],
       [  30,    9,    0,   14,    0,   13,    0,   21,   23,  899]],
      dtype=int64)}, 62.705777499999385)
[2024-08-13 11:43:24,301][flwr][INFO] - configure_evaluate: no clients selected, skipping evaluation
[2024-08-13 11:43:24,301][flwr][INFO] - 
[2024-08-13 11:43:24,301][flwr][INFO] - [ROUND 8]
[2024-08-13 11:43:24,301][flwr][INFO] - configure_fit: strategy sampled 10 clients (out of 10)
[2024-08-13 11:43:31,037][flwr][INFO] - aggregate_fit: received 10 results and 0 failures
[2024-08-13 11:43:33,124][flwr][INFO] - fit progress: (8, 1.4635125334393422, {'accuracy': 0.4327, 'precision': 0.3879769665371446, 'recall': 0.4327, 'f1': 0.36351942909942, 'confusion_matrix': array([[ 909,   20,    2,    0,    0,    5,   33,    9,    2,    0],
       [   1,    2, 1105,    1,    0,    3,   21,    1,    1,    0],
       [  71,    2,  804,   17,   11,   11,   28,   44,   44,    0],
       [ 136,    9,   71,  265,  195,   50,  160,   28,   96,    0],
       [  78,    0,    9,    0,   58,  768,   17,   46,    5,    1],
       [ 149,   19,   26,    4,    0,  378,  271,   21,   24,    0],
       [  34,    1,   18,    0,    0,    1,  635,  269,    0,    0],
       [ 147,    0,   71,    0,    3,   13,    1,  692,  101,    0],
       [ 156,    3,   53,    0,    5,   54,  105,   14,  584,    0],
       [ 780,    0,    8,    0,    4,  117,    6,   55,   39,    0]],
      dtype=int64)}, 71.53029730000708)
[2024-08-13 11:43:33,125][flwr][INFO] - configure_evaluate: no clients selected, skipping evaluation
[2024-08-13 11:43:33,125][flwr][INFO] - 
[2024-08-13 11:43:33,125][flwr][INFO] - [ROUND 9]
[2024-08-13 11:43:33,125][flwr][INFO] - configure_fit: strategy sampled 10 clients (out of 10)
[2024-08-13 11:43:39,818][flwr][INFO] - aggregate_fit: received 10 results and 0 failures
[2024-08-13 11:43:42,063][flwr][INFO] - fit progress: (9, 1.3425368021484936, {'accuracy': 0.5112, 'precision': 0.5600873914280974, 'recall': 0.5112, 'f1': 0.4596557335524325, 'confusion_matrix': array([[   8,  808,    0,   13,   12,    8,   37,   43,    6,   45],
       [   0, 1025,   52,   14,    4,    2,    2,    7,    6,   23],
       [   0,   53,  250,  551,   35,    2,   15,   46,   33,   47],
       [   0,   32,    0,  697,  136,    3,    9,   18,   19,   96],
       [   0,    6,    0,    2,  723,   55,    8,   41,    3,  144],
       [   0,  114,    2,   71,   71,  309,   99,   30,   41,  155],
       [   0,   43,    6,    1,   16,    1,  439,  445,    0,    7],
       [   3,   30,   14,   14,   26,    2,    0,  669,  166,  104],
       [   0,   51,    3,   58,   47,    5,   17,    7,  100,  686],
       [   2,   12,    1,    5,   53,    8,    1,   32,    3,  892]],
      dtype=int64)}, 80.46899249999842)
[2024-08-13 11:43:42,064][flwr][INFO] - configure_evaluate: no clients selected, skipping evaluation
[2024-08-13 11:43:42,064][flwr][INFO] - 
[2024-08-13 11:43:42,064][flwr][INFO] - [ROUND 10]
[2024-08-13 11:43:42,064][flwr][INFO] - configure_fit: strategy sampled 10 clients (out of 10)
[2024-08-13 11:43:48,537][flwr][INFO] - aggregate_fit: received 10 results and 0 failures
[2024-08-13 11:43:50,635][flwr][INFO] - fit progress: (10, 1.3253672870613822, {'accuracy': 0.4804, 'precision': 0.44188013359308126, 'recall': 0.4804, 'f1': 0.4194381947217046, 'confusion_matrix': array([[ 924,    7,    2,    2,    1,    9,   20,    8,    7,    0],
       [   1,    9, 1106,    1,    1,    4,    8,    1,    4,    0],
       [  34,    2,  825,   51,   22,    8,   14,   19,   57,    0],
       [  28,    3,   43,  492,  241,   19,   46,   17,  121,    0],
       [  53,    0,    9,    0,  343,  521,   12,   21,   23,    0],
       [  86,   15,   33,   19,   16,  465,  169,   15,   74,    0],
       [  46,    1,   46,    0,    6,    4,  684,  170,    1,    0],
       [ 112,    0,   69,    1,   12,   11,    1,  325,  497,    0],
       [  68,    2,   47,    9,   22,   40,   47,    2,  737,    0],
       [ 627,    0,    8,    0,   58,  134,    1,   22,  159,    0]],
      dtype=int64)}, 89.0410225999949)
[2024-08-13 11:43:50,636][flwr][INFO] - configure_evaluate: no clients selected, skipping evaluation
[2024-08-13 11:43:50,636][flwr][INFO] - 
[2024-08-13 11:43:50,636][flwr][INFO] - [SUMMARY]
[2024-08-13 11:43:50,636][flwr][INFO] - Run finished 10 round(s) in 89.04s
[2024-08-13 11:43:50,644][flwr][INFO] - 	History (loss, centralized):
[2024-08-13 11:43:50,645][flwr][INFO] - 		round 0: 2.3025850929940455
[2024-08-13 11:43:50,645][flwr][INFO] - 		round 1: 1.3883009874715107
[2024-08-13 11:43:50,645][flwr][INFO] - 		round 2: 2.3363742950148176
[2024-08-13 11:43:50,645][flwr][INFO] - 		round 3: 1.8953494945748186
[2024-08-13 11:43:50,645][flwr][INFO] - 		round 4: 1.7387867462399171
[2024-08-13 11:43:50,645][flwr][INFO] - 		round 5: 1.9891223219821363
[2024-08-13 11:43:50,645][flwr][INFO] - 		round 6: 1.4209085869516278
[2024-08-13 11:43:50,645][flwr][INFO] - 		round 7: 1.8789331656337258
[2024-08-13 11:43:50,645][flwr][INFO] - 		round 8: 1.4635125334393422
[2024-08-13 11:43:50,645][flwr][INFO] - 		round 9: 1.3425368021484936
[2024-08-13 11:43:50,645][flwr][INFO] - 		round 10: 1.3253672870613822
[2024-08-13 11:43:50,645][flwr][INFO] - 	History (metrics, centralized):
[2024-08-13 11:43:50,645][flwr][INFO] - 	{'accuracy': [(0, 0.098),
[2024-08-13 11:43:50,645][flwr][INFO] - 	              (1, 0.4986),
[2024-08-13 11:43:50,645][flwr][INFO] - 	              (2, 0.2216),
[2024-08-13 11:43:50,645][flwr][INFO] - 	              (3, 0.4269),
[2024-08-13 11:43:50,645][flwr][INFO] - 	              (4, 0.36),
[2024-08-13 11:43:50,646][flwr][INFO] - 	              (5, 0.3766),
[2024-08-13 11:43:50,646][flwr][INFO] - 	              (6, 0.4582),
[2024-08-13 11:43:50,646][flwr][INFO] - 	              (7, 0.3758),
[2024-08-13 11:43:50,646][flwr][INFO] - 	              (8, 0.4327),
[2024-08-13 11:43:50,646][flwr][INFO] - 	              (9, 0.5112),
[2024-08-13 11:43:50,646][flwr][INFO] - 	              (10, 0.4804)],
[2024-08-13 11:43:50,646][flwr][INFO] - 	 'confusion_matrix': [(0,
[2024-08-13 11:43:50,646][flwr][INFO] - 	                       array([[ 980,    0,    0,    0,    0,    0,    0,    0,    0,    0],
[2024-08-13 11:43:50,646][flwr][INFO] - 	       [1135,    0,    0,    0,    0,    0,    0,    0,    0,    0],
[2024-08-13 11:43:50,646][flwr][INFO] - 	       [1032,    0,    0,    0,    0,    0,    0,    0,    0,    0],
[2024-08-13 11:43:50,646][flwr][INFO] - 	       [1010,    0,    0,    0,    0,    0,    0,    0,    0,    0],
[2024-08-13 11:43:50,646][flwr][INFO] - 	       [ 982,    0,    0,    0,    0,    0,    0,    0,    0,    0],
[2024-08-13 11:43:50,646][flwr][INFO] - 	       [ 892,    0,    0,    0,    0,    0,    0,    0,    0,    0],
[2024-08-13 11:43:50,646][flwr][INFO] - 	       [ 958,    0,    0,    0,    0,    0,    0,    0,    0,    0],
[2024-08-13 11:43:50,646][flwr][INFO] - 	       [1028,    0,    0,    0,    0,    0,    0,    0,    0,    0],
[2024-08-13 11:43:50,647][flwr][INFO] - 	       [ 974,    0,    0,    0,    0,    0,    0,    0,    0,    0],
[2024-08-13 11:43:50,647][flwr][INFO] - 	       [1009,    0,    0,    0,    0,    0,    0,    0,    0,    0]],
[2024-08-13 11:43:50,647][flwr][INFO] - 	      dtype=int64)),
[2024-08-13 11:43:50,647][flwr][INFO] - 	                      (1,
[2024-08-13 11:43:50,647][flwr][INFO] - 	                       array([[958,   0,   2,   7,   0,   0,   4,   1,   4,   4],
[2024-08-13 11:43:50,647][flwr][INFO] - 	       [  0, 333, 747,   9,   0,   0,   2,   0,  10,  34],
[2024-08-13 11:43:50,647][flwr][INFO] - 	       [ 77,   1, 409, 427,   1,   0,  14,  19,  41,  43],
[2024-08-13 11:43:50,647][flwr][INFO] - 	       [ 19,   0,   7, 875,   2,   0,   3,   8,  29,  67],
[2024-08-13 11:43:50,647][flwr][INFO] - 	       [ 82,   0,   8,   1, 158,   0,  10,  22,  10, 691],
[2024-08-13 11:43:50,647][flwr][INFO] - 	       [251,  41,  44, 250,   3,   1,  17,  14, 108, 163],
[2024-08-13 11:43:50,647][flwr][INFO] - 	       [150,   3,  46,  14,   2,   0, 680,  51,   3,   9],
[2024-08-13 11:43:50,647][flwr][INFO] - 	       [ 61,   2,  42,   4,   2,   0,   0, 385, 416, 116],
[2024-08-13 11:43:50,647][flwr][INFO] - 	       [ 56,   0,  30, 240,   2,   0,   3,   2, 325, 316],
[2024-08-13 11:43:50,647][flwr][INFO] - 	       [ 84,   1,   2,   9,  10,   0,   0,   8,  33, 862]], dtype=int64)),
[2024-08-13 11:43:50,647][flwr][INFO] - 	                      (2,
[2024-08-13 11:43:50,647][flwr][INFO] - 	                       array([[  0, 898,   0,   0,  20,  23,   4,  35,   0,   0],
[2024-08-13 11:43:50,647][flwr][INFO] - 	       [  0, 212, 890,   0,  17,  10,   0,   6,   0,   0],
[2024-08-13 11:43:50,648][flwr][INFO] - 	       [  0, 235, 431,  10, 168,  37,   8, 139,   4,   0],
[2024-08-13 11:43:50,648][flwr][INFO] - 	       [  0, 163,   7,   0, 792,  14,   7,  22,   5,   0],
[2024-08-13 11:43:50,648][flwr][INFO] - 	       [  0,   4,   1,   0, 163, 770,   2,  42,   0,   0],
[2024-08-13 11:43:50,648][flwr][INFO] - 	       [  0, 240,  14,   0, 183, 411,  20,  24,   0,   0],
[2024-08-13 11:43:50,648][flwr][INFO] - 	       [  0,  91,   8,   0,  11,  16, 229, 603,   0,   0],
[2024-08-13 11:43:50,648][flwr][INFO] - 	       [  0,  35,  43,   0,  61,  92,   0, 768,  29,   0],
[2024-08-13 11:43:50,648][flwr][INFO] - 	       [  0, 215,   7,   0, 432, 285,  11,  22,   2,   0],
[2024-08-13 11:43:50,648][flwr][INFO] - 	       [  0,  25,   2,   0, 143, 753,   0,  84,   2,   0]], dtype=int64)),
[2024-08-13 11:43:50,648][flwr][INFO] - 	                      (3,
[2024-08-13 11:43:50,648][flwr][INFO] - 	                       array([[915,   0,   0,  22,   0,   0,  32,   0,  11,   0],
[2024-08-13 11:43:50,648][flwr][INFO] - 	       [  0, 141, 797,  40,   0,   0,   7,   0,  92,  58],
[2024-08-13 11:43:50,648][flwr][INFO] - 	       [ 34,   0, 162, 686,   0,   0,  34,   2,  63,  51],
[2024-08-13 11:43:50,648][flwr][INFO] - 	       [  5,   0,   1, 880,   0,   0,  16,   0,  49,  59],
[2024-08-13 11:43:50,648][flwr][INFO] - 	       [115,   0,   0,  10,   0,   0,  34,   0,  13, 810],
[2024-08-13 11:43:50,648][flwr][INFO] - 	       [159,   0,  18, 242,   0,   0, 136,   0, 171, 166],
[2024-08-13 11:43:50,648][flwr][INFO] - 	       [ 43,   0,  11,  12,   0,   0, 886,   1,   2,   3],
[2024-08-13 11:43:50,648][flwr][INFO] - 	       [ 88,   0,  10,  24,   0,   0,   4,   7, 792, 103],
[2024-08-13 11:43:50,649][flwr][INFO] - 	       [ 19,   0,   6, 195,   0,   0,  17,   0, 405, 332],
[2024-08-13 11:43:50,649][flwr][INFO] - 	       [ 86,   0,   0,  14,   0,   0,   1,   0,  35, 873]], dtype=int64)),
[2024-08-13 11:43:50,649][flwr][INFO] - 	                      (4,
[2024-08-13 11:43:50,649][flwr][INFO] - 	                       array([[179, 189,  18,   1,  10,  43, 163, 375,   2,   0],
[2024-08-13 11:43:50,649][flwr][INFO] - 	       [  0, 359, 761,   0,   0,   0,   0,  15,   0,   0],
[2024-08-13 11:43:50,649][flwr][INFO] - 	       [  0,   2, 897,   0,  23,   1,   6, 100,   3,   0],
[2024-08-13 11:43:50,649][flwr][INFO] - 	       [  0,  14, 303,   4, 469,  14,  35, 157,  14,   0],
[2024-08-13 11:43:50,649][flwr][INFO] - 	       [  0,   2,  13,   0, 604,   7,   2, 354,   0,   0],
[2024-08-13 11:43:50,649][flwr][INFO] - 	       [  3,  42,  74,   0,  50, 397, 119, 199,   8,   0],
[2024-08-13 11:43:50,649][flwr][INFO] - 	       [  0,   3,  60,   0,   2,   3,  95, 795,   0,   0],
[2024-08-13 11:43:50,649][flwr][INFO] - 	       [  0,   3,  79,   0,   7,   0,   0, 938,   1,   0],
[2024-08-13 11:43:50,649][flwr][INFO] - 	       [  0,   5, 367,   0, 118,  45,  19, 293, 127,   0],
[2024-08-13 11:43:50,649][flwr][INFO] - 	       [  5,   3,   3,   0, 137,   4,   1, 856,   0,   0]], dtype=int64)),
[2024-08-13 11:43:50,649][flwr][INFO] - 	                      (5,
[2024-08-13 11:43:50,649][flwr][INFO] - 	                       array([[ 436,  456,    0,   20,    0,    7,   51,    0,    7,    3],
[2024-08-13 11:43:50,649][flwr][INFO] - 	       [   0, 1028,    0,   39,    1,    2,   11,    0,   14,   40],
[2024-08-13 11:43:50,649][flwr][INFO] - 	       [  19,   38,    4,  860,    4,    8,   17,    0,   54,   28],
[2024-08-13 11:43:50,650][flwr][INFO] - 	       [   4,   29,    0,  730,   18,   12,   55,    0,   81,   81],
[2024-08-13 11:43:50,650][flwr][INFO] - 	       [ 126,    5,    0,    8,  105,  600,   11,    0,   47,   80],
[2024-08-13 11:43:50,650][flwr][INFO] - 	       [  83,  106,    0,   74,    7,  191,  198,    0,   91,  142],
[2024-08-13 11:43:50,650][flwr][INFO] - 	       [  33,   34,    0,   39,    6,    4,  832,    0,    3,    7],
[2024-08-13 11:43:50,650][flwr][INFO] - 	       [  97,   23,    0,   23,    3,    6,    0,    0,  856,   20],
[2024-08-13 11:43:50,650][flwr][INFO] - 	       [   8,   31,    0,   92,    1,   12,   24,    0,  155,  651],
[2024-08-13 11:43:50,650][flwr][INFO] - 	       [ 570,    4,    0,    9,   11,   24,    0,    0,  106,  285]],
[2024-08-13 11:43:50,650][flwr][INFO] - 	      dtype=int64)),
[2024-08-13 11:43:50,650][flwr][INFO] - 	                      (6,
[2024-08-13 11:43:50,650][flwr][INFO] - 	                       array([[ 738,   41,   12,    2,   79,   37,   60,   11,    0,    0],
[2024-08-13 11:43:50,650][flwr][INFO] - 	       [   0,   25, 1097,    0,    7,    3,    3,    0,    0,    0],
[2024-08-13 11:43:50,650][flwr][INFO] - 	       [   4,    2,  915,    0,   77,    2,    7,   14,   11,    0],
[2024-08-13 11:43:50,650][flwr][INFO] - 	       [   1,    9,  137,    5,  807,   16,   11,   13,    9,    2],
[2024-08-13 11:43:50,650][flwr][INFO] - 	       [   2,    0,   10,    0,  949,    9,    4,    7,    0,    1],
[2024-08-13 11:43:50,650][flwr][INFO] - 	       [  12,   26,   67,    0,  175,  533,   58,   15,    5,    1],
[2024-08-13 11:43:50,650][flwr][INFO] - 	       [   7,    2,  118,    0,   95,   12,  577,  147,    0,    0],
[2024-08-13 11:43:50,650][flwr][INFO] - 	       [  12,    0,  133,    0,  164,    4,    0,  694,   20,    1],
[2024-08-13 11:43:50,651][flwr][INFO] - 	       [   2,    2,  209,    0,  459,   72,   17,    6,  130,   77],
[2024-08-13 11:43:50,651][flwr][INFO] - 	       [  18,    0,   20,    0,  917,   18,    0,   20,    0,   16]],
[2024-08-13 11:43:50,651][flwr][INFO] - 	      dtype=int64)),
[2024-08-13 11:43:50,651][flwr][INFO] - 	                      (7,
[2024-08-13 11:43:50,651][flwr][INFO] - 	                       array([[ 110,  773,    0,   27,    0,    2,   17,   22,   13,   16],
[2024-08-13 11:43:50,651][flwr][INFO] - 	       [   0, 1040,    0,   40,    0,    0,    6,    4,   19,   26],
[2024-08-13 11:43:50,651][flwr][INFO] - 	       [   0,   53,    3,  845,    0,    2,    9,   42,   40,   38],
[2024-08-13 11:43:50,651][flwr][INFO] - 	       [   0,   26,    0,  841,    0,    7,   12,   17,   39,   68],
[2024-08-13 11:43:50,651][flwr][INFO] - 	       [  10,    8,    0,   13,    0,  502,    8,   58,   11,  372],
[2024-08-13 11:43:50,651][flwr][INFO] - 	       [   5,  145,    0,  135,    0,  134,  167,   21,   88,  197],
[2024-08-13 11:43:50,651][flwr][INFO] - 	       [   3,   59,    0,   11,    0,    0,  322,  557,    0,    6],
[2024-08-13 11:43:50,651][flwr][INFO] - 	       [  39,   28,    0,   31,    0,    6,    0,  201,  669,   54],
[2024-08-13 11:43:50,651][flwr][INFO] - 	       [   0,   40,    0,  121,    0,    8,   12,    6,  208,  579],
[2024-08-13 11:43:50,651][flwr][INFO] - 	       [  30,    9,    0,   14,    0,   13,    0,   21,   23,  899]],
[2024-08-13 11:43:50,652][flwr][INFO] - 	      dtype=int64)),
[2024-08-13 11:43:50,652][flwr][INFO] - 	                      (8,
[2024-08-13 11:43:50,652][flwr][INFO] - 	                       array([[ 909,   20,    2,    0,    0,    5,   33,    9,    2,    0],
[2024-08-13 11:43:50,652][flwr][INFO] - 	       [   1,    2, 1105,    1,    0,    3,   21,    1,    1,    0],
[2024-08-13 11:43:50,652][flwr][INFO] - 	       [  71,    2,  804,   17,   11,   11,   28,   44,   44,    0],
[2024-08-13 11:43:50,652][flwr][INFO] - 	       [ 136,    9,   71,  265,  195,   50,  160,   28,   96,    0],
[2024-08-13 11:43:50,652][flwr][INFO] - 	       [  78,    0,    9,    0,   58,  768,   17,   46,    5,    1],
[2024-08-13 11:43:50,652][flwr][INFO] - 	       [ 149,   19,   26,    4,    0,  378,  271,   21,   24,    0],
[2024-08-13 11:43:50,652][flwr][INFO] - 	       [  34,    1,   18,    0,    0,    1,  635,  269,    0,    0],
[2024-08-13 11:43:50,652][flwr][INFO] - 	       [ 147,    0,   71,    0,    3,   13,    1,  692,  101,    0],
[2024-08-13 11:43:50,652][flwr][INFO] - 	       [ 156,    3,   53,    0,    5,   54,  105,   14,  584,    0],
[2024-08-13 11:43:50,652][flwr][INFO] - 	       [ 780,    0,    8,    0,    4,  117,    6,   55,   39,    0]],
[2024-08-13 11:43:50,652][flwr][INFO] - 	      dtype=int64)),
[2024-08-13 11:43:50,652][flwr][INFO] - 	                      (9,
[2024-08-13 11:43:50,652][flwr][INFO] - 	                       array([[   8,  808,    0,   13,   12,    8,   37,   43,    6,   45],
[2024-08-13 11:43:50,652][flwr][INFO] - 	       [   0, 1025,   52,   14,    4,    2,    2,    7,    6,   23],
[2024-08-13 11:43:50,652][flwr][INFO] - 	       [   0,   53,  250,  551,   35,    2,   15,   46,   33,   47],
[2024-08-13 11:43:50,653][flwr][INFO] - 	       [   0,   32,    0,  697,  136,    3,    9,   18,   19,   96],
[2024-08-13 11:43:50,653][flwr][INFO] - 	       [   0,    6,    0,    2,  723,   55,    8,   41,    3,  144],
[2024-08-13 11:43:50,653][flwr][INFO] - 	       [   0,  114,    2,   71,   71,  309,   99,   30,   41,  155],
[2024-08-13 11:43:50,653][flwr][INFO] - 	       [   0,   43,    6,    1,   16,    1,  439,  445,    0,    7],
[2024-08-13 11:43:50,653][flwr][INFO] - 	       [   3,   30,   14,   14,   26,    2,    0,  669,  166,  104],
[2024-08-13 11:43:50,653][flwr][INFO] - 	       [   0,   51,    3,   58,   47,    5,   17,    7,  100,  686],
[2024-08-13 11:43:50,653][flwr][INFO] - 	       [   2,   12,    1,    5,   53,    8,    1,   32,    3,  892]],
[2024-08-13 11:43:50,653][flwr][INFO] - 	      dtype=int64)),
[2024-08-13 11:43:50,653][flwr][INFO] - 	                      (10,
[2024-08-13 11:43:50,653][flwr][INFO] - 	                       array([[ 924,    7,    2,    2,    1,    9,   20,    8,    7,    0],
[2024-08-13 11:43:50,653][flwr][INFO] - 	       [   1,    9, 1106,    1,    1,    4,    8,    1,    4,    0],
[2024-08-13 11:43:50,653][flwr][INFO] - 	       [  34,    2,  825,   51,   22,    8,   14,   19,   57,    0],
[2024-08-13 11:43:50,653][flwr][INFO] - 	       [  28,    3,   43,  492,  241,   19,   46,   17,  121,    0],
[2024-08-13 11:43:50,653][flwr][INFO] - 	       [  53,    0,    9,    0,  343,  521,   12,   21,   23,    0],
[2024-08-13 11:43:50,653][flwr][INFO] - 	       [  86,   15,   33,   19,   16,  465,  169,   15,   74,    0],
[2024-08-13 11:43:50,653][flwr][INFO] - 	       [  46,    1,   46,    0,    6,    4,  684,  170,    1,    0],
[2024-08-13 11:43:50,653][flwr][INFO] - 	       [ 112,    0,   69,    1,   12,   11,    1,  325,  497,    0],
[2024-08-13 11:43:50,654][flwr][INFO] - 	       [  68,    2,   47,    9,   22,   40,   47,    2,  737,    0],
[2024-08-13 11:43:50,654][flwr][INFO] - 	       [ 627,    0,    8,    0,   58,  134,    1,   22,  159,    0]],
[2024-08-13 11:43:50,654][flwr][INFO] - 	      dtype=int64))],
[2024-08-13 11:43:50,654][flwr][INFO] - 	 'f1': [(0, 0.017493624772313296),
[2024-08-13 11:43:50,654][flwr][INFO] - 	        (1, 0.4570104953584916),
[2024-08-13 11:43:50,654][flwr][INFO] - 	        (2, 0.17703572814844973),
[2024-08-13 11:43:50,654][flwr][INFO] - 	        (3, 0.3339726500607965),
[2024-08-13 11:43:50,654][flwr][INFO] - 	        (4, 0.30100214717289975),
[2024-08-13 11:43:50,654][flwr][INFO] - 	        (5, 0.317188035642326),
[2024-08-13 11:43:50,654][flwr][INFO] - 	        (6, 0.3996025200020332),
[2024-08-13 11:43:50,654][flwr][INFO] - 	        (7, 0.2971472798580452),
[2024-08-13 11:43:50,654][flwr][INFO] - 	        (8, 0.36351942909942),
[2024-08-13 11:43:50,654][flwr][INFO] - 	        (9, 0.4596557335524325),
[2024-08-13 11:43:50,654][flwr][INFO] - 	        (10, 0.4194381947217046)],
[2024-08-13 11:43:50,654][flwr][INFO] - 	 'precision': [(0, 0.009604000000000001),
[2024-08-13 11:43:50,654][flwr][INFO] - 	               (1, 0.644865887642061),
[2024-08-13 11:43:50,654][flwr][INFO] - 	               (2, 0.19426672786869725),
[2024-08-13 11:43:50,654][flwr][INFO] - 	               (3, 0.43793985918564265),
[2024-08-13 11:43:50,655][flwr][INFO] - 	               (4, 0.5108428904754397),
[2024-08-13 11:43:50,655][flwr][INFO] - 	               (5, 0.42413297085288304),
[2024-08-13 11:43:50,655][flwr][INFO] - 	               (6, 0.5573871803725626),
[2024-08-13 11:43:50,655][flwr][INFO] - 	               (7, 0.40668603256574043),
[2024-08-13 11:43:50,655][flwr][INFO] - 	               (8, 0.3879769665371446),
[2024-08-13 11:43:50,655][flwr][INFO] - 	               (9, 0.5600873914280974),
[2024-08-13 11:43:50,655][flwr][INFO] - 	               (10, 0.44188013359308126)],
[2024-08-13 11:43:50,655][flwr][INFO] - 	 'recall': [(0, 0.098),
[2024-08-13 11:43:50,655][flwr][INFO] - 	            (1, 0.4986),
[2024-08-13 11:43:50,655][flwr][INFO] - 	            (2, 0.2216),
[2024-08-13 11:43:50,655][flwr][INFO] - 	            (3, 0.4269),
[2024-08-13 11:43:50,655][flwr][INFO] - 	            (4, 0.36),
[2024-08-13 11:43:50,655][flwr][INFO] - 	            (5, 0.3766),
[2024-08-13 11:43:50,655][flwr][INFO] - 	            (6, 0.4582),
[2024-08-13 11:43:50,655][flwr][INFO] - 	            (7, 0.3758),
[2024-08-13 11:43:50,655][flwr][INFO] - 	            (8, 0.4327),
[2024-08-13 11:43:50,655][flwr][INFO] - 	            (9, 0.5112),
[2024-08-13 11:43:50,656][flwr][INFO] - 	            (10, 0.4804)]}
[2024-08-13 11:43:50,656][flwr][INFO] - 
