[2024-08-13 14:34:19,370][flwr][INFO] - Starting Flower simulation, config: num_rounds=10, no round_timeout
[2024-08-13 14:34:23,386][flwr][INFO] - Flower VCE: Ray initialized with resources: {'accelerator_type:G': 1.0, 'node:__internal_head__': 1.0, 'CPU': 16.0, 'memory': 4803536487.0, 'node:127.0.0.1': 1.0, 'object_store_memory': 2401768243.0, 'GPU': 1.0}
[2024-08-13 14:34:23,386][flwr][INFO] - Optimize your simulation with Flower VCE: https://flower.ai/docs/framework/how-to-run-simulations.html
[2024-08-13 14:34:23,386][flwr][INFO] - Flower VCE: Resources for each Virtual Client: {'num_cpus': 2, 'num_gpus': 0.5}
[2024-08-13 14:34:23,397][flwr][INFO] - Flower VCE: Creating VirtualClientEngineActorPool with 2 actors
[2024-08-13 14:34:23,399][flwr][INFO] - [INIT]
[2024-08-13 14:34:23,399][flwr][INFO] - Requesting initial parameters from one random client
[2024-08-13 14:34:30,970][flwr][INFO] - Received initial parameters from one random client
[2024-08-13 14:34:30,970][flwr][INFO] - Evaluating initial global parameters
[2024-08-13 14:34:33,212][flwr][INFO] - initial parameters (loss, other metrics): 2.3025850929940455, {'accuracy': 0.098, 'precision': 0.009604000000000001, 'recall': 0.098, 'f1': 0.017493624772313296, 'confusion_matrix': array([[ 980,    0,    0,    0,    0,    0,    0,    0,    0,    0],
       [1135,    0,    0,    0,    0,    0,    0,    0,    0,    0],
       [1032,    0,    0,    0,    0,    0,    0,    0,    0,    0],
       [1010,    0,    0,    0,    0,    0,    0,    0,    0,    0],
       [ 982,    0,    0,    0,    0,    0,    0,    0,    0,    0],
       [ 892,    0,    0,    0,    0,    0,    0,    0,    0,    0],
       [ 958,    0,    0,    0,    0,    0,    0,    0,    0,    0],
       [1028,    0,    0,    0,    0,    0,    0,    0,    0,    0],
       [ 974,    0,    0,    0,    0,    0,    0,    0,    0,    0],
       [1009,    0,    0,    0,    0,    0,    0,    0,    0,    0]],
      dtype=int64)}
[2024-08-13 14:34:33,213][flwr][INFO] - 
[2024-08-13 14:34:33,213][flwr][INFO] - [ROUND 1]
[2024-08-13 14:34:33,213][flwr][INFO] - configure_fit: strategy sampled 10 clients (out of 100)
[2024-08-13 14:34:36,683][flwr][INFO] - aggregate_fit: received 10 results and 0 failures
[2024-08-13 14:34:36,686][flwr][WARNING] - No fit_metrics_aggregation_fn provided
[2024-08-13 14:34:38,870][flwr][INFO] - fit progress: (1, 1.0640855989059466, {'accuracy': 0.6587, 'precision': 0.7724016671696979, 'recall': 0.6587, 'f1': 0.619387921748361, 'confusion_matrix': array([[ 963,    0,    2,    7,    0,    0,    2,    1,    5,    0],
       [   0, 1025,   73,   17,    0,    0,    3,    0,    2,   15],
       [ 112,   13,  697,  126,    3,    0,   14,   19,   22,   26],
       [  40,    2,   13,  896,    0,    0,    3,    8,   14,   34],
       [  58,    8,    7,    1,  153,    0,   10,    3,   11,  731],
       [ 344,   60,   18,  269,    0,    3,    5,   20,   52,  121],
       [ 215,   18,   26,   14,    4,    0,  661,    2,    9,    9],
       [  37,   35,   31,    4,    0,    0,    1,  768,   20,  132],
       [  95,   12,   20,  219,    0,    0,    2,    4,  519,  103],
       [  64,    8,    1,   14,    4,    0,    0,    9,    7,  902]],
      dtype=int64)}, 5.656706699999631)
[2024-08-13 14:34:38,870][flwr][INFO] - configure_evaluate: no clients selected, skipping evaluation
[2024-08-13 14:34:38,870][flwr][INFO] - 
[2024-08-13 14:34:38,870][flwr][INFO] - [ROUND 2]
[2024-08-13 14:34:38,871][flwr][INFO] - configure_fit: strategy sampled 10 clients (out of 100)
[2024-08-13 14:34:40,039][flwr][INFO] - aggregate_fit: received 10 results and 0 failures
[2024-08-13 14:34:42,262][flwr][INFO] - fit progress: (2, 0.8248095540644775, {'accuracy': 0.753, 'precision': 0.7998912495702153, 'recall': 0.753, 'f1': 0.7213976319919504, 'confusion_matrix': array([[ 889,    0,    5,    3,    3,    5,   47,    1,   27,    0],
       [   0, 1049,   56,    2,    1,    0,    5,    1,   21,    0],
       [  18,   18,  823,   31,   33,    0,   28,   30,   51,    0],
       [   5,   13,   27,  802,    9,    8,   14,   22,  110,    0],
       [   3,    8,    1,    0,  919,    1,   20,    8,   21,    1],
       [  24,   53,   12,  164,   51,  372,   53,   34,  128,    1],
       [  16,   12,   17,    1,   29,    7,  870,    1,    5,    0],
       [   5,   34,   31,    0,   24,    0,    0,  897,   37,    0],
       [   8,   15,   13,   45,   20,    5,   22,   14,  832,    0],
       [  17,   12,    4,    5,  592,    3,    3,  203,   93,   77]],
      dtype=int64)}, 9.048893099999987)
[2024-08-13 14:34:42,262][flwr][INFO] - configure_evaluate: no clients selected, skipping evaluation
[2024-08-13 14:34:42,263][flwr][INFO] - 
[2024-08-13 14:34:42,263][flwr][INFO] - [ROUND 3]
[2024-08-13 14:34:42,263][flwr][INFO] - configure_fit: strategy sampled 10 clients (out of 100)
[2024-08-13 14:34:43,412][flwr][INFO] - aggregate_fit: received 10 results and 0 failures
[2024-08-13 14:34:45,649][flwr][INFO] - fit progress: (3, 0.7841469942400364, {'accuracy': 0.7916, 'precision': 0.8191997996643441, 'recall': 0.7916, 'f1': 0.7897787036370042, 'confusion_matrix': array([[ 903,    0,    3,    3,    0,   37,   28,    1,    1,    4],
       [   0, 1065,   46,    6,    1,    8,    5,    0,    0,    4],
       [  17,   20,  829,   62,   13,    0,   24,   28,   21,   18],
       [   4,   11,   20,  855,    1,   32,    8,   12,    6,   61],
       [   6,   10,    5,    0,  555,    3,   31,    3,    4,  365],
       [  20,   56,    9,  116,    7,  598,   33,   13,    2,   38],
       [  20,   12,   20,    2,   10,   22,  869,    2,    0,    1],
       [   7,   41,   34,    2,    9,    0,    3,  817,    7,  108],
       [  11,   44,   22,  127,    4,   72,   22,    5,  504,  163],
       [  14,   10,    5,   10,   14,   17,    3,   14,    1,  921]],
      dtype=int64)}, 12.436579200002598)
[2024-08-13 14:34:45,650][flwr][INFO] - configure_evaluate: no clients selected, skipping evaluation
[2024-08-13 14:34:45,650][flwr][INFO] - 
[2024-08-13 14:34:45,650][flwr][INFO] - [ROUND 4]
[2024-08-13 14:34:45,650][flwr][INFO] - configure_fit: strategy sampled 10 clients (out of 100)
[2024-08-13 14:34:46,843][flwr][INFO] - aggregate_fit: received 10 results and 0 failures
[2024-08-13 14:34:48,917][flwr][INFO] - fit progress: (4, 0.8592692227831557, {'accuracy': 0.7502, 'precision': 0.8135770014406074, 'recall': 0.7502, 'f1': 0.7198855049222735, 'confusion_matrix': array([[ 921,    0,    0,    3,    4,    2,   19,    3,   28,    0],
       [   0, 1031,   26,    7,    1,    0,    4,    1,   65,    0],
       [  15,    9,  742,   77,   50,    0,   19,   28,   92,    0],
       [   4,    3,    8,  840,   10,   14,    9,   21,  101,    0],
       [   4,    3,    1,    0,  944,    1,    8,    4,   17,    0],
       [  27,   48,    5,  133,   62,  401,   32,   26,  157,    1],
       [  18,    9,   16,    3,   53,   10,  836,    3,   10,    0],
       [   7,   22,   16,    3,   31,    0,    0,  874,   75,    0],
       [   7,    5,    5,   44,   23,    3,   14,    5,  868,    0],
       [  21,    4,    2,    5,  657,    4,    1,  132,  138,   45]],
      dtype=int64)}, 15.704487099996186)
[2024-08-13 14:34:48,918][flwr][INFO] - configure_evaluate: no clients selected, skipping evaluation
[2024-08-13 14:34:48,918][flwr][INFO] - 
[2024-08-13 14:34:48,918][flwr][INFO] - [ROUND 5]
[2024-08-13 14:34:48,919][flwr][INFO] - configure_fit: strategy sampled 10 clients (out of 100)
[2024-08-13 14:34:50,074][flwr][INFO] - aggregate_fit: received 10 results and 0 failures
[2024-08-13 14:34:52,161][flwr][INFO] - fit progress: (5, 0.7994050610954022, {'accuracy': 0.793, 'precision': 0.8238808096427345, 'recall': 0.793, 'f1': 0.7884282841276298, 'confusion_matrix': array([[ 933,    1,    2,    3,    0,   14,   20,    1,    0,    6],
       [   0, 1051,   58,    7,    1,    8,    6,    1,    0,    3],
       [  15,    9,  851,   56,    9,    0,   25,   29,   15,   23],
       [   6,    2,   19,  849,    0,   47,    9,   14,    4,   60],
       [   5,    8,    6,    0,  581,    6,   28,    7,    2,  339],
       [  19,   56,   13,   79,    6,  638,   33,   14,    3,   31],
       [  16,   11,   25,    1,    9,   20,  869,    6,    0,    1],
       [  12,   31,   43,    2,    6,    0,    2,  838,    2,   92],
       [  17,   45,   36,  131,    3,   77,   28,    5,  392,  240],
       [  21,    8,    6,    7,   12,   12,    2,   13,    0,  928]],
      dtype=int64)}, 18.94820410000102)
[2024-08-13 14:34:52,162][flwr][INFO] - configure_evaluate: no clients selected, skipping evaluation
[2024-08-13 14:34:52,162][flwr][INFO] - 
[2024-08-13 14:34:52,162][flwr][INFO] - [ROUND 6]
[2024-08-13 14:34:52,162][flwr][INFO] - configure_fit: strategy sampled 10 clients (out of 100)
[2024-08-13 14:34:53,511][flwr][INFO] - aggregate_fit: received 10 results and 0 failures
[2024-08-13 14:34:55,590][flwr][INFO] - fit progress: (6, 0.7883274567455104, {'accuracy': 0.7997, 'precision': 0.8314325572683918, 'recall': 0.7997, 'f1': 0.7908279467815255, 'confusion_matrix': array([[ 914,    1,    2,    2,    3,    6,   27,    2,   23,    0],
       [   0, 1059,   17,    7,    1,    1,    5,    1,   44,    0],
       [  12,   16,  778,   58,   36,    0,   22,   26,   84,    0],
       [   2,    8,   10,  827,    5,   31,   14,   17,   95,    1],
       [   2,    5,    1,    0,  926,    2,   15,    4,   25,    2],
       [   9,   51,    4,   82,   32,  574,   41,   15,   83,    1],
       [  12,   14,   17,    1,   29,   14,  863,    5,    3,    0],
       [   7,   32,   23,    2,   27,    0,    0,  868,   68,    1],
       [   6,   17,    6,   32,   17,   13,   17,    5,  861,    0],
       [  22,    7,    4,    5,  392,   19,    1,   99,  133,  327]],
      dtype=int64)}, 22.37740169999597)
[2024-08-13 14:34:55,591][flwr][INFO] - configure_evaluate: no clients selected, skipping evaluation
[2024-08-13 14:34:55,591][flwr][INFO] - 
[2024-08-13 14:34:55,591][flwr][INFO] - [ROUND 7]
[2024-08-13 14:34:55,591][flwr][INFO] - configure_fit: strategy sampled 10 clients (out of 100)
[2024-08-13 14:34:56,725][flwr][INFO] - aggregate_fit: received 10 results and 0 failures
[2024-08-13 14:34:58,802][flwr][INFO] - fit progress: (7, 0.7731115873813985, {'accuracy': 0.8051, 'precision': 0.8329578508877523, 'recall': 0.8051, 'f1': 0.8019904711035931, 'confusion_matrix': array([[ 922,    2,    4,    5,    0,   16,   23,    3,    0,    5],
       [   0, 1076,   34,    8,    1,    4,    6,    1,    1,    4],
       [  13,   20,  836,   62,    9,    0,   25,   30,   15,   22],
       [   2,    4,   11,  868,    1,   43,    9,   13,    5,   54],
       [   4,    8,    4,    0,  633,    1,   22,    7,    1,  302],
       [  11,   57,    8,   79,    9,  648,   31,   14,    3,   32],
       [  13,   15,   22,    1,    9,   19,  871,    7,    0,    1],
       [   7,   34,   32,    3,    9,    0,    1,  834,    3,  105],
       [  11,   58,   22,  124,    6,   69,   27,    7,  429,  221],
       [  16,    8,    5,    8,   13,   13,    1,   11,    0,  934]],
      dtype=int64)}, 25.589874700002838)
[2024-08-13 14:34:58,803][flwr][INFO] - configure_evaluate: no clients selected, skipping evaluation
[2024-08-13 14:34:58,803][flwr][INFO] - 
[2024-08-13 14:34:58,803][flwr][INFO] - [ROUND 8]
[2024-08-13 14:34:58,804][flwr][INFO] - configure_fit: strategy sampled 10 clients (out of 100)
[2024-08-13 14:34:59,971][flwr][INFO] - aggregate_fit: received 10 results and 0 failures
[2024-08-13 14:35:02,310][flwr][INFO] - fit progress: (8, 0.7603021515724613, {'accuracy': 0.8187, 'precision': 0.840825709815409, 'recall': 0.8187, 'f1': 0.8132261919755026, 'confusion_matrix': array([[ 928,    1,    2,    1,    3,    4,   20,    2,   19,    0],
       [   0, 1064,   13,    4,    1,    3,    5,    1,   44,    0],
       [  11,   13,  820,   37,   29,    0,   20,   28,   74,    0],
       [   6,    7,   14,  812,    6,   34,   16,   19,   94,    2],
       [   3,    4,    1,    0,  923,    2,   15,   10,   21,    3],
       [  19,   49,    4,   63,   32,  568,   41,   22,   92,    2],
       [  13,   10,   18,    1,   23,   10,  874,    6,    3,    0],
       [   8,   29,   29,    1,   25,    0,    0,  891,   44,    1],
       [  10,   17,    9,   21,   18,   14,   17,    6,  861,    1],
       [  29,    7,    4,    3,  270,   14,    1,  126,  109,  446]],
      dtype=int64)}, 29.096756099999766)
[2024-08-13 14:35:02,311][flwr][INFO] - configure_evaluate: no clients selected, skipping evaluation
[2024-08-13 14:35:02,311][flwr][INFO] - 
[2024-08-13 14:35:02,311][flwr][INFO] - [ROUND 9]
[2024-08-13 14:35:02,311][flwr][INFO] - configure_fit: strategy sampled 10 clients (out of 100)
[2024-08-13 14:35:03,447][flwr][INFO] - aggregate_fit: received 10 results and 0 failures
[2024-08-13 14:35:05,561][flwr][INFO] - fit progress: (9, 0.7466035999927002, {'accuracy': 0.8208, 'precision': 0.8394261171556733, 'recall': 0.8208, 'f1': 0.8188806672565224, 'confusion_matrix': array([[ 928,    2,    2,    4,    1,   15,   20,    4,    0,    4],
       [   0, 1081,   23,    8,    1,    5,    6,    1,    7,    3],
       [  13,   27,  809,   68,    9,    1,   25,   33,   21,   26],
       [   2,    5,    8,  868,    2,   42,    9,   15,    6,   53],
       [   2,    6,    2,    0,  699,    2,   20,   10,    2,  239],
       [  12,   52,    3,   70,   10,  664,   30,   16,    7,   28],
       [  13,   12,   15,    1,   10,   19,  876,   10,    0,    2],
       [   9,   34,   25,    5,   10,    0,    1,  859,    3,   82],
       [  17,   57,   16,   98,    9,   64,   24,    7,  502,  180],
       [  18,    8,    3,    9,   17,   12,    1,   19,    0,  922]],
      dtype=int64)}, 32.348886399995536)
[2024-08-13 14:35:05,562][flwr][INFO] - configure_evaluate: no clients selected, skipping evaluation
[2024-08-13 14:35:05,562][flwr][INFO] - 
[2024-08-13 14:35:05,562][flwr][INFO] - [ROUND 10]
[2024-08-13 14:35:05,563][flwr][INFO] - configure_fit: strategy sampled 10 clients (out of 100)
[2024-08-13 14:35:06,866][flwr][INFO] - aggregate_fit: received 10 results and 0 failures
[2024-08-13 14:35:08,940][flwr][INFO] - fit progress: (10, 0.7435975820826749, {'accuracy': 0.8232, 'precision': 0.8466717950575494, 'recall': 0.8232, 'f1': 0.8193670161799413, 'confusion_matrix': array([[ 926,    1,    3,    4,    3,    5,   21,    2,   15,    0],
       [   0, 1060,    9,    5,    1,    3,    5,    1,   51,    0],
       [  11,   13,  817,   37,   35,    0,   19,   26,   74,    0],
       [   2,    6,   13,  819,   10,   35,   12,   17,   94,    2],
       [   2,    3,    1,    0,  932,    2,   12,    5,   23,    2],
       [  15,   40,    3,   61,   31,  605,   35,   17,   83,    2],
       [  12,    9,   15,    0,   30,   15,  869,    4,    4,    0],
       [   9,   29,   28,    1,   29,    0,    0,  872,   58,    2],
       [   8,   14,    9,   16,   21,   15,   17,    5,  868,    1],
       [  30,    7,    4,    4,  288,   17,    1,   87,  107,  464]],
      dtype=int64)}, 35.72766849999607)
[2024-08-13 14:35:08,941][flwr][INFO] - configure_evaluate: no clients selected, skipping evaluation
[2024-08-13 14:35:08,941][flwr][INFO] - 
[2024-08-13 14:35:08,941][flwr][INFO] - [SUMMARY]
[2024-08-13 14:35:08,941][flwr][INFO] - Run finished 10 round(s) in 35.73s
[2024-08-13 14:35:08,949][flwr][INFO] - 	History (loss, centralized):
[2024-08-13 14:35:08,949][flwr][INFO] - 		round 0: 2.3025850929940455
[2024-08-13 14:35:08,949][flwr][INFO] - 		round 1: 1.0640855989059466
[2024-08-13 14:35:08,950][flwr][INFO] - 		round 2: 0.8248095540644775
[2024-08-13 14:35:08,950][flwr][INFO] - 		round 3: 0.7841469942400364
[2024-08-13 14:35:08,950][flwr][INFO] - 		round 4: 0.8592692227831557
[2024-08-13 14:35:08,950][flwr][INFO] - 		round 5: 0.7994050610954022
[2024-08-13 14:35:08,950][flwr][INFO] - 		round 6: 0.7883274567455104
[2024-08-13 14:35:08,950][flwr][INFO] - 		round 7: 0.7731115873813985
[2024-08-13 14:35:08,950][flwr][INFO] - 		round 8: 0.7603021515724613
[2024-08-13 14:35:08,950][flwr][INFO] - 		round 9: 0.7466035999927002
[2024-08-13 14:35:08,950][flwr][INFO] - 		round 10: 0.7435975820826749
[2024-08-13 14:35:08,950][flwr][INFO] - 	History (metrics, centralized):
[2024-08-13 14:35:08,950][flwr][INFO] - 	{'accuracy': [(0, 0.098),
[2024-08-13 14:35:08,950][flwr][INFO] - 	              (1, 0.6587),
[2024-08-13 14:35:08,950][flwr][INFO] - 	              (2, 0.753),
[2024-08-13 14:35:08,950][flwr][INFO] - 	              (3, 0.7916),
[2024-08-13 14:35:08,950][flwr][INFO] - 	              (4, 0.7502),
[2024-08-13 14:35:08,950][flwr][INFO] - 	              (5, 0.793),
[2024-08-13 14:35:08,951][flwr][INFO] - 	              (6, 0.7997),
[2024-08-13 14:35:08,951][flwr][INFO] - 	              (7, 0.8051),
[2024-08-13 14:35:08,951][flwr][INFO] - 	              (8, 0.8187),
[2024-08-13 14:35:08,951][flwr][INFO] - 	              (9, 0.8208),
[2024-08-13 14:35:08,951][flwr][INFO] - 	              (10, 0.8232)],
[2024-08-13 14:35:08,951][flwr][INFO] - 	 'confusion_matrix': [(0,
[2024-08-13 14:35:08,951][flwr][INFO] - 	                       array([[ 980,    0,    0,    0,    0,    0,    0,    0,    0,    0],
[2024-08-13 14:35:08,951][flwr][INFO] - 	       [1135,    0,    0,    0,    0,    0,    0,    0,    0,    0],
[2024-08-13 14:35:08,951][flwr][INFO] - 	       [1032,    0,    0,    0,    0,    0,    0,    0,    0,    0],
[2024-08-13 14:35:08,951][flwr][INFO] - 	       [1010,    0,    0,    0,    0,    0,    0,    0,    0,    0],
[2024-08-13 14:35:08,951][flwr][INFO] - 	       [ 982,    0,    0,    0,    0,    0,    0,    0,    0,    0],
[2024-08-13 14:35:08,951][flwr][INFO] - 	       [ 892,    0,    0,    0,    0,    0,    0,    0,    0,    0],
[2024-08-13 14:35:08,951][flwr][INFO] - 	       [ 958,    0,    0,    0,    0,    0,    0,    0,    0,    0],
[2024-08-13 14:35:08,951][flwr][INFO] - 	       [1028,    0,    0,    0,    0,    0,    0,    0,    0,    0],
[2024-08-13 14:35:08,951][flwr][INFO] - 	       [ 974,    0,    0,    0,    0,    0,    0,    0,    0,    0],
[2024-08-13 14:35:08,951][flwr][INFO] - 	       [1009,    0,    0,    0,    0,    0,    0,    0,    0,    0]],
[2024-08-13 14:35:08,951][flwr][INFO] - 	      dtype=int64)),
[2024-08-13 14:35:08,952][flwr][INFO] - 	                      (1,
[2024-08-13 14:35:08,952][flwr][INFO] - 	                       array([[ 963,    0,    2,    7,    0,    0,    2,    1,    5,    0],
[2024-08-13 14:35:08,952][flwr][INFO] - 	       [   0, 1025,   73,   17,    0,    0,    3,    0,    2,   15],
[2024-08-13 14:35:08,952][flwr][INFO] - 	       [ 112,   13,  697,  126,    3,    0,   14,   19,   22,   26],
[2024-08-13 14:35:08,952][flwr][INFO] - 	       [  40,    2,   13,  896,    0,    0,    3,    8,   14,   34],
[2024-08-13 14:35:08,952][flwr][INFO] - 	       [  58,    8,    7,    1,  153,    0,   10,    3,   11,  731],
[2024-08-13 14:35:08,952][flwr][INFO] - 	       [ 344,   60,   18,  269,    0,    3,    5,   20,   52,  121],
[2024-08-13 14:35:08,952][flwr][INFO] - 	       [ 215,   18,   26,   14,    4,    0,  661,    2,    9,    9],
[2024-08-13 14:35:08,952][flwr][INFO] - 	       [  37,   35,   31,    4,    0,    0,    1,  768,   20,  132],
[2024-08-13 14:35:08,952][flwr][INFO] - 	       [  95,   12,   20,  219,    0,    0,    2,    4,  519,  103],
[2024-08-13 14:35:08,952][flwr][INFO] - 	       [  64,    8,    1,   14,    4,    0,    0,    9,    7,  902]],
[2024-08-13 14:35:08,952][flwr][INFO] - 	      dtype=int64)),
[2024-08-13 14:35:08,952][flwr][INFO] - 	                      (2,
[2024-08-13 14:35:08,952][flwr][INFO] - 	                       array([[ 889,    0,    5,    3,    3,    5,   47,    1,   27,    0],
[2024-08-13 14:35:08,952][flwr][INFO] - 	       [   0, 1049,   56,    2,    1,    0,    5,    1,   21,    0],
[2024-08-13 14:35:08,952][flwr][INFO] - 	       [  18,   18,  823,   31,   33,    0,   28,   30,   51,    0],
[2024-08-13 14:35:08,952][flwr][INFO] - 	       [   5,   13,   27,  802,    9,    8,   14,   22,  110,    0],
[2024-08-13 14:35:08,953][flwr][INFO] - 	       [   3,    8,    1,    0,  919,    1,   20,    8,   21,    1],
[2024-08-13 14:35:08,953][flwr][INFO] - 	       [  24,   53,   12,  164,   51,  372,   53,   34,  128,    1],
[2024-08-13 14:35:08,953][flwr][INFO] - 	       [  16,   12,   17,    1,   29,    7,  870,    1,    5,    0],
[2024-08-13 14:35:08,953][flwr][INFO] - 	       [   5,   34,   31,    0,   24,    0,    0,  897,   37,    0],
[2024-08-13 14:35:08,953][flwr][INFO] - 	       [   8,   15,   13,   45,   20,    5,   22,   14,  832,    0],
[2024-08-13 14:35:08,953][flwr][INFO] - 	       [  17,   12,    4,    5,  592,    3,    3,  203,   93,   77]],
[2024-08-13 14:35:08,953][flwr][INFO] - 	      dtype=int64)),
[2024-08-13 14:35:08,953][flwr][INFO] - 	                      (3,
[2024-08-13 14:35:08,953][flwr][INFO] - 	                       array([[ 903,    0,    3,    3,    0,   37,   28,    1,    1,    4],
[2024-08-13 14:35:08,953][flwr][INFO] - 	       [   0, 1065,   46,    6,    1,    8,    5,    0,    0,    4],
[2024-08-13 14:35:08,953][flwr][INFO] - 	       [  17,   20,  829,   62,   13,    0,   24,   28,   21,   18],
[2024-08-13 14:35:08,953][flwr][INFO] - 	       [   4,   11,   20,  855,    1,   32,    8,   12,    6,   61],
[2024-08-13 14:35:08,953][flwr][INFO] - 	       [   6,   10,    5,    0,  555,    3,   31,    3,    4,  365],
[2024-08-13 14:35:08,953][flwr][INFO] - 	       [  20,   56,    9,  116,    7,  598,   33,   13,    2,   38],
[2024-08-13 14:35:08,953][flwr][INFO] - 	       [  20,   12,   20,    2,   10,   22,  869,    2,    0,    1],
[2024-08-13 14:35:08,953][flwr][INFO] - 	       [   7,   41,   34,    2,    9,    0,    3,  817,    7,  108],
[2024-08-13 14:35:08,953][flwr][INFO] - 	       [  11,   44,   22,  127,    4,   72,   22,    5,  504,  163],
[2024-08-13 14:35:08,954][flwr][INFO] - 	       [  14,   10,    5,   10,   14,   17,    3,   14,    1,  921]],
[2024-08-13 14:35:08,954][flwr][INFO] - 	      dtype=int64)),
[2024-08-13 14:35:08,954][flwr][INFO] - 	                      (4,
[2024-08-13 14:35:08,954][flwr][INFO] - 	                       array([[ 921,    0,    0,    3,    4,    2,   19,    3,   28,    0],
[2024-08-13 14:35:08,954][flwr][INFO] - 	       [   0, 1031,   26,    7,    1,    0,    4,    1,   65,    0],
[2024-08-13 14:35:08,954][flwr][INFO] - 	       [  15,    9,  742,   77,   50,    0,   19,   28,   92,    0],
[2024-08-13 14:35:08,954][flwr][INFO] - 	       [   4,    3,    8,  840,   10,   14,    9,   21,  101,    0],
[2024-08-13 14:35:08,954][flwr][INFO] - 	       [   4,    3,    1,    0,  944,    1,    8,    4,   17,    0],
[2024-08-13 14:35:08,954][flwr][INFO] - 	       [  27,   48,    5,  133,   62,  401,   32,   26,  157,    1],
[2024-08-13 14:35:08,954][flwr][INFO] - 	       [  18,    9,   16,    3,   53,   10,  836,    3,   10,    0],
[2024-08-13 14:35:08,954][flwr][INFO] - 	       [   7,   22,   16,    3,   31,    0,    0,  874,   75,    0],
[2024-08-13 14:35:08,954][flwr][INFO] - 	       [   7,    5,    5,   44,   23,    3,   14,    5,  868,    0],
[2024-08-13 14:35:08,954][flwr][INFO] - 	       [  21,    4,    2,    5,  657,    4,    1,  132,  138,   45]],
[2024-08-13 14:35:08,954][flwr][INFO] - 	      dtype=int64)),
[2024-08-13 14:35:08,954][flwr][INFO] - 	                      (5,
[2024-08-13 14:35:08,954][flwr][INFO] - 	                       array([[ 933,    1,    2,    3,    0,   14,   20,    1,    0,    6],
[2024-08-13 14:35:08,955][flwr][INFO] - 	       [   0, 1051,   58,    7,    1,    8,    6,    1,    0,    3],
[2024-08-13 14:35:08,955][flwr][INFO] - 	       [  15,    9,  851,   56,    9,    0,   25,   29,   15,   23],
[2024-08-13 14:35:08,955][flwr][INFO] - 	       [   6,    2,   19,  849,    0,   47,    9,   14,    4,   60],
[2024-08-13 14:35:08,955][flwr][INFO] - 	       [   5,    8,    6,    0,  581,    6,   28,    7,    2,  339],
[2024-08-13 14:35:08,955][flwr][INFO] - 	       [  19,   56,   13,   79,    6,  638,   33,   14,    3,   31],
[2024-08-13 14:35:08,955][flwr][INFO] - 	       [  16,   11,   25,    1,    9,   20,  869,    6,    0,    1],
[2024-08-13 14:35:08,955][flwr][INFO] - 	       [  12,   31,   43,    2,    6,    0,    2,  838,    2,   92],
[2024-08-13 14:35:08,955][flwr][INFO] - 	       [  17,   45,   36,  131,    3,   77,   28,    5,  392,  240],
[2024-08-13 14:35:08,955][flwr][INFO] - 	       [  21,    8,    6,    7,   12,   12,    2,   13,    0,  928]],
[2024-08-13 14:35:08,955][flwr][INFO] - 	      dtype=int64)),
[2024-08-13 14:35:08,955][flwr][INFO] - 	                      (6,
[2024-08-13 14:35:08,955][flwr][INFO] - 	                       array([[ 914,    1,    2,    2,    3,    6,   27,    2,   23,    0],
[2024-08-13 14:35:08,955][flwr][INFO] - 	       [   0, 1059,   17,    7,    1,    1,    5,    1,   44,    0],
[2024-08-13 14:35:08,955][flwr][INFO] - 	       [  12,   16,  778,   58,   36,    0,   22,   26,   84,    0],
[2024-08-13 14:35:08,955][flwr][INFO] - 	       [   2,    8,   10,  827,    5,   31,   14,   17,   95,    1],
[2024-08-13 14:35:08,955][flwr][INFO] - 	       [   2,    5,    1,    0,  926,    2,   15,    4,   25,    2],
[2024-08-13 14:35:08,955][flwr][INFO] - 	       [   9,   51,    4,   82,   32,  574,   41,   15,   83,    1],
[2024-08-13 14:35:08,956][flwr][INFO] - 	       [  12,   14,   17,    1,   29,   14,  863,    5,    3,    0],
[2024-08-13 14:35:08,956][flwr][INFO] - 	       [   7,   32,   23,    2,   27,    0,    0,  868,   68,    1],
[2024-08-13 14:35:08,956][flwr][INFO] - 	       [   6,   17,    6,   32,   17,   13,   17,    5,  861,    0],
[2024-08-13 14:35:08,956][flwr][INFO] - 	       [  22,    7,    4,    5,  392,   19,    1,   99,  133,  327]],
[2024-08-13 14:35:08,956][flwr][INFO] - 	      dtype=int64)),
[2024-08-13 14:35:08,956][flwr][INFO] - 	                      (7,
[2024-08-13 14:35:08,956][flwr][INFO] - 	                       array([[ 922,    2,    4,    5,    0,   16,   23,    3,    0,    5],
[2024-08-13 14:35:08,956][flwr][INFO] - 	       [   0, 1076,   34,    8,    1,    4,    6,    1,    1,    4],
[2024-08-13 14:35:08,956][flwr][INFO] - 	       [  13,   20,  836,   62,    9,    0,   25,   30,   15,   22],
[2024-08-13 14:35:08,956][flwr][INFO] - 	       [   2,    4,   11,  868,    1,   43,    9,   13,    5,   54],
[2024-08-13 14:35:08,956][flwr][INFO] - 	       [   4,    8,    4,    0,  633,    1,   22,    7,    1,  302],
[2024-08-13 14:35:08,956][flwr][INFO] - 	       [  11,   57,    8,   79,    9,  648,   31,   14,    3,   32],
[2024-08-13 14:35:08,956][flwr][INFO] - 	       [  13,   15,   22,    1,    9,   19,  871,    7,    0,    1],
[2024-08-13 14:35:08,956][flwr][INFO] - 	       [   7,   34,   32,    3,    9,    0,    1,  834,    3,  105],
[2024-08-13 14:35:08,956][flwr][INFO] - 	       [  11,   58,   22,  124,    6,   69,   27,    7,  429,  221],
[2024-08-13 14:35:08,956][flwr][INFO] - 	       [  16,    8,    5,    8,   13,   13,    1,   11,    0,  934]],
[2024-08-13 14:35:08,956][flwr][INFO] - 	      dtype=int64)),
[2024-08-13 14:35:08,957][flwr][INFO] - 	                      (8,
[2024-08-13 14:35:08,957][flwr][INFO] - 	                       array([[ 928,    1,    2,    1,    3,    4,   20,    2,   19,    0],
[2024-08-13 14:35:08,957][flwr][INFO] - 	       [   0, 1064,   13,    4,    1,    3,    5,    1,   44,    0],
[2024-08-13 14:35:08,957][flwr][INFO] - 	       [  11,   13,  820,   37,   29,    0,   20,   28,   74,    0],
[2024-08-13 14:35:08,957][flwr][INFO] - 	       [   6,    7,   14,  812,    6,   34,   16,   19,   94,    2],
[2024-08-13 14:35:08,957][flwr][INFO] - 	       [   3,    4,    1,    0,  923,    2,   15,   10,   21,    3],
[2024-08-13 14:35:08,957][flwr][INFO] - 	       [  19,   49,    4,   63,   32,  568,   41,   22,   92,    2],
[2024-08-13 14:35:08,957][flwr][INFO] - 	       [  13,   10,   18,    1,   23,   10,  874,    6,    3,    0],
[2024-08-13 14:35:08,957][flwr][INFO] - 	       [   8,   29,   29,    1,   25,    0,    0,  891,   44,    1],
[2024-08-13 14:35:08,957][flwr][INFO] - 	       [  10,   17,    9,   21,   18,   14,   17,    6,  861,    1],
[2024-08-13 14:35:08,957][flwr][INFO] - 	       [  29,    7,    4,    3,  270,   14,    1,  126,  109,  446]],
[2024-08-13 14:35:08,957][flwr][INFO] - 	      dtype=int64)),
[2024-08-13 14:35:08,957][flwr][INFO] - 	                      (9,
[2024-08-13 14:35:08,957][flwr][INFO] - 	                       array([[ 928,    2,    2,    4,    1,   15,   20,    4,    0,    4],
[2024-08-13 14:35:08,957][flwr][INFO] - 	       [   0, 1081,   23,    8,    1,    5,    6,    1,    7,    3],
[2024-08-13 14:35:08,957][flwr][INFO] - 	       [  13,   27,  809,   68,    9,    1,   25,   33,   21,   26],
[2024-08-13 14:35:08,957][flwr][INFO] - 	       [   2,    5,    8,  868,    2,   42,    9,   15,    6,   53],
[2024-08-13 14:35:08,958][flwr][INFO] - 	       [   2,    6,    2,    0,  699,    2,   20,   10,    2,  239],
[2024-08-13 14:35:08,958][flwr][INFO] - 	       [  12,   52,    3,   70,   10,  664,   30,   16,    7,   28],
[2024-08-13 14:35:08,958][flwr][INFO] - 	       [  13,   12,   15,    1,   10,   19,  876,   10,    0,    2],
[2024-08-13 14:35:08,958][flwr][INFO] - 	       [   9,   34,   25,    5,   10,    0,    1,  859,    3,   82],
[2024-08-13 14:35:08,958][flwr][INFO] - 	       [  17,   57,   16,   98,    9,   64,   24,    7,  502,  180],
[2024-08-13 14:35:08,958][flwr][INFO] - 	       [  18,    8,    3,    9,   17,   12,    1,   19,    0,  922]],
[2024-08-13 14:35:08,958][flwr][INFO] - 	      dtype=int64)),
[2024-08-13 14:35:08,958][flwr][INFO] - 	                      (10,
[2024-08-13 14:35:08,958][flwr][INFO] - 	                       array([[ 926,    1,    3,    4,    3,    5,   21,    2,   15,    0],
[2024-08-13 14:35:08,958][flwr][INFO] - 	       [   0, 1060,    9,    5,    1,    3,    5,    1,   51,    0],
[2024-08-13 14:35:08,958][flwr][INFO] - 	       [  11,   13,  817,   37,   35,    0,   19,   26,   74,    0],
[2024-08-13 14:35:08,958][flwr][INFO] - 	       [   2,    6,   13,  819,   10,   35,   12,   17,   94,    2],
[2024-08-13 14:35:08,958][flwr][INFO] - 	       [   2,    3,    1,    0,  932,    2,   12,    5,   23,    2],
[2024-08-13 14:35:08,958][flwr][INFO] - 	       [  15,   40,    3,   61,   31,  605,   35,   17,   83,    2],
[2024-08-13 14:35:08,958][flwr][INFO] - 	       [  12,    9,   15,    0,   30,   15,  869,    4,    4,    0],
[2024-08-13 14:35:08,958][flwr][INFO] - 	       [   9,   29,   28,    1,   29,    0,    0,  872,   58,    2],
[2024-08-13 14:35:08,959][flwr][INFO] - 	       [   8,   14,    9,   16,   21,   15,   17,    5,  868,    1],
[2024-08-13 14:35:08,959][flwr][INFO] - 	       [  30,    7,    4,    4,  288,   17,    1,   87,  107,  464]],
[2024-08-13 14:35:08,959][flwr][INFO] - 	      dtype=int64))],
[2024-08-13 14:35:08,959][flwr][INFO] - 	 'f1': [(0, 0.017493624772313296),
[2024-08-13 14:35:08,959][flwr][INFO] - 	        (1, 0.619387921748361),
[2024-08-13 14:35:08,959][flwr][INFO] - 	        (2, 0.7213976319919504),
[2024-08-13 14:35:08,959][flwr][INFO] - 	        (3, 0.7897787036370042),
[2024-08-13 14:35:08,959][flwr][INFO] - 	        (4, 0.7198855049222735),
[2024-08-13 14:35:08,959][flwr][INFO] - 	        (5, 0.7884282841276298),
[2024-08-13 14:35:08,959][flwr][INFO] - 	        (6, 0.7908279467815255),
[2024-08-13 14:35:08,959][flwr][INFO] - 	        (7, 0.8019904711035931),
[2024-08-13 14:35:08,959][flwr][INFO] - 	        (8, 0.8132261919755026),
[2024-08-13 14:35:08,959][flwr][INFO] - 	        (9, 0.8188806672565224),
[2024-08-13 14:35:08,959][flwr][INFO] - 	        (10, 0.8193670161799413)],
[2024-08-13 14:35:08,959][flwr][INFO] - 	 'precision': [(0, 0.009604000000000001),
[2024-08-13 14:35:08,959][flwr][INFO] - 	               (1, 0.7724016671696979),
[2024-08-13 14:35:08,959][flwr][INFO] - 	               (2, 0.7998912495702153),
[2024-08-13 14:35:08,960][flwr][INFO] - 	               (3, 0.8191997996643441),
[2024-08-13 14:35:08,960][flwr][INFO] - 	               (4, 0.8135770014406074),
[2024-08-13 14:35:08,960][flwr][INFO] - 	               (5, 0.8238808096427345),
[2024-08-13 14:35:08,960][flwr][INFO] - 	               (6, 0.8314325572683918),
[2024-08-13 14:35:08,960][flwr][INFO] - 	               (7, 0.8329578508877523),
[2024-08-13 14:35:08,960][flwr][INFO] - 	               (8, 0.840825709815409),
[2024-08-13 14:35:08,960][flwr][INFO] - 	               (9, 0.8394261171556733),
[2024-08-13 14:35:08,960][flwr][INFO] - 	               (10, 0.8466717950575494)],
[2024-08-13 14:35:08,960][flwr][INFO] - 	 'recall': [(0, 0.098),
[2024-08-13 14:35:08,960][flwr][INFO] - 	            (1, 0.6587),
[2024-08-13 14:35:08,960][flwr][INFO] - 	            (2, 0.753),
[2024-08-13 14:35:08,960][flwr][INFO] - 	            (3, 0.7916),
[2024-08-13 14:35:08,960][flwr][INFO] - 	            (4, 0.7502),
[2024-08-13 14:35:08,960][flwr][INFO] - 	            (5, 0.793),
[2024-08-13 14:35:08,960][flwr][INFO] - 	            (6, 0.7997),
[2024-08-13 14:35:08,960][flwr][INFO] - 	            (7, 0.8051),
[2024-08-13 14:35:08,960][flwr][INFO] - 	            (8, 0.8187),
[2024-08-13 14:35:08,961][flwr][INFO] - 	            (9, 0.8208),
[2024-08-13 14:35:08,961][flwr][INFO] - 	            (10, 0.8232)]}
[2024-08-13 14:35:08,961][flwr][INFO] - 
