[2024-08-13 15:15:40,262][flwr][INFO] - Starting Flower simulation, config: num_rounds=10, no round_timeout
[2024-08-13 15:15:44,306][flwr][INFO] - Flower VCE: Ray initialized with resources: {'GPU': 1.0, 'node:__internal_head__': 1.0, 'CPU': 16.0, 'node:127.0.0.1': 1.0, 'memory': 4842772071.0, 'object_store_memory': 2421386035.0, 'accelerator_type:G': 1.0}
[2024-08-13 15:15:44,306][flwr][INFO] - Optimize your simulation with Flower VCE: https://flower.ai/docs/framework/how-to-run-simulations.html
[2024-08-13 15:15:44,306][flwr][INFO] - Flower VCE: Resources for each Virtual Client: {'num_cpus': 2, 'num_gpus': 0.5}
[2024-08-13 15:15:44,318][flwr][INFO] - Flower VCE: Creating VirtualClientEngineActorPool with 2 actors
[2024-08-13 15:15:44,320][flwr][INFO] - [INIT]
[2024-08-13 15:15:44,320][flwr][INFO] - Requesting initial parameters from one random client
[2024-08-13 15:15:51,923][flwr][INFO] - Received initial parameters from one random client
[2024-08-13 15:15:51,923][flwr][INFO] - Evaluating initial global parameters
[2024-08-13 15:15:54,130][flwr][INFO] - initial parameters (loss, other metrics): 2.3025850929940455, {'accuracy': 0.098, 'precision': 0.009604000000000001, 'recall': 0.098, 'f1': 0.017493624772313296, 'confusion_matrix': array([[ 980,    0,    0,    0,    0,    0,    0,    0,    0,    0],
       [1135,    0,    0,    0,    0,    0,    0,    0,    0,    0],
       [1032,    0,    0,    0,    0,    0,    0,    0,    0,    0],
       [1010,    0,    0,    0,    0,    0,    0,    0,    0,    0],
       [ 982,    0,    0,    0,    0,    0,    0,    0,    0,    0],
       [ 892,    0,    0,    0,    0,    0,    0,    0,    0,    0],
       [ 958,    0,    0,    0,    0,    0,    0,    0,    0,    0],
       [1028,    0,    0,    0,    0,    0,    0,    0,    0,    0],
       [ 974,    0,    0,    0,    0,    0,    0,    0,    0,    0],
       [1009,    0,    0,    0,    0,    0,    0,    0,    0,    0]],
      dtype=int64)}
[2024-08-13 15:15:54,131][flwr][INFO] - 
[2024-08-13 15:15:54,131][flwr][INFO] - [ROUND 1]
[2024-08-13 15:15:54,131][flwr][INFO] - configure_fit: strategy sampled 10 clients (out of 100)
[2024-08-13 15:15:57,594][flwr][INFO] - aggregate_fit: received 10 results and 0 failures
[2024-08-13 15:15:57,597][flwr][WARNING] - No fit_metrics_aggregation_fn provided
[2024-08-13 15:15:59,657][flwr][INFO] - fit progress: (1, 1.2832715315084462, {'accuracy': 0.5827, 'precision': 0.6403644648579973, 'recall': 0.5827, 'f1': 0.5471499123259769, 'confusion_matrix': array([[963,   0,   2,   2,   0,   0,   3,   0,  10,   0],
       [  0, 509, 544,   3,   0,   0,   2,   0,  40,  37],
       [ 77,   1, 810,  50,   4,   0,   8,   7,  59,  16],
       [ 38,   0,  37, 774,   1,   0,   2,   5,  95,  58],
       [ 59,   0,  13,   0, 208,   0,   8,   5,  55, 634],
       [262,  10,  60, 170,   3,   0,   9,   3, 249, 126],
       [183,   1,  91,   2,   7,   0, 633,   8,  14,  19],
       [ 52,   5,  47,   1,   3,   0,   0, 396, 339, 185],
       [ 60,   0,  39,  94,   2,   0,   0,   1, 691,  87],
       [ 68,   0,   2,   4,  11,   0,   0,   5,  76, 843]], dtype=int64)}, 5.525746300001629)
[2024-08-13 15:15:59,657][flwr][INFO] - configure_evaluate: no clients selected, skipping evaluation
[2024-08-13 15:15:59,657][flwr][INFO] - 
[2024-08-13 15:15:59,658][flwr][INFO] - [ROUND 2]
[2024-08-13 15:15:59,658][flwr][INFO] - configure_fit: strategy sampled 10 clients (out of 100)
[2024-08-13 15:16:00,903][flwr][INFO] - aggregate_fit: received 10 results and 0 failures
[2024-08-13 15:16:02,967][flwr][INFO] - fit progress: (2, 1.0693588175531112, {'accuracy': 0.6849, 'precision': 0.7427315645748925, 'recall': 0.6849, 'f1': 0.658971757924632, 'confusion_matrix': array([[848,   4,   2,  21,   5,   3,  75,  21,   1,   0],
       [  0, 999, 102,   4,   2,   0,   4,  24,   0,   0],
       [ 14,  26, 632, 202,  32,   0,  40,  75,  11,   0],
       [  0,  13,   7, 884,  41,   1,   8,  35,  13,   8],
       [  2,   4,   2,   0, 854,   0,  23,  92,   3,   2],
       [ 10,  99,  10, 230,  70, 305,  63,  74,  20,  11],
       [ 12,  18,  15,   1,  25,   1, 835,  51,   0,   0],
       [  4,  28,  30,   2,  19,   0,   1, 937,   7,   0],
       [  5,  71,  12, 250, 104,   8,  31,  56, 406,  31],
       [ 18,   9,   1,   9, 405,   2,   3, 407,   6, 149]], dtype=int64)}, 8.83524000000034)
[2024-08-13 15:16:02,967][flwr][INFO] - configure_evaluate: no clients selected, skipping evaluation
[2024-08-13 15:16:02,967][flwr][INFO] - 
[2024-08-13 15:16:02,967][flwr][INFO] - [ROUND 3]
[2024-08-13 15:16:02,968][flwr][INFO] - configure_fit: strategy sampled 10 clients (out of 100)
[2024-08-13 15:16:04,150][flwr][INFO] - aggregate_fit: received 10 results and 0 failures
[2024-08-13 15:16:06,232][flwr][INFO] - fit progress: (3, 1.0631008662521806, {'accuracy': 0.7206, 'precision': 0.7689144855158448, 'recall': 0.7206, 'f1': 0.7176993375258675, 'confusion_matrix': array([[895,   9,   2,   4,   0,  22,  26,   0,  21,   1],
       [  0, 878, 221,   1,   0,   3,   2,   0,  21,   9],
       [ 13,  17, 843,  38,   7,   8,  16,   9,  66,  15],
       [  0,  17,  36, 713,   2,  63,   9,   5, 115,  50],
       [  7,   5,   7,   0, 382,  53,  21,   4,  27, 476],
       [ 16,  55,  35,  61,   1, 576,  23,   4,  90,  31],
       [ 20,  12,  67,   0,   8,  20, 816,   9,   2,   4],
       [ 24,  18,  43,   0,   8,   8,   0, 463, 301, 163],
       [  5,  16,  33,  39,   3,  50,  11,   2, 754,  61],
       [ 28,   3,   4,   3,  14,  18,   1,   5,  47, 886]], dtype=int64)}, 12.100879200006602)
[2024-08-13 15:16:06,232][flwr][INFO] - configure_evaluate: no clients selected, skipping evaluation
[2024-08-13 15:16:06,232][flwr][INFO] - 
[2024-08-13 15:16:06,232][flwr][INFO] - [ROUND 4]
[2024-08-13 15:16:06,233][flwr][INFO] - configure_fit: strategy sampled 10 clients (out of 100)
[2024-08-13 15:16:07,442][flwr][INFO] - aggregate_fit: received 10 results and 0 failures
[2024-08-13 15:16:09,508][flwr][INFO] - fit progress: (4, 1.0181025514896604, {'accuracy': 0.733, 'precision': 0.7669665538359124, 'recall': 0.733, 'f1': 0.7206481534612676, 'confusion_matrix': array([[ 889,   15,    1,   15,    3,    2,   35,   20,    0,    0],
       [   0, 1007,   98,    9,    2,    2,    4,   12,    0,    1],
       [  14,   25,  689,  172,   29,    0,   24,   65,   13,    1],
       [   1,   13,    7,  890,   19,   11,    6,   30,    7,   26],
       [   4,    4,    1,    0,  861,    1,   22,   78,    1,   10],
       [  16,   93,   10,  165,   45,  444,   51,   48,    7,   13],
       [  13,   15,   16,    1,   18,    4,  829,   62,    0,    0],
       [   6,   27,   32,    4,   18,    0,    1,  934,    4,    2],
       [  16,   76,   13,  227,   65,   27,   36,   44,  377,   93],
       [  31,   10,    3,    8,  252,    4,    1,  290,    0,  410]],
      dtype=int64)}, 15.377127200001269)
[2024-08-13 15:16:09,508][flwr][INFO] - configure_evaluate: no clients selected, skipping evaluation
[2024-08-13 15:16:09,508][flwr][INFO] - 
[2024-08-13 15:16:09,509][flwr][INFO] - [ROUND 5]
[2024-08-13 15:16:09,509][flwr][INFO] - configure_fit: strategy sampled 10 clients (out of 100)
[2024-08-13 15:16:10,701][flwr][INFO] - aggregate_fit: received 10 results and 0 failures
[2024-08-13 15:16:12,784][flwr][INFO] - fit progress: (5, 1.0121791712672865, {'accuracy': 0.7576, 'precision': 0.789262744053319, 'recall': 0.7576, 'f1': 0.7568949255384128, 'confusion_matrix': array([[912,  21,   2,   3,   0,   9,  20,   0,  13,   0],
       [  0, 949, 133,   3,   1,   4,   4,   0,  38,   3],
       [ 16,  20, 801,  52,   9,   5,  22,  11,  82,  14],
       [  4,  19,  17, 720,   7,  65,  17,   5, 123,  33],
       [ 12,   4,   3,   0, 606,  28,  24,   3,  32, 270],
       [ 19,  60,  10,  38,   7, 582,  42,   5, 107,  22],
       [ 17,  14,  29,   0,  16,  10, 854,  14,   2,   2],
       [ 32,  21,  31,   1,  16,   5,   0, 478, 319, 125],
       [ 12,  15,  21,  21,   7,  33,  18,   1, 807,  39],
       [ 41,   4,   3,   2,  21,  12,   1,   5,  53, 867]], dtype=int64)}, 18.653254500008188)
[2024-08-13 15:16:12,784][flwr][INFO] - configure_evaluate: no clients selected, skipping evaluation
[2024-08-13 15:16:12,785][flwr][INFO] - 
[2024-08-13 15:16:12,785][flwr][INFO] - [ROUND 6]
[2024-08-13 15:16:12,785][flwr][INFO] - configure_fit: strategy sampled 10 clients (out of 100)
[2024-08-13 15:16:14,076][flwr][INFO] - aggregate_fit: received 10 results and 0 failures
[2024-08-13 15:16:16,155][flwr][INFO] - fit progress: (6, 0.9711397070624475, {'accuracy': 0.7606, 'precision': 0.7890626114834091, 'recall': 0.7606, 'f1': 0.753321665762877, 'confusion_matrix': array([[ 884,   30,    1,   10,    3,    4,   26,   22,    0,    0],
       [   0, 1010,   88,   17,    2,    2,    7,    9,    0,    0],
       [  12,   22,  705,  174,   24,    0,   24,   56,   14,    1],
       [   2,    8,    6,  901,   11,   21,    5,   30,    8,   18],
       [   3,    4,    1,    0,  871,    2,   21,   68,    1,   11],
       [  19,   74,    9,  133,   36,  510,   49,   47,    9,    6],
       [   9,   12,   16,    2,   17,    5,  829,   68,    0,    0],
       [   7,   26,   31,    5,   17,    0,    1,  936,    3,    2],
       [  22,   56,   17,  212,   46,   37,   39,   35,  444,   66],
       [  41,    8,    3,   10,  178,    5,    1,  247,    0,  516]],
      dtype=int64)}, 22.0244617999997)
[2024-08-13 15:16:16,156][flwr][INFO] - configure_evaluate: no clients selected, skipping evaluation
[2024-08-13 15:16:16,156][flwr][INFO] - 
[2024-08-13 15:16:16,156][flwr][INFO] - [ROUND 7]
[2024-08-13 15:16:16,157][flwr][INFO] - configure_fit: strategy sampled 10 clients (out of 100)
[2024-08-13 15:16:17,329][flwr][INFO] - aggregate_fit: received 10 results and 0 failures
[2024-08-13 15:16:19,418][flwr][INFO] - fit progress: (7, 0.9726265731973237, {'accuracy': 0.7684, 'precision': 0.7939537502399662, 'recall': 0.7684, 'f1': 0.7692221807624735, 'confusion_matrix': array([[866,  46,   3,   2,   0,  10,  29,   3,  20,   1],
       [  0, 907, 182,   2,   1,   3,   5,   1,  30,   4],
       [ 10,  13, 847,  27,  15,   1,  21,  17,  68,  13],
       [  2,  16,  32, 674,  24,  50,  21,  11, 123,  57],
       [  8,   4,   3,   0, 650,   7,  20,   7,  19, 264],
       [ 12,  53,  19,  29,  13, 537,  55,  13, 120,  41],
       [ 11,  12,  31,   0,  15,   6, 855,  25,   1,   2],
       [ 21,  18,  41,   0,  18,   1,   0, 643, 167, 119],
       [ 11,   9,  26,  10,  12,  21,  21,   1, 808,  55],
       [ 33,   4,   4,   2,  22,   6,   1,   8,  32, 897]], dtype=int64)}, 25.28783359999943)
[2024-08-13 15:16:19,419][flwr][INFO] - configure_evaluate: no clients selected, skipping evaluation
[2024-08-13 15:16:19,419][flwr][INFO] - 
[2024-08-13 15:16:19,419][flwr][INFO] - [ROUND 8]
[2024-08-13 15:16:19,420][flwr][INFO] - configure_fit: strategy sampled 10 clients (out of 100)
[2024-08-13 15:16:20,629][flwr][INFO] - aggregate_fit: received 10 results and 0 failures
[2024-08-13 15:16:22,846][flwr][INFO] - fit progress: (8, 0.9875131008035228, {'accuracy': 0.7425, 'precision': 0.783980208143313, 'recall': 0.7425, 'f1': 0.7329855815392154, 'confusion_matrix': array([[ 881,   47,    1,   13,    1,    9,   13,   13,    2,    0],
       [   0, 1052,   42,   25,    2,    3,    3,    5,    3,    0],
       [  14,   24,  544,  330,   23,    1,   22,   57,   17,    0],
       [   2,   12,    2,  912,   10,   23,    2,   26,   17,    4],
       [  12,    5,    1,    1,  863,   18,   17,   59,    2,    4],
       [  25,   59,    3,  124,   25,  576,   33,   36,   10,    1],
       [  18,   14,   10,    2,   18,    7,  786,  103,    0,    0],
       [  12,   29,   25,   11,   18,    0,    1,  923,    8,    1],
       [  25,   55,    7,  233,   31,   55,   27,   27,  504,   10],
       [  95,   10,    2,   11,  214,   37,    1,  248,    7,  384]],
      dtype=int64)}, 28.715049599995837)
[2024-08-13 15:16:22,846][flwr][INFO] - configure_evaluate: no clients selected, skipping evaluation
[2024-08-13 15:16:22,847][flwr][INFO] - 
[2024-08-13 15:16:22,847][flwr][INFO] - [ROUND 9]
[2024-08-13 15:16:22,847][flwr][INFO] - configure_fit: strategy sampled 10 clients (out of 100)
[2024-08-13 15:16:24,022][flwr][INFO] - aggregate_fit: received 10 results and 0 failures
[2024-08-13 15:16:26,111][flwr][INFO] - fit progress: (9, 0.9416707677775886, {'accuracy': 0.7888, 'precision': 0.8021508484708555, 'recall': 0.7888, 'f1': 0.7890261907186916, 'confusion_matrix': array([[845,  61,   2,   0,   1,  17,  42,   5,   7,   0],
       [  0, 945, 147,   2,   2,   3,   6,   1,  26,   3],
       [  9,  14, 850,  24,  16,   1,  23,  24,  57,  14],
       [  4,  20,  32, 683,  35,  47,  25,  14,  92,  58],
       [  7,   5,   2,   0, 724,  10,  20,  12,  14, 188],
       [ 11,  51,  11,  19,  18, 566,  74,  16,  90,  36],
       [ 11,  10,  25,   0,  13,   6, 849,  42,   1,   1],
       [ 18,  18,  45,   1,  19,   1,   1, 762,  83,  80],
       [ 10,  14,  28,   9,  17,  23,  26,   2, 770,  75],
       [ 32,   5,   4,   2,  25,   7,   1,  15,  24, 894]], dtype=int64)}, 31.979853400000138)
[2024-08-13 15:16:26,112][flwr][INFO] - configure_evaluate: no clients selected, skipping evaluation
[2024-08-13 15:16:26,112][flwr][INFO] - 
[2024-08-13 15:16:26,112][flwr][INFO] - [ROUND 10]
[2024-08-13 15:16:26,113][flwr][INFO] - configure_fit: strategy sampled 10 clients (out of 100)
[2024-08-13 15:16:27,420][flwr][INFO] - aggregate_fit: received 10 results and 0 failures
[2024-08-13 15:16:29,482][flwr][INFO] - fit progress: (10, 0.929477139267269, {'accuracy': 0.7738, 'precision': 0.8038396365215075, 'recall': 0.7738, 'f1': 0.7698908234502209, 'confusion_matrix': array([[ 887,   41,    1,   11,    1,    7,   15,   12,    5,    0],
       [   0, 1067,   23,   25,    2,    3,    4,    3,    8,    0],
       [  14,   31,  497,  375,   22,    1,   23,   47,   22,    0],
       [   2,   11,    2,  918,    3,   21,    3,   22,   21,    7],
       [  11,    6,    1,    2,  873,   13,   18,   39,    5,   14],
       [  23,   61,    1,  134,   19,  560,   40,   31,   19,    4],
       [  18,   18,    9,    1,   15,    6,  810,   80,    1,    0],
       [  13,   33,   21,   15,   20,    0,    1,  899,   22,    4],
       [  22,   53,    4,  196,   21,   29,   26,   19,  587,   17],
       [  80,   11,    2,   15,  105,   20,    1,  122,   13,  640]],
      dtype=int64)}, 35.35148110000591)
[2024-08-13 15:16:29,483][flwr][INFO] - configure_evaluate: no clients selected, skipping evaluation
[2024-08-13 15:16:29,483][flwr][INFO] - 
[2024-08-13 15:16:29,483][flwr][INFO] - [SUMMARY]
[2024-08-13 15:16:29,483][flwr][INFO] - Run finished 10 round(s) in 35.35s
[2024-08-13 15:16:29,491][flwr][INFO] - 	History (loss, centralized):
[2024-08-13 15:16:29,492][flwr][INFO] - 		round 0: 2.3025850929940455
[2024-08-13 15:16:29,492][flwr][INFO] - 		round 1: 1.2832715315084462
[2024-08-13 15:16:29,492][flwr][INFO] - 		round 2: 1.0693588175531112
[2024-08-13 15:16:29,492][flwr][INFO] - 		round 3: 1.0631008662521806
[2024-08-13 15:16:29,492][flwr][INFO] - 		round 4: 1.0181025514896604
[2024-08-13 15:16:29,492][flwr][INFO] - 		round 5: 1.0121791712672865
[2024-08-13 15:16:29,492][flwr][INFO] - 		round 6: 0.9711397070624475
[2024-08-13 15:16:29,492][flwr][INFO] - 		round 7: 0.9726265731973237
[2024-08-13 15:16:29,492][flwr][INFO] - 		round 8: 0.9875131008035228
[2024-08-13 15:16:29,492][flwr][INFO] - 		round 9: 0.9416707677775886
[2024-08-13 15:16:29,492][flwr][INFO] - 		round 10: 0.929477139267269
[2024-08-13 15:16:29,492][flwr][INFO] - 	History (metrics, centralized):
[2024-08-13 15:16:29,492][flwr][INFO] - 	{'accuracy': [(0, 0.098),
[2024-08-13 15:16:29,492][flwr][INFO] - 	              (1, 0.5827),
[2024-08-13 15:16:29,493][flwr][INFO] - 	              (2, 0.6849),
[2024-08-13 15:16:29,493][flwr][INFO] - 	              (3, 0.7206),
[2024-08-13 15:16:29,493][flwr][INFO] - 	              (4, 0.733),
[2024-08-13 15:16:29,493][flwr][INFO] - 	              (5, 0.7576),
[2024-08-13 15:16:29,493][flwr][INFO] - 	              (6, 0.7606),
[2024-08-13 15:16:29,493][flwr][INFO] - 	              (7, 0.7684),
[2024-08-13 15:16:29,493][flwr][INFO] - 	              (8, 0.7425),
[2024-08-13 15:16:29,493][flwr][INFO] - 	              (9, 0.7888),
[2024-08-13 15:16:29,493][flwr][INFO] - 	              (10, 0.7738)],
[2024-08-13 15:16:29,493][flwr][INFO] - 	 'confusion_matrix': [(0,
[2024-08-13 15:16:29,493][flwr][INFO] - 	                       array([[ 980,    0,    0,    0,    0,    0,    0,    0,    0,    0],
[2024-08-13 15:16:29,493][flwr][INFO] - 	       [1135,    0,    0,    0,    0,    0,    0,    0,    0,    0],
[2024-08-13 15:16:29,493][flwr][INFO] - 	       [1032,    0,    0,    0,    0,    0,    0,    0,    0,    0],
[2024-08-13 15:16:29,493][flwr][INFO] - 	       [1010,    0,    0,    0,    0,    0,    0,    0,    0,    0],
[2024-08-13 15:16:29,493][flwr][INFO] - 	       [ 982,    0,    0,    0,    0,    0,    0,    0,    0,    0],
[2024-08-13 15:16:29,493][flwr][INFO] - 	       [ 892,    0,    0,    0,    0,    0,    0,    0,    0,    0],
[2024-08-13 15:16:29,494][flwr][INFO] - 	       [ 958,    0,    0,    0,    0,    0,    0,    0,    0,    0],
[2024-08-13 15:16:29,494][flwr][INFO] - 	       [1028,    0,    0,    0,    0,    0,    0,    0,    0,    0],
[2024-08-13 15:16:29,494][flwr][INFO] - 	       [ 974,    0,    0,    0,    0,    0,    0,    0,    0,    0],
[2024-08-13 15:16:29,494][flwr][INFO] - 	       [1009,    0,    0,    0,    0,    0,    0,    0,    0,    0]],
[2024-08-13 15:16:29,494][flwr][INFO] - 	      dtype=int64)),
[2024-08-13 15:16:29,494][flwr][INFO] - 	                      (1,
[2024-08-13 15:16:29,494][flwr][INFO] - 	                       array([[963,   0,   2,   2,   0,   0,   3,   0,  10,   0],
[2024-08-13 15:16:29,494][flwr][INFO] - 	       [  0, 509, 544,   3,   0,   0,   2,   0,  40,  37],
[2024-08-13 15:16:29,494][flwr][INFO] - 	       [ 77,   1, 810,  50,   4,   0,   8,   7,  59,  16],
[2024-08-13 15:16:29,494][flwr][INFO] - 	       [ 38,   0,  37, 774,   1,   0,   2,   5,  95,  58],
[2024-08-13 15:16:29,494][flwr][INFO] - 	       [ 59,   0,  13,   0, 208,   0,   8,   5,  55, 634],
[2024-08-13 15:16:29,494][flwr][INFO] - 	       [262,  10,  60, 170,   3,   0,   9,   3, 249, 126],
[2024-08-13 15:16:29,494][flwr][INFO] - 	       [183,   1,  91,   2,   7,   0, 633,   8,  14,  19],
[2024-08-13 15:16:29,494][flwr][INFO] - 	       [ 52,   5,  47,   1,   3,   0,   0, 396, 339, 185],
[2024-08-13 15:16:29,494][flwr][INFO] - 	       [ 60,   0,  39,  94,   2,   0,   0,   1, 691,  87],
[2024-08-13 15:16:29,494][flwr][INFO] - 	       [ 68,   0,   2,   4,  11,   0,   0,   5,  76, 843]], dtype=int64)),
[2024-08-13 15:16:29,494][flwr][INFO] - 	                      (2,
[2024-08-13 15:16:29,495][flwr][INFO] - 	                       array([[848,   4,   2,  21,   5,   3,  75,  21,   1,   0],
[2024-08-13 15:16:29,495][flwr][INFO] - 	       [  0, 999, 102,   4,   2,   0,   4,  24,   0,   0],
[2024-08-13 15:16:29,495][flwr][INFO] - 	       [ 14,  26, 632, 202,  32,   0,  40,  75,  11,   0],
[2024-08-13 15:16:29,495][flwr][INFO] - 	       [  0,  13,   7, 884,  41,   1,   8,  35,  13,   8],
[2024-08-13 15:16:29,495][flwr][INFO] - 	       [  2,   4,   2,   0, 854,   0,  23,  92,   3,   2],
[2024-08-13 15:16:29,495][flwr][INFO] - 	       [ 10,  99,  10, 230,  70, 305,  63,  74,  20,  11],
[2024-08-13 15:16:29,495][flwr][INFO] - 	       [ 12,  18,  15,   1,  25,   1, 835,  51,   0,   0],
[2024-08-13 15:16:29,495][flwr][INFO] - 	       [  4,  28,  30,   2,  19,   0,   1, 937,   7,   0],
[2024-08-13 15:16:29,495][flwr][INFO] - 	       [  5,  71,  12, 250, 104,   8,  31,  56, 406,  31],
[2024-08-13 15:16:29,495][flwr][INFO] - 	       [ 18,   9,   1,   9, 405,   2,   3, 407,   6, 149]], dtype=int64)),
[2024-08-13 15:16:29,495][flwr][INFO] - 	                      (3,
[2024-08-13 15:16:29,495][flwr][INFO] - 	                       array([[895,   9,   2,   4,   0,  22,  26,   0,  21,   1],
[2024-08-13 15:16:29,495][flwr][INFO] - 	       [  0, 878, 221,   1,   0,   3,   2,   0,  21,   9],
[2024-08-13 15:16:29,495][flwr][INFO] - 	       [ 13,  17, 843,  38,   7,   8,  16,   9,  66,  15],
[2024-08-13 15:16:29,495][flwr][INFO] - 	       [  0,  17,  36, 713,   2,  63,   9,   5, 115,  50],
[2024-08-13 15:16:29,495][flwr][INFO] - 	       [  7,   5,   7,   0, 382,  53,  21,   4,  27, 476],
[2024-08-13 15:16:29,495][flwr][INFO] - 	       [ 16,  55,  35,  61,   1, 576,  23,   4,  90,  31],
[2024-08-13 15:16:29,496][flwr][INFO] - 	       [ 20,  12,  67,   0,   8,  20, 816,   9,   2,   4],
[2024-08-13 15:16:29,496][flwr][INFO] - 	       [ 24,  18,  43,   0,   8,   8,   0, 463, 301, 163],
[2024-08-13 15:16:29,496][flwr][INFO] - 	       [  5,  16,  33,  39,   3,  50,  11,   2, 754,  61],
[2024-08-13 15:16:29,496][flwr][INFO] - 	       [ 28,   3,   4,   3,  14,  18,   1,   5,  47, 886]], dtype=int64)),
[2024-08-13 15:16:29,496][flwr][INFO] - 	                      (4,
[2024-08-13 15:16:29,496][flwr][INFO] - 	                       array([[ 889,   15,    1,   15,    3,    2,   35,   20,    0,    0],
[2024-08-13 15:16:29,496][flwr][INFO] - 	       [   0, 1007,   98,    9,    2,    2,    4,   12,    0,    1],
[2024-08-13 15:16:29,496][flwr][INFO] - 	       [  14,   25,  689,  172,   29,    0,   24,   65,   13,    1],
[2024-08-13 15:16:29,496][flwr][INFO] - 	       [   1,   13,    7,  890,   19,   11,    6,   30,    7,   26],
[2024-08-13 15:16:29,496][flwr][INFO] - 	       [   4,    4,    1,    0,  861,    1,   22,   78,    1,   10],
[2024-08-13 15:16:29,496][flwr][INFO] - 	       [  16,   93,   10,  165,   45,  444,   51,   48,    7,   13],
[2024-08-13 15:16:29,496][flwr][INFO] - 	       [  13,   15,   16,    1,   18,    4,  829,   62,    0,    0],
[2024-08-13 15:16:29,496][flwr][INFO] - 	       [   6,   27,   32,    4,   18,    0,    1,  934,    4,    2],
[2024-08-13 15:16:29,496][flwr][INFO] - 	       [  16,   76,   13,  227,   65,   27,   36,   44,  377,   93],
[2024-08-13 15:16:29,496][flwr][INFO] - 	       [  31,   10,    3,    8,  252,    4,    1,  290,    0,  410]],
[2024-08-13 15:16:29,496][flwr][INFO] - 	      dtype=int64)),
[2024-08-13 15:16:29,496][flwr][INFO] - 	                      (5,
[2024-08-13 15:16:29,497][flwr][INFO] - 	                       array([[912,  21,   2,   3,   0,   9,  20,   0,  13,   0],
[2024-08-13 15:16:29,497][flwr][INFO] - 	       [  0, 949, 133,   3,   1,   4,   4,   0,  38,   3],
[2024-08-13 15:16:29,497][flwr][INFO] - 	       [ 16,  20, 801,  52,   9,   5,  22,  11,  82,  14],
[2024-08-13 15:16:29,497][flwr][INFO] - 	       [  4,  19,  17, 720,   7,  65,  17,   5, 123,  33],
[2024-08-13 15:16:29,497][flwr][INFO] - 	       [ 12,   4,   3,   0, 606,  28,  24,   3,  32, 270],
[2024-08-13 15:16:29,497][flwr][INFO] - 	       [ 19,  60,  10,  38,   7, 582,  42,   5, 107,  22],
[2024-08-13 15:16:29,497][flwr][INFO] - 	       [ 17,  14,  29,   0,  16,  10, 854,  14,   2,   2],
[2024-08-13 15:16:29,497][flwr][INFO] - 	       [ 32,  21,  31,   1,  16,   5,   0, 478, 319, 125],
[2024-08-13 15:16:29,497][flwr][INFO] - 	       [ 12,  15,  21,  21,   7,  33,  18,   1, 807,  39],
[2024-08-13 15:16:29,497][flwr][INFO] - 	       [ 41,   4,   3,   2,  21,  12,   1,   5,  53, 867]], dtype=int64)),
[2024-08-13 15:16:29,497][flwr][INFO] - 	                      (6,
[2024-08-13 15:16:29,497][flwr][INFO] - 	                       array([[ 884,   30,    1,   10,    3,    4,   26,   22,    0,    0],
[2024-08-13 15:16:29,497][flwr][INFO] - 	       [   0, 1010,   88,   17,    2,    2,    7,    9,    0,    0],
[2024-08-13 15:16:29,497][flwr][INFO] - 	       [  12,   22,  705,  174,   24,    0,   24,   56,   14,    1],
[2024-08-13 15:16:29,497][flwr][INFO] - 	       [   2,    8,    6,  901,   11,   21,    5,   30,    8,   18],
[2024-08-13 15:16:29,497][flwr][INFO] - 	       [   3,    4,    1,    0,  871,    2,   21,   68,    1,   11],
[2024-08-13 15:16:29,497][flwr][INFO] - 	       [  19,   74,    9,  133,   36,  510,   49,   47,    9,    6],
[2024-08-13 15:16:29,498][flwr][INFO] - 	       [   9,   12,   16,    2,   17,    5,  829,   68,    0,    0],
[2024-08-13 15:16:29,498][flwr][INFO] - 	       [   7,   26,   31,    5,   17,    0,    1,  936,    3,    2],
[2024-08-13 15:16:29,498][flwr][INFO] - 	       [  22,   56,   17,  212,   46,   37,   39,   35,  444,   66],
[2024-08-13 15:16:29,498][flwr][INFO] - 	       [  41,    8,    3,   10,  178,    5,    1,  247,    0,  516]],
[2024-08-13 15:16:29,498][flwr][INFO] - 	      dtype=int64)),
[2024-08-13 15:16:29,498][flwr][INFO] - 	                      (7,
[2024-08-13 15:16:29,498][flwr][INFO] - 	                       array([[866,  46,   3,   2,   0,  10,  29,   3,  20,   1],
[2024-08-13 15:16:29,498][flwr][INFO] - 	       [  0, 907, 182,   2,   1,   3,   5,   1,  30,   4],
[2024-08-13 15:16:29,498][flwr][INFO] - 	       [ 10,  13, 847,  27,  15,   1,  21,  17,  68,  13],
[2024-08-13 15:16:29,498][flwr][INFO] - 	       [  2,  16,  32, 674,  24,  50,  21,  11, 123,  57],
[2024-08-13 15:16:29,498][flwr][INFO] - 	       [  8,   4,   3,   0, 650,   7,  20,   7,  19, 264],
[2024-08-13 15:16:29,498][flwr][INFO] - 	       [ 12,  53,  19,  29,  13, 537,  55,  13, 120,  41],
[2024-08-13 15:16:29,498][flwr][INFO] - 	       [ 11,  12,  31,   0,  15,   6, 855,  25,   1,   2],
[2024-08-13 15:16:29,498][flwr][INFO] - 	       [ 21,  18,  41,   0,  18,   1,   0, 643, 167, 119],
[2024-08-13 15:16:29,498][flwr][INFO] - 	       [ 11,   9,  26,  10,  12,  21,  21,   1, 808,  55],
[2024-08-13 15:16:29,498][flwr][INFO] - 	       [ 33,   4,   4,   2,  22,   6,   1,   8,  32, 897]], dtype=int64)),
[2024-08-13 15:16:29,498][flwr][INFO] - 	                      (8,
[2024-08-13 15:16:29,499][flwr][INFO] - 	                       array([[ 881,   47,    1,   13,    1,    9,   13,   13,    2,    0],
[2024-08-13 15:16:29,499][flwr][INFO] - 	       [   0, 1052,   42,   25,    2,    3,    3,    5,    3,    0],
[2024-08-13 15:16:29,499][flwr][INFO] - 	       [  14,   24,  544,  330,   23,    1,   22,   57,   17,    0],
[2024-08-13 15:16:29,499][flwr][INFO] - 	       [   2,   12,    2,  912,   10,   23,    2,   26,   17,    4],
[2024-08-13 15:16:29,499][flwr][INFO] - 	       [  12,    5,    1,    1,  863,   18,   17,   59,    2,    4],
[2024-08-13 15:16:29,499][flwr][INFO] - 	       [  25,   59,    3,  124,   25,  576,   33,   36,   10,    1],
[2024-08-13 15:16:29,499][flwr][INFO] - 	       [  18,   14,   10,    2,   18,    7,  786,  103,    0,    0],
[2024-08-13 15:16:29,499][flwr][INFO] - 	       [  12,   29,   25,   11,   18,    0,    1,  923,    8,    1],
[2024-08-13 15:16:29,499][flwr][INFO] - 	       [  25,   55,    7,  233,   31,   55,   27,   27,  504,   10],
[2024-08-13 15:16:29,499][flwr][INFO] - 	       [  95,   10,    2,   11,  214,   37,    1,  248,    7,  384]],
[2024-08-13 15:16:29,499][flwr][INFO] - 	      dtype=int64)),
[2024-08-13 15:16:29,499][flwr][INFO] - 	                      (9,
[2024-08-13 15:16:29,499][flwr][INFO] - 	                       array([[845,  61,   2,   0,   1,  17,  42,   5,   7,   0],
[2024-08-13 15:16:29,499][flwr][INFO] - 	       [  0, 945, 147,   2,   2,   3,   6,   1,  26,   3],
[2024-08-13 15:16:29,499][flwr][INFO] - 	       [  9,  14, 850,  24,  16,   1,  23,  24,  57,  14],
[2024-08-13 15:16:29,499][flwr][INFO] - 	       [  4,  20,  32, 683,  35,  47,  25,  14,  92,  58],
[2024-08-13 15:16:29,500][flwr][INFO] - 	       [  7,   5,   2,   0, 724,  10,  20,  12,  14, 188],
[2024-08-13 15:16:29,500][flwr][INFO] - 	       [ 11,  51,  11,  19,  18, 566,  74,  16,  90,  36],
[2024-08-13 15:16:29,500][flwr][INFO] - 	       [ 11,  10,  25,   0,  13,   6, 849,  42,   1,   1],
[2024-08-13 15:16:29,500][flwr][INFO] - 	       [ 18,  18,  45,   1,  19,   1,   1, 762,  83,  80],
[2024-08-13 15:16:29,500][flwr][INFO] - 	       [ 10,  14,  28,   9,  17,  23,  26,   2, 770,  75],
[2024-08-13 15:16:29,500][flwr][INFO] - 	       [ 32,   5,   4,   2,  25,   7,   1,  15,  24, 894]], dtype=int64)),
[2024-08-13 15:16:29,500][flwr][INFO] - 	                      (10,
[2024-08-13 15:16:29,500][flwr][INFO] - 	                       array([[ 887,   41,    1,   11,    1,    7,   15,   12,    5,    0],
[2024-08-13 15:16:29,500][flwr][INFO] - 	       [   0, 1067,   23,   25,    2,    3,    4,    3,    8,    0],
[2024-08-13 15:16:29,500][flwr][INFO] - 	       [  14,   31,  497,  375,   22,    1,   23,   47,   22,    0],
[2024-08-13 15:16:29,500][flwr][INFO] - 	       [   2,   11,    2,  918,    3,   21,    3,   22,   21,    7],
[2024-08-13 15:16:29,500][flwr][INFO] - 	       [  11,    6,    1,    2,  873,   13,   18,   39,    5,   14],
[2024-08-13 15:16:29,500][flwr][INFO] - 	       [  23,   61,    1,  134,   19,  560,   40,   31,   19,    4],
[2024-08-13 15:16:29,500][flwr][INFO] - 	       [  18,   18,    9,    1,   15,    6,  810,   80,    1,    0],
[2024-08-13 15:16:29,500][flwr][INFO] - 	       [  13,   33,   21,   15,   20,    0,    1,  899,   22,    4],
[2024-08-13 15:16:29,500][flwr][INFO] - 	       [  22,   53,    4,  196,   21,   29,   26,   19,  587,   17],
[2024-08-13 15:16:29,500][flwr][INFO] - 	       [  80,   11,    2,   15,  105,   20,    1,  122,   13,  640]],
[2024-08-13 15:16:29,501][flwr][INFO] - 	      dtype=int64))],
[2024-08-13 15:16:29,501][flwr][INFO] - 	 'f1': [(0, 0.017493624772313296),
[2024-08-13 15:16:29,501][flwr][INFO] - 	        (1, 0.5471499123259769),
[2024-08-13 15:16:29,501][flwr][INFO] - 	        (2, 0.658971757924632),
[2024-08-13 15:16:29,501][flwr][INFO] - 	        (3, 0.7176993375258675),
[2024-08-13 15:16:29,501][flwr][INFO] - 	        (4, 0.7206481534612676),
[2024-08-13 15:16:29,501][flwr][INFO] - 	        (5, 0.7568949255384128),
[2024-08-13 15:16:29,501][flwr][INFO] - 	        (6, 0.753321665762877),
[2024-08-13 15:16:29,501][flwr][INFO] - 	        (7, 0.7692221807624735),
[2024-08-13 15:16:29,501][flwr][INFO] - 	        (8, 0.7329855815392154),
[2024-08-13 15:16:29,501][flwr][INFO] - 	        (9, 0.7890261907186916),
[2024-08-13 15:16:29,501][flwr][INFO] - 	        (10, 0.7698908234502209)],
[2024-08-13 15:16:29,501][flwr][INFO] - 	 'precision': [(0, 0.009604000000000001),
[2024-08-13 15:16:29,501][flwr][INFO] - 	               (1, 0.6403644648579973),
[2024-08-13 15:16:29,501][flwr][INFO] - 	               (2, 0.7427315645748925),
[2024-08-13 15:16:29,501][flwr][INFO] - 	               (3, 0.7689144855158448),
[2024-08-13 15:16:29,501][flwr][INFO] - 	               (4, 0.7669665538359124),
[2024-08-13 15:16:29,502][flwr][INFO] - 	               (5, 0.789262744053319),
[2024-08-13 15:16:29,502][flwr][INFO] - 	               (6, 0.7890626114834091),
[2024-08-13 15:16:29,502][flwr][INFO] - 	               (7, 0.7939537502399662),
[2024-08-13 15:16:29,502][flwr][INFO] - 	               (8, 0.783980208143313),
[2024-08-13 15:16:29,502][flwr][INFO] - 	               (9, 0.8021508484708555),
[2024-08-13 15:16:29,502][flwr][INFO] - 	               (10, 0.8038396365215075)],
[2024-08-13 15:16:29,502][flwr][INFO] - 	 'recall': [(0, 0.098),
[2024-08-13 15:16:29,502][flwr][INFO] - 	            (1, 0.5827),
[2024-08-13 15:16:29,502][flwr][INFO] - 	            (2, 0.6849),
[2024-08-13 15:16:29,502][flwr][INFO] - 	            (3, 0.7206),
[2024-08-13 15:16:29,502][flwr][INFO] - 	            (4, 0.733),
[2024-08-13 15:16:29,502][flwr][INFO] - 	            (5, 0.7576),
[2024-08-13 15:16:29,502][flwr][INFO] - 	            (6, 0.7606),
[2024-08-13 15:16:29,502][flwr][INFO] - 	            (7, 0.7684),
[2024-08-13 15:16:29,502][flwr][INFO] - 	            (8, 0.7425),
[2024-08-13 15:16:29,502][flwr][INFO] - 	            (9, 0.7888),
[2024-08-13 15:16:29,502][flwr][INFO] - 	            (10, 0.7738)]}
[2024-08-13 15:16:29,503][flwr][INFO] - 
