[2024-08-13 13:05:36,834][flwr][INFO] - Starting Flower simulation, config: num_rounds=10, no round_timeout
[2024-08-13 13:05:41,021][flwr][INFO] - Flower VCE: Ray initialized with resources: {'GPU': 1.0, 'object_store_memory': 2528740147.0, 'memory': 5057480295.0, 'node:127.0.0.1': 1.0, 'accelerator_type:G': 1.0, 'node:__internal_head__': 1.0, 'CPU': 16.0}
[2024-08-13 13:05:41,022][flwr][INFO] - Optimize your simulation with Flower VCE: https://flower.ai/docs/framework/how-to-run-simulations.html
[2024-08-13 13:05:41,022][flwr][INFO] - Flower VCE: Resources for each Virtual Client: {'num_cpus': 2, 'num_gpus': 0.5}
[2024-08-13 13:05:41,033][flwr][INFO] - Flower VCE: Creating VirtualClientEngineActorPool with 2 actors
[2024-08-13 13:05:41,034][flwr][INFO] - [INIT]
[2024-08-13 13:05:41,034][flwr][INFO] - Requesting initial parameters from one random client
[2024-08-13 13:05:48,320][flwr][INFO] - Received initial parameters from one random client
[2024-08-13 13:05:48,320][flwr][INFO] - Evaluating initial global parameters
[2024-08-13 13:05:50,537][flwr][INFO] - initial parameters (loss, other metrics): 2.3025850929940455, {'accuracy': 0.098, 'precision': 0.009604000000000001, 'recall': 0.098, 'f1': 0.017493624772313296, 'confusion_matrix': array([[ 980,    0,    0,    0,    0,    0,    0,    0,    0,    0],
       [1135,    0,    0,    0,    0,    0,    0,    0,    0,    0],
       [1032,    0,    0,    0,    0,    0,    0,    0,    0,    0],
       [1010,    0,    0,    0,    0,    0,    0,    0,    0,    0],
       [ 982,    0,    0,    0,    0,    0,    0,    0,    0,    0],
       [ 892,    0,    0,    0,    0,    0,    0,    0,    0,    0],
       [ 958,    0,    0,    0,    0,    0,    0,    0,    0,    0],
       [1028,    0,    0,    0,    0,    0,    0,    0,    0,    0],
       [ 974,    0,    0,    0,    0,    0,    0,    0,    0,    0],
       [1009,    0,    0,    0,    0,    0,    0,    0,    0,    0]],
      dtype=int64)}
[2024-08-13 13:05:50,538][flwr][INFO] - 
[2024-08-13 13:05:50,538][flwr][INFO] - [ROUND 1]
[2024-08-13 13:05:50,539][flwr][INFO] - configure_fit: strategy sampled 10 clients (out of 10)
[2024-08-13 13:05:58,804][flwr][INFO] - aggregate_fit: received 10 results and 0 failures
[2024-08-13 13:05:58,807][flwr][WARNING] - No fit_metrics_aggregation_fn provided
[2024-08-13 13:06:00,901][flwr][INFO] - fit progress: (1, 1.0199066730506146, {'accuracy': 0.6705, 'precision': 0.7578048463010132, 'recall': 0.6705, 'f1': 0.6341141173440579, 'confusion_matrix': array([[960,   0,   2,   4,   0,   0,   5,   1,   8,   0],
       [  0, 942, 142,   7,   0,   0,   4,   1,  35,   4],
       [101,   5, 682, 133,   2,   0,  15,  19,  51,  24],
       [ 36,   3,  14, 857,   0,   0,   6,  10,  56,  28],
       [ 64,   4,   5,   0, 223,   0,  19,  13,  35, 619],
       [313,  53,  21, 208,   2,   7,  26,  15, 159,  88],
       [137,  12,  26,   5,   3,   0, 758,   6,   8,   3],
       [ 43,  20,  25,   2,   0,   0,   1, 741, 109,  87],
       [ 64,   4,  16, 139,   2,   0,   9,   3, 675,  62],
       [ 73,   4,   1,   8,   7,   0,   1,  12,  43, 860]], dtype=int64)}, 10.363092300001881)
[2024-08-13 13:06:00,902][flwr][INFO] - configure_evaluate: no clients selected, skipping evaluation
[2024-08-13 13:06:00,902][flwr][INFO] - 
[2024-08-13 13:06:00,902][flwr][INFO] - [ROUND 2]
[2024-08-13 13:06:00,903][flwr][INFO] - configure_fit: strategy sampled 10 clients (out of 10)
[2024-08-13 13:06:07,498][flwr][INFO] - aggregate_fit: received 10 results and 0 failures
[2024-08-13 13:06:09,602][flwr][INFO] - fit progress: (2, 0.8191735125524708, {'accuracy': 0.783, 'precision': 0.7945486145555892, 'recall': 0.783, 'f1': 0.7768584694548839, 'confusion_matrix': array([[921,   0,   3,   3,   0,   2,  37,   5,   9,   0],
       [  0, 992, 119,   5,   1,   2,   5,   1,  10,   0],
       [ 24,   8, 820,  63,  21,   0,  24,  33,  38,   1],
       [  9,   7,  25, 838,   7,  18,  11,  18,  64,  13],
       [ 10,   5,   6,   0, 852,   1,  28,  37,  18,  25],
       [ 43,  66,  20, 168,  29, 425,  47,  34,  48,  12],
       [ 32,  14,  30,   0,  16,   5, 848,  12,   1,   0],
       [ 11,  28,  45,   1,  18,   0,   1, 881,  37,   6],
       [ 26,  23,  29, 114,  26,  12,  26,  14, 691,  13],
       [ 34,   9,   2,   4, 202,   4,   2, 151,  39, 562]], dtype=int64)}, 19.063459299999522)
[2024-08-13 13:06:09,603][flwr][INFO] - configure_evaluate: no clients selected, skipping evaluation
[2024-08-13 13:06:09,603][flwr][INFO] - 
[2024-08-13 13:06:09,603][flwr][INFO] - [ROUND 3]
[2024-08-13 13:06:09,603][flwr][INFO] - configure_fit: strategy sampled 10 clients (out of 10)
[2024-08-13 13:06:16,201][flwr][INFO] - aggregate_fit: received 10 results and 0 failures
[2024-08-13 13:06:18,295][flwr][INFO] - fit progress: (3, 0.8310243279602221, {'accuracy': 0.7889, 'precision': 0.8016882302217545, 'recall': 0.7889, 'f1': 0.7890993699731, 'confusion_matrix': array([[ 895,    2,    2,    1,    0,   31,   37,    2,    8,    2],
       [   0, 1032,   72,    3,    1,    7,    5,    1,    4,   10],
       [  16,   15,  797,   63,   13,    3,   24,   28,   49,   24],
       [   3,    9,   17,  788,    2,   60,   10,   11,   39,   71],
       [   7,    5,    3,    0,  628,   19,   21,   14,    8,  277],
       [  16,   65,   12,   79,    6,  618,   34,   15,   22,   25],
       [  20,   15,   28,    1,   14,   17,  844,   16,    1,    2],
       [  12,   32,   32,    1,   16,    0,    0,  779,   52,  104],
       [   7,   31,   20,   71,   11,   65,   20,    5,  615,  129],
       [  22,    6,    2,    5,   29,   20,    1,   19,   12,  893]],
      dtype=int64)}, 27.756885399998282)
[2024-08-13 13:06:18,296][flwr][INFO] - configure_evaluate: no clients selected, skipping evaluation
[2024-08-13 13:06:18,296][flwr][INFO] - 
[2024-08-13 13:06:18,296][flwr][INFO] - [ROUND 4]
[2024-08-13 13:06:18,297][flwr][INFO] - configure_fit: strategy sampled 10 clients (out of 10)
[2024-08-13 13:06:24,738][flwr][INFO] - aggregate_fit: received 10 results and 0 failures
[2024-08-13 13:06:26,839][flwr][INFO] - fit progress: (4, 0.8655080870615391, {'accuracy': 0.7638, 'precision': 0.7970100637461897, 'recall': 0.7638, 'f1': 0.7484671159892033, 'confusion_matrix': array([[ 894,    4,    2,    8,    6,    8,   30,   17,   11,    0],
       [   0, 1020,   79,    7,    1,    3,    4,    3,   18,    0],
       [  16,   12,  779,   81,   32,    0,   19,   40,   53,    0],
       [   0,    7,   13,  836,   20,   23,    8,   22,   80,    1],
       [   6,    4,    1,    0,  903,    1,   15,   37,   13,    2],
       [  19,   76,   12,  113,   38,  499,   39,   34,   61,    1],
       [  14,   16,   24,    1,   21,    5,  831,   44,    2,    0],
       [   6,   25,   35,    1,   23,    0,    0,  884,   54,    0],
       [  10,   29,   17,   75,   42,   13,   19,   10,  758,    1],
       [  27,    8,    2,    3,  412,    7,    1,  227,   88,  234]],
      dtype=int64)}, 36.30078330000106)
[2024-08-13 13:06:26,839][flwr][INFO] - configure_evaluate: no clients selected, skipping evaluation
[2024-08-13 13:06:26,840][flwr][INFO] - 
[2024-08-13 13:06:26,840][flwr][INFO] - [ROUND 5]
[2024-08-13 13:06:26,840][flwr][INFO] - configure_fit: strategy sampled 10 clients (out of 10)
[2024-08-13 13:06:33,677][flwr][INFO] - aggregate_fit: received 10 results and 0 failures
[2024-08-13 13:06:35,805][flwr][INFO] - fit progress: (5, 0.8419682604266334, {'accuracy': 0.8112, 'precision': 0.8130091266263183, 'recall': 0.8112, 'f1': 0.809653220239095, 'confusion_matrix': array([[ 906,    4,    3,    8,    0,   11,   33,    8,    7,    0],
       [   0, 1030,   76,    6,    1,    7,    5,    1,    6,    3],
       [  13,   17,  810,   71,   13,    1,   23,   33,   41,   10],
       [   1,    9,   15,  840,    4,   40,   10,   17,   36,   38],
       [   5,    5,    2,    0,  756,   19,   23,   37,   10,  125],
       [  12,   72,   11,   86,    9,  594,   40,   24,   23,   21],
       [  13,   14,   30,    1,   10,   10,  847,   32,    1,    0],
       [  10,   29,   39,    2,   13,    0,    2,  844,   41,   48],
       [  15,   42,   19,   87,   16,   39,   23,    8,  633,   92],
       [  27,    7,    2,    5,   39,   16,    2,   45,   14,  852]],
      dtype=int64)}, 45.26688920000743)
[2024-08-13 13:06:35,806][flwr][INFO] - configure_evaluate: no clients selected, skipping evaluation
[2024-08-13 13:06:35,806][flwr][INFO] - 
[2024-08-13 13:06:35,806][flwr][INFO] - [ROUND 6]
[2024-08-13 13:06:35,807][flwr][INFO] - configure_fit: strategy sampled 10 clients (out of 10)
[2024-08-13 13:06:42,440][flwr][INFO] - aggregate_fit: received 10 results and 0 failures
[2024-08-13 13:06:44,521][flwr][INFO] - fit progress: (6, 0.8548302224329869, {'accuracy': 0.8136, 'precision': 0.8223480687902119, 'recall': 0.8136, 'f1': 0.8123583159524363, 'confusion_matrix': array([[ 899,   19,    1,    5,    1,   11,   25,   11,    8,    0],
       [   0, 1030,   59,    6,    1,    4,    6,    1,   28,    0],
       [  11,   18,  798,   58,   33,    0,   19,   35,   59,    1],
       [   2,   16,   11,  801,   19,   36,   11,   17,   89,    8],
       [   3,    4,    1,    0,  894,    5,   18,   25,   17,   15],
       [  13,   67,    6,   70,   20,  575,   42,   25,   68,    6],
       [  12,   16,   22,    0,   19,    7,  836,   45,    1,    0],
       [  10,   27,   33,    2,   24,    0,    0,  855,   67,   10],
       [  11,   28,   15,   45,   31,   18,   21,    7,  789,    9],
       [  36,    8,    2,    3,  144,   16,    1,   87,   53,  659]],
      dtype=int64)}, 53.98315559999901)
[2024-08-13 13:06:44,522][flwr][INFO] - configure_evaluate: no clients selected, skipping evaluation
[2024-08-13 13:06:44,522][flwr][INFO] - 
[2024-08-13 13:06:44,522][flwr][INFO] - [ROUND 7]
[2024-08-13 13:06:44,522][flwr][INFO] - configure_fit: strategy sampled 10 clients (out of 10)
[2024-08-13 13:06:51,420][flwr][INFO] - aggregate_fit: received 10 results and 0 failures
[2024-08-13 13:06:53,501][flwr][INFO] - fit progress: (7, 0.8511218475792064, {'accuracy': 0.8032, 'precision': 0.8129878967255492, 'recall': 0.8032, 'f1': 0.8015015198063448, 'confusion_matrix': array([[ 894,   26,    1,    6,    1,   11,   26,    9,    6,    0],
       [   0, 1033,   68,   10,    1,    5,    7,    1,    4,    6],
       [  13,   19,  800,   77,   11,    2,   21,   36,   35,   18],
       [   2,   12,   10,  843,    3,   40,   12,   16,   18,   54],
       [   6,    5,    2,    0,  733,   14,   20,   25,    4,  173],
       [  13,   61,    8,   77,    8,  611,   44,   24,   18,   28],
       [  12,   14,   21,    0,    8,    8,  853,   40,    0,    2],
       [  11,   27,   36,    5,   16,    1,    1,  838,   25,   68],
       [  15,   43,   21,   89,   12,   39,   25,   10,  538,  182],
       [  27,    7,    2,    6,   25,   14,    1,   35,    3,  889]],
      dtype=int64)}, 62.96291499999643)
[2024-08-13 13:06:53,502][flwr][INFO] - configure_evaluate: no clients selected, skipping evaluation
[2024-08-13 13:06:53,502][flwr][INFO] - 
[2024-08-13 13:06:53,502][flwr][INFO] - [ROUND 8]
[2024-08-13 13:06:53,502][flwr][INFO] - configure_fit: strategy sampled 10 clients (out of 10)
[2024-08-13 13:07:00,160][flwr][INFO] - aggregate_fit: received 10 results and 0 failures
[2024-08-13 13:07:02,252][flwr][INFO] - fit progress: (8, 0.8523287103420902, {'accuracy': 0.8175, 'precision': 0.8259599282118357, 'recall': 0.8175, 'f1': 0.816672219773135, 'confusion_matrix': array([[ 888,   37,    2,    3,    1,    9,   23,   10,    7,    0],
       [   0, 1027,   57,    9,    1,    4,    6,    1,   30,    0],
       [  11,   15,  801,   56,   31,    0,   21,   34,   62,    1],
       [   2,   15,   10,  807,   16,   39,   13,   15,   87,    6],
       [   6,    4,    2,    0,  884,   11,   18,   25,   19,   13],
       [  12,   57,    6,   62,   14,  605,   43,   22,   68,    3],
       [  12,   13,   18,    0,   17,    7,  845,   45,    1,    0],
       [  11,   24,   33,    3,   23,    1,    1,  856,   67,    9],
       [  13,   25,   16,   36,   27,   25,   21,    5,  800,    6],
       [  45,    7,    2,    3,  119,   21,    1,   87,   62,  662]],
      dtype=int64)}, 71.71364139999787)
[2024-08-13 13:07:02,253][flwr][INFO] - configure_evaluate: no clients selected, skipping evaluation
[2024-08-13 13:07:02,253][flwr][INFO] - 
[2024-08-13 13:07:02,253][flwr][INFO] - [ROUND 9]
[2024-08-13 13:07:02,253][flwr][INFO] - configure_fit: strategy sampled 10 clients (out of 10)
[2024-08-13 13:07:09,130][flwr][INFO] - aggregate_fit: received 10 results and 0 failures
[2024-08-13 13:07:11,364][flwr][INFO] - fit progress: (9, 0.8439253786363221, {'accuracy': 0.8138, 'precision': 0.8186209395825849, 'recall': 0.8138, 'f1': 0.8120959282387814, 'confusion_matrix': array([[ 886,   40,    2,    3,    1,    9,   24,    9,    6,    0],
       [   0, 1034,   65,   11,    2,    6,    8,    1,    5,    3],
       [  11,   20,  805,   69,   13,    1,   22,   38,   37,   16],
       [   3,   12,   10,  843,    6,   39,   13,   17,   21,   46],
       [   7,    5,    2,    0,  789,   11,   18,   28,    3,  119],
       [  14,   60,    5,   73,    8,  617,   47,   24,   19,   25],
       [  11,   13,   17,    0,   11,    8,  854,   43,    0,    1],
       [  11,   26,   35,    5,   17,    2,    1,  851,   26,   54],
       [  19,   39,   20,   75,   15,   40,   27,   10,  586,  143],
       [  32,    7,    2,    6,   35,   12,    1,   37,    4,  873]],
      dtype=int64)}, 80.82592909999948)
[2024-08-13 13:07:11,365][flwr][INFO] - configure_evaluate: no clients selected, skipping evaluation
[2024-08-13 13:07:11,365][flwr][INFO] - 
[2024-08-13 13:07:11,365][flwr][INFO] - [ROUND 10]
[2024-08-13 13:07:11,365][flwr][INFO] - configure_fit: strategy sampled 10 clients (out of 10)
[2024-08-13 13:07:18,041][flwr][INFO] - aggregate_fit: received 10 results and 0 failures
[2024-08-13 13:07:20,155][flwr][INFO] - fit progress: (10, 0.8370453923169534, {'accuracy': 0.8244, 'precision': 0.8305840474105602, 'recall': 0.8244, 'f1': 0.8239579817749385, 'confusion_matrix': array([[ 886,   41,    3,    3,    1,    8,   21,   11,    6,    0],
       [   0, 1031,   50,   10,    1,    5,    6,    1,   31,    0],
       [  10,   17,  804,   57,   25,    0,   20,   36,   60,    3],
       [   2,   15,   10,  812,   14,   39,   12,   15,   83,    8],
       [   7,    4,    2,    0,  873,   13,   19,   27,   19,   18],
       [  13,   54,    4,   60,   13,  611,   44,   23,   67,    3],
       [  12,   13,   16,    0,   12,    8,  851,   45,    1,    0],
       [  12,   25,   32,    4,   23,    1,    1,  855,   63,   12],
       [  13,   21,   16,   34,   24,   27,   21,    5,  804,    9],
       [  46,    6,    2,    3,   96,   18,    1,   67,   53,  717]],
      dtype=int64)}, 89.61673579999479)
[2024-08-13 13:07:20,156][flwr][INFO] - configure_evaluate: no clients selected, skipping evaluation
[2024-08-13 13:07:20,156][flwr][INFO] - 
[2024-08-13 13:07:20,156][flwr][INFO] - [SUMMARY]
[2024-08-13 13:07:20,156][flwr][INFO] - Run finished 10 round(s) in 89.62s
[2024-08-13 13:07:20,164][flwr][INFO] - 	History (loss, centralized):
[2024-08-13 13:07:20,164][flwr][INFO] - 		round 0: 2.3025850929940455
[2024-08-13 13:07:20,165][flwr][INFO] - 		round 1: 1.0199066730506146
[2024-08-13 13:07:20,165][flwr][INFO] - 		round 2: 0.8191735125524708
[2024-08-13 13:07:20,165][flwr][INFO] - 		round 3: 0.8310243279602221
[2024-08-13 13:07:20,165][flwr][INFO] - 		round 4: 0.8655080870615391
[2024-08-13 13:07:20,165][flwr][INFO] - 		round 5: 0.8419682604266334
[2024-08-13 13:07:20,165][flwr][INFO] - 		round 6: 0.8548302224329869
[2024-08-13 13:07:20,165][flwr][INFO] - 		round 7: 0.8511218475792064
[2024-08-13 13:07:20,165][flwr][INFO] - 		round 8: 0.8523287103420902
[2024-08-13 13:07:20,165][flwr][INFO] - 		round 9: 0.8439253786363221
[2024-08-13 13:07:20,165][flwr][INFO] - 		round 10: 0.8370453923169534
[2024-08-13 13:07:20,165][flwr][INFO] - 	History (metrics, centralized):
[2024-08-13 13:07:20,165][flwr][INFO] - 	{'accuracy': [(0, 0.098),
[2024-08-13 13:07:20,165][flwr][INFO] - 	              (1, 0.6705),
[2024-08-13 13:07:20,165][flwr][INFO] - 	              (2, 0.783),
[2024-08-13 13:07:20,165][flwr][INFO] - 	              (3, 0.7889),
[2024-08-13 13:07:20,165][flwr][INFO] - 	              (4, 0.7638),
[2024-08-13 13:07:20,166][flwr][INFO] - 	              (5, 0.8112),
[2024-08-13 13:07:20,166][flwr][INFO] - 	              (6, 0.8136),
[2024-08-13 13:07:20,166][flwr][INFO] - 	              (7, 0.8032),
[2024-08-13 13:07:20,166][flwr][INFO] - 	              (8, 0.8175),
[2024-08-13 13:07:20,166][flwr][INFO] - 	              (9, 0.8138),
[2024-08-13 13:07:20,166][flwr][INFO] - 	              (10, 0.8244)],
[2024-08-13 13:07:20,166][flwr][INFO] - 	 'confusion_matrix': [(0,
[2024-08-13 13:07:20,166][flwr][INFO] - 	                       array([[ 980,    0,    0,    0,    0,    0,    0,    0,    0,    0],
[2024-08-13 13:07:20,166][flwr][INFO] - 	       [1135,    0,    0,    0,    0,    0,    0,    0,    0,    0],
[2024-08-13 13:07:20,166][flwr][INFO] - 	       [1032,    0,    0,    0,    0,    0,    0,    0,    0,    0],
[2024-08-13 13:07:20,166][flwr][INFO] - 	       [1010,    0,    0,    0,    0,    0,    0,    0,    0,    0],
[2024-08-13 13:07:20,166][flwr][INFO] - 	       [ 982,    0,    0,    0,    0,    0,    0,    0,    0,    0],
[2024-08-13 13:07:20,166][flwr][INFO] - 	       [ 892,    0,    0,    0,    0,    0,    0,    0,    0,    0],
[2024-08-13 13:07:20,166][flwr][INFO] - 	       [ 958,    0,    0,    0,    0,    0,    0,    0,    0,    0],
[2024-08-13 13:07:20,166][flwr][INFO] - 	       [1028,    0,    0,    0,    0,    0,    0,    0,    0,    0],
[2024-08-13 13:07:20,166][flwr][INFO] - 	       [ 974,    0,    0,    0,    0,    0,    0,    0,    0,    0],
[2024-08-13 13:07:20,166][flwr][INFO] - 	       [1009,    0,    0,    0,    0,    0,    0,    0,    0,    0]],
[2024-08-13 13:07:20,167][flwr][INFO] - 	      dtype=int64)),
[2024-08-13 13:07:20,167][flwr][INFO] - 	                      (1,
[2024-08-13 13:07:20,167][flwr][INFO] - 	                       array([[960,   0,   2,   4,   0,   0,   5,   1,   8,   0],
[2024-08-13 13:07:20,167][flwr][INFO] - 	       [  0, 942, 142,   7,   0,   0,   4,   1,  35,   4],
[2024-08-13 13:07:20,167][flwr][INFO] - 	       [101,   5, 682, 133,   2,   0,  15,  19,  51,  24],
[2024-08-13 13:07:20,167][flwr][INFO] - 	       [ 36,   3,  14, 857,   0,   0,   6,  10,  56,  28],
[2024-08-13 13:07:20,167][flwr][INFO] - 	       [ 64,   4,   5,   0, 223,   0,  19,  13,  35, 619],
[2024-08-13 13:07:20,167][flwr][INFO] - 	       [313,  53,  21, 208,   2,   7,  26,  15, 159,  88],
[2024-08-13 13:07:20,167][flwr][INFO] - 	       [137,  12,  26,   5,   3,   0, 758,   6,   8,   3],
[2024-08-13 13:07:20,167][flwr][INFO] - 	       [ 43,  20,  25,   2,   0,   0,   1, 741, 109,  87],
[2024-08-13 13:07:20,167][flwr][INFO] - 	       [ 64,   4,  16, 139,   2,   0,   9,   3, 675,  62],
[2024-08-13 13:07:20,167][flwr][INFO] - 	       [ 73,   4,   1,   8,   7,   0,   1,  12,  43, 860]], dtype=int64)),
[2024-08-13 13:07:20,167][flwr][INFO] - 	                      (2,
[2024-08-13 13:07:20,167][flwr][INFO] - 	                       array([[921,   0,   3,   3,   0,   2,  37,   5,   9,   0],
[2024-08-13 13:07:20,167][flwr][INFO] - 	       [  0, 992, 119,   5,   1,   2,   5,   1,  10,   0],
[2024-08-13 13:07:20,167][flwr][INFO] - 	       [ 24,   8, 820,  63,  21,   0,  24,  33,  38,   1],
[2024-08-13 13:07:20,167][flwr][INFO] - 	       [  9,   7,  25, 838,   7,  18,  11,  18,  64,  13],
[2024-08-13 13:07:20,168][flwr][INFO] - 	       [ 10,   5,   6,   0, 852,   1,  28,  37,  18,  25],
[2024-08-13 13:07:20,168][flwr][INFO] - 	       [ 43,  66,  20, 168,  29, 425,  47,  34,  48,  12],
[2024-08-13 13:07:20,168][flwr][INFO] - 	       [ 32,  14,  30,   0,  16,   5, 848,  12,   1,   0],
[2024-08-13 13:07:20,168][flwr][INFO] - 	       [ 11,  28,  45,   1,  18,   0,   1, 881,  37,   6],
[2024-08-13 13:07:20,168][flwr][INFO] - 	       [ 26,  23,  29, 114,  26,  12,  26,  14, 691,  13],
[2024-08-13 13:07:20,168][flwr][INFO] - 	       [ 34,   9,   2,   4, 202,   4,   2, 151,  39, 562]], dtype=int64)),
[2024-08-13 13:07:20,168][flwr][INFO] - 	                      (3,
[2024-08-13 13:07:20,168][flwr][INFO] - 	                       array([[ 895,    2,    2,    1,    0,   31,   37,    2,    8,    2],
[2024-08-13 13:07:20,168][flwr][INFO] - 	       [   0, 1032,   72,    3,    1,    7,    5,    1,    4,   10],
[2024-08-13 13:07:20,168][flwr][INFO] - 	       [  16,   15,  797,   63,   13,    3,   24,   28,   49,   24],
[2024-08-13 13:07:20,168][flwr][INFO] - 	       [   3,    9,   17,  788,    2,   60,   10,   11,   39,   71],
[2024-08-13 13:07:20,168][flwr][INFO] - 	       [   7,    5,    3,    0,  628,   19,   21,   14,    8,  277],
[2024-08-13 13:07:20,168][flwr][INFO] - 	       [  16,   65,   12,   79,    6,  618,   34,   15,   22,   25],
[2024-08-13 13:07:20,168][flwr][INFO] - 	       [  20,   15,   28,    1,   14,   17,  844,   16,    1,    2],
[2024-08-13 13:07:20,168][flwr][INFO] - 	       [  12,   32,   32,    1,   16,    0,    0,  779,   52,  104],
[2024-08-13 13:07:20,168][flwr][INFO] - 	       [   7,   31,   20,   71,   11,   65,   20,    5,  615,  129],
[2024-08-13 13:07:20,168][flwr][INFO] - 	       [  22,    6,    2,    5,   29,   20,    1,   19,   12,  893]],
[2024-08-13 13:07:20,169][flwr][INFO] - 	      dtype=int64)),
[2024-08-13 13:07:20,169][flwr][INFO] - 	                      (4,
[2024-08-13 13:07:20,169][flwr][INFO] - 	                       array([[ 894,    4,    2,    8,    6,    8,   30,   17,   11,    0],
[2024-08-13 13:07:20,169][flwr][INFO] - 	       [   0, 1020,   79,    7,    1,    3,    4,    3,   18,    0],
[2024-08-13 13:07:20,169][flwr][INFO] - 	       [  16,   12,  779,   81,   32,    0,   19,   40,   53,    0],
[2024-08-13 13:07:20,169][flwr][INFO] - 	       [   0,    7,   13,  836,   20,   23,    8,   22,   80,    1],
[2024-08-13 13:07:20,169][flwr][INFO] - 	       [   6,    4,    1,    0,  903,    1,   15,   37,   13,    2],
[2024-08-13 13:07:20,169][flwr][INFO] - 	       [  19,   76,   12,  113,   38,  499,   39,   34,   61,    1],
[2024-08-13 13:07:20,169][flwr][INFO] - 	       [  14,   16,   24,    1,   21,    5,  831,   44,    2,    0],
[2024-08-13 13:07:20,169][flwr][INFO] - 	       [   6,   25,   35,    1,   23,    0,    0,  884,   54,    0],
[2024-08-13 13:07:20,169][flwr][INFO] - 	       [  10,   29,   17,   75,   42,   13,   19,   10,  758,    1],
[2024-08-13 13:07:20,169][flwr][INFO] - 	       [  27,    8,    2,    3,  412,    7,    1,  227,   88,  234]],
[2024-08-13 13:07:20,169][flwr][INFO] - 	      dtype=int64)),
[2024-08-13 13:07:20,169][flwr][INFO] - 	                      (5,
[2024-08-13 13:07:20,169][flwr][INFO] - 	                       array([[ 906,    4,    3,    8,    0,   11,   33,    8,    7,    0],
[2024-08-13 13:07:20,169][flwr][INFO] - 	       [   0, 1030,   76,    6,    1,    7,    5,    1,    6,    3],
[2024-08-13 13:07:20,170][flwr][INFO] - 	       [  13,   17,  810,   71,   13,    1,   23,   33,   41,   10],
[2024-08-13 13:07:20,170][flwr][INFO] - 	       [   1,    9,   15,  840,    4,   40,   10,   17,   36,   38],
[2024-08-13 13:07:20,170][flwr][INFO] - 	       [   5,    5,    2,    0,  756,   19,   23,   37,   10,  125],
[2024-08-13 13:07:20,170][flwr][INFO] - 	       [  12,   72,   11,   86,    9,  594,   40,   24,   23,   21],
[2024-08-13 13:07:20,170][flwr][INFO] - 	       [  13,   14,   30,    1,   10,   10,  847,   32,    1,    0],
[2024-08-13 13:07:20,170][flwr][INFO] - 	       [  10,   29,   39,    2,   13,    0,    2,  844,   41,   48],
[2024-08-13 13:07:20,170][flwr][INFO] - 	       [  15,   42,   19,   87,   16,   39,   23,    8,  633,   92],
[2024-08-13 13:07:20,170][flwr][INFO] - 	       [  27,    7,    2,    5,   39,   16,    2,   45,   14,  852]],
[2024-08-13 13:07:20,170][flwr][INFO] - 	      dtype=int64)),
[2024-08-13 13:07:20,170][flwr][INFO] - 	                      (6,
[2024-08-13 13:07:20,170][flwr][INFO] - 	                       array([[ 899,   19,    1,    5,    1,   11,   25,   11,    8,    0],
[2024-08-13 13:07:20,170][flwr][INFO] - 	       [   0, 1030,   59,    6,    1,    4,    6,    1,   28,    0],
[2024-08-13 13:07:20,170][flwr][INFO] - 	       [  11,   18,  798,   58,   33,    0,   19,   35,   59,    1],
[2024-08-13 13:07:20,170][flwr][INFO] - 	       [   2,   16,   11,  801,   19,   36,   11,   17,   89,    8],
[2024-08-13 13:07:20,170][flwr][INFO] - 	       [   3,    4,    1,    0,  894,    5,   18,   25,   17,   15],
[2024-08-13 13:07:20,170][flwr][INFO] - 	       [  13,   67,    6,   70,   20,  575,   42,   25,   68,    6],
[2024-08-13 13:07:20,170][flwr][INFO] - 	       [  12,   16,   22,    0,   19,    7,  836,   45,    1,    0],
[2024-08-13 13:07:20,171][flwr][INFO] - 	       [  10,   27,   33,    2,   24,    0,    0,  855,   67,   10],
[2024-08-13 13:07:20,171][flwr][INFO] - 	       [  11,   28,   15,   45,   31,   18,   21,    7,  789,    9],
[2024-08-13 13:07:20,171][flwr][INFO] - 	       [  36,    8,    2,    3,  144,   16,    1,   87,   53,  659]],
[2024-08-13 13:07:20,171][flwr][INFO] - 	      dtype=int64)),
[2024-08-13 13:07:20,171][flwr][INFO] - 	                      (7,
[2024-08-13 13:07:20,171][flwr][INFO] - 	                       array([[ 894,   26,    1,    6,    1,   11,   26,    9,    6,    0],
[2024-08-13 13:07:20,171][flwr][INFO] - 	       [   0, 1033,   68,   10,    1,    5,    7,    1,    4,    6],
[2024-08-13 13:07:20,171][flwr][INFO] - 	       [  13,   19,  800,   77,   11,    2,   21,   36,   35,   18],
[2024-08-13 13:07:20,171][flwr][INFO] - 	       [   2,   12,   10,  843,    3,   40,   12,   16,   18,   54],
[2024-08-13 13:07:20,171][flwr][INFO] - 	       [   6,    5,    2,    0,  733,   14,   20,   25,    4,  173],
[2024-08-13 13:07:20,171][flwr][INFO] - 	       [  13,   61,    8,   77,    8,  611,   44,   24,   18,   28],
[2024-08-13 13:07:20,171][flwr][INFO] - 	       [  12,   14,   21,    0,    8,    8,  853,   40,    0,    2],
[2024-08-13 13:07:20,171][flwr][INFO] - 	       [  11,   27,   36,    5,   16,    1,    1,  838,   25,   68],
[2024-08-13 13:07:20,171][flwr][INFO] - 	       [  15,   43,   21,   89,   12,   39,   25,   10,  538,  182],
[2024-08-13 13:07:20,171][flwr][INFO] - 	       [  27,    7,    2,    6,   25,   14,    1,   35,    3,  889]],
[2024-08-13 13:07:20,171][flwr][INFO] - 	      dtype=int64)),
[2024-08-13 13:07:20,171][flwr][INFO] - 	                      (8,
[2024-08-13 13:07:20,171][flwr][INFO] - 	                       array([[ 888,   37,    2,    3,    1,    9,   23,   10,    7,    0],
[2024-08-13 13:07:20,172][flwr][INFO] - 	       [   0, 1027,   57,    9,    1,    4,    6,    1,   30,    0],
[2024-08-13 13:07:20,172][flwr][INFO] - 	       [  11,   15,  801,   56,   31,    0,   21,   34,   62,    1],
[2024-08-13 13:07:20,172][flwr][INFO] - 	       [   2,   15,   10,  807,   16,   39,   13,   15,   87,    6],
[2024-08-13 13:07:20,172][flwr][INFO] - 	       [   6,    4,    2,    0,  884,   11,   18,   25,   19,   13],
[2024-08-13 13:07:20,172][flwr][INFO] - 	       [  12,   57,    6,   62,   14,  605,   43,   22,   68,    3],
[2024-08-13 13:07:20,172][flwr][INFO] - 	       [  12,   13,   18,    0,   17,    7,  845,   45,    1,    0],
[2024-08-13 13:07:20,172][flwr][INFO] - 	       [  11,   24,   33,    3,   23,    1,    1,  856,   67,    9],
[2024-08-13 13:07:20,172][flwr][INFO] - 	       [  13,   25,   16,   36,   27,   25,   21,    5,  800,    6],
[2024-08-13 13:07:20,172][flwr][INFO] - 	       [  45,    7,    2,    3,  119,   21,    1,   87,   62,  662]],
[2024-08-13 13:07:20,172][flwr][INFO] - 	      dtype=int64)),
[2024-08-13 13:07:20,172][flwr][INFO] - 	                      (9,
[2024-08-13 13:07:20,172][flwr][INFO] - 	                       array([[ 886,   40,    2,    3,    1,    9,   24,    9,    6,    0],
[2024-08-13 13:07:20,172][flwr][INFO] - 	       [   0, 1034,   65,   11,    2,    6,    8,    1,    5,    3],
[2024-08-13 13:07:20,172][flwr][INFO] - 	       [  11,   20,  805,   69,   13,    1,   22,   38,   37,   16],
[2024-08-13 13:07:20,172][flwr][INFO] - 	       [   3,   12,   10,  843,    6,   39,   13,   17,   21,   46],
[2024-08-13 13:07:20,172][flwr][INFO] - 	       [   7,    5,    2,    0,  789,   11,   18,   28,    3,  119],
[2024-08-13 13:07:20,172][flwr][INFO] - 	       [  14,   60,    5,   73,    8,  617,   47,   24,   19,   25],
[2024-08-13 13:07:20,173][flwr][INFO] - 	       [  11,   13,   17,    0,   11,    8,  854,   43,    0,    1],
[2024-08-13 13:07:20,173][flwr][INFO] - 	       [  11,   26,   35,    5,   17,    2,    1,  851,   26,   54],
[2024-08-13 13:07:20,173][flwr][INFO] - 	       [  19,   39,   20,   75,   15,   40,   27,   10,  586,  143],
[2024-08-13 13:07:20,173][flwr][INFO] - 	       [  32,    7,    2,    6,   35,   12,    1,   37,    4,  873]],
[2024-08-13 13:07:20,173][flwr][INFO] - 	      dtype=int64)),
[2024-08-13 13:07:20,173][flwr][INFO] - 	                      (10,
[2024-08-13 13:07:20,173][flwr][INFO] - 	                       array([[ 886,   41,    3,    3,    1,    8,   21,   11,    6,    0],
[2024-08-13 13:07:20,173][flwr][INFO] - 	       [   0, 1031,   50,   10,    1,    5,    6,    1,   31,    0],
[2024-08-13 13:07:20,173][flwr][INFO] - 	       [  10,   17,  804,   57,   25,    0,   20,   36,   60,    3],
[2024-08-13 13:07:20,173][flwr][INFO] - 	       [   2,   15,   10,  812,   14,   39,   12,   15,   83,    8],
[2024-08-13 13:07:20,173][flwr][INFO] - 	       [   7,    4,    2,    0,  873,   13,   19,   27,   19,   18],
[2024-08-13 13:07:20,173][flwr][INFO] - 	       [  13,   54,    4,   60,   13,  611,   44,   23,   67,    3],
[2024-08-13 13:07:20,173][flwr][INFO] - 	       [  12,   13,   16,    0,   12,    8,  851,   45,    1,    0],
[2024-08-13 13:07:20,173][flwr][INFO] - 	       [  12,   25,   32,    4,   23,    1,    1,  855,   63,   12],
[2024-08-13 13:07:20,173][flwr][INFO] - 	       [  13,   21,   16,   34,   24,   27,   21,    5,  804,    9],
[2024-08-13 13:07:20,173][flwr][INFO] - 	       [  46,    6,    2,    3,   96,   18,    1,   67,   53,  717]],
[2024-08-13 13:07:20,173][flwr][INFO] - 	      dtype=int64))],
[2024-08-13 13:07:20,173][flwr][INFO] - 	 'f1': [(0, 0.017493624772313296),
[2024-08-13 13:07:20,174][flwr][INFO] - 	        (1, 0.6341141173440579),
[2024-08-13 13:07:20,174][flwr][INFO] - 	        (2, 0.7768584694548839),
[2024-08-13 13:07:20,174][flwr][INFO] - 	        (3, 0.7890993699731),
[2024-08-13 13:07:20,174][flwr][INFO] - 	        (4, 0.7484671159892033),
[2024-08-13 13:07:20,174][flwr][INFO] - 	        (5, 0.809653220239095),
[2024-08-13 13:07:20,174][flwr][INFO] - 	        (6, 0.8123583159524363),
[2024-08-13 13:07:20,174][flwr][INFO] - 	        (7, 0.8015015198063448),
[2024-08-13 13:07:20,174][flwr][INFO] - 	        (8, 0.816672219773135),
[2024-08-13 13:07:20,174][flwr][INFO] - 	        (9, 0.8120959282387814),
[2024-08-13 13:07:20,174][flwr][INFO] - 	        (10, 0.8239579817749385)],
[2024-08-13 13:07:20,174][flwr][INFO] - 	 'precision': [(0, 0.009604000000000001),
[2024-08-13 13:07:20,174][flwr][INFO] - 	               (1, 0.7578048463010132),
[2024-08-13 13:07:20,174][flwr][INFO] - 	               (2, 0.7945486145555892),
[2024-08-13 13:07:20,174][flwr][INFO] - 	               (3, 0.8016882302217545),
[2024-08-13 13:07:20,174][flwr][INFO] - 	               (4, 0.7970100637461897),
[2024-08-13 13:07:20,174][flwr][INFO] - 	               (5, 0.8130091266263183),
[2024-08-13 13:07:20,174][flwr][INFO] - 	               (6, 0.8223480687902119),
[2024-08-13 13:07:20,175][flwr][INFO] - 	               (7, 0.8129878967255492),
[2024-08-13 13:07:20,175][flwr][INFO] - 	               (8, 0.8259599282118357),
[2024-08-13 13:07:20,175][flwr][INFO] - 	               (9, 0.8186209395825849),
[2024-08-13 13:07:20,175][flwr][INFO] - 	               (10, 0.8305840474105602)],
[2024-08-13 13:07:20,175][flwr][INFO] - 	 'recall': [(0, 0.098),
[2024-08-13 13:07:20,175][flwr][INFO] - 	            (1, 0.6705),
[2024-08-13 13:07:20,175][flwr][INFO] - 	            (2, 0.783),
[2024-08-13 13:07:20,175][flwr][INFO] - 	            (3, 0.7889),
[2024-08-13 13:07:20,175][flwr][INFO] - 	            (4, 0.7638),
[2024-08-13 13:07:20,175][flwr][INFO] - 	            (5, 0.8112),
[2024-08-13 13:07:20,175][flwr][INFO] - 	            (6, 0.8136),
[2024-08-13 13:07:20,175][flwr][INFO] - 	            (7, 0.8032),
[2024-08-13 13:07:20,175][flwr][INFO] - 	            (8, 0.8175),
[2024-08-13 13:07:20,175][flwr][INFO] - 	            (9, 0.8138),
[2024-08-13 13:07:20,175][flwr][INFO] - 	            (10, 0.8244)]}
[2024-08-13 13:07:20,175][flwr][INFO] - 
