[2024-08-13 12:26:23,001][flwr][INFO] - Starting Flower simulation, config: num_rounds=10, no round_timeout
[2024-08-13 12:26:27,058][flwr][INFO] - Flower VCE: Ray initialized with resources: {'CPU': 16.0, 'GPU': 1.0, 'object_store_memory': 2546701516.0, 'node:127.0.0.1': 1.0, 'memory': 5093403035.0, 'accelerator_type:G': 1.0, 'node:__internal_head__': 1.0}
[2024-08-13 12:26:27,058][flwr][INFO] - Optimize your simulation with Flower VCE: https://flower.ai/docs/framework/how-to-run-simulations.html
[2024-08-13 12:26:27,058][flwr][INFO] - Flower VCE: Resources for each Virtual Client: {'num_cpus': 2, 'num_gpus': 0.5}
[2024-08-13 12:26:27,069][flwr][INFO] - Flower VCE: Creating VirtualClientEngineActorPool with 2 actors
[2024-08-13 12:26:27,070][flwr][INFO] - [INIT]
[2024-08-13 12:26:27,070][flwr][INFO] - Requesting initial parameters from one random client
[2024-08-13 12:26:34,348][flwr][INFO] - Received initial parameters from one random client
[2024-08-13 12:26:34,348][flwr][INFO] - Evaluating initial global parameters
[2024-08-13 12:26:36,622][flwr][INFO] - initial parameters (loss, other metrics): 2.3025850929940455, {'accuracy': 0.098, 'precision': 0.009604000000000001, 'recall': 0.098, 'f1': 0.017493624772313296, 'confusion_matrix': array([[ 980,    0,    0,    0,    0,    0,    0,    0,    0,    0],
       [1135,    0,    0,    0,    0,    0,    0,    0,    0,    0],
       [1032,    0,    0,    0,    0,    0,    0,    0,    0,    0],
       [1010,    0,    0,    0,    0,    0,    0,    0,    0,    0],
       [ 982,    0,    0,    0,    0,    0,    0,    0,    0,    0],
       [ 892,    0,    0,    0,    0,    0,    0,    0,    0,    0],
       [ 958,    0,    0,    0,    0,    0,    0,    0,    0,    0],
       [1028,    0,    0,    0,    0,    0,    0,    0,    0,    0],
       [ 974,    0,    0,    0,    0,    0,    0,    0,    0,    0],
       [1009,    0,    0,    0,    0,    0,    0,    0,    0,    0]],
      dtype=int64)}
[2024-08-13 12:26:36,623][flwr][INFO] - 
[2024-08-13 12:26:36,623][flwr][INFO] - [ROUND 1]
[2024-08-13 12:26:36,623][flwr][INFO] - configure_fit: strategy sampled 10 clients (out of 10)
[2024-08-13 12:26:45,158][flwr][INFO] - aggregate_fit: received 10 results and 0 failures
[2024-08-13 12:26:45,161][flwr][WARNING] - No fit_metrics_aggregation_fn provided
[2024-08-13 12:26:47,259][flwr][INFO] - fit progress: (1, 0.9759933588413809, {'accuracy': 0.686, 'precision': 0.7708717616505706, 'recall': 0.686, 'f1': 0.6498264628052298, 'confusion_matrix': array([[ 959,    0,    2,    5,    0,    0,    6,    0,    8,    0],
       [   0, 1029,   56,   10,    0,    0,    4,    1,   30,    5],
       [ 104,   14,  645,  159,    4,    0,   18,   18,   47,   23],
       [  32,    6,    7,  881,    0,    0,    6,    9,   48,   21],
       [  57,    5,    4,    1,  261,    0,   21,    6,   35,  592],
       [ 302,   61,   11,  230,    3,    7,   26,   14,  159,   79],
       [ 139,   16,   18,    5,    2,    0,  766,    2,    7,    3],
       [  37,   30,   17,    4,    0,    0,    1,  762,   86,   91],
       [  62,   10,    7,  153,    1,    0,   11,    5,  677,   48],
       [  66,    6,    0,   12,    7,    0,    1,   11,   33,  873]],
      dtype=int64)}, 10.636168500001077)
[2024-08-13 12:26:47,260][flwr][INFO] - configure_evaluate: no clients selected, skipping evaluation
[2024-08-13 12:26:47,260][flwr][INFO] - 
[2024-08-13 12:26:47,260][flwr][INFO] - [ROUND 2]
[2024-08-13 12:26:47,260][flwr][INFO] - configure_fit: strategy sampled 10 clients (out of 10)
[2024-08-13 12:26:53,824][flwr][INFO] - aggregate_fit: received 10 results and 0 failures
[2024-08-13 12:26:55,918][flwr][INFO] - fit progress: (2, 0.7710827125575247, {'accuracy': 0.8011, 'precision': 0.8094349723075138, 'recall': 0.8011, 'f1': 0.7956446805337198, 'confusion_matrix': array([[ 925,    0,    3,    3,    0,    4,   34,    2,    9,    0],
       [   0, 1032,   80,    3,    1,    2,    5,    1,   11,    0],
       [  25,   13,  841,   44,   20,    0,   24,   30,   34,    1],
       [  11,    8,   30,  837,    4,   17,   11,   16,   64,   12],
       [  10,    7,    7,    0,  868,    2,   30,   14,   19,   25],
       [  46,   64,   18,  155,   26,  454,   43,   32,   41,   13],
       [  33,   13,   30,    0,   17,    9,  849,    6,    1,    0],
       [  11,   32,   45,    0,   15,    0,    1,  887,   27,   10],
       [  25,   17,   33,  100,   21,   10,   21,   13,  721,   13],
       [  33,   12,    3,    4,  194,    4,    1,  123,   38,  597]],
      dtype=int64)}, 19.294785099991714)
[2024-08-13 12:26:55,919][flwr][INFO] - configure_evaluate: no clients selected, skipping evaluation
[2024-08-13 12:26:55,919][flwr][INFO] - 
[2024-08-13 12:26:55,919][flwr][INFO] - [ROUND 3]
[2024-08-13 12:26:55,919][flwr][INFO] - configure_fit: strategy sampled 10 clients (out of 10)
[2024-08-13 12:27:02,357][flwr][INFO] - aggregate_fit: received 10 results and 0 failures
[2024-08-13 12:27:04,442][flwr][INFO] - fit progress: (3, 0.7689487303591339, {'accuracy': 0.8005, 'precision': 0.8169043016331345, 'recall': 0.8005, 'f1': 0.8010091492481932, 'confusion_matrix': array([[ 890,    1,    2,    1,    0,   44,   33,    1,    6,    2],
       [   0, 1065,   40,    3,    1,   11,    4,    0,    5,    6],
       [  17,   17,  792,   61,   12,    3,   26,   26,   52,   26],
       [   4,   12,   13,  805,    2,   62,    9,   12,   30,   61],
       [   7,    6,    2,    0,  619,    6,   23,    3,   10,  306],
       [  16,   61,    7,   79,   10,  639,   26,   13,   13,   28],
       [  18,   16,   22,    1,   12,   20,  858,    8,    2,    1],
       [  10,   35,   29,    1,   13,    0,    0,  790,   33,  117],
       [   7,   29,   14,   74,    6,   75,   16,    5,  631,  117],
       [  18,    7,    2,    5,   21,   16,    1,   13,   10,  916]],
      dtype=int64)}, 27.819569400002365)
[2024-08-13 12:27:04,443][flwr][INFO] - configure_evaluate: no clients selected, skipping evaluation
[2024-08-13 12:27:04,443][flwr][INFO] - 
[2024-08-13 12:27:04,443][flwr][INFO] - [ROUND 4]
[2024-08-13 12:27:04,444][flwr][INFO] - configure_fit: strategy sampled 10 clients (out of 10)
[2024-08-13 12:27:10,901][flwr][INFO] - aggregate_fit: received 10 results and 0 failures
[2024-08-13 12:27:12,994][flwr][INFO] - fit progress: (4, 0.7964204115092872, {'accuracy': 0.7698, 'precision': 0.8074467441561752, 'recall': 0.7698, 'f1': 0.7456580092551267, 'confusion_matrix': array([[ 915,    1,    3,    4,    4,    5,   28,    6,   14,    0],
       [   0, 1035,   59,    5,    1,    3,    5,    1,   26,    0],
       [  15,    8,  820,   52,   34,    0,   19,   31,   53,    0],
       [   3,    7,   18,  836,   10,   25,    9,   21,   80,    1],
       [   6,    4,    2,    0,  926,    1,   14,   16,   13,    0],
       [  23,   58,   11,  115,   46,  500,   31,   35,   71,    2],
       [  15,   12,   27,    1,   30,    9,  846,   16,    2,    0],
       [   5,   24,   37,    1,   22,    0,    0,  899,   40,    0],
       [  10,   14,   22,   61,   29,   12,   17,   12,  797,    0],
       [  24,    7,    2,    4,  531,    9,    1,  215,   92,  124]],
      dtype=int64)}, 36.370255000001634)
[2024-08-13 12:27:12,994][flwr][INFO] - configure_evaluate: no clients selected, skipping evaluation
[2024-08-13 12:27:12,995][flwr][INFO] - 
[2024-08-13 12:27:12,995][flwr][INFO] - [ROUND 5]
[2024-08-13 12:27:12,995][flwr][INFO] - configure_fit: strategy sampled 10 clients (out of 10)
[2024-08-13 12:27:19,721][flwr][INFO] - aggregate_fit: received 10 results and 0 failures
[2024-08-13 12:27:21,821][flwr][INFO] - fit progress: (5, 0.7535261491065118, {'accuracy': 0.8322, 'precision': 0.8341239455469891, 'recall': 0.8322, 'f1': 0.8308333551618793, 'confusion_matrix': array([[ 915,    2,    2,    4,    0,   13,   33,    4,    7,    0],
       [   0, 1062,   46,    6,    1,    7,    5,    1,    6,    1],
       [  13,   13,  828,   59,   14,    1,   25,   32,   40,    7],
       [   3,    7,   15,  851,    3,   37,   11,   17,   30,   36],
       [   6,    5,    2,    0,  791,    3,   25,   12,    9,  129],
       [  13,   61,   11,   90,   10,  613,   34,   21,   18,   21],
       [  13,   13,   24,    1,   12,   15,  866,   13,    1,    0],
       [   7,   33,   38,    1,   15,    0,    1,  866,   23,   44],
       [  12,   35,   20,   90,   13,   36,   21,    9,  668,   70],
       [  22,    9,    2,    8,   37,   15,    2,   42,   10,  862]],
      dtype=int64)}, 45.19744519999949)
[2024-08-13 12:27:21,822][flwr][INFO] - configure_evaluate: no clients selected, skipping evaluation
[2024-08-13 12:27:21,822][flwr][INFO] - 
[2024-08-13 12:27:21,822][flwr][INFO] - [ROUND 6]
[2024-08-13 12:27:21,822][flwr][INFO] - configure_fit: strategy sampled 10 clients (out of 10)
[2024-08-13 12:27:28,520][flwr][INFO] - aggregate_fit: received 10 results and 0 failures
[2024-08-13 12:27:30,620][flwr][INFO] - fit progress: (6, 0.7613484444636562, {'accuracy': 0.8264, 'precision': 0.8405647792117606, 'recall': 0.8264, 'f1': 0.8246329012118351, 'confusion_matrix': array([[ 917,    2,    2,    3,    3,    8,   24,    4,   17,    0],
       [   0, 1070,   19,    4,    1,    3,    5,    1,   32,    0],
       [  13,   15,  794,   50,   37,    1,   19,   28,   74,    1],
       [   2,   11,   10,  808,    9,   36,   14,   17,   98,    5],
       [   4,    4,    1,    0,  921,    2,   15,   11,   16,    8],
       [  12,   60,    2,   67,   27,  586,   37,   22,   74,    5],
       [  13,   18,   18,    0,   26,   11,  855,   15,    2,    0],
       [   8,   29,   27,    2,   27,    0,    0,  867,   59,    9],
       [   9,   21,    7,   28,   25,   15,   18,    5,  841,    5],
       [  30,    8,    2,    3,  196,   11,    1,   83,   70,  605]],
      dtype=int64)}, 53.99732199999562)
[2024-08-13 12:27:30,621][flwr][INFO] - configure_evaluate: no clients selected, skipping evaluation
[2024-08-13 12:27:30,621][flwr][INFO] - 
[2024-08-13 12:27:30,621][flwr][INFO] - [ROUND 7]
[2024-08-13 12:27:30,622][flwr][INFO] - configure_fit: strategy sampled 10 clients (out of 10)
[2024-08-13 12:27:37,101][flwr][INFO] - aggregate_fit: received 10 results and 0 failures
[2024-08-13 12:27:39,253][flwr][INFO] - fit progress: (7, 0.7586878180112663, {'accuracy': 0.8223, 'precision': 0.8358939232317519, 'recall': 0.8223, 'f1': 0.8208181424895383, 'confusion_matrix': array([[ 920,    3,    3,    5,    1,   13,   26,    5,    1,    3],
       [   0, 1069,   37,    9,    1,    6,    5,    1,    4,    3],
       [  12,   15,  836,   60,    9,    2,   22,   31,   26,   19],
       [   2,    6,   12,  858,    2,   40,    9,   17,   11,   53],
       [   4,    4,    2,    0,  730,    2,   22,   13,    2,  203],
       [  12,   54,    7,   79,    8,  638,   35,   20,   10,   29],
       [  13,   13,   23,    1,    8,   14,  863,   21,    0,    2],
       [   9,   29,   34,    4,   12,    1,    1,  858,    6,   74],
       [  12,   47,   20,   94,   10,   52,   23,    8,  541,  167],
       [  22,    8,    3,    8,   20,   11,    1,   25,    1,  910]],
      dtype=int64)}, 62.62956349999877)
[2024-08-13 12:27:39,254][flwr][INFO] - configure_evaluate: no clients selected, skipping evaluation
[2024-08-13 12:27:39,254][flwr][INFO] - 
[2024-08-13 12:27:39,254][flwr][INFO] - [ROUND 8]
[2024-08-13 12:27:39,254][flwr][INFO] - configure_fit: strategy sampled 10 clients (out of 10)
[2024-08-13 12:27:45,867][flwr][INFO] - aggregate_fit: received 10 results and 0 failures
[2024-08-13 12:27:47,954][flwr][INFO] - fit progress: (8, 0.7532085581405717, {'accuracy': 0.8389, 'precision': 0.84792561446447, 'recall': 0.8389, 'f1': 0.8375016350666443, 'confusion_matrix': array([[ 921,    2,    3,    4,    1,    9,   24,    5,   11,    0],
       [   0, 1063,   25,    5,    1,    3,    5,    1,   32,    0],
       [  11,   14,  817,   46,   25,    1,   21,   32,   64,    1],
       [   3,    8,   12,  823,    6,   39,   13,   18,   82,    6],
       [   3,    4,    1,    0,  913,    4,   17,   15,   16,    9],
       [  13,   51,    3,   63,   15,  617,   39,   22,   65,    4],
       [  13,   13,   16,    0,   18,    9,  868,   20,    1,    0],
       [   9,   27,   32,    2,   26,    0,    0,  876,   49,    7],
       [  11,   20,   11,   30,   22,   17,   17,    5,  837,    4],
       [  34,    8,    2,    4,  140,   16,    1,   86,   64,  654]],
      dtype=int64)}, 71.33066469999903)
[2024-08-13 12:27:47,955][flwr][INFO] - configure_evaluate: no clients selected, skipping evaluation
[2024-08-13 12:27:47,955][flwr][INFO] - 
[2024-08-13 12:27:47,955][flwr][INFO] - [ROUND 9]
[2024-08-13 12:27:47,956][flwr][INFO] - configure_fit: strategy sampled 10 clients (out of 10)
[2024-08-13 12:27:54,686][flwr][INFO] - aggregate_fit: received 10 results and 0 failures
[2024-08-13 12:27:56,929][flwr][INFO] - fit progress: (9, 0.7440997833713047, {'accuracy': 0.8327, 'precision': 0.8397407229339837, 'recall': 0.8327, 'f1': 0.8313509692233368, 'confusion_matrix': array([[ 919,    6,    4,    5,    1,    9,   25,    5,    6,    0],
       [   0, 1071,   31,    9,    1,    5,    5,    1,    9,    3],
       [  12,   16,  828,   58,   12,    2,   22,   32,   35,   15],
       [   2,    9,   11,  858,    3,   37,    9,   18,   18,   45],
       [   3,    4,    2,    0,  777,    3,   19,   12,    2,  160],
       [  15,   52,    3,   76,   11,  640,   40,   16,   13,   26],
       [  14,   12,   17,    0,   10,   12,  875,   16,    1,    1],
       [   9,   30,   33,    5,   16,    1,    1,  854,   15,   64],
       [  17,   42,   16,   79,   13,   43,   25,    8,  603,  128],
       [  23,    8,    5,    7,   26,   10,    1,   25,    2,  902]],
      dtype=int64)}, 80.30539670000144)
[2024-08-13 12:27:56,930][flwr][INFO] - configure_evaluate: no clients selected, skipping evaluation
[2024-08-13 12:27:56,930][flwr][INFO] - 
[2024-08-13 12:27:56,930][flwr][INFO] - [ROUND 10]
[2024-08-13 12:27:56,930][flwr][INFO] - configure_fit: strategy sampled 10 clients (out of 10)
[2024-08-13 12:28:03,663][flwr][INFO] - aggregate_fit: received 10 results and 0 failures
[2024-08-13 12:28:05,759][flwr][INFO] - fit progress: (10, 0.7499434676502138, {'accuracy': 0.8414, 'precision': 0.8506341545832764, 'recall': 0.8414, 'f1': 0.8403876603743236, 'confusion_matrix': array([[ 918,    7,    5,    4,    1,    9,   21,    6,    9,    0],
       [   0, 1058,   22,    7,    1,    3,    5,    2,   37,    0],
       [  10,   16,  819,   41,   28,    0,   19,   31,   67,    1],
       [   2,    9,   12,  820,    9,   38,   13,   19,   83,    5],
       [   3,    3,    1,    0,  913,    5,   16,   14,   17,   10],
       [  12,   45,    3,   54,   15,  629,   40,   21,   69,    4],
       [  14,   13,   15,    0,   17,    8,  867,   23,    1,    0],
       [   9,   26,   32,    2,   26,    0,    0,  882,   44,    7],
       [  11,   17,   11,   28,   20,   19,   17,    5,  842,    4],
       [  35,    6,    2,    3,  134,   16,    1,   83,   63,  666]],
      dtype=int64)}, 89.13529569999082)
[2024-08-13 12:28:05,759][flwr][INFO] - configure_evaluate: no clients selected, skipping evaluation
[2024-08-13 12:28:05,760][flwr][INFO] - 
[2024-08-13 12:28:05,760][flwr][INFO] - [SUMMARY]
[2024-08-13 12:28:05,760][flwr][INFO] - Run finished 10 round(s) in 89.14s
[2024-08-13 12:28:05,768][flwr][INFO] - 	History (loss, centralized):
[2024-08-13 12:28:05,768][flwr][INFO] - 		round 0: 2.3025850929940455
[2024-08-13 12:28:05,768][flwr][INFO] - 		round 1: 0.9759933588413809
[2024-08-13 12:28:05,768][flwr][INFO] - 		round 2: 0.7710827125575247
[2024-08-13 12:28:05,768][flwr][INFO] - 		round 3: 0.7689487303591339
[2024-08-13 12:28:05,768][flwr][INFO] - 		round 4: 0.7964204115092872
[2024-08-13 12:28:05,768][flwr][INFO] - 		round 5: 0.7535261491065118
[2024-08-13 12:28:05,768][flwr][INFO] - 		round 6: 0.7613484444636562
[2024-08-13 12:28:05,768][flwr][INFO] - 		round 7: 0.7586878180112663
[2024-08-13 12:28:05,768][flwr][INFO] - 		round 8: 0.7532085581405717
[2024-08-13 12:28:05,768][flwr][INFO] - 		round 9: 0.7440997833713047
[2024-08-13 12:28:05,768][flwr][INFO] - 		round 10: 0.7499434676502138
[2024-08-13 12:28:05,769][flwr][INFO] - 	History (metrics, centralized):
[2024-08-13 12:28:05,769][flwr][INFO] - 	{'accuracy': [(0, 0.098),
[2024-08-13 12:28:05,769][flwr][INFO] - 	              (1, 0.686),
[2024-08-13 12:28:05,769][flwr][INFO] - 	              (2, 0.8011),
[2024-08-13 12:28:05,769][flwr][INFO] - 	              (3, 0.8005),
[2024-08-13 12:28:05,769][flwr][INFO] - 	              (4, 0.7698),
[2024-08-13 12:28:05,769][flwr][INFO] - 	              (5, 0.8322),
[2024-08-13 12:28:05,769][flwr][INFO] - 	              (6, 0.8264),
[2024-08-13 12:28:05,769][flwr][INFO] - 	              (7, 0.8223),
[2024-08-13 12:28:05,769][flwr][INFO] - 	              (8, 0.8389),
[2024-08-13 12:28:05,769][flwr][INFO] - 	              (9, 0.8327),
[2024-08-13 12:28:05,769][flwr][INFO] - 	              (10, 0.8414)],
[2024-08-13 12:28:05,769][flwr][INFO] - 	 'confusion_matrix': [(0,
[2024-08-13 12:28:05,769][flwr][INFO] - 	                       array([[ 980,    0,    0,    0,    0,    0,    0,    0,    0,    0],
[2024-08-13 12:28:05,770][flwr][INFO] - 	       [1135,    0,    0,    0,    0,    0,    0,    0,    0,    0],
[2024-08-13 12:28:05,770][flwr][INFO] - 	       [1032,    0,    0,    0,    0,    0,    0,    0,    0,    0],
[2024-08-13 12:28:05,770][flwr][INFO] - 	       [1010,    0,    0,    0,    0,    0,    0,    0,    0,    0],
[2024-08-13 12:28:05,770][flwr][INFO] - 	       [ 982,    0,    0,    0,    0,    0,    0,    0,    0,    0],
[2024-08-13 12:28:05,770][flwr][INFO] - 	       [ 892,    0,    0,    0,    0,    0,    0,    0,    0,    0],
[2024-08-13 12:28:05,770][flwr][INFO] - 	       [ 958,    0,    0,    0,    0,    0,    0,    0,    0,    0],
[2024-08-13 12:28:05,770][flwr][INFO] - 	       [1028,    0,    0,    0,    0,    0,    0,    0,    0,    0],
[2024-08-13 12:28:05,770][flwr][INFO] - 	       [ 974,    0,    0,    0,    0,    0,    0,    0,    0,    0],
[2024-08-13 12:28:05,770][flwr][INFO] - 	       [1009,    0,    0,    0,    0,    0,    0,    0,    0,    0]],
[2024-08-13 12:28:05,770][flwr][INFO] - 	      dtype=int64)),
[2024-08-13 12:28:05,770][flwr][INFO] - 	                      (1,
[2024-08-13 12:28:05,770][flwr][INFO] - 	                       array([[ 959,    0,    2,    5,    0,    0,    6,    0,    8,    0],
[2024-08-13 12:28:05,770][flwr][INFO] - 	       [   0, 1029,   56,   10,    0,    0,    4,    1,   30,    5],
[2024-08-13 12:28:05,770][flwr][INFO] - 	       [ 104,   14,  645,  159,    4,    0,   18,   18,   47,   23],
[2024-08-13 12:28:05,770][flwr][INFO] - 	       [  32,    6,    7,  881,    0,    0,    6,    9,   48,   21],
[2024-08-13 12:28:05,770][flwr][INFO] - 	       [  57,    5,    4,    1,  261,    0,   21,    6,   35,  592],
[2024-08-13 12:28:05,770][flwr][INFO] - 	       [ 302,   61,   11,  230,    3,    7,   26,   14,  159,   79],
[2024-08-13 12:28:05,771][flwr][INFO] - 	       [ 139,   16,   18,    5,    2,    0,  766,    2,    7,    3],
[2024-08-13 12:28:05,771][flwr][INFO] - 	       [  37,   30,   17,    4,    0,    0,    1,  762,   86,   91],
[2024-08-13 12:28:05,771][flwr][INFO] - 	       [  62,   10,    7,  153,    1,    0,   11,    5,  677,   48],
[2024-08-13 12:28:05,771][flwr][INFO] - 	       [  66,    6,    0,   12,    7,    0,    1,   11,   33,  873]],
[2024-08-13 12:28:05,771][flwr][INFO] - 	      dtype=int64)),
[2024-08-13 12:28:05,771][flwr][INFO] - 	                      (2,
[2024-08-13 12:28:05,771][flwr][INFO] - 	                       array([[ 925,    0,    3,    3,    0,    4,   34,    2,    9,    0],
[2024-08-13 12:28:05,771][flwr][INFO] - 	       [   0, 1032,   80,    3,    1,    2,    5,    1,   11,    0],
[2024-08-13 12:28:05,771][flwr][INFO] - 	       [  25,   13,  841,   44,   20,    0,   24,   30,   34,    1],
[2024-08-13 12:28:05,771][flwr][INFO] - 	       [  11,    8,   30,  837,    4,   17,   11,   16,   64,   12],
[2024-08-13 12:28:05,771][flwr][INFO] - 	       [  10,    7,    7,    0,  868,    2,   30,   14,   19,   25],
[2024-08-13 12:28:05,771][flwr][INFO] - 	       [  46,   64,   18,  155,   26,  454,   43,   32,   41,   13],
[2024-08-13 12:28:05,771][flwr][INFO] - 	       [  33,   13,   30,    0,   17,    9,  849,    6,    1,    0],
[2024-08-13 12:28:05,771][flwr][INFO] - 	       [  11,   32,   45,    0,   15,    0,    1,  887,   27,   10],
[2024-08-13 12:28:05,771][flwr][INFO] - 	       [  25,   17,   33,  100,   21,   10,   21,   13,  721,   13],
[2024-08-13 12:28:05,771][flwr][INFO] - 	       [  33,   12,    3,    4,  194,    4,    1,  123,   38,  597]],
[2024-08-13 12:28:05,772][flwr][INFO] - 	      dtype=int64)),
[2024-08-13 12:28:05,772][flwr][INFO] - 	                      (3,
[2024-08-13 12:28:05,772][flwr][INFO] - 	                       array([[ 890,    1,    2,    1,    0,   44,   33,    1,    6,    2],
[2024-08-13 12:28:05,772][flwr][INFO] - 	       [   0, 1065,   40,    3,    1,   11,    4,    0,    5,    6],
[2024-08-13 12:28:05,772][flwr][INFO] - 	       [  17,   17,  792,   61,   12,    3,   26,   26,   52,   26],
[2024-08-13 12:28:05,772][flwr][INFO] - 	       [   4,   12,   13,  805,    2,   62,    9,   12,   30,   61],
[2024-08-13 12:28:05,772][flwr][INFO] - 	       [   7,    6,    2,    0,  619,    6,   23,    3,   10,  306],
[2024-08-13 12:28:05,772][flwr][INFO] - 	       [  16,   61,    7,   79,   10,  639,   26,   13,   13,   28],
[2024-08-13 12:28:05,772][flwr][INFO] - 	       [  18,   16,   22,    1,   12,   20,  858,    8,    2,    1],
[2024-08-13 12:28:05,772][flwr][INFO] - 	       [  10,   35,   29,    1,   13,    0,    0,  790,   33,  117],
[2024-08-13 12:28:05,772][flwr][INFO] - 	       [   7,   29,   14,   74,    6,   75,   16,    5,  631,  117],
[2024-08-13 12:28:05,772][flwr][INFO] - 	       [  18,    7,    2,    5,   21,   16,    1,   13,   10,  916]],
[2024-08-13 12:28:05,772][flwr][INFO] - 	      dtype=int64)),
[2024-08-13 12:28:05,772][flwr][INFO] - 	                      (4,
[2024-08-13 12:28:05,772][flwr][INFO] - 	                       array([[ 915,    1,    3,    4,    4,    5,   28,    6,   14,    0],
[2024-08-13 12:28:05,772][flwr][INFO] - 	       [   0, 1035,   59,    5,    1,    3,    5,    1,   26,    0],
[2024-08-13 12:28:05,772][flwr][INFO] - 	       [  15,    8,  820,   52,   34,    0,   19,   31,   53,    0],
[2024-08-13 12:28:05,773][flwr][INFO] - 	       [   3,    7,   18,  836,   10,   25,    9,   21,   80,    1],
[2024-08-13 12:28:05,773][flwr][INFO] - 	       [   6,    4,    2,    0,  926,    1,   14,   16,   13,    0],
[2024-08-13 12:28:05,773][flwr][INFO] - 	       [  23,   58,   11,  115,   46,  500,   31,   35,   71,    2],
[2024-08-13 12:28:05,773][flwr][INFO] - 	       [  15,   12,   27,    1,   30,    9,  846,   16,    2,    0],
[2024-08-13 12:28:05,773][flwr][INFO] - 	       [   5,   24,   37,    1,   22,    0,    0,  899,   40,    0],
[2024-08-13 12:28:05,773][flwr][INFO] - 	       [  10,   14,   22,   61,   29,   12,   17,   12,  797,    0],
[2024-08-13 12:28:05,773][flwr][INFO] - 	       [  24,    7,    2,    4,  531,    9,    1,  215,   92,  124]],
[2024-08-13 12:28:05,773][flwr][INFO] - 	      dtype=int64)),
[2024-08-13 12:28:05,773][flwr][INFO] - 	                      (5,
[2024-08-13 12:28:05,773][flwr][INFO] - 	                       array([[ 915,    2,    2,    4,    0,   13,   33,    4,    7,    0],
[2024-08-13 12:28:05,773][flwr][INFO] - 	       [   0, 1062,   46,    6,    1,    7,    5,    1,    6,    1],
[2024-08-13 12:28:05,773][flwr][INFO] - 	       [  13,   13,  828,   59,   14,    1,   25,   32,   40,    7],
[2024-08-13 12:28:05,773][flwr][INFO] - 	       [   3,    7,   15,  851,    3,   37,   11,   17,   30,   36],
[2024-08-13 12:28:05,773][flwr][INFO] - 	       [   6,    5,    2,    0,  791,    3,   25,   12,    9,  129],
[2024-08-13 12:28:05,773][flwr][INFO] - 	       [  13,   61,   11,   90,   10,  613,   34,   21,   18,   21],
[2024-08-13 12:28:05,773][flwr][INFO] - 	       [  13,   13,   24,    1,   12,   15,  866,   13,    1,    0],
[2024-08-13 12:28:05,773][flwr][INFO] - 	       [   7,   33,   38,    1,   15,    0,    1,  866,   23,   44],
[2024-08-13 12:28:05,773][flwr][INFO] - 	       [  12,   35,   20,   90,   13,   36,   21,    9,  668,   70],
[2024-08-13 12:28:05,774][flwr][INFO] - 	       [  22,    9,    2,    8,   37,   15,    2,   42,   10,  862]],
[2024-08-13 12:28:05,774][flwr][INFO] - 	      dtype=int64)),
[2024-08-13 12:28:05,774][flwr][INFO] - 	                      (6,
[2024-08-13 12:28:05,774][flwr][INFO] - 	                       array([[ 917,    2,    2,    3,    3,    8,   24,    4,   17,    0],
[2024-08-13 12:28:05,774][flwr][INFO] - 	       [   0, 1070,   19,    4,    1,    3,    5,    1,   32,    0],
[2024-08-13 12:28:05,774][flwr][INFO] - 	       [  13,   15,  794,   50,   37,    1,   19,   28,   74,    1],
[2024-08-13 12:28:05,774][flwr][INFO] - 	       [   2,   11,   10,  808,    9,   36,   14,   17,   98,    5],
[2024-08-13 12:28:05,774][flwr][INFO] - 	       [   4,    4,    1,    0,  921,    2,   15,   11,   16,    8],
[2024-08-13 12:28:05,774][flwr][INFO] - 	       [  12,   60,    2,   67,   27,  586,   37,   22,   74,    5],
[2024-08-13 12:28:05,774][flwr][INFO] - 	       [  13,   18,   18,    0,   26,   11,  855,   15,    2,    0],
[2024-08-13 12:28:05,774][flwr][INFO] - 	       [   8,   29,   27,    2,   27,    0,    0,  867,   59,    9],
[2024-08-13 12:28:05,774][flwr][INFO] - 	       [   9,   21,    7,   28,   25,   15,   18,    5,  841,    5],
[2024-08-13 12:28:05,774][flwr][INFO] - 	       [  30,    8,    2,    3,  196,   11,    1,   83,   70,  605]],
[2024-08-13 12:28:05,774][flwr][INFO] - 	      dtype=int64)),
[2024-08-13 12:28:05,774][flwr][INFO] - 	                      (7,
[2024-08-13 12:28:05,774][flwr][INFO] - 	                       array([[ 920,    3,    3,    5,    1,   13,   26,    5,    1,    3],
[2024-08-13 12:28:05,774][flwr][INFO] - 	       [   0, 1069,   37,    9,    1,    6,    5,    1,    4,    3],
[2024-08-13 12:28:05,775][flwr][INFO] - 	       [  12,   15,  836,   60,    9,    2,   22,   31,   26,   19],
[2024-08-13 12:28:05,775][flwr][INFO] - 	       [   2,    6,   12,  858,    2,   40,    9,   17,   11,   53],
[2024-08-13 12:28:05,775][flwr][INFO] - 	       [   4,    4,    2,    0,  730,    2,   22,   13,    2,  203],
[2024-08-13 12:28:05,775][flwr][INFO] - 	       [  12,   54,    7,   79,    8,  638,   35,   20,   10,   29],
[2024-08-13 12:28:05,775][flwr][INFO] - 	       [  13,   13,   23,    1,    8,   14,  863,   21,    0,    2],
[2024-08-13 12:28:05,775][flwr][INFO] - 	       [   9,   29,   34,    4,   12,    1,    1,  858,    6,   74],
[2024-08-13 12:28:05,775][flwr][INFO] - 	       [  12,   47,   20,   94,   10,   52,   23,    8,  541,  167],
[2024-08-13 12:28:05,775][flwr][INFO] - 	       [  22,    8,    3,    8,   20,   11,    1,   25,    1,  910]],
[2024-08-13 12:28:05,775][flwr][INFO] - 	      dtype=int64)),
[2024-08-13 12:28:05,775][flwr][INFO] - 	                      (8,
[2024-08-13 12:28:05,775][flwr][INFO] - 	                       array([[ 921,    2,    3,    4,    1,    9,   24,    5,   11,    0],
[2024-08-13 12:28:05,775][flwr][INFO] - 	       [   0, 1063,   25,    5,    1,    3,    5,    1,   32,    0],
[2024-08-13 12:28:05,775][flwr][INFO] - 	       [  11,   14,  817,   46,   25,    1,   21,   32,   64,    1],
[2024-08-13 12:28:05,775][flwr][INFO] - 	       [   3,    8,   12,  823,    6,   39,   13,   18,   82,    6],
[2024-08-13 12:28:05,775][flwr][INFO] - 	       [   3,    4,    1,    0,  913,    4,   17,   15,   16,    9],
[2024-08-13 12:28:05,775][flwr][INFO] - 	       [  13,   51,    3,   63,   15,  617,   39,   22,   65,    4],
[2024-08-13 12:28:05,775][flwr][INFO] - 	       [  13,   13,   16,    0,   18,    9,  868,   20,    1,    0],
[2024-08-13 12:28:05,776][flwr][INFO] - 	       [   9,   27,   32,    2,   26,    0,    0,  876,   49,    7],
[2024-08-13 12:28:05,776][flwr][INFO] - 	       [  11,   20,   11,   30,   22,   17,   17,    5,  837,    4],
[2024-08-13 12:28:05,776][flwr][INFO] - 	       [  34,    8,    2,    4,  140,   16,    1,   86,   64,  654]],
[2024-08-13 12:28:05,776][flwr][INFO] - 	      dtype=int64)),
[2024-08-13 12:28:05,776][flwr][INFO] - 	                      (9,
[2024-08-13 12:28:05,776][flwr][INFO] - 	                       array([[ 919,    6,    4,    5,    1,    9,   25,    5,    6,    0],
[2024-08-13 12:28:05,776][flwr][INFO] - 	       [   0, 1071,   31,    9,    1,    5,    5,    1,    9,    3],
[2024-08-13 12:28:05,776][flwr][INFO] - 	       [  12,   16,  828,   58,   12,    2,   22,   32,   35,   15],
[2024-08-13 12:28:05,776][flwr][INFO] - 	       [   2,    9,   11,  858,    3,   37,    9,   18,   18,   45],
[2024-08-13 12:28:05,776][flwr][INFO] - 	       [   3,    4,    2,    0,  777,    3,   19,   12,    2,  160],
[2024-08-13 12:28:05,776][flwr][INFO] - 	       [  15,   52,    3,   76,   11,  640,   40,   16,   13,   26],
[2024-08-13 12:28:05,776][flwr][INFO] - 	       [  14,   12,   17,    0,   10,   12,  875,   16,    1,    1],
[2024-08-13 12:28:05,776][flwr][INFO] - 	       [   9,   30,   33,    5,   16,    1,    1,  854,   15,   64],
[2024-08-13 12:28:05,776][flwr][INFO] - 	       [  17,   42,   16,   79,   13,   43,   25,    8,  603,  128],
[2024-08-13 12:28:05,776][flwr][INFO] - 	       [  23,    8,    5,    7,   26,   10,    1,   25,    2,  902]],
[2024-08-13 12:28:05,776][flwr][INFO] - 	      dtype=int64)),
[2024-08-13 12:28:05,776][flwr][INFO] - 	                      (10,
[2024-08-13 12:28:05,777][flwr][INFO] - 	                       array([[ 918,    7,    5,    4,    1,    9,   21,    6,    9,    0],
[2024-08-13 12:28:05,777][flwr][INFO] - 	       [   0, 1058,   22,    7,    1,    3,    5,    2,   37,    0],
[2024-08-13 12:28:05,777][flwr][INFO] - 	       [  10,   16,  819,   41,   28,    0,   19,   31,   67,    1],
[2024-08-13 12:28:05,777][flwr][INFO] - 	       [   2,    9,   12,  820,    9,   38,   13,   19,   83,    5],
[2024-08-13 12:28:05,777][flwr][INFO] - 	       [   3,    3,    1,    0,  913,    5,   16,   14,   17,   10],
[2024-08-13 12:28:05,777][flwr][INFO] - 	       [  12,   45,    3,   54,   15,  629,   40,   21,   69,    4],
[2024-08-13 12:28:05,777][flwr][INFO] - 	       [  14,   13,   15,    0,   17,    8,  867,   23,    1,    0],
[2024-08-13 12:28:05,777][flwr][INFO] - 	       [   9,   26,   32,    2,   26,    0,    0,  882,   44,    7],
[2024-08-13 12:28:05,777][flwr][INFO] - 	       [  11,   17,   11,   28,   20,   19,   17,    5,  842,    4],
[2024-08-13 12:28:05,777][flwr][INFO] - 	       [  35,    6,    2,    3,  134,   16,    1,   83,   63,  666]],
[2024-08-13 12:28:05,777][flwr][INFO] - 	      dtype=int64))],
[2024-08-13 12:28:05,777][flwr][INFO] - 	 'f1': [(0, 0.017493624772313296),
[2024-08-13 12:28:05,777][flwr][INFO] - 	        (1, 0.6498264628052298),
[2024-08-13 12:28:05,777][flwr][INFO] - 	        (2, 0.7956446805337198),
[2024-08-13 12:28:05,777][flwr][INFO] - 	        (3, 0.8010091492481932),
[2024-08-13 12:28:05,777][flwr][INFO] - 	        (4, 0.7456580092551267),
[2024-08-13 12:28:05,778][flwr][INFO] - 	        (5, 0.8308333551618793),
[2024-08-13 12:28:05,778][flwr][INFO] - 	        (6, 0.8246329012118351),
[2024-08-13 12:28:05,778][flwr][INFO] - 	        (7, 0.8208181424895383),
[2024-08-13 12:28:05,778][flwr][INFO] - 	        (8, 0.8375016350666443),
[2024-08-13 12:28:05,778][flwr][INFO] - 	        (9, 0.8313509692233368),
[2024-08-13 12:28:05,778][flwr][INFO] - 	        (10, 0.8403876603743236)],
[2024-08-13 12:28:05,778][flwr][INFO] - 	 'precision': [(0, 0.009604000000000001),
[2024-08-13 12:28:05,778][flwr][INFO] - 	               (1, 0.7708717616505706),
[2024-08-13 12:28:05,778][flwr][INFO] - 	               (2, 0.8094349723075138),
[2024-08-13 12:28:05,778][flwr][INFO] - 	               (3, 0.8169043016331345),
[2024-08-13 12:28:05,778][flwr][INFO] - 	               (4, 0.8074467441561752),
[2024-08-13 12:28:05,778][flwr][INFO] - 	               (5, 0.8341239455469891),
[2024-08-13 12:28:05,778][flwr][INFO] - 	               (6, 0.8405647792117606),
[2024-08-13 12:28:05,778][flwr][INFO] - 	               (7, 0.8358939232317519),
[2024-08-13 12:28:05,778][flwr][INFO] - 	               (8, 0.84792561446447),
[2024-08-13 12:28:05,778][flwr][INFO] - 	               (9, 0.8397407229339837),
[2024-08-13 12:28:05,778][flwr][INFO] - 	               (10, 0.8506341545832764)],
[2024-08-13 12:28:05,778][flwr][INFO] - 	 'recall': [(0, 0.098),
[2024-08-13 12:28:05,779][flwr][INFO] - 	            (1, 0.686),
[2024-08-13 12:28:05,779][flwr][INFO] - 	            (2, 0.8011),
[2024-08-13 12:28:05,779][flwr][INFO] - 	            (3, 0.8005),
[2024-08-13 12:28:05,779][flwr][INFO] - 	            (4, 0.7698),
[2024-08-13 12:28:05,779][flwr][INFO] - 	            (5, 0.8322),
[2024-08-13 12:28:05,779][flwr][INFO] - 	            (6, 0.8264),
[2024-08-13 12:28:05,779][flwr][INFO] - 	            (7, 0.8223),
[2024-08-13 12:28:05,779][flwr][INFO] - 	            (8, 0.8389),
[2024-08-13 12:28:05,779][flwr][INFO] - 	            (9, 0.8327),
[2024-08-13 12:28:05,779][flwr][INFO] - 	            (10, 0.8414)]}
[2024-08-13 12:28:05,779][flwr][INFO] - 
