[2024-08-13 10:57:52,179][flwr][INFO] - Starting Flower simulation, config: num_rounds=10, no round_timeout
[2024-08-13 10:57:56,362][flwr][INFO] - Flower VCE: Ray initialized with resources: {'memory': 5056448103.0, 'node:127.0.0.1': 1.0, 'object_store_memory': 2528224051.0, 'accelerator_type:G': 1.0, 'CPU': 16.0, 'GPU': 1.0, 'node:__internal_head__': 1.0}
[2024-08-13 10:57:56,363][flwr][INFO] - Optimize your simulation with Flower VCE: https://flower.ai/docs/framework/how-to-run-simulations.html
[2024-08-13 10:57:56,363][flwr][INFO] - Flower VCE: Resources for each Virtual Client: {'num_cpus': 2, 'num_gpus': 0.5}
[2024-08-13 10:57:56,374][flwr][INFO] - Flower VCE: Creating VirtualClientEngineActorPool with 2 actors
[2024-08-13 10:57:56,374][flwr][INFO] - [INIT]
[2024-08-13 10:57:56,374][flwr][INFO] - Requesting initial parameters from one random client
[2024-08-13 10:58:03,685][flwr][INFO] - Received initial parameters from one random client
[2024-08-13 10:58:03,685][flwr][INFO] - Evaluating initial global parameters
[2024-08-13 10:58:05,927][flwr][INFO] - initial parameters (loss, other metrics): 2.3025850929940455, {'accuracy': 0.098, 'precision': 0.009604000000000001, 'recall': 0.098, 'f1': 0.017493624772313296, 'confusion_matrix': array([[ 980,    0,    0,    0,    0,    0,    0,    0,    0,    0],
       [1135,    0,    0,    0,    0,    0,    0,    0,    0,    0],
       [1032,    0,    0,    0,    0,    0,    0,    0,    0,    0],
       [1010,    0,    0,    0,    0,    0,    0,    0,    0,    0],
       [ 982,    0,    0,    0,    0,    0,    0,    0,    0,    0],
       [ 892,    0,    0,    0,    0,    0,    0,    0,    0,    0],
       [ 958,    0,    0,    0,    0,    0,    0,    0,    0,    0],
       [1028,    0,    0,    0,    0,    0,    0,    0,    0,    0],
       [ 974,    0,    0,    0,    0,    0,    0,    0,    0,    0],
       [1009,    0,    0,    0,    0,    0,    0,    0,    0,    0]],
      dtype=int64)}
[2024-08-13 10:58:05,928][flwr][INFO] - 
[2024-08-13 10:58:05,928][flwr][INFO] - [ROUND 1]
[2024-08-13 10:58:05,928][flwr][INFO] - configure_fit: strategy sampled 10 clients (out of 10)
[2024-08-13 10:58:14,609][flwr][INFO] - aggregate_fit: received 10 results and 0 failures
[2024-08-13 10:58:14,612][flwr][WARNING] - No fit_metrics_aggregation_fn provided
[2024-08-13 10:58:16,707][flwr][INFO] - fit progress: (1, 0.9606319607211766, {'accuracy': 0.7151, 'precision': 0.7825466353432067, 'recall': 0.7151, 'f1': 0.6836017519130493, 'confusion_matrix': array([[ 956,    0,    1,    5,    0,    0,    6,    1,   11,    0],
       [   0, 1050,   21,    6,    0,    0,    4,    1,   53,    0],
       [  97,   22,  646,  127,    8,    0,   24,   20,   75,   13],
       [  26,   10,    6,  860,    0,    0,    8,   11,   79,   10],
       [  43,    8,    2,    1,  457,    0,   29,    5,   72,  365],
       [ 242,   62,    3,  238,    7,    2,   27,   18,  242,   51],
       [ 113,   17,   10,    5,    4,    0,  793,    2,   14,    0],
       [  33,   35,   12,    3,    4,    0,    1,  801,   95,   44],
       [  47,    9,    3,  114,    5,    0,   11,    5,  769,   11],
       [  63,    8,    0,   10,   15,    0,    1,   27,   68,  817]],
      dtype=int64)}, 10.779216599999927)
[2024-08-13 10:58:16,707][flwr][INFO] - configure_evaluate: no clients selected, skipping evaluation
[2024-08-13 10:58:16,708][flwr][INFO] - 
[2024-08-13 10:58:16,708][flwr][INFO] - [ROUND 2]
[2024-08-13 10:58:16,708][flwr][INFO] - configure_fit: strategy sampled 10 clients (out of 10)
[2024-08-13 10:58:23,282][flwr][INFO] - aggregate_fit: received 10 results and 0 failures
[2024-08-13 10:58:25,369][flwr][INFO] - fit progress: (2, 0.861348125912246, {'accuracy': 0.7813, 'precision': 0.7976970911866096, 'recall': 0.7813, 'f1': 0.773420370552573, 'confusion_matrix': array([[ 864,    2,    5,    1,    3,   50,   53,    2,    0,    0],
       [   0, 1025,   89,    1,    1,   12,    5,    1,    0,    1],
       [  14,   11,  887,   28,   29,    0,   21,   28,   12,    2],
       [   1,   10,   45,  797,   13,   73,   12,   21,   10,   28],
       [   4,    6,    5,    0,  924,    2,   19,    8,    1,   13],
       [  14,   57,   20,   78,   35,  613,   40,   26,    3,    6],
       [  14,   13,   38,    1,   26,   18,  845,    3,    0,    0],
       [   5,   31,   56,    0,   24,    0,    1,  896,    2,   13],
       [   6,   45,   95,  100,   80,  142,   28,   15,  391,   72],
       [  13,   12,    6,    6,  284,   22,    2,   92,    1,  571]],
      dtype=int64)}, 19.441328900007647)
[2024-08-13 10:58:25,370][flwr][INFO] - configure_evaluate: no clients selected, skipping evaluation
[2024-08-13 10:58:25,370][flwr][INFO] - 
[2024-08-13 10:58:25,370][flwr][INFO] - [ROUND 3]
[2024-08-13 10:58:25,370][flwr][INFO] - configure_fit: strategy sampled 10 clients (out of 10)
[2024-08-13 10:58:31,894][flwr][INFO] - aggregate_fit: received 10 results and 0 failures
[2024-08-13 10:58:33,987][flwr][INFO] - fit progress: (3, 1.0060646452182587, {'accuracy': 0.7018, 'precision': 0.792505867532917, 'recall': 0.7018, 'f1': 0.6903829026347594, 'confusion_matrix': array([[ 884,    2,    0,    9,    0,    3,   30,    1,   50,    1],
       [   0, 1028,    1,    4,    0,    0,    4,    1,   97,    0],
       [  14,   22,  451,  262,    6,    0,   27,   17,  196,   37],
       [   0,    4,    2,  813,    0,   10,   11,    8,  145,   17],
       [   9,    6,    0,    1,  289,    0,   17,   18,   70,  572],
       [  12,   64,    1,  148,    2,  260,   37,   13,  305,   50],
       [  16,   19,    9,    3,    4,    3,  860,   24,   19,    1],
       [  12,   22,    7,    3,    2,    0,    2,  671,  206,  103],
       [   3,    9,    0,   56,    3,    1,   10,    2,  874,   16],
       [  15,    4,    1,    3,    4,    1,    2,   12,   79,  888]],
      dtype=int64)}, 28.05979740001203)
[2024-08-13 10:58:33,988][flwr][INFO] - configure_evaluate: no clients selected, skipping evaluation
[2024-08-13 10:58:33,988][flwr][INFO] - 
[2024-08-13 10:58:33,988][flwr][INFO] - [ROUND 4]
[2024-08-13 10:58:33,989][flwr][INFO] - configure_fit: strategy sampled 10 clients (out of 10)
[2024-08-13 10:58:40,418][flwr][INFO] - aggregate_fit: received 10 results and 0 failures
[2024-08-13 10:58:42,495][flwr][INFO] - fit progress: (4, 0.9252440733567175, {'accuracy': 0.7641, 'precision': 0.7858739928722442, 'recall': 0.7641, 'f1': 0.7444185030742155, 'confusion_matrix': array([[ 915,    2,    4,    2,    0,   21,   29,    7,    0,    0],
       [   0, 1032,   82,    2,    1,    9,    5,    3,    0,    1],
       [  14,   18,  872,   36,   25,    2,   17,   40,    7,    1],
       [   3,   15,   28,  811,   14,   76,   12,   29,    3,   19],
       [   5,    5,    3,    0,  911,    6,   16,   29,    0,    7],
       [  15,   64,   15,   59,   20,  653,   33,   30,    2,    1],
       [  13,   15,   37,    0,   24,   16,  829,   24,    0,    0],
       [   6,   33,   50,    0,   18,    0,    1,  919,    0,    1],
       [  16,   86,   76,  121,   89,  220,   31,   39,  215,   81],
       [  28,   11,    5,    5,  244,   43,    1,  188,    0,  484]],
      dtype=int64)}, 36.56754390000424)
[2024-08-13 10:58:42,496][flwr][INFO] - configure_evaluate: no clients selected, skipping evaluation
[2024-08-13 10:58:42,496][flwr][INFO] - 
[2024-08-13 10:58:42,496][flwr][INFO] - [ROUND 5]
[2024-08-13 10:58:42,497][flwr][INFO] - configure_fit: strategy sampled 10 clients (out of 10)
[2024-08-13 10:58:49,184][flwr][INFO] - aggregate_fit: received 10 results and 0 failures
[2024-08-13 10:58:51,336][flwr][INFO] - fit progress: (5, 0.8626327304646034, {'accuracy': 0.8061, 'precision': 0.821964529312401, 'recall': 0.8061, 'f1': 0.8038310470226414, 'confusion_matrix': array([[ 907,    3,    3,    7,    0,    7,   35,    1,   16,    1],
       [   0, 1058,   32,    6,    1,    2,    5,    1,   29,    1],
       [  15,   21,  762,   79,   12,    0,   29,   26,   70,   18],
       [   0,    8,    9,  837,    3,   20,   15,   12,   76,   30],
       [   7,    6,    2,    0,  697,    0,   30,    6,   20,  214],
       [  17,   77,    4,  115,   11,  460,   60,   13,   95,   40],
       [  13,   19,   17,    1,    9,    5,  885,    8,    1,    0],
       [  12,   30,   27,    3,   14,    0,    1,  772,   76,   93],
       [  10,   27,    8,   60,    8,   11,   21,    4,  783,   42],
       [  26,    7,    2,    6,   21,    4,    2,   15,   26,  900]],
      dtype=int64)}, 45.407972900007735)
[2024-08-13 10:58:51,337][flwr][INFO] - configure_evaluate: no clients selected, skipping evaluation
[2024-08-13 10:58:51,337][flwr][INFO] - 
[2024-08-13 10:58:51,337][flwr][INFO] - [ROUND 6]
[2024-08-13 10:58:51,337][flwr][INFO] - configure_fit: strategy sampled 10 clients (out of 10)
[2024-08-13 10:58:57,963][flwr][INFO] - aggregate_fit: received 10 results and 0 failures
[2024-08-13 10:59:00,049][flwr][INFO] - fit progress: (6, 0.8428196276247272, {'accuracy': 0.7822, 'precision': 0.812841390852349, 'recall': 0.7822, 'f1': 0.7695236185721672, 'confusion_matrix': array([[ 908,    3,    6,    3,    2,   32,   14,   12,    0,    0],
       [   0, 1048,   61,    2,    2,   13,    4,    4,    1,    0],
       [  13,   18,  864,   31,   29,    3,   16,   43,   14,    1],
       [   2,   13,   23,  825,    9,   84,    5,   31,   11,    7],
       [   4,    4,    3,    0,  926,    7,   11,   23,    2,    2],
       [  12,   52,   10,   43,   18,  707,   18,   28,    4,    0],
       [  14,   13,   38,    0,   28,   24,  815,   26,    0,    0],
       [   5,   27,   44,    1,   18,    0,    1,  930,    2,    0],
       [  12,   56,   44,   83,   61,  175,   17,   35,  482,    9],
       [  22,   10,    5,    5,  324,   66,    1,  259,    0,  317]],
      dtype=int64)}, 54.12183730000106)
[2024-08-13 10:59:00,050][flwr][INFO] - configure_evaluate: no clients selected, skipping evaluation
[2024-08-13 10:59:00,050][flwr][INFO] - 
[2024-08-13 10:59:00,050][flwr][INFO] - [ROUND 7]
[2024-08-13 10:59:00,051][flwr][INFO] - configure_fit: strategy sampled 10 clients (out of 10)
[2024-08-13 10:59:06,670][flwr][INFO] - aggregate_fit: received 10 results and 0 failures
[2024-08-13 10:59:08,779][flwr][INFO] - fit progress: (7, 0.8091625978164835, {'accuracy': 0.8083, 'precision': 0.8295771048995048, 'recall': 0.8083, 'f1': 0.8064106750357111, 'confusion_matrix': array([[ 921,    3,    2,    5,    1,    4,   29,    1,   13,    1],
       [   0, 1063,   17,    8,    1,    2,    5,    1,   37,    1],
       [  11,   20,  771,   70,   10,    0,   28,   24,   75,   23],
       [   1,    9,    6,  846,    2,   19,   16,   12,   57,   42],
       [   5,    5,    2,    1,  662,    0,   28,    3,   18,  258],
       [  16,   66,    2,  110,   10,  456,   58,   13,  102,   59],
       [  13,   16,   16,    1,    8,    4,  890,    8,    1,    1],
       [  10,   27,   25,    4,   17,    0,    1,  761,   66,  117],
       [  10,   22,    7,   45,    7,    8,   19,    4,  794,   58],
       [  23,    7,    4,    6,   16,    4,    2,    8,   20,  919]],
      dtype=int64)}, 62.85200430000259)
[2024-08-13 10:59:08,780][flwr][INFO] - configure_evaluate: no clients selected, skipping evaluation
[2024-08-13 10:59:08,780][flwr][INFO] - 
[2024-08-13 10:59:08,780][flwr][INFO] - [ROUND 8]
[2024-08-13 10:59:08,781][flwr][INFO] - configure_fit: strategy sampled 10 clients (out of 10)
[2024-08-13 10:59:15,455][flwr][INFO] - aggregate_fit: received 10 results and 0 failures
[2024-08-13 10:59:17,571][flwr][INFO] - fit progress: (8, 0.8061877165505253, {'accuracy': 0.8, 'precision': 0.8256841711125273, 'recall': 0.8, 'f1': 0.7896094905800138, 'confusion_matrix': array([[ 904,    5,    7,    4,    2,   27,   18,   11,    2,    0],
       [   0, 1054,   51,    4,    2,   11,    5,    4,    4,    0],
       [  11,   16,  861,   30,   31,    2,   17,   40,   23,    1],
       [   3,   11,   20,  827,   14,   70,    7,   26,   29,    3],
       [   2,    3,    1,    0,  933,    8,   13,   17,    3,    2],
       [  12,   49,    8,   41,   18,  708,   21,   27,    8,    0],
       [  14,   11,   25,    0,   29,   21,  832,   26,    0,    0],
       [   5,   26,   41,    2,   23,    0,    1,  925,    5,    0],
       [  11,   44,   27,   65,   48,  102,   17,   27,  632,    1],
       [  23,   10,    5,    5,  360,   58,    1,  214,    9,  324]],
      dtype=int64)}, 71.64242550000199)
[2024-08-13 10:59:17,571][flwr][INFO] - configure_evaluate: no clients selected, skipping evaluation
[2024-08-13 10:59:17,571][flwr][INFO] - 
[2024-08-13 10:59:17,572][flwr][INFO] - [ROUND 9]
[2024-08-13 10:59:17,572][flwr][INFO] - configure_fit: strategy sampled 10 clients (out of 10)
[2024-08-13 10:59:24,408][flwr][INFO] - aggregate_fit: received 10 results and 0 failures
[2024-08-13 10:59:26,657][flwr][INFO] - fit progress: (9, 0.7732326982426594, {'accuracy': 0.8208, 'precision': 0.8383415938630069, 'recall': 0.8208, 'f1': 0.8201883990316217, 'confusion_matrix': array([[ 926,    4,    3,    5,    1,    5,   25,    1,    9,    1],
       [   0, 1063,   21,   10,    1,    3,    5,    1,   29,    2],
       [  11,   16,  803,   60,    9,    0,   28,   25,   59,   21],
       [   2,    9,    8,  856,    2,   24,   14,   12,   40,   43],
       [   5,    6,    2,    1,  657,    0,   25,    4,   14,  268],
       [  15,   52,    2,   95,   11,  535,   50,   16,   65,   51],
       [  13,   13,   16,    1,    8,    6,  890,    9,    1,    1],
       [  10,   26,   30,    4,   15,    0,    2,  777,   45,  119],
       [  12,   24,    8,   45,    7,   10,   19,    5,  770,   74],
       [  22,    6,    4,    6,   14,    4,    1,    8,   13,  931]],
      dtype=int64)}, 80.72927650000202)
[2024-08-13 10:59:26,657][flwr][INFO] - configure_evaluate: no clients selected, skipping evaluation
[2024-08-13 10:59:26,657][flwr][INFO] - 
[2024-08-13 10:59:26,658][flwr][INFO] - [ROUND 10]
[2024-08-13 10:59:26,658][flwr][INFO] - configure_fit: strategy sampled 10 clients (out of 10)
[2024-08-13 10:59:33,401][flwr][INFO] - aggregate_fit: received 10 results and 0 failures
[2024-08-13 10:59:35,505][flwr][INFO] - fit progress: (10, 0.7833812201344571, {'accuracy': 0.7937, 'precision': 0.8266658111153967, 'recall': 0.7937, 'f1': 0.7753753105430368, 'confusion_matrix': array([[ 907,    6,    6,    4,    2,   25,   13,   13,    4,    0],
       [   0, 1067,   33,    3,    2,   11,    5,    3,   11,    0],
       [  10,   20,  836,   30,   40,    1,   16,   42,   37,    0],
       [   2,   12,   18,  824,   16,   62,    6,   25,   44,    1],
       [   2,    3,    1,    0,  938,    5,   13,   16,    3,    1],
       [  13,   41,    6,   39,   20,  712,   19,   26,   16,    0],
       [  13,   12,   18,    0,   30,   21,  837,   26,    1,    0],
       [   5,   28,   35,    2,   26,    0,    1,  923,    8,    0],
       [  11,   37,   16,   41,   46,   73,   18,   19,  713,    0],
       [  23,   10,    4,    4,  471,   60,    1,  238,   18,  180]],
      dtype=int64)}, 89.57721800000581)
[2024-08-13 10:59:35,506][flwr][INFO] - configure_evaluate: no clients selected, skipping evaluation
[2024-08-13 10:59:35,506][flwr][INFO] - 
[2024-08-13 10:59:35,506][flwr][INFO] - [SUMMARY]
[2024-08-13 10:59:35,506][flwr][INFO] - Run finished 10 round(s) in 89.58s
[2024-08-13 10:59:35,514][flwr][INFO] - 	History (loss, centralized):
[2024-08-13 10:59:35,515][flwr][INFO] - 		round 0: 2.3025850929940455
[2024-08-13 10:59:35,515][flwr][INFO] - 		round 1: 0.9606319607211766
[2024-08-13 10:59:35,515][flwr][INFO] - 		round 2: 0.861348125912246
[2024-08-13 10:59:35,515][flwr][INFO] - 		round 3: 1.0060646452182587
[2024-08-13 10:59:35,515][flwr][INFO] - 		round 4: 0.9252440733567175
[2024-08-13 10:59:35,515][flwr][INFO] - 		round 5: 0.8626327304646034
[2024-08-13 10:59:35,515][flwr][INFO] - 		round 6: 0.8428196276247272
[2024-08-13 10:59:35,515][flwr][INFO] - 		round 7: 0.8091625978164835
[2024-08-13 10:59:35,515][flwr][INFO] - 		round 8: 0.8061877165505253
[2024-08-13 10:59:35,515][flwr][INFO] - 		round 9: 0.7732326982426594
[2024-08-13 10:59:35,515][flwr][INFO] - 		round 10: 0.7833812201344571
[2024-08-13 10:59:35,515][flwr][INFO] - 	History (metrics, centralized):
[2024-08-13 10:59:35,515][flwr][INFO] - 	{'accuracy': [(0, 0.098),
[2024-08-13 10:59:35,516][flwr][INFO] - 	              (1, 0.7151),
[2024-08-13 10:59:35,516][flwr][INFO] - 	              (2, 0.7813),
[2024-08-13 10:59:35,516][flwr][INFO] - 	              (3, 0.7018),
[2024-08-13 10:59:35,516][flwr][INFO] - 	              (4, 0.7641),
[2024-08-13 10:59:35,516][flwr][INFO] - 	              (5, 0.8061),
[2024-08-13 10:59:35,516][flwr][INFO] - 	              (6, 0.7822),
[2024-08-13 10:59:35,516][flwr][INFO] - 	              (7, 0.8083),
[2024-08-13 10:59:35,516][flwr][INFO] - 	              (8, 0.8),
[2024-08-13 10:59:35,516][flwr][INFO] - 	              (9, 0.8208),
[2024-08-13 10:59:35,516][flwr][INFO] - 	              (10, 0.7937)],
[2024-08-13 10:59:35,516][flwr][INFO] - 	 'confusion_matrix': [(0,
[2024-08-13 10:59:35,516][flwr][INFO] - 	                       array([[ 980,    0,    0,    0,    0,    0,    0,    0,    0,    0],
[2024-08-13 10:59:35,516][flwr][INFO] - 	       [1135,    0,    0,    0,    0,    0,    0,    0,    0,    0],
[2024-08-13 10:59:35,516][flwr][INFO] - 	       [1032,    0,    0,    0,    0,    0,    0,    0,    0,    0],
[2024-08-13 10:59:35,516][flwr][INFO] - 	       [1010,    0,    0,    0,    0,    0,    0,    0,    0,    0],
[2024-08-13 10:59:35,516][flwr][INFO] - 	       [ 982,    0,    0,    0,    0,    0,    0,    0,    0,    0],
[2024-08-13 10:59:35,516][flwr][INFO] - 	       [ 892,    0,    0,    0,    0,    0,    0,    0,    0,    0],
[2024-08-13 10:59:35,517][flwr][INFO] - 	       [ 958,    0,    0,    0,    0,    0,    0,    0,    0,    0],
[2024-08-13 10:59:35,517][flwr][INFO] - 	       [1028,    0,    0,    0,    0,    0,    0,    0,    0,    0],
[2024-08-13 10:59:35,517][flwr][INFO] - 	       [ 974,    0,    0,    0,    0,    0,    0,    0,    0,    0],
[2024-08-13 10:59:35,517][flwr][INFO] - 	       [1009,    0,    0,    0,    0,    0,    0,    0,    0,    0]],
[2024-08-13 10:59:35,517][flwr][INFO] - 	      dtype=int64)),
[2024-08-13 10:59:35,517][flwr][INFO] - 	                      (1,
[2024-08-13 10:59:35,517][flwr][INFO] - 	                       array([[ 956,    0,    1,    5,    0,    0,    6,    1,   11,    0],
[2024-08-13 10:59:35,517][flwr][INFO] - 	       [   0, 1050,   21,    6,    0,    0,    4,    1,   53,    0],
[2024-08-13 10:59:35,517][flwr][INFO] - 	       [  97,   22,  646,  127,    8,    0,   24,   20,   75,   13],
[2024-08-13 10:59:35,517][flwr][INFO] - 	       [  26,   10,    6,  860,    0,    0,    8,   11,   79,   10],
[2024-08-13 10:59:35,517][flwr][INFO] - 	       [  43,    8,    2,    1,  457,    0,   29,    5,   72,  365],
[2024-08-13 10:59:35,517][flwr][INFO] - 	       [ 242,   62,    3,  238,    7,    2,   27,   18,  242,   51],
[2024-08-13 10:59:35,517][flwr][INFO] - 	       [ 113,   17,   10,    5,    4,    0,  793,    2,   14,    0],
[2024-08-13 10:59:35,517][flwr][INFO] - 	       [  33,   35,   12,    3,    4,    0,    1,  801,   95,   44],
[2024-08-13 10:59:35,517][flwr][INFO] - 	       [  47,    9,    3,  114,    5,    0,   11,    5,  769,   11],
[2024-08-13 10:59:35,517][flwr][INFO] - 	       [  63,    8,    0,   10,   15,    0,    1,   27,   68,  817]],
[2024-08-13 10:59:35,517][flwr][INFO] - 	      dtype=int64)),
[2024-08-13 10:59:35,518][flwr][INFO] - 	                      (2,
[2024-08-13 10:59:35,518][flwr][INFO] - 	                       array([[ 864,    2,    5,    1,    3,   50,   53,    2,    0,    0],
[2024-08-13 10:59:35,518][flwr][INFO] - 	       [   0, 1025,   89,    1,    1,   12,    5,    1,    0,    1],
[2024-08-13 10:59:35,518][flwr][INFO] - 	       [  14,   11,  887,   28,   29,    0,   21,   28,   12,    2],
[2024-08-13 10:59:35,518][flwr][INFO] - 	       [   1,   10,   45,  797,   13,   73,   12,   21,   10,   28],
[2024-08-13 10:59:35,518][flwr][INFO] - 	       [   4,    6,    5,    0,  924,    2,   19,    8,    1,   13],
[2024-08-13 10:59:35,518][flwr][INFO] - 	       [  14,   57,   20,   78,   35,  613,   40,   26,    3,    6],
[2024-08-13 10:59:35,518][flwr][INFO] - 	       [  14,   13,   38,    1,   26,   18,  845,    3,    0,    0],
[2024-08-13 10:59:35,518][flwr][INFO] - 	       [   5,   31,   56,    0,   24,    0,    1,  896,    2,   13],
[2024-08-13 10:59:35,518][flwr][INFO] - 	       [   6,   45,   95,  100,   80,  142,   28,   15,  391,   72],
[2024-08-13 10:59:35,518][flwr][INFO] - 	       [  13,   12,    6,    6,  284,   22,    2,   92,    1,  571]],
[2024-08-13 10:59:35,518][flwr][INFO] - 	      dtype=int64)),
[2024-08-13 10:59:35,518][flwr][INFO] - 	                      (3,
[2024-08-13 10:59:35,518][flwr][INFO] - 	                       array([[ 884,    2,    0,    9,    0,    3,   30,    1,   50,    1],
[2024-08-13 10:59:35,518][flwr][INFO] - 	       [   0, 1028,    1,    4,    0,    0,    4,    1,   97,    0],
[2024-08-13 10:59:35,519][flwr][INFO] - 	       [  14,   22,  451,  262,    6,    0,   27,   17,  196,   37],
[2024-08-13 10:59:35,519][flwr][INFO] - 	       [   0,    4,    2,  813,    0,   10,   11,    8,  145,   17],
[2024-08-13 10:59:35,519][flwr][INFO] - 	       [   9,    6,    0,    1,  289,    0,   17,   18,   70,  572],
[2024-08-13 10:59:35,519][flwr][INFO] - 	       [  12,   64,    1,  148,    2,  260,   37,   13,  305,   50],
[2024-08-13 10:59:35,519][flwr][INFO] - 	       [  16,   19,    9,    3,    4,    3,  860,   24,   19,    1],
[2024-08-13 10:59:35,519][flwr][INFO] - 	       [  12,   22,    7,    3,    2,    0,    2,  671,  206,  103],
[2024-08-13 10:59:35,519][flwr][INFO] - 	       [   3,    9,    0,   56,    3,    1,   10,    2,  874,   16],
[2024-08-13 10:59:35,519][flwr][INFO] - 	       [  15,    4,    1,    3,    4,    1,    2,   12,   79,  888]],
[2024-08-13 10:59:35,519][flwr][INFO] - 	      dtype=int64)),
[2024-08-13 10:59:35,519][flwr][INFO] - 	                      (4,
[2024-08-13 10:59:35,519][flwr][INFO] - 	                       array([[ 915,    2,    4,    2,    0,   21,   29,    7,    0,    0],
[2024-08-13 10:59:35,519][flwr][INFO] - 	       [   0, 1032,   82,    2,    1,    9,    5,    3,    0,    1],
[2024-08-13 10:59:35,519][flwr][INFO] - 	       [  14,   18,  872,   36,   25,    2,   17,   40,    7,    1],
[2024-08-13 10:59:35,519][flwr][INFO] - 	       [   3,   15,   28,  811,   14,   76,   12,   29,    3,   19],
[2024-08-13 10:59:35,519][flwr][INFO] - 	       [   5,    5,    3,    0,  911,    6,   16,   29,    0,    7],
[2024-08-13 10:59:35,519][flwr][INFO] - 	       [  15,   64,   15,   59,   20,  653,   33,   30,    2,    1],
[2024-08-13 10:59:35,519][flwr][INFO] - 	       [  13,   15,   37,    0,   24,   16,  829,   24,    0,    0],
[2024-08-13 10:59:35,520][flwr][INFO] - 	       [   6,   33,   50,    0,   18,    0,    1,  919,    0,    1],
[2024-08-13 10:59:35,520][flwr][INFO] - 	       [  16,   86,   76,  121,   89,  220,   31,   39,  215,   81],
[2024-08-13 10:59:35,520][flwr][INFO] - 	       [  28,   11,    5,    5,  244,   43,    1,  188,    0,  484]],
[2024-08-13 10:59:35,520][flwr][INFO] - 	      dtype=int64)),
[2024-08-13 10:59:35,520][flwr][INFO] - 	                      (5,
[2024-08-13 10:59:35,520][flwr][INFO] - 	                       array([[ 907,    3,    3,    7,    0,    7,   35,    1,   16,    1],
[2024-08-13 10:59:35,520][flwr][INFO] - 	       [   0, 1058,   32,    6,    1,    2,    5,    1,   29,    1],
[2024-08-13 10:59:35,520][flwr][INFO] - 	       [  15,   21,  762,   79,   12,    0,   29,   26,   70,   18],
[2024-08-13 10:59:35,520][flwr][INFO] - 	       [   0,    8,    9,  837,    3,   20,   15,   12,   76,   30],
[2024-08-13 10:59:35,520][flwr][INFO] - 	       [   7,    6,    2,    0,  697,    0,   30,    6,   20,  214],
[2024-08-13 10:59:35,520][flwr][INFO] - 	       [  17,   77,    4,  115,   11,  460,   60,   13,   95,   40],
[2024-08-13 10:59:35,520][flwr][INFO] - 	       [  13,   19,   17,    1,    9,    5,  885,    8,    1,    0],
[2024-08-13 10:59:35,520][flwr][INFO] - 	       [  12,   30,   27,    3,   14,    0,    1,  772,   76,   93],
[2024-08-13 10:59:35,520][flwr][INFO] - 	       [  10,   27,    8,   60,    8,   11,   21,    4,  783,   42],
[2024-08-13 10:59:35,520][flwr][INFO] - 	       [  26,    7,    2,    6,   21,    4,    2,   15,   26,  900]],
[2024-08-13 10:59:35,520][flwr][INFO] - 	      dtype=int64)),
[2024-08-13 10:59:35,520][flwr][INFO] - 	                      (6,
[2024-08-13 10:59:35,521][flwr][INFO] - 	                       array([[ 908,    3,    6,    3,    2,   32,   14,   12,    0,    0],
[2024-08-13 10:59:35,521][flwr][INFO] - 	       [   0, 1048,   61,    2,    2,   13,    4,    4,    1,    0],
[2024-08-13 10:59:35,521][flwr][INFO] - 	       [  13,   18,  864,   31,   29,    3,   16,   43,   14,    1],
[2024-08-13 10:59:35,521][flwr][INFO] - 	       [   2,   13,   23,  825,    9,   84,    5,   31,   11,    7],
[2024-08-13 10:59:35,521][flwr][INFO] - 	       [   4,    4,    3,    0,  926,    7,   11,   23,    2,    2],
[2024-08-13 10:59:35,521][flwr][INFO] - 	       [  12,   52,   10,   43,   18,  707,   18,   28,    4,    0],
[2024-08-13 10:59:35,521][flwr][INFO] - 	       [  14,   13,   38,    0,   28,   24,  815,   26,    0,    0],
[2024-08-13 10:59:35,521][flwr][INFO] - 	       [   5,   27,   44,    1,   18,    0,    1,  930,    2,    0],
[2024-08-13 10:59:35,521][flwr][INFO] - 	       [  12,   56,   44,   83,   61,  175,   17,   35,  482,    9],
[2024-08-13 10:59:35,521][flwr][INFO] - 	       [  22,   10,    5,    5,  324,   66,    1,  259,    0,  317]],
[2024-08-13 10:59:35,521][flwr][INFO] - 	      dtype=int64)),
[2024-08-13 10:59:35,521][flwr][INFO] - 	                      (7,
[2024-08-13 10:59:35,521][flwr][INFO] - 	                       array([[ 921,    3,    2,    5,    1,    4,   29,    1,   13,    1],
[2024-08-13 10:59:35,521][flwr][INFO] - 	       [   0, 1063,   17,    8,    1,    2,    5,    1,   37,    1],
[2024-08-13 10:59:35,521][flwr][INFO] - 	       [  11,   20,  771,   70,   10,    0,   28,   24,   75,   23],
[2024-08-13 10:59:35,521][flwr][INFO] - 	       [   1,    9,    6,  846,    2,   19,   16,   12,   57,   42],
[2024-08-13 10:59:35,521][flwr][INFO] - 	       [   5,    5,    2,    1,  662,    0,   28,    3,   18,  258],
[2024-08-13 10:59:35,521][flwr][INFO] - 	       [  16,   66,    2,  110,   10,  456,   58,   13,  102,   59],
[2024-08-13 10:59:35,522][flwr][INFO] - 	       [  13,   16,   16,    1,    8,    4,  890,    8,    1,    1],
[2024-08-13 10:59:35,522][flwr][INFO] - 	       [  10,   27,   25,    4,   17,    0,    1,  761,   66,  117],
[2024-08-13 10:59:35,522][flwr][INFO] - 	       [  10,   22,    7,   45,    7,    8,   19,    4,  794,   58],
[2024-08-13 10:59:35,522][flwr][INFO] - 	       [  23,    7,    4,    6,   16,    4,    2,    8,   20,  919]],
[2024-08-13 10:59:35,522][flwr][INFO] - 	      dtype=int64)),
[2024-08-13 10:59:35,522][flwr][INFO] - 	                      (8,
[2024-08-13 10:59:35,522][flwr][INFO] - 	                       array([[ 904,    5,    7,    4,    2,   27,   18,   11,    2,    0],
[2024-08-13 10:59:35,522][flwr][INFO] - 	       [   0, 1054,   51,    4,    2,   11,    5,    4,    4,    0],
[2024-08-13 10:59:35,522][flwr][INFO] - 	       [  11,   16,  861,   30,   31,    2,   17,   40,   23,    1],
[2024-08-13 10:59:35,522][flwr][INFO] - 	       [   3,   11,   20,  827,   14,   70,    7,   26,   29,    3],
[2024-08-13 10:59:35,522][flwr][INFO] - 	       [   2,    3,    1,    0,  933,    8,   13,   17,    3,    2],
[2024-08-13 10:59:35,522][flwr][INFO] - 	       [  12,   49,    8,   41,   18,  708,   21,   27,    8,    0],
[2024-08-13 10:59:35,522][flwr][INFO] - 	       [  14,   11,   25,    0,   29,   21,  832,   26,    0,    0],
[2024-08-13 10:59:35,522][flwr][INFO] - 	       [   5,   26,   41,    2,   23,    0,    1,  925,    5,    0],
[2024-08-13 10:59:35,522][flwr][INFO] - 	       [  11,   44,   27,   65,   48,  102,   17,   27,  632,    1],
[2024-08-13 10:59:35,522][flwr][INFO] - 	       [  23,   10,    5,    5,  360,   58,    1,  214,    9,  324]],
[2024-08-13 10:59:35,522][flwr][INFO] - 	      dtype=int64)),
[2024-08-13 10:59:35,523][flwr][INFO] - 	                      (9,
[2024-08-13 10:59:35,523][flwr][INFO] - 	                       array([[ 926,    4,    3,    5,    1,    5,   25,    1,    9,    1],
[2024-08-13 10:59:35,523][flwr][INFO] - 	       [   0, 1063,   21,   10,    1,    3,    5,    1,   29,    2],
[2024-08-13 10:59:35,523][flwr][INFO] - 	       [  11,   16,  803,   60,    9,    0,   28,   25,   59,   21],
[2024-08-13 10:59:35,523][flwr][INFO] - 	       [   2,    9,    8,  856,    2,   24,   14,   12,   40,   43],
[2024-08-13 10:59:35,523][flwr][INFO] - 	       [   5,    6,    2,    1,  657,    0,   25,    4,   14,  268],
[2024-08-13 10:59:35,523][flwr][INFO] - 	       [  15,   52,    2,   95,   11,  535,   50,   16,   65,   51],
[2024-08-13 10:59:35,523][flwr][INFO] - 	       [  13,   13,   16,    1,    8,    6,  890,    9,    1,    1],
[2024-08-13 10:59:35,523][flwr][INFO] - 	       [  10,   26,   30,    4,   15,    0,    2,  777,   45,  119],
[2024-08-13 10:59:35,523][flwr][INFO] - 	       [  12,   24,    8,   45,    7,   10,   19,    5,  770,   74],
[2024-08-13 10:59:35,523][flwr][INFO] - 	       [  22,    6,    4,    6,   14,    4,    1,    8,   13,  931]],
[2024-08-13 10:59:35,523][flwr][INFO] - 	      dtype=int64)),
[2024-08-13 10:59:35,523][flwr][INFO] - 	                      (10,
[2024-08-13 10:59:35,523][flwr][INFO] - 	                       array([[ 907,    6,    6,    4,    2,   25,   13,   13,    4,    0],
[2024-08-13 10:59:35,523][flwr][INFO] - 	       [   0, 1067,   33,    3,    2,   11,    5,    3,   11,    0],
[2024-08-13 10:59:35,523][flwr][INFO] - 	       [  10,   20,  836,   30,   40,    1,   16,   42,   37,    0],
[2024-08-13 10:59:35,523][flwr][INFO] - 	       [   2,   12,   18,  824,   16,   62,    6,   25,   44,    1],
[2024-08-13 10:59:35,524][flwr][INFO] - 	       [   2,    3,    1,    0,  938,    5,   13,   16,    3,    1],
[2024-08-13 10:59:35,524][flwr][INFO] - 	       [  13,   41,    6,   39,   20,  712,   19,   26,   16,    0],
[2024-08-13 10:59:35,524][flwr][INFO] - 	       [  13,   12,   18,    0,   30,   21,  837,   26,    1,    0],
[2024-08-13 10:59:35,524][flwr][INFO] - 	       [   5,   28,   35,    2,   26,    0,    1,  923,    8,    0],
[2024-08-13 10:59:35,524][flwr][INFO] - 	       [  11,   37,   16,   41,   46,   73,   18,   19,  713,    0],
[2024-08-13 10:59:35,524][flwr][INFO] - 	       [  23,   10,    4,    4,  471,   60,    1,  238,   18,  180]],
[2024-08-13 10:59:35,524][flwr][INFO] - 	      dtype=int64))],
[2024-08-13 10:59:35,524][flwr][INFO] - 	 'f1': [(0, 0.017493624772313296),
[2024-08-13 10:59:35,524][flwr][INFO] - 	        (1, 0.6836017519130493),
[2024-08-13 10:59:35,524][flwr][INFO] - 	        (2, 0.773420370552573),
[2024-08-13 10:59:35,524][flwr][INFO] - 	        (3, 0.6903829026347594),
[2024-08-13 10:59:35,524][flwr][INFO] - 	        (4, 0.7444185030742155),
[2024-08-13 10:59:35,524][flwr][INFO] - 	        (5, 0.8038310470226414),
[2024-08-13 10:59:35,524][flwr][INFO] - 	        (6, 0.7695236185721672),
[2024-08-13 10:59:35,524][flwr][INFO] - 	        (7, 0.8064106750357111),
[2024-08-13 10:59:35,524][flwr][INFO] - 	        (8, 0.7896094905800138),
[2024-08-13 10:59:35,524][flwr][INFO] - 	        (9, 0.8201883990316217),
[2024-08-13 10:59:35,525][flwr][INFO] - 	        (10, 0.7753753105430368)],
[2024-08-13 10:59:35,525][flwr][INFO] - 	 'precision': [(0, 0.009604000000000001),
[2024-08-13 10:59:35,525][flwr][INFO] - 	               (1, 0.7825466353432067),
[2024-08-13 10:59:35,525][flwr][INFO] - 	               (2, 0.7976970911866096),
[2024-08-13 10:59:35,525][flwr][INFO] - 	               (3, 0.792505867532917),
[2024-08-13 10:59:35,525][flwr][INFO] - 	               (4, 0.7858739928722442),
[2024-08-13 10:59:35,525][flwr][INFO] - 	               (5, 0.821964529312401),
[2024-08-13 10:59:35,525][flwr][INFO] - 	               (6, 0.812841390852349),
[2024-08-13 10:59:35,525][flwr][INFO] - 	               (7, 0.8295771048995048),
[2024-08-13 10:59:35,525][flwr][INFO] - 	               (8, 0.8256841711125273),
[2024-08-13 10:59:35,525][flwr][INFO] - 	               (9, 0.8383415938630069),
[2024-08-13 10:59:35,525][flwr][INFO] - 	               (10, 0.8266658111153967)],
[2024-08-13 10:59:35,525][flwr][INFO] - 	 'recall': [(0, 0.098),
[2024-08-13 10:59:35,525][flwr][INFO] - 	            (1, 0.7151),
[2024-08-13 10:59:35,525][flwr][INFO] - 	            (2, 0.7813),
[2024-08-13 10:59:35,525][flwr][INFO] - 	            (3, 0.7018),
[2024-08-13 10:59:35,525][flwr][INFO] - 	            (4, 0.7641),
[2024-08-13 10:59:35,526][flwr][INFO] - 	            (5, 0.8061),
[2024-08-13 10:59:35,526][flwr][INFO] - 	            (6, 0.7822),
[2024-08-13 10:59:35,526][flwr][INFO] - 	            (7, 0.8083),
[2024-08-13 10:59:35,526][flwr][INFO] - 	            (8, 0.8),
[2024-08-13 10:59:35,526][flwr][INFO] - 	            (9, 0.8208),
[2024-08-13 10:59:35,526][flwr][INFO] - 	            (10, 0.7937)]}
[2024-08-13 10:59:35,526][flwr][INFO] - 
