[2024-08-13 14:51:16,403][flwr][INFO] - Starting Flower simulation, config: num_rounds=10, no round_timeout
[2024-08-13 14:51:20,554][flwr][INFO] - Flower VCE: Ray initialized with resources: {'memory': 4889019188.0, 'node:127.0.0.1': 1.0, 'object_store_memory': 2444509593.0, 'CPU': 16.0, 'GPU': 1.0, 'accelerator_type:G': 1.0, 'node:__internal_head__': 1.0}
[2024-08-13 14:51:20,554][flwr][INFO] - Optimize your simulation with Flower VCE: https://flower.ai/docs/framework/how-to-run-simulations.html
[2024-08-13 14:51:20,555][flwr][INFO] - Flower VCE: Resources for each Virtual Client: {'num_cpus': 2, 'num_gpus': 0.5}
[2024-08-13 14:51:20,565][flwr][INFO] - Flower VCE: Creating VirtualClientEngineActorPool with 2 actors
[2024-08-13 14:51:20,567][flwr][INFO] - [INIT]
[2024-08-13 14:51:20,567][flwr][INFO] - Requesting initial parameters from one random client
[2024-08-13 14:51:27,959][flwr][INFO] - Received initial parameters from one random client
[2024-08-13 14:51:27,959][flwr][INFO] - Evaluating initial global parameters
[2024-08-13 14:51:30,207][flwr][INFO] - initial parameters (loss, other metrics): 2.3025850929940455, {'accuracy': 0.098, 'precision': 0.009604000000000001, 'recall': 0.098, 'f1': 0.017493624772313296, 'confusion_matrix': array([[ 980,    0,    0,    0,    0,    0,    0,    0,    0,    0],
       [1135,    0,    0,    0,    0,    0,    0,    0,    0,    0],
       [1032,    0,    0,    0,    0,    0,    0,    0,    0,    0],
       [1010,    0,    0,    0,    0,    0,    0,    0,    0,    0],
       [ 982,    0,    0,    0,    0,    0,    0,    0,    0,    0],
       [ 892,    0,    0,    0,    0,    0,    0,    0,    0,    0],
       [ 958,    0,    0,    0,    0,    0,    0,    0,    0,    0],
       [1028,    0,    0,    0,    0,    0,    0,    0,    0,    0],
       [ 974,    0,    0,    0,    0,    0,    0,    0,    0,    0],
       [1009,    0,    0,    0,    0,    0,    0,    0,    0,    0]],
      dtype=int64)}
[2024-08-13 14:51:30,208][flwr][INFO] - 
[2024-08-13 14:51:30,209][flwr][INFO] - [ROUND 1]
[2024-08-13 14:51:30,209][flwr][INFO] - configure_fit: strategy sampled 10 clients (out of 100)
[2024-08-13 14:51:33,764][flwr][INFO] - aggregate_fit: received 10 results and 0 failures
[2024-08-13 14:51:33,767][flwr][WARNING] - No fit_metrics_aggregation_fn provided
[2024-08-13 14:51:35,823][flwr][INFO] - fit progress: (1, 0.8960264129095281, {'accuracy': 0.7357, 'precision': 0.7807355960310588, 'recall': 0.7357, 'f1': 0.7010383624473631, 'confusion_matrix': array([[ 926,    0,    2,    1,    0,    0,   43,    1,    7,    0],
       [   0, 1040,    9,    9,    0,    0,   12,    1,   64,    0],
       [  69,   19,  619,  101,   18,    0,  125,   20,   61,    0],
       [  23,    9,   13,  858,    0,    0,   24,   13,   62,    8],
       [   7,   10,    1,    0,  825,    0,   81,    4,   25,   29],
       [ 187,   48,    4,  280,   34,    7,  109,   37,  160,   26],
       [  29,    9,    3,    2,    3,    0,  907,    0,    5,    0],
       [  17,   36,   19,    2,   16,    0,   11,  877,   31,   19],
       [  41,    7,    5,  115,   10,    0,   58,   12,  718,    8],
       [  36,   14,    1,   13,  210,    0,   22,   90,   43,  580]],
      dtype=int64)}, 5.614210900006583)
[2024-08-13 14:51:35,824][flwr][INFO] - configure_evaluate: no clients selected, skipping evaluation
[2024-08-13 14:51:35,824][flwr][INFO] - 
[2024-08-13 14:51:35,824][flwr][INFO] - [ROUND 2]
[2024-08-13 14:51:35,825][flwr][INFO] - configure_fit: strategy sampled 10 clients (out of 100)
[2024-08-13 14:51:37,049][flwr][INFO] - aggregate_fit: received 10 results and 0 failures
[2024-08-13 14:51:39,128][flwr][INFO] - fit progress: (2, 0.7266546117279259, {'accuracy': 0.8077, 'precision': 0.821194972806656, 'recall': 0.8077, 'f1': 0.8017552837554353, 'confusion_matrix': array([[ 934,    0,    8,    4,    0,    1,   23,    1,    9,    0],
       [   0, 1049,   59,    5,    1,    0,    5,    1,   12,    3],
       [  26,   15,  871,   27,   19,    0,   23,   15,   29,    7],
       [  10,   11,   41,  844,    2,    4,   10,   14,   40,   34],
       [   7,    8,    7,    0,  742,    0,   22,    1,    7,  188],
       [  63,   49,   34,  191,   33,  366,   33,   23,   42,   58],
       [  30,   14,   29,    2,   10,   11,  858,    1,    3,    0],
       [   9,   35,   46,    0,   15,    0,    3,  836,   12,   72],
       [  26,   13,   44,   88,    8,    4,   17,    9,  704,   61],
       [  26,   12,    8,   10,   44,    0,    2,   21,   13,  873]],
      dtype=int64)}, 8.919197800001712)
[2024-08-13 14:51:39,129][flwr][INFO] - configure_evaluate: no clients selected, skipping evaluation
[2024-08-13 14:51:39,129][flwr][INFO] - 
[2024-08-13 14:51:39,129][flwr][INFO] - [ROUND 3]
[2024-08-13 14:51:39,129][flwr][INFO] - configure_fit: strategy sampled 10 clients (out of 100)
[2024-08-13 14:51:40,291][flwr][INFO] - aggregate_fit: received 10 results and 0 failures
[2024-08-13 14:51:42,371][flwr][INFO] - fit progress: (3, 0.6862759231541234, {'accuracy': 0.8334, 'precision': 0.8377429586035061, 'recall': 0.8334, 'f1': 0.8316556354616412, 'confusion_matrix': array([[ 901,    0,    4,    1,    1,   38,   28,    1,    6,    0],
       [   0, 1071,   21,    4,    1,   13,    4,    0,   21,    0],
       [  21,   22,  788,   55,   29,    0,   31,   27,   57,    2],
       [   4,   12,   19,  820,    1,   67,    8,   18,   53,    8],
       [   1,    9,    1,    0,  915,    3,   19,    4,   11,   19],
       [  17,   43,    4,   65,   30,  668,   26,   18,   17,    4],
       [  18,   15,   12,    2,   15,   31,  860,    1,    4,    0],
       [   6,   39,   21,    1,   18,    0,    3,  899,   20,   21],
       [   7,   16,    9,   69,   17,   50,   19,   15,  760,   12],
       [  15,   16,    4,    7,  182,   28,    3,   79,   23,  652]],
      dtype=int64)}, 12.162691300007282)
[2024-08-13 14:51:42,372][flwr][INFO] - configure_evaluate: no clients selected, skipping evaluation
[2024-08-13 14:51:42,372][flwr][INFO] - 
[2024-08-13 14:51:42,372][flwr][INFO] - [ROUND 4]
[2024-08-13 14:51:42,373][flwr][INFO] - configure_fit: strategy sampled 10 clients (out of 100)
[2024-08-13 14:51:43,514][flwr][INFO] - aggregate_fit: received 10 results and 0 failures
[2024-08-13 14:51:45,594][flwr][INFO] - fit progress: (4, 0.6720715991172034, {'accuracy': 0.8193, 'precision': 0.8382777246058754, 'recall': 0.8193, 'f1': 0.8179587087833821, 'confusion_matrix': array([[ 924,    0,    5,    7,    0,    3,   23,    1,   11,    6],
       [   0, 1070,   32,    7,    1,    1,    5,    1,   15,    3],
       [  15,   14,  861,   40,   11,    0,   22,   20,   30,   19],
       [   4,    6,   19,  877,    1,   15,    8,   13,   28,   39],
       [   3,    8,    7,    0,  625,    0,   23,    1,    6,  309],
       [  17,   48,   14,  158,   20,  497,   33,   18,   29,   58],
       [  17,   11,   25,    3,    8,   17,  871,    2,    3,    1],
       [   5,   35,   38,    0,   10,    0,    4,  828,    6,  102],
       [  11,   16,   28,   91,    5,   11,   17,    6,  713,   76],
       [  18,   10,    6,   10,   13,    3,    3,   13,    6,  927]],
      dtype=int64)}, 15.384791900010896)
[2024-08-13 14:51:45,595][flwr][INFO] - configure_evaluate: no clients selected, skipping evaluation
[2024-08-13 14:51:45,595][flwr][INFO] - 
[2024-08-13 14:51:45,595][flwr][INFO] - [ROUND 5]
[2024-08-13 14:51:45,595][flwr][INFO] - configure_fit: strategy sampled 10 clients (out of 100)
[2024-08-13 14:51:46,762][flwr][INFO] - aggregate_fit: received 10 results and 0 failures
[2024-08-13 14:51:48,836][flwr][INFO] - fit progress: (5, 0.6532559414471054, {'accuracy': 0.8375, 'precision': 0.8506350940205977, 'recall': 0.8375, 'f1': 0.8327206385978027, 'confusion_matrix': array([[ 932,    0,    1,    1,    2,   15,   18,    1,   10,    0],
       [   0, 1077,   13,    2,    1,    9,    4,    1,   28,    0],
       [  18,   23,  816,   35,   29,    0,   24,   31,   56,    0],
       [   5,   10,   17,  816,    1,   67,    8,   22,   62,    2],
       [   1,    9,    2,    0,  931,    6,   13,    3,   11,    6],
       [  16,   42,    3,   32,   31,  700,   24,   18,   24,    2],
       [  19,   13,   14,    1,   19,   23,  865,    1,    3,    0],
       [   3,   36,   23,    0,   21,    0,    1,  924,   18,    2],
       [   8,   15,   11,   25,   17,   35,   18,   17,  826,    2],
       [  17,   14,    6,    6,  275,   33,    2,  135,   33,  488]],
      dtype=int64)}, 18.62781650001125)
[2024-08-13 14:51:48,837][flwr][INFO] - configure_evaluate: no clients selected, skipping evaluation
[2024-08-13 14:51:48,837][flwr][INFO] - 
[2024-08-13 14:51:48,837][flwr][INFO] - [ROUND 6]
[2024-08-13 14:51:48,837][flwr][INFO] - configure_fit: strategy sampled 10 clients (out of 100)
[2024-08-13 14:51:50,136][flwr][INFO] - aggregate_fit: received 10 results and 0 failures
[2024-08-13 14:51:52,229][flwr][INFO] - fit progress: (6, 0.6239235888721902, {'accuracy': 0.8525, 'precision': 0.8571106558196574, 'recall': 0.8525, 'f1': 0.8517456425506491, 'confusion_matrix': array([[ 938,    0,    3,    3,    0,   11,   19,    1,    5,    0],
       [   0, 1085,   21,    5,    1,    5,    5,    0,   13,    0],
       [  16,   18,  844,   40,   15,    0,   25,   25,   36,   13],
       [   5,    6,   16,  869,    1,   34,    8,   15,   25,   31],
       [   3,    9,    4,    0,  778,    0,   23,    2,    4,  159],
       [  19,   48,    6,   81,   22,  632,   30,   13,   15,   26],
       [  17,   13,   18,    2,   10,   20,  876,    1,    1,    0],
       [   5,   38,   33,    1,   13,    0,    4,  854,    9,   71],
       [  13,   24,   15,   67,    8,   21,   20,    9,  742,   55],
       [  18,   11,    6,    9,   29,   10,    2,   13,    4,  907]],
      dtype=int64)}, 22.0197535000043)
[2024-08-13 14:51:52,229][flwr][INFO] - configure_evaluate: no clients selected, skipping evaluation
[2024-08-13 14:51:52,230][flwr][INFO] - 
[2024-08-13 14:51:52,230][flwr][INFO] - [ROUND 7]
[2024-08-13 14:51:52,230][flwr][INFO] - configure_fit: strategy sampled 10 clients (out of 100)
[2024-08-13 14:51:53,391][flwr][INFO] - aggregate_fit: received 10 results and 0 failures
[2024-08-13 14:51:55,525][flwr][INFO] - fit progress: (7, 0.6282501730606321, {'accuracy': 0.837, 'precision': 0.8523781731673277, 'recall': 0.837, 'f1': 0.8306662879528094, 'confusion_matrix': array([[ 953,    0,    1,    1,    2,    3,   10,    1,    9,    0],
       [   0, 1074,   18,    6,    1,    3,    5,    1,   27,    0],
       [  17,   11,  838,   34,   30,    0,   19,   33,   50,    0],
       [   5,    4,   18,  857,    2,   35,    8,   23,   57,    1],
       [   1,    6,    3,    0,  944,    2,   11,    4,    8,    3],
       [  24,   33,    7,   74,   39,  633,   22,   21,   36,    3],
       [  21,   10,   21,    2,   24,   20,  855,    1,    4,    0],
       [   3,   28,   30,    0,   19,    0,    1,  935,   11,    1],
       [  14,   14,   13,   32,   19,   18,   15,   19,  829,    1],
       [  27,   10,    7,    6,  293,   13,    1,  166,   34,  452]],
      dtype=int64)}, 25.316992899999605)
[2024-08-13 14:51:55,526][flwr][INFO] - configure_evaluate: no clients selected, skipping evaluation
[2024-08-13 14:51:55,526][flwr][INFO] - 
[2024-08-13 14:51:55,526][flwr][INFO] - [ROUND 8]
[2024-08-13 14:51:55,527][flwr][INFO] - configure_fit: strategy sampled 10 clients (out of 100)
[2024-08-13 14:51:56,657][flwr][INFO] - aggregate_fit: received 10 results and 0 failures
[2024-08-13 14:51:58,881][flwr][INFO] - fit progress: (8, 0.5928085851557793, {'accuracy': 0.8668, 'precision': 0.8680284359331089, 'recall': 0.8668, 'f1': 0.866226725752742, 'confusion_matrix': array([[ 944,    0,    1,    2,    1,   13,   15,    1,    3,    0],
       [   0, 1083,   17,    6,    1,    7,    5,    0,   16,    0],
       [  16,   14,  850,   32,   16,    0,   25,   29,   40,   10],
       [   5,    4,   14,  859,    1,   48,    8,   16,   30,   25],
       [   2,    8,    3,    0,  809,    2,   21,    2,    5,  130],
       [  18,   34,    3,   49,   17,  696,   24,   13,   18,   20],
       [  15,    9,   18,    2,   12,   20,  880,    1,    1,    0],
       [   5,   32,   34,    1,   12,    0,    2,  889,    6,   47],
       [  13,   20,   17,   46,    8,   38,   17,   12,  764,   39],
       [  21,    9,    6,    8,   30,   11,    1,   25,    4,  894]],
      dtype=int64)}, 28.672404600001755)
[2024-08-13 14:51:58,882][flwr][INFO] - configure_evaluate: no clients selected, skipping evaluation
[2024-08-13 14:51:58,882][flwr][INFO] - 
[2024-08-13 14:51:58,882][flwr][INFO] - [ROUND 9]
[2024-08-13 14:51:58,882][flwr][INFO] - configure_fit: strategy sampled 10 clients (out of 100)
[2024-08-13 14:52:00,034][flwr][INFO] - aggregate_fit: received 10 results and 0 failures
[2024-08-13 14:52:02,124][flwr][INFO] - fit progress: (9, 0.5859269637744315, {'accuracy': 0.8611, 'precision': 0.8680594344022533, 'recall': 0.8611, 'f1': 0.8592887093674133, 'confusion_matrix': array([[ 946,    0,    4,    1,    2,    4,   14,    1,    8,    0],
       [   0, 1080,   10,    4,    1,    3,    5,    1,   31,    0],
       [  13,   15,  843,   30,   31,    0,   20,   30,   49,    1],
       [   4,    4,   16,  864,    1,   29,    8,   22,   57,    5],
       [   1,    5,    2,    0,  944,    2,   12,    1,    6,    9],
       [  20,   34,    4,   75,   38,  629,   30,   16,   40,    6],
       [  13,    6,   16,    2,   27,   15,  875,    1,    3,    0],
       [   3,   30,   32,    1,   22,    0,    0,  914,   15,   11],
       [   8,   14,   12,   29,   19,   19,   15,   13,  842,    3],
       [  19,   11,    8,    6,  182,   10,    1,   68,   30,  674]],
      dtype=int64)}, 31.91565900000569)
[2024-08-13 14:52:02,125][flwr][INFO] - configure_evaluate: no clients selected, skipping evaluation
[2024-08-13 14:52:02,125][flwr][INFO] - 
[2024-08-13 14:52:02,125][flwr][INFO] - [ROUND 10]
[2024-08-13 14:52:02,125][flwr][INFO] - configure_fit: strategy sampled 10 clients (out of 100)
[2024-08-13 14:52:03,383][flwr][INFO] - aggregate_fit: received 10 results and 0 failures
[2024-08-13 14:52:05,455][flwr][INFO] - fit progress: (10, 0.5761190644683672, {'accuracy': 0.8651, 'precision': 0.8706942620134163, 'recall': 0.8651, 'f1': 0.8650960578535507, 'confusion_matrix': array([[ 933,    1,    6,    1,    0,   15,   19,    1,    4,    0],
       [   0, 1088,   17,    3,    1,    6,    5,    0,   15,    0],
       [  11,   15,  861,   31,    9,    0,   26,   29,   35,   15],
       [   4,    3,   15,  866,    1,   43,    8,   16,   18,   36],
       [   2,    8,    4,    0,  760,    1,   25,    2,    6,  174],
       [  10,   30,    2,   52,   10,  713,   25,   11,   15,   24],
       [  13,    6,   17,    2,    8,   21,  888,    2,    1,    0],
       [   3,   33,   35,    2,    9,    0,    2,  873,    3,   68],
       [   8,   26,   17,   45,    7,   42,   18,    7,  745,   59],
       [  13,    8,    6,    8,   16,   16,    1,   15,    2,  924]],
      dtype=int64)}, 35.246308900008444)
[2024-08-13 14:52:05,456][flwr][INFO] - configure_evaluate: no clients selected, skipping evaluation
[2024-08-13 14:52:05,456][flwr][INFO] - 
[2024-08-13 14:52:05,456][flwr][INFO] - [SUMMARY]
[2024-08-13 14:52:05,456][flwr][INFO] - Run finished 10 round(s) in 35.25s
[2024-08-13 14:52:05,464][flwr][INFO] - 	History (loss, centralized):
[2024-08-13 14:52:05,465][flwr][INFO] - 		round 0: 2.3025850929940455
[2024-08-13 14:52:05,465][flwr][INFO] - 		round 1: 0.8960264129095281
[2024-08-13 14:52:05,465][flwr][INFO] - 		round 2: 0.7266546117279259
[2024-08-13 14:52:05,465][flwr][INFO] - 		round 3: 0.6862759231541234
[2024-08-13 14:52:05,465][flwr][INFO] - 		round 4: 0.6720715991172034
[2024-08-13 14:52:05,465][flwr][INFO] - 		round 5: 0.6532559414471054
[2024-08-13 14:52:05,465][flwr][INFO] - 		round 6: 0.6239235888721902
[2024-08-13 14:52:05,465][flwr][INFO] - 		round 7: 0.6282501730606321
[2024-08-13 14:52:05,465][flwr][INFO] - 		round 8: 0.5928085851557793
[2024-08-13 14:52:05,465][flwr][INFO] - 		round 9: 0.5859269637744315
[2024-08-13 14:52:05,465][flwr][INFO] - 		round 10: 0.5761190644683672
[2024-08-13 14:52:05,465][flwr][INFO] - 	History (metrics, centralized):
[2024-08-13 14:52:05,465][flwr][INFO] - 	{'accuracy': [(0, 0.098),
[2024-08-13 14:52:05,465][flwr][INFO] - 	              (1, 0.7357),
[2024-08-13 14:52:05,465][flwr][INFO] - 	              (2, 0.8077),
[2024-08-13 14:52:05,466][flwr][INFO] - 	              (3, 0.8334),
[2024-08-13 14:52:05,466][flwr][INFO] - 	              (4, 0.8193),
[2024-08-13 14:52:05,466][flwr][INFO] - 	              (5, 0.8375),
[2024-08-13 14:52:05,466][flwr][INFO] - 	              (6, 0.8525),
[2024-08-13 14:52:05,466][flwr][INFO] - 	              (7, 0.837),
[2024-08-13 14:52:05,466][flwr][INFO] - 	              (8, 0.8668),
[2024-08-13 14:52:05,466][flwr][INFO] - 	              (9, 0.8611),
[2024-08-13 14:52:05,466][flwr][INFO] - 	              (10, 0.8651)],
[2024-08-13 14:52:05,466][flwr][INFO] - 	 'confusion_matrix': [(0,
[2024-08-13 14:52:05,466][flwr][INFO] - 	                       array([[ 980,    0,    0,    0,    0,    0,    0,    0,    0,    0],
[2024-08-13 14:52:05,466][flwr][INFO] - 	       [1135,    0,    0,    0,    0,    0,    0,    0,    0,    0],
[2024-08-13 14:52:05,466][flwr][INFO] - 	       [1032,    0,    0,    0,    0,    0,    0,    0,    0,    0],
[2024-08-13 14:52:05,466][flwr][INFO] - 	       [1010,    0,    0,    0,    0,    0,    0,    0,    0,    0],
[2024-08-13 14:52:05,466][flwr][INFO] - 	       [ 982,    0,    0,    0,    0,    0,    0,    0,    0,    0],
[2024-08-13 14:52:05,466][flwr][INFO] - 	       [ 892,    0,    0,    0,    0,    0,    0,    0,    0,    0],
[2024-08-13 14:52:05,466][flwr][INFO] - 	       [ 958,    0,    0,    0,    0,    0,    0,    0,    0,    0],
[2024-08-13 14:52:05,466][flwr][INFO] - 	       [1028,    0,    0,    0,    0,    0,    0,    0,    0,    0],
[2024-08-13 14:52:05,467][flwr][INFO] - 	       [ 974,    0,    0,    0,    0,    0,    0,    0,    0,    0],
[2024-08-13 14:52:05,467][flwr][INFO] - 	       [1009,    0,    0,    0,    0,    0,    0,    0,    0,    0]],
[2024-08-13 14:52:05,467][flwr][INFO] - 	      dtype=int64)),
[2024-08-13 14:52:05,467][flwr][INFO] - 	                      (1,
[2024-08-13 14:52:05,467][flwr][INFO] - 	                       array([[ 926,    0,    2,    1,    0,    0,   43,    1,    7,    0],
[2024-08-13 14:52:05,467][flwr][INFO] - 	       [   0, 1040,    9,    9,    0,    0,   12,    1,   64,    0],
[2024-08-13 14:52:05,467][flwr][INFO] - 	       [  69,   19,  619,  101,   18,    0,  125,   20,   61,    0],
[2024-08-13 14:52:05,467][flwr][INFO] - 	       [  23,    9,   13,  858,    0,    0,   24,   13,   62,    8],
[2024-08-13 14:52:05,467][flwr][INFO] - 	       [   7,   10,    1,    0,  825,    0,   81,    4,   25,   29],
[2024-08-13 14:52:05,467][flwr][INFO] - 	       [ 187,   48,    4,  280,   34,    7,  109,   37,  160,   26],
[2024-08-13 14:52:05,467][flwr][INFO] - 	       [  29,    9,    3,    2,    3,    0,  907,    0,    5,    0],
[2024-08-13 14:52:05,467][flwr][INFO] - 	       [  17,   36,   19,    2,   16,    0,   11,  877,   31,   19],
[2024-08-13 14:52:05,467][flwr][INFO] - 	       [  41,    7,    5,  115,   10,    0,   58,   12,  718,    8],
[2024-08-13 14:52:05,467][flwr][INFO] - 	       [  36,   14,    1,   13,  210,    0,   22,   90,   43,  580]],
[2024-08-13 14:52:05,467][flwr][INFO] - 	      dtype=int64)),
[2024-08-13 14:52:05,467][flwr][INFO] - 	                      (2,
[2024-08-13 14:52:05,467][flwr][INFO] - 	                       array([[ 934,    0,    8,    4,    0,    1,   23,    1,    9,    0],
[2024-08-13 14:52:05,468][flwr][INFO] - 	       [   0, 1049,   59,    5,    1,    0,    5,    1,   12,    3],
[2024-08-13 14:52:05,468][flwr][INFO] - 	       [  26,   15,  871,   27,   19,    0,   23,   15,   29,    7],
[2024-08-13 14:52:05,468][flwr][INFO] - 	       [  10,   11,   41,  844,    2,    4,   10,   14,   40,   34],
[2024-08-13 14:52:05,468][flwr][INFO] - 	       [   7,    8,    7,    0,  742,    0,   22,    1,    7,  188],
[2024-08-13 14:52:05,468][flwr][INFO] - 	       [  63,   49,   34,  191,   33,  366,   33,   23,   42,   58],
[2024-08-13 14:52:05,468][flwr][INFO] - 	       [  30,   14,   29,    2,   10,   11,  858,    1,    3,    0],
[2024-08-13 14:52:05,468][flwr][INFO] - 	       [   9,   35,   46,    0,   15,    0,    3,  836,   12,   72],
[2024-08-13 14:52:05,468][flwr][INFO] - 	       [  26,   13,   44,   88,    8,    4,   17,    9,  704,   61],
[2024-08-13 14:52:05,468][flwr][INFO] - 	       [  26,   12,    8,   10,   44,    0,    2,   21,   13,  873]],
[2024-08-13 14:52:05,468][flwr][INFO] - 	      dtype=int64)),
[2024-08-13 14:52:05,468][flwr][INFO] - 	                      (3,
[2024-08-13 14:52:05,468][flwr][INFO] - 	                       array([[ 901,    0,    4,    1,    1,   38,   28,    1,    6,    0],
[2024-08-13 14:52:05,468][flwr][INFO] - 	       [   0, 1071,   21,    4,    1,   13,    4,    0,   21,    0],
[2024-08-13 14:52:05,468][flwr][INFO] - 	       [  21,   22,  788,   55,   29,    0,   31,   27,   57,    2],
[2024-08-13 14:52:05,468][flwr][INFO] - 	       [   4,   12,   19,  820,    1,   67,    8,   18,   53,    8],
[2024-08-13 14:52:05,468][flwr][INFO] - 	       [   1,    9,    1,    0,  915,    3,   19,    4,   11,   19],
[2024-08-13 14:52:05,468][flwr][INFO] - 	       [  17,   43,    4,   65,   30,  668,   26,   18,   17,    4],
[2024-08-13 14:52:05,469][flwr][INFO] - 	       [  18,   15,   12,    2,   15,   31,  860,    1,    4,    0],
[2024-08-13 14:52:05,469][flwr][INFO] - 	       [   6,   39,   21,    1,   18,    0,    3,  899,   20,   21],
[2024-08-13 14:52:05,469][flwr][INFO] - 	       [   7,   16,    9,   69,   17,   50,   19,   15,  760,   12],
[2024-08-13 14:52:05,469][flwr][INFO] - 	       [  15,   16,    4,    7,  182,   28,    3,   79,   23,  652]],
[2024-08-13 14:52:05,469][flwr][INFO] - 	      dtype=int64)),
[2024-08-13 14:52:05,469][flwr][INFO] - 	                      (4,
[2024-08-13 14:52:05,469][flwr][INFO] - 	                       array([[ 924,    0,    5,    7,    0,    3,   23,    1,   11,    6],
[2024-08-13 14:52:05,469][flwr][INFO] - 	       [   0, 1070,   32,    7,    1,    1,    5,    1,   15,    3],
[2024-08-13 14:52:05,469][flwr][INFO] - 	       [  15,   14,  861,   40,   11,    0,   22,   20,   30,   19],
[2024-08-13 14:52:05,469][flwr][INFO] - 	       [   4,    6,   19,  877,    1,   15,    8,   13,   28,   39],
[2024-08-13 14:52:05,469][flwr][INFO] - 	       [   3,    8,    7,    0,  625,    0,   23,    1,    6,  309],
[2024-08-13 14:52:05,469][flwr][INFO] - 	       [  17,   48,   14,  158,   20,  497,   33,   18,   29,   58],
[2024-08-13 14:52:05,469][flwr][INFO] - 	       [  17,   11,   25,    3,    8,   17,  871,    2,    3,    1],
[2024-08-13 14:52:05,469][flwr][INFO] - 	       [   5,   35,   38,    0,   10,    0,    4,  828,    6,  102],
[2024-08-13 14:52:05,469][flwr][INFO] - 	       [  11,   16,   28,   91,    5,   11,   17,    6,  713,   76],
[2024-08-13 14:52:05,469][flwr][INFO] - 	       [  18,   10,    6,   10,   13,    3,    3,   13,    6,  927]],
[2024-08-13 14:52:05,469][flwr][INFO] - 	      dtype=int64)),
[2024-08-13 14:52:05,470][flwr][INFO] - 	                      (5,
[2024-08-13 14:52:05,470][flwr][INFO] - 	                       array([[ 932,    0,    1,    1,    2,   15,   18,    1,   10,    0],
[2024-08-13 14:52:05,470][flwr][INFO] - 	       [   0, 1077,   13,    2,    1,    9,    4,    1,   28,    0],
[2024-08-13 14:52:05,470][flwr][INFO] - 	       [  18,   23,  816,   35,   29,    0,   24,   31,   56,    0],
[2024-08-13 14:52:05,470][flwr][INFO] - 	       [   5,   10,   17,  816,    1,   67,    8,   22,   62,    2],
[2024-08-13 14:52:05,470][flwr][INFO] - 	       [   1,    9,    2,    0,  931,    6,   13,    3,   11,    6],
[2024-08-13 14:52:05,470][flwr][INFO] - 	       [  16,   42,    3,   32,   31,  700,   24,   18,   24,    2],
[2024-08-13 14:52:05,470][flwr][INFO] - 	       [  19,   13,   14,    1,   19,   23,  865,    1,    3,    0],
[2024-08-13 14:52:05,470][flwr][INFO] - 	       [   3,   36,   23,    0,   21,    0,    1,  924,   18,    2],
[2024-08-13 14:52:05,470][flwr][INFO] - 	       [   8,   15,   11,   25,   17,   35,   18,   17,  826,    2],
[2024-08-13 14:52:05,470][flwr][INFO] - 	       [  17,   14,    6,    6,  275,   33,    2,  135,   33,  488]],
[2024-08-13 14:52:05,470][flwr][INFO] - 	      dtype=int64)),
[2024-08-13 14:52:05,470][flwr][INFO] - 	                      (6,
[2024-08-13 14:52:05,470][flwr][INFO] - 	                       array([[ 938,    0,    3,    3,    0,   11,   19,    1,    5,    0],
[2024-08-13 14:52:05,470][flwr][INFO] - 	       [   0, 1085,   21,    5,    1,    5,    5,    0,   13,    0],
[2024-08-13 14:52:05,470][flwr][INFO] - 	       [  16,   18,  844,   40,   15,    0,   25,   25,   36,   13],
[2024-08-13 14:52:05,470][flwr][INFO] - 	       [   5,    6,   16,  869,    1,   34,    8,   15,   25,   31],
[2024-08-13 14:52:05,471][flwr][INFO] - 	       [   3,    9,    4,    0,  778,    0,   23,    2,    4,  159],
[2024-08-13 14:52:05,471][flwr][INFO] - 	       [  19,   48,    6,   81,   22,  632,   30,   13,   15,   26],
[2024-08-13 14:52:05,471][flwr][INFO] - 	       [  17,   13,   18,    2,   10,   20,  876,    1,    1,    0],
[2024-08-13 14:52:05,471][flwr][INFO] - 	       [   5,   38,   33,    1,   13,    0,    4,  854,    9,   71],
[2024-08-13 14:52:05,471][flwr][INFO] - 	       [  13,   24,   15,   67,    8,   21,   20,    9,  742,   55],
[2024-08-13 14:52:05,471][flwr][INFO] - 	       [  18,   11,    6,    9,   29,   10,    2,   13,    4,  907]],
[2024-08-13 14:52:05,471][flwr][INFO] - 	      dtype=int64)),
[2024-08-13 14:52:05,471][flwr][INFO] - 	                      (7,
[2024-08-13 14:52:05,471][flwr][INFO] - 	                       array([[ 953,    0,    1,    1,    2,    3,   10,    1,    9,    0],
[2024-08-13 14:52:05,471][flwr][INFO] - 	       [   0, 1074,   18,    6,    1,    3,    5,    1,   27,    0],
[2024-08-13 14:52:05,471][flwr][INFO] - 	       [  17,   11,  838,   34,   30,    0,   19,   33,   50,    0],
[2024-08-13 14:52:05,471][flwr][INFO] - 	       [   5,    4,   18,  857,    2,   35,    8,   23,   57,    1],
[2024-08-13 14:52:05,471][flwr][INFO] - 	       [   1,    6,    3,    0,  944,    2,   11,    4,    8,    3],
[2024-08-13 14:52:05,471][flwr][INFO] - 	       [  24,   33,    7,   74,   39,  633,   22,   21,   36,    3],
[2024-08-13 14:52:05,471][flwr][INFO] - 	       [  21,   10,   21,    2,   24,   20,  855,    1,    4,    0],
[2024-08-13 14:52:05,471][flwr][INFO] - 	       [   3,   28,   30,    0,   19,    0,    1,  935,   11,    1],
[2024-08-13 14:52:05,471][flwr][INFO] - 	       [  14,   14,   13,   32,   19,   18,   15,   19,  829,    1],
[2024-08-13 14:52:05,472][flwr][INFO] - 	       [  27,   10,    7,    6,  293,   13,    1,  166,   34,  452]],
[2024-08-13 14:52:05,472][flwr][INFO] - 	      dtype=int64)),
[2024-08-13 14:52:05,472][flwr][INFO] - 	                      (8,
[2024-08-13 14:52:05,472][flwr][INFO] - 	                       array([[ 944,    0,    1,    2,    1,   13,   15,    1,    3,    0],
[2024-08-13 14:52:05,472][flwr][INFO] - 	       [   0, 1083,   17,    6,    1,    7,    5,    0,   16,    0],
[2024-08-13 14:52:05,472][flwr][INFO] - 	       [  16,   14,  850,   32,   16,    0,   25,   29,   40,   10],
[2024-08-13 14:52:05,472][flwr][INFO] - 	       [   5,    4,   14,  859,    1,   48,    8,   16,   30,   25],
[2024-08-13 14:52:05,472][flwr][INFO] - 	       [   2,    8,    3,    0,  809,    2,   21,    2,    5,  130],
[2024-08-13 14:52:05,472][flwr][INFO] - 	       [  18,   34,    3,   49,   17,  696,   24,   13,   18,   20],
[2024-08-13 14:52:05,472][flwr][INFO] - 	       [  15,    9,   18,    2,   12,   20,  880,    1,    1,    0],
[2024-08-13 14:52:05,472][flwr][INFO] - 	       [   5,   32,   34,    1,   12,    0,    2,  889,    6,   47],
[2024-08-13 14:52:05,472][flwr][INFO] - 	       [  13,   20,   17,   46,    8,   38,   17,   12,  764,   39],
[2024-08-13 14:52:05,472][flwr][INFO] - 	       [  21,    9,    6,    8,   30,   11,    1,   25,    4,  894]],
[2024-08-13 14:52:05,472][flwr][INFO] - 	      dtype=int64)),
[2024-08-13 14:52:05,472][flwr][INFO] - 	                      (9,
[2024-08-13 14:52:05,472][flwr][INFO] - 	                       array([[ 946,    0,    4,    1,    2,    4,   14,    1,    8,    0],
[2024-08-13 14:52:05,473][flwr][INFO] - 	       [   0, 1080,   10,    4,    1,    3,    5,    1,   31,    0],
[2024-08-13 14:52:05,473][flwr][INFO] - 	       [  13,   15,  843,   30,   31,    0,   20,   30,   49,    1],
[2024-08-13 14:52:05,473][flwr][INFO] - 	       [   4,    4,   16,  864,    1,   29,    8,   22,   57,    5],
[2024-08-13 14:52:05,473][flwr][INFO] - 	       [   1,    5,    2,    0,  944,    2,   12,    1,    6,    9],
[2024-08-13 14:52:05,473][flwr][INFO] - 	       [  20,   34,    4,   75,   38,  629,   30,   16,   40,    6],
[2024-08-13 14:52:05,473][flwr][INFO] - 	       [  13,    6,   16,    2,   27,   15,  875,    1,    3,    0],
[2024-08-13 14:52:05,473][flwr][INFO] - 	       [   3,   30,   32,    1,   22,    0,    0,  914,   15,   11],
[2024-08-13 14:52:05,473][flwr][INFO] - 	       [   8,   14,   12,   29,   19,   19,   15,   13,  842,    3],
[2024-08-13 14:52:05,473][flwr][INFO] - 	       [  19,   11,    8,    6,  182,   10,    1,   68,   30,  674]],
[2024-08-13 14:52:05,473][flwr][INFO] - 	      dtype=int64)),
[2024-08-13 14:52:05,473][flwr][INFO] - 	                      (10,
[2024-08-13 14:52:05,473][flwr][INFO] - 	                       array([[ 933,    1,    6,    1,    0,   15,   19,    1,    4,    0],
[2024-08-13 14:52:05,473][flwr][INFO] - 	       [   0, 1088,   17,    3,    1,    6,    5,    0,   15,    0],
[2024-08-13 14:52:05,473][flwr][INFO] - 	       [  11,   15,  861,   31,    9,    0,   26,   29,   35,   15],
[2024-08-13 14:52:05,473][flwr][INFO] - 	       [   4,    3,   15,  866,    1,   43,    8,   16,   18,   36],
[2024-08-13 14:52:05,473][flwr][INFO] - 	       [   2,    8,    4,    0,  760,    1,   25,    2,    6,  174],
[2024-08-13 14:52:05,473][flwr][INFO] - 	       [  10,   30,    2,   52,   10,  713,   25,   11,   15,   24],
[2024-08-13 14:52:05,474][flwr][INFO] - 	       [  13,    6,   17,    2,    8,   21,  888,    2,    1,    0],
[2024-08-13 14:52:05,474][flwr][INFO] - 	       [   3,   33,   35,    2,    9,    0,    2,  873,    3,   68],
[2024-08-13 14:52:05,474][flwr][INFO] - 	       [   8,   26,   17,   45,    7,   42,   18,    7,  745,   59],
[2024-08-13 14:52:05,474][flwr][INFO] - 	       [  13,    8,    6,    8,   16,   16,    1,   15,    2,  924]],
[2024-08-13 14:52:05,474][flwr][INFO] - 	      dtype=int64))],
[2024-08-13 14:52:05,474][flwr][INFO] - 	 'f1': [(0, 0.017493624772313296),
[2024-08-13 14:52:05,474][flwr][INFO] - 	        (1, 0.7010383624473631),
[2024-08-13 14:52:05,474][flwr][INFO] - 	        (2, 0.8017552837554353),
[2024-08-13 14:52:05,474][flwr][INFO] - 	        (3, 0.8316556354616412),
[2024-08-13 14:52:05,474][flwr][INFO] - 	        (4, 0.8179587087833821),
[2024-08-13 14:52:05,474][flwr][INFO] - 	        (5, 0.8327206385978027),
[2024-08-13 14:52:05,474][flwr][INFO] - 	        (6, 0.8517456425506491),
[2024-08-13 14:52:05,474][flwr][INFO] - 	        (7, 0.8306662879528094),
[2024-08-13 14:52:05,474][flwr][INFO] - 	        (8, 0.866226725752742),
[2024-08-13 14:52:05,474][flwr][INFO] - 	        (9, 0.8592887093674133),
[2024-08-13 14:52:05,474][flwr][INFO] - 	        (10, 0.8650960578535507)],
[2024-08-13 14:52:05,474][flwr][INFO] - 	 'precision': [(0, 0.009604000000000001),
[2024-08-13 14:52:05,475][flwr][INFO] - 	               (1, 0.7807355960310588),
[2024-08-13 14:52:05,475][flwr][INFO] - 	               (2, 0.821194972806656),
[2024-08-13 14:52:05,475][flwr][INFO] - 	               (3, 0.8377429586035061),
[2024-08-13 14:52:05,475][flwr][INFO] - 	               (4, 0.8382777246058754),
[2024-08-13 14:52:05,475][flwr][INFO] - 	               (5, 0.8506350940205977),
[2024-08-13 14:52:05,475][flwr][INFO] - 	               (6, 0.8571106558196574),
[2024-08-13 14:52:05,475][flwr][INFO] - 	               (7, 0.8523781731673277),
[2024-08-13 14:52:05,475][flwr][INFO] - 	               (8, 0.8680284359331089),
[2024-08-13 14:52:05,475][flwr][INFO] - 	               (9, 0.8680594344022533),
[2024-08-13 14:52:05,475][flwr][INFO] - 	               (10, 0.8706942620134163)],
[2024-08-13 14:52:05,475][flwr][INFO] - 	 'recall': [(0, 0.098),
[2024-08-13 14:52:05,475][flwr][INFO] - 	            (1, 0.7357),
[2024-08-13 14:52:05,475][flwr][INFO] - 	            (2, 0.8077),
[2024-08-13 14:52:05,475][flwr][INFO] - 	            (3, 0.8334),
[2024-08-13 14:52:05,475][flwr][INFO] - 	            (4, 0.8193),
[2024-08-13 14:52:05,475][flwr][INFO] - 	            (5, 0.8375),
[2024-08-13 14:52:05,476][flwr][INFO] - 	            (6, 0.8525),
[2024-08-13 14:52:05,476][flwr][INFO] - 	            (7, 0.837),
[2024-08-13 14:52:05,476][flwr][INFO] - 	            (8, 0.8668),
[2024-08-13 14:52:05,476][flwr][INFO] - 	            (9, 0.8611),
[2024-08-13 14:52:05,476][flwr][INFO] - 	            (10, 0.8651)]}
[2024-08-13 14:52:05,476][flwr][INFO] - 
