[2024-08-13 12:24:29,351][flwr][INFO] - Starting Flower simulation, config: num_rounds=10, no round_timeout
[2024-08-13 12:24:33,427][flwr][INFO] - Flower VCE: Ray initialized with resources: {'node:__internal_head__': 1.0, 'node:127.0.0.1': 1.0, 'object_store_memory': 2540563660.0, 'memory': 5081127323.0, 'GPU': 1.0, 'accelerator_type:G': 1.0, 'CPU': 16.0}
[2024-08-13 12:24:33,428][flwr][INFO] - Optimize your simulation with Flower VCE: https://flower.ai/docs/framework/how-to-run-simulations.html
[2024-08-13 12:24:33,428][flwr][INFO] - Flower VCE: Resources for each Virtual Client: {'num_cpus': 2, 'num_gpus': 0.5}
[2024-08-13 12:24:33,439][flwr][INFO] - Flower VCE: Creating VirtualClientEngineActorPool with 2 actors
[2024-08-13 12:24:33,439][flwr][INFO] - [INIT]
[2024-08-13 12:24:33,439][flwr][INFO] - Requesting initial parameters from one random client
[2024-08-13 12:24:41,012][flwr][INFO] - Received initial parameters from one random client
[2024-08-13 12:24:41,012][flwr][INFO] - Evaluating initial global parameters
[2024-08-13 12:24:43,239][flwr][INFO] - initial parameters (loss, other metrics): 2.3025850929940455, {'accuracy': 0.098, 'precision': 0.009604000000000001, 'recall': 0.098, 'f1': 0.017493624772313296, 'confusion_matrix': array([[ 980,    0,    0,    0,    0,    0,    0,    0,    0,    0],
       [1135,    0,    0,    0,    0,    0,    0,    0,    0,    0],
       [1032,    0,    0,    0,    0,    0,    0,    0,    0,    0],
       [1010,    0,    0,    0,    0,    0,    0,    0,    0,    0],
       [ 982,    0,    0,    0,    0,    0,    0,    0,    0,    0],
       [ 892,    0,    0,    0,    0,    0,    0,    0,    0,    0],
       [ 958,    0,    0,    0,    0,    0,    0,    0,    0,    0],
       [1028,    0,    0,    0,    0,    0,    0,    0,    0,    0],
       [ 974,    0,    0,    0,    0,    0,    0,    0,    0,    0],
       [1009,    0,    0,    0,    0,    0,    0,    0,    0,    0]],
      dtype=int64)}
[2024-08-13 12:24:43,240][flwr][INFO] - 
[2024-08-13 12:24:43,240][flwr][INFO] - [ROUND 1]
[2024-08-13 12:24:43,241][flwr][INFO] - configure_fit: strategy sampled 10 clients (out of 10)
[2024-08-13 12:24:51,598][flwr][INFO] - aggregate_fit: received 10 results and 0 failures
[2024-08-13 12:24:51,601][flwr][WARNING] - No fit_metrics_aggregation_fn provided
[2024-08-13 12:24:53,688][flwr][INFO] - fit progress: (1, 0.9031770031251768, {'accuracy': 0.7174, 'precision': 0.7865477999276047, 'recall': 0.7174, 'f1': 0.6840795056635438, 'confusion_matrix': array([[ 956,    0,    1,    5,    0,    0,    6,    1,   11,    0],
       [   0, 1060,   14,    6,    0,    0,    4,    1,   50,    0],
       [  84,   24,  702,   87,    5,    0,   28,   15,   76,   11],
       [  30,   12,   13,  844,    0,    0,    9,   11,   81,   10],
       [  40,    9,    2,    1,  389,    0,   33,    5,   70,  433],
       [ 238,   62,    4,  239,    3,    5,   30,   16,  239,   56],
       [  98,   17,   13,    3,    3,    0,  808,    1,   15,    0],
       [  32,   36,   12,    2,    2,    0,    1,  789,   89,   65],
       [  46,   11,    4,  103,    1,    0,   12,    5,  775,   17],
       [  50,   10,    3,   10,    7,    0,    2,   18,   63,  846]],
      dtype=int64)}, 10.448161399996025)
[2024-08-13 12:24:53,689][flwr][INFO] - configure_evaluate: no clients selected, skipping evaluation
[2024-08-13 12:24:53,689][flwr][INFO] - 
[2024-08-13 12:24:53,689][flwr][INFO] - [ROUND 2]
[2024-08-13 12:24:53,690][flwr][INFO] - configure_fit: strategy sampled 10 clients (out of 10)
[2024-08-13 12:25:00,061][flwr][INFO] - aggregate_fit: received 10 results and 0 failures
[2024-08-13 12:25:02,159][flwr][INFO] - fit progress: (2, 0.721996432650339, {'accuracy': 0.8113, 'precision': 0.8206944859706702, 'recall': 0.8113, 'f1': 0.8044016294404543, 'confusion_matrix': array([[ 931,    0,    4,    5,    0,    2,   28,    1,    9,    0],
       [   0, 1071,   44,    6,    1,    0,    5,    1,    7,    0],
       [  29,   21,  847,   41,   20,    0,   23,   24,   25,    2],
       [   9,   12,   28,  879,    2,    6,   10,   17,   30,   17],
       [   9,   10,    7,    0,  851,    0,   33,    5,    8,   59],
       [  59,   64,   20,  210,   26,  380,   45,   30,   27,   31],
       [  39,   16,   25,    1,   12,    9,  854,    1,    1,    0],
       [  12,   41,   45,    0,   16,    0,    3,  878,    9,   24],
       [  27,   29,   30,  123,   15,    7,   22,   13,  671,   37],
       [  32,   16,    6,   13,  103,    1,    2,   69,   16,  751]],
      dtype=int64)}, 18.918571099988185)
[2024-08-13 12:25:02,160][flwr][INFO] - configure_evaluate: no clients selected, skipping evaluation
[2024-08-13 12:25:02,160][flwr][INFO] - 
[2024-08-13 12:25:02,160][flwr][INFO] - [ROUND 3]
[2024-08-13 12:25:02,160][flwr][INFO] - configure_fit: strategy sampled 10 clients (out of 10)
[2024-08-13 12:25:08,724][flwr][INFO] - aggregate_fit: received 10 results and 0 failures
[2024-08-13 12:25:10,828][flwr][INFO] - fit progress: (3, 0.6914430107866718, {'accuracy': 0.8391, 'precision': 0.8399929534082866, 'recall': 0.8391, 'f1': 0.8384623632616526, 'confusion_matrix': array([[ 904,    0,    3,    1,    0,   30,   29,    1,   12,    0],
       [   0, 1070,   31,    2,    1,    7,    5,    1,   18,    0],
       [  20,   23,  823,   35,   20,    0,   26,   25,   53,    7],
       [   6,   11,   21,  795,    2,   58,    8,   15,   77,   17],
       [   7,    7,    2,    0,  810,    3,   28,    3,   19,  103],
       [  25,   51,    8,   65,   16,  641,   29,   15,   24,   18],
       [  25,   13,   20,    0,   14,   21,  861,    1,    3,    0],
       [   9,   38,   30,    0,   15,    0,    2,  852,   35,   47],
       [  13,   17,   12,   42,   10,   32,   19,    8,  786,   35],
       [  21,   11,    4,    5,   52,   14,    2,   28,   23,  849]],
      dtype=int64)}, 27.58741329998884)
[2024-08-13 12:25:10,829][flwr][INFO] - configure_evaluate: no clients selected, skipping evaluation
[2024-08-13 12:25:10,829][flwr][INFO] - 
[2024-08-13 12:25:10,829][flwr][INFO] - [ROUND 4]
[2024-08-13 12:25:10,830][flwr][INFO] - configure_fit: strategy sampled 10 clients (out of 10)
[2024-08-13 12:25:17,387][flwr][INFO] - aggregate_fit: received 10 results and 0 failures
[2024-08-13 12:25:19,484][flwr][INFO] - fit progress: (4, 0.6907017993807629, {'accuracy': 0.8305, 'precision': 0.8437631509019822, 'recall': 0.8305, 'f1': 0.8270227922538261, 'confusion_matrix': array([[ 923,    0,    3,   14,    2,    5,   27,    2,    4,    0],
       [   0, 1072,   34,   17,    1,    1,    5,    1,    4,    0],
       [  14,   10,  834,   72,   27,    0,   22,   30,   21,    2],
       [   2,    2,   12,  921,    2,   10,    8,   20,   13,   20],
       [   3,    5,    2,    0,  922,    0,   16,    5,    3,   26],
       [  12,   53,   10,  188,   41,  495,   33,   29,   11,   20],
       [  15,   12,   22,    3,   25,   13,  865,    3,    0,    0],
       [   3,   29,   35,    4,   21,    0,    1,  913,    5,   17],
       [  11,   33,   23,  173,   34,   13,   20,   16,  614,   37],
       [  22,   12,    4,   15,  128,    4,    2,   72,    4,  746]],
      dtype=int64)}, 36.24341659998754)
[2024-08-13 12:25:19,485][flwr][INFO] - configure_evaluate: no clients selected, skipping evaluation
[2024-08-13 12:25:19,485][flwr][INFO] - 
[2024-08-13 12:25:19,485][flwr][INFO] - [ROUND 5]
[2024-08-13 12:25:19,486][flwr][INFO] - configure_fit: strategy sampled 10 clients (out of 10)
[2024-08-13 12:25:26,160][flwr][INFO] - aggregate_fit: received 10 results and 0 failures
[2024-08-13 12:25:28,274][flwr][INFO] - fit progress: (5, 0.6707226401830387, {'accuracy': 0.8533, 'precision': 0.8573320277037865, 'recall': 0.8533, 'f1': 0.8532350029112742, 'confusion_matrix': array([[ 919,    1,    3,    1,    0,   17,   21,    1,   17,    0],
       [   0, 1070,   23,    2,    1,    5,    5,    1,   27,    1],
       [  14,   12,  848,   23,   14,    3,   24,   24,   57,   13],
       [   5,    7,   23,  774,    2,   62,   12,   16,   85,   24],
       [   5,    7,    2,    0,  785,    3,   25,    3,   20,  132],
       [  14,   46,    7,   34,   12,  679,   29,   13,   38,   20],
       [  14,   11,   23,    1,   12,   20,  871,    3,    3,    0],
       [   6,   35,   33,    0,   14,    0,    1,  863,   30,   46],
       [   6,   16,   13,   18,    8,   31,   16,    6,  836,   24],
       [  16,    8,    5,    4,   28,   12,    1,   24,   23,  888]],
      dtype=int64)}, 45.03441489998659)
[2024-08-13 12:25:28,275][flwr][INFO] - configure_evaluate: no clients selected, skipping evaluation
[2024-08-13 12:25:28,275][flwr][INFO] - 
[2024-08-13 12:25:28,275][flwr][INFO] - [ROUND 6]
[2024-08-13 12:25:28,276][flwr][INFO] - configure_fit: strategy sampled 10 clients (out of 10)
[2024-08-13 12:25:34,993][flwr][INFO] - aggregate_fit: received 10 results and 0 failures
[2024-08-13 12:25:37,104][flwr][INFO] - fit progress: (6, 0.6661925904688847, {'accuracy': 0.8456, 'precision': 0.8509989638105028, 'recall': 0.8456, 'f1': 0.8432583965814551, 'confusion_matrix': array([[ 932,    1,    1,    5,    2,   11,   22,    2,    4,    0],
       [   0, 1083,   24,   12,    1,    2,    5,    1,    7,    0],
       [  14,   14,  828,   64,   28,    0,   21,   31,   30,    2],
       [   2,    4,   12,  901,    2,   23,    9,   20,   21,   16],
       [   3,    5,    1,    0,  925,    2,   18,    5,    3,   20],
       [  17,   49,    5,  108,   34,  603,   35,   17,   11,   13],
       [  14,   13,   19,    2,   23,   16,  867,    3,    1,    0],
       [   5,   32,   33,    4,   21,    0,    1,  907,    7,   18],
       [  15,   38,   16,  116,   32,   27,   21,   15,  665,   29],
       [  22,   12,    3,   12,  129,   12,    1,   67,    6,  745]],
      dtype=int64)}, 53.86359789999551)
[2024-08-13 12:25:37,105][flwr][INFO] - configure_evaluate: no clients selected, skipping evaluation
[2024-08-13 12:25:37,105][flwr][INFO] - 
[2024-08-13 12:25:37,105][flwr][INFO] - [ROUND 7]
[2024-08-13 12:25:37,106][flwr][INFO] - configure_fit: strategy sampled 10 clients (out of 10)
[2024-08-13 12:25:43,704][flwr][INFO] - aggregate_fit: received 10 results and 0 failures
[2024-08-13 12:25:45,828][flwr][INFO] - fit progress: (7, 0.6577176674550366, {'accuracy': 0.857, 'precision': 0.8612086745172697, 'recall': 0.857, 'f1': 0.8569019817469742, 'confusion_matrix': array([[ 927,    1,    4,    1,    0,   11,   23,    1,   12,    0],
       [   0, 1077,   20,    2,    1,    4,    5,    1,   25,    0],
       [  11,   12,  851,   24,   12,    1,   24,   25,   59,   13],
       [   5,    6,   19,  808,    2,   50,   13,   15,   66,   26],
       [   3,    5,    3,    0,  775,    1,   24,    3,   20,  148],
       [  14,   43,    6,   42,   10,  669,   29,   13,   45,   21],
       [  14,   11,   20,    1,   10,   19,  876,    5,    2,    0],
       [   7,   32,   35,    0,   14,    0,    1,  858,   29,   52],
       [   7,   16,   15,   22,    6,   27,   16,    6,  830,   29],
       [  17,    7,    5,    5,   23,   10,    1,   20,   22,  899]],
      dtype=int64)}, 62.586888199992245)
[2024-08-13 12:25:45,828][flwr][INFO] - configure_evaluate: no clients selected, skipping evaluation
[2024-08-13 12:25:45,828][flwr][INFO] - 
[2024-08-13 12:25:45,828][flwr][INFO] - [ROUND 8]
[2024-08-13 12:25:45,829][flwr][INFO] - configure_fit: strategy sampled 10 clients (out of 10)
[2024-08-13 12:25:52,613][flwr][INFO] - aggregate_fit: received 10 results and 0 failures
[2024-08-13 12:25:54,720][flwr][INFO] - fit progress: (8, 0.6548274095456759, {'accuracy': 0.8532, 'precision': 0.8574016860321021, 'recall': 0.8532, 'f1': 0.8511507863163194, 'confusion_matrix': array([[ 934,    2,    3,    3,    1,    9,   21,    2,    5,    0],
       [   0, 1084,   21,   10,    1,    4,    5,    1,    9,    0],
       [  12,   14,  836,   50,   29,    0,   21,   35,   34,    1],
       [   2,    5,   11,  893,    2,   29,    9,   21,   25,   13],
       [   3,    5,    1,    0,  930,    2,   15,    6,    3,   17],
       [  12,   48,    2,   91,   26,  641,   33,   18,   13,    8],
       [  13,   10,   19,    2,   20,   16,  872,    5,    1,    0],
       [   4,   29,   32,    4,   22,    0,    1,  917,    7,   12],
       [  17,   39,   15,   88,   28,   35,   21,   16,  700,   15],
       [  23,   11,    4,   11,  132,   16,    1,   79,    7,  725]],
      dtype=int64)}, 71.47963139999774)
[2024-08-13 12:25:54,721][flwr][INFO] - configure_evaluate: no clients selected, skipping evaluation
[2024-08-13 12:25:54,721][flwr][INFO] - 
[2024-08-13 12:25:54,721][flwr][INFO] - [ROUND 9]
[2024-08-13 12:25:54,721][flwr][INFO] - configure_fit: strategy sampled 10 clients (out of 10)
[2024-08-13 12:26:01,571][flwr][INFO] - aggregate_fit: received 10 results and 0 failures
[2024-08-13 12:26:03,815][flwr][INFO] - fit progress: (9, 0.6459842565223868, {'accuracy': 0.8612, 'precision': 0.8647170340461551, 'recall': 0.8612, 'f1': 0.8608842948085499, 'confusion_matrix': array([[ 935,    1,    4,    1,    1,    7,   21,    2,    8,    0],
       [   0, 1078,   18,    3,    1,    4,    5,    1,   25,    0],
       [  11,   13,  848,   31,   12,    1,   23,   25,   55,   13],
       [   5,    5,   17,  838,    2,   36,   13,   16,   50,   28],
       [   3,    5,    3,    0,  790,    1,   22,    3,   16,  139],
       [  13,   42,    4,   53,   12,  662,   31,   13,   39,   23],
       [  13,    8,   19,    1,   11,   17,  884,    4,    1,    0],
       [   8,   32,   33,    1,   15,    0,    1,  854,   27,   57],
       [  12,   18,   13,   27,    8,   22,   16,    5,  816,   37],
       [  19,    7,    4,    6,   24,    8,    1,   16,   17,  907]],
      dtype=int64)}, 80.57490369999141)
[2024-08-13 12:26:03,816][flwr][INFO] - configure_evaluate: no clients selected, skipping evaluation
[2024-08-13 12:26:03,816][flwr][INFO] - 
[2024-08-13 12:26:03,816][flwr][INFO] - [ROUND 10]
[2024-08-13 12:26:03,817][flwr][INFO] - configure_fit: strategy sampled 10 clients (out of 10)
[2024-08-13 12:26:10,481][flwr][INFO] - aggregate_fit: received 10 results and 0 failures
[2024-08-13 12:26:12,572][flwr][INFO] - fit progress: (10, 0.6441860295618205, {'accuracy': 0.8581, 'precision': 0.8628647653679898, 'recall': 0.8581, 'f1': 0.8560665653780123, 'confusion_matrix': array([[ 937,    2,    4,    2,    1,    8,   19,    2,    5,    0],
       [   0, 1086,   19,    6,    1,    5,    5,    1,   12,    0],
       [  12,   16,  836,   44,   30,    0,   20,   34,   39,    1],
       [   1,    6,   11,  886,    2,   34,    9,   20,   34,    7],
       [   2,    4,    1,    0,  940,    2,   13,    6,    3,   11],
       [  12,   43,    2,   74,   21,  669,   32,   18,   18,    3],
       [  13,    9,   15,    1,   18,   16,  878,    7,    1,    0],
       [   5,   28,   32,    4,   22,    0,    1,  921,    7,    8],
       [  15,   38,   13,   61,   29,   37,   19,   15,  740,    7],
       [  25,    9,    4,    9,  151,   20,    1,   91,   11,  688]],
      dtype=int64)}, 89.33187099998759)
[2024-08-13 12:26:12,573][flwr][INFO] - configure_evaluate: no clients selected, skipping evaluation
[2024-08-13 12:26:12,573][flwr][INFO] - 
[2024-08-13 12:26:12,573][flwr][INFO] - [SUMMARY]
[2024-08-13 12:26:12,573][flwr][INFO] - Run finished 10 round(s) in 89.33s
[2024-08-13 12:26:12,581][flwr][INFO] - 	History (loss, centralized):
[2024-08-13 12:26:12,582][flwr][INFO] - 		round 0: 2.3025850929940455
[2024-08-13 12:26:12,582][flwr][INFO] - 		round 1: 0.9031770031251768
[2024-08-13 12:26:12,582][flwr][INFO] - 		round 2: 0.721996432650339
[2024-08-13 12:26:12,582][flwr][INFO] - 		round 3: 0.6914430107866718
[2024-08-13 12:26:12,582][flwr][INFO] - 		round 4: 0.6907017993807629
[2024-08-13 12:26:12,582][flwr][INFO] - 		round 5: 0.6707226401830387
[2024-08-13 12:26:12,582][flwr][INFO] - 		round 6: 0.6661925904688847
[2024-08-13 12:26:12,582][flwr][INFO] - 		round 7: 0.6577176674550366
[2024-08-13 12:26:12,582][flwr][INFO] - 		round 8: 0.6548274095456759
[2024-08-13 12:26:12,582][flwr][INFO] - 		round 9: 0.6459842565223868
[2024-08-13 12:26:12,582][flwr][INFO] - 		round 10: 0.6441860295618205
[2024-08-13 12:26:12,582][flwr][INFO] - 	History (metrics, centralized):
[2024-08-13 12:26:12,582][flwr][INFO] - 	{'accuracy': [(0, 0.098),
[2024-08-13 12:26:12,583][flwr][INFO] - 	              (1, 0.7174),
[2024-08-13 12:26:12,583][flwr][INFO] - 	              (2, 0.8113),
[2024-08-13 12:26:12,583][flwr][INFO] - 	              (3, 0.8391),
[2024-08-13 12:26:12,583][flwr][INFO] - 	              (4, 0.8305),
[2024-08-13 12:26:12,583][flwr][INFO] - 	              (5, 0.8533),
[2024-08-13 12:26:12,583][flwr][INFO] - 	              (6, 0.8456),
[2024-08-13 12:26:12,583][flwr][INFO] - 	              (7, 0.857),
[2024-08-13 12:26:12,583][flwr][INFO] - 	              (8, 0.8532),
[2024-08-13 12:26:12,583][flwr][INFO] - 	              (9, 0.8612),
[2024-08-13 12:26:12,583][flwr][INFO] - 	              (10, 0.8581)],
[2024-08-13 12:26:12,583][flwr][INFO] - 	 'confusion_matrix': [(0,
[2024-08-13 12:26:12,583][flwr][INFO] - 	                       array([[ 980,    0,    0,    0,    0,    0,    0,    0,    0,    0],
[2024-08-13 12:26:12,583][flwr][INFO] - 	       [1135,    0,    0,    0,    0,    0,    0,    0,    0,    0],
[2024-08-13 12:26:12,583][flwr][INFO] - 	       [1032,    0,    0,    0,    0,    0,    0,    0,    0,    0],
[2024-08-13 12:26:12,583][flwr][INFO] - 	       [1010,    0,    0,    0,    0,    0,    0,    0,    0,    0],
[2024-08-13 12:26:12,583][flwr][INFO] - 	       [ 982,    0,    0,    0,    0,    0,    0,    0,    0,    0],
[2024-08-13 12:26:12,584][flwr][INFO] - 	       [ 892,    0,    0,    0,    0,    0,    0,    0,    0,    0],
[2024-08-13 12:26:12,584][flwr][INFO] - 	       [ 958,    0,    0,    0,    0,    0,    0,    0,    0,    0],
[2024-08-13 12:26:12,584][flwr][INFO] - 	       [1028,    0,    0,    0,    0,    0,    0,    0,    0,    0],
[2024-08-13 12:26:12,584][flwr][INFO] - 	       [ 974,    0,    0,    0,    0,    0,    0,    0,    0,    0],
[2024-08-13 12:26:12,584][flwr][INFO] - 	       [1009,    0,    0,    0,    0,    0,    0,    0,    0,    0]],
[2024-08-13 12:26:12,584][flwr][INFO] - 	      dtype=int64)),
[2024-08-13 12:26:12,584][flwr][INFO] - 	                      (1,
[2024-08-13 12:26:12,584][flwr][INFO] - 	                       array([[ 956,    0,    1,    5,    0,    0,    6,    1,   11,    0],
[2024-08-13 12:26:12,584][flwr][INFO] - 	       [   0, 1060,   14,    6,    0,    0,    4,    1,   50,    0],
[2024-08-13 12:26:12,584][flwr][INFO] - 	       [  84,   24,  702,   87,    5,    0,   28,   15,   76,   11],
[2024-08-13 12:26:12,584][flwr][INFO] - 	       [  30,   12,   13,  844,    0,    0,    9,   11,   81,   10],
[2024-08-13 12:26:12,584][flwr][INFO] - 	       [  40,    9,    2,    1,  389,    0,   33,    5,   70,  433],
[2024-08-13 12:26:12,584][flwr][INFO] - 	       [ 238,   62,    4,  239,    3,    5,   30,   16,  239,   56],
[2024-08-13 12:26:12,584][flwr][INFO] - 	       [  98,   17,   13,    3,    3,    0,  808,    1,   15,    0],
[2024-08-13 12:26:12,584][flwr][INFO] - 	       [  32,   36,   12,    2,    2,    0,    1,  789,   89,   65],
[2024-08-13 12:26:12,584][flwr][INFO] - 	       [  46,   11,    4,  103,    1,    0,   12,    5,  775,   17],
[2024-08-13 12:26:12,584][flwr][INFO] - 	       [  50,   10,    3,   10,    7,    0,    2,   18,   63,  846]],
[2024-08-13 12:26:12,585][flwr][INFO] - 	      dtype=int64)),
[2024-08-13 12:26:12,585][flwr][INFO] - 	                      (2,
[2024-08-13 12:26:12,585][flwr][INFO] - 	                       array([[ 931,    0,    4,    5,    0,    2,   28,    1,    9,    0],
[2024-08-13 12:26:12,585][flwr][INFO] - 	       [   0, 1071,   44,    6,    1,    0,    5,    1,    7,    0],
[2024-08-13 12:26:12,585][flwr][INFO] - 	       [  29,   21,  847,   41,   20,    0,   23,   24,   25,    2],
[2024-08-13 12:26:12,585][flwr][INFO] - 	       [   9,   12,   28,  879,    2,    6,   10,   17,   30,   17],
[2024-08-13 12:26:12,585][flwr][INFO] - 	       [   9,   10,    7,    0,  851,    0,   33,    5,    8,   59],
[2024-08-13 12:26:12,585][flwr][INFO] - 	       [  59,   64,   20,  210,   26,  380,   45,   30,   27,   31],
[2024-08-13 12:26:12,585][flwr][INFO] - 	       [  39,   16,   25,    1,   12,    9,  854,    1,    1,    0],
[2024-08-13 12:26:12,585][flwr][INFO] - 	       [  12,   41,   45,    0,   16,    0,    3,  878,    9,   24],
[2024-08-13 12:26:12,585][flwr][INFO] - 	       [  27,   29,   30,  123,   15,    7,   22,   13,  671,   37],
[2024-08-13 12:26:12,585][flwr][INFO] - 	       [  32,   16,    6,   13,  103,    1,    2,   69,   16,  751]],
[2024-08-13 12:26:12,585][flwr][INFO] - 	      dtype=int64)),
[2024-08-13 12:26:12,585][flwr][INFO] - 	                      (3,
[2024-08-13 12:26:12,585][flwr][INFO] - 	                       array([[ 904,    0,    3,    1,    0,   30,   29,    1,   12,    0],
[2024-08-13 12:26:12,585][flwr][INFO] - 	       [   0, 1070,   31,    2,    1,    7,    5,    1,   18,    0],
[2024-08-13 12:26:12,585][flwr][INFO] - 	       [  20,   23,  823,   35,   20,    0,   26,   25,   53,    7],
[2024-08-13 12:26:12,586][flwr][INFO] - 	       [   6,   11,   21,  795,    2,   58,    8,   15,   77,   17],
[2024-08-13 12:26:12,586][flwr][INFO] - 	       [   7,    7,    2,    0,  810,    3,   28,    3,   19,  103],
[2024-08-13 12:26:12,586][flwr][INFO] - 	       [  25,   51,    8,   65,   16,  641,   29,   15,   24,   18],
[2024-08-13 12:26:12,586][flwr][INFO] - 	       [  25,   13,   20,    0,   14,   21,  861,    1,    3,    0],
[2024-08-13 12:26:12,586][flwr][INFO] - 	       [   9,   38,   30,    0,   15,    0,    2,  852,   35,   47],
[2024-08-13 12:26:12,586][flwr][INFO] - 	       [  13,   17,   12,   42,   10,   32,   19,    8,  786,   35],
[2024-08-13 12:26:12,586][flwr][INFO] - 	       [  21,   11,    4,    5,   52,   14,    2,   28,   23,  849]],
[2024-08-13 12:26:12,586][flwr][INFO] - 	      dtype=int64)),
[2024-08-13 12:26:12,586][flwr][INFO] - 	                      (4,
[2024-08-13 12:26:12,586][flwr][INFO] - 	                       array([[ 923,    0,    3,   14,    2,    5,   27,    2,    4,    0],
[2024-08-13 12:26:12,586][flwr][INFO] - 	       [   0, 1072,   34,   17,    1,    1,    5,    1,    4,    0],
[2024-08-13 12:26:12,586][flwr][INFO] - 	       [  14,   10,  834,   72,   27,    0,   22,   30,   21,    2],
[2024-08-13 12:26:12,586][flwr][INFO] - 	       [   2,    2,   12,  921,    2,   10,    8,   20,   13,   20],
[2024-08-13 12:26:12,586][flwr][INFO] - 	       [   3,    5,    2,    0,  922,    0,   16,    5,    3,   26],
[2024-08-13 12:26:12,586][flwr][INFO] - 	       [  12,   53,   10,  188,   41,  495,   33,   29,   11,   20],
[2024-08-13 12:26:12,586][flwr][INFO] - 	       [  15,   12,   22,    3,   25,   13,  865,    3,    0,    0],
[2024-08-13 12:26:12,586][flwr][INFO] - 	       [   3,   29,   35,    4,   21,    0,    1,  913,    5,   17],
[2024-08-13 12:26:12,587][flwr][INFO] - 	       [  11,   33,   23,  173,   34,   13,   20,   16,  614,   37],
[2024-08-13 12:26:12,587][flwr][INFO] - 	       [  22,   12,    4,   15,  128,    4,    2,   72,    4,  746]],
[2024-08-13 12:26:12,587][flwr][INFO] - 	      dtype=int64)),
[2024-08-13 12:26:12,587][flwr][INFO] - 	                      (5,
[2024-08-13 12:26:12,587][flwr][INFO] - 	                       array([[ 919,    1,    3,    1,    0,   17,   21,    1,   17,    0],
[2024-08-13 12:26:12,587][flwr][INFO] - 	       [   0, 1070,   23,    2,    1,    5,    5,    1,   27,    1],
[2024-08-13 12:26:12,587][flwr][INFO] - 	       [  14,   12,  848,   23,   14,    3,   24,   24,   57,   13],
[2024-08-13 12:26:12,587][flwr][INFO] - 	       [   5,    7,   23,  774,    2,   62,   12,   16,   85,   24],
[2024-08-13 12:26:12,587][flwr][INFO] - 	       [   5,    7,    2,    0,  785,    3,   25,    3,   20,  132],
[2024-08-13 12:26:12,587][flwr][INFO] - 	       [  14,   46,    7,   34,   12,  679,   29,   13,   38,   20],
[2024-08-13 12:26:12,587][flwr][INFO] - 	       [  14,   11,   23,    1,   12,   20,  871,    3,    3,    0],
[2024-08-13 12:26:12,587][flwr][INFO] - 	       [   6,   35,   33,    0,   14,    0,    1,  863,   30,   46],
[2024-08-13 12:26:12,587][flwr][INFO] - 	       [   6,   16,   13,   18,    8,   31,   16,    6,  836,   24],
[2024-08-13 12:26:12,587][flwr][INFO] - 	       [  16,    8,    5,    4,   28,   12,    1,   24,   23,  888]],
[2024-08-13 12:26:12,587][flwr][INFO] - 	      dtype=int64)),
[2024-08-13 12:26:12,587][flwr][INFO] - 	                      (6,
[2024-08-13 12:26:12,587][flwr][INFO] - 	                       array([[ 932,    1,    1,    5,    2,   11,   22,    2,    4,    0],
[2024-08-13 12:26:12,587][flwr][INFO] - 	       [   0, 1083,   24,   12,    1,    2,    5,    1,    7,    0],
[2024-08-13 12:26:12,588][flwr][INFO] - 	       [  14,   14,  828,   64,   28,    0,   21,   31,   30,    2],
[2024-08-13 12:26:12,588][flwr][INFO] - 	       [   2,    4,   12,  901,    2,   23,    9,   20,   21,   16],
[2024-08-13 12:26:12,588][flwr][INFO] - 	       [   3,    5,    1,    0,  925,    2,   18,    5,    3,   20],
[2024-08-13 12:26:12,588][flwr][INFO] - 	       [  17,   49,    5,  108,   34,  603,   35,   17,   11,   13],
[2024-08-13 12:26:12,588][flwr][INFO] - 	       [  14,   13,   19,    2,   23,   16,  867,    3,    1,    0],
[2024-08-13 12:26:12,588][flwr][INFO] - 	       [   5,   32,   33,    4,   21,    0,    1,  907,    7,   18],
[2024-08-13 12:26:12,588][flwr][INFO] - 	       [  15,   38,   16,  116,   32,   27,   21,   15,  665,   29],
[2024-08-13 12:26:12,588][flwr][INFO] - 	       [  22,   12,    3,   12,  129,   12,    1,   67,    6,  745]],
[2024-08-13 12:26:12,588][flwr][INFO] - 	      dtype=int64)),
[2024-08-13 12:26:12,588][flwr][INFO] - 	                      (7,
[2024-08-13 12:26:12,588][flwr][INFO] - 	                       array([[ 927,    1,    4,    1,    0,   11,   23,    1,   12,    0],
[2024-08-13 12:26:12,588][flwr][INFO] - 	       [   0, 1077,   20,    2,    1,    4,    5,    1,   25,    0],
[2024-08-13 12:26:12,588][flwr][INFO] - 	       [  11,   12,  851,   24,   12,    1,   24,   25,   59,   13],
[2024-08-13 12:26:12,588][flwr][INFO] - 	       [   5,    6,   19,  808,    2,   50,   13,   15,   66,   26],
[2024-08-13 12:26:12,588][flwr][INFO] - 	       [   3,    5,    3,    0,  775,    1,   24,    3,   20,  148],
[2024-08-13 12:26:12,588][flwr][INFO] - 	       [  14,   43,    6,   42,   10,  669,   29,   13,   45,   21],
[2024-08-13 12:26:12,588][flwr][INFO] - 	       [  14,   11,   20,    1,   10,   19,  876,    5,    2,    0],
[2024-08-13 12:26:12,589][flwr][INFO] - 	       [   7,   32,   35,    0,   14,    0,    1,  858,   29,   52],
[2024-08-13 12:26:12,589][flwr][INFO] - 	       [   7,   16,   15,   22,    6,   27,   16,    6,  830,   29],
[2024-08-13 12:26:12,589][flwr][INFO] - 	       [  17,    7,    5,    5,   23,   10,    1,   20,   22,  899]],
[2024-08-13 12:26:12,589][flwr][INFO] - 	      dtype=int64)),
[2024-08-13 12:26:12,589][flwr][INFO] - 	                      (8,
[2024-08-13 12:26:12,589][flwr][INFO] - 	                       array([[ 934,    2,    3,    3,    1,    9,   21,    2,    5,    0],
[2024-08-13 12:26:12,589][flwr][INFO] - 	       [   0, 1084,   21,   10,    1,    4,    5,    1,    9,    0],
[2024-08-13 12:26:12,589][flwr][INFO] - 	       [  12,   14,  836,   50,   29,    0,   21,   35,   34,    1],
[2024-08-13 12:26:12,589][flwr][INFO] - 	       [   2,    5,   11,  893,    2,   29,    9,   21,   25,   13],
[2024-08-13 12:26:12,589][flwr][INFO] - 	       [   3,    5,    1,    0,  930,    2,   15,    6,    3,   17],
[2024-08-13 12:26:12,589][flwr][INFO] - 	       [  12,   48,    2,   91,   26,  641,   33,   18,   13,    8],
[2024-08-13 12:26:12,589][flwr][INFO] - 	       [  13,   10,   19,    2,   20,   16,  872,    5,    1,    0],
[2024-08-13 12:26:12,589][flwr][INFO] - 	       [   4,   29,   32,    4,   22,    0,    1,  917,    7,   12],
[2024-08-13 12:26:12,589][flwr][INFO] - 	       [  17,   39,   15,   88,   28,   35,   21,   16,  700,   15],
[2024-08-13 12:26:12,589][flwr][INFO] - 	       [  23,   11,    4,   11,  132,   16,    1,   79,    7,  725]],
[2024-08-13 12:26:12,589][flwr][INFO] - 	      dtype=int64)),
[2024-08-13 12:26:12,589][flwr][INFO] - 	                      (9,
[2024-08-13 12:26:12,589][flwr][INFO] - 	                       array([[ 935,    1,    4,    1,    1,    7,   21,    2,    8,    0],
[2024-08-13 12:26:12,590][flwr][INFO] - 	       [   0, 1078,   18,    3,    1,    4,    5,    1,   25,    0],
[2024-08-13 12:26:12,590][flwr][INFO] - 	       [  11,   13,  848,   31,   12,    1,   23,   25,   55,   13],
[2024-08-13 12:26:12,590][flwr][INFO] - 	       [   5,    5,   17,  838,    2,   36,   13,   16,   50,   28],
[2024-08-13 12:26:12,590][flwr][INFO] - 	       [   3,    5,    3,    0,  790,    1,   22,    3,   16,  139],
[2024-08-13 12:26:12,590][flwr][INFO] - 	       [  13,   42,    4,   53,   12,  662,   31,   13,   39,   23],
[2024-08-13 12:26:12,590][flwr][INFO] - 	       [  13,    8,   19,    1,   11,   17,  884,    4,    1,    0],
[2024-08-13 12:26:12,590][flwr][INFO] - 	       [   8,   32,   33,    1,   15,    0,    1,  854,   27,   57],
[2024-08-13 12:26:12,590][flwr][INFO] - 	       [  12,   18,   13,   27,    8,   22,   16,    5,  816,   37],
[2024-08-13 12:26:12,590][flwr][INFO] - 	       [  19,    7,    4,    6,   24,    8,    1,   16,   17,  907]],
[2024-08-13 12:26:12,590][flwr][INFO] - 	      dtype=int64)),
[2024-08-13 12:26:12,590][flwr][INFO] - 	                      (10,
[2024-08-13 12:26:12,590][flwr][INFO] - 	                       array([[ 937,    2,    4,    2,    1,    8,   19,    2,    5,    0],
[2024-08-13 12:26:12,590][flwr][INFO] - 	       [   0, 1086,   19,    6,    1,    5,    5,    1,   12,    0],
[2024-08-13 12:26:12,590][flwr][INFO] - 	       [  12,   16,  836,   44,   30,    0,   20,   34,   39,    1],
[2024-08-13 12:26:12,590][flwr][INFO] - 	       [   1,    6,   11,  886,    2,   34,    9,   20,   34,    7],
[2024-08-13 12:26:12,590][flwr][INFO] - 	       [   2,    4,    1,    0,  940,    2,   13,    6,    3,   11],
[2024-08-13 12:26:12,590][flwr][INFO] - 	       [  12,   43,    2,   74,   21,  669,   32,   18,   18,    3],
[2024-08-13 12:26:12,591][flwr][INFO] - 	       [  13,    9,   15,    1,   18,   16,  878,    7,    1,    0],
[2024-08-13 12:26:12,591][flwr][INFO] - 	       [   5,   28,   32,    4,   22,    0,    1,  921,    7,    8],
[2024-08-13 12:26:12,591][flwr][INFO] - 	       [  15,   38,   13,   61,   29,   37,   19,   15,  740,    7],
[2024-08-13 12:26:12,591][flwr][INFO] - 	       [  25,    9,    4,    9,  151,   20,    1,   91,   11,  688]],
[2024-08-13 12:26:12,591][flwr][INFO] - 	      dtype=int64))],
[2024-08-13 12:26:12,591][flwr][INFO] - 	 'f1': [(0, 0.017493624772313296),
[2024-08-13 12:26:12,591][flwr][INFO] - 	        (1, 0.6840795056635438),
[2024-08-13 12:26:12,591][flwr][INFO] - 	        (2, 0.8044016294404543),
[2024-08-13 12:26:12,591][flwr][INFO] - 	        (3, 0.8384623632616526),
[2024-08-13 12:26:12,591][flwr][INFO] - 	        (4, 0.8270227922538261),
[2024-08-13 12:26:12,591][flwr][INFO] - 	        (5, 0.8532350029112742),
[2024-08-13 12:26:12,591][flwr][INFO] - 	        (6, 0.8432583965814551),
[2024-08-13 12:26:12,591][flwr][INFO] - 	        (7, 0.8569019817469742),
[2024-08-13 12:26:12,591][flwr][INFO] - 	        (8, 0.8511507863163194),
[2024-08-13 12:26:12,591][flwr][INFO] - 	        (9, 0.8608842948085499),
[2024-08-13 12:26:12,591][flwr][INFO] - 	        (10, 0.8560665653780123)],
[2024-08-13 12:26:12,591][flwr][INFO] - 	 'precision': [(0, 0.009604000000000001),
[2024-08-13 12:26:12,592][flwr][INFO] - 	               (1, 0.7865477999276047),
[2024-08-13 12:26:12,592][flwr][INFO] - 	               (2, 0.8206944859706702),
[2024-08-13 12:26:12,592][flwr][INFO] - 	               (3, 0.8399929534082866),
[2024-08-13 12:26:12,592][flwr][INFO] - 	               (4, 0.8437631509019822),
[2024-08-13 12:26:12,592][flwr][INFO] - 	               (5, 0.8573320277037865),
[2024-08-13 12:26:12,592][flwr][INFO] - 	               (6, 0.8509989638105028),
[2024-08-13 12:26:12,592][flwr][INFO] - 	               (7, 0.8612086745172697),
[2024-08-13 12:26:12,592][flwr][INFO] - 	               (8, 0.8574016860321021),
[2024-08-13 12:26:12,592][flwr][INFO] - 	               (9, 0.8647170340461551),
[2024-08-13 12:26:12,592][flwr][INFO] - 	               (10, 0.8628647653679898)],
[2024-08-13 12:26:12,592][flwr][INFO] - 	 'recall': [(0, 0.098),
[2024-08-13 12:26:12,592][flwr][INFO] - 	            (1, 0.7174),
[2024-08-13 12:26:12,592][flwr][INFO] - 	            (2, 0.8113),
[2024-08-13 12:26:12,592][flwr][INFO] - 	            (3, 0.8391),
[2024-08-13 12:26:12,592][flwr][INFO] - 	            (4, 0.8305),
[2024-08-13 12:26:12,592][flwr][INFO] - 	            (5, 0.8533),
[2024-08-13 12:26:12,593][flwr][INFO] - 	            (6, 0.8456),
[2024-08-13 12:26:12,593][flwr][INFO] - 	            (7, 0.857),
[2024-08-13 12:26:12,593][flwr][INFO] - 	            (8, 0.8532),
[2024-08-13 12:26:12,593][flwr][INFO] - 	            (9, 0.8612),
[2024-08-13 12:26:12,593][flwr][INFO] - 	            (10, 0.8581)]}
[2024-08-13 12:26:12,593][flwr][INFO] - 
