[2024-08-13 14:33:15,500][flwr][INFO] - Starting Flower simulation, config: num_rounds=10, no round_timeout
[2024-08-13 14:33:19,608][flwr][INFO] - Flower VCE: Ray initialized with resources: {'memory': 4573357671.0, 'object_store_memory': 2286678835.0, 'node:127.0.0.1': 1.0, 'CPU': 16.0, 'accelerator_type:G': 1.0, 'GPU': 1.0, 'node:__internal_head__': 1.0}
[2024-08-13 14:33:19,608][flwr][INFO] - Optimize your simulation with Flower VCE: https://flower.ai/docs/framework/how-to-run-simulations.html
[2024-08-13 14:33:19,608][flwr][INFO] - Flower VCE: Resources for each Virtual Client: {'num_cpus': 2, 'num_gpus': 0.5}
[2024-08-13 14:33:19,619][flwr][INFO] - Flower VCE: Creating VirtualClientEngineActorPool with 2 actors
[2024-08-13 14:33:19,621][flwr][INFO] - [INIT]
[2024-08-13 14:33:19,621][flwr][INFO] - Requesting initial parameters from one random client
[2024-08-13 14:33:27,404][flwr][INFO] - Received initial parameters from one random client
[2024-08-13 14:33:27,404][flwr][INFO] - Evaluating initial global parameters
[2024-08-13 14:33:29,644][flwr][INFO] - initial parameters (loss, other metrics): 2.3025850929940455, {'accuracy': 0.098, 'precision': 0.009604000000000001, 'recall': 0.098, 'f1': 0.017493624772313296, 'confusion_matrix': array([[ 980,    0,    0,    0,    0,    0,    0,    0,    0,    0],
       [1135,    0,    0,    0,    0,    0,    0,    0,    0,    0],
       [1032,    0,    0,    0,    0,    0,    0,    0,    0,    0],
       [1010,    0,    0,    0,    0,    0,    0,    0,    0,    0],
       [ 982,    0,    0,    0,    0,    0,    0,    0,    0,    0],
       [ 892,    0,    0,    0,    0,    0,    0,    0,    0,    0],
       [ 958,    0,    0,    0,    0,    0,    0,    0,    0,    0],
       [1028,    0,    0,    0,    0,    0,    0,    0,    0,    0],
       [ 974,    0,    0,    0,    0,    0,    0,    0,    0,    0],
       [1009,    0,    0,    0,    0,    0,    0,    0,    0,    0]],
      dtype=int64)}
[2024-08-13 14:33:29,645][flwr][INFO] - 
[2024-08-13 14:33:29,645][flwr][INFO] - [ROUND 1]
[2024-08-13 14:33:29,645][flwr][INFO] - configure_fit: strategy sampled 10 clients (out of 100)
[2024-08-13 14:33:33,235][flwr][INFO] - aggregate_fit: received 10 results and 0 failures
[2024-08-13 14:33:33,238][flwr][WARNING] - No fit_metrics_aggregation_fn provided
[2024-08-13 14:33:35,356][flwr][INFO] - fit progress: (1, 0.9572116424362914, {'accuracy': 0.7324, 'precision': 0.6917779544448396, 'recall': 0.7324, 'f1': 0.6991856456942385, 'confusion_matrix': array([[ 949,    0,    1,    4,    0,    0,   11,    1,   14,    0],
       [   0, 1097,    8,    4,    0,    0,    3,    0,   23,    0],
       [  77,   81,  666,   55,    9,    0,   25,   31,   81,    7],
       [  30,   29,   13,  806,    0,    0,   11,   18,   95,    8],
       [  24,   24,    1,    0,  650,    0,   35,   21,   65,  162],
       [ 207,  100,    0,  201,   10,    0,   38,   53,  241,   42],
       [  87,   31,   12,    0,    3,    0,  812,    3,   10,    0],
       [  18,   59,    9,    1,    2,    0,    2,  885,   42,   10],
       [  42,   48,    1,   75,    5,    0,   13,   14,  763,   13],
       [  45,   25,    2,    7,   17,    0,    2,  158,   57,  696]],
      dtype=int64)}, 5.710703400007333)
[2024-08-13 14:33:35,357][flwr][INFO] - configure_evaluate: no clients selected, skipping evaluation
[2024-08-13 14:33:35,357][flwr][INFO] - 
[2024-08-13 14:33:35,357][flwr][INFO] - [ROUND 2]
[2024-08-13 14:33:35,357][flwr][INFO] - configure_fit: strategy sampled 10 clients (out of 100)
[2024-08-13 14:33:36,596][flwr][INFO] - aggregate_fit: received 10 results and 0 failures
[2024-08-13 14:33:38,732][flwr][INFO] - fit progress: (2, 0.7795617046111525, {'accuracy': 0.797, 'precision': 0.8162008949830459, 'recall': 0.797, 'f1': 0.7874851276121503, 'confusion_matrix': array([[ 919,    0,    9,    6,    1,    2,   35,    1,    2,    5],
       [   0, 1064,   54,    4,    1,    0,    6,    1,    0,    5],
       [  20,   23,  877,   30,   23,    0,   21,   18,   16,    4],
       [   6,   14,   36,  864,    3,    7,   10,   14,   11,   45],
       [   7,    9,    7,    0,  863,    0,   19,    1,    3,   73],
       [  43,   61,   23,  216,   46,  341,   47,   26,   10,   79],
       [  28,   17,   38,    1,   23,    5,  845,    1,    0,    0],
       [   6,   44,   46,    0,   16,    0,    3,  842,    7,   64],
       [  22,   45,   58,  151,   22,    4,   24,    9,  508,  131],
       [  25,   15,    6,    9,   84,    1,    1,   19,    2,  847]],
      dtype=int64)}, 9.086895300002652)
[2024-08-13 14:33:38,733][flwr][INFO] - configure_evaluate: no clients selected, skipping evaluation
[2024-08-13 14:33:38,733][flwr][INFO] - 
[2024-08-13 14:33:38,733][flwr][INFO] - [ROUND 3]
[2024-08-13 14:33:38,734][flwr][INFO] - configure_fit: strategy sampled 10 clients (out of 100)
[2024-08-13 14:33:40,019][flwr][INFO] - aggregate_fit: received 10 results and 0 failures
[2024-08-13 14:33:42,128][flwr][INFO] - fit progress: (3, 0.7530766053115301, {'accuracy': 0.8213, 'precision': 0.8405326356943571, 'recall': 0.8213, 'f1': 0.8223795763126669, 'confusion_matrix': array([[ 897,    0,    2,    0,    0,   25,   32,    1,   23,    0],
       [   0, 1053,    6,    1,    1,    2,    4,    1,   67,    0],
       [  19,   27,  779,   34,   27,    0,   26,   25,   95,    0],
       [   6,   12,   15,  747,    2,   65,   12,   18,  131,    2],
       [   7,    7,    1,    0,  874,    2,   28,    2,   44,   17],
       [  16,   51,    1,   35,   21,  642,   31,   19,   69,    7],
       [  19,   13,   17,    1,   13,   19,  867,    2,    7,    0],
       [   6,   34,   12,    0,   16,    0,    3,  856,   87,   14],
       [   5,    7,    6,   21,   12,   28,   17,   10,  865,    3],
       [  18,    9,    3,    4,  135,   16,    4,   77,  110,  633]],
      dtype=int64)}, 12.483127900006366)
[2024-08-13 14:33:42,129][flwr][INFO] - configure_evaluate: no clients selected, skipping evaluation
[2024-08-13 14:33:42,129][flwr][INFO] - 
[2024-08-13 14:33:42,129][flwr][INFO] - [ROUND 4]
[2024-08-13 14:33:42,129][flwr][INFO] - configure_fit: strategy sampled 10 clients (out of 100)
[2024-08-13 14:33:43,365][flwr][INFO] - aggregate_fit: received 10 results and 0 failures
[2024-08-13 14:33:45,461][flwr][INFO] - fit progress: (4, 0.7786756879419322, {'accuracy': 0.7707, 'precision': 0.8186987708226101, 'recall': 0.7707, 'f1': 0.7590847956188037, 'confusion_matrix': array([[ 917,    0,    4,   10,    0,   11,   29,    1,    0,    8],
       [   0, 1049,   55,   13,    1,    1,    6,    1,    0,    9],
       [  16,   11,  835,   84,    9,    0,   24,   23,    9,   21],
       [   4,    2,   13,  909,    1,   11,    8,   15,    1,   46],
       [   6,    7,    5,    0,  641,    0,   26,    3,    0,  294],
       [  14,   50,   14,  195,   19,  476,   39,   18,    1,   66],
       [  18,    9,   24,    4,    9,   12,  877,    3,    0,    2],
       [   4,   30,   38,    4,   11,    0,    3,  837,    0,  101],
       [  15,   32,   37,  285,   12,   30,   25,    5,  233,  300],
       [  19,    6,    5,   14,   14,    2,    3,   13,    0,  933]],
      dtype=int64)}, 15.816129600003478)
[2024-08-13 14:33:45,462][flwr][INFO] - configure_evaluate: no clients selected, skipping evaluation
[2024-08-13 14:33:45,462][flwr][INFO] - 
[2024-08-13 14:33:45,462][flwr][INFO] - [ROUND 5]
[2024-08-13 14:33:45,463][flwr][INFO] - configure_fit: strategy sampled 10 clients (out of 100)
[2024-08-13 14:33:46,621][flwr][INFO] - aggregate_fit: received 10 results and 0 failures
[2024-08-13 14:33:48,741][flwr][INFO] - fit progress: (5, 0.7087074617318104, {'accuracy': 0.8378, 'precision': 0.8458920711223958, 'recall': 0.8378, 'f1': 0.8355907669143933, 'confusion_matrix': array([[ 917,    0,    3,    1,    0,   18,   28,    1,   12,    0],
       [   0, 1056,   34,    2,    1,    3,    5,    1,   33,    0],
       [  16,   18,  830,   30,   25,    0,   23,   30,   59,    1],
       [   5,    8,   24,  803,    2,   52,   15,   21,   74,    6],
       [   5,    5,    3,    0,  908,    2,   24,    2,   19,   14],
       [  16,   44,    6,   47,   26,  650,   34,   22,   43,    4],
       [  18,   10,   22,    1,   16,   19,  867,    2,    3,    0],
       [   4,   33,   29,    0,   18,    0,    1,  903,   32,    8],
       [   7,   11,    9,   33,   17,   22,   19,   12,  841,    3],
       [  20,    8,    6,    4,  187,   15,    3,  103,   60,  603]],
      dtype=int64)}, 19.096161599998595)
[2024-08-13 14:33:48,742][flwr][INFO] - configure_evaluate: no clients selected, skipping evaluation
[2024-08-13 14:33:48,742][flwr][INFO] - 
[2024-08-13 14:33:48,742][flwr][INFO] - [ROUND 6]
[2024-08-13 14:33:48,743][flwr][INFO] - configure_fit: strategy sampled 10 clients (out of 100)
[2024-08-13 14:33:50,090][flwr][INFO] - aggregate_fit: received 10 results and 0 failures
[2024-08-13 14:33:52,198][flwr][INFO] - fit progress: (6, 0.7142263115397831, {'accuracy': 0.812, 'precision': 0.8356545357838946, 'recall': 0.812, 'f1': 0.8094524911451144, 'confusion_matrix': array([[ 926,    1,    3,    8,    1,   11,   19,    1,    0,   10],
       [   0, 1088,   26,    6,    1,    1,    6,    1,    2,    4],
       [  15,   29,  830,   60,   12,    0,   23,   24,   17,   22],
       [   4,   10,   12,  889,    1,   23,    8,   13,    5,   45],
       [   4,    9,    4,    0,  721,    0,   22,    2,    3,  217],
       [  14,   65,    6,  121,   20,  567,   33,   13,    6,   47],
       [  14,   15,   22,    1,   13,   15,  871,    4,    0,    3],
       [   4,   43,   27,    5,   14,    0,    1,  814,    2,  118],
       [  12,   52,   22,  167,   13,   35,   21,    5,  486,  161],
       [  17,   10,    5,   13,   18,    7,    2,    9,    0,  928]],
      dtype=int64)}, 22.55269280000357)
[2024-08-13 14:33:52,199][flwr][INFO] - configure_evaluate: no clients selected, skipping evaluation
[2024-08-13 14:33:52,199][flwr][INFO] - 
[2024-08-13 14:33:52,199][flwr][INFO] - [ROUND 7]
[2024-08-13 14:33:52,199][flwr][INFO] - configure_fit: strategy sampled 10 clients (out of 100)
[2024-08-13 14:33:53,395][flwr][INFO] - aggregate_fit: received 10 results and 0 failures
[2024-08-13 14:33:55,495][flwr][INFO] - fit progress: (7, 0.7036725214927348, {'accuracy': 0.8361, 'precision': 0.8535068026412036, 'recall': 0.8361, 'f1': 0.8349597345685482, 'confusion_matrix': array([[ 909,    1,    5,    0,    3,   11,   26,    2,   23,    0],
       [   0, 1070,    8,    2,    1,    0,    4,    1,   49,    0],
       [  13,   20,  806,   31,   30,    1,   19,   27,   84,    1],
       [   5,    8,   14,  796,    4,   42,   14,   20,  106,    1],
       [   1,    5,    1,    0,  930,    2,   14,    1,   20,    8],
       [   8,   49,    4,   39,   31,  630,   35,   19,   72,    5],
       [  14,   10,   19,    1,   25,   14,  866,    4,    5,    0],
       [   3,   33,   23,    1,   22,    0,    0,  892,   47,    7],
       [   5,   12,    7,   18,   18,   17,   15,    7,  874,    1],
       [  16,    7,    4,    4,  198,    9,    2,   90,   91,  588]],
      dtype=int64)}, 25.85000880000007)
[2024-08-13 14:33:55,496][flwr][INFO] - configure_evaluate: no clients selected, skipping evaluation
[2024-08-13 14:33:55,496][flwr][INFO] - 
[2024-08-13 14:33:55,496][flwr][INFO] - [ROUND 8]
[2024-08-13 14:33:55,497][flwr][INFO] - configure_fit: strategy sampled 10 clients (out of 100)
[2024-08-13 14:33:56,681][flwr][INFO] - aggregate_fit: received 10 results and 0 failures
[2024-08-13 14:33:58,928][flwr][INFO] - fit progress: (8, 0.7125044599721707, {'accuracy': 0.817, 'precision': 0.8404776405378991, 'recall': 0.817, 'f1': 0.8145350877882295, 'confusion_matrix': array([[ 936,    1,    2,    6,    1,   13,   14,    1,    0,    6],
       [   0, 1078,   31,   11,    1,    3,    6,    0,    2,    3],
       [  14,   13,  828,   72,   10,    0,   25,   27,   16,   27],
       [   3,    4,   10,  892,    1,   35,    8,   14,    5,   38],
       [   4,    6,    2,    1,  693,    1,   19,    2,    1,  253],
       [  12,   44,    6,   94,   12,  641,   31,   13,    6,   33],
       [  15,    8,   21,    2,   13,   19,  874,    4,    0,    2],
       [   7,   32,   31,    5,   12,    0,    1,  831,    3,  106],
       [  16,   38,   21,  165,    6,   61,   21,    6,  463,  177],
       [  18,    7,    5,   12,   15,    8,    1,    9,    0,  934]],
      dtype=int64)}, 29.282758899993496)
[2024-08-13 14:33:58,928][flwr][INFO] - configure_evaluate: no clients selected, skipping evaluation
[2024-08-13 14:33:58,929][flwr][INFO] - 
[2024-08-13 14:33:58,929][flwr][INFO] - [ROUND 9]
[2024-08-13 14:33:58,929][flwr][INFO] - configure_fit: strategy sampled 10 clients (out of 100)
[2024-08-13 14:34:00,111][flwr][INFO] - aggregate_fit: received 10 results and 0 failures
[2024-08-13 14:34:02,257][flwr][INFO] - fit progress: (9, 0.6853805519631887, {'accuracy': 0.8458, 'precision': 0.8574636027253275, 'recall': 0.8458, 'f1': 0.8439476222113504, 'confusion_matrix': array([[ 930,    1,    4,    1,    3,    7,   20,    4,   10,    0],
       [   0, 1072,   13,    2,    1,    2,    5,    1,   39,    0],
       [  12,   17,  827,   30,   29,    1,   19,   30,   66,    1],
       [   5,    9,   15,  812,    3,   44,   14,   22,   83,    3],
       [   3,    5,    1,    0,  930,    2,   13,    3,   17,    8],
       [  12,   44,    3,   43,   27,  659,   32,   19,   49,    4],
       [  14,    8,   18,    1,   25,   15,  869,    5,    3,    0],
       [   4,   30,   27,    1,   23,    0,    0,  901,   38,    4],
       [   7,   16,   10,   22,   17,   18,   17,   10,  855,    2],
       [  22,    7,    5,    4,  186,   13,    1,  100,   68,  603]],
      dtype=int64)}, 32.61145989999932)
[2024-08-13 14:34:02,258][flwr][INFO] - configure_evaluate: no clients selected, skipping evaluation
[2024-08-13 14:34:02,258][flwr][INFO] - 
[2024-08-13 14:34:02,258][flwr][INFO] - [ROUND 10]
[2024-08-13 14:34:02,258][flwr][INFO] - configure_fit: strategy sampled 10 clients (out of 100)
[2024-08-13 14:34:03,615][flwr][INFO] - aggregate_fit: received 10 results and 0 failures
[2024-08-13 14:34:05,689][flwr][INFO] - fit progress: (10, 0.6875620390424385, {'accuracy': 0.8324, 'precision': 0.8481074241672857, 'recall': 0.8324, 'f1': 0.83097052087214, 'confusion_matrix': array([[ 931,    2,    4,    3,    1,   12,   22,    2,    0,    3],
       [   0, 1086,   21,    9,    1,    2,    6,    1,    7,    2],
       [  13,   22,  811,   70,   11,    1,   25,   30,   25,   24],
       [   2,    6,    7,  894,    1,   28,    9,   16,    5,   42],
       [   3,    6,    2,    1,  740,    1,   20,    3,    4,  202],
       [  10,   46,    2,   94,   12,  636,   36,   14,    8,   34],
       [  13,    8,   17,    1,   13,   12,  889,    4,    0,    1],
       [   5,   34,   27,    6,   14,    0,    2,  852,    4,   84],
       [  14,   44,   14,  126,    9,   40,   26,    7,  558,  136],
       [  18,    7,    4,   12,   18,    8,    1,   14,    0,  927]],
      dtype=int64)}, 36.04368410000461)
[2024-08-13 14:34:05,690][flwr][INFO] - configure_evaluate: no clients selected, skipping evaluation
[2024-08-13 14:34:05,690][flwr][INFO] - 
[2024-08-13 14:34:05,690][flwr][INFO] - [SUMMARY]
[2024-08-13 14:34:05,690][flwr][INFO] - Run finished 10 round(s) in 36.04s
[2024-08-13 14:34:05,698][flwr][INFO] - 	History (loss, centralized):
[2024-08-13 14:34:05,698][flwr][INFO] - 		round 0: 2.3025850929940455
[2024-08-13 14:34:05,698][flwr][INFO] - 		round 1: 0.9572116424362914
[2024-08-13 14:34:05,698][flwr][INFO] - 		round 2: 0.7795617046111525
[2024-08-13 14:34:05,698][flwr][INFO] - 		round 3: 0.7530766053115301
[2024-08-13 14:34:05,698][flwr][INFO] - 		round 4: 0.7786756879419322
[2024-08-13 14:34:05,698][flwr][INFO] - 		round 5: 0.7087074617318104
[2024-08-13 14:34:05,698][flwr][INFO] - 		round 6: 0.7142263115397831
[2024-08-13 14:34:05,699][flwr][INFO] - 		round 7: 0.7036725214927348
[2024-08-13 14:34:05,699][flwr][INFO] - 		round 8: 0.7125044599721707
[2024-08-13 14:34:05,699][flwr][INFO] - 		round 9: 0.6853805519631887
[2024-08-13 14:34:05,699][flwr][INFO] - 		round 10: 0.6875620390424385
[2024-08-13 14:34:05,699][flwr][INFO] - 	History (metrics, centralized):
[2024-08-13 14:34:05,699][flwr][INFO] - 	{'accuracy': [(0, 0.098),
[2024-08-13 14:34:05,699][flwr][INFO] - 	              (1, 0.7324),
[2024-08-13 14:34:05,699][flwr][INFO] - 	              (2, 0.797),
[2024-08-13 14:34:05,699][flwr][INFO] - 	              (3, 0.8213),
[2024-08-13 14:34:05,699][flwr][INFO] - 	              (4, 0.7707),
[2024-08-13 14:34:05,699][flwr][INFO] - 	              (5, 0.8378),
[2024-08-13 14:34:05,699][flwr][INFO] - 	              (6, 0.812),
[2024-08-13 14:34:05,699][flwr][INFO] - 	              (7, 0.8361),
[2024-08-13 14:34:05,699][flwr][INFO] - 	              (8, 0.817),
[2024-08-13 14:34:05,699][flwr][INFO] - 	              (9, 0.8458),
[2024-08-13 14:34:05,699][flwr][INFO] - 	              (10, 0.8324)],
[2024-08-13 14:34:05,700][flwr][INFO] - 	 'confusion_matrix': [(0,
[2024-08-13 14:34:05,700][flwr][INFO] - 	                       array([[ 980,    0,    0,    0,    0,    0,    0,    0,    0,    0],
[2024-08-13 14:34:05,700][flwr][INFO] - 	       [1135,    0,    0,    0,    0,    0,    0,    0,    0,    0],
[2024-08-13 14:34:05,700][flwr][INFO] - 	       [1032,    0,    0,    0,    0,    0,    0,    0,    0,    0],
[2024-08-13 14:34:05,700][flwr][INFO] - 	       [1010,    0,    0,    0,    0,    0,    0,    0,    0,    0],
[2024-08-13 14:34:05,700][flwr][INFO] - 	       [ 982,    0,    0,    0,    0,    0,    0,    0,    0,    0],
[2024-08-13 14:34:05,700][flwr][INFO] - 	       [ 892,    0,    0,    0,    0,    0,    0,    0,    0,    0],
[2024-08-13 14:34:05,700][flwr][INFO] - 	       [ 958,    0,    0,    0,    0,    0,    0,    0,    0,    0],
[2024-08-13 14:34:05,700][flwr][INFO] - 	       [1028,    0,    0,    0,    0,    0,    0,    0,    0,    0],
[2024-08-13 14:34:05,700][flwr][INFO] - 	       [ 974,    0,    0,    0,    0,    0,    0,    0,    0,    0],
[2024-08-13 14:34:05,700][flwr][INFO] - 	       [1009,    0,    0,    0,    0,    0,    0,    0,    0,    0]],
[2024-08-13 14:34:05,700][flwr][INFO] - 	      dtype=int64)),
[2024-08-13 14:34:05,700][flwr][INFO] - 	                      (1,
[2024-08-13 14:34:05,700][flwr][INFO] - 	                       array([[ 949,    0,    1,    4,    0,    0,   11,    1,   14,    0],
[2024-08-13 14:34:05,700][flwr][INFO] - 	       [   0, 1097,    8,    4,    0,    0,    3,    0,   23,    0],
[2024-08-13 14:34:05,700][flwr][INFO] - 	       [  77,   81,  666,   55,    9,    0,   25,   31,   81,    7],
[2024-08-13 14:34:05,700][flwr][INFO] - 	       [  30,   29,   13,  806,    0,    0,   11,   18,   95,    8],
[2024-08-13 14:34:05,701][flwr][INFO] - 	       [  24,   24,    1,    0,  650,    0,   35,   21,   65,  162],
[2024-08-13 14:34:05,701][flwr][INFO] - 	       [ 207,  100,    0,  201,   10,    0,   38,   53,  241,   42],
[2024-08-13 14:34:05,701][flwr][INFO] - 	       [  87,   31,   12,    0,    3,    0,  812,    3,   10,    0],
[2024-08-13 14:34:05,701][flwr][INFO] - 	       [  18,   59,    9,    1,    2,    0,    2,  885,   42,   10],
[2024-08-13 14:34:05,701][flwr][INFO] - 	       [  42,   48,    1,   75,    5,    0,   13,   14,  763,   13],
[2024-08-13 14:34:05,701][flwr][INFO] - 	       [  45,   25,    2,    7,   17,    0,    2,  158,   57,  696]],
[2024-08-13 14:34:05,701][flwr][INFO] - 	      dtype=int64)),
[2024-08-13 14:34:05,701][flwr][INFO] - 	                      (2,
[2024-08-13 14:34:05,701][flwr][INFO] - 	                       array([[ 919,    0,    9,    6,    1,    2,   35,    1,    2,    5],
[2024-08-13 14:34:05,701][flwr][INFO] - 	       [   0, 1064,   54,    4,    1,    0,    6,    1,    0,    5],
[2024-08-13 14:34:05,701][flwr][INFO] - 	       [  20,   23,  877,   30,   23,    0,   21,   18,   16,    4],
[2024-08-13 14:34:05,701][flwr][INFO] - 	       [   6,   14,   36,  864,    3,    7,   10,   14,   11,   45],
[2024-08-13 14:34:05,701][flwr][INFO] - 	       [   7,    9,    7,    0,  863,    0,   19,    1,    3,   73],
[2024-08-13 14:34:05,701][flwr][INFO] - 	       [  43,   61,   23,  216,   46,  341,   47,   26,   10,   79],
[2024-08-13 14:34:05,701][flwr][INFO] - 	       [  28,   17,   38,    1,   23,    5,  845,    1,    0,    0],
[2024-08-13 14:34:05,701][flwr][INFO] - 	       [   6,   44,   46,    0,   16,    0,    3,  842,    7,   64],
[2024-08-13 14:34:05,701][flwr][INFO] - 	       [  22,   45,   58,  151,   22,    4,   24,    9,  508,  131],
[2024-08-13 14:34:05,702][flwr][INFO] - 	       [  25,   15,    6,    9,   84,    1,    1,   19,    2,  847]],
[2024-08-13 14:34:05,702][flwr][INFO] - 	      dtype=int64)),
[2024-08-13 14:34:05,702][flwr][INFO] - 	                      (3,
[2024-08-13 14:34:05,702][flwr][INFO] - 	                       array([[ 897,    0,    2,    0,    0,   25,   32,    1,   23,    0],
[2024-08-13 14:34:05,702][flwr][INFO] - 	       [   0, 1053,    6,    1,    1,    2,    4,    1,   67,    0],
[2024-08-13 14:34:05,702][flwr][INFO] - 	       [  19,   27,  779,   34,   27,    0,   26,   25,   95,    0],
[2024-08-13 14:34:05,702][flwr][INFO] - 	       [   6,   12,   15,  747,    2,   65,   12,   18,  131,    2],
[2024-08-13 14:34:05,702][flwr][INFO] - 	       [   7,    7,    1,    0,  874,    2,   28,    2,   44,   17],
[2024-08-13 14:34:05,702][flwr][INFO] - 	       [  16,   51,    1,   35,   21,  642,   31,   19,   69,    7],
[2024-08-13 14:34:05,702][flwr][INFO] - 	       [  19,   13,   17,    1,   13,   19,  867,    2,    7,    0],
[2024-08-13 14:34:05,702][flwr][INFO] - 	       [   6,   34,   12,    0,   16,    0,    3,  856,   87,   14],
[2024-08-13 14:34:05,702][flwr][INFO] - 	       [   5,    7,    6,   21,   12,   28,   17,   10,  865,    3],
[2024-08-13 14:34:05,702][flwr][INFO] - 	       [  18,    9,    3,    4,  135,   16,    4,   77,  110,  633]],
[2024-08-13 14:34:05,702][flwr][INFO] - 	      dtype=int64)),
[2024-08-13 14:34:05,702][flwr][INFO] - 	                      (4,
[2024-08-13 14:34:05,703][flwr][INFO] - 	                       array([[ 917,    0,    4,   10,    0,   11,   29,    1,    0,    8],
[2024-08-13 14:34:05,703][flwr][INFO] - 	       [   0, 1049,   55,   13,    1,    1,    6,    1,    0,    9],
[2024-08-13 14:34:05,703][flwr][INFO] - 	       [  16,   11,  835,   84,    9,    0,   24,   23,    9,   21],
[2024-08-13 14:34:05,703][flwr][INFO] - 	       [   4,    2,   13,  909,    1,   11,    8,   15,    1,   46],
[2024-08-13 14:34:05,703][flwr][INFO] - 	       [   6,    7,    5,    0,  641,    0,   26,    3,    0,  294],
[2024-08-13 14:34:05,703][flwr][INFO] - 	       [  14,   50,   14,  195,   19,  476,   39,   18,    1,   66],
[2024-08-13 14:34:05,703][flwr][INFO] - 	       [  18,    9,   24,    4,    9,   12,  877,    3,    0,    2],
[2024-08-13 14:34:05,703][flwr][INFO] - 	       [   4,   30,   38,    4,   11,    0,    3,  837,    0,  101],
[2024-08-13 14:34:05,703][flwr][INFO] - 	       [  15,   32,   37,  285,   12,   30,   25,    5,  233,  300],
[2024-08-13 14:34:05,703][flwr][INFO] - 	       [  19,    6,    5,   14,   14,    2,    3,   13,    0,  933]],
[2024-08-13 14:34:05,703][flwr][INFO] - 	      dtype=int64)),
[2024-08-13 14:34:05,703][flwr][INFO] - 	                      (5,
[2024-08-13 14:34:05,703][flwr][INFO] - 	                       array([[ 917,    0,    3,    1,    0,   18,   28,    1,   12,    0],
[2024-08-13 14:34:05,703][flwr][INFO] - 	       [   0, 1056,   34,    2,    1,    3,    5,    1,   33,    0],
[2024-08-13 14:34:05,703][flwr][INFO] - 	       [  16,   18,  830,   30,   25,    0,   23,   30,   59,    1],
[2024-08-13 14:34:05,703][flwr][INFO] - 	       [   5,    8,   24,  803,    2,   52,   15,   21,   74,    6],
[2024-08-13 14:34:05,703][flwr][INFO] - 	       [   5,    5,    3,    0,  908,    2,   24,    2,   19,   14],
[2024-08-13 14:34:05,703][flwr][INFO] - 	       [  16,   44,    6,   47,   26,  650,   34,   22,   43,    4],
[2024-08-13 14:34:05,704][flwr][INFO] - 	       [  18,   10,   22,    1,   16,   19,  867,    2,    3,    0],
[2024-08-13 14:34:05,704][flwr][INFO] - 	       [   4,   33,   29,    0,   18,    0,    1,  903,   32,    8],
[2024-08-13 14:34:05,704][flwr][INFO] - 	       [   7,   11,    9,   33,   17,   22,   19,   12,  841,    3],
[2024-08-13 14:34:05,704][flwr][INFO] - 	       [  20,    8,    6,    4,  187,   15,    3,  103,   60,  603]],
[2024-08-13 14:34:05,704][flwr][INFO] - 	      dtype=int64)),
[2024-08-13 14:34:05,704][flwr][INFO] - 	                      (6,
[2024-08-13 14:34:05,704][flwr][INFO] - 	                       array([[ 926,    1,    3,    8,    1,   11,   19,    1,    0,   10],
[2024-08-13 14:34:05,704][flwr][INFO] - 	       [   0, 1088,   26,    6,    1,    1,    6,    1,    2,    4],
[2024-08-13 14:34:05,704][flwr][INFO] - 	       [  15,   29,  830,   60,   12,    0,   23,   24,   17,   22],
[2024-08-13 14:34:05,704][flwr][INFO] - 	       [   4,   10,   12,  889,    1,   23,    8,   13,    5,   45],
[2024-08-13 14:34:05,704][flwr][INFO] - 	       [   4,    9,    4,    0,  721,    0,   22,    2,    3,  217],
[2024-08-13 14:34:05,704][flwr][INFO] - 	       [  14,   65,    6,  121,   20,  567,   33,   13,    6,   47],
[2024-08-13 14:34:05,704][flwr][INFO] - 	       [  14,   15,   22,    1,   13,   15,  871,    4,    0,    3],
[2024-08-13 14:34:05,704][flwr][INFO] - 	       [   4,   43,   27,    5,   14,    0,    1,  814,    2,  118],
[2024-08-13 14:34:05,704][flwr][INFO] - 	       [  12,   52,   22,  167,   13,   35,   21,    5,  486,  161],
[2024-08-13 14:34:05,704][flwr][INFO] - 	       [  17,   10,    5,   13,   18,    7,    2,    9,    0,  928]],
[2024-08-13 14:34:05,704][flwr][INFO] - 	      dtype=int64)),
[2024-08-13 14:34:05,705][flwr][INFO] - 	                      (7,
[2024-08-13 14:34:05,705][flwr][INFO] - 	                       array([[ 909,    1,    5,    0,    3,   11,   26,    2,   23,    0],
[2024-08-13 14:34:05,705][flwr][INFO] - 	       [   0, 1070,    8,    2,    1,    0,    4,    1,   49,    0],
[2024-08-13 14:34:05,705][flwr][INFO] - 	       [  13,   20,  806,   31,   30,    1,   19,   27,   84,    1],
[2024-08-13 14:34:05,705][flwr][INFO] - 	       [   5,    8,   14,  796,    4,   42,   14,   20,  106,    1],
[2024-08-13 14:34:05,705][flwr][INFO] - 	       [   1,    5,    1,    0,  930,    2,   14,    1,   20,    8],
[2024-08-13 14:34:05,705][flwr][INFO] - 	       [   8,   49,    4,   39,   31,  630,   35,   19,   72,    5],
[2024-08-13 14:34:05,705][flwr][INFO] - 	       [  14,   10,   19,    1,   25,   14,  866,    4,    5,    0],
[2024-08-13 14:34:05,705][flwr][INFO] - 	       [   3,   33,   23,    1,   22,    0,    0,  892,   47,    7],
[2024-08-13 14:34:05,705][flwr][INFO] - 	       [   5,   12,    7,   18,   18,   17,   15,    7,  874,    1],
[2024-08-13 14:34:05,705][flwr][INFO] - 	       [  16,    7,    4,    4,  198,    9,    2,   90,   91,  588]],
[2024-08-13 14:34:05,705][flwr][INFO] - 	      dtype=int64)),
[2024-08-13 14:34:05,705][flwr][INFO] - 	                      (8,
[2024-08-13 14:34:05,705][flwr][INFO] - 	                       array([[ 936,    1,    2,    6,    1,   13,   14,    1,    0,    6],
[2024-08-13 14:34:05,705][flwr][INFO] - 	       [   0, 1078,   31,   11,    1,    3,    6,    0,    2,    3],
[2024-08-13 14:34:05,705][flwr][INFO] - 	       [  14,   13,  828,   72,   10,    0,   25,   27,   16,   27],
[2024-08-13 14:34:05,705][flwr][INFO] - 	       [   3,    4,   10,  892,    1,   35,    8,   14,    5,   38],
[2024-08-13 14:34:05,706][flwr][INFO] - 	       [   4,    6,    2,    1,  693,    1,   19,    2,    1,  253],
[2024-08-13 14:34:05,706][flwr][INFO] - 	       [  12,   44,    6,   94,   12,  641,   31,   13,    6,   33],
[2024-08-13 14:34:05,706][flwr][INFO] - 	       [  15,    8,   21,    2,   13,   19,  874,    4,    0,    2],
[2024-08-13 14:34:05,706][flwr][INFO] - 	       [   7,   32,   31,    5,   12,    0,    1,  831,    3,  106],
[2024-08-13 14:34:05,706][flwr][INFO] - 	       [  16,   38,   21,  165,    6,   61,   21,    6,  463,  177],
[2024-08-13 14:34:05,706][flwr][INFO] - 	       [  18,    7,    5,   12,   15,    8,    1,    9,    0,  934]],
[2024-08-13 14:34:05,706][flwr][INFO] - 	      dtype=int64)),
[2024-08-13 14:34:05,706][flwr][INFO] - 	                      (9,
[2024-08-13 14:34:05,706][flwr][INFO] - 	                       array([[ 930,    1,    4,    1,    3,    7,   20,    4,   10,    0],
[2024-08-13 14:34:05,706][flwr][INFO] - 	       [   0, 1072,   13,    2,    1,    2,    5,    1,   39,    0],
[2024-08-13 14:34:05,706][flwr][INFO] - 	       [  12,   17,  827,   30,   29,    1,   19,   30,   66,    1],
[2024-08-13 14:34:05,706][flwr][INFO] - 	       [   5,    9,   15,  812,    3,   44,   14,   22,   83,    3],
[2024-08-13 14:34:05,706][flwr][INFO] - 	       [   3,    5,    1,    0,  930,    2,   13,    3,   17,    8],
[2024-08-13 14:34:05,706][flwr][INFO] - 	       [  12,   44,    3,   43,   27,  659,   32,   19,   49,    4],
[2024-08-13 14:34:05,706][flwr][INFO] - 	       [  14,    8,   18,    1,   25,   15,  869,    5,    3,    0],
[2024-08-13 14:34:05,706][flwr][INFO] - 	       [   4,   30,   27,    1,   23,    0,    0,  901,   38,    4],
[2024-08-13 14:34:05,706][flwr][INFO] - 	       [   7,   16,   10,   22,   17,   18,   17,   10,  855,    2],
[2024-08-13 14:34:05,707][flwr][INFO] - 	       [  22,    7,    5,    4,  186,   13,    1,  100,   68,  603]],
[2024-08-13 14:34:05,707][flwr][INFO] - 	      dtype=int64)),
[2024-08-13 14:34:05,707][flwr][INFO] - 	                      (10,
[2024-08-13 14:34:05,707][flwr][INFO] - 	                       array([[ 931,    2,    4,    3,    1,   12,   22,    2,    0,    3],
[2024-08-13 14:34:05,707][flwr][INFO] - 	       [   0, 1086,   21,    9,    1,    2,    6,    1,    7,    2],
[2024-08-13 14:34:05,707][flwr][INFO] - 	       [  13,   22,  811,   70,   11,    1,   25,   30,   25,   24],
[2024-08-13 14:34:05,707][flwr][INFO] - 	       [   2,    6,    7,  894,    1,   28,    9,   16,    5,   42],
[2024-08-13 14:34:05,707][flwr][INFO] - 	       [   3,    6,    2,    1,  740,    1,   20,    3,    4,  202],
[2024-08-13 14:34:05,707][flwr][INFO] - 	       [  10,   46,    2,   94,   12,  636,   36,   14,    8,   34],
[2024-08-13 14:34:05,707][flwr][INFO] - 	       [  13,    8,   17,    1,   13,   12,  889,    4,    0,    1],
[2024-08-13 14:34:05,707][flwr][INFO] - 	       [   5,   34,   27,    6,   14,    0,    2,  852,    4,   84],
[2024-08-13 14:34:05,707][flwr][INFO] - 	       [  14,   44,   14,  126,    9,   40,   26,    7,  558,  136],
[2024-08-13 14:34:05,707][flwr][INFO] - 	       [  18,    7,    4,   12,   18,    8,    1,   14,    0,  927]],
[2024-08-13 14:34:05,707][flwr][INFO] - 	      dtype=int64))],
[2024-08-13 14:34:05,707][flwr][INFO] - 	 'f1': [(0, 0.017493624772313296),
[2024-08-13 14:34:05,707][flwr][INFO] - 	        (1, 0.6991856456942385),
[2024-08-13 14:34:05,707][flwr][INFO] - 	        (2, 0.7874851276121503),
[2024-08-13 14:34:05,708][flwr][INFO] - 	        (3, 0.8223795763126669),
[2024-08-13 14:34:05,708][flwr][INFO] - 	        (4, 0.7590847956188037),
[2024-08-13 14:34:05,708][flwr][INFO] - 	        (5, 0.8355907669143933),
[2024-08-13 14:34:05,708][flwr][INFO] - 	        (6, 0.8094524911451144),
[2024-08-13 14:34:05,708][flwr][INFO] - 	        (7, 0.8349597345685482),
[2024-08-13 14:34:05,708][flwr][INFO] - 	        (8, 0.8145350877882295),
[2024-08-13 14:34:05,708][flwr][INFO] - 	        (9, 0.8439476222113504),
[2024-08-13 14:34:05,708][flwr][INFO] - 	        (10, 0.83097052087214)],
[2024-08-13 14:34:05,708][flwr][INFO] - 	 'precision': [(0, 0.009604000000000001),
[2024-08-13 14:34:05,708][flwr][INFO] - 	               (1, 0.6917779544448396),
[2024-08-13 14:34:05,708][flwr][INFO] - 	               (2, 0.8162008949830459),
[2024-08-13 14:34:05,708][flwr][INFO] - 	               (3, 0.8405326356943571),
[2024-08-13 14:34:05,708][flwr][INFO] - 	               (4, 0.8186987708226101),
[2024-08-13 14:34:05,708][flwr][INFO] - 	               (5, 0.8458920711223958),
[2024-08-13 14:34:05,708][flwr][INFO] - 	               (6, 0.8356545357838946),
[2024-08-13 14:34:05,708][flwr][INFO] - 	               (7, 0.8535068026412036),
[2024-08-13 14:34:05,708][flwr][INFO] - 	               (8, 0.8404776405378991),
[2024-08-13 14:34:05,709][flwr][INFO] - 	               (9, 0.8574636027253275),
[2024-08-13 14:34:05,709][flwr][INFO] - 	               (10, 0.8481074241672857)],
[2024-08-13 14:34:05,709][flwr][INFO] - 	 'recall': [(0, 0.098),
[2024-08-13 14:34:05,709][flwr][INFO] - 	            (1, 0.7324),
[2024-08-13 14:34:05,709][flwr][INFO] - 	            (2, 0.797),
[2024-08-13 14:34:05,709][flwr][INFO] - 	            (3, 0.8213),
[2024-08-13 14:34:05,709][flwr][INFO] - 	            (4, 0.7707),
[2024-08-13 14:34:05,709][flwr][INFO] - 	            (5, 0.8378),
[2024-08-13 14:34:05,709][flwr][INFO] - 	            (6, 0.812),
[2024-08-13 14:34:05,709][flwr][INFO] - 	            (7, 0.8361),
[2024-08-13 14:34:05,709][flwr][INFO] - 	            (8, 0.817),
[2024-08-13 14:34:05,709][flwr][INFO] - 	            (9, 0.8458),
[2024-08-13 14:34:05,709][flwr][INFO] - 	            (10, 0.8324)]}
[2024-08-13 14:34:05,709][flwr][INFO] - 
