[2024-08-13 15:33:42,514][flwr][INFO] - Starting Flower simulation, config: num_rounds=10, no round_timeout
[2024-08-13 15:33:46,574][flwr][INFO] - Flower VCE: Ray initialized with resources: {'accelerator_type:G': 1.0, 'object_store_memory': 2502537216.0, 'node:127.0.0.1': 1.0, 'memory': 5005074432.0, 'CPU': 16.0, 'GPU': 1.0, 'node:__internal_head__': 1.0}
[2024-08-13 15:33:46,574][flwr][INFO] - Optimize your simulation with Flower VCE: https://flower.ai/docs/framework/how-to-run-simulations.html
[2024-08-13 15:33:46,574][flwr][INFO] - Flower VCE: Resources for each Virtual Client: {'num_cpus': 2, 'num_gpus': 0.5}
[2024-08-13 15:33:46,585][flwr][INFO] - Flower VCE: Creating VirtualClientEngineActorPool with 2 actors
[2024-08-13 15:33:46,587][flwr][INFO] - [INIT]
[2024-08-13 15:33:46,587][flwr][INFO] - Requesting initial parameters from one random client
[2024-08-13 15:33:53,927][flwr][INFO] - Received initial parameters from one random client
[2024-08-13 15:33:53,927][flwr][INFO] - Evaluating initial global parameters
[2024-08-13 15:33:56,120][flwr][INFO] - initial parameters (loss, other metrics): 2.3025850929940455, {'accuracy': 0.098, 'precision': 0.009604000000000001, 'recall': 0.098, 'f1': 0.017493624772313296, 'confusion_matrix': array([[ 980,    0,    0,    0,    0,    0,    0,    0,    0,    0],
       [1135,    0,    0,    0,    0,    0,    0,    0,    0,    0],
       [1032,    0,    0,    0,    0,    0,    0,    0,    0,    0],
       [1010,    0,    0,    0,    0,    0,    0,    0,    0,    0],
       [ 982,    0,    0,    0,    0,    0,    0,    0,    0,    0],
       [ 892,    0,    0,    0,    0,    0,    0,    0,    0,    0],
       [ 958,    0,    0,    0,    0,    0,    0,    0,    0,    0],
       [1028,    0,    0,    0,    0,    0,    0,    0,    0,    0],
       [ 974,    0,    0,    0,    0,    0,    0,    0,    0,    0],
       [1009,    0,    0,    0,    0,    0,    0,    0,    0,    0]],
      dtype=int64)}
[2024-08-13 15:33:56,120][flwr][INFO] - 
[2024-08-13 15:33:56,120][flwr][INFO] - [ROUND 1]
[2024-08-13 15:33:56,121][flwr][INFO] - configure_fit: strategy sampled 10 clients (out of 100)
[2024-08-13 15:33:59,633][flwr][INFO] - aggregate_fit: received 10 results and 0 failures
[2024-08-13 15:33:59,637][flwr][WARNING] - No fit_metrics_aggregation_fn provided
[2024-08-13 15:34:01,710][flwr][INFO] - fit progress: (1, 1.0923364077559998, {'accuracy': 0.6387, 'precision': 0.6747126927534476, 'recall': 0.6387, 'f1': 0.5983675132137777, 'confusion_matrix': array([[ 953,    0,    1,    4,    0,    0,   19,    0,    3,    0],
       [   0, 1029,   51,   20,    0,    0,   17,    0,    5,   13],
       [ 131,    8,  538,  182,    2,    0,  125,    4,   19,   23],
       [  44,    1,    5,  884,    0,    0,   13,    5,   11,   47],
       [  57,    4,    1,    1,  210,    0,  103,    0,    6,  600],
       [ 388,   43,    5,  207,    1,    0,   95,    6,   36,  111],
       [  77,    4,    3,    3,    1,    0,  869,    0,    0,    1],
       [  61,   24,   22,    6,    0,    0,    8,  564,   35,  308],
       [ 109,    7,   10,  209,    0,    0,   65,    1,  441,  132],
       [  68,    4,    0,   15,    5,    0,   11,    1,    6,  899]],
      dtype=int64)}, 5.590017599999555)
[2024-08-13 15:34:01,711][flwr][INFO] - configure_evaluate: no clients selected, skipping evaluation
[2024-08-13 15:34:01,711][flwr][INFO] - 
[2024-08-13 15:34:01,711][flwr][INFO] - [ROUND 2]
[2024-08-13 15:34:01,712][flwr][INFO] - configure_fit: strategy sampled 10 clients (out of 100)
[2024-08-13 15:34:02,939][flwr][INFO] - aggregate_fit: received 10 results and 0 failures
[2024-08-13 15:34:05,085][flwr][INFO] - fit progress: (2, 0.7850446103255584, {'accuracy': 0.7644, 'precision': 0.7980340499907259, 'recall': 0.7644, 'f1': 0.7439656429386327, 'confusion_matrix': array([[ 910,    0,    7,    4,    1,    1,   37,    1,   19,    0],
       [   0, 1030,   69,    2,    1,    0,    5,    1,   27,    0],
       [  25,    9,  843,   29,   31,    0,   29,   23,   43,    0],
       [   7,    7,   30,  810,    8,   18,   11,   18,   99,    2],
       [   7,    8,    4,    0,  908,    0,   27,    5,   20,    3],
       [  42,   48,   19,  151,   58,  396,   43,   39,   90,    6],
       [  32,   10,   27,    2,   17,    8,  857,    1,    4,    0],
       [   9,   27,   43,    0,   23,    0,    1,  885,   39,    1],
       [  18,    7,   26,   60,   23,    5,   19,   12,  803,    1],
       [  28,    7,    4,    6,  506,    2,    0,  164,   90,  202]],
      dtype=int64)}, 8.964468300007866)
[2024-08-13 15:34:05,085][flwr][INFO] - configure_evaluate: no clients selected, skipping evaluation
[2024-08-13 15:34:05,086][flwr][INFO] - 
[2024-08-13 15:34:05,086][flwr][INFO] - [ROUND 3]
[2024-08-13 15:34:05,086][flwr][INFO] - configure_fit: strategy sampled 10 clients (out of 100)
[2024-08-13 15:34:06,250][flwr][INFO] - aggregate_fit: received 10 results and 0 failures
[2024-08-13 15:34:08,336][flwr][INFO] - fit progress: (3, 0.7455204063745565, {'accuracy': 0.8101, 'precision': 0.8231372897954335, 'recall': 0.8101, 'f1': 0.8085693843230222, 'confusion_matrix': array([[ 907,    0,    4,    4,    0,   30,   31,    2,    2,    0],
       [   0, 1075,   35,    7,    0,    6,    5,    1,    2,    4],
       [  20,   13,  823,   64,   11,    0,   32,   25,   28,   16],
       [   4,    9,   20,  846,    0,   40,   10,   14,   18,   49],
       [   7,    9,    6,    0,  656,    1,   31,    7,    4,  261],
       [  26,   56,   11,  100,   12,  588,   37,   19,    7,   36],
       [  27,   13,   20,    2,    6,   21,  866,    3,    0,    0],
       [  11,   37,   38,    1,    6,    0,    3,  856,   10,   66],
       [  14,   32,   24,  114,    5,   58,   21,    8,  593,  105],
       [  26,   12,    6,   10,   20,   11,    1,   27,    5,  891]],
      dtype=int64)}, 12.216431600012584)
[2024-08-13 15:34:08,337][flwr][INFO] - configure_evaluate: no clients selected, skipping evaluation
[2024-08-13 15:34:08,337][flwr][INFO] - 
[2024-08-13 15:34:08,337][flwr][INFO] - [ROUND 4]
[2024-08-13 15:34:08,337][flwr][INFO] - configure_fit: strategy sampled 10 clients (out of 100)
[2024-08-13 15:34:09,500][flwr][INFO] - aggregate_fit: received 10 results and 0 failures
[2024-08-13 15:34:11,579][flwr][INFO] - fit progress: (4, 0.7411816488641052, {'accuracy': 0.8175, 'precision': 0.8331632713323787, 'recall': 0.8175, 'f1': 0.8145206269016079, 'confusion_matrix': array([[ 904,    0,    5,    2,    2,   16,   24,    1,   26,    0],
       [   0, 1047,   41,    4,    1,    1,    4,    1,   36,    0],
       [  16,    8,  831,   40,   32,    0,   19,   25,   61,    0],
       [   3,    6,   21,  807,    5,   31,   11,   17,  104,    5],
       [   7,    5,    3,    0,  914,    2,   13,    4,   26,    8],
       [  26,   52,   10,   86,   32,  567,   28,   27,   59,    5],
       [  22,   15,   25,    1,   26,   17,  844,    2,    6,    0],
       [   7,   29,   33,    0,   21,    0,    0,  877,   54,    7],
       [   6,    9,   14,   41,   18,   14,   13,    7,  849,    3],
       [  23,    7,    5,    5,  262,    9,    0,   91,   72,  535]],
      dtype=int64)}, 15.459022800001549)
[2024-08-13 15:34:11,580][flwr][INFO] - configure_evaluate: no clients selected, skipping evaluation
[2024-08-13 15:34:11,580][flwr][INFO] - 
[2024-08-13 15:34:11,580][flwr][INFO] - [ROUND 5]
[2024-08-13 15:34:11,580][flwr][INFO] - configure_fit: strategy sampled 10 clients (out of 100)
[2024-08-13 15:34:12,751][flwr][INFO] - aggregate_fit: received 10 results and 0 failures
[2024-08-13 15:34:14,831][flwr][INFO] - fit progress: (5, 0.7389688171212803, {'accuracy': 0.8072, 'precision': 0.8311962421511431, 'recall': 0.8072, 'f1': 0.8061672391965622, 'confusion_matrix': array([[ 917,    0,    4,    8,    0,   19,   23,    2,    1,    6],
       [   0, 1076,   35,    9,    1,    2,    5,    1,    2,    4],
       [  16,    8,  833,   64,   12,    0,   27,   26,   22,   24],
       [   2,    7,   14,  867,    1,   26,    9,   12,    9,   63],
       [   7,    8,    3,    0,  648,    0,   21,    5,    2,  288],
       [  16,   61,   10,  107,   12,  580,   33,   16,    8,   49],
       [  16,   17,   21,    2,   10,   18,  867,    4,    0,    3],
       [   7,   33,   40,    2,   10,    0,    2,  828,    4,  102],
       [  11,   40,   24,  132,    8,   43,   20,    5,  527,  164],
       [  17,    8,    5,   10,   14,   12,    1,   13,    0,  929]],
      dtype=int64)}, 18.711243300000206)
[2024-08-13 15:34:14,832][flwr][INFO] - configure_evaluate: no clients selected, skipping evaluation
[2024-08-13 15:34:14,832][flwr][INFO] - 
[2024-08-13 15:34:14,832][flwr][INFO] - [ROUND 6]
[2024-08-13 15:34:14,833][flwr][INFO] - configure_fit: strategy sampled 10 clients (out of 100)
[2024-08-13 15:34:16,119][flwr][INFO] - aggregate_fit: received 10 results and 0 failures
[2024-08-13 15:34:18,261][flwr][INFO] - fit progress: (6, 0.7458872754839617, {'accuracy': 0.7926, 'precision': 0.8266956612316686, 'recall': 0.7926, 'f1': 0.7759362588408368, 'confusion_matrix': array([[ 911,    1,    1,    2,    4,   16,   24,    1,   20,    0],
       [   0, 1082,   17,    4,    1,    0,    4,    1,   26,    0],
       [  15,   16,  787,   52,   40,    0,   22,   28,   72,    0],
       [   2,   11,   11,  824,    8,   34,   11,   17,   91,    1],
       [   3,    6,    1,    0,  944,    2,   14,    2,    9,    1],
       [  17,   58,    2,   77,   39,  597,   29,   20,   50,    3],
       [  13,   18,   18,    2,   29,   18,  854,    3,    3,    0],
       [   6,   37,   25,    1,   27,    0,    0,  887,   44,    1],
       [   5,   20,    8,   38,   23,   17,   15,    8,  840,    0],
       [  22,    9,    3,    5,  539,   17,    1,  120,   93,  200]],
      dtype=int64)}, 22.141533200003323)
[2024-08-13 15:34:18,262][flwr][INFO] - configure_evaluate: no clients selected, skipping evaluation
[2024-08-13 15:34:18,262][flwr][INFO] - 
[2024-08-13 15:34:18,262][flwr][INFO] - [ROUND 7]
[2024-08-13 15:34:18,263][flwr][INFO] - configure_fit: strategy sampled 10 clients (out of 100)
[2024-08-13 15:34:19,439][flwr][INFO] - aggregate_fit: received 10 results and 0 failures
[2024-08-13 15:34:21,533][flwr][INFO] - fit progress: (7, 0.7054148214059083, {'accuracy': 0.8482, 'precision': 0.8500315502131256, 'recall': 0.8482, 'f1': 0.846805925660834, 'confusion_matrix': array([[ 920,    2,    4,    4,    0,   22,   23,    2,    3,    0],
       [   0, 1083,   31,    5,    1,    4,    5,    1,    5,    0],
       [  13,   14,  848,   45,   12,    1,   26,   28,   36,    9],
       [   2,    8,   15,  860,    1,   41,   11,   16,   24,   32],
       [   5,    6,    3,    0,  829,    1,   26,    6,    4,  102],
       [  17,   55,    7,   77,   15,  637,   33,   15,   11,   25],
       [  14,   14,   22,    1,   10,   19,  872,    5,    1,    0],
       [   7,   35,   39,    1,   13,    0,    2,  877,    9,   45],
       [  10,   37,   20,   80,   11,   49,   22,    9,  674,   62],
       [  21,    9,    6,    8,   33,   11,    1,   33,    5,  882]],
      dtype=int64)}, 25.41274900001008)
[2024-08-13 15:34:21,533][flwr][INFO] - configure_evaluate: no clients selected, skipping evaluation
[2024-08-13 15:34:21,533][flwr][INFO] - 
[2024-08-13 15:34:21,533][flwr][INFO] - [ROUND 8]
[2024-08-13 15:34:21,534][flwr][INFO] - configure_fit: strategy sampled 10 clients (out of 100)
[2024-08-13 15:34:22,702][flwr][INFO] - aggregate_fit: received 10 results and 0 failures
[2024-08-13 15:34:24,775][flwr][INFO] - fit progress: (8, 0.71789024474945, {'accuracy': 0.8422, 'precision': 0.8525791119443727, 'recall': 0.8422, 'f1': 0.8403007304151885, 'confusion_matrix': array([[ 925,    1,    3,    0,    3,    4,   24,    1,   19,    0],
       [   0, 1049,   37,    2,    1,    0,    5,    1,   40,    0],
       [  11,    8,  843,   30,   24,    0,   24,   28,   61,    3],
       [   6,    5,   21,  792,    8,   23,   18,   19,  104,   14],
       [   4,    4,    2,    0,  905,    0,   19,    4,   15,   29],
       [  22,   45,    4,   62,   41,  495,   49,   21,  128,   25],
       [  13,    7,   20,    1,   21,    6,  882,    6,    2,    0],
       [   8,   21,   35,    1,   21,    0,    1,  873,   39,   29],
       [   6,   12,   12,   17,   14,    8,   17,    6,  875,    7],
       [  23,    6,    4,    2,  100,    2,    1,   45,   43,  783]],
      dtype=int64)}, 28.65459090001241)
[2024-08-13 15:34:24,776][flwr][INFO] - configure_evaluate: no clients selected, skipping evaluation
[2024-08-13 15:34:24,776][flwr][INFO] - 
[2024-08-13 15:34:24,776][flwr][INFO] - [ROUND 9]
[2024-08-13 15:34:24,776][flwr][INFO] - configure_fit: strategy sampled 10 clients (out of 100)
[2024-08-13 15:34:25,964][flwr][INFO] - aggregate_fit: received 10 results and 0 failures
[2024-08-13 15:34:28,192][flwr][INFO] - fit progress: (9, 0.7106806821340353, {'accuracy': 0.8402, 'precision': 0.8482940342473828, 'recall': 0.8402, 'f1': 0.8374168248376227, 'confusion_matrix': array([[ 931,    2,    2,    3,    1,   22,   16,    1,    0,    2],
       [   0, 1086,   24,    9,    1,    7,    5,    0,    2,    1],
       [  13,   19,  827,   69,   12,    2,   25,   31,   20,   14],
       [   2,    5,    8,  870,    2,   54,    9,   15,    7,   38],
       [   6,    7,    2,    1,  816,    4,   21,    6,    0,  119],
       [  15,   53,    2,   50,   11,  699,   26,   14,    6,   16],
       [  15,   14,   19,    2,   10,   19,  870,    9,    0,    0],
       [   9,   35,   30,    4,   13,    0,    2,  880,    4,   51],
       [  13,   55,   15,  107,   12,  100,   21,   10,  533,  108],
       [  21,    9,    4,    9,   28,   19,    1,   28,    0,  890]],
      dtype=int64)}, 32.072521699999925)
[2024-08-13 15:34:28,193][flwr][INFO] - configure_evaluate: no clients selected, skipping evaluation
[2024-08-13 15:34:28,193][flwr][INFO] - 
[2024-08-13 15:34:28,193][flwr][INFO] - [ROUND 10]
[2024-08-13 15:34:28,194][flwr][INFO] - configure_fit: strategy sampled 10 clients (out of 100)
[2024-08-13 15:34:29,460][flwr][INFO] - aggregate_fit: received 10 results and 0 failures
[2024-08-13 15:34:31,600][flwr][INFO] - fit progress: (10, 0.6898700345700468, {'accuracy': 0.8601, 'precision': 0.8635941482960985, 'recall': 0.8601, 'f1': 0.8591711921249972, 'confusion_matrix': array([[ 930,    2,    4,    3,    2,    6,   21,    2,   10,    0],
       [   0, 1078,   21,    3,    1,    2,    5,    1,   24,    0],
       [  11,   14,  844,   31,   18,    1,   23,   29,   57,    4],
       [   4,    7,   18,  819,    5,   37,   17,   17,   73,   13],
       [   4,    4,    2,    0,  906,    2,   18,    4,   14,   28],
       [  16,   55,    2,   48,   22,  625,   37,   16,   60,   11],
       [  11,   10,   19,    1,   17,   10,  883,    6,    1,    0],
       [   9,   32,   34,    1,   23,    0,    1,  871,   32,   25],
       [   9,   25,   12,   21,   13,   17,   18,    6,  847,    6],
       [  23,    7,    5,    5,   85,    8,    1,   42,   35,  798]],
      dtype=int64)}, 35.480195600001025)
[2024-08-13 15:34:31,601][flwr][INFO] - configure_evaluate: no clients selected, skipping evaluation
[2024-08-13 15:34:31,601][flwr][INFO] - 
[2024-08-13 15:34:31,601][flwr][INFO] - [SUMMARY]
[2024-08-13 15:34:31,602][flwr][INFO] - Run finished 10 round(s) in 35.48s
[2024-08-13 15:34:31,610][flwr][INFO] - 	History (loss, centralized):
[2024-08-13 15:34:31,610][flwr][INFO] - 		round 0: 2.3025850929940455
[2024-08-13 15:34:31,610][flwr][INFO] - 		round 1: 1.0923364077559998
[2024-08-13 15:34:31,610][flwr][INFO] - 		round 2: 0.7850446103255584
[2024-08-13 15:34:31,610][flwr][INFO] - 		round 3: 0.7455204063745565
[2024-08-13 15:34:31,610][flwr][INFO] - 		round 4: 0.7411816488641052
[2024-08-13 15:34:31,610][flwr][INFO] - 		round 5: 0.7389688171212803
[2024-08-13 15:34:31,610][flwr][INFO] - 		round 6: 0.7458872754839617
[2024-08-13 15:34:31,610][flwr][INFO] - 		round 7: 0.7054148214059083
[2024-08-13 15:34:31,610][flwr][INFO] - 		round 8: 0.71789024474945
[2024-08-13 15:34:31,610][flwr][INFO] - 		round 9: 0.7106806821340353
[2024-08-13 15:34:31,610][flwr][INFO] - 		round 10: 0.6898700345700468
[2024-08-13 15:34:31,611][flwr][INFO] - 	History (metrics, centralized):
[2024-08-13 15:34:31,611][flwr][INFO] - 	{'accuracy': [(0, 0.098),
[2024-08-13 15:34:31,611][flwr][INFO] - 	              (1, 0.6387),
[2024-08-13 15:34:31,611][flwr][INFO] - 	              (2, 0.7644),
[2024-08-13 15:34:31,611][flwr][INFO] - 	              (3, 0.8101),
[2024-08-13 15:34:31,611][flwr][INFO] - 	              (4, 0.8175),
[2024-08-13 15:34:31,611][flwr][INFO] - 	              (5, 0.8072),
[2024-08-13 15:34:31,611][flwr][INFO] - 	              (6, 0.7926),
[2024-08-13 15:34:31,611][flwr][INFO] - 	              (7, 0.8482),
[2024-08-13 15:34:31,611][flwr][INFO] - 	              (8, 0.8422),
[2024-08-13 15:34:31,611][flwr][INFO] - 	              (9, 0.8402),
[2024-08-13 15:34:31,611][flwr][INFO] - 	              (10, 0.8601)],
[2024-08-13 15:34:31,611][flwr][INFO] - 	 'confusion_matrix': [(0,
[2024-08-13 15:34:31,611][flwr][INFO] - 	                       array([[ 980,    0,    0,    0,    0,    0,    0,    0,    0,    0],
[2024-08-13 15:34:31,611][flwr][INFO] - 	       [1135,    0,    0,    0,    0,    0,    0,    0,    0,    0],
[2024-08-13 15:34:31,611][flwr][INFO] - 	       [1032,    0,    0,    0,    0,    0,    0,    0,    0,    0],
[2024-08-13 15:34:31,612][flwr][INFO] - 	       [1010,    0,    0,    0,    0,    0,    0,    0,    0,    0],
[2024-08-13 15:34:31,612][flwr][INFO] - 	       [ 982,    0,    0,    0,    0,    0,    0,    0,    0,    0],
[2024-08-13 15:34:31,612][flwr][INFO] - 	       [ 892,    0,    0,    0,    0,    0,    0,    0,    0,    0],
[2024-08-13 15:34:31,612][flwr][INFO] - 	       [ 958,    0,    0,    0,    0,    0,    0,    0,    0,    0],
[2024-08-13 15:34:31,612][flwr][INFO] - 	       [1028,    0,    0,    0,    0,    0,    0,    0,    0,    0],
[2024-08-13 15:34:31,612][flwr][INFO] - 	       [ 974,    0,    0,    0,    0,    0,    0,    0,    0,    0],
[2024-08-13 15:34:31,612][flwr][INFO] - 	       [1009,    0,    0,    0,    0,    0,    0,    0,    0,    0]],
[2024-08-13 15:34:31,612][flwr][INFO] - 	      dtype=int64)),
[2024-08-13 15:34:31,612][flwr][INFO] - 	                      (1,
[2024-08-13 15:34:31,612][flwr][INFO] - 	                       array([[ 953,    0,    1,    4,    0,    0,   19,    0,    3,    0],
[2024-08-13 15:34:31,612][flwr][INFO] - 	       [   0, 1029,   51,   20,    0,    0,   17,    0,    5,   13],
[2024-08-13 15:34:31,612][flwr][INFO] - 	       [ 131,    8,  538,  182,    2,    0,  125,    4,   19,   23],
[2024-08-13 15:34:31,612][flwr][INFO] - 	       [  44,    1,    5,  884,    0,    0,   13,    5,   11,   47],
[2024-08-13 15:34:31,612][flwr][INFO] - 	       [  57,    4,    1,    1,  210,    0,  103,    0,    6,  600],
[2024-08-13 15:34:31,612][flwr][INFO] - 	       [ 388,   43,    5,  207,    1,    0,   95,    6,   36,  111],
[2024-08-13 15:34:31,613][flwr][INFO] - 	       [  77,    4,    3,    3,    1,    0,  869,    0,    0,    1],
[2024-08-13 15:34:31,613][flwr][INFO] - 	       [  61,   24,   22,    6,    0,    0,    8,  564,   35,  308],
[2024-08-13 15:34:31,613][flwr][INFO] - 	       [ 109,    7,   10,  209,    0,    0,   65,    1,  441,  132],
[2024-08-13 15:34:31,613][flwr][INFO] - 	       [  68,    4,    0,   15,    5,    0,   11,    1,    6,  899]],
[2024-08-13 15:34:31,613][flwr][INFO] - 	      dtype=int64)),
[2024-08-13 15:34:31,613][flwr][INFO] - 	                      (2,
[2024-08-13 15:34:31,613][flwr][INFO] - 	                       array([[ 910,    0,    7,    4,    1,    1,   37,    1,   19,    0],
[2024-08-13 15:34:31,613][flwr][INFO] - 	       [   0, 1030,   69,    2,    1,    0,    5,    1,   27,    0],
[2024-08-13 15:34:31,613][flwr][INFO] - 	       [  25,    9,  843,   29,   31,    0,   29,   23,   43,    0],
[2024-08-13 15:34:31,613][flwr][INFO] - 	       [   7,    7,   30,  810,    8,   18,   11,   18,   99,    2],
[2024-08-13 15:34:31,613][flwr][INFO] - 	       [   7,    8,    4,    0,  908,    0,   27,    5,   20,    3],
[2024-08-13 15:34:31,613][flwr][INFO] - 	       [  42,   48,   19,  151,   58,  396,   43,   39,   90,    6],
[2024-08-13 15:34:31,613][flwr][INFO] - 	       [  32,   10,   27,    2,   17,    8,  857,    1,    4,    0],
[2024-08-13 15:34:31,613][flwr][INFO] - 	       [   9,   27,   43,    0,   23,    0,    1,  885,   39,    1],
[2024-08-13 15:34:31,613][flwr][INFO] - 	       [  18,    7,   26,   60,   23,    5,   19,   12,  803,    1],
[2024-08-13 15:34:31,613][flwr][INFO] - 	       [  28,    7,    4,    6,  506,    2,    0,  164,   90,  202]],
[2024-08-13 15:34:31,613][flwr][INFO] - 	      dtype=int64)),
[2024-08-13 15:34:31,614][flwr][INFO] - 	                      (3,
[2024-08-13 15:34:31,614][flwr][INFO] - 	                       array([[ 907,    0,    4,    4,    0,   30,   31,    2,    2,    0],
[2024-08-13 15:34:31,614][flwr][INFO] - 	       [   0, 1075,   35,    7,    0,    6,    5,    1,    2,    4],
[2024-08-13 15:34:31,614][flwr][INFO] - 	       [  20,   13,  823,   64,   11,    0,   32,   25,   28,   16],
[2024-08-13 15:34:31,614][flwr][INFO] - 	       [   4,    9,   20,  846,    0,   40,   10,   14,   18,   49],
[2024-08-13 15:34:31,614][flwr][INFO] - 	       [   7,    9,    6,    0,  656,    1,   31,    7,    4,  261],
[2024-08-13 15:34:31,614][flwr][INFO] - 	       [  26,   56,   11,  100,   12,  588,   37,   19,    7,   36],
[2024-08-13 15:34:31,614][flwr][INFO] - 	       [  27,   13,   20,    2,    6,   21,  866,    3,    0,    0],
[2024-08-13 15:34:31,614][flwr][INFO] - 	       [  11,   37,   38,    1,    6,    0,    3,  856,   10,   66],
[2024-08-13 15:34:31,614][flwr][INFO] - 	       [  14,   32,   24,  114,    5,   58,   21,    8,  593,  105],
[2024-08-13 15:34:31,614][flwr][INFO] - 	       [  26,   12,    6,   10,   20,   11,    1,   27,    5,  891]],
[2024-08-13 15:34:31,614][flwr][INFO] - 	      dtype=int64)),
[2024-08-13 15:34:31,614][flwr][INFO] - 	                      (4,
[2024-08-13 15:34:31,614][flwr][INFO] - 	                       array([[ 904,    0,    5,    2,    2,   16,   24,    1,   26,    0],
[2024-08-13 15:34:31,614][flwr][INFO] - 	       [   0, 1047,   41,    4,    1,    1,    4,    1,   36,    0],
[2024-08-13 15:34:31,614][flwr][INFO] - 	       [  16,    8,  831,   40,   32,    0,   19,   25,   61,    0],
[2024-08-13 15:34:31,614][flwr][INFO] - 	       [   3,    6,   21,  807,    5,   31,   11,   17,  104,    5],
[2024-08-13 15:34:31,615][flwr][INFO] - 	       [   7,    5,    3,    0,  914,    2,   13,    4,   26,    8],
[2024-08-13 15:34:31,615][flwr][INFO] - 	       [  26,   52,   10,   86,   32,  567,   28,   27,   59,    5],
[2024-08-13 15:34:31,615][flwr][INFO] - 	       [  22,   15,   25,    1,   26,   17,  844,    2,    6,    0],
[2024-08-13 15:34:31,615][flwr][INFO] - 	       [   7,   29,   33,    0,   21,    0,    0,  877,   54,    7],
[2024-08-13 15:34:31,615][flwr][INFO] - 	       [   6,    9,   14,   41,   18,   14,   13,    7,  849,    3],
[2024-08-13 15:34:31,615][flwr][INFO] - 	       [  23,    7,    5,    5,  262,    9,    0,   91,   72,  535]],
[2024-08-13 15:34:31,615][flwr][INFO] - 	      dtype=int64)),
[2024-08-13 15:34:31,615][flwr][INFO] - 	                      (5,
[2024-08-13 15:34:31,615][flwr][INFO] - 	                       array([[ 917,    0,    4,    8,    0,   19,   23,    2,    1,    6],
[2024-08-13 15:34:31,615][flwr][INFO] - 	       [   0, 1076,   35,    9,    1,    2,    5,    1,    2,    4],
[2024-08-13 15:34:31,615][flwr][INFO] - 	       [  16,    8,  833,   64,   12,    0,   27,   26,   22,   24],
[2024-08-13 15:34:31,615][flwr][INFO] - 	       [   2,    7,   14,  867,    1,   26,    9,   12,    9,   63],
[2024-08-13 15:34:31,615][flwr][INFO] - 	       [   7,    8,    3,    0,  648,    0,   21,    5,    2,  288],
[2024-08-13 15:34:31,615][flwr][INFO] - 	       [  16,   61,   10,  107,   12,  580,   33,   16,    8,   49],
[2024-08-13 15:34:31,615][flwr][INFO] - 	       [  16,   17,   21,    2,   10,   18,  867,    4,    0,    3],
[2024-08-13 15:34:31,615][flwr][INFO] - 	       [   7,   33,   40,    2,   10,    0,    2,  828,    4,  102],
[2024-08-13 15:34:31,615][flwr][INFO] - 	       [  11,   40,   24,  132,    8,   43,   20,    5,  527,  164],
[2024-08-13 15:34:31,615][flwr][INFO] - 	       [  17,    8,    5,   10,   14,   12,    1,   13,    0,  929]],
[2024-08-13 15:34:31,616][flwr][INFO] - 	      dtype=int64)),
[2024-08-13 15:34:31,616][flwr][INFO] - 	                      (6,
[2024-08-13 15:34:31,616][flwr][INFO] - 	                       array([[ 911,    1,    1,    2,    4,   16,   24,    1,   20,    0],
[2024-08-13 15:34:31,616][flwr][INFO] - 	       [   0, 1082,   17,    4,    1,    0,    4,    1,   26,    0],
[2024-08-13 15:34:31,616][flwr][INFO] - 	       [  15,   16,  787,   52,   40,    0,   22,   28,   72,    0],
[2024-08-13 15:34:31,616][flwr][INFO] - 	       [   2,   11,   11,  824,    8,   34,   11,   17,   91,    1],
[2024-08-13 15:34:31,616][flwr][INFO] - 	       [   3,    6,    1,    0,  944,    2,   14,    2,    9,    1],
[2024-08-13 15:34:31,616][flwr][INFO] - 	       [  17,   58,    2,   77,   39,  597,   29,   20,   50,    3],
[2024-08-13 15:34:31,616][flwr][INFO] - 	       [  13,   18,   18,    2,   29,   18,  854,    3,    3,    0],
[2024-08-13 15:34:31,616][flwr][INFO] - 	       [   6,   37,   25,    1,   27,    0,    0,  887,   44,    1],
[2024-08-13 15:34:31,616][flwr][INFO] - 	       [   5,   20,    8,   38,   23,   17,   15,    8,  840,    0],
[2024-08-13 15:34:31,616][flwr][INFO] - 	       [  22,    9,    3,    5,  539,   17,    1,  120,   93,  200]],
[2024-08-13 15:34:31,616][flwr][INFO] - 	      dtype=int64)),
[2024-08-13 15:34:31,616][flwr][INFO] - 	                      (7,
[2024-08-13 15:34:31,616][flwr][INFO] - 	                       array([[ 920,    2,    4,    4,    0,   22,   23,    2,    3,    0],
[2024-08-13 15:34:31,616][flwr][INFO] - 	       [   0, 1083,   31,    5,    1,    4,    5,    1,    5,    0],
[2024-08-13 15:34:31,616][flwr][INFO] - 	       [  13,   14,  848,   45,   12,    1,   26,   28,   36,    9],
[2024-08-13 15:34:31,617][flwr][INFO] - 	       [   2,    8,   15,  860,    1,   41,   11,   16,   24,   32],
[2024-08-13 15:34:31,617][flwr][INFO] - 	       [   5,    6,    3,    0,  829,    1,   26,    6,    4,  102],
[2024-08-13 15:34:31,617][flwr][INFO] - 	       [  17,   55,    7,   77,   15,  637,   33,   15,   11,   25],
[2024-08-13 15:34:31,617][flwr][INFO] - 	       [  14,   14,   22,    1,   10,   19,  872,    5,    1,    0],
[2024-08-13 15:34:31,617][flwr][INFO] - 	       [   7,   35,   39,    1,   13,    0,    2,  877,    9,   45],
[2024-08-13 15:34:31,617][flwr][INFO] - 	       [  10,   37,   20,   80,   11,   49,   22,    9,  674,   62],
[2024-08-13 15:34:31,617][flwr][INFO] - 	       [  21,    9,    6,    8,   33,   11,    1,   33,    5,  882]],
[2024-08-13 15:34:31,617][flwr][INFO] - 	      dtype=int64)),
[2024-08-13 15:34:31,617][flwr][INFO] - 	                      (8,
[2024-08-13 15:34:31,617][flwr][INFO] - 	                       array([[ 925,    1,    3,    0,    3,    4,   24,    1,   19,    0],
[2024-08-13 15:34:31,617][flwr][INFO] - 	       [   0, 1049,   37,    2,    1,    0,    5,    1,   40,    0],
[2024-08-13 15:34:31,617][flwr][INFO] - 	       [  11,    8,  843,   30,   24,    0,   24,   28,   61,    3],
[2024-08-13 15:34:31,617][flwr][INFO] - 	       [   6,    5,   21,  792,    8,   23,   18,   19,  104,   14],
[2024-08-13 15:34:31,617][flwr][INFO] - 	       [   4,    4,    2,    0,  905,    0,   19,    4,   15,   29],
[2024-08-13 15:34:31,617][flwr][INFO] - 	       [  22,   45,    4,   62,   41,  495,   49,   21,  128,   25],
[2024-08-13 15:34:31,617][flwr][INFO] - 	       [  13,    7,   20,    1,   21,    6,  882,    6,    2,    0],
[2024-08-13 15:34:31,617][flwr][INFO] - 	       [   8,   21,   35,    1,   21,    0,    1,  873,   39,   29],
[2024-08-13 15:34:31,618][flwr][INFO] - 	       [   6,   12,   12,   17,   14,    8,   17,    6,  875,    7],
[2024-08-13 15:34:31,618][flwr][INFO] - 	       [  23,    6,    4,    2,  100,    2,    1,   45,   43,  783]],
[2024-08-13 15:34:31,618][flwr][INFO] - 	      dtype=int64)),
[2024-08-13 15:34:31,618][flwr][INFO] - 	                      (9,
[2024-08-13 15:34:31,618][flwr][INFO] - 	                       array([[ 931,    2,    2,    3,    1,   22,   16,    1,    0,    2],
[2024-08-13 15:34:31,618][flwr][INFO] - 	       [   0, 1086,   24,    9,    1,    7,    5,    0,    2,    1],
[2024-08-13 15:34:31,618][flwr][INFO] - 	       [  13,   19,  827,   69,   12,    2,   25,   31,   20,   14],
[2024-08-13 15:34:31,618][flwr][INFO] - 	       [   2,    5,    8,  870,    2,   54,    9,   15,    7,   38],
[2024-08-13 15:34:31,618][flwr][INFO] - 	       [   6,    7,    2,    1,  816,    4,   21,    6,    0,  119],
[2024-08-13 15:34:31,618][flwr][INFO] - 	       [  15,   53,    2,   50,   11,  699,   26,   14,    6,   16],
[2024-08-13 15:34:31,618][flwr][INFO] - 	       [  15,   14,   19,    2,   10,   19,  870,    9,    0,    0],
[2024-08-13 15:34:31,618][flwr][INFO] - 	       [   9,   35,   30,    4,   13,    0,    2,  880,    4,   51],
[2024-08-13 15:34:31,618][flwr][INFO] - 	       [  13,   55,   15,  107,   12,  100,   21,   10,  533,  108],
[2024-08-13 15:34:31,618][flwr][INFO] - 	       [  21,    9,    4,    9,   28,   19,    1,   28,    0,  890]],
[2024-08-13 15:34:31,618][flwr][INFO] - 	      dtype=int64)),
[2024-08-13 15:34:31,618][flwr][INFO] - 	                      (10,
[2024-08-13 15:34:31,618][flwr][INFO] - 	                       array([[ 930,    2,    4,    3,    2,    6,   21,    2,   10,    0],
[2024-08-13 15:34:31,619][flwr][INFO] - 	       [   0, 1078,   21,    3,    1,    2,    5,    1,   24,    0],
[2024-08-13 15:34:31,619][flwr][INFO] - 	       [  11,   14,  844,   31,   18,    1,   23,   29,   57,    4],
[2024-08-13 15:34:31,619][flwr][INFO] - 	       [   4,    7,   18,  819,    5,   37,   17,   17,   73,   13],
[2024-08-13 15:34:31,619][flwr][INFO] - 	       [   4,    4,    2,    0,  906,    2,   18,    4,   14,   28],
[2024-08-13 15:34:31,619][flwr][INFO] - 	       [  16,   55,    2,   48,   22,  625,   37,   16,   60,   11],
[2024-08-13 15:34:31,619][flwr][INFO] - 	       [  11,   10,   19,    1,   17,   10,  883,    6,    1,    0],
[2024-08-13 15:34:31,619][flwr][INFO] - 	       [   9,   32,   34,    1,   23,    0,    1,  871,   32,   25],
[2024-08-13 15:34:31,619][flwr][INFO] - 	       [   9,   25,   12,   21,   13,   17,   18,    6,  847,    6],
[2024-08-13 15:34:31,619][flwr][INFO] - 	       [  23,    7,    5,    5,   85,    8,    1,   42,   35,  798]],
[2024-08-13 15:34:31,619][flwr][INFO] - 	      dtype=int64))],
[2024-08-13 15:34:31,619][flwr][INFO] - 	 'f1': [(0, 0.017493624772313296),
[2024-08-13 15:34:31,619][flwr][INFO] - 	        (1, 0.5983675132137777),
[2024-08-13 15:34:31,619][flwr][INFO] - 	        (2, 0.7439656429386327),
[2024-08-13 15:34:31,619][flwr][INFO] - 	        (3, 0.8085693843230222),
[2024-08-13 15:34:31,619][flwr][INFO] - 	        (4, 0.8145206269016079),
[2024-08-13 15:34:31,619][flwr][INFO] - 	        (5, 0.8061672391965622),
[2024-08-13 15:34:31,619][flwr][INFO] - 	        (6, 0.7759362588408368),
[2024-08-13 15:34:31,620][flwr][INFO] - 	        (7, 0.846805925660834),
[2024-08-13 15:34:31,620][flwr][INFO] - 	        (8, 0.8403007304151885),
[2024-08-13 15:34:31,620][flwr][INFO] - 	        (9, 0.8374168248376227),
[2024-08-13 15:34:31,620][flwr][INFO] - 	        (10, 0.8591711921249972)],
[2024-08-13 15:34:31,620][flwr][INFO] - 	 'precision': [(0, 0.009604000000000001),
[2024-08-13 15:34:31,620][flwr][INFO] - 	               (1, 0.6747126927534476),
[2024-08-13 15:34:31,620][flwr][INFO] - 	               (2, 0.7980340499907259),
[2024-08-13 15:34:31,620][flwr][INFO] - 	               (3, 0.8231372897954335),
[2024-08-13 15:34:31,620][flwr][INFO] - 	               (4, 0.8331632713323787),
[2024-08-13 15:34:31,620][flwr][INFO] - 	               (5, 0.8311962421511431),
[2024-08-13 15:34:31,620][flwr][INFO] - 	               (6, 0.8266956612316686),
[2024-08-13 15:34:31,620][flwr][INFO] - 	               (7, 0.8500315502131256),
[2024-08-13 15:34:31,620][flwr][INFO] - 	               (8, 0.8525791119443727),
[2024-08-13 15:34:31,620][flwr][INFO] - 	               (9, 0.8482940342473828),
[2024-08-13 15:34:31,620][flwr][INFO] - 	               (10, 0.8635941482960985)],
[2024-08-13 15:34:31,620][flwr][INFO] - 	 'recall': [(0, 0.098),
[2024-08-13 15:34:31,621][flwr][INFO] - 	            (1, 0.6387),
[2024-08-13 15:34:31,621][flwr][INFO] - 	            (2, 0.7644),
[2024-08-13 15:34:31,621][flwr][INFO] - 	            (3, 0.8101),
[2024-08-13 15:34:31,621][flwr][INFO] - 	            (4, 0.8175),
[2024-08-13 15:34:31,621][flwr][INFO] - 	            (5, 0.8072),
[2024-08-13 15:34:31,621][flwr][INFO] - 	            (6, 0.7926),
[2024-08-13 15:34:31,621][flwr][INFO] - 	            (7, 0.8482),
[2024-08-13 15:34:31,621][flwr][INFO] - 	            (8, 0.8422),
[2024-08-13 15:34:31,621][flwr][INFO] - 	            (9, 0.8402),
[2024-08-13 15:34:31,621][flwr][INFO] - 	            (10, 0.8601)]}
[2024-08-13 15:34:31,621][flwr][INFO] - 
