[2024-08-13 15:11:25,777][flwr][INFO] - Starting Flower simulation, config: num_rounds=10, no round_timeout
[2024-08-13 15:11:30,017][flwr][INFO] - Flower VCE: Ray initialized with resources: {'node:__internal_head__': 1.0, 'accelerator_type:G': 1.0, 'node:127.0.0.1': 1.0, 'object_store_memory': 2408907571.0, 'memory': 4817815143.0, 'CPU': 16.0, 'GPU': 1.0}
[2024-08-13 15:11:30,017][flwr][INFO] - Optimize your simulation with Flower VCE: https://flower.ai/docs/framework/how-to-run-simulations.html
[2024-08-13 15:11:30,017][flwr][INFO] - Flower VCE: Resources for each Virtual Client: {'num_cpus': 2, 'num_gpus': 0.5}
[2024-08-13 15:11:30,029][flwr][INFO] - Flower VCE: Creating VirtualClientEngineActorPool with 2 actors
[2024-08-13 15:11:30,031][flwr][INFO] - [INIT]
[2024-08-13 15:11:30,031][flwr][INFO] - Requesting initial parameters from one random client
[2024-08-13 15:11:37,315][flwr][INFO] - Received initial parameters from one random client
[2024-08-13 15:11:37,315][flwr][INFO] - Evaluating initial global parameters
[2024-08-13 15:11:39,561][flwr][INFO] - initial parameters (loss, other metrics): 2.3025850929940455, {'accuracy': 0.098, 'precision': 0.009604000000000001, 'recall': 0.098, 'f1': 0.017493624772313296, 'confusion_matrix': array([[ 980,    0,    0,    0,    0,    0,    0,    0,    0,    0],
       [1135,    0,    0,    0,    0,    0,    0,    0,    0,    0],
       [1032,    0,    0,    0,    0,    0,    0,    0,    0,    0],
       [1010,    0,    0,    0,    0,    0,    0,    0,    0,    0],
       [ 982,    0,    0,    0,    0,    0,    0,    0,    0,    0],
       [ 892,    0,    0,    0,    0,    0,    0,    0,    0,    0],
       [ 958,    0,    0,    0,    0,    0,    0,    0,    0,    0],
       [1028,    0,    0,    0,    0,    0,    0,    0,    0,    0],
       [ 974,    0,    0,    0,    0,    0,    0,    0,    0,    0],
       [1009,    0,    0,    0,    0,    0,    0,    0,    0,    0]],
      dtype=int64)}
[2024-08-13 15:11:39,562][flwr][INFO] - 
[2024-08-13 15:11:39,562][flwr][INFO] - [ROUND 1]
[2024-08-13 15:11:39,562][flwr][INFO] - configure_fit: strategy sampled 10 clients (out of 100)
[2024-08-13 15:11:43,069][flwr][INFO] - aggregate_fit: received 10 results and 0 failures
[2024-08-13 15:11:43,072][flwr][WARNING] - No fit_metrics_aggregation_fn provided
[2024-08-13 15:11:45,272][flwr][INFO] - fit progress: (1, 0.9121274068748307, {'accuracy': 0.7062, 'precision': 0.7587777714815868, 'recall': 0.7062, 'f1': 0.6680869110483004, 'confusion_matrix': array([[ 950,    0,    2,    4,    0,    0,   14,    3,    7,    0],
       [   0, 1088,   15,    2,    0,    0,    4,    2,   24,    0],
       [  78,   62,  745,   20,    4,    0,   32,   39,   47,    5],
       [  44,   21,   22,  796,    0,    0,   11,   28,   81,    7],
       [  24,   20,    4,    1,  428,    0,   68,  107,   51,  279],
       [ 227,   71,    4,  197,    1,    1,   41,   99,  217,   34],
       [  73,   23,   12,    0,    2,    0,  834,    2,   12,    0],
       [  12,   48,   19,    0,    0,    0,    2,  929,   14,    4],
       [  47,   32,   10,   71,    1,    0,   23,   34,  743,   13],
       [  44,   20,    7,   10,    7,    0,    3,  338,   32,  548]],
      dtype=int64)}, 5.709651999990456)
[2024-08-13 15:11:45,273][flwr][INFO] - configure_evaluate: no clients selected, skipping evaluation
[2024-08-13 15:11:45,273][flwr][INFO] - 
[2024-08-13 15:11:45,273][flwr][INFO] - [ROUND 2]
[2024-08-13 15:11:45,274][flwr][INFO] - configure_fit: strategy sampled 10 clients (out of 100)
[2024-08-13 15:11:46,477][flwr][INFO] - aggregate_fit: received 10 results and 0 failures
[2024-08-13 15:11:48,686][flwr][INFO] - fit progress: (2, 0.7161490757500804, {'accuracy': 0.8078, 'precision': 0.8208885710844673, 'recall': 0.8078, 'f1': 0.8018359632446276, 'confusion_matrix': array([[ 915,    0,    6,    8,    1,    3,   38,    1,    8,    0],
       [   0, 1078,   31,    5,    1,    0,    5,    0,   10,    5],
       [  29,   27,  833,   44,   28,    0,   26,   15,   25,    5],
       [   5,   13,   30,  883,    0,    3,    9,   14,   27,   26],
       [   6,   11,    3,    0,  793,    0,   25,    1,    6,  137],
       [  33,   61,   17,  217,   35,  375,   45,   24,   38,   47],
       [  27,   17,   21,    2,   23,    9,  855,    1,    3,    0],
       [   6,   47,   41,    0,   15,    0,    3,  839,    8,   69],
       [  19,   27,   26,  132,    9,    7,   18,    9,  662,   65],
       [  24,   18,    7,   13,   71,    0,    2,   16,   13,  845]],
      dtype=int64)}, 9.124069199999212)
[2024-08-13 15:11:48,687][flwr][INFO] - configure_evaluate: no clients selected, skipping evaluation
[2024-08-13 15:11:48,687][flwr][INFO] - 
[2024-08-13 15:11:48,687][flwr][INFO] - [ROUND 3]
[2024-08-13 15:11:48,687][flwr][INFO] - configure_fit: strategy sampled 10 clients (out of 100)
[2024-08-13 15:11:49,837][flwr][INFO] - aggregate_fit: received 10 results and 0 failures
[2024-08-13 15:11:52,049][flwr][INFO] - fit progress: (3, 0.6831711531665455, {'accuracy': 0.8284, 'precision': 0.8349183549405054, 'recall': 0.8284, 'f1': 0.8256921763355289, 'confusion_matrix': array([[ 909,    0,    3,    1,    0,   38,   24,    1,    4,    0],
       [   0, 1080,   15,    1,    1,   10,    4,    1,   23,    0],
       [  28,   35,  803,   30,   31,    2,   23,   29,   51,    0],
       [   5,   14,   23,  794,    1,   83,    8,   20,   56,    6],
       [   5,   12,    2,    0,  894,    6,   19,    5,   14,   25],
       [  24,   50,    4,   57,   24,  669,   25,   20,   16,    3],
       [  24,   16,   15,    1,   25,   27,  846,    1,    3,    0],
       [   4,   41,   25,    0,   15,    0,    1,  918,   15,    9],
       [   9,   15,   10,   41,   16,   56,   17,   21,  785,    4],
       [  19,   15,    5,    7,  196,   30,    2,  118,   31,  586]],
      dtype=int64)}, 12.486526999986381)
[2024-08-13 15:11:52,050][flwr][INFO] - configure_evaluate: no clients selected, skipping evaluation
[2024-08-13 15:11:52,050][flwr][INFO] - 
[2024-08-13 15:11:52,050][flwr][INFO] - [ROUND 4]
[2024-08-13 15:11:52,050][flwr][INFO] - configure_fit: strategy sampled 10 clients (out of 100)
[2024-08-13 15:11:53,209][flwr][INFO] - aggregate_fit: received 10 results and 0 failures
[2024-08-13 15:11:55,414][flwr][INFO] - fit progress: (4, 0.6555823884182245, {'accuracy': 0.8283, 'precision': 0.8418226415300207, 'recall': 0.8283, 'f1': 0.8258753045927908, 'confusion_matrix': array([[ 931,    0,    5,    8,    0,    3,   21,    1,   10,    1],
       [   0, 1079,   26,    7,    1,    0,    5,    1,   14,    2],
       [  22,   17,  837,   46,   17,    0,   24,   20,   32,   17],
       [   5,    9,   23,  889,    1,    6,    8,   14,   23,   32],
       [   6,    9,    3,    0,  733,    0,   21,    1,    5,  204],
       [  28,   49,    9,  184,   23,  468,   33,   19,   28,   51],
       [  26,   12,   17,    2,   16,   17,  862,    1,    4,    1],
       [   4,   37,   35,    1,    9,    0,    2,  853,    8,   79],
       [  15,   16,   13,   99,    4,   10,   15,    7,  722,   73],
       [  22,   11,    6,   12,   27,    2,    1,   12,    7,  909]],
      dtype=int64)}, 15.851910599987605)
[2024-08-13 15:11:55,415][flwr][INFO] - configure_evaluate: no clients selected, skipping evaluation
[2024-08-13 15:11:55,415][flwr][INFO] - 
[2024-08-13 15:11:55,415][flwr][INFO] - [ROUND 5]
[2024-08-13 15:11:55,415][flwr][INFO] - configure_fit: strategy sampled 10 clients (out of 100)
[2024-08-13 15:11:56,574][flwr][INFO] - aggregate_fit: received 10 results and 0 failures
[2024-08-13 15:11:58,809][flwr][INFO] - fit progress: (5, 0.6490552617916108, {'accuracy': 0.8266, 'precision': 0.8434671134299464, 'recall': 0.8266, 'f1': 0.8192879023046847, 'confusion_matrix': array([[ 926,    0,    2,    1,    3,   18,   21,    1,    8,    0],
       [   0, 1067,   20,    2,    1,    6,    5,    1,   33,    0],
       [  20,   20,  831,   27,   32,    1,   25,   29,   47,    0],
       [   5,    9,   24,  814,    1,   60,    9,   22,   64,    2],
       [   2,    8,    3,    0,  932,    4,   12,    4,   12,    5],
       [  25,   33,    3,   46,   35,  678,   26,   18,   25,    3],
       [  18,    9,   16,    2,   27,   22,  859,    1,    4,    0],
       [   3,   32,   27,    0,   20,    0,    0,  927,   16,    3],
       [   8,   12,   12,   24,   16,   31,   17,   19,  833,    2],
       [  16,    9,    7,    5,  357,   27,    2,  146,   41,  399]],
      dtype=int64)}, 19.246942399986438)
[2024-08-13 15:11:58,810][flwr][INFO] - configure_evaluate: no clients selected, skipping evaluation
[2024-08-13 15:11:58,810][flwr][INFO] - 
[2024-08-13 15:11:58,810][flwr][INFO] - [ROUND 6]
[2024-08-13 15:11:58,811][flwr][INFO] - configure_fit: strategy sampled 10 clients (out of 100)
[2024-08-13 15:12:00,136][flwr][INFO] - aggregate_fit: received 10 results and 0 failures
[2024-08-13 15:12:02,369][flwr][INFO] - fit progress: (6, 0.6055823633243075, {'accuracy': 0.8595, 'precision': 0.861054987234767, 'recall': 0.8595, 'f1': 0.8583947034822944, 'confusion_matrix': array([[ 935,    0,    3,    4,    0,   14,   18,    1,    5,    0],
       [   0, 1084,   20,    5,    1,    3,    5,    1,   16,    0],
       [  18,   20,  840,   35,   17,    0,   26,   29,   37,   10],
       [   5,    7,   23,  873,    1,   27,    8,   18,   26,   22],
       [   5,    9,    3,    0,  813,    0,   24,    2,    8,  118],
       [  24,   39,    5,   89,   21,  624,   28,   15,   20,   27],
       [  19,    9,   17,    2,   14,   20,  874,    1,    2,    0],
       [   4,   36,   32,    0,   11,    0,    3,  889,    9,   44],
       [  14,   16,   14,   56,    7,   20,   18,   13,  774,   42],
       [  17,   11,    6,    9,   31,   12,    2,   23,    9,  889]],
      dtype=int64)}, 22.806614499990246)
[2024-08-13 15:12:02,370][flwr][INFO] - configure_evaluate: no clients selected, skipping evaluation
[2024-08-13 15:12:02,370][flwr][INFO] - 
[2024-08-13 15:12:02,370][flwr][INFO] - [ROUND 7]
[2024-08-13 15:12:02,370][flwr][INFO] - configure_fit: strategy sampled 10 clients (out of 100)
[2024-08-13 15:12:03,530][flwr][INFO] - aggregate_fit: received 10 results and 0 failures
[2024-08-13 15:12:05,790][flwr][INFO] - fit progress: (7, 0.5979419175362325, {'accuracy': 0.8519, 'precision': 0.8615138859262014, 'recall': 0.8519, 'f1': 0.8494450293801132, 'confusion_matrix': array([[ 931,    0,    1,    2,    3,   15,   22,    1,    5,    0],
       [   0, 1084,   17,    5,    1,    4,    5,    0,   19,    0],
       [  16,   18,  833,   33,   34,    1,   25,   29,   42,    1],
       [   5,    5,   20,  859,    1,   48,    9,   22,   36,    5],
       [   1,    5,    2,    0,  943,    2,   13,    2,    5,    9],
       [  13,   33,    3,   54,   40,  679,   29,   19,   19,    3],
       [  15,    8,   12,    2,   27,   20,  872,    1,    1,    0],
       [   3,   32,   31,    1,   20,    0,    0,  923,   11,    7],
       [   6,   14,   11,   42,   24,   29,   18,   18,  809,    3],
       [  14,   12,    7,    9,  266,   19,    2,   73,   21,  586]],
      dtype=int64)}, 26.227542699998594)
[2024-08-13 15:12:05,790][flwr][INFO] - configure_evaluate: no clients selected, skipping evaluation
[2024-08-13 15:12:05,790][flwr][INFO] - 
[2024-08-13 15:12:05,791][flwr][INFO] - [ROUND 8]
[2024-08-13 15:12:05,791][flwr][INFO] - configure_fit: strategy sampled 10 clients (out of 100)
[2024-08-13 15:12:06,922][flwr][INFO] - aggregate_fit: received 10 results and 0 failures
[2024-08-13 15:12:09,309][flwr][INFO] - fit progress: (8, 0.5740340056116305, {'accuracy': 0.8645, 'precision': 0.8674871766562959, 'recall': 0.8645, 'f1': 0.8637410166198468, 'confusion_matrix': array([[ 940,    0,    1,    1,    1,   13,   18,    1,    5,    0],
       [   0, 1087,   16,    5,    1,    4,    5,    0,   17,    0],
       [  17,   18,  835,   38,   17,    0,   29,   25,   40,   13],
       [   5,    4,   15,  882,    1,   28,    8,   16,   24,   27],
       [   2,    9,    3,    0,  815,    0,   25,    1,    7,  120],
       [  17,   38,    2,   75,   22,  645,   32,   13,   20,   28],
       [  15,    8,   12,    2,   12,   19,  888,    1,    1,    0],
       [   4,   37,   32,    1,   11,    0,    2,  869,    8,   64],
       [  12,   19,   12,   50,    9,   20,   18,    7,  778,   49],
       [  17,   10,    5,    9,   28,    9,    2,   15,    8,  906]],
      dtype=int64)}, 29.747061999994912)
[2024-08-13 15:12:09,310][flwr][INFO] - configure_evaluate: no clients selected, skipping evaluation
[2024-08-13 15:12:09,310][flwr][INFO] - 
[2024-08-13 15:12:09,310][flwr][INFO] - [ROUND 9]
[2024-08-13 15:12:09,310][flwr][INFO] - configure_fit: strategy sampled 10 clients (out of 100)
[2024-08-13 15:12:10,547][flwr][INFO] - aggregate_fit: received 10 results and 0 failures
[2024-08-13 15:12:12,784][flwr][INFO] - fit progress: (9, 0.5731467370687444, {'accuracy': 0.8623, 'precision': 0.8694297080343487, 'recall': 0.8623, 'f1': 0.8604440336473416, 'confusion_matrix': array([[ 947,    0,    1,    2,    2,    6,   11,    1,   10,    0],
       [   0, 1074,   11,    6,    1,    3,    5,    1,   34,    0],
       [  15,   14,  845,   29,   28,    1,   21,   29,   49,    1],
       [   5,    4,   18,  859,    1,   38,    8,   21,   53,    3],
       [   1,    5,    4,    0,  936,    2,   12,    2,   10,   10],
       [  17,   32,    7,   49,   30,  674,   21,   18,   39,    5],
       [  18,    7,   17,    2,   22,   19,  867,    1,    5,    0],
       [   3,   28,   34,    0,   20,    0,    0,  925,   13,    5],
       [   8,   10,   11,   28,   16,   19,   14,   14,  852,    2],
       [  21,    9,    9,    7,  184,   14,    1,   83,   37,  644]],
      dtype=int64)}, 33.221576699987054)
[2024-08-13 15:12:12,785][flwr][INFO] - configure_evaluate: no clients selected, skipping evaluation
[2024-08-13 15:12:12,785][flwr][INFO] - 
[2024-08-13 15:12:12,785][flwr][INFO] - [ROUND 10]
[2024-08-13 15:12:12,785][flwr][INFO] - configure_fit: strategy sampled 10 clients (out of 100)
[2024-08-13 15:12:14,028][flwr][INFO] - aggregate_fit: received 10 results and 0 failures
[2024-08-13 15:12:16,251][flwr][INFO] - fit progress: (10, 0.5529825954211932, {'accuracy': 0.8707, 'precision': 0.8725496003553708, 'recall': 0.8707, 'f1': 0.869870462154976, 'confusion_matrix': array([[ 944,    0,    1,    5,    1,   10,   15,    1,    3,    0],
       [   0, 1089,   17,    8,    1,    3,    5,    0,   12,    0],
       [  16,   14,  853,   37,   18,    0,   23,   29,   32,   10],
       [   5,    3,   14,  890,    1,   32,    8,   16,   14,   27],
       [   1,    9,    4,    0,  831,    1,   21,    2,    3,  110],
       [  14,   32,    5,   68,   22,  669,   27,   14,   18,   23],
       [  15,    6,   15,    2,   15,   19,  884,    1,    1,    0],
       [   3,   30,   36,    2,   13,    0,    1,  895,    3,   45],
       [  13,   22,   16,   60,   10,   28,   18,   13,  748,   46],
       [  18,    8,    6,   10,   28,   11,    1,   21,    2,  904]],
      dtype=int64)}, 36.68901119999646)
[2024-08-13 15:12:16,252][flwr][INFO] - configure_evaluate: no clients selected, skipping evaluation
[2024-08-13 15:12:16,252][flwr][INFO] - 
[2024-08-13 15:12:16,252][flwr][INFO] - [SUMMARY]
[2024-08-13 15:12:16,252][flwr][INFO] - Run finished 10 round(s) in 36.69s
[2024-08-13 15:12:16,261][flwr][INFO] - 	History (loss, centralized):
[2024-08-13 15:12:16,261][flwr][INFO] - 		round 0: 2.3025850929940455
[2024-08-13 15:12:16,261][flwr][INFO] - 		round 1: 0.9121274068748307
[2024-08-13 15:12:16,261][flwr][INFO] - 		round 2: 0.7161490757500804
[2024-08-13 15:12:16,261][flwr][INFO] - 		round 3: 0.6831711531665455
[2024-08-13 15:12:16,261][flwr][INFO] - 		round 4: 0.6555823884182245
[2024-08-13 15:12:16,261][flwr][INFO] - 		round 5: 0.6490552617916108
[2024-08-13 15:12:16,261][flwr][INFO] - 		round 6: 0.6055823633243075
[2024-08-13 15:12:16,261][flwr][INFO] - 		round 7: 0.5979419175362325
[2024-08-13 15:12:16,261][flwr][INFO] - 		round 8: 0.5740340056116305
[2024-08-13 15:12:16,261][flwr][INFO] - 		round 9: 0.5731467370687444
[2024-08-13 15:12:16,261][flwr][INFO] - 		round 10: 0.5529825954211932
[2024-08-13 15:12:16,261][flwr][INFO] - 	History (metrics, centralized):
[2024-08-13 15:12:16,262][flwr][INFO] - 	{'accuracy': [(0, 0.098),
[2024-08-13 15:12:16,262][flwr][INFO] - 	              (1, 0.7062),
[2024-08-13 15:12:16,262][flwr][INFO] - 	              (2, 0.8078),
[2024-08-13 15:12:16,262][flwr][INFO] - 	              (3, 0.8284),
[2024-08-13 15:12:16,262][flwr][INFO] - 	              (4, 0.8283),
[2024-08-13 15:12:16,262][flwr][INFO] - 	              (5, 0.8266),
[2024-08-13 15:12:16,262][flwr][INFO] - 	              (6, 0.8595),
[2024-08-13 15:12:16,262][flwr][INFO] - 	              (7, 0.8519),
[2024-08-13 15:12:16,262][flwr][INFO] - 	              (8, 0.8645),
[2024-08-13 15:12:16,262][flwr][INFO] - 	              (9, 0.8623),
[2024-08-13 15:12:16,262][flwr][INFO] - 	              (10, 0.8707)],
[2024-08-13 15:12:16,262][flwr][INFO] - 	 'confusion_matrix': [(0,
[2024-08-13 15:12:16,262][flwr][INFO] - 	                       array([[ 980,    0,    0,    0,    0,    0,    0,    0,    0,    0],
[2024-08-13 15:12:16,262][flwr][INFO] - 	       [1135,    0,    0,    0,    0,    0,    0,    0,    0,    0],
[2024-08-13 15:12:16,262][flwr][INFO] - 	       [1032,    0,    0,    0,    0,    0,    0,    0,    0,    0],
[2024-08-13 15:12:16,263][flwr][INFO] - 	       [1010,    0,    0,    0,    0,    0,    0,    0,    0,    0],
[2024-08-13 15:12:16,263][flwr][INFO] - 	       [ 982,    0,    0,    0,    0,    0,    0,    0,    0,    0],
[2024-08-13 15:12:16,263][flwr][INFO] - 	       [ 892,    0,    0,    0,    0,    0,    0,    0,    0,    0],
[2024-08-13 15:12:16,263][flwr][INFO] - 	       [ 958,    0,    0,    0,    0,    0,    0,    0,    0,    0],
[2024-08-13 15:12:16,263][flwr][INFO] - 	       [1028,    0,    0,    0,    0,    0,    0,    0,    0,    0],
[2024-08-13 15:12:16,263][flwr][INFO] - 	       [ 974,    0,    0,    0,    0,    0,    0,    0,    0,    0],
[2024-08-13 15:12:16,263][flwr][INFO] - 	       [1009,    0,    0,    0,    0,    0,    0,    0,    0,    0]],
[2024-08-13 15:12:16,263][flwr][INFO] - 	      dtype=int64)),
[2024-08-13 15:12:16,263][flwr][INFO] - 	                      (1,
[2024-08-13 15:12:16,263][flwr][INFO] - 	                       array([[ 950,    0,    2,    4,    0,    0,   14,    3,    7,    0],
[2024-08-13 15:12:16,263][flwr][INFO] - 	       [   0, 1088,   15,    2,    0,    0,    4,    2,   24,    0],
[2024-08-13 15:12:16,263][flwr][INFO] - 	       [  78,   62,  745,   20,    4,    0,   32,   39,   47,    5],
[2024-08-13 15:12:16,263][flwr][INFO] - 	       [  44,   21,   22,  796,    0,    0,   11,   28,   81,    7],
[2024-08-13 15:12:16,263][flwr][INFO] - 	       [  24,   20,    4,    1,  428,    0,   68,  107,   51,  279],
[2024-08-13 15:12:16,263][flwr][INFO] - 	       [ 227,   71,    4,  197,    1,    1,   41,   99,  217,   34],
[2024-08-13 15:12:16,263][flwr][INFO] - 	       [  73,   23,   12,    0,    2,    0,  834,    2,   12,    0],
[2024-08-13 15:12:16,263][flwr][INFO] - 	       [  12,   48,   19,    0,    0,    0,    2,  929,   14,    4],
[2024-08-13 15:12:16,264][flwr][INFO] - 	       [  47,   32,   10,   71,    1,    0,   23,   34,  743,   13],
[2024-08-13 15:12:16,264][flwr][INFO] - 	       [  44,   20,    7,   10,    7,    0,    3,  338,   32,  548]],
[2024-08-13 15:12:16,264][flwr][INFO] - 	      dtype=int64)),
[2024-08-13 15:12:16,264][flwr][INFO] - 	                      (2,
[2024-08-13 15:12:16,264][flwr][INFO] - 	                       array([[ 915,    0,    6,    8,    1,    3,   38,    1,    8,    0],
[2024-08-13 15:12:16,264][flwr][INFO] - 	       [   0, 1078,   31,    5,    1,    0,    5,    0,   10,    5],
[2024-08-13 15:12:16,264][flwr][INFO] - 	       [  29,   27,  833,   44,   28,    0,   26,   15,   25,    5],
[2024-08-13 15:12:16,264][flwr][INFO] - 	       [   5,   13,   30,  883,    0,    3,    9,   14,   27,   26],
[2024-08-13 15:12:16,264][flwr][INFO] - 	       [   6,   11,    3,    0,  793,    0,   25,    1,    6,  137],
[2024-08-13 15:12:16,264][flwr][INFO] - 	       [  33,   61,   17,  217,   35,  375,   45,   24,   38,   47],
[2024-08-13 15:12:16,264][flwr][INFO] - 	       [  27,   17,   21,    2,   23,    9,  855,    1,    3,    0],
[2024-08-13 15:12:16,264][flwr][INFO] - 	       [   6,   47,   41,    0,   15,    0,    3,  839,    8,   69],
[2024-08-13 15:12:16,264][flwr][INFO] - 	       [  19,   27,   26,  132,    9,    7,   18,    9,  662,   65],
[2024-08-13 15:12:16,264][flwr][INFO] - 	       [  24,   18,    7,   13,   71,    0,    2,   16,   13,  845]],
[2024-08-13 15:12:16,264][flwr][INFO] - 	      dtype=int64)),
[2024-08-13 15:12:16,264][flwr][INFO] - 	                      (3,
[2024-08-13 15:12:16,264][flwr][INFO] - 	                       array([[ 909,    0,    3,    1,    0,   38,   24,    1,    4,    0],
[2024-08-13 15:12:16,265][flwr][INFO] - 	       [   0, 1080,   15,    1,    1,   10,    4,    1,   23,    0],
[2024-08-13 15:12:16,265][flwr][INFO] - 	       [  28,   35,  803,   30,   31,    2,   23,   29,   51,    0],
[2024-08-13 15:12:16,265][flwr][INFO] - 	       [   5,   14,   23,  794,    1,   83,    8,   20,   56,    6],
[2024-08-13 15:12:16,265][flwr][INFO] - 	       [   5,   12,    2,    0,  894,    6,   19,    5,   14,   25],
[2024-08-13 15:12:16,265][flwr][INFO] - 	       [  24,   50,    4,   57,   24,  669,   25,   20,   16,    3],
[2024-08-13 15:12:16,265][flwr][INFO] - 	       [  24,   16,   15,    1,   25,   27,  846,    1,    3,    0],
[2024-08-13 15:12:16,265][flwr][INFO] - 	       [   4,   41,   25,    0,   15,    0,    1,  918,   15,    9],
[2024-08-13 15:12:16,265][flwr][INFO] - 	       [   9,   15,   10,   41,   16,   56,   17,   21,  785,    4],
[2024-08-13 15:12:16,265][flwr][INFO] - 	       [  19,   15,    5,    7,  196,   30,    2,  118,   31,  586]],
[2024-08-13 15:12:16,265][flwr][INFO] - 	      dtype=int64)),
[2024-08-13 15:12:16,265][flwr][INFO] - 	                      (4,
[2024-08-13 15:12:16,265][flwr][INFO] - 	                       array([[ 931,    0,    5,    8,    0,    3,   21,    1,   10,    1],
[2024-08-13 15:12:16,265][flwr][INFO] - 	       [   0, 1079,   26,    7,    1,    0,    5,    1,   14,    2],
[2024-08-13 15:12:16,265][flwr][INFO] - 	       [  22,   17,  837,   46,   17,    0,   24,   20,   32,   17],
[2024-08-13 15:12:16,265][flwr][INFO] - 	       [   5,    9,   23,  889,    1,    6,    8,   14,   23,   32],
[2024-08-13 15:12:16,265][flwr][INFO] - 	       [   6,    9,    3,    0,  733,    0,   21,    1,    5,  204],
[2024-08-13 15:12:16,266][flwr][INFO] - 	       [  28,   49,    9,  184,   23,  468,   33,   19,   28,   51],
[2024-08-13 15:12:16,266][flwr][INFO] - 	       [  26,   12,   17,    2,   16,   17,  862,    1,    4,    1],
[2024-08-13 15:12:16,266][flwr][INFO] - 	       [   4,   37,   35,    1,    9,    0,    2,  853,    8,   79],
[2024-08-13 15:12:16,266][flwr][INFO] - 	       [  15,   16,   13,   99,    4,   10,   15,    7,  722,   73],
[2024-08-13 15:12:16,266][flwr][INFO] - 	       [  22,   11,    6,   12,   27,    2,    1,   12,    7,  909]],
[2024-08-13 15:12:16,266][flwr][INFO] - 	      dtype=int64)),
[2024-08-13 15:12:16,266][flwr][INFO] - 	                      (5,
[2024-08-13 15:12:16,266][flwr][INFO] - 	                       array([[ 926,    0,    2,    1,    3,   18,   21,    1,    8,    0],
[2024-08-13 15:12:16,266][flwr][INFO] - 	       [   0, 1067,   20,    2,    1,    6,    5,    1,   33,    0],
[2024-08-13 15:12:16,266][flwr][INFO] - 	       [  20,   20,  831,   27,   32,    1,   25,   29,   47,    0],
[2024-08-13 15:12:16,266][flwr][INFO] - 	       [   5,    9,   24,  814,    1,   60,    9,   22,   64,    2],
[2024-08-13 15:12:16,266][flwr][INFO] - 	       [   2,    8,    3,    0,  932,    4,   12,    4,   12,    5],
[2024-08-13 15:12:16,266][flwr][INFO] - 	       [  25,   33,    3,   46,   35,  678,   26,   18,   25,    3],
[2024-08-13 15:12:16,266][flwr][INFO] - 	       [  18,    9,   16,    2,   27,   22,  859,    1,    4,    0],
[2024-08-13 15:12:16,267][flwr][INFO] - 	       [   3,   32,   27,    0,   20,    0,    0,  927,   16,    3],
[2024-08-13 15:12:16,267][flwr][INFO] - 	       [   8,   12,   12,   24,   16,   31,   17,   19,  833,    2],
[2024-08-13 15:12:16,267][flwr][INFO] - 	       [  16,    9,    7,    5,  357,   27,    2,  146,   41,  399]],
[2024-08-13 15:12:16,267][flwr][INFO] - 	      dtype=int64)),
[2024-08-13 15:12:16,267][flwr][INFO] - 	                      (6,
[2024-08-13 15:12:16,267][flwr][INFO] - 	                       array([[ 935,    0,    3,    4,    0,   14,   18,    1,    5,    0],
[2024-08-13 15:12:16,267][flwr][INFO] - 	       [   0, 1084,   20,    5,    1,    3,    5,    1,   16,    0],
[2024-08-13 15:12:16,267][flwr][INFO] - 	       [  18,   20,  840,   35,   17,    0,   26,   29,   37,   10],
[2024-08-13 15:12:16,267][flwr][INFO] - 	       [   5,    7,   23,  873,    1,   27,    8,   18,   26,   22],
[2024-08-13 15:12:16,267][flwr][INFO] - 	       [   5,    9,    3,    0,  813,    0,   24,    2,    8,  118],
[2024-08-13 15:12:16,267][flwr][INFO] - 	       [  24,   39,    5,   89,   21,  624,   28,   15,   20,   27],
[2024-08-13 15:12:16,267][flwr][INFO] - 	       [  19,    9,   17,    2,   14,   20,  874,    1,    2,    0],
[2024-08-13 15:12:16,267][flwr][INFO] - 	       [   4,   36,   32,    0,   11,    0,    3,  889,    9,   44],
[2024-08-13 15:12:16,267][flwr][INFO] - 	       [  14,   16,   14,   56,    7,   20,   18,   13,  774,   42],
[2024-08-13 15:12:16,267][flwr][INFO] - 	       [  17,   11,    6,    9,   31,   12,    2,   23,    9,  889]],
[2024-08-13 15:12:16,267][flwr][INFO] - 	      dtype=int64)),
[2024-08-13 15:12:16,267][flwr][INFO] - 	                      (7,
[2024-08-13 15:12:16,268][flwr][INFO] - 	                       array([[ 931,    0,    1,    2,    3,   15,   22,    1,    5,    0],
[2024-08-13 15:12:16,268][flwr][INFO] - 	       [   0, 1084,   17,    5,    1,    4,    5,    0,   19,    0],
[2024-08-13 15:12:16,268][flwr][INFO] - 	       [  16,   18,  833,   33,   34,    1,   25,   29,   42,    1],
[2024-08-13 15:12:16,268][flwr][INFO] - 	       [   5,    5,   20,  859,    1,   48,    9,   22,   36,    5],
[2024-08-13 15:12:16,268][flwr][INFO] - 	       [   1,    5,    2,    0,  943,    2,   13,    2,    5,    9],
[2024-08-13 15:12:16,268][flwr][INFO] - 	       [  13,   33,    3,   54,   40,  679,   29,   19,   19,    3],
[2024-08-13 15:12:16,268][flwr][INFO] - 	       [  15,    8,   12,    2,   27,   20,  872,    1,    1,    0],
[2024-08-13 15:12:16,268][flwr][INFO] - 	       [   3,   32,   31,    1,   20,    0,    0,  923,   11,    7],
[2024-08-13 15:12:16,268][flwr][INFO] - 	       [   6,   14,   11,   42,   24,   29,   18,   18,  809,    3],
[2024-08-13 15:12:16,268][flwr][INFO] - 	       [  14,   12,    7,    9,  266,   19,    2,   73,   21,  586]],
[2024-08-13 15:12:16,268][flwr][INFO] - 	      dtype=int64)),
[2024-08-13 15:12:16,268][flwr][INFO] - 	                      (8,
[2024-08-13 15:12:16,268][flwr][INFO] - 	                       array([[ 940,    0,    1,    1,    1,   13,   18,    1,    5,    0],
[2024-08-13 15:12:16,268][flwr][INFO] - 	       [   0, 1087,   16,    5,    1,    4,    5,    0,   17,    0],
[2024-08-13 15:12:16,268][flwr][INFO] - 	       [  17,   18,  835,   38,   17,    0,   29,   25,   40,   13],
[2024-08-13 15:12:16,268][flwr][INFO] - 	       [   5,    4,   15,  882,    1,   28,    8,   16,   24,   27],
[2024-08-13 15:12:16,269][flwr][INFO] - 	       [   2,    9,    3,    0,  815,    0,   25,    1,    7,  120],
[2024-08-13 15:12:16,269][flwr][INFO] - 	       [  17,   38,    2,   75,   22,  645,   32,   13,   20,   28],
[2024-08-13 15:12:16,269][flwr][INFO] - 	       [  15,    8,   12,    2,   12,   19,  888,    1,    1,    0],
[2024-08-13 15:12:16,269][flwr][INFO] - 	       [   4,   37,   32,    1,   11,    0,    2,  869,    8,   64],
[2024-08-13 15:12:16,269][flwr][INFO] - 	       [  12,   19,   12,   50,    9,   20,   18,    7,  778,   49],
[2024-08-13 15:12:16,269][flwr][INFO] - 	       [  17,   10,    5,    9,   28,    9,    2,   15,    8,  906]],
[2024-08-13 15:12:16,269][flwr][INFO] - 	      dtype=int64)),
[2024-08-13 15:12:16,269][flwr][INFO] - 	                      (9,
[2024-08-13 15:12:16,269][flwr][INFO] - 	                       array([[ 947,    0,    1,    2,    2,    6,   11,    1,   10,    0],
[2024-08-13 15:12:16,269][flwr][INFO] - 	       [   0, 1074,   11,    6,    1,    3,    5,    1,   34,    0],
[2024-08-13 15:12:16,269][flwr][INFO] - 	       [  15,   14,  845,   29,   28,    1,   21,   29,   49,    1],
[2024-08-13 15:12:16,269][flwr][INFO] - 	       [   5,    4,   18,  859,    1,   38,    8,   21,   53,    3],
[2024-08-13 15:12:16,269][flwr][INFO] - 	       [   1,    5,    4,    0,  936,    2,   12,    2,   10,   10],
[2024-08-13 15:12:16,269][flwr][INFO] - 	       [  17,   32,    7,   49,   30,  674,   21,   18,   39,    5],
[2024-08-13 15:12:16,269][flwr][INFO] - 	       [  18,    7,   17,    2,   22,   19,  867,    1,    5,    0],
[2024-08-13 15:12:16,269][flwr][INFO] - 	       [   3,   28,   34,    0,   20,    0,    0,  925,   13,    5],
[2024-08-13 15:12:16,269][flwr][INFO] - 	       [   8,   10,   11,   28,   16,   19,   14,   14,  852,    2],
[2024-08-13 15:12:16,270][flwr][INFO] - 	       [  21,    9,    9,    7,  184,   14,    1,   83,   37,  644]],
[2024-08-13 15:12:16,270][flwr][INFO] - 	      dtype=int64)),
[2024-08-13 15:12:16,270][flwr][INFO] - 	                      (10,
[2024-08-13 15:12:16,270][flwr][INFO] - 	                       array([[ 944,    0,    1,    5,    1,   10,   15,    1,    3,    0],
[2024-08-13 15:12:16,270][flwr][INFO] - 	       [   0, 1089,   17,    8,    1,    3,    5,    0,   12,    0],
[2024-08-13 15:12:16,270][flwr][INFO] - 	       [  16,   14,  853,   37,   18,    0,   23,   29,   32,   10],
[2024-08-13 15:12:16,270][flwr][INFO] - 	       [   5,    3,   14,  890,    1,   32,    8,   16,   14,   27],
[2024-08-13 15:12:16,270][flwr][INFO] - 	       [   1,    9,    4,    0,  831,    1,   21,    2,    3,  110],
[2024-08-13 15:12:16,270][flwr][INFO] - 	       [  14,   32,    5,   68,   22,  669,   27,   14,   18,   23],
[2024-08-13 15:12:16,270][flwr][INFO] - 	       [  15,    6,   15,    2,   15,   19,  884,    1,    1,    0],
[2024-08-13 15:12:16,270][flwr][INFO] - 	       [   3,   30,   36,    2,   13,    0,    1,  895,    3,   45],
[2024-08-13 15:12:16,270][flwr][INFO] - 	       [  13,   22,   16,   60,   10,   28,   18,   13,  748,   46],
[2024-08-13 15:12:16,270][flwr][INFO] - 	       [  18,    8,    6,   10,   28,   11,    1,   21,    2,  904]],
[2024-08-13 15:12:16,270][flwr][INFO] - 	      dtype=int64))],
[2024-08-13 15:12:16,270][flwr][INFO] - 	 'f1': [(0, 0.017493624772313296),
[2024-08-13 15:12:16,270][flwr][INFO] - 	        (1, 0.6680869110483004),
[2024-08-13 15:12:16,270][flwr][INFO] - 	        (2, 0.8018359632446276),
[2024-08-13 15:12:16,271][flwr][INFO] - 	        (3, 0.8256921763355289),
[2024-08-13 15:12:16,271][flwr][INFO] - 	        (4, 0.8258753045927908),
[2024-08-13 15:12:16,271][flwr][INFO] - 	        (5, 0.8192879023046847),
[2024-08-13 15:12:16,271][flwr][INFO] - 	        (6, 0.8583947034822944),
[2024-08-13 15:12:16,271][flwr][INFO] - 	        (7, 0.8494450293801132),
[2024-08-13 15:12:16,271][flwr][INFO] - 	        (8, 0.8637410166198468),
[2024-08-13 15:12:16,271][flwr][INFO] - 	        (9, 0.8604440336473416),
[2024-08-13 15:12:16,271][flwr][INFO] - 	        (10, 0.869870462154976)],
[2024-08-13 15:12:16,271][flwr][INFO] - 	 'precision': [(0, 0.009604000000000001),
[2024-08-13 15:12:16,271][flwr][INFO] - 	               (1, 0.7587777714815868),
[2024-08-13 15:12:16,271][flwr][INFO] - 	               (2, 0.8208885710844673),
[2024-08-13 15:12:16,271][flwr][INFO] - 	               (3, 0.8349183549405054),
[2024-08-13 15:12:16,271][flwr][INFO] - 	               (4, 0.8418226415300207),
[2024-08-13 15:12:16,271][flwr][INFO] - 	               (5, 0.8434671134299464),
[2024-08-13 15:12:16,271][flwr][INFO] - 	               (6, 0.861054987234767),
[2024-08-13 15:12:16,271][flwr][INFO] - 	               (7, 0.8615138859262014),
[2024-08-13 15:12:16,271][flwr][INFO] - 	               (8, 0.8674871766562959),
[2024-08-13 15:12:16,272][flwr][INFO] - 	               (9, 0.8694297080343487),
[2024-08-13 15:12:16,272][flwr][INFO] - 	               (10, 0.8725496003553708)],
[2024-08-13 15:12:16,272][flwr][INFO] - 	 'recall': [(0, 0.098),
[2024-08-13 15:12:16,272][flwr][INFO] - 	            (1, 0.7062),
[2024-08-13 15:12:16,272][flwr][INFO] - 	            (2, 0.8078),
[2024-08-13 15:12:16,272][flwr][INFO] - 	            (3, 0.8284),
[2024-08-13 15:12:16,272][flwr][INFO] - 	            (4, 0.8283),
[2024-08-13 15:12:16,272][flwr][INFO] - 	            (5, 0.8266),
[2024-08-13 15:12:16,272][flwr][INFO] - 	            (6, 0.8595),
[2024-08-13 15:12:16,272][flwr][INFO] - 	            (7, 0.8519),
[2024-08-13 15:12:16,272][flwr][INFO] - 	            (8, 0.8645),
[2024-08-13 15:12:16,272][flwr][INFO] - 	            (9, 0.8623),
[2024-08-13 15:12:16,272][flwr][INFO] - 	            (10, 0.8707)]}
[2024-08-13 15:12:16,272][flwr][INFO] - 
