[2024-08-13 10:27:32,749][flwr][INFO] - Starting Flower simulation, config: num_rounds=10, no round_timeout
[2024-08-13 10:27:36,859][flwr][INFO] - Flower VCE: Ray initialized with resources: {'accelerator_type:G': 1.0, 'node:__internal_head__': 1.0, 'memory': 4872078951.0, 'object_store_memory': 2436039475.0, 'node:127.0.0.1': 1.0, 'CPU': 16.0, 'GPU': 1.0}
[2024-08-13 10:27:36,859][flwr][INFO] - Optimize your simulation with Flower VCE: https://flower.ai/docs/framework/how-to-run-simulations.html
[2024-08-13 10:27:36,859][flwr][INFO] - Flower VCE: Resources for each Virtual Client: {'num_cpus': 2, 'num_gpus': 0.5}
[2024-08-13 10:27:36,870][flwr][INFO] - Flower VCE: Creating VirtualClientEngineActorPool with 2 actors
[2024-08-13 10:27:36,871][flwr][INFO] - [INIT]
[2024-08-13 10:27:36,871][flwr][INFO] - Requesting initial parameters from one random client
[2024-08-13 10:27:44,577][flwr][INFO] - Received initial parameters from one random client
[2024-08-13 10:27:44,578][flwr][INFO] - Evaluating initial global parameters
[2024-08-13 10:27:46,789][flwr][INFO] - initial parameters (loss, other metrics): 2.3025850929940455, {'accuracy': 0.098, 'precision': 0.009604000000000001, 'recall': 0.098, 'f1': 0.017493624772313296, 'confusion_matrix': array([[ 980,    0,    0,    0,    0,    0,    0,    0,    0,    0],
       [1135,    0,    0,    0,    0,    0,    0,    0,    0,    0],
       [1032,    0,    0,    0,    0,    0,    0,    0,    0,    0],
       [1010,    0,    0,    0,    0,    0,    0,    0,    0,    0],
       [ 982,    0,    0,    0,    0,    0,    0,    0,    0,    0],
       [ 892,    0,    0,    0,    0,    0,    0,    0,    0,    0],
       [ 958,    0,    0,    0,    0,    0,    0,    0,    0,    0],
       [1028,    0,    0,    0,    0,    0,    0,    0,    0,    0],
       [ 974,    0,    0,    0,    0,    0,    0,    0,    0,    0],
       [1009,    0,    0,    0,    0,    0,    0,    0,    0,    0]],
      dtype=int64)}
[2024-08-13 10:27:46,790][flwr][INFO] - 
[2024-08-13 10:27:46,790][flwr][INFO] - [ROUND 1]
[2024-08-13 10:27:46,790][flwr][INFO] - configure_fit: strategy sampled 10 clients (out of 10)
[2024-08-13 10:27:55,509][flwr][INFO] - aggregate_fit: received 10 results and 0 failures
[2024-08-13 10:27:55,512][flwr][WARNING] - No fit_metrics_aggregation_fn provided
[2024-08-13 10:27:57,570][flwr][INFO] - fit progress: (1, 0.8573124280644521, {'accuracy': 0.7376, 'precision': 0.7897907821253273, 'recall': 0.7376, 'f1': 0.7046114748180736, 'confusion_matrix': array([[ 955,    0,    1,    5,    0,    0,    7,    1,   11,    0],
       [   0, 1079,    1,    6,    0,    0,    4,    0,   45,    0],
       [  77,   53,  698,   59,    7,    0,   31,   19,   82,    6],
       [  34,   16,   15,  847,    0,    0,   10,   12,   69,    7],
       [  25,   19,    3,    1,  539,    0,   46,    4,   54,  291],
       [ 218,   70,    0,  268,    6,    4,   30,   30,  224,   42],
       [  88,   20,   11,    3,    3,    0,  812,    1,   20,    0],
       [  24,   57,   14,    2,    2,    0,    2,  855,   35,   37],
       [  43,   15,    5,   98,    1,    0,   14,   10,  774,   14],
       [  47,   20,    7,   13,   14,    0,    4,   45,   46,  813]],
      dtype=int64)}, 10.779972499993164)
[2024-08-13 10:27:57,571][flwr][INFO] - configure_evaluate: no clients selected, skipping evaluation
[2024-08-13 10:27:57,571][flwr][INFO] - 
[2024-08-13 10:27:57,571][flwr][INFO] - [ROUND 2]
[2024-08-13 10:27:57,571][flwr][INFO] - configure_fit: strategy sampled 10 clients (out of 10)
[2024-08-13 10:28:04,179][flwr][INFO] - aggregate_fit: received 10 results and 0 failures
[2024-08-13 10:28:06,251][flwr][INFO] - fit progress: (2, 0.6863584489410051, {'accuracy': 0.8158, 'precision': 0.8246454314409566, 'recall': 0.8158, 'f1': 0.8091526679415402, 'confusion_matrix': array([[ 931,    0,    8,    6,    0,    1,   24,    1,    9,    0],
       [   0, 1088,   23,    4,    0,    0,    5,    1,   14,    0],
       [  34,   38,  832,   29,   21,    0,   28,   18,   31,    1],
       [  11,   15,   33,  874,    0,    4,   10,   18,   31,   14],
       [   7,   16,    8,    0,  834,    0,   32,    3,    8,   74],
       [  62,   57,   16,  207,   34,  384,   41,   33,   30,   28],
       [  40,   20,   20,    2,   11,   12,  851,    0,    2,    0],
       [   9,   48,   36,    0,   13,    0,    3,  883,    5,   31],
       [  26,   31,   27,  101,   10,    5,   20,   15,  705,   34],
       [  28,   20,   12,   14,   96,    1,    3,   47,   12,  776]],
      dtype=int64)}, 19.461194100003922)
[2024-08-13 10:28:06,252][flwr][INFO] - configure_evaluate: no clients selected, skipping evaluation
[2024-08-13 10:28:06,252][flwr][INFO] - 
[2024-08-13 10:28:06,252][flwr][INFO] - [ROUND 3]
[2024-08-13 10:28:06,252][flwr][INFO] - configure_fit: strategy sampled 10 clients (out of 10)
[2024-08-13 10:28:12,793][flwr][INFO] - aggregate_fit: received 10 results and 0 failures
[2024-08-13 10:28:14,855][flwr][INFO] - fit progress: (3, 0.6395575990730079, {'accuracy': 0.8462, 'precision': 0.8465893348403372, 'recall': 0.8462, 'f1': 0.8454355441742788, 'confusion_matrix': array([[ 910,    0,    4,    1,    0,   35,   23,    1,    6,    0],
       [   0, 1078,    9,    2,    0,    9,    5,    0,   32,    0],
       [  26,   31,  811,   27,   26,    0,   29,   20,   58,    4],
       [   7,   13,   26,  814,    0,   57,    9,   16,   56,   12],
       [   6,   11,    2,    0,  828,    1,   27,    2,   12,   93],
       [  26,   43,    6,   60,   23,  657,   26,   13,   19,   19],
       [  30,   14,   18,    1,   12,   24,  855,    0,    4,    0],
       [   6,   43,   26,    0,   14,    0,    2,  877,   15,   45],
       [  12,   14,   14,   39,    9,   26,   18,   12,  801,   29],
       [  20,   16,    9,   10,   60,   15,    2,   32,   14,  831]],
      dtype=int64)}, 28.065463799997815)
[2024-08-13 10:28:14,856][flwr][INFO] - configure_evaluate: no clients selected, skipping evaluation
[2024-08-13 10:28:14,856][flwr][INFO] - 
[2024-08-13 10:28:14,856][flwr][INFO] - [ROUND 4]
[2024-08-13 10:28:14,856][flwr][INFO] - configure_fit: strategy sampled 10 clients (out of 10)
[2024-08-13 10:28:21,217][flwr][INFO] - aggregate_fit: received 10 results and 0 failures
[2024-08-13 10:28:23,468][flwr][INFO] - fit progress: (4, 0.5999493958108149, {'accuracy': 0.8343, 'precision': 0.8485707072479075, 'recall': 0.8343, 'f1': 0.830511859657916, 'confusion_matrix': array([[ 930,    0,    6,   18,    0,    1,   20,    1,    4,    0],
       [   0, 1081,   18,   19,    1,    0,    5,    1,   10,    0],
       [  16,   18,  837,   59,   27,    0,   25,   22,   25,    3],
       [   4,    5,   19,  930,    1,    6,    8,   20,    8,    9],
       [   2,    9,    5,    2,  900,    0,   13,    3,    4,   44],
       [  21,   41,    8,  241,   43,  439,   27,   32,   17,   23],
       [  23,   11,   18,    6,   20,   16,  862,    1,    1,    0],
       [   4,   33,   31,    5,   15,    0,    3,  905,    2,   30],
       [  13,   18,   22,  168,   18,    8,   15,   17,  660,   35],
       [  20,   15,   12,   18,   87,    2,    1,   51,    4,  799]],
      dtype=int64)}, 36.678581300002406)
[2024-08-13 10:28:23,469][flwr][INFO] - configure_evaluate: no clients selected, skipping evaluation
[2024-08-13 10:28:23,469][flwr][INFO] - 
[2024-08-13 10:28:23,469][flwr][INFO] - [ROUND 5]
[2024-08-13 10:28:23,469][flwr][INFO] - configure_fit: strategy sampled 10 clients (out of 10)
[2024-08-13 10:28:30,210][flwr][INFO] - aggregate_fit: received 10 results and 0 failures
[2024-08-13 10:28:32,279][flwr][INFO] - fit progress: (5, 0.5636645564535987, {'accuracy': 0.8632, 'precision': 0.8655322431860047, 'recall': 0.8632, 'f1': 0.862930345453699, 'confusion_matrix': array([[ 924,    0,    4,    1,    0,   16,   21,    1,   13,    0],
       [   0, 1076,    7,    2,    0,    6,    5,    0,   39,    0],
       [  20,   21,  835,   16,   23,    1,   26,   22,   60,    8],
       [   7,   12,   28,  784,    1,   71,    8,   19,   65,   15],
       [   3,    9,    4,    0,  840,    1,   22,    2,   13,   88],
       [  21,   31,    6,   21,   27,  702,   23,   14,   29,   18],
       [  20,   11,   17,    1,   14,   24,  864,    1,    6,    0],
       [   4,   34,   27,    0,   13,    0,    2,  892,   15,   41],
       [   6,   11,   11,   16,   10,   27,   16,   11,  842,   24],
       [  14,   13,    9,    6,   35,   12,    2,   26,   19,  873]],
      dtype=int64)}, 45.48903499999142)
[2024-08-13 10:28:32,280][flwr][INFO] - configure_evaluate: no clients selected, skipping evaluation
[2024-08-13 10:28:32,280][flwr][INFO] - 
[2024-08-13 10:28:32,280][flwr][INFO] - [ROUND 6]
[2024-08-13 10:28:32,280][flwr][INFO] - configure_fit: strategy sampled 10 clients (out of 10)
[2024-08-13 10:28:38,862][flwr][INFO] - aggregate_fit: received 10 results and 0 failures
[2024-08-13 10:28:40,931][flwr][INFO] - fit progress: (6, 0.5454036317271339, {'accuracy': 0.8617, 'precision': 0.8637078311226613, 'recall': 0.8617, 'f1': 0.8601788572235375, 'confusion_matrix': array([[ 936,    0,    4,    8,    1,   13,   15,    1,    2,    0],
       [   0, 1087,   18,    9,    1,    1,    5,    1,   13,    0],
       [  18,   21,  847,   37,   25,    0,   26,   23,   30,    5],
       [   5,    5,   20,  903,    1,   23,    8,   21,   14,   10],
       [   2,    9,    4,    0,  897,    1,   18,    2,    4,   45],
       [  19,   32,    6,  113,   33,  617,   25,   16,   15,   16],
       [  21,    9,   16,    2,   19,   21,  868,    1,    1,    0],
       [   4,   33,   32,    2,   16,    0,    3,  902,    4,   32],
       [  13,   18,   19,   87,   16,   23,   17,   16,  733,   32],
       [  16,   15,   10,   14,   72,   10,    2,   38,    5,  827]],
      dtype=int64)}, 54.14217469999858)
[2024-08-13 10:28:40,932][flwr][INFO] - configure_evaluate: no clients selected, skipping evaluation
[2024-08-13 10:28:40,932][flwr][INFO] - 
[2024-08-13 10:28:40,932][flwr][INFO] - [ROUND 7]
[2024-08-13 10:28:40,933][flwr][INFO] - configure_fit: strategy sampled 10 clients (out of 10)
[2024-08-13 10:28:47,466][flwr][INFO] - aggregate_fit: received 10 results and 0 failures
[2024-08-13 10:28:49,551][flwr][INFO] - fit progress: (7, 0.5290942572235082, {'accuracy': 0.8706, 'precision': 0.872639452569068, 'recall': 0.8706, 'f1': 0.8703456568767335, 'confusion_matrix': array([[ 935,    0,    3,    1,    0,   12,   16,    1,   12,    0],
       [   0, 1078,    6,    3,    0,    3,    5,    0,   40,    0],
       [  18,   19,  837,   20,   20,    1,   25,   23,   59,   10],
       [   6,    8,   22,  824,    1,   50,    8,   18,   55,   18],
       [   2,    9,    4,    0,  840,    1,   20,    2,   13,   91],
       [  22,   28,    6,   30,   25,  694,   24,   12,   34,   17],
       [  19,    8,   13,    2,   14,   21,  872,    1,    8,    0],
       [   4,   32,   26,    0,   12,    0,    3,  894,   14,   43],
       [   6,    9,   11,   19,   10,   20,   16,   10,  852,   21],
       [  15,   12,    7,    6,   36,   11,    1,   22,   19,  880]],
      dtype=int64)}, 62.76159110000299)
[2024-08-13 10:28:49,552][flwr][INFO] - configure_evaluate: no clients selected, skipping evaluation
[2024-08-13 10:28:49,552][flwr][INFO] - 
[2024-08-13 10:28:49,552][flwr][INFO] - [ROUND 8]
[2024-08-13 10:28:49,553][flwr][INFO] - configure_fit: strategy sampled 10 clients (out of 10)
[2024-08-13 10:28:56,321][flwr][INFO] - aggregate_fit: received 10 results and 0 failures
[2024-08-13 10:28:58,377][flwr][INFO] - fit progress: (8, 0.5169837491611335, {'accuracy': 0.8685, 'precision': 0.8704534057119903, 'recall': 0.8685, 'f1': 0.8671639477022535, 'confusion_matrix': array([[ 943,    0,    2,    6,    1,   12,   13,    1,    2,    0],
       [   0, 1089,   16,    9,    1,    2,    5,    0,   13,    0],
       [  16,   19,  851,   35,   25,    0,   26,   26,   30,    4],
       [   5,    5,   16,  907,    1,   29,    8,   22,   11,    6],
       [   2,    9,    4,    0,  911,    2,   16,    3,    3,   32],
       [  15,   29,    6,   93,   34,  653,   23,   16,   11,   12],
       [  19,    9,   14,    2,   20,   21,  872,    1,    0,    0],
       [   3,   33,   31,    3,   17,    0,    2,  910,    2,   27],
       [  13,   20,   19,   80,   17,   29,   20,   16,  734,   26],
       [  17,   12,   10,   14,   84,   13,    1,   40,    3,  815]],
      dtype=int64)}, 71.58809439999459)
[2024-08-13 10:28:58,378][flwr][INFO] - configure_evaluate: no clients selected, skipping evaluation
[2024-08-13 10:28:58,378][flwr][INFO] - 
[2024-08-13 10:28:58,378][flwr][INFO] - [ROUND 9]
[2024-08-13 10:28:58,379][flwr][INFO] - configure_fit: strategy sampled 10 clients (out of 10)
[2024-08-13 10:29:05,131][flwr][INFO] - aggregate_fit: received 10 results and 0 failures
[2024-08-13 10:29:07,322][flwr][INFO] - fit progress: (9, 0.5019260611898794, {'accuracy': 0.8756, 'precision': 0.8762340939709419, 'recall': 0.8756, 'f1': 0.8750983831524465, 'confusion_matrix': array([[ 943,    0,    3,    1,    0,    9,   15,    1,    8,    0],
       [   0, 1082,    7,    4,    0,    4,    5,    0,   33,    0],
       [  17,   15,  844,   26,   20,    1,   26,   23,   50,   10],
       [   5,    6,   20,  857,    1,   37,    8,   19,   40,   17],
       [   1,    9,    4,    0,  852,    1,   21,    2,   10,   82],
       [  19,   28,    4,   42,   25,  689,   24,   13,   32,   16],
       [  18,    8,   14,    2,   14,   23,  875,    0,    4,    0],
       [   3,   30,   26,    1,   13,    0,    2,  898,   11,   44],
       [   7,   11,   12,   25,    9,   21,   16,   12,  837,   24],
       [  17,   10,    8,    8,   38,   10,    1,   26,   12,  879]],
      dtype=int64)}, 80.53270049999992)
[2024-08-13 10:29:07,323][flwr][INFO] - configure_evaluate: no clients selected, skipping evaluation
[2024-08-13 10:29:07,323][flwr][INFO] - 
[2024-08-13 10:29:07,323][flwr][INFO] - [ROUND 10]
[2024-08-13 10:29:07,324][flwr][INFO] - configure_fit: strategy sampled 10 clients (out of 10)
[2024-08-13 10:29:14,013][flwr][INFO] - aggregate_fit: received 10 results and 0 failures
[2024-08-13 10:29:16,119][flwr][INFO] - fit progress: (10, 0.49224945512680096, {'accuracy': 0.8726, 'precision': 0.8747146344775268, 'recall': 0.8726, 'f1': 0.8714379193782555, 'confusion_matrix': array([[ 942,    0,    2,    6,    1,   12,   14,    1,    2,    0],
       [   0, 1093,   12,    6,    1,    3,    5,    0,   15,    0],
       [  15,   18,  853,   32,   29,    1,   24,   27,   30,    3],
       [   5,    4,   17,  897,    1,   37,    8,   22,   13,    6],
       [   1,    9,    4,    0,  929,    2,   13,    2,    3,   19],
       [  14,   25,    4,   72,   32,  687,   23,   13,   12,   10],
       [  18,    8,   14,    2,   21,   23,  871,    0,    1,    0],
       [   3,   31,   33,    2,   19,    0,    0,  917,    3,   20],
       [  13,   20,   18,   63,   19,   31,   18,   18,  757,   17],
       [  17,   11,   10,   14,  108,   13,    1,   50,    5,  780]],
      dtype=int64)}, 89.32992010000453)
[2024-08-13 10:29:16,120][flwr][INFO] - configure_evaluate: no clients selected, skipping evaluation
[2024-08-13 10:29:16,120][flwr][INFO] - 
[2024-08-13 10:29:16,120][flwr][INFO] - [SUMMARY]
[2024-08-13 10:29:16,120][flwr][INFO] - Run finished 10 round(s) in 89.33s
[2024-08-13 10:29:16,128][flwr][INFO] - 	History (loss, centralized):
[2024-08-13 10:29:16,129][flwr][INFO] - 		round 0: 2.3025850929940455
[2024-08-13 10:29:16,129][flwr][INFO] - 		round 1: 0.8573124280644521
[2024-08-13 10:29:16,129][flwr][INFO] - 		round 2: 0.6863584489410051
[2024-08-13 10:29:16,129][flwr][INFO] - 		round 3: 0.6395575990730079
[2024-08-13 10:29:16,129][flwr][INFO] - 		round 4: 0.5999493958108149
[2024-08-13 10:29:16,129][flwr][INFO] - 		round 5: 0.5636645564535987
[2024-08-13 10:29:16,129][flwr][INFO] - 		round 6: 0.5454036317271339
[2024-08-13 10:29:16,129][flwr][INFO] - 		round 7: 0.5290942572235082
[2024-08-13 10:29:16,129][flwr][INFO] - 		round 8: 0.5169837491611335
[2024-08-13 10:29:16,129][flwr][INFO] - 		round 9: 0.5019260611898794
[2024-08-13 10:29:16,129][flwr][INFO] - 		round 10: 0.49224945512680096
[2024-08-13 10:29:16,129][flwr][INFO] - 	History (metrics, centralized):
[2024-08-13 10:29:16,129][flwr][INFO] - 	{'accuracy': [(0, 0.098),
[2024-08-13 10:29:16,129][flwr][INFO] - 	              (1, 0.7376),
[2024-08-13 10:29:16,129][flwr][INFO] - 	              (2, 0.8158),
[2024-08-13 10:29:16,130][flwr][INFO] - 	              (3, 0.8462),
[2024-08-13 10:29:16,130][flwr][INFO] - 	              (4, 0.8343),
[2024-08-13 10:29:16,130][flwr][INFO] - 	              (5, 0.8632),
[2024-08-13 10:29:16,130][flwr][INFO] - 	              (6, 0.8617),
[2024-08-13 10:29:16,130][flwr][INFO] - 	              (7, 0.8706),
[2024-08-13 10:29:16,130][flwr][INFO] - 	              (8, 0.8685),
[2024-08-13 10:29:16,130][flwr][INFO] - 	              (9, 0.8756),
[2024-08-13 10:29:16,130][flwr][INFO] - 	              (10, 0.8726)],
[2024-08-13 10:29:16,130][flwr][INFO] - 	 'confusion_matrix': [(0,
[2024-08-13 10:29:16,130][flwr][INFO] - 	                       array([[ 980,    0,    0,    0,    0,    0,    0,    0,    0,    0],
[2024-08-13 10:29:16,130][flwr][INFO] - 	       [1135,    0,    0,    0,    0,    0,    0,    0,    0,    0],
[2024-08-13 10:29:16,130][flwr][INFO] - 	       [1032,    0,    0,    0,    0,    0,    0,    0,    0,    0],
[2024-08-13 10:29:16,130][flwr][INFO] - 	       [1010,    0,    0,    0,    0,    0,    0,    0,    0,    0],
[2024-08-13 10:29:16,130][flwr][INFO] - 	       [ 982,    0,    0,    0,    0,    0,    0,    0,    0,    0],
[2024-08-13 10:29:16,130][flwr][INFO] - 	       [ 892,    0,    0,    0,    0,    0,    0,    0,    0,    0],
[2024-08-13 10:29:16,130][flwr][INFO] - 	       [ 958,    0,    0,    0,    0,    0,    0,    0,    0,    0],
[2024-08-13 10:29:16,130][flwr][INFO] - 	       [1028,    0,    0,    0,    0,    0,    0,    0,    0,    0],
[2024-08-13 10:29:16,131][flwr][INFO] - 	       [ 974,    0,    0,    0,    0,    0,    0,    0,    0,    0],
[2024-08-13 10:29:16,131][flwr][INFO] - 	       [1009,    0,    0,    0,    0,    0,    0,    0,    0,    0]],
[2024-08-13 10:29:16,131][flwr][INFO] - 	      dtype=int64)),
[2024-08-13 10:29:16,131][flwr][INFO] - 	                      (1,
[2024-08-13 10:29:16,131][flwr][INFO] - 	                       array([[ 955,    0,    1,    5,    0,    0,    7,    1,   11,    0],
[2024-08-13 10:29:16,131][flwr][INFO] - 	       [   0, 1079,    1,    6,    0,    0,    4,    0,   45,    0],
[2024-08-13 10:29:16,131][flwr][INFO] - 	       [  77,   53,  698,   59,    7,    0,   31,   19,   82,    6],
[2024-08-13 10:29:16,131][flwr][INFO] - 	       [  34,   16,   15,  847,    0,    0,   10,   12,   69,    7],
[2024-08-13 10:29:16,131][flwr][INFO] - 	       [  25,   19,    3,    1,  539,    0,   46,    4,   54,  291],
[2024-08-13 10:29:16,131][flwr][INFO] - 	       [ 218,   70,    0,  268,    6,    4,   30,   30,  224,   42],
[2024-08-13 10:29:16,131][flwr][INFO] - 	       [  88,   20,   11,    3,    3,    0,  812,    1,   20,    0],
[2024-08-13 10:29:16,131][flwr][INFO] - 	       [  24,   57,   14,    2,    2,    0,    2,  855,   35,   37],
[2024-08-13 10:29:16,131][flwr][INFO] - 	       [  43,   15,    5,   98,    1,    0,   14,   10,  774,   14],
[2024-08-13 10:29:16,131][flwr][INFO] - 	       [  47,   20,    7,   13,   14,    0,    4,   45,   46,  813]],
[2024-08-13 10:29:16,131][flwr][INFO] - 	      dtype=int64)),
[2024-08-13 10:29:16,131][flwr][INFO] - 	                      (2,
[2024-08-13 10:29:16,131][flwr][INFO] - 	                       array([[ 931,    0,    8,    6,    0,    1,   24,    1,    9,    0],
[2024-08-13 10:29:16,132][flwr][INFO] - 	       [   0, 1088,   23,    4,    0,    0,    5,    1,   14,    0],
[2024-08-13 10:29:16,132][flwr][INFO] - 	       [  34,   38,  832,   29,   21,    0,   28,   18,   31,    1],
[2024-08-13 10:29:16,132][flwr][INFO] - 	       [  11,   15,   33,  874,    0,    4,   10,   18,   31,   14],
[2024-08-13 10:29:16,132][flwr][INFO] - 	       [   7,   16,    8,    0,  834,    0,   32,    3,    8,   74],
[2024-08-13 10:29:16,132][flwr][INFO] - 	       [  62,   57,   16,  207,   34,  384,   41,   33,   30,   28],
[2024-08-13 10:29:16,132][flwr][INFO] - 	       [  40,   20,   20,    2,   11,   12,  851,    0,    2,    0],
[2024-08-13 10:29:16,132][flwr][INFO] - 	       [   9,   48,   36,    0,   13,    0,    3,  883,    5,   31],
[2024-08-13 10:29:16,133][flwr][INFO] - 	       [  26,   31,   27,  101,   10,    5,   20,   15,  705,   34],
[2024-08-13 10:29:16,133][flwr][INFO] - 	       [  28,   20,   12,   14,   96,    1,    3,   47,   12,  776]],
[2024-08-13 10:29:16,133][flwr][INFO] - 	      dtype=int64)),
[2024-08-13 10:29:16,133][flwr][INFO] - 	                      (3,
[2024-08-13 10:29:16,133][flwr][INFO] - 	                       array([[ 910,    0,    4,    1,    0,   35,   23,    1,    6,    0],
[2024-08-13 10:29:16,133][flwr][INFO] - 	       [   0, 1078,    9,    2,    0,    9,    5,    0,   32,    0],
[2024-08-13 10:29:16,133][flwr][INFO] - 	       [  26,   31,  811,   27,   26,    0,   29,   20,   58,    4],
[2024-08-13 10:29:16,133][flwr][INFO] - 	       [   7,   13,   26,  814,    0,   57,    9,   16,   56,   12],
[2024-08-13 10:29:16,133][flwr][INFO] - 	       [   6,   11,    2,    0,  828,    1,   27,    2,   12,   93],
[2024-08-13 10:29:16,133][flwr][INFO] - 	       [  26,   43,    6,   60,   23,  657,   26,   13,   19,   19],
[2024-08-13 10:29:16,133][flwr][INFO] - 	       [  30,   14,   18,    1,   12,   24,  855,    0,    4,    0],
[2024-08-13 10:29:16,133][flwr][INFO] - 	       [   6,   43,   26,    0,   14,    0,    2,  877,   15,   45],
[2024-08-13 10:29:16,133][flwr][INFO] - 	       [  12,   14,   14,   39,    9,   26,   18,   12,  801,   29],
[2024-08-13 10:29:16,133][flwr][INFO] - 	       [  20,   16,    9,   10,   60,   15,    2,   32,   14,  831]],
[2024-08-13 10:29:16,133][flwr][INFO] - 	      dtype=int64)),
[2024-08-13 10:29:16,134][flwr][INFO] - 	                      (4,
[2024-08-13 10:29:16,134][flwr][INFO] - 	                       array([[ 930,    0,    6,   18,    0,    1,   20,    1,    4,    0],
[2024-08-13 10:29:16,134][flwr][INFO] - 	       [   0, 1081,   18,   19,    1,    0,    5,    1,   10,    0],
[2024-08-13 10:29:16,134][flwr][INFO] - 	       [  16,   18,  837,   59,   27,    0,   25,   22,   25,    3],
[2024-08-13 10:29:16,134][flwr][INFO] - 	       [   4,    5,   19,  930,    1,    6,    8,   20,    8,    9],
[2024-08-13 10:29:16,134][flwr][INFO] - 	       [   2,    9,    5,    2,  900,    0,   13,    3,    4,   44],
[2024-08-13 10:29:16,134][flwr][INFO] - 	       [  21,   41,    8,  241,   43,  439,   27,   32,   17,   23],
[2024-08-13 10:29:16,134][flwr][INFO] - 	       [  23,   11,   18,    6,   20,   16,  862,    1,    1,    0],
[2024-08-13 10:29:16,134][flwr][INFO] - 	       [   4,   33,   31,    5,   15,    0,    3,  905,    2,   30],
[2024-08-13 10:29:16,134][flwr][INFO] - 	       [  13,   18,   22,  168,   18,    8,   15,   17,  660,   35],
[2024-08-13 10:29:16,134][flwr][INFO] - 	       [  20,   15,   12,   18,   87,    2,    1,   51,    4,  799]],
[2024-08-13 10:29:16,134][flwr][INFO] - 	      dtype=int64)),
[2024-08-13 10:29:16,134][flwr][INFO] - 	                      (5,
[2024-08-13 10:29:16,134][flwr][INFO] - 	                       array([[ 924,    0,    4,    1,    0,   16,   21,    1,   13,    0],
[2024-08-13 10:29:16,134][flwr][INFO] - 	       [   0, 1076,    7,    2,    0,    6,    5,    0,   39,    0],
[2024-08-13 10:29:16,134][flwr][INFO] - 	       [  20,   21,  835,   16,   23,    1,   26,   22,   60,    8],
[2024-08-13 10:29:16,134][flwr][INFO] - 	       [   7,   12,   28,  784,    1,   71,    8,   19,   65,   15],
[2024-08-13 10:29:16,135][flwr][INFO] - 	       [   3,    9,    4,    0,  840,    1,   22,    2,   13,   88],
[2024-08-13 10:29:16,135][flwr][INFO] - 	       [  21,   31,    6,   21,   27,  702,   23,   14,   29,   18],
[2024-08-13 10:29:16,135][flwr][INFO] - 	       [  20,   11,   17,    1,   14,   24,  864,    1,    6,    0],
[2024-08-13 10:29:16,135][flwr][INFO] - 	       [   4,   34,   27,    0,   13,    0,    2,  892,   15,   41],
[2024-08-13 10:29:16,135][flwr][INFO] - 	       [   6,   11,   11,   16,   10,   27,   16,   11,  842,   24],
[2024-08-13 10:29:16,135][flwr][INFO] - 	       [  14,   13,    9,    6,   35,   12,    2,   26,   19,  873]],
[2024-08-13 10:29:16,135][flwr][INFO] - 	      dtype=int64)),
[2024-08-13 10:29:16,135][flwr][INFO] - 	                      (6,
[2024-08-13 10:29:16,135][flwr][INFO] - 	                       array([[ 936,    0,    4,    8,    1,   13,   15,    1,    2,    0],
[2024-08-13 10:29:16,135][flwr][INFO] - 	       [   0, 1087,   18,    9,    1,    1,    5,    1,   13,    0],
[2024-08-13 10:29:16,135][flwr][INFO] - 	       [  18,   21,  847,   37,   25,    0,   26,   23,   30,    5],
[2024-08-13 10:29:16,135][flwr][INFO] - 	       [   5,    5,   20,  903,    1,   23,    8,   21,   14,   10],
[2024-08-13 10:29:16,135][flwr][INFO] - 	       [   2,    9,    4,    0,  897,    1,   18,    2,    4,   45],
[2024-08-13 10:29:16,135][flwr][INFO] - 	       [  19,   32,    6,  113,   33,  617,   25,   16,   15,   16],
[2024-08-13 10:29:16,135][flwr][INFO] - 	       [  21,    9,   16,    2,   19,   21,  868,    1,    1,    0],
[2024-08-13 10:29:16,135][flwr][INFO] - 	       [   4,   33,   32,    2,   16,    0,    3,  902,    4,   32],
[2024-08-13 10:29:16,135][flwr][INFO] - 	       [  13,   18,   19,   87,   16,   23,   17,   16,  733,   32],
[2024-08-13 10:29:16,135][flwr][INFO] - 	       [  16,   15,   10,   14,   72,   10,    2,   38,    5,  827]],
[2024-08-13 10:29:16,136][flwr][INFO] - 	      dtype=int64)),
[2024-08-13 10:29:16,136][flwr][INFO] - 	                      (7,
[2024-08-13 10:29:16,136][flwr][INFO] - 	                       array([[ 935,    0,    3,    1,    0,   12,   16,    1,   12,    0],
[2024-08-13 10:29:16,136][flwr][INFO] - 	       [   0, 1078,    6,    3,    0,    3,    5,    0,   40,    0],
[2024-08-13 10:29:16,136][flwr][INFO] - 	       [  18,   19,  837,   20,   20,    1,   25,   23,   59,   10],
[2024-08-13 10:29:16,136][flwr][INFO] - 	       [   6,    8,   22,  824,    1,   50,    8,   18,   55,   18],
[2024-08-13 10:29:16,136][flwr][INFO] - 	       [   2,    9,    4,    0,  840,    1,   20,    2,   13,   91],
[2024-08-13 10:29:16,136][flwr][INFO] - 	       [  22,   28,    6,   30,   25,  694,   24,   12,   34,   17],
[2024-08-13 10:29:16,136][flwr][INFO] - 	       [  19,    8,   13,    2,   14,   21,  872,    1,    8,    0],
[2024-08-13 10:29:16,136][flwr][INFO] - 	       [   4,   32,   26,    0,   12,    0,    3,  894,   14,   43],
[2024-08-13 10:29:16,136][flwr][INFO] - 	       [   6,    9,   11,   19,   10,   20,   16,   10,  852,   21],
[2024-08-13 10:29:16,136][flwr][INFO] - 	       [  15,   12,    7,    6,   36,   11,    1,   22,   19,  880]],
[2024-08-13 10:29:16,136][flwr][INFO] - 	      dtype=int64)),
[2024-08-13 10:29:16,136][flwr][INFO] - 	                      (8,
[2024-08-13 10:29:16,136][flwr][INFO] - 	                       array([[ 943,    0,    2,    6,    1,   12,   13,    1,    2,    0],
[2024-08-13 10:29:16,136][flwr][INFO] - 	       [   0, 1089,   16,    9,    1,    2,    5,    0,   13,    0],
[2024-08-13 10:29:16,136][flwr][INFO] - 	       [  16,   19,  851,   35,   25,    0,   26,   26,   30,    4],
[2024-08-13 10:29:16,137][flwr][INFO] - 	       [   5,    5,   16,  907,    1,   29,    8,   22,   11,    6],
[2024-08-13 10:29:16,137][flwr][INFO] - 	       [   2,    9,    4,    0,  911,    2,   16,    3,    3,   32],
[2024-08-13 10:29:16,137][flwr][INFO] - 	       [  15,   29,    6,   93,   34,  653,   23,   16,   11,   12],
[2024-08-13 10:29:16,137][flwr][INFO] - 	       [  19,    9,   14,    2,   20,   21,  872,    1,    0,    0],
[2024-08-13 10:29:16,137][flwr][INFO] - 	       [   3,   33,   31,    3,   17,    0,    2,  910,    2,   27],
[2024-08-13 10:29:16,137][flwr][INFO] - 	       [  13,   20,   19,   80,   17,   29,   20,   16,  734,   26],
[2024-08-13 10:29:16,137][flwr][INFO] - 	       [  17,   12,   10,   14,   84,   13,    1,   40,    3,  815]],
[2024-08-13 10:29:16,137][flwr][INFO] - 	      dtype=int64)),
[2024-08-13 10:29:16,137][flwr][INFO] - 	                      (9,
[2024-08-13 10:29:16,137][flwr][INFO] - 	                       array([[ 943,    0,    3,    1,    0,    9,   15,    1,    8,    0],
[2024-08-13 10:29:16,137][flwr][INFO] - 	       [   0, 1082,    7,    4,    0,    4,    5,    0,   33,    0],
[2024-08-13 10:29:16,137][flwr][INFO] - 	       [  17,   15,  844,   26,   20,    1,   26,   23,   50,   10],
[2024-08-13 10:29:16,137][flwr][INFO] - 	       [   5,    6,   20,  857,    1,   37,    8,   19,   40,   17],
[2024-08-13 10:29:16,137][flwr][INFO] - 	       [   1,    9,    4,    0,  852,    1,   21,    2,   10,   82],
[2024-08-13 10:29:16,137][flwr][INFO] - 	       [  19,   28,    4,   42,   25,  689,   24,   13,   32,   16],
[2024-08-13 10:29:16,137][flwr][INFO] - 	       [  18,    8,   14,    2,   14,   23,  875,    0,    4,    0],
[2024-08-13 10:29:16,137][flwr][INFO] - 	       [   3,   30,   26,    1,   13,    0,    2,  898,   11,   44],
[2024-08-13 10:29:16,137][flwr][INFO] - 	       [   7,   11,   12,   25,    9,   21,   16,   12,  837,   24],
[2024-08-13 10:29:16,138][flwr][INFO] - 	       [  17,   10,    8,    8,   38,   10,    1,   26,   12,  879]],
[2024-08-13 10:29:16,138][flwr][INFO] - 	      dtype=int64)),
[2024-08-13 10:29:16,138][flwr][INFO] - 	                      (10,
[2024-08-13 10:29:16,138][flwr][INFO] - 	                       array([[ 942,    0,    2,    6,    1,   12,   14,    1,    2,    0],
[2024-08-13 10:29:16,138][flwr][INFO] - 	       [   0, 1093,   12,    6,    1,    3,    5,    0,   15,    0],
[2024-08-13 10:29:16,138][flwr][INFO] - 	       [  15,   18,  853,   32,   29,    1,   24,   27,   30,    3],
[2024-08-13 10:29:16,138][flwr][INFO] - 	       [   5,    4,   17,  897,    1,   37,    8,   22,   13,    6],
[2024-08-13 10:29:16,138][flwr][INFO] - 	       [   1,    9,    4,    0,  929,    2,   13,    2,    3,   19],
[2024-08-13 10:29:16,138][flwr][INFO] - 	       [  14,   25,    4,   72,   32,  687,   23,   13,   12,   10],
[2024-08-13 10:29:16,138][flwr][INFO] - 	       [  18,    8,   14,    2,   21,   23,  871,    0,    1,    0],
[2024-08-13 10:29:16,138][flwr][INFO] - 	       [   3,   31,   33,    2,   19,    0,    0,  917,    3,   20],
[2024-08-13 10:29:16,138][flwr][INFO] - 	       [  13,   20,   18,   63,   19,   31,   18,   18,  757,   17],
[2024-08-13 10:29:16,138][flwr][INFO] - 	       [  17,   11,   10,   14,  108,   13,    1,   50,    5,  780]],
[2024-08-13 10:29:16,138][flwr][INFO] - 	      dtype=int64))],
[2024-08-13 10:29:16,138][flwr][INFO] - 	 'f1': [(0, 0.017493624772313296),
[2024-08-13 10:29:16,138][flwr][INFO] - 	        (1, 0.7046114748180736),
[2024-08-13 10:29:16,138][flwr][INFO] - 	        (2, 0.8091526679415402),
[2024-08-13 10:29:16,139][flwr][INFO] - 	        (3, 0.8454355441742788),
[2024-08-13 10:29:16,139][flwr][INFO] - 	        (4, 0.830511859657916),
[2024-08-13 10:29:16,139][flwr][INFO] - 	        (5, 0.862930345453699),
[2024-08-13 10:29:16,139][flwr][INFO] - 	        (6, 0.8601788572235375),
[2024-08-13 10:29:16,139][flwr][INFO] - 	        (7, 0.8703456568767335),
[2024-08-13 10:29:16,139][flwr][INFO] - 	        (8, 0.8671639477022535),
[2024-08-13 10:29:16,139][flwr][INFO] - 	        (9, 0.8750983831524465),
[2024-08-13 10:29:16,139][flwr][INFO] - 	        (10, 0.8714379193782555)],
[2024-08-13 10:29:16,139][flwr][INFO] - 	 'precision': [(0, 0.009604000000000001),
[2024-08-13 10:29:16,139][flwr][INFO] - 	               (1, 0.7897907821253273),
[2024-08-13 10:29:16,139][flwr][INFO] - 	               (2, 0.8246454314409566),
[2024-08-13 10:29:16,139][flwr][INFO] - 	               (3, 0.8465893348403372),
[2024-08-13 10:29:16,139][flwr][INFO] - 	               (4, 0.8485707072479075),
[2024-08-13 10:29:16,139][flwr][INFO] - 	               (5, 0.8655322431860047),
[2024-08-13 10:29:16,139][flwr][INFO] - 	               (6, 0.8637078311226613),
[2024-08-13 10:29:16,139][flwr][INFO] - 	               (7, 0.872639452569068),
[2024-08-13 10:29:16,139][flwr][INFO] - 	               (8, 0.8704534057119903),
[2024-08-13 10:29:16,140][flwr][INFO] - 	               (9, 0.8762340939709419),
[2024-08-13 10:29:16,140][flwr][INFO] - 	               (10, 0.8747146344775268)],
[2024-08-13 10:29:16,140][flwr][INFO] - 	 'recall': [(0, 0.098),
[2024-08-13 10:29:16,140][flwr][INFO] - 	            (1, 0.7376),
[2024-08-13 10:29:16,140][flwr][INFO] - 	            (2, 0.8158),
[2024-08-13 10:29:16,140][flwr][INFO] - 	            (3, 0.8462),
[2024-08-13 10:29:16,140][flwr][INFO] - 	            (4, 0.8343),
[2024-08-13 10:29:16,140][flwr][INFO] - 	            (5, 0.8632),
[2024-08-13 10:29:16,140][flwr][INFO] - 	            (6, 0.8617),
[2024-08-13 10:29:16,140][flwr][INFO] - 	            (7, 0.8706),
[2024-08-13 10:29:16,140][flwr][INFO] - 	            (8, 0.8685),
[2024-08-13 10:29:16,140][flwr][INFO] - 	            (9, 0.8756),
[2024-08-13 10:29:16,140][flwr][INFO] - 	            (10, 0.8726)]}
[2024-08-13 10:29:16,140][flwr][INFO] - 
