[2024-08-13 12:03:38,749][flwr][INFO] - Starting Flower simulation, config: num_rounds=10, no round_timeout
[2024-08-13 12:03:42,811][flwr][INFO] - Flower VCE: Ray initialized with resources: {'memory': 5091535259.0, 'node:127.0.0.1': 1.0, 'object_store_memory': 2545767628.0, 'CPU': 16.0, 'GPU': 1.0, 'accelerator_type:G': 1.0, 'node:__internal_head__': 1.0}
[2024-08-13 12:03:42,811][flwr][INFO] - Optimize your simulation with Flower VCE: https://flower.ai/docs/framework/how-to-run-simulations.html
[2024-08-13 12:03:42,811][flwr][INFO] - Flower VCE: Resources for each Virtual Client: {'num_cpus': 2, 'num_gpus': 0.5}
[2024-08-13 12:03:42,823][flwr][INFO] - Flower VCE: Creating VirtualClientEngineActorPool with 2 actors
[2024-08-13 12:03:42,823][flwr][INFO] - [INIT]
[2024-08-13 12:03:42,823][flwr][INFO] - Requesting initial parameters from one random client
[2024-08-13 12:03:50,192][flwr][INFO] - Received initial parameters from one random client
[2024-08-13 12:03:50,192][flwr][INFO] - Evaluating initial global parameters
[2024-08-13 12:03:52,479][flwr][INFO] - initial parameters (loss, other metrics): 2.3025850929940455, {'accuracy': 0.098, 'precision': 0.009604000000000001, 'recall': 0.098, 'f1': 0.017493624772313296, 'confusion_matrix': array([[ 980,    0,    0,    0,    0,    0,    0,    0,    0,    0],
       [1135,    0,    0,    0,    0,    0,    0,    0,    0,    0],
       [1032,    0,    0,    0,    0,    0,    0,    0,    0,    0],
       [1010,    0,    0,    0,    0,    0,    0,    0,    0,    0],
       [ 982,    0,    0,    0,    0,    0,    0,    0,    0,    0],
       [ 892,    0,    0,    0,    0,    0,    0,    0,    0,    0],
       [ 958,    0,    0,    0,    0,    0,    0,    0,    0,    0],
       [1028,    0,    0,    0,    0,    0,    0,    0,    0,    0],
       [ 974,    0,    0,    0,    0,    0,    0,    0,    0,    0],
       [1009,    0,    0,    0,    0,    0,    0,    0,    0,    0]],
      dtype=int64)}
[2024-08-13 12:03:52,479][flwr][INFO] - 
[2024-08-13 12:03:52,479][flwr][INFO] - [ROUND 1]
[2024-08-13 12:03:52,480][flwr][INFO] - configure_fit: strategy sampled 10 clients (out of 10)
[2024-08-13 12:04:01,028][flwr][INFO] - aggregate_fit: received 10 results and 0 failures
[2024-08-13 12:04:01,031][flwr][WARNING] - No fit_metrics_aggregation_fn provided
[2024-08-13 12:04:03,107][flwr][INFO] - fit progress: (1, 0.8693765052593946, {'accuracy': 0.7292, 'precision': 0.7907683074621821, 'recall': 0.7292, 'f1': 0.6969292504187485, 'confusion_matrix': array([[ 954,    0,    1,    5,    0,    0,    6,    1,   13,    0],
       [   0, 1071,    2,    7,    0,    0,    4,    1,   50,    0],
       [  82,   43,  689,   70,    6,    0,   30,   15,   90,    7],
       [  32,   15,   14,  847,    0,    0,   10,   10,   74,    8],
       [  29,   14,    1,    1,  476,    0,   40,    3,   75,  343],
       [ 217,   63,    0,  250,    4,    5,   31,   21,  254,   47],
       [  91,   18,   11,    2,    3,    0,  809,    1,   23,    0],
       [  29,   46,   11,    2,    2,    0,    2,  826,   65,   45],
       [  42,   14,    5,   92,    1,    0,   12,    8,  786,   14],
       [  47,   18,    5,   12,    9,    0,    3,   28,   58,  829]],
      dtype=int64)}, 10.627054399999906)
[2024-08-13 12:04:03,108][flwr][INFO] - configure_evaluate: no clients selected, skipping evaluation
[2024-08-13 12:04:03,108][flwr][INFO] - 
[2024-08-13 12:04:03,108][flwr][INFO] - [ROUND 2]
[2024-08-13 12:04:03,108][flwr][INFO] - configure_fit: strategy sampled 10 clients (out of 10)
[2024-08-13 12:04:09,478][flwr][INFO] - aggregate_fit: received 10 results and 0 failures
[2024-08-13 12:04:11,561][flwr][INFO] - fit progress: (2, 0.6958300379939091, {'accuracy': 0.8149, 'precision': 0.8243472397274411, 'recall': 0.8149, 'f1': 0.8084719379674411, 'confusion_matrix': array([[ 934,    0,    7,    6,    0,    2,   22,    1,    8,    0],
       [   0, 1083,   33,    6,    0,    0,    5,    1,    7,    0],
       [  36,   30,  838,   35,   20,    0,   27,   17,   28,    1],
       [  10,   14,   32,  880,    0,    3,   10,   19,   27,   15],
       [   8,   13,    7,    0,  834,    0,   33,    2,    8,   77],
       [  60,   59,   19,  210,   28,  389,   40,   33,   25,   29],
       [  44,   18,   21,    2,   10,   13,  849,    1,    0,    0],
       [  11,   45,   40,    0,   12,    0,    3,  882,    6,   29],
       [  26,   31,   29,  117,   11,    7,   21,   14,  682,   36],
       [  32,   19,    9,   14,   90,    1,    2,   53,   11,  778]],
      dtype=int64)}, 19.081538099999307)
[2024-08-13 12:04:11,562][flwr][INFO] - configure_evaluate: no clients selected, skipping evaluation
[2024-08-13 12:04:11,562][flwr][INFO] - 
[2024-08-13 12:04:11,562][flwr][INFO] - [ROUND 3]
[2024-08-13 12:04:11,562][flwr][INFO] - configure_fit: strategy sampled 10 clients (out of 10)
[2024-08-13 12:04:18,064][flwr][INFO] - aggregate_fit: received 10 results and 0 failures
[2024-08-13 12:04:20,155][flwr][INFO] - fit progress: (3, 0.6547324859884139, {'accuracy': 0.8462, 'precision': 0.8462968134115132, 'recall': 0.8462, 'f1': 0.8453385917098561, 'confusion_matrix': array([[ 911,    0,    4,    1,    0,   31,   24,    1,    8,    0],
       [   0, 1075,   22,    2,    0,    7,    5,    0,   24,    0],
       [  26,   23,  826,   26,   25,    0,   28,   20,   54,    4],
       [   6,   13,   25,  813,    1,   57,    8,   17,   57,   13],
       [   6,    9,    3,    0,  831,    1,   27,    2,   17,   86],
       [  28,   47,    7,   69,   22,  639,   25,   15,   22,   18],
       [  30,   13,   19,    0,   11,   23,  858,    1,    3,    0],
       [   7,   41,   29,    0,   16,    0,    2,  872,   21,   40],
       [  13,   14,   15,   44,    9,   24,   18,   11,  797,   29],
       [  21,   15,    6,    7,   55,   14,    2,   28,   21,  840]],
      dtype=int64)}, 27.675887099991087)
[2024-08-13 12:04:20,156][flwr][INFO] - configure_evaluate: no clients selected, skipping evaluation
[2024-08-13 12:04:20,156][flwr][INFO] - 
[2024-08-13 12:04:20,156][flwr][INFO] - [ROUND 4]
[2024-08-13 12:04:20,156][flwr][INFO] - configure_fit: strategy sampled 10 clients (out of 10)
[2024-08-13 12:04:26,658][flwr][INFO] - aggregate_fit: received 10 results and 0 failures
[2024-08-13 12:04:28,739][flwr][INFO] - fit progress: (4, 0.6225711818841441, {'accuracy': 0.8407, 'precision': 0.8510262218525442, 'recall': 0.8407, 'f1': 0.8381250512570314, 'confusion_matrix': array([[ 923,    0,    5,   16,    2,    8,   24,    1,    1,    0],
       [   0, 1081,   23,   18,    1,    1,    5,    1,    5,    0],
       [  15,   18,  840,   60,   26,    0,   23,   23,   24,    3],
       [   4,    4,   17,  920,    2,   11,    8,   19,    9,   16],
       [   2,    9,    4,    0,  902,    0,   16,    1,    3,   45],
       [  16,   42,    9,  189,   39,  513,   26,   23,   13,   22],
       [  18,   11,   20,    3,   20,   19,  866,    1,    0,    0],
       [   3,   34,   34,    4,   18,    0,    1,  901,    1,   32],
       [  12,   21,   25,  166,   19,   13,   16,   15,  644,   43],
       [  20,   13,    7,   14,   80,    7,    2,   46,    3,  817]],
      dtype=int64)}, 36.259418499990716)
[2024-08-13 12:04:28,740][flwr][INFO] - configure_evaluate: no clients selected, skipping evaluation
[2024-08-13 12:04:28,740][flwr][INFO] - 
[2024-08-13 12:04:28,740][flwr][INFO] - [ROUND 5]
[2024-08-13 12:04:28,741][flwr][INFO] - configure_fit: strategy sampled 10 clients (out of 10)
[2024-08-13 12:04:35,411][flwr][INFO] - aggregate_fit: received 10 results and 0 failures
[2024-08-13 12:04:37,489][flwr][INFO] - fit progress: (5, 0.5940187334680794, {'accuracy': 0.8631, 'precision': 0.8648168993191634, 'recall': 0.8631, 'f1': 0.8627852674885403, 'confusion_matrix': array([[ 919,    0,    4,    1,    0,   17,   21,    1,   17,    0],
       [   0, 1078,   13,    2,    1,    5,    5,    0,   31,    0],
       [  17,   20,  839,   22,   23,    0,   26,   24,   54,    7],
       [   5,    9,   24,  806,    1,   54,    8,   18,   69,   16],
       [   3,    7,    4,    0,  848,    1,   21,    2,   16,   80],
       [  19,   38,    6,   37,   24,  679,   25,   14,   33,   17],
       [  18,   10,   19,    1,   13,   21,  870,    1,    5,    0],
       [   4,   34,   28,    0,   15,    0,    2,  886,   20,   39],
       [   6,   12,   11,   20,    9,   27,   17,   11,  838,   23],
       [  14,   10,    5,    6,   42,   11,    2,   27,   24,  868]],
      dtype=int64)}, 45.00970169999346)
[2024-08-13 12:04:37,490][flwr][INFO] - configure_evaluate: no clients selected, skipping evaluation
[2024-08-13 12:04:37,490][flwr][INFO] - 
[2024-08-13 12:04:37,490][flwr][INFO] - [ROUND 6]
[2024-08-13 12:04:37,491][flwr][INFO] - configure_fit: strategy sampled 10 clients (out of 10)
[2024-08-13 12:04:43,990][flwr][INFO] - aggregate_fit: received 10 results and 0 failures
[2024-08-13 12:04:46,064][flwr][INFO] - fit progress: (6, 0.5815083424402423, {'accuracy': 0.8591, 'precision': 0.8627920762626689, 'recall': 0.8591, 'f1': 0.8573930236046119, 'confusion_matrix': array([[ 937,    0,    2,    8,    1,   13,   16,    1,    2,    0],
       [   0, 1087,   21,   10,    1,    1,    5,    1,    9,    0],
       [  16,   17,  850,   46,   24,    0,   25,   24,   26,    4],
       [   5,    4,   14,  907,    1,   27,    8,   19,   11,   14],
       [   2,    9,    4,    0,  904,    1,   17,    1,    3,   41],
       [  17,   37,    4,  119,   32,  616,   25,   15,   11,   16],
       [  18,    9,   16,    2,   20,   20,  872,    1,    0,    0],
       [   3,   33,   36,    3,   18,    0,    1,  901,    1,   32],
       [  13,   26,   21,  116,   18,   29,   18,   14,  682,   37],
       [  17,   13,    7,   14,   73,    8,    2,   37,    3,  835]],
      dtype=int64)}, 53.5844536999939)
[2024-08-13 12:04:46,065][flwr][INFO] - configure_evaluate: no clients selected, skipping evaluation
[2024-08-13 12:04:46,065][flwr][INFO] - 
[2024-08-13 12:04:46,065][flwr][INFO] - [ROUND 7]
[2024-08-13 12:04:46,065][flwr][INFO] - configure_fit: strategy sampled 10 clients (out of 10)
[2024-08-13 12:04:52,591][flwr][INFO] - aggregate_fit: received 10 results and 0 failures
[2024-08-13 12:04:54,667][flwr][INFO] - fit progress: (7, 0.5630452114292783, {'accuracy': 0.8716, 'precision': 0.8719439922588199, 'recall': 0.8716, 'f1': 0.8709192878981433, 'confusion_matrix': array([[ 939,    0,    3,    1,    0,   12,   17,    1,    7,    0],
       [   0, 1083,   12,    4,    1,    3,    5,    0,   27,    0],
       [  16,   17,  841,   27,   21,    0,   25,   27,   50,    8],
       [   5,    6,   19,  849,    1,   41,    8,   17,   46,   18],
       [   1,    8,    4,    0,  862,    1,   20,    1,   11,   74],
       [  19,   34,    5,   49,   26,  671,   27,   15,   31,   15],
       [  16,    9,   18,    2,   13,   20,  876,    1,    3,    0],
       [   3,   31,   31,    0,   16,    0,    1,  892,   14,   40],
       [   7,   14,   11,   29,    9,   23,   17,   11,  831,   22],
       [  16,   11,    5,    6,   42,    9,    2,   28,   18,  872]],
      dtype=int64)}, 62.187428499993985)
[2024-08-13 12:04:54,668][flwr][INFO] - configure_evaluate: no clients selected, skipping evaluation
[2024-08-13 12:04:54,668][flwr][INFO] - 
[2024-08-13 12:04:54,668][flwr][INFO] - [ROUND 8]
[2024-08-13 12:04:54,668][flwr][INFO] - configure_fit: strategy sampled 10 clients (out of 10)
[2024-08-13 12:05:01,210][flwr][INFO] - aggregate_fit: received 10 results and 0 failures
[2024-08-13 12:05:03,285][flwr][INFO] - fit progress: (8, 0.5470526327334002, {'accuracy': 0.8658, 'precision': 0.869019840261949, 'recall': 0.8658, 'f1': 0.864252831960175, 'confusion_matrix': array([[ 940,    0,    2,    7,    2,   11,   15,    1,    2,    0],
       [   0, 1090,   19,   10,    1,    2,    5,    0,    8,    0],
       [  15,   15,  860,   39,   26,    0,   25,   23,   25,    4],
       [   5,    4,   15,  907,    1,   30,    8,   18,   11,   11],
       [   1,    7,    4,    0,  925,    2,   13,    1,    2,   27],
       [  13,   34,    4,   97,   31,  652,   26,   13,    9,   13],
       [  15,    9,   16,    2,   20,   20,  876,    0,    0,    0],
       [   3,   30,   38,    3,   20,    0,    1,  901,    1,   31],
       [  15,   26,   21,  104,   23,   33,   18,   14,  688,   32],
       [  17,   10,    8,   13,   90,   13,    1,   35,    3,  819]],
      dtype=int64)}, 70.8058086999954)
[2024-08-13 12:05:03,286][flwr][INFO] - configure_evaluate: no clients selected, skipping evaluation
[2024-08-13 12:05:03,286][flwr][INFO] - 
[2024-08-13 12:05:03,286][flwr][INFO] - [ROUND 9]
[2024-08-13 12:05:03,286][flwr][INFO] - configure_fit: strategy sampled 10 clients (out of 10)
[2024-08-13 12:05:09,804][flwr][INFO] - aggregate_fit: received 10 results and 0 failures
[2024-08-13 12:05:12,017][flwr][INFO] - fit progress: (9, 0.5295214575562561, {'accuracy': 0.8779, 'precision': 0.8779725016719896, 'recall': 0.8779, 'f1': 0.8772405997601938, 'confusion_matrix': array([[ 943,    0,    2,    1,    1,    9,   17,    1,    6,    0],
       [   0, 1086,   12,    4,    1,    3,    5,    0,   24,    0],
       [  15,   14,  854,   25,   19,    0,   25,   27,   44,    9],
       [   5,    3,   17,  869,    1,   35,    8,   17,   35,   20],
       [   1,    7,    4,    0,  872,    1,   19,    1,   11,   66],
       [  16,   31,    2,   53,   24,  684,   27,   12,   28,   15],
       [  15,    8,   14,    2,   14,   20,  883,    0,    2,    0],
       [   3,   30,   32,    1,   16,    0,    0,  893,   12,   41],
       [  12,   13,   13,   31,   10,   23,   16,   12,  822,   22],
       [  17,   10,    5,    8,   44,   11,    2,   25,   14,  873]],
      dtype=int64)}, 79.53764470000169)
[2024-08-13 12:05:12,018][flwr][INFO] - configure_evaluate: no clients selected, skipping evaluation
[2024-08-13 12:05:12,018][flwr][INFO] - 
[2024-08-13 12:05:12,018][flwr][INFO] - [ROUND 10]
[2024-08-13 12:05:12,018][flwr][INFO] - configure_fit: strategy sampled 10 clients (out of 10)
[2024-08-13 12:05:18,439][flwr][INFO] - aggregate_fit: received 10 results and 0 failures
[2024-08-13 12:05:20,558][flwr][INFO] - fit progress: (10, 0.5138096193793453, {'accuracy': 0.8791, 'precision': 0.8808963476502218, 'recall': 0.8791, 'f1': 0.8780103277732105, 'confusion_matrix': array([[ 947,    0,    3,    4,    1,   11,   11,    1,    2,    0],
       [   0, 1097,   12,    5,    1,    4,    5,    0,   11,    0],
       [  13,   17,  857,   32,   28,    0,   21,   32,   30,    2],
       [   5,    4,   14,  891,    1,   38,    8,   25,   17,    7],
       [   1,    5,    3,    0,  934,    2,   13,    1,    2,   21],
       [  12,   23,    2,   59,   26,  717,   21,   12,   12,    8],
       [  16,    6,   12,    2,   20,   21,  879,    1,    1,    0],
       [   3,   25,   31,    4,   18,    0,    1,  925,    1,   20],
       [  13,   25,   16,   56,   22,   40,   16,   17,  754,   15],
       [  20,   10,    6,   12,   97,   15,    1,   54,    4,  790]],
      dtype=int64)}, 88.07743269999628)
[2024-08-13 12:05:20,558][flwr][INFO] - configure_evaluate: no clients selected, skipping evaluation
[2024-08-13 12:05:20,558][flwr][INFO] - 
[2024-08-13 12:05:20,559][flwr][INFO] - [SUMMARY]
[2024-08-13 12:05:20,559][flwr][INFO] - Run finished 10 round(s) in 88.08s
[2024-08-13 12:05:20,567][flwr][INFO] - 	History (loss, centralized):
[2024-08-13 12:05:20,567][flwr][INFO] - 		round 0: 2.3025850929940455
[2024-08-13 12:05:20,567][flwr][INFO] - 		round 1: 0.8693765052593946
[2024-08-13 12:05:20,567][flwr][INFO] - 		round 2: 0.6958300379939091
[2024-08-13 12:05:20,567][flwr][INFO] - 		round 3: 0.6547324859884139
[2024-08-13 12:05:20,567][flwr][INFO] - 		round 4: 0.6225711818841441
[2024-08-13 12:05:20,567][flwr][INFO] - 		round 5: 0.5940187334680794
[2024-08-13 12:05:20,567][flwr][INFO] - 		round 6: 0.5815083424402423
[2024-08-13 12:05:20,567][flwr][INFO] - 		round 7: 0.5630452114292783
[2024-08-13 12:05:20,567][flwr][INFO] - 		round 8: 0.5470526327334002
[2024-08-13 12:05:20,568][flwr][INFO] - 		round 9: 0.5295214575562561
[2024-08-13 12:05:20,568][flwr][INFO] - 		round 10: 0.5138096193793453
[2024-08-13 12:05:20,568][flwr][INFO] - 	History (metrics, centralized):
[2024-08-13 12:05:20,568][flwr][INFO] - 	{'accuracy': [(0, 0.098),
[2024-08-13 12:05:20,568][flwr][INFO] - 	              (1, 0.7292),
[2024-08-13 12:05:20,568][flwr][INFO] - 	              (2, 0.8149),
[2024-08-13 12:05:20,568][flwr][INFO] - 	              (3, 0.8462),
[2024-08-13 12:05:20,568][flwr][INFO] - 	              (4, 0.8407),
[2024-08-13 12:05:20,568][flwr][INFO] - 	              (5, 0.8631),
[2024-08-13 12:05:20,568][flwr][INFO] - 	              (6, 0.8591),
[2024-08-13 12:05:20,568][flwr][INFO] - 	              (7, 0.8716),
[2024-08-13 12:05:20,568][flwr][INFO] - 	              (8, 0.8658),
[2024-08-13 12:05:20,568][flwr][INFO] - 	              (9, 0.8779),
[2024-08-13 12:05:20,568][flwr][INFO] - 	              (10, 0.8791)],
[2024-08-13 12:05:20,568][flwr][INFO] - 	 'confusion_matrix': [(0,
[2024-08-13 12:05:20,568][flwr][INFO] - 	                       array([[ 980,    0,    0,    0,    0,    0,    0,    0,    0,    0],
[2024-08-13 12:05:20,569][flwr][INFO] - 	       [1135,    0,    0,    0,    0,    0,    0,    0,    0,    0],
[2024-08-13 12:05:20,569][flwr][INFO] - 	       [1032,    0,    0,    0,    0,    0,    0,    0,    0,    0],
[2024-08-13 12:05:20,569][flwr][INFO] - 	       [1010,    0,    0,    0,    0,    0,    0,    0,    0,    0],
[2024-08-13 12:05:20,569][flwr][INFO] - 	       [ 982,    0,    0,    0,    0,    0,    0,    0,    0,    0],
[2024-08-13 12:05:20,569][flwr][INFO] - 	       [ 892,    0,    0,    0,    0,    0,    0,    0,    0,    0],
[2024-08-13 12:05:20,569][flwr][INFO] - 	       [ 958,    0,    0,    0,    0,    0,    0,    0,    0,    0],
[2024-08-13 12:05:20,569][flwr][INFO] - 	       [1028,    0,    0,    0,    0,    0,    0,    0,    0,    0],
[2024-08-13 12:05:20,569][flwr][INFO] - 	       [ 974,    0,    0,    0,    0,    0,    0,    0,    0,    0],
[2024-08-13 12:05:20,569][flwr][INFO] - 	       [1009,    0,    0,    0,    0,    0,    0,    0,    0,    0]],
[2024-08-13 12:05:20,569][flwr][INFO] - 	      dtype=int64)),
[2024-08-13 12:05:20,569][flwr][INFO] - 	                      (1,
[2024-08-13 12:05:20,569][flwr][INFO] - 	                       array([[ 954,    0,    1,    5,    0,    0,    6,    1,   13,    0],
[2024-08-13 12:05:20,569][flwr][INFO] - 	       [   0, 1071,    2,    7,    0,    0,    4,    1,   50,    0],
[2024-08-13 12:05:20,569][flwr][INFO] - 	       [  82,   43,  689,   70,    6,    0,   30,   15,   90,    7],
[2024-08-13 12:05:20,569][flwr][INFO] - 	       [  32,   15,   14,  847,    0,    0,   10,   10,   74,    8],
[2024-08-13 12:05:20,569][flwr][INFO] - 	       [  29,   14,    1,    1,  476,    0,   40,    3,   75,  343],
[2024-08-13 12:05:20,569][flwr][INFO] - 	       [ 217,   63,    0,  250,    4,    5,   31,   21,  254,   47],
[2024-08-13 12:05:20,570][flwr][INFO] - 	       [  91,   18,   11,    2,    3,    0,  809,    1,   23,    0],
[2024-08-13 12:05:20,570][flwr][INFO] - 	       [  29,   46,   11,    2,    2,    0,    2,  826,   65,   45],
[2024-08-13 12:05:20,570][flwr][INFO] - 	       [  42,   14,    5,   92,    1,    0,   12,    8,  786,   14],
[2024-08-13 12:05:20,570][flwr][INFO] - 	       [  47,   18,    5,   12,    9,    0,    3,   28,   58,  829]],
[2024-08-13 12:05:20,570][flwr][INFO] - 	      dtype=int64)),
[2024-08-13 12:05:20,570][flwr][INFO] - 	                      (2,
[2024-08-13 12:05:20,570][flwr][INFO] - 	                       array([[ 934,    0,    7,    6,    0,    2,   22,    1,    8,    0],
[2024-08-13 12:05:20,570][flwr][INFO] - 	       [   0, 1083,   33,    6,    0,    0,    5,    1,    7,    0],
[2024-08-13 12:05:20,570][flwr][INFO] - 	       [  36,   30,  838,   35,   20,    0,   27,   17,   28,    1],
[2024-08-13 12:05:20,570][flwr][INFO] - 	       [  10,   14,   32,  880,    0,    3,   10,   19,   27,   15],
[2024-08-13 12:05:20,570][flwr][INFO] - 	       [   8,   13,    7,    0,  834,    0,   33,    2,    8,   77],
[2024-08-13 12:05:20,570][flwr][INFO] - 	       [  60,   59,   19,  210,   28,  389,   40,   33,   25,   29],
[2024-08-13 12:05:20,570][flwr][INFO] - 	       [  44,   18,   21,    2,   10,   13,  849,    1,    0,    0],
[2024-08-13 12:05:20,570][flwr][INFO] - 	       [  11,   45,   40,    0,   12,    0,    3,  882,    6,   29],
[2024-08-13 12:05:20,570][flwr][INFO] - 	       [  26,   31,   29,  117,   11,    7,   21,   14,  682,   36],
[2024-08-13 12:05:20,570][flwr][INFO] - 	       [  32,   19,    9,   14,   90,    1,    2,   53,   11,  778]],
[2024-08-13 12:05:20,570][flwr][INFO] - 	      dtype=int64)),
[2024-08-13 12:05:20,571][flwr][INFO] - 	                      (3,
[2024-08-13 12:05:20,571][flwr][INFO] - 	                       array([[ 911,    0,    4,    1,    0,   31,   24,    1,    8,    0],
[2024-08-13 12:05:20,571][flwr][INFO] - 	       [   0, 1075,   22,    2,    0,    7,    5,    0,   24,    0],
[2024-08-13 12:05:20,571][flwr][INFO] - 	       [  26,   23,  826,   26,   25,    0,   28,   20,   54,    4],
[2024-08-13 12:05:20,571][flwr][INFO] - 	       [   6,   13,   25,  813,    1,   57,    8,   17,   57,   13],
[2024-08-13 12:05:20,571][flwr][INFO] - 	       [   6,    9,    3,    0,  831,    1,   27,    2,   17,   86],
[2024-08-13 12:05:20,571][flwr][INFO] - 	       [  28,   47,    7,   69,   22,  639,   25,   15,   22,   18],
[2024-08-13 12:05:20,571][flwr][INFO] - 	       [  30,   13,   19,    0,   11,   23,  858,    1,    3,    0],
[2024-08-13 12:05:20,571][flwr][INFO] - 	       [   7,   41,   29,    0,   16,    0,    2,  872,   21,   40],
[2024-08-13 12:05:20,571][flwr][INFO] - 	       [  13,   14,   15,   44,    9,   24,   18,   11,  797,   29],
[2024-08-13 12:05:20,571][flwr][INFO] - 	       [  21,   15,    6,    7,   55,   14,    2,   28,   21,  840]],
[2024-08-13 12:05:20,571][flwr][INFO] - 	      dtype=int64)),
[2024-08-13 12:05:20,571][flwr][INFO] - 	                      (4,
[2024-08-13 12:05:20,571][flwr][INFO] - 	                       array([[ 923,    0,    5,   16,    2,    8,   24,    1,    1,    0],
[2024-08-13 12:05:20,571][flwr][INFO] - 	       [   0, 1081,   23,   18,    1,    1,    5,    1,    5,    0],
[2024-08-13 12:05:20,571][flwr][INFO] - 	       [  15,   18,  840,   60,   26,    0,   23,   23,   24,    3],
[2024-08-13 12:05:20,571][flwr][INFO] - 	       [   4,    4,   17,  920,    2,   11,    8,   19,    9,   16],
[2024-08-13 12:05:20,572][flwr][INFO] - 	       [   2,    9,    4,    0,  902,    0,   16,    1,    3,   45],
[2024-08-13 12:05:20,572][flwr][INFO] - 	       [  16,   42,    9,  189,   39,  513,   26,   23,   13,   22],
[2024-08-13 12:05:20,572][flwr][INFO] - 	       [  18,   11,   20,    3,   20,   19,  866,    1,    0,    0],
[2024-08-13 12:05:20,572][flwr][INFO] - 	       [   3,   34,   34,    4,   18,    0,    1,  901,    1,   32],
[2024-08-13 12:05:20,572][flwr][INFO] - 	       [  12,   21,   25,  166,   19,   13,   16,   15,  644,   43],
[2024-08-13 12:05:20,572][flwr][INFO] - 	       [  20,   13,    7,   14,   80,    7,    2,   46,    3,  817]],
[2024-08-13 12:05:20,572][flwr][INFO] - 	      dtype=int64)),
[2024-08-13 12:05:20,572][flwr][INFO] - 	                      (5,
[2024-08-13 12:05:20,572][flwr][INFO] - 	                       array([[ 919,    0,    4,    1,    0,   17,   21,    1,   17,    0],
[2024-08-13 12:05:20,572][flwr][INFO] - 	       [   0, 1078,   13,    2,    1,    5,    5,    0,   31,    0],
[2024-08-13 12:05:20,572][flwr][INFO] - 	       [  17,   20,  839,   22,   23,    0,   26,   24,   54,    7],
[2024-08-13 12:05:20,572][flwr][INFO] - 	       [   5,    9,   24,  806,    1,   54,    8,   18,   69,   16],
[2024-08-13 12:05:20,572][flwr][INFO] - 	       [   3,    7,    4,    0,  848,    1,   21,    2,   16,   80],
[2024-08-13 12:05:20,572][flwr][INFO] - 	       [  19,   38,    6,   37,   24,  679,   25,   14,   33,   17],
[2024-08-13 12:05:20,572][flwr][INFO] - 	       [  18,   10,   19,    1,   13,   21,  870,    1,    5,    0],
[2024-08-13 12:05:20,572][flwr][INFO] - 	       [   4,   34,   28,    0,   15,    0,    2,  886,   20,   39],
[2024-08-13 12:05:20,572][flwr][INFO] - 	       [   6,   12,   11,   20,    9,   27,   17,   11,  838,   23],
[2024-08-13 12:05:20,573][flwr][INFO] - 	       [  14,   10,    5,    6,   42,   11,    2,   27,   24,  868]],
[2024-08-13 12:05:20,573][flwr][INFO] - 	      dtype=int64)),
[2024-08-13 12:05:20,573][flwr][INFO] - 	                      (6,
[2024-08-13 12:05:20,573][flwr][INFO] - 	                       array([[ 937,    0,    2,    8,    1,   13,   16,    1,    2,    0],
[2024-08-13 12:05:20,573][flwr][INFO] - 	       [   0, 1087,   21,   10,    1,    1,    5,    1,    9,    0],
[2024-08-13 12:05:20,573][flwr][INFO] - 	       [  16,   17,  850,   46,   24,    0,   25,   24,   26,    4],
[2024-08-13 12:05:20,573][flwr][INFO] - 	       [   5,    4,   14,  907,    1,   27,    8,   19,   11,   14],
[2024-08-13 12:05:20,573][flwr][INFO] - 	       [   2,    9,    4,    0,  904,    1,   17,    1,    3,   41],
[2024-08-13 12:05:20,573][flwr][INFO] - 	       [  17,   37,    4,  119,   32,  616,   25,   15,   11,   16],
[2024-08-13 12:05:20,573][flwr][INFO] - 	       [  18,    9,   16,    2,   20,   20,  872,    1,    0,    0],
[2024-08-13 12:05:20,573][flwr][INFO] - 	       [   3,   33,   36,    3,   18,    0,    1,  901,    1,   32],
[2024-08-13 12:05:20,573][flwr][INFO] - 	       [  13,   26,   21,  116,   18,   29,   18,   14,  682,   37],
[2024-08-13 12:05:20,573][flwr][INFO] - 	       [  17,   13,    7,   14,   73,    8,    2,   37,    3,  835]],
[2024-08-13 12:05:20,573][flwr][INFO] - 	      dtype=int64)),
[2024-08-13 12:05:20,573][flwr][INFO] - 	                      (7,
[2024-08-13 12:05:20,573][flwr][INFO] - 	                       array([[ 939,    0,    3,    1,    0,   12,   17,    1,    7,    0],
[2024-08-13 12:05:20,573][flwr][INFO] - 	       [   0, 1083,   12,    4,    1,    3,    5,    0,   27,    0],
[2024-08-13 12:05:20,574][flwr][INFO] - 	       [  16,   17,  841,   27,   21,    0,   25,   27,   50,    8],
[2024-08-13 12:05:20,574][flwr][INFO] - 	       [   5,    6,   19,  849,    1,   41,    8,   17,   46,   18],
[2024-08-13 12:05:20,574][flwr][INFO] - 	       [   1,    8,    4,    0,  862,    1,   20,    1,   11,   74],
[2024-08-13 12:05:20,574][flwr][INFO] - 	       [  19,   34,    5,   49,   26,  671,   27,   15,   31,   15],
[2024-08-13 12:05:20,574][flwr][INFO] - 	       [  16,    9,   18,    2,   13,   20,  876,    1,    3,    0],
[2024-08-13 12:05:20,574][flwr][INFO] - 	       [   3,   31,   31,    0,   16,    0,    1,  892,   14,   40],
[2024-08-13 12:05:20,574][flwr][INFO] - 	       [   7,   14,   11,   29,    9,   23,   17,   11,  831,   22],
[2024-08-13 12:05:20,574][flwr][INFO] - 	       [  16,   11,    5,    6,   42,    9,    2,   28,   18,  872]],
[2024-08-13 12:05:20,574][flwr][INFO] - 	      dtype=int64)),
[2024-08-13 12:05:20,574][flwr][INFO] - 	                      (8,
[2024-08-13 12:05:20,574][flwr][INFO] - 	                       array([[ 940,    0,    2,    7,    2,   11,   15,    1,    2,    0],
[2024-08-13 12:05:20,574][flwr][INFO] - 	       [   0, 1090,   19,   10,    1,    2,    5,    0,    8,    0],
[2024-08-13 12:05:20,574][flwr][INFO] - 	       [  15,   15,  860,   39,   26,    0,   25,   23,   25,    4],
[2024-08-13 12:05:20,574][flwr][INFO] - 	       [   5,    4,   15,  907,    1,   30,    8,   18,   11,   11],
[2024-08-13 12:05:20,574][flwr][INFO] - 	       [   1,    7,    4,    0,  925,    2,   13,    1,    2,   27],
[2024-08-13 12:05:20,574][flwr][INFO] - 	       [  13,   34,    4,   97,   31,  652,   26,   13,    9,   13],
[2024-08-13 12:05:20,574][flwr][INFO] - 	       [  15,    9,   16,    2,   20,   20,  876,    0,    0,    0],
[2024-08-13 12:05:20,575][flwr][INFO] - 	       [   3,   30,   38,    3,   20,    0,    1,  901,    1,   31],
[2024-08-13 12:05:20,575][flwr][INFO] - 	       [  15,   26,   21,  104,   23,   33,   18,   14,  688,   32],
[2024-08-13 12:05:20,575][flwr][INFO] - 	       [  17,   10,    8,   13,   90,   13,    1,   35,    3,  819]],
[2024-08-13 12:05:20,575][flwr][INFO] - 	      dtype=int64)),
[2024-08-13 12:05:20,575][flwr][INFO] - 	                      (9,
[2024-08-13 12:05:20,575][flwr][INFO] - 	                       array([[ 943,    0,    2,    1,    1,    9,   17,    1,    6,    0],
[2024-08-13 12:05:20,575][flwr][INFO] - 	       [   0, 1086,   12,    4,    1,    3,    5,    0,   24,    0],
[2024-08-13 12:05:20,575][flwr][INFO] - 	       [  15,   14,  854,   25,   19,    0,   25,   27,   44,    9],
[2024-08-13 12:05:20,575][flwr][INFO] - 	       [   5,    3,   17,  869,    1,   35,    8,   17,   35,   20],
[2024-08-13 12:05:20,575][flwr][INFO] - 	       [   1,    7,    4,    0,  872,    1,   19,    1,   11,   66],
[2024-08-13 12:05:20,575][flwr][INFO] - 	       [  16,   31,    2,   53,   24,  684,   27,   12,   28,   15],
[2024-08-13 12:05:20,575][flwr][INFO] - 	       [  15,    8,   14,    2,   14,   20,  883,    0,    2,    0],
[2024-08-13 12:05:20,575][flwr][INFO] - 	       [   3,   30,   32,    1,   16,    0,    0,  893,   12,   41],
[2024-08-13 12:05:20,575][flwr][INFO] - 	       [  12,   13,   13,   31,   10,   23,   16,   12,  822,   22],
[2024-08-13 12:05:20,575][flwr][INFO] - 	       [  17,   10,    5,    8,   44,   11,    2,   25,   14,  873]],
[2024-08-13 12:05:20,575][flwr][INFO] - 	      dtype=int64)),
[2024-08-13 12:05:20,575][flwr][INFO] - 	                      (10,
[2024-08-13 12:05:20,576][flwr][INFO] - 	                       array([[ 947,    0,    3,    4,    1,   11,   11,    1,    2,    0],
[2024-08-13 12:05:20,576][flwr][INFO] - 	       [   0, 1097,   12,    5,    1,    4,    5,    0,   11,    0],
[2024-08-13 12:05:20,576][flwr][INFO] - 	       [  13,   17,  857,   32,   28,    0,   21,   32,   30,    2],
[2024-08-13 12:05:20,576][flwr][INFO] - 	       [   5,    4,   14,  891,    1,   38,    8,   25,   17,    7],
[2024-08-13 12:05:20,576][flwr][INFO] - 	       [   1,    5,    3,    0,  934,    2,   13,    1,    2,   21],
[2024-08-13 12:05:20,576][flwr][INFO] - 	       [  12,   23,    2,   59,   26,  717,   21,   12,   12,    8],
[2024-08-13 12:05:20,576][flwr][INFO] - 	       [  16,    6,   12,    2,   20,   21,  879,    1,    1,    0],
[2024-08-13 12:05:20,576][flwr][INFO] - 	       [   3,   25,   31,    4,   18,    0,    1,  925,    1,   20],
[2024-08-13 12:05:20,576][flwr][INFO] - 	       [  13,   25,   16,   56,   22,   40,   16,   17,  754,   15],
[2024-08-13 12:05:20,576][flwr][INFO] - 	       [  20,   10,    6,   12,   97,   15,    1,   54,    4,  790]],
[2024-08-13 12:05:20,576][flwr][INFO] - 	      dtype=int64))],
[2024-08-13 12:05:20,576][flwr][INFO] - 	 'f1': [(0, 0.017493624772313296),
[2024-08-13 12:05:20,576][flwr][INFO] - 	        (1, 0.6969292504187485),
[2024-08-13 12:05:20,576][flwr][INFO] - 	        (2, 0.8084719379674411),
[2024-08-13 12:05:20,576][flwr][INFO] - 	        (3, 0.8453385917098561),
[2024-08-13 12:05:20,576][flwr][INFO] - 	        (4, 0.8381250512570314),
[2024-08-13 12:05:20,576][flwr][INFO] - 	        (5, 0.8627852674885403),
[2024-08-13 12:05:20,577][flwr][INFO] - 	        (6, 0.8573930236046119),
[2024-08-13 12:05:20,577][flwr][INFO] - 	        (7, 0.8709192878981433),
[2024-08-13 12:05:20,577][flwr][INFO] - 	        (8, 0.864252831960175),
[2024-08-13 12:05:20,577][flwr][INFO] - 	        (9, 0.8772405997601938),
[2024-08-13 12:05:20,577][flwr][INFO] - 	        (10, 0.8780103277732105)],
[2024-08-13 12:05:20,577][flwr][INFO] - 	 'precision': [(0, 0.009604000000000001),
[2024-08-13 12:05:20,577][flwr][INFO] - 	               (1, 0.7907683074621821),
[2024-08-13 12:05:20,577][flwr][INFO] - 	               (2, 0.8243472397274411),
[2024-08-13 12:05:20,577][flwr][INFO] - 	               (3, 0.8462968134115132),
[2024-08-13 12:05:20,577][flwr][INFO] - 	               (4, 0.8510262218525442),
[2024-08-13 12:05:20,577][flwr][INFO] - 	               (5, 0.8648168993191634),
[2024-08-13 12:05:20,577][flwr][INFO] - 	               (6, 0.8627920762626689),
[2024-08-13 12:05:20,577][flwr][INFO] - 	               (7, 0.8719439922588199),
[2024-08-13 12:05:20,577][flwr][INFO] - 	               (8, 0.869019840261949),
[2024-08-13 12:05:20,577][flwr][INFO] - 	               (9, 0.8779725016719896),
[2024-08-13 12:05:20,577][flwr][INFO] - 	               (10, 0.8808963476502218)],
[2024-08-13 12:05:20,578][flwr][INFO] - 	 'recall': [(0, 0.098),
[2024-08-13 12:05:20,578][flwr][INFO] - 	            (1, 0.7292),
[2024-08-13 12:05:20,578][flwr][INFO] - 	            (2, 0.8149),
[2024-08-13 12:05:20,578][flwr][INFO] - 	            (3, 0.8462),
[2024-08-13 12:05:20,578][flwr][INFO] - 	            (4, 0.8407),
[2024-08-13 12:05:20,578][flwr][INFO] - 	            (5, 0.8631),
[2024-08-13 12:05:20,578][flwr][INFO] - 	            (6, 0.8591),
[2024-08-13 12:05:20,578][flwr][INFO] - 	            (7, 0.8716),
[2024-08-13 12:05:20,578][flwr][INFO] - 	            (8, 0.8658),
[2024-08-13 12:05:20,578][flwr][INFO] - 	            (9, 0.8779),
[2024-08-13 12:05:20,578][flwr][INFO] - 	            (10, 0.8791)]}
[2024-08-13 12:05:20,578][flwr][INFO] - 
