[2024-08-13 15:35:50,042][flwr][INFO] - Starting Flower simulation, config: num_rounds=10, no round_timeout
[2024-08-13 15:35:54,195][flwr][INFO] - Flower VCE: Ray initialized with resources: {'object_store_memory': 2462199398.0, 'memory': 4924398798.0, 'node:127.0.0.1': 1.0, 'accelerator_type:G': 1.0, 'GPU': 1.0, 'node:__internal_head__': 1.0, 'CPU': 16.0}
[2024-08-13 15:35:54,195][flwr][INFO] - Optimize your simulation with Flower VCE: https://flower.ai/docs/framework/how-to-run-simulations.html
[2024-08-13 15:35:54,195][flwr][INFO] - Flower VCE: Resources for each Virtual Client: {'num_cpus': 2, 'num_gpus': 0.5}
[2024-08-13 15:35:54,206][flwr][INFO] - Flower VCE: Creating VirtualClientEngineActorPool with 2 actors
[2024-08-13 15:35:54,208][flwr][INFO] - [INIT]
[2024-08-13 15:35:54,208][flwr][INFO] - Requesting initial parameters from one random client
[2024-08-13 15:36:01,691][flwr][INFO] - Received initial parameters from one random client
[2024-08-13 15:36:01,691][flwr][INFO] - Evaluating initial global parameters
[2024-08-13 15:36:03,922][flwr][INFO] - initial parameters (loss, other metrics): 2.3025850929940455, {'accuracy': 0.098, 'precision': 0.009604000000000001, 'recall': 0.098, 'f1': 0.017493624772313296, 'confusion_matrix': array([[ 980,    0,    0,    0,    0,    0,    0,    0,    0,    0],
       [1135,    0,    0,    0,    0,    0,    0,    0,    0,    0],
       [1032,    0,    0,    0,    0,    0,    0,    0,    0,    0],
       [1010,    0,    0,    0,    0,    0,    0,    0,    0,    0],
       [ 982,    0,    0,    0,    0,    0,    0,    0,    0,    0],
       [ 892,    0,    0,    0,    0,    0,    0,    0,    0,    0],
       [ 958,    0,    0,    0,    0,    0,    0,    0,    0,    0],
       [1028,    0,    0,    0,    0,    0,    0,    0,    0,    0],
       [ 974,    0,    0,    0,    0,    0,    0,    0,    0,    0],
       [1009,    0,    0,    0,    0,    0,    0,    0,    0,    0]],
      dtype=int64)}
[2024-08-13 15:36:03,923][flwr][INFO] - 
[2024-08-13 15:36:03,923][flwr][INFO] - [ROUND 1]
[2024-08-13 15:36:03,924][flwr][INFO] - configure_fit: strategy sampled 10 clients (out of 100)
[2024-08-13 15:36:07,431][flwr][INFO] - aggregate_fit: received 10 results and 0 failures
[2024-08-13 15:36:07,434][flwr][WARNING] - No fit_metrics_aggregation_fn provided
[2024-08-13 15:36:09,508][flwr][INFO] - fit progress: (1, 1.267987672514795, {'accuracy': 0.5788, 'precision': 0.7189700742182773, 'recall': 0.5788, 'f1': 0.5521703256345328, 'confusion_matrix': array([[952,   0,   1,   8,   0,   0,   3,   1,  15,   0],
       [  0, 697, 351,   3,   0,   0,   2,   0,  82,   0],
       [ 85,   1, 652, 180,   1,   0,  10,   7,  90,   6],
       [ 19,   0,  12, 847,   3,   0,   2,   3, 118,   6],
       [ 94,   3,   6,   1, 256,   0,  11,  16, 200, 395],
       [232,  30,  27, 244,   7,   1,   3,   2, 324,  22],
       [186,   4,  69,  12,   3,   0, 633,  20,  28,   3],
       [ 58,   8,  28,   1,   2,   0,   0, 353, 531,  47],
       [ 42,   1,  17, 138,   5,   0,   0,   1, 762,   8],
       [108,   0,   1,   7,  15,   0,   0,   9, 234, 635]], dtype=int64)}, 5.58484279998811)
[2024-08-13 15:36:09,509][flwr][INFO] - configure_evaluate: no clients selected, skipping evaluation
[2024-08-13 15:36:09,509][flwr][INFO] - 
[2024-08-13 15:36:09,509][flwr][INFO] - [ROUND 2]
[2024-08-13 15:36:09,509][flwr][INFO] - configure_fit: strategy sampled 10 clients (out of 100)
[2024-08-13 15:36:10,702][flwr][INFO] - aggregate_fit: received 10 results and 0 failures
[2024-08-13 15:36:12,791][flwr][INFO] - fit progress: (2, 1.0755262714563407, {'accuracy': 0.6956, 'precision': 0.7303798217988542, 'recall': 0.6956, 'f1': 0.6652150817261006, 'confusion_matrix': array([[858,   6,   2,  14,   2,   7,  67,  16,   0,   8],
       [  0, 973, 139,   2,   2,   0,   3,   4,   0,  12],
       [ 19,  26, 769, 100,  22,   0,  26,  50,   7,  13],
       [  1,  21,  20, 818,  37,   3,  10,  22,   1,  77],
       [  6,   5,   7,   0, 715,   0,  23,  87,   0, 139],
       [ 25, 118,  15, 188,  52, 329,  54,  37,   0,  74],
       [ 14,  24,  27,   1,   8,   2, 821,  60,   0,   1],
       [  7,  33,  46,   0,  12,   0,   1, 878,   6,  45],
       [ 17,  93,  44, 160,  78,   8,  34,  17,  53, 470],
       [ 23,  10,   2,   4, 115,   4,   2, 107,   0, 742]], dtype=int64)}, 8.86765529999684)
[2024-08-13 15:36:12,792][flwr][INFO] - configure_evaluate: no clients selected, skipping evaluation
[2024-08-13 15:36:12,792][flwr][INFO] - 
[2024-08-13 15:36:12,792][flwr][INFO] - [ROUND 3]
[2024-08-13 15:36:12,792][flwr][INFO] - configure_fit: strategy sampled 10 clients (out of 100)
[2024-08-13 15:36:13,994][flwr][INFO] - aggregate_fit: received 10 results and 0 failures
[2024-08-13 15:36:16,078][flwr][INFO] - fit progress: (3, 1.0377349386745363, {'accuracy': 0.7525, 'precision': 0.7711425166778696, 'recall': 0.7525, 'f1': 0.7538758255453789, 'confusion_matrix': array([[862,   7,   2,  10,   1,  22,  56,   1,  19,   0],
       [  0, 895, 199,   1,   1,   3,   3,   1,  32,   0],
       [ 17,  12, 798,  74,  19,   1,  26,  21,  62,   2],
       [  2,  10,  20, 787,  20,  27,  10,  11, 117,   6],
       [ 10,   4,   4,   0, 765,  52,  33,  39,  47,  28],
       [ 23,  63,  18, 118,  22, 490,  46,  13,  91,   8],
       [ 16,  12,  34,   1,  10,   8, 843,  32,   2,   0],
       [ 15,  19,  36,   1,  19,   1,   0, 703, 218,  16],
       [ 10,  18,  25,  76,  31,  20,  20,   4, 761,   9],
       [ 40,   4,   3,   2, 135,  21,   2,  51, 130, 621]], dtype=int64)}, 12.155182399990736)
[2024-08-13 15:36:16,079][flwr][INFO] - configure_evaluate: no clients selected, skipping evaluation
[2024-08-13 15:36:16,079][flwr][INFO] - 
[2024-08-13 15:36:16,079][flwr][INFO] - [ROUND 4]
[2024-08-13 15:36:16,080][flwr][INFO] - configure_fit: strategy sampled 10 clients (out of 100)
[2024-08-13 15:36:17,272][flwr][INFO] - aggregate_fit: received 10 results and 0 failures
[2024-08-13 15:36:19,357][flwr][INFO] - fit progress: (4, 0.9894932897177944, {'accuracy': 0.7129, 'precision': 0.7720084645656163, 'recall': 0.7129, 'f1': 0.6901369467127337, 'confusion_matrix': array([[ 902,   12,    2,    8,    1,    4,   20,   21,    0,   10],
       [   0, 1039,   63,    3,    1,    1,    3,    8,    0,   17],
       [  15,   29,  797,   68,   11,    0,   18,   55,   10,   29],
       [   2,   16,   15,  813,    9,   21,    6,   23,    1,  104],
       [   5,    5,    2,    0,  543,    0,   10,   58,    0,  359],
       [  23,  103,   12,  113,   25,  412,   37,   52,    1,  114],
       [  16,   26,   25,    1,    6,    5,  788,   87,    0,    4],
       [   6,   28,   29,    1,    9,    0,    0,  874,    1,   80],
       [  20,   77,   25,  121,   17,   12,   22,   16,   57,  607],
       [  24,    6,    2,    3,   21,    1,    1,   47,    0,  904]],
      dtype=int64)}, 15.433229699992808)
[2024-08-13 15:36:19,357][flwr][INFO] - configure_evaluate: no clients selected, skipping evaluation
[2024-08-13 15:36:19,358][flwr][INFO] - 
[2024-08-13 15:36:19,358][flwr][INFO] - [ROUND 5]
[2024-08-13 15:36:19,358][flwr][INFO] - configure_fit: strategy sampled 10 clients (out of 100)
[2024-08-13 15:36:20,582][flwr][INFO] - aggregate_fit: received 10 results and 0 failures
[2024-08-13 15:36:22,669][flwr][INFO] - fit progress: (5, 0.9686350647139236, {'accuracy': 0.7696, 'precision': 0.7940612538361795, 'recall': 0.7696, 'f1': 0.763464353621996, 'confusion_matrix': array([[863,  22,   1,  10,   2,  14,  46,   4,  18,   0],
       [  0, 984,  96,   9,   1,   3,   5,   1,  36,   0],
       [ 13,  15, 749, 115,  24,   0,  25,  29,  62,   0],
       [  1,   7,   9, 817,  18,  35,  15,  13,  94,   1],
       [  6,   5,   2,   0, 874,  12,  25,  29,  25,   4],
       [  9,  58,   7,  85,  24, 559,  55,  18,  76,   1],
       [ 10,  13,  22,   1,  16,   6, 859,  30,   1,   0],
       [ 13,  25,  33,   2,  30,   0,   0, 815, 110,   0],
       [  9,  22,  13,  58,  32,  18,  28,   5, 789,   0],
       [ 52,   6,   4,   4, 305,  35,   1,  93, 122, 387]], dtype=int64)}, 18.746083899997757)
[2024-08-13 15:36:22,670][flwr][INFO] - configure_evaluate: no clients selected, skipping evaluation
[2024-08-13 15:36:22,670][flwr][INFO] - 
[2024-08-13 15:36:22,670][flwr][INFO] - [ROUND 6]
[2024-08-13 15:36:22,670][flwr][INFO] - configure_fit: strategy sampled 10 clients (out of 100)
[2024-08-13 15:36:23,967][flwr][INFO] - aggregate_fit: received 10 results and 0 failures
[2024-08-13 15:36:26,054][flwr][INFO] - fit progress: (6, 0.9644727964290137, {'accuracy': 0.7536, 'precision': 0.7874287242598192, 'recall': 0.7536, 'f1': 0.7495803645381658, 'confusion_matrix': array([[898,  31,   2,   9,   0,  10,  18,   7,   2,   3],
       [  0, 989, 109,  12,   1,   3,   6,   2,   1,  12],
       [ 13,  22, 781, 104,  10,   1,  20,  35,  20,  26],
       [  3,  11,  12, 849,   5,  30,   7,  18,  13,  62],
       [ 10,   5,   2,   0, 556,  13,  17,  36,   2, 341],
       [ 21,  73,  13, 103,   8, 552,  37,  25,  13,  47],
       [ 14,  14,  27,   1,   6,   7, 825,  61,   0,   3],
       [ 15,  26,  40,   4,   8,   0,   1, 809,  11, 114],
       [ 20,  51,  22, 133,  11,  27,  26,  10, 368, 306],
       [ 35,   4,   4,   8,  16,   8,   1,  23,   1, 909]], dtype=int64)}, 22.130878999989363)
[2024-08-13 15:36:26,055][flwr][INFO] - configure_evaluate: no clients selected, skipping evaluation
[2024-08-13 15:36:26,055][flwr][INFO] - 
[2024-08-13 15:36:26,055][flwr][INFO] - [ROUND 7]
[2024-08-13 15:36:26,055][flwr][INFO] - configure_fit: strategy sampled 10 clients (out of 100)
[2024-08-13 15:36:27,222][flwr][INFO] - aggregate_fit: received 10 results and 0 failures
[2024-08-13 15:36:29,306][flwr][INFO] - fit progress: (7, 0.9743121461199257, {'accuracy': 0.7682, 'precision': 0.7954940043183124, 'recall': 0.7682, 'f1': 0.7633543618392811, 'confusion_matrix': array([[ 853,   62,    0,    5,    1,   16,   22,    8,   13,    0],
       [   0, 1023,   53,    7,    1,    4,    5,    1,   41,    0],
       [  14,   25,  755,   76,   33,    0,   19,   32,   78,    0],
       [   1,   19,    9,  754,   40,   48,   10,   16,  111,    2],
       [  10,    5,    1,    0,  868,   19,   18,   31,   26,    4],
       [  12,   61,    4,   51,   25,  587,   43,   19,   89,    1],
       [  12,   18,   16,    0,   21,   10,  828,   52,    1,    0],
       [  16,   26,   29,    1,   31,    0,    0,  806,  119,    0],
       [  11,   30,    9,   23,   43,   21,   21,    4,  812,    0],
       [  78,    7,    3,    2,  265,   35,    1,   90,  132,  396]],
      dtype=int64)}, 25.38341299998865)
[2024-08-13 15:36:29,307][flwr][INFO] - configure_evaluate: no clients selected, skipping evaluation
[2024-08-13 15:36:29,307][flwr][INFO] - 
[2024-08-13 15:36:29,307][flwr][INFO] - [ROUND 8]
[2024-08-13 15:36:29,308][flwr][INFO] - configure_fit: strategy sampled 10 clients (out of 100)
[2024-08-13 15:36:30,513][flwr][INFO] - aggregate_fit: received 10 results and 0 failures
[2024-08-13 15:36:32,794][flwr][INFO] - fit progress: (8, 0.96317030469569, {'accuracy': 0.7606, 'precision': 0.784279150796579, 'recall': 0.7606, 'f1': 0.7554260151619927, 'confusion_matrix': array([[ 815,   82,    1,    6,    1,   22,   39,    9,    2,    3],
       [   0, 1016,   79,   12,    2,    3,    8,    1,    2,   12],
       [   8,   28,  756,  116,   12,    1,   22,   41,   22,   26],
       [   3,   12,    8,  829,   10,   40,   12,   17,   14,   65],
       [   5,    5,    2,    0,  696,   13,   17,   33,    2,  209],
       [  12,   65,    7,   78,   13,  592,   49,   23,   11,   42],
       [  11,   13,   16,    0,    9,    5,  847,   55,    0,    2],
       [  11,   27,   35,    5,   16,    2,    1,  819,   14,   98],
       [  15,   55,   14,  109,   24,   41,   35,   10,  337,  334],
       [  27,    6,    3,    5,   30,   12,    1,   25,    1,  899]],
      dtype=int64)}, 28.870670999996946)
[2024-08-13 15:36:32,795][flwr][INFO] - configure_evaluate: no clients selected, skipping evaluation
[2024-08-13 15:36:32,795][flwr][INFO] - 
[2024-08-13 15:36:32,795][flwr][INFO] - [ROUND 9]
[2024-08-13 15:36:32,795][flwr][INFO] - configure_fit: strategy sampled 10 clients (out of 100)
[2024-08-13 15:36:33,939][flwr][INFO] - aggregate_fit: received 10 results and 0 failures
[2024-08-13 15:36:36,084][flwr][INFO] - fit progress: (9, 0.9615984754240066, {'accuracy': 0.7731, 'precision': 0.7983097610144696, 'recall': 0.7731, 'f1': 0.7711925416358189, 'confusion_matrix': array([[862,  38,   1,   5,   3,  16,  25,  13,  17,   0],
       [  0, 942, 128,   9,   1,   4,   5,   1,  45,   0],
       [ 11,  11, 787,  60,  34,   0,  18,  37,  74,   0],
       [  2,   9,  14, 733,  64,  41,  12,  16, 117,   2],
       [  6,   2,   1,   0, 865,  20,  19,  41,  23,   5],
       [ 11,  46,   6,  47,  20, 595,  45,  21,  99,   2],
       [ 12,   7,  17,   0,  20,   8, 813,  79,   2,   0],
       [ 12,  17,  33,   1,  28,   0,   0, 833, 104,   0],
       [ 11,   8,  17,  19,  41,  21,  19,   6, 832,   0],
       [ 69,   4,   2,   2, 210,  31,   1, 104, 117, 469]], dtype=int64)}, 32.160370899990085)
[2024-08-13 15:36:36,084][flwr][INFO] - configure_evaluate: no clients selected, skipping evaluation
[2024-08-13 15:36:36,085][flwr][INFO] - 
[2024-08-13 15:36:36,085][flwr][INFO] - [ROUND 10]
[2024-08-13 15:36:36,085][flwr][INFO] - configure_fit: strategy sampled 10 clients (out of 100)
[2024-08-13 15:36:37,395][flwr][INFO] - aggregate_fit: received 10 results and 0 failures
[2024-08-13 15:36:39,526][flwr][INFO] - fit progress: (10, 0.9558066942880427, {'accuracy': 0.7492, 'precision': 0.7780823086922383, 'recall': 0.7492, 'f1': 0.7426030590436813, 'confusion_matrix': array([[ 814,   84,    1,    9,    1,   15,   41,   10,    2,    3],
       [   0, 1022,   68,   15,    2,    3,   10,    1,    4,   10],
       [   7,   27,  680,  193,   10,    1,   26,   42,   18,   28],
       [   2,   11,    7,  845,    8,   34,   12,   17,   14,   60],
       [   6,    6,    2,    1,  644,   41,   22,   41,    2,  217],
       [  10,   63,    4,   80,    6,  588,   62,   24,   13,   42],
       [  11,   13,   14,    0,    6,    5,  851,   56,    0,    2],
       [  11,   25,   31,    6,   14,    3,    0,  841,   10,   87],
       [  15,   48,   13,  126,   11,   38,   38,   11,  310,  364],
       [  28,    7,    2,    9,   21,   13,    1,   30,    1,  897]],
      dtype=int64)}, 35.60378829999536)
[2024-08-13 15:36:39,527][flwr][INFO] - configure_evaluate: no clients selected, skipping evaluation
[2024-08-13 15:36:39,527][flwr][INFO] - 
[2024-08-13 15:36:39,527][flwr][INFO] - [SUMMARY]
[2024-08-13 15:36:39,527][flwr][INFO] - Run finished 10 round(s) in 35.60s
[2024-08-13 15:36:39,535][flwr][INFO] - 	History (loss, centralized):
[2024-08-13 15:36:39,536][flwr][INFO] - 		round 0: 2.3025850929940455
[2024-08-13 15:36:39,536][flwr][INFO] - 		round 1: 1.267987672514795
[2024-08-13 15:36:39,536][flwr][INFO] - 		round 2: 1.0755262714563407
[2024-08-13 15:36:39,536][flwr][INFO] - 		round 3: 1.0377349386745363
[2024-08-13 15:36:39,536][flwr][INFO] - 		round 4: 0.9894932897177944
[2024-08-13 15:36:39,536][flwr][INFO] - 		round 5: 0.9686350647139236
[2024-08-13 15:36:39,536][flwr][INFO] - 		round 6: 0.9644727964290137
[2024-08-13 15:36:39,536][flwr][INFO] - 		round 7: 0.9743121461199257
[2024-08-13 15:36:39,536][flwr][INFO] - 		round 8: 0.96317030469569
[2024-08-13 15:36:39,536][flwr][INFO] - 		round 9: 0.9615984754240066
[2024-08-13 15:36:39,536][flwr][INFO] - 		round 10: 0.9558066942880427
[2024-08-13 15:36:39,536][flwr][INFO] - 	History (metrics, centralized):
[2024-08-13 15:36:39,536][flwr][INFO] - 	{'accuracy': [(0, 0.098),
[2024-08-13 15:36:39,536][flwr][INFO] - 	              (1, 0.5788),
[2024-08-13 15:36:39,536][flwr][INFO] - 	              (2, 0.6956),
[2024-08-13 15:36:39,537][flwr][INFO] - 	              (3, 0.7525),
[2024-08-13 15:36:39,537][flwr][INFO] - 	              (4, 0.7129),
[2024-08-13 15:36:39,537][flwr][INFO] - 	              (5, 0.7696),
[2024-08-13 15:36:39,537][flwr][INFO] - 	              (6, 0.7536),
[2024-08-13 15:36:39,537][flwr][INFO] - 	              (7, 0.7682),
[2024-08-13 15:36:39,537][flwr][INFO] - 	              (8, 0.7606),
[2024-08-13 15:36:39,537][flwr][INFO] - 	              (9, 0.7731),
[2024-08-13 15:36:39,537][flwr][INFO] - 	              (10, 0.7492)],
[2024-08-13 15:36:39,537][flwr][INFO] - 	 'confusion_matrix': [(0,
[2024-08-13 15:36:39,537][flwr][INFO] - 	                       array([[ 980,    0,    0,    0,    0,    0,    0,    0,    0,    0],
[2024-08-13 15:36:39,537][flwr][INFO] - 	       [1135,    0,    0,    0,    0,    0,    0,    0,    0,    0],
[2024-08-13 15:36:39,537][flwr][INFO] - 	       [1032,    0,    0,    0,    0,    0,    0,    0,    0,    0],
[2024-08-13 15:36:39,537][flwr][INFO] - 	       [1010,    0,    0,    0,    0,    0,    0,    0,    0,    0],
[2024-08-13 15:36:39,537][flwr][INFO] - 	       [ 982,    0,    0,    0,    0,    0,    0,    0,    0,    0],
[2024-08-13 15:36:39,537][flwr][INFO] - 	       [ 892,    0,    0,    0,    0,    0,    0,    0,    0,    0],
[2024-08-13 15:36:39,538][flwr][INFO] - 	       [ 958,    0,    0,    0,    0,    0,    0,    0,    0,    0],
[2024-08-13 15:36:39,538][flwr][INFO] - 	       [1028,    0,    0,    0,    0,    0,    0,    0,    0,    0],
[2024-08-13 15:36:39,538][flwr][INFO] - 	       [ 974,    0,    0,    0,    0,    0,    0,    0,    0,    0],
[2024-08-13 15:36:39,538][flwr][INFO] - 	       [1009,    0,    0,    0,    0,    0,    0,    0,    0,    0]],
[2024-08-13 15:36:39,538][flwr][INFO] - 	      dtype=int64)),
[2024-08-13 15:36:39,538][flwr][INFO] - 	                      (1,
[2024-08-13 15:36:39,538][flwr][INFO] - 	                       array([[952,   0,   1,   8,   0,   0,   3,   1,  15,   0],
[2024-08-13 15:36:39,538][flwr][INFO] - 	       [  0, 697, 351,   3,   0,   0,   2,   0,  82,   0],
[2024-08-13 15:36:39,538][flwr][INFO] - 	       [ 85,   1, 652, 180,   1,   0,  10,   7,  90,   6],
[2024-08-13 15:36:39,538][flwr][INFO] - 	       [ 19,   0,  12, 847,   3,   0,   2,   3, 118,   6],
[2024-08-13 15:36:39,538][flwr][INFO] - 	       [ 94,   3,   6,   1, 256,   0,  11,  16, 200, 395],
[2024-08-13 15:36:39,538][flwr][INFO] - 	       [232,  30,  27, 244,   7,   1,   3,   2, 324,  22],
[2024-08-13 15:36:39,538][flwr][INFO] - 	       [186,   4,  69,  12,   3,   0, 633,  20,  28,   3],
[2024-08-13 15:36:39,538][flwr][INFO] - 	       [ 58,   8,  28,   1,   2,   0,   0, 353, 531,  47],
[2024-08-13 15:36:39,538][flwr][INFO] - 	       [ 42,   1,  17, 138,   5,   0,   0,   1, 762,   8],
[2024-08-13 15:36:39,538][flwr][INFO] - 	       [108,   0,   1,   7,  15,   0,   0,   9, 234, 635]], dtype=int64)),
[2024-08-13 15:36:39,538][flwr][INFO] - 	                      (2,
[2024-08-13 15:36:39,539][flwr][INFO] - 	                       array([[858,   6,   2,  14,   2,   7,  67,  16,   0,   8],
[2024-08-13 15:36:39,539][flwr][INFO] - 	       [  0, 973, 139,   2,   2,   0,   3,   4,   0,  12],
[2024-08-13 15:36:39,539][flwr][INFO] - 	       [ 19,  26, 769, 100,  22,   0,  26,  50,   7,  13],
[2024-08-13 15:36:39,539][flwr][INFO] - 	       [  1,  21,  20, 818,  37,   3,  10,  22,   1,  77],
[2024-08-13 15:36:39,539][flwr][INFO] - 	       [  6,   5,   7,   0, 715,   0,  23,  87,   0, 139],
[2024-08-13 15:36:39,539][flwr][INFO] - 	       [ 25, 118,  15, 188,  52, 329,  54,  37,   0,  74],
[2024-08-13 15:36:39,539][flwr][INFO] - 	       [ 14,  24,  27,   1,   8,   2, 821,  60,   0,   1],
[2024-08-13 15:36:39,539][flwr][INFO] - 	       [  7,  33,  46,   0,  12,   0,   1, 878,   6,  45],
[2024-08-13 15:36:39,539][flwr][INFO] - 	       [ 17,  93,  44, 160,  78,   8,  34,  17,  53, 470],
[2024-08-13 15:36:39,539][flwr][INFO] - 	       [ 23,  10,   2,   4, 115,   4,   2, 107,   0, 742]], dtype=int64)),
[2024-08-13 15:36:39,539][flwr][INFO] - 	                      (3,
[2024-08-13 15:36:39,539][flwr][INFO] - 	                       array([[862,   7,   2,  10,   1,  22,  56,   1,  19,   0],
[2024-08-13 15:36:39,539][flwr][INFO] - 	       [  0, 895, 199,   1,   1,   3,   3,   1,  32,   0],
[2024-08-13 15:36:39,539][flwr][INFO] - 	       [ 17,  12, 798,  74,  19,   1,  26,  21,  62,   2],
[2024-08-13 15:36:39,539][flwr][INFO] - 	       [  2,  10,  20, 787,  20,  27,  10,  11, 117,   6],
[2024-08-13 15:36:39,539][flwr][INFO] - 	       [ 10,   4,   4,   0, 765,  52,  33,  39,  47,  28],
[2024-08-13 15:36:39,539][flwr][INFO] - 	       [ 23,  63,  18, 118,  22, 490,  46,  13,  91,   8],
[2024-08-13 15:36:39,540][flwr][INFO] - 	       [ 16,  12,  34,   1,  10,   8, 843,  32,   2,   0],
[2024-08-13 15:36:39,540][flwr][INFO] - 	       [ 15,  19,  36,   1,  19,   1,   0, 703, 218,  16],
[2024-08-13 15:36:39,540][flwr][INFO] - 	       [ 10,  18,  25,  76,  31,  20,  20,   4, 761,   9],
[2024-08-13 15:36:39,540][flwr][INFO] - 	       [ 40,   4,   3,   2, 135,  21,   2,  51, 130, 621]], dtype=int64)),
[2024-08-13 15:36:39,540][flwr][INFO] - 	                      (4,
[2024-08-13 15:36:39,540][flwr][INFO] - 	                       array([[ 902,   12,    2,    8,    1,    4,   20,   21,    0,   10],
[2024-08-13 15:36:39,540][flwr][INFO] - 	       [   0, 1039,   63,    3,    1,    1,    3,    8,    0,   17],
[2024-08-13 15:36:39,540][flwr][INFO] - 	       [  15,   29,  797,   68,   11,    0,   18,   55,   10,   29],
[2024-08-13 15:36:39,540][flwr][INFO] - 	       [   2,   16,   15,  813,    9,   21,    6,   23,    1,  104],
[2024-08-13 15:36:39,540][flwr][INFO] - 	       [   5,    5,    2,    0,  543,    0,   10,   58,    0,  359],
[2024-08-13 15:36:39,540][flwr][INFO] - 	       [  23,  103,   12,  113,   25,  412,   37,   52,    1,  114],
[2024-08-13 15:36:39,540][flwr][INFO] - 	       [  16,   26,   25,    1,    6,    5,  788,   87,    0,    4],
[2024-08-13 15:36:39,540][flwr][INFO] - 	       [   6,   28,   29,    1,    9,    0,    0,  874,    1,   80],
[2024-08-13 15:36:39,540][flwr][INFO] - 	       [  20,   77,   25,  121,   17,   12,   22,   16,   57,  607],
[2024-08-13 15:36:39,540][flwr][INFO] - 	       [  24,    6,    2,    3,   21,    1,    1,   47,    0,  904]],
[2024-08-13 15:36:39,540][flwr][INFO] - 	      dtype=int64)),
[2024-08-13 15:36:39,540][flwr][INFO] - 	                      (5,
[2024-08-13 15:36:39,541][flwr][INFO] - 	                       array([[863,  22,   1,  10,   2,  14,  46,   4,  18,   0],
[2024-08-13 15:36:39,541][flwr][INFO] - 	       [  0, 984,  96,   9,   1,   3,   5,   1,  36,   0],
[2024-08-13 15:36:39,541][flwr][INFO] - 	       [ 13,  15, 749, 115,  24,   0,  25,  29,  62,   0],
[2024-08-13 15:36:39,541][flwr][INFO] - 	       [  1,   7,   9, 817,  18,  35,  15,  13,  94,   1],
[2024-08-13 15:36:39,541][flwr][INFO] - 	       [  6,   5,   2,   0, 874,  12,  25,  29,  25,   4],
[2024-08-13 15:36:39,541][flwr][INFO] - 	       [  9,  58,   7,  85,  24, 559,  55,  18,  76,   1],
[2024-08-13 15:36:39,541][flwr][INFO] - 	       [ 10,  13,  22,   1,  16,   6, 859,  30,   1,   0],
[2024-08-13 15:36:39,541][flwr][INFO] - 	       [ 13,  25,  33,   2,  30,   0,   0, 815, 110,   0],
[2024-08-13 15:36:39,541][flwr][INFO] - 	       [  9,  22,  13,  58,  32,  18,  28,   5, 789,   0],
[2024-08-13 15:36:39,541][flwr][INFO] - 	       [ 52,   6,   4,   4, 305,  35,   1,  93, 122, 387]], dtype=int64)),
[2024-08-13 15:36:39,541][flwr][INFO] - 	                      (6,
[2024-08-13 15:36:39,541][flwr][INFO] - 	                       array([[898,  31,   2,   9,   0,  10,  18,   7,   2,   3],
[2024-08-13 15:36:39,541][flwr][INFO] - 	       [  0, 989, 109,  12,   1,   3,   6,   2,   1,  12],
[2024-08-13 15:36:39,541][flwr][INFO] - 	       [ 13,  22, 781, 104,  10,   1,  20,  35,  20,  26],
[2024-08-13 15:36:39,541][flwr][INFO] - 	       [  3,  11,  12, 849,   5,  30,   7,  18,  13,  62],
[2024-08-13 15:36:39,541][flwr][INFO] - 	       [ 10,   5,   2,   0, 556,  13,  17,  36,   2, 341],
[2024-08-13 15:36:39,542][flwr][INFO] - 	       [ 21,  73,  13, 103,   8, 552,  37,  25,  13,  47],
[2024-08-13 15:36:39,542][flwr][INFO] - 	       [ 14,  14,  27,   1,   6,   7, 825,  61,   0,   3],
[2024-08-13 15:36:39,542][flwr][INFO] - 	       [ 15,  26,  40,   4,   8,   0,   1, 809,  11, 114],
[2024-08-13 15:36:39,542][flwr][INFO] - 	       [ 20,  51,  22, 133,  11,  27,  26,  10, 368, 306],
[2024-08-13 15:36:39,542][flwr][INFO] - 	       [ 35,   4,   4,   8,  16,   8,   1,  23,   1, 909]], dtype=int64)),
[2024-08-13 15:36:39,542][flwr][INFO] - 	                      (7,
[2024-08-13 15:36:39,542][flwr][INFO] - 	                       array([[ 853,   62,    0,    5,    1,   16,   22,    8,   13,    0],
[2024-08-13 15:36:39,542][flwr][INFO] - 	       [   0, 1023,   53,    7,    1,    4,    5,    1,   41,    0],
[2024-08-13 15:36:39,542][flwr][INFO] - 	       [  14,   25,  755,   76,   33,    0,   19,   32,   78,    0],
[2024-08-13 15:36:39,542][flwr][INFO] - 	       [   1,   19,    9,  754,   40,   48,   10,   16,  111,    2],
[2024-08-13 15:36:39,542][flwr][INFO] - 	       [  10,    5,    1,    0,  868,   19,   18,   31,   26,    4],
[2024-08-13 15:36:39,542][flwr][INFO] - 	       [  12,   61,    4,   51,   25,  587,   43,   19,   89,    1],
[2024-08-13 15:36:39,542][flwr][INFO] - 	       [  12,   18,   16,    0,   21,   10,  828,   52,    1,    0],
[2024-08-13 15:36:39,542][flwr][INFO] - 	       [  16,   26,   29,    1,   31,    0,    0,  806,  119,    0],
[2024-08-13 15:36:39,542][flwr][INFO] - 	       [  11,   30,    9,   23,   43,   21,   21,    4,  812,    0],
[2024-08-13 15:36:39,542][flwr][INFO] - 	       [  78,    7,    3,    2,  265,   35,    1,   90,  132,  396]],
[2024-08-13 15:36:39,542][flwr][INFO] - 	      dtype=int64)),
[2024-08-13 15:36:39,543][flwr][INFO] - 	                      (8,
[2024-08-13 15:36:39,543][flwr][INFO] - 	                       array([[ 815,   82,    1,    6,    1,   22,   39,    9,    2,    3],
[2024-08-13 15:36:39,543][flwr][INFO] - 	       [   0, 1016,   79,   12,    2,    3,    8,    1,    2,   12],
[2024-08-13 15:36:39,543][flwr][INFO] - 	       [   8,   28,  756,  116,   12,    1,   22,   41,   22,   26],
[2024-08-13 15:36:39,543][flwr][INFO] - 	       [   3,   12,    8,  829,   10,   40,   12,   17,   14,   65],
[2024-08-13 15:36:39,543][flwr][INFO] - 	       [   5,    5,    2,    0,  696,   13,   17,   33,    2,  209],
[2024-08-13 15:36:39,543][flwr][INFO] - 	       [  12,   65,    7,   78,   13,  592,   49,   23,   11,   42],
[2024-08-13 15:36:39,543][flwr][INFO] - 	       [  11,   13,   16,    0,    9,    5,  847,   55,    0,    2],
[2024-08-13 15:36:39,543][flwr][INFO] - 	       [  11,   27,   35,    5,   16,    2,    1,  819,   14,   98],
[2024-08-13 15:36:39,543][flwr][INFO] - 	       [  15,   55,   14,  109,   24,   41,   35,   10,  337,  334],
[2024-08-13 15:36:39,543][flwr][INFO] - 	       [  27,    6,    3,    5,   30,   12,    1,   25,    1,  899]],
[2024-08-13 15:36:39,543][flwr][INFO] - 	      dtype=int64)),
[2024-08-13 15:36:39,543][flwr][INFO] - 	                      (9,
[2024-08-13 15:36:39,543][flwr][INFO] - 	                       array([[862,  38,   1,   5,   3,  16,  25,  13,  17,   0],
[2024-08-13 15:36:39,543][flwr][INFO] - 	       [  0, 942, 128,   9,   1,   4,   5,   1,  45,   0],
[2024-08-13 15:36:39,543][flwr][INFO] - 	       [ 11,  11, 787,  60,  34,   0,  18,  37,  74,   0],
[2024-08-13 15:36:39,543][flwr][INFO] - 	       [  2,   9,  14, 733,  64,  41,  12,  16, 117,   2],
[2024-08-13 15:36:39,544][flwr][INFO] - 	       [  6,   2,   1,   0, 865,  20,  19,  41,  23,   5],
[2024-08-13 15:36:39,544][flwr][INFO] - 	       [ 11,  46,   6,  47,  20, 595,  45,  21,  99,   2],
[2024-08-13 15:36:39,544][flwr][INFO] - 	       [ 12,   7,  17,   0,  20,   8, 813,  79,   2,   0],
[2024-08-13 15:36:39,544][flwr][INFO] - 	       [ 12,  17,  33,   1,  28,   0,   0, 833, 104,   0],
[2024-08-13 15:36:39,544][flwr][INFO] - 	       [ 11,   8,  17,  19,  41,  21,  19,   6, 832,   0],
[2024-08-13 15:36:39,544][flwr][INFO] - 	       [ 69,   4,   2,   2, 210,  31,   1, 104, 117, 469]], dtype=int64)),
[2024-08-13 15:36:39,544][flwr][INFO] - 	                      (10,
[2024-08-13 15:36:39,544][flwr][INFO] - 	                       array([[ 814,   84,    1,    9,    1,   15,   41,   10,    2,    3],
[2024-08-13 15:36:39,544][flwr][INFO] - 	       [   0, 1022,   68,   15,    2,    3,   10,    1,    4,   10],
[2024-08-13 15:36:39,544][flwr][INFO] - 	       [   7,   27,  680,  193,   10,    1,   26,   42,   18,   28],
[2024-08-13 15:36:39,544][flwr][INFO] - 	       [   2,   11,    7,  845,    8,   34,   12,   17,   14,   60],
[2024-08-13 15:36:39,544][flwr][INFO] - 	       [   6,    6,    2,    1,  644,   41,   22,   41,    2,  217],
[2024-08-13 15:36:39,544][flwr][INFO] - 	       [  10,   63,    4,   80,    6,  588,   62,   24,   13,   42],
[2024-08-13 15:36:39,544][flwr][INFO] - 	       [  11,   13,   14,    0,    6,    5,  851,   56,    0,    2],
[2024-08-13 15:36:39,544][flwr][INFO] - 	       [  11,   25,   31,    6,   14,    3,    0,  841,   10,   87],
[2024-08-13 15:36:39,544][flwr][INFO] - 	       [  15,   48,   13,  126,   11,   38,   38,   11,  310,  364],
[2024-08-13 15:36:39,545][flwr][INFO] - 	       [  28,    7,    2,    9,   21,   13,    1,   30,    1,  897]],
[2024-08-13 15:36:39,545][flwr][INFO] - 	      dtype=int64))],
[2024-08-13 15:36:39,545][flwr][INFO] - 	 'f1': [(0, 0.017493624772313296),
[2024-08-13 15:36:39,545][flwr][INFO] - 	        (1, 0.5521703256345328),
[2024-08-13 15:36:39,545][flwr][INFO] - 	        (2, 0.6652150817261006),
[2024-08-13 15:36:39,545][flwr][INFO] - 	        (3, 0.7538758255453789),
[2024-08-13 15:36:39,545][flwr][INFO] - 	        (4, 0.6901369467127337),
[2024-08-13 15:36:39,545][flwr][INFO] - 	        (5, 0.763464353621996),
[2024-08-13 15:36:39,545][flwr][INFO] - 	        (6, 0.7495803645381658),
[2024-08-13 15:36:39,545][flwr][INFO] - 	        (7, 0.7633543618392811),
[2024-08-13 15:36:39,545][flwr][INFO] - 	        (8, 0.7554260151619927),
[2024-08-13 15:36:39,545][flwr][INFO] - 	        (9, 0.7711925416358189),
[2024-08-13 15:36:39,545][flwr][INFO] - 	        (10, 0.7426030590436813)],
[2024-08-13 15:36:39,545][flwr][INFO] - 	 'precision': [(0, 0.009604000000000001),
[2024-08-13 15:36:39,545][flwr][INFO] - 	               (1, 0.7189700742182773),
[2024-08-13 15:36:39,545][flwr][INFO] - 	               (2, 0.7303798217988542),
[2024-08-13 15:36:39,545][flwr][INFO] - 	               (3, 0.7711425166778696),
[2024-08-13 15:36:39,546][flwr][INFO] - 	               (4, 0.7720084645656163),
[2024-08-13 15:36:39,546][flwr][INFO] - 	               (5, 0.7940612538361795),
[2024-08-13 15:36:39,546][flwr][INFO] - 	               (6, 0.7874287242598192),
[2024-08-13 15:36:39,546][flwr][INFO] - 	               (7, 0.7954940043183124),
[2024-08-13 15:36:39,546][flwr][INFO] - 	               (8, 0.784279150796579),
[2024-08-13 15:36:39,546][flwr][INFO] - 	               (9, 0.7983097610144696),
[2024-08-13 15:36:39,546][flwr][INFO] - 	               (10, 0.7780823086922383)],
[2024-08-13 15:36:39,546][flwr][INFO] - 	 'recall': [(0, 0.098),
[2024-08-13 15:36:39,546][flwr][INFO] - 	            (1, 0.5788),
[2024-08-13 15:36:39,546][flwr][INFO] - 	            (2, 0.6956),
[2024-08-13 15:36:39,546][flwr][INFO] - 	            (3, 0.7525),
[2024-08-13 15:36:39,546][flwr][INFO] - 	            (4, 0.7129),
[2024-08-13 15:36:39,546][flwr][INFO] - 	            (5, 0.7696),
[2024-08-13 15:36:39,546][flwr][INFO] - 	            (6, 0.7536),
[2024-08-13 15:36:39,546][flwr][INFO] - 	            (7, 0.7682),
[2024-08-13 15:36:39,546][flwr][INFO] - 	            (8, 0.7606),
[2024-08-13 15:36:39,546][flwr][INFO] - 	            (9, 0.7731),
[2024-08-13 15:36:39,547][flwr][INFO] - 	            (10, 0.7492)]}
[2024-08-13 15:36:39,547][flwr][INFO] - 
