[2024-08-13 11:38:20,051][flwr][INFO] - Starting Flower simulation, config: num_rounds=10, no round_timeout
[2024-08-13 11:38:24,125][flwr][INFO] - Flower VCE: Ray initialized with resources: {'accelerator_type:G': 1.0, 'GPU': 1.0, 'CPU': 16.0, 'memory': 5075725518.0, 'node:127.0.0.1': 1.0, 'object_store_memory': 2537862758.0, 'node:__internal_head__': 1.0}
[2024-08-13 11:38:24,125][flwr][INFO] - Optimize your simulation with Flower VCE: https://flower.ai/docs/framework/how-to-run-simulations.html
[2024-08-13 11:38:24,125][flwr][INFO] - Flower VCE: Resources for each Virtual Client: {'num_cpus': 2, 'num_gpus': 0.5}
[2024-08-13 11:38:24,136][flwr][INFO] - Flower VCE: Creating VirtualClientEngineActorPool with 2 actors
[2024-08-13 11:38:24,137][flwr][INFO] - [INIT]
[2024-08-13 11:38:24,137][flwr][INFO] - Requesting initial parameters from one random client
[2024-08-13 11:38:31,437][flwr][INFO] - Received initial parameters from one random client
[2024-08-13 11:38:31,437][flwr][INFO] - Evaluating initial global parameters
[2024-08-13 11:38:33,663][flwr][INFO] - initial parameters (loss, other metrics): 2.3025850929940455, {'accuracy': 0.098, 'precision': 0.009604000000000001, 'recall': 0.098, 'f1': 0.017493624772313296, 'confusion_matrix': array([[ 980,    0,    0,    0,    0,    0,    0,    0,    0,    0],
       [1135,    0,    0,    0,    0,    0,    0,    0,    0,    0],
       [1032,    0,    0,    0,    0,    0,    0,    0,    0,    0],
       [1010,    0,    0,    0,    0,    0,    0,    0,    0,    0],
       [ 982,    0,    0,    0,    0,    0,    0,    0,    0,    0],
       [ 892,    0,    0,    0,    0,    0,    0,    0,    0,    0],
       [ 958,    0,    0,    0,    0,    0,    0,    0,    0,    0],
       [1028,    0,    0,    0,    0,    0,    0,    0,    0,    0],
       [ 974,    0,    0,    0,    0,    0,    0,    0,    0,    0],
       [1009,    0,    0,    0,    0,    0,    0,    0,    0,    0]],
      dtype=int64)}
[2024-08-13 11:38:33,664][flwr][INFO] - 
[2024-08-13 11:38:33,664][flwr][INFO] - [ROUND 1]
[2024-08-13 11:38:33,664][flwr][INFO] - configure_fit: strategy sampled 10 clients (out of 10)
[2024-08-13 11:38:41,964][flwr][INFO] - aggregate_fit: received 10 results and 0 failures
[2024-08-13 11:38:41,967][flwr][WARNING] - No fit_metrics_aggregation_fn provided
[2024-08-13 11:38:44,101][flwr][INFO] - fit progress: (1, 1.2579372734584116, {'accuracy': 0.5776, 'precision': 0.6968314636208055, 'recall': 0.5776, 'f1': 0.5430652119172938, 'confusion_matrix': array([[956,   0,   2,   6,   0,   0,   4,   2,   7,   3],
       [  0, 707, 366,   6,   0,   0,   3,   0,  13,  40],
       [ 74,   1, 492, 333,   1,   0,  16,  18,  47,  50],
       [ 19,   1,   8, 862,   3,   0,   1,  10,  24,  82],
       [ 55,   2,   5,   1, 164,   0,   8,  23,   9, 715],
       [204,  54,  37, 244,   3,   2,  13,  19, 123, 193],
       [134,   8,  45,   8,   2,   0, 705,  42,   4,  10],
       [ 43,   8,  35,   3,   2,   0,   0, 578, 198, 161],
       [ 42,   5,  24, 196,   2,   0,   3,   3, 416, 283],
       [ 64,   3,   1,   8,   9,   0,   0,   9,  21, 894]], dtype=int64)}, 10.436948499991558)
[2024-08-13 11:38:44,102][flwr][INFO] - configure_evaluate: no clients selected, skipping evaluation
[2024-08-13 11:38:44,103][flwr][INFO] - 
[2024-08-13 11:38:44,103][flwr][INFO] - [ROUND 2]
[2024-08-13 11:38:44,103][flwr][INFO] - configure_fit: strategy sampled 10 clients (out of 10)
[2024-08-13 11:38:50,626][flwr][INFO] - aggregate_fit: received 10 results and 0 failures
[2024-08-13 11:38:52,743][flwr][INFO] - fit progress: (2, 1.1717458150302111, {'accuracy': 0.6641, 'precision': 0.7329995229323569, 'recall': 0.6641, 'f1': 0.6335580425857978, 'confusion_matrix': array([[751,  31,   2,   5,  12,  19, 134,  18,   8,   0],
       [  0, 936, 177,   2,   7,   3,   6,   3,   1,   0],
       [  4,  29, 780,  60,  41,   0,  31,  55,  32,   0],
       [  0,  63,  28, 601, 193,  24,  21,  25,  55,   0],
       [  2,   4,   4,   0, 843,  10,  26,  84,   9,   0],
       [  7, 125,  14,  53,  68, 486,  80,  33,  26,   0],
       [  3,  22,  26,   0,  18,   3, 828,  58,   0,   0],
       [  4,  32,  41,   0,  25,   0,   1, 881,  44,   0],
       [  2,  75,  30,  35, 190,  42,  53,  20, 527,   0],
       [ 13,  12,   2,   1, 532,  54,   1, 328,  58,   8]], dtype=int64)}, 19.079522400003043)
[2024-08-13 11:38:52,744][flwr][INFO] - configure_evaluate: no clients selected, skipping evaluation
[2024-08-13 11:38:52,744][flwr][INFO] - 
[2024-08-13 11:38:52,744][flwr][INFO] - [ROUND 3]
[2024-08-13 11:38:52,745][flwr][INFO] - configure_fit: strategy sampled 10 clients (out of 10)
[2024-08-13 11:38:59,039][flwr][INFO] - aggregate_fit: received 10 results and 0 failures
[2024-08-13 11:39:01,132][flwr][INFO] - fit progress: (3, 1.164280914579319, {'accuracy': 0.6124, 'precision': 0.7174468813414693, 'recall': 0.6124, 'f1': 0.5980225845805622, 'confusion_matrix': array([[914,  12,   2,  15,   0,   1,  17,   2,   1,  16],
       [  0, 876, 210,   6,   0,   1,   4,   0,   1,  37],
       [ 18,   9, 588, 277,   1,   1,  20,  17,  38,  63],
       [  2,   7,   5, 841,   1,  11,   7,   9,  12, 115],
       [ 27,   5,   4,   1, 147,  18,  12,  12,   3, 753],
       [ 30,  81,  24, 189,   1, 299,  34,  13,  36, 185],
       [ 33,  16,  37,   5,   3,   4, 794,  54,   0,  12],
       [ 28,  16,  32,   3,   1,   0,   1, 516, 101, 330],
       [ 13,  23,  17, 150,   2,   4,  10,   3, 205, 547],
       [ 37,   3,   3,   7,   4,   2,   0,   6,   3, 944]], dtype=int64)}, 27.467995999992127)
[2024-08-13 11:39:01,133][flwr][INFO] - configure_evaluate: no clients selected, skipping evaluation
[2024-08-13 11:39:01,133][flwr][INFO] - 
[2024-08-13 11:39:01,133][flwr][INFO] - [ROUND 4]
[2024-08-13 11:39:01,134][flwr][INFO] - configure_fit: strategy sampled 10 clients (out of 10)
[2024-08-13 11:39:07,623][flwr][INFO] - aggregate_fit: received 10 results and 0 failures
[2024-08-13 11:39:09,773][flwr][INFO] - fit progress: (4, 1.1724940680639064, {'accuracy': 0.6859, 'precision': 0.6500570922048448, 'recall': 0.6859, 'f1': 0.654035172783193, 'confusion_matrix': array([[775,  89,   1,   1,   6,  12,  67,  21,   8,   0],
       [  0, 927, 182,   1,   4,   4,   8,   3,   6,   0],
       [  4,  25, 811,  35,  45,   0,  20,  49,  43,   0],
       [  0,  45,  29, 572, 188,  37,  19,  29,  91,   0],
       [  3,   4,   2,   0, 876,  10,  19,  60,   8,   0],
       [ 10,  91,  17,  28,  51, 547,  71,  32,  45,   0],
       [  7,  18,  25,   0,  21,   4, 800,  82,   1,   0],
       [  8,  23,  37,   0,  25,   0,   1, 871,  63,   0],
       [  3,  46,  23,  16, 121,  37,  35,  13, 680,   0],
       [ 27,   7,   3,   1, 542,  57,   1, 278,  93,   0]], dtype=int64)}, 36.10949800000526)
[2024-08-13 11:39:09,774][flwr][INFO] - configure_evaluate: no clients selected, skipping evaluation
[2024-08-13 11:39:09,774][flwr][INFO] - 
[2024-08-13 11:39:09,774][flwr][INFO] - [ROUND 5]
[2024-08-13 11:39:09,775][flwr][INFO] - configure_fit: strategy sampled 10 clients (out of 10)
[2024-08-13 11:39:16,447][flwr][INFO] - aggregate_fit: received 10 results and 0 failures
[2024-08-13 11:39:18,595][flwr][INFO] - fit progress: (5, 1.0935984255465723, {'accuracy': 0.6871, 'precision': 0.7286098747293077, 'recall': 0.6871, 'f1': 0.6777209995094879, 'confusion_matrix': array([[881,  47,   2,  11,   0,   4,  25,   4,   4,   2],
       [  0, 933, 164,  13,   1,   3,   8,   1,   1,  11],
       [ 19,  17, 604, 276,   7,   1,  24,  29,  27,  28],
       [  3,  10,   6, 863,   1,  19,  12,  14,  18,  64],
       [ 27,   6,   2,   1, 399,  75,  21,  30,   6, 415],
       [ 33,  78,  16, 155,   4, 429,  64,  16,  27,  70],
       [ 17,  15,  23,   2,   3,   3, 838,  55,   0,   2],
       [ 32,  24,  33,   8,   8,   1,   2, 729,  68, 123],
       [ 20,  41,  14, 174,   3,  13,  29,   7, 295, 378],
       [ 50,   4,   3,  10,  12,  11,   1,  16,   2, 900]], dtype=int64)}, 44.93016109999735)
[2024-08-13 11:39:18,596][flwr][INFO] - configure_evaluate: no clients selected, skipping evaluation
[2024-08-13 11:39:18,596][flwr][INFO] - 
[2024-08-13 11:39:18,596][flwr][INFO] - [ROUND 6]
[2024-08-13 11:39:18,596][flwr][INFO] - configure_fit: strategy sampled 10 clients (out of 10)
[2024-08-13 11:39:25,044][flwr][INFO] - aggregate_fit: received 10 results and 0 failures
[2024-08-13 11:39:27,119][flwr][INFO] - fit progress: (6, 1.1085464803235188, {'accuracy': 0.6734, 'precision': 0.7506966395914649, 'recall': 0.6734, 'f1': 0.6440077111040309, 'confusion_matrix': array([[747, 122,   3,   1,   7,  14,  43,  24,  19,   0],
       [  0, 922, 171,   1,   6,   2,   6,   1,  26,   0],
       [  5,  20, 818,  14,  60,   0,  15,  39,  61,   0],
       [  0,  37,  33, 434, 291,  25,  18,  23, 149,   0],
       [  2,   3,   2,   0, 924,   2,  11,  26,  11,   1],
       [  6,  76,  12,  15,  70, 525,  56,  25, 107,   0],
       [  8,  15,  31,   0,  27,   6, 761, 108,   2,   0],
       [  7,  20,  34,   0,  36,   0,   0, 822, 109,   0],
       [  3,  23,  23,   3, 106,  15,  21,   6, 774,   0],
       [ 31,   6,   3,   0, 625,  18,   0, 153, 166,   7]], dtype=int64)}, 53.454822899991996)
[2024-08-13 11:39:27,120][flwr][INFO] - configure_evaluate: no clients selected, skipping evaluation
[2024-08-13 11:39:27,120][flwr][INFO] - 
[2024-08-13 11:39:27,120][flwr][INFO] - [ROUND 7]
[2024-08-13 11:39:27,120][flwr][INFO] - configure_fit: strategy sampled 10 clients (out of 10)
[2024-08-13 11:39:33,899][flwr][INFO] - aggregate_fit: received 10 results and 0 failures
[2024-08-13 11:39:35,980][flwr][INFO] - fit progress: (7, 1.0854313297280058, {'accuracy': 0.6666, 'precision': 0.7295868905981676, 'recall': 0.6666, 'f1': 0.641992470480982, 'confusion_matrix': array([[824,  83,   1,  12,   0,   7,  35,  11,   0,   7],
       [  0, 994,  98,  13,   1,   3,   9,   1,   0,  16],
       [  9,  24, 566, 313,   6,   1,  26,  35,  12,  40],
       [  3,  11,   3, 856,   1,  23,  13,  15,   1,  84],
       [ 12,   6,   2,   1, 323, 113,  20,  36,   0, 469],
       [ 17,  70,   8, 110,   3, 518,  63,  21,   4,  78],
       [ 14,  15,  12,   3,   3,   4, 835,  70,   0,   2],
       [ 24,  25,  27,  11,   5,   4,   0, 773,   9, 150],
       [ 13,  47,  12, 160,   3,  23,  28,   8,  54, 626],
       [ 35,   3,   3,  10,   6,  10,   1,  18,   0, 923]], dtype=int64)}, 62.31553389999317)
[2024-08-13 11:39:35,981][flwr][INFO] - configure_evaluate: no clients selected, skipping evaluation
[2024-08-13 11:39:35,981][flwr][INFO] - 
[2024-08-13 11:39:35,981][flwr][INFO] - [ROUND 8]
[2024-08-13 11:39:35,981][flwr][INFO] - configure_fit: strategy sampled 10 clients (out of 10)
[2024-08-13 11:39:42,449][flwr][INFO] - aggregate_fit: received 10 results and 0 failures
[2024-08-13 11:39:44,598][flwr][INFO] - fit progress: (8, 1.099255342404746, {'accuracy': 0.678, 'precision': 0.7576001078094947, 'recall': 0.678, 'f1': 0.6518077797095997, 'confusion_matrix': array([[774, 120,   1,   1,   5,   9,  34,  13,  23,   0],
       [  0, 917, 166,   1,   3,   3,   6,   1,  38,   0],
       [  7,  19, 808,  26,  49,   0,  18,  30,  75,   0],
       [  2,  28,  27, 525, 205,  21,  18,  17, 167,   0],
       [  4,   3,   1,   0, 896,   9,  13,  24,  32,   0],
       [ 15,  65,   8,  21,  47, 508,  65,  22, 141,   0],
       [ 10,  16,  26,   0,  23,   5, 781,  95,   2,   0],
       [ 16,  17,  33,   0,  39,   0,   0, 710, 213,   0],
       [  9,  12,  21,   5,  63,  11,  20,   1, 832,   0],
       [ 94,   5,   4,   1, 429,  29,   1,  89, 328,  29]], dtype=int64)}, 70.93366379999497)
[2024-08-13 11:39:44,598][flwr][INFO] - configure_evaluate: no clients selected, skipping evaluation
[2024-08-13 11:39:44,598][flwr][INFO] - 
[2024-08-13 11:39:44,598][flwr][INFO] - [ROUND 9]
[2024-08-13 11:39:44,599][flwr][INFO] - configure_fit: strategy sampled 10 clients (out of 10)
[2024-08-13 11:39:51,246][flwr][INFO] - aggregate_fit: received 10 results and 0 failures
[2024-08-13 11:39:53,473][flwr][INFO] - fit progress: (9, 1.0842404445495177, {'accuracy': 0.6767, 'precision': 0.7188385954940094, 'recall': 0.6767, 'f1': 0.6492377846175461, 'confusion_matrix': array([[805,  98,   1,  11,   1,  11,  32,  15,   0,   6],
       [  0, 996,  95,  16,   1,   3,   9,   1,   0,  14],
       [  7,  23, 573, 313,   9,   2,  22,  40,   5,  38],
       [  2,  11,   3, 863,   2,  24,   9,  18,   0,  78],
       [  7,   6,   2,   2, 434, 128,  16,  43,   0, 344],
       [ 15,  64,   5, 102,   4, 552,  53,  30,   3,  64],
       [ 11,  16,  14,   1,   4,   5, 805, 101,   0,   1],
       [ 16,  23,  31,   8,   7,   4,   0, 819,   3, 117],
       [ 11,  46,  12, 162,   3,  33,  27,  11,  15, 654],
       [ 31,   6,   3,  10,  13,  13,   1,  27,   0, 905]], dtype=int64)}, 79.80857949999336)
[2024-08-13 11:39:53,474][flwr][INFO] - configure_evaluate: no clients selected, skipping evaluation
[2024-08-13 11:39:53,474][flwr][INFO] - 
[2024-08-13 11:39:53,474][flwr][INFO] - [ROUND 10]
[2024-08-13 11:39:53,474][flwr][INFO] - configure_fit: strategy sampled 10 clients (out of 10)
[2024-08-13 11:39:59,908][flwr][INFO] - aggregate_fit: received 10 results and 0 failures
[2024-08-13 11:40:02,036][flwr][INFO] - fit progress: (10, 1.0721283219274043, {'accuracy': 0.6926, 'precision': 0.7533363280145381, 'recall': 0.6926, 'f1': 0.6797335220381078, 'confusion_matrix': array([[765, 130,   1,   1,   5,   9,  39,  12,  18,   0],
       [  0, 911, 175,   1,   4,   3,   7,   1,  33,   0],
       [  6,  19, 812,  32,  45,   0,  19,  27,  72,   0],
       [  2,  28,  26, 535, 219,  21,  22,  15, 141,   1],
       [  8,   4,   1,   0, 891,  14,  17,  19,  27,   1],
       [ 18,  61,   7,  23,  39, 513,  88,  20, 122,   1],
       [ 11,  14,  18,   0,  22,   3, 807,  82,   1,   0],
       [ 30,  17,  35,   1,  39,   0,   1, 667, 238,   0],
       [ 10,  12,  23,   7,  58,  13,  25,   1, 825,   0],
       [140,   6,   4,   1, 306,  33,   1,  63, 255, 200]], dtype=int64)}, 88.37235199999122)
[2024-08-13 11:40:02,037][flwr][INFO] - configure_evaluate: no clients selected, skipping evaluation
[2024-08-13 11:40:02,037][flwr][INFO] - 
[2024-08-13 11:40:02,037][flwr][INFO] - [SUMMARY]
[2024-08-13 11:40:02,037][flwr][INFO] - Run finished 10 round(s) in 88.37s
[2024-08-13 11:40:02,045][flwr][INFO] - 	History (loss, centralized):
[2024-08-13 11:40:02,045][flwr][INFO] - 		round 0: 2.3025850929940455
[2024-08-13 11:40:02,045][flwr][INFO] - 		round 1: 1.2579372734584116
[2024-08-13 11:40:02,045][flwr][INFO] - 		round 2: 1.1717458150302111
[2024-08-13 11:40:02,045][flwr][INFO] - 		round 3: 1.164280914579319
[2024-08-13 11:40:02,046][flwr][INFO] - 		round 4: 1.1724940680639064
[2024-08-13 11:40:02,046][flwr][INFO] - 		round 5: 1.0935984255465723
[2024-08-13 11:40:02,046][flwr][INFO] - 		round 6: 1.1085464803235188
[2024-08-13 11:40:02,046][flwr][INFO] - 		round 7: 1.0854313297280058
[2024-08-13 11:40:02,046][flwr][INFO] - 		round 8: 1.099255342404746
[2024-08-13 11:40:02,046][flwr][INFO] - 		round 9: 1.0842404445495177
[2024-08-13 11:40:02,046][flwr][INFO] - 		round 10: 1.0721283219274043
[2024-08-13 11:40:02,046][flwr][INFO] - 	History (metrics, centralized):
[2024-08-13 11:40:02,046][flwr][INFO] - 	{'accuracy': [(0, 0.098),
[2024-08-13 11:40:02,046][flwr][INFO] - 	              (1, 0.5776),
[2024-08-13 11:40:02,046][flwr][INFO] - 	              (2, 0.6641),
[2024-08-13 11:40:02,046][flwr][INFO] - 	              (3, 0.6124),
[2024-08-13 11:40:02,046][flwr][INFO] - 	              (4, 0.6859),
[2024-08-13 11:40:02,046][flwr][INFO] - 	              (5, 0.6871),
[2024-08-13 11:40:02,046][flwr][INFO] - 	              (6, 0.6734),
[2024-08-13 11:40:02,046][flwr][INFO] - 	              (7, 0.6666),
[2024-08-13 11:40:02,046][flwr][INFO] - 	              (8, 0.678),
[2024-08-13 11:40:02,047][flwr][INFO] - 	              (9, 0.6767),
[2024-08-13 11:40:02,047][flwr][INFO] - 	              (10, 0.6926)],
[2024-08-13 11:40:02,047][flwr][INFO] - 	 'confusion_matrix': [(0,
[2024-08-13 11:40:02,047][flwr][INFO] - 	                       array([[ 980,    0,    0,    0,    0,    0,    0,    0,    0,    0],
[2024-08-13 11:40:02,047][flwr][INFO] - 	       [1135,    0,    0,    0,    0,    0,    0,    0,    0,    0],
[2024-08-13 11:40:02,047][flwr][INFO] - 	       [1032,    0,    0,    0,    0,    0,    0,    0,    0,    0],
[2024-08-13 11:40:02,047][flwr][INFO] - 	       [1010,    0,    0,    0,    0,    0,    0,    0,    0,    0],
[2024-08-13 11:40:02,047][flwr][INFO] - 	       [ 982,    0,    0,    0,    0,    0,    0,    0,    0,    0],
[2024-08-13 11:40:02,047][flwr][INFO] - 	       [ 892,    0,    0,    0,    0,    0,    0,    0,    0,    0],
[2024-08-13 11:40:02,047][flwr][INFO] - 	       [ 958,    0,    0,    0,    0,    0,    0,    0,    0,    0],
[2024-08-13 11:40:02,047][flwr][INFO] - 	       [1028,    0,    0,    0,    0,    0,    0,    0,    0,    0],
[2024-08-13 11:40:02,047][flwr][INFO] - 	       [ 974,    0,    0,    0,    0,    0,    0,    0,    0,    0],
[2024-08-13 11:40:02,047][flwr][INFO] - 	       [1009,    0,    0,    0,    0,    0,    0,    0,    0,    0]],
[2024-08-13 11:40:02,047][flwr][INFO] - 	      dtype=int64)),
[2024-08-13 11:40:02,047][flwr][INFO] - 	                      (1,
[2024-08-13 11:40:02,047][flwr][INFO] - 	                       array([[956,   0,   2,   6,   0,   0,   4,   2,   7,   3],
[2024-08-13 11:40:02,048][flwr][INFO] - 	       [  0, 707, 366,   6,   0,   0,   3,   0,  13,  40],
[2024-08-13 11:40:02,048][flwr][INFO] - 	       [ 74,   1, 492, 333,   1,   0,  16,  18,  47,  50],
[2024-08-13 11:40:02,048][flwr][INFO] - 	       [ 19,   1,   8, 862,   3,   0,   1,  10,  24,  82],
[2024-08-13 11:40:02,048][flwr][INFO] - 	       [ 55,   2,   5,   1, 164,   0,   8,  23,   9, 715],
[2024-08-13 11:40:02,048][flwr][INFO] - 	       [204,  54,  37, 244,   3,   2,  13,  19, 123, 193],
[2024-08-13 11:40:02,048][flwr][INFO] - 	       [134,   8,  45,   8,   2,   0, 705,  42,   4,  10],
[2024-08-13 11:40:02,048][flwr][INFO] - 	       [ 43,   8,  35,   3,   2,   0,   0, 578, 198, 161],
[2024-08-13 11:40:02,048][flwr][INFO] - 	       [ 42,   5,  24, 196,   2,   0,   3,   3, 416, 283],
[2024-08-13 11:40:02,048][flwr][INFO] - 	       [ 64,   3,   1,   8,   9,   0,   0,   9,  21, 894]], dtype=int64)),
[2024-08-13 11:40:02,048][flwr][INFO] - 	                      (2,
[2024-08-13 11:40:02,048][flwr][INFO] - 	                       array([[751,  31,   2,   5,  12,  19, 134,  18,   8,   0],
[2024-08-13 11:40:02,048][flwr][INFO] - 	       [  0, 936, 177,   2,   7,   3,   6,   3,   1,   0],
[2024-08-13 11:40:02,048][flwr][INFO] - 	       [  4,  29, 780,  60,  41,   0,  31,  55,  32,   0],
[2024-08-13 11:40:02,048][flwr][INFO] - 	       [  0,  63,  28, 601, 193,  24,  21,  25,  55,   0],
[2024-08-13 11:40:02,048][flwr][INFO] - 	       [  2,   4,   4,   0, 843,  10,  26,  84,   9,   0],
[2024-08-13 11:40:02,048][flwr][INFO] - 	       [  7, 125,  14,  53,  68, 486,  80,  33,  26,   0],
[2024-08-13 11:40:02,048][flwr][INFO] - 	       [  3,  22,  26,   0,  18,   3, 828,  58,   0,   0],
[2024-08-13 11:40:02,049][flwr][INFO] - 	       [  4,  32,  41,   0,  25,   0,   1, 881,  44,   0],
[2024-08-13 11:40:02,049][flwr][INFO] - 	       [  2,  75,  30,  35, 190,  42,  53,  20, 527,   0],
[2024-08-13 11:40:02,049][flwr][INFO] - 	       [ 13,  12,   2,   1, 532,  54,   1, 328,  58,   8]], dtype=int64)),
[2024-08-13 11:40:02,049][flwr][INFO] - 	                      (3,
[2024-08-13 11:40:02,049][flwr][INFO] - 	                       array([[914,  12,   2,  15,   0,   1,  17,   2,   1,  16],
[2024-08-13 11:40:02,049][flwr][INFO] - 	       [  0, 876, 210,   6,   0,   1,   4,   0,   1,  37],
[2024-08-13 11:40:02,049][flwr][INFO] - 	       [ 18,   9, 588, 277,   1,   1,  20,  17,  38,  63],
[2024-08-13 11:40:02,049][flwr][INFO] - 	       [  2,   7,   5, 841,   1,  11,   7,   9,  12, 115],
[2024-08-13 11:40:02,049][flwr][INFO] - 	       [ 27,   5,   4,   1, 147,  18,  12,  12,   3, 753],
[2024-08-13 11:40:02,049][flwr][INFO] - 	       [ 30,  81,  24, 189,   1, 299,  34,  13,  36, 185],
[2024-08-13 11:40:02,049][flwr][INFO] - 	       [ 33,  16,  37,   5,   3,   4, 794,  54,   0,  12],
[2024-08-13 11:40:02,049][flwr][INFO] - 	       [ 28,  16,  32,   3,   1,   0,   1, 516, 101, 330],
[2024-08-13 11:40:02,049][flwr][INFO] - 	       [ 13,  23,  17, 150,   2,   4,  10,   3, 205, 547],
[2024-08-13 11:40:02,049][flwr][INFO] - 	       [ 37,   3,   3,   7,   4,   2,   0,   6,   3, 944]], dtype=int64)),
[2024-08-13 11:40:02,049][flwr][INFO] - 	                      (4,
[2024-08-13 11:40:02,049][flwr][INFO] - 	                       array([[775,  89,   1,   1,   6,  12,  67,  21,   8,   0],
[2024-08-13 11:40:02,049][flwr][INFO] - 	       [  0, 927, 182,   1,   4,   4,   8,   3,   6,   0],
[2024-08-13 11:40:02,050][flwr][INFO] - 	       [  4,  25, 811,  35,  45,   0,  20,  49,  43,   0],
[2024-08-13 11:40:02,050][flwr][INFO] - 	       [  0,  45,  29, 572, 188,  37,  19,  29,  91,   0],
[2024-08-13 11:40:02,050][flwr][INFO] - 	       [  3,   4,   2,   0, 876,  10,  19,  60,   8,   0],
[2024-08-13 11:40:02,050][flwr][INFO] - 	       [ 10,  91,  17,  28,  51, 547,  71,  32,  45,   0],
[2024-08-13 11:40:02,050][flwr][INFO] - 	       [  7,  18,  25,   0,  21,   4, 800,  82,   1,   0],
[2024-08-13 11:40:02,050][flwr][INFO] - 	       [  8,  23,  37,   0,  25,   0,   1, 871,  63,   0],
[2024-08-13 11:40:02,050][flwr][INFO] - 	       [  3,  46,  23,  16, 121,  37,  35,  13, 680,   0],
[2024-08-13 11:40:02,050][flwr][INFO] - 	       [ 27,   7,   3,   1, 542,  57,   1, 278,  93,   0]], dtype=int64)),
[2024-08-13 11:40:02,050][flwr][INFO] - 	                      (5,
[2024-08-13 11:40:02,050][flwr][INFO] - 	                       array([[881,  47,   2,  11,   0,   4,  25,   4,   4,   2],
[2024-08-13 11:40:02,050][flwr][INFO] - 	       [  0, 933, 164,  13,   1,   3,   8,   1,   1,  11],
[2024-08-13 11:40:02,050][flwr][INFO] - 	       [ 19,  17, 604, 276,   7,   1,  24,  29,  27,  28],
[2024-08-13 11:40:02,050][flwr][INFO] - 	       [  3,  10,   6, 863,   1,  19,  12,  14,  18,  64],
[2024-08-13 11:40:02,050][flwr][INFO] - 	       [ 27,   6,   2,   1, 399,  75,  21,  30,   6, 415],
[2024-08-13 11:40:02,050][flwr][INFO] - 	       [ 33,  78,  16, 155,   4, 429,  64,  16,  27,  70],
[2024-08-13 11:40:02,050][flwr][INFO] - 	       [ 17,  15,  23,   2,   3,   3, 838,  55,   0,   2],
[2024-08-13 11:40:02,050][flwr][INFO] - 	       [ 32,  24,  33,   8,   8,   1,   2, 729,  68, 123],
[2024-08-13 11:40:02,051][flwr][INFO] - 	       [ 20,  41,  14, 174,   3,  13,  29,   7, 295, 378],
[2024-08-13 11:40:02,051][flwr][INFO] - 	       [ 50,   4,   3,  10,  12,  11,   1,  16,   2, 900]], dtype=int64)),
[2024-08-13 11:40:02,051][flwr][INFO] - 	                      (6,
[2024-08-13 11:40:02,051][flwr][INFO] - 	                       array([[747, 122,   3,   1,   7,  14,  43,  24,  19,   0],
[2024-08-13 11:40:02,051][flwr][INFO] - 	       [  0, 922, 171,   1,   6,   2,   6,   1,  26,   0],
[2024-08-13 11:40:02,051][flwr][INFO] - 	       [  5,  20, 818,  14,  60,   0,  15,  39,  61,   0],
[2024-08-13 11:40:02,051][flwr][INFO] - 	       [  0,  37,  33, 434, 291,  25,  18,  23, 149,   0],
[2024-08-13 11:40:02,051][flwr][INFO] - 	       [  2,   3,   2,   0, 924,   2,  11,  26,  11,   1],
[2024-08-13 11:40:02,051][flwr][INFO] - 	       [  6,  76,  12,  15,  70, 525,  56,  25, 107,   0],
[2024-08-13 11:40:02,051][flwr][INFO] - 	       [  8,  15,  31,   0,  27,   6, 761, 108,   2,   0],
[2024-08-13 11:40:02,051][flwr][INFO] - 	       [  7,  20,  34,   0,  36,   0,   0, 822, 109,   0],
[2024-08-13 11:40:02,051][flwr][INFO] - 	       [  3,  23,  23,   3, 106,  15,  21,   6, 774,   0],
[2024-08-13 11:40:02,051][flwr][INFO] - 	       [ 31,   6,   3,   0, 625,  18,   0, 153, 166,   7]], dtype=int64)),
[2024-08-13 11:40:02,051][flwr][INFO] - 	                      (7,
[2024-08-13 11:40:02,051][flwr][INFO] - 	                       array([[824,  83,   1,  12,   0,   7,  35,  11,   0,   7],
[2024-08-13 11:40:02,051][flwr][INFO] - 	       [  0, 994,  98,  13,   1,   3,   9,   1,   0,  16],
[2024-08-13 11:40:02,051][flwr][INFO] - 	       [  9,  24, 566, 313,   6,   1,  26,  35,  12,  40],
[2024-08-13 11:40:02,052][flwr][INFO] - 	       [  3,  11,   3, 856,   1,  23,  13,  15,   1,  84],
[2024-08-13 11:40:02,052][flwr][INFO] - 	       [ 12,   6,   2,   1, 323, 113,  20,  36,   0, 469],
[2024-08-13 11:40:02,052][flwr][INFO] - 	       [ 17,  70,   8, 110,   3, 518,  63,  21,   4,  78],
[2024-08-13 11:40:02,052][flwr][INFO] - 	       [ 14,  15,  12,   3,   3,   4, 835,  70,   0,   2],
[2024-08-13 11:40:02,052][flwr][INFO] - 	       [ 24,  25,  27,  11,   5,   4,   0, 773,   9, 150],
[2024-08-13 11:40:02,052][flwr][INFO] - 	       [ 13,  47,  12, 160,   3,  23,  28,   8,  54, 626],
[2024-08-13 11:40:02,052][flwr][INFO] - 	       [ 35,   3,   3,  10,   6,  10,   1,  18,   0, 923]], dtype=int64)),
[2024-08-13 11:40:02,052][flwr][INFO] - 	                      (8,
[2024-08-13 11:40:02,052][flwr][INFO] - 	                       array([[774, 120,   1,   1,   5,   9,  34,  13,  23,   0],
[2024-08-13 11:40:02,052][flwr][INFO] - 	       [  0, 917, 166,   1,   3,   3,   6,   1,  38,   0],
[2024-08-13 11:40:02,052][flwr][INFO] - 	       [  7,  19, 808,  26,  49,   0,  18,  30,  75,   0],
[2024-08-13 11:40:02,052][flwr][INFO] - 	       [  2,  28,  27, 525, 205,  21,  18,  17, 167,   0],
[2024-08-13 11:40:02,052][flwr][INFO] - 	       [  4,   3,   1,   0, 896,   9,  13,  24,  32,   0],
[2024-08-13 11:40:02,052][flwr][INFO] - 	       [ 15,  65,   8,  21,  47, 508,  65,  22, 141,   0],
[2024-08-13 11:40:02,052][flwr][INFO] - 	       [ 10,  16,  26,   0,  23,   5, 781,  95,   2,   0],
[2024-08-13 11:40:02,052][flwr][INFO] - 	       [ 16,  17,  33,   0,  39,   0,   0, 710, 213,   0],
[2024-08-13 11:40:02,052][flwr][INFO] - 	       [  9,  12,  21,   5,  63,  11,  20,   1, 832,   0],
[2024-08-13 11:40:02,053][flwr][INFO] - 	       [ 94,   5,   4,   1, 429,  29,   1,  89, 328,  29]], dtype=int64)),
[2024-08-13 11:40:02,053][flwr][INFO] - 	                      (9,
[2024-08-13 11:40:02,053][flwr][INFO] - 	                       array([[805,  98,   1,  11,   1,  11,  32,  15,   0,   6],
[2024-08-13 11:40:02,053][flwr][INFO] - 	       [  0, 996,  95,  16,   1,   3,   9,   1,   0,  14],
[2024-08-13 11:40:02,053][flwr][INFO] - 	       [  7,  23, 573, 313,   9,   2,  22,  40,   5,  38],
[2024-08-13 11:40:02,053][flwr][INFO] - 	       [  2,  11,   3, 863,   2,  24,   9,  18,   0,  78],
[2024-08-13 11:40:02,053][flwr][INFO] - 	       [  7,   6,   2,   2, 434, 128,  16,  43,   0, 344],
[2024-08-13 11:40:02,053][flwr][INFO] - 	       [ 15,  64,   5, 102,   4, 552,  53,  30,   3,  64],
[2024-08-13 11:40:02,053][flwr][INFO] - 	       [ 11,  16,  14,   1,   4,   5, 805, 101,   0,   1],
[2024-08-13 11:40:02,053][flwr][INFO] - 	       [ 16,  23,  31,   8,   7,   4,   0, 819,   3, 117],
[2024-08-13 11:40:02,053][flwr][INFO] - 	       [ 11,  46,  12, 162,   3,  33,  27,  11,  15, 654],
[2024-08-13 11:40:02,053][flwr][INFO] - 	       [ 31,   6,   3,  10,  13,  13,   1,  27,   0, 905]], dtype=int64)),
[2024-08-13 11:40:02,053][flwr][INFO] - 	                      (10,
[2024-08-13 11:40:02,053][flwr][INFO] - 	                       array([[765, 130,   1,   1,   5,   9,  39,  12,  18,   0],
[2024-08-13 11:40:02,053][flwr][INFO] - 	       [  0, 911, 175,   1,   4,   3,   7,   1,  33,   0],
[2024-08-13 11:40:02,053][flwr][INFO] - 	       [  6,  19, 812,  32,  45,   0,  19,  27,  72,   0],
[2024-08-13 11:40:02,053][flwr][INFO] - 	       [  2,  28,  26, 535, 219,  21,  22,  15, 141,   1],
[2024-08-13 11:40:02,054][flwr][INFO] - 	       [  8,   4,   1,   0, 891,  14,  17,  19,  27,   1],
[2024-08-13 11:40:02,054][flwr][INFO] - 	       [ 18,  61,   7,  23,  39, 513,  88,  20, 122,   1],
[2024-08-13 11:40:02,054][flwr][INFO] - 	       [ 11,  14,  18,   0,  22,   3, 807,  82,   1,   0],
[2024-08-13 11:40:02,054][flwr][INFO] - 	       [ 30,  17,  35,   1,  39,   0,   1, 667, 238,   0],
[2024-08-13 11:40:02,054][flwr][INFO] - 	       [ 10,  12,  23,   7,  58,  13,  25,   1, 825,   0],
[2024-08-13 11:40:02,054][flwr][INFO] - 	       [140,   6,   4,   1, 306,  33,   1,  63, 255, 200]], dtype=int64))],
[2024-08-13 11:40:02,054][flwr][INFO] - 	 'f1': [(0, 0.017493624772313296),
[2024-08-13 11:40:02,054][flwr][INFO] - 	        (1, 0.5430652119172938),
[2024-08-13 11:40:02,054][flwr][INFO] - 	        (2, 0.6335580425857978),
[2024-08-13 11:40:02,054][flwr][INFO] - 	        (3, 0.5980225845805622),
[2024-08-13 11:40:02,054][flwr][INFO] - 	        (4, 0.654035172783193),
[2024-08-13 11:40:02,054][flwr][INFO] - 	        (5, 0.6777209995094879),
[2024-08-13 11:40:02,054][flwr][INFO] - 	        (6, 0.6440077111040309),
[2024-08-13 11:40:02,054][flwr][INFO] - 	        (7, 0.641992470480982),
[2024-08-13 11:40:02,055][flwr][INFO] - 	        (8, 0.6518077797095997),
[2024-08-13 11:40:02,055][flwr][INFO] - 	        (9, 0.6492377846175461),
[2024-08-13 11:40:02,055][flwr][INFO] - 	        (10, 0.6797335220381078)],
[2024-08-13 11:40:02,055][flwr][INFO] - 	 'precision': [(0, 0.009604000000000001),
[2024-08-13 11:40:02,055][flwr][INFO] - 	               (1, 0.6968314636208055),
[2024-08-13 11:40:02,055][flwr][INFO] - 	               (2, 0.7329995229323569),
[2024-08-13 11:40:02,055][flwr][INFO] - 	               (3, 0.7174468813414693),
[2024-08-13 11:40:02,055][flwr][INFO] - 	               (4, 0.6500570922048448),
[2024-08-13 11:40:02,055][flwr][INFO] - 	               (5, 0.7286098747293077),
[2024-08-13 11:40:02,055][flwr][INFO] - 	               (6, 0.7506966395914649),
[2024-08-13 11:40:02,055][flwr][INFO] - 	               (7, 0.7295868905981676),
[2024-08-13 11:40:02,055][flwr][INFO] - 	               (8, 0.7576001078094947),
[2024-08-13 11:40:02,055][flwr][INFO] - 	               (9, 0.7188385954940094),
[2024-08-13 11:40:02,055][flwr][INFO] - 	               (10, 0.7533363280145381)],
[2024-08-13 11:40:02,055][flwr][INFO] - 	 'recall': [(0, 0.098),
[2024-08-13 11:40:02,055][flwr][INFO] - 	            (1, 0.5776),
[2024-08-13 11:40:02,055][flwr][INFO] - 	            (2, 0.6641),
[2024-08-13 11:40:02,056][flwr][INFO] - 	            (3, 0.6124),
[2024-08-13 11:40:02,056][flwr][INFO] - 	            (4, 0.6859),
[2024-08-13 11:40:02,056][flwr][INFO] - 	            (5, 0.6871),
[2024-08-13 11:40:02,056][flwr][INFO] - 	            (6, 0.6734),
[2024-08-13 11:40:02,056][flwr][INFO] - 	            (7, 0.6666),
[2024-08-13 11:40:02,056][flwr][INFO] - 	            (8, 0.678),
[2024-08-13 11:40:02,056][flwr][INFO] - 	            (9, 0.6767),
[2024-08-13 11:40:02,056][flwr][INFO] - 	            (10, 0.6926)]}
[2024-08-13 11:40:02,056][flwr][INFO] - 
