[2024-08-13 14:38:33,789][flwr][INFO] - Starting Flower simulation, config: num_rounds=10, no round_timeout
[2024-08-13 14:38:37,858][flwr][INFO] - Flower VCE: Ray initialized with resources: {'object_store_memory': 2427023769.0, 'memory': 4854047540.0, 'node:127.0.0.1': 1.0, 'CPU': 16.0, 'accelerator_type:G': 1.0, 'node:__internal_head__': 1.0, 'GPU': 1.0}
[2024-08-13 14:38:37,858][flwr][INFO] - Optimize your simulation with Flower VCE: https://flower.ai/docs/framework/how-to-run-simulations.html
[2024-08-13 14:38:37,858][flwr][INFO] - Flower VCE: Resources for each Virtual Client: {'num_cpus': 2, 'num_gpus': 0.5}
[2024-08-13 14:38:37,870][flwr][INFO] - Flower VCE: Creating VirtualClientEngineActorPool with 2 actors
[2024-08-13 14:38:37,872][flwr][INFO] - [INIT]
[2024-08-13 14:38:37,872][flwr][INFO] - Requesting initial parameters from one random client
[2024-08-13 14:38:45,219][flwr][INFO] - Received initial parameters from one random client
[2024-08-13 14:38:45,219][flwr][INFO] - Evaluating initial global parameters
[2024-08-13 14:38:47,428][flwr][INFO] - initial parameters (loss, other metrics): 2.3025850929940455, {'accuracy': 0.098, 'precision': 0.009604000000000001, 'recall': 0.098, 'f1': 0.017493624772313296, 'confusion_matrix': array([[ 980,    0,    0,    0,    0,    0,    0,    0,    0,    0],
       [1135,    0,    0,    0,    0,    0,    0,    0,    0,    0],
       [1032,    0,    0,    0,    0,    0,    0,    0,    0,    0],
       [1010,    0,    0,    0,    0,    0,    0,    0,    0,    0],
       [ 982,    0,    0,    0,    0,    0,    0,    0,    0,    0],
       [ 892,    0,    0,    0,    0,    0,    0,    0,    0,    0],
       [ 958,    0,    0,    0,    0,    0,    0,    0,    0,    0],
       [1028,    0,    0,    0,    0,    0,    0,    0,    0,    0],
       [ 974,    0,    0,    0,    0,    0,    0,    0,    0,    0],
       [1009,    0,    0,    0,    0,    0,    0,    0,    0,    0]],
      dtype=int64)}
[2024-08-13 14:38:47,429][flwr][INFO] - 
[2024-08-13 14:38:47,429][flwr][INFO] - [ROUND 1]
[2024-08-13 14:38:47,429][flwr][INFO] - configure_fit: strategy sampled 10 clients (out of 100)
[2024-08-13 14:38:50,982][flwr][INFO] - aggregate_fit: received 10 results and 0 failures
[2024-08-13 14:38:50,985][flwr][WARNING] - No fit_metrics_aggregation_fn provided
[2024-08-13 14:38:53,053][flwr][INFO] - fit progress: (1, 1.0804085973037933, {'accuracy': 0.6831, 'precision': 0.7666117692068294, 'recall': 0.6831, 'f1': 0.6557239789644088, 'confusion_matrix': array([[ 966,    0,    2,    3,    0,    0,    2,    0,    7,    0],
       [   0, 1029,   54,   10,    0,    0,    3,    0,   39,    0],
       [ 121,   19,  665,  133,    3,    0,   20,   13,   51,    7],
       [  71,    8,   12,  853,    0,    0,    4,    8,   45,    9],
       [  86,   13,    3,    2,  390,    0,   29,    6,   91,  362],
       [ 422,   54,   14,  203,    2,    9,   16,   18,  122,   32],
       [ 180,   18,   16,    6,    2,    0,  723,    2,   11,    0],
       [  56,   37,   20,    6,    1,    0,    1,  786,   88,   33],
       [  99,   13,    8,  153,    1,    0,   11,    5,  668,   16],
       [ 107,   13,    0,   17,   13,    0,    1,   44,   72,  742]],
      dtype=int64)}, 5.624087900010636)
[2024-08-13 14:38:53,054][flwr][INFO] - configure_evaluate: no clients selected, skipping evaluation
[2024-08-13 14:38:53,054][flwr][INFO] - 
[2024-08-13 14:38:53,054][flwr][INFO] - [ROUND 2]
[2024-08-13 14:38:53,055][flwr][INFO] - configure_fit: strategy sampled 10 clients (out of 100)
[2024-08-13 14:38:54,278][flwr][INFO] - aggregate_fit: received 10 results and 0 failures
[2024-08-13 14:38:56,415][flwr][INFO] - fit progress: (2, 1.044730040756776, {'accuracy': 0.7429, 'precision': 0.7795242974756351, 'recall': 0.7429, 'f1': 0.7388262670948599, 'confusion_matrix': array([[491,   3,   7,   9,   9, 285, 165,  10,   0,   1],
       [  0, 979, 133,   1,   1,  16,   4,   0,   0,   1],
       [  0,  13, 878,  23,  37,   5,  24,  28,  23,   1],
       [  0,  13,  42, 729,  17, 111,  21,  18,  20,  39],
       [  0,   5,   5,   0, 913,  12,  21,  13,   4,   9],
       [  1,  52,  21,  56,  34, 663,  43,  13,   4,   5],
       [  1,  12,  30,   1,  29,  23, 858,   4,   0,   0],
       [  1,  32,  55,   0,  29,   0,   1, 887,  10,  13],
       [  0,  37,  60,  56,  74, 155,  28,  16, 489,  59],
       [  0,  10,   5,   2, 292,  51,   4,  96,   7, 542]], dtype=int64)}, 8.986069999999017)
[2024-08-13 14:38:56,416][flwr][INFO] - configure_evaluate: no clients selected, skipping evaluation
[2024-08-13 14:38:56,416][flwr][INFO] - 
[2024-08-13 14:38:56,416][flwr][INFO] - [ROUND 3]
[2024-08-13 14:38:56,416][flwr][INFO] - configure_fit: strategy sampled 10 clients (out of 100)
[2024-08-13 14:38:57,589][flwr][INFO] - aggregate_fit: received 10 results and 0 failures
[2024-08-13 14:38:59,651][flwr][INFO] - fit progress: (3, 1.1445047080205417, {'accuracy': 0.652, 'precision': 0.7565526400463772, 'recall': 0.652, 'f1': 0.6109638812163928, 'confusion_matrix': array([[933,   2,   1,  11,   0,   0,  11,   2,  18,   2],
       [  0, 997,  49,   7,   0,   0,   4,   1,  72,   5],
       [ 24,  11, 436, 366,   0,   0,  23,  20, 107,  45],
       [  5,   3,   2, 887,   0,   1,   6,  13,  54,  39],
       [ 21,   6,   1,   1, 118,   0,  13,  31,  27, 764],
       [ 72,  87,   3, 252,   1,  43,  43,  19, 228, 144],
       [ 49,  17,  12,   7,   1,   0, 805,  55,   7,   5],
       [ 22,  20,  13,   7,   0,   0,   2, 664, 142, 158],
       [ 14,   9,   4, 127,   0,   0,   8,   4, 720,  88],
       [ 33,   4,   1,   9,   1,   1,   0,  12,  31, 917]], dtype=int64)}, 12.22122269999818)
[2024-08-13 14:38:59,651][flwr][INFO] - configure_evaluate: no clients selected, skipping evaluation
[2024-08-13 14:38:59,651][flwr][INFO] - 
[2024-08-13 14:38:59,651][flwr][INFO] - [ROUND 4]
[2024-08-13 14:38:59,652][flwr][INFO] - configure_fit: strategy sampled 10 clients (out of 100)
[2024-08-13 14:39:00,834][flwr][INFO] - aggregate_fit: received 10 results and 0 failures
[2024-08-13 14:39:02,905][flwr][INFO] - fit progress: (4, 1.2666320910664506, {'accuracy': 0.5897, 'precision': 0.6587439527792555, 'recall': 0.5897, 'f1': 0.5453436857889049, 'confusion_matrix': array([[734, 124,   2,   0,   3,  46,  29,  42,   0,   0],
       [  0, 779, 331,   1,   1,  14,   3,   6,   0,   0],
       [  2,  23, 861,   8,  51,   4,  17,  61,   5,   0],
       [  0,  64,  64, 348, 306, 153,  17,  50,   5,   3],
       [  1,   3,   5,   0, 774, 106,   6,  86,   0,   1],
       [  8,  75,  23,   6,  37, 673,  31,  38,   1,   0],
       [  6,  19,  37,   0,  26,  20, 690, 160,   0,   0],
       [  4,  17,  67,   0,  21,   3,   0, 916,   0,   0],
       [  3,  77, 100,   4, 181, 404,  18,  62, 115,  10],
       [ 14,   9,   3,   0, 350, 277,   0, 349,   0,   7]], dtype=int64)}, 15.476692600001115)
[2024-08-13 14:39:02,906][flwr][INFO] - configure_evaluate: no clients selected, skipping evaluation
[2024-08-13 14:39:02,906][flwr][INFO] - 
[2024-08-13 14:39:02,906][flwr][INFO] - [ROUND 5]
[2024-08-13 14:39:02,907][flwr][INFO] - configure_fit: strategy sampled 10 clients (out of 100)
[2024-08-13 14:39:04,058][flwr][INFO] - aggregate_fit: received 10 results and 0 failures
[2024-08-13 14:39:06,143][flwr][INFO] - fit progress: (5, 1.4105161691988914, {'accuracy': 0.5303, 'precision': 0.6683089322722995, 'recall': 0.5303, 'f1': 0.4579465518286757, 'confusion_matrix': array([[839,  77,   0,  23,   0,   0,  22,   2,  12,   5],
       [  0, 947,  19,  42,   0,   0,   6,   0,  98,  23],
       [ 12,  11,  63, 778,   0,   0,  25,   8,  74,  61],
       [  1,   4,   0, 865,   0,   1,  13,   4,  46,  76],
       [ 36,   4,   0,   5,  74,   4,  14,   5,  17, 823],
       [ 49,  71,   1, 213,   3,  39, 111,   3, 166, 236],
       [ 18,  19,   2,  18,   1,   0, 851,  38,   1,  10],
       [ 62,  11,   1,  26,   1,   0,   1, 101, 600, 225],
       [  7,   3,   1, 140,   0,   0,  13,   1, 592, 217],
       [ 34,   2,   0,  14,   0,   1,   1,   2,  23, 932]], dtype=int64)}, 18.71413670000038)
[2024-08-13 14:39:06,144][flwr][INFO] - configure_evaluate: no clients selected, skipping evaluation
[2024-08-13 14:39:06,144][flwr][INFO] - 
[2024-08-13 14:39:06,144][flwr][INFO] - [ROUND 6]
[2024-08-13 14:39:06,144][flwr][INFO] - configure_fit: strategy sampled 10 clients (out of 100)
[2024-08-13 14:39:07,431][flwr][INFO] - aggregate_fit: received 10 results and 0 failures
[2024-08-13 14:39:09,508][flwr][INFO] - fit progress: (6, 1.1176352561271266, {'accuracy': 0.6831, 'precision': 0.7499159178124624, 'recall': 0.6831, 'f1': 0.6560648267252593, 'confusion_matrix': array([[849,  66,   2,   0,   4,   5,  28,  21,   5,   0],
       [  0, 936, 178,   1,   2,   3,   8,   6,   1,   0],
       [  9,  24, 859,  16,  35,   0,  18,  47,  24,   0],
       [ 10,  58,  53, 504, 222,  31,  33,  33,  66,   0],
       [  9,   5,   3,   0, 858,  12,  14,  76,   4,   1],
       [ 34,  88,  18,  13,  65, 509, 112,  39,  14,   0],
       [ 11,  19,  30,   0,  13,   2, 745, 138,   0,   0],
       [ 15,  25,  61,   0,  22,   0,   0, 889,  16,   0],
       [ 28,  55,  56,   4, 110,  24,  52,  28, 617,   0],
       [ 97,  11,   5,   1, 406,  45,   0, 356,  23,  65]], dtype=int64)}, 22.078777400005492)
[2024-08-13 14:39:09,508][flwr][INFO] - configure_evaluate: no clients selected, skipping evaluation
[2024-08-13 14:39:09,508][flwr][INFO] - 
[2024-08-13 14:39:09,509][flwr][INFO] - [ROUND 7]
[2024-08-13 14:39:09,509][flwr][INFO] - configure_fit: strategy sampled 10 clients (out of 100)
[2024-08-13 14:39:10,635][flwr][INFO] - aggregate_fit: received 10 results and 0 failures
[2024-08-13 14:39:12,680][flwr][INFO] - fit progress: (7, 1.3462353379039782, {'accuracy': 0.4993, 'precision': 0.6281869295254157, 'recall': 0.4993, 'f1': 0.46221517192324607, 'confusion_matrix': array([[611, 227,   0,  32,   0,  13,  41,   2,   0,  54],
       [  0, 933,  96,  22,   0,   1,   3,   0,   3,  77],
       [  0,  19, 290, 547,   0,   2,  19,   8,  21, 126],
       [  0,   5,   1, 839,   1,  12,   6,   4,   2, 140],
       [  5,   3,   0,   2,  55, 110,  10,   3,   0, 794],
       [  2,  53,   3, 150,   0, 294,  48,   6,  24, 312],
       [  6,  26,  11,  10,   1,   2, 828,  44,   0,  30],
       [ 30,  10,  13,  17,   0,   9,   0, 120, 249, 580],
       [  1,  10,   5, 106,   0,   8,  10,   1,  45, 788],
       [ 11,   2,   2,   9,   1,   3,   1,   2,   0, 978]], dtype=int64)}, 25.251410099997884)
[2024-08-13 14:39:12,681][flwr][INFO] - configure_evaluate: no clients selected, skipping evaluation
[2024-08-13 14:39:12,681][flwr][INFO] - 
[2024-08-13 14:39:12,681][flwr][INFO] - [ROUND 8]
[2024-08-13 14:39:12,681][flwr][INFO] - configure_fit: strategy sampled 10 clients (out of 100)
[2024-08-13 14:39:13,816][flwr][INFO] - aggregate_fit: received 10 results and 0 failures
[2024-08-13 14:39:16,006][flwr][INFO] - fit progress: (8, 1.1344168757834425, {'accuracy': 0.7115, 'precision': 0.6565439309462793, 'recall': 0.7115, 'f1': 0.6769892397620338, 'confusion_matrix': array([[899,  24,   1,   2,   1,   8,  21,  15,   9,   0],
       [  0, 949, 146,   2,   1,   4,   8,   1,  24,   0],
       [ 13,  18, 835,  32,  20,   2,  19,  35,  58,   0],
       [  6,  21,  32, 703,  32,  50,  15,  24, 127,   0],
       [ 17,   5,   2,   0, 767,  86,  15,  58,  32,   0],
       [ 25,  52,   8,  30,  11, 579,  63,  26,  98,   0],
       [ 15,  13,  23,   0,   9,   6, 768, 123,   1,   0],
       [ 28,  21,  40,   1,  17,   2,   1, 802, 116,   0],
       [ 18,  17,  28,  13,  19,  35,  23,   8, 813,   0],
       [237,   5,   4,   1, 208, 118,   2, 151, 283,   0]], dtype=int64)}, 28.576373600008083)
[2024-08-13 14:39:16,007][flwr][INFO] - configure_evaluate: no clients selected, skipping evaluation
[2024-08-13 14:39:16,007][flwr][INFO] - 
[2024-08-13 14:39:16,007][flwr][INFO] - [ROUND 9]
[2024-08-13 14:39:16,007][flwr][INFO] - configure_fit: strategy sampled 10 clients (out of 100)
[2024-08-13 14:39:17,171][flwr][INFO] - aggregate_fit: received 10 results and 0 failures
[2024-08-13 14:39:19,237][flwr][INFO] - fit progress: (9, 1.2185173973784003, {'accuracy': 0.5964, 'precision': 0.6655950894417054, 'recall': 0.5964, 'f1': 0.5565025079302275, 'confusion_matrix': array([[ 263,  542,    0,   32,    3,   12,   99,   10,    0,   19],
       [   0, 1008,   62,   31,    1,    2,   15,    1,    0,   15],
       [   0,   35,  314,  560,   16,    1,   27,   24,    1,   54],
       [   0,    8,    1,  882,   12,    9,   14,   12,    0,   72],
       [   0,    5,    0,    4,  674,   25,   23,   13,    0,  238],
       [   0,   76,    3,  153,   17,  388,  112,   12,    0,  131],
       [   1,   29,    8,    1,   12,    0,  851,   54,    0,    2],
       [   7,   22,   18,   31,   27,    2,    0,  654,    1,  266],
       [   1,   42,    6,  195,   15,    8,   32,    4,    1,  670],
       [   8,    8,    2,   14,   22,    8,    4,   14,    0,  929]],
      dtype=int64)}, 31.80769830000645)
[2024-08-13 14:39:19,238][flwr][INFO] - configure_evaluate: no clients selected, skipping evaluation
[2024-08-13 14:39:19,238][flwr][INFO] - 
[2024-08-13 14:39:19,238][flwr][INFO] - [ROUND 10]
[2024-08-13 14:39:19,238][flwr][INFO] - configure_fit: strategy sampled 10 clients (out of 100)
[2024-08-13 14:39:20,448][flwr][INFO] - aggregate_fit: received 10 results and 0 failures
[2024-08-13 14:39:22,505][flwr][INFO] - fit progress: (10, 1.2095374751014218, {'accuracy': 0.6003, 'precision': 0.7059620261127472, 'recall': 0.6003, 'f1': 0.5653732513372739, 'confusion_matrix': array([[938,  14,   1,   0,   1,   5,   2,  11,   8,   0],
       [  0, 645, 456,   1,   1,   4,   2,   2,  24,   0],
       [ 25,   6, 852,   6,  38,   5,   7,  24,  69,   0],
       [ 27,  15,  66, 325, 282,  59,  13,  24, 199,   0],
       [ 38,   2,   4,   0, 727, 133,   4,  32,  42,   0],
       [ 49,  31,  20,  11,  15, 588,  33,  27, 118,   0],
       [ 51,   7,  45,   0,  15,  13, 555, 269,   3,   0],
       [ 59,   6,  54,   0,  16,   2,   0, 545, 346,   0],
       [ 34,   4,  33,   1,  32,  28,  11,   4, 827,   0],
       [331,   4,   4,   0, 147, 114,   0,  42, 366,   1]], dtype=int64)}, 35.07612959999824)
[2024-08-13 14:39:22,506][flwr][INFO] - configure_evaluate: no clients selected, skipping evaluation
[2024-08-13 14:39:22,506][flwr][INFO] - 
[2024-08-13 14:39:22,506][flwr][INFO] - [SUMMARY]
[2024-08-13 14:39:22,506][flwr][INFO] - Run finished 10 round(s) in 35.08s
[2024-08-13 14:39:22,514][flwr][INFO] - 	History (loss, centralized):
[2024-08-13 14:39:22,514][flwr][INFO] - 		round 0: 2.3025850929940455
[2024-08-13 14:39:22,514][flwr][INFO] - 		round 1: 1.0804085973037933
[2024-08-13 14:39:22,514][flwr][INFO] - 		round 2: 1.044730040756776
[2024-08-13 14:39:22,515][flwr][INFO] - 		round 3: 1.1445047080205417
[2024-08-13 14:39:22,515][flwr][INFO] - 		round 4: 1.2666320910664506
[2024-08-13 14:39:22,515][flwr][INFO] - 		round 5: 1.4105161691988914
[2024-08-13 14:39:22,515][flwr][INFO] - 		round 6: 1.1176352561271266
[2024-08-13 14:39:22,515][flwr][INFO] - 		round 7: 1.3462353379039782
[2024-08-13 14:39:22,515][flwr][INFO] - 		round 8: 1.1344168757834425
[2024-08-13 14:39:22,515][flwr][INFO] - 		round 9: 1.2185173973784003
[2024-08-13 14:39:22,515][flwr][INFO] - 		round 10: 1.2095374751014218
[2024-08-13 14:39:22,515][flwr][INFO] - 	History (metrics, centralized):
[2024-08-13 14:39:22,515][flwr][INFO] - 	{'accuracy': [(0, 0.098),
[2024-08-13 14:39:22,515][flwr][INFO] - 	              (1, 0.6831),
[2024-08-13 14:39:22,515][flwr][INFO] - 	              (2, 0.7429),
[2024-08-13 14:39:22,515][flwr][INFO] - 	              (3, 0.652),
[2024-08-13 14:39:22,516][flwr][INFO] - 	              (4, 0.5897),
[2024-08-13 14:39:22,516][flwr][INFO] - 	              (5, 0.5303),
[2024-08-13 14:39:22,516][flwr][INFO] - 	              (6, 0.6831),
[2024-08-13 14:39:22,516][flwr][INFO] - 	              (7, 0.4993),
[2024-08-13 14:39:22,516][flwr][INFO] - 	              (8, 0.7115),
[2024-08-13 14:39:22,516][flwr][INFO] - 	              (9, 0.5964),
[2024-08-13 14:39:22,516][flwr][INFO] - 	              (10, 0.6003)],
[2024-08-13 14:39:22,516][flwr][INFO] - 	 'confusion_matrix': [(0,
[2024-08-13 14:39:22,516][flwr][INFO] - 	                       array([[ 980,    0,    0,    0,    0,    0,    0,    0,    0,    0],
[2024-08-13 14:39:22,516][flwr][INFO] - 	       [1135,    0,    0,    0,    0,    0,    0,    0,    0,    0],
[2024-08-13 14:39:22,516][flwr][INFO] - 	       [1032,    0,    0,    0,    0,    0,    0,    0,    0,    0],
[2024-08-13 14:39:22,516][flwr][INFO] - 	       [1010,    0,    0,    0,    0,    0,    0,    0,    0,    0],
[2024-08-13 14:39:22,516][flwr][INFO] - 	       [ 982,    0,    0,    0,    0,    0,    0,    0,    0,    0],
[2024-08-13 14:39:22,516][flwr][INFO] - 	       [ 892,    0,    0,    0,    0,    0,    0,    0,    0,    0],
[2024-08-13 14:39:22,516][flwr][INFO] - 	       [ 958,    0,    0,    0,    0,    0,    0,    0,    0,    0],
[2024-08-13 14:39:22,516][flwr][INFO] - 	       [1028,    0,    0,    0,    0,    0,    0,    0,    0,    0],
[2024-08-13 14:39:22,517][flwr][INFO] - 	       [ 974,    0,    0,    0,    0,    0,    0,    0,    0,    0],
[2024-08-13 14:39:22,517][flwr][INFO] - 	       [1009,    0,    0,    0,    0,    0,    0,    0,    0,    0]],
[2024-08-13 14:39:22,517][flwr][INFO] - 	      dtype=int64)),
[2024-08-13 14:39:22,517][flwr][INFO] - 	                      (1,
[2024-08-13 14:39:22,517][flwr][INFO] - 	                       array([[ 966,    0,    2,    3,    0,    0,    2,    0,    7,    0],
[2024-08-13 14:39:22,517][flwr][INFO] - 	       [   0, 1029,   54,   10,    0,    0,    3,    0,   39,    0],
[2024-08-13 14:39:22,517][flwr][INFO] - 	       [ 121,   19,  665,  133,    3,    0,   20,   13,   51,    7],
[2024-08-13 14:39:22,517][flwr][INFO] - 	       [  71,    8,   12,  853,    0,    0,    4,    8,   45,    9],
[2024-08-13 14:39:22,517][flwr][INFO] - 	       [  86,   13,    3,    2,  390,    0,   29,    6,   91,  362],
[2024-08-13 14:39:22,517][flwr][INFO] - 	       [ 422,   54,   14,  203,    2,    9,   16,   18,  122,   32],
[2024-08-13 14:39:22,517][flwr][INFO] - 	       [ 180,   18,   16,    6,    2,    0,  723,    2,   11,    0],
[2024-08-13 14:39:22,517][flwr][INFO] - 	       [  56,   37,   20,    6,    1,    0,    1,  786,   88,   33],
[2024-08-13 14:39:22,517][flwr][INFO] - 	       [  99,   13,    8,  153,    1,    0,   11,    5,  668,   16],
[2024-08-13 14:39:22,517][flwr][INFO] - 	       [ 107,   13,    0,   17,   13,    0,    1,   44,   72,  742]],
[2024-08-13 14:39:22,517][flwr][INFO] - 	      dtype=int64)),
[2024-08-13 14:39:22,517][flwr][INFO] - 	                      (2,
[2024-08-13 14:39:22,517][flwr][INFO] - 	                       array([[491,   3,   7,   9,   9, 285, 165,  10,   0,   1],
[2024-08-13 14:39:22,518][flwr][INFO] - 	       [  0, 979, 133,   1,   1,  16,   4,   0,   0,   1],
[2024-08-13 14:39:22,518][flwr][INFO] - 	       [  0,  13, 878,  23,  37,   5,  24,  28,  23,   1],
[2024-08-13 14:39:22,518][flwr][INFO] - 	       [  0,  13,  42, 729,  17, 111,  21,  18,  20,  39],
[2024-08-13 14:39:22,518][flwr][INFO] - 	       [  0,   5,   5,   0, 913,  12,  21,  13,   4,   9],
[2024-08-13 14:39:22,518][flwr][INFO] - 	       [  1,  52,  21,  56,  34, 663,  43,  13,   4,   5],
[2024-08-13 14:39:22,518][flwr][INFO] - 	       [  1,  12,  30,   1,  29,  23, 858,   4,   0,   0],
[2024-08-13 14:39:22,518][flwr][INFO] - 	       [  1,  32,  55,   0,  29,   0,   1, 887,  10,  13],
[2024-08-13 14:39:22,518][flwr][INFO] - 	       [  0,  37,  60,  56,  74, 155,  28,  16, 489,  59],
[2024-08-13 14:39:22,518][flwr][INFO] - 	       [  0,  10,   5,   2, 292,  51,   4,  96,   7, 542]], dtype=int64)),
[2024-08-13 14:39:22,518][flwr][INFO] - 	                      (3,
[2024-08-13 14:39:22,518][flwr][INFO] - 	                       array([[933,   2,   1,  11,   0,   0,  11,   2,  18,   2],
[2024-08-13 14:39:22,518][flwr][INFO] - 	       [  0, 997,  49,   7,   0,   0,   4,   1,  72,   5],
[2024-08-13 14:39:22,518][flwr][INFO] - 	       [ 24,  11, 436, 366,   0,   0,  23,  20, 107,  45],
[2024-08-13 14:39:22,518][flwr][INFO] - 	       [  5,   3,   2, 887,   0,   1,   6,  13,  54,  39],
[2024-08-13 14:39:22,518][flwr][INFO] - 	       [ 21,   6,   1,   1, 118,   0,  13,  31,  27, 764],
[2024-08-13 14:39:22,518][flwr][INFO] - 	       [ 72,  87,   3, 252,   1,  43,  43,  19, 228, 144],
[2024-08-13 14:39:22,518][flwr][INFO] - 	       [ 49,  17,  12,   7,   1,   0, 805,  55,   7,   5],
[2024-08-13 14:39:22,519][flwr][INFO] - 	       [ 22,  20,  13,   7,   0,   0,   2, 664, 142, 158],
[2024-08-13 14:39:22,519][flwr][INFO] - 	       [ 14,   9,   4, 127,   0,   0,   8,   4, 720,  88],
[2024-08-13 14:39:22,519][flwr][INFO] - 	       [ 33,   4,   1,   9,   1,   1,   0,  12,  31, 917]], dtype=int64)),
[2024-08-13 14:39:22,519][flwr][INFO] - 	                      (4,
[2024-08-13 14:39:22,519][flwr][INFO] - 	                       array([[734, 124,   2,   0,   3,  46,  29,  42,   0,   0],
[2024-08-13 14:39:22,519][flwr][INFO] - 	       [  0, 779, 331,   1,   1,  14,   3,   6,   0,   0],
[2024-08-13 14:39:22,519][flwr][INFO] - 	       [  2,  23, 861,   8,  51,   4,  17,  61,   5,   0],
[2024-08-13 14:39:22,519][flwr][INFO] - 	       [  0,  64,  64, 348, 306, 153,  17,  50,   5,   3],
[2024-08-13 14:39:22,519][flwr][INFO] - 	       [  1,   3,   5,   0, 774, 106,   6,  86,   0,   1],
[2024-08-13 14:39:22,519][flwr][INFO] - 	       [  8,  75,  23,   6,  37, 673,  31,  38,   1,   0],
[2024-08-13 14:39:22,519][flwr][INFO] - 	       [  6,  19,  37,   0,  26,  20, 690, 160,   0,   0],
[2024-08-13 14:39:22,519][flwr][INFO] - 	       [  4,  17,  67,   0,  21,   3,   0, 916,   0,   0],
[2024-08-13 14:39:22,519][flwr][INFO] - 	       [  3,  77, 100,   4, 181, 404,  18,  62, 115,  10],
[2024-08-13 14:39:22,519][flwr][INFO] - 	       [ 14,   9,   3,   0, 350, 277,   0, 349,   0,   7]], dtype=int64)),
[2024-08-13 14:39:22,519][flwr][INFO] - 	                      (5,
[2024-08-13 14:39:22,519][flwr][INFO] - 	                       array([[839,  77,   0,  23,   0,   0,  22,   2,  12,   5],
[2024-08-13 14:39:22,519][flwr][INFO] - 	       [  0, 947,  19,  42,   0,   0,   6,   0,  98,  23],
[2024-08-13 14:39:22,520][flwr][INFO] - 	       [ 12,  11,  63, 778,   0,   0,  25,   8,  74,  61],
[2024-08-13 14:39:22,520][flwr][INFO] - 	       [  1,   4,   0, 865,   0,   1,  13,   4,  46,  76],
[2024-08-13 14:39:22,520][flwr][INFO] - 	       [ 36,   4,   0,   5,  74,   4,  14,   5,  17, 823],
[2024-08-13 14:39:22,520][flwr][INFO] - 	       [ 49,  71,   1, 213,   3,  39, 111,   3, 166, 236],
[2024-08-13 14:39:22,520][flwr][INFO] - 	       [ 18,  19,   2,  18,   1,   0, 851,  38,   1,  10],
[2024-08-13 14:39:22,520][flwr][INFO] - 	       [ 62,  11,   1,  26,   1,   0,   1, 101, 600, 225],
[2024-08-13 14:39:22,520][flwr][INFO] - 	       [  7,   3,   1, 140,   0,   0,  13,   1, 592, 217],
[2024-08-13 14:39:22,520][flwr][INFO] - 	       [ 34,   2,   0,  14,   0,   1,   1,   2,  23, 932]], dtype=int64)),
[2024-08-13 14:39:22,520][flwr][INFO] - 	                      (6,
[2024-08-13 14:39:22,520][flwr][INFO] - 	                       array([[849,  66,   2,   0,   4,   5,  28,  21,   5,   0],
[2024-08-13 14:39:22,520][flwr][INFO] - 	       [  0, 936, 178,   1,   2,   3,   8,   6,   1,   0],
[2024-08-13 14:39:22,520][flwr][INFO] - 	       [  9,  24, 859,  16,  35,   0,  18,  47,  24,   0],
[2024-08-13 14:39:22,520][flwr][INFO] - 	       [ 10,  58,  53, 504, 222,  31,  33,  33,  66,   0],
[2024-08-13 14:39:22,520][flwr][INFO] - 	       [  9,   5,   3,   0, 858,  12,  14,  76,   4,   1],
[2024-08-13 14:39:22,520][flwr][INFO] - 	       [ 34,  88,  18,  13,  65, 509, 112,  39,  14,   0],
[2024-08-13 14:39:22,520][flwr][INFO] - 	       [ 11,  19,  30,   0,  13,   2, 745, 138,   0,   0],
[2024-08-13 14:39:22,520][flwr][INFO] - 	       [ 15,  25,  61,   0,  22,   0,   0, 889,  16,   0],
[2024-08-13 14:39:22,521][flwr][INFO] - 	       [ 28,  55,  56,   4, 110,  24,  52,  28, 617,   0],
[2024-08-13 14:39:22,521][flwr][INFO] - 	       [ 97,  11,   5,   1, 406,  45,   0, 356,  23,  65]], dtype=int64)),
[2024-08-13 14:39:22,521][flwr][INFO] - 	                      (7,
[2024-08-13 14:39:22,521][flwr][INFO] - 	                       array([[611, 227,   0,  32,   0,  13,  41,   2,   0,  54],
[2024-08-13 14:39:22,521][flwr][INFO] - 	       [  0, 933,  96,  22,   0,   1,   3,   0,   3,  77],
[2024-08-13 14:39:22,521][flwr][INFO] - 	       [  0,  19, 290, 547,   0,   2,  19,   8,  21, 126],
[2024-08-13 14:39:22,521][flwr][INFO] - 	       [  0,   5,   1, 839,   1,  12,   6,   4,   2, 140],
[2024-08-13 14:39:22,521][flwr][INFO] - 	       [  5,   3,   0,   2,  55, 110,  10,   3,   0, 794],
[2024-08-13 14:39:22,521][flwr][INFO] - 	       [  2,  53,   3, 150,   0, 294,  48,   6,  24, 312],
[2024-08-13 14:39:22,521][flwr][INFO] - 	       [  6,  26,  11,  10,   1,   2, 828,  44,   0,  30],
[2024-08-13 14:39:22,521][flwr][INFO] - 	       [ 30,  10,  13,  17,   0,   9,   0, 120, 249, 580],
[2024-08-13 14:39:22,521][flwr][INFO] - 	       [  1,  10,   5, 106,   0,   8,  10,   1,  45, 788],
[2024-08-13 14:39:22,521][flwr][INFO] - 	       [ 11,   2,   2,   9,   1,   3,   1,   2,   0, 978]], dtype=int64)),
[2024-08-13 14:39:22,521][flwr][INFO] - 	                      (8,
[2024-08-13 14:39:22,521][flwr][INFO] - 	                       array([[899,  24,   1,   2,   1,   8,  21,  15,   9,   0],
[2024-08-13 14:39:22,521][flwr][INFO] - 	       [  0, 949, 146,   2,   1,   4,   8,   1,  24,   0],
[2024-08-13 14:39:22,521][flwr][INFO] - 	       [ 13,  18, 835,  32,  20,   2,  19,  35,  58,   0],
[2024-08-13 14:39:22,522][flwr][INFO] - 	       [  6,  21,  32, 703,  32,  50,  15,  24, 127,   0],
[2024-08-13 14:39:22,522][flwr][INFO] - 	       [ 17,   5,   2,   0, 767,  86,  15,  58,  32,   0],
[2024-08-13 14:39:22,522][flwr][INFO] - 	       [ 25,  52,   8,  30,  11, 579,  63,  26,  98,   0],
[2024-08-13 14:39:22,522][flwr][INFO] - 	       [ 15,  13,  23,   0,   9,   6, 768, 123,   1,   0],
[2024-08-13 14:39:22,522][flwr][INFO] - 	       [ 28,  21,  40,   1,  17,   2,   1, 802, 116,   0],
[2024-08-13 14:39:22,522][flwr][INFO] - 	       [ 18,  17,  28,  13,  19,  35,  23,   8, 813,   0],
[2024-08-13 14:39:22,522][flwr][INFO] - 	       [237,   5,   4,   1, 208, 118,   2, 151, 283,   0]], dtype=int64)),
[2024-08-13 14:39:22,522][flwr][INFO] - 	                      (9,
[2024-08-13 14:39:22,522][flwr][INFO] - 	                       array([[ 263,  542,    0,   32,    3,   12,   99,   10,    0,   19],
[2024-08-13 14:39:22,522][flwr][INFO] - 	       [   0, 1008,   62,   31,    1,    2,   15,    1,    0,   15],
[2024-08-13 14:39:22,522][flwr][INFO] - 	       [   0,   35,  314,  560,   16,    1,   27,   24,    1,   54],
[2024-08-13 14:39:22,522][flwr][INFO] - 	       [   0,    8,    1,  882,   12,    9,   14,   12,    0,   72],
[2024-08-13 14:39:22,522][flwr][INFO] - 	       [   0,    5,    0,    4,  674,   25,   23,   13,    0,  238],
[2024-08-13 14:39:22,522][flwr][INFO] - 	       [   0,   76,    3,  153,   17,  388,  112,   12,    0,  131],
[2024-08-13 14:39:22,522][flwr][INFO] - 	       [   1,   29,    8,    1,   12,    0,  851,   54,    0,    2],
[2024-08-13 14:39:22,522][flwr][INFO] - 	       [   7,   22,   18,   31,   27,    2,    0,  654,    1,  266],
[2024-08-13 14:39:22,523][flwr][INFO] - 	       [   1,   42,    6,  195,   15,    8,   32,    4,    1,  670],
[2024-08-13 14:39:22,523][flwr][INFO] - 	       [   8,    8,    2,   14,   22,    8,    4,   14,    0,  929]],
[2024-08-13 14:39:22,523][flwr][INFO] - 	      dtype=int64)),
[2024-08-13 14:39:22,523][flwr][INFO] - 	                      (10,
[2024-08-13 14:39:22,523][flwr][INFO] - 	                       array([[938,  14,   1,   0,   1,   5,   2,  11,   8,   0],
[2024-08-13 14:39:22,523][flwr][INFO] - 	       [  0, 645, 456,   1,   1,   4,   2,   2,  24,   0],
[2024-08-13 14:39:22,523][flwr][INFO] - 	       [ 25,   6, 852,   6,  38,   5,   7,  24,  69,   0],
[2024-08-13 14:39:22,523][flwr][INFO] - 	       [ 27,  15,  66, 325, 282,  59,  13,  24, 199,   0],
[2024-08-13 14:39:22,523][flwr][INFO] - 	       [ 38,   2,   4,   0, 727, 133,   4,  32,  42,   0],
[2024-08-13 14:39:22,523][flwr][INFO] - 	       [ 49,  31,  20,  11,  15, 588,  33,  27, 118,   0],
[2024-08-13 14:39:22,523][flwr][INFO] - 	       [ 51,   7,  45,   0,  15,  13, 555, 269,   3,   0],
[2024-08-13 14:39:22,523][flwr][INFO] - 	       [ 59,   6,  54,   0,  16,   2,   0, 545, 346,   0],
[2024-08-13 14:39:22,523][flwr][INFO] - 	       [ 34,   4,  33,   1,  32,  28,  11,   4, 827,   0],
[2024-08-13 14:39:22,523][flwr][INFO] - 	       [331,   4,   4,   0, 147, 114,   0,  42, 366,   1]], dtype=int64))],
[2024-08-13 14:39:22,523][flwr][INFO] - 	 'f1': [(0, 0.017493624772313296),
[2024-08-13 14:39:22,523][flwr][INFO] - 	        (1, 0.6557239789644088),
[2024-08-13 14:39:22,523][flwr][INFO] - 	        (2, 0.7388262670948599),
[2024-08-13 14:39:22,524][flwr][INFO] - 	        (3, 0.6109638812163928),
[2024-08-13 14:39:22,524][flwr][INFO] - 	        (4, 0.5453436857889049),
[2024-08-13 14:39:22,524][flwr][INFO] - 	        (5, 0.4579465518286757),
[2024-08-13 14:39:22,524][flwr][INFO] - 	        (6, 0.6560648267252593),
[2024-08-13 14:39:22,524][flwr][INFO] - 	        (7, 0.46221517192324607),
[2024-08-13 14:39:22,524][flwr][INFO] - 	        (8, 0.6769892397620338),
[2024-08-13 14:39:22,524][flwr][INFO] - 	        (9, 0.5565025079302275),
[2024-08-13 14:39:22,524][flwr][INFO] - 	        (10, 0.5653732513372739)],
[2024-08-13 14:39:22,524][flwr][INFO] - 	 'precision': [(0, 0.009604000000000001),
[2024-08-13 14:39:22,524][flwr][INFO] - 	               (1, 0.7666117692068294),
[2024-08-13 14:39:22,524][flwr][INFO] - 	               (2, 0.7795242974756351),
[2024-08-13 14:39:22,524][flwr][INFO] - 	               (3, 0.7565526400463772),
[2024-08-13 14:39:22,524][flwr][INFO] - 	               (4, 0.6587439527792555),
[2024-08-13 14:39:22,524][flwr][INFO] - 	               (5, 0.6683089322722995),
[2024-08-13 14:39:22,524][flwr][INFO] - 	               (6, 0.7499159178124624),
[2024-08-13 14:39:22,524][flwr][INFO] - 	               (7, 0.6281869295254157),
[2024-08-13 14:39:22,525][flwr][INFO] - 	               (8, 0.6565439309462793),
[2024-08-13 14:39:22,525][flwr][INFO] - 	               (9, 0.6655950894417054),
[2024-08-13 14:39:22,525][flwr][INFO] - 	               (10, 0.7059620261127472)],
[2024-08-13 14:39:22,525][flwr][INFO] - 	 'recall': [(0, 0.098),
[2024-08-13 14:39:22,525][flwr][INFO] - 	            (1, 0.6831),
[2024-08-13 14:39:22,525][flwr][INFO] - 	            (2, 0.7429),
[2024-08-13 14:39:22,525][flwr][INFO] - 	            (3, 0.652),
[2024-08-13 14:39:22,525][flwr][INFO] - 	            (4, 0.5897),
[2024-08-13 14:39:22,525][flwr][INFO] - 	            (5, 0.5303),
[2024-08-13 14:39:22,525][flwr][INFO] - 	            (6, 0.6831),
[2024-08-13 14:39:22,525][flwr][INFO] - 	            (7, 0.4993),
[2024-08-13 14:39:22,525][flwr][INFO] - 	            (8, 0.7115),
[2024-08-13 14:39:22,525][flwr][INFO] - 	            (9, 0.5964),
[2024-08-13 14:39:22,525][flwr][INFO] - 	            (10, 0.6003)]}
[2024-08-13 14:39:22,525][flwr][INFO] - 
