[2024-08-13 12:05:32,166][flwr][INFO] - Starting Flower simulation, config: num_rounds=10, no round_timeout
[2024-08-13 12:05:36,361][flwr][INFO] - Flower VCE: Ray initialized with resources: {'CPU': 16.0, 'memory': 5083678311.0, 'object_store_memory': 2541839155.0, 'node:127.0.0.1': 1.0, 'accelerator_type:G': 1.0, 'GPU': 1.0, 'node:__internal_head__': 1.0}
[2024-08-13 12:05:36,362][flwr][INFO] - Optimize your simulation with Flower VCE: https://flower.ai/docs/framework/how-to-run-simulations.html
[2024-08-13 12:05:36,362][flwr][INFO] - Flower VCE: Resources for each Virtual Client: {'num_cpus': 2, 'num_gpus': 0.5}
[2024-08-13 12:05:36,373][flwr][INFO] - Flower VCE: Creating VirtualClientEngineActorPool with 2 actors
[2024-08-13 12:05:36,374][flwr][INFO] - [INIT]
[2024-08-13 12:05:36,374][flwr][INFO] - Requesting initial parameters from one random client
[2024-08-13 12:05:43,619][flwr][INFO] - Received initial parameters from one random client
[2024-08-13 12:05:43,619][flwr][INFO] - Evaluating initial global parameters
[2024-08-13 12:05:45,840][flwr][INFO] - initial parameters (loss, other metrics): 2.3025850929940455, {'accuracy': 0.098, 'precision': 0.009604000000000001, 'recall': 0.098, 'f1': 0.017493624772313296, 'confusion_matrix': array([[ 980,    0,    0,    0,    0,    0,    0,    0,    0,    0],
       [1135,    0,    0,    0,    0,    0,    0,    0,    0,    0],
       [1032,    0,    0,    0,    0,    0,    0,    0,    0,    0],
       [1010,    0,    0,    0,    0,    0,    0,    0,    0,    0],
       [ 982,    0,    0,    0,    0,    0,    0,    0,    0,    0],
       [ 892,    0,    0,    0,    0,    0,    0,    0,    0,    0],
       [ 958,    0,    0,    0,    0,    0,    0,    0,    0,    0],
       [1028,    0,    0,    0,    0,    0,    0,    0,    0,    0],
       [ 974,    0,    0,    0,    0,    0,    0,    0,    0,    0],
       [1009,    0,    0,    0,    0,    0,    0,    0,    0,    0]],
      dtype=int64)}
[2024-08-13 12:05:45,840][flwr][INFO] - 
[2024-08-13 12:05:45,841][flwr][INFO] - [ROUND 1]
[2024-08-13 12:05:45,841][flwr][INFO] - configure_fit: strategy sampled 10 clients (out of 10)
[2024-08-13 12:05:54,217][flwr][INFO] - aggregate_fit: received 10 results and 0 failures
[2024-08-13 12:05:54,220][flwr][WARNING] - No fit_metrics_aggregation_fn provided
[2024-08-13 12:05:56,444][flwr][INFO] - fit progress: (1, 0.8924968632276578, {'accuracy': 0.718, 'precision': 0.7859783377479428, 'recall': 0.718, 'f1': 0.683931956111981, 'confusion_matrix': array([[ 956,    0,    1,    5,    0,    0,    6,    1,   11,    0],
       [   0, 1066,   12,    8,    0,    0,    4,    1,   44,    0],
       [  85,   29,  693,   89,    4,    0,   32,   15,   75,   10],
       [  31,   14,   15,  846,    0,    0,    9,   10,   75,   10],
       [  40,   11,    3,    1,  385,    0,   33,    5,   68,  436],
       [ 250,   61,    3,  236,    3,    5,   30,   19,  230,   55],
       [ 105,   16,   11,    2,    2,    0,  804,    1,   17,    0],
       [  32,   40,   15,    3,    1,    0,    1,  812,   70,   54],
       [  47,   14,    4,  102,    1,    0,   12,    6,  768,   20],
       [  51,   13,    3,   11,    7,    0,    2,   19,   58,  845]],
      dtype=int64)}, 10.604019400008838)
[2024-08-13 12:05:56,445][flwr][INFO] - configure_evaluate: no clients selected, skipping evaluation
[2024-08-13 12:05:56,445][flwr][INFO] - 
[2024-08-13 12:05:56,445][flwr][INFO] - [ROUND 2]
[2024-08-13 12:05:56,446][flwr][INFO] - configure_fit: strategy sampled 10 clients (out of 10)
[2024-08-13 12:06:03,218][flwr][INFO] - aggregate_fit: received 10 results and 0 failures
[2024-08-13 12:06:05,442][flwr][INFO] - fit progress: (2, 0.7113401820800176, {'accuracy': 0.8172, 'precision': 0.8258385334323312, 'recall': 0.8172, 'f1': 0.8112407208125744, 'confusion_matrix': array([[ 933,    0,    5,    4,    0,    2,   26,    1,    9,    0],
       [   0, 1076,   41,    5,    0,    0,    5,    1,    7,    0],
       [  30,   21,  845,   40,   21,    0,   23,   23,   27,    2],
       [   9,   13,   29,  879,    0,    4,   10,   17,   33,   16],
       [   8,   10,    7,    0,  853,    0,   34,    3,    9,   58],
       [  59,   59,   19,  196,   26,  408,   43,   31,   25,   26],
       [  40,   15,   21,    2,   11,   10,  857,    1,    1,    0],
       [  12,   41,   43,    0,   16,    0,    3,  881,    9,   23],
       [  26,   28,   29,  117,   13,    7,   21,   13,  686,   34],
       [  32,   16,    7,   13,   99,    1,    2,   68,   17,  754]],
      dtype=int64)}, 19.60161940001126)
[2024-08-13 12:06:05,443][flwr][INFO] - configure_evaluate: no clients selected, skipping evaluation
[2024-08-13 12:06:05,443][flwr][INFO] - 
[2024-08-13 12:06:05,443][flwr][INFO] - [ROUND 3]
[2024-08-13 12:06:05,444][flwr][INFO] - configure_fit: strategy sampled 10 clients (out of 10)
[2024-08-13 12:06:12,128][flwr][INFO] - aggregate_fit: received 10 results and 0 failures
[2024-08-13 12:06:14,355][flwr][INFO] - fit progress: (3, 0.6803043181447974, {'accuracy': 0.8417, 'precision': 0.8427902127551948, 'recall': 0.8417, 'f1': 0.8412674872516848, 'confusion_matrix': array([[ 899,    0,    4,    1,    0,   38,   28,    1,    9,    0],
       [   0, 1070,   26,    1,    1,   11,    4,    0,   22,    0],
       [  21,   23,  826,   33,   20,    0,   23,   25,   54,    7],
       [   6,   11,   21,  795,    1,   68,    8,   15,   66,   19],
       [   7,    7,    2,    0,  803,    3,   26,    2,   17,  115],
       [  24,   48,    8,   59,   17,  655,   26,   15,   22,   18],
       [  25,   13,   20,    0,   13,   23,  860,    1,    3,    0],
       [   7,   39,   30,    0,   16,    0,    2,  861,   25,   48],
       [   8,   16,   12,   40,    9,   40,   18,    9,  785,   37],
       [  20,   11,    5,    5,   46,   14,    2,   23,   20,  863]],
      dtype=int64)}, 28.513939700002084)
[2024-08-13 12:06:14,356][flwr][INFO] - configure_evaluate: no clients selected, skipping evaluation
[2024-08-13 12:06:14,356][flwr][INFO] - 
[2024-08-13 12:06:14,356][flwr][INFO] - [ROUND 4]
[2024-08-13 12:06:14,356][flwr][INFO] - configure_fit: strategy sampled 10 clients (out of 10)
[2024-08-13 12:06:20,872][flwr][INFO] - aggregate_fit: received 10 results and 0 failures
[2024-08-13 12:06:23,133][flwr][INFO] - fit progress: (4, 0.6781480417842988, {'accuracy': 0.8281, 'precision': 0.8420115851573085, 'recall': 0.8281, 'f1': 0.8242299302645568, 'confusion_matrix': array([[ 924,    0,    5,   12,    2,    4,   26,    2,    5,    0],
       [   0, 1073,   33,   17,    1,    1,    5,    1,    4,    0],
       [  16,   13,  829,   71,   26,    0,   22,   30,   24,    1],
       [   3,    3,   13,  922,    2,    8,    8,   21,   16,   14],
       [   4,    5,    4,    0,  918,    0,   17,    6,    4,   24],
       [  16,   49,   11,  210,   40,  467,   33,   33,   16,   17],
       [  19,   11,   23,    3,   24,   12,  865,    1,    0,    0],
       [   3,   30,   36,    4,   19,    0,    1,  917,    4,   14],
       [  11,   26,   24,  166,   27,   10,   19,   18,  642,   31],
       [  22,   12,    5,   15,  135,    5,    2,   84,    5,  724]],
      dtype=int64)}, 37.292540700000245)
[2024-08-13 12:06:23,134][flwr][INFO] - configure_evaluate: no clients selected, skipping evaluation
[2024-08-13 12:06:23,134][flwr][INFO] - 
[2024-08-13 12:06:23,134][flwr][INFO] - [ROUND 5]
[2024-08-13 12:06:23,134][flwr][INFO] - configure_fit: strategy sampled 10 clients (out of 10)
[2024-08-13 12:06:29,778][flwr][INFO] - aggregate_fit: received 10 results and 0 failures
[2024-08-13 12:06:31,995][flwr][INFO] - fit progress: (5, 0.6550428464051993, {'accuracy': 0.8534, 'precision': 0.8581072739262366, 'recall': 0.8534, 'f1': 0.8533834967769499, 'confusion_matrix': array([[ 921,    0,    3,    1,    0,   18,   20,    1,   16,    0],
       [   0, 1075,   21,    2,    1,    5,    5,    0,   25,    1],
       [  15,   17,  844,   21,   14,    3,   24,   25,   56,   13],
       [   5,    8,   21,  771,    1,   63,   12,   16,   86,   27],
       [   6,    7,    3,    0,  772,    2,   24,    3,   20,  145],
       [  14,   42,    6,   33,   11,  694,   26,   13,   33,   20],
       [  17,   11,   20,    1,   10,   20,  873,    3,    3,    0],
       [   5,   35,   32,    0,   14,    0,    1,  862,   25,   54],
       [   6,   15,   12,   18,    6,   34,   16,    7,  825,   35],
       [  15,    9,    5,    5,   24,   13,    2,   20,   19,  897]],
      dtype=int64)}, 46.15452270000242)
[2024-08-13 12:06:31,996][flwr][INFO] - configure_evaluate: no clients selected, skipping evaluation
[2024-08-13 12:06:31,996][flwr][INFO] - 
[2024-08-13 12:06:31,996][flwr][INFO] - [ROUND 6]
[2024-08-13 12:06:31,996][flwr][INFO] - configure_fit: strategy sampled 10 clients (out of 10)
[2024-08-13 12:06:38,649][flwr][INFO] - aggregate_fit: received 10 results and 0 failures
[2024-08-13 12:06:40,875][flwr][INFO] - fit progress: (6, 0.6456483172576852, {'accuracy': 0.8485, 'precision': 0.8537903053576265, 'recall': 0.8485, 'f1': 0.8463523250051534, 'confusion_matrix': array([[ 933,    0,    1,    6,    3,   10,   21,    1,    5,    0],
       [   0, 1084,   22,   11,    1,    2,    5,    1,    9,    0],
       [  14,   16,  832,   53,   28,    0,   22,   31,   34,    2],
       [   4,    5,   12,  898,    2,   23,    8,   21,   25,   12],
       [   3,    5,    1,    0,  925,    2,   18,    4,    4,   20],
       [  16,   46,    5,  114,   34,  605,   32,   17,   12,   11],
       [  15,   12,   18,    2,   22,   16,  868,    4,    1,    0],
       [   3,   31,   34,    4,   20,    0,    1,  913,    7,   15],
       [  14,   34,   15,  110,   28,   22,   19,   17,  692,   23],
       [  22,   12,    5,   12,  133,   11,    1,   71,    7,  735]],
      dtype=int64)}, 55.03464300000633)
[2024-08-13 12:06:40,875][flwr][INFO] - configure_evaluate: no clients selected, skipping evaluation
[2024-08-13 12:06:40,875][flwr][INFO] - 
[2024-08-13 12:06:40,875][flwr][INFO] - [ROUND 7]
[2024-08-13 12:06:40,876][flwr][INFO] - configure_fit: strategy sampled 10 clients (out of 10)
[2024-08-13 12:06:47,522][flwr][INFO] - aggregate_fit: received 10 results and 0 failures
[2024-08-13 12:06:49,751][flwr][INFO] - fit progress: (7, 0.6390096403091656, {'accuracy': 0.8567, 'precision': 0.8621877533314866, 'recall': 0.8567, 'f1': 0.856647154330291, 'confusion_matrix': array([[ 931,    1,    2,    1,    0,   11,   21,    1,   12,    0],
       [   0, 1080,   18,    2,    1,    4,    5,    0,   25,    0],
       [  14,   13,  847,   24,   11,    1,   25,   24,   58,   15],
       [   5,    8,   18,  806,    1,   52,   11,   15,   65,   29],
       [   4,    6,    4,    0,  756,    1,   25,    2,   19,  165],
       [  15,   42,    5,   38,   11,  676,   28,   13,   42,   22],
       [  14,   11,   19,    1,    9,   19,  879,    4,    2,    0],
       [   7,   33,   33,    0,   14,    0,    1,  853,   25,   62],
       [   7,   15,   12,   21,    6,   28,   16,    5,  826,   38],
       [  17,    8,    5,    5,   19,    9,    1,   14,   18,  913]],
      dtype=int64)}, 63.91093500000716)
[2024-08-13 12:06:49,752][flwr][INFO] - configure_evaluate: no clients selected, skipping evaluation
[2024-08-13 12:06:49,752][flwr][INFO] - 
[2024-08-13 12:06:49,752][flwr][INFO] - [ROUND 8]
[2024-08-13 12:06:49,752][flwr][INFO] - configure_fit: strategy sampled 10 clients (out of 10)
[2024-08-13 12:06:56,366][flwr][INFO] - aggregate_fit: received 10 results and 0 failures
[2024-08-13 12:06:58,594][flwr][INFO] - fit progress: (8, 0.634866704069815, {'accuracy': 0.8531, 'precision': 0.8585579524044517, 'recall': 0.8531, 'f1': 0.8509069255161481, 'confusion_matrix': array([[ 936,    1,    3,    4,    2,   10,   19,    1,    4,    0],
       [   0, 1086,   19,   10,    1,    3,    5,    1,   10,    0],
       [  13,   14,  837,   46,   30,    0,   21,   37,   33,    1],
       [   4,    5,   12,  893,    2,   29,    8,   23,   25,    9],
       [   2,    5,    2,    0,  935,    2,   15,    4,    3,   14],
       [  13,   44,    4,   93,   28,  648,   28,   16,   13,    5],
       [  13,   10,   18,    2,   19,   17,  874,    4,    1,    0],
       [   4,   30,   32,    4,   21,    0,    1,  922,    7,    7],
       [  16,   36,   15,   86,   30,   35,   19,   18,  707,   12],
       [  23,   12,    4,   10,  149,   17,    1,   92,    8,  693]],
      dtype=int64)}, 72.75411900000472)
[2024-08-13 12:06:58,595][flwr][INFO] - configure_evaluate: no clients selected, skipping evaluation
[2024-08-13 12:06:58,595][flwr][INFO] - 
[2024-08-13 12:06:58,595][flwr][INFO] - [ROUND 9]
[2024-08-13 12:06:58,596][flwr][INFO] - configure_fit: strategy sampled 10 clients (out of 10)
[2024-08-13 12:07:05,185][flwr][INFO] - aggregate_fit: received 10 results and 0 failures
[2024-08-13 12:07:07,543][flwr][INFO] - fit progress: (9, 0.6220032562899943, {'accuracy': 0.8649, 'precision': 0.8680404400424794, 'recall': 0.8649, 'f1': 0.864609255021682, 'confusion_matrix': array([[ 936,    1,    4,    1,    1,    9,   20,    1,    7,    0],
       [   0, 1080,   18,    3,    1,    4,    5,    1,   23,    0],
       [  12,   13,  854,   25,   12,    1,   25,   25,   53,   12],
       [   5,    5,   16,  849,    1,   36,   10,   16,   43,   29],
       [   3,    5,    4,    0,  791,    1,   23,    4,   15,  136],
       [  13,   40,    4,   51,   12,  672,   29,   12,   36,   23],
       [  13,    8,   19,    1,   11,   17,  885,    3,    1,    0],
       [   7,   33,   33,    0,   15,    0,    1,  863,   20,   56],
       [  10,   17,   13,   28,    8,   24,   15,    5,  810,   44],
       [  19,    8,    5,    6,   25,    8,    1,   16,   12,  909]],
      dtype=int64)}, 81.70223900000565)
[2024-08-13 12:07:07,544][flwr][INFO] - configure_evaluate: no clients selected, skipping evaluation
[2024-08-13 12:07:07,544][flwr][INFO] - 
[2024-08-13 12:07:07,544][flwr][INFO] - [ROUND 10]
[2024-08-13 12:07:07,544][flwr][INFO] - configure_fit: strategy sampled 10 clients (out of 10)
[2024-08-13 12:07:14,014][flwr][INFO] - aggregate_fit: received 10 results and 0 failures
[2024-08-13 12:07:16,231][flwr][INFO] - fit progress: (10, 0.6234096480010026, {'accuracy': 0.8567, 'precision': 0.8630082418699778, 'recall': 0.8567, 'f1': 0.8544902479629394, 'confusion_matrix': array([[ 938,    1,    4,    2,    1,    8,   18,    2,    6,    0],
       [   0, 1086,   18,    6,    1,    5,    5,    1,   13,    0],
       [  12,   13,  838,   41,   32,    0,   21,   36,   38,    1],
       [   4,    6,   12,  885,    2,   33,    8,   22,   32,    6],
       [   2,    4,    1,    0,  942,    2,   13,    4,    4,   10],
       [  12,   39,    3,   77,   26,  666,   27,   18,   21,    3],
       [  13,    6,   17,    2,   22,   16,  876,    5,    1,    0],
       [   4,   28,   33,    4,   23,    0,    1,  924,    7,    4],
       [  14,   33,   14,   56,   27,   31,   18,   17,  757,    7],
       [  24,   10,    4,   10,  178,   16,    1,   99,   12,  655]],
      dtype=int64)}, 90.39063490000262)
[2024-08-13 12:07:16,232][flwr][INFO] - configure_evaluate: no clients selected, skipping evaluation
[2024-08-13 12:07:16,232][flwr][INFO] - 
[2024-08-13 12:07:16,232][flwr][INFO] - [SUMMARY]
[2024-08-13 12:07:16,232][flwr][INFO] - Run finished 10 round(s) in 90.39s
[2024-08-13 12:07:16,240][flwr][INFO] - 	History (loss, centralized):
[2024-08-13 12:07:16,241][flwr][INFO] - 		round 0: 2.3025850929940455
[2024-08-13 12:07:16,241][flwr][INFO] - 		round 1: 0.8924968632276578
[2024-08-13 12:07:16,241][flwr][INFO] - 		round 2: 0.7113401820800176
[2024-08-13 12:07:16,241][flwr][INFO] - 		round 3: 0.6803043181447974
[2024-08-13 12:07:16,241][flwr][INFO] - 		round 4: 0.6781480417842988
[2024-08-13 12:07:16,241][flwr][INFO] - 		round 5: 0.6550428464051993
[2024-08-13 12:07:16,241][flwr][INFO] - 		round 6: 0.6456483172576852
[2024-08-13 12:07:16,241][flwr][INFO] - 		round 7: 0.6390096403091656
[2024-08-13 12:07:16,241][flwr][INFO] - 		round 8: 0.634866704069815
[2024-08-13 12:07:16,241][flwr][INFO] - 		round 9: 0.6220032562899943
[2024-08-13 12:07:16,241][flwr][INFO] - 		round 10: 0.6234096480010026
[2024-08-13 12:07:16,241][flwr][INFO] - 	History (metrics, centralized):
[2024-08-13 12:07:16,241][flwr][INFO] - 	{'accuracy': [(0, 0.098),
[2024-08-13 12:07:16,242][flwr][INFO] - 	              (1, 0.718),
[2024-08-13 12:07:16,242][flwr][INFO] - 	              (2, 0.8172),
[2024-08-13 12:07:16,242][flwr][INFO] - 	              (3, 0.8417),
[2024-08-13 12:07:16,242][flwr][INFO] - 	              (4, 0.8281),
[2024-08-13 12:07:16,242][flwr][INFO] - 	              (5, 0.8534),
[2024-08-13 12:07:16,242][flwr][INFO] - 	              (6, 0.8485),
[2024-08-13 12:07:16,242][flwr][INFO] - 	              (7, 0.8567),
[2024-08-13 12:07:16,242][flwr][INFO] - 	              (8, 0.8531),
[2024-08-13 12:07:16,242][flwr][INFO] - 	              (9, 0.8649),
[2024-08-13 12:07:16,242][flwr][INFO] - 	              (10, 0.8567)],
[2024-08-13 12:07:16,242][flwr][INFO] - 	 'confusion_matrix': [(0,
[2024-08-13 12:07:16,242][flwr][INFO] - 	                       array([[ 980,    0,    0,    0,    0,    0,    0,    0,    0,    0],
[2024-08-13 12:07:16,242][flwr][INFO] - 	       [1135,    0,    0,    0,    0,    0,    0,    0,    0,    0],
[2024-08-13 12:07:16,242][flwr][INFO] - 	       [1032,    0,    0,    0,    0,    0,    0,    0,    0,    0],
[2024-08-13 12:07:16,242][flwr][INFO] - 	       [1010,    0,    0,    0,    0,    0,    0,    0,    0,    0],
[2024-08-13 12:07:16,242][flwr][INFO] - 	       [ 982,    0,    0,    0,    0,    0,    0,    0,    0,    0],
[2024-08-13 12:07:16,242][flwr][INFO] - 	       [ 892,    0,    0,    0,    0,    0,    0,    0,    0,    0],
[2024-08-13 12:07:16,243][flwr][INFO] - 	       [ 958,    0,    0,    0,    0,    0,    0,    0,    0,    0],
[2024-08-13 12:07:16,243][flwr][INFO] - 	       [1028,    0,    0,    0,    0,    0,    0,    0,    0,    0],
[2024-08-13 12:07:16,243][flwr][INFO] - 	       [ 974,    0,    0,    0,    0,    0,    0,    0,    0,    0],
[2024-08-13 12:07:16,243][flwr][INFO] - 	       [1009,    0,    0,    0,    0,    0,    0,    0,    0,    0]],
[2024-08-13 12:07:16,243][flwr][INFO] - 	      dtype=int64)),
[2024-08-13 12:07:16,243][flwr][INFO] - 	                      (1,
[2024-08-13 12:07:16,243][flwr][INFO] - 	                       array([[ 956,    0,    1,    5,    0,    0,    6,    1,   11,    0],
[2024-08-13 12:07:16,243][flwr][INFO] - 	       [   0, 1066,   12,    8,    0,    0,    4,    1,   44,    0],
[2024-08-13 12:07:16,243][flwr][INFO] - 	       [  85,   29,  693,   89,    4,    0,   32,   15,   75,   10],
[2024-08-13 12:07:16,243][flwr][INFO] - 	       [  31,   14,   15,  846,    0,    0,    9,   10,   75,   10],
[2024-08-13 12:07:16,243][flwr][INFO] - 	       [  40,   11,    3,    1,  385,    0,   33,    5,   68,  436],
[2024-08-13 12:07:16,243][flwr][INFO] - 	       [ 250,   61,    3,  236,    3,    5,   30,   19,  230,   55],
[2024-08-13 12:07:16,243][flwr][INFO] - 	       [ 105,   16,   11,    2,    2,    0,  804,    1,   17,    0],
[2024-08-13 12:07:16,243][flwr][INFO] - 	       [  32,   40,   15,    3,    1,    0,    1,  812,   70,   54],
[2024-08-13 12:07:16,243][flwr][INFO] - 	       [  47,   14,    4,  102,    1,    0,   12,    6,  768,   20],
[2024-08-13 12:07:16,243][flwr][INFO] - 	       [  51,   13,    3,   11,    7,    0,    2,   19,   58,  845]],
[2024-08-13 12:07:16,243][flwr][INFO] - 	      dtype=int64)),
[2024-08-13 12:07:16,244][flwr][INFO] - 	                      (2,
[2024-08-13 12:07:16,244][flwr][INFO] - 	                       array([[ 933,    0,    5,    4,    0,    2,   26,    1,    9,    0],
[2024-08-13 12:07:16,244][flwr][INFO] - 	       [   0, 1076,   41,    5,    0,    0,    5,    1,    7,    0],
[2024-08-13 12:07:16,244][flwr][INFO] - 	       [  30,   21,  845,   40,   21,    0,   23,   23,   27,    2],
[2024-08-13 12:07:16,244][flwr][INFO] - 	       [   9,   13,   29,  879,    0,    4,   10,   17,   33,   16],
[2024-08-13 12:07:16,244][flwr][INFO] - 	       [   8,   10,    7,    0,  853,    0,   34,    3,    9,   58],
[2024-08-13 12:07:16,244][flwr][INFO] - 	       [  59,   59,   19,  196,   26,  408,   43,   31,   25,   26],
[2024-08-13 12:07:16,244][flwr][INFO] - 	       [  40,   15,   21,    2,   11,   10,  857,    1,    1,    0],
[2024-08-13 12:07:16,244][flwr][INFO] - 	       [  12,   41,   43,    0,   16,    0,    3,  881,    9,   23],
[2024-08-13 12:07:16,244][flwr][INFO] - 	       [  26,   28,   29,  117,   13,    7,   21,   13,  686,   34],
[2024-08-13 12:07:16,244][flwr][INFO] - 	       [  32,   16,    7,   13,   99,    1,    2,   68,   17,  754]],
[2024-08-13 12:07:16,244][flwr][INFO] - 	      dtype=int64)),
[2024-08-13 12:07:16,244][flwr][INFO] - 	                      (3,
[2024-08-13 12:07:16,244][flwr][INFO] - 	                       array([[ 899,    0,    4,    1,    0,   38,   28,    1,    9,    0],
[2024-08-13 12:07:16,244][flwr][INFO] - 	       [   0, 1070,   26,    1,    1,   11,    4,    0,   22,    0],
[2024-08-13 12:07:16,244][flwr][INFO] - 	       [  21,   23,  826,   33,   20,    0,   23,   25,   54,    7],
[2024-08-13 12:07:16,245][flwr][INFO] - 	       [   6,   11,   21,  795,    1,   68,    8,   15,   66,   19],
[2024-08-13 12:07:16,245][flwr][INFO] - 	       [   7,    7,    2,    0,  803,    3,   26,    2,   17,  115],
[2024-08-13 12:07:16,245][flwr][INFO] - 	       [  24,   48,    8,   59,   17,  655,   26,   15,   22,   18],
[2024-08-13 12:07:16,245][flwr][INFO] - 	       [  25,   13,   20,    0,   13,   23,  860,    1,    3,    0],
[2024-08-13 12:07:16,245][flwr][INFO] - 	       [   7,   39,   30,    0,   16,    0,    2,  861,   25,   48],
[2024-08-13 12:07:16,245][flwr][INFO] - 	       [   8,   16,   12,   40,    9,   40,   18,    9,  785,   37],
[2024-08-13 12:07:16,245][flwr][INFO] - 	       [  20,   11,    5,    5,   46,   14,    2,   23,   20,  863]],
[2024-08-13 12:07:16,245][flwr][INFO] - 	      dtype=int64)),
[2024-08-13 12:07:16,245][flwr][INFO] - 	                      (4,
[2024-08-13 12:07:16,245][flwr][INFO] - 	                       array([[ 924,    0,    5,   12,    2,    4,   26,    2,    5,    0],
[2024-08-13 12:07:16,245][flwr][INFO] - 	       [   0, 1073,   33,   17,    1,    1,    5,    1,    4,    0],
[2024-08-13 12:07:16,245][flwr][INFO] - 	       [  16,   13,  829,   71,   26,    0,   22,   30,   24,    1],
[2024-08-13 12:07:16,245][flwr][INFO] - 	       [   3,    3,   13,  922,    2,    8,    8,   21,   16,   14],
[2024-08-13 12:07:16,245][flwr][INFO] - 	       [   4,    5,    4,    0,  918,    0,   17,    6,    4,   24],
[2024-08-13 12:07:16,245][flwr][INFO] - 	       [  16,   49,   11,  210,   40,  467,   33,   33,   16,   17],
[2024-08-13 12:07:16,245][flwr][INFO] - 	       [  19,   11,   23,    3,   24,   12,  865,    1,    0,    0],
[2024-08-13 12:07:16,245][flwr][INFO] - 	       [   3,   30,   36,    4,   19,    0,    1,  917,    4,   14],
[2024-08-13 12:07:16,246][flwr][INFO] - 	       [  11,   26,   24,  166,   27,   10,   19,   18,  642,   31],
[2024-08-13 12:07:16,246][flwr][INFO] - 	       [  22,   12,    5,   15,  135,    5,    2,   84,    5,  724]],
[2024-08-13 12:07:16,246][flwr][INFO] - 	      dtype=int64)),
[2024-08-13 12:07:16,246][flwr][INFO] - 	                      (5,
[2024-08-13 12:07:16,246][flwr][INFO] - 	                       array([[ 921,    0,    3,    1,    0,   18,   20,    1,   16,    0],
[2024-08-13 12:07:16,246][flwr][INFO] - 	       [   0, 1075,   21,    2,    1,    5,    5,    0,   25,    1],
[2024-08-13 12:07:16,246][flwr][INFO] - 	       [  15,   17,  844,   21,   14,    3,   24,   25,   56,   13],
[2024-08-13 12:07:16,246][flwr][INFO] - 	       [   5,    8,   21,  771,    1,   63,   12,   16,   86,   27],
[2024-08-13 12:07:16,246][flwr][INFO] - 	       [   6,    7,    3,    0,  772,    2,   24,    3,   20,  145],
[2024-08-13 12:07:16,246][flwr][INFO] - 	       [  14,   42,    6,   33,   11,  694,   26,   13,   33,   20],
[2024-08-13 12:07:16,246][flwr][INFO] - 	       [  17,   11,   20,    1,   10,   20,  873,    3,    3,    0],
[2024-08-13 12:07:16,246][flwr][INFO] - 	       [   5,   35,   32,    0,   14,    0,    1,  862,   25,   54],
[2024-08-13 12:07:16,246][flwr][INFO] - 	       [   6,   15,   12,   18,    6,   34,   16,    7,  825,   35],
[2024-08-13 12:07:16,246][flwr][INFO] - 	       [  15,    9,    5,    5,   24,   13,    2,   20,   19,  897]],
[2024-08-13 12:07:16,246][flwr][INFO] - 	      dtype=int64)),
[2024-08-13 12:07:16,246][flwr][INFO] - 	                      (6,
[2024-08-13 12:07:16,246][flwr][INFO] - 	                       array([[ 933,    0,    1,    6,    3,   10,   21,    1,    5,    0],
[2024-08-13 12:07:16,247][flwr][INFO] - 	       [   0, 1084,   22,   11,    1,    2,    5,    1,    9,    0],
[2024-08-13 12:07:16,247][flwr][INFO] - 	       [  14,   16,  832,   53,   28,    0,   22,   31,   34,    2],
[2024-08-13 12:07:16,247][flwr][INFO] - 	       [   4,    5,   12,  898,    2,   23,    8,   21,   25,   12],
[2024-08-13 12:07:16,247][flwr][INFO] - 	       [   3,    5,    1,    0,  925,    2,   18,    4,    4,   20],
[2024-08-13 12:07:16,247][flwr][INFO] - 	       [  16,   46,    5,  114,   34,  605,   32,   17,   12,   11],
[2024-08-13 12:07:16,247][flwr][INFO] - 	       [  15,   12,   18,    2,   22,   16,  868,    4,    1,    0],
[2024-08-13 12:07:16,247][flwr][INFO] - 	       [   3,   31,   34,    4,   20,    0,    1,  913,    7,   15],
[2024-08-13 12:07:16,247][flwr][INFO] - 	       [  14,   34,   15,  110,   28,   22,   19,   17,  692,   23],
[2024-08-13 12:07:16,247][flwr][INFO] - 	       [  22,   12,    5,   12,  133,   11,    1,   71,    7,  735]],
[2024-08-13 12:07:16,247][flwr][INFO] - 	      dtype=int64)),
[2024-08-13 12:07:16,247][flwr][INFO] - 	                      (7,
[2024-08-13 12:07:16,247][flwr][INFO] - 	                       array([[ 931,    1,    2,    1,    0,   11,   21,    1,   12,    0],
[2024-08-13 12:07:16,247][flwr][INFO] - 	       [   0, 1080,   18,    2,    1,    4,    5,    0,   25,    0],
[2024-08-13 12:07:16,247][flwr][INFO] - 	       [  14,   13,  847,   24,   11,    1,   25,   24,   58,   15],
[2024-08-13 12:07:16,247][flwr][INFO] - 	       [   5,    8,   18,  806,    1,   52,   11,   15,   65,   29],
[2024-08-13 12:07:16,247][flwr][INFO] - 	       [   4,    6,    4,    0,  756,    1,   25,    2,   19,  165],
[2024-08-13 12:07:16,247][flwr][INFO] - 	       [  15,   42,    5,   38,   11,  676,   28,   13,   42,   22],
[2024-08-13 12:07:16,248][flwr][INFO] - 	       [  14,   11,   19,    1,    9,   19,  879,    4,    2,    0],
[2024-08-13 12:07:16,248][flwr][INFO] - 	       [   7,   33,   33,    0,   14,    0,    1,  853,   25,   62],
[2024-08-13 12:07:16,248][flwr][INFO] - 	       [   7,   15,   12,   21,    6,   28,   16,    5,  826,   38],
[2024-08-13 12:07:16,248][flwr][INFO] - 	       [  17,    8,    5,    5,   19,    9,    1,   14,   18,  913]],
[2024-08-13 12:07:16,248][flwr][INFO] - 	      dtype=int64)),
[2024-08-13 12:07:16,248][flwr][INFO] - 	                      (8,
[2024-08-13 12:07:16,248][flwr][INFO] - 	                       array([[ 936,    1,    3,    4,    2,   10,   19,    1,    4,    0],
[2024-08-13 12:07:16,248][flwr][INFO] - 	       [   0, 1086,   19,   10,    1,    3,    5,    1,   10,    0],
[2024-08-13 12:07:16,248][flwr][INFO] - 	       [  13,   14,  837,   46,   30,    0,   21,   37,   33,    1],
[2024-08-13 12:07:16,248][flwr][INFO] - 	       [   4,    5,   12,  893,    2,   29,    8,   23,   25,    9],
[2024-08-13 12:07:16,248][flwr][INFO] - 	       [   2,    5,    2,    0,  935,    2,   15,    4,    3,   14],
[2024-08-13 12:07:16,248][flwr][INFO] - 	       [  13,   44,    4,   93,   28,  648,   28,   16,   13,    5],
[2024-08-13 12:07:16,248][flwr][INFO] - 	       [  13,   10,   18,    2,   19,   17,  874,    4,    1,    0],
[2024-08-13 12:07:16,248][flwr][INFO] - 	       [   4,   30,   32,    4,   21,    0,    1,  922,    7,    7],
[2024-08-13 12:07:16,248][flwr][INFO] - 	       [  16,   36,   15,   86,   30,   35,   19,   18,  707,   12],
[2024-08-13 12:07:16,248][flwr][INFO] - 	       [  23,   12,    4,   10,  149,   17,    1,   92,    8,  693]],
[2024-08-13 12:07:16,248][flwr][INFO] - 	      dtype=int64)),
[2024-08-13 12:07:16,248][flwr][INFO] - 	                      (9,
[2024-08-13 12:07:16,249][flwr][INFO] - 	                       array([[ 936,    1,    4,    1,    1,    9,   20,    1,    7,    0],
[2024-08-13 12:07:16,249][flwr][INFO] - 	       [   0, 1080,   18,    3,    1,    4,    5,    1,   23,    0],
[2024-08-13 12:07:16,249][flwr][INFO] - 	       [  12,   13,  854,   25,   12,    1,   25,   25,   53,   12],
[2024-08-13 12:07:16,249][flwr][INFO] - 	       [   5,    5,   16,  849,    1,   36,   10,   16,   43,   29],
[2024-08-13 12:07:16,249][flwr][INFO] - 	       [   3,    5,    4,    0,  791,    1,   23,    4,   15,  136],
[2024-08-13 12:07:16,249][flwr][INFO] - 	       [  13,   40,    4,   51,   12,  672,   29,   12,   36,   23],
[2024-08-13 12:07:16,249][flwr][INFO] - 	       [  13,    8,   19,    1,   11,   17,  885,    3,    1,    0],
[2024-08-13 12:07:16,249][flwr][INFO] - 	       [   7,   33,   33,    0,   15,    0,    1,  863,   20,   56],
[2024-08-13 12:07:16,249][flwr][INFO] - 	       [  10,   17,   13,   28,    8,   24,   15,    5,  810,   44],
[2024-08-13 12:07:16,249][flwr][INFO] - 	       [  19,    8,    5,    6,   25,    8,    1,   16,   12,  909]],
[2024-08-13 12:07:16,249][flwr][INFO] - 	      dtype=int64)),
[2024-08-13 12:07:16,249][flwr][INFO] - 	                      (10,
[2024-08-13 12:07:16,249][flwr][INFO] - 	                       array([[ 938,    1,    4,    2,    1,    8,   18,    2,    6,    0],
[2024-08-13 12:07:16,249][flwr][INFO] - 	       [   0, 1086,   18,    6,    1,    5,    5,    1,   13,    0],
[2024-08-13 12:07:16,249][flwr][INFO] - 	       [  12,   13,  838,   41,   32,    0,   21,   36,   38,    1],
[2024-08-13 12:07:16,249][flwr][INFO] - 	       [   4,    6,   12,  885,    2,   33,    8,   22,   32,    6],
[2024-08-13 12:07:16,249][flwr][INFO] - 	       [   2,    4,    1,    0,  942,    2,   13,    4,    4,   10],
[2024-08-13 12:07:16,250][flwr][INFO] - 	       [  12,   39,    3,   77,   26,  666,   27,   18,   21,    3],
[2024-08-13 12:07:16,250][flwr][INFO] - 	       [  13,    6,   17,    2,   22,   16,  876,    5,    1,    0],
[2024-08-13 12:07:16,250][flwr][INFO] - 	       [   4,   28,   33,    4,   23,    0,    1,  924,    7,    4],
[2024-08-13 12:07:16,250][flwr][INFO] - 	       [  14,   33,   14,   56,   27,   31,   18,   17,  757,    7],
[2024-08-13 12:07:16,250][flwr][INFO] - 	       [  24,   10,    4,   10,  178,   16,    1,   99,   12,  655]],
[2024-08-13 12:07:16,250][flwr][INFO] - 	      dtype=int64))],
[2024-08-13 12:07:16,250][flwr][INFO] - 	 'f1': [(0, 0.017493624772313296),
[2024-08-13 12:07:16,250][flwr][INFO] - 	        (1, 0.683931956111981),
[2024-08-13 12:07:16,250][flwr][INFO] - 	        (2, 0.8112407208125744),
[2024-08-13 12:07:16,250][flwr][INFO] - 	        (3, 0.8412674872516848),
[2024-08-13 12:07:16,250][flwr][INFO] - 	        (4, 0.8242299302645568),
[2024-08-13 12:07:16,250][flwr][INFO] - 	        (5, 0.8533834967769499),
[2024-08-13 12:07:16,250][flwr][INFO] - 	        (6, 0.8463523250051534),
[2024-08-13 12:07:16,250][flwr][INFO] - 	        (7, 0.856647154330291),
[2024-08-13 12:07:16,250][flwr][INFO] - 	        (8, 0.8509069255161481),
[2024-08-13 12:07:16,250][flwr][INFO] - 	        (9, 0.864609255021682),
[2024-08-13 12:07:16,250][flwr][INFO] - 	        (10, 0.8544902479629394)],
[2024-08-13 12:07:16,250][flwr][INFO] - 	 'precision': [(0, 0.009604000000000001),
[2024-08-13 12:07:16,251][flwr][INFO] - 	               (1, 0.7859783377479428),
[2024-08-13 12:07:16,251][flwr][INFO] - 	               (2, 0.8258385334323312),
[2024-08-13 12:07:16,251][flwr][INFO] - 	               (3, 0.8427902127551948),
[2024-08-13 12:07:16,251][flwr][INFO] - 	               (4, 0.8420115851573085),
[2024-08-13 12:07:16,251][flwr][INFO] - 	               (5, 0.8581072739262366),
[2024-08-13 12:07:16,251][flwr][INFO] - 	               (6, 0.8537903053576265),
[2024-08-13 12:07:16,251][flwr][INFO] - 	               (7, 0.8621877533314866),
[2024-08-13 12:07:16,251][flwr][INFO] - 	               (8, 0.8585579524044517),
[2024-08-13 12:07:16,251][flwr][INFO] - 	               (9, 0.8680404400424794),
[2024-08-13 12:07:16,251][flwr][INFO] - 	               (10, 0.8630082418699778)],
[2024-08-13 12:07:16,251][flwr][INFO] - 	 'recall': [(0, 0.098),
[2024-08-13 12:07:16,251][flwr][INFO] - 	            (1, 0.718),
[2024-08-13 12:07:16,251][flwr][INFO] - 	            (2, 0.8172),
[2024-08-13 12:07:16,251][flwr][INFO] - 	            (3, 0.8417),
[2024-08-13 12:07:16,251][flwr][INFO] - 	            (4, 0.8281),
[2024-08-13 12:07:16,251][flwr][INFO] - 	            (5, 0.8534),
[2024-08-13 12:07:16,252][flwr][INFO] - 	            (6, 0.8485),
[2024-08-13 12:07:16,252][flwr][INFO] - 	            (7, 0.8567),
[2024-08-13 12:07:16,252][flwr][INFO] - 	            (8, 0.8531),
[2024-08-13 12:07:16,252][flwr][INFO] - 	            (9, 0.8649),
[2024-08-13 12:07:16,252][flwr][INFO] - 	            (10, 0.8567)]}
[2024-08-13 12:07:16,252][flwr][INFO] - 
