[2024-08-13 11:30:44,867][flwr][INFO] - Starting Flower simulation, config: num_rounds=10, no round_timeout
[2024-08-13 11:30:48,897][flwr][INFO] - Flower VCE: Ray initialized with resources: {'GPU': 1.0, 'CPU': 16.0, 'node:127.0.0.1': 1.0, 'memory': 5097485108.0, 'object_store_memory': 2548742553.0, 'node:__internal_head__': 1.0, 'accelerator_type:G': 1.0}
[2024-08-13 11:30:48,898][flwr][INFO] - Optimize your simulation with Flower VCE: https://flower.ai/docs/framework/how-to-run-simulations.html
[2024-08-13 11:30:48,898][flwr][INFO] - Flower VCE: Resources for each Virtual Client: {'num_cpus': 2, 'num_gpus': 0.5}
[2024-08-13 11:30:48,909][flwr][INFO] - Flower VCE: Creating VirtualClientEngineActorPool with 2 actors
[2024-08-13 11:30:48,909][flwr][INFO] - [INIT]
[2024-08-13 11:30:48,909][flwr][INFO] - Requesting initial parameters from one random client
[2024-08-13 11:30:56,446][flwr][INFO] - Received initial parameters from one random client
[2024-08-13 11:30:56,446][flwr][INFO] - Evaluating initial global parameters
[2024-08-13 11:30:58,686][flwr][INFO] - initial parameters (loss, other metrics): 2.3025850929940455, {'accuracy': 0.098, 'precision': 0.009604000000000001, 'recall': 0.098, 'f1': 0.017493624772313296, 'confusion_matrix': array([[ 980,    0,    0,    0,    0,    0,    0,    0,    0,    0],
       [1135,    0,    0,    0,    0,    0,    0,    0,    0,    0],
       [1032,    0,    0,    0,    0,    0,    0,    0,    0,    0],
       [1010,    0,    0,    0,    0,    0,    0,    0,    0,    0],
       [ 982,    0,    0,    0,    0,    0,    0,    0,    0,    0],
       [ 892,    0,    0,    0,    0,    0,    0,    0,    0,    0],
       [ 958,    0,    0,    0,    0,    0,    0,    0,    0,    0],
       [1028,    0,    0,    0,    0,    0,    0,    0,    0,    0],
       [ 974,    0,    0,    0,    0,    0,    0,    0,    0,    0],
       [1009,    0,    0,    0,    0,    0,    0,    0,    0,    0]],
      dtype=int64)}
[2024-08-13 11:30:58,687][flwr][INFO] - 
[2024-08-13 11:30:58,687][flwr][INFO] - [ROUND 1]
[2024-08-13 11:30:58,688][flwr][INFO] - configure_fit: strategy sampled 10 clients (out of 10)
[2024-08-13 11:31:07,282][flwr][INFO] - aggregate_fit: received 10 results and 0 failures
[2024-08-13 11:31:07,285][flwr][WARNING] - No fit_metrics_aggregation_fn provided
[2024-08-13 11:31:09,408][flwr][INFO] - fit progress: (1, 0.9560069036746057, {'accuracy': 0.7063, 'precision': 0.777030293418287, 'recall': 0.7063, 'f1': 0.6736894625723943, 'confusion_matrix': array([[ 960,    0,    2,    4,    0,    0,    6,    0,    8,    0],
       [   0, 1043,   40,   10,    0,    0,    4,    1,   36,    1],
       [ 105,   17,  665,  130,    5,    0,   22,   18,   57,   13],
       [  34,   10,   11,  864,    0,    0,    9,   10,   59,   13],
       [  54,    8,    3,    1,  397,    0,   30,    4,   52,  433],
       [ 306,   64,    8,  222,    6,    3,   29,   16,  177,   61],
       [ 117,   15,   13,    5,    2,    0,  796,    2,    8,    0],
       [  37,   32,   17,    3,    3,    0,    1,  786,   87,   62],
       [  63,   13,    5,  133,    2,    0,   13,    5,  710,   30],
       [  72,    6,    0,   13,   11,    0,    1,   17,   50,  839]],
      dtype=int64)}, 10.721062099997653)
[2024-08-13 11:31:09,409][flwr][INFO] - configure_evaluate: no clients selected, skipping evaluation
[2024-08-13 11:31:09,409][flwr][INFO] - 
[2024-08-13 11:31:09,409][flwr][INFO] - [ROUND 2]
[2024-08-13 11:31:09,410][flwr][INFO] - configure_fit: strategy sampled 10 clients (out of 10)
[2024-08-13 11:31:15,932][flwr][INFO] - aggregate_fit: received 10 results and 0 failures
[2024-08-13 11:31:18,017][flwr][INFO] - fit progress: (2, 0.7586633214187241, {'accuracy': 0.8071, 'precision': 0.8149019816587549, 'recall': 0.8071, 'f1': 0.8018453069406566, 'confusion_matrix': array([[ 913,    0,    5,    2,    0,    3,   46,    2,    9,    0],
       [   0, 1049,   66,    5,    1,    1,    5,    1,    6,    1],
       [  20,   17,  851,   38,   23,    0,   25,   25,   31,    2],
       [   7,   11,   33,  852,    4,   16,   11,   19,   41,   16],
       [   8,    8,    4,    0,  887,    0,   28,    9,    7,   31],
       [  35,   64,   19,  160,   30,  464,   49,   28,   27,   16],
       [  27,   14,   31,    0,   18,    9,  856,    2,    1,    0],
       [   9,   37,   47,    0,   15,    0,    3,  893,   10,   14],
       [  22,   26,   36,  108,   28,    9,   24,   15,  678,   28],
       [  28,   14,    5,    7,  201,    4,    2,  100,   20,  628]],
      dtype=int64)}, 19.33058589999564)
[2024-08-13 11:31:18,018][flwr][INFO] - configure_evaluate: no clients selected, skipping evaluation
[2024-08-13 11:31:18,019][flwr][INFO] - 
[2024-08-13 11:31:18,019][flwr][INFO] - [ROUND 3]
[2024-08-13 11:31:18,019][flwr][INFO] - configure_fit: strategy sampled 10 clients (out of 10)
[2024-08-13 11:31:24,659][flwr][INFO] - aggregate_fit: received 10 results and 0 failures
[2024-08-13 11:31:26,759][flwr][INFO] - fit progress: (3, 0.767159918700483, {'accuracy': 0.8019, 'precision': 0.8255736982282331, 'recall': 0.8019, 'f1': 0.8024349438164383, 'confusion_matrix': array([[ 875,    1,    2,    1,    0,   66,   25,    1,    9,    0],
       [   0, 1068,   20,    3,    1,   12,    4,    0,   24,    3],
       [  17,   22,  761,   62,    9,    8,   23,   27,   73,   30],
       [   5,   11,   10,  773,    0,   90,    8,   12,   50,   51],
       [   7,    6,    2,    0,  515,   12,   17,    4,   17,  402],
       [  10,   54,    2,   45,    5,  698,   19,   13,   25,   21],
       [  17,   16,   18,    0,    9,   30,  860,    5,    2,    1],
       [   7,   33,   19,    2,    8,    1,    1,  798,   46,  113],
       [   3,   18,    6,   37,    3,   76,   13,    5,  748,   65],
       [  13,    7,    3,    3,   11,   22,    1,    9,   17,  923]],
      dtype=int64)}, 28.071242399993935)
[2024-08-13 11:31:26,759][flwr][INFO] - configure_evaluate: no clients selected, skipping evaluation
[2024-08-13 11:31:26,760][flwr][INFO] - 
[2024-08-13 11:31:26,760][flwr][INFO] - [ROUND 4]
[2024-08-13 11:31:26,760][flwr][INFO] - configure_fit: strategy sampled 10 clients (out of 10)
[2024-08-13 11:31:33,275][flwr][INFO] - aggregate_fit: received 10 results and 0 failures
[2024-08-13 11:31:35,365][flwr][INFO] - fit progress: (4, 0.7639286205438924, {'accuracy': 0.7831, 'precision': 0.817800372910866, 'recall': 0.7831, 'f1': 0.7673725294336778, 'confusion_matrix': array([[ 924,    1,    3,    6,    5,    2,   27,    4,    8,    0],
       [   0, 1068,   39,   10,    2,    2,    5,    1,    8,    0],
       [  15,   10,  819,   62,   39,    0,   18,   34,   35,    0],
       [   2,    6,   16,  887,   10,   15,    9,   24,   38,    3],
       [   7,    5,    1,    0,  938,    1,   13,   11,    4,    2],
       [  19,   65,    9,  166,   60,  465,   37,   33,   33,    5],
       [  15,   13,   23,    2,   32,    4,  863,    6,    0,    0],
       [   5,   32,   38,    1,   23,    0,    1,  914,   14,    0],
       [  17,   29,   18,  112,   50,    8,   20,   19,  700,    1],
       [  26,   12,    3,    9,  486,    3,    1,  191,   25,  253]],
      dtype=int64)}, 36.67780779999157)
[2024-08-13 11:31:35,366][flwr][INFO] - configure_evaluate: no clients selected, skipping evaluation
[2024-08-13 11:31:35,366][flwr][INFO] - 
[2024-08-13 11:31:35,366][flwr][INFO] - [ROUND 5]
[2024-08-13 11:31:35,366][flwr][INFO] - configure_fit: strategy sampled 10 clients (out of 10)
[2024-08-13 11:31:41,898][flwr][INFO] - aggregate_fit: received 10 results and 0 failures
[2024-08-13 11:31:43,986][flwr][INFO] - fit progress: (5, 0.7357228657529477, {'accuracy': 0.827, 'precision': 0.8394933300414956, 'recall': 0.827, 'f1': 0.8268471228525148, 'confusion_matrix': array([[ 922,    1,    2,    1,    0,   15,   28,    1,    8,    2],
       [   0, 1071,   33,    2,    1,    5,    5,    1,   14,    3],
       [  13,   13,  838,   37,    9,    2,   26,   27,   48,   19],
       [   5,    7,   17,  807,    1,   52,   14,   14,   40,   53],
       [   5,    6,    3,    0,  623,    2,   30,    7,   10,  296],
       [  17,   59,    9,   57,    8,  644,   35,   14,   21,   28],
       [  15,   13,   23,    1,    6,   19,  873,    6,    1,    1],
       [   7,   31,   35,    1,   11,    0,    2,  830,   28,   83],
       [  10,   25,   19,   41,    5,   35,   20,    5,  741,   73],
       [  20,    8,    5,    4,   14,   10,    2,   13,   12,  921]],
      dtype=int64)}, 45.299202099995455)
[2024-08-13 11:31:43,988][flwr][INFO] - configure_evaluate: no clients selected, skipping evaluation
[2024-08-13 11:31:43,988][flwr][INFO] - 
[2024-08-13 11:31:43,988][flwr][INFO] - [ROUND 6]
[2024-08-13 11:31:43,988][flwr][INFO] - configure_fit: strategy sampled 10 clients (out of 10)
[2024-08-13 11:31:50,452][flwr][INFO] - aggregate_fit: received 10 results and 0 failures
[2024-08-13 11:31:52,553][flwr][INFO] - fit progress: (6, 0.749965709752196, {'accuracy': 0.7972, 'precision': 0.8286083873523253, 'recall': 0.7972, 'f1': 0.7824630452009291, 'confusion_matrix': array([[ 927,    2,    2,    4,    5,    7,   23,    4,    6,    0],
       [   0, 1074,   24,    9,    2,    3,    5,    1,   17,    0],
       [  12,    9,  818,   54,   41,    0,   17,   34,   47,    0],
       [   1,    6,   13,  872,   11,   25,   10,   23,   47,    2],
       [   3,    4,    1,    0,  944,    1,   13,   11,    4,    1],
       [  16,   57,    5,   99,   46,  578,   30,   27,   32,    2],
       [  13,   14,   22,    1,   33,   14,  853,    7,    1,    0],
       [   5,   30,   33,    3,   26,    0,    0,  909,   22,    0],
       [  12,   31,   12,   75,   40,   14,   17,   13,  759,    1],
       [  26,   11,    3,    6,  510,   13,    1,  162,   39,  238]],
      dtype=int64)}, 53.86610679999285)
[2024-08-13 11:31:52,554][flwr][INFO] - configure_evaluate: no clients selected, skipping evaluation
[2024-08-13 11:31:52,554][flwr][INFO] - 
[2024-08-13 11:31:52,554][flwr][INFO] - [ROUND 7]
[2024-08-13 11:31:52,555][flwr][INFO] - configure_fit: strategy sampled 10 clients (out of 10)
[2024-08-13 11:31:59,127][flwr][INFO] - aggregate_fit: received 10 results and 0 failures
[2024-08-13 11:32:01,217][flwr][INFO] - fit progress: (7, 0.7147133548991975, {'accuracy': 0.845, 'precision': 0.8498813909938028, 'recall': 0.845, 'f1': 0.8444289708261967, 'confusion_matrix': array([[ 926,    2,    4,    2,    0,   10,   28,    2,    6,    0],
       [   0, 1075,   28,    6,    1,    5,    5,    1,   13,    1],
       [  12,   14,  847,   38,   11,    1,   23,   29,   45,   12],
       [   3,    6,   16,  845,    2,   41,   14,   15,   30,   38],
       [   4,    5,    4,    0,  745,    2,   26,    7,    9,  180],
       [  14,   52,    6,   67,   10,  647,   35,   15,   19,   27],
       [  13,   12,   20,    1,    9,   16,  878,    8,    1,    0],
       [   8,   32,   35,    2,   13,    0,    2,  856,   20,   60],
       [  13,   33,   17,   52,    7,   30,   20,    7,  727,   68],
       [  23,    8,    4,    6,   21,   10,    2,   22,    9,  904]],
      dtype=int64)}, 62.529303899995284)
[2024-08-13 11:32:01,218][flwr][INFO] - configure_evaluate: no clients selected, skipping evaluation
[2024-08-13 11:32:01,218][flwr][INFO] - 
[2024-08-13 11:32:01,218][flwr][INFO] - [ROUND 8]
[2024-08-13 11:32:01,218][flwr][INFO] - configure_fit: strategy sampled 10 clients (out of 10)
[2024-08-13 11:32:07,989][flwr][INFO] - aggregate_fit: received 10 results and 0 failures
[2024-08-13 11:32:10,078][flwr][INFO] - fit progress: (8, 0.728032515579637, {'accuracy': 0.8151, 'precision': 0.8401169183843528, 'recall': 0.8151, 'f1': 0.806719692937496, 'confusion_matrix': array([[ 925,    3,    3,    5,    4,    5,   24,    5,    6,    0],
       [   0, 1078,   13,    8,    2,    3,    5,    1,   25,    0],
       [  11,   16,  798,   51,   43,    0,   19,   34,   60,    0],
       [   2,    9,   10,  861,   11,   30,    9,   23,   53,    2],
       [   2,    4,    1,    0,  944,    2,   13,   10,    4,    2],
       [  14,   54,    2,   77,   38,  609,   35,   23,   38,    2],
       [  14,   13,   15,    0,   33,   13,  861,    8,    1,    0],
       [   6,   33,   26,    3,   28,    0,    0,  904,   27,    1],
       [  13,   28,    7,   36,   35,   17,   18,   11,  809,    0],
       [  27,    8,    3,    4,  413,   12,    1,  124,   55,  362]],
      dtype=int64)}, 71.39162399999623)
[2024-08-13 11:32:10,079][flwr][INFO] - configure_evaluate: no clients selected, skipping evaluation
[2024-08-13 11:32:10,079][flwr][INFO] - 
[2024-08-13 11:32:10,079][flwr][INFO] - [ROUND 9]
[2024-08-13 11:32:10,080][flwr][INFO] - configure_fit: strategy sampled 10 clients (out of 10)
[2024-08-13 11:32:16,764][flwr][INFO] - aggregate_fit: received 10 results and 0 failures
[2024-08-13 11:32:18,996][flwr][INFO] - fit progress: (9, 0.6978792955397286, {'accuracy': 0.8482, 'precision': 0.8524708305193892, 'recall': 0.8482, 'f1': 0.8475795190056071, 'confusion_matrix': array([[ 926,    3,    4,    4,    1,    9,   25,    2,    6,    0],
       [   0, 1076,   25,    7,    1,    5,    5,    1,   14,    1],
       [  12,   15,  848,   39,   10,    0,   24,   29,   43,   12],
       [   2,    5,   15,  853,    2,   40,   13,   16,   25,   39],
       [   4,    4,    3,    0,  772,    2,   21,    7,    7,  162],
       [  15,   46,    4,   64,    9,  659,   35,   15,   19,   26],
       [  13,   10,   19,    1,   10,   14,  882,    8,    1,    0],
       [   9,   30,   34,    3,   14,    0,    2,  860,   17,   59],
       [  16,   36,   17,   52,    9,   36,   22,    7,  704,   75],
       [  22,    8,    5,    8,   24,   11,    1,   23,    5,  902]],
      dtype=int64)}, 80.30946619999304)
[2024-08-13 11:32:18,997][flwr][INFO] - configure_evaluate: no clients selected, skipping evaluation
[2024-08-13 11:32:18,997][flwr][INFO] - 
[2024-08-13 11:32:18,997][flwr][INFO] - [ROUND 10]
[2024-08-13 11:32:18,998][flwr][INFO] - configure_fit: strategy sampled 10 clients (out of 10)
[2024-08-13 11:32:25,623][flwr][INFO] - aggregate_fit: received 10 results and 0 failures
[2024-08-13 11:32:27,720][flwr][INFO] - fit progress: (10, 0.7098192124044966, {'accuracy': 0.8327, 'precision': 0.8499924149385595, 'recall': 0.8327, 'f1': 0.8286171926431934, 'confusion_matrix': array([[ 927,    2,    4,    4,    4,    7,   19,    5,    8,    0],
       [   0, 1071,    9,    5,    1,    3,    5,    2,   39,    0],
       [  11,   13,  812,   38,   40,    0,   18,   34,   65,    1],
       [   2,    8,   10,  844,   10,   33,   10,   22,   68,    3],
       [   3,    3,    1,    0,  939,    2,   12,   10,    9,    3],
       [  13,   42,    2,   63,   25,  630,   33,   23,   59,    2],
       [  13,   12,   13,    0,   30,   12,  867,   10,    1,    0],
       [   8,   27,   26,    2,   27,    0,    0,  901,   36,    1],
       [  11,   18,    7,   30,   25,   18,   16,    8,  840,    1],
       [  31,    8,    4,    4,  270,   15,    1,  115,   65,  496]],
      dtype=int64)}, 89.03285979999055)
[2024-08-13 11:32:27,721][flwr][INFO] - configure_evaluate: no clients selected, skipping evaluation
[2024-08-13 11:32:27,721][flwr][INFO] - 
[2024-08-13 11:32:27,721][flwr][INFO] - [SUMMARY]
[2024-08-13 11:32:27,721][flwr][INFO] - Run finished 10 round(s) in 89.03s
[2024-08-13 11:32:27,729][flwr][INFO] - 	History (loss, centralized):
[2024-08-13 11:32:27,729][flwr][INFO] - 		round 0: 2.3025850929940455
[2024-08-13 11:32:27,729][flwr][INFO] - 		round 1: 0.9560069036746057
[2024-08-13 11:32:27,729][flwr][INFO] - 		round 2: 0.7586633214187241
[2024-08-13 11:32:27,729][flwr][INFO] - 		round 3: 0.767159918700483
[2024-08-13 11:32:27,730][flwr][INFO] - 		round 4: 0.7639286205438924
[2024-08-13 11:32:27,730][flwr][INFO] - 		round 5: 0.7357228657529477
[2024-08-13 11:32:27,730][flwr][INFO] - 		round 6: 0.749965709752196
[2024-08-13 11:32:27,730][flwr][INFO] - 		round 7: 0.7147133548991975
[2024-08-13 11:32:27,730][flwr][INFO] - 		round 8: 0.728032515579637
[2024-08-13 11:32:27,730][flwr][INFO] - 		round 9: 0.6978792955397286
[2024-08-13 11:32:27,730][flwr][INFO] - 		round 10: 0.7098192124044966
[2024-08-13 11:32:27,730][flwr][INFO] - 	History (metrics, centralized):
[2024-08-13 11:32:27,730][flwr][INFO] - 	{'accuracy': [(0, 0.098),
[2024-08-13 11:32:27,730][flwr][INFO] - 	              (1, 0.7063),
[2024-08-13 11:32:27,730][flwr][INFO] - 	              (2, 0.8071),
[2024-08-13 11:32:27,730][flwr][INFO] - 	              (3, 0.8019),
[2024-08-13 11:32:27,730][flwr][INFO] - 	              (4, 0.7831),
[2024-08-13 11:32:27,730][flwr][INFO] - 	              (5, 0.827),
[2024-08-13 11:32:27,731][flwr][INFO] - 	              (6, 0.7972),
[2024-08-13 11:32:27,731][flwr][INFO] - 	              (7, 0.845),
[2024-08-13 11:32:27,731][flwr][INFO] - 	              (8, 0.8151),
[2024-08-13 11:32:27,731][flwr][INFO] - 	              (9, 0.8482),
[2024-08-13 11:32:27,731][flwr][INFO] - 	              (10, 0.8327)],
[2024-08-13 11:32:27,731][flwr][INFO] - 	 'confusion_matrix': [(0,
[2024-08-13 11:32:27,731][flwr][INFO] - 	                       array([[ 980,    0,    0,    0,    0,    0,    0,    0,    0,    0],
[2024-08-13 11:32:27,731][flwr][INFO] - 	       [1135,    0,    0,    0,    0,    0,    0,    0,    0,    0],
[2024-08-13 11:32:27,731][flwr][INFO] - 	       [1032,    0,    0,    0,    0,    0,    0,    0,    0,    0],
[2024-08-13 11:32:27,731][flwr][INFO] - 	       [1010,    0,    0,    0,    0,    0,    0,    0,    0,    0],
[2024-08-13 11:32:27,731][flwr][INFO] - 	       [ 982,    0,    0,    0,    0,    0,    0,    0,    0,    0],
[2024-08-13 11:32:27,731][flwr][INFO] - 	       [ 892,    0,    0,    0,    0,    0,    0,    0,    0,    0],
[2024-08-13 11:32:27,731][flwr][INFO] - 	       [ 958,    0,    0,    0,    0,    0,    0,    0,    0,    0],
[2024-08-13 11:32:27,731][flwr][INFO] - 	       [1028,    0,    0,    0,    0,    0,    0,    0,    0,    0],
[2024-08-13 11:32:27,731][flwr][INFO] - 	       [ 974,    0,    0,    0,    0,    0,    0,    0,    0,    0],
[2024-08-13 11:32:27,731][flwr][INFO] - 	       [1009,    0,    0,    0,    0,    0,    0,    0,    0,    0]],
[2024-08-13 11:32:27,731][flwr][INFO] - 	      dtype=int64)),
[2024-08-13 11:32:27,731][flwr][INFO] - 	                      (1,
[2024-08-13 11:32:27,732][flwr][INFO] - 	                       array([[ 960,    0,    2,    4,    0,    0,    6,    0,    8,    0],
[2024-08-13 11:32:27,732][flwr][INFO] - 	       [   0, 1043,   40,   10,    0,    0,    4,    1,   36,    1],
[2024-08-13 11:32:27,732][flwr][INFO] - 	       [ 105,   17,  665,  130,    5,    0,   22,   18,   57,   13],
[2024-08-13 11:32:27,732][flwr][INFO] - 	       [  34,   10,   11,  864,    0,    0,    9,   10,   59,   13],
[2024-08-13 11:32:27,732][flwr][INFO] - 	       [  54,    8,    3,    1,  397,    0,   30,    4,   52,  433],
[2024-08-13 11:32:27,732][flwr][INFO] - 	       [ 306,   64,    8,  222,    6,    3,   29,   16,  177,   61],
[2024-08-13 11:32:27,732][flwr][INFO] - 	       [ 117,   15,   13,    5,    2,    0,  796,    2,    8,    0],
[2024-08-13 11:32:27,732][flwr][INFO] - 	       [  37,   32,   17,    3,    3,    0,    1,  786,   87,   62],
[2024-08-13 11:32:27,732][flwr][INFO] - 	       [  63,   13,    5,  133,    2,    0,   13,    5,  710,   30],
[2024-08-13 11:32:27,732][flwr][INFO] - 	       [  72,    6,    0,   13,   11,    0,    1,   17,   50,  839]],
[2024-08-13 11:32:27,732][flwr][INFO] - 	      dtype=int64)),
[2024-08-13 11:32:27,732][flwr][INFO] - 	                      (2,
[2024-08-13 11:32:27,732][flwr][INFO] - 	                       array([[ 913,    0,    5,    2,    0,    3,   46,    2,    9,    0],
[2024-08-13 11:32:27,732][flwr][INFO] - 	       [   0, 1049,   66,    5,    1,    1,    5,    1,    6,    1],
[2024-08-13 11:32:27,732][flwr][INFO] - 	       [  20,   17,  851,   38,   23,    0,   25,   25,   31,    2],
[2024-08-13 11:32:27,732][flwr][INFO] - 	       [   7,   11,   33,  852,    4,   16,   11,   19,   41,   16],
[2024-08-13 11:32:27,732][flwr][INFO] - 	       [   8,    8,    4,    0,  887,    0,   28,    9,    7,   31],
[2024-08-13 11:32:27,733][flwr][INFO] - 	       [  35,   64,   19,  160,   30,  464,   49,   28,   27,   16],
[2024-08-13 11:32:27,733][flwr][INFO] - 	       [  27,   14,   31,    0,   18,    9,  856,    2,    1,    0],
[2024-08-13 11:32:27,733][flwr][INFO] - 	       [   9,   37,   47,    0,   15,    0,    3,  893,   10,   14],
[2024-08-13 11:32:27,733][flwr][INFO] - 	       [  22,   26,   36,  108,   28,    9,   24,   15,  678,   28],
[2024-08-13 11:32:27,733][flwr][INFO] - 	       [  28,   14,    5,    7,  201,    4,    2,  100,   20,  628]],
[2024-08-13 11:32:27,733][flwr][INFO] - 	      dtype=int64)),
[2024-08-13 11:32:27,733][flwr][INFO] - 	                      (3,
[2024-08-13 11:32:27,733][flwr][INFO] - 	                       array([[ 875,    1,    2,    1,    0,   66,   25,    1,    9,    0],
[2024-08-13 11:32:27,733][flwr][INFO] - 	       [   0, 1068,   20,    3,    1,   12,    4,    0,   24,    3],
[2024-08-13 11:32:27,733][flwr][INFO] - 	       [  17,   22,  761,   62,    9,    8,   23,   27,   73,   30],
[2024-08-13 11:32:27,733][flwr][INFO] - 	       [   5,   11,   10,  773,    0,   90,    8,   12,   50,   51],
[2024-08-13 11:32:27,733][flwr][INFO] - 	       [   7,    6,    2,    0,  515,   12,   17,    4,   17,  402],
[2024-08-13 11:32:27,733][flwr][INFO] - 	       [  10,   54,    2,   45,    5,  698,   19,   13,   25,   21],
[2024-08-13 11:32:27,733][flwr][INFO] - 	       [  17,   16,   18,    0,    9,   30,  860,    5,    2,    1],
[2024-08-13 11:32:27,733][flwr][INFO] - 	       [   7,   33,   19,    2,    8,    1,    1,  798,   46,  113],
[2024-08-13 11:32:27,733][flwr][INFO] - 	       [   3,   18,    6,   37,    3,   76,   13,    5,  748,   65],
[2024-08-13 11:32:27,733][flwr][INFO] - 	       [  13,    7,    3,    3,   11,   22,    1,    9,   17,  923]],
[2024-08-13 11:32:27,734][flwr][INFO] - 	      dtype=int64)),
[2024-08-13 11:32:27,734][flwr][INFO] - 	                      (4,
[2024-08-13 11:32:27,734][flwr][INFO] - 	                       array([[ 924,    1,    3,    6,    5,    2,   27,    4,    8,    0],
[2024-08-13 11:32:27,734][flwr][INFO] - 	       [   0, 1068,   39,   10,    2,    2,    5,    1,    8,    0],
[2024-08-13 11:32:27,734][flwr][INFO] - 	       [  15,   10,  819,   62,   39,    0,   18,   34,   35,    0],
[2024-08-13 11:32:27,734][flwr][INFO] - 	       [   2,    6,   16,  887,   10,   15,    9,   24,   38,    3],
[2024-08-13 11:32:27,734][flwr][INFO] - 	       [   7,    5,    1,    0,  938,    1,   13,   11,    4,    2],
[2024-08-13 11:32:27,734][flwr][INFO] - 	       [  19,   65,    9,  166,   60,  465,   37,   33,   33,    5],
[2024-08-13 11:32:27,734][flwr][INFO] - 	       [  15,   13,   23,    2,   32,    4,  863,    6,    0,    0],
[2024-08-13 11:32:27,734][flwr][INFO] - 	       [   5,   32,   38,    1,   23,    0,    1,  914,   14,    0],
[2024-08-13 11:32:27,734][flwr][INFO] - 	       [  17,   29,   18,  112,   50,    8,   20,   19,  700,    1],
[2024-08-13 11:32:27,734][flwr][INFO] - 	       [  26,   12,    3,    9,  486,    3,    1,  191,   25,  253]],
[2024-08-13 11:32:27,734][flwr][INFO] - 	      dtype=int64)),
[2024-08-13 11:32:27,734][flwr][INFO] - 	                      (5,
[2024-08-13 11:32:27,734][flwr][INFO] - 	                       array([[ 922,    1,    2,    1,    0,   15,   28,    1,    8,    2],
[2024-08-13 11:32:27,734][flwr][INFO] - 	       [   0, 1071,   33,    2,    1,    5,    5,    1,   14,    3],
[2024-08-13 11:32:27,734][flwr][INFO] - 	       [  13,   13,  838,   37,    9,    2,   26,   27,   48,   19],
[2024-08-13 11:32:27,735][flwr][INFO] - 	       [   5,    7,   17,  807,    1,   52,   14,   14,   40,   53],
[2024-08-13 11:32:27,735][flwr][INFO] - 	       [   5,    6,    3,    0,  623,    2,   30,    7,   10,  296],
[2024-08-13 11:32:27,735][flwr][INFO] - 	       [  17,   59,    9,   57,    8,  644,   35,   14,   21,   28],
[2024-08-13 11:32:27,735][flwr][INFO] - 	       [  15,   13,   23,    1,    6,   19,  873,    6,    1,    1],
[2024-08-13 11:32:27,735][flwr][INFO] - 	       [   7,   31,   35,    1,   11,    0,    2,  830,   28,   83],
[2024-08-13 11:32:27,735][flwr][INFO] - 	       [  10,   25,   19,   41,    5,   35,   20,    5,  741,   73],
[2024-08-13 11:32:27,735][flwr][INFO] - 	       [  20,    8,    5,    4,   14,   10,    2,   13,   12,  921]],
[2024-08-13 11:32:27,735][flwr][INFO] - 	      dtype=int64)),
[2024-08-13 11:32:27,735][flwr][INFO] - 	                      (6,
[2024-08-13 11:32:27,735][flwr][INFO] - 	                       array([[ 927,    2,    2,    4,    5,    7,   23,    4,    6,    0],
[2024-08-13 11:32:27,735][flwr][INFO] - 	       [   0, 1074,   24,    9,    2,    3,    5,    1,   17,    0],
[2024-08-13 11:32:27,735][flwr][INFO] - 	       [  12,    9,  818,   54,   41,    0,   17,   34,   47,    0],
[2024-08-13 11:32:27,735][flwr][INFO] - 	       [   1,    6,   13,  872,   11,   25,   10,   23,   47,    2],
[2024-08-13 11:32:27,735][flwr][INFO] - 	       [   3,    4,    1,    0,  944,    1,   13,   11,    4,    1],
[2024-08-13 11:32:27,735][flwr][INFO] - 	       [  16,   57,    5,   99,   46,  578,   30,   27,   32,    2],
[2024-08-13 11:32:27,735][flwr][INFO] - 	       [  13,   14,   22,    1,   33,   14,  853,    7,    1,    0],
[2024-08-13 11:32:27,735][flwr][INFO] - 	       [   5,   30,   33,    3,   26,    0,    0,  909,   22,    0],
[2024-08-13 11:32:27,736][flwr][INFO] - 	       [  12,   31,   12,   75,   40,   14,   17,   13,  759,    1],
[2024-08-13 11:32:27,736][flwr][INFO] - 	       [  26,   11,    3,    6,  510,   13,    1,  162,   39,  238]],
[2024-08-13 11:32:27,736][flwr][INFO] - 	      dtype=int64)),
[2024-08-13 11:32:27,736][flwr][INFO] - 	                      (7,
[2024-08-13 11:32:27,736][flwr][INFO] - 	                       array([[ 926,    2,    4,    2,    0,   10,   28,    2,    6,    0],
[2024-08-13 11:32:27,736][flwr][INFO] - 	       [   0, 1075,   28,    6,    1,    5,    5,    1,   13,    1],
[2024-08-13 11:32:27,736][flwr][INFO] - 	       [  12,   14,  847,   38,   11,    1,   23,   29,   45,   12],
[2024-08-13 11:32:27,736][flwr][INFO] - 	       [   3,    6,   16,  845,    2,   41,   14,   15,   30,   38],
[2024-08-13 11:32:27,736][flwr][INFO] - 	       [   4,    5,    4,    0,  745,    2,   26,    7,    9,  180],
[2024-08-13 11:32:27,736][flwr][INFO] - 	       [  14,   52,    6,   67,   10,  647,   35,   15,   19,   27],
[2024-08-13 11:32:27,736][flwr][INFO] - 	       [  13,   12,   20,    1,    9,   16,  878,    8,    1,    0],
[2024-08-13 11:32:27,736][flwr][INFO] - 	       [   8,   32,   35,    2,   13,    0,    2,  856,   20,   60],
[2024-08-13 11:32:27,736][flwr][INFO] - 	       [  13,   33,   17,   52,    7,   30,   20,    7,  727,   68],
[2024-08-13 11:32:27,736][flwr][INFO] - 	       [  23,    8,    4,    6,   21,   10,    2,   22,    9,  904]],
[2024-08-13 11:32:27,736][flwr][INFO] - 	      dtype=int64)),
[2024-08-13 11:32:27,736][flwr][INFO] - 	                      (8,
[2024-08-13 11:32:27,736][flwr][INFO] - 	                       array([[ 925,    3,    3,    5,    4,    5,   24,    5,    6,    0],
[2024-08-13 11:32:27,737][flwr][INFO] - 	       [   0, 1078,   13,    8,    2,    3,    5,    1,   25,    0],
[2024-08-13 11:32:27,737][flwr][INFO] - 	       [  11,   16,  798,   51,   43,    0,   19,   34,   60,    0],
[2024-08-13 11:32:27,737][flwr][INFO] - 	       [   2,    9,   10,  861,   11,   30,    9,   23,   53,    2],
[2024-08-13 11:32:27,737][flwr][INFO] - 	       [   2,    4,    1,    0,  944,    2,   13,   10,    4,    2],
[2024-08-13 11:32:27,737][flwr][INFO] - 	       [  14,   54,    2,   77,   38,  609,   35,   23,   38,    2],
[2024-08-13 11:32:27,737][flwr][INFO] - 	       [  14,   13,   15,    0,   33,   13,  861,    8,    1,    0],
[2024-08-13 11:32:27,737][flwr][INFO] - 	       [   6,   33,   26,    3,   28,    0,    0,  904,   27,    1],
[2024-08-13 11:32:27,737][flwr][INFO] - 	       [  13,   28,    7,   36,   35,   17,   18,   11,  809,    0],
[2024-08-13 11:32:27,737][flwr][INFO] - 	       [  27,    8,    3,    4,  413,   12,    1,  124,   55,  362]],
[2024-08-13 11:32:27,737][flwr][INFO] - 	      dtype=int64)),
[2024-08-13 11:32:27,737][flwr][INFO] - 	                      (9,
[2024-08-13 11:32:27,737][flwr][INFO] - 	                       array([[ 926,    3,    4,    4,    1,    9,   25,    2,    6,    0],
[2024-08-13 11:32:27,737][flwr][INFO] - 	       [   0, 1076,   25,    7,    1,    5,    5,    1,   14,    1],
[2024-08-13 11:32:27,737][flwr][INFO] - 	       [  12,   15,  848,   39,   10,    0,   24,   29,   43,   12],
[2024-08-13 11:32:27,737][flwr][INFO] - 	       [   2,    5,   15,  853,    2,   40,   13,   16,   25,   39],
[2024-08-13 11:32:27,737][flwr][INFO] - 	       [   4,    4,    3,    0,  772,    2,   21,    7,    7,  162],
[2024-08-13 11:32:27,737][flwr][INFO] - 	       [  15,   46,    4,   64,    9,  659,   35,   15,   19,   26],
[2024-08-13 11:32:27,738][flwr][INFO] - 	       [  13,   10,   19,    1,   10,   14,  882,    8,    1,    0],
[2024-08-13 11:32:27,738][flwr][INFO] - 	       [   9,   30,   34,    3,   14,    0,    2,  860,   17,   59],
[2024-08-13 11:32:27,738][flwr][INFO] - 	       [  16,   36,   17,   52,    9,   36,   22,    7,  704,   75],
[2024-08-13 11:32:27,738][flwr][INFO] - 	       [  22,    8,    5,    8,   24,   11,    1,   23,    5,  902]],
[2024-08-13 11:32:27,738][flwr][INFO] - 	      dtype=int64)),
[2024-08-13 11:32:27,738][flwr][INFO] - 	                      (10,
[2024-08-13 11:32:27,738][flwr][INFO] - 	                       array([[ 927,    2,    4,    4,    4,    7,   19,    5,    8,    0],
[2024-08-13 11:32:27,738][flwr][INFO] - 	       [   0, 1071,    9,    5,    1,    3,    5,    2,   39,    0],
[2024-08-13 11:32:27,738][flwr][INFO] - 	       [  11,   13,  812,   38,   40,    0,   18,   34,   65,    1],
[2024-08-13 11:32:27,738][flwr][INFO] - 	       [   2,    8,   10,  844,   10,   33,   10,   22,   68,    3],
[2024-08-13 11:32:27,738][flwr][INFO] - 	       [   3,    3,    1,    0,  939,    2,   12,   10,    9,    3],
[2024-08-13 11:32:27,738][flwr][INFO] - 	       [  13,   42,    2,   63,   25,  630,   33,   23,   59,    2],
[2024-08-13 11:32:27,738][flwr][INFO] - 	       [  13,   12,   13,    0,   30,   12,  867,   10,    1,    0],
[2024-08-13 11:32:27,738][flwr][INFO] - 	       [   8,   27,   26,    2,   27,    0,    0,  901,   36,    1],
[2024-08-13 11:32:27,738][flwr][INFO] - 	       [  11,   18,    7,   30,   25,   18,   16,    8,  840,    1],
[2024-08-13 11:32:27,738][flwr][INFO] - 	       [  31,    8,    4,    4,  270,   15,    1,  115,   65,  496]],
[2024-08-13 11:32:27,738][flwr][INFO] - 	      dtype=int64))],
[2024-08-13 11:32:27,739][flwr][INFO] - 	 'f1': [(0, 0.017493624772313296),
[2024-08-13 11:32:27,739][flwr][INFO] - 	        (1, 0.6736894625723943),
[2024-08-13 11:32:27,739][flwr][INFO] - 	        (2, 0.8018453069406566),
[2024-08-13 11:32:27,739][flwr][INFO] - 	        (3, 0.8024349438164383),
[2024-08-13 11:32:27,739][flwr][INFO] - 	        (4, 0.7673725294336778),
[2024-08-13 11:32:27,739][flwr][INFO] - 	        (5, 0.8268471228525148),
[2024-08-13 11:32:27,739][flwr][INFO] - 	        (6, 0.7824630452009291),
[2024-08-13 11:32:27,739][flwr][INFO] - 	        (7, 0.8444289708261967),
[2024-08-13 11:32:27,739][flwr][INFO] - 	        (8, 0.806719692937496),
[2024-08-13 11:32:27,739][flwr][INFO] - 	        (9, 0.8475795190056071),
[2024-08-13 11:32:27,739][flwr][INFO] - 	        (10, 0.8286171926431934)],
[2024-08-13 11:32:27,739][flwr][INFO] - 	 'precision': [(0, 0.009604000000000001),
[2024-08-13 11:32:27,739][flwr][INFO] - 	               (1, 0.777030293418287),
[2024-08-13 11:32:27,739][flwr][INFO] - 	               (2, 0.8149019816587549),
[2024-08-13 11:32:27,739][flwr][INFO] - 	               (3, 0.8255736982282331),
[2024-08-13 11:32:27,739][flwr][INFO] - 	               (4, 0.817800372910866),
[2024-08-13 11:32:27,739][flwr][INFO] - 	               (5, 0.8394933300414956),
[2024-08-13 11:32:27,740][flwr][INFO] - 	               (6, 0.8286083873523253),
[2024-08-13 11:32:27,740][flwr][INFO] - 	               (7, 0.8498813909938028),
[2024-08-13 11:32:27,740][flwr][INFO] - 	               (8, 0.8401169183843528),
[2024-08-13 11:32:27,740][flwr][INFO] - 	               (9, 0.8524708305193892),
[2024-08-13 11:32:27,740][flwr][INFO] - 	               (10, 0.8499924149385595)],
[2024-08-13 11:32:27,740][flwr][INFO] - 	 'recall': [(0, 0.098),
[2024-08-13 11:32:27,740][flwr][INFO] - 	            (1, 0.7063),
[2024-08-13 11:32:27,740][flwr][INFO] - 	            (2, 0.8071),
[2024-08-13 11:32:27,740][flwr][INFO] - 	            (3, 0.8019),
[2024-08-13 11:32:27,740][flwr][INFO] - 	            (4, 0.7831),
[2024-08-13 11:32:27,740][flwr][INFO] - 	            (5, 0.827),
[2024-08-13 11:32:27,740][flwr][INFO] - 	            (6, 0.7972),
[2024-08-13 11:32:27,740][flwr][INFO] - 	            (7, 0.845),
[2024-08-13 11:32:27,740][flwr][INFO] - 	            (8, 0.8151),
[2024-08-13 11:32:27,740][flwr][INFO] - 	            (9, 0.8482),
[2024-08-13 11:32:27,740][flwr][INFO] - 	            (10, 0.8327)]}
[2024-08-13 11:32:27,740][flwr][INFO] - 
