[2024-08-13 11:49:53,030][flwr][INFO] - Starting Flower simulation, config: num_rounds=10, no round_timeout
[2024-08-13 11:49:57,064][flwr][INFO] - Flower VCE: Ray initialized with resources: {'accelerator_type:G': 1.0, 'node:__internal_head__': 1.0, 'GPU': 1.0, 'memory': 5077163214.0, 'object_store_memory': 2538581606.0, 'node:127.0.0.1': 1.0, 'CPU': 16.0}
[2024-08-13 11:49:57,064][flwr][INFO] - Optimize your simulation with Flower VCE: https://flower.ai/docs/framework/how-to-run-simulations.html
[2024-08-13 11:49:57,064][flwr][INFO] - Flower VCE: Resources for each Virtual Client: {'num_cpus': 2, 'num_gpus': 0.5}
[2024-08-13 11:49:57,075][flwr][INFO] - Flower VCE: Creating VirtualClientEngineActorPool with 2 actors
[2024-08-13 11:49:57,076][flwr][INFO] - [INIT]
[2024-08-13 11:49:57,076][flwr][INFO] - Requesting initial parameters from one random client
[2024-08-13 11:50:04,623][flwr][INFO] - Received initial parameters from one random client
[2024-08-13 11:50:04,623][flwr][INFO] - Evaluating initial global parameters
[2024-08-13 11:50:06,830][flwr][INFO] - initial parameters (loss, other metrics): 2.3025850929940455, {'accuracy': 0.098, 'precision': 0.009604000000000001, 'recall': 0.098, 'f1': 0.017493624772313296, 'confusion_matrix': array([[ 980,    0,    0,    0,    0,    0,    0,    0,    0,    0],
       [1135,    0,    0,    0,    0,    0,    0,    0,    0,    0],
       [1032,    0,    0,    0,    0,    0,    0,    0,    0,    0],
       [1010,    0,    0,    0,    0,    0,    0,    0,    0,    0],
       [ 982,    0,    0,    0,    0,    0,    0,    0,    0,    0],
       [ 892,    0,    0,    0,    0,    0,    0,    0,    0,    0],
       [ 958,    0,    0,    0,    0,    0,    0,    0,    0,    0],
       [1028,    0,    0,    0,    0,    0,    0,    0,    0,    0],
       [ 974,    0,    0,    0,    0,    0,    0,    0,    0,    0],
       [1009,    0,    0,    0,    0,    0,    0,    0,    0,    0]],
      dtype=int64)}
[2024-08-13 11:50:06,831][flwr][INFO] - 
[2024-08-13 11:50:06,831][flwr][INFO] - [ROUND 1]
[2024-08-13 11:50:06,832][flwr][INFO] - configure_fit: strategy sampled 10 clients (out of 10)
[2024-08-13 11:50:15,481][flwr][INFO] - aggregate_fit: received 10 results and 0 failures
[2024-08-13 11:50:15,484][flwr][WARNING] - No fit_metrics_aggregation_fn provided
[2024-08-13 11:50:17,558][flwr][INFO] - fit progress: (1, 0.9703895557726951, {'accuracy': 0.6979, 'precision': 0.7686003529899602, 'recall': 0.6979, 'f1': 0.6640417233117893, 'confusion_matrix': array([[ 959,    0,    2,    4,    0,    0,    6,    1,    8,    0],
       [   0, 1019,   64,    9,    0,    0,    4,    1,   34,    4],
       [ 102,   11,  664,  141,    5,    0,   18,   22,   48,   21],
       [  32,    5,   11,  867,    0,    0,    7,   11,   59,   18],
       [  55,    5,    3,    1,  339,    0,   24,   12,   45,  498],
       [ 292,   59,   12,  226,    5,    7,   27,   19,  172,   73],
       [ 122,   15,   21,    5,    4,    0,  780,    3,    8,    0],
       [  34,   28,   18,    3,    2,    0,    1,  806,   84,   52],
       [  61,    8,   11,  135,    4,    0,   11,    6,  698,   40],
       [  70,    6,    0,   10,   12,    0,    1,   29,   41,  840]],
      dtype=int64)}, 10.726015099993674)
[2024-08-13 11:50:17,559][flwr][INFO] - configure_evaluate: no clients selected, skipping evaluation
[2024-08-13 11:50:17,559][flwr][INFO] - 
[2024-08-13 11:50:17,559][flwr][INFO] - [ROUND 2]
[2024-08-13 11:50:17,559][flwr][INFO] - configure_fit: strategy sampled 10 clients (out of 10)
[2024-08-13 11:50:23,958][flwr][INFO] - aggregate_fit: received 10 results and 0 failures
[2024-08-13 11:50:26,087][flwr][INFO] - fit progress: (2, 0.7898016643505349, {'accuracy': 0.8013, 'precision': 0.8088323411286539, 'recall': 0.8013, 'f1': 0.7961600753429217, 'confusion_matrix': array([[ 911,    0,    4,    3,    0,    6,   45,    2,    9,    0],
       [   0, 1032,   82,    2,    1,    3,    5,    1,    8,    1],
       [  19,   10,  850,   44,   24,    0,   23,   29,   31,    2],
       [   7,    7,   30,  840,    7,   19,   11,   19,   53,   17],
       [   9,    6,    5,    0,  883,    1,   29,   12,   11,   26],
       [  33,   63,   21,  144,   33,  473,   48,   32,   31,   14],
       [  27,   14,   33,    0,   17,    7,  855,    5,    0,    0],
       [  10,   33,   47,    0,   16,    0,    1,  891,   19,   11],
       [  19,   25,   41,  103,   31,   12,   25,   15,  676,   27],
       [  30,   12,    5,    4,  211,    3,    0,  118,   24,  602]],
      dtype=int64)}, 19.256106400003773)
[2024-08-13 11:50:26,088][flwr][INFO] - configure_evaluate: no clients selected, skipping evaluation
[2024-08-13 11:50:26,088][flwr][INFO] - 
[2024-08-13 11:50:26,088][flwr][INFO] - [ROUND 3]
[2024-08-13 11:50:26,088][flwr][INFO] - configure_fit: strategy sampled 10 clients (out of 10)
[2024-08-13 11:50:32,677][flwr][INFO] - aggregate_fit: received 10 results and 0 failures
[2024-08-13 11:50:34,756][flwr][INFO] - fit progress: (3, 0.8084598891082931, {'accuracy': 0.7848, 'precision': 0.8169840820949775, 'recall': 0.7848, 'f1': 0.7847397512077301, 'confusion_matrix': array([[ 876,    1,    2,    2,    0,   51,   29,    0,   14,    5],
       [   0, 1066,   23,    3,    1,    9,    4,    0,   22,    7],
       [  16,   22,  753,   70,    8,    9,   23,   24,   72,   35],
       [   1,   10,    9,  789,    1,   63,    8,   11,   54,   64],
       [   7,    6,    2,    0,  432,   15,   19,    4,   14,  483],
       [   9,   59,    3,   63,    1,  664,   20,   10,   34,   29],
       [  17,   17,   19,    0,    7,   22,  865,    8,    2,    1],
       [   8,   32,   19,    3,    8,    1,    1,  747,   60,  149],
       [   3,   21,    6,   50,    3,   58,   14,    5,  726,   88],
       [  12,    6,    2,    4,   11,   18,    1,    8,   17,  930]],
      dtype=int64)}, 27.924830599993584)
[2024-08-13 11:50:34,757][flwr][INFO] - configure_evaluate: no clients selected, skipping evaluation
[2024-08-13 11:50:34,757][flwr][INFO] - 
[2024-08-13 11:50:34,757][flwr][INFO] - [ROUND 4]
[2024-08-13 11:50:34,757][flwr][INFO] - configure_fit: strategy sampled 10 clients (out of 10)
[2024-08-13 11:50:41,593][flwr][INFO] - aggregate_fit: received 10 results and 0 failures
[2024-08-13 11:50:43,678][flwr][INFO] - fit progress: (4, 0.7990517657699409, {'accuracy': 0.7774, 'precision': 0.8120016070775946, 'recall': 0.7774, 'f1': 0.7581771847116265, 'confusion_matrix': array([[ 920,    2,    2,    4,    5,    5,   28,    7,    7,    0],
       [   0, 1053,   53,    8,    2,    3,    5,    3,    8,    0],
       [  13,   10,  823,   56,   37,    0,   19,   37,   37,    0],
       [   3,    7,   16,  862,   12,   25,    8,   25,   50,    2],
       [   5,    4,    1,    0,  935,    1,   14,   17,    4,    1],
       [  19,   66,    9,  113,   52,  537,   32,   37,   25,    2],
       [  13,   12,   29,    1,   31,    9,  847,   15,    1,    0],
       [   5,   31,   39,    1,   22,    0,    1,  911,   18,    0],
       [  15,   33,   20,   99,   46,   14,   23,   18,  705,    1],
       [  26,   11,    2,    6,  513,    8,    1,  227,   34,  181]],
      dtype=int64)}, 36.84714240000176)
[2024-08-13 11:50:43,679][flwr][INFO] - configure_evaluate: no clients selected, skipping evaluation
[2024-08-13 11:50:43,679][flwr][INFO] - 
[2024-08-13 11:50:43,679][flwr][INFO] - [ROUND 5]
[2024-08-13 11:50:43,679][flwr][INFO] - configure_fit: strategy sampled 10 clients (out of 10)
[2024-08-13 11:50:50,466][flwr][INFO] - aggregate_fit: received 10 results and 0 failures
[2024-08-13 11:50:52,731][flwr][INFO] - fit progress: (5, 0.7694587016570051, {'accuracy': 0.8215, 'precision': 0.8320349098946239, 'recall': 0.8215, 'f1': 0.8211956233608962, 'confusion_matrix': array([[ 914,    3,    3,    5,    0,   11,   34,    3,    7,    0],
       [   0, 1066,   37,    4,    1,    5,    5,    1,   10,    6],
       [  12,   14,  824,   53,    9,    1,   24,   28,   48,   19],
       [   3,    8,   14,  827,    1,   42,   15,   14,   35,   51],
       [   5,    6,    3,    0,  664,    2,   28,   11,   10,  253],
       [  11,   61,    9,   79,    7,  618,   37,   18,   23,   29],
       [  14,   12,   25,    1,    6,   15,  872,   11,    1,    1],
       [   8,   32,   36,    1,   12,    0,    2,  832,   30,   75],
       [   9,   34,   18,   62,    5,   31,   22,    6,  695,   92],
       [  24,    8,    3,    5,   17,   10,    2,   24,   13,  903]],
      dtype=int64)}, 45.89919219999865)
[2024-08-13 11:50:52,732][flwr][INFO] - configure_evaluate: no clients selected, skipping evaluation
[2024-08-13 11:50:52,732][flwr][INFO] - 
[2024-08-13 11:50:52,732][flwr][INFO] - [ROUND 6]
[2024-08-13 11:50:52,732][flwr][INFO] - configure_fit: strategy sampled 10 clients (out of 10)
[2024-08-13 11:50:59,472][flwr][INFO] - aggregate_fit: received 10 results and 0 failures
[2024-08-13 11:51:01,560][flwr][INFO] - fit progress: (6, 0.7876267784359617, {'accuracy': 0.7951, 'precision': 0.8256540737794134, 'recall': 0.7951, 'f1': 0.7811831186882556, 'confusion_matrix': array([[ 920,    3,    3,    5,    4,    7,   26,    6,    6,    0],
       [   0, 1064,   31,    8,    2,    4,    5,    2,   19,    0],
       [  12,   13,  815,   52,   40,    0,   17,   33,   50,    0],
       [   3,    7,   13,  848,   15,   31,    8,   23,   60,    2],
       [   4,    4,    1,    0,  939,    1,   14,   13,    5,    1],
       [  14,   57,    6,   83,   39,  594,   34,   26,   38,    1],
       [  13,   12,   25,    0,   31,   12,  850,   14,    1,    0],
       [   6,   29,   34,    1,   30,    0,    0,  894,   34,    0],
       [  12,   30,   12,   52,   42,   16,   20,   10,  780,    0],
       [  30,    8,    3,    3,  491,   16,    1,  149,   61,  247]],
      dtype=int64)}, 54.72803090000525)
[2024-08-13 11:51:01,560][flwr][INFO] - configure_evaluate: no clients selected, skipping evaluation
[2024-08-13 11:51:01,560][flwr][INFO] - 
[2024-08-13 11:51:01,560][flwr][INFO] - [ROUND 7]
[2024-08-13 11:51:01,561][flwr][INFO] - configure_fit: strategy sampled 10 clients (out of 10)
[2024-08-13 11:51:08,271][flwr][INFO] - aggregate_fit: received 10 results and 0 failures
[2024-08-13 11:51:10,486][flwr][INFO] - fit progress: (7, 0.7568560020338421, {'accuracy': 0.8326, 'precision': 0.8395295027303148, 'recall': 0.8326, 'f1': 0.8318462213744587, 'confusion_matrix': array([[ 922,    3,    4,    5,    0,   10,   27,    3,    6,    0],
       [   0, 1066,   34,    8,    1,    6,    5,    1,   11,    3],
       [  12,   16,  829,   54,    9,    1,   23,   30,   44,   14],
       [   2,    8,   12,  850,    2,   40,   15,   14,   22,   45],
       [   5,    5,    2,    0,  730,    3,   26,   11,    7,  193],
       [  13,   54,    7,   75,    7,  631,   40,   18,   20,   27],
       [  13,   12,   21,    1,    7,   13,  877,   13,    1,    0],
       [   9,   30,   34,    4,   12,    0,    2,  853,   20,   64],
       [  15,   36,   16,   70,    7,   37,   23,    9,  668,   93],
       [  26,    7,    4,    7,   20,   11,    2,   25,    7,  900]],
      dtype=int64)}, 63.65494890000264)
[2024-08-13 11:51:10,487][flwr][INFO] - configure_evaluate: no clients selected, skipping evaluation
[2024-08-13 11:51:10,487][flwr][INFO] - 
[2024-08-13 11:51:10,487][flwr][INFO] - [ROUND 8]
[2024-08-13 11:51:10,488][flwr][INFO] - configure_fit: strategy sampled 10 clients (out of 10)
[2024-08-13 11:51:17,424][flwr][INFO] - aggregate_fit: received 10 results and 0 failures
[2024-08-13 11:51:19,520][flwr][INFO] - fit progress: (8, 0.7657193662210388, {'accuracy': 0.817, 'precision': 0.8372449978387307, 'recall': 0.817, 'f1': 0.8116814792226266, 'confusion_matrix': array([[ 915,    7,    6,    4,    4,    7,   21,    7,    9,    0],
       [   0, 1065,   24,    6,    2,    3,    5,    2,   28,    0],
       [  10,   16,  816,   38,   42,    0,   16,   32,   61,    1],
       [   2,   12,   14,  818,   17,   34,   12,   21,   77,    3],
       [   3,    3,    1,    0,  936,    2,   12,   13,    9,    3],
       [  13,   53,    4,   65,   32,  602,   35,   25,   61,    2],
       [  14,   13,   17,    0,   30,    9,  855,   19,    1,    0],
       [   8,   28,   31,    1,   29,    0,    0,  892,   38,    1],
       [  12,   25,   10,   28,   30,   17,   17,    8,  825,    2],
       [  32,    8,    3,    3,  322,   13,    1,  119,   62,  446]],
      dtype=int64)}, 72.6892344999942)
[2024-08-13 11:51:19,521][flwr][INFO] - configure_evaluate: no clients selected, skipping evaluation
[2024-08-13 11:51:19,521][flwr][INFO] - 
[2024-08-13 11:51:19,521][flwr][INFO] - [ROUND 9]
[2024-08-13 11:51:19,522][flwr][INFO] - configure_fit: strategy sampled 10 clients (out of 10)
[2024-08-13 11:51:26,167][flwr][INFO] - aggregate_fit: received 10 results and 0 failures
[2024-08-13 11:51:28,370][flwr][INFO] - fit progress: (9, 0.7479138078601262, {'accuracy': 0.8313, 'precision': 0.8396588767557678, 'recall': 0.8313, 'f1': 0.8304707705795265, 'confusion_matrix': array([[ 916,    9,    6,    4,    1,   10,   23,    5,    6,    0],
       [   0, 1066,   34,   10,    1,    6,    5,    1,    9,    3],
       [  11,   18,  826,   53,    9,    2,   25,   31,   40,   17],
       [   1,   11,   11,  851,    3,   40,   12,   16,   18,   47],
       [   4,    5,    2,    1,  746,    3,   20,   13,    3,  185],
       [  15,   48,    5,   64,    7,  656,   38,   18,   13,   28],
       [  14,   11,   18,    0,    7,   13,  877,   16,    1,    1],
       [   9,   29,   33,    5,   12,    1,    1,  856,   14,   68],
       [  16,   41,   16,   67,   10,   47,   24,    9,  615,  129],
       [  25,    8,    4,    7,   22,   12,    1,   24,    2,  904]],
      dtype=int64)}, 81.53868480000529)
[2024-08-13 11:51:28,371][flwr][INFO] - configure_evaluate: no clients selected, skipping evaluation
[2024-08-13 11:51:28,371][flwr][INFO] - 
[2024-08-13 11:51:28,371][flwr][INFO] - [ROUND 10]
[2024-08-13 11:51:28,371][flwr][INFO] - configure_fit: strategy sampled 10 clients (out of 10)
[2024-08-13 11:51:35,013][flwr][INFO] - aggregate_fit: received 10 results and 0 failures
[2024-08-13 11:51:37,229][flwr][INFO] - fit progress: (10, 0.7592269122236297, {'accuracy': 0.8241, 'precision': 0.8428507031620925, 'recall': 0.8241, 'f1': 0.8211414762525454, 'confusion_matrix': array([[ 912,   11,    5,    4,    2,    8,   21,    6,   11,    0],
       [   0, 1058,   12,    7,    1,    3,    5,    2,   47,    0],
       [  10,   15,  804,   42,   38,    0,   18,   32,   72,    1],
       [   0,   11,   10,  812,   14,   35,   13,   20,   91,    4],
       [   3,    3,    1,    0,  927,    3,   13,   13,   16,    3],
       [  11,   45,    2,   52,   25,  610,   39,   24,   82,    2],
       [  14,   14,   14,    0,   27,    8,  862,   18,    1,    0],
       [  10,   26,   29,    2,   28,    0,    0,  885,   47,    1],
       [  10,   16,    7,   24,   25,   18,   17,    5,  851,    1],
       [  38,    7,    3,    3,  224,   15,    1,  109,   89,  520]],
      dtype=int64)}, 90.39755189999414)
[2024-08-13 11:51:37,230][flwr][INFO] - configure_evaluate: no clients selected, skipping evaluation
[2024-08-13 11:51:37,230][flwr][INFO] - 
[2024-08-13 11:51:37,230][flwr][INFO] - [SUMMARY]
[2024-08-13 11:51:37,230][flwr][INFO] - Run finished 10 round(s) in 90.40s
[2024-08-13 11:51:37,238][flwr][INFO] - 	History (loss, centralized):
[2024-08-13 11:51:37,238][flwr][INFO] - 		round 0: 2.3025850929940455
[2024-08-13 11:51:37,239][flwr][INFO] - 		round 1: 0.9703895557726951
[2024-08-13 11:51:37,239][flwr][INFO] - 		round 2: 0.7898016643505349
[2024-08-13 11:51:37,239][flwr][INFO] - 		round 3: 0.8084598891082931
[2024-08-13 11:51:37,239][flwr][INFO] - 		round 4: 0.7990517657699409
[2024-08-13 11:51:37,239][flwr][INFO] - 		round 5: 0.7694587016570051
[2024-08-13 11:51:37,239][flwr][INFO] - 		round 6: 0.7876267784359617
[2024-08-13 11:51:37,239][flwr][INFO] - 		round 7: 0.7568560020338421
[2024-08-13 11:51:37,239][flwr][INFO] - 		round 8: 0.7657193662210388
[2024-08-13 11:51:37,239][flwr][INFO] - 		round 9: 0.7479138078601262
[2024-08-13 11:51:37,239][flwr][INFO] - 		round 10: 0.7592269122236297
[2024-08-13 11:51:37,239][flwr][INFO] - 	History (metrics, centralized):
[2024-08-13 11:51:37,239][flwr][INFO] - 	{'accuracy': [(0, 0.098),
[2024-08-13 11:51:37,239][flwr][INFO] - 	              (1, 0.6979),
[2024-08-13 11:51:37,239][flwr][INFO] - 	              (2, 0.8013),
[2024-08-13 11:51:37,239][flwr][INFO] - 	              (3, 0.7848),
[2024-08-13 11:51:37,240][flwr][INFO] - 	              (4, 0.7774),
[2024-08-13 11:51:37,240][flwr][INFO] - 	              (5, 0.8215),
[2024-08-13 11:51:37,240][flwr][INFO] - 	              (6, 0.7951),
[2024-08-13 11:51:37,240][flwr][INFO] - 	              (7, 0.8326),
[2024-08-13 11:51:37,240][flwr][INFO] - 	              (8, 0.817),
[2024-08-13 11:51:37,240][flwr][INFO] - 	              (9, 0.8313),
[2024-08-13 11:51:37,240][flwr][INFO] - 	              (10, 0.8241)],
[2024-08-13 11:51:37,240][flwr][INFO] - 	 'confusion_matrix': [(0,
[2024-08-13 11:51:37,240][flwr][INFO] - 	                       array([[ 980,    0,    0,    0,    0,    0,    0,    0,    0,    0],
[2024-08-13 11:51:37,240][flwr][INFO] - 	       [1135,    0,    0,    0,    0,    0,    0,    0,    0,    0],
[2024-08-13 11:51:37,240][flwr][INFO] - 	       [1032,    0,    0,    0,    0,    0,    0,    0,    0,    0],
[2024-08-13 11:51:37,240][flwr][INFO] - 	       [1010,    0,    0,    0,    0,    0,    0,    0,    0,    0],
[2024-08-13 11:51:37,240][flwr][INFO] - 	       [ 982,    0,    0,    0,    0,    0,    0,    0,    0,    0],
[2024-08-13 11:51:37,240][flwr][INFO] - 	       [ 892,    0,    0,    0,    0,    0,    0,    0,    0,    0],
[2024-08-13 11:51:37,240][flwr][INFO] - 	       [ 958,    0,    0,    0,    0,    0,    0,    0,    0,    0],
[2024-08-13 11:51:37,240][flwr][INFO] - 	       [1028,    0,    0,    0,    0,    0,    0,    0,    0,    0],
[2024-08-13 11:51:37,240][flwr][INFO] - 	       [ 974,    0,    0,    0,    0,    0,    0,    0,    0,    0],
[2024-08-13 11:51:37,240][flwr][INFO] - 	       [1009,    0,    0,    0,    0,    0,    0,    0,    0,    0]],
[2024-08-13 11:51:37,241][flwr][INFO] - 	      dtype=int64)),
[2024-08-13 11:51:37,241][flwr][INFO] - 	                      (1,
[2024-08-13 11:51:37,241][flwr][INFO] - 	                       array([[ 959,    0,    2,    4,    0,    0,    6,    1,    8,    0],
[2024-08-13 11:51:37,241][flwr][INFO] - 	       [   0, 1019,   64,    9,    0,    0,    4,    1,   34,    4],
[2024-08-13 11:51:37,241][flwr][INFO] - 	       [ 102,   11,  664,  141,    5,    0,   18,   22,   48,   21],
[2024-08-13 11:51:37,241][flwr][INFO] - 	       [  32,    5,   11,  867,    0,    0,    7,   11,   59,   18],
[2024-08-13 11:51:37,241][flwr][INFO] - 	       [  55,    5,    3,    1,  339,    0,   24,   12,   45,  498],
[2024-08-13 11:51:37,241][flwr][INFO] - 	       [ 292,   59,   12,  226,    5,    7,   27,   19,  172,   73],
[2024-08-13 11:51:37,241][flwr][INFO] - 	       [ 122,   15,   21,    5,    4,    0,  780,    3,    8,    0],
[2024-08-13 11:51:37,241][flwr][INFO] - 	       [  34,   28,   18,    3,    2,    0,    1,  806,   84,   52],
[2024-08-13 11:51:37,241][flwr][INFO] - 	       [  61,    8,   11,  135,    4,    0,   11,    6,  698,   40],
[2024-08-13 11:51:37,241][flwr][INFO] - 	       [  70,    6,    0,   10,   12,    0,    1,   29,   41,  840]],
[2024-08-13 11:51:37,241][flwr][INFO] - 	      dtype=int64)),
[2024-08-13 11:51:37,241][flwr][INFO] - 	                      (2,
[2024-08-13 11:51:37,241][flwr][INFO] - 	                       array([[ 911,    0,    4,    3,    0,    6,   45,    2,    9,    0],
[2024-08-13 11:51:37,241][flwr][INFO] - 	       [   0, 1032,   82,    2,    1,    3,    5,    1,    8,    1],
[2024-08-13 11:51:37,241][flwr][INFO] - 	       [  19,   10,  850,   44,   24,    0,   23,   29,   31,    2],
[2024-08-13 11:51:37,242][flwr][INFO] - 	       [   7,    7,   30,  840,    7,   19,   11,   19,   53,   17],
[2024-08-13 11:51:37,242][flwr][INFO] - 	       [   9,    6,    5,    0,  883,    1,   29,   12,   11,   26],
[2024-08-13 11:51:37,242][flwr][INFO] - 	       [  33,   63,   21,  144,   33,  473,   48,   32,   31,   14],
[2024-08-13 11:51:37,242][flwr][INFO] - 	       [  27,   14,   33,    0,   17,    7,  855,    5,    0,    0],
[2024-08-13 11:51:37,242][flwr][INFO] - 	       [  10,   33,   47,    0,   16,    0,    1,  891,   19,   11],
[2024-08-13 11:51:37,242][flwr][INFO] - 	       [  19,   25,   41,  103,   31,   12,   25,   15,  676,   27],
[2024-08-13 11:51:37,242][flwr][INFO] - 	       [  30,   12,    5,    4,  211,    3,    0,  118,   24,  602]],
[2024-08-13 11:51:37,242][flwr][INFO] - 	      dtype=int64)),
[2024-08-13 11:51:37,242][flwr][INFO] - 	                      (3,
[2024-08-13 11:51:37,242][flwr][INFO] - 	                       array([[ 876,    1,    2,    2,    0,   51,   29,    0,   14,    5],
[2024-08-13 11:51:37,242][flwr][INFO] - 	       [   0, 1066,   23,    3,    1,    9,    4,    0,   22,    7],
[2024-08-13 11:51:37,242][flwr][INFO] - 	       [  16,   22,  753,   70,    8,    9,   23,   24,   72,   35],
[2024-08-13 11:51:37,242][flwr][INFO] - 	       [   1,   10,    9,  789,    1,   63,    8,   11,   54,   64],
[2024-08-13 11:51:37,242][flwr][INFO] - 	       [   7,    6,    2,    0,  432,   15,   19,    4,   14,  483],
[2024-08-13 11:51:37,242][flwr][INFO] - 	       [   9,   59,    3,   63,    1,  664,   20,   10,   34,   29],
[2024-08-13 11:51:37,242][flwr][INFO] - 	       [  17,   17,   19,    0,    7,   22,  865,    8,    2,    1],
[2024-08-13 11:51:37,243][flwr][INFO] - 	       [   8,   32,   19,    3,    8,    1,    1,  747,   60,  149],
[2024-08-13 11:51:37,243][flwr][INFO] - 	       [   3,   21,    6,   50,    3,   58,   14,    5,  726,   88],
[2024-08-13 11:51:37,243][flwr][INFO] - 	       [  12,    6,    2,    4,   11,   18,    1,    8,   17,  930]],
[2024-08-13 11:51:37,243][flwr][INFO] - 	      dtype=int64)),
[2024-08-13 11:51:37,243][flwr][INFO] - 	                      (4,
[2024-08-13 11:51:37,243][flwr][INFO] - 	                       array([[ 920,    2,    2,    4,    5,    5,   28,    7,    7,    0],
[2024-08-13 11:51:37,243][flwr][INFO] - 	       [   0, 1053,   53,    8,    2,    3,    5,    3,    8,    0],
[2024-08-13 11:51:37,243][flwr][INFO] - 	       [  13,   10,  823,   56,   37,    0,   19,   37,   37,    0],
[2024-08-13 11:51:37,243][flwr][INFO] - 	       [   3,    7,   16,  862,   12,   25,    8,   25,   50,    2],
[2024-08-13 11:51:37,243][flwr][INFO] - 	       [   5,    4,    1,    0,  935,    1,   14,   17,    4,    1],
[2024-08-13 11:51:37,243][flwr][INFO] - 	       [  19,   66,    9,  113,   52,  537,   32,   37,   25,    2],
[2024-08-13 11:51:37,243][flwr][INFO] - 	       [  13,   12,   29,    1,   31,    9,  847,   15,    1,    0],
[2024-08-13 11:51:37,243][flwr][INFO] - 	       [   5,   31,   39,    1,   22,    0,    1,  911,   18,    0],
[2024-08-13 11:51:37,243][flwr][INFO] - 	       [  15,   33,   20,   99,   46,   14,   23,   18,  705,    1],
[2024-08-13 11:51:37,243][flwr][INFO] - 	       [  26,   11,    2,    6,  513,    8,    1,  227,   34,  181]],
[2024-08-13 11:51:37,243][flwr][INFO] - 	      dtype=int64)),
[2024-08-13 11:51:37,243][flwr][INFO] - 	                      (5,
[2024-08-13 11:51:37,244][flwr][INFO] - 	                       array([[ 914,    3,    3,    5,    0,   11,   34,    3,    7,    0],
[2024-08-13 11:51:37,244][flwr][INFO] - 	       [   0, 1066,   37,    4,    1,    5,    5,    1,   10,    6],
[2024-08-13 11:51:37,244][flwr][INFO] - 	       [  12,   14,  824,   53,    9,    1,   24,   28,   48,   19],
[2024-08-13 11:51:37,244][flwr][INFO] - 	       [   3,    8,   14,  827,    1,   42,   15,   14,   35,   51],
[2024-08-13 11:51:37,244][flwr][INFO] - 	       [   5,    6,    3,    0,  664,    2,   28,   11,   10,  253],
[2024-08-13 11:51:37,244][flwr][INFO] - 	       [  11,   61,    9,   79,    7,  618,   37,   18,   23,   29],
[2024-08-13 11:51:37,244][flwr][INFO] - 	       [  14,   12,   25,    1,    6,   15,  872,   11,    1,    1],
[2024-08-13 11:51:37,244][flwr][INFO] - 	       [   8,   32,   36,    1,   12,    0,    2,  832,   30,   75],
[2024-08-13 11:51:37,244][flwr][INFO] - 	       [   9,   34,   18,   62,    5,   31,   22,    6,  695,   92],
[2024-08-13 11:51:37,244][flwr][INFO] - 	       [  24,    8,    3,    5,   17,   10,    2,   24,   13,  903]],
[2024-08-13 11:51:37,244][flwr][INFO] - 	      dtype=int64)),
[2024-08-13 11:51:37,244][flwr][INFO] - 	                      (6,
[2024-08-13 11:51:37,244][flwr][INFO] - 	                       array([[ 920,    3,    3,    5,    4,    7,   26,    6,    6,    0],
[2024-08-13 11:51:37,244][flwr][INFO] - 	       [   0, 1064,   31,    8,    2,    4,    5,    2,   19,    0],
[2024-08-13 11:51:37,244][flwr][INFO] - 	       [  12,   13,  815,   52,   40,    0,   17,   33,   50,    0],
[2024-08-13 11:51:37,244][flwr][INFO] - 	       [   3,    7,   13,  848,   15,   31,    8,   23,   60,    2],
[2024-08-13 11:51:37,244][flwr][INFO] - 	       [   4,    4,    1,    0,  939,    1,   14,   13,    5,    1],
[2024-08-13 11:51:37,245][flwr][INFO] - 	       [  14,   57,    6,   83,   39,  594,   34,   26,   38,    1],
[2024-08-13 11:51:37,245][flwr][INFO] - 	       [  13,   12,   25,    0,   31,   12,  850,   14,    1,    0],
[2024-08-13 11:51:37,245][flwr][INFO] - 	       [   6,   29,   34,    1,   30,    0,    0,  894,   34,    0],
[2024-08-13 11:51:37,245][flwr][INFO] - 	       [  12,   30,   12,   52,   42,   16,   20,   10,  780,    0],
[2024-08-13 11:51:37,245][flwr][INFO] - 	       [  30,    8,    3,    3,  491,   16,    1,  149,   61,  247]],
[2024-08-13 11:51:37,245][flwr][INFO] - 	      dtype=int64)),
[2024-08-13 11:51:37,245][flwr][INFO] - 	                      (7,
[2024-08-13 11:51:37,245][flwr][INFO] - 	                       array([[ 922,    3,    4,    5,    0,   10,   27,    3,    6,    0],
[2024-08-13 11:51:37,245][flwr][INFO] - 	       [   0, 1066,   34,    8,    1,    6,    5,    1,   11,    3],
[2024-08-13 11:51:37,245][flwr][INFO] - 	       [  12,   16,  829,   54,    9,    1,   23,   30,   44,   14],
[2024-08-13 11:51:37,245][flwr][INFO] - 	       [   2,    8,   12,  850,    2,   40,   15,   14,   22,   45],
[2024-08-13 11:51:37,245][flwr][INFO] - 	       [   5,    5,    2,    0,  730,    3,   26,   11,    7,  193],
[2024-08-13 11:51:37,245][flwr][INFO] - 	       [  13,   54,    7,   75,    7,  631,   40,   18,   20,   27],
[2024-08-13 11:51:37,245][flwr][INFO] - 	       [  13,   12,   21,    1,    7,   13,  877,   13,    1,    0],
[2024-08-13 11:51:37,245][flwr][INFO] - 	       [   9,   30,   34,    4,   12,    0,    2,  853,   20,   64],
[2024-08-13 11:51:37,245][flwr][INFO] - 	       [  15,   36,   16,   70,    7,   37,   23,    9,  668,   93],
[2024-08-13 11:51:37,245][flwr][INFO] - 	       [  26,    7,    4,    7,   20,   11,    2,   25,    7,  900]],
[2024-08-13 11:51:37,246][flwr][INFO] - 	      dtype=int64)),
[2024-08-13 11:51:37,246][flwr][INFO] - 	                      (8,
[2024-08-13 11:51:37,246][flwr][INFO] - 	                       array([[ 915,    7,    6,    4,    4,    7,   21,    7,    9,    0],
[2024-08-13 11:51:37,246][flwr][INFO] - 	       [   0, 1065,   24,    6,    2,    3,    5,    2,   28,    0],
[2024-08-13 11:51:37,246][flwr][INFO] - 	       [  10,   16,  816,   38,   42,    0,   16,   32,   61,    1],
[2024-08-13 11:51:37,246][flwr][INFO] - 	       [   2,   12,   14,  818,   17,   34,   12,   21,   77,    3],
[2024-08-13 11:51:37,246][flwr][INFO] - 	       [   3,    3,    1,    0,  936,    2,   12,   13,    9,    3],
[2024-08-13 11:51:37,246][flwr][INFO] - 	       [  13,   53,    4,   65,   32,  602,   35,   25,   61,    2],
[2024-08-13 11:51:37,246][flwr][INFO] - 	       [  14,   13,   17,    0,   30,    9,  855,   19,    1,    0],
[2024-08-13 11:51:37,246][flwr][INFO] - 	       [   8,   28,   31,    1,   29,    0,    0,  892,   38,    1],
[2024-08-13 11:51:37,246][flwr][INFO] - 	       [  12,   25,   10,   28,   30,   17,   17,    8,  825,    2],
[2024-08-13 11:51:37,246][flwr][INFO] - 	       [  32,    8,    3,    3,  322,   13,    1,  119,   62,  446]],
[2024-08-13 11:51:37,246][flwr][INFO] - 	      dtype=int64)),
[2024-08-13 11:51:37,246][flwr][INFO] - 	                      (9,
[2024-08-13 11:51:37,246][flwr][INFO] - 	                       array([[ 916,    9,    6,    4,    1,   10,   23,    5,    6,    0],
[2024-08-13 11:51:37,246][flwr][INFO] - 	       [   0, 1066,   34,   10,    1,    6,    5,    1,    9,    3],
[2024-08-13 11:51:37,246][flwr][INFO] - 	       [  11,   18,  826,   53,    9,    2,   25,   31,   40,   17],
[2024-08-13 11:51:37,247][flwr][INFO] - 	       [   1,   11,   11,  851,    3,   40,   12,   16,   18,   47],
[2024-08-13 11:51:37,247][flwr][INFO] - 	       [   4,    5,    2,    1,  746,    3,   20,   13,    3,  185],
[2024-08-13 11:51:37,247][flwr][INFO] - 	       [  15,   48,    5,   64,    7,  656,   38,   18,   13,   28],
[2024-08-13 11:51:37,247][flwr][INFO] - 	       [  14,   11,   18,    0,    7,   13,  877,   16,    1,    1],
[2024-08-13 11:51:37,247][flwr][INFO] - 	       [   9,   29,   33,    5,   12,    1,    1,  856,   14,   68],
[2024-08-13 11:51:37,247][flwr][INFO] - 	       [  16,   41,   16,   67,   10,   47,   24,    9,  615,  129],
[2024-08-13 11:51:37,247][flwr][INFO] - 	       [  25,    8,    4,    7,   22,   12,    1,   24,    2,  904]],
[2024-08-13 11:51:37,247][flwr][INFO] - 	      dtype=int64)),
[2024-08-13 11:51:37,247][flwr][INFO] - 	                      (10,
[2024-08-13 11:51:37,247][flwr][INFO] - 	                       array([[ 912,   11,    5,    4,    2,    8,   21,    6,   11,    0],
[2024-08-13 11:51:37,247][flwr][INFO] - 	       [   0, 1058,   12,    7,    1,    3,    5,    2,   47,    0],
[2024-08-13 11:51:37,247][flwr][INFO] - 	       [  10,   15,  804,   42,   38,    0,   18,   32,   72,    1],
[2024-08-13 11:51:37,247][flwr][INFO] - 	       [   0,   11,   10,  812,   14,   35,   13,   20,   91,    4],
[2024-08-13 11:51:37,247][flwr][INFO] - 	       [   3,    3,    1,    0,  927,    3,   13,   13,   16,    3],
[2024-08-13 11:51:37,247][flwr][INFO] - 	       [  11,   45,    2,   52,   25,  610,   39,   24,   82,    2],
[2024-08-13 11:51:37,247][flwr][INFO] - 	       [  14,   14,   14,    0,   27,    8,  862,   18,    1,    0],
[2024-08-13 11:51:37,247][flwr][INFO] - 	       [  10,   26,   29,    2,   28,    0,    0,  885,   47,    1],
[2024-08-13 11:51:37,248][flwr][INFO] - 	       [  10,   16,    7,   24,   25,   18,   17,    5,  851,    1],
[2024-08-13 11:51:37,248][flwr][INFO] - 	       [  38,    7,    3,    3,  224,   15,    1,  109,   89,  520]],
[2024-08-13 11:51:37,248][flwr][INFO] - 	      dtype=int64))],
[2024-08-13 11:51:37,248][flwr][INFO] - 	 'f1': [(0, 0.017493624772313296),
[2024-08-13 11:51:37,248][flwr][INFO] - 	        (1, 0.6640417233117893),
[2024-08-13 11:51:37,248][flwr][INFO] - 	        (2, 0.7961600753429217),
[2024-08-13 11:51:37,248][flwr][INFO] - 	        (3, 0.7847397512077301),
[2024-08-13 11:51:37,248][flwr][INFO] - 	        (4, 0.7581771847116265),
[2024-08-13 11:51:37,248][flwr][INFO] - 	        (5, 0.8211956233608962),
[2024-08-13 11:51:37,248][flwr][INFO] - 	        (6, 0.7811831186882556),
[2024-08-13 11:51:37,248][flwr][INFO] - 	        (7, 0.8318462213744587),
[2024-08-13 11:51:37,248][flwr][INFO] - 	        (8, 0.8116814792226266),
[2024-08-13 11:51:37,248][flwr][INFO] - 	        (9, 0.8304707705795265),
[2024-08-13 11:51:37,248][flwr][INFO] - 	        (10, 0.8211414762525454)],
[2024-08-13 11:51:37,248][flwr][INFO] - 	 'precision': [(0, 0.009604000000000001),
[2024-08-13 11:51:37,248][flwr][INFO] - 	               (1, 0.7686003529899602),
[2024-08-13 11:51:37,248][flwr][INFO] - 	               (2, 0.8088323411286539),
[2024-08-13 11:51:37,249][flwr][INFO] - 	               (3, 0.8169840820949775),
[2024-08-13 11:51:37,249][flwr][INFO] - 	               (4, 0.8120016070775946),
[2024-08-13 11:51:37,249][flwr][INFO] - 	               (5, 0.8320349098946239),
[2024-08-13 11:51:37,249][flwr][INFO] - 	               (6, 0.8256540737794134),
[2024-08-13 11:51:37,249][flwr][INFO] - 	               (7, 0.8395295027303148),
[2024-08-13 11:51:37,249][flwr][INFO] - 	               (8, 0.8372449978387307),
[2024-08-13 11:51:37,249][flwr][INFO] - 	               (9, 0.8396588767557678),
[2024-08-13 11:51:37,249][flwr][INFO] - 	               (10, 0.8428507031620925)],
[2024-08-13 11:51:37,249][flwr][INFO] - 	 'recall': [(0, 0.098),
[2024-08-13 11:51:37,249][flwr][INFO] - 	            (1, 0.6979),
[2024-08-13 11:51:37,249][flwr][INFO] - 	            (2, 0.8013),
[2024-08-13 11:51:37,249][flwr][INFO] - 	            (3, 0.7848),
[2024-08-13 11:51:37,249][flwr][INFO] - 	            (4, 0.7774),
[2024-08-13 11:51:37,249][flwr][INFO] - 	            (5, 0.8215),
[2024-08-13 11:51:37,249][flwr][INFO] - 	            (6, 0.7951),
[2024-08-13 11:51:37,249][flwr][INFO] - 	            (7, 0.8326),
[2024-08-13 11:51:37,249][flwr][INFO] - 	            (8, 0.817),
[2024-08-13 11:51:37,250][flwr][INFO] - 	            (9, 0.8313),
[2024-08-13 11:51:37,250][flwr][INFO] - 	            (10, 0.8241)]}
[2024-08-13 11:51:37,250][flwr][INFO] - 
