[2024-08-13 10:33:14,335][flwr][INFO] - Starting Flower simulation, config: num_rounds=10, no round_timeout
[2024-08-13 10:33:18,358][flwr][INFO] - Flower VCE: Ray initialized with resources: {'accelerator_type:G': 1.0, 'node:127.0.0.1': 1.0, 'memory': 5047394304.0, 'object_store_memory': 2523697152.0, 'CPU': 16.0, 'node:__internal_head__': 1.0, 'GPU': 1.0}
[2024-08-13 10:33:18,359][flwr][INFO] - Optimize your simulation with Flower VCE: https://flower.ai/docs/framework/how-to-run-simulations.html
[2024-08-13 10:33:18,359][flwr][INFO] - Flower VCE: Resources for each Virtual Client: {'num_cpus': 2, 'num_gpus': 0.5}
[2024-08-13 10:33:18,370][flwr][INFO] - Flower VCE: Creating VirtualClientEngineActorPool with 2 actors
[2024-08-13 10:33:18,370][flwr][INFO] - [INIT]
[2024-08-13 10:33:18,370][flwr][INFO] - Requesting initial parameters from one random client
[2024-08-13 10:33:25,920][flwr][INFO] - Received initial parameters from one random client
[2024-08-13 10:33:25,920][flwr][INFO] - Evaluating initial global parameters
[2024-08-13 10:33:28,133][flwr][INFO] - initial parameters (loss, other metrics): 2.3025850929940455, {'accuracy': 0.098, 'precision': 0.009604000000000001, 'recall': 0.098, 'f1': 0.017493624772313296, 'confusion_matrix': array([[ 980,    0,    0,    0,    0,    0,    0,    0,    0,    0],
       [1135,    0,    0,    0,    0,    0,    0,    0,    0,    0],
       [1032,    0,    0,    0,    0,    0,    0,    0,    0,    0],
       [1010,    0,    0,    0,    0,    0,    0,    0,    0,    0],
       [ 982,    0,    0,    0,    0,    0,    0,    0,    0,    0],
       [ 892,    0,    0,    0,    0,    0,    0,    0,    0,    0],
       [ 958,    0,    0,    0,    0,    0,    0,    0,    0,    0],
       [1028,    0,    0,    0,    0,    0,    0,    0,    0,    0],
       [ 974,    0,    0,    0,    0,    0,    0,    0,    0,    0],
       [1009,    0,    0,    0,    0,    0,    0,    0,    0,    0]],
      dtype=int64)}
[2024-08-13 10:33:28,134][flwr][INFO] - 
[2024-08-13 10:33:28,134][flwr][INFO] - [ROUND 1]
[2024-08-13 10:33:28,135][flwr][INFO] - configure_fit: strategy sampled 10 clients (out of 10)
[2024-08-13 10:33:36,702][flwr][INFO] - aggregate_fit: received 10 results and 0 failures
[2024-08-13 10:33:36,705][flwr][WARNING] - No fit_metrics_aggregation_fn provided
[2024-08-13 10:33:38,779][flwr][INFO] - fit progress: (1, 0.8664990130894983, {'accuracy': 0.7311, 'precision': 0.7880476784908611, 'recall': 0.7311, 'f1': 0.6979191025962136, 'confusion_matrix': array([[ 958,    0,    1,    5,    0,    0,    6,    1,    9,    0],
       [   0, 1075,    4,    6,    0,    0,    4,    1,   45,    0],
       [  82,   46,  705,   59,    6,    0,   31,   17,   78,    8],
       [  35,   15,   17,  841,    0,    0,    9,   11,   73,    9],
       [  29,   15,    2,    1,  482,    0,   46,    3,   54,  350],
       [ 239,   69,    1,  245,    4,    5,   31,   22,  225,   51],
       [  92,   20,   12,    2,    3,    0,  812,    1,   16,    0],
       [  28,   52,   15,    2,    2,    0,    2,  835,   49,   43],
       [  46,   15,    5,   96,    1,    0,   14,    9,  770,   18],
       [  48,   20,    6,   13,   10,    0,    3,   36,   45,  828]],
      dtype=int64)}, 10.64478620000591)
[2024-08-13 10:33:38,780][flwr][INFO] - configure_evaluate: no clients selected, skipping evaluation
[2024-08-13 10:33:38,780][flwr][INFO] - 
[2024-08-13 10:33:38,780][flwr][INFO] - [ROUND 2]
[2024-08-13 10:33:38,780][flwr][INFO] - configure_fit: strategy sampled 10 clients (out of 10)
[2024-08-13 10:33:45,093][flwr][INFO] - aggregate_fit: received 10 results and 0 failures
[2024-08-13 10:33:47,168][flwr][INFO] - fit progress: (2, 0.6953250927509534, {'accuracy': 0.8175, 'precision': 0.8258107645700172, 'recall': 0.8175, 'f1': 0.8119605477689512, 'confusion_matrix': array([[ 928,    0,    7,    6,    0,    2,   27,    1,    9,    0],
       [   0, 1082,   33,    5,    0,    0,    5,    1,    9,    0],
       [  31,   34,  839,   35,   21,    0,   27,   17,   27,    1],
       [  10,   14,   34,  876,    0,    4,   10,   19,   27,   16],
       [   7,   13,    7,    0,  846,    0,   33,    3,    8,   65],
       [  46,   57,   18,  197,   33,  419,   41,   32,   22,   27],
       [  38,   18,   22,    1,   11,   14,  853,    1,    0,    0],
       [   9,   46,   39,    0,   14,    0,    3,  883,    5,   29],
       [  25,   33,   29,  113,   11,    8,   21,   15,  684,   35],
       [  30,   19,    9,   14,  106,    1,    2,   53,   10,  765]],
      dtype=int64)}, 19.034573800003272)
[2024-08-13 10:33:47,169][flwr][INFO] - configure_evaluate: no clients selected, skipping evaluation
[2024-08-13 10:33:47,169][flwr][INFO] - 
[2024-08-13 10:33:47,169][flwr][INFO] - [ROUND 3]
[2024-08-13 10:33:47,170][flwr][INFO] - configure_fit: strategy sampled 10 clients (out of 10)
[2024-08-13 10:33:53,511][flwr][INFO] - aggregate_fit: received 10 results and 0 failures
[2024-08-13 10:33:55,664][flwr][INFO] - fit progress: (3, 0.6592456759602301, {'accuracy': 0.8452, 'precision': 0.848334262124974, 'recall': 0.8452, 'f1': 0.8452157408498673, 'confusion_matrix': array([[ 900,    0,    4,    1,    0,   43,   21,    1,   10,    0],
       [   0, 1069,    8,    1,    0,   13,    4,    0,   40,    0],
       [  24,   25,  805,   28,   26,    2,   26,   23,   66,    7],
       [   6,   12,   23,  774,    0,   88,    8,   17,   69,   13],
       [   6,    8,    2,    0,  813,    3,   23,    2,   18,  107],
       [  18,   42,    5,   41,   20,  690,   23,   13,   22,   18],
       [  24,   11,   16,    1,   15,   30,  855,    1,    5,    0],
       [   6,   37,   26,    0,   15,    0,    2,  869,   24,   49],
       [   7,   13,    8,   25,    6,   40,   17,    9,  818,   31],
       [  17,   13,    5,    5,   46,   15,    2,   23,   24,  859]],
      dtype=int64)}, 27.529379300001892)
[2024-08-13 10:33:55,665][flwr][INFO] - configure_evaluate: no clients selected, skipping evaluation
[2024-08-13 10:33:55,665][flwr][INFO] - 
[2024-08-13 10:33:55,665][flwr][INFO] - [ROUND 4]
[2024-08-13 10:33:55,665][flwr][INFO] - configure_fit: strategy sampled 10 clients (out of 10)
[2024-08-13 10:34:01,963][flwr][INFO] - aggregate_fit: received 10 results and 0 failures
[2024-08-13 10:34:04,051][flwr][INFO] - fit progress: (4, 0.6489291210878984, {'accuracy': 0.8268, 'precision': 0.8434109156886891, 'recall': 0.8268, 'f1': 0.8219531506094762, 'confusion_matrix': array([[ 927,    0,    5,   16,    2,    2,   24,    1,    3,    0],
       [   0, 1083,   24,   16,    1,    1,    5,    1,    4,    0],
       [  19,   18,  833,   63,   26,    0,   25,   22,   23,    3],
       [   4,    5,   17,  930,    1,    4,    8,   20,    6,   15],
       [   3,    9,    5,    0,  900,    0,   18,    1,    3,   43],
       [  21,   50,    9,  247,   38,  426,   34,   30,   13,   24],
       [  20,   12,   19,    4,   19,   13,  870,    1,    0,    0],
       [   4,   37,   34,    4,   16,    0,    3,  901,    1,   28],
       [  16,   33,   24,  191,   20,    7,   21,   16,  604,   42],
       [  21,   15,   10,   16,   94,    2,    2,   52,    3,  794]],
      dtype=int64)}, 35.9173371999932)
[2024-08-13 10:34:04,052][flwr][INFO] - configure_evaluate: no clients selected, skipping evaluation
[2024-08-13 10:34:04,052][flwr][INFO] - 
[2024-08-13 10:34:04,052][flwr][INFO] - [ROUND 5]
[2024-08-13 10:34:04,053][flwr][INFO] - configure_fit: strategy sampled 10 clients (out of 10)
[2024-08-13 10:34:10,511][flwr][INFO] - aggregate_fit: received 10 results and 0 failures
[2024-08-13 10:34:12,657][flwr][INFO] - fit progress: (5, 0.6145427512145166, {'accuracy': 0.8597, 'precision': 0.8630522709432614, 'recall': 0.8597, 'f1': 0.8595146924290864, 'confusion_matrix': array([[ 919,    0,    4,    1,    0,   18,   21,    1,   16,    0],
       [   0, 1076,   10,    2,    1,    5,    5,    0,   36,    0],
       [  18,   23,  836,   14,   22,    2,   27,   24,   59,    7],
       [   7,   11,   27,  768,    1,   68,    9,   18,   84,   17],
       [   3,    7,    4,    0,  834,    2,   23,    2,   16,   91],
       [  20,   38,    6,   23,   20,  693,   26,   14,   35,   17],
       [  18,   12,   18,    1,   13,   21,  869,    1,    5,    0],
       [   4,   35,   27,    0,   14,    0,    3,  884,   21,   40],
       [   6,   12,   10,   16,    9,   31,   16,    9,  844,   21],
       [  16,   11,    6,    5,   34,   11,    2,   25,   25,  874]],
      dtype=int64)}, 44.52357160000247)
[2024-08-13 10:34:12,658][flwr][INFO] - configure_evaluate: no clients selected, skipping evaluation
[2024-08-13 10:34:12,658][flwr][INFO] - 
[2024-08-13 10:34:12,659][flwr][INFO] - [ROUND 6]
[2024-08-13 10:34:12,659][flwr][INFO] - configure_fit: strategy sampled 10 clients (out of 10)
[2024-08-13 10:34:19,031][flwr][INFO] - aggregate_fit: received 10 results and 0 failures
[2024-08-13 10:34:21,146][flwr][INFO] - fit progress: (6, 0.6048201027187713, {'accuracy': 0.8499, 'precision': 0.8568893026272716, 'recall': 0.8499, 'f1': 0.8478981210440164, 'confusion_matrix': array([[ 933,    0,    2,   13,    3,   10,   17,    1,    1,    0],
       [   0, 1087,   20,   12,    1,    1,    5,    1,    8,    0],
       [  16,   20,  833,   58,   26,    0,   24,   27,   23,    5],
       [   4,    4,   14,  915,    1,   22,    8,   20,    7,   15],
       [   2,    9,    4,    0,  910,    1,   15,    1,    3,   37],
       [  15,   40,    3,  140,   32,  594,   26,   17,   10,   15],
       [  18,   11,   17,    3,   20,   19,  869,    1,    0,    0],
       [   3,   36,   31,    5,   17,    0,    2,  903,    1,   30],
       [  13,   33,   19,  146,   22,   25,   17,   15,  647,   37],
       [  19,   14,    7,   14,   86,    8,    2,   48,    3,  808]],
      dtype=int64)}, 53.01196990000608)
[2024-08-13 10:34:21,147][flwr][INFO] - configure_evaluate: no clients selected, skipping evaluation
[2024-08-13 10:34:21,147][flwr][INFO] - 
[2024-08-13 10:34:21,147][flwr][INFO] - [ROUND 7]
[2024-08-13 10:34:21,148][flwr][INFO] - configure_fit: strategy sampled 10 clients (out of 10)
[2024-08-13 10:34:27,559][flwr][INFO] - aggregate_fit: received 10 results and 0 failures
[2024-08-13 10:34:29,632][flwr][INFO] - fit progress: (7, 0.5893127191580269, {'accuracy': 0.8678, 'precision': 0.8705320163742788, 'recall': 0.8678, 'f1': 0.8676661899022491, 'confusion_matrix': array([[ 931,    0,    3,    1,    0,   12,   17,    1,   15,    0],
       [   0, 1078,    9,    3,    1,    3,    5,    0,   36,    0],
       [  14,   19,  839,   19,   19,    1,   24,   29,   58,   10],
       [   5,    8,   21,  803,    1,   55,    9,   16,   71,   21],
       [   2,    7,    4,    0,  840,    1,   20,    1,   16,   91],
       [  18,   35,    5,   27,   22,  692,   24,   13,   39,   17],
       [  16,    9,   19,    1,   13,   20,  874,    1,    5,    0],
       [   3,   30,   29,    0,   15,    0,    1,  888,   21,   41],
       [   5,   11,   10,   18,    9,   26,   15,   10,  849,   21],
       [  16,    9,    5,    5,   35,    9,    2,   22,   22,  884]],
      dtype=int64)}, 61.49763040000107)
[2024-08-13 10:34:29,633][flwr][INFO] - configure_evaluate: no clients selected, skipping evaluation
[2024-08-13 10:34:29,633][flwr][INFO] - 
[2024-08-13 10:34:29,633][flwr][INFO] - [ROUND 8]
[2024-08-13 10:34:29,633][flwr][INFO] - configure_fit: strategy sampled 10 clients (out of 10)
[2024-08-13 10:34:36,210][flwr][INFO] - aggregate_fit: received 10 results and 0 failures
[2024-08-13 10:34:38,294][flwr][INFO] - fit progress: (8, 0.5849658627825008, {'accuracy': 0.8568, 'precision': 0.8625822005608971, 'recall': 0.8568, 'f1': 0.854793996916144, 'confusion_matrix': array([[ 938,    0,    1,    9,    2,   13,   15,    1,    1,    0],
       [   0, 1091,   17,   12,    1,    1,    5,    1,    7,    0],
       [  16,   20,  839,   53,   24,    0,   24,   31,   23,    2],
       [   4,    4,   12,  911,    1,   29,    8,   22,    9,   10],
       [   1,    8,    3,    0,  928,    2,   14,    2,    2,   22],
       [  13,   37,    2,  114,   32,  631,   26,   17,    8,   12],
       [  15,    9,   17,    2,   20,   20,  874,    1,    0,    0],
       [   3,   32,   31,    5,   18,    0,    1,  918,    1,   19],
       [  13,   34,   16,  131,   26,   35,   19,   18,  652,   30],
       [  20,   11,    6,   14,   99,   13,    1,   56,    3,  786]],
      dtype=int64)}, 70.16030129999854)
[2024-08-13 10:34:38,295][flwr][INFO] - configure_evaluate: no clients selected, skipping evaluation
[2024-08-13 10:34:38,295][flwr][INFO] - 
[2024-08-13 10:34:38,295][flwr][INFO] - [ROUND 9]
[2024-08-13 10:34:38,296][flwr][INFO] - configure_fit: strategy sampled 10 clients (out of 10)
[2024-08-13 10:34:44,949][flwr][INFO] - aggregate_fit: received 10 results and 0 failures
[2024-08-13 10:34:47,177][flwr][INFO] - fit progress: (9, 0.5680166002448634, {'accuracy': 0.872, 'precision': 0.8737886657886825, 'recall': 0.872, 'f1': 0.8715974726432333, 'confusion_matrix': array([[ 942,    0,    1,    1,    1,    9,   17,    1,    8,    0],
       [   0, 1083,    9,    3,    1,    3,    5,    0,   31,    0],
       [  14,   16,  845,   25,   18,    0,   24,   28,   52,   10],
       [   5,    6,   17,  837,    1,   44,    9,   16,   50,   25],
       [   2,    7,    4,    0,  830,    1,   20,    1,   15,  102],
       [  15,   34,    3,   42,   21,  680,   27,   13,   38,   19],
       [  15,   10,   17,    1,   12,   20,  880,    0,    3,    0],
       [   3,   31,   32,    0,   15,    0,    1,  886,   15,   45],
       [   7,   13,   10,   22,    8,   22,   16,   10,  842,   24],
       [  18,    9,    5,    6,   29,    8,    1,   20,   18,  895]],
      dtype=int64)}, 79.04279219999444)
[2024-08-13 10:34:47,178][flwr][INFO] - configure_evaluate: no clients selected, skipping evaluation
[2024-08-13 10:34:47,178][flwr][INFO] - 
[2024-08-13 10:34:47,178][flwr][INFO] - [ROUND 10]
[2024-08-13 10:34:47,178][flwr][INFO] - configure_fit: strategy sampled 10 clients (out of 10)
[2024-08-13 10:34:53,610][flwr][INFO] - aggregate_fit: received 10 results and 0 failures
[2024-08-13 10:34:55,748][flwr][INFO] - fit progress: (10, 0.5658355903097763, {'accuracy': 0.8654, 'precision': 0.870220552849203, 'recall': 0.8654, 'f1': 0.8637589739841091, 'confusion_matrix': array([[ 943,    0,    1,    6,    2,   11,   14,    1,    2,    0],
       [   0, 1093,   17,    7,    1,    2,    5,    1,    9,    0],
       [  13,   16,  849,   44,   28,    0,   23,   31,   26,    2],
       [   4,    4,   13,  903,    1,   34,    8,   23,   14,    6],
       [   1,    6,    3,    0,  939,    2,   13,    1,    2,   15],
       [  11,   33,    2,   81,   29,  680,   25,   15,   10,    6],
       [  13,    8,   15,    2,   21,   20,  877,    1,    1,    0],
       [   3,   30,   34,    4,   19,    0,    1,  923,    1,   13],
       [  15,   29,   17,   88,   26,   40,   18,   19,  712,   10],
       [  21,   11,    6,   12,  134,   16,    1,   69,    4,  735]],
      dtype=int64)}, 87.61358000000473)
[2024-08-13 10:34:55,749][flwr][INFO] - configure_evaluate: no clients selected, skipping evaluation
[2024-08-13 10:34:55,749][flwr][INFO] - 
[2024-08-13 10:34:55,749][flwr][INFO] - [SUMMARY]
[2024-08-13 10:34:55,749][flwr][INFO] - Run finished 10 round(s) in 87.61s
[2024-08-13 10:34:55,757][flwr][INFO] - 	History (loss, centralized):
[2024-08-13 10:34:55,757][flwr][INFO] - 		round 0: 2.3025850929940455
[2024-08-13 10:34:55,757][flwr][INFO] - 		round 1: 0.8664990130894983
[2024-08-13 10:34:55,757][flwr][INFO] - 		round 2: 0.6953250927509534
[2024-08-13 10:34:55,757][flwr][INFO] - 		round 3: 0.6592456759602301
[2024-08-13 10:34:55,758][flwr][INFO] - 		round 4: 0.6489291210878984
[2024-08-13 10:34:55,758][flwr][INFO] - 		round 5: 0.6145427512145166
[2024-08-13 10:34:55,758][flwr][INFO] - 		round 6: 0.6048201027187713
[2024-08-13 10:34:55,758][flwr][INFO] - 		round 7: 0.5893127191580269
[2024-08-13 10:34:55,758][flwr][INFO] - 		round 8: 0.5849658627825008
[2024-08-13 10:34:55,758][flwr][INFO] - 		round 9: 0.5680166002448634
[2024-08-13 10:34:55,758][flwr][INFO] - 		round 10: 0.5658355903097763
[2024-08-13 10:34:55,758][flwr][INFO] - 	History (metrics, centralized):
[2024-08-13 10:34:55,758][flwr][INFO] - 	{'accuracy': [(0, 0.098),
[2024-08-13 10:34:55,758][flwr][INFO] - 	              (1, 0.7311),
[2024-08-13 10:34:55,758][flwr][INFO] - 	              (2, 0.8175),
[2024-08-13 10:34:55,758][flwr][INFO] - 	              (3, 0.8452),
[2024-08-13 10:34:55,758][flwr][INFO] - 	              (4, 0.8268),
[2024-08-13 10:34:55,758][flwr][INFO] - 	              (5, 0.8597),
[2024-08-13 10:34:55,758][flwr][INFO] - 	              (6, 0.8499),
[2024-08-13 10:34:55,759][flwr][INFO] - 	              (7, 0.8678),
[2024-08-13 10:34:55,759][flwr][INFO] - 	              (8, 0.8568),
[2024-08-13 10:34:55,759][flwr][INFO] - 	              (9, 0.872),
[2024-08-13 10:34:55,759][flwr][INFO] - 	              (10, 0.8654)],
[2024-08-13 10:34:55,759][flwr][INFO] - 	 'confusion_matrix': [(0,
[2024-08-13 10:34:55,759][flwr][INFO] - 	                       array([[ 980,    0,    0,    0,    0,    0,    0,    0,    0,    0],
[2024-08-13 10:34:55,759][flwr][INFO] - 	       [1135,    0,    0,    0,    0,    0,    0,    0,    0,    0],
[2024-08-13 10:34:55,759][flwr][INFO] - 	       [1032,    0,    0,    0,    0,    0,    0,    0,    0,    0],
[2024-08-13 10:34:55,759][flwr][INFO] - 	       [1010,    0,    0,    0,    0,    0,    0,    0,    0,    0],
[2024-08-13 10:34:55,759][flwr][INFO] - 	       [ 982,    0,    0,    0,    0,    0,    0,    0,    0,    0],
[2024-08-13 10:34:55,759][flwr][INFO] - 	       [ 892,    0,    0,    0,    0,    0,    0,    0,    0,    0],
[2024-08-13 10:34:55,759][flwr][INFO] - 	       [ 958,    0,    0,    0,    0,    0,    0,    0,    0,    0],
[2024-08-13 10:34:55,759][flwr][INFO] - 	       [1028,    0,    0,    0,    0,    0,    0,    0,    0,    0],
[2024-08-13 10:34:55,759][flwr][INFO] - 	       [ 974,    0,    0,    0,    0,    0,    0,    0,    0,    0],
[2024-08-13 10:34:55,759][flwr][INFO] - 	       [1009,    0,    0,    0,    0,    0,    0,    0,    0,    0]],
[2024-08-13 10:34:55,759][flwr][INFO] - 	      dtype=int64)),
[2024-08-13 10:34:55,759][flwr][INFO] - 	                      (1,
[2024-08-13 10:34:55,759][flwr][INFO] - 	                       array([[ 958,    0,    1,    5,    0,    0,    6,    1,    9,    0],
[2024-08-13 10:34:55,760][flwr][INFO] - 	       [   0, 1075,    4,    6,    0,    0,    4,    1,   45,    0],
[2024-08-13 10:34:55,760][flwr][INFO] - 	       [  82,   46,  705,   59,    6,    0,   31,   17,   78,    8],
[2024-08-13 10:34:55,760][flwr][INFO] - 	       [  35,   15,   17,  841,    0,    0,    9,   11,   73,    9],
[2024-08-13 10:34:55,760][flwr][INFO] - 	       [  29,   15,    2,    1,  482,    0,   46,    3,   54,  350],
[2024-08-13 10:34:55,760][flwr][INFO] - 	       [ 239,   69,    1,  245,    4,    5,   31,   22,  225,   51],
[2024-08-13 10:34:55,760][flwr][INFO] - 	       [  92,   20,   12,    2,    3,    0,  812,    1,   16,    0],
[2024-08-13 10:34:55,760][flwr][INFO] - 	       [  28,   52,   15,    2,    2,    0,    2,  835,   49,   43],
[2024-08-13 10:34:55,760][flwr][INFO] - 	       [  46,   15,    5,   96,    1,    0,   14,    9,  770,   18],
[2024-08-13 10:34:55,760][flwr][INFO] - 	       [  48,   20,    6,   13,   10,    0,    3,   36,   45,  828]],
[2024-08-13 10:34:55,760][flwr][INFO] - 	      dtype=int64)),
[2024-08-13 10:34:55,760][flwr][INFO] - 	                      (2,
[2024-08-13 10:34:55,760][flwr][INFO] - 	                       array([[ 928,    0,    7,    6,    0,    2,   27,    1,    9,    0],
[2024-08-13 10:34:55,760][flwr][INFO] - 	       [   0, 1082,   33,    5,    0,    0,    5,    1,    9,    0],
[2024-08-13 10:34:55,760][flwr][INFO] - 	       [  31,   34,  839,   35,   21,    0,   27,   17,   27,    1],
[2024-08-13 10:34:55,760][flwr][INFO] - 	       [  10,   14,   34,  876,    0,    4,   10,   19,   27,   16],
[2024-08-13 10:34:55,760][flwr][INFO] - 	       [   7,   13,    7,    0,  846,    0,   33,    3,    8,   65],
[2024-08-13 10:34:55,760][flwr][INFO] - 	       [  46,   57,   18,  197,   33,  419,   41,   32,   22,   27],
[2024-08-13 10:34:55,761][flwr][INFO] - 	       [  38,   18,   22,    1,   11,   14,  853,    1,    0,    0],
[2024-08-13 10:34:55,761][flwr][INFO] - 	       [   9,   46,   39,    0,   14,    0,    3,  883,    5,   29],
[2024-08-13 10:34:55,761][flwr][INFO] - 	       [  25,   33,   29,  113,   11,    8,   21,   15,  684,   35],
[2024-08-13 10:34:55,761][flwr][INFO] - 	       [  30,   19,    9,   14,  106,    1,    2,   53,   10,  765]],
[2024-08-13 10:34:55,761][flwr][INFO] - 	      dtype=int64)),
[2024-08-13 10:34:55,761][flwr][INFO] - 	                      (3,
[2024-08-13 10:34:55,761][flwr][INFO] - 	                       array([[ 900,    0,    4,    1,    0,   43,   21,    1,   10,    0],
[2024-08-13 10:34:55,761][flwr][INFO] - 	       [   0, 1069,    8,    1,    0,   13,    4,    0,   40,    0],
[2024-08-13 10:34:55,761][flwr][INFO] - 	       [  24,   25,  805,   28,   26,    2,   26,   23,   66,    7],
[2024-08-13 10:34:55,761][flwr][INFO] - 	       [   6,   12,   23,  774,    0,   88,    8,   17,   69,   13],
[2024-08-13 10:34:55,761][flwr][INFO] - 	       [   6,    8,    2,    0,  813,    3,   23,    2,   18,  107],
[2024-08-13 10:34:55,761][flwr][INFO] - 	       [  18,   42,    5,   41,   20,  690,   23,   13,   22,   18],
[2024-08-13 10:34:55,761][flwr][INFO] - 	       [  24,   11,   16,    1,   15,   30,  855,    1,    5,    0],
[2024-08-13 10:34:55,761][flwr][INFO] - 	       [   6,   37,   26,    0,   15,    0,    2,  869,   24,   49],
[2024-08-13 10:34:55,761][flwr][INFO] - 	       [   7,   13,    8,   25,    6,   40,   17,    9,  818,   31],
[2024-08-13 10:34:55,761][flwr][INFO] - 	       [  17,   13,    5,    5,   46,   15,    2,   23,   24,  859]],
[2024-08-13 10:34:55,762][flwr][INFO] - 	      dtype=int64)),
[2024-08-13 10:34:55,762][flwr][INFO] - 	                      (4,
[2024-08-13 10:34:55,762][flwr][INFO] - 	                       array([[ 927,    0,    5,   16,    2,    2,   24,    1,    3,    0],
[2024-08-13 10:34:55,762][flwr][INFO] - 	       [   0, 1083,   24,   16,    1,    1,    5,    1,    4,    0],
[2024-08-13 10:34:55,762][flwr][INFO] - 	       [  19,   18,  833,   63,   26,    0,   25,   22,   23,    3],
[2024-08-13 10:34:55,762][flwr][INFO] - 	       [   4,    5,   17,  930,    1,    4,    8,   20,    6,   15],
[2024-08-13 10:34:55,762][flwr][INFO] - 	       [   3,    9,    5,    0,  900,    0,   18,    1,    3,   43],
[2024-08-13 10:34:55,762][flwr][INFO] - 	       [  21,   50,    9,  247,   38,  426,   34,   30,   13,   24],
[2024-08-13 10:34:55,762][flwr][INFO] - 	       [  20,   12,   19,    4,   19,   13,  870,    1,    0,    0],
[2024-08-13 10:34:55,762][flwr][INFO] - 	       [   4,   37,   34,    4,   16,    0,    3,  901,    1,   28],
[2024-08-13 10:34:55,762][flwr][INFO] - 	       [  16,   33,   24,  191,   20,    7,   21,   16,  604,   42],
[2024-08-13 10:34:55,762][flwr][INFO] - 	       [  21,   15,   10,   16,   94,    2,    2,   52,    3,  794]],
[2024-08-13 10:34:55,762][flwr][INFO] - 	      dtype=int64)),
[2024-08-13 10:34:55,762][flwr][INFO] - 	                      (5,
[2024-08-13 10:34:55,762][flwr][INFO] - 	                       array([[ 919,    0,    4,    1,    0,   18,   21,    1,   16,    0],
[2024-08-13 10:34:55,762][flwr][INFO] - 	       [   0, 1076,   10,    2,    1,    5,    5,    0,   36,    0],
[2024-08-13 10:34:55,762][flwr][INFO] - 	       [  18,   23,  836,   14,   22,    2,   27,   24,   59,    7],
[2024-08-13 10:34:55,762][flwr][INFO] - 	       [   7,   11,   27,  768,    1,   68,    9,   18,   84,   17],
[2024-08-13 10:34:55,763][flwr][INFO] - 	       [   3,    7,    4,    0,  834,    2,   23,    2,   16,   91],
[2024-08-13 10:34:55,763][flwr][INFO] - 	       [  20,   38,    6,   23,   20,  693,   26,   14,   35,   17],
[2024-08-13 10:34:55,763][flwr][INFO] - 	       [  18,   12,   18,    1,   13,   21,  869,    1,    5,    0],
[2024-08-13 10:34:55,763][flwr][INFO] - 	       [   4,   35,   27,    0,   14,    0,    3,  884,   21,   40],
[2024-08-13 10:34:55,763][flwr][INFO] - 	       [   6,   12,   10,   16,    9,   31,   16,    9,  844,   21],
[2024-08-13 10:34:55,763][flwr][INFO] - 	       [  16,   11,    6,    5,   34,   11,    2,   25,   25,  874]],
[2024-08-13 10:34:55,763][flwr][INFO] - 	      dtype=int64)),
[2024-08-13 10:34:55,763][flwr][INFO] - 	                      (6,
[2024-08-13 10:34:55,763][flwr][INFO] - 	                       array([[ 933,    0,    2,   13,    3,   10,   17,    1,    1,    0],
[2024-08-13 10:34:55,763][flwr][INFO] - 	       [   0, 1087,   20,   12,    1,    1,    5,    1,    8,    0],
[2024-08-13 10:34:55,763][flwr][INFO] - 	       [  16,   20,  833,   58,   26,    0,   24,   27,   23,    5],
[2024-08-13 10:34:55,763][flwr][INFO] - 	       [   4,    4,   14,  915,    1,   22,    8,   20,    7,   15],
[2024-08-13 10:34:55,763][flwr][INFO] - 	       [   2,    9,    4,    0,  910,    1,   15,    1,    3,   37],
[2024-08-13 10:34:55,763][flwr][INFO] - 	       [  15,   40,    3,  140,   32,  594,   26,   17,   10,   15],
[2024-08-13 10:34:55,763][flwr][INFO] - 	       [  18,   11,   17,    3,   20,   19,  869,    1,    0,    0],
[2024-08-13 10:34:55,763][flwr][INFO] - 	       [   3,   36,   31,    5,   17,    0,    2,  903,    1,   30],
[2024-08-13 10:34:55,764][flwr][INFO] - 	       [  13,   33,   19,  146,   22,   25,   17,   15,  647,   37],
[2024-08-13 10:34:55,764][flwr][INFO] - 	       [  19,   14,    7,   14,   86,    8,    2,   48,    3,  808]],
[2024-08-13 10:34:55,764][flwr][INFO] - 	      dtype=int64)),
[2024-08-13 10:34:55,764][flwr][INFO] - 	                      (7,
[2024-08-13 10:34:55,764][flwr][INFO] - 	                       array([[ 931,    0,    3,    1,    0,   12,   17,    1,   15,    0],
[2024-08-13 10:34:55,764][flwr][INFO] - 	       [   0, 1078,    9,    3,    1,    3,    5,    0,   36,    0],
[2024-08-13 10:34:55,764][flwr][INFO] - 	       [  14,   19,  839,   19,   19,    1,   24,   29,   58,   10],
[2024-08-13 10:34:55,764][flwr][INFO] - 	       [   5,    8,   21,  803,    1,   55,    9,   16,   71,   21],
[2024-08-13 10:34:55,764][flwr][INFO] - 	       [   2,    7,    4,    0,  840,    1,   20,    1,   16,   91],
[2024-08-13 10:34:55,764][flwr][INFO] - 	       [  18,   35,    5,   27,   22,  692,   24,   13,   39,   17],
[2024-08-13 10:34:55,764][flwr][INFO] - 	       [  16,    9,   19,    1,   13,   20,  874,    1,    5,    0],
[2024-08-13 10:34:55,764][flwr][INFO] - 	       [   3,   30,   29,    0,   15,    0,    1,  888,   21,   41],
[2024-08-13 10:34:55,764][flwr][INFO] - 	       [   5,   11,   10,   18,    9,   26,   15,   10,  849,   21],
[2024-08-13 10:34:55,764][flwr][INFO] - 	       [  16,    9,    5,    5,   35,    9,    2,   22,   22,  884]],
[2024-08-13 10:34:55,764][flwr][INFO] - 	      dtype=int64)),
[2024-08-13 10:34:55,764][flwr][INFO] - 	                      (8,
[2024-08-13 10:34:55,764][flwr][INFO] - 	                       array([[ 938,    0,    1,    9,    2,   13,   15,    1,    1,    0],
[2024-08-13 10:34:55,764][flwr][INFO] - 	       [   0, 1091,   17,   12,    1,    1,    5,    1,    7,    0],
[2024-08-13 10:34:55,765][flwr][INFO] - 	       [  16,   20,  839,   53,   24,    0,   24,   31,   23,    2],
[2024-08-13 10:34:55,765][flwr][INFO] - 	       [   4,    4,   12,  911,    1,   29,    8,   22,    9,   10],
[2024-08-13 10:34:55,765][flwr][INFO] - 	       [   1,    8,    3,    0,  928,    2,   14,    2,    2,   22],
[2024-08-13 10:34:55,765][flwr][INFO] - 	       [  13,   37,    2,  114,   32,  631,   26,   17,    8,   12],
[2024-08-13 10:34:55,765][flwr][INFO] - 	       [  15,    9,   17,    2,   20,   20,  874,    1,    0,    0],
[2024-08-13 10:34:55,765][flwr][INFO] - 	       [   3,   32,   31,    5,   18,    0,    1,  918,    1,   19],
[2024-08-13 10:34:55,765][flwr][INFO] - 	       [  13,   34,   16,  131,   26,   35,   19,   18,  652,   30],
[2024-08-13 10:34:55,765][flwr][INFO] - 	       [  20,   11,    6,   14,   99,   13,    1,   56,    3,  786]],
[2024-08-13 10:34:55,765][flwr][INFO] - 	      dtype=int64)),
[2024-08-13 10:34:55,765][flwr][INFO] - 	                      (9,
[2024-08-13 10:34:55,765][flwr][INFO] - 	                       array([[ 942,    0,    1,    1,    1,    9,   17,    1,    8,    0],
[2024-08-13 10:34:55,765][flwr][INFO] - 	       [   0, 1083,    9,    3,    1,    3,    5,    0,   31,    0],
[2024-08-13 10:34:55,765][flwr][INFO] - 	       [  14,   16,  845,   25,   18,    0,   24,   28,   52,   10],
[2024-08-13 10:34:55,765][flwr][INFO] - 	       [   5,    6,   17,  837,    1,   44,    9,   16,   50,   25],
[2024-08-13 10:34:55,765][flwr][INFO] - 	       [   2,    7,    4,    0,  830,    1,   20,    1,   15,  102],
[2024-08-13 10:34:55,765][flwr][INFO] - 	       [  15,   34,    3,   42,   21,  680,   27,   13,   38,   19],
[2024-08-13 10:34:55,766][flwr][INFO] - 	       [  15,   10,   17,    1,   12,   20,  880,    0,    3,    0],
[2024-08-13 10:34:55,766][flwr][INFO] - 	       [   3,   31,   32,    0,   15,    0,    1,  886,   15,   45],
[2024-08-13 10:34:55,766][flwr][INFO] - 	       [   7,   13,   10,   22,    8,   22,   16,   10,  842,   24],
[2024-08-13 10:34:55,766][flwr][INFO] - 	       [  18,    9,    5,    6,   29,    8,    1,   20,   18,  895]],
[2024-08-13 10:34:55,766][flwr][INFO] - 	      dtype=int64)),
[2024-08-13 10:34:55,766][flwr][INFO] - 	                      (10,
[2024-08-13 10:34:55,766][flwr][INFO] - 	                       array([[ 943,    0,    1,    6,    2,   11,   14,    1,    2,    0],
[2024-08-13 10:34:55,766][flwr][INFO] - 	       [   0, 1093,   17,    7,    1,    2,    5,    1,    9,    0],
[2024-08-13 10:34:55,766][flwr][INFO] - 	       [  13,   16,  849,   44,   28,    0,   23,   31,   26,    2],
[2024-08-13 10:34:55,766][flwr][INFO] - 	       [   4,    4,   13,  903,    1,   34,    8,   23,   14,    6],
[2024-08-13 10:34:55,766][flwr][INFO] - 	       [   1,    6,    3,    0,  939,    2,   13,    1,    2,   15],
[2024-08-13 10:34:55,766][flwr][INFO] - 	       [  11,   33,    2,   81,   29,  680,   25,   15,   10,    6],
[2024-08-13 10:34:55,766][flwr][INFO] - 	       [  13,    8,   15,    2,   21,   20,  877,    1,    1,    0],
[2024-08-13 10:34:55,766][flwr][INFO] - 	       [   3,   30,   34,    4,   19,    0,    1,  923,    1,   13],
[2024-08-13 10:34:55,766][flwr][INFO] - 	       [  15,   29,   17,   88,   26,   40,   18,   19,  712,   10],
[2024-08-13 10:34:55,766][flwr][INFO] - 	       [  21,   11,    6,   12,  134,   16,    1,   69,    4,  735]],
[2024-08-13 10:34:55,766][flwr][INFO] - 	      dtype=int64))],
[2024-08-13 10:34:55,767][flwr][INFO] - 	 'f1': [(0, 0.017493624772313296),
[2024-08-13 10:34:55,767][flwr][INFO] - 	        (1, 0.6979191025962136),
[2024-08-13 10:34:55,767][flwr][INFO] - 	        (2, 0.8119605477689512),
[2024-08-13 10:34:55,767][flwr][INFO] - 	        (3, 0.8452157408498673),
[2024-08-13 10:34:55,767][flwr][INFO] - 	        (4, 0.8219531506094762),
[2024-08-13 10:34:55,767][flwr][INFO] - 	        (5, 0.8595146924290864),
[2024-08-13 10:34:55,767][flwr][INFO] - 	        (6, 0.8478981210440164),
[2024-08-13 10:34:55,767][flwr][INFO] - 	        (7, 0.8676661899022491),
[2024-08-13 10:34:55,767][flwr][INFO] - 	        (8, 0.854793996916144),
[2024-08-13 10:34:55,767][flwr][INFO] - 	        (9, 0.8715974726432333),
[2024-08-13 10:34:55,767][flwr][INFO] - 	        (10, 0.8637589739841091)],
[2024-08-13 10:34:55,767][flwr][INFO] - 	 'precision': [(0, 0.009604000000000001),
[2024-08-13 10:34:55,767][flwr][INFO] - 	               (1, 0.7880476784908611),
[2024-08-13 10:34:55,767][flwr][INFO] - 	               (2, 0.8258107645700172),
[2024-08-13 10:34:55,767][flwr][INFO] - 	               (3, 0.848334262124974),
[2024-08-13 10:34:55,767][flwr][INFO] - 	               (4, 0.8434109156886891),
[2024-08-13 10:34:55,767][flwr][INFO] - 	               (5, 0.8630522709432614),
[2024-08-13 10:34:55,767][flwr][INFO] - 	               (6, 0.8568893026272716),
[2024-08-13 10:34:55,768][flwr][INFO] - 	               (7, 0.8705320163742788),
[2024-08-13 10:34:55,768][flwr][INFO] - 	               (8, 0.8625822005608971),
[2024-08-13 10:34:55,768][flwr][INFO] - 	               (9, 0.8737886657886825),
[2024-08-13 10:34:55,768][flwr][INFO] - 	               (10, 0.870220552849203)],
[2024-08-13 10:34:55,768][flwr][INFO] - 	 'recall': [(0, 0.098),
[2024-08-13 10:34:55,768][flwr][INFO] - 	            (1, 0.7311),
[2024-08-13 10:34:55,768][flwr][INFO] - 	            (2, 0.8175),
[2024-08-13 10:34:55,768][flwr][INFO] - 	            (3, 0.8452),
[2024-08-13 10:34:55,768][flwr][INFO] - 	            (4, 0.8268),
[2024-08-13 10:34:55,768][flwr][INFO] - 	            (5, 0.8597),
[2024-08-13 10:34:55,768][flwr][INFO] - 	            (6, 0.8499),
[2024-08-13 10:34:55,768][flwr][INFO] - 	            (7, 0.8678),
[2024-08-13 10:34:55,768][flwr][INFO] - 	            (8, 0.8568),
[2024-08-13 10:34:55,768][flwr][INFO] - 	            (9, 0.872),
[2024-08-13 10:34:55,768][flwr][INFO] - 	            (10, 0.8654)]}
[2024-08-13 10:34:55,768][flwr][INFO] - 
