[2024-08-13 12:44:06,372][flwr][INFO] - Starting Flower simulation, config: num_rounds=10, no round_timeout
[2024-08-13 12:44:10,409][flwr][INFO] - Flower VCE: Ray initialized with resources: {'memory': 5010306663.0, 'node:127.0.0.1': 1.0, 'object_store_memory': 2505153331.0, 'CPU': 16.0, 'node:__internal_head__': 1.0, 'accelerator_type:G': 1.0, 'GPU': 1.0}
[2024-08-13 12:44:10,409][flwr][INFO] - Optimize your simulation with Flower VCE: https://flower.ai/docs/framework/how-to-run-simulations.html
[2024-08-13 12:44:10,409][flwr][INFO] - Flower VCE: Resources for each Virtual Client: {'num_cpus': 2, 'num_gpus': 0.5}
[2024-08-13 12:44:10,421][flwr][INFO] - Flower VCE: Creating VirtualClientEngineActorPool with 2 actors
[2024-08-13 12:44:10,421][flwr][INFO] - [INIT]
[2024-08-13 12:44:10,421][flwr][INFO] - Requesting initial parameters from one random client
[2024-08-13 12:44:18,009][flwr][INFO] - Received initial parameters from one random client
[2024-08-13 12:44:18,009][flwr][INFO] - Evaluating initial global parameters
[2024-08-13 12:44:20,250][flwr][INFO] - initial parameters (loss, other metrics): 2.3025850929940455, {'accuracy': 0.098, 'precision': 0.009604000000000001, 'recall': 0.098, 'f1': 0.017493624772313296, 'confusion_matrix': array([[ 980,    0,    0,    0,    0,    0,    0,    0,    0,    0],
       [1135,    0,    0,    0,    0,    0,    0,    0,    0,    0],
       [1032,    0,    0,    0,    0,    0,    0,    0,    0,    0],
       [1010,    0,    0,    0,    0,    0,    0,    0,    0,    0],
       [ 982,    0,    0,    0,    0,    0,    0,    0,    0,    0],
       [ 892,    0,    0,    0,    0,    0,    0,    0,    0,    0],
       [ 958,    0,    0,    0,    0,    0,    0,    0,    0,    0],
       [1028,    0,    0,    0,    0,    0,    0,    0,    0,    0],
       [ 974,    0,    0,    0,    0,    0,    0,    0,    0,    0],
       [1009,    0,    0,    0,    0,    0,    0,    0,    0,    0]],
      dtype=int64)}
[2024-08-13 12:44:20,251][flwr][INFO] - 
[2024-08-13 12:44:20,251][flwr][INFO] - [ROUND 1]
[2024-08-13 12:44:20,251][flwr][INFO] - configure_fit: strategy sampled 10 clients (out of 10)
[2024-08-13 12:44:28,786][flwr][INFO] - aggregate_fit: received 10 results and 0 failures
[2024-08-13 12:44:28,789][flwr][WARNING] - No fit_metrics_aggregation_fn provided
[2024-08-13 12:44:30,857][flwr][INFO] - fit progress: (1, 0.9139133884011409, {'accuracy': 0.7103, 'precision': 0.7832252408442719, 'recall': 0.7103, 'f1': 0.6771512900677522, 'confusion_matrix': array([[ 957,    0,    1,    5,    0,    0,    6,    1,   10,    0],
       [   0, 1051,   30,    6,    0,    0,    4,    1,   43,    0],
       [  91,   20,  698,   95,    5,    0,   20,   15,   75,   13],
       [  30,    9,   14,  846,    0,    0,    9,    9,   82,   11],
       [  45,    9,    3,    1,  366,    0,   28,    4,   67,  459],
       [ 270,   59,    7,  225,    4,    5,   27,   14,  227,   54],
       [ 112,   13,   14,    3,    2,    0,  795,    2,   17,    0],
       [  36,   35,   14,    3,    2,    0,    1,  775,   93,   69],
       [  51,    8,    4,  103,    1,    0,   13,    5,  769,   20],
       [  59,    8,    2,   10,    7,    0,    1,   15,   66,  841]],
      dtype=int64)}, 10.605845099998987)
[2024-08-13 12:44:30,858][flwr][INFO] - configure_evaluate: no clients selected, skipping evaluation
[2024-08-13 12:44:30,858][flwr][INFO] - 
[2024-08-13 12:44:30,858][flwr][INFO] - [ROUND 2]
[2024-08-13 12:44:30,858][flwr][INFO] - configure_fit: strategy sampled 10 clients (out of 10)
[2024-08-13 12:44:37,242][flwr][INFO] - aggregate_fit: received 10 results and 0 failures
[2024-08-13 12:44:39,312][flwr][INFO] - fit progress: (2, 0.7270405257959179, {'accuracy': 0.8137, 'precision': 0.8220780380998224, 'recall': 0.8137, 'f1': 0.8081454548052679, 'confusion_matrix': array([[ 931,    0,    4,    5,    0,    2,   27,    2,    9,    0],
       [   0, 1060,   52,    8,    1,    1,    5,    1,    6,    1],
       [  29,   18,  849,   42,   19,    0,   24,   25,   24,    2],
       [   9,   12,   29,  875,    2,    7,   10,   17,   32,   17],
       [  10,    9,    6,    0,  856,    0,   33,    5,    8,   55],
       [  54,   59,   21,  193,   25,  420,   43,   29,   23,   25],
       [  39,   15,   27,    1,   11,   10,  853,    1,    1,    0],
       [  13,   39,   45,    0,   13,    0,    3,  884,   10,   21],
       [  28,   24,   32,  126,   16,    8,   22,   13,  670,   35],
       [  32,   15,    6,   12,  110,    2,    1,   75,   17,  739]],
      dtype=int64)}, 19.06163209999795)
[2024-08-13 12:44:39,313][flwr][INFO] - configure_evaluate: no clients selected, skipping evaluation
[2024-08-13 12:44:39,313][flwr][INFO] - 
[2024-08-13 12:44:39,313][flwr][INFO] - [ROUND 3]
[2024-08-13 12:44:39,314][flwr][INFO] - configure_fit: strategy sampled 10 clients (out of 10)
[2024-08-13 12:44:45,897][flwr][INFO] - aggregate_fit: received 10 results and 0 failures
[2024-08-13 12:44:48,037][flwr][INFO] - fit progress: (3, 0.7034519934945375, {'accuracy': 0.838, 'precision': 0.8396919988380298, 'recall': 0.838, 'f1': 0.837647825989465, 'confusion_matrix': array([[ 899,    0,    3,    1,    0,   34,   30,    1,   12,    0],
       [   0, 1069,   31,    1,    1,    9,    4,    0,   19,    1],
       [  19,   21,  822,   37,   19,    1,   26,   25,   54,    8],
       [   5,   11,   21,  794,    2,   59,    8,   15,   78,   17],
       [   7,    7,    2,    0,  792,    4,   25,    3,   19,  123],
       [  24,   49,    8,   63,   12,  653,   27,   15,   23,   18],
       [  24,   13,   20,    1,   13,   21,  862,    1,    3,    0],
       [  10,   37,   30,    0,   14,    0,    2,  846,   41,   48],
       [   7,   17,   10,   44,    9,   43,   18,    7,  780,   39],
       [  21,   10,    4,    5,   45,   15,    2,   22,   22,  863]],
      dtype=int64)}, 27.78544390000752)
[2024-08-13 12:44:48,038][flwr][INFO] - configure_evaluate: no clients selected, skipping evaluation
[2024-08-13 12:44:48,038][flwr][INFO] - 
[2024-08-13 12:44:48,038][flwr][INFO] - [ROUND 4]
[2024-08-13 12:44:48,038][flwr][INFO] - configure_fit: strategy sampled 10 clients (out of 10)
[2024-08-13 12:44:54,547][flwr][INFO] - aggregate_fit: received 10 results and 0 failures
[2024-08-13 12:44:56,616][flwr][INFO] - fit progress: (4, 0.7068551278966166, {'accuracy': 0.8256, 'precision': 0.8375352031596053, 'recall': 0.8256, 'f1': 0.8216589113468019, 'confusion_matrix': array([[ 923,    0,    4,   10,    2,    5,   28,    2,    6,    0],
       [   0, 1072,   35,   15,    1,    2,    5,    1,    4,    0],
       [  16,    8,  834,   66,   29,    0,   19,   34,   25,    1],
       [   2,    4,   15,  908,    4,   12,    8,   20,   22,   15],
       [   6,    5,    2,    0,  927,    1,   16,    7,    4,   14],
       [  20,   56,   10,  167,   40,  502,   35,   31,   14,   17],
       [  16,   13,   23,    3,   26,   12,  861,    4,    0,    0],
       [   4,   29,   41,    3,   21,    0,    1,  913,    6,   10],
       [  16,   31,   22,  144,   36,   13,   21,   18,  644,   29],
       [  24,   12,    3,   12,  175,    7,    1,   97,    6,  672]],
      dtype=int64)}, 36.36460850000731)
[2024-08-13 12:44:56,617][flwr][INFO] - configure_evaluate: no clients selected, skipping evaluation
[2024-08-13 12:44:56,617][flwr][INFO] - 
[2024-08-13 12:44:56,617][flwr][INFO] - [ROUND 5]
[2024-08-13 12:44:56,617][flwr][INFO] - configure_fit: strategy sampled 10 clients (out of 10)
[2024-08-13 12:45:03,210][flwr][INFO] - aggregate_fit: received 10 results and 0 failures
[2024-08-13 12:45:05,304][flwr][INFO] - fit progress: (5, 0.6943685147602362, {'accuracy': 0.8455, 'precision': 0.850752420212474, 'recall': 0.8455, 'f1': 0.8454062622481482, 'confusion_matrix': array([[ 918,    1,    3,    1,    0,   17,   25,    1,   14,    0],
       [   0, 1070,   27,    2,    1,    5,    5,    1,   23,    1],
       [  14,   12,  841,   30,   13,    2,   25,   24,   57,   14],
       [   5,    8,   21,  784,    3,   55,   12,   14,   76,   32],
       [   5,    7,    2,    0,  750,    2,   28,    3,   20,  165],
       [  15,   47,    6,   46,   10,  660,   32,   13,   41,   22],
       [  16,   13,   21,    1,    8,   19,  874,    4,    2,    0],
       [   7,   34,   33,    0,   13,    0,    1,  846,   35,   59],
       [   6,   17,   13,   26,    7,   33,   17,    6,  810,   39],
       [  18,    7,    5,    5,   22,   11,    2,   17,   20,  902]],
      dtype=int64)}, 45.053127599996515)
[2024-08-13 12:45:05,305][flwr][INFO] - configure_evaluate: no clients selected, skipping evaluation
[2024-08-13 12:45:05,305][flwr][INFO] - 
[2024-08-13 12:45:05,305][flwr][INFO] - [ROUND 6]
[2024-08-13 12:45:05,305][flwr][INFO] - configure_fit: strategy sampled 10 clients (out of 10)
[2024-08-13 12:45:11,852][flwr][INFO] - aggregate_fit: received 10 results and 0 failures
[2024-08-13 12:45:13,927][flwr][INFO] - fit progress: (6, 0.6907585226950641, {'accuracy': 0.8435, 'precision': 0.8492869296427774, 'recall': 0.8435, 'f1': 0.8410806306671998, 'confusion_matrix': array([[ 932,    1,    1,    5,    2,    9,   22,    2,    6,    0],
       [   0, 1080,   26,    9,    1,    4,    5,    1,    9,    0],
       [  14,   13,  825,   58,   28,    0,   20,   35,   38,    1],
       [   2,    5,   12,  890,    5,   24,   10,   19,   31,   12],
       [   4,    5,    1,    0,  929,    2,   17,    7,    4,   13],
       [  15,   51,    7,  103,   31,  611,   33,   20,   14,    7],
       [  14,   13,   20,    2,   23,   16,  864,    5,    1,    0],
       [   6,   33,   33,    4,   21,    0,    1,  912,    9,    9],
       [  15,   36,   17,   96,   29,   29,   21,   16,  702,   13],
       [  25,   12,    3,    9,  153,   16,    1,   89,   11,  690]],
      dtype=int64)}, 53.67615480000677)
[2024-08-13 12:45:13,928][flwr][INFO] - configure_evaluate: no clients selected, skipping evaluation
[2024-08-13 12:45:13,928][flwr][INFO] - 
[2024-08-13 12:45:13,928][flwr][INFO] - [ROUND 7]
[2024-08-13 12:45:13,928][flwr][INFO] - configure_fit: strategy sampled 10 clients (out of 10)
[2024-08-13 12:45:20,515][flwr][INFO] - aggregate_fit: received 10 results and 0 failures
[2024-08-13 12:45:22,589][flwr][INFO] - fit progress: (7, 0.6838553869015818, {'accuracy': 0.8508, 'precision': 0.8558137517711973, 'recall': 0.8508, 'f1': 0.8505639421326033, 'confusion_matrix': array([[ 930,    1,    3,    1,    1,   10,   24,    1,    9,    0],
       [   0, 1074,   24,    2,    1,    4,    5,    1,   23,    1],
       [  12,   14,  841,   34,   11,    2,   25,   26,   53,   14],
       [   6,    6,   18,  825,    2,   40,   13,   15,   49,   36],
       [   4,    5,    3,    0,  760,    0,   24,    3,   18,  165],
       [  13,   46,    5,   59,   10,  649,   36,   13,   35,   26],
       [  14,   14,   21,    1,    9,   16,  876,    6,    1,    0],
       [   8,   32,   35,    0,   14,    0,    1,  845,   30,   63],
       [   9,   18,   13,   29,    7,   25,   18,    5,  800,   50],
       [  21,    7,    5,    5,   21,    8,    1,   16,   17,  908]],
      dtype=int64)}, 62.33710109999811)
[2024-08-13 12:45:22,589][flwr][INFO] - configure_evaluate: no clients selected, skipping evaluation
[2024-08-13 12:45:22,590][flwr][INFO] - 
[2024-08-13 12:45:22,590][flwr][INFO] - [ROUND 8]
[2024-08-13 12:45:22,590][flwr][INFO] - configure_fit: strategy sampled 10 clients (out of 10)
[2024-08-13 12:45:29,275][flwr][INFO] - aggregate_fit: received 10 results and 0 failures
[2024-08-13 12:45:31,348][flwr][INFO] - fit progress: (8, 0.6848478615923789, {'accuracy': 0.8491, 'precision': 0.8544758854088248, 'recall': 0.8491, 'f1': 0.846957150240382, 'confusion_matrix': array([[ 931,    2,    3,    3,    1,    9,   22,    3,    6,    0],
       [   0, 1082,   22,    9,    2,    4,    5,    1,   10,    0],
       [  12,   13,  829,   53,   29,    0,   20,   33,   42,    1],
       [   1,    5,   12,  881,    4,   31,   11,   20,   37,    8],
       [   3,    4,    1,    0,  933,    2,   15,    9,    4,   11],
       [  13,   49,    3,   81,   23,  651,   30,   20,   19,    3],
       [  14,   10,   20,    1,   21,   16,  866,    9,    1,    0],
       [   6,   32,   33,    4,   22,    0,    1,  912,   11,    7],
       [  14,   35,   16,   70,   27,   36,   21,   15,  732,    8],
       [  24,   11,    3,    9,  159,   18,    1,   96,   14,  674]],
      dtype=int64)}, 71.09703940000327)
[2024-08-13 12:45:31,349][flwr][INFO] - configure_evaluate: no clients selected, skipping evaluation
[2024-08-13 12:45:31,349][flwr][INFO] - 
[2024-08-13 12:45:31,349][flwr][INFO] - [ROUND 9]
[2024-08-13 12:45:31,349][flwr][INFO] - configure_fit: strategy sampled 10 clients (out of 10)
[2024-08-13 12:45:38,039][flwr][INFO] - aggregate_fit: received 10 results and 0 failures
[2024-08-13 12:45:40,256][flwr][INFO] - fit progress: (9, 0.6720276716532225, {'accuracy': 0.8592, 'precision': 0.8612296205948582, 'recall': 0.8592, 'f1': 0.8585597630479626, 'confusion_matrix': array([[ 932,    1,    4,    2,    1,    8,   23,    2,    7,    0],
       [   0, 1079,   21,    6,    1,    4,    5,    1,   18,    0],
       [  12,   13,  844,   36,   12,    2,   24,   29,   48,   12],
       [   2,    5,   15,  855,    2,   36,   13,   16,   36,   30],
       [   2,    5,    3,    0,  811,    3,   22,    4,   12,  120],
       [  12,   44,    4,   68,   13,  650,   34,   13,   30,   24],
       [  13,   10,   18,    1,   12,   16,  880,    7,    1,    0],
       [   8,   32,   34,    2,   15,    0,    2,  859,   24,   52],
       [  13,   26,   14,   36,   10,   23,   17,    6,  783,   46],
       [  21,    7,    4,    7,   27,   11,    1,   21,   11,  899]],
      dtype=int64)}, 80.00519569999597)
[2024-08-13 12:45:40,257][flwr][INFO] - configure_evaluate: no clients selected, skipping evaluation
[2024-08-13 12:45:40,257][flwr][INFO] - 
[2024-08-13 12:45:40,257][flwr][INFO] - [ROUND 10]
[2024-08-13 12:45:40,257][flwr][INFO] - configure_fit: strategy sampled 10 clients (out of 10)
[2024-08-13 12:45:46,860][flwr][INFO] - aggregate_fit: received 10 results and 0 failures
[2024-08-13 12:45:48,956][flwr][INFO] - fit progress: (10, 0.6744616629665899, {'accuracy': 0.8556, 'precision': 0.8612293891891102, 'recall': 0.8556, 'f1': 0.853678023873168, 'confusion_matrix': array([[ 931,    3,    4,    4,    1,    8,   19,    4,    6,    0],
       [   0, 1081,   17,    6,    2,    5,    5,    1,   18,    0],
       [  12,   14,  831,   43,   31,    0,   20,   31,   49,    1],
       [   1,    6,   12,  872,    4,   33,   11,   19,   46,    6],
       [   3,    4,    1,    0,  934,    2,   13,   10,    5,   10],
       [  11,   43,    2,   69,   19,  663,   34,   19,   29,    3],
       [  13,    8,   16,    1,   19,   15,  874,   11,    1,    0],
       [   6,   29,   30,    4,   23,    0,    1,  911,   18,    6],
       [  13,   28,   12,   40,   24,   26,   18,   13,  795,    5],
       [  27,    8,    3,    7,  161,   19,    1,   91,   28,  664]],
      dtype=int64)}, 88.70445330000075)
[2024-08-13 12:45:48,957][flwr][INFO] - configure_evaluate: no clients selected, skipping evaluation
[2024-08-13 12:45:48,957][flwr][INFO] - 
[2024-08-13 12:45:48,957][flwr][INFO] - [SUMMARY]
[2024-08-13 12:45:48,957][flwr][INFO] - Run finished 10 round(s) in 88.71s
[2024-08-13 12:45:48,965][flwr][INFO] - 	History (loss, centralized):
[2024-08-13 12:45:48,966][flwr][INFO] - 		round 0: 2.3025850929940455
[2024-08-13 12:45:48,966][flwr][INFO] - 		round 1: 0.9139133884011409
[2024-08-13 12:45:48,966][flwr][INFO] - 		round 2: 0.7270405257959179
[2024-08-13 12:45:48,966][flwr][INFO] - 		round 3: 0.7034519934945375
[2024-08-13 12:45:48,966][flwr][INFO] - 		round 4: 0.7068551278966166
[2024-08-13 12:45:48,966][flwr][INFO] - 		round 5: 0.6943685147602362
[2024-08-13 12:45:48,966][flwr][INFO] - 		round 6: 0.6907585226950641
[2024-08-13 12:45:48,966][flwr][INFO] - 		round 7: 0.6838553869015818
[2024-08-13 12:45:48,966][flwr][INFO] - 		round 8: 0.6848478615923789
[2024-08-13 12:45:48,966][flwr][INFO] - 		round 9: 0.6720276716532225
[2024-08-13 12:45:48,966][flwr][INFO] - 		round 10: 0.6744616629665899
[2024-08-13 12:45:48,966][flwr][INFO] - 	History (metrics, centralized):
[2024-08-13 12:45:48,966][flwr][INFO] - 	{'accuracy': [(0, 0.098),
[2024-08-13 12:45:48,966][flwr][INFO] - 	              (1, 0.7103),
[2024-08-13 12:45:48,966][flwr][INFO] - 	              (2, 0.8137),
[2024-08-13 12:45:48,966][flwr][INFO] - 	              (3, 0.838),
[2024-08-13 12:45:48,967][flwr][INFO] - 	              (4, 0.8256),
[2024-08-13 12:45:48,967][flwr][INFO] - 	              (5, 0.8455),
[2024-08-13 12:45:48,967][flwr][INFO] - 	              (6, 0.8435),
[2024-08-13 12:45:48,967][flwr][INFO] - 	              (7, 0.8508),
[2024-08-13 12:45:48,967][flwr][INFO] - 	              (8, 0.8491),
[2024-08-13 12:45:48,967][flwr][INFO] - 	              (9, 0.8592),
[2024-08-13 12:45:48,967][flwr][INFO] - 	              (10, 0.8556)],
[2024-08-13 12:45:48,967][flwr][INFO] - 	 'confusion_matrix': [(0,
[2024-08-13 12:45:48,967][flwr][INFO] - 	                       array([[ 980,    0,    0,    0,    0,    0,    0,    0,    0,    0],
[2024-08-13 12:45:48,967][flwr][INFO] - 	       [1135,    0,    0,    0,    0,    0,    0,    0,    0,    0],
[2024-08-13 12:45:48,967][flwr][INFO] - 	       [1032,    0,    0,    0,    0,    0,    0,    0,    0,    0],
[2024-08-13 12:45:48,967][flwr][INFO] - 	       [1010,    0,    0,    0,    0,    0,    0,    0,    0,    0],
[2024-08-13 12:45:48,967][flwr][INFO] - 	       [ 982,    0,    0,    0,    0,    0,    0,    0,    0,    0],
[2024-08-13 12:45:48,967][flwr][INFO] - 	       [ 892,    0,    0,    0,    0,    0,    0,    0,    0,    0],
[2024-08-13 12:45:48,967][flwr][INFO] - 	       [ 958,    0,    0,    0,    0,    0,    0,    0,    0,    0],
[2024-08-13 12:45:48,967][flwr][INFO] - 	       [1028,    0,    0,    0,    0,    0,    0,    0,    0,    0],
[2024-08-13 12:45:48,967][flwr][INFO] - 	       [ 974,    0,    0,    0,    0,    0,    0,    0,    0,    0],
[2024-08-13 12:45:48,968][flwr][INFO] - 	       [1009,    0,    0,    0,    0,    0,    0,    0,    0,    0]],
[2024-08-13 12:45:48,968][flwr][INFO] - 	      dtype=int64)),
[2024-08-13 12:45:48,968][flwr][INFO] - 	                      (1,
[2024-08-13 12:45:48,968][flwr][INFO] - 	                       array([[ 957,    0,    1,    5,    0,    0,    6,    1,   10,    0],
[2024-08-13 12:45:48,968][flwr][INFO] - 	       [   0, 1051,   30,    6,    0,    0,    4,    1,   43,    0],
[2024-08-13 12:45:48,968][flwr][INFO] - 	       [  91,   20,  698,   95,    5,    0,   20,   15,   75,   13],
[2024-08-13 12:45:48,968][flwr][INFO] - 	       [  30,    9,   14,  846,    0,    0,    9,    9,   82,   11],
[2024-08-13 12:45:48,968][flwr][INFO] - 	       [  45,    9,    3,    1,  366,    0,   28,    4,   67,  459],
[2024-08-13 12:45:48,968][flwr][INFO] - 	       [ 270,   59,    7,  225,    4,    5,   27,   14,  227,   54],
[2024-08-13 12:45:48,968][flwr][INFO] - 	       [ 112,   13,   14,    3,    2,    0,  795,    2,   17,    0],
[2024-08-13 12:45:48,968][flwr][INFO] - 	       [  36,   35,   14,    3,    2,    0,    1,  775,   93,   69],
[2024-08-13 12:45:48,968][flwr][INFO] - 	       [  51,    8,    4,  103,    1,    0,   13,    5,  769,   20],
[2024-08-13 12:45:48,968][flwr][INFO] - 	       [  59,    8,    2,   10,    7,    0,    1,   15,   66,  841]],
[2024-08-13 12:45:48,968][flwr][INFO] - 	      dtype=int64)),
[2024-08-13 12:45:48,968][flwr][INFO] - 	                      (2,
[2024-08-13 12:45:48,968][flwr][INFO] - 	                       array([[ 931,    0,    4,    5,    0,    2,   27,    2,    9,    0],
[2024-08-13 12:45:48,968][flwr][INFO] - 	       [   0, 1060,   52,    8,    1,    1,    5,    1,    6,    1],
[2024-08-13 12:45:48,969][flwr][INFO] - 	       [  29,   18,  849,   42,   19,    0,   24,   25,   24,    2],
[2024-08-13 12:45:48,969][flwr][INFO] - 	       [   9,   12,   29,  875,    2,    7,   10,   17,   32,   17],
[2024-08-13 12:45:48,969][flwr][INFO] - 	       [  10,    9,    6,    0,  856,    0,   33,    5,    8,   55],
[2024-08-13 12:45:48,969][flwr][INFO] - 	       [  54,   59,   21,  193,   25,  420,   43,   29,   23,   25],
[2024-08-13 12:45:48,969][flwr][INFO] - 	       [  39,   15,   27,    1,   11,   10,  853,    1,    1,    0],
[2024-08-13 12:45:48,969][flwr][INFO] - 	       [  13,   39,   45,    0,   13,    0,    3,  884,   10,   21],
[2024-08-13 12:45:48,969][flwr][INFO] - 	       [  28,   24,   32,  126,   16,    8,   22,   13,  670,   35],
[2024-08-13 12:45:48,969][flwr][INFO] - 	       [  32,   15,    6,   12,  110,    2,    1,   75,   17,  739]],
[2024-08-13 12:45:48,969][flwr][INFO] - 	      dtype=int64)),
[2024-08-13 12:45:48,969][flwr][INFO] - 	                      (3,
[2024-08-13 12:45:48,969][flwr][INFO] - 	                       array([[ 899,    0,    3,    1,    0,   34,   30,    1,   12,    0],
[2024-08-13 12:45:48,969][flwr][INFO] - 	       [   0, 1069,   31,    1,    1,    9,    4,    0,   19,    1],
[2024-08-13 12:45:48,969][flwr][INFO] - 	       [  19,   21,  822,   37,   19,    1,   26,   25,   54,    8],
[2024-08-13 12:45:48,969][flwr][INFO] - 	       [   5,   11,   21,  794,    2,   59,    8,   15,   78,   17],
[2024-08-13 12:45:48,969][flwr][INFO] - 	       [   7,    7,    2,    0,  792,    4,   25,    3,   19,  123],
[2024-08-13 12:45:48,969][flwr][INFO] - 	       [  24,   49,    8,   63,   12,  653,   27,   15,   23,   18],
[2024-08-13 12:45:48,970][flwr][INFO] - 	       [  24,   13,   20,    1,   13,   21,  862,    1,    3,    0],
[2024-08-13 12:45:48,970][flwr][INFO] - 	       [  10,   37,   30,    0,   14,    0,    2,  846,   41,   48],
[2024-08-13 12:45:48,970][flwr][INFO] - 	       [   7,   17,   10,   44,    9,   43,   18,    7,  780,   39],
[2024-08-13 12:45:48,970][flwr][INFO] - 	       [  21,   10,    4,    5,   45,   15,    2,   22,   22,  863]],
[2024-08-13 12:45:48,970][flwr][INFO] - 	      dtype=int64)),
[2024-08-13 12:45:48,970][flwr][INFO] - 	                      (4,
[2024-08-13 12:45:48,970][flwr][INFO] - 	                       array([[ 923,    0,    4,   10,    2,    5,   28,    2,    6,    0],
[2024-08-13 12:45:48,970][flwr][INFO] - 	       [   0, 1072,   35,   15,    1,    2,    5,    1,    4,    0],
[2024-08-13 12:45:48,970][flwr][INFO] - 	       [  16,    8,  834,   66,   29,    0,   19,   34,   25,    1],
[2024-08-13 12:45:48,970][flwr][INFO] - 	       [   2,    4,   15,  908,    4,   12,    8,   20,   22,   15],
[2024-08-13 12:45:48,970][flwr][INFO] - 	       [   6,    5,    2,    0,  927,    1,   16,    7,    4,   14],
[2024-08-13 12:45:48,970][flwr][INFO] - 	       [  20,   56,   10,  167,   40,  502,   35,   31,   14,   17],
[2024-08-13 12:45:48,970][flwr][INFO] - 	       [  16,   13,   23,    3,   26,   12,  861,    4,    0,    0],
[2024-08-13 12:45:48,970][flwr][INFO] - 	       [   4,   29,   41,    3,   21,    0,    1,  913,    6,   10],
[2024-08-13 12:45:48,970][flwr][INFO] - 	       [  16,   31,   22,  144,   36,   13,   21,   18,  644,   29],
[2024-08-13 12:45:48,970][flwr][INFO] - 	       [  24,   12,    3,   12,  175,    7,    1,   97,    6,  672]],
[2024-08-13 12:45:48,970][flwr][INFO] - 	      dtype=int64)),
[2024-08-13 12:45:48,971][flwr][INFO] - 	                      (5,
[2024-08-13 12:45:48,971][flwr][INFO] - 	                       array([[ 918,    1,    3,    1,    0,   17,   25,    1,   14,    0],
[2024-08-13 12:45:48,971][flwr][INFO] - 	       [   0, 1070,   27,    2,    1,    5,    5,    1,   23,    1],
[2024-08-13 12:45:48,971][flwr][INFO] - 	       [  14,   12,  841,   30,   13,    2,   25,   24,   57,   14],
[2024-08-13 12:45:48,971][flwr][INFO] - 	       [   5,    8,   21,  784,    3,   55,   12,   14,   76,   32],
[2024-08-13 12:45:48,971][flwr][INFO] - 	       [   5,    7,    2,    0,  750,    2,   28,    3,   20,  165],
[2024-08-13 12:45:48,971][flwr][INFO] - 	       [  15,   47,    6,   46,   10,  660,   32,   13,   41,   22],
[2024-08-13 12:45:48,971][flwr][INFO] - 	       [  16,   13,   21,    1,    8,   19,  874,    4,    2,    0],
[2024-08-13 12:45:48,971][flwr][INFO] - 	       [   7,   34,   33,    0,   13,    0,    1,  846,   35,   59],
[2024-08-13 12:45:48,971][flwr][INFO] - 	       [   6,   17,   13,   26,    7,   33,   17,    6,  810,   39],
[2024-08-13 12:45:48,971][flwr][INFO] - 	       [  18,    7,    5,    5,   22,   11,    2,   17,   20,  902]],
[2024-08-13 12:45:48,971][flwr][INFO] - 	      dtype=int64)),
[2024-08-13 12:45:48,971][flwr][INFO] - 	                      (6,
[2024-08-13 12:45:48,971][flwr][INFO] - 	                       array([[ 932,    1,    1,    5,    2,    9,   22,    2,    6,    0],
[2024-08-13 12:45:48,971][flwr][INFO] - 	       [   0, 1080,   26,    9,    1,    4,    5,    1,    9,    0],
[2024-08-13 12:45:48,971][flwr][INFO] - 	       [  14,   13,  825,   58,   28,    0,   20,   35,   38,    1],
[2024-08-13 12:45:48,971][flwr][INFO] - 	       [   2,    5,   12,  890,    5,   24,   10,   19,   31,   12],
[2024-08-13 12:45:48,972][flwr][INFO] - 	       [   4,    5,    1,    0,  929,    2,   17,    7,    4,   13],
[2024-08-13 12:45:48,972][flwr][INFO] - 	       [  15,   51,    7,  103,   31,  611,   33,   20,   14,    7],
[2024-08-13 12:45:48,972][flwr][INFO] - 	       [  14,   13,   20,    2,   23,   16,  864,    5,    1,    0],
[2024-08-13 12:45:48,972][flwr][INFO] - 	       [   6,   33,   33,    4,   21,    0,    1,  912,    9,    9],
[2024-08-13 12:45:48,972][flwr][INFO] - 	       [  15,   36,   17,   96,   29,   29,   21,   16,  702,   13],
[2024-08-13 12:45:48,972][flwr][INFO] - 	       [  25,   12,    3,    9,  153,   16,    1,   89,   11,  690]],
[2024-08-13 12:45:48,972][flwr][INFO] - 	      dtype=int64)),
[2024-08-13 12:45:48,972][flwr][INFO] - 	                      (7,
[2024-08-13 12:45:48,972][flwr][INFO] - 	                       array([[ 930,    1,    3,    1,    1,   10,   24,    1,    9,    0],
[2024-08-13 12:45:48,972][flwr][INFO] - 	       [   0, 1074,   24,    2,    1,    4,    5,    1,   23,    1],
[2024-08-13 12:45:48,972][flwr][INFO] - 	       [  12,   14,  841,   34,   11,    2,   25,   26,   53,   14],
[2024-08-13 12:45:48,972][flwr][INFO] - 	       [   6,    6,   18,  825,    2,   40,   13,   15,   49,   36],
[2024-08-13 12:45:48,972][flwr][INFO] - 	       [   4,    5,    3,    0,  760,    0,   24,    3,   18,  165],
[2024-08-13 12:45:48,972][flwr][INFO] - 	       [  13,   46,    5,   59,   10,  649,   36,   13,   35,   26],
[2024-08-13 12:45:48,972][flwr][INFO] - 	       [  14,   14,   21,    1,    9,   16,  876,    6,    1,    0],
[2024-08-13 12:45:48,972][flwr][INFO] - 	       [   8,   32,   35,    0,   14,    0,    1,  845,   30,   63],
[2024-08-13 12:45:48,972][flwr][INFO] - 	       [   9,   18,   13,   29,    7,   25,   18,    5,  800,   50],
[2024-08-13 12:45:48,973][flwr][INFO] - 	       [  21,    7,    5,    5,   21,    8,    1,   16,   17,  908]],
[2024-08-13 12:45:48,973][flwr][INFO] - 	      dtype=int64)),
[2024-08-13 12:45:48,973][flwr][INFO] - 	                      (8,
[2024-08-13 12:45:48,973][flwr][INFO] - 	                       array([[ 931,    2,    3,    3,    1,    9,   22,    3,    6,    0],
[2024-08-13 12:45:48,973][flwr][INFO] - 	       [   0, 1082,   22,    9,    2,    4,    5,    1,   10,    0],
[2024-08-13 12:45:48,973][flwr][INFO] - 	       [  12,   13,  829,   53,   29,    0,   20,   33,   42,    1],
[2024-08-13 12:45:48,973][flwr][INFO] - 	       [   1,    5,   12,  881,    4,   31,   11,   20,   37,    8],
[2024-08-13 12:45:48,973][flwr][INFO] - 	       [   3,    4,    1,    0,  933,    2,   15,    9,    4,   11],
[2024-08-13 12:45:48,973][flwr][INFO] - 	       [  13,   49,    3,   81,   23,  651,   30,   20,   19,    3],
[2024-08-13 12:45:48,973][flwr][INFO] - 	       [  14,   10,   20,    1,   21,   16,  866,    9,    1,    0],
[2024-08-13 12:45:48,973][flwr][INFO] - 	       [   6,   32,   33,    4,   22,    0,    1,  912,   11,    7],
[2024-08-13 12:45:48,973][flwr][INFO] - 	       [  14,   35,   16,   70,   27,   36,   21,   15,  732,    8],
[2024-08-13 12:45:48,973][flwr][INFO] - 	       [  24,   11,    3,    9,  159,   18,    1,   96,   14,  674]],
[2024-08-13 12:45:48,973][flwr][INFO] - 	      dtype=int64)),
[2024-08-13 12:45:48,973][flwr][INFO] - 	                      (9,
[2024-08-13 12:45:48,973][flwr][INFO] - 	                       array([[ 932,    1,    4,    2,    1,    8,   23,    2,    7,    0],
[2024-08-13 12:45:48,973][flwr][INFO] - 	       [   0, 1079,   21,    6,    1,    4,    5,    1,   18,    0],
[2024-08-13 12:45:48,974][flwr][INFO] - 	       [  12,   13,  844,   36,   12,    2,   24,   29,   48,   12],
[2024-08-13 12:45:48,974][flwr][INFO] - 	       [   2,    5,   15,  855,    2,   36,   13,   16,   36,   30],
[2024-08-13 12:45:48,974][flwr][INFO] - 	       [   2,    5,    3,    0,  811,    3,   22,    4,   12,  120],
[2024-08-13 12:45:48,974][flwr][INFO] - 	       [  12,   44,    4,   68,   13,  650,   34,   13,   30,   24],
[2024-08-13 12:45:48,974][flwr][INFO] - 	       [  13,   10,   18,    1,   12,   16,  880,    7,    1,    0],
[2024-08-13 12:45:48,974][flwr][INFO] - 	       [   8,   32,   34,    2,   15,    0,    2,  859,   24,   52],
[2024-08-13 12:45:48,974][flwr][INFO] - 	       [  13,   26,   14,   36,   10,   23,   17,    6,  783,   46],
[2024-08-13 12:45:48,974][flwr][INFO] - 	       [  21,    7,    4,    7,   27,   11,    1,   21,   11,  899]],
[2024-08-13 12:45:48,974][flwr][INFO] - 	      dtype=int64)),
[2024-08-13 12:45:48,974][flwr][INFO] - 	                      (10,
[2024-08-13 12:45:48,974][flwr][INFO] - 	                       array([[ 931,    3,    4,    4,    1,    8,   19,    4,    6,    0],
[2024-08-13 12:45:48,974][flwr][INFO] - 	       [   0, 1081,   17,    6,    2,    5,    5,    1,   18,    0],
[2024-08-13 12:45:48,974][flwr][INFO] - 	       [  12,   14,  831,   43,   31,    0,   20,   31,   49,    1],
[2024-08-13 12:45:48,974][flwr][INFO] - 	       [   1,    6,   12,  872,    4,   33,   11,   19,   46,    6],
[2024-08-13 12:45:48,974][flwr][INFO] - 	       [   3,    4,    1,    0,  934,    2,   13,   10,    5,   10],
[2024-08-13 12:45:48,974][flwr][INFO] - 	       [  11,   43,    2,   69,   19,  663,   34,   19,   29,    3],
[2024-08-13 12:45:48,974][flwr][INFO] - 	       [  13,    8,   16,    1,   19,   15,  874,   11,    1,    0],
[2024-08-13 12:45:48,975][flwr][INFO] - 	       [   6,   29,   30,    4,   23,    0,    1,  911,   18,    6],
[2024-08-13 12:45:48,975][flwr][INFO] - 	       [  13,   28,   12,   40,   24,   26,   18,   13,  795,    5],
[2024-08-13 12:45:48,975][flwr][INFO] - 	       [  27,    8,    3,    7,  161,   19,    1,   91,   28,  664]],
[2024-08-13 12:45:48,975][flwr][INFO] - 	      dtype=int64))],
[2024-08-13 12:45:48,975][flwr][INFO] - 	 'f1': [(0, 0.017493624772313296),
[2024-08-13 12:45:48,975][flwr][INFO] - 	        (1, 0.6771512900677522),
[2024-08-13 12:45:48,975][flwr][INFO] - 	        (2, 0.8081454548052679),
[2024-08-13 12:45:48,975][flwr][INFO] - 	        (3, 0.837647825989465),
[2024-08-13 12:45:48,975][flwr][INFO] - 	        (4, 0.8216589113468019),
[2024-08-13 12:45:48,975][flwr][INFO] - 	        (5, 0.8454062622481482),
[2024-08-13 12:45:48,975][flwr][INFO] - 	        (6, 0.8410806306671998),
[2024-08-13 12:45:48,975][flwr][INFO] - 	        (7, 0.8505639421326033),
[2024-08-13 12:45:48,975][flwr][INFO] - 	        (8, 0.846957150240382),
[2024-08-13 12:45:48,975][flwr][INFO] - 	        (9, 0.8585597630479626),
[2024-08-13 12:45:48,975][flwr][INFO] - 	        (10, 0.853678023873168)],
[2024-08-13 12:45:48,975][flwr][INFO] - 	 'precision': [(0, 0.009604000000000001),
[2024-08-13 12:45:48,975][flwr][INFO] - 	               (1, 0.7832252408442719),
[2024-08-13 12:45:48,976][flwr][INFO] - 	               (2, 0.8220780380998224),
[2024-08-13 12:45:48,976][flwr][INFO] - 	               (3, 0.8396919988380298),
[2024-08-13 12:45:48,976][flwr][INFO] - 	               (4, 0.8375352031596053),
[2024-08-13 12:45:48,976][flwr][INFO] - 	               (5, 0.850752420212474),
[2024-08-13 12:45:48,976][flwr][INFO] - 	               (6, 0.8492869296427774),
[2024-08-13 12:45:48,976][flwr][INFO] - 	               (7, 0.8558137517711973),
[2024-08-13 12:45:48,976][flwr][INFO] - 	               (8, 0.8544758854088248),
[2024-08-13 12:45:48,976][flwr][INFO] - 	               (9, 0.8612296205948582),
[2024-08-13 12:45:48,976][flwr][INFO] - 	               (10, 0.8612293891891102)],
[2024-08-13 12:45:48,976][flwr][INFO] - 	 'recall': [(0, 0.098),
[2024-08-13 12:45:48,976][flwr][INFO] - 	            (1, 0.7103),
[2024-08-13 12:45:48,976][flwr][INFO] - 	            (2, 0.8137),
[2024-08-13 12:45:48,976][flwr][INFO] - 	            (3, 0.838),
[2024-08-13 12:45:48,976][flwr][INFO] - 	            (4, 0.8256),
[2024-08-13 12:45:48,976][flwr][INFO] - 	            (5, 0.8455),
[2024-08-13 12:45:48,976][flwr][INFO] - 	            (6, 0.8435),
[2024-08-13 12:45:48,977][flwr][INFO] - 	            (7, 0.8508),
[2024-08-13 12:45:48,977][flwr][INFO] - 	            (8, 0.8491),
[2024-08-13 12:45:48,977][flwr][INFO] - 	            (9, 0.8592),
[2024-08-13 12:45:48,977][flwr][INFO] - 	            (10, 0.8556)]}
[2024-08-13 12:45:48,977][flwr][INFO] - 
