[2024-08-13 12:15:01,144][flwr][INFO] - Starting Flower simulation, config: num_rounds=10, no round_timeout
[2024-08-13 12:15:05,288][flwr][INFO] - Flower VCE: Ray initialized with resources: {'memory': 5111191143.0, 'node:127.0.0.1': 1.0, 'object_store_memory': 2555595571.0, 'node:__internal_head__': 1.0, 'accelerator_type:G': 1.0, 'GPU': 1.0, 'CPU': 16.0}
[2024-08-13 12:15:05,289][flwr][INFO] - Optimize your simulation with Flower VCE: https://flower.ai/docs/framework/how-to-run-simulations.html
[2024-08-13 12:15:05,289][flwr][INFO] - Flower VCE: Resources for each Virtual Client: {'num_cpus': 2, 'num_gpus': 0.5}
[2024-08-13 12:15:05,300][flwr][INFO] - Flower VCE: Creating VirtualClientEngineActorPool with 2 actors
[2024-08-13 12:15:05,300][flwr][INFO] - [INIT]
[2024-08-13 12:15:05,300][flwr][INFO] - Requesting initial parameters from one random client
[2024-08-13 12:15:12,735][flwr][INFO] - Received initial parameters from one random client
[2024-08-13 12:15:12,736][flwr][INFO] - Evaluating initial global parameters
[2024-08-13 12:15:14,963][flwr][INFO] - initial parameters (loss, other metrics): 2.3025850929940455, {'accuracy': 0.098, 'precision': 0.009604000000000001, 'recall': 0.098, 'f1': 0.017493624772313296, 'confusion_matrix': array([[ 980,    0,    0,    0,    0,    0,    0,    0,    0,    0],
       [1135,    0,    0,    0,    0,    0,    0,    0,    0,    0],
       [1032,    0,    0,    0,    0,    0,    0,    0,    0,    0],
       [1010,    0,    0,    0,    0,    0,    0,    0,    0,    0],
       [ 982,    0,    0,    0,    0,    0,    0,    0,    0,    0],
       [ 892,    0,    0,    0,    0,    0,    0,    0,    0,    0],
       [ 958,    0,    0,    0,    0,    0,    0,    0,    0,    0],
       [1028,    0,    0,    0,    0,    0,    0,    0,    0,    0],
       [ 974,    0,    0,    0,    0,    0,    0,    0,    0,    0],
       [1009,    0,    0,    0,    0,    0,    0,    0,    0,    0]],
      dtype=int64)}
[2024-08-13 12:15:14,964][flwr][INFO] - 
[2024-08-13 12:15:14,964][flwr][INFO] - [ROUND 1]
[2024-08-13 12:15:14,964][flwr][INFO] - configure_fit: strategy sampled 10 clients (out of 10)
[2024-08-13 12:15:23,483][flwr][INFO] - aggregate_fit: received 10 results and 0 failures
[2024-08-13 12:15:23,486][flwr][WARNING] - No fit_metrics_aggregation_fn provided
[2024-08-13 12:15:25,574][flwr][INFO] - fit progress: (1, 1.6307852383682675, {'accuracy': 0.356, 'precision': 0.33553227634761423, 'recall': 0.356, 'f1': 0.2881557574438991, 'confusion_matrix': array([[ 935,   10,    2,   14,    0,    0,    6,    4,    2,    7],
       [   0,    3, 1088,    4,    0,    0,    2,    0,    2,   36],
       [  53,    2,  202,  658,    0,    1,   11,   23,   23,   59],
       [  12,    2,    9,  823,   17,    0,    2,   10,   26,  109],
       [ 105,    0,   10,    1,  121,    4,    3,   38,    4,  696],
       [ 207,   57,   44,  201,   21,    1,   24,   17,   66,  254],
       [ 118,    5,   40,   19,    2,    0,  537,  221,    0,   16],
       [  69,    0,   41,    7,    2,    0,    0,   54,  775,   80],
       [  39,    2,   32,  186,    3,    0,    2,    4,   42,  664],
       [ 107,    0,    2,    8,   14,    0,    0,    7,   29,  842]],
      dtype=int64)}, 10.610015999991447)
[2024-08-13 12:15:25,575][flwr][INFO] - configure_evaluate: no clients selected, skipping evaluation
[2024-08-13 12:15:25,575][flwr][INFO] - 
[2024-08-13 12:15:25,575][flwr][INFO] - [ROUND 2]
[2024-08-13 12:15:25,576][flwr][INFO] - configure_fit: strategy sampled 10 clients (out of 10)
[2024-08-13 12:15:32,086][flwr][INFO] - aggregate_fit: received 10 results and 0 failures
[2024-08-13 12:15:34,186][flwr][INFO] - fit progress: (2, 1.4197270983962869, {'accuracy': 0.4795, 'precision': 0.56980141683448, 'recall': 0.4795, 'f1': 0.4562556932884042, 'confusion_matrix': array([[404, 417,   2,   1,   8,   1, 116,  24,   7,   0],
       [  0, 721, 387,   3,   7,   2,   8,   6,   1,   0],
       [  2,  65, 612, 150,  42,   8,  31,  85,  37,   0],
       [  0,  89,  20, 319, 477,   1,  32,  18,  54,   0],
       [  3,   4,   6,   0, 510, 284,  18, 143,  13,   1],
       [  9, 192,  24,  15, 178, 249, 138,  34,  53,   0],
       [  3,  36,  15,   0,   8,   0, 721, 175,   0,   0],
       [ 11,  20,  39,   0,  23,   1,   1, 739, 194,   0],
       [  1, 101,  24,  13, 257,   7,  54,  17, 500,   0],
       [ 24,  11,   2,   0, 333, 137,   2, 324, 156,  20]], dtype=int64)}, 19.221796899990295)
[2024-08-13 12:15:34,187][flwr][INFO] - configure_evaluate: no clients selected, skipping evaluation
[2024-08-13 12:15:34,187][flwr][INFO] - 
[2024-08-13 12:15:34,187][flwr][INFO] - [ROUND 3]
[2024-08-13 12:15:34,188][flwr][INFO] - configure_fit: strategy sampled 10 clients (out of 10)
[2024-08-13 12:15:40,677][flwr][INFO] - aggregate_fit: received 10 results and 0 failures
[2024-08-13 12:15:42,804][flwr][INFO] - fit progress: (3, 1.2830065531774852, {'accuracy': 0.5372, 'precision': 0.5843716183792806, 'recall': 0.5372, 'f1': 0.5081905475881985, 'confusion_matrix': array([[925,  12,   2,  13,   0,   2,  16,   3,   1,   6],
       [  0, 632, 459,   8,   0,   1,   4,   1,   0,  30],
       [ 37,   5, 427, 443,   2,   5,  18,  24,  23,  48],
       [ 10,   5,   6, 841,   2,   8,  13,  12,  11, 102],
       [ 48,   3,   5,   1, 140, 249,  10,  24,   2, 500],
       [ 90,  64,  34, 180,   2, 281,  63,  18,  29, 131],
       [ 50,   9,  38,   7,   2,   3, 741, 103,   0,   5],
       [ 66,   8,  41,   5,   4,   4,   0, 449, 268, 183],
       [ 26,  11,  30, 166,   2,   6,  13,   5,  49, 666],
       [ 80,   3,   1,   9,   9,   8,   0,  10,   2, 887]], dtype=int64)}, 27.83941829999094)
[2024-08-13 12:15:42,805][flwr][INFO] - configure_evaluate: no clients selected, skipping evaluation
[2024-08-13 12:15:42,805][flwr][INFO] - 
[2024-08-13 12:15:42,805][flwr][INFO] - [ROUND 4]
[2024-08-13 12:15:42,805][flwr][INFO] - configure_fit: strategy sampled 10 clients (out of 10)
[2024-08-13 12:15:49,388][flwr][INFO] - aggregate_fit: received 10 results and 0 failures
[2024-08-13 12:15:51,496][flwr][INFO] - fit progress: (4, 1.2659352077502295, {'accuracy': 0.5811, 'precision': 0.6683073901590085, 'recall': 0.5811, 'f1': 0.5516183548168808, 'confusion_matrix': array([[451, 368,   1,   1,  10,  10,  93,  33,  13,   0],
       [  0, 877, 228,   2,   4,   3,   6,   3,  12,   0],
       [  0,  42, 749,  55,  50,   3,  21,  59,  53,   0],
       [  0,  57,  24, 393, 371,   6,  28,  22, 109,   0],
       [  1,   4,   2,   0, 766,  86,  14,  90,  18,   1],
       [  7, 121,  17,  15, 106, 403, 115,  32,  76,   0],
       [  3,  27,  26,   0,  14,   3, 727, 158,   0,   0],
       [ 10,  24,  35,   0,  28,   0,   1, 754, 176,   0],
       [  1,  51,  21,   9, 145,  24,  37,  10, 676,   0],
       [ 23,   8,   1,   0, 429,  87,   0, 235, 211,  15]], dtype=int64)}, 36.53304379999463)
[2024-08-13 12:15:51,497][flwr][INFO] - configure_evaluate: no clients selected, skipping evaluation
[2024-08-13 12:15:51,497][flwr][INFO] - 
[2024-08-13 12:15:51,497][flwr][INFO] - [ROUND 5]
[2024-08-13 12:15:51,498][flwr][INFO] - configure_fit: strategy sampled 10 clients (out of 10)
[2024-08-13 12:15:58,262][flwr][INFO] - aggregate_fit: received 10 results and 0 failures
[2024-08-13 12:16:00,366][flwr][INFO] - fit progress: (5, 1.2048714213298681, {'accuracy': 0.6062, 'precision': 0.6270025121456523, 'recall': 0.6062, 'f1': 0.5777781236530429, 'confusion_matrix': array([[869,  55,   2,  10,   0,   4,  25,   9,   0,   6],
       [  0, 781, 316,   7,   0,   2,   7,   1,   0,  21],
       [ 26,   9, 534, 349,   6,   5,  19,  30,  12,  42],
       [  5,   7,   7, 837,   4,  13,  17,  16,   2, 102],
       [ 32,   4,   4,   1, 277, 210,  13,  37,   0, 404],
       [ 43,  67,  27, 132,   7, 385,  89,  24,  12, 106],
       [ 22,  13,  32,   2,   3,   3, 769, 112,   0,   2],
       [ 50,  17,  36,   8,   8,   4,   1, 709,  36, 159],
       [ 19,  26,  28, 157,   4,  13,  23,   8,  20, 676],
       [ 71,   3,   2,   9,  13,  13,   0,  17,   0, 881]], dtype=int64)}, 45.401938700000755)
[2024-08-13 12:16:00,367][flwr][INFO] - configure_evaluate: no clients selected, skipping evaluation
[2024-08-13 12:16:00,367][flwr][INFO] - 
[2024-08-13 12:16:00,367][flwr][INFO] - [ROUND 6]
[2024-08-13 12:16:00,367][flwr][INFO] - configure_fit: strategy sampled 10 clients (out of 10)
[2024-08-13 12:16:06,970][flwr][INFO] - aggregate_fit: received 10 results and 0 failures
[2024-08-13 12:16:09,073][flwr][INFO] - fit progress: (6, 1.223911625215182, {'accuracy': 0.5945, 'precision': 0.6866712808023141, 'recall': 0.5945, 'f1': 0.5689736721016478, 'confusion_matrix': array([[524, 318,   1,   1,  10,  12,  70,  21,  23,   0],
       [  0, 852, 244,   2,   3,   3,   6,   1,  24,   0],
       [  1,  30, 771,  41,  51,   2,  18,  38,  80,   0],
       [  0,  40,  24, 405, 349,   7,  22,  17, 146,   0],
       [  4,   3,   2,   0, 818,  54,  14,  59,  27,   1],
       [  8,  93,  15,  18,  86, 431,  99,  25, 117,   0],
       [  5,  21,  30,   0,  20,   3, 733, 145,   1,   0],
       [ 13,  17,  30,   0,  37,   0,   1, 616, 314,   0],
       [  3,  26,  21,   7, 105,  16,  24,   5, 767,   0],
       [ 59,   5,   3,   0, 429,  56,   0, 112, 317,  28]], dtype=int64)}, 54.10906019998947)
[2024-08-13 12:16:09,074][flwr][INFO] - configure_evaluate: no clients selected, skipping evaluation
[2024-08-13 12:16:09,074][flwr][INFO] - 
[2024-08-13 12:16:09,074][flwr][INFO] - [ROUND 7]
[2024-08-13 12:16:09,074][flwr][INFO] - configure_fit: strategy sampled 10 clients (out of 10)
[2024-08-13 12:16:15,668][flwr][INFO] - aggregate_fit: received 10 results and 0 failures
[2024-08-13 12:16:17,760][flwr][INFO] - fit progress: (7, 1.188729785048001, {'accuracy': 0.6195, 'precision': 0.6109831993422854, 'recall': 0.6195, 'f1': 0.5866054533376549, 'confusion_matrix': array([[821,  89,   2,  10,   0,   7,  33,  13,   0,   5],
       [  0, 837, 257,  11,   1,   3,   9,   1,   0,  16],
       [ 15,  17, 533, 354,   7,   4,  20,  38,   5,  39],
       [  4,  11,   7, 826,   5,  24,  20,  18,   0,  95],
       [ 21,   5,   2,   2, 290, 282,  14,  49,   0, 317],
       [ 35,  66,  15, 102,   7, 471,  88,  29,   3,  76],
       [ 20,  14,  26,   1,   3,   3, 756, 134,   0,   1],
       [ 41,  17,  38,  10,   7,   4,   0, 782,   7, 122],
       [ 16,  33,  20, 148,   4,  20,  26,  11,   1, 695],
       [ 62,   3,   3,   9,  12,  18,   0,  24,   0, 878]], dtype=int64)}, 62.79533109998738)
[2024-08-13 12:16:17,760][flwr][INFO] - configure_evaluate: no clients selected, skipping evaluation
[2024-08-13 12:16:17,761][flwr][INFO] - 
[2024-08-13 12:16:17,761][flwr][INFO] - [ROUND 8]
[2024-08-13 12:16:17,761][flwr][INFO] - configure_fit: strategy sampled 10 clients (out of 10)
[2024-08-13 12:16:24,378][flwr][INFO] - aggregate_fit: received 10 results and 0 failures
[2024-08-13 12:16:26,464][flwr][INFO] - fit progress: (8, 1.1883024136924658, {'accuracy': 0.6135, 'precision': 0.681618850719823, 'recall': 0.6135, 'f1': 0.6003720783188402, 'confusion_matrix': array([[560, 307,   1,   1,   5,  13,  57,  18,  18,   0],
       [  0, 813, 286,   2,   2,   3,   7,   1,  21,   0],
       [  2,  23, 786,  52,  43,   2,  18,  30,  76,   0],
       [  1,  33,  23, 489, 263,  15,  26,  15, 144,   1],
       [ 10,   4,   2,   0, 800,  75,  17,  42,  31,   1],
       [ 14,  75,  13,  21,  48, 472, 110,  21, 117,   1],
       [  7,  21,  28,   0,  20,   3, 751, 127,   1,   0],
       [ 31,  15,  36,   1,  30,   1,   1, 488, 425,   0],
       [  7,  22,  24,   7,  66,  17,  27,   3, 801,   0],
       [138,   5,   4,   1, 258,  65,   0,  65, 298, 175]], dtype=int64)}, 71.49997729998722)
[2024-08-13 12:16:26,465][flwr][INFO] - configure_evaluate: no clients selected, skipping evaluation
[2024-08-13 12:16:26,465][flwr][INFO] - 
[2024-08-13 12:16:26,465][flwr][INFO] - [ROUND 9]
[2024-08-13 12:16:26,466][flwr][INFO] - configure_fit: strategy sampled 10 clients (out of 10)
[2024-08-13 12:16:33,196][flwr][INFO] - aggregate_fit: received 10 results and 0 failures
[2024-08-13 12:16:35,410][flwr][INFO] - fit progress: (9, 1.1745240632876404, {'accuracy': 0.6297, 'precision': 0.625446421195098, 'recall': 0.6297, 'f1': 0.6021198232537075, 'confusion_matrix': array([[806, 100,   1,   8,   1,   9,  31,  17,   0,   7],
       [  0, 874, 218,  10,   1,   3,   8,   2,   0,  19],
       [ 10,  19, 534, 345,  11,   3,  19,  44,   2,  45],
       [  5,  13,   5, 815,  10,  19,  17,  19,   0, 107],
       [ 16,   4,   2,   2, 404, 165,  12,  45,   0, 332],
       [ 30,  61,  12,  87,  12, 462,  86,  32,   3, 107],
       [ 17,  15,  18,   2,   5,   4, 711, 182,   0,   4],
       [ 32,  18,  35,   9,  10,   4,   0, 790,   6, 124],
       [ 12,  28,  19, 121,   6,  20,  24,  13,   1, 730],
       [ 45,   3,   3,   7,  15,  10,   0,  26,   0, 900]], dtype=int64)}, 80.44635009999911)
[2024-08-13 12:16:35,411][flwr][INFO] - configure_evaluate: no clients selected, skipping evaluation
[2024-08-13 12:16:35,411][flwr][INFO] - 
[2024-08-13 12:16:35,411][flwr][INFO] - [ROUND 10]
[2024-08-13 12:16:35,412][flwr][INFO] - configure_fit: strategy sampled 10 clients (out of 10)
[2024-08-13 12:16:42,042][flwr][INFO] - aggregate_fit: received 10 results and 0 failures
[2024-08-13 12:16:44,191][flwr][INFO] - fit progress: (10, 1.1707683255534664, {'accuracy': 0.6194, 'precision': 0.6847210851045139, 'recall': 0.6194, 'f1': 0.6020952191627995, 'confusion_matrix': array([[611, 265,   1,   1,   5,  14,  51,  16,  16,   0],
       [  0, 805, 288,   2,   3,   3,   8,   1,  25,   0],
       [  3,  22, 787,  59,  40,   2,  18,  29,  72,   0],
       [  1,  30,  22, 504, 268,  14,  25,  15, 130,   1],
       [ 13,   4,   2,   0, 814,  77,  16,  27,  28,   1],
       [ 17,  62,  11,  24,  42, 493, 113,  21, 109,   0],
       [  7,  20,  28,   0,  22,   2, 762, 116,   1,   0],
       [ 33,  14,  39,   1,  34,   1,   1, 496, 409,   0],
       [  8,  20,  24,   8,  69,  18,  33,   1, 793,   0],
       [200,   5,   4,   0, 277,  66,   0,  57, 271, 129]], dtype=int64)}, 89.22722619998967)
[2024-08-13 12:16:44,192][flwr][INFO] - configure_evaluate: no clients selected, skipping evaluation
[2024-08-13 12:16:44,192][flwr][INFO] - 
[2024-08-13 12:16:44,192][flwr][INFO] - [SUMMARY]
[2024-08-13 12:16:44,192][flwr][INFO] - Run finished 10 round(s) in 89.23s
[2024-08-13 12:16:44,200][flwr][INFO] - 	History (loss, centralized):
[2024-08-13 12:16:44,200][flwr][INFO] - 		round 0: 2.3025850929940455
[2024-08-13 12:16:44,200][flwr][INFO] - 		round 1: 1.6307852383682675
[2024-08-13 12:16:44,200][flwr][INFO] - 		round 2: 1.4197270983962869
[2024-08-13 12:16:44,200][flwr][INFO] - 		round 3: 1.2830065531774852
[2024-08-13 12:16:44,200][flwr][INFO] - 		round 4: 1.2659352077502295
[2024-08-13 12:16:44,200][flwr][INFO] - 		round 5: 1.2048714213298681
[2024-08-13 12:16:44,200][flwr][INFO] - 		round 6: 1.223911625215182
[2024-08-13 12:16:44,201][flwr][INFO] - 		round 7: 1.188729785048001
[2024-08-13 12:16:44,201][flwr][INFO] - 		round 8: 1.1883024136924658
[2024-08-13 12:16:44,201][flwr][INFO] - 		round 9: 1.1745240632876404
[2024-08-13 12:16:44,201][flwr][INFO] - 		round 10: 1.1707683255534664
[2024-08-13 12:16:44,201][flwr][INFO] - 	History (metrics, centralized):
[2024-08-13 12:16:44,201][flwr][INFO] - 	{'accuracy': [(0, 0.098),
[2024-08-13 12:16:44,201][flwr][INFO] - 	              (1, 0.356),
[2024-08-13 12:16:44,201][flwr][INFO] - 	              (2, 0.4795),
[2024-08-13 12:16:44,201][flwr][INFO] - 	              (3, 0.5372),
[2024-08-13 12:16:44,201][flwr][INFO] - 	              (4, 0.5811),
[2024-08-13 12:16:44,201][flwr][INFO] - 	              (5, 0.6062),
[2024-08-13 12:16:44,201][flwr][INFO] - 	              (6, 0.5945),
[2024-08-13 12:16:44,201][flwr][INFO] - 	              (7, 0.6195),
[2024-08-13 12:16:44,201][flwr][INFO] - 	              (8, 0.6135),
[2024-08-13 12:16:44,201][flwr][INFO] - 	              (9, 0.6297),
[2024-08-13 12:16:44,201][flwr][INFO] - 	              (10, 0.6194)],
[2024-08-13 12:16:44,202][flwr][INFO] - 	 'confusion_matrix': [(0,
[2024-08-13 12:16:44,202][flwr][INFO] - 	                       array([[ 980,    0,    0,    0,    0,    0,    0,    0,    0,    0],
[2024-08-13 12:16:44,202][flwr][INFO] - 	       [1135,    0,    0,    0,    0,    0,    0,    0,    0,    0],
[2024-08-13 12:16:44,202][flwr][INFO] - 	       [1032,    0,    0,    0,    0,    0,    0,    0,    0,    0],
[2024-08-13 12:16:44,202][flwr][INFO] - 	       [1010,    0,    0,    0,    0,    0,    0,    0,    0,    0],
[2024-08-13 12:16:44,202][flwr][INFO] - 	       [ 982,    0,    0,    0,    0,    0,    0,    0,    0,    0],
[2024-08-13 12:16:44,202][flwr][INFO] - 	       [ 892,    0,    0,    0,    0,    0,    0,    0,    0,    0],
[2024-08-13 12:16:44,202][flwr][INFO] - 	       [ 958,    0,    0,    0,    0,    0,    0,    0,    0,    0],
[2024-08-13 12:16:44,202][flwr][INFO] - 	       [1028,    0,    0,    0,    0,    0,    0,    0,    0,    0],
[2024-08-13 12:16:44,202][flwr][INFO] - 	       [ 974,    0,    0,    0,    0,    0,    0,    0,    0,    0],
[2024-08-13 12:16:44,202][flwr][INFO] - 	       [1009,    0,    0,    0,    0,    0,    0,    0,    0,    0]],
[2024-08-13 12:16:44,202][flwr][INFO] - 	      dtype=int64)),
[2024-08-13 12:16:44,202][flwr][INFO] - 	                      (1,
[2024-08-13 12:16:44,202][flwr][INFO] - 	                       array([[ 935,   10,    2,   14,    0,    0,    6,    4,    2,    7],
[2024-08-13 12:16:44,202][flwr][INFO] - 	       [   0,    3, 1088,    4,    0,    0,    2,    0,    2,   36],
[2024-08-13 12:16:44,202][flwr][INFO] - 	       [  53,    2,  202,  658,    0,    1,   11,   23,   23,   59],
[2024-08-13 12:16:44,203][flwr][INFO] - 	       [  12,    2,    9,  823,   17,    0,    2,   10,   26,  109],
[2024-08-13 12:16:44,203][flwr][INFO] - 	       [ 105,    0,   10,    1,  121,    4,    3,   38,    4,  696],
[2024-08-13 12:16:44,203][flwr][INFO] - 	       [ 207,   57,   44,  201,   21,    1,   24,   17,   66,  254],
[2024-08-13 12:16:44,203][flwr][INFO] - 	       [ 118,    5,   40,   19,    2,    0,  537,  221,    0,   16],
[2024-08-13 12:16:44,203][flwr][INFO] - 	       [  69,    0,   41,    7,    2,    0,    0,   54,  775,   80],
[2024-08-13 12:16:44,203][flwr][INFO] - 	       [  39,    2,   32,  186,    3,    0,    2,    4,   42,  664],
[2024-08-13 12:16:44,203][flwr][INFO] - 	       [ 107,    0,    2,    8,   14,    0,    0,    7,   29,  842]],
[2024-08-13 12:16:44,203][flwr][INFO] - 	      dtype=int64)),
[2024-08-13 12:16:44,203][flwr][INFO] - 	                      (2,
[2024-08-13 12:16:44,203][flwr][INFO] - 	                       array([[404, 417,   2,   1,   8,   1, 116,  24,   7,   0],
[2024-08-13 12:16:44,203][flwr][INFO] - 	       [  0, 721, 387,   3,   7,   2,   8,   6,   1,   0],
[2024-08-13 12:16:44,203][flwr][INFO] - 	       [  2,  65, 612, 150,  42,   8,  31,  85,  37,   0],
[2024-08-13 12:16:44,203][flwr][INFO] - 	       [  0,  89,  20, 319, 477,   1,  32,  18,  54,   0],
[2024-08-13 12:16:44,203][flwr][INFO] - 	       [  3,   4,   6,   0, 510, 284,  18, 143,  13,   1],
[2024-08-13 12:16:44,203][flwr][INFO] - 	       [  9, 192,  24,  15, 178, 249, 138,  34,  53,   0],
[2024-08-13 12:16:44,203][flwr][INFO] - 	       [  3,  36,  15,   0,   8,   0, 721, 175,   0,   0],
[2024-08-13 12:16:44,203][flwr][INFO] - 	       [ 11,  20,  39,   0,  23,   1,   1, 739, 194,   0],
[2024-08-13 12:16:44,204][flwr][INFO] - 	       [  1, 101,  24,  13, 257,   7,  54,  17, 500,   0],
[2024-08-13 12:16:44,204][flwr][INFO] - 	       [ 24,  11,   2,   0, 333, 137,   2, 324, 156,  20]], dtype=int64)),
[2024-08-13 12:16:44,204][flwr][INFO] - 	                      (3,
[2024-08-13 12:16:44,204][flwr][INFO] - 	                       array([[925,  12,   2,  13,   0,   2,  16,   3,   1,   6],
[2024-08-13 12:16:44,204][flwr][INFO] - 	       [  0, 632, 459,   8,   0,   1,   4,   1,   0,  30],
[2024-08-13 12:16:44,204][flwr][INFO] - 	       [ 37,   5, 427, 443,   2,   5,  18,  24,  23,  48],
[2024-08-13 12:16:44,204][flwr][INFO] - 	       [ 10,   5,   6, 841,   2,   8,  13,  12,  11, 102],
[2024-08-13 12:16:44,204][flwr][INFO] - 	       [ 48,   3,   5,   1, 140, 249,  10,  24,   2, 500],
[2024-08-13 12:16:44,204][flwr][INFO] - 	       [ 90,  64,  34, 180,   2, 281,  63,  18,  29, 131],
[2024-08-13 12:16:44,204][flwr][INFO] - 	       [ 50,   9,  38,   7,   2,   3, 741, 103,   0,   5],
[2024-08-13 12:16:44,204][flwr][INFO] - 	       [ 66,   8,  41,   5,   4,   4,   0, 449, 268, 183],
[2024-08-13 12:16:44,204][flwr][INFO] - 	       [ 26,  11,  30, 166,   2,   6,  13,   5,  49, 666],
[2024-08-13 12:16:44,204][flwr][INFO] - 	       [ 80,   3,   1,   9,   9,   8,   0,  10,   2, 887]], dtype=int64)),
[2024-08-13 12:16:44,204][flwr][INFO] - 	                      (4,
[2024-08-13 12:16:44,204][flwr][INFO] - 	                       array([[451, 368,   1,   1,  10,  10,  93,  33,  13,   0],
[2024-08-13 12:16:44,205][flwr][INFO] - 	       [  0, 877, 228,   2,   4,   3,   6,   3,  12,   0],
[2024-08-13 12:16:44,205][flwr][INFO] - 	       [  0,  42, 749,  55,  50,   3,  21,  59,  53,   0],
[2024-08-13 12:16:44,205][flwr][INFO] - 	       [  0,  57,  24, 393, 371,   6,  28,  22, 109,   0],
[2024-08-13 12:16:44,205][flwr][INFO] - 	       [  1,   4,   2,   0, 766,  86,  14,  90,  18,   1],
[2024-08-13 12:16:44,205][flwr][INFO] - 	       [  7, 121,  17,  15, 106, 403, 115,  32,  76,   0],
[2024-08-13 12:16:44,205][flwr][INFO] - 	       [  3,  27,  26,   0,  14,   3, 727, 158,   0,   0],
[2024-08-13 12:16:44,205][flwr][INFO] - 	       [ 10,  24,  35,   0,  28,   0,   1, 754, 176,   0],
[2024-08-13 12:16:44,205][flwr][INFO] - 	       [  1,  51,  21,   9, 145,  24,  37,  10, 676,   0],
[2024-08-13 12:16:44,205][flwr][INFO] - 	       [ 23,   8,   1,   0, 429,  87,   0, 235, 211,  15]], dtype=int64)),
[2024-08-13 12:16:44,205][flwr][INFO] - 	                      (5,
[2024-08-13 12:16:44,205][flwr][INFO] - 	                       array([[869,  55,   2,  10,   0,   4,  25,   9,   0,   6],
[2024-08-13 12:16:44,205][flwr][INFO] - 	       [  0, 781, 316,   7,   0,   2,   7,   1,   0,  21],
[2024-08-13 12:16:44,205][flwr][INFO] - 	       [ 26,   9, 534, 349,   6,   5,  19,  30,  12,  42],
[2024-08-13 12:16:44,205][flwr][INFO] - 	       [  5,   7,   7, 837,   4,  13,  17,  16,   2, 102],
[2024-08-13 12:16:44,205][flwr][INFO] - 	       [ 32,   4,   4,   1, 277, 210,  13,  37,   0, 404],
[2024-08-13 12:16:44,205][flwr][INFO] - 	       [ 43,  67,  27, 132,   7, 385,  89,  24,  12, 106],
[2024-08-13 12:16:44,205][flwr][INFO] - 	       [ 22,  13,  32,   2,   3,   3, 769, 112,   0,   2],
[2024-08-13 12:16:44,206][flwr][INFO] - 	       [ 50,  17,  36,   8,   8,   4,   1, 709,  36, 159],
[2024-08-13 12:16:44,206][flwr][INFO] - 	       [ 19,  26,  28, 157,   4,  13,  23,   8,  20, 676],
[2024-08-13 12:16:44,206][flwr][INFO] - 	       [ 71,   3,   2,   9,  13,  13,   0,  17,   0, 881]], dtype=int64)),
[2024-08-13 12:16:44,206][flwr][INFO] - 	                      (6,
[2024-08-13 12:16:44,206][flwr][INFO] - 	                       array([[524, 318,   1,   1,  10,  12,  70,  21,  23,   0],
[2024-08-13 12:16:44,206][flwr][INFO] - 	       [  0, 852, 244,   2,   3,   3,   6,   1,  24,   0],
[2024-08-13 12:16:44,206][flwr][INFO] - 	       [  1,  30, 771,  41,  51,   2,  18,  38,  80,   0],
[2024-08-13 12:16:44,206][flwr][INFO] - 	       [  0,  40,  24, 405, 349,   7,  22,  17, 146,   0],
[2024-08-13 12:16:44,206][flwr][INFO] - 	       [  4,   3,   2,   0, 818,  54,  14,  59,  27,   1],
[2024-08-13 12:16:44,206][flwr][INFO] - 	       [  8,  93,  15,  18,  86, 431,  99,  25, 117,   0],
[2024-08-13 12:16:44,206][flwr][INFO] - 	       [  5,  21,  30,   0,  20,   3, 733, 145,   1,   0],
[2024-08-13 12:16:44,206][flwr][INFO] - 	       [ 13,  17,  30,   0,  37,   0,   1, 616, 314,   0],
[2024-08-13 12:16:44,206][flwr][INFO] - 	       [  3,  26,  21,   7, 105,  16,  24,   5, 767,   0],
[2024-08-13 12:16:44,206][flwr][INFO] - 	       [ 59,   5,   3,   0, 429,  56,   0, 112, 317,  28]], dtype=int64)),
[2024-08-13 12:16:44,206][flwr][INFO] - 	                      (7,
[2024-08-13 12:16:44,206][flwr][INFO] - 	                       array([[821,  89,   2,  10,   0,   7,  33,  13,   0,   5],
[2024-08-13 12:16:44,206][flwr][INFO] - 	       [  0, 837, 257,  11,   1,   3,   9,   1,   0,  16],
[2024-08-13 12:16:44,207][flwr][INFO] - 	       [ 15,  17, 533, 354,   7,   4,  20,  38,   5,  39],
[2024-08-13 12:16:44,207][flwr][INFO] - 	       [  4,  11,   7, 826,   5,  24,  20,  18,   0,  95],
[2024-08-13 12:16:44,207][flwr][INFO] - 	       [ 21,   5,   2,   2, 290, 282,  14,  49,   0, 317],
[2024-08-13 12:16:44,207][flwr][INFO] - 	       [ 35,  66,  15, 102,   7, 471,  88,  29,   3,  76],
[2024-08-13 12:16:44,207][flwr][INFO] - 	       [ 20,  14,  26,   1,   3,   3, 756, 134,   0,   1],
[2024-08-13 12:16:44,207][flwr][INFO] - 	       [ 41,  17,  38,  10,   7,   4,   0, 782,   7, 122],
[2024-08-13 12:16:44,207][flwr][INFO] - 	       [ 16,  33,  20, 148,   4,  20,  26,  11,   1, 695],
[2024-08-13 12:16:44,207][flwr][INFO] - 	       [ 62,   3,   3,   9,  12,  18,   0,  24,   0, 878]], dtype=int64)),
[2024-08-13 12:16:44,207][flwr][INFO] - 	                      (8,
[2024-08-13 12:16:44,207][flwr][INFO] - 	                       array([[560, 307,   1,   1,   5,  13,  57,  18,  18,   0],
[2024-08-13 12:16:44,207][flwr][INFO] - 	       [  0, 813, 286,   2,   2,   3,   7,   1,  21,   0],
[2024-08-13 12:16:44,207][flwr][INFO] - 	       [  2,  23, 786,  52,  43,   2,  18,  30,  76,   0],
[2024-08-13 12:16:44,207][flwr][INFO] - 	       [  1,  33,  23, 489, 263,  15,  26,  15, 144,   1],
[2024-08-13 12:16:44,207][flwr][INFO] - 	       [ 10,   4,   2,   0, 800,  75,  17,  42,  31,   1],
[2024-08-13 12:16:44,207][flwr][INFO] - 	       [ 14,  75,  13,  21,  48, 472, 110,  21, 117,   1],
[2024-08-13 12:16:44,207][flwr][INFO] - 	       [  7,  21,  28,   0,  20,   3, 751, 127,   1,   0],
[2024-08-13 12:16:44,207][flwr][INFO] - 	       [ 31,  15,  36,   1,  30,   1,   1, 488, 425,   0],
[2024-08-13 12:16:44,207][flwr][INFO] - 	       [  7,  22,  24,   7,  66,  17,  27,   3, 801,   0],
[2024-08-13 12:16:44,208][flwr][INFO] - 	       [138,   5,   4,   1, 258,  65,   0,  65, 298, 175]], dtype=int64)),
[2024-08-13 12:16:44,208][flwr][INFO] - 	                      (9,
[2024-08-13 12:16:44,208][flwr][INFO] - 	                       array([[806, 100,   1,   8,   1,   9,  31,  17,   0,   7],
[2024-08-13 12:16:44,208][flwr][INFO] - 	       [  0, 874, 218,  10,   1,   3,   8,   2,   0,  19],
[2024-08-13 12:16:44,208][flwr][INFO] - 	       [ 10,  19, 534, 345,  11,   3,  19,  44,   2,  45],
[2024-08-13 12:16:44,208][flwr][INFO] - 	       [  5,  13,   5, 815,  10,  19,  17,  19,   0, 107],
[2024-08-13 12:16:44,208][flwr][INFO] - 	       [ 16,   4,   2,   2, 404, 165,  12,  45,   0, 332],
[2024-08-13 12:16:44,208][flwr][INFO] - 	       [ 30,  61,  12,  87,  12, 462,  86,  32,   3, 107],
[2024-08-13 12:16:44,208][flwr][INFO] - 	       [ 17,  15,  18,   2,   5,   4, 711, 182,   0,   4],
[2024-08-13 12:16:44,208][flwr][INFO] - 	       [ 32,  18,  35,   9,  10,   4,   0, 790,   6, 124],
[2024-08-13 12:16:44,208][flwr][INFO] - 	       [ 12,  28,  19, 121,   6,  20,  24,  13,   1, 730],
[2024-08-13 12:16:44,208][flwr][INFO] - 	       [ 45,   3,   3,   7,  15,  10,   0,  26,   0, 900]], dtype=int64)),
[2024-08-13 12:16:44,208][flwr][INFO] - 	                      (10,
[2024-08-13 12:16:44,208][flwr][INFO] - 	                       array([[611, 265,   1,   1,   5,  14,  51,  16,  16,   0],
[2024-08-13 12:16:44,208][flwr][INFO] - 	       [  0, 805, 288,   2,   3,   3,   8,   1,  25,   0],
[2024-08-13 12:16:44,208][flwr][INFO] - 	       [  3,  22, 787,  59,  40,   2,  18,  29,  72,   0],
[2024-08-13 12:16:44,208][flwr][INFO] - 	       [  1,  30,  22, 504, 268,  14,  25,  15, 130,   1],
[2024-08-13 12:16:44,209][flwr][INFO] - 	       [ 13,   4,   2,   0, 814,  77,  16,  27,  28,   1],
[2024-08-13 12:16:44,209][flwr][INFO] - 	       [ 17,  62,  11,  24,  42, 493, 113,  21, 109,   0],
[2024-08-13 12:16:44,209][flwr][INFO] - 	       [  7,  20,  28,   0,  22,   2, 762, 116,   1,   0],
[2024-08-13 12:16:44,209][flwr][INFO] - 	       [ 33,  14,  39,   1,  34,   1,   1, 496, 409,   0],
[2024-08-13 12:16:44,209][flwr][INFO] - 	       [  8,  20,  24,   8,  69,  18,  33,   1, 793,   0],
[2024-08-13 12:16:44,209][flwr][INFO] - 	       [200,   5,   4,   0, 277,  66,   0,  57, 271, 129]], dtype=int64))],
[2024-08-13 12:16:44,209][flwr][INFO] - 	 'f1': [(0, 0.017493624772313296),
[2024-08-13 12:16:44,209][flwr][INFO] - 	        (1, 0.2881557574438991),
[2024-08-13 12:16:44,209][flwr][INFO] - 	        (2, 0.4562556932884042),
[2024-08-13 12:16:44,209][flwr][INFO] - 	        (3, 0.5081905475881985),
[2024-08-13 12:16:44,209][flwr][INFO] - 	        (4, 0.5516183548168808),
[2024-08-13 12:16:44,209][flwr][INFO] - 	        (5, 0.5777781236530429),
[2024-08-13 12:16:44,209][flwr][INFO] - 	        (6, 0.5689736721016478),
[2024-08-13 12:16:44,209][flwr][INFO] - 	        (7, 0.5866054533376549),
[2024-08-13 12:16:44,209][flwr][INFO] - 	        (8, 0.6003720783188402),
[2024-08-13 12:16:44,209][flwr][INFO] - 	        (9, 0.6021198232537075),
[2024-08-13 12:16:44,209][flwr][INFO] - 	        (10, 0.6020952191627995)],
[2024-08-13 12:16:44,209][flwr][INFO] - 	 'precision': [(0, 0.009604000000000001),
[2024-08-13 12:16:44,210][flwr][INFO] - 	               (1, 0.33553227634761423),
[2024-08-13 12:16:44,210][flwr][INFO] - 	               (2, 0.56980141683448),
[2024-08-13 12:16:44,210][flwr][INFO] - 	               (3, 0.5843716183792806),
[2024-08-13 12:16:44,210][flwr][INFO] - 	               (4, 0.6683073901590085),
[2024-08-13 12:16:44,210][flwr][INFO] - 	               (5, 0.6270025121456523),
[2024-08-13 12:16:44,210][flwr][INFO] - 	               (6, 0.6866712808023141),
[2024-08-13 12:16:44,210][flwr][INFO] - 	               (7, 0.6109831993422854),
[2024-08-13 12:16:44,210][flwr][INFO] - 	               (8, 0.681618850719823),
[2024-08-13 12:16:44,210][flwr][INFO] - 	               (9, 0.625446421195098),
[2024-08-13 12:16:44,210][flwr][INFO] - 	               (10, 0.6847210851045139)],
[2024-08-13 12:16:44,210][flwr][INFO] - 	 'recall': [(0, 0.098),
[2024-08-13 12:16:44,210][flwr][INFO] - 	            (1, 0.356),
[2024-08-13 12:16:44,210][flwr][INFO] - 	            (2, 0.4795),
[2024-08-13 12:16:44,210][flwr][INFO] - 	            (3, 0.5372),
[2024-08-13 12:16:44,210][flwr][INFO] - 	            (4, 0.5811),
[2024-08-13 12:16:44,210][flwr][INFO] - 	            (5, 0.6062),
[2024-08-13 12:16:44,210][flwr][INFO] - 	            (6, 0.5945),
[2024-08-13 12:16:44,211][flwr][INFO] - 	            (7, 0.6195),
[2024-08-13 12:16:44,211][flwr][INFO] - 	            (8, 0.6135),
[2024-08-13 12:16:44,211][flwr][INFO] - 	            (9, 0.6297),
[2024-08-13 12:16:44,211][flwr][INFO] - 	            (10, 0.6194)]}
[2024-08-13 12:16:44,211][flwr][INFO] - 
