[2024-08-13 11:57:47,918][flwr][INFO] - Starting Flower simulation, config: num_rounds=10, no round_timeout
[2024-08-13 11:57:51,961][flwr][INFO] - Flower VCE: Ray initialized with resources: {'accelerator_type:G': 1.0, 'memory': 5079773184.0, 'node:127.0.0.1': 1.0, 'object_store_memory': 2539886592.0, 'node:__internal_head__': 1.0, 'GPU': 1.0, 'CPU': 16.0}
[2024-08-13 11:57:51,962][flwr][INFO] - Optimize your simulation with Flower VCE: https://flower.ai/docs/framework/how-to-run-simulations.html
[2024-08-13 11:57:51,962][flwr][INFO] - Flower VCE: Resources for each Virtual Client: {'num_cpus': 2, 'num_gpus': 0.5}
[2024-08-13 11:57:51,973][flwr][INFO] - Flower VCE: Creating VirtualClientEngineActorPool with 2 actors
[2024-08-13 11:57:51,974][flwr][INFO] - [INIT]
[2024-08-13 11:57:51,974][flwr][INFO] - Requesting initial parameters from one random client
[2024-08-13 11:57:59,274][flwr][INFO] - Received initial parameters from one random client
[2024-08-13 11:57:59,274][flwr][INFO] - Evaluating initial global parameters
[2024-08-13 11:58:01,587][flwr][INFO] - initial parameters (loss, other metrics): 2.3025850929940455, {'accuracy': 0.098, 'precision': 0.009604000000000001, 'recall': 0.098, 'f1': 0.017493624772313296, 'confusion_matrix': array([[ 980,    0,    0,    0,    0,    0,    0,    0,    0,    0],
       [1135,    0,    0,    0,    0,    0,    0,    0,    0,    0],
       [1032,    0,    0,    0,    0,    0,    0,    0,    0,    0],
       [1010,    0,    0,    0,    0,    0,    0,    0,    0,    0],
       [ 982,    0,    0,    0,    0,    0,    0,    0,    0,    0],
       [ 892,    0,    0,    0,    0,    0,    0,    0,    0,    0],
       [ 958,    0,    0,    0,    0,    0,    0,    0,    0,    0],
       [1028,    0,    0,    0,    0,    0,    0,    0,    0,    0],
       [ 974,    0,    0,    0,    0,    0,    0,    0,    0,    0],
       [1009,    0,    0,    0,    0,    0,    0,    0,    0,    0]],
      dtype=int64)}
[2024-08-13 11:58:01,588][flwr][INFO] - 
[2024-08-13 11:58:01,588][flwr][INFO] - [ROUND 1]
[2024-08-13 11:58:01,589][flwr][INFO] - configure_fit: strategy sampled 10 clients (out of 10)
[2024-08-13 11:58:09,999][flwr][INFO] - aggregate_fit: received 10 results and 0 failures
[2024-08-13 11:58:10,002][flwr][WARNING] - No fit_metrics_aggregation_fn provided
[2024-08-13 11:58:12,083][flwr][INFO] - fit progress: (1, 1.5249103352992799, {'accuracy': 0.3901, 'precision': 0.3778550639860415, 'recall': 0.3901, 'f1': 0.32913419782167574, 'confusion_matrix': array([[ 943,    1,    2,   12,    0,    0,    3,    5,    3,   11],
       [   0,   13, 1069,    4,    0,    0,    2,    0,    3,   44],
       [  54,    1,  266,  573,    1,    0,   12,   23,   38,   64],
       [  14,    0,    8,  824,   17,    0,    1,   10,   31,  105],
       [  61,    0,    8,    1,  174,    0,    4,   29,    5,  700],
       [ 176,   51,   46,  214,   21,    0,   16,   18,  101,  249],
       [ 107,    4,   45,   14,    2,    0,  586,  179,    1,   20],
       [  54,    0,   41,    5,    5,    0,    0,  115,  706,  102],
       [  35,    2,   32,  176,    3,    0,    2,    3,  108,  613],
       [  70,    0,    2,    7,   18,    0,    0,    8,   32,  872]],
      dtype=int64)}, 10.494445000003907)
[2024-08-13 11:58:12,084][flwr][INFO] - configure_evaluate: no clients selected, skipping evaluation
[2024-08-13 11:58:12,084][flwr][INFO] - 
[2024-08-13 11:58:12,084][flwr][INFO] - [ROUND 2]
[2024-08-13 11:58:12,085][flwr][INFO] - configure_fit: strategy sampled 10 clients (out of 10)
[2024-08-13 11:58:18,740][flwr][INFO] - aggregate_fit: received 10 results and 0 failures
[2024-08-13 11:58:20,831][flwr][INFO] - fit progress: (2, 1.3822810291358512, {'accuracy': 0.5339, 'precision': 0.5463857689066348, 'recall': 0.5339, 'f1': 0.5025539953678212, 'confusion_matrix': array([[436, 354,   2,   1,  10,   2, 142,  30,   3,   0],
       [  0, 854, 253,   3,  11,   2,   7,   4,   1,   0],
       [  1,  65, 649, 111,  54,   3,  35,  84,  30,   0],
       [  0,  97,  18, 369, 435,   0,  35,  22,  34,   0],
       [  2,   4,   4,   0, 717,  88,  21, 137,   9,   0],
       [  7, 196,  16,  16, 174, 265, 149,  35,  34,   0],
       [  1,  36,  14,   0,   9,   0, 767, 131,   0,   0],
       [  6,  30,  37,   0,  27,   0,   1, 848,  79,   0],
       [  1, 124,  20,  11, 285,  10,  64,  25, 434,   0],
       [ 13,  16,   2,   0, 483,  44,   5, 376,  70,   0]], dtype=int64)}, 19.24247350000951)
[2024-08-13 11:58:20,832][flwr][INFO] - configure_evaluate: no clients selected, skipping evaluation
[2024-08-13 11:58:20,832][flwr][INFO] - 
[2024-08-13 11:58:20,832][flwr][INFO] - [ROUND 3]
[2024-08-13 11:58:20,833][flwr][INFO] - configure_fit: strategy sampled 10 clients (out of 10)
[2024-08-13 11:58:27,247][flwr][INFO] - aggregate_fit: received 10 results and 0 failures
[2024-08-13 11:58:29,331][flwr][INFO] - fit progress: (3, 1.3097329476325015, {'accuracy': 0.5143, 'precision': 0.6011476069314243, 'recall': 0.5143, 'f1': 0.4830941274798789, 'confusion_matrix': array([[928,  11,   2,  13,   0,   2,  13,   3,   1,   7],
       [  0, 414, 679,   6,   0,   1,   3,   0,   0,  32],
       [ 32,   4, 516, 365,   0,   4,  15,  17,  28,  51],
       [  7,   2,   9, 835,   2,  12,   7,  10,  15, 111],
       [ 45,   3,   6,   1,  87, 184,   9,  12,   2, 633],
       [ 84,  51,  37, 182,   0, 304,  38,  12,  36, 148],
       [ 56,   8,  50,   6,   2,   5, 738,  81,   0,  12],
       [ 59,   4,  48,   3,   0,   4,   0, 320, 349, 241],
       [ 25,   5,  37, 153,   1,   7,   9,   2,  82, 653],
       [ 60,   2,   2,   8,   3,   5,   0,   7,   3, 919]], dtype=int64)}, 27.7423778000084)
[2024-08-13 11:58:29,332][flwr][INFO] - configure_evaluate: no clients selected, skipping evaluation
[2024-08-13 11:58:29,332][flwr][INFO] - 
[2024-08-13 11:58:29,332][flwr][INFO] - [ROUND 4]
[2024-08-13 11:58:29,332][flwr][INFO] - configure_fit: strategy sampled 10 clients (out of 10)
[2024-08-13 11:58:35,945][flwr][INFO] - aggregate_fit: received 10 results and 0 failures
[2024-08-13 11:58:38,038][flwr][INFO] - fit progress: (4, 1.2822014481805577, {'accuracy': 0.5934, 'precision': 0.5883172290446189, 'recall': 0.5934, 'f1': 0.5613415400995039, 'confusion_matrix': array([[411, 403,   1,   1,  10,   9,  94,  41,  10,   0],
       [  0, 929, 175,   3,   8,   2,   9,   4,   5,   0],
       [  0,  43, 733,  65,  49,   1,  23,  68,  50,   0],
       [  0,  59,  18, 467, 314,   8,  26,  25,  93,   0],
       [  0,   5,   1,   0, 797,  54,  14,  99,  12,   0],
       [  4, 132,  13,  23,  92, 411, 108,  38,  71,   0],
       [  2,  31,  18,   0,  14,   3, 715, 175,   0,   0],
       [  6,  26,  29,   0,  29,   0,   1, 819, 118,   0],
       [  1,  59,  16,  17, 149,  25,  42,  13, 652,   0],
       [ 18,   9,   1,   1, 466,  68,   0, 287, 159,   0]], dtype=int64)}, 36.44998800000758)
[2024-08-13 11:58:38,039][flwr][INFO] - configure_evaluate: no clients selected, skipping evaluation
[2024-08-13 11:58:38,039][flwr][INFO] - 
[2024-08-13 11:58:38,039][flwr][INFO] - [ROUND 5]
[2024-08-13 11:58:38,039][flwr][INFO] - configure_fit: strategy sampled 10 clients (out of 10)
[2024-08-13 11:58:44,929][flwr][INFO] - aggregate_fit: received 10 results and 0 failures
[2024-08-13 11:58:47,026][flwr][INFO] - fit progress: (5, 1.232935223969322, {'accuracy': 0.5838, 'precision': 0.6286077675037594, 'recall': 0.5838, 'f1': 0.5557720485911438, 'confusion_matrix': array([[914,  26,   2,   9,   0,   2,  16,   4,   0,   7],
       [  0, 681, 416,   8,   0,   2,   6,   1,   0,  21],
       [ 32,   5, 555, 335,   4,   3,  19,  19,  11,  49],
       [ 10,   5,   8, 838,   2,  13,  15,  11,   2, 106],
       [ 46,   3,   6,   1, 203, 174,  13,  19,   0, 517],
       [ 69,  55,  29, 146,   3, 373,  69,  14,  12, 122],
       [ 33,  11,  36,   3,   3,   3, 786,  78,   0,   5],
       [ 72,  11,  40,  11,   4,   4,   0, 569,  63, 254],
       [ 24,  13,  32, 149,   2,  11,  21,   4,  22, 696],
       [ 71,   3,   3,   9,   9,   9,   0,   8,   0, 897]], dtype=int64)}, 45.43756869999925)
[2024-08-13 11:58:47,027][flwr][INFO] - configure_evaluate: no clients selected, skipping evaluation
[2024-08-13 11:58:47,027][flwr][INFO] - 
[2024-08-13 11:58:47,027][flwr][INFO] - [ROUND 6]
[2024-08-13 11:58:47,028][flwr][INFO] - configure_fit: strategy sampled 10 clients (out of 10)
[2024-08-13 11:58:53,611][flwr][INFO] - aggregate_fit: received 10 results and 0 failures
[2024-08-13 11:58:55,692][flwr][INFO] - fit progress: (6, 1.2518568748074352, {'accuracy': 0.5891, 'precision': 0.6614540210159701, 'recall': 0.5891, 'f1': 0.5562396166946443, 'confusion_matrix': array([[351, 472,   1,   1,  10,  13,  70,  38,  24,   0],
       [  0, 902, 191,   2,   5,   2,   5,   2,  26,   0],
       [  1,  33, 771,  39,  49,   2,  17,  45,  75,   0],
       [  0,  46,  21, 418, 331,   7,  21,  19, 147,   0],
       [  1,   4,   1,   0, 829,  38,  14,  68,  26,   1],
       [  4,  97,  10,  18,  78, 448,  95,  27, 115,   0],
       [  2,  24,  24,   0,  17,   3, 698, 189,   1,   0],
       [  8,  19,  31,   0,  34,   0,   1, 700, 235,   0],
       [  1,  31,  16,   7,  99,  16,  26,   6, 772,   0],
       [ 27,   5,   3,   0, 462,  56,   0, 148, 306,   2]], dtype=int64)}, 54.10349190000852)
[2024-08-13 11:58:55,692][flwr][INFO] - configure_evaluate: no clients selected, skipping evaluation
[2024-08-13 11:58:55,693][flwr][INFO] - 
[2024-08-13 11:58:55,693][flwr][INFO] - [ROUND 7]
[2024-08-13 11:58:55,693][flwr][INFO] - configure_fit: strategy sampled 10 clients (out of 10)
[2024-08-13 11:59:02,219][flwr][INFO] - aggregate_fit: received 10 results and 0 failures
[2024-08-13 11:59:04,314][flwr][INFO] - fit progress: (7, 1.214627549477293, {'accuracy': 0.6102, 'precision': 0.6148318828742866, 'recall': 0.6102, 'f1': 0.5776516009146857, 'confusion_matrix': array([[880,  46,   2,  12,   0,   5,  21,   9,   0,   5],
       [  0, 741, 355,  11,   0,   3,   9,   1,   0,  15],
       [ 25,   7, 557, 341,   6,   3,  19,  28,   3,  43],
       [  8,   5,   7, 847,   2,  15,  16,  18,   0,  92],
       [ 34,   3,   4,   1, 265, 245,  15,  35,   0, 380],
       [ 49,  52,  20, 122,   2, 434,  93,  23,   3,  94],
       [ 27,  10,  29,   2,   4,   2, 767, 116,   0,   1],
       [ 61,  13,  45,   9,   5,   4,   0, 724,   8, 159],
       [ 26,  17,  30, 157,   3,  13,  25,   8,   1, 694],
       [ 73,   3,   3,   9,  10,  10,   0,  15,   0, 886]], dtype=int64)}, 62.72555139999895)
[2024-08-13 11:59:04,315][flwr][INFO] - configure_evaluate: no clients selected, skipping evaluation
[2024-08-13 11:59:04,315][flwr][INFO] - 
[2024-08-13 11:59:04,315][flwr][INFO] - [ROUND 8]
[2024-08-13 11:59:04,315][flwr][INFO] - configure_fit: strategy sampled 10 clients (out of 10)
[2024-08-13 11:59:10,976][flwr][INFO] - aggregate_fit: received 10 results and 0 failures
[2024-08-13 11:59:13,061][flwr][INFO] - fit progress: (8, 1.2146701528412043, {'accuracy': 0.5928, 'precision': 0.684032785742003, 'recall': 0.5928, 'f1': 0.5706397971858772, 'confusion_matrix': array([[404, 446,   2,   1,   8,  13,  59,  24,  23,   0],
       [  0, 880, 207,   2,   3,   3,   7,   1,  32,   0],
       [  1,  27, 771,  49,  47,   2,  18,  36,  81,   0],
       [  0,  38,  24, 450, 297,  13,  21,  17, 150,   0],
       [  3,   4,   1,   0, 822,  62,  14,  43,  32,   1],
       [  5,  80,  10,  19,  52, 477, 100,  23, 126,   0],
       [  3,  24,  26,   0,  20,   3, 713, 168,   1,   0],
       [ 13,  18,  32,   0,  31,   1,   1, 535, 397,   0],
       [  3,  24,  21,   6,  71,  17,  26,   4, 802,   0],
       [ 62,   5,   4,   0, 342,  66,   0,  89, 367,  74]], dtype=int64)}, 71.47304930000973)
[2024-08-13 11:59:13,062][flwr][INFO] - configure_evaluate: no clients selected, skipping evaluation
[2024-08-13 11:59:13,062][flwr][INFO] - 
[2024-08-13 11:59:13,062][flwr][INFO] - [ROUND 9]
[2024-08-13 11:59:13,062][flwr][INFO] - configure_fit: strategy sampled 10 clients (out of 10)
[2024-08-13 11:59:19,570][flwr][INFO] - aggregate_fit: received 10 results and 0 failures
[2024-08-13 11:59:21,795][flwr][INFO] - fit progress: (9, 1.2135217219645147, {'accuracy': 0.617, 'precision': 0.6270542581745714, 'recall': 0.617, 'f1': 0.5879024343840581, 'confusion_matrix': array([[866,  57,   1,  12,   0,   5,  23,  10,   0,   6],
       [  0, 819, 271,  11,   1,   2,  10,   1,   0,  20],
       [ 22,  11, 498, 391,   8,   3,  18,  33,   0,  48],
       [  6,   7,   4, 839,   5,  16,  15,  19,   0,  99],
       [ 20,   4,   2,   2, 342, 168,  14,  37,   0, 393],
       [ 45,  54,  13, 103,   9, 424,  97,  29,   2, 116],
       [ 24,  12,  18,   2,   4,   1, 729, 165,   0,   3],
       [ 47,  14,  38,  10,   9,   3,   0, 752,   4, 151],
       [ 20,  18,  22, 125,   4,  13,  26,   8,   1, 737],
       [ 59,   3,   3,   8,  11,   8,   0,  17,   0, 900]], dtype=int64)}, 80.2071222000086)
[2024-08-13 11:59:21,796][flwr][INFO] - configure_evaluate: no clients selected, skipping evaluation
[2024-08-13 11:59:21,796][flwr][INFO] - 
[2024-08-13 11:59:21,796][flwr][INFO] - [ROUND 10]
[2024-08-13 11:59:21,797][flwr][INFO] - configure_fit: strategy sampled 10 clients (out of 10)
[2024-08-13 11:59:28,481][flwr][INFO] - aggregate_fit: received 10 results and 0 failures
[2024-08-13 11:59:30,583][flwr][INFO] - fit progress: (10, 1.20321291317247, {'accuracy': 0.5972, 'precision': 0.6717661341687421, 'recall': 0.5972, 'f1': 0.5737505038558269, 'confusion_matrix': array([[417, 444,   2,   1,   7,  15,  55,  22,  17,   0],
       [  0, 887, 206,   2,   5,   3,   7,   1,  24,   0],
       [  1,  27, 783,  55,  43,   2,  18,  32,  71,   0],
       [  1,  36,  23, 449, 313,  16,  23,  17, 132,   0],
       [  6,   4,   1,   0, 803,  92,  16,  34,  25,   1],
       [  7,  74,   8,  17,  40, 515, 104,  24, 103,   0],
       [  4,  25,  21,   0,  20,   3, 727, 157,   1,   0],
       [ 23,  18,  33,   1,  36,   1,   1, 526, 389,   0],
       [  4,  26,  22,   8,  71,  22,  32,   4, 785,   0],
       [136,   6,   4,   0, 301, 100,   0,  77, 305,  80]], dtype=int64)}, 88.99523970000155)
[2024-08-13 11:59:30,584][flwr][INFO] - configure_evaluate: no clients selected, skipping evaluation
[2024-08-13 11:59:30,584][flwr][INFO] - 
[2024-08-13 11:59:30,584][flwr][INFO] - [SUMMARY]
[2024-08-13 11:59:30,584][flwr][INFO] - Run finished 10 round(s) in 89.00s
[2024-08-13 11:59:30,592][flwr][INFO] - 	History (loss, centralized):
[2024-08-13 11:59:30,593][flwr][INFO] - 		round 0: 2.3025850929940455
[2024-08-13 11:59:30,593][flwr][INFO] - 		round 1: 1.5249103352992799
[2024-08-13 11:59:30,593][flwr][INFO] - 		round 2: 1.3822810291358512
[2024-08-13 11:59:30,593][flwr][INFO] - 		round 3: 1.3097329476325015
[2024-08-13 11:59:30,593][flwr][INFO] - 		round 4: 1.2822014481805577
[2024-08-13 11:59:30,593][flwr][INFO] - 		round 5: 1.232935223969322
[2024-08-13 11:59:30,593][flwr][INFO] - 		round 6: 1.2518568748074352
[2024-08-13 11:59:30,593][flwr][INFO] - 		round 7: 1.214627549477293
[2024-08-13 11:59:30,593][flwr][INFO] - 		round 8: 1.2146701528412043
[2024-08-13 11:59:30,593][flwr][INFO] - 		round 9: 1.2135217219645147
[2024-08-13 11:59:30,593][flwr][INFO] - 		round 10: 1.20321291317247
[2024-08-13 11:59:30,593][flwr][INFO] - 	History (metrics, centralized):
[2024-08-13 11:59:30,593][flwr][INFO] - 	{'accuracy': [(0, 0.098),
[2024-08-13 11:59:30,593][flwr][INFO] - 	              (1, 0.3901),
[2024-08-13 11:59:30,593][flwr][INFO] - 	              (2, 0.5339),
[2024-08-13 11:59:30,594][flwr][INFO] - 	              (3, 0.5143),
[2024-08-13 11:59:30,594][flwr][INFO] - 	              (4, 0.5934),
[2024-08-13 11:59:30,594][flwr][INFO] - 	              (5, 0.5838),
[2024-08-13 11:59:30,594][flwr][INFO] - 	              (6, 0.5891),
[2024-08-13 11:59:30,594][flwr][INFO] - 	              (7, 0.6102),
[2024-08-13 11:59:30,594][flwr][INFO] - 	              (8, 0.5928),
[2024-08-13 11:59:30,594][flwr][INFO] - 	              (9, 0.617),
[2024-08-13 11:59:30,594][flwr][INFO] - 	              (10, 0.5972)],
[2024-08-13 11:59:30,594][flwr][INFO] - 	 'confusion_matrix': [(0,
[2024-08-13 11:59:30,594][flwr][INFO] - 	                       array([[ 980,    0,    0,    0,    0,    0,    0,    0,    0,    0],
[2024-08-13 11:59:30,594][flwr][INFO] - 	       [1135,    0,    0,    0,    0,    0,    0,    0,    0,    0],
[2024-08-13 11:59:30,594][flwr][INFO] - 	       [1032,    0,    0,    0,    0,    0,    0,    0,    0,    0],
[2024-08-13 11:59:30,594][flwr][INFO] - 	       [1010,    0,    0,    0,    0,    0,    0,    0,    0,    0],
[2024-08-13 11:59:30,594][flwr][INFO] - 	       [ 982,    0,    0,    0,    0,    0,    0,    0,    0,    0],
[2024-08-13 11:59:30,594][flwr][INFO] - 	       [ 892,    0,    0,    0,    0,    0,    0,    0,    0,    0],
[2024-08-13 11:59:30,594][flwr][INFO] - 	       [ 958,    0,    0,    0,    0,    0,    0,    0,    0,    0],
[2024-08-13 11:59:30,595][flwr][INFO] - 	       [1028,    0,    0,    0,    0,    0,    0,    0,    0,    0],
[2024-08-13 11:59:30,595][flwr][INFO] - 	       [ 974,    0,    0,    0,    0,    0,    0,    0,    0,    0],
[2024-08-13 11:59:30,595][flwr][INFO] - 	       [1009,    0,    0,    0,    0,    0,    0,    0,    0,    0]],
[2024-08-13 11:59:30,595][flwr][INFO] - 	      dtype=int64)),
[2024-08-13 11:59:30,595][flwr][INFO] - 	                      (1,
[2024-08-13 11:59:30,595][flwr][INFO] - 	                       array([[ 943,    1,    2,   12,    0,    0,    3,    5,    3,   11],
[2024-08-13 11:59:30,595][flwr][INFO] - 	       [   0,   13, 1069,    4,    0,    0,    2,    0,    3,   44],
[2024-08-13 11:59:30,595][flwr][INFO] - 	       [  54,    1,  266,  573,    1,    0,   12,   23,   38,   64],
[2024-08-13 11:59:30,595][flwr][INFO] - 	       [  14,    0,    8,  824,   17,    0,    1,   10,   31,  105],
[2024-08-13 11:59:30,595][flwr][INFO] - 	       [  61,    0,    8,    1,  174,    0,    4,   29,    5,  700],
[2024-08-13 11:59:30,595][flwr][INFO] - 	       [ 176,   51,   46,  214,   21,    0,   16,   18,  101,  249],
[2024-08-13 11:59:30,595][flwr][INFO] - 	       [ 107,    4,   45,   14,    2,    0,  586,  179,    1,   20],
[2024-08-13 11:59:30,595][flwr][INFO] - 	       [  54,    0,   41,    5,    5,    0,    0,  115,  706,  102],
[2024-08-13 11:59:30,595][flwr][INFO] - 	       [  35,    2,   32,  176,    3,    0,    2,    3,  108,  613],
[2024-08-13 11:59:30,595][flwr][INFO] - 	       [  70,    0,    2,    7,   18,    0,    0,    8,   32,  872]],
[2024-08-13 11:59:30,595][flwr][INFO] - 	      dtype=int64)),
[2024-08-13 11:59:30,595][flwr][INFO] - 	                      (2,
[2024-08-13 11:59:30,596][flwr][INFO] - 	                       array([[436, 354,   2,   1,  10,   2, 142,  30,   3,   0],
[2024-08-13 11:59:30,596][flwr][INFO] - 	       [  0, 854, 253,   3,  11,   2,   7,   4,   1,   0],
[2024-08-13 11:59:30,596][flwr][INFO] - 	       [  1,  65, 649, 111,  54,   3,  35,  84,  30,   0],
[2024-08-13 11:59:30,596][flwr][INFO] - 	       [  0,  97,  18, 369, 435,   0,  35,  22,  34,   0],
[2024-08-13 11:59:30,596][flwr][INFO] - 	       [  2,   4,   4,   0, 717,  88,  21, 137,   9,   0],
[2024-08-13 11:59:30,596][flwr][INFO] - 	       [  7, 196,  16,  16, 174, 265, 149,  35,  34,   0],
[2024-08-13 11:59:30,596][flwr][INFO] - 	       [  1,  36,  14,   0,   9,   0, 767, 131,   0,   0],
[2024-08-13 11:59:30,596][flwr][INFO] - 	       [  6,  30,  37,   0,  27,   0,   1, 848,  79,   0],
[2024-08-13 11:59:30,596][flwr][INFO] - 	       [  1, 124,  20,  11, 285,  10,  64,  25, 434,   0],
[2024-08-13 11:59:30,596][flwr][INFO] - 	       [ 13,  16,   2,   0, 483,  44,   5, 376,  70,   0]], dtype=int64)),
[2024-08-13 11:59:30,596][flwr][INFO] - 	                      (3,
[2024-08-13 11:59:30,596][flwr][INFO] - 	                       array([[928,  11,   2,  13,   0,   2,  13,   3,   1,   7],
[2024-08-13 11:59:30,596][flwr][INFO] - 	       [  0, 414, 679,   6,   0,   1,   3,   0,   0,  32],
[2024-08-13 11:59:30,596][flwr][INFO] - 	       [ 32,   4, 516, 365,   0,   4,  15,  17,  28,  51],
[2024-08-13 11:59:30,596][flwr][INFO] - 	       [  7,   2,   9, 835,   2,  12,   7,  10,  15, 111],
[2024-08-13 11:59:30,596][flwr][INFO] - 	       [ 45,   3,   6,   1,  87, 184,   9,  12,   2, 633],
[2024-08-13 11:59:30,596][flwr][INFO] - 	       [ 84,  51,  37, 182,   0, 304,  38,  12,  36, 148],
[2024-08-13 11:59:30,597][flwr][INFO] - 	       [ 56,   8,  50,   6,   2,   5, 738,  81,   0,  12],
[2024-08-13 11:59:30,597][flwr][INFO] - 	       [ 59,   4,  48,   3,   0,   4,   0, 320, 349, 241],
[2024-08-13 11:59:30,597][flwr][INFO] - 	       [ 25,   5,  37, 153,   1,   7,   9,   2,  82, 653],
[2024-08-13 11:59:30,597][flwr][INFO] - 	       [ 60,   2,   2,   8,   3,   5,   0,   7,   3, 919]], dtype=int64)),
[2024-08-13 11:59:30,597][flwr][INFO] - 	                      (4,
[2024-08-13 11:59:30,597][flwr][INFO] - 	                       array([[411, 403,   1,   1,  10,   9,  94,  41,  10,   0],
[2024-08-13 11:59:30,597][flwr][INFO] - 	       [  0, 929, 175,   3,   8,   2,   9,   4,   5,   0],
[2024-08-13 11:59:30,597][flwr][INFO] - 	       [  0,  43, 733,  65,  49,   1,  23,  68,  50,   0],
[2024-08-13 11:59:30,597][flwr][INFO] - 	       [  0,  59,  18, 467, 314,   8,  26,  25,  93,   0],
[2024-08-13 11:59:30,597][flwr][INFO] - 	       [  0,   5,   1,   0, 797,  54,  14,  99,  12,   0],
[2024-08-13 11:59:30,597][flwr][INFO] - 	       [  4, 132,  13,  23,  92, 411, 108,  38,  71,   0],
[2024-08-13 11:59:30,597][flwr][INFO] - 	       [  2,  31,  18,   0,  14,   3, 715, 175,   0,   0],
[2024-08-13 11:59:30,597][flwr][INFO] - 	       [  6,  26,  29,   0,  29,   0,   1, 819, 118,   0],
[2024-08-13 11:59:30,597][flwr][INFO] - 	       [  1,  59,  16,  17, 149,  25,  42,  13, 652,   0],
[2024-08-13 11:59:30,597][flwr][INFO] - 	       [ 18,   9,   1,   1, 466,  68,   0, 287, 159,   0]], dtype=int64)),
[2024-08-13 11:59:30,597][flwr][INFO] - 	                      (5,
[2024-08-13 11:59:30,597][flwr][INFO] - 	                       array([[914,  26,   2,   9,   0,   2,  16,   4,   0,   7],
[2024-08-13 11:59:30,598][flwr][INFO] - 	       [  0, 681, 416,   8,   0,   2,   6,   1,   0,  21],
[2024-08-13 11:59:30,598][flwr][INFO] - 	       [ 32,   5, 555, 335,   4,   3,  19,  19,  11,  49],
[2024-08-13 11:59:30,598][flwr][INFO] - 	       [ 10,   5,   8, 838,   2,  13,  15,  11,   2, 106],
[2024-08-13 11:59:30,598][flwr][INFO] - 	       [ 46,   3,   6,   1, 203, 174,  13,  19,   0, 517],
[2024-08-13 11:59:30,598][flwr][INFO] - 	       [ 69,  55,  29, 146,   3, 373,  69,  14,  12, 122],
[2024-08-13 11:59:30,598][flwr][INFO] - 	       [ 33,  11,  36,   3,   3,   3, 786,  78,   0,   5],
[2024-08-13 11:59:30,598][flwr][INFO] - 	       [ 72,  11,  40,  11,   4,   4,   0, 569,  63, 254],
[2024-08-13 11:59:30,598][flwr][INFO] - 	       [ 24,  13,  32, 149,   2,  11,  21,   4,  22, 696],
[2024-08-13 11:59:30,598][flwr][INFO] - 	       [ 71,   3,   3,   9,   9,   9,   0,   8,   0, 897]], dtype=int64)),
[2024-08-13 11:59:30,598][flwr][INFO] - 	                      (6,
[2024-08-13 11:59:30,598][flwr][INFO] - 	                       array([[351, 472,   1,   1,  10,  13,  70,  38,  24,   0],
[2024-08-13 11:59:30,598][flwr][INFO] - 	       [  0, 902, 191,   2,   5,   2,   5,   2,  26,   0],
[2024-08-13 11:59:30,598][flwr][INFO] - 	       [  1,  33, 771,  39,  49,   2,  17,  45,  75,   0],
[2024-08-13 11:59:30,598][flwr][INFO] - 	       [  0,  46,  21, 418, 331,   7,  21,  19, 147,   0],
[2024-08-13 11:59:30,598][flwr][INFO] - 	       [  1,   4,   1,   0, 829,  38,  14,  68,  26,   1],
[2024-08-13 11:59:30,598][flwr][INFO] - 	       [  4,  97,  10,  18,  78, 448,  95,  27, 115,   0],
[2024-08-13 11:59:30,598][flwr][INFO] - 	       [  2,  24,  24,   0,  17,   3, 698, 189,   1,   0],
[2024-08-13 11:59:30,599][flwr][INFO] - 	       [  8,  19,  31,   0,  34,   0,   1, 700, 235,   0],
[2024-08-13 11:59:30,599][flwr][INFO] - 	       [  1,  31,  16,   7,  99,  16,  26,   6, 772,   0],
[2024-08-13 11:59:30,599][flwr][INFO] - 	       [ 27,   5,   3,   0, 462,  56,   0, 148, 306,   2]], dtype=int64)),
[2024-08-13 11:59:30,599][flwr][INFO] - 	                      (7,
[2024-08-13 11:59:30,599][flwr][INFO] - 	                       array([[880,  46,   2,  12,   0,   5,  21,   9,   0,   5],
[2024-08-13 11:59:30,599][flwr][INFO] - 	       [  0, 741, 355,  11,   0,   3,   9,   1,   0,  15],
[2024-08-13 11:59:30,599][flwr][INFO] - 	       [ 25,   7, 557, 341,   6,   3,  19,  28,   3,  43],
[2024-08-13 11:59:30,599][flwr][INFO] - 	       [  8,   5,   7, 847,   2,  15,  16,  18,   0,  92],
[2024-08-13 11:59:30,599][flwr][INFO] - 	       [ 34,   3,   4,   1, 265, 245,  15,  35,   0, 380],
[2024-08-13 11:59:30,599][flwr][INFO] - 	       [ 49,  52,  20, 122,   2, 434,  93,  23,   3,  94],
[2024-08-13 11:59:30,599][flwr][INFO] - 	       [ 27,  10,  29,   2,   4,   2, 767, 116,   0,   1],
[2024-08-13 11:59:30,599][flwr][INFO] - 	       [ 61,  13,  45,   9,   5,   4,   0, 724,   8, 159],
[2024-08-13 11:59:30,599][flwr][INFO] - 	       [ 26,  17,  30, 157,   3,  13,  25,   8,   1, 694],
[2024-08-13 11:59:30,599][flwr][INFO] - 	       [ 73,   3,   3,   9,  10,  10,   0,  15,   0, 886]], dtype=int64)),
[2024-08-13 11:59:30,599][flwr][INFO] - 	                      (8,
[2024-08-13 11:59:30,599][flwr][INFO] - 	                       array([[404, 446,   2,   1,   8,  13,  59,  24,  23,   0],
[2024-08-13 11:59:30,599][flwr][INFO] - 	       [  0, 880, 207,   2,   3,   3,   7,   1,  32,   0],
[2024-08-13 11:59:30,600][flwr][INFO] - 	       [  1,  27, 771,  49,  47,   2,  18,  36,  81,   0],
[2024-08-13 11:59:30,600][flwr][INFO] - 	       [  0,  38,  24, 450, 297,  13,  21,  17, 150,   0],
[2024-08-13 11:59:30,600][flwr][INFO] - 	       [  3,   4,   1,   0, 822,  62,  14,  43,  32,   1],
[2024-08-13 11:59:30,600][flwr][INFO] - 	       [  5,  80,  10,  19,  52, 477, 100,  23, 126,   0],
[2024-08-13 11:59:30,600][flwr][INFO] - 	       [  3,  24,  26,   0,  20,   3, 713, 168,   1,   0],
[2024-08-13 11:59:30,600][flwr][INFO] - 	       [ 13,  18,  32,   0,  31,   1,   1, 535, 397,   0],
[2024-08-13 11:59:30,600][flwr][INFO] - 	       [  3,  24,  21,   6,  71,  17,  26,   4, 802,   0],
[2024-08-13 11:59:30,600][flwr][INFO] - 	       [ 62,   5,   4,   0, 342,  66,   0,  89, 367,  74]], dtype=int64)),
[2024-08-13 11:59:30,600][flwr][INFO] - 	                      (9,
[2024-08-13 11:59:30,600][flwr][INFO] - 	                       array([[866,  57,   1,  12,   0,   5,  23,  10,   0,   6],
[2024-08-13 11:59:30,600][flwr][INFO] - 	       [  0, 819, 271,  11,   1,   2,  10,   1,   0,  20],
[2024-08-13 11:59:30,600][flwr][INFO] - 	       [ 22,  11, 498, 391,   8,   3,  18,  33,   0,  48],
[2024-08-13 11:59:30,600][flwr][INFO] - 	       [  6,   7,   4, 839,   5,  16,  15,  19,   0,  99],
[2024-08-13 11:59:30,600][flwr][INFO] - 	       [ 20,   4,   2,   2, 342, 168,  14,  37,   0, 393],
[2024-08-13 11:59:30,600][flwr][INFO] - 	       [ 45,  54,  13, 103,   9, 424,  97,  29,   2, 116],
[2024-08-13 11:59:30,600][flwr][INFO] - 	       [ 24,  12,  18,   2,   4,   1, 729, 165,   0,   3],
[2024-08-13 11:59:30,600][flwr][INFO] - 	       [ 47,  14,  38,  10,   9,   3,   0, 752,   4, 151],
[2024-08-13 11:59:30,601][flwr][INFO] - 	       [ 20,  18,  22, 125,   4,  13,  26,   8,   1, 737],
[2024-08-13 11:59:30,601][flwr][INFO] - 	       [ 59,   3,   3,   8,  11,   8,   0,  17,   0, 900]], dtype=int64)),
[2024-08-13 11:59:30,601][flwr][INFO] - 	                      (10,
[2024-08-13 11:59:30,601][flwr][INFO] - 	                       array([[417, 444,   2,   1,   7,  15,  55,  22,  17,   0],
[2024-08-13 11:59:30,601][flwr][INFO] - 	       [  0, 887, 206,   2,   5,   3,   7,   1,  24,   0],
[2024-08-13 11:59:30,601][flwr][INFO] - 	       [  1,  27, 783,  55,  43,   2,  18,  32,  71,   0],
[2024-08-13 11:59:30,601][flwr][INFO] - 	       [  1,  36,  23, 449, 313,  16,  23,  17, 132,   0],
[2024-08-13 11:59:30,601][flwr][INFO] - 	       [  6,   4,   1,   0, 803,  92,  16,  34,  25,   1],
[2024-08-13 11:59:30,601][flwr][INFO] - 	       [  7,  74,   8,  17,  40, 515, 104,  24, 103,   0],
[2024-08-13 11:59:30,601][flwr][INFO] - 	       [  4,  25,  21,   0,  20,   3, 727, 157,   1,   0],
[2024-08-13 11:59:30,601][flwr][INFO] - 	       [ 23,  18,  33,   1,  36,   1,   1, 526, 389,   0],
[2024-08-13 11:59:30,601][flwr][INFO] - 	       [  4,  26,  22,   8,  71,  22,  32,   4, 785,   0],
[2024-08-13 11:59:30,601][flwr][INFO] - 	       [136,   6,   4,   0, 301, 100,   0,  77, 305,  80]], dtype=int64))],
[2024-08-13 11:59:30,601][flwr][INFO] - 	 'f1': [(0, 0.017493624772313296),
[2024-08-13 11:59:30,601][flwr][INFO] - 	        (1, 0.32913419782167574),
[2024-08-13 11:59:30,601][flwr][INFO] - 	        (2, 0.5025539953678212),
[2024-08-13 11:59:30,601][flwr][INFO] - 	        (3, 0.4830941274798789),
[2024-08-13 11:59:30,602][flwr][INFO] - 	        (4, 0.5613415400995039),
[2024-08-13 11:59:30,602][flwr][INFO] - 	        (5, 0.5557720485911438),
[2024-08-13 11:59:30,602][flwr][INFO] - 	        (6, 0.5562396166946443),
[2024-08-13 11:59:30,602][flwr][INFO] - 	        (7, 0.5776516009146857),
[2024-08-13 11:59:30,602][flwr][INFO] - 	        (8, 0.5706397971858772),
[2024-08-13 11:59:30,602][flwr][INFO] - 	        (9, 0.5879024343840581),
[2024-08-13 11:59:30,602][flwr][INFO] - 	        (10, 0.5737505038558269)],
[2024-08-13 11:59:30,602][flwr][INFO] - 	 'precision': [(0, 0.009604000000000001),
[2024-08-13 11:59:30,602][flwr][INFO] - 	               (1, 0.3778550639860415),
[2024-08-13 11:59:30,602][flwr][INFO] - 	               (2, 0.5463857689066348),
[2024-08-13 11:59:30,602][flwr][INFO] - 	               (3, 0.6011476069314243),
[2024-08-13 11:59:30,602][flwr][INFO] - 	               (4, 0.5883172290446189),
[2024-08-13 11:59:30,602][flwr][INFO] - 	               (5, 0.6286077675037594),
[2024-08-13 11:59:30,602][flwr][INFO] - 	               (6, 0.6614540210159701),
[2024-08-13 11:59:30,602][flwr][INFO] - 	               (7, 0.6148318828742866),
[2024-08-13 11:59:30,602][flwr][INFO] - 	               (8, 0.684032785742003),
[2024-08-13 11:59:30,602][flwr][INFO] - 	               (9, 0.6270542581745714),
[2024-08-13 11:59:30,603][flwr][INFO] - 	               (10, 0.6717661341687421)],
[2024-08-13 11:59:30,603][flwr][INFO] - 	 'recall': [(0, 0.098),
[2024-08-13 11:59:30,603][flwr][INFO] - 	            (1, 0.3901),
[2024-08-13 11:59:30,603][flwr][INFO] - 	            (2, 0.5339),
[2024-08-13 11:59:30,603][flwr][INFO] - 	            (3, 0.5143),
[2024-08-13 11:59:30,603][flwr][INFO] - 	            (4, 0.5934),
[2024-08-13 11:59:30,603][flwr][INFO] - 	            (5, 0.5838),
[2024-08-13 11:59:30,603][flwr][INFO] - 	            (6, 0.5891),
[2024-08-13 11:59:30,603][flwr][INFO] - 	            (7, 0.6102),
[2024-08-13 11:59:30,603][flwr][INFO] - 	            (8, 0.5928),
[2024-08-13 11:59:30,603][flwr][INFO] - 	            (9, 0.617),
[2024-08-13 11:59:30,603][flwr][INFO] - 	            (10, 0.5972)]}
[2024-08-13 11:59:30,603][flwr][INFO] - 
