[2024-08-13 11:40:13,875][flwr][INFO] - Starting Flower simulation, config: num_rounds=10, no round_timeout
[2024-08-13 11:40:17,914][flwr][INFO] - Flower VCE: Ray initialized with resources: {'CPU': 16.0, 'memory': 5070891419.0, 'object_store_memory': 2535445708.0, 'node:127.0.0.1': 1.0, 'accelerator_type:G': 1.0, 'GPU': 1.0, 'node:__internal_head__': 1.0}
[2024-08-13 11:40:17,914][flwr][INFO] - Optimize your simulation with Flower VCE: https://flower.ai/docs/framework/how-to-run-simulations.html
[2024-08-13 11:40:17,914][flwr][INFO] - Flower VCE: Resources for each Virtual Client: {'num_cpus': 2, 'num_gpus': 0.5}
[2024-08-13 11:40:17,926][flwr][INFO] - Flower VCE: Creating VirtualClientEngineActorPool with 2 actors
[2024-08-13 11:40:17,926][flwr][INFO] - [INIT]
[2024-08-13 11:40:17,926][flwr][INFO] - Requesting initial parameters from one random client
[2024-08-13 11:40:25,532][flwr][INFO] - Received initial parameters from one random client
[2024-08-13 11:40:25,532][flwr][INFO] - Evaluating initial global parameters
[2024-08-13 11:40:27,749][flwr][INFO] - initial parameters (loss, other metrics): 2.3025850929940455, {'accuracy': 0.098, 'precision': 0.009604000000000001, 'recall': 0.098, 'f1': 0.017493624772313296, 'confusion_matrix': array([[ 980,    0,    0,    0,    0,    0,    0,    0,    0,    0],
       [1135,    0,    0,    0,    0,    0,    0,    0,    0,    0],
       [1032,    0,    0,    0,    0,    0,    0,    0,    0,    0],
       [1010,    0,    0,    0,    0,    0,    0,    0,    0,    0],
       [ 982,    0,    0,    0,    0,    0,    0,    0,    0,    0],
       [ 892,    0,    0,    0,    0,    0,    0,    0,    0,    0],
       [ 958,    0,    0,    0,    0,    0,    0,    0,    0,    0],
       [1028,    0,    0,    0,    0,    0,    0,    0,    0,    0],
       [ 974,    0,    0,    0,    0,    0,    0,    0,    0,    0],
       [1009,    0,    0,    0,    0,    0,    0,    0,    0,    0]],
      dtype=int64)}
[2024-08-13 11:40:27,750][flwr][INFO] - 
[2024-08-13 11:40:27,750][flwr][INFO] - [ROUND 1]
[2024-08-13 11:40:27,750][flwr][INFO] - configure_fit: strategy sampled 10 clients (out of 10)
[2024-08-13 11:40:36,272][flwr][INFO] - aggregate_fit: received 10 results and 0 failures
[2024-08-13 11:40:36,275][flwr][WARNING] - No fit_metrics_aggregation_fn provided
[2024-08-13 11:40:38,329][flwr][INFO] - fit progress: (1, 1.3204279122359615, {'accuracy': 0.5467, 'precision': 0.6697872615160422, 'recall': 0.5467, 'f1': 0.5137258190930293, 'confusion_matrix': array([[960,   0,   2,   4,   0,   0,   5,   1,   5,   3],
       [  0, 607, 466,   4,   0,   0,   4,   0,   5,  49],
       [ 82,   2, 454, 354,   1,   0,  16,  16,  51,  56],
       [ 22,   1,   9, 840,   7,   0,   3,   8,  24,  96],
       [ 64,   2,   5,   0, 192,   0,  10,  18,   7, 684],
       [248,  50,  37, 214,  11,   1,  23,  13, 103, 192],
       [140,   7,  45,   5,   2,   0, 708,  38,   2,  11],
       [ 54,   5,  36,   3,   4,   0,   0, 495, 266, 165],
       [ 51,   4,  25, 177,   3,   0,   6,   3, 328, 377],
       [ 73,   2,   2,   7,  14,   0,   0,   8,  21, 882]], dtype=int64)}, 10.579583500002627)
[2024-08-13 11:40:38,330][flwr][INFO] - configure_evaluate: no clients selected, skipping evaluation
[2024-08-13 11:40:38,330][flwr][INFO] - 
[2024-08-13 11:40:38,330][flwr][INFO] - [ROUND 2]
[2024-08-13 11:40:38,330][flwr][INFO] - configure_fit: strategy sampled 10 clients (out of 10)
[2024-08-13 11:40:44,726][flwr][INFO] - aggregate_fit: received 10 results and 0 failures
[2024-08-13 11:40:46,788][flwr][INFO] - fit progress: (2, 1.298715162327194, {'accuracy': 0.6157, 'precision': 0.5984133548211643, 'recall': 0.6157, 'f1': 0.5857062091909881, 'confusion_matrix': array([[550, 169,   2,   5,  14,  26, 168,  38,   8,   0],
       [  0, 917, 196,   2,   7,   3,   5,   4,   1,   0],
       [  0,  37, 729,  83,  44,   2,  31,  70,  36,   0],
       [  0,  71,  22, 536, 271,  18,  20,  27,  45,   0],
       [  0,   4,   5,   0, 764,  64,  24, 112,   9,   0],
       [  3, 141,  15,  40,  75, 491,  68,  37,  22,   0],
       [  1,  28,  25,   0,  12,   2, 799,  91,   0,   0],
       [  2,  30,  40,   0,  25,   0,   1, 881,  49,   0],
       [  1,  99,  23,  29, 207,  60,  41,  24, 490,   0],
       [  6,  14,   2,   1, 460,  88,   1, 377,  60,   0]], dtype=int64)}, 19.038471399995615)
[2024-08-13 11:40:46,789][flwr][INFO] - configure_evaluate: no clients selected, skipping evaluation
[2024-08-13 11:40:46,789][flwr][INFO] - 
[2024-08-13 11:40:46,789][flwr][INFO] - [ROUND 3]
[2024-08-13 11:40:46,789][flwr][INFO] - configure_fit: strategy sampled 10 clients (out of 10)
[2024-08-13 11:40:53,364][flwr][INFO] - aggregate_fit: received 10 results and 0 failures
[2024-08-13 11:40:55,491][flwr][INFO] - fit progress: (3, 1.3044226412771185, {'accuracy': 0.5203, 'precision': 0.6361581246172379, 'recall': 0.5203, 'f1': 0.48972443937368887, 'confusion_matrix': array([[929,  10,   2,  14,   0,   0,  13,   2,   1,   9],
       [  0, 641, 445,   7,   0,   0,   3,   0,   1,  38],
       [ 34,   4, 450, 408,   0,   1,  16,  13,  36,  70],
       [  7,   3,   6, 836,   1,   9,   7,   8,  15, 118],
       [ 53,   3,   4,   1, 109,  19,  11,   8,   4, 770],
       [105,  64,  34, 198,   1, 155,  36,   9,  50, 240],
       [ 64,   8,  42,   7,   2,   1, 763,  55,   0,  16],
       [ 63,   7,  33,   4,   1,   0,   0, 244, 385, 291],
       [ 24,   9,  22, 149,   2,   1,   8,   2, 140, 617],
       [ 51,   3,   2,   8,   2,   1,   0,   4,   2, 936]], dtype=int64)}, 27.741884600007324)
[2024-08-13 11:40:55,492][flwr][INFO] - configure_evaluate: no clients selected, skipping evaluation
[2024-08-13 11:40:55,492][flwr][INFO] - 
[2024-08-13 11:40:55,492][flwr][INFO] - [ROUND 4]
[2024-08-13 11:40:55,493][flwr][INFO] - configure_fit: strategy sampled 10 clients (out of 10)
[2024-08-13 11:41:02,154][flwr][INFO] - aggregate_fit: received 10 results and 0 failures
[2024-08-13 11:41:04,219][flwr][INFO] - fit progress: (4, 1.2913806199489062, {'accuracy': 0.6192, 'precision': 0.6044562628202403, 'recall': 0.6192, 'f1': 0.5868909787464641, 'confusion_matrix': array([[481, 330,   1,   1,   9,  20,  89,  39,  10,   0],
       [  0, 916, 194,   1,   4,   4,   9,   4,   3,   0],
       [  0,  40, 783,  37,  45,   3,  20,  62,  42,   0],
       [  0,  65,  28, 446, 299,  33,  24,  30,  85,   0],
       [  0,   4,   2,   0, 774,  81,  17,  95,   9,   0],
       [  4, 114,  17,  17,  43, 547,  73,  39,  38,   0],
       [  2,  24,  24,   0,  12,   4, 751, 141,   0,   0],
       [  5,  22,  39,   0,  25,   0,   1, 863,  73,   0],
       [  1,  58,  22,  13, 136,  56,  37,  20, 631,   0],
       [ 12,  10,   2,   0, 419, 145,   0, 327,  94,   0]], dtype=int64)}, 36.4696311000007)
[2024-08-13 11:41:04,220][flwr][INFO] - configure_evaluate: no clients selected, skipping evaluation
[2024-08-13 11:41:04,220][flwr][INFO] - 
[2024-08-13 11:41:04,220][flwr][INFO] - [ROUND 5]
[2024-08-13 11:41:04,220][flwr][INFO] - configure_fit: strategy sampled 10 clients (out of 10)
[2024-08-13 11:41:11,202][flwr][INFO] - aggregate_fit: received 10 results and 0 failures
[2024-08-13 11:41:13,263][flwr][INFO] - fit progress: (5, 1.237448978992655, {'accuracy': 0.5801, 'precision': 0.6477516673760841, 'recall': 0.5801, 'f1': 0.558433794827401, 'confusion_matrix': array([[915,  27,   1,  12,   0,   1,  16,   2,   0,   6],
       [  0, 783, 304,  13,   0,   1,   8,   1,   1,  24],
       [ 35,   5, 407, 478,   4,   1,  21,  18,  21,  42],
       [  7,   5,   3, 859,   1,   9,  12,  10,   8,  96],
       [ 60,   4,   5,   1, 290,  47,  15,  15,   3, 542],
       [106,  62,  23, 185,   6, 237,  81,  13,  29, 150],
       [ 37,  12,  25,   6,   3,   0, 805,  66,   0,   4],
       [ 82,  13,  32,  17,   5,   1,   0, 498, 158, 222],
       [ 25,  16,  16, 169,   3,   4,  24,   2, 109, 606],
       [ 74,   3,   2,  10,  11,   3,   0,   7,   1, 898]], dtype=int64)}, 45.51404550000734)
[2024-08-13 11:41:13,264][flwr][INFO] - configure_evaluate: no clients selected, skipping evaluation
[2024-08-13 11:41:13,264][flwr][INFO] - 
[2024-08-13 11:41:13,264][flwr][INFO] - [ROUND 6]
[2024-08-13 11:41:13,265][flwr][INFO] - configure_fit: strategy sampled 10 clients (out of 10)
[2024-08-13 11:41:20,054][flwr][INFO] - aggregate_fit: received 10 results and 0 failures
[2024-08-13 11:41:22,121][flwr][INFO] - fit progress: (6, 1.252689727466954, {'accuracy': 0.5904, 'precision': 0.6994857404871451, 'recall': 0.5904, 'f1': 0.5481472124708078, 'confusion_matrix': array([[310, 487,   1,   0,  14,  26,  70,  51,  21,   0],
       [  0, 887, 220,   1,   4,   4,   6,   4,   9,   0],
       [  0,  27, 817,  13,  51,   3,  17,  49,  55,   0],
       [  0,  56,  42, 265, 436,  27,  22,  29, 133,   0],
       [  0,   4,   2,   0, 800,  72,  11,  77,  16,   0],
       [  2,  92,  16,   8,  42, 571,  62,  31,  68,   0],
       [  1,  22,  31,   0,  15,   4, 693, 191,   1,   0],
       [  5,  21,  38,   0,  26,   1,   0, 832, 105,   0],
       [  1,  33,  29,   2, 106,  39,  25,  12, 727,   0],
       [ 13,   8,   3,   0, 436, 123,   0, 245, 179,   2]], dtype=int64)}, 54.37121460000344)
[2024-08-13 11:41:22,122][flwr][INFO] - configure_evaluate: no clients selected, skipping evaluation
[2024-08-13 11:41:22,122][flwr][INFO] - 
[2024-08-13 11:41:22,122][flwr][INFO] - [ROUND 7]
[2024-08-13 11:41:22,122][flwr][INFO] - configure_fit: strategy sampled 10 clients (out of 10)
[2024-08-13 11:41:29,071][flwr][INFO] - aggregate_fit: received 10 results and 0 failures
[2024-08-13 11:41:31,185][flwr][INFO] - fit progress: (7, 1.208212198493396, {'accuracy': 0.6, 'precision': 0.6469460574413561, 'recall': 0.6, 'f1': 0.568460640897521, 'confusion_matrix': array([[905,  32,   1,  13,   0,   2,  17,   4,   0,   6],
       [  0, 886, 197,  18,   0,   2,  12,   1,   0,  19],
       [ 31,  10, 346, 541,   5,   2,  23,  20,   9,  45],
       [  7,   4,   2, 866,   1,  13,  13,  14,   2,  88],
       [ 53,   5,   0,   4, 281, 127,  19,  22,   0, 471],
       [ 74,  61,  12, 165,   5, 331, 101,  14,  12, 117],
       [ 29,  12,  13,   5,   3,   0, 813,  81,   0,   2],
       [ 76,  18,  25,  26,   3,   3,   0, 650,  32, 195],
       [ 25,  26,  15, 175,   3,  10,  25,   5,  29, 661],
       [ 75,   3,   3,  10,   7,   8,   0,  10,   0, 893]], dtype=int64)}, 63.43512209999608)
[2024-08-13 11:41:31,185][flwr][INFO] - configure_evaluate: no clients selected, skipping evaluation
[2024-08-13 11:41:31,186][flwr][INFO] - 
[2024-08-13 11:41:31,186][flwr][INFO] - [ROUND 8]
[2024-08-13 11:41:31,186][flwr][INFO] - configure_fit: strategy sampled 10 clients (out of 10)
[2024-08-13 11:41:37,979][flwr][INFO] - aggregate_fit: received 10 results and 0 failures
[2024-08-13 11:41:40,031][flwr][INFO] - fit progress: (8, 1.2232989111583854, {'accuracy': 0.5892, 'precision': 0.6945173345499558, 'recall': 0.5892, 'f1': 0.5541851364660625, 'confusion_matrix': array([[360, 471,   2,   0,  12,  14,  53,  37,  31,   0],
       [  0, 861, 234,   1,   5,   3,   6,   1,  24,   0],
       [  1,  23, 819,  14,  51,   2,  16,  38,  68,   0],
       [  0,  43,  41, 281, 419,  21,  18,  22, 165,   0],
       [  2,   4,   2,   0, 840,  47,  11,  47,  28,   1],
       [  3,  75,  15,  11,  45, 535,  66,  25, 117,   0],
       [  3,  22,  32,   0,  20,   4, 673, 203,   1,   0],
       [  9,  14,  38,   0,  34,   1,   0, 699, 233,   0],
       [  1,  24,  26,   1,  76,  20,  20,   6, 800,   0],
       [ 31,   6,   4,   0, 416,  80,   0, 132, 316,  24]], dtype=int64)}, 72.28125290000753)
[2024-08-13 11:41:40,032][flwr][INFO] - configure_evaluate: no clients selected, skipping evaluation
[2024-08-13 11:41:40,032][flwr][INFO] - 
[2024-08-13 11:41:40,032][flwr][INFO] - [ROUND 9]
[2024-08-13 11:41:40,032][flwr][INFO] - configure_fit: strategy sampled 10 clients (out of 10)
[2024-08-13 11:41:46,657][flwr][INFO] - aggregate_fit: received 10 results and 0 failures
[2024-08-13 11:41:48,877][flwr][INFO] - fit progress: (9, 1.2046104537501459, {'accuracy': 0.6145, 'precision': 0.6218695427456805, 'recall': 0.6145, 'f1': 0.5795434732374056, 'confusion_matrix': array([[880,  47,   1,  14,   0,   4,  21,   8,   0,   5],
       [  0, 881, 203,  18,   1,   2,  13,   1,   0,  16],
       [ 23,  11, 400, 493,   5,   2,  21,  30,   3,  44],
       [  7,   4,   2, 870,   2,  14,  10,  18,   0,  83],
       [ 32,   5,   1,   3, 281, 233,  18,  31,   0, 378],
       [ 47,  54,  10, 129,   3, 424,  98,  22,   2, 103],
       [ 27,  11,  15,   2,   4,   1, 787, 108,   0,   3],
       [ 64,  15,  29,  22,   3,   5,   0, 725,   6, 159],
       [ 26,  27,  15, 166,   3,  14,  24,   8,   1, 690],
       [ 64,   3,   3,  12,   7,  10,   0,  14,   0, 896]], dtype=int64)}, 81.12744989999919)
[2024-08-13 11:41:48,877][flwr][INFO] - configure_evaluate: no clients selected, skipping evaluation
[2024-08-13 11:41:48,878][flwr][INFO] - 
[2024-08-13 11:41:48,878][flwr][INFO] - [ROUND 10]
[2024-08-13 11:41:48,878][flwr][INFO] - configure_fit: strategy sampled 10 clients (out of 10)
[2024-08-13 11:41:55,552][flwr][INFO] - aggregate_fit: received 10 results and 0 failures
[2024-08-13 11:41:57,667][flwr][INFO] - fit progress: (10, 1.195058174150003, {'accuracy': 0.6012, 'precision': 0.694495800077308, 'recall': 0.6012, 'f1': 0.5754109464363, 'confusion_matrix': array([[422, 434,   2,   0,   8,  14,  56,  22,  22,   0],
       [  0, 888, 203,   1,   5,   3,   7,   1,  27,   0],
       [  1,  26, 809,  22,  50,   3,  16,  32,  73,   0],
       [  0,  42,  32, 329, 398,  16,  24,  18, 151,   0],
       [  3,   4,   2,   0, 841,  58,  16,  30,  27,   1],
       [  4,  72,   9,  13,  42, 520,  92,  24, 116,   0],
       [  3,  23,  22,   0,  22,   2, 737, 148,   1,   0],
       [ 14,  17,  35,   0,  38,   1,   1, 583, 339,   0],
       [  3,  24,  23,   3,  73,  19,  25,   2, 802,   0],
       [ 78,   6,   4,   0, 338,  80,   0,  85, 337,  81]], dtype=int64)}, 89.9169944000023)
[2024-08-13 11:41:57,667][flwr][INFO] - configure_evaluate: no clients selected, skipping evaluation
[2024-08-13 11:41:57,668][flwr][INFO] - 
[2024-08-13 11:41:57,668][flwr][INFO] - [SUMMARY]
[2024-08-13 11:41:57,668][flwr][INFO] - Run finished 10 round(s) in 89.92s
[2024-08-13 11:41:57,675][flwr][INFO] - 	History (loss, centralized):
[2024-08-13 11:41:57,676][flwr][INFO] - 		round 0: 2.3025850929940455
[2024-08-13 11:41:57,676][flwr][INFO] - 		round 1: 1.3204279122359615
[2024-08-13 11:41:57,676][flwr][INFO] - 		round 2: 1.298715162327194
[2024-08-13 11:41:57,676][flwr][INFO] - 		round 3: 1.3044226412771185
[2024-08-13 11:41:57,676][flwr][INFO] - 		round 4: 1.2913806199489062
[2024-08-13 11:41:57,676][flwr][INFO] - 		round 5: 1.237448978992655
[2024-08-13 11:41:57,676][flwr][INFO] - 		round 6: 1.252689727466954
[2024-08-13 11:41:57,676][flwr][INFO] - 		round 7: 1.208212198493396
[2024-08-13 11:41:57,676][flwr][INFO] - 		round 8: 1.2232989111583854
[2024-08-13 11:41:57,676][flwr][INFO] - 		round 9: 1.2046104537501459
[2024-08-13 11:41:57,676][flwr][INFO] - 		round 10: 1.195058174150003
[2024-08-13 11:41:57,676][flwr][INFO] - 	History (metrics, centralized):
[2024-08-13 11:41:57,676][flwr][INFO] - 	{'accuracy': [(0, 0.098),
[2024-08-13 11:41:57,676][flwr][INFO] - 	              (1, 0.5467),
[2024-08-13 11:41:57,677][flwr][INFO] - 	              (2, 0.6157),
[2024-08-13 11:41:57,677][flwr][INFO] - 	              (3, 0.5203),
[2024-08-13 11:41:57,677][flwr][INFO] - 	              (4, 0.6192),
[2024-08-13 11:41:57,677][flwr][INFO] - 	              (5, 0.5801),
[2024-08-13 11:41:57,677][flwr][INFO] - 	              (6, 0.5904),
[2024-08-13 11:41:57,677][flwr][INFO] - 	              (7, 0.6),
[2024-08-13 11:41:57,677][flwr][INFO] - 	              (8, 0.5892),
[2024-08-13 11:41:57,677][flwr][INFO] - 	              (9, 0.6145),
[2024-08-13 11:41:57,677][flwr][INFO] - 	              (10, 0.6012)],
[2024-08-13 11:41:57,677][flwr][INFO] - 	 'confusion_matrix': [(0,
[2024-08-13 11:41:57,677][flwr][INFO] - 	                       array([[ 980,    0,    0,    0,    0,    0,    0,    0,    0,    0],
[2024-08-13 11:41:57,677][flwr][INFO] - 	       [1135,    0,    0,    0,    0,    0,    0,    0,    0,    0],
[2024-08-13 11:41:57,677][flwr][INFO] - 	       [1032,    0,    0,    0,    0,    0,    0,    0,    0,    0],
[2024-08-13 11:41:57,677][flwr][INFO] - 	       [1010,    0,    0,    0,    0,    0,    0,    0,    0,    0],
[2024-08-13 11:41:57,677][flwr][INFO] - 	       [ 982,    0,    0,    0,    0,    0,    0,    0,    0,    0],
[2024-08-13 11:41:57,678][flwr][INFO] - 	       [ 892,    0,    0,    0,    0,    0,    0,    0,    0,    0],
[2024-08-13 11:41:57,678][flwr][INFO] - 	       [ 958,    0,    0,    0,    0,    0,    0,    0,    0,    0],
[2024-08-13 11:41:57,678][flwr][INFO] - 	       [1028,    0,    0,    0,    0,    0,    0,    0,    0,    0],
[2024-08-13 11:41:57,678][flwr][INFO] - 	       [ 974,    0,    0,    0,    0,    0,    0,    0,    0,    0],
[2024-08-13 11:41:57,678][flwr][INFO] - 	       [1009,    0,    0,    0,    0,    0,    0,    0,    0,    0]],
[2024-08-13 11:41:57,678][flwr][INFO] - 	      dtype=int64)),
[2024-08-13 11:41:57,678][flwr][INFO] - 	                      (1,
[2024-08-13 11:41:57,678][flwr][INFO] - 	                       array([[960,   0,   2,   4,   0,   0,   5,   1,   5,   3],
[2024-08-13 11:41:57,678][flwr][INFO] - 	       [  0, 607, 466,   4,   0,   0,   4,   0,   5,  49],
[2024-08-13 11:41:57,678][flwr][INFO] - 	       [ 82,   2, 454, 354,   1,   0,  16,  16,  51,  56],
[2024-08-13 11:41:57,678][flwr][INFO] - 	       [ 22,   1,   9, 840,   7,   0,   3,   8,  24,  96],
[2024-08-13 11:41:57,678][flwr][INFO] - 	       [ 64,   2,   5,   0, 192,   0,  10,  18,   7, 684],
[2024-08-13 11:41:57,678][flwr][INFO] - 	       [248,  50,  37, 214,  11,   1,  23,  13, 103, 192],
[2024-08-13 11:41:57,678][flwr][INFO] - 	       [140,   7,  45,   5,   2,   0, 708,  38,   2,  11],
[2024-08-13 11:41:57,678][flwr][INFO] - 	       [ 54,   5,  36,   3,   4,   0,   0, 495, 266, 165],
[2024-08-13 11:41:57,678][flwr][INFO] - 	       [ 51,   4,  25, 177,   3,   0,   6,   3, 328, 377],
[2024-08-13 11:41:57,678][flwr][INFO] - 	       [ 73,   2,   2,   7,  14,   0,   0,   8,  21, 882]], dtype=int64)),
[2024-08-13 11:41:57,679][flwr][INFO] - 	                      (2,
[2024-08-13 11:41:57,679][flwr][INFO] - 	                       array([[550, 169,   2,   5,  14,  26, 168,  38,   8,   0],
[2024-08-13 11:41:57,679][flwr][INFO] - 	       [  0, 917, 196,   2,   7,   3,   5,   4,   1,   0],
[2024-08-13 11:41:57,679][flwr][INFO] - 	       [  0,  37, 729,  83,  44,   2,  31,  70,  36,   0],
[2024-08-13 11:41:57,679][flwr][INFO] - 	       [  0,  71,  22, 536, 271,  18,  20,  27,  45,   0],
[2024-08-13 11:41:57,679][flwr][INFO] - 	       [  0,   4,   5,   0, 764,  64,  24, 112,   9,   0],
[2024-08-13 11:41:57,679][flwr][INFO] - 	       [  3, 141,  15,  40,  75, 491,  68,  37,  22,   0],
[2024-08-13 11:41:57,679][flwr][INFO] - 	       [  1,  28,  25,   0,  12,   2, 799,  91,   0,   0],
[2024-08-13 11:41:57,679][flwr][INFO] - 	       [  2,  30,  40,   0,  25,   0,   1, 881,  49,   0],
[2024-08-13 11:41:57,679][flwr][INFO] - 	       [  1,  99,  23,  29, 207,  60,  41,  24, 490,   0],
[2024-08-13 11:41:57,679][flwr][INFO] - 	       [  6,  14,   2,   1, 460,  88,   1, 377,  60,   0]], dtype=int64)),
[2024-08-13 11:41:57,679][flwr][INFO] - 	                      (3,
[2024-08-13 11:41:57,679][flwr][INFO] - 	                       array([[929,  10,   2,  14,   0,   0,  13,   2,   1,   9],
[2024-08-13 11:41:57,679][flwr][INFO] - 	       [  0, 641, 445,   7,   0,   0,   3,   0,   1,  38],
[2024-08-13 11:41:57,679][flwr][INFO] - 	       [ 34,   4, 450, 408,   0,   1,  16,  13,  36,  70],
[2024-08-13 11:41:57,679][flwr][INFO] - 	       [  7,   3,   6, 836,   1,   9,   7,   8,  15, 118],
[2024-08-13 11:41:57,679][flwr][INFO] - 	       [ 53,   3,   4,   1, 109,  19,  11,   8,   4, 770],
[2024-08-13 11:41:57,680][flwr][INFO] - 	       [105,  64,  34, 198,   1, 155,  36,   9,  50, 240],
[2024-08-13 11:41:57,680][flwr][INFO] - 	       [ 64,   8,  42,   7,   2,   1, 763,  55,   0,  16],
[2024-08-13 11:41:57,680][flwr][INFO] - 	       [ 63,   7,  33,   4,   1,   0,   0, 244, 385, 291],
[2024-08-13 11:41:57,680][flwr][INFO] - 	       [ 24,   9,  22, 149,   2,   1,   8,   2, 140, 617],
[2024-08-13 11:41:57,680][flwr][INFO] - 	       [ 51,   3,   2,   8,   2,   1,   0,   4,   2, 936]], dtype=int64)),
[2024-08-13 11:41:57,680][flwr][INFO] - 	                      (4,
[2024-08-13 11:41:57,680][flwr][INFO] - 	                       array([[481, 330,   1,   1,   9,  20,  89,  39,  10,   0],
[2024-08-13 11:41:57,680][flwr][INFO] - 	       [  0, 916, 194,   1,   4,   4,   9,   4,   3,   0],
[2024-08-13 11:41:57,680][flwr][INFO] - 	       [  0,  40, 783,  37,  45,   3,  20,  62,  42,   0],
[2024-08-13 11:41:57,680][flwr][INFO] - 	       [  0,  65,  28, 446, 299,  33,  24,  30,  85,   0],
[2024-08-13 11:41:57,680][flwr][INFO] - 	       [  0,   4,   2,   0, 774,  81,  17,  95,   9,   0],
[2024-08-13 11:41:57,680][flwr][INFO] - 	       [  4, 114,  17,  17,  43, 547,  73,  39,  38,   0],
[2024-08-13 11:41:57,680][flwr][INFO] - 	       [  2,  24,  24,   0,  12,   4, 751, 141,   0,   0],
[2024-08-13 11:41:57,680][flwr][INFO] - 	       [  5,  22,  39,   0,  25,   0,   1, 863,  73,   0],
[2024-08-13 11:41:57,680][flwr][INFO] - 	       [  1,  58,  22,  13, 136,  56,  37,  20, 631,   0],
[2024-08-13 11:41:57,680][flwr][INFO] - 	       [ 12,  10,   2,   0, 419, 145,   0, 327,  94,   0]], dtype=int64)),
[2024-08-13 11:41:57,680][flwr][INFO] - 	                      (5,
[2024-08-13 11:41:57,681][flwr][INFO] - 	                       array([[915,  27,   1,  12,   0,   1,  16,   2,   0,   6],
[2024-08-13 11:41:57,681][flwr][INFO] - 	       [  0, 783, 304,  13,   0,   1,   8,   1,   1,  24],
[2024-08-13 11:41:57,681][flwr][INFO] - 	       [ 35,   5, 407, 478,   4,   1,  21,  18,  21,  42],
[2024-08-13 11:41:57,681][flwr][INFO] - 	       [  7,   5,   3, 859,   1,   9,  12,  10,   8,  96],
[2024-08-13 11:41:57,681][flwr][INFO] - 	       [ 60,   4,   5,   1, 290,  47,  15,  15,   3, 542],
[2024-08-13 11:41:57,681][flwr][INFO] - 	       [106,  62,  23, 185,   6, 237,  81,  13,  29, 150],
[2024-08-13 11:41:57,681][flwr][INFO] - 	       [ 37,  12,  25,   6,   3,   0, 805,  66,   0,   4],
[2024-08-13 11:41:57,681][flwr][INFO] - 	       [ 82,  13,  32,  17,   5,   1,   0, 498, 158, 222],
[2024-08-13 11:41:57,681][flwr][INFO] - 	       [ 25,  16,  16, 169,   3,   4,  24,   2, 109, 606],
[2024-08-13 11:41:57,681][flwr][INFO] - 	       [ 74,   3,   2,  10,  11,   3,   0,   7,   1, 898]], dtype=int64)),
[2024-08-13 11:41:57,681][flwr][INFO] - 	                      (6,
[2024-08-13 11:41:57,681][flwr][INFO] - 	                       array([[310, 487,   1,   0,  14,  26,  70,  51,  21,   0],
[2024-08-13 11:41:57,681][flwr][INFO] - 	       [  0, 887, 220,   1,   4,   4,   6,   4,   9,   0],
[2024-08-13 11:41:57,681][flwr][INFO] - 	       [  0,  27, 817,  13,  51,   3,  17,  49,  55,   0],
[2024-08-13 11:41:57,681][flwr][INFO] - 	       [  0,  56,  42, 265, 436,  27,  22,  29, 133,   0],
[2024-08-13 11:41:57,681][flwr][INFO] - 	       [  0,   4,   2,   0, 800,  72,  11,  77,  16,   0],
[2024-08-13 11:41:57,681][flwr][INFO] - 	       [  2,  92,  16,   8,  42, 571,  62,  31,  68,   0],
[2024-08-13 11:41:57,682][flwr][INFO] - 	       [  1,  22,  31,   0,  15,   4, 693, 191,   1,   0],
[2024-08-13 11:41:57,682][flwr][INFO] - 	       [  5,  21,  38,   0,  26,   1,   0, 832, 105,   0],
[2024-08-13 11:41:57,682][flwr][INFO] - 	       [  1,  33,  29,   2, 106,  39,  25,  12, 727,   0],
[2024-08-13 11:41:57,682][flwr][INFO] - 	       [ 13,   8,   3,   0, 436, 123,   0, 245, 179,   2]], dtype=int64)),
[2024-08-13 11:41:57,682][flwr][INFO] - 	                      (7,
[2024-08-13 11:41:57,682][flwr][INFO] - 	                       array([[905,  32,   1,  13,   0,   2,  17,   4,   0,   6],
[2024-08-13 11:41:57,682][flwr][INFO] - 	       [  0, 886, 197,  18,   0,   2,  12,   1,   0,  19],
[2024-08-13 11:41:57,682][flwr][INFO] - 	       [ 31,  10, 346, 541,   5,   2,  23,  20,   9,  45],
[2024-08-13 11:41:57,682][flwr][INFO] - 	       [  7,   4,   2, 866,   1,  13,  13,  14,   2,  88],
[2024-08-13 11:41:57,682][flwr][INFO] - 	       [ 53,   5,   0,   4, 281, 127,  19,  22,   0, 471],
[2024-08-13 11:41:57,682][flwr][INFO] - 	       [ 74,  61,  12, 165,   5, 331, 101,  14,  12, 117],
[2024-08-13 11:41:57,682][flwr][INFO] - 	       [ 29,  12,  13,   5,   3,   0, 813,  81,   0,   2],
[2024-08-13 11:41:57,682][flwr][INFO] - 	       [ 76,  18,  25,  26,   3,   3,   0, 650,  32, 195],
[2024-08-13 11:41:57,682][flwr][INFO] - 	       [ 25,  26,  15, 175,   3,  10,  25,   5,  29, 661],
[2024-08-13 11:41:57,682][flwr][INFO] - 	       [ 75,   3,   3,  10,   7,   8,   0,  10,   0, 893]], dtype=int64)),
[2024-08-13 11:41:57,682][flwr][INFO] - 	                      (8,
[2024-08-13 11:41:57,682][flwr][INFO] - 	                       array([[360, 471,   2,   0,  12,  14,  53,  37,  31,   0],
[2024-08-13 11:41:57,683][flwr][INFO] - 	       [  0, 861, 234,   1,   5,   3,   6,   1,  24,   0],
[2024-08-13 11:41:57,683][flwr][INFO] - 	       [  1,  23, 819,  14,  51,   2,  16,  38,  68,   0],
[2024-08-13 11:41:57,683][flwr][INFO] - 	       [  0,  43,  41, 281, 419,  21,  18,  22, 165,   0],
[2024-08-13 11:41:57,683][flwr][INFO] - 	       [  2,   4,   2,   0, 840,  47,  11,  47,  28,   1],
[2024-08-13 11:41:57,683][flwr][INFO] - 	       [  3,  75,  15,  11,  45, 535,  66,  25, 117,   0],
[2024-08-13 11:41:57,683][flwr][INFO] - 	       [  3,  22,  32,   0,  20,   4, 673, 203,   1,   0],
[2024-08-13 11:41:57,683][flwr][INFO] - 	       [  9,  14,  38,   0,  34,   1,   0, 699, 233,   0],
[2024-08-13 11:41:57,683][flwr][INFO] - 	       [  1,  24,  26,   1,  76,  20,  20,   6, 800,   0],
[2024-08-13 11:41:57,683][flwr][INFO] - 	       [ 31,   6,   4,   0, 416,  80,   0, 132, 316,  24]], dtype=int64)),
[2024-08-13 11:41:57,683][flwr][INFO] - 	                      (9,
[2024-08-13 11:41:57,683][flwr][INFO] - 	                       array([[880,  47,   1,  14,   0,   4,  21,   8,   0,   5],
[2024-08-13 11:41:57,683][flwr][INFO] - 	       [  0, 881, 203,  18,   1,   2,  13,   1,   0,  16],
[2024-08-13 11:41:57,683][flwr][INFO] - 	       [ 23,  11, 400, 493,   5,   2,  21,  30,   3,  44],
[2024-08-13 11:41:57,683][flwr][INFO] - 	       [  7,   4,   2, 870,   2,  14,  10,  18,   0,  83],
[2024-08-13 11:41:57,683][flwr][INFO] - 	       [ 32,   5,   1,   3, 281, 233,  18,  31,   0, 378],
[2024-08-13 11:41:57,683][flwr][INFO] - 	       [ 47,  54,  10, 129,   3, 424,  98,  22,   2, 103],
[2024-08-13 11:41:57,683][flwr][INFO] - 	       [ 27,  11,  15,   2,   4,   1, 787, 108,   0,   3],
[2024-08-13 11:41:57,684][flwr][INFO] - 	       [ 64,  15,  29,  22,   3,   5,   0, 725,   6, 159],
[2024-08-13 11:41:57,684][flwr][INFO] - 	       [ 26,  27,  15, 166,   3,  14,  24,   8,   1, 690],
[2024-08-13 11:41:57,684][flwr][INFO] - 	       [ 64,   3,   3,  12,   7,  10,   0,  14,   0, 896]], dtype=int64)),
[2024-08-13 11:41:57,684][flwr][INFO] - 	                      (10,
[2024-08-13 11:41:57,684][flwr][INFO] - 	                       array([[422, 434,   2,   0,   8,  14,  56,  22,  22,   0],
[2024-08-13 11:41:57,684][flwr][INFO] - 	       [  0, 888, 203,   1,   5,   3,   7,   1,  27,   0],
[2024-08-13 11:41:57,684][flwr][INFO] - 	       [  1,  26, 809,  22,  50,   3,  16,  32,  73,   0],
[2024-08-13 11:41:57,684][flwr][INFO] - 	       [  0,  42,  32, 329, 398,  16,  24,  18, 151,   0],
[2024-08-13 11:41:57,684][flwr][INFO] - 	       [  3,   4,   2,   0, 841,  58,  16,  30,  27,   1],
[2024-08-13 11:41:57,684][flwr][INFO] - 	       [  4,  72,   9,  13,  42, 520,  92,  24, 116,   0],
[2024-08-13 11:41:57,684][flwr][INFO] - 	       [  3,  23,  22,   0,  22,   2, 737, 148,   1,   0],
[2024-08-13 11:41:57,684][flwr][INFO] - 	       [ 14,  17,  35,   0,  38,   1,   1, 583, 339,   0],
[2024-08-13 11:41:57,684][flwr][INFO] - 	       [  3,  24,  23,   3,  73,  19,  25,   2, 802,   0],
[2024-08-13 11:41:57,684][flwr][INFO] - 	       [ 78,   6,   4,   0, 338,  80,   0,  85, 337,  81]], dtype=int64))],
[2024-08-13 11:41:57,684][flwr][INFO] - 	 'f1': [(0, 0.017493624772313296),
[2024-08-13 11:41:57,684][flwr][INFO] - 	        (1, 0.5137258190930293),
[2024-08-13 11:41:57,684][flwr][INFO] - 	        (2, 0.5857062091909881),
[2024-08-13 11:41:57,685][flwr][INFO] - 	        (3, 0.48972443937368887),
[2024-08-13 11:41:57,685][flwr][INFO] - 	        (4, 0.5868909787464641),
[2024-08-13 11:41:57,685][flwr][INFO] - 	        (5, 0.558433794827401),
[2024-08-13 11:41:57,685][flwr][INFO] - 	        (6, 0.5481472124708078),
[2024-08-13 11:41:57,685][flwr][INFO] - 	        (7, 0.568460640897521),
[2024-08-13 11:41:57,685][flwr][INFO] - 	        (8, 0.5541851364660625),
[2024-08-13 11:41:57,685][flwr][INFO] - 	        (9, 0.5795434732374056),
[2024-08-13 11:41:57,685][flwr][INFO] - 	        (10, 0.5754109464363)],
[2024-08-13 11:41:57,685][flwr][INFO] - 	 'precision': [(0, 0.009604000000000001),
[2024-08-13 11:41:57,685][flwr][INFO] - 	               (1, 0.6697872615160422),
[2024-08-13 11:41:57,685][flwr][INFO] - 	               (2, 0.5984133548211643),
[2024-08-13 11:41:57,685][flwr][INFO] - 	               (3, 0.6361581246172379),
[2024-08-13 11:41:57,685][flwr][INFO] - 	               (4, 0.6044562628202403),
[2024-08-13 11:41:57,685][flwr][INFO] - 	               (5, 0.6477516673760841),
[2024-08-13 11:41:57,685][flwr][INFO] - 	               (6, 0.6994857404871451),
[2024-08-13 11:41:57,685][flwr][INFO] - 	               (7, 0.6469460574413561),
[2024-08-13 11:41:57,685][flwr][INFO] - 	               (8, 0.6945173345499558),
[2024-08-13 11:41:57,686][flwr][INFO] - 	               (9, 0.6218695427456805),
[2024-08-13 11:41:57,686][flwr][INFO] - 	               (10, 0.694495800077308)],
[2024-08-13 11:41:57,686][flwr][INFO] - 	 'recall': [(0, 0.098),
[2024-08-13 11:41:57,686][flwr][INFO] - 	            (1, 0.5467),
[2024-08-13 11:41:57,686][flwr][INFO] - 	            (2, 0.6157),
[2024-08-13 11:41:57,686][flwr][INFO] - 	            (3, 0.5203),
[2024-08-13 11:41:57,686][flwr][INFO] - 	            (4, 0.6192),
[2024-08-13 11:41:57,686][flwr][INFO] - 	            (5, 0.5801),
[2024-08-13 11:41:57,686][flwr][INFO] - 	            (6, 0.5904),
[2024-08-13 11:41:57,686][flwr][INFO] - 	            (7, 0.6),
[2024-08-13 11:41:57,686][flwr][INFO] - 	            (8, 0.5892),
[2024-08-13 11:41:57,686][flwr][INFO] - 	            (9, 0.6145),
[2024-08-13 11:41:57,686][flwr][INFO] - 	            (10, 0.6012)]}
[2024-08-13 11:41:57,686][flwr][INFO] - 
