[2024-08-13 12:32:24,988][flwr][INFO] - Starting Flower simulation, config: num_rounds=10, no round_timeout
[2024-08-13 12:32:29,153][flwr][INFO] - Flower VCE: Ray initialized with resources: {'node:127.0.0.1': 1.0, 'object_store_memory': 2500725964.0, 'memory': 5001451931.0, 'node:__internal_head__': 1.0, 'CPU': 16.0, 'GPU': 1.0, 'accelerator_type:G': 1.0}
[2024-08-13 12:32:29,154][flwr][INFO] - Optimize your simulation with Flower VCE: https://flower.ai/docs/framework/how-to-run-simulations.html
[2024-08-13 12:32:29,154][flwr][INFO] - Flower VCE: Resources for each Virtual Client: {'num_cpus': 2, 'num_gpus': 0.5}
[2024-08-13 12:32:29,165][flwr][INFO] - Flower VCE: Creating VirtualClientEngineActorPool with 2 actors
[2024-08-13 12:32:29,165][flwr][INFO] - [INIT]
[2024-08-13 12:32:29,165][flwr][INFO] - Requesting initial parameters from one random client
[2024-08-13 12:32:36,514][flwr][INFO] - Received initial parameters from one random client
[2024-08-13 12:32:36,514][flwr][INFO] - Evaluating initial global parameters
[2024-08-13 12:32:38,760][flwr][INFO] - initial parameters (loss, other metrics): 2.3025850929940455, {'accuracy': 0.098, 'precision': 0.009604000000000001, 'recall': 0.098, 'f1': 0.017493624772313296, 'confusion_matrix': array([[ 980,    0,    0,    0,    0,    0,    0,    0,    0,    0],
       [1135,    0,    0,    0,    0,    0,    0,    0,    0,    0],
       [1032,    0,    0,    0,    0,    0,    0,    0,    0,    0],
       [1010,    0,    0,    0,    0,    0,    0,    0,    0,    0],
       [ 982,    0,    0,    0,    0,    0,    0,    0,    0,    0],
       [ 892,    0,    0,    0,    0,    0,    0,    0,    0,    0],
       [ 958,    0,    0,    0,    0,    0,    0,    0,    0,    0],
       [1028,    0,    0,    0,    0,    0,    0,    0,    0,    0],
       [ 974,    0,    0,    0,    0,    0,    0,    0,    0,    0],
       [1009,    0,    0,    0,    0,    0,    0,    0,    0,    0]],
      dtype=int64)}
[2024-08-13 12:32:38,761][flwr][INFO] - 
[2024-08-13 12:32:38,761][flwr][INFO] - [ROUND 1]
[2024-08-13 12:32:38,761][flwr][INFO] - configure_fit: strategy sampled 10 clients (out of 10)
[2024-08-13 12:32:47,173][flwr][INFO] - aggregate_fit: received 10 results and 0 failures
[2024-08-13 12:32:47,176][flwr][WARNING] - No fit_metrics_aggregation_fn provided
[2024-08-13 12:32:49,412][flwr][INFO] - fit progress: (1, 1.6150108148093354, {'accuracy': 0.3674, 'precision': 0.35295483315910814, 'recall': 0.3674, 'f1': 0.30197220867269486, 'confusion_matrix': array([[ 949,    5,    2,    9,    0,    0,    4,    3,    3,    5],
       [   0,    3, 1088,    4,    0,    0,    2,    0,    2,   36],
       [  65,    0,  255,  590,    0,    0,   11,   23,   35,   53],
       [  23,    0,   10,  803,   26,    0,    3,    9,   36,  100],
       [ 124,    0,   10,    0,  146,    3,    4,   32,    5,  658],
       [ 256,   50,   47,  183,   27,    1,   23,   17,   87,  201],
       [ 139,    4,   42,   14,    2,    0,  567,  173,    0,   17],
       [  77,    0,   42,    6,    3,    0,    0,   64,  773,   63],
       [  46,    2,   33,  171,    3,    0,    4,    3,   86,  626],
       [ 122,    0,    2,    7,   17,    0,    0,    6,   55,  800]],
      dtype=int64)}, 10.650807600002736)
[2024-08-13 12:32:49,413][flwr][INFO] - configure_evaluate: no clients selected, skipping evaluation
[2024-08-13 12:32:49,413][flwr][INFO] - 
[2024-08-13 12:32:49,413][flwr][INFO] - [ROUND 2]
[2024-08-13 12:32:49,413][flwr][INFO] - configure_fit: strategy sampled 10 clients (out of 10)
[2024-08-13 12:32:56,287][flwr][INFO] - aggregate_fit: received 10 results and 0 failures
[2024-08-13 12:32:58,536][flwr][INFO] - fit progress: (2, 1.3628287162745383, {'accuracy': 0.5079, 'precision': 0.5699458427992621, 'recall': 0.5079, 'f1': 0.49514115388093644, 'confusion_matrix': array([[554, 290,   2,   2,   9,   1,  83,  30,   9,   0],
       [  0, 721, 384,   3,   9,   1,   7,   8,   2,   0],
       [  2,  47, 506, 286,  28,   4,  30,  86,  40,   3],
       [  0,  62,  12, 462, 375,   0,  20,  21,  58,   0],
       [  7,   4,   6,   0, 553, 210,  15, 165,  19,   3],
       [ 17, 187,  27,  29, 195, 218, 117,  38,  64,   0],
       [  4,  34,  17,   1,   5,   0, 697, 200,   0,   0],
       [ 12,  18,  39,   0,  21,   0,   1, 732, 205,   0],
       [  3,  94,  20,  45, 221,   5,  44,  18, 516,   8],
       [ 33,  10,   2,   1, 307,  57,   1, 334, 144, 120]], dtype=int64)}, 19.775673100011772)
[2024-08-13 12:32:58,537][flwr][INFO] - configure_evaluate: no clients selected, skipping evaluation
[2024-08-13 12:32:58,537][flwr][INFO] - 
[2024-08-13 12:32:58,537][flwr][INFO] - [ROUND 3]
[2024-08-13 12:32:58,538][flwr][INFO] - configure_fit: strategy sampled 10 clients (out of 10)
[2024-08-13 12:33:05,039][flwr][INFO] - aggregate_fit: received 10 results and 0 failures
[2024-08-13 12:33:07,289][flwr][INFO] - fit progress: (3, 1.2410797527798199, {'accuracy': 0.5583, 'precision': 0.5856477272669439, 'recall': 0.5583, 'f1': 0.53215951013111, 'confusion_matrix': array([[899,  19,   2,   8,   0,   5,  35,   2,   1,   9],
       [  0, 628, 466,   3,   0,   1,   5,   1,   0,  31],
       [ 33,   8, 560, 308,   4,   5,  23,  23,  30,  38],
       [  8,  10,  11, 788,  10,  15,  22,  12,  14, 120],
       [ 33,   3,   5,   0, 163, 369,  13,  22,   2, 372],
       [ 62,  70,  33, 127,   9, 358,  90,  14,  27, 102],
       [ 32,  10,  37,   0,   3,   3, 788,  81,   0,   4],
       [ 60,   8,  45,   2,   6,   8,   1, 470, 260, 168],
       [ 24,  19,  35, 128,   3,  10,  24,   4,  50, 677],
       [ 72,   3,   1,   5,  16,  20,   0,  11,   2, 879]], dtype=int64)}, 28.528543500011438)
[2024-08-13 12:33:07,290][flwr][INFO] - configure_evaluate: no clients selected, skipping evaluation
[2024-08-13 12:33:07,290][flwr][INFO] - 
[2024-08-13 12:33:07,290][flwr][INFO] - [ROUND 4]
[2024-08-13 12:33:07,291][flwr][INFO] - configure_fit: strategy sampled 10 clients (out of 10)
[2024-08-13 12:33:13,968][flwr][INFO] - aggregate_fit: received 10 results and 0 failures
[2024-08-13 12:33:16,202][flwr][INFO] - fit progress: (4, 1.216793322613939, {'accuracy': 0.6008, 'precision': 0.6695438433503247, 'recall': 0.6008, 'f1': 0.5761978911979195, 'confusion_matrix': array([[603, 248,   1,   1,   7,   8,  73,  27,  12,   0],
       [  0, 900, 201,   3,   9,   2,   5,   5,  10,   0],
       [  4,  40, 659, 151,  40,   2,  19,  63,  54,   0],
       [  0,  44,  14, 530, 278,   5,  19,  23,  97,   0],
       [  6,   4,   2,   0, 754,  86,  11, 100,  18,   1],
       [ 11, 121,  16,  45, 107, 387,  92,  36,  77,   0],
       [  7,  25,  23,   0,  12,   3, 698, 190,   0,   0],
       [ 13,  22,  29,   0,  28,   0,   0, 771, 165,   0],
       [  5,  55,  15,  29, 133,  23,  34,  10, 670,   0],
       [ 44,   8,   1,   1, 408,  67,   0, 249, 195,  36]], dtype=int64)}, 37.441658700001426)
[2024-08-13 12:33:16,203][flwr][INFO] - configure_evaluate: no clients selected, skipping evaluation
[2024-08-13 12:33:16,203][flwr][INFO] - 
[2024-08-13 12:33:16,203][flwr][INFO] - [ROUND 5]
[2024-08-13 12:33:16,203][flwr][INFO] - configure_fit: strategy sampled 10 clients (out of 10)
[2024-08-13 12:33:23,106][flwr][INFO] - aggregate_fit: received 10 results and 0 failures
[2024-08-13 12:33:25,361][flwr][INFO] - fit progress: (5, 1.1555388162442766, {'accuracy': 0.6261, 'precision': 0.6405913058454775, 'recall': 0.6261, 'f1': 0.6054038504489396, 'confusion_matrix': array([[816,  87,   2,   7,   0,   8,  45,   9,   1,   5],
       [  0, 788, 314,   4,   0,   3,   8,   1,   0,  17],
       [ 14,  15, 627, 253,   8,   5,  20,  37,  26,  27],
       [  4,  16,  10, 799,  13,  22,  24,  15,  12,  95],
       [ 20,   4,   4,   0, 339, 278,  17,  45,   2, 273],
       [ 33,  70,  29, 104,  10, 433,  99,  24,  20,  70],
       [ 19,  13,  32,   0,   3,   3, 782, 105,   0,   1],
       [ 37,  16,  42,   3,  10,   6,   1, 733,  73, 107],
       [ 16,  31,  33, 135,   6,  20,  30,   9,  82, 612],
       [ 65,   3,   2,   6,  22,  22,   1,  24,   2, 862]], dtype=int64)}, 46.60061680000217)
[2024-08-13 12:33:25,362][flwr][INFO] - configure_evaluate: no clients selected, skipping evaluation
[2024-08-13 12:33:25,362][flwr][INFO] - 
[2024-08-13 12:33:25,362][flwr][INFO] - [ROUND 6]
[2024-08-13 12:33:25,362][flwr][INFO] - configure_fit: strategy sampled 10 clients (out of 10)
[2024-08-13 12:33:31,973][flwr][INFO] - aggregate_fit: received 10 results and 0 failures
[2024-08-13 12:33:34,146][flwr][INFO] - fit progress: (6, 1.1664961517368355, {'accuracy': 0.627, 'precision': 0.6967621175078986, 'recall': 0.627, 'f1': 0.6102612311334936, 'confusion_matrix': array([[634, 233,   1,   1,   9,  10,  54,  20,  18,   0],
       [  0, 896, 194,   3,   5,   2,   7,   1,  27,   0],
       [  2,  32, 717,  97,  43,   2,  17,  42,  80,   0],
       [  0,  38,  14, 513, 273,   6,  18,  16, 132,   0],
       [  7,   4,   1,   0, 810,  53,  14,  65,  27,   1],
       [ 13,  92,  11,  32,  85, 420,  95,  26, 118,   0],
       [  7,  21,  27,   0,  19,   3, 733, 147,   1,   0],
       [ 19,  18,  28,   0,  35,   0,   1, 664, 263,   0],
       [  4,  33,  16,  16,  95,  15,  23,   6, 766,   0],
       [ 97,   5,   3,   1, 366,  45,   0, 120, 255, 117]], dtype=int64)}, 55.38568400000804)
[2024-08-13 12:33:34,147][flwr][INFO] - configure_evaluate: no clients selected, skipping evaluation
[2024-08-13 12:33:34,147][flwr][INFO] - 
[2024-08-13 12:33:34,147][flwr][INFO] - [ROUND 7]
[2024-08-13 12:33:34,148][flwr][INFO] - configure_fit: strategy sampled 10 clients (out of 10)
[2024-08-13 12:33:40,871][flwr][INFO] - aggregate_fit: received 10 results and 0 failures
[2024-08-13 12:33:43,117][flwr][INFO] - fit progress: (7, 1.1389277457500455, {'accuracy': 0.6371, 'precision': 0.6508762775579283, 'recall': 0.6371, 'f1': 0.6111382960701514, 'confusion_matrix': array([[791, 109,   2,   6,   0,  11,  43,  13,   0,   5],
       [  0, 825, 275,   7,   1,   3,   9,   1,   0,  14],
       [ 12,  17, 624, 255,  10,   4,  19,  40,  18,  33],
       [  4,  14,   8, 808,  10,  30,  19,  18,   3,  96],
       [ 16,   3,   4,   1, 376, 256,  15,  46,   0, 265],
       [ 28,  69,  17,  92,  11, 491,  89,  26,   7,  62],
       [ 15,  14,  28,   0,   5,   3, 766, 126,   0,   1],
       [ 33,  16,  44,   7,  11,   5,   1, 787,  18, 106],
       [ 15,  33,  29, 133,   6,  23,  29,  10,  30, 666],
       [ 57,   3,   3,   7,  17,  21,   1,  26,   1, 873]], dtype=int64)}, 64.35725090000778)
[2024-08-13 12:33:43,118][flwr][INFO] - configure_evaluate: no clients selected, skipping evaluation
[2024-08-13 12:33:43,118][flwr][INFO] - 
[2024-08-13 12:33:43,118][flwr][INFO] - [ROUND 8]
[2024-08-13 12:33:43,119][flwr][INFO] - configure_fit: strategy sampled 10 clients (out of 10)
[2024-08-13 12:33:49,892][flwr][INFO] - aggregate_fit: received 10 results and 0 failures
[2024-08-13 12:33:52,148][flwr][INFO] - fit progress: (8, 1.1398850315173261, {'accuracy': 0.6511, 'precision': 0.703517509990763, 'recall': 0.6511, 'f1': 0.6431186850108886, 'confusion_matrix': array([[655, 221,   1,   1,   5,  12,  52,  17,  16,   0],
       [  0, 866, 222,   3,   4,   3,   7,   1,  29,   0],
       [  4,  24, 754,  83,  38,   2,  19,  36,  72,   0],
       [  1,  30,  14, 567, 222,  11,  22,  15, 127,   1],
       [ 13,   4,   1,   0, 816,  60,  16,  42,  29,   1],
       [ 17,  74,  12,  33,  50, 463, 109,  21, 112,   1],
       [  8,  20,  26,   0,  20,   2, 760, 121,   1,   0],
       [ 33,  16,  34,   1,  31,   0,   2, 588, 323,   0],
       [  9,  25,  22,  22,  64,  16,  31,   3, 782,   0],
       [151,   5,   3,   1, 254,  41,   0,  66, 228, 260]], dtype=int64)}, 73.38807890001044)
[2024-08-13 12:33:52,149][flwr][INFO] - configure_evaluate: no clients selected, skipping evaluation
[2024-08-13 12:33:52,149][flwr][INFO] - 
[2024-08-13 12:33:52,149][flwr][INFO] - [ROUND 9]
[2024-08-13 12:33:52,150][flwr][INFO] - configure_fit: strategy sampled 10 clients (out of 10)
[2024-08-13 12:33:58,970][flwr][INFO] - aggregate_fit: received 10 results and 0 failures
[2024-08-13 12:34:01,348][flwr][INFO] - fit progress: (9, 1.1190256371232545, {'accuracy': 0.6499, 'precision': 0.6687058560347943, 'recall': 0.6499, 'f1': 0.6241558136472055, 'confusion_matrix': array([[778, 120,   1,   6,   1,  14,  37,  17,   0,   6],
       [  0, 879, 218,   9,   1,   3,   8,   2,   0,  15],
       [  9,  20, 638, 241,  10,   4,  18,  42,  13,  37],
       [  4,  15,   7, 800,  13,  34,  18,  19,   2,  98],
       [ 11,   4,   2,   1, 421, 213,  15,  50,   0, 265],
       [ 19,  64,  11,  77,  12, 524,  78,  32,   4,  71],
       [ 14,  15,  23,   0,   5,   5, 741, 154,   0,   1],
       [ 28,  18,  39,   7,  11,   5,   0, 813,   8,  99],
       [ 10,  34,  23, 119,   6,  27,  27,  14,  21, 693],
       [ 42,   4,   3,   6,  18,  20,   1,  31,   0, 884]], dtype=int64)}, 82.58765310001036)
[2024-08-13 12:34:01,349][flwr][INFO] - configure_evaluate: no clients selected, skipping evaluation
[2024-08-13 12:34:01,349][flwr][INFO] - 
[2024-08-13 12:34:01,349][flwr][INFO] - [ROUND 10]
[2024-08-13 12:34:01,349][flwr][INFO] - configure_fit: strategy sampled 10 clients (out of 10)
[2024-08-13 12:34:08,075][flwr][INFO] - aggregate_fit: received 10 results and 0 failures
[2024-08-13 12:34:10,314][flwr][INFO] - fit progress: (10, 1.111561200340284, {'accuracy': 0.67, 'precision': 0.7125978216747253, 'recall': 0.67, 'f1': 0.6631332990624522, 'confusion_matrix': array([[688, 198,   1,   1,   4,  11,  47,  17,  13,   0],
       [  0, 876, 213,   3,   5,   3,   8,   1,  26,   0],
       [  6,  24, 754,  89,  36,   2,  17,  33,  71,   0],
       [  1,  28,  14, 592, 201,  19,  22,  14, 118,   1],
       [ 15,   4,   1,   0, 812,  69,  16,  34,  28,   3],
       [ 17,  64,   9,  31,  33, 502, 102,  23, 110,   1],
       [ 10,  17,  24,   0,  19,   3, 770, 114,   1,   0],
       [ 38,  16,  36,   1,  30,   1,   1, 615, 290,   0],
       [ 12,  22,  21,  21,  52,  20,  31,   3, 792,   0],
       [193,   5,   3,   2, 207,  46,   0,  59, 195, 299]], dtype=int64)}, 91.55277210001077)
[2024-08-13 12:34:10,314][flwr][INFO] - configure_evaluate: no clients selected, skipping evaluation
[2024-08-13 12:34:10,315][flwr][INFO] - 
[2024-08-13 12:34:10,315][flwr][INFO] - [SUMMARY]
[2024-08-13 12:34:10,315][flwr][INFO] - Run finished 10 round(s) in 91.55s
[2024-08-13 12:34:10,323][flwr][INFO] - 	History (loss, centralized):
[2024-08-13 12:34:10,323][flwr][INFO] - 		round 0: 2.3025850929940455
[2024-08-13 12:34:10,323][flwr][INFO] - 		round 1: 1.6150108148093354
[2024-08-13 12:34:10,323][flwr][INFO] - 		round 2: 1.3628287162745383
[2024-08-13 12:34:10,323][flwr][INFO] - 		round 3: 1.2410797527798199
[2024-08-13 12:34:10,323][flwr][INFO] - 		round 4: 1.216793322613939
[2024-08-13 12:34:10,323][flwr][INFO] - 		round 5: 1.1555388162442766
[2024-08-13 12:34:10,323][flwr][INFO] - 		round 6: 1.1664961517368355
[2024-08-13 12:34:10,323][flwr][INFO] - 		round 7: 1.1389277457500455
[2024-08-13 12:34:10,323][flwr][INFO] - 		round 8: 1.1398850315173261
[2024-08-13 12:34:10,323][flwr][INFO] - 		round 9: 1.1190256371232545
[2024-08-13 12:34:10,324][flwr][INFO] - 		round 10: 1.111561200340284
[2024-08-13 12:34:10,324][flwr][INFO] - 	History (metrics, centralized):
[2024-08-13 12:34:10,324][flwr][INFO] - 	{'accuracy': [(0, 0.098),
[2024-08-13 12:34:10,324][flwr][INFO] - 	              (1, 0.3674),
[2024-08-13 12:34:10,324][flwr][INFO] - 	              (2, 0.5079),
[2024-08-13 12:34:10,324][flwr][INFO] - 	              (3, 0.5583),
[2024-08-13 12:34:10,324][flwr][INFO] - 	              (4, 0.6008),
[2024-08-13 12:34:10,324][flwr][INFO] - 	              (5, 0.6261),
[2024-08-13 12:34:10,324][flwr][INFO] - 	              (6, 0.627),
[2024-08-13 12:34:10,324][flwr][INFO] - 	              (7, 0.6371),
[2024-08-13 12:34:10,324][flwr][INFO] - 	              (8, 0.6511),
[2024-08-13 12:34:10,324][flwr][INFO] - 	              (9, 0.6499),
[2024-08-13 12:34:10,324][flwr][INFO] - 	              (10, 0.67)],
[2024-08-13 12:34:10,324][flwr][INFO] - 	 'confusion_matrix': [(0,
[2024-08-13 12:34:10,324][flwr][INFO] - 	                       array([[ 980,    0,    0,    0,    0,    0,    0,    0,    0,    0],
[2024-08-13 12:34:10,324][flwr][INFO] - 	       [1135,    0,    0,    0,    0,    0,    0,    0,    0,    0],
[2024-08-13 12:34:10,325][flwr][INFO] - 	       [1032,    0,    0,    0,    0,    0,    0,    0,    0,    0],
[2024-08-13 12:34:10,325][flwr][INFO] - 	       [1010,    0,    0,    0,    0,    0,    0,    0,    0,    0],
[2024-08-13 12:34:10,325][flwr][INFO] - 	       [ 982,    0,    0,    0,    0,    0,    0,    0,    0,    0],
[2024-08-13 12:34:10,325][flwr][INFO] - 	       [ 892,    0,    0,    0,    0,    0,    0,    0,    0,    0],
[2024-08-13 12:34:10,325][flwr][INFO] - 	       [ 958,    0,    0,    0,    0,    0,    0,    0,    0,    0],
[2024-08-13 12:34:10,325][flwr][INFO] - 	       [1028,    0,    0,    0,    0,    0,    0,    0,    0,    0],
[2024-08-13 12:34:10,325][flwr][INFO] - 	       [ 974,    0,    0,    0,    0,    0,    0,    0,    0,    0],
[2024-08-13 12:34:10,325][flwr][INFO] - 	       [1009,    0,    0,    0,    0,    0,    0,    0,    0,    0]],
[2024-08-13 12:34:10,325][flwr][INFO] - 	      dtype=int64)),
[2024-08-13 12:34:10,325][flwr][INFO] - 	                      (1,
[2024-08-13 12:34:10,325][flwr][INFO] - 	                       array([[ 949,    5,    2,    9,    0,    0,    4,    3,    3,    5],
[2024-08-13 12:34:10,325][flwr][INFO] - 	       [   0,    3, 1088,    4,    0,    0,    2,    0,    2,   36],
[2024-08-13 12:34:10,325][flwr][INFO] - 	       [  65,    0,  255,  590,    0,    0,   11,   23,   35,   53],
[2024-08-13 12:34:10,325][flwr][INFO] - 	       [  23,    0,   10,  803,   26,    0,    3,    9,   36,  100],
[2024-08-13 12:34:10,325][flwr][INFO] - 	       [ 124,    0,   10,    0,  146,    3,    4,   32,    5,  658],
[2024-08-13 12:34:10,326][flwr][INFO] - 	       [ 256,   50,   47,  183,   27,    1,   23,   17,   87,  201],
[2024-08-13 12:34:10,326][flwr][INFO] - 	       [ 139,    4,   42,   14,    2,    0,  567,  173,    0,   17],
[2024-08-13 12:34:10,326][flwr][INFO] - 	       [  77,    0,   42,    6,    3,    0,    0,   64,  773,   63],
[2024-08-13 12:34:10,326][flwr][INFO] - 	       [  46,    2,   33,  171,    3,    0,    4,    3,   86,  626],
[2024-08-13 12:34:10,326][flwr][INFO] - 	       [ 122,    0,    2,    7,   17,    0,    0,    6,   55,  800]],
[2024-08-13 12:34:10,326][flwr][INFO] - 	      dtype=int64)),
[2024-08-13 12:34:10,326][flwr][INFO] - 	                      (2,
[2024-08-13 12:34:10,326][flwr][INFO] - 	                       array([[554, 290,   2,   2,   9,   1,  83,  30,   9,   0],
[2024-08-13 12:34:10,326][flwr][INFO] - 	       [  0, 721, 384,   3,   9,   1,   7,   8,   2,   0],
[2024-08-13 12:34:10,326][flwr][INFO] - 	       [  2,  47, 506, 286,  28,   4,  30,  86,  40,   3],
[2024-08-13 12:34:10,326][flwr][INFO] - 	       [  0,  62,  12, 462, 375,   0,  20,  21,  58,   0],
[2024-08-13 12:34:10,326][flwr][INFO] - 	       [  7,   4,   6,   0, 553, 210,  15, 165,  19,   3],
[2024-08-13 12:34:10,326][flwr][INFO] - 	       [ 17, 187,  27,  29, 195, 218, 117,  38,  64,   0],
[2024-08-13 12:34:10,326][flwr][INFO] - 	       [  4,  34,  17,   1,   5,   0, 697, 200,   0,   0],
[2024-08-13 12:34:10,326][flwr][INFO] - 	       [ 12,  18,  39,   0,  21,   0,   1, 732, 205,   0],
[2024-08-13 12:34:10,326][flwr][INFO] - 	       [  3,  94,  20,  45, 221,   5,  44,  18, 516,   8],
[2024-08-13 12:34:10,326][flwr][INFO] - 	       [ 33,  10,   2,   1, 307,  57,   1, 334, 144, 120]], dtype=int64)),
[2024-08-13 12:34:10,327][flwr][INFO] - 	                      (3,
[2024-08-13 12:34:10,327][flwr][INFO] - 	                       array([[899,  19,   2,   8,   0,   5,  35,   2,   1,   9],
[2024-08-13 12:34:10,327][flwr][INFO] - 	       [  0, 628, 466,   3,   0,   1,   5,   1,   0,  31],
[2024-08-13 12:34:10,327][flwr][INFO] - 	       [ 33,   8, 560, 308,   4,   5,  23,  23,  30,  38],
[2024-08-13 12:34:10,327][flwr][INFO] - 	       [  8,  10,  11, 788,  10,  15,  22,  12,  14, 120],
[2024-08-13 12:34:10,327][flwr][INFO] - 	       [ 33,   3,   5,   0, 163, 369,  13,  22,   2, 372],
[2024-08-13 12:34:10,327][flwr][INFO] - 	       [ 62,  70,  33, 127,   9, 358,  90,  14,  27, 102],
[2024-08-13 12:34:10,327][flwr][INFO] - 	       [ 32,  10,  37,   0,   3,   3, 788,  81,   0,   4],
[2024-08-13 12:34:10,327][flwr][INFO] - 	       [ 60,   8,  45,   2,   6,   8,   1, 470, 260, 168],
[2024-08-13 12:34:10,327][flwr][INFO] - 	       [ 24,  19,  35, 128,   3,  10,  24,   4,  50, 677],
[2024-08-13 12:34:10,327][flwr][INFO] - 	       [ 72,   3,   1,   5,  16,  20,   0,  11,   2, 879]], dtype=int64)),
[2024-08-13 12:34:10,327][flwr][INFO] - 	                      (4,
[2024-08-13 12:34:10,327][flwr][INFO] - 	                       array([[603, 248,   1,   1,   7,   8,  73,  27,  12,   0],
[2024-08-13 12:34:10,327][flwr][INFO] - 	       [  0, 900, 201,   3,   9,   2,   5,   5,  10,   0],
[2024-08-13 12:34:10,327][flwr][INFO] - 	       [  4,  40, 659, 151,  40,   2,  19,  63,  54,   0],
[2024-08-13 12:34:10,327][flwr][INFO] - 	       [  0,  44,  14, 530, 278,   5,  19,  23,  97,   0],
[2024-08-13 12:34:10,328][flwr][INFO] - 	       [  6,   4,   2,   0, 754,  86,  11, 100,  18,   1],
[2024-08-13 12:34:10,328][flwr][INFO] - 	       [ 11, 121,  16,  45, 107, 387,  92,  36,  77,   0],
[2024-08-13 12:34:10,328][flwr][INFO] - 	       [  7,  25,  23,   0,  12,   3, 698, 190,   0,   0],
[2024-08-13 12:34:10,328][flwr][INFO] - 	       [ 13,  22,  29,   0,  28,   0,   0, 771, 165,   0],
[2024-08-13 12:34:10,328][flwr][INFO] - 	       [  5,  55,  15,  29, 133,  23,  34,  10, 670,   0],
[2024-08-13 12:34:10,328][flwr][INFO] - 	       [ 44,   8,   1,   1, 408,  67,   0, 249, 195,  36]], dtype=int64)),
[2024-08-13 12:34:10,328][flwr][INFO] - 	                      (5,
[2024-08-13 12:34:10,328][flwr][INFO] - 	                       array([[816,  87,   2,   7,   0,   8,  45,   9,   1,   5],
[2024-08-13 12:34:10,328][flwr][INFO] - 	       [  0, 788, 314,   4,   0,   3,   8,   1,   0,  17],
[2024-08-13 12:34:10,328][flwr][INFO] - 	       [ 14,  15, 627, 253,   8,   5,  20,  37,  26,  27],
[2024-08-13 12:34:10,328][flwr][INFO] - 	       [  4,  16,  10, 799,  13,  22,  24,  15,  12,  95],
[2024-08-13 12:34:10,328][flwr][INFO] - 	       [ 20,   4,   4,   0, 339, 278,  17,  45,   2, 273],
[2024-08-13 12:34:10,328][flwr][INFO] - 	       [ 33,  70,  29, 104,  10, 433,  99,  24,  20,  70],
[2024-08-13 12:34:10,328][flwr][INFO] - 	       [ 19,  13,  32,   0,   3,   3, 782, 105,   0,   1],
[2024-08-13 12:34:10,328][flwr][INFO] - 	       [ 37,  16,  42,   3,  10,   6,   1, 733,  73, 107],
[2024-08-13 12:34:10,328][flwr][INFO] - 	       [ 16,  31,  33, 135,   6,  20,  30,   9,  82, 612],
[2024-08-13 12:34:10,328][flwr][INFO] - 	       [ 65,   3,   2,   6,  22,  22,   1,  24,   2, 862]], dtype=int64)),
[2024-08-13 12:34:10,328][flwr][INFO] - 	                      (6,
[2024-08-13 12:34:10,329][flwr][INFO] - 	                       array([[634, 233,   1,   1,   9,  10,  54,  20,  18,   0],
[2024-08-13 12:34:10,329][flwr][INFO] - 	       [  0, 896, 194,   3,   5,   2,   7,   1,  27,   0],
[2024-08-13 12:34:10,329][flwr][INFO] - 	       [  2,  32, 717,  97,  43,   2,  17,  42,  80,   0],
[2024-08-13 12:34:10,329][flwr][INFO] - 	       [  0,  38,  14, 513, 273,   6,  18,  16, 132,   0],
[2024-08-13 12:34:10,329][flwr][INFO] - 	       [  7,   4,   1,   0, 810,  53,  14,  65,  27,   1],
[2024-08-13 12:34:10,329][flwr][INFO] - 	       [ 13,  92,  11,  32,  85, 420,  95,  26, 118,   0],
[2024-08-13 12:34:10,329][flwr][INFO] - 	       [  7,  21,  27,   0,  19,   3, 733, 147,   1,   0],
[2024-08-13 12:34:10,329][flwr][INFO] - 	       [ 19,  18,  28,   0,  35,   0,   1, 664, 263,   0],
[2024-08-13 12:34:10,329][flwr][INFO] - 	       [  4,  33,  16,  16,  95,  15,  23,   6, 766,   0],
[2024-08-13 12:34:10,329][flwr][INFO] - 	       [ 97,   5,   3,   1, 366,  45,   0, 120, 255, 117]], dtype=int64)),
[2024-08-13 12:34:10,329][flwr][INFO] - 	                      (7,
[2024-08-13 12:34:10,329][flwr][INFO] - 	                       array([[791, 109,   2,   6,   0,  11,  43,  13,   0,   5],
[2024-08-13 12:34:10,329][flwr][INFO] - 	       [  0, 825, 275,   7,   1,   3,   9,   1,   0,  14],
[2024-08-13 12:34:10,329][flwr][INFO] - 	       [ 12,  17, 624, 255,  10,   4,  19,  40,  18,  33],
[2024-08-13 12:34:10,329][flwr][INFO] - 	       [  4,  14,   8, 808,  10,  30,  19,  18,   3,  96],
[2024-08-13 12:34:10,329][flwr][INFO] - 	       [ 16,   3,   4,   1, 376, 256,  15,  46,   0, 265],
[2024-08-13 12:34:10,329][flwr][INFO] - 	       [ 28,  69,  17,  92,  11, 491,  89,  26,   7,  62],
[2024-08-13 12:34:10,329][flwr][INFO] - 	       [ 15,  14,  28,   0,   5,   3, 766, 126,   0,   1],
[2024-08-13 12:34:10,330][flwr][INFO] - 	       [ 33,  16,  44,   7,  11,   5,   1, 787,  18, 106],
[2024-08-13 12:34:10,330][flwr][INFO] - 	       [ 15,  33,  29, 133,   6,  23,  29,  10,  30, 666],
[2024-08-13 12:34:10,330][flwr][INFO] - 	       [ 57,   3,   3,   7,  17,  21,   1,  26,   1, 873]], dtype=int64)),
[2024-08-13 12:34:10,330][flwr][INFO] - 	                      (8,
[2024-08-13 12:34:10,330][flwr][INFO] - 	                       array([[655, 221,   1,   1,   5,  12,  52,  17,  16,   0],
[2024-08-13 12:34:10,330][flwr][INFO] - 	       [  0, 866, 222,   3,   4,   3,   7,   1,  29,   0],
[2024-08-13 12:34:10,330][flwr][INFO] - 	       [  4,  24, 754,  83,  38,   2,  19,  36,  72,   0],
[2024-08-13 12:34:10,330][flwr][INFO] - 	       [  1,  30,  14, 567, 222,  11,  22,  15, 127,   1],
[2024-08-13 12:34:10,330][flwr][INFO] - 	       [ 13,   4,   1,   0, 816,  60,  16,  42,  29,   1],
[2024-08-13 12:34:10,330][flwr][INFO] - 	       [ 17,  74,  12,  33,  50, 463, 109,  21, 112,   1],
[2024-08-13 12:34:10,330][flwr][INFO] - 	       [  8,  20,  26,   0,  20,   2, 760, 121,   1,   0],
[2024-08-13 12:34:10,330][flwr][INFO] - 	       [ 33,  16,  34,   1,  31,   0,   2, 588, 323,   0],
[2024-08-13 12:34:10,330][flwr][INFO] - 	       [  9,  25,  22,  22,  64,  16,  31,   3, 782,   0],
[2024-08-13 12:34:10,330][flwr][INFO] - 	       [151,   5,   3,   1, 254,  41,   0,  66, 228, 260]], dtype=int64)),
[2024-08-13 12:34:10,330][flwr][INFO] - 	                      (9,
[2024-08-13 12:34:10,330][flwr][INFO] - 	                       array([[778, 120,   1,   6,   1,  14,  37,  17,   0,   6],
[2024-08-13 12:34:10,330][flwr][INFO] - 	       [  0, 879, 218,   9,   1,   3,   8,   2,   0,  15],
[2024-08-13 12:34:10,331][flwr][INFO] - 	       [  9,  20, 638, 241,  10,   4,  18,  42,  13,  37],
[2024-08-13 12:34:10,331][flwr][INFO] - 	       [  4,  15,   7, 800,  13,  34,  18,  19,   2,  98],
[2024-08-13 12:34:10,331][flwr][INFO] - 	       [ 11,   4,   2,   1, 421, 213,  15,  50,   0, 265],
[2024-08-13 12:34:10,331][flwr][INFO] - 	       [ 19,  64,  11,  77,  12, 524,  78,  32,   4,  71],
[2024-08-13 12:34:10,331][flwr][INFO] - 	       [ 14,  15,  23,   0,   5,   5, 741, 154,   0,   1],
[2024-08-13 12:34:10,331][flwr][INFO] - 	       [ 28,  18,  39,   7,  11,   5,   0, 813,   8,  99],
[2024-08-13 12:34:10,331][flwr][INFO] - 	       [ 10,  34,  23, 119,   6,  27,  27,  14,  21, 693],
[2024-08-13 12:34:10,331][flwr][INFO] - 	       [ 42,   4,   3,   6,  18,  20,   1,  31,   0, 884]], dtype=int64)),
[2024-08-13 12:34:10,331][flwr][INFO] - 	                      (10,
[2024-08-13 12:34:10,331][flwr][INFO] - 	                       array([[688, 198,   1,   1,   4,  11,  47,  17,  13,   0],
[2024-08-13 12:34:10,331][flwr][INFO] - 	       [  0, 876, 213,   3,   5,   3,   8,   1,  26,   0],
[2024-08-13 12:34:10,331][flwr][INFO] - 	       [  6,  24, 754,  89,  36,   2,  17,  33,  71,   0],
[2024-08-13 12:34:10,331][flwr][INFO] - 	       [  1,  28,  14, 592, 201,  19,  22,  14, 118,   1],
[2024-08-13 12:34:10,331][flwr][INFO] - 	       [ 15,   4,   1,   0, 812,  69,  16,  34,  28,   3],
[2024-08-13 12:34:10,331][flwr][INFO] - 	       [ 17,  64,   9,  31,  33, 502, 102,  23, 110,   1],
[2024-08-13 12:34:10,331][flwr][INFO] - 	       [ 10,  17,  24,   0,  19,   3, 770, 114,   1,   0],
[2024-08-13 12:34:10,331][flwr][INFO] - 	       [ 38,  16,  36,   1,  30,   1,   1, 615, 290,   0],
[2024-08-13 12:34:10,331][flwr][INFO] - 	       [ 12,  22,  21,  21,  52,  20,  31,   3, 792,   0],
[2024-08-13 12:34:10,332][flwr][INFO] - 	       [193,   5,   3,   2, 207,  46,   0,  59, 195, 299]], dtype=int64))],
[2024-08-13 12:34:10,332][flwr][INFO] - 	 'f1': [(0, 0.017493624772313296),
[2024-08-13 12:34:10,332][flwr][INFO] - 	        (1, 0.30197220867269486),
[2024-08-13 12:34:10,332][flwr][INFO] - 	        (2, 0.49514115388093644),
[2024-08-13 12:34:10,332][flwr][INFO] - 	        (3, 0.53215951013111),
[2024-08-13 12:34:10,332][flwr][INFO] - 	        (4, 0.5761978911979195),
[2024-08-13 12:34:10,332][flwr][INFO] - 	        (5, 0.6054038504489396),
[2024-08-13 12:34:10,332][flwr][INFO] - 	        (6, 0.6102612311334936),
[2024-08-13 12:34:10,332][flwr][INFO] - 	        (7, 0.6111382960701514),
[2024-08-13 12:34:10,332][flwr][INFO] - 	        (8, 0.6431186850108886),
[2024-08-13 12:34:10,332][flwr][INFO] - 	        (9, 0.6241558136472055),
[2024-08-13 12:34:10,332][flwr][INFO] - 	        (10, 0.6631332990624522)],
[2024-08-13 12:34:10,332][flwr][INFO] - 	 'precision': [(0, 0.009604000000000001),
[2024-08-13 12:34:10,332][flwr][INFO] - 	               (1, 0.35295483315910814),
[2024-08-13 12:34:10,332][flwr][INFO] - 	               (2, 0.5699458427992621),
[2024-08-13 12:34:10,332][flwr][INFO] - 	               (3, 0.5856477272669439),
[2024-08-13 12:34:10,332][flwr][INFO] - 	               (4, 0.6695438433503247),
[2024-08-13 12:34:10,333][flwr][INFO] - 	               (5, 0.6405913058454775),
[2024-08-13 12:34:10,333][flwr][INFO] - 	               (6, 0.6967621175078986),
[2024-08-13 12:34:10,333][flwr][INFO] - 	               (7, 0.6508762775579283),
[2024-08-13 12:34:10,333][flwr][INFO] - 	               (8, 0.703517509990763),
[2024-08-13 12:34:10,333][flwr][INFO] - 	               (9, 0.6687058560347943),
[2024-08-13 12:34:10,333][flwr][INFO] - 	               (10, 0.7125978216747253)],
[2024-08-13 12:34:10,333][flwr][INFO] - 	 'recall': [(0, 0.098),
[2024-08-13 12:34:10,333][flwr][INFO] - 	            (1, 0.3674),
[2024-08-13 12:34:10,333][flwr][INFO] - 	            (2, 0.5079),
[2024-08-13 12:34:10,333][flwr][INFO] - 	            (3, 0.5583),
[2024-08-13 12:34:10,333][flwr][INFO] - 	            (4, 0.6008),
[2024-08-13 12:34:10,333][flwr][INFO] - 	            (5, 0.6261),
[2024-08-13 12:34:10,333][flwr][INFO] - 	            (6, 0.627),
[2024-08-13 12:34:10,333][flwr][INFO] - 	            (7, 0.6371),
[2024-08-13 12:34:10,333][flwr][INFO] - 	            (8, 0.6511),
[2024-08-13 12:34:10,333][flwr][INFO] - 	            (9, 0.6499),
[2024-08-13 12:34:10,333][flwr][INFO] - 	            (10, 0.67)]}
[2024-08-13 12:34:10,333][flwr][INFO] - 
