[2024-08-13 11:47:49,211][flwr][INFO] - Starting Flower simulation, config: num_rounds=10, no round_timeout
[2024-08-13 11:47:53,261][flwr][INFO] - Flower VCE: Ray initialized with resources: {'memory': 5091201024.0, 'object_store_memory': 2545600512.0, 'node:127.0.0.1': 1.0, 'accelerator_type:G': 1.0, 'GPU': 1.0, 'node:__internal_head__': 1.0, 'CPU': 16.0}
[2024-08-13 11:47:53,261][flwr][INFO] - Optimize your simulation with Flower VCE: https://flower.ai/docs/framework/how-to-run-simulations.html
[2024-08-13 11:47:53,261][flwr][INFO] - Flower VCE: Resources for each Virtual Client: {'num_cpus': 2, 'num_gpus': 0.5}
[2024-08-13 11:47:53,273][flwr][INFO] - Flower VCE: Creating VirtualClientEngineActorPool with 2 actors
[2024-08-13 11:47:53,273][flwr][INFO] - [INIT]
[2024-08-13 11:47:53,273][flwr][INFO] - Requesting initial parameters from one random client
[2024-08-13 11:48:00,590][flwr][INFO] - Received initial parameters from one random client
[2024-08-13 11:48:00,591][flwr][INFO] - Evaluating initial global parameters
[2024-08-13 11:48:02,830][flwr][INFO] - initial parameters (loss, other metrics): 2.3025850929940455, {'accuracy': 0.098, 'precision': 0.009604000000000001, 'recall': 0.098, 'f1': 0.017493624772313296, 'confusion_matrix': array([[ 980,    0,    0,    0,    0,    0,    0,    0,    0,    0],
       [1135,    0,    0,    0,    0,    0,    0,    0,    0,    0],
       [1032,    0,    0,    0,    0,    0,    0,    0,    0,    0],
       [1010,    0,    0,    0,    0,    0,    0,    0,    0,    0],
       [ 982,    0,    0,    0,    0,    0,    0,    0,    0,    0],
       [ 892,    0,    0,    0,    0,    0,    0,    0,    0,    0],
       [ 958,    0,    0,    0,    0,    0,    0,    0,    0,    0],
       [1028,    0,    0,    0,    0,    0,    0,    0,    0,    0],
       [ 974,    0,    0,    0,    0,    0,    0,    0,    0,    0],
       [1009,    0,    0,    0,    0,    0,    0,    0,    0,    0]],
      dtype=int64)}
[2024-08-13 11:48:02,830][flwr][INFO] - 
[2024-08-13 11:48:02,830][flwr][INFO] - [ROUND 1]
[2024-08-13 11:48:02,831][flwr][INFO] - configure_fit: strategy sampled 10 clients (out of 10)
[2024-08-13 11:48:11,474][flwr][INFO] - aggregate_fit: received 10 results and 0 failures
[2024-08-13 11:48:11,477][flwr][WARNING] - No fit_metrics_aggregation_fn provided
[2024-08-13 11:48:13,687][flwr][INFO] - fit progress: (1, 0.9328127186943986, {'accuracy': 0.7046, 'precision': 0.7797115321982663, 'recall': 0.7046, 'f1': 0.6687156644133313, 'confusion_matrix': array([[ 958,    0,    2,    5,    0,    0,    6,    1,    8,    0],
       [   0, 1056,   35,    8,    0,    0,    4,    1,   28,    3],
       [  94,   18,  701,   98,    4,    0,   19,   19,   62,   17],
       [  31,   10,   14,  863,    0,    0,    8,   10,   56,   18],
       [  47,    7,    4,    1,  308,    0,   26,    5,   42,  542],
       [ 282,   60,    9,  234,    3,    5,   27,   18,  176,   78],
       [ 121,   16,   14,    5,    2,    0,  787,    2,   11,    0],
       [  34,   33,   21,    3,    0,    0,    1,  784,   70,   82],
       [  57,   14,    6,  127,    1,    0,   13,    5,  709,   42],
       [  58,    7,    2,   12,    6,    0,    1,   14,   34,  875]],
      dtype=int64)}, 10.856488899997203)
[2024-08-13 11:48:13,688][flwr][INFO] - configure_evaluate: no clients selected, skipping evaluation
[2024-08-13 11:48:13,688][flwr][INFO] - 
[2024-08-13 11:48:13,688][flwr][INFO] - [ROUND 2]
[2024-08-13 11:48:13,688][flwr][INFO] - configure_fit: strategy sampled 10 clients (out of 10)
[2024-08-13 11:48:20,171][flwr][INFO] - aggregate_fit: received 10 results and 0 failures
[2024-08-13 11:48:22,393][flwr][INFO] - fit progress: (2, 0.7355267756608854, {'accuracy': 0.8073, 'precision': 0.8160916836159895, 'recall': 0.8073, 'f1': 0.8010387300404762, 'confusion_matrix': array([[ 928,    0,    4,    5,    0,    3,   29,    2,    9,    0],
       [   0, 1061,   53,    5,    1,    0,    5,    1,    9,    0],
       [  27,   20,  841,   38,   20,    0,   25,   26,   34,    1],
       [   9,   12,   28,  862,    3,   11,   10,   17,   47,   11],
       [   9,    8,    6,    0,  872,    0,   31,    8,   16,   32],
       [  50,   58,   20,  183,   29,  430,   44,   30,   35,   13],
       [  35,   15,   25,    1,   18,    9,  853,    1,    1,    0],
       [  10,   37,   42,    0,   14,    0,    3,  897,   14,   11],
       [  24,   20,   29,  106,   18,    8,   20,   16,  711,   22],
       [  31,   15,    6,    7,  189,    4,    3,  108,   28,  618]],
      dtype=int64)}, 19.56311519999872)
[2024-08-13 11:48:22,394][flwr][INFO] - configure_evaluate: no clients selected, skipping evaluation
[2024-08-13 11:48:22,394][flwr][INFO] - 
[2024-08-13 11:48:22,394][flwr][INFO] - [ROUND 3]
[2024-08-13 11:48:22,395][flwr][INFO] - configure_fit: strategy sampled 10 clients (out of 10)
[2024-08-13 11:48:28,975][flwr][INFO] - aggregate_fit: received 10 results and 0 failures
[2024-08-13 11:48:31,209][flwr][INFO] - fit progress: (3, 0.7231654912613481, {'accuracy': 0.8205, 'precision': 0.8319286597365646, 'recall': 0.8205, 'f1': 0.8210210752510889, 'confusion_matrix': array([[ 895,    0,    3,    1,    0,   42,   30,    1,    6,    2],
       [   0, 1071,   31,    1,    1,   12,    4,    0,   13,    2],
       [  18,   18,  820,   42,   13,    3,   26,   26,   47,   19],
       [   5,   12,   19,  792,    0,   74,    8,   13,   35,   52],
       [   7,    7,    2,    0,  670,    6,   25,    3,   10,  252],
       [  18,   53,    8,   60,    9,  664,   26,   13,   14,   27],
       [  21,   14,   20,    1,   10,   22,  865,    2,    2,    1],
       [   9,   37,   30,    0,   13,    0,    2,  804,   27,  106],
       [   8,   20,   13,   52,    5,   63,   18,    5,  712,   78],
       [  18,    9,    4,    4,   23,   15,    1,   11,   12,  912]],
      dtype=int64)}, 28.37859359999129)
[2024-08-13 11:48:31,210][flwr][INFO] - configure_evaluate: no clients selected, skipping evaluation
[2024-08-13 11:48:31,210][flwr][INFO] - 
[2024-08-13 11:48:31,210][flwr][INFO] - [ROUND 4]
[2024-08-13 11:48:31,210][flwr][INFO] - configure_fit: strategy sampled 10 clients (out of 10)
[2024-08-13 11:48:37,692][flwr][INFO] - aggregate_fit: received 10 results and 0 failures
[2024-08-13 11:48:39,931][flwr][INFO] - fit progress: (4, 0.7447533051501009, {'accuracy': 0.7776, 'precision': 0.815798963054052, 'recall': 0.7776, 'f1': 0.7545898693391376, 'confusion_matrix': array([[ 919,    0,    3,    6,    4,    3,   28,    5,   12,    0],
       [   0, 1071,   29,    9,    1,    0,    5,    1,   19,    0],
       [  16,   11,  806,   60,   37,    0,   22,   33,   47,    0],
       [   4,    7,   14,  880,    7,   13,    9,   22,   53,    1],
       [   5,    5,    1,    0,  939,    1,   13,   11,    6,    1],
       [  20,   54,    7,  169,   55,  463,   35,   34,   52,    3],
       [  16,   13,   21,    3,   31,    9,  856,    6,    3,    0],
       [   4,   28,   30,    2,   24,    0,    0,  920,   20,    0],
       [  10,   18,   12,   87,   32,   10,   17,   16,  771,    1],
       [  25,   11,    3,    8,  541,    3,    1,  215,   51,  151]],
      dtype=int64)}, 37.101017299995874)
[2024-08-13 11:48:39,932][flwr][INFO] - configure_evaluate: no clients selected, skipping evaluation
[2024-08-13 11:48:39,932][flwr][INFO] - 
[2024-08-13 11:48:39,932][flwr][INFO] - [ROUND 5]
[2024-08-13 11:48:39,932][flwr][INFO] - configure_fit: strategy sampled 10 clients (out of 10)
[2024-08-13 11:48:46,620][flwr][INFO] - aggregate_fit: received 10 results and 0 failures
[2024-08-13 11:48:48,864][flwr][INFO] - fit progress: (5, 0.694077618764631, {'accuracy': 0.8453, 'precision': 0.8479991579702073, 'recall': 0.8453, 'f1': 0.8443813302036124, 'confusion_matrix': array([[ 920,    1,    3,    3,    0,   14,   28,    2,    9,    0],
       [   0, 1076,   33,    3,    1,    5,    5,    1,   10,    1],
       [  16,   14,  844,   41,   12,    0,   27,   27,   42,    9],
       [   5,    8,   18,  848,    1,   37,   11,   14,   32,   36],
       [   6,    7,    3,    0,  777,    2,   27,    6,    9,  145],
       [  18,   55,    8,   78,   11,  625,   37,   15,   19,   26],
       [  16,   13,   21,    1,    9,   19,  874,    4,    1,    0],
       [   7,   34,   37,    0,   12,    0,    2,  870,   17,   49],
       [  11,   25,   20,   63,    8,   29,   20,    8,  733,   57],
       [  20,   10,    5,    6,   28,   12,    2,   28,   12,  886]],
      dtype=int64)}, 46.033940399996936)
[2024-08-13 11:48:48,865][flwr][INFO] - configure_evaluate: no clients selected, skipping evaluation
[2024-08-13 11:48:48,865][flwr][INFO] - 
[2024-08-13 11:48:48,865][flwr][INFO] - [ROUND 6]
[2024-08-13 11:48:48,865][flwr][INFO] - configure_fit: strategy sampled 10 clients (out of 10)
[2024-08-13 11:48:55,621][flwr][INFO] - aggregate_fit: received 10 results and 0 failures
[2024-08-13 11:48:57,844][flwr][INFO] - fit progress: (6, 0.7063399240443551, {'accuracy': 0.8165, 'precision': 0.8397551227622917, 'recall': 0.8165, 'f1': 0.8088968166983067, 'confusion_matrix': array([[ 929,    1,    1,    3,    5,    7,   19,    3,   12,    0],
       [   0, 1081,   13,    5,    1,    2,    5,    1,   27,    0],
       [  15,   18,  781,   58,   40,    0,   21,   34,   65,    0],
       [   4,    9,    9,  860,    7,   30,   10,   21,   57,    3],
       [   2,    5,    1,    0,  944,    2,   12,    8,    6,    2],
       [  15,   50,    2,   86,   39,  607,   30,   21,   40,    2],
       [  14,   14,   17,    1,   33,   16,  855,    6,    2,    0],
       [   5,   33,   24,    3,   26,    0,    0,  903,   32,    2],
       [   9,   21,    7,   42,   28,   18,   16,   11,  820,    2],
       [  24,   10,    3,    6,  403,   14,    1,  112,   51,  385]],
      dtype=int64)}, 55.01439179999579)
[2024-08-13 11:48:57,845][flwr][INFO] - configure_evaluate: no clients selected, skipping evaluation
[2024-08-13 11:48:57,845][flwr][INFO] - 
[2024-08-13 11:48:57,845][flwr][INFO] - [ROUND 7]
[2024-08-13 11:48:57,845][flwr][INFO] - configure_fit: strategy sampled 10 clients (out of 10)
[2024-08-13 11:49:04,639][flwr][INFO] - aggregate_fit: received 10 results and 0 failures
[2024-08-13 11:49:06,880][flwr][INFO] - fit progress: (7, 0.6769292445025084, {'accuracy': 0.8509, 'precision': 0.8540470644309353, 'recall': 0.8509, 'f1': 0.8501579579595424, 'confusion_matrix': array([[ 931,    1,    4,    1,    0,   10,   24,    2,    7,    0],
       [   0, 1080,   27,    6,    1,    5,    5,    1,   10,    0],
       [  12,   12,  844,   41,   13,    1,   24,   29,   44,   12],
       [   5,    6,   16,  854,    2,   40,   10,   16,   25,   36],
       [   4,    5,    3,    0,  780,    2,   25,    6,    7,  150],
       [  14,   51,    6,   68,   10,  659,   30,   14,   15,   25],
       [  14,   11,   21,    1,   10,   16,  877,    7,    1,    0],
       [   7,   35,   36,    2,   14,    0,    2,  868,   13,   51],
       [  12,   29,   18,   59,    7,   39,   20,    8,  718,   64],
       [  23,    8,    5,    8,   26,   11,    1,   23,    6,  898]],
      dtype=int64)}, 64.04992089999723)
[2024-08-13 11:49:06,881][flwr][INFO] - configure_evaluate: no clients selected, skipping evaluation
[2024-08-13 11:49:06,881][flwr][INFO] - 
[2024-08-13 11:49:06,881][flwr][INFO] - [ROUND 8]
[2024-08-13 11:49:06,881][flwr][INFO] - configure_fit: strategy sampled 10 clients (out of 10)
[2024-08-13 11:49:13,893][flwr][INFO] - aggregate_fit: received 10 results and 0 failures
[2024-08-13 11:49:15,980][flwr][INFO] - fit progress: (8, 0.69241247568614, {'accuracy': 0.8372, 'precision': 0.8517742385291536, 'recall': 0.8372, 'f1': 0.8336611009921211, 'confusion_matrix': array([[ 933,    1,    3,    2,    3,    5,   20,    3,   10,    0],
       [   0, 1073,   15,    5,    1,    3,    5,    1,   32,    0],
       [  11,   11,  825,   39,   35,    0,   19,   30,   61,    1],
       [   3,    6,   14,  845,    6,   32,   12,   19,   70,    3],
       [   3,    4,    1,    0,  939,    2,   12,    7,   12,    2],
       [  17,   45,    2,   71,   28,  617,   34,   18,   57,    3],
       [  14,    9,   18,    1,   27,   13,  867,    8,    1,    0],
       [   6,   29,   29,    3,   27,    0,    0,  896,   36,    2],
       [  10,   17,    9,   30,   21,   17,   16,    8,  843,    3],
       [  27,    8,    4,    6,  251,   12,    1,  104,   62,  534]],
      dtype=int64)}, 73.14991290000034)
[2024-08-13 11:49:15,981][flwr][INFO] - configure_evaluate: no clients selected, skipping evaluation
[2024-08-13 11:49:15,981][flwr][INFO] - 
[2024-08-13 11:49:15,981][flwr][INFO] - [ROUND 9]
[2024-08-13 11:49:15,981][flwr][INFO] - configure_fit: strategy sampled 10 clients (out of 10)
[2024-08-13 11:49:22,694][flwr][INFO] - aggregate_fit: received 10 results and 0 failures
[2024-08-13 11:49:25,075][flwr][INFO] - fit progress: (9, 0.668468056164065, {'accuracy': 0.8546, 'precision': 0.8575536838463822, 'recall': 0.8546, 'f1': 0.8535915580053088, 'confusion_matrix': array([[ 930,    2,    4,    3,    1,    9,   23,    2,    6,    0],
       [   0, 1085,   22,    6,    1,    5,    5,    1,    9,    1],
       [  12,   14,  848,   39,   12,    1,   24,   30,   40,   12],
       [   2,    5,   13,  869,    2,   37,   11,   16,   19,   36],
       [   3,    5,    3,    0,  814,    2,   21,    6,    4,  124],
       [  13,   45,    2,   70,   11,  660,   34,   15,   16,   26],
       [  13,    8,   18,    1,   13,   16,  881,    7,    1,    0],
       [   8,   32,   31,    4,   14,    0,    2,  874,   10,   53],
       [  16,   38,   16,   60,   11,   42,   22,    9,  688,   72],
       [  21,    8,    5,    9,   29,   12,    1,   25,    2,  897]],
      dtype=int64)}, 82.24536459999217)
[2024-08-13 11:49:25,076][flwr][INFO] - configure_evaluate: no clients selected, skipping evaluation
[2024-08-13 11:49:25,076][flwr][INFO] - 
[2024-08-13 11:49:25,076][flwr][INFO] - [ROUND 10]
[2024-08-13 11:49:25,076][flwr][INFO] - configure_fit: strategy sampled 10 clients (out of 10)
[2024-08-13 11:49:31,718][flwr][INFO] - aggregate_fit: received 10 results and 0 failures
[2024-08-13 11:49:33,800][flwr][INFO] - fit progress: (10, 0.6783774311331439, {'accuracy': 0.8508, 'precision': 0.8609638767144306, 'recall': 0.8508, 'f1': 0.8495238596115525, 'confusion_matrix': array([[ 929,    2,    4,    4,    1,    8,   18,    4,   10,    0],
       [   0, 1070,    9,    4,    1,    3,    5,    1,   42,    0],
       [  11,   13,  824,   38,   27,    1,   17,   30,   70,    1],
       [   2,    5,   13,  842,    3,   35,   11,   19,   75,    5],
       [   3,    4,    1,    0,  925,    3,   12,    8,   17,    9],
       [  12,   40,    2,   56,   17,  645,   32,   19,   66,    3],
       [  13,    8,   16,    1,   19,   14,  873,   11,    3,    0],
       [   8,   27,   28,    3,   23,    0,    0,  896,   38,    5],
       [   9,   14,   10,   22,   15,   19,   16,    6,  861,    2],
       [  28,    6,    4,    5,  153,   16,    1,   84,   69,  643]],
      dtype=int64)}, 90.970591099991)
[2024-08-13 11:49:33,801][flwr][INFO] - configure_evaluate: no clients selected, skipping evaluation
[2024-08-13 11:49:33,801][flwr][INFO] - 
[2024-08-13 11:49:33,801][flwr][INFO] - [SUMMARY]
[2024-08-13 11:49:33,801][flwr][INFO] - Run finished 10 round(s) in 90.97s
[2024-08-13 11:49:33,810][flwr][INFO] - 	History (loss, centralized):
[2024-08-13 11:49:33,810][flwr][INFO] - 		round 0: 2.3025850929940455
[2024-08-13 11:49:33,810][flwr][INFO] - 		round 1: 0.9328127186943986
[2024-08-13 11:49:33,810][flwr][INFO] - 		round 2: 0.7355267756608854
[2024-08-13 11:49:33,810][flwr][INFO] - 		round 3: 0.7231654912613481
[2024-08-13 11:49:33,810][flwr][INFO] - 		round 4: 0.7447533051501009
[2024-08-13 11:49:33,810][flwr][INFO] - 		round 5: 0.694077618764631
[2024-08-13 11:49:33,810][flwr][INFO] - 		round 6: 0.7063399240443551
[2024-08-13 11:49:33,810][flwr][INFO] - 		round 7: 0.6769292445025084
[2024-08-13 11:49:33,810][flwr][INFO] - 		round 8: 0.69241247568614
[2024-08-13 11:49:33,810][flwr][INFO] - 		round 9: 0.668468056164065
[2024-08-13 11:49:33,810][flwr][INFO] - 		round 10: 0.6783774311331439
[2024-08-13 11:49:33,811][flwr][INFO] - 	History (metrics, centralized):
[2024-08-13 11:49:33,811][flwr][INFO] - 	{'accuracy': [(0, 0.098),
[2024-08-13 11:49:33,811][flwr][INFO] - 	              (1, 0.7046),
[2024-08-13 11:49:33,811][flwr][INFO] - 	              (2, 0.8073),
[2024-08-13 11:49:33,811][flwr][INFO] - 	              (3, 0.8205),
[2024-08-13 11:49:33,811][flwr][INFO] - 	              (4, 0.7776),
[2024-08-13 11:49:33,811][flwr][INFO] - 	              (5, 0.8453),
[2024-08-13 11:49:33,811][flwr][INFO] - 	              (6, 0.8165),
[2024-08-13 11:49:33,811][flwr][INFO] - 	              (7, 0.8509),
[2024-08-13 11:49:33,811][flwr][INFO] - 	              (8, 0.8372),
[2024-08-13 11:49:33,811][flwr][INFO] - 	              (9, 0.8546),
[2024-08-13 11:49:33,811][flwr][INFO] - 	              (10, 0.8508)],
[2024-08-13 11:49:33,811][flwr][INFO] - 	 'confusion_matrix': [(0,
[2024-08-13 11:49:33,811][flwr][INFO] - 	                       array([[ 980,    0,    0,    0,    0,    0,    0,    0,    0,    0],
[2024-08-13 11:49:33,811][flwr][INFO] - 	       [1135,    0,    0,    0,    0,    0,    0,    0,    0,    0],
[2024-08-13 11:49:33,812][flwr][INFO] - 	       [1032,    0,    0,    0,    0,    0,    0,    0,    0,    0],
[2024-08-13 11:49:33,812][flwr][INFO] - 	       [1010,    0,    0,    0,    0,    0,    0,    0,    0,    0],
[2024-08-13 11:49:33,812][flwr][INFO] - 	       [ 982,    0,    0,    0,    0,    0,    0,    0,    0,    0],
[2024-08-13 11:49:33,812][flwr][INFO] - 	       [ 892,    0,    0,    0,    0,    0,    0,    0,    0,    0],
[2024-08-13 11:49:33,812][flwr][INFO] - 	       [ 958,    0,    0,    0,    0,    0,    0,    0,    0,    0],
[2024-08-13 11:49:33,812][flwr][INFO] - 	       [1028,    0,    0,    0,    0,    0,    0,    0,    0,    0],
[2024-08-13 11:49:33,812][flwr][INFO] - 	       [ 974,    0,    0,    0,    0,    0,    0,    0,    0,    0],
[2024-08-13 11:49:33,812][flwr][INFO] - 	       [1009,    0,    0,    0,    0,    0,    0,    0,    0,    0]],
[2024-08-13 11:49:33,812][flwr][INFO] - 	      dtype=int64)),
[2024-08-13 11:49:33,812][flwr][INFO] - 	                      (1,
[2024-08-13 11:49:33,812][flwr][INFO] - 	                       array([[ 958,    0,    2,    5,    0,    0,    6,    1,    8,    0],
[2024-08-13 11:49:33,812][flwr][INFO] - 	       [   0, 1056,   35,    8,    0,    0,    4,    1,   28,    3],
[2024-08-13 11:49:33,812][flwr][INFO] - 	       [  94,   18,  701,   98,    4,    0,   19,   19,   62,   17],
[2024-08-13 11:49:33,812][flwr][INFO] - 	       [  31,   10,   14,  863,    0,    0,    8,   10,   56,   18],
[2024-08-13 11:49:33,813][flwr][INFO] - 	       [  47,    7,    4,    1,  308,    0,   26,    5,   42,  542],
[2024-08-13 11:49:33,813][flwr][INFO] - 	       [ 282,   60,    9,  234,    3,    5,   27,   18,  176,   78],
[2024-08-13 11:49:33,813][flwr][INFO] - 	       [ 121,   16,   14,    5,    2,    0,  787,    2,   11,    0],
[2024-08-13 11:49:33,813][flwr][INFO] - 	       [  34,   33,   21,    3,    0,    0,    1,  784,   70,   82],
[2024-08-13 11:49:33,813][flwr][INFO] - 	       [  57,   14,    6,  127,    1,    0,   13,    5,  709,   42],
[2024-08-13 11:49:33,813][flwr][INFO] - 	       [  58,    7,    2,   12,    6,    0,    1,   14,   34,  875]],
[2024-08-13 11:49:33,813][flwr][INFO] - 	      dtype=int64)),
[2024-08-13 11:49:33,813][flwr][INFO] - 	                      (2,
[2024-08-13 11:49:33,813][flwr][INFO] - 	                       array([[ 928,    0,    4,    5,    0,    3,   29,    2,    9,    0],
[2024-08-13 11:49:33,813][flwr][INFO] - 	       [   0, 1061,   53,    5,    1,    0,    5,    1,    9,    0],
[2024-08-13 11:49:33,813][flwr][INFO] - 	       [  27,   20,  841,   38,   20,    0,   25,   26,   34,    1],
[2024-08-13 11:49:33,813][flwr][INFO] - 	       [   9,   12,   28,  862,    3,   11,   10,   17,   47,   11],
[2024-08-13 11:49:33,813][flwr][INFO] - 	       [   9,    8,    6,    0,  872,    0,   31,    8,   16,   32],
[2024-08-13 11:49:33,813][flwr][INFO] - 	       [  50,   58,   20,  183,   29,  430,   44,   30,   35,   13],
[2024-08-13 11:49:33,813][flwr][INFO] - 	       [  35,   15,   25,    1,   18,    9,  853,    1,    1,    0],
[2024-08-13 11:49:33,814][flwr][INFO] - 	       [  10,   37,   42,    0,   14,    0,    3,  897,   14,   11],
[2024-08-13 11:49:33,814][flwr][INFO] - 	       [  24,   20,   29,  106,   18,    8,   20,   16,  711,   22],
[2024-08-13 11:49:33,814][flwr][INFO] - 	       [  31,   15,    6,    7,  189,    4,    3,  108,   28,  618]],
[2024-08-13 11:49:33,814][flwr][INFO] - 	      dtype=int64)),
[2024-08-13 11:49:33,814][flwr][INFO] - 	                      (3,
[2024-08-13 11:49:33,814][flwr][INFO] - 	                       array([[ 895,    0,    3,    1,    0,   42,   30,    1,    6,    2],
[2024-08-13 11:49:33,814][flwr][INFO] - 	       [   0, 1071,   31,    1,    1,   12,    4,    0,   13,    2],
[2024-08-13 11:49:33,814][flwr][INFO] - 	       [  18,   18,  820,   42,   13,    3,   26,   26,   47,   19],
[2024-08-13 11:49:33,814][flwr][INFO] - 	       [   5,   12,   19,  792,    0,   74,    8,   13,   35,   52],
[2024-08-13 11:49:33,814][flwr][INFO] - 	       [   7,    7,    2,    0,  670,    6,   25,    3,   10,  252],
[2024-08-13 11:49:33,814][flwr][INFO] - 	       [  18,   53,    8,   60,    9,  664,   26,   13,   14,   27],
[2024-08-13 11:49:33,814][flwr][INFO] - 	       [  21,   14,   20,    1,   10,   22,  865,    2,    2,    1],
[2024-08-13 11:49:33,814][flwr][INFO] - 	       [   9,   37,   30,    0,   13,    0,    2,  804,   27,  106],
[2024-08-13 11:49:33,814][flwr][INFO] - 	       [   8,   20,   13,   52,    5,   63,   18,    5,  712,   78],
[2024-08-13 11:49:33,814][flwr][INFO] - 	       [  18,    9,    4,    4,   23,   15,    1,   11,   12,  912]],
[2024-08-13 11:49:33,814][flwr][INFO] - 	      dtype=int64)),
[2024-08-13 11:49:33,814][flwr][INFO] - 	                      (4,
[2024-08-13 11:49:33,814][flwr][INFO] - 	                       array([[ 919,    0,    3,    6,    4,    3,   28,    5,   12,    0],
[2024-08-13 11:49:33,815][flwr][INFO] - 	       [   0, 1071,   29,    9,    1,    0,    5,    1,   19,    0],
[2024-08-13 11:49:33,815][flwr][INFO] - 	       [  16,   11,  806,   60,   37,    0,   22,   33,   47,    0],
[2024-08-13 11:49:33,815][flwr][INFO] - 	       [   4,    7,   14,  880,    7,   13,    9,   22,   53,    1],
[2024-08-13 11:49:33,815][flwr][INFO] - 	       [   5,    5,    1,    0,  939,    1,   13,   11,    6,    1],
[2024-08-13 11:49:33,815][flwr][INFO] - 	       [  20,   54,    7,  169,   55,  463,   35,   34,   52,    3],
[2024-08-13 11:49:33,815][flwr][INFO] - 	       [  16,   13,   21,    3,   31,    9,  856,    6,    3,    0],
[2024-08-13 11:49:33,815][flwr][INFO] - 	       [   4,   28,   30,    2,   24,    0,    0,  920,   20,    0],
[2024-08-13 11:49:33,815][flwr][INFO] - 	       [  10,   18,   12,   87,   32,   10,   17,   16,  771,    1],
[2024-08-13 11:49:33,815][flwr][INFO] - 	       [  25,   11,    3,    8,  541,    3,    1,  215,   51,  151]],
[2024-08-13 11:49:33,815][flwr][INFO] - 	      dtype=int64)),
[2024-08-13 11:49:33,815][flwr][INFO] - 	                      (5,
[2024-08-13 11:49:33,815][flwr][INFO] - 	                       array([[ 920,    1,    3,    3,    0,   14,   28,    2,    9,    0],
[2024-08-13 11:49:33,815][flwr][INFO] - 	       [   0, 1076,   33,    3,    1,    5,    5,    1,   10,    1],
[2024-08-13 11:49:33,815][flwr][INFO] - 	       [  16,   14,  844,   41,   12,    0,   27,   27,   42,    9],
[2024-08-13 11:49:33,815][flwr][INFO] - 	       [   5,    8,   18,  848,    1,   37,   11,   14,   32,   36],
[2024-08-13 11:49:33,815][flwr][INFO] - 	       [   6,    7,    3,    0,  777,    2,   27,    6,    9,  145],
[2024-08-13 11:49:33,815][flwr][INFO] - 	       [  18,   55,    8,   78,   11,  625,   37,   15,   19,   26],
[2024-08-13 11:49:33,816][flwr][INFO] - 	       [  16,   13,   21,    1,    9,   19,  874,    4,    1,    0],
[2024-08-13 11:49:33,816][flwr][INFO] - 	       [   7,   34,   37,    0,   12,    0,    2,  870,   17,   49],
[2024-08-13 11:49:33,816][flwr][INFO] - 	       [  11,   25,   20,   63,    8,   29,   20,    8,  733,   57],
[2024-08-13 11:49:33,816][flwr][INFO] - 	       [  20,   10,    5,    6,   28,   12,    2,   28,   12,  886]],
[2024-08-13 11:49:33,816][flwr][INFO] - 	      dtype=int64)),
[2024-08-13 11:49:33,816][flwr][INFO] - 	                      (6,
[2024-08-13 11:49:33,816][flwr][INFO] - 	                       array([[ 929,    1,    1,    3,    5,    7,   19,    3,   12,    0],
[2024-08-13 11:49:33,816][flwr][INFO] - 	       [   0, 1081,   13,    5,    1,    2,    5,    1,   27,    0],
[2024-08-13 11:49:33,816][flwr][INFO] - 	       [  15,   18,  781,   58,   40,    0,   21,   34,   65,    0],
[2024-08-13 11:49:33,816][flwr][INFO] - 	       [   4,    9,    9,  860,    7,   30,   10,   21,   57,    3],
[2024-08-13 11:49:33,816][flwr][INFO] - 	       [   2,    5,    1,    0,  944,    2,   12,    8,    6,    2],
[2024-08-13 11:49:33,816][flwr][INFO] - 	       [  15,   50,    2,   86,   39,  607,   30,   21,   40,    2],
[2024-08-13 11:49:33,816][flwr][INFO] - 	       [  14,   14,   17,    1,   33,   16,  855,    6,    2,    0],
[2024-08-13 11:49:33,816][flwr][INFO] - 	       [   5,   33,   24,    3,   26,    0,    0,  903,   32,    2],
[2024-08-13 11:49:33,816][flwr][INFO] - 	       [   9,   21,    7,   42,   28,   18,   16,   11,  820,    2],
[2024-08-13 11:49:33,816][flwr][INFO] - 	       [  24,   10,    3,    6,  403,   14,    1,  112,   51,  385]],
[2024-08-13 11:49:33,816][flwr][INFO] - 	      dtype=int64)),
[2024-08-13 11:49:33,816][flwr][INFO] - 	                      (7,
[2024-08-13 11:49:33,817][flwr][INFO] - 	                       array([[ 931,    1,    4,    1,    0,   10,   24,    2,    7,    0],
[2024-08-13 11:49:33,817][flwr][INFO] - 	       [   0, 1080,   27,    6,    1,    5,    5,    1,   10,    0],
[2024-08-13 11:49:33,817][flwr][INFO] - 	       [  12,   12,  844,   41,   13,    1,   24,   29,   44,   12],
[2024-08-13 11:49:33,817][flwr][INFO] - 	       [   5,    6,   16,  854,    2,   40,   10,   16,   25,   36],
[2024-08-13 11:49:33,817][flwr][INFO] - 	       [   4,    5,    3,    0,  780,    2,   25,    6,    7,  150],
[2024-08-13 11:49:33,817][flwr][INFO] - 	       [  14,   51,    6,   68,   10,  659,   30,   14,   15,   25],
[2024-08-13 11:49:33,817][flwr][INFO] - 	       [  14,   11,   21,    1,   10,   16,  877,    7,    1,    0],
[2024-08-13 11:49:33,817][flwr][INFO] - 	       [   7,   35,   36,    2,   14,    0,    2,  868,   13,   51],
[2024-08-13 11:49:33,817][flwr][INFO] - 	       [  12,   29,   18,   59,    7,   39,   20,    8,  718,   64],
[2024-08-13 11:49:33,817][flwr][INFO] - 	       [  23,    8,    5,    8,   26,   11,    1,   23,    6,  898]],
[2024-08-13 11:49:33,817][flwr][INFO] - 	      dtype=int64)),
[2024-08-13 11:49:33,817][flwr][INFO] - 	                      (8,
[2024-08-13 11:49:33,817][flwr][INFO] - 	                       array([[ 933,    1,    3,    2,    3,    5,   20,    3,   10,    0],
[2024-08-13 11:49:33,817][flwr][INFO] - 	       [   0, 1073,   15,    5,    1,    3,    5,    1,   32,    0],
[2024-08-13 11:49:33,817][flwr][INFO] - 	       [  11,   11,  825,   39,   35,    0,   19,   30,   61,    1],
[2024-08-13 11:49:33,817][flwr][INFO] - 	       [   3,    6,   14,  845,    6,   32,   12,   19,   70,    3],
[2024-08-13 11:49:33,817][flwr][INFO] - 	       [   3,    4,    1,    0,  939,    2,   12,    7,   12,    2],
[2024-08-13 11:49:33,817][flwr][INFO] - 	       [  17,   45,    2,   71,   28,  617,   34,   18,   57,    3],
[2024-08-13 11:49:33,818][flwr][INFO] - 	       [  14,    9,   18,    1,   27,   13,  867,    8,    1,    0],
[2024-08-13 11:49:33,818][flwr][INFO] - 	       [   6,   29,   29,    3,   27,    0,    0,  896,   36,    2],
[2024-08-13 11:49:33,818][flwr][INFO] - 	       [  10,   17,    9,   30,   21,   17,   16,    8,  843,    3],
[2024-08-13 11:49:33,818][flwr][INFO] - 	       [  27,    8,    4,    6,  251,   12,    1,  104,   62,  534]],
[2024-08-13 11:49:33,818][flwr][INFO] - 	      dtype=int64)),
[2024-08-13 11:49:33,818][flwr][INFO] - 	                      (9,
[2024-08-13 11:49:33,818][flwr][INFO] - 	                       array([[ 930,    2,    4,    3,    1,    9,   23,    2,    6,    0],
[2024-08-13 11:49:33,818][flwr][INFO] - 	       [   0, 1085,   22,    6,    1,    5,    5,    1,    9,    1],
[2024-08-13 11:49:33,818][flwr][INFO] - 	       [  12,   14,  848,   39,   12,    1,   24,   30,   40,   12],
[2024-08-13 11:49:33,818][flwr][INFO] - 	       [   2,    5,   13,  869,    2,   37,   11,   16,   19,   36],
[2024-08-13 11:49:33,818][flwr][INFO] - 	       [   3,    5,    3,    0,  814,    2,   21,    6,    4,  124],
[2024-08-13 11:49:33,818][flwr][INFO] - 	       [  13,   45,    2,   70,   11,  660,   34,   15,   16,   26],
[2024-08-13 11:49:33,818][flwr][INFO] - 	       [  13,    8,   18,    1,   13,   16,  881,    7,    1,    0],
[2024-08-13 11:49:33,818][flwr][INFO] - 	       [   8,   32,   31,    4,   14,    0,    2,  874,   10,   53],
[2024-08-13 11:49:33,818][flwr][INFO] - 	       [  16,   38,   16,   60,   11,   42,   22,    9,  688,   72],
[2024-08-13 11:49:33,818][flwr][INFO] - 	       [  21,    8,    5,    9,   29,   12,    1,   25,    2,  897]],
[2024-08-13 11:49:33,818][flwr][INFO] - 	      dtype=int64)),
[2024-08-13 11:49:33,818][flwr][INFO] - 	                      (10,
[2024-08-13 11:49:33,819][flwr][INFO] - 	                       array([[ 929,    2,    4,    4,    1,    8,   18,    4,   10,    0],
[2024-08-13 11:49:33,819][flwr][INFO] - 	       [   0, 1070,    9,    4,    1,    3,    5,    1,   42,    0],
[2024-08-13 11:49:33,819][flwr][INFO] - 	       [  11,   13,  824,   38,   27,    1,   17,   30,   70,    1],
[2024-08-13 11:49:33,819][flwr][INFO] - 	       [   2,    5,   13,  842,    3,   35,   11,   19,   75,    5],
[2024-08-13 11:49:33,819][flwr][INFO] - 	       [   3,    4,    1,    0,  925,    3,   12,    8,   17,    9],
[2024-08-13 11:49:33,819][flwr][INFO] - 	       [  12,   40,    2,   56,   17,  645,   32,   19,   66,    3],
[2024-08-13 11:49:33,819][flwr][INFO] - 	       [  13,    8,   16,    1,   19,   14,  873,   11,    3,    0],
[2024-08-13 11:49:33,819][flwr][INFO] - 	       [   8,   27,   28,    3,   23,    0,    0,  896,   38,    5],
[2024-08-13 11:49:33,819][flwr][INFO] - 	       [   9,   14,   10,   22,   15,   19,   16,    6,  861,    2],
[2024-08-13 11:49:33,819][flwr][INFO] - 	       [  28,    6,    4,    5,  153,   16,    1,   84,   69,  643]],
[2024-08-13 11:49:33,819][flwr][INFO] - 	      dtype=int64))],
[2024-08-13 11:49:33,819][flwr][INFO] - 	 'f1': [(0, 0.017493624772313296),
[2024-08-13 11:49:33,819][flwr][INFO] - 	        (1, 0.6687156644133313),
[2024-08-13 11:49:33,819][flwr][INFO] - 	        (2, 0.8010387300404762),
[2024-08-13 11:49:33,819][flwr][INFO] - 	        (3, 0.8210210752510889),
[2024-08-13 11:49:33,819][flwr][INFO] - 	        (4, 0.7545898693391376),
[2024-08-13 11:49:33,819][flwr][INFO] - 	        (5, 0.8443813302036124),
[2024-08-13 11:49:33,820][flwr][INFO] - 	        (6, 0.8088968166983067),
[2024-08-13 11:49:33,820][flwr][INFO] - 	        (7, 0.8501579579595424),
[2024-08-13 11:49:33,820][flwr][INFO] - 	        (8, 0.8336611009921211),
[2024-08-13 11:49:33,820][flwr][INFO] - 	        (9, 0.8535915580053088),
[2024-08-13 11:49:33,820][flwr][INFO] - 	        (10, 0.8495238596115525)],
[2024-08-13 11:49:33,820][flwr][INFO] - 	 'precision': [(0, 0.009604000000000001),
[2024-08-13 11:49:33,820][flwr][INFO] - 	               (1, 0.7797115321982663),
[2024-08-13 11:49:33,820][flwr][INFO] - 	               (2, 0.8160916836159895),
[2024-08-13 11:49:33,820][flwr][INFO] - 	               (3, 0.8319286597365646),
[2024-08-13 11:49:33,820][flwr][INFO] - 	               (4, 0.815798963054052),
[2024-08-13 11:49:33,820][flwr][INFO] - 	               (5, 0.8479991579702073),
[2024-08-13 11:49:33,820][flwr][INFO] - 	               (6, 0.8397551227622917),
[2024-08-13 11:49:33,820][flwr][INFO] - 	               (7, 0.8540470644309353),
[2024-08-13 11:49:33,820][flwr][INFO] - 	               (8, 0.8517742385291536),
[2024-08-13 11:49:33,820][flwr][INFO] - 	               (9, 0.8575536838463822),
[2024-08-13 11:49:33,820][flwr][INFO] - 	               (10, 0.8609638767144306)],
[2024-08-13 11:49:33,820][flwr][INFO] - 	 'recall': [(0, 0.098),
[2024-08-13 11:49:33,820][flwr][INFO] - 	            (1, 0.7046),
[2024-08-13 11:49:33,821][flwr][INFO] - 	            (2, 0.8073),
[2024-08-13 11:49:33,821][flwr][INFO] - 	            (3, 0.8205),
[2024-08-13 11:49:33,821][flwr][INFO] - 	            (4, 0.7776),
[2024-08-13 11:49:33,821][flwr][INFO] - 	            (5, 0.8453),
[2024-08-13 11:49:33,821][flwr][INFO] - 	            (6, 0.8165),
[2024-08-13 11:49:33,821][flwr][INFO] - 	            (7, 0.8509),
[2024-08-13 11:49:33,821][flwr][INFO] - 	            (8, 0.8372),
[2024-08-13 11:49:33,821][flwr][INFO] - 	            (9, 0.8546),
[2024-08-13 11:49:33,821][flwr][INFO] - 	            (10, 0.8508)]}
[2024-08-13 11:49:33,821][flwr][INFO] - 
