[2024-08-13 15:06:07,491][flwr][INFO] - Starting Flower simulation, config: num_rounds=10, no round_timeout
[2024-08-13 15:06:11,665][flwr][INFO] - Flower VCE: Ray initialized with resources: {'CPU': 16.0, 'node:__internal_head__': 1.0, 'object_store_memory': 2441845555.0, 'memory': 4883691111.0, 'node:127.0.0.1': 1.0, 'accelerator_type:G': 1.0, 'GPU': 1.0}
[2024-08-13 15:06:11,665][flwr][INFO] - Optimize your simulation with Flower VCE: https://flower.ai/docs/framework/how-to-run-simulations.html
[2024-08-13 15:06:11,665][flwr][INFO] - Flower VCE: Resources for each Virtual Client: {'num_cpus': 2, 'num_gpus': 0.5}
[2024-08-13 15:06:11,676][flwr][INFO] - Flower VCE: Creating VirtualClientEngineActorPool with 2 actors
[2024-08-13 15:06:11,678][flwr][INFO] - [INIT]
[2024-08-13 15:06:11,678][flwr][INFO] - Requesting initial parameters from one random client
[2024-08-13 15:06:19,251][flwr][INFO] - Received initial parameters from one random client
[2024-08-13 15:06:19,251][flwr][INFO] - Evaluating initial global parameters
[2024-08-13 15:06:21,470][flwr][INFO] - initial parameters (loss, other metrics): 2.3025850929940455, {'accuracy': 0.098, 'precision': 0.009604000000000001, 'recall': 0.098, 'f1': 0.017493624772313296, 'confusion_matrix': array([[ 980,    0,    0,    0,    0,    0,    0,    0,    0,    0],
       [1135,    0,    0,    0,    0,    0,    0,    0,    0,    0],
       [1032,    0,    0,    0,    0,    0,    0,    0,    0,    0],
       [1010,    0,    0,    0,    0,    0,    0,    0,    0,    0],
       [ 982,    0,    0,    0,    0,    0,    0,    0,    0,    0],
       [ 892,    0,    0,    0,    0,    0,    0,    0,    0,    0],
       [ 958,    0,    0,    0,    0,    0,    0,    0,    0,    0],
       [1028,    0,    0,    0,    0,    0,    0,    0,    0,    0],
       [ 974,    0,    0,    0,    0,    0,    0,    0,    0,    0],
       [1009,    0,    0,    0,    0,    0,    0,    0,    0,    0]],
      dtype=int64)}
[2024-08-13 15:06:21,471][flwr][INFO] - 
[2024-08-13 15:06:21,471][flwr][INFO] - [ROUND 1]
[2024-08-13 15:06:21,471][flwr][INFO] - configure_fit: strategy sampled 10 clients (out of 100)
[2024-08-13 15:06:25,032][flwr][INFO] - aggregate_fit: received 10 results and 0 failures
[2024-08-13 15:06:25,035][flwr][WARNING] - No fit_metrics_aggregation_fn provided
[2024-08-13 15:06:27,110][flwr][INFO] - fit progress: (1, 1.290143190318615, {'accuracy': 0.5603, 'precision': 0.5848635351231364, 'recall': 0.5603, 'f1': 0.524156637726922, 'confusion_matrix': array([[937,   0,   2,  19,   0,   0,  17,   0,   3,   2],
       [  0, 703, 356,  25,   0,   0,   9,   0,  15,  27],
       [ 46,   1, 265, 603,   7,   0,  48,  10,  21,  31],
       [  5,   1,   1, 930,   0,   0,  10,   2,  19,  42],
       [ 44,   2,   3,   1, 333,   0,  39,  10,  19, 531],
       [161,  37,  30, 327,   4,   0,  85,   3,  98, 147],
       [ 64,   3,  10,  11,   3,   0, 859,   6,   0,   2],
       [ 50,   8,  27,  23,   7,   0,   2, 416, 301, 194],
       [ 33,   3,  15, 372,   3,   0,  20,   1, 292, 235],
       [ 56,   3,   1,  16,  12,   0,   2,   6,  45, 868]], dtype=int64)}, 5.638834099998348)
[2024-08-13 15:06:27,111][flwr][INFO] - configure_evaluate: no clients selected, skipping evaluation
[2024-08-13 15:06:27,111][flwr][INFO] - 
[2024-08-13 15:06:27,111][flwr][INFO] - [ROUND 2]
[2024-08-13 15:06:27,111][flwr][INFO] - configure_fit: strategy sampled 10 clients (out of 100)
[2024-08-13 15:06:28,334][flwr][INFO] - aggregate_fit: received 10 results and 0 failures
[2024-08-13 15:06:30,410][flwr][INFO] - fit progress: (2, 1.0804383570836387, {'accuracy': 0.6847, 'precision': 0.7454437322219859, 'recall': 0.6847, 'f1': 0.6649144459647709, 'confusion_matrix': array([[892,   5,   4,   1,   5,   4,  50,  11,   8,   0],
       [  0, 883, 231,   1,   4,   0,   4,   3,   9,   0],
       [ 15,  10, 854,  17,  41,   0,  19,  41,  35,   0],
       [  7,  56,  48, 561, 172,   7,  32,  22, 101,   4],
       [  5,   4,   7,   0, 860,   0,  13,  80,  12,   1],
       [ 31, 101,  26,  45, 113, 361,  98,  42,  71,   4],
       [ 16,  12,  37,   0,  24,   3, 815,  51,   0,   0],
       [ 10,  23,  49,   0,  22,   0,   1, 872,  51,   0],
       [ 15,  46,  78,   8, 163,   9,  35,  17, 596,   7],
       [ 22,   8,   4,   1, 433,   1,   1, 317,  69, 153]], dtype=int64)}, 8.9386089000036)
[2024-08-13 15:06:30,411][flwr][INFO] - configure_evaluate: no clients selected, skipping evaluation
[2024-08-13 15:06:30,411][flwr][INFO] - 
[2024-08-13 15:06:30,411][flwr][INFO] - [ROUND 3]
[2024-08-13 15:06:30,411][flwr][INFO] - configure_fit: strategy sampled 10 clients (out of 100)
[2024-08-13 15:06:31,581][flwr][INFO] - aggregate_fit: received 10 results and 0 failures
[2024-08-13 15:06:33,651][flwr][INFO] - fit progress: (3, 1.0810907634186728, {'accuracy': 0.6595, 'precision': 0.7388985148369082, 'recall': 0.6595, 'f1': 0.645128202254967, 'confusion_matrix': array([[ 847,   18,    1,   25,    0,   16,   48,    1,   14,   10],
       [   0, 1035,   62,    4,    0,    2,    5,    0,    9,   18],
       [  11,   25,  472,  359,    4,    3,   34,   14,   61,   49],
       [   0,   10,    3,  852,    0,   15,   11,    5,   34,   80],
       [   5,    6,    1,    0,  161,   96,   21,   11,   14,  667],
       [   6,   87,    4,  184,    1,  428,   42,    7,   59,   74],
       [  13,   23,   14,    2,    2,    7,  873,   18,    1,    5],
       [  14,   30,   15,    8,    0,    2,    2,  519,  225,  213],
       [   5,   45,    3,  152,    0,   18,   18,    2,  479,  252],
       [  16,    6,    1,   10,    3,   11,    2,    6,   25,  929]],
      dtype=int64)}, 12.179505099993548)
[2024-08-13 15:06:33,652][flwr][INFO] - configure_evaluate: no clients selected, skipping evaluation
[2024-08-13 15:06:33,652][flwr][INFO] - 
[2024-08-13 15:06:33,652][flwr][INFO] - [ROUND 4]
[2024-08-13 15:06:33,652][flwr][INFO] - configure_fit: strategy sampled 10 clients (out of 100)
[2024-08-13 15:06:34,868][flwr][INFO] - aggregate_fit: received 10 results and 0 failures
[2024-08-13 15:06:36,943][flwr][INFO] - fit progress: (4, 1.032276443349568, {'accuracy': 0.7159, 'precision': 0.7700487395691858, 'recall': 0.7159, 'f1': 0.6859834031737222, 'confusion_matrix': array([[907,  24,   2,   2,   2,   4,  19,  14,   6,   0],
       [  0, 918, 193,   1,   3,   3,   4,   4,   9,   0],
       [ 12,  16, 838,  28,  44,   0,  17,  37,  40,   0],
       [  7,  32,  36, 689,  81,  37,  12,  24,  92,   0],
       [  7,   4,   2,   0, 916,   2,   9,  37,   5,   0],
       [ 26,  86,  23,  61,  52, 514,  47,  34,  49,   0],
       [ 22,  12,  37,   0,  27,   4, 790,  66,   0,   0],
       [ 14,  25,  43,   0,  24,   0,   1, 874,  47,   0],
       [ 28,  44,  37,  26,  98,  27,  23,  15, 676,   0],
       [ 36,   7,   5,   2, 562,  13,   1, 273,  73,  37]], dtype=int64)}, 15.471534999989672)
[2024-08-13 15:06:36,944][flwr][INFO] - configure_evaluate: no clients selected, skipping evaluation
[2024-08-13 15:06:36,944][flwr][INFO] - 
[2024-08-13 15:06:36,944][flwr][INFO] - [ROUND 5]
[2024-08-13 15:06:36,944][flwr][INFO] - configure_fit: strategy sampled 10 clients (out of 100)
[2024-08-13 15:06:38,113][flwr][INFO] - aggregate_fit: received 10 results and 0 failures
[2024-08-13 15:06:40,186][flwr][INFO] - fit progress: (5, 1.0278104308875464, {'accuracy': 0.7002, 'precision': 0.7546722577674977, 'recall': 0.7002, 'f1': 0.6923023287055664, 'confusion_matrix': array([[855,  45,   2,  13,   0,   9,  43,   3,   5,   5],
       [  0, 990, 106,   7,   0,   3,   8,   1,   2,  18],
       [ 12,  22, 669, 197,   6,   1,  31,  24,  32,  38],
       [  2,  10,   5, 843,   1,  22,  14,  12,  20,  81],
       [  7,   6,   3,   1, 297,  71,  23,  25,   6, 543],
       [ 12,  71,  15, 128,   2, 482,  67,  15,  24,  76],
       [ 12,  14,  17,   1,   3,   5, 870,  34,   0,   2],
       [ 18,  24,  29,   6,   4,   1,   2, 714,  71, 159],
       [ 13,  44,  12, 132,   1,  20,  31,   5, 349, 367],
       [ 26,   3,   3,   8,   5,  10,   1,  12,   8, 933]], dtype=int64)}, 18.714495599997463)
[2024-08-13 15:06:40,187][flwr][INFO] - configure_evaluate: no clients selected, skipping evaluation
[2024-08-13 15:06:40,187][flwr][INFO] - 
[2024-08-13 15:06:40,187][flwr][INFO] - [ROUND 6]
[2024-08-13 15:06:40,187][flwr][INFO] - configure_fit: strategy sampled 10 clients (out of 100)
[2024-08-13 15:06:41,540][flwr][INFO] - aggregate_fit: received 10 results and 0 failures
[2024-08-13 15:06:43,629][flwr][INFO] - fit progress: (6, 1.0401380485603107, {'accuracy': 0.7168, 'precision': 0.7815155546749007, 'recall': 0.7168, 'f1': 0.6859993040829808, 'confusion_matrix': array([[879,  39,   3,   2,   7,   5,  22,  16,   7,   0],
       [  0, 911, 184,   2,   5,   3,   6,   1,  23,   0],
       [ 11,   9, 826,  27,  54,   0,  18,  35,  52,   0],
       [  6,  19,  27, 684, 109,  27,  14,  20, 104,   0],
       [  2,   2,   2,   0, 935,   2,  11,  23,   5,   0],
       [ 16,  60,  15,  50,  68, 523,  52,  27,  81,   0],
       [ 13,  11,  30,   0,  30,   6, 803,  64,   1,   0],
       [ 12,  19,  35,   0,  34,   0,   0, 849,  79,   0],
       [ 11,  18,  29,  19, 100,  17,  21,   6, 753,   0],
       [ 34,   4,   3,   1, 644,  17,   1, 177, 123,   5]], dtype=int64)}, 22.157592199990177)
[2024-08-13 15:06:43,630][flwr][INFO] - configure_evaluate: no clients selected, skipping evaluation
[2024-08-13 15:06:43,630][flwr][INFO] - 
[2024-08-13 15:06:43,630][flwr][INFO] - [ROUND 7]
[2024-08-13 15:06:43,630][flwr][INFO] - configure_fit: strategy sampled 10 clients (out of 100)
[2024-08-13 15:06:44,820][flwr][INFO] - aggregate_fit: received 10 results and 0 failures
[2024-08-13 15:06:46,890][flwr][INFO] - fit progress: (7, 0.9626613953999463, {'accuracy': 0.7482, 'precision': 0.7809689454789357, 'recall': 0.7482, 'f1': 0.7398031350568142, 'confusion_matrix': array([[ 899,   32,    1,    8,    1,    6,   23,    4,    2,    4],
       [   0, 1011,   89,   10,    1,    3,    7,    1,    1,   12],
       [  14,   19,  764,  123,    8,    1,   25,   36,   18,   24],
       [   3,   11,    8,  852,    2,   27,   13,   16,   11,   67],
       [  11,    6,    2,    1,  572,   29,   21,   34,    3,  303],
       [  18,   71,   11,   96,    8,  544,   59,   24,   11,   50],
       [  17,   13,   18,    1,    5,    5,  855,   42,    0,    2],
       [  17,   26,   38,    6,    8,    0,    2,  824,   20,   87],
       [  23,   52,   20,  134,    5,   29,   36,   11,  269,  395],
       [  38,    7,    2,    8,   15,   11,    1,   34,    1,  892]],
      dtype=int64)}, 25.418610900000203)
[2024-08-13 15:06:46,890][flwr][INFO] - configure_evaluate: no clients selected, skipping evaluation
[2024-08-13 15:06:46,891][flwr][INFO] - 
[2024-08-13 15:06:46,891][flwr][INFO] - [ROUND 8]
[2024-08-13 15:06:46,891][flwr][INFO] - configure_fit: strategy sampled 10 clients (out of 100)
[2024-08-13 15:06:48,080][flwr][INFO] - aggregate_fit: received 10 results and 0 failures
[2024-08-13 15:06:50,317][flwr][INFO] - fit progress: (8, 0.9638066122241751, {'accuracy': 0.7491, 'precision': 0.7996770617491925, 'recall': 0.7491, 'f1': 0.7346460728308232, 'confusion_matrix': array([[ 877,   38,    3,    2,    5,    7,   20,    8,   20,    0],
       [   0, 1025,   53,    3,    2,    4,    5,    1,   42,    0],
       [  11,   17,  800,   33,   50,    0,   19,   28,   74,    0],
       [   3,   23,   18,  689,   74,   35,   14,   18,  135,    1],
       [   3,    3,    1,    0,  920,    2,   11,   18,   22,    2],
       [  13,   62,    5,   32,   39,  553,   49,   23,  115,    1],
       [  16,   14,   18,    0,   27,    7,  828,   46,    2,    0],
       [  14,   25,   28,    1,   34,    0,    0,  792,  134,    0],
       [  11,   21,   14,   14,   49,   17,   19,    1,  828,    0],
       [  47,    5,    3,    1,  426,   24,    1,  100,  223,  179]],
      dtype=int64)}, 28.846719599998323)
[2024-08-13 15:06:50,318][flwr][INFO] - configure_evaluate: no clients selected, skipping evaluation
[2024-08-13 15:06:50,318][flwr][INFO] - 
[2024-08-13 15:06:50,318][flwr][INFO] - [ROUND 9]
[2024-08-13 15:06:50,319][flwr][INFO] - configure_fit: strategy sampled 10 clients (out of 100)
[2024-08-13 15:06:51,465][flwr][INFO] - aggregate_fit: received 10 results and 0 failures
[2024-08-13 15:06:53,526][flwr][INFO] - fit progress: (9, 0.9732835858557759, {'accuracy': 0.7299, 'precision': 0.7732148155040666, 'recall': 0.7299, 'f1': 0.7110220955195444, 'confusion_matrix': array([[863,  52,   1,  10,   1,  17,  22,  10,   0,   4],
       [  0, 987, 111,  18,   1,   3,   7,   1,   0,   7],
       [ 13,  13, 737, 161,   9,   5,  20,  35,  11,  28],
       [  3,  10,   7, 871,   2,  28,   8,  16,   1,  64],
       [  6,   4,   2,   2, 582,  51,  16,  32,   0, 287],
       [ 12,  52,   8, 101,   8, 597,  46,  23,   3,  42],
       [ 16,  11,  16,   2,   6,   9, 840,  56,   0,   2],
       [ 14,  23,  36,   9,  11,   2,   1, 825,   5, 102],
       [ 18,  49,  24, 177,   4,  50,  24,  11,  95, 522],
       [ 27,   5,   3,  13,  15,  17,   1,  26,   0, 902]], dtype=int64)}, 32.05529249999381)
[2024-08-13 15:06:53,527][flwr][INFO] - configure_evaluate: no clients selected, skipping evaluation
[2024-08-13 15:06:53,527][flwr][INFO] - 
[2024-08-13 15:06:53,527][flwr][INFO] - [ROUND 10]
[2024-08-13 15:06:53,527][flwr][INFO] - configure_fit: strategy sampled 10 clients (out of 100)
[2024-08-13 15:06:54,862][flwr][INFO] - aggregate_fit: received 10 results and 0 failures
[2024-08-13 15:06:56,923][flwr][INFO] - fit progress: (10, 0.9673522940109106, {'accuracy': 0.7625, 'precision': 0.7909859551057644, 'recall': 0.7625, 'f1': 0.757706125829067, 'confusion_matrix': array([[ 753,  138,    2,    1,    5,   11,   45,   12,   13,    0],
       [   0, 1004,   79,    7,    2,    4,    8,    1,   30,    0],
       [   4,   24,  788,   56,   38,    0,   25,   36,   61,    0],
       [   1,   26,   12,  720,   75,   33,   18,   17,  105,    3],
       [   3,    3,    1,    0,  901,   11,   18,   29,   14,    2],
       [   9,   66,    4,   35,   31,  556,   74,   22,   93,    2],
       [   8,   13,   13,    0,   19,    5,  842,   57,    1,    0],
       [  13,   24,   32,    2,   29,    0,    2,  836,   90,    0],
       [   8,   26,   17,   18,   46,   21,   31,    2,  805,    0],
       [  54,    7,    3,    3,  249,   32,    1,  119,  121,  420]],
      dtype=int64)}, 35.45186129999638)
[2024-08-13 15:06:56,924][flwr][INFO] - configure_evaluate: no clients selected, skipping evaluation
[2024-08-13 15:06:56,924][flwr][INFO] - 
[2024-08-13 15:06:56,924][flwr][INFO] - [SUMMARY]
[2024-08-13 15:06:56,924][flwr][INFO] - Run finished 10 round(s) in 35.45s
[2024-08-13 15:06:56,932][flwr][INFO] - 	History (loss, centralized):
[2024-08-13 15:06:56,932][flwr][INFO] - 		round 0: 2.3025850929940455
[2024-08-13 15:06:56,932][flwr][INFO] - 		round 1: 1.290143190318615
[2024-08-13 15:06:56,932][flwr][INFO] - 		round 2: 1.0804383570836387
[2024-08-13 15:06:56,932][flwr][INFO] - 		round 3: 1.0810907634186728
[2024-08-13 15:06:56,932][flwr][INFO] - 		round 4: 1.032276443349568
[2024-08-13 15:06:56,932][flwr][INFO] - 		round 5: 1.0278104308875464
[2024-08-13 15:06:56,932][flwr][INFO] - 		round 6: 1.0401380485603107
[2024-08-13 15:06:56,933][flwr][INFO] - 		round 7: 0.9626613953999463
[2024-08-13 15:06:56,933][flwr][INFO] - 		round 8: 0.9638066122241751
[2024-08-13 15:06:56,933][flwr][INFO] - 		round 9: 0.9732835858557759
[2024-08-13 15:06:56,933][flwr][INFO] - 		round 10: 0.9673522940109106
[2024-08-13 15:06:56,933][flwr][INFO] - 	History (metrics, centralized):
[2024-08-13 15:06:56,933][flwr][INFO] - 	{'accuracy': [(0, 0.098),
[2024-08-13 15:06:56,933][flwr][INFO] - 	              (1, 0.5603),
[2024-08-13 15:06:56,933][flwr][INFO] - 	              (2, 0.6847),
[2024-08-13 15:06:56,933][flwr][INFO] - 	              (3, 0.6595),
[2024-08-13 15:06:56,933][flwr][INFO] - 	              (4, 0.7159),
[2024-08-13 15:06:56,933][flwr][INFO] - 	              (5, 0.7002),
[2024-08-13 15:06:56,933][flwr][INFO] - 	              (6, 0.7168),
[2024-08-13 15:06:56,933][flwr][INFO] - 	              (7, 0.7482),
[2024-08-13 15:06:56,933][flwr][INFO] - 	              (8, 0.7491),
[2024-08-13 15:06:56,933][flwr][INFO] - 	              (9, 0.7299),
[2024-08-13 15:06:56,933][flwr][INFO] - 	              (10, 0.7625)],
[2024-08-13 15:06:56,934][flwr][INFO] - 	 'confusion_matrix': [(0,
[2024-08-13 15:06:56,934][flwr][INFO] - 	                       array([[ 980,    0,    0,    0,    0,    0,    0,    0,    0,    0],
[2024-08-13 15:06:56,934][flwr][INFO] - 	       [1135,    0,    0,    0,    0,    0,    0,    0,    0,    0],
[2024-08-13 15:06:56,934][flwr][INFO] - 	       [1032,    0,    0,    0,    0,    0,    0,    0,    0,    0],
[2024-08-13 15:06:56,934][flwr][INFO] - 	       [1010,    0,    0,    0,    0,    0,    0,    0,    0,    0],
[2024-08-13 15:06:56,934][flwr][INFO] - 	       [ 982,    0,    0,    0,    0,    0,    0,    0,    0,    0],
[2024-08-13 15:06:56,934][flwr][INFO] - 	       [ 892,    0,    0,    0,    0,    0,    0,    0,    0,    0],
[2024-08-13 15:06:56,934][flwr][INFO] - 	       [ 958,    0,    0,    0,    0,    0,    0,    0,    0,    0],
[2024-08-13 15:06:56,934][flwr][INFO] - 	       [1028,    0,    0,    0,    0,    0,    0,    0,    0,    0],
[2024-08-13 15:06:56,934][flwr][INFO] - 	       [ 974,    0,    0,    0,    0,    0,    0,    0,    0,    0],
[2024-08-13 15:06:56,934][flwr][INFO] - 	       [1009,    0,    0,    0,    0,    0,    0,    0,    0,    0]],
[2024-08-13 15:06:56,934][flwr][INFO] - 	      dtype=int64)),
[2024-08-13 15:06:56,934][flwr][INFO] - 	                      (1,
[2024-08-13 15:06:56,934][flwr][INFO] - 	                       array([[937,   0,   2,  19,   0,   0,  17,   0,   3,   2],
[2024-08-13 15:06:56,934][flwr][INFO] - 	       [  0, 703, 356,  25,   0,   0,   9,   0,  15,  27],
[2024-08-13 15:06:56,934][flwr][INFO] - 	       [ 46,   1, 265, 603,   7,   0,  48,  10,  21,  31],
[2024-08-13 15:06:56,934][flwr][INFO] - 	       [  5,   1,   1, 930,   0,   0,  10,   2,  19,  42],
[2024-08-13 15:06:56,935][flwr][INFO] - 	       [ 44,   2,   3,   1, 333,   0,  39,  10,  19, 531],
[2024-08-13 15:06:56,935][flwr][INFO] - 	       [161,  37,  30, 327,   4,   0,  85,   3,  98, 147],
[2024-08-13 15:06:56,935][flwr][INFO] - 	       [ 64,   3,  10,  11,   3,   0, 859,   6,   0,   2],
[2024-08-13 15:06:56,935][flwr][INFO] - 	       [ 50,   8,  27,  23,   7,   0,   2, 416, 301, 194],
[2024-08-13 15:06:56,935][flwr][INFO] - 	       [ 33,   3,  15, 372,   3,   0,  20,   1, 292, 235],
[2024-08-13 15:06:56,935][flwr][INFO] - 	       [ 56,   3,   1,  16,  12,   0,   2,   6,  45, 868]], dtype=int64)),
[2024-08-13 15:06:56,935][flwr][INFO] - 	                      (2,
[2024-08-13 15:06:56,935][flwr][INFO] - 	                       array([[892,   5,   4,   1,   5,   4,  50,  11,   8,   0],
[2024-08-13 15:06:56,935][flwr][INFO] - 	       [  0, 883, 231,   1,   4,   0,   4,   3,   9,   0],
[2024-08-13 15:06:56,935][flwr][INFO] - 	       [ 15,  10, 854,  17,  41,   0,  19,  41,  35,   0],
[2024-08-13 15:06:56,935][flwr][INFO] - 	       [  7,  56,  48, 561, 172,   7,  32,  22, 101,   4],
[2024-08-13 15:06:56,935][flwr][INFO] - 	       [  5,   4,   7,   0, 860,   0,  13,  80,  12,   1],
[2024-08-13 15:06:56,935][flwr][INFO] - 	       [ 31, 101,  26,  45, 113, 361,  98,  42,  71,   4],
[2024-08-13 15:06:56,935][flwr][INFO] - 	       [ 16,  12,  37,   0,  24,   3, 815,  51,   0,   0],
[2024-08-13 15:06:56,935][flwr][INFO] - 	       [ 10,  23,  49,   0,  22,   0,   1, 872,  51,   0],
[2024-08-13 15:06:56,935][flwr][INFO] - 	       [ 15,  46,  78,   8, 163,   9,  35,  17, 596,   7],
[2024-08-13 15:06:56,935][flwr][INFO] - 	       [ 22,   8,   4,   1, 433,   1,   1, 317,  69, 153]], dtype=int64)),
[2024-08-13 15:06:56,936][flwr][INFO] - 	                      (3,
[2024-08-13 15:06:56,936][flwr][INFO] - 	                       array([[ 847,   18,    1,   25,    0,   16,   48,    1,   14,   10],
[2024-08-13 15:06:56,936][flwr][INFO] - 	       [   0, 1035,   62,    4,    0,    2,    5,    0,    9,   18],
[2024-08-13 15:06:56,936][flwr][INFO] - 	       [  11,   25,  472,  359,    4,    3,   34,   14,   61,   49],
[2024-08-13 15:06:56,936][flwr][INFO] - 	       [   0,   10,    3,  852,    0,   15,   11,    5,   34,   80],
[2024-08-13 15:06:56,936][flwr][INFO] - 	       [   5,    6,    1,    0,  161,   96,   21,   11,   14,  667],
[2024-08-13 15:06:56,936][flwr][INFO] - 	       [   6,   87,    4,  184,    1,  428,   42,    7,   59,   74],
[2024-08-13 15:06:56,936][flwr][INFO] - 	       [  13,   23,   14,    2,    2,    7,  873,   18,    1,    5],
[2024-08-13 15:06:56,936][flwr][INFO] - 	       [  14,   30,   15,    8,    0,    2,    2,  519,  225,  213],
[2024-08-13 15:06:56,936][flwr][INFO] - 	       [   5,   45,    3,  152,    0,   18,   18,    2,  479,  252],
[2024-08-13 15:06:56,936][flwr][INFO] - 	       [  16,    6,    1,   10,    3,   11,    2,    6,   25,  929]],
[2024-08-13 15:06:56,936][flwr][INFO] - 	      dtype=int64)),
[2024-08-13 15:06:56,936][flwr][INFO] - 	                      (4,
[2024-08-13 15:06:56,936][flwr][INFO] - 	                       array([[907,  24,   2,   2,   2,   4,  19,  14,   6,   0],
[2024-08-13 15:06:56,936][flwr][INFO] - 	       [  0, 918, 193,   1,   3,   3,   4,   4,   9,   0],
[2024-08-13 15:06:56,936][flwr][INFO] - 	       [ 12,  16, 838,  28,  44,   0,  17,  37,  40,   0],
[2024-08-13 15:06:56,937][flwr][INFO] - 	       [  7,  32,  36, 689,  81,  37,  12,  24,  92,   0],
[2024-08-13 15:06:56,937][flwr][INFO] - 	       [  7,   4,   2,   0, 916,   2,   9,  37,   5,   0],
[2024-08-13 15:06:56,937][flwr][INFO] - 	       [ 26,  86,  23,  61,  52, 514,  47,  34,  49,   0],
[2024-08-13 15:06:56,937][flwr][INFO] - 	       [ 22,  12,  37,   0,  27,   4, 790,  66,   0,   0],
[2024-08-13 15:06:56,937][flwr][INFO] - 	       [ 14,  25,  43,   0,  24,   0,   1, 874,  47,   0],
[2024-08-13 15:06:56,937][flwr][INFO] - 	       [ 28,  44,  37,  26,  98,  27,  23,  15, 676,   0],
[2024-08-13 15:06:56,937][flwr][INFO] - 	       [ 36,   7,   5,   2, 562,  13,   1, 273,  73,  37]], dtype=int64)),
[2024-08-13 15:06:56,937][flwr][INFO] - 	                      (5,
[2024-08-13 15:06:56,937][flwr][INFO] - 	                       array([[855,  45,   2,  13,   0,   9,  43,   3,   5,   5],
[2024-08-13 15:06:56,937][flwr][INFO] - 	       [  0, 990, 106,   7,   0,   3,   8,   1,   2,  18],
[2024-08-13 15:06:56,937][flwr][INFO] - 	       [ 12,  22, 669, 197,   6,   1,  31,  24,  32,  38],
[2024-08-13 15:06:56,937][flwr][INFO] - 	       [  2,  10,   5, 843,   1,  22,  14,  12,  20,  81],
[2024-08-13 15:06:56,937][flwr][INFO] - 	       [  7,   6,   3,   1, 297,  71,  23,  25,   6, 543],
[2024-08-13 15:06:56,937][flwr][INFO] - 	       [ 12,  71,  15, 128,   2, 482,  67,  15,  24,  76],
[2024-08-13 15:06:56,937][flwr][INFO] - 	       [ 12,  14,  17,   1,   3,   5, 870,  34,   0,   2],
[2024-08-13 15:06:56,937][flwr][INFO] - 	       [ 18,  24,  29,   6,   4,   1,   2, 714,  71, 159],
[2024-08-13 15:06:56,937][flwr][INFO] - 	       [ 13,  44,  12, 132,   1,  20,  31,   5, 349, 367],
[2024-08-13 15:06:56,938][flwr][INFO] - 	       [ 26,   3,   3,   8,   5,  10,   1,  12,   8, 933]], dtype=int64)),
[2024-08-13 15:06:56,938][flwr][INFO] - 	                      (6,
[2024-08-13 15:06:56,938][flwr][INFO] - 	                       array([[879,  39,   3,   2,   7,   5,  22,  16,   7,   0],
[2024-08-13 15:06:56,938][flwr][INFO] - 	       [  0, 911, 184,   2,   5,   3,   6,   1,  23,   0],
[2024-08-13 15:06:56,938][flwr][INFO] - 	       [ 11,   9, 826,  27,  54,   0,  18,  35,  52,   0],
[2024-08-13 15:06:56,938][flwr][INFO] - 	       [  6,  19,  27, 684, 109,  27,  14,  20, 104,   0],
[2024-08-13 15:06:56,938][flwr][INFO] - 	       [  2,   2,   2,   0, 935,   2,  11,  23,   5,   0],
[2024-08-13 15:06:56,938][flwr][INFO] - 	       [ 16,  60,  15,  50,  68, 523,  52,  27,  81,   0],
[2024-08-13 15:06:56,938][flwr][INFO] - 	       [ 13,  11,  30,   0,  30,   6, 803,  64,   1,   0],
[2024-08-13 15:06:56,938][flwr][INFO] - 	       [ 12,  19,  35,   0,  34,   0,   0, 849,  79,   0],
[2024-08-13 15:06:56,938][flwr][INFO] - 	       [ 11,  18,  29,  19, 100,  17,  21,   6, 753,   0],
[2024-08-13 15:06:56,938][flwr][INFO] - 	       [ 34,   4,   3,   1, 644,  17,   1, 177, 123,   5]], dtype=int64)),
[2024-08-13 15:06:56,939][flwr][INFO] - 	                      (7,
[2024-08-13 15:06:56,939][flwr][INFO] - 	                       array([[ 899,   32,    1,    8,    1,    6,   23,    4,    2,    4],
[2024-08-13 15:06:56,939][flwr][INFO] - 	       [   0, 1011,   89,   10,    1,    3,    7,    1,    1,   12],
[2024-08-13 15:06:56,939][flwr][INFO] - 	       [  14,   19,  764,  123,    8,    1,   25,   36,   18,   24],
[2024-08-13 15:06:56,939][flwr][INFO] - 	       [   3,   11,    8,  852,    2,   27,   13,   16,   11,   67],
[2024-08-13 15:06:56,939][flwr][INFO] - 	       [  11,    6,    2,    1,  572,   29,   21,   34,    3,  303],
[2024-08-13 15:06:56,939][flwr][INFO] - 	       [  18,   71,   11,   96,    8,  544,   59,   24,   11,   50],
[2024-08-13 15:06:56,939][flwr][INFO] - 	       [  17,   13,   18,    1,    5,    5,  855,   42,    0,    2],
[2024-08-13 15:06:56,939][flwr][INFO] - 	       [  17,   26,   38,    6,    8,    0,    2,  824,   20,   87],
[2024-08-13 15:06:56,939][flwr][INFO] - 	       [  23,   52,   20,  134,    5,   29,   36,   11,  269,  395],
[2024-08-13 15:06:56,939][flwr][INFO] - 	       [  38,    7,    2,    8,   15,   11,    1,   34,    1,  892]],
[2024-08-13 15:06:56,939][flwr][INFO] - 	      dtype=int64)),
[2024-08-13 15:06:56,939][flwr][INFO] - 	                      (8,
[2024-08-13 15:06:56,939][flwr][INFO] - 	                       array([[ 877,   38,    3,    2,    5,    7,   20,    8,   20,    0],
[2024-08-13 15:06:56,939][flwr][INFO] - 	       [   0, 1025,   53,    3,    2,    4,    5,    1,   42,    0],
[2024-08-13 15:06:56,939][flwr][INFO] - 	       [  11,   17,  800,   33,   50,    0,   19,   28,   74,    0],
[2024-08-13 15:06:56,939][flwr][INFO] - 	       [   3,   23,   18,  689,   74,   35,   14,   18,  135,    1],
[2024-08-13 15:06:56,940][flwr][INFO] - 	       [   3,    3,    1,    0,  920,    2,   11,   18,   22,    2],
[2024-08-13 15:06:56,940][flwr][INFO] - 	       [  13,   62,    5,   32,   39,  553,   49,   23,  115,    1],
[2024-08-13 15:06:56,940][flwr][INFO] - 	       [  16,   14,   18,    0,   27,    7,  828,   46,    2,    0],
[2024-08-13 15:06:56,940][flwr][INFO] - 	       [  14,   25,   28,    1,   34,    0,    0,  792,  134,    0],
[2024-08-13 15:06:56,940][flwr][INFO] - 	       [  11,   21,   14,   14,   49,   17,   19,    1,  828,    0],
[2024-08-13 15:06:56,940][flwr][INFO] - 	       [  47,    5,    3,    1,  426,   24,    1,  100,  223,  179]],
[2024-08-13 15:06:56,940][flwr][INFO] - 	      dtype=int64)),
[2024-08-13 15:06:56,940][flwr][INFO] - 	                      (9,
[2024-08-13 15:06:56,940][flwr][INFO] - 	                       array([[863,  52,   1,  10,   1,  17,  22,  10,   0,   4],
[2024-08-13 15:06:56,940][flwr][INFO] - 	       [  0, 987, 111,  18,   1,   3,   7,   1,   0,   7],
[2024-08-13 15:06:56,940][flwr][INFO] - 	       [ 13,  13, 737, 161,   9,   5,  20,  35,  11,  28],
[2024-08-13 15:06:56,940][flwr][INFO] - 	       [  3,  10,   7, 871,   2,  28,   8,  16,   1,  64],
[2024-08-13 15:06:56,940][flwr][INFO] - 	       [  6,   4,   2,   2, 582,  51,  16,  32,   0, 287],
[2024-08-13 15:06:56,940][flwr][INFO] - 	       [ 12,  52,   8, 101,   8, 597,  46,  23,   3,  42],
[2024-08-13 15:06:56,940][flwr][INFO] - 	       [ 16,  11,  16,   2,   6,   9, 840,  56,   0,   2],
[2024-08-13 15:06:56,940][flwr][INFO] - 	       [ 14,  23,  36,   9,  11,   2,   1, 825,   5, 102],
[2024-08-13 15:06:56,940][flwr][INFO] - 	       [ 18,  49,  24, 177,   4,  50,  24,  11,  95, 522],
[2024-08-13 15:06:56,941][flwr][INFO] - 	       [ 27,   5,   3,  13,  15,  17,   1,  26,   0, 902]], dtype=int64)),
[2024-08-13 15:06:56,941][flwr][INFO] - 	                      (10,
[2024-08-13 15:06:56,941][flwr][INFO] - 	                       array([[ 753,  138,    2,    1,    5,   11,   45,   12,   13,    0],
[2024-08-13 15:06:56,941][flwr][INFO] - 	       [   0, 1004,   79,    7,    2,    4,    8,    1,   30,    0],
[2024-08-13 15:06:56,941][flwr][INFO] - 	       [   4,   24,  788,   56,   38,    0,   25,   36,   61,    0],
[2024-08-13 15:06:56,941][flwr][INFO] - 	       [   1,   26,   12,  720,   75,   33,   18,   17,  105,    3],
[2024-08-13 15:06:56,941][flwr][INFO] - 	       [   3,    3,    1,    0,  901,   11,   18,   29,   14,    2],
[2024-08-13 15:06:56,941][flwr][INFO] - 	       [   9,   66,    4,   35,   31,  556,   74,   22,   93,    2],
[2024-08-13 15:06:56,941][flwr][INFO] - 	       [   8,   13,   13,    0,   19,    5,  842,   57,    1,    0],
[2024-08-13 15:06:56,941][flwr][INFO] - 	       [  13,   24,   32,    2,   29,    0,    2,  836,   90,    0],
[2024-08-13 15:06:56,941][flwr][INFO] - 	       [   8,   26,   17,   18,   46,   21,   31,    2,  805,    0],
[2024-08-13 15:06:56,941][flwr][INFO] - 	       [  54,    7,    3,    3,  249,   32,    1,  119,  121,  420]],
[2024-08-13 15:06:56,941][flwr][INFO] - 	      dtype=int64))],
[2024-08-13 15:06:56,941][flwr][INFO] - 	 'f1': [(0, 0.017493624772313296),
[2024-08-13 15:06:56,941][flwr][INFO] - 	        (1, 0.524156637726922),
[2024-08-13 15:06:56,941][flwr][INFO] - 	        (2, 0.6649144459647709),
[2024-08-13 15:06:56,942][flwr][INFO] - 	        (3, 0.645128202254967),
[2024-08-13 15:06:56,942][flwr][INFO] - 	        (4, 0.6859834031737222),
[2024-08-13 15:06:56,942][flwr][INFO] - 	        (5, 0.6923023287055664),
[2024-08-13 15:06:56,942][flwr][INFO] - 	        (6, 0.6859993040829808),
[2024-08-13 15:06:56,942][flwr][INFO] - 	        (7, 0.7398031350568142),
[2024-08-13 15:06:56,942][flwr][INFO] - 	        (8, 0.7346460728308232),
[2024-08-13 15:06:56,942][flwr][INFO] - 	        (9, 0.7110220955195444),
[2024-08-13 15:06:56,942][flwr][INFO] - 	        (10, 0.757706125829067)],
[2024-08-13 15:06:56,942][flwr][INFO] - 	 'precision': [(0, 0.009604000000000001),
[2024-08-13 15:06:56,942][flwr][INFO] - 	               (1, 0.5848635351231364),
[2024-08-13 15:06:56,942][flwr][INFO] - 	               (2, 0.7454437322219859),
[2024-08-13 15:06:56,942][flwr][INFO] - 	               (3, 0.7388985148369082),
[2024-08-13 15:06:56,942][flwr][INFO] - 	               (4, 0.7700487395691858),
[2024-08-13 15:06:56,942][flwr][INFO] - 	               (5, 0.7546722577674977),
[2024-08-13 15:06:56,942][flwr][INFO] - 	               (6, 0.7815155546749007),
[2024-08-13 15:06:56,942][flwr][INFO] - 	               (7, 0.7809689454789357),
[2024-08-13 15:06:56,942][flwr][INFO] - 	               (8, 0.7996770617491925),
[2024-08-13 15:06:56,943][flwr][INFO] - 	               (9, 0.7732148155040666),
[2024-08-13 15:06:56,943][flwr][INFO] - 	               (10, 0.7909859551057644)],
[2024-08-13 15:06:56,943][flwr][INFO] - 	 'recall': [(0, 0.098),
[2024-08-13 15:06:56,943][flwr][INFO] - 	            (1, 0.5603),
[2024-08-13 15:06:56,943][flwr][INFO] - 	            (2, 0.6847),
[2024-08-13 15:06:56,943][flwr][INFO] - 	            (3, 0.6595),
[2024-08-13 15:06:56,943][flwr][INFO] - 	            (4, 0.7159),
[2024-08-13 15:06:56,943][flwr][INFO] - 	            (5, 0.7002),
[2024-08-13 15:06:56,943][flwr][INFO] - 	            (6, 0.7168),
[2024-08-13 15:06:56,943][flwr][INFO] - 	            (7, 0.7482),
[2024-08-13 15:06:56,943][flwr][INFO] - 	            (8, 0.7491),
[2024-08-13 15:06:56,943][flwr][INFO] - 	            (9, 0.7299),
[2024-08-13 15:06:56,943][flwr][INFO] - 	            (10, 0.7625)]}
[2024-08-13 15:06:56,943][flwr][INFO] - 
