[2024-08-13 14:42:48,127][flwr][INFO] - Starting Flower simulation, config: num_rounds=10, no round_timeout
[2024-08-13 14:42:52,294][flwr][INFO] - Flower VCE: Ray initialized with resources: {'GPU': 1.0, 'node:127.0.0.1': 1.0, 'object_store_memory': 2396329574.0, 'memory': 4792659150.0, 'CPU': 16.0, 'accelerator_type:G': 1.0, 'node:__internal_head__': 1.0}
[2024-08-13 14:42:52,295][flwr][INFO] - Optimize your simulation with Flower VCE: https://flower.ai/docs/framework/how-to-run-simulations.html
[2024-08-13 14:42:52,295][flwr][INFO] - Flower VCE: Resources for each Virtual Client: {'num_cpus': 2, 'num_gpus': 0.5}
[2024-08-13 14:42:52,306][flwr][INFO] - Flower VCE: Creating VirtualClientEngineActorPool with 2 actors
[2024-08-13 14:42:52,308][flwr][INFO] - [INIT]
[2024-08-13 14:42:52,308][flwr][INFO] - Requesting initial parameters from one random client
[2024-08-13 14:42:59,578][flwr][INFO] - Received initial parameters from one random client
[2024-08-13 14:42:59,578][flwr][INFO] - Evaluating initial global parameters
[2024-08-13 14:43:01,813][flwr][INFO] - initial parameters (loss, other metrics): 2.3025850929940455, {'accuracy': 0.098, 'precision': 0.009604000000000001, 'recall': 0.098, 'f1': 0.017493624772313296, 'confusion_matrix': array([[ 980,    0,    0,    0,    0,    0,    0,    0,    0,    0],
       [1135,    0,    0,    0,    0,    0,    0,    0,    0,    0],
       [1032,    0,    0,    0,    0,    0,    0,    0,    0,    0],
       [1010,    0,    0,    0,    0,    0,    0,    0,    0,    0],
       [ 982,    0,    0,    0,    0,    0,    0,    0,    0,    0],
       [ 892,    0,    0,    0,    0,    0,    0,    0,    0,    0],
       [ 958,    0,    0,    0,    0,    0,    0,    0,    0,    0],
       [1028,    0,    0,    0,    0,    0,    0,    0,    0,    0],
       [ 974,    0,    0,    0,    0,    0,    0,    0,    0,    0],
       [1009,    0,    0,    0,    0,    0,    0,    0,    0,    0]],
      dtype=int64)}
[2024-08-13 14:43:01,813][flwr][INFO] - 
[2024-08-13 14:43:01,813][flwr][INFO] - [ROUND 1]
[2024-08-13 14:43:01,814][flwr][INFO] - configure_fit: strategy sampled 10 clients (out of 100)
[2024-08-13 14:43:05,315][flwr][INFO] - aggregate_fit: received 10 results and 0 failures
[2024-08-13 14:43:05,318][flwr][WARNING] - No fit_metrics_aggregation_fn provided
[2024-08-13 14:43:07,547][flwr][INFO] - fit progress: (1, 0.982005411769096, {'accuracy': 0.6843, 'precision': 0.7680169751529332, 'recall': 0.6843, 'f1': 0.6621847745526318, 'confusion_matrix': array([[ 933,    0,    2,   39,    0,    0,    1,    3,    2,    0],
       [   0, 1064,   31,   34,    0,    0,    2,    1,    3,    0],
       [  55,   19,  593,  291,   10,    0,   10,   31,   15,    8],
       [   4,    5,    5,  964,    0,    0,    1,   18,    6,    7],
       [  18,   15,    7,   13,  517,    0,    7,   57,   17,  331],
       [  82,   71,   11,  486,    6,   55,    1,   67,   62,   51],
       [ 135,   27,   55,   73,   20,    1,  627,   12,    7,    1],
       [  15,   42,   17,   13,    1,    0,    0,  919,    8,   13],
       [  20,   30,    9,  400,    1,    0,    0,   24,  466,   24],
       [  33,   18,    2,   34,   20,    0,    0,  189,    8,  705]],
      dtype=int64)}, 5.733626800007187)
[2024-08-13 14:43:07,547][flwr][INFO] - configure_evaluate: no clients selected, skipping evaluation
[2024-08-13 14:43:07,548][flwr][INFO] - 
[2024-08-13 14:43:07,548][flwr][INFO] - [ROUND 2]
[2024-08-13 14:43:07,548][flwr][INFO] - configure_fit: strategy sampled 10 clients (out of 100)
[2024-08-13 14:43:08,736][flwr][INFO] - aggregate_fit: received 10 results and 0 failures
[2024-08-13 14:43:10,980][flwr][INFO] - fit progress: (2, 0.7992320751274703, {'accuracy': 0.8119, 'precision': 0.826863456820793, 'recall': 0.8119, 'f1': 0.8091234628229944, 'confusion_matrix': array([[ 909,    0,    4,    0,    0,   18,   24,    1,   24,    0],
       [   0, 1058,   40,    1,    1,    2,    4,    0,   29,    0],
       [  29,   21,  854,    3,   28,    1,   18,   18,   58,    2],
       [  15,   16,   61,  523,    6,  127,   15,   14,  225,    8],
       [   5,    9,    2,    0,  882,    1,   17,    0,   21,   45],
       [  36,   50,   17,   18,   30,  642,   25,   13,   47,   14],
       [  29,   16,   32,    0,   25,   19,  829,    1,    7,    0],
       [   9,   40,   32,    0,   24,    0,    1,  839,   43,   40],
       [  13,   15,   16,    5,   14,   22,   12,    7,  860,   10],
       [  17,   15,    4,    3,  158,   12,    1,   30,   46,  723]],
      dtype=int64)}, 9.166734400001587)
[2024-08-13 14:43:10,981][flwr][INFO] - configure_evaluate: no clients selected, skipping evaluation
[2024-08-13 14:43:10,981][flwr][INFO] - 
[2024-08-13 14:43:10,981][flwr][INFO] - [ROUND 3]
[2024-08-13 14:43:10,982][flwr][INFO] - configure_fit: strategy sampled 10 clients (out of 100)
[2024-08-13 14:43:12,156][flwr][INFO] - aggregate_fit: received 10 results and 0 failures
[2024-08-13 14:43:14,389][flwr][INFO] - fit progress: (3, 0.7669332927967548, {'accuracy': 0.8041, 'precision': 0.8248071206163314, 'recall': 0.8041, 'f1': 0.8000660349719994, 'confusion_matrix': array([[ 902,    0,    3,   13,    0,   17,   42,    2,    1,    0],
       [   0, 1073,   35,   13,    1,    4,    6,    1,    0,    2],
       [  17,   17,  810,   89,   15,    0,   27,   32,   15,   10],
       [   2,    8,   16,  912,    2,   12,    8,   18,    8,   24],
       [   3,    9,    5,    0,  716,    0,   35,    8,    4,  202],
       [  15,   56,   11,  217,   13,  481,   36,   21,    2,   40],
       [  18,   13,   20,    3,   11,   13,  879,    1,    0,    0],
       [   4,   38,   33,    3,   10,    0,    3,  890,    1,   46],
       [  11,   45,   21,  207,    9,   32,   23,   16,  503,  107],
       [  17,   13,    4,   16,   27,   10,    3,   42,    2,  875]],
      dtype=int64)}, 12.575817000004463)
[2024-08-13 14:43:14,390][flwr][INFO] - configure_evaluate: no clients selected, skipping evaluation
[2024-08-13 14:43:14,390][flwr][INFO] - 
[2024-08-13 14:43:14,390][flwr][INFO] - [ROUND 4]
[2024-08-13 14:43:14,390][flwr][INFO] - configure_fit: strategy sampled 10 clients (out of 100)
[2024-08-13 14:43:15,544][flwr][INFO] - aggregate_fit: received 10 results and 0 failures
[2024-08-13 14:43:17,771][flwr][INFO] - fit progress: (4, 0.7603682728412265, {'accuracy': 0.8279, 'precision': 0.8441434995997044, 'recall': 0.8279, 'f1': 0.8266488621435801, 'confusion_matrix': array([[ 919,    0,    4,    0,    0,    7,   25,    1,   24,    0],
       [   0, 1049,   37,    1,    1,    1,    4,    1,   41,    0],
       [  18,   11,  853,   16,   25,    0,   21,   21,   67,    0],
       [   6,    8,   32,  731,    4,   55,   16,   17,  137,    4],
       [   2,    7,    3,    0,  909,    2,   19,    1,   25,   14],
       [  20,   50,   11,   29,   30,  621,   33,   17,   76,    5],
       [  18,   12,   24,    1,   23,   14,  860,    1,    5,    0],
       [  10,   30,   37,    0,   20,    0,    1,  869,   47,   14],
       [   9,    8,   15,   13,   12,   19,   14,    5,  875,    4],
       [  21,    8,    5,    3,  221,   10,    1,   65,   82,  593]],
      dtype=int64)}, 15.958206300012534)
[2024-08-13 14:43:17,772][flwr][INFO] - configure_evaluate: no clients selected, skipping evaluation
[2024-08-13 14:43:17,772][flwr][INFO] - 
[2024-08-13 14:43:17,772][flwr][INFO] - [ROUND 5]
[2024-08-13 14:43:17,773][flwr][INFO] - configure_fit: strategy sampled 10 clients (out of 100)
[2024-08-13 14:43:18,918][flwr][INFO] - aggregate_fit: received 10 results and 0 failures
[2024-08-13 14:43:21,143][flwr][INFO] - fit progress: (5, 0.7555068773285694, {'accuracy': 0.7986, 'precision': 0.8273914359560786, 'recall': 0.7986, 'f1': 0.7924767362113871, 'confusion_matrix': array([[ 913,    1,    3,    7,    0,   13,   36,    2,    0,    5],
       [   0, 1087,   26,   10,    1,    1,    6,    1,    0,    3],
       [  17,   23,  800,   89,   13,    0,   25,   30,   12,   23],
       [   2,    9,   10,  895,    2,   23,    8,   15,    3,   43],
       [   2,   10,    2,    0,  686,    0,   26,    6,    0,  250],
       [  10,   66,    4,  116,   14,  577,   37,   19,    3,   46],
       [  15,   16,   17,    2,   10,   15,  879,    4,    0,    0],
       [   2,   42,   27,    4,   10,    0,    3,  862,    0,   78],
       [  11,   63,   20,  189,   12,   57,   27,    9,  370,  216],
       [  16,   10,    4,   12,   16,   10,    2,   22,    0,  917]],
      dtype=int64)}, 19.32958870001312)
[2024-08-13 14:43:21,144][flwr][INFO] - configure_evaluate: no clients selected, skipping evaluation
[2024-08-13 14:43:21,144][flwr][INFO] - 
[2024-08-13 14:43:21,144][flwr][INFO] - [ROUND 6]
[2024-08-13 14:43:21,144][flwr][INFO] - configure_fit: strategy sampled 10 clients (out of 100)
[2024-08-13 14:43:22,455][flwr][INFO] - aggregate_fit: received 10 results and 0 failures
[2024-08-13 14:43:24,690][flwr][INFO] - fit progress: (6, 0.7219789854601145, {'accuracy': 0.8384, 'precision': 0.851129512438762, 'recall': 0.8384, 'f1': 0.8357024704265905, 'confusion_matrix': array([[ 920,    1,    2,    0,    2,    9,   29,    2,   15,    0],
       [   0, 1074,   21,    2,    1,    3,    5,    1,   28,    0],
       [  14,   15,  832,   25,   33,    1,   22,   28,   61,    1],
       [   6,    9,   22,  788,    5,   48,   16,   19,   95,    2],
       [   1,    5,    2,    0,  929,    2,   17,    3,   14,    9],
       [  16,   50,    4,   32,   33,  654,   35,   19,   45,    4],
       [  13,   14,   17,    1,   26,   15,  868,    2,    2,    0],
       [   3,   35,   33,    0,   20,    0,    1,  900,   30,    6],
       [   8,   16,    9,   19,   18,   22,   17,    8,  855,    2],
       [  20,   11,    5,    4,  233,   14,    2,  101,   55,  564]],
      dtype=int64)}, 22.87602820000029)
[2024-08-13 14:43:24,690][flwr][INFO] - configure_evaluate: no clients selected, skipping evaluation
[2024-08-13 14:43:24,690][flwr][INFO] - 
[2024-08-13 14:43:24,690][flwr][INFO] - [ROUND 7]
[2024-08-13 14:43:24,691][flwr][INFO] - configure_fit: strategy sampled 10 clients (out of 100)
[2024-08-13 14:43:25,840][flwr][INFO] - aggregate_fit: received 10 results and 0 failures
[2024-08-13 14:43:28,059][flwr][INFO] - fit progress: (7, 0.7173234211256476, {'accuracy': 0.8213, 'precision': 0.8425236787274347, 'recall': 0.8213, 'f1': 0.8207952622913395, 'confusion_matrix': array([[ 934,    1,    4,    5,    0,    7,   25,    1,    0,    3],
       [   0, 1074,   29,   12,    1,    3,    6,    1,    5,    4],
       [  14,   12,  833,   63,   13,    0,   24,   26,   24,   23],
       [   2,    3,   13,  886,    1,   27,    9,   15,    7,   47],
       [   3,    5,    2,    0,  677,    0,   21,    4,    2,  268],
       [  16,   50,    8,  102,   16,  592,   35,   16,    9,   48],
       [  16,   13,   21,    1,   10,   15,  876,    4,    0,    2],
       [   7,   30,   35,    3,   10,    0,    1,  829,    3,  110],
       [  15,   41,   22,  110,    8,   25,   24,    7,  579,  143],
       [  18,    7,    5,   12,   14,    7,    1,   12,    0,  933]],
      dtype=int64)}, 26.246281500003533)
[2024-08-13 14:43:28,060][flwr][INFO] - configure_evaluate: no clients selected, skipping evaluation
[2024-08-13 14:43:28,060][flwr][INFO] - 
[2024-08-13 14:43:28,060][flwr][INFO] - [ROUND 8]
[2024-08-13 14:43:28,061][flwr][INFO] - configure_fit: strategy sampled 10 clients (out of 100)
[2024-08-13 14:43:29,223][flwr][INFO] - aggregate_fit: received 10 results and 0 failures
[2024-08-13 14:43:31,553][flwr][INFO] - fit progress: (8, 0.7210516576551448, {'accuracy': 0.8193, 'precision': 0.8426823753110019, 'recall': 0.8193, 'f1': 0.8110710075052198, 'confusion_matrix': array([[ 927,    1,    1,    2,    2,    5,   19,    5,   18,    0],
       [   0, 1072,    6,    5,    1,    3,    5,    1,   42,    0],
       [  14,   18,  778,   53,   35,    0,   20,   33,   81,    0],
       [   4,    9,    9,  838,    4,   33,   11,   22,   79,    1],
       [   2,    5,    1,    0,  930,    3,   12,   10,   18,    1],
       [  14,   45,    3,   61,   31,  625,   30,   24,   57,    2],
       [  14,   10,   15,    1,   26,   15,  865,    8,    4,    0],
       [   3,   29,   20,    2,   21,    0,    0,  920,   32,    1],
       [   7,   17,    7,   26,   13,   18,   13,    9,  863,    1],
       [  22,    7,    4,    5,  309,   21,    1,  169,   96,  375]],
      dtype=int64)}, 29.739910000003874)
[2024-08-13 14:43:31,554][flwr][INFO] - configure_evaluate: no clients selected, skipping evaluation
[2024-08-13 14:43:31,554][flwr][INFO] - 
[2024-08-13 14:43:31,554][flwr][INFO] - [ROUND 9]
[2024-08-13 14:43:31,554][flwr][INFO] - configure_fit: strategy sampled 10 clients (out of 100)
[2024-08-13 14:43:32,760][flwr][INFO] - aggregate_fit: received 10 results and 0 failures
[2024-08-13 14:43:34,990][flwr][INFO] - fit progress: (9, 0.6813775836570319, {'accuracy': 0.8505, 'precision': 0.8571315845268945, 'recall': 0.8505, 'f1': 0.8498761916500928, 'confusion_matrix': array([[ 935,    2,    5,    1,    0,   10,   22,    2,    3,    0],
       [   0, 1081,   28,    5,    1,    6,    6,    0,    8,    0],
       [  13,   14,  862,   38,   12,    0,   26,   25,   29,   13],
       [   5,    6,   18,  855,    1,   41,   14,   15,   18,   37],
       [   3,    5,    3,    0,  764,    1,   26,    4,    4,  172],
       [  17,   45,    4,   54,   13,  670,   36,   14,   11,   28],
       [  13,    8,   20,    1,    9,   14,  888,    4,    1,    0],
       [   9,   34,   36,    1,   14,    0,    2,  847,    8,   77],
       [  16,   37,   18,   59,    7,   43,   23,    7,  685,   79],
       [  19,    9,    6,    9,   20,   11,    1,   15,    1,  918]],
      dtype=int64)}, 33.176291400013724)
[2024-08-13 14:43:34,991][flwr][INFO] - configure_evaluate: no clients selected, skipping evaluation
[2024-08-13 14:43:34,991][flwr][INFO] - 
[2024-08-13 14:43:34,991][flwr][INFO] - [ROUND 10]
[2024-08-13 14:43:34,991][flwr][INFO] - configure_fit: strategy sampled 10 clients (out of 100)
[2024-08-13 14:43:36,337][flwr][INFO] - aggregate_fit: received 10 results and 0 failures
[2024-08-13 14:43:38,562][flwr][INFO] - fit progress: (10, 0.7043940021948226, {'accuracy': 0.8304, 'precision': 0.8527636178702951, 'recall': 0.8304, 'f1': 0.8271660210488301, 'confusion_matrix': array([[ 930,    1,    4,    2,    3,    4,   17,    2,   17,    0],
       [   0, 1060,    7,   10,    1,    2,    5,    1,   49,    0],
       [  11,   13,  804,   46,   33,    0,   17,   24,   84,    0],
       [   2,    6,   11,  859,    3,   25,    9,   18,   76,    1],
       [   2,    4,    1,    0,  932,    2,   12,    3,   23,    3],
       [  14,   37,    2,   81,   33,  577,   30,   18,   98,    2],
       [  14,    7,   20,    1,   30,    8,  867,    6,    5,    0],
       [   7,   27,   29,    2,   28,    0,    0,  886,   47,    2],
       [   6,   12,    7,   23,   14,   12,   13,    5,  882,    0],
       [  22,    7,    4,    6,  250,   12,    1,   89,  111,  507]],
      dtype=int64)}, 36.74873960000696)
[2024-08-13 14:43:38,563][flwr][INFO] - configure_evaluate: no clients selected, skipping evaluation
[2024-08-13 14:43:38,563][flwr][INFO] - 
[2024-08-13 14:43:38,563][flwr][INFO] - [SUMMARY]
[2024-08-13 14:43:38,563][flwr][INFO] - Run finished 10 round(s) in 36.75s
[2024-08-13 14:43:38,571][flwr][INFO] - 	History (loss, centralized):
[2024-08-13 14:43:38,571][flwr][INFO] - 		round 0: 2.3025850929940455
[2024-08-13 14:43:38,571][flwr][INFO] - 		round 1: 0.982005411769096
[2024-08-13 14:43:38,571][flwr][INFO] - 		round 2: 0.7992320751274703
[2024-08-13 14:43:38,572][flwr][INFO] - 		round 3: 0.7669332927967548
[2024-08-13 14:43:38,572][flwr][INFO] - 		round 4: 0.7603682728412265
[2024-08-13 14:43:38,572][flwr][INFO] - 		round 5: 0.7555068773285694
[2024-08-13 14:43:38,572][flwr][INFO] - 		round 6: 0.7219789854601145
[2024-08-13 14:43:38,572][flwr][INFO] - 		round 7: 0.7173234211256476
[2024-08-13 14:43:38,572][flwr][INFO] - 		round 8: 0.7210516576551448
[2024-08-13 14:43:38,572][flwr][INFO] - 		round 9: 0.6813775836570319
[2024-08-13 14:43:38,572][flwr][INFO] - 		round 10: 0.7043940021948226
[2024-08-13 14:43:38,572][flwr][INFO] - 	History (metrics, centralized):
[2024-08-13 14:43:38,572][flwr][INFO] - 	{'accuracy': [(0, 0.098),
[2024-08-13 14:43:38,572][flwr][INFO] - 	              (1, 0.6843),
[2024-08-13 14:43:38,572][flwr][INFO] - 	              (2, 0.8119),
[2024-08-13 14:43:38,572][flwr][INFO] - 	              (3, 0.8041),
[2024-08-13 14:43:38,572][flwr][INFO] - 	              (4, 0.8279),
[2024-08-13 14:43:38,572][flwr][INFO] - 	              (5, 0.7986),
[2024-08-13 14:43:38,572][flwr][INFO] - 	              (6, 0.8384),
[2024-08-13 14:43:38,573][flwr][INFO] - 	              (7, 0.8213),
[2024-08-13 14:43:38,573][flwr][INFO] - 	              (8, 0.8193),
[2024-08-13 14:43:38,573][flwr][INFO] - 	              (9, 0.8505),
[2024-08-13 14:43:38,573][flwr][INFO] - 	              (10, 0.8304)],
[2024-08-13 14:43:38,573][flwr][INFO] - 	 'confusion_matrix': [(0,
[2024-08-13 14:43:38,573][flwr][INFO] - 	                       array([[ 980,    0,    0,    0,    0,    0,    0,    0,    0,    0],
[2024-08-13 14:43:38,573][flwr][INFO] - 	       [1135,    0,    0,    0,    0,    0,    0,    0,    0,    0],
[2024-08-13 14:43:38,573][flwr][INFO] - 	       [1032,    0,    0,    0,    0,    0,    0,    0,    0,    0],
[2024-08-13 14:43:38,573][flwr][INFO] - 	       [1010,    0,    0,    0,    0,    0,    0,    0,    0,    0],
[2024-08-13 14:43:38,573][flwr][INFO] - 	       [ 982,    0,    0,    0,    0,    0,    0,    0,    0,    0],
[2024-08-13 14:43:38,573][flwr][INFO] - 	       [ 892,    0,    0,    0,    0,    0,    0,    0,    0,    0],
[2024-08-13 14:43:38,573][flwr][INFO] - 	       [ 958,    0,    0,    0,    0,    0,    0,    0,    0,    0],
[2024-08-13 14:43:38,573][flwr][INFO] - 	       [1028,    0,    0,    0,    0,    0,    0,    0,    0,    0],
[2024-08-13 14:43:38,573][flwr][INFO] - 	       [ 974,    0,    0,    0,    0,    0,    0,    0,    0,    0],
[2024-08-13 14:43:38,573][flwr][INFO] - 	       [1009,    0,    0,    0,    0,    0,    0,    0,    0,    0]],
[2024-08-13 14:43:38,573][flwr][INFO] - 	      dtype=int64)),
[2024-08-13 14:43:38,573][flwr][INFO] - 	                      (1,
[2024-08-13 14:43:38,574][flwr][INFO] - 	                       array([[ 933,    0,    2,   39,    0,    0,    1,    3,    2,    0],
[2024-08-13 14:43:38,574][flwr][INFO] - 	       [   0, 1064,   31,   34,    0,    0,    2,    1,    3,    0],
[2024-08-13 14:43:38,574][flwr][INFO] - 	       [  55,   19,  593,  291,   10,    0,   10,   31,   15,    8],
[2024-08-13 14:43:38,574][flwr][INFO] - 	       [   4,    5,    5,  964,    0,    0,    1,   18,    6,    7],
[2024-08-13 14:43:38,574][flwr][INFO] - 	       [  18,   15,    7,   13,  517,    0,    7,   57,   17,  331],
[2024-08-13 14:43:38,574][flwr][INFO] - 	       [  82,   71,   11,  486,    6,   55,    1,   67,   62,   51],
[2024-08-13 14:43:38,574][flwr][INFO] - 	       [ 135,   27,   55,   73,   20,    1,  627,   12,    7,    1],
[2024-08-13 14:43:38,574][flwr][INFO] - 	       [  15,   42,   17,   13,    1,    0,    0,  919,    8,   13],
[2024-08-13 14:43:38,574][flwr][INFO] - 	       [  20,   30,    9,  400,    1,    0,    0,   24,  466,   24],
[2024-08-13 14:43:38,574][flwr][INFO] - 	       [  33,   18,    2,   34,   20,    0,    0,  189,    8,  705]],
[2024-08-13 14:43:38,574][flwr][INFO] - 	      dtype=int64)),
[2024-08-13 14:43:38,574][flwr][INFO] - 	                      (2,
[2024-08-13 14:43:38,574][flwr][INFO] - 	                       array([[ 909,    0,    4,    0,    0,   18,   24,    1,   24,    0],
[2024-08-13 14:43:38,574][flwr][INFO] - 	       [   0, 1058,   40,    1,    1,    2,    4,    0,   29,    0],
[2024-08-13 14:43:38,574][flwr][INFO] - 	       [  29,   21,  854,    3,   28,    1,   18,   18,   58,    2],
[2024-08-13 14:43:38,574][flwr][INFO] - 	       [  15,   16,   61,  523,    6,  127,   15,   14,  225,    8],
[2024-08-13 14:43:38,574][flwr][INFO] - 	       [   5,    9,    2,    0,  882,    1,   17,    0,   21,   45],
[2024-08-13 14:43:38,575][flwr][INFO] - 	       [  36,   50,   17,   18,   30,  642,   25,   13,   47,   14],
[2024-08-13 14:43:38,575][flwr][INFO] - 	       [  29,   16,   32,    0,   25,   19,  829,    1,    7,    0],
[2024-08-13 14:43:38,575][flwr][INFO] - 	       [   9,   40,   32,    0,   24,    0,    1,  839,   43,   40],
[2024-08-13 14:43:38,575][flwr][INFO] - 	       [  13,   15,   16,    5,   14,   22,   12,    7,  860,   10],
[2024-08-13 14:43:38,575][flwr][INFO] - 	       [  17,   15,    4,    3,  158,   12,    1,   30,   46,  723]],
[2024-08-13 14:43:38,575][flwr][INFO] - 	      dtype=int64)),
[2024-08-13 14:43:38,575][flwr][INFO] - 	                      (3,
[2024-08-13 14:43:38,575][flwr][INFO] - 	                       array([[ 902,    0,    3,   13,    0,   17,   42,    2,    1,    0],
[2024-08-13 14:43:38,575][flwr][INFO] - 	       [   0, 1073,   35,   13,    1,    4,    6,    1,    0,    2],
[2024-08-13 14:43:38,575][flwr][INFO] - 	       [  17,   17,  810,   89,   15,    0,   27,   32,   15,   10],
[2024-08-13 14:43:38,575][flwr][INFO] - 	       [   2,    8,   16,  912,    2,   12,    8,   18,    8,   24],
[2024-08-13 14:43:38,575][flwr][INFO] - 	       [   3,    9,    5,    0,  716,    0,   35,    8,    4,  202],
[2024-08-13 14:43:38,575][flwr][INFO] - 	       [  15,   56,   11,  217,   13,  481,   36,   21,    2,   40],
[2024-08-13 14:43:38,575][flwr][INFO] - 	       [  18,   13,   20,    3,   11,   13,  879,    1,    0,    0],
[2024-08-13 14:43:38,575][flwr][INFO] - 	       [   4,   38,   33,    3,   10,    0,    3,  890,    1,   46],
[2024-08-13 14:43:38,575][flwr][INFO] - 	       [  11,   45,   21,  207,    9,   32,   23,   16,  503,  107],
[2024-08-13 14:43:38,575][flwr][INFO] - 	       [  17,   13,    4,   16,   27,   10,    3,   42,    2,  875]],
[2024-08-13 14:43:38,576][flwr][INFO] - 	      dtype=int64)),
[2024-08-13 14:43:38,576][flwr][INFO] - 	                      (4,
[2024-08-13 14:43:38,576][flwr][INFO] - 	                       array([[ 919,    0,    4,    0,    0,    7,   25,    1,   24,    0],
[2024-08-13 14:43:38,576][flwr][INFO] - 	       [   0, 1049,   37,    1,    1,    1,    4,    1,   41,    0],
[2024-08-13 14:43:38,576][flwr][INFO] - 	       [  18,   11,  853,   16,   25,    0,   21,   21,   67,    0],
[2024-08-13 14:43:38,576][flwr][INFO] - 	       [   6,    8,   32,  731,    4,   55,   16,   17,  137,    4],
[2024-08-13 14:43:38,576][flwr][INFO] - 	       [   2,    7,    3,    0,  909,    2,   19,    1,   25,   14],
[2024-08-13 14:43:38,576][flwr][INFO] - 	       [  20,   50,   11,   29,   30,  621,   33,   17,   76,    5],
[2024-08-13 14:43:38,576][flwr][INFO] - 	       [  18,   12,   24,    1,   23,   14,  860,    1,    5,    0],
[2024-08-13 14:43:38,576][flwr][INFO] - 	       [  10,   30,   37,    0,   20,    0,    1,  869,   47,   14],
[2024-08-13 14:43:38,576][flwr][INFO] - 	       [   9,    8,   15,   13,   12,   19,   14,    5,  875,    4],
[2024-08-13 14:43:38,576][flwr][INFO] - 	       [  21,    8,    5,    3,  221,   10,    1,   65,   82,  593]],
[2024-08-13 14:43:38,576][flwr][INFO] - 	      dtype=int64)),
[2024-08-13 14:43:38,576][flwr][INFO] - 	                      (5,
[2024-08-13 14:43:38,576][flwr][INFO] - 	                       array([[ 913,    1,    3,    7,    0,   13,   36,    2,    0,    5],
[2024-08-13 14:43:38,576][flwr][INFO] - 	       [   0, 1087,   26,   10,    1,    1,    6,    1,    0,    3],
[2024-08-13 14:43:38,576][flwr][INFO] - 	       [  17,   23,  800,   89,   13,    0,   25,   30,   12,   23],
[2024-08-13 14:43:38,577][flwr][INFO] - 	       [   2,    9,   10,  895,    2,   23,    8,   15,    3,   43],
[2024-08-13 14:43:38,577][flwr][INFO] - 	       [   2,   10,    2,    0,  686,    0,   26,    6,    0,  250],
[2024-08-13 14:43:38,577][flwr][INFO] - 	       [  10,   66,    4,  116,   14,  577,   37,   19,    3,   46],
[2024-08-13 14:43:38,577][flwr][INFO] - 	       [  15,   16,   17,    2,   10,   15,  879,    4,    0,    0],
[2024-08-13 14:43:38,577][flwr][INFO] - 	       [   2,   42,   27,    4,   10,    0,    3,  862,    0,   78],
[2024-08-13 14:43:38,577][flwr][INFO] - 	       [  11,   63,   20,  189,   12,   57,   27,    9,  370,  216],
[2024-08-13 14:43:38,577][flwr][INFO] - 	       [  16,   10,    4,   12,   16,   10,    2,   22,    0,  917]],
[2024-08-13 14:43:38,577][flwr][INFO] - 	      dtype=int64)),
[2024-08-13 14:43:38,577][flwr][INFO] - 	                      (6,
[2024-08-13 14:43:38,577][flwr][INFO] - 	                       array([[ 920,    1,    2,    0,    2,    9,   29,    2,   15,    0],
[2024-08-13 14:43:38,577][flwr][INFO] - 	       [   0, 1074,   21,    2,    1,    3,    5,    1,   28,    0],
[2024-08-13 14:43:38,577][flwr][INFO] - 	       [  14,   15,  832,   25,   33,    1,   22,   28,   61,    1],
[2024-08-13 14:43:38,577][flwr][INFO] - 	       [   6,    9,   22,  788,    5,   48,   16,   19,   95,    2],
[2024-08-13 14:43:38,577][flwr][INFO] - 	       [   1,    5,    2,    0,  929,    2,   17,    3,   14,    9],
[2024-08-13 14:43:38,577][flwr][INFO] - 	       [  16,   50,    4,   32,   33,  654,   35,   19,   45,    4],
[2024-08-13 14:43:38,577][flwr][INFO] - 	       [  13,   14,   17,    1,   26,   15,  868,    2,    2,    0],
[2024-08-13 14:43:38,577][flwr][INFO] - 	       [   3,   35,   33,    0,   20,    0,    1,  900,   30,    6],
[2024-08-13 14:43:38,578][flwr][INFO] - 	       [   8,   16,    9,   19,   18,   22,   17,    8,  855,    2],
[2024-08-13 14:43:38,578][flwr][INFO] - 	       [  20,   11,    5,    4,  233,   14,    2,  101,   55,  564]],
[2024-08-13 14:43:38,578][flwr][INFO] - 	      dtype=int64)),
[2024-08-13 14:43:38,578][flwr][INFO] - 	                      (7,
[2024-08-13 14:43:38,578][flwr][INFO] - 	                       array([[ 934,    1,    4,    5,    0,    7,   25,    1,    0,    3],
[2024-08-13 14:43:38,578][flwr][INFO] - 	       [   0, 1074,   29,   12,    1,    3,    6,    1,    5,    4],
[2024-08-13 14:43:38,578][flwr][INFO] - 	       [  14,   12,  833,   63,   13,    0,   24,   26,   24,   23],
[2024-08-13 14:43:38,578][flwr][INFO] - 	       [   2,    3,   13,  886,    1,   27,    9,   15,    7,   47],
[2024-08-13 14:43:38,578][flwr][INFO] - 	       [   3,    5,    2,    0,  677,    0,   21,    4,    2,  268],
[2024-08-13 14:43:38,578][flwr][INFO] - 	       [  16,   50,    8,  102,   16,  592,   35,   16,    9,   48],
[2024-08-13 14:43:38,578][flwr][INFO] - 	       [  16,   13,   21,    1,   10,   15,  876,    4,    0,    2],
[2024-08-13 14:43:38,578][flwr][INFO] - 	       [   7,   30,   35,    3,   10,    0,    1,  829,    3,  110],
[2024-08-13 14:43:38,578][flwr][INFO] - 	       [  15,   41,   22,  110,    8,   25,   24,    7,  579,  143],
[2024-08-13 14:43:38,578][flwr][INFO] - 	       [  18,    7,    5,   12,   14,    7,    1,   12,    0,  933]],
[2024-08-13 14:43:38,578][flwr][INFO] - 	      dtype=int64)),
[2024-08-13 14:43:38,578][flwr][INFO] - 	                      (8,
[2024-08-13 14:43:38,579][flwr][INFO] - 	                       array([[ 927,    1,    1,    2,    2,    5,   19,    5,   18,    0],
[2024-08-13 14:43:38,579][flwr][INFO] - 	       [   0, 1072,    6,    5,    1,    3,    5,    1,   42,    0],
[2024-08-13 14:43:38,579][flwr][INFO] - 	       [  14,   18,  778,   53,   35,    0,   20,   33,   81,    0],
[2024-08-13 14:43:38,579][flwr][INFO] - 	       [   4,    9,    9,  838,    4,   33,   11,   22,   79,    1],
[2024-08-13 14:43:38,579][flwr][INFO] - 	       [   2,    5,    1,    0,  930,    3,   12,   10,   18,    1],
[2024-08-13 14:43:38,579][flwr][INFO] - 	       [  14,   45,    3,   61,   31,  625,   30,   24,   57,    2],
[2024-08-13 14:43:38,579][flwr][INFO] - 	       [  14,   10,   15,    1,   26,   15,  865,    8,    4,    0],
[2024-08-13 14:43:38,579][flwr][INFO] - 	       [   3,   29,   20,    2,   21,    0,    0,  920,   32,    1],
[2024-08-13 14:43:38,579][flwr][INFO] - 	       [   7,   17,    7,   26,   13,   18,   13,    9,  863,    1],
[2024-08-13 14:43:38,579][flwr][INFO] - 	       [  22,    7,    4,    5,  309,   21,    1,  169,   96,  375]],
[2024-08-13 14:43:38,579][flwr][INFO] - 	      dtype=int64)),
[2024-08-13 14:43:38,579][flwr][INFO] - 	                      (9,
[2024-08-13 14:43:38,579][flwr][INFO] - 	                       array([[ 935,    2,    5,    1,    0,   10,   22,    2,    3,    0],
[2024-08-13 14:43:38,579][flwr][INFO] - 	       [   0, 1081,   28,    5,    1,    6,    6,    0,    8,    0],
[2024-08-13 14:43:38,579][flwr][INFO] - 	       [  13,   14,  862,   38,   12,    0,   26,   25,   29,   13],
[2024-08-13 14:43:38,579][flwr][INFO] - 	       [   5,    6,   18,  855,    1,   41,   14,   15,   18,   37],
[2024-08-13 14:43:38,579][flwr][INFO] - 	       [   3,    5,    3,    0,  764,    1,   26,    4,    4,  172],
[2024-08-13 14:43:38,580][flwr][INFO] - 	       [  17,   45,    4,   54,   13,  670,   36,   14,   11,   28],
[2024-08-13 14:43:38,580][flwr][INFO] - 	       [  13,    8,   20,    1,    9,   14,  888,    4,    1,    0],
[2024-08-13 14:43:38,580][flwr][INFO] - 	       [   9,   34,   36,    1,   14,    0,    2,  847,    8,   77],
[2024-08-13 14:43:38,580][flwr][INFO] - 	       [  16,   37,   18,   59,    7,   43,   23,    7,  685,   79],
[2024-08-13 14:43:38,580][flwr][INFO] - 	       [  19,    9,    6,    9,   20,   11,    1,   15,    1,  918]],
[2024-08-13 14:43:38,580][flwr][INFO] - 	      dtype=int64)),
[2024-08-13 14:43:38,580][flwr][INFO] - 	                      (10,
[2024-08-13 14:43:38,580][flwr][INFO] - 	                       array([[ 930,    1,    4,    2,    3,    4,   17,    2,   17,    0],
[2024-08-13 14:43:38,580][flwr][INFO] - 	       [   0, 1060,    7,   10,    1,    2,    5,    1,   49,    0],
[2024-08-13 14:43:38,580][flwr][INFO] - 	       [  11,   13,  804,   46,   33,    0,   17,   24,   84,    0],
[2024-08-13 14:43:38,580][flwr][INFO] - 	       [   2,    6,   11,  859,    3,   25,    9,   18,   76,    1],
[2024-08-13 14:43:38,580][flwr][INFO] - 	       [   2,    4,    1,    0,  932,    2,   12,    3,   23,    3],
[2024-08-13 14:43:38,580][flwr][INFO] - 	       [  14,   37,    2,   81,   33,  577,   30,   18,   98,    2],
[2024-08-13 14:43:38,580][flwr][INFO] - 	       [  14,    7,   20,    1,   30,    8,  867,    6,    5,    0],
[2024-08-13 14:43:38,580][flwr][INFO] - 	       [   7,   27,   29,    2,   28,    0,    0,  886,   47,    2],
[2024-08-13 14:43:38,580][flwr][INFO] - 	       [   6,   12,    7,   23,   14,   12,   13,    5,  882,    0],
[2024-08-13 14:43:38,580][flwr][INFO] - 	       [  22,    7,    4,    6,  250,   12,    1,   89,  111,  507]],
[2024-08-13 14:43:38,580][flwr][INFO] - 	      dtype=int64))],
[2024-08-13 14:43:38,581][flwr][INFO] - 	 'f1': [(0, 0.017493624772313296),
[2024-08-13 14:43:38,581][flwr][INFO] - 	        (1, 0.6621847745526318),
[2024-08-13 14:43:38,581][flwr][INFO] - 	        (2, 0.8091234628229944),
[2024-08-13 14:43:38,581][flwr][INFO] - 	        (3, 0.8000660349719994),
[2024-08-13 14:43:38,581][flwr][INFO] - 	        (4, 0.8266488621435801),
[2024-08-13 14:43:38,581][flwr][INFO] - 	        (5, 0.7924767362113871),
[2024-08-13 14:43:38,581][flwr][INFO] - 	        (6, 0.8357024704265905),
[2024-08-13 14:43:38,581][flwr][INFO] - 	        (7, 0.8207952622913395),
[2024-08-13 14:43:38,581][flwr][INFO] - 	        (8, 0.8110710075052198),
[2024-08-13 14:43:38,581][flwr][INFO] - 	        (9, 0.8498761916500928),
[2024-08-13 14:43:38,581][flwr][INFO] - 	        (10, 0.8271660210488301)],
[2024-08-13 14:43:38,581][flwr][INFO] - 	 'precision': [(0, 0.009604000000000001),
[2024-08-13 14:43:38,581][flwr][INFO] - 	               (1, 0.7680169751529332),
[2024-08-13 14:43:38,581][flwr][INFO] - 	               (2, 0.826863456820793),
[2024-08-13 14:43:38,581][flwr][INFO] - 	               (3, 0.8248071206163314),
[2024-08-13 14:43:38,581][flwr][INFO] - 	               (4, 0.8441434995997044),
[2024-08-13 14:43:38,581][flwr][INFO] - 	               (5, 0.8273914359560786),
[2024-08-13 14:43:38,582][flwr][INFO] - 	               (6, 0.851129512438762),
[2024-08-13 14:43:38,582][flwr][INFO] - 	               (7, 0.8425236787274347),
[2024-08-13 14:43:38,582][flwr][INFO] - 	               (8, 0.8426823753110019),
[2024-08-13 14:43:38,582][flwr][INFO] - 	               (9, 0.8571315845268945),
[2024-08-13 14:43:38,582][flwr][INFO] - 	               (10, 0.8527636178702951)],
[2024-08-13 14:43:38,582][flwr][INFO] - 	 'recall': [(0, 0.098),
[2024-08-13 14:43:38,582][flwr][INFO] - 	            (1, 0.6843),
[2024-08-13 14:43:38,582][flwr][INFO] - 	            (2, 0.8119),
[2024-08-13 14:43:38,582][flwr][INFO] - 	            (3, 0.8041),
[2024-08-13 14:43:38,582][flwr][INFO] - 	            (4, 0.8279),
[2024-08-13 14:43:38,582][flwr][INFO] - 	            (5, 0.7986),
[2024-08-13 14:43:38,582][flwr][INFO] - 	            (6, 0.8384),
[2024-08-13 14:43:38,582][flwr][INFO] - 	            (7, 0.8213),
[2024-08-13 14:43:38,582][flwr][INFO] - 	            (8, 0.8193),
[2024-08-13 14:43:38,582][flwr][INFO] - 	            (9, 0.8505),
[2024-08-13 14:43:38,582][flwr][INFO] - 	            (10, 0.8304)]}
[2024-08-13 14:43:38,583][flwr][INFO] - 
