[2024-08-13 10:35:08,108][flwr][INFO] - Starting Flower simulation, config: num_rounds=10, no round_timeout
[2024-08-13 10:35:12,158][flwr][INFO] - Flower VCE: Ray initialized with resources: {'accelerator_type:G': 1.0, 'memory': 5069579060.0, 'node:127.0.0.1': 1.0, 'object_store_memory': 2534789529.0, 'GPU': 1.0, 'node:__internal_head__': 1.0, 'CPU': 16.0}
[2024-08-13 10:35:12,158][flwr][INFO] - Optimize your simulation with Flower VCE: https://flower.ai/docs/framework/how-to-run-simulations.html
[2024-08-13 10:35:12,158][flwr][INFO] - Flower VCE: Resources for each Virtual Client: {'num_cpus': 2, 'num_gpus': 0.5}
[2024-08-13 10:35:12,169][flwr][INFO] - Flower VCE: Creating VirtualClientEngineActorPool with 2 actors
[2024-08-13 10:35:12,169][flwr][INFO] - [INIT]
[2024-08-13 10:35:12,170][flwr][INFO] - Requesting initial parameters from one random client
[2024-08-13 10:35:19,752][flwr][INFO] - Received initial parameters from one random client
[2024-08-13 10:35:19,752][flwr][INFO] - Evaluating initial global parameters
[2024-08-13 10:35:22,043][flwr][INFO] - initial parameters (loss, other metrics): 2.3025850929940455, {'accuracy': 0.098, 'precision': 0.009604000000000001, 'recall': 0.098, 'f1': 0.017493624772313296, 'confusion_matrix': array([[ 980,    0,    0,    0,    0,    0,    0,    0,    0,    0],
       [1135,    0,    0,    0,    0,    0,    0,    0,    0,    0],
       [1032,    0,    0,    0,    0,    0,    0,    0,    0,    0],
       [1010,    0,    0,    0,    0,    0,    0,    0,    0,    0],
       [ 982,    0,    0,    0,    0,    0,    0,    0,    0,    0],
       [ 892,    0,    0,    0,    0,    0,    0,    0,    0,    0],
       [ 958,    0,    0,    0,    0,    0,    0,    0,    0,    0],
       [1028,    0,    0,    0,    0,    0,    0,    0,    0,    0],
       [ 974,    0,    0,    0,    0,    0,    0,    0,    0,    0],
       [1009,    0,    0,    0,    0,    0,    0,    0,    0,    0]],
      dtype=int64)}
[2024-08-13 10:35:22,044][flwr][INFO] - 
[2024-08-13 10:35:22,044][flwr][INFO] - [ROUND 1]
[2024-08-13 10:35:22,044][flwr][INFO] - configure_fit: strategy sampled 10 clients (out of 10)
[2024-08-13 10:35:30,530][flwr][INFO] - aggregate_fit: received 10 results and 0 failures
[2024-08-13 10:35:30,533][flwr][WARNING] - No fit_metrics_aggregation_fn provided
[2024-08-13 10:35:32,616][flwr][INFO] - fit progress: (1, 0.8819972410088991, {'accuracy': 0.7313, 'precision': 0.7888795998445066, 'recall': 0.7313, 'f1': 0.6988830910411347, 'confusion_matrix': array([[ 958,    0,    1,    5,    0,    0,    6,    1,    9,    0],
       [   0, 1072,    4,    9,    0,    0,    4,    1,   45,    0],
       [  86,   45,  691,   77,    7,    0,   30,   16,   72,    8],
       [  32,   15,   15,  851,    0,    0,    9,   11,   68,    9],
       [  32,   15,    2,    1,  513,    0,   42,    4,   53,  320],
       [ 248,   63,    2,  257,    5,    4,   32,   21,  209,   51],
       [ 103,   20,   11,    2,    3,    0,  802,    1,   16,    0],
       [  31,   50,   14,    3,    2,    0,    2,  829,   52,   45],
       [  46,   15,    4,  105,    1,    0,   13,    9,  763,   18],
       [  51,   19,    4,   13,   11,    0,    3,   33,   45,  830]],
      dtype=int64)}, 10.571968400006881)
[2024-08-13 10:35:32,617][flwr][INFO] - configure_evaluate: no clients selected, skipping evaluation
[2024-08-13 10:35:32,617][flwr][INFO] - 
[2024-08-13 10:35:32,617][flwr][INFO] - [ROUND 2]
[2024-08-13 10:35:32,617][flwr][INFO] - configure_fit: strategy sampled 10 clients (out of 10)
[2024-08-13 10:35:38,959][flwr][INFO] - aggregate_fit: received 10 results and 0 failures
[2024-08-13 10:35:41,040][flwr][INFO] - fit progress: (2, 0.704364378157484, {'accuracy': 0.8189, 'precision': 0.8266833831397503, 'recall': 0.8189, 'f1': 0.8133894699425749, 'confusion_matrix': array([[ 928,    0,    7,    4,    0,    3,   28,    1,    9,    0],
       [   0, 1080,   37,    5,    0,    0,    5,    1,    7,    0],
       [  29,   25,  852,   31,   23,    0,   25,   19,   27,    1],
       [  10,   13,   34,  873,    0,    6,   10,   19,   28,   17],
       [   7,   13,    7,    0,  865,    0,   29,    3,    7,   51],
       [  46,   55,   19,  189,   37,  427,   43,   29,   22,   25],
       [  35,   17,   24,    0,   12,   12,  857,    1,    0,    0],
       [  10,   45,   39,    0,   17,    0,    3,  880,    6,   28],
       [  25,   31,   32,  106,   14,    8,   22,   15,  687,   34],
       [  30,   19,    8,   14,  129,    2,    2,   55,   10,  740]],
      dtype=int64)}, 18.995814000008977)
[2024-08-13 10:35:41,041][flwr][INFO] - configure_evaluate: no clients selected, skipping evaluation
[2024-08-13 10:35:41,041][flwr][INFO] - 
[2024-08-13 10:35:41,041][flwr][INFO] - [ROUND 3]
[2024-08-13 10:35:41,041][flwr][INFO] - configure_fit: strategy sampled 10 clients (out of 10)
[2024-08-13 10:35:47,816][flwr][INFO] - aggregate_fit: received 10 results and 0 failures
[2024-08-13 10:35:49,900][flwr][INFO] - fit progress: (3, 0.7054394417839184, {'accuracy': 0.8305, 'precision': 0.8453707999648312, 'recall': 0.8305, 'f1': 0.8322237551802824, 'confusion_matrix': array([[ 862,    0,    2,    0,    0,   82,   22,    1,   11,    0],
       [   0, 1057,    8,    1,    1,   15,    4,    0,   49,    0],
       [  17,   17,  789,   34,   15,    8,   23,   26,   84,   19],
       [   5,    8,   18,  733,    0,  122,    8,   14,   76,   26],
       [   6,    7,    2,    0,  703,    8,   22,    0,   21,  213],
       [  10,   34,    2,   21,    9,  742,   21,    8,   27,   18],
       [  18,   11,   16,    0,   14,   39,  853,    1,    6,    0],
       [   4,   33,   16,    0,   11,    0,    2,  843,   37,   82],
       [   4,    5,    7,   16,    3,   55,   13,    5,  822,   44],
       [  12,    6,    4,    4,   21,   22,    3,   13,   23,  901]],
      dtype=int64)}, 27.856793600003584)
[2024-08-13 10:35:49,901][flwr][INFO] - configure_evaluate: no clients selected, skipping evaluation
[2024-08-13 10:35:49,901][flwr][INFO] - 
[2024-08-13 10:35:49,901][flwr][INFO] - [ROUND 4]
[2024-08-13 10:35:49,901][flwr][INFO] - configure_fit: strategy sampled 10 clients (out of 10)
[2024-08-13 10:35:56,396][flwr][INFO] - aggregate_fit: received 10 results and 0 failures
[2024-08-13 10:35:58,463][flwr][INFO] - fit progress: (4, 0.6849068286643605, {'accuracy': 0.8135, 'precision': 0.834924303836196, 'recall': 0.8135, 'f1': 0.8068552937748117, 'confusion_matrix': array([[ 925,    0,    5,   12,    3,    1,   28,    1,    5,    0],
       [   0, 1079,   32,   12,    1,    1,    5,    1,    4,    0],
       [  17,   20,  833,   57,   30,    0,   23,   28,   24,    0],
       [   4,    5,   18,  920,    2,    5,    8,   22,   18,    8],
       [   4,    9,    3,    0,  935,    0,   14,    3,    3,   11],
       [  25,   51,    9,  229,   55,  419,   36,   35,   20,   13],
       [  20,   11,   19,    4,   26,    7,  870,    1,    0,    0],
       [   4,   36,   35,    2,   20,    0,    1,  919,    2,    9],
       [  15,   31,   22,  151,   35,    6,   20,   22,  656,   16],
       [  22,   14,    7,   15,  255,    3,    2,  106,    6,  579]],
      dtype=int64)}, 36.41895690000092)
[2024-08-13 10:35:58,463][flwr][INFO] - configure_evaluate: no clients selected, skipping evaluation
[2024-08-13 10:35:58,463][flwr][INFO] - 
[2024-08-13 10:35:58,463][flwr][INFO] - [ROUND 5]
[2024-08-13 10:35:58,464][flwr][INFO] - configure_fit: strategy sampled 10 clients (out of 10)
[2024-08-13 10:36:05,194][flwr][INFO] - aggregate_fit: received 10 results and 0 failures
[2024-08-13 10:36:07,317][flwr][INFO] - fit progress: (5, 0.6513586961674594, {'accuracy': 0.8479, 'precision': 0.8563932749427396, 'recall': 0.8479, 'f1': 0.8481220720537284, 'confusion_matrix': array([[ 917,    0,    3,    1,    0,   17,   27,    1,   13,    1],
       [   0, 1078,   19,    2,    1,    6,    5,    0,   23,    1],
       [  15,   23,  839,   21,   14,    1,   23,   26,   54,   16],
       [   5,    9,   23,  789,    1,   59,    9,   15,   59,   41],
       [   6,    8,    4,    0,  705,    0,   25,    1,   12,  221],
       [  17,   41,    5,   31,   14,  688,   29,   14,   28,   25],
       [  17,   12,   18,    1,   10,   20,  876,    1,    3,    0],
       [   5,   35,   29,    0,   10,    0,    2,  853,   20,   74],
       [   6,   15,   11,   19,    3,   32,   17,    5,  817,   49],
       [  14,    9,    5,    5,   16,   11,    3,   13,   16,  917]],
      dtype=int64)}, 45.27302839999902)
[2024-08-13 10:36:07,318][flwr][INFO] - configure_evaluate: no clients selected, skipping evaluation
[2024-08-13 10:36:07,318][flwr][INFO] - 
[2024-08-13 10:36:07,318][flwr][INFO] - [ROUND 6]
[2024-08-13 10:36:07,318][flwr][INFO] - configure_fit: strategy sampled 10 clients (out of 10)
[2024-08-13 10:36:13,740][flwr][INFO] - aggregate_fit: received 10 results and 0 failures
[2024-08-13 10:36:15,824][flwr][INFO] - fit progress: (6, 0.6457005032585648, {'accuracy': 0.8336, 'precision': 0.8493647124613847, 'recall': 0.8336, 'f1': 0.8293399083636663, 'confusion_matrix': array([[ 934,    0,    1,    8,    3,    9,   19,    1,    5,    0],
       [   0, 1086,   20,   11,    1,    1,    5,    1,   10,    0],
       [  16,   21,  820,   52,   33,    0,   22,   33,   35,    0],
       [   4,    5,   12,  908,    2,   24,    8,   24,   20,    3],
       [   2,    7,    2,    0,  946,    2,   12,    2,    3,    6],
       [  15,   44,    2,  123,   44,  597,   29,   18,   17,    3],
       [  17,   12,   16,    2,   28,   19,  862,    1,    1,    0],
       [   3,   35,   28,    5,   22,    0,    1,  927,    3,    4],
       [  13,   28,   13,  107,   32,   18,   18,   21,  721,    3],
       [  22,   13,    6,   13,  276,   15,    1,  120,    8,  535]],
      dtype=int64)}, 53.78063820001262)
[2024-08-13 10:36:15,825][flwr][INFO] - configure_evaluate: no clients selected, skipping evaluation
[2024-08-13 10:36:15,825][flwr][INFO] - 
[2024-08-13 10:36:15,825][flwr][INFO] - [ROUND 7]
[2024-08-13 10:36:15,826][flwr][INFO] - configure_fit: strategy sampled 10 clients (out of 10)
[2024-08-13 10:36:22,261][flwr][INFO] - aggregate_fit: received 10 results and 0 failures
[2024-08-13 10:36:24,354][flwr][INFO] - fit progress: (7, 0.621984568768719, {'accuracy': 0.8575, 'precision': 0.8632284228743254, 'recall': 0.8575, 'f1': 0.857414031270874, 'confusion_matrix': array([[ 938,    0,    2,    1,    0,   12,   19,    1,    7,    0],
       [   0, 1084,   18,    3,    1,    3,    5,    0,   21,    0],
       [  14,   18,  848,   26,   12,    0,   23,   27,   49,   15],
       [   5,    6,   19,  831,    1,   45,    9,   16,   42,   36],
       [   3,    7,    4,    0,  747,    0,   24,    1,   10,  186],
       [  17,   39,    6,   48,   14,  672,   30,   13,   27,   26],
       [  16,   10,   19,    1,   10,   20,  879,    1,    2,    0],
       [   5,   34,   34,    0,   13,    0,    1,  854,   14,   73],
       [   8,   18,   11,   29,    5,   25,   17,    6,  803,   52],
       [  18,    9,    5,    6,   18,    8,    1,   14,   11,  919]],
      dtype=int64)}, 62.31091759999981)
[2024-08-13 10:36:24,355][flwr][INFO] - configure_evaluate: no clients selected, skipping evaluation
[2024-08-13 10:36:24,355][flwr][INFO] - 
[2024-08-13 10:36:24,355][flwr][INFO] - [ROUND 8]
[2024-08-13 10:36:24,356][flwr][INFO] - configure_fit: strategy sampled 10 clients (out of 10)
[2024-08-13 10:36:30,930][flwr][INFO] - aggregate_fit: received 10 results and 0 failures
[2024-08-13 10:36:33,044][flwr][INFO] - fit progress: (8, 0.628518876251204, {'accuracy': 0.8345, 'precision': 0.8527794149815172, 'recall': 0.8345, 'f1': 0.8282651923101403, 'confusion_matrix': array([[ 941,    0,    1,    4,    3,    8,   17,    1,    5,    0],
       [   0, 1090,   17,    6,    1,    2,    5,    1,   13,    0],
       [  15,   20,  825,   43,   34,    0,   22,   34,   39,    0],
       [   5,    5,   13,  894,    2,   31,    8,   24,   27,    1],
       [   1,    6,    2,    0,  950,    2,   13,    2,    4,    2],
       [  15,   39,    1,   86,   39,  642,   30,   17,   21,    2],
       [  14,    9,   17,    2,   30,   19,  865,    1,    1,    0],
       [   3,   32,   31,    4,   23,    0,    0,  927,    6,    2],
       [  13,   23,   13,   65,   32,   19,   18,   19,  770,    2],
       [  23,   12,    5,   10,  354,   16,    1,  130,   17,  441]],
      dtype=int64)}, 71.00103430000308)
[2024-08-13 10:36:33,045][flwr][INFO] - configure_evaluate: no clients selected, skipping evaluation
[2024-08-13 10:36:33,045][flwr][INFO] - 
[2024-08-13 10:36:33,045][flwr][INFO] - [ROUND 9]
[2024-08-13 10:36:33,046][flwr][INFO] - configure_fit: strategy sampled 10 clients (out of 10)
[2024-08-13 10:36:39,564][flwr][INFO] - aggregate_fit: received 10 results and 0 failures
[2024-08-13 10:36:41,773][flwr][INFO] - fit progress: (9, 0.5935200812513334, {'accuracy': 0.8671, 'precision': 0.8692120011143394, 'recall': 0.8671, 'f1': 0.8665739229084862, 'confusion_matrix': array([[ 942,    0,    1,    1,    1,   10,   17,    1,    7,    0],
       [   0, 1088,   17,    3,    1,    4,    5,    0,   17,    0],
       [  12,   16,  847,   31,   14,    0,   25,   29,   46,   12],
       [   5,    4,   15,  864,    1,   38,    8,   16,   33,   26],
       [   2,    7,    4,    0,  797,    1,   24,    1,   11,  135],
       [  15,   35,    3,   61,   13,  672,   31,   14,   25,   23],
       [  14,   10,   18,    1,   12,   20,  882,    0,    1,    0],
       [   4,   32,   33,    1,   14,    0,    1,  884,   11,   48],
       [  10,   17,   13,   37,    9,   26,   17,    8,  790,   47],
       [  18,    9,    5,    6,   25,    9,    1,   20,   11,  905]],
      dtype=int64)}, 79.72963630000595)
[2024-08-13 10:36:41,774][flwr][INFO] - configure_evaluate: no clients selected, skipping evaluation
[2024-08-13 10:36:41,774][flwr][INFO] - 
[2024-08-13 10:36:41,774][flwr][INFO] - [ROUND 10]
[2024-08-13 10:36:41,774][flwr][INFO] - configure_fit: strategy sampled 10 clients (out of 10)
[2024-08-13 10:36:48,158][flwr][INFO] - aggregate_fit: received 10 results and 0 failures
[2024-08-13 10:36:50,228][flwr][INFO] - fit progress: (10, 0.5956662352997836, {'accuracy': 0.8536, 'precision': 0.8650477778490822, 'recall': 0.8536, 'f1': 0.8503156049106335, 'confusion_matrix': array([[ 944,    1,    1,    1,    2,    8,   15,    1,    7,    0],
       [   0, 1087,   14,    5,    1,    2,    5,    1,   20,    0],
       [  12,   18,  837,   32,   33,    0,   20,   33,   46,    1],
       [   5,    5,   14,  884,    2,   32,    8,   22,   37,    1],
       [   1,    5,    2,    0,  949,    2,   12,    2,    5,    4],
       [  13,   31,    2,   71,   37,  664,   28,   16,   27,    3],
       [  13,    6,   16,    2,   26,   19,  872,    3,    1,    0],
       [   3,   31,   30,    3,   23,    0,    0,  925,   11,    2],
       [  12,   17,   10,   42,   26,   21,   15,   15,  814,    2],
       [  25,   10,    5,    9,  256,   15,    1,  105,   23,  560]],
      dtype=int64)}, 88.1844553000119)
[2024-08-13 10:36:50,229][flwr][INFO] - configure_evaluate: no clients selected, skipping evaluation
[2024-08-13 10:36:50,229][flwr][INFO] - 
[2024-08-13 10:36:50,229][flwr][INFO] - [SUMMARY]
[2024-08-13 10:36:50,229][flwr][INFO] - Run finished 10 round(s) in 88.19s
[2024-08-13 10:36:50,237][flwr][INFO] - 	History (loss, centralized):
[2024-08-13 10:36:50,237][flwr][INFO] - 		round 0: 2.3025850929940455
[2024-08-13 10:36:50,237][flwr][INFO] - 		round 1: 0.8819972410088991
[2024-08-13 10:36:50,237][flwr][INFO] - 		round 2: 0.704364378157484
[2024-08-13 10:36:50,237][flwr][INFO] - 		round 3: 0.7054394417839184
[2024-08-13 10:36:50,237][flwr][INFO] - 		round 4: 0.6849068286643605
[2024-08-13 10:36:50,238][flwr][INFO] - 		round 5: 0.6513586961674594
[2024-08-13 10:36:50,238][flwr][INFO] - 		round 6: 0.6457005032585648
[2024-08-13 10:36:50,238][flwr][INFO] - 		round 7: 0.621984568768719
[2024-08-13 10:36:50,238][flwr][INFO] - 		round 8: 0.628518876251204
[2024-08-13 10:36:50,238][flwr][INFO] - 		round 9: 0.5935200812513334
[2024-08-13 10:36:50,238][flwr][INFO] - 		round 10: 0.5956662352997836
[2024-08-13 10:36:50,238][flwr][INFO] - 	History (metrics, centralized):
[2024-08-13 10:36:50,238][flwr][INFO] - 	{'accuracy': [(0, 0.098),
[2024-08-13 10:36:50,238][flwr][INFO] - 	              (1, 0.7313),
[2024-08-13 10:36:50,238][flwr][INFO] - 	              (2, 0.8189),
[2024-08-13 10:36:50,238][flwr][INFO] - 	              (3, 0.8305),
[2024-08-13 10:36:50,238][flwr][INFO] - 	              (4, 0.8135),
[2024-08-13 10:36:50,238][flwr][INFO] - 	              (5, 0.8479),
[2024-08-13 10:36:50,238][flwr][INFO] - 	              (6, 0.8336),
[2024-08-13 10:36:50,238][flwr][INFO] - 	              (7, 0.8575),
[2024-08-13 10:36:50,238][flwr][INFO] - 	              (8, 0.8345),
[2024-08-13 10:36:50,239][flwr][INFO] - 	              (9, 0.8671),
[2024-08-13 10:36:50,239][flwr][INFO] - 	              (10, 0.8536)],
[2024-08-13 10:36:50,239][flwr][INFO] - 	 'confusion_matrix': [(0,
[2024-08-13 10:36:50,239][flwr][INFO] - 	                       array([[ 980,    0,    0,    0,    0,    0,    0,    0,    0,    0],
[2024-08-13 10:36:50,239][flwr][INFO] - 	       [1135,    0,    0,    0,    0,    0,    0,    0,    0,    0],
[2024-08-13 10:36:50,239][flwr][INFO] - 	       [1032,    0,    0,    0,    0,    0,    0,    0,    0,    0],
[2024-08-13 10:36:50,239][flwr][INFO] - 	       [1010,    0,    0,    0,    0,    0,    0,    0,    0,    0],
[2024-08-13 10:36:50,239][flwr][INFO] - 	       [ 982,    0,    0,    0,    0,    0,    0,    0,    0,    0],
[2024-08-13 10:36:50,239][flwr][INFO] - 	       [ 892,    0,    0,    0,    0,    0,    0,    0,    0,    0],
[2024-08-13 10:36:50,239][flwr][INFO] - 	       [ 958,    0,    0,    0,    0,    0,    0,    0,    0,    0],
[2024-08-13 10:36:50,239][flwr][INFO] - 	       [1028,    0,    0,    0,    0,    0,    0,    0,    0,    0],
[2024-08-13 10:36:50,239][flwr][INFO] - 	       [ 974,    0,    0,    0,    0,    0,    0,    0,    0,    0],
[2024-08-13 10:36:50,239][flwr][INFO] - 	       [1009,    0,    0,    0,    0,    0,    0,    0,    0,    0]],
[2024-08-13 10:36:50,239][flwr][INFO] - 	      dtype=int64)),
[2024-08-13 10:36:50,239][flwr][INFO] - 	                      (1,
[2024-08-13 10:36:50,239][flwr][INFO] - 	                       array([[ 958,    0,    1,    5,    0,    0,    6,    1,    9,    0],
[2024-08-13 10:36:50,239][flwr][INFO] - 	       [   0, 1072,    4,    9,    0,    0,    4,    1,   45,    0],
[2024-08-13 10:36:50,240][flwr][INFO] - 	       [  86,   45,  691,   77,    7,    0,   30,   16,   72,    8],
[2024-08-13 10:36:50,240][flwr][INFO] - 	       [  32,   15,   15,  851,    0,    0,    9,   11,   68,    9],
[2024-08-13 10:36:50,240][flwr][INFO] - 	       [  32,   15,    2,    1,  513,    0,   42,    4,   53,  320],
[2024-08-13 10:36:50,240][flwr][INFO] - 	       [ 248,   63,    2,  257,    5,    4,   32,   21,  209,   51],
[2024-08-13 10:36:50,240][flwr][INFO] - 	       [ 103,   20,   11,    2,    3,    0,  802,    1,   16,    0],
[2024-08-13 10:36:50,240][flwr][INFO] - 	       [  31,   50,   14,    3,    2,    0,    2,  829,   52,   45],
[2024-08-13 10:36:50,240][flwr][INFO] - 	       [  46,   15,    4,  105,    1,    0,   13,    9,  763,   18],
[2024-08-13 10:36:50,240][flwr][INFO] - 	       [  51,   19,    4,   13,   11,    0,    3,   33,   45,  830]],
[2024-08-13 10:36:50,240][flwr][INFO] - 	      dtype=int64)),
[2024-08-13 10:36:50,240][flwr][INFO] - 	                      (2,
[2024-08-13 10:36:50,240][flwr][INFO] - 	                       array([[ 928,    0,    7,    4,    0,    3,   28,    1,    9,    0],
[2024-08-13 10:36:50,240][flwr][INFO] - 	       [   0, 1080,   37,    5,    0,    0,    5,    1,    7,    0],
[2024-08-13 10:36:50,240][flwr][INFO] - 	       [  29,   25,  852,   31,   23,    0,   25,   19,   27,    1],
[2024-08-13 10:36:50,240][flwr][INFO] - 	       [  10,   13,   34,  873,    0,    6,   10,   19,   28,   17],
[2024-08-13 10:36:50,240][flwr][INFO] - 	       [   7,   13,    7,    0,  865,    0,   29,    3,    7,   51],
[2024-08-13 10:36:50,240][flwr][INFO] - 	       [  46,   55,   19,  189,   37,  427,   43,   29,   22,   25],
[2024-08-13 10:36:50,240][flwr][INFO] - 	       [  35,   17,   24,    0,   12,   12,  857,    1,    0,    0],
[2024-08-13 10:36:50,241][flwr][INFO] - 	       [  10,   45,   39,    0,   17,    0,    3,  880,    6,   28],
[2024-08-13 10:36:50,241][flwr][INFO] - 	       [  25,   31,   32,  106,   14,    8,   22,   15,  687,   34],
[2024-08-13 10:36:50,241][flwr][INFO] - 	       [  30,   19,    8,   14,  129,    2,    2,   55,   10,  740]],
[2024-08-13 10:36:50,241][flwr][INFO] - 	      dtype=int64)),
[2024-08-13 10:36:50,241][flwr][INFO] - 	                      (3,
[2024-08-13 10:36:50,241][flwr][INFO] - 	                       array([[ 862,    0,    2,    0,    0,   82,   22,    1,   11,    0],
[2024-08-13 10:36:50,241][flwr][INFO] - 	       [   0, 1057,    8,    1,    1,   15,    4,    0,   49,    0],
[2024-08-13 10:36:50,241][flwr][INFO] - 	       [  17,   17,  789,   34,   15,    8,   23,   26,   84,   19],
[2024-08-13 10:36:50,241][flwr][INFO] - 	       [   5,    8,   18,  733,    0,  122,    8,   14,   76,   26],
[2024-08-13 10:36:50,241][flwr][INFO] - 	       [   6,    7,    2,    0,  703,    8,   22,    0,   21,  213],
[2024-08-13 10:36:50,241][flwr][INFO] - 	       [  10,   34,    2,   21,    9,  742,   21,    8,   27,   18],
[2024-08-13 10:36:50,241][flwr][INFO] - 	       [  18,   11,   16,    0,   14,   39,  853,    1,    6,    0],
[2024-08-13 10:36:50,241][flwr][INFO] - 	       [   4,   33,   16,    0,   11,    0,    2,  843,   37,   82],
[2024-08-13 10:36:50,241][flwr][INFO] - 	       [   4,    5,    7,   16,    3,   55,   13,    5,  822,   44],
[2024-08-13 10:36:50,241][flwr][INFO] - 	       [  12,    6,    4,    4,   21,   22,    3,   13,   23,  901]],
[2024-08-13 10:36:50,241][flwr][INFO] - 	      dtype=int64)),
[2024-08-13 10:36:50,241][flwr][INFO] - 	                      (4,
[2024-08-13 10:36:50,242][flwr][INFO] - 	                       array([[ 925,    0,    5,   12,    3,    1,   28,    1,    5,    0],
[2024-08-13 10:36:50,242][flwr][INFO] - 	       [   0, 1079,   32,   12,    1,    1,    5,    1,    4,    0],
[2024-08-13 10:36:50,242][flwr][INFO] - 	       [  17,   20,  833,   57,   30,    0,   23,   28,   24,    0],
[2024-08-13 10:36:50,242][flwr][INFO] - 	       [   4,    5,   18,  920,    2,    5,    8,   22,   18,    8],
[2024-08-13 10:36:50,242][flwr][INFO] - 	       [   4,    9,    3,    0,  935,    0,   14,    3,    3,   11],
[2024-08-13 10:36:50,242][flwr][INFO] - 	       [  25,   51,    9,  229,   55,  419,   36,   35,   20,   13],
[2024-08-13 10:36:50,242][flwr][INFO] - 	       [  20,   11,   19,    4,   26,    7,  870,    1,    0,    0],
[2024-08-13 10:36:50,242][flwr][INFO] - 	       [   4,   36,   35,    2,   20,    0,    1,  919,    2,    9],
[2024-08-13 10:36:50,242][flwr][INFO] - 	       [  15,   31,   22,  151,   35,    6,   20,   22,  656,   16],
[2024-08-13 10:36:50,242][flwr][INFO] - 	       [  22,   14,    7,   15,  255,    3,    2,  106,    6,  579]],
[2024-08-13 10:36:50,242][flwr][INFO] - 	      dtype=int64)),
[2024-08-13 10:36:50,242][flwr][INFO] - 	                      (5,
[2024-08-13 10:36:50,242][flwr][INFO] - 	                       array([[ 917,    0,    3,    1,    0,   17,   27,    1,   13,    1],
[2024-08-13 10:36:50,242][flwr][INFO] - 	       [   0, 1078,   19,    2,    1,    6,    5,    0,   23,    1],
[2024-08-13 10:36:50,242][flwr][INFO] - 	       [  15,   23,  839,   21,   14,    1,   23,   26,   54,   16],
[2024-08-13 10:36:50,242][flwr][INFO] - 	       [   5,    9,   23,  789,    1,   59,    9,   15,   59,   41],
[2024-08-13 10:36:50,242][flwr][INFO] - 	       [   6,    8,    4,    0,  705,    0,   25,    1,   12,  221],
[2024-08-13 10:36:50,242][flwr][INFO] - 	       [  17,   41,    5,   31,   14,  688,   29,   14,   28,   25],
[2024-08-13 10:36:50,243][flwr][INFO] - 	       [  17,   12,   18,    1,   10,   20,  876,    1,    3,    0],
[2024-08-13 10:36:50,243][flwr][INFO] - 	       [   5,   35,   29,    0,   10,    0,    2,  853,   20,   74],
[2024-08-13 10:36:50,243][flwr][INFO] - 	       [   6,   15,   11,   19,    3,   32,   17,    5,  817,   49],
[2024-08-13 10:36:50,243][flwr][INFO] - 	       [  14,    9,    5,    5,   16,   11,    3,   13,   16,  917]],
[2024-08-13 10:36:50,243][flwr][INFO] - 	      dtype=int64)),
[2024-08-13 10:36:50,243][flwr][INFO] - 	                      (6,
[2024-08-13 10:36:50,243][flwr][INFO] - 	                       array([[ 934,    0,    1,    8,    3,    9,   19,    1,    5,    0],
[2024-08-13 10:36:50,243][flwr][INFO] - 	       [   0, 1086,   20,   11,    1,    1,    5,    1,   10,    0],
[2024-08-13 10:36:50,243][flwr][INFO] - 	       [  16,   21,  820,   52,   33,    0,   22,   33,   35,    0],
[2024-08-13 10:36:50,243][flwr][INFO] - 	       [   4,    5,   12,  908,    2,   24,    8,   24,   20,    3],
[2024-08-13 10:36:50,243][flwr][INFO] - 	       [   2,    7,    2,    0,  946,    2,   12,    2,    3,    6],
[2024-08-13 10:36:50,243][flwr][INFO] - 	       [  15,   44,    2,  123,   44,  597,   29,   18,   17,    3],
[2024-08-13 10:36:50,243][flwr][INFO] - 	       [  17,   12,   16,    2,   28,   19,  862,    1,    1,    0],
[2024-08-13 10:36:50,243][flwr][INFO] - 	       [   3,   35,   28,    5,   22,    0,    1,  927,    3,    4],
[2024-08-13 10:36:50,243][flwr][INFO] - 	       [  13,   28,   13,  107,   32,   18,   18,   21,  721,    3],
[2024-08-13 10:36:50,243][flwr][INFO] - 	       [  22,   13,    6,   13,  276,   15,    1,  120,    8,  535]],
[2024-08-13 10:36:50,243][flwr][INFO] - 	      dtype=int64)),
[2024-08-13 10:36:50,244][flwr][INFO] - 	                      (7,
[2024-08-13 10:36:50,244][flwr][INFO] - 	                       array([[ 938,    0,    2,    1,    0,   12,   19,    1,    7,    0],
[2024-08-13 10:36:50,244][flwr][INFO] - 	       [   0, 1084,   18,    3,    1,    3,    5,    0,   21,    0],
[2024-08-13 10:36:50,244][flwr][INFO] - 	       [  14,   18,  848,   26,   12,    0,   23,   27,   49,   15],
[2024-08-13 10:36:50,244][flwr][INFO] - 	       [   5,    6,   19,  831,    1,   45,    9,   16,   42,   36],
[2024-08-13 10:36:50,244][flwr][INFO] - 	       [   3,    7,    4,    0,  747,    0,   24,    1,   10,  186],
[2024-08-13 10:36:50,244][flwr][INFO] - 	       [  17,   39,    6,   48,   14,  672,   30,   13,   27,   26],
[2024-08-13 10:36:50,244][flwr][INFO] - 	       [  16,   10,   19,    1,   10,   20,  879,    1,    2,    0],
[2024-08-13 10:36:50,244][flwr][INFO] - 	       [   5,   34,   34,    0,   13,    0,    1,  854,   14,   73],
[2024-08-13 10:36:50,244][flwr][INFO] - 	       [   8,   18,   11,   29,    5,   25,   17,    6,  803,   52],
[2024-08-13 10:36:50,244][flwr][INFO] - 	       [  18,    9,    5,    6,   18,    8,    1,   14,   11,  919]],
[2024-08-13 10:36:50,244][flwr][INFO] - 	      dtype=int64)),
[2024-08-13 10:36:50,244][flwr][INFO] - 	                      (8,
[2024-08-13 10:36:50,244][flwr][INFO] - 	                       array([[ 941,    0,    1,    4,    3,    8,   17,    1,    5,    0],
[2024-08-13 10:36:50,244][flwr][INFO] - 	       [   0, 1090,   17,    6,    1,    2,    5,    1,   13,    0],
[2024-08-13 10:36:50,244][flwr][INFO] - 	       [  15,   20,  825,   43,   34,    0,   22,   34,   39,    0],
[2024-08-13 10:36:50,244][flwr][INFO] - 	       [   5,    5,   13,  894,    2,   31,    8,   24,   27,    1],
[2024-08-13 10:36:50,245][flwr][INFO] - 	       [   1,    6,    2,    0,  950,    2,   13,    2,    4,    2],
[2024-08-13 10:36:50,245][flwr][INFO] - 	       [  15,   39,    1,   86,   39,  642,   30,   17,   21,    2],
[2024-08-13 10:36:50,245][flwr][INFO] - 	       [  14,    9,   17,    2,   30,   19,  865,    1,    1,    0],
[2024-08-13 10:36:50,245][flwr][INFO] - 	       [   3,   32,   31,    4,   23,    0,    0,  927,    6,    2],
[2024-08-13 10:36:50,245][flwr][INFO] - 	       [  13,   23,   13,   65,   32,   19,   18,   19,  770,    2],
[2024-08-13 10:36:50,245][flwr][INFO] - 	       [  23,   12,    5,   10,  354,   16,    1,  130,   17,  441]],
[2024-08-13 10:36:50,245][flwr][INFO] - 	      dtype=int64)),
[2024-08-13 10:36:50,245][flwr][INFO] - 	                      (9,
[2024-08-13 10:36:50,245][flwr][INFO] - 	                       array([[ 942,    0,    1,    1,    1,   10,   17,    1,    7,    0],
[2024-08-13 10:36:50,245][flwr][INFO] - 	       [   0, 1088,   17,    3,    1,    4,    5,    0,   17,    0],
[2024-08-13 10:36:50,245][flwr][INFO] - 	       [  12,   16,  847,   31,   14,    0,   25,   29,   46,   12],
[2024-08-13 10:36:50,245][flwr][INFO] - 	       [   5,    4,   15,  864,    1,   38,    8,   16,   33,   26],
[2024-08-13 10:36:50,245][flwr][INFO] - 	       [   2,    7,    4,    0,  797,    1,   24,    1,   11,  135],
[2024-08-13 10:36:50,245][flwr][INFO] - 	       [  15,   35,    3,   61,   13,  672,   31,   14,   25,   23],
[2024-08-13 10:36:50,245][flwr][INFO] - 	       [  14,   10,   18,    1,   12,   20,  882,    0,    1,    0],
[2024-08-13 10:36:50,246][flwr][INFO] - 	       [   4,   32,   33,    1,   14,    0,    1,  884,   11,   48],
[2024-08-13 10:36:50,246][flwr][INFO] - 	       [  10,   17,   13,   37,    9,   26,   17,    8,  790,   47],
[2024-08-13 10:36:50,246][flwr][INFO] - 	       [  18,    9,    5,    6,   25,    9,    1,   20,   11,  905]],
[2024-08-13 10:36:50,246][flwr][INFO] - 	      dtype=int64)),
[2024-08-13 10:36:50,246][flwr][INFO] - 	                      (10,
[2024-08-13 10:36:50,246][flwr][INFO] - 	                       array([[ 944,    1,    1,    1,    2,    8,   15,    1,    7,    0],
[2024-08-13 10:36:50,246][flwr][INFO] - 	       [   0, 1087,   14,    5,    1,    2,    5,    1,   20,    0],
[2024-08-13 10:36:50,246][flwr][INFO] - 	       [  12,   18,  837,   32,   33,    0,   20,   33,   46,    1],
[2024-08-13 10:36:50,246][flwr][INFO] - 	       [   5,    5,   14,  884,    2,   32,    8,   22,   37,    1],
[2024-08-13 10:36:50,246][flwr][INFO] - 	       [   1,    5,    2,    0,  949,    2,   12,    2,    5,    4],
[2024-08-13 10:36:50,246][flwr][INFO] - 	       [  13,   31,    2,   71,   37,  664,   28,   16,   27,    3],
[2024-08-13 10:36:50,246][flwr][INFO] - 	       [  13,    6,   16,    2,   26,   19,  872,    3,    1,    0],
[2024-08-13 10:36:50,246][flwr][INFO] - 	       [   3,   31,   30,    3,   23,    0,    0,  925,   11,    2],
[2024-08-13 10:36:50,246][flwr][INFO] - 	       [  12,   17,   10,   42,   26,   21,   15,   15,  814,    2],
[2024-08-13 10:36:50,246][flwr][INFO] - 	       [  25,   10,    5,    9,  256,   15,    1,  105,   23,  560]],
[2024-08-13 10:36:50,246][flwr][INFO] - 	      dtype=int64))],
[2024-08-13 10:36:50,246][flwr][INFO] - 	 'f1': [(0, 0.017493624772313296),
[2024-08-13 10:36:50,246][flwr][INFO] - 	        (1, 0.6988830910411347),
[2024-08-13 10:36:50,247][flwr][INFO] - 	        (2, 0.8133894699425749),
[2024-08-13 10:36:50,247][flwr][INFO] - 	        (3, 0.8322237551802824),
[2024-08-13 10:36:50,247][flwr][INFO] - 	        (4, 0.8068552937748117),
[2024-08-13 10:36:50,247][flwr][INFO] - 	        (5, 0.8481220720537284),
[2024-08-13 10:36:50,247][flwr][INFO] - 	        (6, 0.8293399083636663),
[2024-08-13 10:36:50,247][flwr][INFO] - 	        (7, 0.857414031270874),
[2024-08-13 10:36:50,247][flwr][INFO] - 	        (8, 0.8282651923101403),
[2024-08-13 10:36:50,247][flwr][INFO] - 	        (9, 0.8665739229084862),
[2024-08-13 10:36:50,247][flwr][INFO] - 	        (10, 0.8503156049106335)],
[2024-08-13 10:36:50,247][flwr][INFO] - 	 'precision': [(0, 0.009604000000000001),
[2024-08-13 10:36:50,247][flwr][INFO] - 	               (1, 0.7888795998445066),
[2024-08-13 10:36:50,247][flwr][INFO] - 	               (2, 0.8266833831397503),
[2024-08-13 10:36:50,247][flwr][INFO] - 	               (3, 0.8453707999648312),
[2024-08-13 10:36:50,247][flwr][INFO] - 	               (4, 0.834924303836196),
[2024-08-13 10:36:50,247][flwr][INFO] - 	               (5, 0.8563932749427396),
[2024-08-13 10:36:50,247][flwr][INFO] - 	               (6, 0.8493647124613847),
[2024-08-13 10:36:50,247][flwr][INFO] - 	               (7, 0.8632284228743254),
[2024-08-13 10:36:50,248][flwr][INFO] - 	               (8, 0.8527794149815172),
[2024-08-13 10:36:50,248][flwr][INFO] - 	               (9, 0.8692120011143394),
[2024-08-13 10:36:50,248][flwr][INFO] - 	               (10, 0.8650477778490822)],
[2024-08-13 10:36:50,248][flwr][INFO] - 	 'recall': [(0, 0.098),
[2024-08-13 10:36:50,248][flwr][INFO] - 	            (1, 0.7313),
[2024-08-13 10:36:50,248][flwr][INFO] - 	            (2, 0.8189),
[2024-08-13 10:36:50,248][flwr][INFO] - 	            (3, 0.8305),
[2024-08-13 10:36:50,248][flwr][INFO] - 	            (4, 0.8135),
[2024-08-13 10:36:50,248][flwr][INFO] - 	            (5, 0.8479),
[2024-08-13 10:36:50,248][flwr][INFO] - 	            (6, 0.8336),
[2024-08-13 10:36:50,248][flwr][INFO] - 	            (7, 0.8575),
[2024-08-13 10:36:50,248][flwr][INFO] - 	            (8, 0.8345),
[2024-08-13 10:36:50,248][flwr][INFO] - 	            (9, 0.8671),
[2024-08-13 10:36:50,248][flwr][INFO] - 	            (10, 0.8536)]}
[2024-08-13 10:36:50,248][flwr][INFO] - 
