[2024-08-13 15:12:29,737][flwr][INFO] - Starting Flower simulation, config: num_rounds=10, no round_timeout
[2024-08-13 15:12:33,853][flwr][INFO] - Flower VCE: Ray initialized with resources: {'node:__internal_head__': 1.0, 'node:127.0.0.1': 1.0, 'object_store_memory': 2416871424.0, 'memory': 4833742848.0, 'GPU': 1.0, 'CPU': 16.0, 'accelerator_type:G': 1.0}
[2024-08-13 15:12:33,853][flwr][INFO] - Optimize your simulation with Flower VCE: https://flower.ai/docs/framework/how-to-run-simulations.html
[2024-08-13 15:12:33,854][flwr][INFO] - Flower VCE: Resources for each Virtual Client: {'num_cpus': 2, 'num_gpus': 0.5}
[2024-08-13 15:12:33,865][flwr][INFO] - Flower VCE: Creating VirtualClientEngineActorPool with 2 actors
[2024-08-13 15:12:33,867][flwr][INFO] - [INIT]
[2024-08-13 15:12:33,867][flwr][INFO] - Requesting initial parameters from one random client
[2024-08-13 15:12:41,435][flwr][INFO] - Received initial parameters from one random client
[2024-08-13 15:12:41,435][flwr][INFO] - Evaluating initial global parameters
[2024-08-13 15:12:43,655][flwr][INFO] - initial parameters (loss, other metrics): 2.3025850929940455, {'accuracy': 0.098, 'precision': 0.009604000000000001, 'recall': 0.098, 'f1': 0.017493624772313296, 'confusion_matrix': array([[ 980,    0,    0,    0,    0,    0,    0,    0,    0,    0],
       [1135,    0,    0,    0,    0,    0,    0,    0,    0,    0],
       [1032,    0,    0,    0,    0,    0,    0,    0,    0,    0],
       [1010,    0,    0,    0,    0,    0,    0,    0,    0,    0],
       [ 982,    0,    0,    0,    0,    0,    0,    0,    0,    0],
       [ 892,    0,    0,    0,    0,    0,    0,    0,    0,    0],
       [ 958,    0,    0,    0,    0,    0,    0,    0,    0,    0],
       [1028,    0,    0,    0,    0,    0,    0,    0,    0,    0],
       [ 974,    0,    0,    0,    0,    0,    0,    0,    0,    0],
       [1009,    0,    0,    0,    0,    0,    0,    0,    0,    0]],
      dtype=int64)}
[2024-08-13 15:12:43,656][flwr][INFO] - 
[2024-08-13 15:12:43,656][flwr][INFO] - [ROUND 1]
[2024-08-13 15:12:43,657][flwr][INFO] - configure_fit: strategy sampled 10 clients (out of 100)
[2024-08-13 15:12:47,132][flwr][INFO] - aggregate_fit: received 10 results and 0 failures
[2024-08-13 15:12:47,135][flwr][WARNING] - No fit_metrics_aggregation_fn provided
[2024-08-13 15:12:49,221][flwr][INFO] - fit progress: (1, 0.9953004741522771, {'accuracy': 0.6976, 'precision': 0.7768330958060077, 'recall': 0.6976, 'f1': 0.6646817972854356, 'confusion_matrix': array([[ 959,    0,    2,    8,    0,    0,    5,    1,    5,    0],
       [   0, 1043,   47,   19,    0,    0,    4,    1,   19,    2],
       [ 112,   14,  704,  116,    4,    0,   18,   17,   34,   13],
       [  36,    3,   14,  897,    0,    0,    5,   10,   33,   12],
       [  66,    8,    4,    2,  353,    0,   22,    4,   42,  481],
       [ 319,   50,   15,  273,    2,    1,   18,   25,  133,   56],
       [ 186,   12,   16,    8,    4,    0,  722,    1,    9,    0],
       [  37,   32,   28,    4,    0,    0,    1,  801,   53,   72],
       [  76,   11,   13,  184,    1,    0,    9,    6,  646,   28],
       [  75,    9,    1,   18,    7,    0,    1,   19,   29,  850]],
      dtype=int64)}, 5.564078600000357)
[2024-08-13 15:12:49,222][flwr][INFO] - configure_evaluate: no clients selected, skipping evaluation
[2024-08-13 15:12:49,222][flwr][INFO] - 
[2024-08-13 15:12:49,222][flwr][INFO] - [ROUND 2]
[2024-08-13 15:12:49,223][flwr][INFO] - configure_fit: strategy sampled 10 clients (out of 100)
[2024-08-13 15:12:50,420][flwr][INFO] - aggregate_fit: received 10 results and 0 failures
[2024-08-13 15:12:52,503][flwr][INFO] - fit progress: (2, 0.7356828311567173, {'accuracy': 0.8145, 'precision': 0.8217285375582314, 'recall': 0.8145, 'f1': 0.8092127660502053, 'confusion_matrix': array([[ 906,    0,    4,    2,    0,    4,   49,    1,   14,    0],
       [   0, 1063,   51,    3,    1,    1,    5,    1,    9,    1],
       [  23,   16,  863,   28,   26,    0,   26,   20,   29,    1],
       [   7,   13,   40,  833,    0,   13,   12,   19,   61,   12],
       [   6,    9,    6,    0,  883,    0,   31,    1,    8,   38],
       [  34,   51,   23,  160,   33,  447,   48,   36,   38,   22],
       [  30,   11,   26,    0,   16,    9,  865,    1,    0,    0],
       [   7,   37,   45,    0,   17,    0,    3,  889,   10,   20],
       [  16,   17,   33,   71,   16,    9,   24,   14,  761,   13],
       [  26,   16,    5,    5,  221,    3,    4,   67,   27,  635]],
      dtype=int64)}, 8.846268199995393)
[2024-08-13 15:12:52,504][flwr][INFO] - configure_evaluate: no clients selected, skipping evaluation
[2024-08-13 15:12:52,504][flwr][INFO] - 
[2024-08-13 15:12:52,504][flwr][INFO] - [ROUND 3]
[2024-08-13 15:12:52,504][flwr][INFO] - configure_fit: strategy sampled 10 clients (out of 100)
[2024-08-13 15:12:53,681][flwr][INFO] - aggregate_fit: received 10 results and 0 failures
[2024-08-13 15:12:55,768][flwr][INFO] - fit progress: (3, 0.7167527085874384, {'accuracy': 0.8193, 'precision': 0.8326606118072452, 'recall': 0.8193, 'f1': 0.8199222843662017, 'confusion_matrix': array([[ 859,    0,    3,    3,    0,   75,   29,    1,    9,    1],
       [   0, 1073,   12,    7,    1,   12,    4,    0,   26,    0],
       [  16,   23,  746,   88,   14,    4,   30,   22,   70,   19],
       [   3,    8,   12,  841,    0,   58,    8,   13,   40,   27],
       [   6,    7,    1,    0,  660,    6,   25,    0,   15,  262],
       [   9,   46,    3,   77,    8,  666,   24,   15,   20,   24],
       [  18,   13,   15,    2,   13,   28,  865,    1,    3,    0],
       [   6,   39,   17,    3,   10,    0,    2,  808,   32,  111],
       [   3,   16,    4,   72,    3,   46,   14,    5,  762,   49],
       [  13,    9,    3,    9,   16,   20,    2,    9,   15,  913]],
      dtype=int64)}, 12.111344199991436)
[2024-08-13 15:12:55,769][flwr][INFO] - configure_evaluate: no clients selected, skipping evaluation
[2024-08-13 15:12:55,769][flwr][INFO] - 
[2024-08-13 15:12:55,769][flwr][INFO] - [ROUND 4]
[2024-08-13 15:12:55,770][flwr][INFO] - configure_fit: strategy sampled 10 clients (out of 100)
[2024-08-13 15:12:56,929][flwr][INFO] - aggregate_fit: received 10 results and 0 failures
[2024-08-13 15:12:59,022][flwr][INFO] - fit progress: (4, 0.6945075292818993, {'accuracy': 0.8166, 'precision': 0.8337302359371989, 'recall': 0.8166, 'f1': 0.8100142620924909, 'confusion_matrix': array([[ 922,    0,    5,    5,    3,    3,   32,    1,    9,    0],
       [   0, 1081,   36,    4,    1,    1,    5,    1,    6,    0],
       [  16,   16,  855,   36,   30,    0,   21,   31,   27,    0],
       [   5,   10,   27,  864,    4,   19,   11,   26,   37,    7],
       [   4,    8,    3,    0,  939,    2,   11,    3,    4,    8],
       [  28,   55,   13,  123,   46,  523,   41,   38,   16,    9],
       [  21,   11,   21,    1,   27,   11,  865,    1,    0,    0],
       [   5,   35,   41,    0,   23,    0,    1,  914,    4,    5],
       [  12,   31,   27,   81,   33,   12,   20,   22,  731,    5],
       [  24,   14,    5,    8,  349,    5,    1,  118,   13,  472]],
      dtype=int64)}, 15.365541899998789)
[2024-08-13 15:12:59,023][flwr][INFO] - configure_evaluate: no clients selected, skipping evaluation
[2024-08-13 15:12:59,023][flwr][INFO] - 
[2024-08-13 15:12:59,023][flwr][INFO] - [ROUND 5]
[2024-08-13 15:12:59,024][flwr][INFO] - configure_fit: strategy sampled 10 clients (out of 100)
[2024-08-13 15:13:00,237][flwr][INFO] - aggregate_fit: received 10 results and 0 failures
[2024-08-13 15:13:02,328][flwr][INFO] - fit progress: (5, 0.6751822331631254, {'accuracy': 0.8377, 'precision': 0.849146988420505, 'recall': 0.8377, 'f1': 0.8381473695381959, 'confusion_matrix': array([[ 914,    0,    2,    2,    0,   21,   28,    1,   10,    2],
       [   0, 1079,   26,    2,    1,    7,    5,    0,   13,    2],
       [  17,   19,  830,   38,   13,    0,   26,   26,   46,   17],
       [   5,    8,   18,  814,    1,   55,   10,   15,   34,   50],
       [   7,    7,    2,    0,  684,    0,   24,    1,    6,  251],
       [  20,   46,    7,   51,   11,  658,   35,   14,   17,   33],
       [  19,   10,   16,    1,   10,   19,  880,    1,    1,    1],
       [   7,   36,   34,    0,   11,    0,    2,  819,   15,  104],
       [   6,   20,   13,   33,    3,   36,   18,    5,  770,   70],
       [  17,    8,    5,    5,   15,   11,    3,    9,    7,  929]],
      dtype=int64)}, 18.67113299999619)
[2024-08-13 15:13:02,329][flwr][INFO] - configure_evaluate: no clients selected, skipping evaluation
[2024-08-13 15:13:02,329][flwr][INFO] - 
[2024-08-13 15:13:02,329][flwr][INFO] - [ROUND 6]
[2024-08-13 15:13:02,329][flwr][INFO] - configure_fit: strategy sampled 10 clients (out of 100)
[2024-08-13 15:13:03,651][flwr][INFO] - aggregate_fit: received 10 results and 0 failures
[2024-08-13 15:13:05,737][flwr][INFO] - fit progress: (6, 0.6706617765996377, {'accuracy': 0.83, 'precision': 0.8459449118751611, 'recall': 0.83, 'f1': 0.8241872051076545, 'confusion_matrix': array([[ 941,    0,    1,    3,    2,    9,   17,    1,    6,    0],
       [   0, 1084,   22,    9,    1,    3,    5,    1,   10,    0],
       [  19,   16,  820,   50,   33,    0,   20,   34,   40,    0],
       [   5,    6,   16,  882,    2,   29,    9,   23,   37,    1],
       [   3,    7,    2,    0,  944,    2,   11,    3,    5,    5],
       [  21,   44,    5,   96,   37,  610,   30,   25,   21,    3],
       [  20,   10,   18,    2,   29,   19,  858,    1,    1,    0],
       [   5,   31,   32,    2,   21,    0,    0,  924,   12,    1],
       [  15,   25,   16,   72,   29,   16,   16,   18,  765,    2],
       [  29,   12,    5,    8,  317,   12,    0,  134,   20,  472]],
      dtype=int64)}, 22.07963039999595)
[2024-08-13 15:13:05,738][flwr][INFO] - configure_evaluate: no clients selected, skipping evaluation
[2024-08-13 15:13:05,738][flwr][INFO] - 
[2024-08-13 15:13:05,738][flwr][INFO] - [ROUND 7]
[2024-08-13 15:13:05,738][flwr][INFO] - configure_fit: strategy sampled 10 clients (out of 100)
[2024-08-13 15:13:06,898][flwr][INFO] - aggregate_fit: received 10 results and 0 failures
[2024-08-13 15:13:08,969][flwr][INFO] - fit progress: (7, 0.6447685709708666, {'accuracy': 0.8576, 'precision': 0.8614551893081401, 'recall': 0.8576, 'f1': 0.857247268224198, 'confusion_matrix': array([[ 935,    0,    2,    1,    0,   13,   21,    1,    7,    0],
       [   0, 1083,   23,    3,    1,    5,    5,    0,   15,    0],
       [  14,   11,  848,   37,   12,    0,   24,   26,   47,   13],
       [   5,    7,   18,  838,    1,   40,   11,   16,   42,   32],
       [   5,    6,    3,    0,  764,    1,   22,    5,   10,  166],
       [  16,   41,    6,   56,   12,  663,   33,   14,   27,   24],
       [  18,   10,   17,    1,   11,   19,  878,    3,    1,    0],
       [   5,   33,   34,    1,   11,    0,    2,  861,   16,   65],
       [   7,   18,   15,   35,    6,   25,   17,    7,  799,   45],
       [  20,    9,    5,    6,   23,    9,    1,   17,   12,  907]],
      dtype=int64)}, 25.312626300001284)
[2024-08-13 15:13:08,970][flwr][INFO] - configure_evaluate: no clients selected, skipping evaluation
[2024-08-13 15:13:08,970][flwr][INFO] - 
[2024-08-13 15:13:08,970][flwr][INFO] - [ROUND 8]
[2024-08-13 15:13:08,970][flwr][INFO] - configure_fit: strategy sampled 10 clients (out of 100)
[2024-08-13 15:13:10,122][flwr][INFO] - aggregate_fit: received 10 results and 0 failures
[2024-08-13 15:13:12,380][flwr][INFO] - fit progress: (8, 0.6562832687640805, {'accuracy': 0.8368, 'precision': 0.8506374810212861, 'recall': 0.8368, 'f1': 0.8330734107519984, 'confusion_matrix': array([[ 928,    1,    2,    6,    3,   10,   24,    1,    5,    0],
       [   0, 1086,   17,   11,    1,    2,    5,    1,   12,    0],
       [  13,   19,  786,   77,   34,    0,   23,   33,   46,    1],
       [   3,    5,    9,  898,    1,   30,    9,   24,   29,    2],
       [   1,    5,    2,    0,  946,    2,   13,    2,    4,    7],
       [   8,   41,    2,   98,   39,  626,   36,   18,   21,    3],
       [  12,    7,   15,    3,   25,   17,  875,    3,    1,    0],
       [   2,   34,   28,    5,   22,    0,    1,  924,   10,    2],
       [   7,   33,    8,   87,   29,   23,   18,   19,  747,    3],
       [  20,   12,    3,   11,  259,   15,    2,  120,   15,  552]],
      dtype=int64)}, 28.723806399997557)
[2024-08-13 15:13:12,381][flwr][INFO] - configure_evaluate: no clients selected, skipping evaluation
[2024-08-13 15:13:12,381][flwr][INFO] - 
[2024-08-13 15:13:12,381][flwr][INFO] - [ROUND 9]
[2024-08-13 15:13:12,382][flwr][INFO] - configure_fit: strategy sampled 10 clients (out of 100)
[2024-08-13 15:13:13,609][flwr][INFO] - aggregate_fit: received 10 results and 0 failures
[2024-08-13 15:13:15,705][flwr][INFO] - fit progress: (9, 0.6306521827685481, {'accuracy': 0.8609, 'precision': 0.864671929429286, 'recall': 0.8609, 'f1': 0.8607133134792977, 'confusion_matrix': array([[ 937,    1,    3,    1,    1,   12,   18,    1,    6,    0],
       [   0, 1088,   23,    3,    1,    5,    5,    0,   10,    0],
       [  11,   15,  863,   27,   12,    1,   25,   26,   42,   10],
       [   5,    8,   20,  826,    1,   54,   11,   15,   32,   38],
       [   3,    6,    4,    0,  795,    1,   17,    3,    7,  146],
       [  15,   42,    5,   35,   13,  695,   26,   15,   20,   26],
       [  14,   10,   21,    1,   13,   19,  874,    4,    1,    1],
       [   6,   35,   36,    1,   15,    0,    1,  852,   12,   70],
       [   8,   32,   19,   26,    9,   35,   16,    7,  767,   55],
       [  18,    9,    6,    5,   26,    9,    1,   15,    8,  912]],
      dtype=int64)}, 32.0475895999989)
[2024-08-13 15:13:15,705][flwr][INFO] - configure_evaluate: no clients selected, skipping evaluation
[2024-08-13 15:13:15,705][flwr][INFO] - 
[2024-08-13 15:13:15,706][flwr][INFO] - [ROUND 10]
[2024-08-13 15:13:15,706][flwr][INFO] - configure_fit: strategy sampled 10 clients (out of 100)
[2024-08-13 15:13:17,018][flwr][INFO] - aggregate_fit: received 10 results and 0 failures
[2024-08-13 15:13:19,109][flwr][INFO] - fit progress: (10, 0.6575455225497334, {'accuracy': 0.831, 'precision': 0.8516694433012539, 'recall': 0.831, 'f1': 0.8236537292488741, 'confusion_matrix': array([[ 929,    1,    3,    1,    3,    8,   23,    3,    9,    0],
       [   0, 1081,    7,    8,    1,    2,    5,    1,   30,    0],
       [  10,   19,  793,   59,   36,    0,   20,   40,   55,    0],
       [   5,    6,    9,  877,    3,   31,    9,   25,   44,    1],
       [   1,    5,    2,    0,  949,    2,   12,    4,    5,    2],
       [   7,   38,    1,   71,   37,  640,   35,   24,   37,    2],
       [  12,    8,   12,    1,   25,   14,  880,    5,    1,    0],
       [   2,   29,   24,    4,   23,    0,    0,  930,   15,    1],
       [   4,   19,    5,   42,   25,   21,   16,   15,  826,    1],
       [  18,   10,    4,    6,  353,   11,    2,  151,   49,  405]],
      dtype=int64)}, 35.45143770000141)
[2024-08-13 15:13:19,110][flwr][INFO] - configure_evaluate: no clients selected, skipping evaluation
[2024-08-13 15:13:19,110][flwr][INFO] - 
[2024-08-13 15:13:19,110][flwr][INFO] - [SUMMARY]
[2024-08-13 15:13:19,110][flwr][INFO] - Run finished 10 round(s) in 35.45s
[2024-08-13 15:13:19,118][flwr][INFO] - 	History (loss, centralized):
[2024-08-13 15:13:19,118][flwr][INFO] - 		round 0: 2.3025850929940455
[2024-08-13 15:13:19,118][flwr][INFO] - 		round 1: 0.9953004741522771
[2024-08-13 15:13:19,118][flwr][INFO] - 		round 2: 0.7356828311567173
[2024-08-13 15:13:19,118][flwr][INFO] - 		round 3: 0.7167527085874384
[2024-08-13 15:13:19,118][flwr][INFO] - 		round 4: 0.6945075292818993
[2024-08-13 15:13:19,118][flwr][INFO] - 		round 5: 0.6751822331631254
[2024-08-13 15:13:19,118][flwr][INFO] - 		round 6: 0.6706617765996377
[2024-08-13 15:13:19,118][flwr][INFO] - 		round 7: 0.6447685709708666
[2024-08-13 15:13:19,119][flwr][INFO] - 		round 8: 0.6562832687640805
[2024-08-13 15:13:19,119][flwr][INFO] - 		round 9: 0.6306521827685481
[2024-08-13 15:13:19,119][flwr][INFO] - 		round 10: 0.6575455225497334
[2024-08-13 15:13:19,119][flwr][INFO] - 	History (metrics, centralized):
[2024-08-13 15:13:19,119][flwr][INFO] - 	{'accuracy': [(0, 0.098),
[2024-08-13 15:13:19,119][flwr][INFO] - 	              (1, 0.6976),
[2024-08-13 15:13:19,119][flwr][INFO] - 	              (2, 0.8145),
[2024-08-13 15:13:19,119][flwr][INFO] - 	              (3, 0.8193),
[2024-08-13 15:13:19,119][flwr][INFO] - 	              (4, 0.8166),
[2024-08-13 15:13:19,119][flwr][INFO] - 	              (5, 0.8377),
[2024-08-13 15:13:19,119][flwr][INFO] - 	              (6, 0.83),
[2024-08-13 15:13:19,119][flwr][INFO] - 	              (7, 0.8576),
[2024-08-13 15:13:19,119][flwr][INFO] - 	              (8, 0.8368),
[2024-08-13 15:13:19,119][flwr][INFO] - 	              (9, 0.8609),
[2024-08-13 15:13:19,119][flwr][INFO] - 	              (10, 0.831)],
[2024-08-13 15:13:19,119][flwr][INFO] - 	 'confusion_matrix': [(0,
[2024-08-13 15:13:19,120][flwr][INFO] - 	                       array([[ 980,    0,    0,    0,    0,    0,    0,    0,    0,    0],
[2024-08-13 15:13:19,120][flwr][INFO] - 	       [1135,    0,    0,    0,    0,    0,    0,    0,    0,    0],
[2024-08-13 15:13:19,120][flwr][INFO] - 	       [1032,    0,    0,    0,    0,    0,    0,    0,    0,    0],
[2024-08-13 15:13:19,120][flwr][INFO] - 	       [1010,    0,    0,    0,    0,    0,    0,    0,    0,    0],
[2024-08-13 15:13:19,120][flwr][INFO] - 	       [ 982,    0,    0,    0,    0,    0,    0,    0,    0,    0],
[2024-08-13 15:13:19,120][flwr][INFO] - 	       [ 892,    0,    0,    0,    0,    0,    0,    0,    0,    0],
[2024-08-13 15:13:19,120][flwr][INFO] - 	       [ 958,    0,    0,    0,    0,    0,    0,    0,    0,    0],
[2024-08-13 15:13:19,120][flwr][INFO] - 	       [1028,    0,    0,    0,    0,    0,    0,    0,    0,    0],
[2024-08-13 15:13:19,120][flwr][INFO] - 	       [ 974,    0,    0,    0,    0,    0,    0,    0,    0,    0],
[2024-08-13 15:13:19,120][flwr][INFO] - 	       [1009,    0,    0,    0,    0,    0,    0,    0,    0,    0]],
[2024-08-13 15:13:19,120][flwr][INFO] - 	      dtype=int64)),
[2024-08-13 15:13:19,120][flwr][INFO] - 	                      (1,
[2024-08-13 15:13:19,120][flwr][INFO] - 	                       array([[ 959,    0,    2,    8,    0,    0,    5,    1,    5,    0],
[2024-08-13 15:13:19,120][flwr][INFO] - 	       [   0, 1043,   47,   19,    0,    0,    4,    1,   19,    2],
[2024-08-13 15:13:19,120][flwr][INFO] - 	       [ 112,   14,  704,  116,    4,    0,   18,   17,   34,   13],
[2024-08-13 15:13:19,120][flwr][INFO] - 	       [  36,    3,   14,  897,    0,    0,    5,   10,   33,   12],
[2024-08-13 15:13:19,120][flwr][INFO] - 	       [  66,    8,    4,    2,  353,    0,   22,    4,   42,  481],
[2024-08-13 15:13:19,121][flwr][INFO] - 	       [ 319,   50,   15,  273,    2,    1,   18,   25,  133,   56],
[2024-08-13 15:13:19,121][flwr][INFO] - 	       [ 186,   12,   16,    8,    4,    0,  722,    1,    9,    0],
[2024-08-13 15:13:19,121][flwr][INFO] - 	       [  37,   32,   28,    4,    0,    0,    1,  801,   53,   72],
[2024-08-13 15:13:19,121][flwr][INFO] - 	       [  76,   11,   13,  184,    1,    0,    9,    6,  646,   28],
[2024-08-13 15:13:19,121][flwr][INFO] - 	       [  75,    9,    1,   18,    7,    0,    1,   19,   29,  850]],
[2024-08-13 15:13:19,121][flwr][INFO] - 	      dtype=int64)),
[2024-08-13 15:13:19,121][flwr][INFO] - 	                      (2,
[2024-08-13 15:13:19,121][flwr][INFO] - 	                       array([[ 906,    0,    4,    2,    0,    4,   49,    1,   14,    0],
[2024-08-13 15:13:19,121][flwr][INFO] - 	       [   0, 1063,   51,    3,    1,    1,    5,    1,    9,    1],
[2024-08-13 15:13:19,121][flwr][INFO] - 	       [  23,   16,  863,   28,   26,    0,   26,   20,   29,    1],
[2024-08-13 15:13:19,121][flwr][INFO] - 	       [   7,   13,   40,  833,    0,   13,   12,   19,   61,   12],
[2024-08-13 15:13:19,121][flwr][INFO] - 	       [   6,    9,    6,    0,  883,    0,   31,    1,    8,   38],
[2024-08-13 15:13:19,121][flwr][INFO] - 	       [  34,   51,   23,  160,   33,  447,   48,   36,   38,   22],
[2024-08-13 15:13:19,121][flwr][INFO] - 	       [  30,   11,   26,    0,   16,    9,  865,    1,    0,    0],
[2024-08-13 15:13:19,122][flwr][INFO] - 	       [   7,   37,   45,    0,   17,    0,    3,  889,   10,   20],
[2024-08-13 15:13:19,122][flwr][INFO] - 	       [  16,   17,   33,   71,   16,    9,   24,   14,  761,   13],
[2024-08-13 15:13:19,122][flwr][INFO] - 	       [  26,   16,    5,    5,  221,    3,    4,   67,   27,  635]],
[2024-08-13 15:13:19,122][flwr][INFO] - 	      dtype=int64)),
[2024-08-13 15:13:19,122][flwr][INFO] - 	                      (3,
[2024-08-13 15:13:19,122][flwr][INFO] - 	                       array([[ 859,    0,    3,    3,    0,   75,   29,    1,    9,    1],
[2024-08-13 15:13:19,122][flwr][INFO] - 	       [   0, 1073,   12,    7,    1,   12,    4,    0,   26,    0],
[2024-08-13 15:13:19,122][flwr][INFO] - 	       [  16,   23,  746,   88,   14,    4,   30,   22,   70,   19],
[2024-08-13 15:13:19,122][flwr][INFO] - 	       [   3,    8,   12,  841,    0,   58,    8,   13,   40,   27],
[2024-08-13 15:13:19,122][flwr][INFO] - 	       [   6,    7,    1,    0,  660,    6,   25,    0,   15,  262],
[2024-08-13 15:13:19,122][flwr][INFO] - 	       [   9,   46,    3,   77,    8,  666,   24,   15,   20,   24],
[2024-08-13 15:13:19,122][flwr][INFO] - 	       [  18,   13,   15,    2,   13,   28,  865,    1,    3,    0],
[2024-08-13 15:13:19,122][flwr][INFO] - 	       [   6,   39,   17,    3,   10,    0,    2,  808,   32,  111],
[2024-08-13 15:13:19,122][flwr][INFO] - 	       [   3,   16,    4,   72,    3,   46,   14,    5,  762,   49],
[2024-08-13 15:13:19,122][flwr][INFO] - 	       [  13,    9,    3,    9,   16,   20,    2,    9,   15,  913]],
[2024-08-13 15:13:19,122][flwr][INFO] - 	      dtype=int64)),
[2024-08-13 15:13:19,122][flwr][INFO] - 	                      (4,
[2024-08-13 15:13:19,123][flwr][INFO] - 	                       array([[ 922,    0,    5,    5,    3,    3,   32,    1,    9,    0],
[2024-08-13 15:13:19,123][flwr][INFO] - 	       [   0, 1081,   36,    4,    1,    1,    5,    1,    6,    0],
[2024-08-13 15:13:19,123][flwr][INFO] - 	       [  16,   16,  855,   36,   30,    0,   21,   31,   27,    0],
[2024-08-13 15:13:19,123][flwr][INFO] - 	       [   5,   10,   27,  864,    4,   19,   11,   26,   37,    7],
[2024-08-13 15:13:19,123][flwr][INFO] - 	       [   4,    8,    3,    0,  939,    2,   11,    3,    4,    8],
[2024-08-13 15:13:19,123][flwr][INFO] - 	       [  28,   55,   13,  123,   46,  523,   41,   38,   16,    9],
[2024-08-13 15:13:19,123][flwr][INFO] - 	       [  21,   11,   21,    1,   27,   11,  865,    1,    0,    0],
[2024-08-13 15:13:19,123][flwr][INFO] - 	       [   5,   35,   41,    0,   23,    0,    1,  914,    4,    5],
[2024-08-13 15:13:19,123][flwr][INFO] - 	       [  12,   31,   27,   81,   33,   12,   20,   22,  731,    5],
[2024-08-13 15:13:19,123][flwr][INFO] - 	       [  24,   14,    5,    8,  349,    5,    1,  118,   13,  472]],
[2024-08-13 15:13:19,123][flwr][INFO] - 	      dtype=int64)),
[2024-08-13 15:13:19,123][flwr][INFO] - 	                      (5,
[2024-08-13 15:13:19,123][flwr][INFO] - 	                       array([[ 914,    0,    2,    2,    0,   21,   28,    1,   10,    2],
[2024-08-13 15:13:19,123][flwr][INFO] - 	       [   0, 1079,   26,    2,    1,    7,    5,    0,   13,    2],
[2024-08-13 15:13:19,123][flwr][INFO] - 	       [  17,   19,  830,   38,   13,    0,   26,   26,   46,   17],
[2024-08-13 15:13:19,123][flwr][INFO] - 	       [   5,    8,   18,  814,    1,   55,   10,   15,   34,   50],
[2024-08-13 15:13:19,123][flwr][INFO] - 	       [   7,    7,    2,    0,  684,    0,   24,    1,    6,  251],
[2024-08-13 15:13:19,124][flwr][INFO] - 	       [  20,   46,    7,   51,   11,  658,   35,   14,   17,   33],
[2024-08-13 15:13:19,124][flwr][INFO] - 	       [  19,   10,   16,    1,   10,   19,  880,    1,    1,    1],
[2024-08-13 15:13:19,124][flwr][INFO] - 	       [   7,   36,   34,    0,   11,    0,    2,  819,   15,  104],
[2024-08-13 15:13:19,124][flwr][INFO] - 	       [   6,   20,   13,   33,    3,   36,   18,    5,  770,   70],
[2024-08-13 15:13:19,124][flwr][INFO] - 	       [  17,    8,    5,    5,   15,   11,    3,    9,    7,  929]],
[2024-08-13 15:13:19,124][flwr][INFO] - 	      dtype=int64)),
[2024-08-13 15:13:19,124][flwr][INFO] - 	                      (6,
[2024-08-13 15:13:19,124][flwr][INFO] - 	                       array([[ 941,    0,    1,    3,    2,    9,   17,    1,    6,    0],
[2024-08-13 15:13:19,124][flwr][INFO] - 	       [   0, 1084,   22,    9,    1,    3,    5,    1,   10,    0],
[2024-08-13 15:13:19,124][flwr][INFO] - 	       [  19,   16,  820,   50,   33,    0,   20,   34,   40,    0],
[2024-08-13 15:13:19,124][flwr][INFO] - 	       [   5,    6,   16,  882,    2,   29,    9,   23,   37,    1],
[2024-08-13 15:13:19,124][flwr][INFO] - 	       [   3,    7,    2,    0,  944,    2,   11,    3,    5,    5],
[2024-08-13 15:13:19,124][flwr][INFO] - 	       [  21,   44,    5,   96,   37,  610,   30,   25,   21,    3],
[2024-08-13 15:13:19,124][flwr][INFO] - 	       [  20,   10,   18,    2,   29,   19,  858,    1,    1,    0],
[2024-08-13 15:13:19,124][flwr][INFO] - 	       [   5,   31,   32,    2,   21,    0,    0,  924,   12,    1],
[2024-08-13 15:13:19,124][flwr][INFO] - 	       [  15,   25,   16,   72,   29,   16,   16,   18,  765,    2],
[2024-08-13 15:13:19,124][flwr][INFO] - 	       [  29,   12,    5,    8,  317,   12,    0,  134,   20,  472]],
[2024-08-13 15:13:19,125][flwr][INFO] - 	      dtype=int64)),
[2024-08-13 15:13:19,125][flwr][INFO] - 	                      (7,
[2024-08-13 15:13:19,125][flwr][INFO] - 	                       array([[ 935,    0,    2,    1,    0,   13,   21,    1,    7,    0],
[2024-08-13 15:13:19,125][flwr][INFO] - 	       [   0, 1083,   23,    3,    1,    5,    5,    0,   15,    0],
[2024-08-13 15:13:19,125][flwr][INFO] - 	       [  14,   11,  848,   37,   12,    0,   24,   26,   47,   13],
[2024-08-13 15:13:19,125][flwr][INFO] - 	       [   5,    7,   18,  838,    1,   40,   11,   16,   42,   32],
[2024-08-13 15:13:19,125][flwr][INFO] - 	       [   5,    6,    3,    0,  764,    1,   22,    5,   10,  166],
[2024-08-13 15:13:19,125][flwr][INFO] - 	       [  16,   41,    6,   56,   12,  663,   33,   14,   27,   24],
[2024-08-13 15:13:19,125][flwr][INFO] - 	       [  18,   10,   17,    1,   11,   19,  878,    3,    1,    0],
[2024-08-13 15:13:19,125][flwr][INFO] - 	       [   5,   33,   34,    1,   11,    0,    2,  861,   16,   65],
[2024-08-13 15:13:19,125][flwr][INFO] - 	       [   7,   18,   15,   35,    6,   25,   17,    7,  799,   45],
[2024-08-13 15:13:19,125][flwr][INFO] - 	       [  20,    9,    5,    6,   23,    9,    1,   17,   12,  907]],
[2024-08-13 15:13:19,125][flwr][INFO] - 	      dtype=int64)),
[2024-08-13 15:13:19,125][flwr][INFO] - 	                      (8,
[2024-08-13 15:13:19,125][flwr][INFO] - 	                       array([[ 928,    1,    2,    6,    3,   10,   24,    1,    5,    0],
[2024-08-13 15:13:19,125][flwr][INFO] - 	       [   0, 1086,   17,   11,    1,    2,    5,    1,   12,    0],
[2024-08-13 15:13:19,125][flwr][INFO] - 	       [  13,   19,  786,   77,   34,    0,   23,   33,   46,    1],
[2024-08-13 15:13:19,126][flwr][INFO] - 	       [   3,    5,    9,  898,    1,   30,    9,   24,   29,    2],
[2024-08-13 15:13:19,126][flwr][INFO] - 	       [   1,    5,    2,    0,  946,    2,   13,    2,    4,    7],
[2024-08-13 15:13:19,126][flwr][INFO] - 	       [   8,   41,    2,   98,   39,  626,   36,   18,   21,    3],
[2024-08-13 15:13:19,126][flwr][INFO] - 	       [  12,    7,   15,    3,   25,   17,  875,    3,    1,    0],
[2024-08-13 15:13:19,126][flwr][INFO] - 	       [   2,   34,   28,    5,   22,    0,    1,  924,   10,    2],
[2024-08-13 15:13:19,126][flwr][INFO] - 	       [   7,   33,    8,   87,   29,   23,   18,   19,  747,    3],
[2024-08-13 15:13:19,126][flwr][INFO] - 	       [  20,   12,    3,   11,  259,   15,    2,  120,   15,  552]],
[2024-08-13 15:13:19,126][flwr][INFO] - 	      dtype=int64)),
[2024-08-13 15:13:19,126][flwr][INFO] - 	                      (9,
[2024-08-13 15:13:19,126][flwr][INFO] - 	                       array([[ 937,    1,    3,    1,    1,   12,   18,    1,    6,    0],
[2024-08-13 15:13:19,126][flwr][INFO] - 	       [   0, 1088,   23,    3,    1,    5,    5,    0,   10,    0],
[2024-08-13 15:13:19,126][flwr][INFO] - 	       [  11,   15,  863,   27,   12,    1,   25,   26,   42,   10],
[2024-08-13 15:13:19,126][flwr][INFO] - 	       [   5,    8,   20,  826,    1,   54,   11,   15,   32,   38],
[2024-08-13 15:13:19,126][flwr][INFO] - 	       [   3,    6,    4,    0,  795,    1,   17,    3,    7,  146],
[2024-08-13 15:13:19,126][flwr][INFO] - 	       [  15,   42,    5,   35,   13,  695,   26,   15,   20,   26],
[2024-08-13 15:13:19,126][flwr][INFO] - 	       [  14,   10,   21,    1,   13,   19,  874,    4,    1,    1],
[2024-08-13 15:13:19,126][flwr][INFO] - 	       [   6,   35,   36,    1,   15,    0,    1,  852,   12,   70],
[2024-08-13 15:13:19,127][flwr][INFO] - 	       [   8,   32,   19,   26,    9,   35,   16,    7,  767,   55],
[2024-08-13 15:13:19,127][flwr][INFO] - 	       [  18,    9,    6,    5,   26,    9,    1,   15,    8,  912]],
[2024-08-13 15:13:19,127][flwr][INFO] - 	      dtype=int64)),
[2024-08-13 15:13:19,127][flwr][INFO] - 	                      (10,
[2024-08-13 15:13:19,127][flwr][INFO] - 	                       array([[ 929,    1,    3,    1,    3,    8,   23,    3,    9,    0],
[2024-08-13 15:13:19,127][flwr][INFO] - 	       [   0, 1081,    7,    8,    1,    2,    5,    1,   30,    0],
[2024-08-13 15:13:19,127][flwr][INFO] - 	       [  10,   19,  793,   59,   36,    0,   20,   40,   55,    0],
[2024-08-13 15:13:19,127][flwr][INFO] - 	       [   5,    6,    9,  877,    3,   31,    9,   25,   44,    1],
[2024-08-13 15:13:19,127][flwr][INFO] - 	       [   1,    5,    2,    0,  949,    2,   12,    4,    5,    2],
[2024-08-13 15:13:19,127][flwr][INFO] - 	       [   7,   38,    1,   71,   37,  640,   35,   24,   37,    2],
[2024-08-13 15:13:19,127][flwr][INFO] - 	       [  12,    8,   12,    1,   25,   14,  880,    5,    1,    0],
[2024-08-13 15:13:19,127][flwr][INFO] - 	       [   2,   29,   24,    4,   23,    0,    0,  930,   15,    1],
[2024-08-13 15:13:19,127][flwr][INFO] - 	       [   4,   19,    5,   42,   25,   21,   16,   15,  826,    1],
[2024-08-13 15:13:19,127][flwr][INFO] - 	       [  18,   10,    4,    6,  353,   11,    2,  151,   49,  405]],
[2024-08-13 15:13:19,127][flwr][INFO] - 	      dtype=int64))],
[2024-08-13 15:13:19,127][flwr][INFO] - 	 'f1': [(0, 0.017493624772313296),
[2024-08-13 15:13:19,127][flwr][INFO] - 	        (1, 0.6646817972854356),
[2024-08-13 15:13:19,128][flwr][INFO] - 	        (2, 0.8092127660502053),
[2024-08-13 15:13:19,128][flwr][INFO] - 	        (3, 0.8199222843662017),
[2024-08-13 15:13:19,128][flwr][INFO] - 	        (4, 0.8100142620924909),
[2024-08-13 15:13:19,128][flwr][INFO] - 	        (5, 0.8381473695381959),
[2024-08-13 15:13:19,128][flwr][INFO] - 	        (6, 0.8241872051076545),
[2024-08-13 15:13:19,128][flwr][INFO] - 	        (7, 0.857247268224198),
[2024-08-13 15:13:19,128][flwr][INFO] - 	        (8, 0.8330734107519984),
[2024-08-13 15:13:19,128][flwr][INFO] - 	        (9, 0.8607133134792977),
[2024-08-13 15:13:19,128][flwr][INFO] - 	        (10, 0.8236537292488741)],
[2024-08-13 15:13:19,128][flwr][INFO] - 	 'precision': [(0, 0.009604000000000001),
[2024-08-13 15:13:19,128][flwr][INFO] - 	               (1, 0.7768330958060077),
[2024-08-13 15:13:19,128][flwr][INFO] - 	               (2, 0.8217285375582314),
[2024-08-13 15:13:19,128][flwr][INFO] - 	               (3, 0.8326606118072452),
[2024-08-13 15:13:19,128][flwr][INFO] - 	               (4, 0.8337302359371989),
[2024-08-13 15:13:19,128][flwr][INFO] - 	               (5, 0.849146988420505),
[2024-08-13 15:13:19,128][flwr][INFO] - 	               (6, 0.8459449118751611),
[2024-08-13 15:13:19,128][flwr][INFO] - 	               (7, 0.8614551893081401),
[2024-08-13 15:13:19,129][flwr][INFO] - 	               (8, 0.8506374810212861),
[2024-08-13 15:13:19,129][flwr][INFO] - 	               (9, 0.864671929429286),
[2024-08-13 15:13:19,129][flwr][INFO] - 	               (10, 0.8516694433012539)],
[2024-08-13 15:13:19,129][flwr][INFO] - 	 'recall': [(0, 0.098),
[2024-08-13 15:13:19,129][flwr][INFO] - 	            (1, 0.6976),
[2024-08-13 15:13:19,129][flwr][INFO] - 	            (2, 0.8145),
[2024-08-13 15:13:19,129][flwr][INFO] - 	            (3, 0.8193),
[2024-08-13 15:13:19,129][flwr][INFO] - 	            (4, 0.8166),
[2024-08-13 15:13:19,129][flwr][INFO] - 	            (5, 0.8377),
[2024-08-13 15:13:19,129][flwr][INFO] - 	            (6, 0.83),
[2024-08-13 15:13:19,129][flwr][INFO] - 	            (7, 0.8576),
[2024-08-13 15:13:19,129][flwr][INFO] - 	            (8, 0.8368),
[2024-08-13 15:13:19,129][flwr][INFO] - 	            (9, 0.8609),
[2024-08-13 15:13:19,129][flwr][INFO] - 	            (10, 0.831)]}
[2024-08-13 15:13:19,129][flwr][INFO] - 
