[2024-08-13 12:51:51,047][flwr][INFO] - Starting Flower simulation, config: num_rounds=10, no round_timeout
[2024-08-13 12:51:55,129][flwr][INFO] - Flower VCE: Ray initialized with resources: {'node:127.0.0.1': 1.0, 'memory': 5078851584.0, 'object_store_memory': 2539425792.0, 'node:__internal_head__': 1.0, 'GPU': 1.0, 'CPU': 16.0, 'accelerator_type:G': 1.0}
[2024-08-13 12:51:55,129][flwr][INFO] - Optimize your simulation with Flower VCE: https://flower.ai/docs/framework/how-to-run-simulations.html
[2024-08-13 12:51:55,129][flwr][INFO] - Flower VCE: Resources for each Virtual Client: {'num_cpus': 2, 'num_gpus': 0.5}
[2024-08-13 12:51:55,140][flwr][INFO] - Flower VCE: Creating VirtualClientEngineActorPool with 2 actors
[2024-08-13 12:51:55,140][flwr][INFO] - [INIT]
[2024-08-13 12:51:55,140][flwr][INFO] - Requesting initial parameters from one random client
[2024-08-13 12:52:02,436][flwr][INFO] - Received initial parameters from one random client
[2024-08-13 12:52:02,436][flwr][INFO] - Evaluating initial global parameters
[2024-08-13 12:52:04,695][flwr][INFO] - initial parameters (loss, other metrics): 2.3025850929940455, {'accuracy': 0.098, 'precision': 0.009604000000000001, 'recall': 0.098, 'f1': 0.017493624772313296, 'confusion_matrix': array([[ 980,    0,    0,    0,    0,    0,    0,    0,    0,    0],
       [1135,    0,    0,    0,    0,    0,    0,    0,    0,    0],
       [1032,    0,    0,    0,    0,    0,    0,    0,    0,    0],
       [1010,    0,    0,    0,    0,    0,    0,    0,    0,    0],
       [ 982,    0,    0,    0,    0,    0,    0,    0,    0,    0],
       [ 892,    0,    0,    0,    0,    0,    0,    0,    0,    0],
       [ 958,    0,    0,    0,    0,    0,    0,    0,    0,    0],
       [1028,    0,    0,    0,    0,    0,    0,    0,    0,    0],
       [ 974,    0,    0,    0,    0,    0,    0,    0,    0,    0],
       [1009,    0,    0,    0,    0,    0,    0,    0,    0,    0]],
      dtype=int64)}
[2024-08-13 12:52:04,696][flwr][INFO] - 
[2024-08-13 12:52:04,696][flwr][INFO] - [ROUND 1]
[2024-08-13 12:52:04,697][flwr][INFO] - configure_fit: strategy sampled 10 clients (out of 10)
[2024-08-13 12:52:13,123][flwr][INFO] - aggregate_fit: received 10 results and 0 failures
[2024-08-13 12:52:13,126][flwr][WARNING] - No fit_metrics_aggregation_fn provided
[2024-08-13 12:52:15,266][flwr][INFO] - fit progress: (1, 1.8897391760059352, {'accuracy': 0.3078, 'precision': 0.2756883508964214, 'recall': 0.3078, 'f1': 0.24623060868108076, 'confusion_matrix': array([[ 893,   50,    2,   13,    0,    0,    4,    7,    0,   11],
       [   0,    1, 1090,    4,    0,    0,    0,    2,    1,   37],
       [  45,    5,  185,  682,    0,    1,    7,   28,   16,   63],
       [  12,    6,   13,  712,  101,    0,    2,   10,   17,  137],
       [ 138,    0,   10,    0,  120,   10,    2,   42,    2,  658],
       [ 188,   46,   52,  145,   68,    1,   16,   18,   41,  317],
       [ 109,    8,   45,   15,    2,    0,  306,  438,    0,   35],
       [  83,    0,   46,    6,    4,    0,    0,   32,  789,   68],
       [  32,    2,   31,  130,    6,    0,    1,    4,   14,  754],
       [ 138,    0,    3,    5,   20,    0,    0,    6,   23,  814]],
      dtype=int64)}, 10.569604100004653)
[2024-08-13 12:52:15,266][flwr][INFO] - configure_evaluate: no clients selected, skipping evaluation
[2024-08-13 12:52:15,267][flwr][INFO] - 
[2024-08-13 12:52:15,267][flwr][INFO] - [ROUND 2]
[2024-08-13 12:52:15,267][flwr][INFO] - configure_fit: strategy sampled 10 clients (out of 10)
[2024-08-13 12:52:21,788][flwr][INFO] - aggregate_fit: received 10 results and 0 failures
[2024-08-13 12:52:23,879][flwr][INFO] - fit progress: (2, 1.6237118281004563, {'accuracy': 0.282, 'precision': 0.3675485514405229, 'recall': 0.282, 'f1': 0.2723795210121193, 'confusion_matrix': array([[226, 636,   2,   0,  10,   0,  66,  30,  10,   0],
       [  0, 126, 976,   3,  11,   2,   7,   5,   5,   0],
       [  6,  65, 336, 441,  20,   7,  25,  86,  46,   0],
       [  0,  72,  10, 292, 542,   0,  19,  16,  59,   0],
       [ 10,   3,   7,   0, 301, 480,  11, 138,  31,   1],
       [ 15, 198,  32,  16, 226, 169, 120,  33,  83,   0],
       [  4,  40,  16,   3,   5,   0, 576, 314,   0,   0],
       [ 25,   5,  48,   1,  16,   3,   0, 276, 654,   0],
       [  3,  84,  28,  33, 256,   9,  42,  12, 504,   3],
       [ 69,   5,   3,   1, 254, 158,   1, 180, 324,  14]], dtype=int64)}, 19.182717000003322)
[2024-08-13 12:52:23,880][flwr][INFO] - configure_evaluate: no clients selected, skipping evaluation
[2024-08-13 12:52:23,880][flwr][INFO] - 
[2024-08-13 12:52:23,880][flwr][INFO] - [ROUND 3]
[2024-08-13 12:52:23,881][flwr][INFO] - configure_fit: strategy sampled 10 clients (out of 10)
[2024-08-13 12:52:30,210][flwr][INFO] - aggregate_fit: received 10 results and 0 failures
[2024-08-13 12:52:32,304][flwr][INFO] - fit progress: (3, 1.4146868885214794, {'accuracy': 0.4528, 'precision': 0.43007631825540454, 'recall': 0.4528, 'f1': 0.42316848691689246, 'confusion_matrix': array([[810, 103,   2,   2,   0,   1,  44,  12,   1,   5],
       [  0, 339, 761,   3,   1,   1,   7,   3,   0,  20],
       [ 32,  15, 348, 505,   4,   8,  21,  52,  18,  29],
       [ 11,  23,  10, 701, 100,   3,  33,  16,  14,  99],
       [ 30,   3,   7,   0, 121, 605,   9,  83,   2, 122],
       [ 95,  95,  32,  84,  47, 239, 164,  29,  24,  83],
       [ 21,  12,  20,   4,   3,   0, 693, 204,   0,   1],
       [ 72,   3,  48,   4,   7,   6,   2, 534, 304,  48],
       [ 33,  29,  29, 126,  14,  10,  32,  11,  25, 665],
       [146,   2,   2,   6,  35,  44,   1,  47,   8, 718]], dtype=int64)}, 27.608377700002166)
[2024-08-13 12:52:32,305][flwr][INFO] - configure_evaluate: no clients selected, skipping evaluation
[2024-08-13 12:52:32,305][flwr][INFO] - 
[2024-08-13 12:52:32,305][flwr][INFO] - [ROUND 4]
[2024-08-13 12:52:32,306][flwr][INFO] - configure_fit: strategy sampled 10 clients (out of 10)
[2024-08-13 12:52:38,776][flwr][INFO] - aggregate_fit: received 10 results and 0 failures
[2024-08-13 12:52:40,872][flwr][INFO] - fit progress: (4, 1.2470892936722289, {'accuracy': 0.5563, 'precision': 0.6568194677106717, 'recall': 0.5563, 'f1': 0.53852052918833, 'confusion_matrix': array([[479, 354,   1,   1,  12,   7,  79,  22,  25,   0],
       [  0, 860, 234,   3,   5,   2,   4,   2,  25,   0],
       [  1,  41, 731,  66,  50,   2,  20,  42,  79,   0],
       [  0,  50,  19, 386, 386,   1,  20,  14, 134,   0],
       [  4,   4,   2,   0, 737, 101,  13,  79,  41,   1],
       [  9, 127,  18,  19, 142, 314, 108,  23, 132,   0],
       [  3,  29,  30,   0,  15,   1, 722, 156,   2,   0],
       [ 12,  20,  30,   0,  31,   0,   1, 518, 416,   0],
       [  1,  42,  19,  13, 128,  10,  27,   6, 728,   0],
       [ 32,   5,   1,   0, 388,  47,   0, 113, 335,  88]], dtype=int64)}, 36.17664330000116)
[2024-08-13 12:52:40,873][flwr][INFO] - configure_evaluate: no clients selected, skipping evaluation
[2024-08-13 12:52:40,873][flwr][INFO] - 
[2024-08-13 12:52:40,873][flwr][INFO] - [ROUND 5]
[2024-08-13 12:52:40,874][flwr][INFO] - configure_fit: strategy sampled 10 clients (out of 10)
[2024-08-13 12:52:47,433][flwr][INFO] - aggregate_fit: received 10 results and 0 failures
[2024-08-13 12:52:49,535][flwr][INFO] - fit progress: (5, 1.2459711105307019, {'accuracy': 0.5722, 'precision': 0.5611295944986164, 'recall': 0.5722, 'f1': 0.5371288277001302, 'confusion_matrix': array([[776, 123,   2,   6,   0,   7,  42,  18,   0,   6],
       [  0, 698, 401,   6,   0,   3,   6,   3,   0,  18],
       [ 18,  15, 524, 350,   9,   5,  18,  47,   9,  37],
       [  4,  17,   8, 800,  15,  22,  20,  18,   2, 104],
       [ 20,   3,   5,   0, 196, 452,   9,  77,   0, 220],
       [ 33,  78,  30, 108,   8, 424,  94,  31,   5,  81],
       [ 16,  15,  31,   1,   3,   3, 679, 209,   0,   1],
       [ 36,  14,  43,   7,   5,  10,   0, 778,  28, 107],
       [ 14,  30,  28, 144,   5,  21,  22,  13,   3, 694],
       [ 70,   3,   1,   7,  18,  24,   0,  42,   0, 844]], dtype=int64)}, 44.83936180001183)
[2024-08-13 12:52:49,536][flwr][INFO] - configure_evaluate: no clients selected, skipping evaluation
[2024-08-13 12:52:49,536][flwr][INFO] - 
[2024-08-13 12:52:49,536][flwr][INFO] - [ROUND 6]
[2024-08-13 12:52:49,537][flwr][INFO] - configure_fit: strategy sampled 10 clients (out of 10)
[2024-08-13 12:52:55,954][flwr][INFO] - aggregate_fit: received 10 results and 0 failures
[2024-08-13 12:52:58,084][flwr][INFO] - fit progress: (6, 1.2480438158924743, {'accuracy': 0.5618, 'precision': 0.6147598067330928, 'recall': 0.5618, 'f1': 0.5550402143304954, 'confusion_matrix': array([[550, 322,   1,   1,   5,   8,  65,  18,  10,   0],
       [  0, 767, 332,   3,   3,   2,  10,   1,  17,   0],
       [  6,  31, 666, 159,  42,   2,  20,  40,  66,   0],
       [  1,  37,  15, 466, 331,   4,  24,  15, 116,   1],
       [ 12,   3,   2,   0, 659, 201,  13,  64,  26,   2],
       [ 18,  92,  20,  27,  88, 390, 140,  25,  92,   0],
       [  8,  20,  29,   0,  14,   1, 721, 164,   1,   0],
       [ 38,  16,  34,   0,  29,   0,   2, 439, 470,   0],
       [ 10,  31,  23,  24, 107,  21,  38,   7, 710,   3],
       [169,   4,   2,   0, 231,  65,   0,  65, 223, 250]], dtype=int64)}, 53.38883910000732)
[2024-08-13 12:52:58,085][flwr][INFO] - configure_evaluate: no clients selected, skipping evaluation
[2024-08-13 12:52:58,085][flwr][INFO] - 
[2024-08-13 12:52:58,085][flwr][INFO] - [ROUND 7]
[2024-08-13 12:52:58,086][flwr][INFO] - configure_fit: strategy sampled 10 clients (out of 10)
[2024-08-13 12:53:04,541][flwr][INFO] - aggregate_fit: received 10 results and 0 failures
[2024-08-13 12:53:06,734][flwr][INFO] - fit progress: (7, 1.2170036816308576, {'accuracy': 0.5916, 'precision': 0.5845197923707423, 'recall': 0.5916, 'f1': 0.5639392232421947, 'confusion_matrix': array([[738, 157,   1,   4,   1,   9,  43,  21,   0,   6],
       [  0, 777, 324,   5,   1,   2,   9,   2,   0,  15],
       [ 11,  19, 554, 316,  10,   5,  18,  46,  15,  38],
       [  5,  19,   8, 761,  42,  17,  25,  18,   6, 109],
       [ 19,   3,   4,   0, 335, 309,  11,  63,   0, 238],
       [ 33,  78,  17,  73,  18, 431, 110,  32,   9,  91],
       [ 14,  17,  25,   0,   4,   1, 671, 225,   0,   1],
       [ 38,  16,  39,   7,  12,   6,   0, 787,  28,  95],
       [ 12,  35,  23, 113,  11,  19,  30,  14,  13, 704],
       [ 68,   3,   2,   7,  22,  20,   1,  37,   0, 849]], dtype=int64)}, 62.03867829999945)
[2024-08-13 12:53:06,735][flwr][INFO] - configure_evaluate: no clients selected, skipping evaluation
[2024-08-13 12:53:06,735][flwr][INFO] - 
[2024-08-13 12:53:06,735][flwr][INFO] - [ROUND 8]
[2024-08-13 12:53:06,736][flwr][INFO] - configure_fit: strategy sampled 10 clients (out of 10)
[2024-08-13 12:53:13,204][flwr][INFO] - aggregate_fit: received 10 results and 0 failures
[2024-08-13 12:53:15,315][flwr][INFO] - fit progress: (8, 1.2274777547397149, {'accuracy': 0.5669, 'precision': 0.6204356622020251, 'recall': 0.5669, 'f1': 0.5574272227656549, 'confusion_matrix': array([[556, 316,   1,   1,   5,  10,  57,  19,  15,   0],
       [  0, 744, 354,   3,   3,   2,  10,   1,  18,   0],
       [  5,  23, 682, 157,  38,   2,  19,  31,  75,   0],
       [  1,  29,  14, 511, 286,  10,  24,  14, 120,   1],
       [ 16,   3,   2,   0, 674, 198,  16,  43,  28,   2],
       [ 20,  77,  13,  30,  58, 440, 129,  24, 101,   0],
       [  8,  19,  30,   0,  16,   1, 715, 168,   1,   0],
       [ 44,  14,  37,   1,  27,   1,   1, 381, 522,   0],
       [ 10,  24,  24,  27,  83,  19,  33,   5, 749,   0],
       [228,   4,   3,   2, 211,  60,   0,  44, 240, 217]], dtype=int64)}, 70.61924520001048)
[2024-08-13 12:53:15,315][flwr][INFO] - configure_evaluate: no clients selected, skipping evaluation
[2024-08-13 12:53:15,316][flwr][INFO] - 
[2024-08-13 12:53:15,316][flwr][INFO] - [ROUND 9]
[2024-08-13 12:53:15,316][flwr][INFO] - configure_fit: strategy sampled 10 clients (out of 10)
[2024-08-13 12:53:21,934][flwr][INFO] - aggregate_fit: received 10 results and 0 failures
[2024-08-13 12:53:24,186][flwr][INFO] - fit progress: (9, 1.198870449344371, {'accuracy': 0.5979, 'precision': 0.5957170222045632, 'recall': 0.5979, 'f1': 0.571303253674058, 'confusion_matrix': array([[702, 189,   1,   3,   2,  10,  42,  24,   0,   7],
       [  0, 802, 295,   6,   1,   2,  13,   2,   0,  14],
       [  8,  23, 559, 312,  12,   5,  19,  44,  16,  34],
       [  4,  19,   8, 757,  50,  21,  25,  18,   7, 101],
       [ 16,   4,   2,   1, 383, 303,  13,  66,   0, 194],
       [ 28,  75,  13,  68,  18, 460, 118,  34,   7,  71],
       [ 14,  18,  22,   0,   4,   1, 647, 250,   0,   2],
       [ 36,  17,  39,   9,  11,   6,   0, 804,  20,  86],
       [ 10,  35,  22, 105,  15,  20,  30,  14,  19, 704],
       [ 63,   4,   3,   7,  23,  20,   1,  41,   1, 846]], dtype=int64)}, 79.48948540000129)
[2024-08-13 12:53:24,186][flwr][INFO] - configure_evaluate: no clients selected, skipping evaluation
[2024-08-13 12:53:24,186][flwr][INFO] - 
[2024-08-13 12:53:24,187][flwr][INFO] - [ROUND 10]
[2024-08-13 12:53:24,187][flwr][INFO] - configure_fit: strategy sampled 10 clients (out of 10)
[2024-08-13 12:53:30,734][flwr][INFO] - aggregate_fit: received 10 results and 0 failures
[2024-08-13 12:53:32,819][flwr][INFO] - fit progress: (10, 1.2077316856203553, {'accuracy': 0.5799, 'precision': 0.6247347313798709, 'recall': 0.5799, 'f1': 0.5737608816697433, 'confusion_matrix': array([[574, 305,   1,   1,   5,  11,  53,  17,  13,   0],
       [  0, 742, 355,   3,   3,   2,   9,   1,  20,   0],
       [  6,  23, 695, 149,  37,   2,  19,  31,  70,   0],
       [  1,  29,  14, 519, 274,  11,  24,  15, 122,   1],
       [ 21,   4,   1,   0, 662, 214,  15,  35,  28,   2],
       [ 19,  74,  12,  29,  44, 464, 126,  23, 100,   1],
       [  9,  19,  29,   0,  17,   1, 717, 165,   1,   0],
       [ 52,  15,  37,   3,  26,   2,   1, 374, 518,   0],
       [ 13,  23,  23,  24,  67,  24,  34,   4, 757,   5],
       [254,   5,   3,   2, 147,  59,   0,  44, 200, 295]], dtype=int64)}, 88.12267680000514)
[2024-08-13 12:53:32,820][flwr][INFO] - configure_evaluate: no clients selected, skipping evaluation
[2024-08-13 12:53:32,820][flwr][INFO] - 
[2024-08-13 12:53:32,820][flwr][INFO] - [SUMMARY]
[2024-08-13 12:53:32,820][flwr][INFO] - Run finished 10 round(s) in 88.12s
[2024-08-13 12:53:32,828][flwr][INFO] - 	History (loss, centralized):
[2024-08-13 12:53:32,828][flwr][INFO] - 		round 0: 2.3025850929940455
[2024-08-13 12:53:32,828][flwr][INFO] - 		round 1: 1.8897391760059352
[2024-08-13 12:53:32,828][flwr][INFO] - 		round 2: 1.6237118281004563
[2024-08-13 12:53:32,828][flwr][INFO] - 		round 3: 1.4146868885214794
[2024-08-13 12:53:32,829][flwr][INFO] - 		round 4: 1.2470892936722289
[2024-08-13 12:53:32,829][flwr][INFO] - 		round 5: 1.2459711105307019
[2024-08-13 12:53:32,829][flwr][INFO] - 		round 6: 1.2480438158924743
[2024-08-13 12:53:32,829][flwr][INFO] - 		round 7: 1.2170036816308576
[2024-08-13 12:53:32,829][flwr][INFO] - 		round 8: 1.2274777547397149
[2024-08-13 12:53:32,829][flwr][INFO] - 		round 9: 1.198870449344371
[2024-08-13 12:53:32,829][flwr][INFO] - 		round 10: 1.2077316856203553
[2024-08-13 12:53:32,829][flwr][INFO] - 	History (metrics, centralized):
[2024-08-13 12:53:32,829][flwr][INFO] - 	{'accuracy': [(0, 0.098),
[2024-08-13 12:53:32,829][flwr][INFO] - 	              (1, 0.3078),
[2024-08-13 12:53:32,829][flwr][INFO] - 	              (2, 0.282),
[2024-08-13 12:53:32,829][flwr][INFO] - 	              (3, 0.4528),
[2024-08-13 12:53:32,829][flwr][INFO] - 	              (4, 0.5563),
[2024-08-13 12:53:32,829][flwr][INFO] - 	              (5, 0.5722),
[2024-08-13 12:53:32,829][flwr][INFO] - 	              (6, 0.5618),
[2024-08-13 12:53:32,829][flwr][INFO] - 	              (7, 0.5916),
[2024-08-13 12:53:32,829][flwr][INFO] - 	              (8, 0.5669),
[2024-08-13 12:53:32,830][flwr][INFO] - 	              (9, 0.5979),
[2024-08-13 12:53:32,830][flwr][INFO] - 	              (10, 0.5799)],
[2024-08-13 12:53:32,830][flwr][INFO] - 	 'confusion_matrix': [(0,
[2024-08-13 12:53:32,830][flwr][INFO] - 	                       array([[ 980,    0,    0,    0,    0,    0,    0,    0,    0,    0],
[2024-08-13 12:53:32,830][flwr][INFO] - 	       [1135,    0,    0,    0,    0,    0,    0,    0,    0,    0],
[2024-08-13 12:53:32,830][flwr][INFO] - 	       [1032,    0,    0,    0,    0,    0,    0,    0,    0,    0],
[2024-08-13 12:53:32,830][flwr][INFO] - 	       [1010,    0,    0,    0,    0,    0,    0,    0,    0,    0],
[2024-08-13 12:53:32,830][flwr][INFO] - 	       [ 982,    0,    0,    0,    0,    0,    0,    0,    0,    0],
[2024-08-13 12:53:32,830][flwr][INFO] - 	       [ 892,    0,    0,    0,    0,    0,    0,    0,    0,    0],
[2024-08-13 12:53:32,830][flwr][INFO] - 	       [ 958,    0,    0,    0,    0,    0,    0,    0,    0,    0],
[2024-08-13 12:53:32,830][flwr][INFO] - 	       [1028,    0,    0,    0,    0,    0,    0,    0,    0,    0],
[2024-08-13 12:53:32,830][flwr][INFO] - 	       [ 974,    0,    0,    0,    0,    0,    0,    0,    0,    0],
[2024-08-13 12:53:32,830][flwr][INFO] - 	       [1009,    0,    0,    0,    0,    0,    0,    0,    0,    0]],
[2024-08-13 12:53:32,830][flwr][INFO] - 	      dtype=int64)),
[2024-08-13 12:53:32,830][flwr][INFO] - 	                      (1,
[2024-08-13 12:53:32,830][flwr][INFO] - 	                       array([[ 893,   50,    2,   13,    0,    0,    4,    7,    0,   11],
[2024-08-13 12:53:32,831][flwr][INFO] - 	       [   0,    1, 1090,    4,    0,    0,    0,    2,    1,   37],
[2024-08-13 12:53:32,831][flwr][INFO] - 	       [  45,    5,  185,  682,    0,    1,    7,   28,   16,   63],
[2024-08-13 12:53:32,831][flwr][INFO] - 	       [  12,    6,   13,  712,  101,    0,    2,   10,   17,  137],
[2024-08-13 12:53:32,831][flwr][INFO] - 	       [ 138,    0,   10,    0,  120,   10,    2,   42,    2,  658],
[2024-08-13 12:53:32,831][flwr][INFO] - 	       [ 188,   46,   52,  145,   68,    1,   16,   18,   41,  317],
[2024-08-13 12:53:32,831][flwr][INFO] - 	       [ 109,    8,   45,   15,    2,    0,  306,  438,    0,   35],
[2024-08-13 12:53:32,831][flwr][INFO] - 	       [  83,    0,   46,    6,    4,    0,    0,   32,  789,   68],
[2024-08-13 12:53:32,831][flwr][INFO] - 	       [  32,    2,   31,  130,    6,    0,    1,    4,   14,  754],
[2024-08-13 12:53:32,831][flwr][INFO] - 	       [ 138,    0,    3,    5,   20,    0,    0,    6,   23,  814]],
[2024-08-13 12:53:32,831][flwr][INFO] - 	      dtype=int64)),
[2024-08-13 12:53:32,831][flwr][INFO] - 	                      (2,
[2024-08-13 12:53:32,831][flwr][INFO] - 	                       array([[226, 636,   2,   0,  10,   0,  66,  30,  10,   0],
[2024-08-13 12:53:32,831][flwr][INFO] - 	       [  0, 126, 976,   3,  11,   2,   7,   5,   5,   0],
[2024-08-13 12:53:32,831][flwr][INFO] - 	       [  6,  65, 336, 441,  20,   7,  25,  86,  46,   0],
[2024-08-13 12:53:32,831][flwr][INFO] - 	       [  0,  72,  10, 292, 542,   0,  19,  16,  59,   0],
[2024-08-13 12:53:32,831][flwr][INFO] - 	       [ 10,   3,   7,   0, 301, 480,  11, 138,  31,   1],
[2024-08-13 12:53:32,831][flwr][INFO] - 	       [ 15, 198,  32,  16, 226, 169, 120,  33,  83,   0],
[2024-08-13 12:53:32,832][flwr][INFO] - 	       [  4,  40,  16,   3,   5,   0, 576, 314,   0,   0],
[2024-08-13 12:53:32,832][flwr][INFO] - 	       [ 25,   5,  48,   1,  16,   3,   0, 276, 654,   0],
[2024-08-13 12:53:32,832][flwr][INFO] - 	       [  3,  84,  28,  33, 256,   9,  42,  12, 504,   3],
[2024-08-13 12:53:32,832][flwr][INFO] - 	       [ 69,   5,   3,   1, 254, 158,   1, 180, 324,  14]], dtype=int64)),
[2024-08-13 12:53:32,832][flwr][INFO] - 	                      (3,
[2024-08-13 12:53:32,832][flwr][INFO] - 	                       array([[810, 103,   2,   2,   0,   1,  44,  12,   1,   5],
[2024-08-13 12:53:32,832][flwr][INFO] - 	       [  0, 339, 761,   3,   1,   1,   7,   3,   0,  20],
[2024-08-13 12:53:32,832][flwr][INFO] - 	       [ 32,  15, 348, 505,   4,   8,  21,  52,  18,  29],
[2024-08-13 12:53:32,832][flwr][INFO] - 	       [ 11,  23,  10, 701, 100,   3,  33,  16,  14,  99],
[2024-08-13 12:53:32,832][flwr][INFO] - 	       [ 30,   3,   7,   0, 121, 605,   9,  83,   2, 122],
[2024-08-13 12:53:32,832][flwr][INFO] - 	       [ 95,  95,  32,  84,  47, 239, 164,  29,  24,  83],
[2024-08-13 12:53:32,832][flwr][INFO] - 	       [ 21,  12,  20,   4,   3,   0, 693, 204,   0,   1],
[2024-08-13 12:53:32,832][flwr][INFO] - 	       [ 72,   3,  48,   4,   7,   6,   2, 534, 304,  48],
[2024-08-13 12:53:32,832][flwr][INFO] - 	       [ 33,  29,  29, 126,  14,  10,  32,  11,  25, 665],
[2024-08-13 12:53:32,832][flwr][INFO] - 	       [146,   2,   2,   6,  35,  44,   1,  47,   8, 718]], dtype=int64)),
[2024-08-13 12:53:32,832][flwr][INFO] - 	                      (4,
[2024-08-13 12:53:32,832][flwr][INFO] - 	                       array([[479, 354,   1,   1,  12,   7,  79,  22,  25,   0],
[2024-08-13 12:53:32,833][flwr][INFO] - 	       [  0, 860, 234,   3,   5,   2,   4,   2,  25,   0],
[2024-08-13 12:53:32,833][flwr][INFO] - 	       [  1,  41, 731,  66,  50,   2,  20,  42,  79,   0],
[2024-08-13 12:53:32,833][flwr][INFO] - 	       [  0,  50,  19, 386, 386,   1,  20,  14, 134,   0],
[2024-08-13 12:53:32,833][flwr][INFO] - 	       [  4,   4,   2,   0, 737, 101,  13,  79,  41,   1],
[2024-08-13 12:53:32,833][flwr][INFO] - 	       [  9, 127,  18,  19, 142, 314, 108,  23, 132,   0],
[2024-08-13 12:53:32,833][flwr][INFO] - 	       [  3,  29,  30,   0,  15,   1, 722, 156,   2,   0],
[2024-08-13 12:53:32,833][flwr][INFO] - 	       [ 12,  20,  30,   0,  31,   0,   1, 518, 416,   0],
[2024-08-13 12:53:32,833][flwr][INFO] - 	       [  1,  42,  19,  13, 128,  10,  27,   6, 728,   0],
[2024-08-13 12:53:32,833][flwr][INFO] - 	       [ 32,   5,   1,   0, 388,  47,   0, 113, 335,  88]], dtype=int64)),
[2024-08-13 12:53:32,833][flwr][INFO] - 	                      (5,
[2024-08-13 12:53:32,833][flwr][INFO] - 	                       array([[776, 123,   2,   6,   0,   7,  42,  18,   0,   6],
[2024-08-13 12:53:32,833][flwr][INFO] - 	       [  0, 698, 401,   6,   0,   3,   6,   3,   0,  18],
[2024-08-13 12:53:32,833][flwr][INFO] - 	       [ 18,  15, 524, 350,   9,   5,  18,  47,   9,  37],
[2024-08-13 12:53:32,833][flwr][INFO] - 	       [  4,  17,   8, 800,  15,  22,  20,  18,   2, 104],
[2024-08-13 12:53:32,833][flwr][INFO] - 	       [ 20,   3,   5,   0, 196, 452,   9,  77,   0, 220],
[2024-08-13 12:53:32,833][flwr][INFO] - 	       [ 33,  78,  30, 108,   8, 424,  94,  31,   5,  81],
[2024-08-13 12:53:32,833][flwr][INFO] - 	       [ 16,  15,  31,   1,   3,   3, 679, 209,   0,   1],
[2024-08-13 12:53:32,834][flwr][INFO] - 	       [ 36,  14,  43,   7,   5,  10,   0, 778,  28, 107],
[2024-08-13 12:53:32,834][flwr][INFO] - 	       [ 14,  30,  28, 144,   5,  21,  22,  13,   3, 694],
[2024-08-13 12:53:32,834][flwr][INFO] - 	       [ 70,   3,   1,   7,  18,  24,   0,  42,   0, 844]], dtype=int64)),
[2024-08-13 12:53:32,834][flwr][INFO] - 	                      (6,
[2024-08-13 12:53:32,834][flwr][INFO] - 	                       array([[550, 322,   1,   1,   5,   8,  65,  18,  10,   0],
[2024-08-13 12:53:32,834][flwr][INFO] - 	       [  0, 767, 332,   3,   3,   2,  10,   1,  17,   0],
[2024-08-13 12:53:32,834][flwr][INFO] - 	       [  6,  31, 666, 159,  42,   2,  20,  40,  66,   0],
[2024-08-13 12:53:32,834][flwr][INFO] - 	       [  1,  37,  15, 466, 331,   4,  24,  15, 116,   1],
[2024-08-13 12:53:32,834][flwr][INFO] - 	       [ 12,   3,   2,   0, 659, 201,  13,  64,  26,   2],
[2024-08-13 12:53:32,834][flwr][INFO] - 	       [ 18,  92,  20,  27,  88, 390, 140,  25,  92,   0],
[2024-08-13 12:53:32,834][flwr][INFO] - 	       [  8,  20,  29,   0,  14,   1, 721, 164,   1,   0],
[2024-08-13 12:53:32,834][flwr][INFO] - 	       [ 38,  16,  34,   0,  29,   0,   2, 439, 470,   0],
[2024-08-13 12:53:32,834][flwr][INFO] - 	       [ 10,  31,  23,  24, 107,  21,  38,   7, 710,   3],
[2024-08-13 12:53:32,834][flwr][INFO] - 	       [169,   4,   2,   0, 231,  65,   0,  65, 223, 250]], dtype=int64)),
[2024-08-13 12:53:32,834][flwr][INFO] - 	                      (7,
[2024-08-13 12:53:32,834][flwr][INFO] - 	                       array([[738, 157,   1,   4,   1,   9,  43,  21,   0,   6],
[2024-08-13 12:53:32,834][flwr][INFO] - 	       [  0, 777, 324,   5,   1,   2,   9,   2,   0,  15],
[2024-08-13 12:53:32,835][flwr][INFO] - 	       [ 11,  19, 554, 316,  10,   5,  18,  46,  15,  38],
[2024-08-13 12:53:32,835][flwr][INFO] - 	       [  5,  19,   8, 761,  42,  17,  25,  18,   6, 109],
[2024-08-13 12:53:32,835][flwr][INFO] - 	       [ 19,   3,   4,   0, 335, 309,  11,  63,   0, 238],
[2024-08-13 12:53:32,835][flwr][INFO] - 	       [ 33,  78,  17,  73,  18, 431, 110,  32,   9,  91],
[2024-08-13 12:53:32,835][flwr][INFO] - 	       [ 14,  17,  25,   0,   4,   1, 671, 225,   0,   1],
[2024-08-13 12:53:32,835][flwr][INFO] - 	       [ 38,  16,  39,   7,  12,   6,   0, 787,  28,  95],
[2024-08-13 12:53:32,835][flwr][INFO] - 	       [ 12,  35,  23, 113,  11,  19,  30,  14,  13, 704],
[2024-08-13 12:53:32,835][flwr][INFO] - 	       [ 68,   3,   2,   7,  22,  20,   1,  37,   0, 849]], dtype=int64)),
[2024-08-13 12:53:32,835][flwr][INFO] - 	                      (8,
[2024-08-13 12:53:32,835][flwr][INFO] - 	                       array([[556, 316,   1,   1,   5,  10,  57,  19,  15,   0],
[2024-08-13 12:53:32,835][flwr][INFO] - 	       [  0, 744, 354,   3,   3,   2,  10,   1,  18,   0],
[2024-08-13 12:53:32,835][flwr][INFO] - 	       [  5,  23, 682, 157,  38,   2,  19,  31,  75,   0],
[2024-08-13 12:53:32,835][flwr][INFO] - 	       [  1,  29,  14, 511, 286,  10,  24,  14, 120,   1],
[2024-08-13 12:53:32,835][flwr][INFO] - 	       [ 16,   3,   2,   0, 674, 198,  16,  43,  28,   2],
[2024-08-13 12:53:32,835][flwr][INFO] - 	       [ 20,  77,  13,  30,  58, 440, 129,  24, 101,   0],
[2024-08-13 12:53:32,835][flwr][INFO] - 	       [  8,  19,  30,   0,  16,   1, 715, 168,   1,   0],
[2024-08-13 12:53:32,836][flwr][INFO] - 	       [ 44,  14,  37,   1,  27,   1,   1, 381, 522,   0],
[2024-08-13 12:53:32,836][flwr][INFO] - 	       [ 10,  24,  24,  27,  83,  19,  33,   5, 749,   0],
[2024-08-13 12:53:32,836][flwr][INFO] - 	       [228,   4,   3,   2, 211,  60,   0,  44, 240, 217]], dtype=int64)),
[2024-08-13 12:53:32,836][flwr][INFO] - 	                      (9,
[2024-08-13 12:53:32,836][flwr][INFO] - 	                       array([[702, 189,   1,   3,   2,  10,  42,  24,   0,   7],
[2024-08-13 12:53:32,836][flwr][INFO] - 	       [  0, 802, 295,   6,   1,   2,  13,   2,   0,  14],
[2024-08-13 12:53:32,836][flwr][INFO] - 	       [  8,  23, 559, 312,  12,   5,  19,  44,  16,  34],
[2024-08-13 12:53:32,836][flwr][INFO] - 	       [  4,  19,   8, 757,  50,  21,  25,  18,   7, 101],
[2024-08-13 12:53:32,836][flwr][INFO] - 	       [ 16,   4,   2,   1, 383, 303,  13,  66,   0, 194],
[2024-08-13 12:53:32,836][flwr][INFO] - 	       [ 28,  75,  13,  68,  18, 460, 118,  34,   7,  71],
[2024-08-13 12:53:32,836][flwr][INFO] - 	       [ 14,  18,  22,   0,   4,   1, 647, 250,   0,   2],
[2024-08-13 12:53:32,836][flwr][INFO] - 	       [ 36,  17,  39,   9,  11,   6,   0, 804,  20,  86],
[2024-08-13 12:53:32,836][flwr][INFO] - 	       [ 10,  35,  22, 105,  15,  20,  30,  14,  19, 704],
[2024-08-13 12:53:32,836][flwr][INFO] - 	       [ 63,   4,   3,   7,  23,  20,   1,  41,   1, 846]], dtype=int64)),
[2024-08-13 12:53:32,836][flwr][INFO] - 	                      (10,
[2024-08-13 12:53:32,836][flwr][INFO] - 	                       array([[574, 305,   1,   1,   5,  11,  53,  17,  13,   0],
[2024-08-13 12:53:32,836][flwr][INFO] - 	       [  0, 742, 355,   3,   3,   2,   9,   1,  20,   0],
[2024-08-13 12:53:32,837][flwr][INFO] - 	       [  6,  23, 695, 149,  37,   2,  19,  31,  70,   0],
[2024-08-13 12:53:32,837][flwr][INFO] - 	       [  1,  29,  14, 519, 274,  11,  24,  15, 122,   1],
[2024-08-13 12:53:32,837][flwr][INFO] - 	       [ 21,   4,   1,   0, 662, 214,  15,  35,  28,   2],
[2024-08-13 12:53:32,837][flwr][INFO] - 	       [ 19,  74,  12,  29,  44, 464, 126,  23, 100,   1],
[2024-08-13 12:53:32,837][flwr][INFO] - 	       [  9,  19,  29,   0,  17,   1, 717, 165,   1,   0],
[2024-08-13 12:53:32,837][flwr][INFO] - 	       [ 52,  15,  37,   3,  26,   2,   1, 374, 518,   0],
[2024-08-13 12:53:32,837][flwr][INFO] - 	       [ 13,  23,  23,  24,  67,  24,  34,   4, 757,   5],
[2024-08-13 12:53:32,837][flwr][INFO] - 	       [254,   5,   3,   2, 147,  59,   0,  44, 200, 295]], dtype=int64))],
[2024-08-13 12:53:32,837][flwr][INFO] - 	 'f1': [(0, 0.017493624772313296),
[2024-08-13 12:53:32,837][flwr][INFO] - 	        (1, 0.24623060868108076),
[2024-08-13 12:53:32,837][flwr][INFO] - 	        (2, 0.2723795210121193),
[2024-08-13 12:53:32,837][flwr][INFO] - 	        (3, 0.42316848691689246),
[2024-08-13 12:53:32,837][flwr][INFO] - 	        (4, 0.53852052918833),
[2024-08-13 12:53:32,837][flwr][INFO] - 	        (5, 0.5371288277001302),
[2024-08-13 12:53:32,837][flwr][INFO] - 	        (6, 0.5550402143304954),
[2024-08-13 12:53:32,837][flwr][INFO] - 	        (7, 0.5639392232421947),
[2024-08-13 12:53:32,837][flwr][INFO] - 	        (8, 0.5574272227656549),
[2024-08-13 12:53:32,838][flwr][INFO] - 	        (9, 0.571303253674058),
[2024-08-13 12:53:32,838][flwr][INFO] - 	        (10, 0.5737608816697433)],
[2024-08-13 12:53:32,838][flwr][INFO] - 	 'precision': [(0, 0.009604000000000001),
[2024-08-13 12:53:32,838][flwr][INFO] - 	               (1, 0.2756883508964214),
[2024-08-13 12:53:32,838][flwr][INFO] - 	               (2, 0.3675485514405229),
[2024-08-13 12:53:32,838][flwr][INFO] - 	               (3, 0.43007631825540454),
[2024-08-13 12:53:32,838][flwr][INFO] - 	               (4, 0.6568194677106717),
[2024-08-13 12:53:32,838][flwr][INFO] - 	               (5, 0.5611295944986164),
[2024-08-13 12:53:32,838][flwr][INFO] - 	               (6, 0.6147598067330928),
[2024-08-13 12:53:32,838][flwr][INFO] - 	               (7, 0.5845197923707423),
[2024-08-13 12:53:32,838][flwr][INFO] - 	               (8, 0.6204356622020251),
[2024-08-13 12:53:32,838][flwr][INFO] - 	               (9, 0.5957170222045632),
[2024-08-13 12:53:32,838][flwr][INFO] - 	               (10, 0.6247347313798709)],
[2024-08-13 12:53:32,838][flwr][INFO] - 	 'recall': [(0, 0.098),
[2024-08-13 12:53:32,838][flwr][INFO] - 	            (1, 0.3078),
[2024-08-13 12:53:32,838][flwr][INFO] - 	            (2, 0.282),
[2024-08-13 12:53:32,838][flwr][INFO] - 	            (3, 0.4528),
[2024-08-13 12:53:32,839][flwr][INFO] - 	            (4, 0.5563),
[2024-08-13 12:53:32,839][flwr][INFO] - 	            (5, 0.5722),
[2024-08-13 12:53:32,839][flwr][INFO] - 	            (6, 0.5618),
[2024-08-13 12:53:32,839][flwr][INFO] - 	            (7, 0.5916),
[2024-08-13 12:53:32,839][flwr][INFO] - 	            (8, 0.5669),
[2024-08-13 12:53:32,839][flwr][INFO] - 	            (9, 0.5979),
[2024-08-13 12:53:32,839][flwr][INFO] - 	            (10, 0.5799)]}
[2024-08-13 12:53:32,839][flwr][INFO] - 
