[2024-08-13 14:57:38,346][flwr][INFO] - Starting Flower simulation, config: num_rounds=10, no round_timeout
[2024-08-13 14:57:42,407][flwr][INFO] - Flower VCE: Ray initialized with resources: {'node:127.0.0.1': 1.0, 'memory': 4874674176.0, 'object_store_memory': 2437337088.0, 'accelerator_type:G': 1.0, 'GPU': 1.0, 'CPU': 16.0, 'node:__internal_head__': 1.0}
[2024-08-13 14:57:42,407][flwr][INFO] - Optimize your simulation with Flower VCE: https://flower.ai/docs/framework/how-to-run-simulations.html
[2024-08-13 14:57:42,407][flwr][INFO] - Flower VCE: Resources for each Virtual Client: {'num_cpus': 2, 'num_gpus': 0.5}
[2024-08-13 14:57:42,418][flwr][INFO] - Flower VCE: Creating VirtualClientEngineActorPool with 2 actors
[2024-08-13 14:57:42,420][flwr][INFO] - [INIT]
[2024-08-13 14:57:42,420][flwr][INFO] - Requesting initial parameters from one random client
[2024-08-13 14:57:50,008][flwr][INFO] - Received initial parameters from one random client
[2024-08-13 14:57:50,008][flwr][INFO] - Evaluating initial global parameters
[2024-08-13 14:57:52,215][flwr][INFO] - initial parameters (loss, other metrics): 2.3025850929940455, {'accuracy': 0.098, 'precision': 0.009604000000000001, 'recall': 0.098, 'f1': 0.017493624772313296, 'confusion_matrix': array([[ 980,    0,    0,    0,    0,    0,    0,    0,    0,    0],
       [1135,    0,    0,    0,    0,    0,    0,    0,    0,    0],
       [1032,    0,    0,    0,    0,    0,    0,    0,    0,    0],
       [1010,    0,    0,    0,    0,    0,    0,    0,    0,    0],
       [ 982,    0,    0,    0,    0,    0,    0,    0,    0,    0],
       [ 892,    0,    0,    0,    0,    0,    0,    0,    0,    0],
       [ 958,    0,    0,    0,    0,    0,    0,    0,    0,    0],
       [1028,    0,    0,    0,    0,    0,    0,    0,    0,    0],
       [ 974,    0,    0,    0,    0,    0,    0,    0,    0,    0],
       [1009,    0,    0,    0,    0,    0,    0,    0,    0,    0]],
      dtype=int64)}
[2024-08-13 14:57:52,216][flwr][INFO] - 
[2024-08-13 14:57:52,216][flwr][INFO] - [ROUND 1]
[2024-08-13 14:57:52,216][flwr][INFO] - configure_fit: strategy sampled 10 clients (out of 100)
[2024-08-13 14:57:55,689][flwr][INFO] - aggregate_fit: received 10 results and 0 failures
[2024-08-13 14:57:55,692][flwr][WARNING] - No fit_metrics_aggregation_fn provided
[2024-08-13 14:57:57,757][flwr][INFO] - fit progress: (1, 1.2268565270111025, {'accuracy': 0.6083, 'precision': 0.7188746304256021, 'recall': 0.6083, 'f1': 0.5726239905297201, 'confusion_matrix': array([[955,   0,   1,  11,   0,   0,   8,   0,   5,   0],
       [  0, 931, 110,  33,   0,   0,   6,   0,  14,  41],
       [ 86,   1, 189, 643,   6,   0,  29,  11,  16,  51],
       [ 11,   1,   1, 927,   5,   0,   4,   6,  10,  45],
       [ 61,   3,   0,   3, 363,   0,  23,   9,   5, 515],
       [248,  58,   2, 305,  14,  29,  32,   8,  76, 120],
       [121,   7,   4,  14,   9,   0, 792,   6,   1,   4],
       [ 54,  16,   7,  24,   4,   0,   1, 680,  54, 188],
       [ 69,   4,   5, 325,   5,   0,  10,   2, 339, 215],
       [ 78,   3,   0,  15,  20,   0,   1,   8,   6, 878]], dtype=int64)}, 5.541595800008508)
[2024-08-13 14:57:57,758][flwr][INFO] - configure_evaluate: no clients selected, skipping evaluation
[2024-08-13 14:57:57,758][flwr][INFO] - 
[2024-08-13 14:57:57,758][flwr][INFO] - [ROUND 2]
[2024-08-13 14:57:57,759][flwr][INFO] - configure_fit: strategy sampled 10 clients (out of 100)
[2024-08-13 14:57:58,952][flwr][INFO] - aggregate_fit: received 10 results and 0 failures
[2024-08-13 14:58:01,135][flwr][INFO] - fit progress: (2, 1.1666675132909028, {'accuracy': 0.6749, 'precision': 0.7433757911917255, 'recall': 0.6749, 'f1': 0.6481438523360495, 'confusion_matrix': array([[793,   9,   3,   0,   4,  83,  62,  18,   8,   0],
       [  0, 922, 185,   1,   1,   4,   3,   2,  17,   0],
       [  9,  11, 866,   8,  40,   6,  17,  37,  38,   0],
       [  0,  42,  68, 385, 229, 106,  27,  22, 131,   0],
       [  3,   4,  10,   0, 766,  59,  19, 104,  17,   0],
       [ 10,  86,  24,  17,  52, 605,  37,  31,  30,   0],
       [  9,  14,  55,   0,  22,  17, 775,  66,   0,   0],
       [  2,  26,  49,   0,  18,   0,   0, 886,  47,   0],
       [  3,  38,  47,   2, 101,  75,  14,  13, 681,   0],
       [ 13,   6,   5,   1, 356, 108,   1, 362,  87,  70]], dtype=int64)}, 8.918054900001152)
[2024-08-13 14:58:01,136][flwr][INFO] - configure_evaluate: no clients selected, skipping evaluation
[2024-08-13 14:58:01,136][flwr][INFO] - 
[2024-08-13 14:58:01,136][flwr][INFO] - [ROUND 3]
[2024-08-13 14:58:01,136][flwr][INFO] - configure_fit: strategy sampled 10 clients (out of 100)
[2024-08-13 14:58:02,330][flwr][INFO] - aggregate_fit: received 10 results and 0 failures
[2024-08-13 14:58:04,407][flwr][INFO] - fit progress: (3, 1.1898276524241385, {'accuracy': 0.5909, 'precision': 0.7292322524640688, 'recall': 0.5909, 'f1': 0.5537519807703872, 'confusion_matrix': array([[ 903,    7,    1,   18,    0,    1,   37,    0,    0,   13],
       [   0, 1028,   55,    7,    0,    0,    6,    0,    0,   39],
       [  21,   16,  362,  496,    1,    0,   32,   13,   11,   80],
       [   1,    9,    1,  873,    0,    4,   11,    7,    0,  104],
       [  28,    6,    2,    1,  185,    1,   21,    8,    0,  730],
       [  36,  124,    5,  242,    3,  177,   70,    8,    4,  223],
       [  25,   22,    9,   10,    2,    0,  860,   24,    0,    6],
       [  32,   30,   15,   12,    0,    0,    2,  552,    7,  378],
       [  15,   55,    5,  194,    2,    1,   15,    1,   25,  661],
       [  37,    4,    1,   14,    3,    1,    0,    5,    0,  944]],
      dtype=int64)}, 12.19078280001122)
[2024-08-13 14:58:04,408][flwr][INFO] - configure_evaluate: no clients selected, skipping evaluation
[2024-08-13 14:58:04,408][flwr][INFO] - 
[2024-08-13 14:58:04,408][flwr][INFO] - [ROUND 4]
[2024-08-13 14:58:04,409][flwr][INFO] - configure_fit: strategy sampled 10 clients (out of 100)
[2024-08-13 14:58:05,555][flwr][INFO] - aggregate_fit: received 10 results and 0 failures
[2024-08-13 14:58:07,618][flwr][INFO] - fit progress: (4, 1.2079807074163063, {'accuracy': 0.6833, 'precision': 0.6512417558284322, 'recall': 0.6833, 'f1': 0.6512964047587179, 'confusion_matrix': array([[857,  29,   1,   4,   3,  20,  26,  21,  19,   0],
       [  0, 935, 165,   1,   2,   3,   4,   2,  23,   0],
       [ 10,  18, 809,  25,  49,   1,  16,  47,  57,   0],
       [  2,  37,  35, 498, 198,  54,  12,  23, 151,   0],
       [  6,   5,   3,   0, 831,  24,   9,  82,  22,   0],
       [ 13,  91,  17,  22,  53, 563,  30,  30,  73,   0],
       [ 11,  16,  39,   0,  28,  14, 714, 134,   2,   0],
       [  8,  22,  35,   0,  24,   0,   0, 853,  86,   0],
       [  6,  32,  25,   6,  78,  30,  13,  11, 773,   0],
       [ 32,   5,   2,   1, 451,  67,   0, 269, 182,   0]], dtype=int64)}, 15.401874800008954)
[2024-08-13 14:58:07,619][flwr][INFO] - configure_evaluate: no clients selected, skipping evaluation
[2024-08-13 14:58:07,619][flwr][INFO] - 
[2024-08-13 14:58:07,619][flwr][INFO] - [ROUND 5]
[2024-08-13 14:58:07,620][flwr][INFO] - configure_fit: strategy sampled 10 clients (out of 100)
[2024-08-13 14:58:08,778][flwr][INFO] - aggregate_fit: received 10 results and 0 failures
[2024-08-13 14:58:10,877][flwr][INFO] - fit progress: (5, 1.1233179605784092, {'accuracy': 0.6757, 'precision': 0.7341051854415893, 'recall': 0.6757, 'f1': 0.6514053994122256, 'confusion_matrix': array([[863,  35,   2,  21,   0,   4,  48,   2,   0,   5],
       [  0, 984, 113,  14,   1,   2,  13,   1,   0,   7],
       [ 11,  22, 540, 357,   6,   0,  32,  23,  11,  30],
       [  0,   7,   4, 902,   1,  16,  14,  10,   1,  55],
       [ 23,   6,   3,   1, 454,  44,  36,  26,   1, 388],
       [ 24,  94,  11, 190,   4, 413,  81,  14,   5,  56],
       [ 12,  14,  13,   4,   2,   2, 873,  37,   0,   1],
       [ 31,  31,  38,  16,   7,   0,   3, 768,  10, 124],
       [ 16,  65,  16, 245,   5,  12,  34,   6,  67, 508],
       [ 50,   6,   3,  16,  12,  11,   2,  16,   0, 893]], dtype=int64)}, 18.660923700008425)
[2024-08-13 14:58:10,878][flwr][INFO] - configure_evaluate: no clients selected, skipping evaluation
[2024-08-13 14:58:10,878][flwr][INFO] - 
[2024-08-13 14:58:10,878][flwr][INFO] - [ROUND 6]
[2024-08-13 14:58:10,879][flwr][INFO] - configure_fit: strategy sampled 10 clients (out of 100)
[2024-08-13 14:58:12,180][flwr][INFO] - aggregate_fit: received 10 results and 0 failures
[2024-08-13 14:58:14,258][flwr][INFO] - fit progress: (6, 1.1356166747305485, {'accuracy': 0.6699, 'precision': 0.762077284704998, 'recall': 0.6699, 'f1': 0.6493019374233894, 'confusion_matrix': array([[812,  72,   3,   0,   3,  17,  25,  16,  32,   0],
       [  0, 906, 173,   1,   1,   1,   4,   1,  48,   0],
       [  5,  15, 832,  11,  43,   1,  15,  29,  81,   0],
       [  1,  33,  40, 394, 210,  39,  16,  17, 260,   0],
       [  6,   4,   2,   0, 852,  18,  12,  38,  50,   0],
       [  9,  69,  14,  13,  40, 524,  37,  22, 164,   0],
       [ 10,  15,  40,   0,  23,  10, 746, 109,   5,   0],
       [ 13,  16,  33,   0,  26,   0,   0, 701, 239,   0],
       [  5,  11,  22,   1,  49,  12,  11,   3, 860,   0],
       [ 36,   3,   4,   0, 341,  39,   0, 108, 406,  72]], dtype=int64)}, 22.041499800005113)
[2024-08-13 14:58:14,259][flwr][INFO] - configure_evaluate: no clients selected, skipping evaluation
[2024-08-13 14:58:14,259][flwr][INFO] - 
[2024-08-13 14:58:14,259][flwr][INFO] - [ROUND 7]
[2024-08-13 14:58:14,259][flwr][INFO] - configure_fit: strategy sampled 10 clients (out of 100)
[2024-08-13 14:58:15,397][flwr][INFO] - aggregate_fit: received 10 results and 0 failures
[2024-08-13 14:58:17,460][flwr][INFO] - fit progress: (7, 1.1564960662760724, {'accuracy': 0.6671, 'precision': 0.7159914528636167, 'recall': 0.6671, 'f1': 0.6377732531765673, 'confusion_matrix': array([[883,  41,   1,  15,   0,   6,  20,   9,   0,   5],
       [  0, 996,  94,  14,   1,   3,   8,   1,   0,  18],
       [ 11,  18, 495, 384,   7,   1,  26,  42,   1,  47],
       [  2,   7,   2, 873,   2,  17,  10,  16,   0,  81],
       [ 20,   6,   2,   1, 431,  44,  17,  38,   0, 423],
       [ 34,  74,   5, 145,   6, 460,  61,  29,   0,  78],
       [ 17,  15,  12,   3,   3,   3, 824,  79,   0,   2],
       [ 29,  22,  24,  10,   5,   0,   1, 805,   0, 132],
       [ 19,  49,   9, 181,   5,  12,  25,  10,   1, 663],
       [ 46,   4,   3,  13,   9,   9,   1,  21,   0, 903]], dtype=int64)}, 25.243482999998378)
[2024-08-13 14:58:17,461][flwr][INFO] - configure_evaluate: no clients selected, skipping evaluation
[2024-08-13 14:58:17,461][flwr][INFO] - 
[2024-08-13 14:58:17,461][flwr][INFO] - [ROUND 8]
[2024-08-13 14:58:17,461][flwr][INFO] - configure_fit: strategy sampled 10 clients (out of 100)
[2024-08-13 14:58:18,627][flwr][INFO] - aggregate_fit: received 10 results and 0 failures
[2024-08-13 14:58:20,833][flwr][INFO] - fit progress: (8, 1.0854515607824307, {'accuracy': 0.6983, 'precision': 0.749292338200255, 'recall': 0.6983, 'f1': 0.6828584537922809, 'confusion_matrix': array([[781, 102,   3,   1,   2,  18,  46,  11,  16,   0],
       [  0, 865, 235,   1,   1,   3,   6,   1,  23,   0],
       [  5,  12, 865,  23,  24,   2,  18,  24,  59,   0],
       [  2,  28,  42, 612,  88,  50,  26,  13, 148,   1],
       [  8,   3,   6,   0, 815,  66,  21,  27,  36,   0],
       [ 12,  61,  16,  27,  20, 576,  67,  17,  96,   0],
       [ 10,  14,  39,   0,  17,   5, 796,  76,   1,   0],
       [ 20,  19,  45,   0,  23,   1,   1, 696, 223,   0],
       [  9,  15,  32,  10,  39,  27,  23,   1, 818,   0],
       [102,   5,   5,   1, 266, 102,   1,  85, 283, 159]], dtype=int64)}, 28.617119700007606)
[2024-08-13 14:58:20,834][flwr][INFO] - configure_evaluate: no clients selected, skipping evaluation
[2024-08-13 14:58:20,834][flwr][INFO] - 
[2024-08-13 14:58:20,834][flwr][INFO] - [ROUND 9]
[2024-08-13 14:58:20,834][flwr][INFO] - configure_fit: strategy sampled 10 clients (out of 100)
[2024-08-13 14:58:21,985][flwr][INFO] - aggregate_fit: received 10 results and 0 failures
[2024-08-13 14:58:24,063][flwr][INFO] - fit progress: (9, 1.0824339575496191, {'accuracy': 0.6809, 'precision': 0.740182609441228, 'recall': 0.6809, 'f1': 0.6547768724121362, 'confusion_matrix': array([[ 847,   65,    1,    9,    1,    5,   30,   14,    0,    8],
       [   0, 1036,   50,   13,    1,    2,   10,    2,    0,   21],
       [  10,   31,  511,  322,   14,    1,   25,   53,    7,   58],
       [   3,   12,    1,  849,    5,   14,   13,   19,    0,   94],
       [   5,    6,    2,    1,  542,    9,   17,   35,    0,  365],
       [  24,   80,    3,  103,   11,  430,   89,   35,    1,  116],
       [  12,   14,   11,    0,    5,    2,  816,   95,    0,    3],
       [  13,   23,   19,    6,    8,    0,    1,  841,    2,  115],
       [  18,   50,    5,  132,   10,   10,   33,   14,   16,  686],
       [  27,    4,    2,    9,   13,    5,    1,   27,    0,  921]],
      dtype=int64)}, 31.847386000008555)
[2024-08-13 14:58:24,064][flwr][INFO] - configure_evaluate: no clients selected, skipping evaluation
[2024-08-13 14:58:24,064][flwr][INFO] - 
[2024-08-13 14:58:24,064][flwr][INFO] - [ROUND 10]
[2024-08-13 14:58:24,064][flwr][INFO] - configure_fit: strategy sampled 10 clients (out of 100)
[2024-08-13 14:58:25,439][flwr][INFO] - aggregate_fit: received 10 results and 0 failures
[2024-08-13 14:58:27,490][flwr][INFO] - fit progress: (10, 1.0807454349575485, {'accuracy': 0.6834, 'precision': 0.7422542495171639, 'recall': 0.6834, 'f1': 0.6652140497595328, 'confusion_matrix': array([[798,  89,   2,   1,   2,  21,  36,  10,  21,   0],
       [  0, 679, 409,   2,   2,   4,   6,   1,  32,   0],
       [  6,   9, 839,  29,  36,   2,  17,  25,  69,   0],
       [  2,  11,  32, 628, 121,  41,  24,  12, 139,   0],
       [ 11,   2,   3,   0, 831,  66,  17,  19,  33,   0],
       [  8,  35,  13,  32,  22, 587,  66,  17, 112,   0],
       [ 11,   9,  28,   0,  20,   6, 808,  74,   2,   0],
       [ 26,   9,  48,   1,  31,   1,   1, 705, 206,   0],
       [ 10,   4,  28,  11,  37,  26,  22,   1, 835,   0],
       [131,   4,   4,   1, 285, 105,   1,  81, 273, 124]], dtype=int64)}, 35.27393540000776)
[2024-08-13 14:58:27,491][flwr][INFO] - configure_evaluate: no clients selected, skipping evaluation
[2024-08-13 14:58:27,491][flwr][INFO] - 
[2024-08-13 14:58:27,491][flwr][INFO] - [SUMMARY]
[2024-08-13 14:58:27,491][flwr][INFO] - Run finished 10 round(s) in 35.27s
[2024-08-13 14:58:27,499][flwr][INFO] - 	History (loss, centralized):
[2024-08-13 14:58:27,500][flwr][INFO] - 		round 0: 2.3025850929940455
[2024-08-13 14:58:27,500][flwr][INFO] - 		round 1: 1.2268565270111025
[2024-08-13 14:58:27,500][flwr][INFO] - 		round 2: 1.1666675132909028
[2024-08-13 14:58:27,500][flwr][INFO] - 		round 3: 1.1898276524241385
[2024-08-13 14:58:27,500][flwr][INFO] - 		round 4: 1.2079807074163063
[2024-08-13 14:58:27,500][flwr][INFO] - 		round 5: 1.1233179605784092
[2024-08-13 14:58:27,500][flwr][INFO] - 		round 6: 1.1356166747305485
[2024-08-13 14:58:27,500][flwr][INFO] - 		round 7: 1.1564960662760724
[2024-08-13 14:58:27,500][flwr][INFO] - 		round 8: 1.0854515607824307
[2024-08-13 14:58:27,500][flwr][INFO] - 		round 9: 1.0824339575496191
[2024-08-13 14:58:27,500][flwr][INFO] - 		round 10: 1.0807454349575485
[2024-08-13 14:58:27,500][flwr][INFO] - 	History (metrics, centralized):
[2024-08-13 14:58:27,500][flwr][INFO] - 	{'accuracy': [(0, 0.098),
[2024-08-13 14:58:27,500][flwr][INFO] - 	              (1, 0.6083),
[2024-08-13 14:58:27,501][flwr][INFO] - 	              (2, 0.6749),
[2024-08-13 14:58:27,501][flwr][INFO] - 	              (3, 0.5909),
[2024-08-13 14:58:27,501][flwr][INFO] - 	              (4, 0.6833),
[2024-08-13 14:58:27,501][flwr][INFO] - 	              (5, 0.6757),
[2024-08-13 14:58:27,501][flwr][INFO] - 	              (6, 0.6699),
[2024-08-13 14:58:27,501][flwr][INFO] - 	              (7, 0.6671),
[2024-08-13 14:58:27,501][flwr][INFO] - 	              (8, 0.6983),
[2024-08-13 14:58:27,501][flwr][INFO] - 	              (9, 0.6809),
[2024-08-13 14:58:27,501][flwr][INFO] - 	              (10, 0.6834)],
[2024-08-13 14:58:27,501][flwr][INFO] - 	 'confusion_matrix': [(0,
[2024-08-13 14:58:27,501][flwr][INFO] - 	                       array([[ 980,    0,    0,    0,    0,    0,    0,    0,    0,    0],
[2024-08-13 14:58:27,501][flwr][INFO] - 	       [1135,    0,    0,    0,    0,    0,    0,    0,    0,    0],
[2024-08-13 14:58:27,501][flwr][INFO] - 	       [1032,    0,    0,    0,    0,    0,    0,    0,    0,    0],
[2024-08-13 14:58:27,501][flwr][INFO] - 	       [1010,    0,    0,    0,    0,    0,    0,    0,    0,    0],
[2024-08-13 14:58:27,501][flwr][INFO] - 	       [ 982,    0,    0,    0,    0,    0,    0,    0,    0,    0],
[2024-08-13 14:58:27,501][flwr][INFO] - 	       [ 892,    0,    0,    0,    0,    0,    0,    0,    0,    0],
[2024-08-13 14:58:27,502][flwr][INFO] - 	       [ 958,    0,    0,    0,    0,    0,    0,    0,    0,    0],
[2024-08-13 14:58:27,502][flwr][INFO] - 	       [1028,    0,    0,    0,    0,    0,    0,    0,    0,    0],
[2024-08-13 14:58:27,502][flwr][INFO] - 	       [ 974,    0,    0,    0,    0,    0,    0,    0,    0,    0],
[2024-08-13 14:58:27,502][flwr][INFO] - 	       [1009,    0,    0,    0,    0,    0,    0,    0,    0,    0]],
[2024-08-13 14:58:27,502][flwr][INFO] - 	      dtype=int64)),
[2024-08-13 14:58:27,502][flwr][INFO] - 	                      (1,
[2024-08-13 14:58:27,502][flwr][INFO] - 	                       array([[955,   0,   1,  11,   0,   0,   8,   0,   5,   0],
[2024-08-13 14:58:27,502][flwr][INFO] - 	       [  0, 931, 110,  33,   0,   0,   6,   0,  14,  41],
[2024-08-13 14:58:27,502][flwr][INFO] - 	       [ 86,   1, 189, 643,   6,   0,  29,  11,  16,  51],
[2024-08-13 14:58:27,502][flwr][INFO] - 	       [ 11,   1,   1, 927,   5,   0,   4,   6,  10,  45],
[2024-08-13 14:58:27,502][flwr][INFO] - 	       [ 61,   3,   0,   3, 363,   0,  23,   9,   5, 515],
[2024-08-13 14:58:27,502][flwr][INFO] - 	       [248,  58,   2, 305,  14,  29,  32,   8,  76, 120],
[2024-08-13 14:58:27,502][flwr][INFO] - 	       [121,   7,   4,  14,   9,   0, 792,   6,   1,   4],
[2024-08-13 14:58:27,502][flwr][INFO] - 	       [ 54,  16,   7,  24,   4,   0,   1, 680,  54, 188],
[2024-08-13 14:58:27,502][flwr][INFO] - 	       [ 69,   4,   5, 325,   5,   0,  10,   2, 339, 215],
[2024-08-13 14:58:27,502][flwr][INFO] - 	       [ 78,   3,   0,  15,  20,   0,   1,   8,   6, 878]], dtype=int64)),
[2024-08-13 14:58:27,502][flwr][INFO] - 	                      (2,
[2024-08-13 14:58:27,503][flwr][INFO] - 	                       array([[793,   9,   3,   0,   4,  83,  62,  18,   8,   0],
[2024-08-13 14:58:27,503][flwr][INFO] - 	       [  0, 922, 185,   1,   1,   4,   3,   2,  17,   0],
[2024-08-13 14:58:27,503][flwr][INFO] - 	       [  9,  11, 866,   8,  40,   6,  17,  37,  38,   0],
[2024-08-13 14:58:27,503][flwr][INFO] - 	       [  0,  42,  68, 385, 229, 106,  27,  22, 131,   0],
[2024-08-13 14:58:27,503][flwr][INFO] - 	       [  3,   4,  10,   0, 766,  59,  19, 104,  17,   0],
[2024-08-13 14:58:27,503][flwr][INFO] - 	       [ 10,  86,  24,  17,  52, 605,  37,  31,  30,   0],
[2024-08-13 14:58:27,503][flwr][INFO] - 	       [  9,  14,  55,   0,  22,  17, 775,  66,   0,   0],
[2024-08-13 14:58:27,503][flwr][INFO] - 	       [  2,  26,  49,   0,  18,   0,   0, 886,  47,   0],
[2024-08-13 14:58:27,503][flwr][INFO] - 	       [  3,  38,  47,   2, 101,  75,  14,  13, 681,   0],
[2024-08-13 14:58:27,503][flwr][INFO] - 	       [ 13,   6,   5,   1, 356, 108,   1, 362,  87,  70]], dtype=int64)),
[2024-08-13 14:58:27,503][flwr][INFO] - 	                      (3,
[2024-08-13 14:58:27,503][flwr][INFO] - 	                       array([[ 903,    7,    1,   18,    0,    1,   37,    0,    0,   13],
[2024-08-13 14:58:27,503][flwr][INFO] - 	       [   0, 1028,   55,    7,    0,    0,    6,    0,    0,   39],
[2024-08-13 14:58:27,503][flwr][INFO] - 	       [  21,   16,  362,  496,    1,    0,   32,   13,   11,   80],
[2024-08-13 14:58:27,503][flwr][INFO] - 	       [   1,    9,    1,  873,    0,    4,   11,    7,    0,  104],
[2024-08-13 14:58:27,503][flwr][INFO] - 	       [  28,    6,    2,    1,  185,    1,   21,    8,    0,  730],
[2024-08-13 14:58:27,503][flwr][INFO] - 	       [  36,  124,    5,  242,    3,  177,   70,    8,    4,  223],
[2024-08-13 14:58:27,504][flwr][INFO] - 	       [  25,   22,    9,   10,    2,    0,  860,   24,    0,    6],
[2024-08-13 14:58:27,504][flwr][INFO] - 	       [  32,   30,   15,   12,    0,    0,    2,  552,    7,  378],
[2024-08-13 14:58:27,504][flwr][INFO] - 	       [  15,   55,    5,  194,    2,    1,   15,    1,   25,  661],
[2024-08-13 14:58:27,504][flwr][INFO] - 	       [  37,    4,    1,   14,    3,    1,    0,    5,    0,  944]],
[2024-08-13 14:58:27,504][flwr][INFO] - 	      dtype=int64)),
[2024-08-13 14:58:27,504][flwr][INFO] - 	                      (4,
[2024-08-13 14:58:27,504][flwr][INFO] - 	                       array([[857,  29,   1,   4,   3,  20,  26,  21,  19,   0],
[2024-08-13 14:58:27,504][flwr][INFO] - 	       [  0, 935, 165,   1,   2,   3,   4,   2,  23,   0],
[2024-08-13 14:58:27,504][flwr][INFO] - 	       [ 10,  18, 809,  25,  49,   1,  16,  47,  57,   0],
[2024-08-13 14:58:27,504][flwr][INFO] - 	       [  2,  37,  35, 498, 198,  54,  12,  23, 151,   0],
[2024-08-13 14:58:27,504][flwr][INFO] - 	       [  6,   5,   3,   0, 831,  24,   9,  82,  22,   0],
[2024-08-13 14:58:27,504][flwr][INFO] - 	       [ 13,  91,  17,  22,  53, 563,  30,  30,  73,   0],
[2024-08-13 14:58:27,504][flwr][INFO] - 	       [ 11,  16,  39,   0,  28,  14, 714, 134,   2,   0],
[2024-08-13 14:58:27,504][flwr][INFO] - 	       [  8,  22,  35,   0,  24,   0,   0, 853,  86,   0],
[2024-08-13 14:58:27,504][flwr][INFO] - 	       [  6,  32,  25,   6,  78,  30,  13,  11, 773,   0],
[2024-08-13 14:58:27,504][flwr][INFO] - 	       [ 32,   5,   2,   1, 451,  67,   0, 269, 182,   0]], dtype=int64)),
[2024-08-13 14:58:27,505][flwr][INFO] - 	                      (5,
[2024-08-13 14:58:27,505][flwr][INFO] - 	                       array([[863,  35,   2,  21,   0,   4,  48,   2,   0,   5],
[2024-08-13 14:58:27,505][flwr][INFO] - 	       [  0, 984, 113,  14,   1,   2,  13,   1,   0,   7],
[2024-08-13 14:58:27,505][flwr][INFO] - 	       [ 11,  22, 540, 357,   6,   0,  32,  23,  11,  30],
[2024-08-13 14:58:27,505][flwr][INFO] - 	       [  0,   7,   4, 902,   1,  16,  14,  10,   1,  55],
[2024-08-13 14:58:27,505][flwr][INFO] - 	       [ 23,   6,   3,   1, 454,  44,  36,  26,   1, 388],
[2024-08-13 14:58:27,505][flwr][INFO] - 	       [ 24,  94,  11, 190,   4, 413,  81,  14,   5,  56],
[2024-08-13 14:58:27,505][flwr][INFO] - 	       [ 12,  14,  13,   4,   2,   2, 873,  37,   0,   1],
[2024-08-13 14:58:27,505][flwr][INFO] - 	       [ 31,  31,  38,  16,   7,   0,   3, 768,  10, 124],
[2024-08-13 14:58:27,505][flwr][INFO] - 	       [ 16,  65,  16, 245,   5,  12,  34,   6,  67, 508],
[2024-08-13 14:58:27,505][flwr][INFO] - 	       [ 50,   6,   3,  16,  12,  11,   2,  16,   0, 893]], dtype=int64)),
[2024-08-13 14:58:27,505][flwr][INFO] - 	                      (6,
[2024-08-13 14:58:27,505][flwr][INFO] - 	                       array([[812,  72,   3,   0,   3,  17,  25,  16,  32,   0],
[2024-08-13 14:58:27,505][flwr][INFO] - 	       [  0, 906, 173,   1,   1,   1,   4,   1,  48,   0],
[2024-08-13 14:58:27,505][flwr][INFO] - 	       [  5,  15, 832,  11,  43,   1,  15,  29,  81,   0],
[2024-08-13 14:58:27,505][flwr][INFO] - 	       [  1,  33,  40, 394, 210,  39,  16,  17, 260,   0],
[2024-08-13 14:58:27,505][flwr][INFO] - 	       [  6,   4,   2,   0, 852,  18,  12,  38,  50,   0],
[2024-08-13 14:58:27,506][flwr][INFO] - 	       [  9,  69,  14,  13,  40, 524,  37,  22, 164,   0],
[2024-08-13 14:58:27,506][flwr][INFO] - 	       [ 10,  15,  40,   0,  23,  10, 746, 109,   5,   0],
[2024-08-13 14:58:27,506][flwr][INFO] - 	       [ 13,  16,  33,   0,  26,   0,   0, 701, 239,   0],
[2024-08-13 14:58:27,506][flwr][INFO] - 	       [  5,  11,  22,   1,  49,  12,  11,   3, 860,   0],
[2024-08-13 14:58:27,506][flwr][INFO] - 	       [ 36,   3,   4,   0, 341,  39,   0, 108, 406,  72]], dtype=int64)),
[2024-08-13 14:58:27,506][flwr][INFO] - 	                      (7,
[2024-08-13 14:58:27,506][flwr][INFO] - 	                       array([[883,  41,   1,  15,   0,   6,  20,   9,   0,   5],
[2024-08-13 14:58:27,506][flwr][INFO] - 	       [  0, 996,  94,  14,   1,   3,   8,   1,   0,  18],
[2024-08-13 14:58:27,506][flwr][INFO] - 	       [ 11,  18, 495, 384,   7,   1,  26,  42,   1,  47],
[2024-08-13 14:58:27,506][flwr][INFO] - 	       [  2,   7,   2, 873,   2,  17,  10,  16,   0,  81],
[2024-08-13 14:58:27,506][flwr][INFO] - 	       [ 20,   6,   2,   1, 431,  44,  17,  38,   0, 423],
[2024-08-13 14:58:27,506][flwr][INFO] - 	       [ 34,  74,   5, 145,   6, 460,  61,  29,   0,  78],
[2024-08-13 14:58:27,506][flwr][INFO] - 	       [ 17,  15,  12,   3,   3,   3, 824,  79,   0,   2],
[2024-08-13 14:58:27,506][flwr][INFO] - 	       [ 29,  22,  24,  10,   5,   0,   1, 805,   0, 132],
[2024-08-13 14:58:27,506][flwr][INFO] - 	       [ 19,  49,   9, 181,   5,  12,  25,  10,   1, 663],
[2024-08-13 14:58:27,506][flwr][INFO] - 	       [ 46,   4,   3,  13,   9,   9,   1,  21,   0, 903]], dtype=int64)),
[2024-08-13 14:58:27,506][flwr][INFO] - 	                      (8,
[2024-08-13 14:58:27,507][flwr][INFO] - 	                       array([[781, 102,   3,   1,   2,  18,  46,  11,  16,   0],
[2024-08-13 14:58:27,507][flwr][INFO] - 	       [  0, 865, 235,   1,   1,   3,   6,   1,  23,   0],
[2024-08-13 14:58:27,507][flwr][INFO] - 	       [  5,  12, 865,  23,  24,   2,  18,  24,  59,   0],
[2024-08-13 14:58:27,507][flwr][INFO] - 	       [  2,  28,  42, 612,  88,  50,  26,  13, 148,   1],
[2024-08-13 14:58:27,507][flwr][INFO] - 	       [  8,   3,   6,   0, 815,  66,  21,  27,  36,   0],
[2024-08-13 14:58:27,507][flwr][INFO] - 	       [ 12,  61,  16,  27,  20, 576,  67,  17,  96,   0],
[2024-08-13 14:58:27,507][flwr][INFO] - 	       [ 10,  14,  39,   0,  17,   5, 796,  76,   1,   0],
[2024-08-13 14:58:27,507][flwr][INFO] - 	       [ 20,  19,  45,   0,  23,   1,   1, 696, 223,   0],
[2024-08-13 14:58:27,507][flwr][INFO] - 	       [  9,  15,  32,  10,  39,  27,  23,   1, 818,   0],
[2024-08-13 14:58:27,507][flwr][INFO] - 	       [102,   5,   5,   1, 266, 102,   1,  85, 283, 159]], dtype=int64)),
[2024-08-13 14:58:27,507][flwr][INFO] - 	                      (9,
[2024-08-13 14:58:27,507][flwr][INFO] - 	                       array([[ 847,   65,    1,    9,    1,    5,   30,   14,    0,    8],
[2024-08-13 14:58:27,507][flwr][INFO] - 	       [   0, 1036,   50,   13,    1,    2,   10,    2,    0,   21],
[2024-08-13 14:58:27,507][flwr][INFO] - 	       [  10,   31,  511,  322,   14,    1,   25,   53,    7,   58],
[2024-08-13 14:58:27,507][flwr][INFO] - 	       [   3,   12,    1,  849,    5,   14,   13,   19,    0,   94],
[2024-08-13 14:58:27,507][flwr][INFO] - 	       [   5,    6,    2,    1,  542,    9,   17,   35,    0,  365],
[2024-08-13 14:58:27,507][flwr][INFO] - 	       [  24,   80,    3,  103,   11,  430,   89,   35,    1,  116],
[2024-08-13 14:58:27,508][flwr][INFO] - 	       [  12,   14,   11,    0,    5,    2,  816,   95,    0,    3],
[2024-08-13 14:58:27,508][flwr][INFO] - 	       [  13,   23,   19,    6,    8,    0,    1,  841,    2,  115],
[2024-08-13 14:58:27,508][flwr][INFO] - 	       [  18,   50,    5,  132,   10,   10,   33,   14,   16,  686],
[2024-08-13 14:58:27,508][flwr][INFO] - 	       [  27,    4,    2,    9,   13,    5,    1,   27,    0,  921]],
[2024-08-13 14:58:27,508][flwr][INFO] - 	      dtype=int64)),
[2024-08-13 14:58:27,508][flwr][INFO] - 	                      (10,
[2024-08-13 14:58:27,508][flwr][INFO] - 	                       array([[798,  89,   2,   1,   2,  21,  36,  10,  21,   0],
[2024-08-13 14:58:27,508][flwr][INFO] - 	       [  0, 679, 409,   2,   2,   4,   6,   1,  32,   0],
[2024-08-13 14:58:27,508][flwr][INFO] - 	       [  6,   9, 839,  29,  36,   2,  17,  25,  69,   0],
[2024-08-13 14:58:27,508][flwr][INFO] - 	       [  2,  11,  32, 628, 121,  41,  24,  12, 139,   0],
[2024-08-13 14:58:27,508][flwr][INFO] - 	       [ 11,   2,   3,   0, 831,  66,  17,  19,  33,   0],
[2024-08-13 14:58:27,508][flwr][INFO] - 	       [  8,  35,  13,  32,  22, 587,  66,  17, 112,   0],
[2024-08-13 14:58:27,508][flwr][INFO] - 	       [ 11,   9,  28,   0,  20,   6, 808,  74,   2,   0],
[2024-08-13 14:58:27,508][flwr][INFO] - 	       [ 26,   9,  48,   1,  31,   1,   1, 705, 206,   0],
[2024-08-13 14:58:27,508][flwr][INFO] - 	       [ 10,   4,  28,  11,  37,  26,  22,   1, 835,   0],
[2024-08-13 14:58:27,508][flwr][INFO] - 	       [131,   4,   4,   1, 285, 105,   1,  81, 273, 124]], dtype=int64))],
[2024-08-13 14:58:27,509][flwr][INFO] - 	 'f1': [(0, 0.017493624772313296),
[2024-08-13 14:58:27,509][flwr][INFO] - 	        (1, 0.5726239905297201),
[2024-08-13 14:58:27,509][flwr][INFO] - 	        (2, 0.6481438523360495),
[2024-08-13 14:58:27,509][flwr][INFO] - 	        (3, 0.5537519807703872),
[2024-08-13 14:58:27,509][flwr][INFO] - 	        (4, 0.6512964047587179),
[2024-08-13 14:58:27,509][flwr][INFO] - 	        (5, 0.6514053994122256),
[2024-08-13 14:58:27,509][flwr][INFO] - 	        (6, 0.6493019374233894),
[2024-08-13 14:58:27,509][flwr][INFO] - 	        (7, 0.6377732531765673),
[2024-08-13 14:58:27,509][flwr][INFO] - 	        (8, 0.6828584537922809),
[2024-08-13 14:58:27,509][flwr][INFO] - 	        (9, 0.6547768724121362),
[2024-08-13 14:58:27,509][flwr][INFO] - 	        (10, 0.6652140497595328)],
[2024-08-13 14:58:27,509][flwr][INFO] - 	 'precision': [(0, 0.009604000000000001),
[2024-08-13 14:58:27,509][flwr][INFO] - 	               (1, 0.7188746304256021),
[2024-08-13 14:58:27,509][flwr][INFO] - 	               (2, 0.7433757911917255),
[2024-08-13 14:58:27,509][flwr][INFO] - 	               (3, 0.7292322524640688),
[2024-08-13 14:58:27,509][flwr][INFO] - 	               (4, 0.6512417558284322),
[2024-08-13 14:58:27,509][flwr][INFO] - 	               (5, 0.7341051854415893),
[2024-08-13 14:58:27,510][flwr][INFO] - 	               (6, 0.762077284704998),
[2024-08-13 14:58:27,510][flwr][INFO] - 	               (7, 0.7159914528636167),
[2024-08-13 14:58:27,510][flwr][INFO] - 	               (8, 0.749292338200255),
[2024-08-13 14:58:27,510][flwr][INFO] - 	               (9, 0.740182609441228),
[2024-08-13 14:58:27,510][flwr][INFO] - 	               (10, 0.7422542495171639)],
[2024-08-13 14:58:27,510][flwr][INFO] - 	 'recall': [(0, 0.098),
[2024-08-13 14:58:27,510][flwr][INFO] - 	            (1, 0.6083),
[2024-08-13 14:58:27,510][flwr][INFO] - 	            (2, 0.6749),
[2024-08-13 14:58:27,510][flwr][INFO] - 	            (3, 0.5909),
[2024-08-13 14:58:27,510][flwr][INFO] - 	            (4, 0.6833),
[2024-08-13 14:58:27,510][flwr][INFO] - 	            (5, 0.6757),
[2024-08-13 14:58:27,510][flwr][INFO] - 	            (6, 0.6699),
[2024-08-13 14:58:27,510][flwr][INFO] - 	            (7, 0.6671),
[2024-08-13 14:58:27,510][flwr][INFO] - 	            (8, 0.6983),
[2024-08-13 14:58:27,510][flwr][INFO] - 	            (9, 0.6809),
[2024-08-13 14:58:27,510][flwr][INFO] - 	            (10, 0.6834)]}
[2024-08-13 14:58:27,510][flwr][INFO] - 
