[2024-08-13 15:24:09,402][flwr][INFO] - Starting Flower simulation, config: num_rounds=10, no round_timeout
[2024-08-13 15:24:13,489][flwr][INFO] - Flower VCE: Ray initialized with resources: {'CPU': 16.0, 'accelerator_type:G': 1.0, 'GPU': 1.0, 'object_store_memory': 2482077696.0, 'node:127.0.0.1': 1.0, 'memory': 4964155392.0, 'node:__internal_head__': 1.0}
[2024-08-13 15:24:13,489][flwr][INFO] - Optimize your simulation with Flower VCE: https://flower.ai/docs/framework/how-to-run-simulations.html
[2024-08-13 15:24:13,489][flwr][INFO] - Flower VCE: Resources for each Virtual Client: {'num_cpus': 2, 'num_gpus': 0.5}
[2024-08-13 15:24:13,501][flwr][INFO] - Flower VCE: Creating VirtualClientEngineActorPool with 2 actors
[2024-08-13 15:24:13,503][flwr][INFO] - [INIT]
[2024-08-13 15:24:13,503][flwr][INFO] - Requesting initial parameters from one random client
[2024-08-13 15:24:21,017][flwr][INFO] - Received initial parameters from one random client
[2024-08-13 15:24:21,017][flwr][INFO] - Evaluating initial global parameters
[2024-08-13 15:24:23,245][flwr][INFO] - initial parameters (loss, other metrics): 2.3025850929940455, {'accuracy': 0.098, 'precision': 0.009604000000000001, 'recall': 0.098, 'f1': 0.017493624772313296, 'confusion_matrix': array([[ 980,    0,    0,    0,    0,    0,    0,    0,    0,    0],
       [1135,    0,    0,    0,    0,    0,    0,    0,    0,    0],
       [1032,    0,    0,    0,    0,    0,    0,    0,    0,    0],
       [1010,    0,    0,    0,    0,    0,    0,    0,    0,    0],
       [ 982,    0,    0,    0,    0,    0,    0,    0,    0,    0],
       [ 892,    0,    0,    0,    0,    0,    0,    0,    0,    0],
       [ 958,    0,    0,    0,    0,    0,    0,    0,    0,    0],
       [1028,    0,    0,    0,    0,    0,    0,    0,    0,    0],
       [ 974,    0,    0,    0,    0,    0,    0,    0,    0,    0],
       [1009,    0,    0,    0,    0,    0,    0,    0,    0,    0]],
      dtype=int64)}
[2024-08-13 15:24:23,245][flwr][INFO] - 
[2024-08-13 15:24:23,245][flwr][INFO] - [ROUND 1]
[2024-08-13 15:24:23,246][flwr][INFO] - configure_fit: strategy sampled 10 clients (out of 100)
[2024-08-13 15:24:26,701][flwr][INFO] - aggregate_fit: received 10 results and 0 failures
[2024-08-13 15:24:26,704][flwr][WARNING] - No fit_metrics_aggregation_fn provided
[2024-08-13 15:24:28,924][flwr][INFO] - fit progress: (1, 1.017611498917192, {'accuracy': 0.7089, 'precision': 0.7736451409628564, 'recall': 0.7089, 'f1': 0.6801753050839354, 'confusion_matrix': array([[ 961,    0,    1,    1,    0,    0,    7,    0,    9,    1],
       [   0, 1041,   41,    4,    0,    0,    4,    0,   23,   22],
       [ 105,   26,  656,   92,   19,    0,   19,   16,   74,   25],
       [  41,   10,   10,  827,    5,    0,    9,    7,   52,   49],
       [  21,    6,    1,    0,  606,    0,   12,    2,   16,  318],
       [ 283,   65,    6,  182,   29,    1,   26,   13,  171,  116],
       [ 131,   19,   11,    2,   27,    0,  759,    1,    6,    2],
       [  30,   36,   15,    3,   15,    0,    0,  676,   71,  182],
       [  63,   16,    4,   96,   10,    0,   11,    3,  693,   78],
       [  48,    6,    0,    4,   49,    0,    1,    3,   29,  869]],
      dtype=int64)}, 5.678000899992185)
[2024-08-13 15:24:28,925][flwr][INFO] - configure_evaluate: no clients selected, skipping evaluation
[2024-08-13 15:24:28,925][flwr][INFO] - 
[2024-08-13 15:24:28,925][flwr][INFO] - [ROUND 2]
[2024-08-13 15:24:28,926][flwr][INFO] - configure_fit: strategy sampled 10 clients (out of 100)
[2024-08-13 15:24:30,121][flwr][INFO] - aggregate_fit: received 10 results and 0 failures
[2024-08-13 15:24:32,345][flwr][INFO] - fit progress: (2, 0.8606161646162084, {'accuracy': 0.7818, 'precision': 0.8018907265404761, 'recall': 0.7818, 'f1': 0.7722626107923425, 'confusion_matrix': array([[ 893,    1,    5,    5,    3,    2,   58,    4,    9,    0],
       [   0, 1026,   92,    6,    0,    1,    6,    1,    3,    0],
       [  16,   18,  852,   47,   27,    0,   23,   29,   19,    1],
       [   2,   11,   30,  873,    4,   12,   13,   21,   32,   12],
       [   4,    8,    7,    0,  909,    0,   18,   11,   12,   13],
       [  18,   68,   22,  190,   50,  402,   63,   42,   29,    8],
       [  15,   12,   34,    1,   25,    3,  861,    7,    0,    0],
       [   3,   36,   47,    0,   19,    0,    1,  906,   10,    6],
       [  14,   38,   39,  140,   35,    9,   33,   20,  628,   18],
       [  23,   16,    4,    8,  302,    2,    4,  158,   24,  468]],
      dtype=int64)}, 9.099789300002158)
[2024-08-13 15:24:32,346][flwr][INFO] - configure_evaluate: no clients selected, skipping evaluation
[2024-08-13 15:24:32,346][flwr][INFO] - 
[2024-08-13 15:24:32,346][flwr][INFO] - [ROUND 3]
[2024-08-13 15:24:32,347][flwr][INFO] - configure_fit: strategy sampled 10 clients (out of 100)
[2024-08-13 15:24:33,523][flwr][INFO] - aggregate_fit: received 10 results and 0 failures
[2024-08-13 15:24:35,729][flwr][INFO] - fit progress: (3, 0.8427083153427528, {'accuracy': 0.7974, 'precision': 0.8205475559340357, 'recall': 0.7974, 'f1': 0.7976125518668109, 'confusion_matrix': array([[ 901,    1,    2,    1,    0,   27,   24,    2,   20,    2],
       [   0, 1065,   28,    4,    0,    7,    3,    0,   21,    7],
       [  15,   30,  779,   49,   11,    2,   21,   24,   72,   29],
       [   3,   14,   16,  783,    2,   61,    9,   13,   60,   49],
       [   7,    7,    2,    0,  504,    3,   13,    3,   21,  422],
       [  14,   59,    4,   64,    4,  644,   25,   13,   38,   27],
       [  22,   19,   23,    1,   14,   19,  845,   12,    2,    1],
       [   6,   37,   22,    1,    9,    0,    0,  769,   59,  125],
       [   5,   22,    8,   39,    4,   37,   16,    5,  765,   73],
       [  17,    8,    3,    4,   16,   10,    0,    9,   23,  919]],
      dtype=int64)}, 12.483809299999848)
[2024-08-13 15:24:35,730][flwr][INFO] - configure_evaluate: no clients selected, skipping evaluation
[2024-08-13 15:24:35,730][flwr][INFO] - 
[2024-08-13 15:24:35,730][flwr][INFO] - [ROUND 4]
[2024-08-13 15:24:35,731][flwr][INFO] - configure_fit: strategy sampled 10 clients (out of 100)
[2024-08-13 15:24:36,924][flwr][INFO] - aggregate_fit: received 10 results and 0 failures
[2024-08-13 15:24:39,176][flwr][INFO] - fit progress: (4, 0.8503067284958419, {'accuracy': 0.77, 'precision': 0.8107612019619832, 'recall': 0.77, 'f1': 0.755837342634485, 'confusion_matrix': array([[ 908,    1,    3,   11,    3,    3,   39,    6,    6,    0],
       [   0, 1039,   69,   16,    1,    2,    5,    2,    1,    0],
       [  14,   10,  816,   84,   36,    0,   22,   34,   16,    0],
       [   0,    4,   14,  915,   10,    8,   10,   25,   21,    3],
       [   5,    5,    1,    0,  941,    1,   12,   11,    4,    2],
       [  16,   64,   12,  209,   66,  423,   44,   35,   18,    5],
       [  13,   12,   21,    4,   34,    4,  857,   13,    0,    0],
       [   5,   31,   40,    4,   25,    0,    1,  914,    7,    1],
       [  13,   35,   25,  184,   58,   11,   28,   25,  591,    4],
       [  24,   11,    3,   12,  462,    3,    1,  183,   14,  296]],
      dtype=int64)}, 15.930289800002356)
[2024-08-13 15:24:39,177][flwr][INFO] - configure_evaluate: no clients selected, skipping evaluation
[2024-08-13 15:24:39,177][flwr][INFO] - 
[2024-08-13 15:24:39,177][flwr][INFO] - [ROUND 5]
[2024-08-13 15:24:39,178][flwr][INFO] - configure_fit: strategy sampled 10 clients (out of 100)
[2024-08-13 15:24:40,322][flwr][INFO] - aggregate_fit: received 10 results and 0 failures
[2024-08-13 15:24:42,550][flwr][INFO] - fit progress: (5, 0.8225510738333079, {'accuracy': 0.8092, 'precision': 0.8280437703779516, 'recall': 0.8092, 'f1': 0.8088684764552867, 'confusion_matrix': array([[ 907,    2,    3,    1,    0,   17,   33,    3,   14,    0],
       [   0, 1049,   48,    4,    1,    6,    5,    0,   18,    4],
       [  13,   16,  820,   40,    9,    2,   27,   28,   54,   23],
       [   2,    7,   19,  798,    3,   48,   17,   15,   49,   52],
       [   5,    7,    2,    0,  520,    6,   24,    5,   19,  394],
       [  12,   51,    4,   63,    3,  647,   38,   14,   31,   29],
       [  14,   14,   21,    1,    5,   17,  867,   15,    2,    2],
       [   6,   29,   31,    1,    9,    0,    1,  814,   42,   95],
       [   8,   26,   13,   33,    5,   34,   21,    5,  756,   73],
       [  20,    7,    2,    5,   13,   10,    2,   16,   20,  914]],
      dtype=int64)}, 19.304301600001054)
[2024-08-13 15:24:42,551][flwr][INFO] - configure_evaluate: no clients selected, skipping evaluation
[2024-08-13 15:24:42,551][flwr][INFO] - 
[2024-08-13 15:24:42,551][flwr][INFO] - [ROUND 6]
[2024-08-13 15:24:42,551][flwr][INFO] - configure_fit: strategy sampled 10 clients (out of 100)
[2024-08-13 15:24:43,863][flwr][INFO] - aggregate_fit: received 10 results and 0 failures
[2024-08-13 15:24:46,103][flwr][INFO] - fit progress: (6, 0.8221146300712131, {'accuracy': 0.8001, 'precision': 0.8263485349432219, 'recall': 0.8001, 'f1': 0.7932972220442869, 'confusion_matrix': array([[ 921,    3,    2,    4,    4,    5,   30,    5,    6,    0],
       [   0, 1044,   53,   15,    3,    3,    5,    1,   11,    0],
       [  13,   13,  810,   67,   38,    0,   21,   33,   36,    1],
       [   1,    5,   12,  881,   16,   21,   12,   25,   33,    4],
       [   2,    3,    1,    0,  948,    1,   12,    9,    4,    2],
       [  13,   53,    7,  118,   62,  554,   39,   22,   20,    4],
       [  13,    8,   18,    2,   36,    6,  862,   13,    0,    0],
       [   6,   28,   38,    2,   32,    0,    1,  898,   18,    5],
       [  15,   35,   15,  100,   64,   18,   26,   15,  682,    4],
       [  27,   11,    2,    8,  414,    7,    1,  119,   19,  401]],
      dtype=int64)}, 22.857583899996825)
[2024-08-13 15:24:46,104][flwr][INFO] - configure_evaluate: no clients selected, skipping evaluation
[2024-08-13 15:24:46,104][flwr][INFO] - 
[2024-08-13 15:24:46,104][flwr][INFO] - [ROUND 7]
[2024-08-13 15:24:46,105][flwr][INFO] - configure_fit: strategy sampled 10 clients (out of 100)
[2024-08-13 15:24:47,242][flwr][INFO] - aggregate_fit: received 10 results and 0 failures
[2024-08-13 15:24:49,479][flwr][INFO] - fit progress: (7, 0.8056023183378865, {'accuracy': 0.8143, 'precision': 0.8333158622796433, 'recall': 0.8143, 'f1': 0.8146119813652662, 'confusion_matrix': array([[ 933,    2,    3,    3,    0,    8,   19,    3,    8,    1],
       [   0, 1051,   43,    5,    1,    6,    5,    0,   16,    8],
       [  12,   14,  821,   42,    9,    1,   27,   29,   51,   26],
       [   5,    6,   16,  815,    3,   42,   14,   15,   37,   57],
       [   7,    7,    2,    0,  561,    1,   22,    6,   12,  364],
       [  16,   49,    4,   64,    9,  631,   37,   16,   31,   35],
       [  14,   13,   19,    1,    6,   14,  867,   21,    1,    2],
       [  10,   28,   31,    1,    9,    0,    1,  815,   33,  100],
       [  13,   27,   14,   37,    4,   28,   19,    5,  725,  102],
       [  23,    6,    2,    5,   12,    6,    1,   16,   14,  924]],
      dtype=int64)}, 26.233959399993182)
[2024-08-13 15:24:49,480][flwr][INFO] - configure_evaluate: no clients selected, skipping evaluation
[2024-08-13 15:24:49,480][flwr][INFO] - 
[2024-08-13 15:24:49,480][flwr][INFO] - [ROUND 8]
[2024-08-13 15:24:49,481][flwr][INFO] - configure_fit: strategy sampled 10 clients (out of 100)
[2024-08-13 15:24:50,668][flwr][INFO] - aggregate_fit: received 10 results and 0 failures
[2024-08-13 15:24:52,899][flwr][INFO] - fit progress: (8, 0.8174184784311704, {'accuracy': 0.7972, 'precision': 0.8254203242831297, 'recall': 0.7972, 'f1': 0.7847485860667923, 'confusion_matrix': array([[ 918,    8,    3,    6,    4,    6,   24,    5,    6,    0],
       [   0, 1057,   36,   13,    2,    3,    5,    2,   17,    0],
       [  10,   20,  783,   71,   40,    0,   20,   37,   50,    1],
       [   0,    6,    9,  876,   11,   31,    7,   25,   43,    2],
       [   3,    3,    1,    0,  944,    2,   13,   10,    5,    1],
       [  11,   50,    4,   92,   42,  603,   36,   23,   30,    1],
       [  10,   12,   14,    2,   31,    9,  862,   17,    1,    0],
       [   9,   27,   27,    3,   31,    0,    1,  897,   32,    1],
       [  14,   31,   10,   72,   43,   20,   20,   11,  753,    0],
       [  34,    8,    3,    7,  447,   19,    1,  146,   65,  279]],
      dtype=int64)}, 29.652739700002712)
[2024-08-13 15:24:52,899][flwr][INFO] - configure_evaluate: no clients selected, skipping evaluation
[2024-08-13 15:24:52,899][flwr][INFO] - 
[2024-08-13 15:24:52,900][flwr][INFO] - [ROUND 9]
[2024-08-13 15:24:52,900][flwr][INFO] - configure_fit: strategy sampled 10 clients (out of 100)
[2024-08-13 15:24:54,073][flwr][INFO] - aggregate_fit: received 10 results and 0 failures
[2024-08-13 15:24:56,453][flwr][INFO] - fit progress: (9, 0.7809027910934967, {'accuracy': 0.8368, 'precision': 0.8408967665025991, 'recall': 0.8368, 'f1': 0.8358043022052245, 'confusion_matrix': array([[ 922,    8,    3,    6,    1,    8,   22,    4,    6,    0],
       [   0, 1062,   38,   11,    1,    5,    5,    0,   10,    3],
       [  11,   23,  813,   60,   11,    0,   27,   29,   44,   14],
       [   1,    9,   12,  863,    3,   35,   10,   15,   23,   39],
       [   3,    5,    2,    1,  788,    2,   21,    7,   10,  143],
       [  13,   48,    4,   79,   13,  632,   38,   16,   25,   24],
       [  13,   12,   18,    2,   11,    9,  879,   13,    1,    0],
       [  10,   31,   35,    5,   17,    0,    2,  843,   25,   60],
       [  16,   39,   13,   70,   13,   35,   23,    8,  676,   81],
       [  24,    7,    3,    8,   27,   12,    1,   27,   10,  890]],
      dtype=int64)}, 33.20793319999939)
[2024-08-13 15:24:56,454][flwr][INFO] - configure_evaluate: no clients selected, skipping evaluation
[2024-08-13 15:24:56,454][flwr][INFO] - 
[2024-08-13 15:24:56,454][flwr][INFO] - [ROUND 10]
[2024-08-13 15:24:56,455][flwr][INFO] - configure_fit: strategy sampled 10 clients (out of 100)
[2024-08-13 15:24:57,717][flwr][INFO] - aggregate_fit: received 10 results and 0 failures
[2024-08-13 15:24:59,943][flwr][INFO] - fit progress: (10, 0.7596140398410629, {'accuracy': 0.8355, 'precision': 0.8462110109861538, 'recall': 0.8355, 'f1': 0.8320412633955215, 'confusion_matrix': array([[ 932,    5,    6,    3,    3,    4,   17,    4,    6,    0],
       [   0, 1058,   42,    5,    2,    4,    5,    2,   17,    0],
       [  11,   13,  865,   22,   29,    0,   19,   33,   39,    1],
       [   5,    8,   25,  826,   13,   36,   14,   24,   56,    3],
       [   4,    3,    2,    0,  933,    2,   15,   13,    6,    4],
       [  21,   43,    6,   63,   29,  618,   44,   25,   40,    3],
       [  14,    7,   20,    0,   21,    6,  871,   18,    1,    0],
       [   9,   29,   42,    1,   25,    0,    1,  899,   21,    1],
       [  20,   25,   23,   26,   31,   21,   23,   13,  788,    4],
       [  41,    8,    5,    3,  213,   13,    1,  123,   37,  565]],
      dtype=int64)}, 36.69750599999679)
[2024-08-13 15:24:59,944][flwr][INFO] - configure_evaluate: no clients selected, skipping evaluation
[2024-08-13 15:24:59,944][flwr][INFO] - 
[2024-08-13 15:24:59,944][flwr][INFO] - [SUMMARY]
[2024-08-13 15:24:59,944][flwr][INFO] - Run finished 10 round(s) in 36.70s
[2024-08-13 15:24:59,952][flwr][INFO] - 	History (loss, centralized):
[2024-08-13 15:24:59,952][flwr][INFO] - 		round 0: 2.3025850929940455
[2024-08-13 15:24:59,952][flwr][INFO] - 		round 1: 1.017611498917192
[2024-08-13 15:24:59,952][flwr][INFO] - 		round 2: 0.8606161646162084
[2024-08-13 15:24:59,952][flwr][INFO] - 		round 3: 0.8427083153427528
[2024-08-13 15:24:59,952][flwr][INFO] - 		round 4: 0.8503067284958419
[2024-08-13 15:24:59,953][flwr][INFO] - 		round 5: 0.8225510738333079
[2024-08-13 15:24:59,953][flwr][INFO] - 		round 6: 0.8221146300712131
[2024-08-13 15:24:59,953][flwr][INFO] - 		round 7: 0.8056023183378865
[2024-08-13 15:24:59,953][flwr][INFO] - 		round 8: 0.8174184784311704
[2024-08-13 15:24:59,953][flwr][INFO] - 		round 9: 0.7809027910934967
[2024-08-13 15:24:59,953][flwr][INFO] - 		round 10: 0.7596140398410629
[2024-08-13 15:24:59,953][flwr][INFO] - 	History (metrics, centralized):
[2024-08-13 15:24:59,953][flwr][INFO] - 	{'accuracy': [(0, 0.098),
[2024-08-13 15:24:59,953][flwr][INFO] - 	              (1, 0.7089),
[2024-08-13 15:24:59,953][flwr][INFO] - 	              (2, 0.7818),
[2024-08-13 15:24:59,953][flwr][INFO] - 	              (3, 0.7974),
[2024-08-13 15:24:59,953][flwr][INFO] - 	              (4, 0.77),
[2024-08-13 15:24:59,953][flwr][INFO] - 	              (5, 0.8092),
[2024-08-13 15:24:59,953][flwr][INFO] - 	              (6, 0.8001),
[2024-08-13 15:24:59,954][flwr][INFO] - 	              (7, 0.8143),
[2024-08-13 15:24:59,954][flwr][INFO] - 	              (8, 0.7972),
[2024-08-13 15:24:59,954][flwr][INFO] - 	              (9, 0.8368),
[2024-08-13 15:24:59,954][flwr][INFO] - 	              (10, 0.8355)],
[2024-08-13 15:24:59,954][flwr][INFO] - 	 'confusion_matrix': [(0,
[2024-08-13 15:24:59,954][flwr][INFO] - 	                       array([[ 980,    0,    0,    0,    0,    0,    0,    0,    0,    0],
[2024-08-13 15:24:59,954][flwr][INFO] - 	       [1135,    0,    0,    0,    0,    0,    0,    0,    0,    0],
[2024-08-13 15:24:59,954][flwr][INFO] - 	       [1032,    0,    0,    0,    0,    0,    0,    0,    0,    0],
[2024-08-13 15:24:59,954][flwr][INFO] - 	       [1010,    0,    0,    0,    0,    0,    0,    0,    0,    0],
[2024-08-13 15:24:59,954][flwr][INFO] - 	       [ 982,    0,    0,    0,    0,    0,    0,    0,    0,    0],
[2024-08-13 15:24:59,954][flwr][INFO] - 	       [ 892,    0,    0,    0,    0,    0,    0,    0,    0,    0],
[2024-08-13 15:24:59,954][flwr][INFO] - 	       [ 958,    0,    0,    0,    0,    0,    0,    0,    0,    0],
[2024-08-13 15:24:59,954][flwr][INFO] - 	       [1028,    0,    0,    0,    0,    0,    0,    0,    0,    0],
[2024-08-13 15:24:59,954][flwr][INFO] - 	       [ 974,    0,    0,    0,    0,    0,    0,    0,    0,    0],
[2024-08-13 15:24:59,954][flwr][INFO] - 	       [1009,    0,    0,    0,    0,    0,    0,    0,    0,    0]],
[2024-08-13 15:24:59,954][flwr][INFO] - 	      dtype=int64)),
[2024-08-13 15:24:59,954][flwr][INFO] - 	                      (1,
[2024-08-13 15:24:59,955][flwr][INFO] - 	                       array([[ 961,    0,    1,    1,    0,    0,    7,    0,    9,    1],
[2024-08-13 15:24:59,955][flwr][INFO] - 	       [   0, 1041,   41,    4,    0,    0,    4,    0,   23,   22],
[2024-08-13 15:24:59,955][flwr][INFO] - 	       [ 105,   26,  656,   92,   19,    0,   19,   16,   74,   25],
[2024-08-13 15:24:59,955][flwr][INFO] - 	       [  41,   10,   10,  827,    5,    0,    9,    7,   52,   49],
[2024-08-13 15:24:59,955][flwr][INFO] - 	       [  21,    6,    1,    0,  606,    0,   12,    2,   16,  318],
[2024-08-13 15:24:59,955][flwr][INFO] - 	       [ 283,   65,    6,  182,   29,    1,   26,   13,  171,  116],
[2024-08-13 15:24:59,955][flwr][INFO] - 	       [ 131,   19,   11,    2,   27,    0,  759,    1,    6,    2],
[2024-08-13 15:24:59,955][flwr][INFO] - 	       [  30,   36,   15,    3,   15,    0,    0,  676,   71,  182],
[2024-08-13 15:24:59,955][flwr][INFO] - 	       [  63,   16,    4,   96,   10,    0,   11,    3,  693,   78],
[2024-08-13 15:24:59,955][flwr][INFO] - 	       [  48,    6,    0,    4,   49,    0,    1,    3,   29,  869]],
[2024-08-13 15:24:59,955][flwr][INFO] - 	      dtype=int64)),
[2024-08-13 15:24:59,955][flwr][INFO] - 	                      (2,
[2024-08-13 15:24:59,955][flwr][INFO] - 	                       array([[ 893,    1,    5,    5,    3,    2,   58,    4,    9,    0],
[2024-08-13 15:24:59,955][flwr][INFO] - 	       [   0, 1026,   92,    6,    0,    1,    6,    1,    3,    0],
[2024-08-13 15:24:59,955][flwr][INFO] - 	       [  16,   18,  852,   47,   27,    0,   23,   29,   19,    1],
[2024-08-13 15:24:59,955][flwr][INFO] - 	       [   2,   11,   30,  873,    4,   12,   13,   21,   32,   12],
[2024-08-13 15:24:59,955][flwr][INFO] - 	       [   4,    8,    7,    0,  909,    0,   18,   11,   12,   13],
[2024-08-13 15:24:59,956][flwr][INFO] - 	       [  18,   68,   22,  190,   50,  402,   63,   42,   29,    8],
[2024-08-13 15:24:59,956][flwr][INFO] - 	       [  15,   12,   34,    1,   25,    3,  861,    7,    0,    0],
[2024-08-13 15:24:59,956][flwr][INFO] - 	       [   3,   36,   47,    0,   19,    0,    1,  906,   10,    6],
[2024-08-13 15:24:59,956][flwr][INFO] - 	       [  14,   38,   39,  140,   35,    9,   33,   20,  628,   18],
[2024-08-13 15:24:59,956][flwr][INFO] - 	       [  23,   16,    4,    8,  302,    2,    4,  158,   24,  468]],
[2024-08-13 15:24:59,956][flwr][INFO] - 	      dtype=int64)),
[2024-08-13 15:24:59,956][flwr][INFO] - 	                      (3,
[2024-08-13 15:24:59,956][flwr][INFO] - 	                       array([[ 901,    1,    2,    1,    0,   27,   24,    2,   20,    2],
[2024-08-13 15:24:59,956][flwr][INFO] - 	       [   0, 1065,   28,    4,    0,    7,    3,    0,   21,    7],
[2024-08-13 15:24:59,956][flwr][INFO] - 	       [  15,   30,  779,   49,   11,    2,   21,   24,   72,   29],
[2024-08-13 15:24:59,956][flwr][INFO] - 	       [   3,   14,   16,  783,    2,   61,    9,   13,   60,   49],
[2024-08-13 15:24:59,956][flwr][INFO] - 	       [   7,    7,    2,    0,  504,    3,   13,    3,   21,  422],
[2024-08-13 15:24:59,956][flwr][INFO] - 	       [  14,   59,    4,   64,    4,  644,   25,   13,   38,   27],
[2024-08-13 15:24:59,956][flwr][INFO] - 	       [  22,   19,   23,    1,   14,   19,  845,   12,    2,    1],
[2024-08-13 15:24:59,956][flwr][INFO] - 	       [   6,   37,   22,    1,    9,    0,    0,  769,   59,  125],
[2024-08-13 15:24:59,956][flwr][INFO] - 	       [   5,   22,    8,   39,    4,   37,   16,    5,  765,   73],
[2024-08-13 15:24:59,956][flwr][INFO] - 	       [  17,    8,    3,    4,   16,   10,    0,    9,   23,  919]],
[2024-08-13 15:24:59,957][flwr][INFO] - 	      dtype=int64)),
[2024-08-13 15:24:59,957][flwr][INFO] - 	                      (4,
[2024-08-13 15:24:59,957][flwr][INFO] - 	                       array([[ 908,    1,    3,   11,    3,    3,   39,    6,    6,    0],
[2024-08-13 15:24:59,957][flwr][INFO] - 	       [   0, 1039,   69,   16,    1,    2,    5,    2,    1,    0],
[2024-08-13 15:24:59,957][flwr][INFO] - 	       [  14,   10,  816,   84,   36,    0,   22,   34,   16,    0],
[2024-08-13 15:24:59,957][flwr][INFO] - 	       [   0,    4,   14,  915,   10,    8,   10,   25,   21,    3],
[2024-08-13 15:24:59,957][flwr][INFO] - 	       [   5,    5,    1,    0,  941,    1,   12,   11,    4,    2],
[2024-08-13 15:24:59,957][flwr][INFO] - 	       [  16,   64,   12,  209,   66,  423,   44,   35,   18,    5],
[2024-08-13 15:24:59,957][flwr][INFO] - 	       [  13,   12,   21,    4,   34,    4,  857,   13,    0,    0],
[2024-08-13 15:24:59,957][flwr][INFO] - 	       [   5,   31,   40,    4,   25,    0,    1,  914,    7,    1],
[2024-08-13 15:24:59,957][flwr][INFO] - 	       [  13,   35,   25,  184,   58,   11,   28,   25,  591,    4],
[2024-08-13 15:24:59,957][flwr][INFO] - 	       [  24,   11,    3,   12,  462,    3,    1,  183,   14,  296]],
[2024-08-13 15:24:59,957][flwr][INFO] - 	      dtype=int64)),
[2024-08-13 15:24:59,957][flwr][INFO] - 	                      (5,
[2024-08-13 15:24:59,957][flwr][INFO] - 	                       array([[ 907,    2,    3,    1,    0,   17,   33,    3,   14,    0],
[2024-08-13 15:24:59,957][flwr][INFO] - 	       [   0, 1049,   48,    4,    1,    6,    5,    0,   18,    4],
[2024-08-13 15:24:59,957][flwr][INFO] - 	       [  13,   16,  820,   40,    9,    2,   27,   28,   54,   23],
[2024-08-13 15:24:59,958][flwr][INFO] - 	       [   2,    7,   19,  798,    3,   48,   17,   15,   49,   52],
[2024-08-13 15:24:59,958][flwr][INFO] - 	       [   5,    7,    2,    0,  520,    6,   24,    5,   19,  394],
[2024-08-13 15:24:59,958][flwr][INFO] - 	       [  12,   51,    4,   63,    3,  647,   38,   14,   31,   29],
[2024-08-13 15:24:59,958][flwr][INFO] - 	       [  14,   14,   21,    1,    5,   17,  867,   15,    2,    2],
[2024-08-13 15:24:59,958][flwr][INFO] - 	       [   6,   29,   31,    1,    9,    0,    1,  814,   42,   95],
[2024-08-13 15:24:59,958][flwr][INFO] - 	       [   8,   26,   13,   33,    5,   34,   21,    5,  756,   73],
[2024-08-13 15:24:59,958][flwr][INFO] - 	       [  20,    7,    2,    5,   13,   10,    2,   16,   20,  914]],
[2024-08-13 15:24:59,958][flwr][INFO] - 	      dtype=int64)),
[2024-08-13 15:24:59,958][flwr][INFO] - 	                      (6,
[2024-08-13 15:24:59,958][flwr][INFO] - 	                       array([[ 921,    3,    2,    4,    4,    5,   30,    5,    6,    0],
[2024-08-13 15:24:59,958][flwr][INFO] - 	       [   0, 1044,   53,   15,    3,    3,    5,    1,   11,    0],
[2024-08-13 15:24:59,958][flwr][INFO] - 	       [  13,   13,  810,   67,   38,    0,   21,   33,   36,    1],
[2024-08-13 15:24:59,958][flwr][INFO] - 	       [   1,    5,   12,  881,   16,   21,   12,   25,   33,    4],
[2024-08-13 15:24:59,958][flwr][INFO] - 	       [   2,    3,    1,    0,  948,    1,   12,    9,    4,    2],
[2024-08-13 15:24:59,958][flwr][INFO] - 	       [  13,   53,    7,  118,   62,  554,   39,   22,   20,    4],
[2024-08-13 15:24:59,958][flwr][INFO] - 	       [  13,    8,   18,    2,   36,    6,  862,   13,    0,    0],
[2024-08-13 15:24:59,958][flwr][INFO] - 	       [   6,   28,   38,    2,   32,    0,    1,  898,   18,    5],
[2024-08-13 15:24:59,958][flwr][INFO] - 	       [  15,   35,   15,  100,   64,   18,   26,   15,  682,    4],
[2024-08-13 15:24:59,959][flwr][INFO] - 	       [  27,   11,    2,    8,  414,    7,    1,  119,   19,  401]],
[2024-08-13 15:24:59,959][flwr][INFO] - 	      dtype=int64)),
[2024-08-13 15:24:59,959][flwr][INFO] - 	                      (7,
[2024-08-13 15:24:59,959][flwr][INFO] - 	                       array([[ 933,    2,    3,    3,    0,    8,   19,    3,    8,    1],
[2024-08-13 15:24:59,959][flwr][INFO] - 	       [   0, 1051,   43,    5,    1,    6,    5,    0,   16,    8],
[2024-08-13 15:24:59,959][flwr][INFO] - 	       [  12,   14,  821,   42,    9,    1,   27,   29,   51,   26],
[2024-08-13 15:24:59,959][flwr][INFO] - 	       [   5,    6,   16,  815,    3,   42,   14,   15,   37,   57],
[2024-08-13 15:24:59,959][flwr][INFO] - 	       [   7,    7,    2,    0,  561,    1,   22,    6,   12,  364],
[2024-08-13 15:24:59,959][flwr][INFO] - 	       [  16,   49,    4,   64,    9,  631,   37,   16,   31,   35],
[2024-08-13 15:24:59,959][flwr][INFO] - 	       [  14,   13,   19,    1,    6,   14,  867,   21,    1,    2],
[2024-08-13 15:24:59,959][flwr][INFO] - 	       [  10,   28,   31,    1,    9,    0,    1,  815,   33,  100],
[2024-08-13 15:24:59,959][flwr][INFO] - 	       [  13,   27,   14,   37,    4,   28,   19,    5,  725,  102],
[2024-08-13 15:24:59,959][flwr][INFO] - 	       [  23,    6,    2,    5,   12,    6,    1,   16,   14,  924]],
[2024-08-13 15:24:59,959][flwr][INFO] - 	      dtype=int64)),
[2024-08-13 15:24:59,959][flwr][INFO] - 	                      (8,
[2024-08-13 15:24:59,959][flwr][INFO] - 	                       array([[ 918,    8,    3,    6,    4,    6,   24,    5,    6,    0],
[2024-08-13 15:24:59,959][flwr][INFO] - 	       [   0, 1057,   36,   13,    2,    3,    5,    2,   17,    0],
[2024-08-13 15:24:59,960][flwr][INFO] - 	       [  10,   20,  783,   71,   40,    0,   20,   37,   50,    1],
[2024-08-13 15:24:59,960][flwr][INFO] - 	       [   0,    6,    9,  876,   11,   31,    7,   25,   43,    2],
[2024-08-13 15:24:59,960][flwr][INFO] - 	       [   3,    3,    1,    0,  944,    2,   13,   10,    5,    1],
[2024-08-13 15:24:59,960][flwr][INFO] - 	       [  11,   50,    4,   92,   42,  603,   36,   23,   30,    1],
[2024-08-13 15:24:59,960][flwr][INFO] - 	       [  10,   12,   14,    2,   31,    9,  862,   17,    1,    0],
[2024-08-13 15:24:59,960][flwr][INFO] - 	       [   9,   27,   27,    3,   31,    0,    1,  897,   32,    1],
[2024-08-13 15:24:59,960][flwr][INFO] - 	       [  14,   31,   10,   72,   43,   20,   20,   11,  753,    0],
[2024-08-13 15:24:59,960][flwr][INFO] - 	       [  34,    8,    3,    7,  447,   19,    1,  146,   65,  279]],
[2024-08-13 15:24:59,960][flwr][INFO] - 	      dtype=int64)),
[2024-08-13 15:24:59,960][flwr][INFO] - 	                      (9,
[2024-08-13 15:24:59,960][flwr][INFO] - 	                       array([[ 922,    8,    3,    6,    1,    8,   22,    4,    6,    0],
[2024-08-13 15:24:59,960][flwr][INFO] - 	       [   0, 1062,   38,   11,    1,    5,    5,    0,   10,    3],
[2024-08-13 15:24:59,960][flwr][INFO] - 	       [  11,   23,  813,   60,   11,    0,   27,   29,   44,   14],
[2024-08-13 15:24:59,960][flwr][INFO] - 	       [   1,    9,   12,  863,    3,   35,   10,   15,   23,   39],
[2024-08-13 15:24:59,960][flwr][INFO] - 	       [   3,    5,    2,    1,  788,    2,   21,    7,   10,  143],
[2024-08-13 15:24:59,960][flwr][INFO] - 	       [  13,   48,    4,   79,   13,  632,   38,   16,   25,   24],
[2024-08-13 15:24:59,960][flwr][INFO] - 	       [  13,   12,   18,    2,   11,    9,  879,   13,    1,    0],
[2024-08-13 15:24:59,960][flwr][INFO] - 	       [  10,   31,   35,    5,   17,    0,    2,  843,   25,   60],
[2024-08-13 15:24:59,961][flwr][INFO] - 	       [  16,   39,   13,   70,   13,   35,   23,    8,  676,   81],
[2024-08-13 15:24:59,961][flwr][INFO] - 	       [  24,    7,    3,    8,   27,   12,    1,   27,   10,  890]],
[2024-08-13 15:24:59,961][flwr][INFO] - 	      dtype=int64)),
[2024-08-13 15:24:59,961][flwr][INFO] - 	                      (10,
[2024-08-13 15:24:59,961][flwr][INFO] - 	                       array([[ 932,    5,    6,    3,    3,    4,   17,    4,    6,    0],
[2024-08-13 15:24:59,961][flwr][INFO] - 	       [   0, 1058,   42,    5,    2,    4,    5,    2,   17,    0],
[2024-08-13 15:24:59,961][flwr][INFO] - 	       [  11,   13,  865,   22,   29,    0,   19,   33,   39,    1],
[2024-08-13 15:24:59,961][flwr][INFO] - 	       [   5,    8,   25,  826,   13,   36,   14,   24,   56,    3],
[2024-08-13 15:24:59,961][flwr][INFO] - 	       [   4,    3,    2,    0,  933,    2,   15,   13,    6,    4],
[2024-08-13 15:24:59,961][flwr][INFO] - 	       [  21,   43,    6,   63,   29,  618,   44,   25,   40,    3],
[2024-08-13 15:24:59,961][flwr][INFO] - 	       [  14,    7,   20,    0,   21,    6,  871,   18,    1,    0],
[2024-08-13 15:24:59,961][flwr][INFO] - 	       [   9,   29,   42,    1,   25,    0,    1,  899,   21,    1],
[2024-08-13 15:24:59,961][flwr][INFO] - 	       [  20,   25,   23,   26,   31,   21,   23,   13,  788,    4],
[2024-08-13 15:24:59,961][flwr][INFO] - 	       [  41,    8,    5,    3,  213,   13,    1,  123,   37,  565]],
[2024-08-13 15:24:59,961][flwr][INFO] - 	      dtype=int64))],
[2024-08-13 15:24:59,961][flwr][INFO] - 	 'f1': [(0, 0.017493624772313296),
[2024-08-13 15:24:59,961][flwr][INFO] - 	        (1, 0.6801753050839354),
[2024-08-13 15:24:59,962][flwr][INFO] - 	        (2, 0.7722626107923425),
[2024-08-13 15:24:59,962][flwr][INFO] - 	        (3, 0.7976125518668109),
[2024-08-13 15:24:59,962][flwr][INFO] - 	        (4, 0.755837342634485),
[2024-08-13 15:24:59,962][flwr][INFO] - 	        (5, 0.8088684764552867),
[2024-08-13 15:24:59,962][flwr][INFO] - 	        (6, 0.7932972220442869),
[2024-08-13 15:24:59,962][flwr][INFO] - 	        (7, 0.8146119813652662),
[2024-08-13 15:24:59,962][flwr][INFO] - 	        (8, 0.7847485860667923),
[2024-08-13 15:24:59,962][flwr][INFO] - 	        (9, 0.8358043022052245),
[2024-08-13 15:24:59,962][flwr][INFO] - 	        (10, 0.8320412633955215)],
[2024-08-13 15:24:59,962][flwr][INFO] - 	 'precision': [(0, 0.009604000000000001),
[2024-08-13 15:24:59,962][flwr][INFO] - 	               (1, 0.7736451409628564),
[2024-08-13 15:24:59,962][flwr][INFO] - 	               (2, 0.8018907265404761),
[2024-08-13 15:24:59,962][flwr][INFO] - 	               (3, 0.8205475559340357),
[2024-08-13 15:24:59,962][flwr][INFO] - 	               (4, 0.8107612019619832),
[2024-08-13 15:24:59,962][flwr][INFO] - 	               (5, 0.8280437703779516),
[2024-08-13 15:24:59,962][flwr][INFO] - 	               (6, 0.8263485349432219),
[2024-08-13 15:24:59,962][flwr][INFO] - 	               (7, 0.8333158622796433),
[2024-08-13 15:24:59,963][flwr][INFO] - 	               (8, 0.8254203242831297),
[2024-08-13 15:24:59,963][flwr][INFO] - 	               (9, 0.8408967665025991),
[2024-08-13 15:24:59,963][flwr][INFO] - 	               (10, 0.8462110109861538)],
[2024-08-13 15:24:59,963][flwr][INFO] - 	 'recall': [(0, 0.098),
[2024-08-13 15:24:59,963][flwr][INFO] - 	            (1, 0.7089),
[2024-08-13 15:24:59,963][flwr][INFO] - 	            (2, 0.7818),
[2024-08-13 15:24:59,963][flwr][INFO] - 	            (3, 0.7974),
[2024-08-13 15:24:59,963][flwr][INFO] - 	            (4, 0.77),
[2024-08-13 15:24:59,963][flwr][INFO] - 	            (5, 0.8092),
[2024-08-13 15:24:59,963][flwr][INFO] - 	            (6, 0.8001),
[2024-08-13 15:24:59,963][flwr][INFO] - 	            (7, 0.8143),
[2024-08-13 15:24:59,963][flwr][INFO] - 	            (8, 0.7972),
[2024-08-13 15:24:59,963][flwr][INFO] - 	            (9, 0.8368),
[2024-08-13 15:24:59,963][flwr][INFO] - 	            (10, 0.8355)]}
[2024-08-13 15:24:59,963][flwr][INFO] - 
