[2024-08-13 11:24:43,093][flwr][INFO] - Starting Flower simulation, config: num_rounds=10, no round_timeout
[2024-08-13 11:24:47,235][flwr][INFO] - Flower VCE: Ray initialized with resources: {'node:__internal_head__': 1.0, 'node:127.0.0.1': 1.0, 'object_store_memory': 2535628800.0, 'memory': 5071257600.0, 'accelerator_type:G': 1.0, 'CPU': 16.0, 'GPU': 1.0}
[2024-08-13 11:24:47,235][flwr][INFO] - Optimize your simulation with Flower VCE: https://flower.ai/docs/framework/how-to-run-simulations.html
[2024-08-13 11:24:47,235][flwr][INFO] - Flower VCE: Resources for each Virtual Client: {'num_cpus': 2, 'num_gpus': 0.5}
[2024-08-13 11:24:47,247][flwr][INFO] - Flower VCE: Creating VirtualClientEngineActorPool with 2 actors
[2024-08-13 11:24:47,247][flwr][INFO] - [INIT]
[2024-08-13 11:24:47,247][flwr][INFO] - Requesting initial parameters from one random client
[2024-08-13 11:24:54,635][flwr][INFO] - Received initial parameters from one random client
[2024-08-13 11:24:54,636][flwr][INFO] - Evaluating initial global parameters
[2024-08-13 11:24:56,861][flwr][INFO] - initial parameters (loss, other metrics): 2.3025850929940455, {'accuracy': 0.098, 'precision': 0.009604000000000001, 'recall': 0.098, 'f1': 0.017493624772313296, 'confusion_matrix': array([[ 980,    0,    0,    0,    0,    0,    0,    0,    0,    0],
       [1135,    0,    0,    0,    0,    0,    0,    0,    0,    0],
       [1032,    0,    0,    0,    0,    0,    0,    0,    0,    0],
       [1010,    0,    0,    0,    0,    0,    0,    0,    0,    0],
       [ 982,    0,    0,    0,    0,    0,    0,    0,    0,    0],
       [ 892,    0,    0,    0,    0,    0,    0,    0,    0,    0],
       [ 958,    0,    0,    0,    0,    0,    0,    0,    0,    0],
       [1028,    0,    0,    0,    0,    0,    0,    0,    0,    0],
       [ 974,    0,    0,    0,    0,    0,    0,    0,    0,    0],
       [1009,    0,    0,    0,    0,    0,    0,    0,    0,    0]],
      dtype=int64)}
[2024-08-13 11:24:56,862][flwr][INFO] - 
[2024-08-13 11:24:56,862][flwr][INFO] - [ROUND 1]
[2024-08-13 11:24:56,862][flwr][INFO] - configure_fit: strategy sampled 10 clients (out of 10)
[2024-08-13 11:25:05,316][flwr][INFO] - aggregate_fit: received 10 results and 0 failures
[2024-08-13 11:25:05,319][flwr][WARNING] - No fit_metrics_aggregation_fn provided
[2024-08-13 11:25:07,411][flwr][INFO] - fit progress: (1, 0.8620747238328494, {'accuracy': 0.7358, 'precision': 0.7904981774751593, 'recall': 0.7358, 'f1': 0.7031044108295696, 'confusion_matrix': array([[ 956,    0,    1,    5,    0,    0,    6,    1,   11,    0],
       [   0, 1075,    2,    6,    0,    0,    4,    1,   47,    0],
       [  81,   46,  701,   65,    6,    0,   32,   17,   77,    7],
       [  34,   15,   15,  849,    0,    0,   10,   11,   69,    7],
       [  28,   16,    3,    2,  523,    0,   45,    2,   59,  304],
       [ 223,   67,    0,  265,    5,    4,   31,   23,  227,   47],
       [  89,   19,   11,    2,    3,    0,  814,    1,   19,    0],
       [  26,   54,   13,    2,    2,    0,    2,  845,   45,   39],
       [  44,   15,    5,   99,    1,    0,   14,    9,  771,   16],
       [  47,   20,    6,   13,   13,    0,    3,   40,   47,  820]],
      dtype=int64)}, 10.54940770000394)
[2024-08-13 11:25:07,412][flwr][INFO] - configure_evaluate: no clients selected, skipping evaluation
[2024-08-13 11:25:07,412][flwr][INFO] - 
[2024-08-13 11:25:07,412][flwr][INFO] - [ROUND 2]
[2024-08-13 11:25:07,412][flwr][INFO] - configure_fit: strategy sampled 10 clients (out of 10)
[2024-08-13 11:25:13,888][flwr][INFO] - aggregate_fit: received 10 results and 0 failures
[2024-08-13 11:25:15,980][flwr][INFO] - fit progress: (2, 0.6912410598802079, {'accuracy': 0.8153, 'precision': 0.8248445528497916, 'recall': 0.8153, 'f1': 0.8082655509194455, 'confusion_matrix': array([[ 933,    0,    8,    5,    0,    1,   23,    1,    9,    0],
       [   0, 1085,   27,    5,    0,    0,    5,    1,   12,    0],
       [  35,   34,  834,   32,   21,    0,   29,   18,   28,    1],
       [  11,   14,   32,  876,    0,    3,   10,   19,   31,   14],
       [   7,   13,    7,    0,  839,    0,   34,    2,    8,   72],
       [  63,   58,   16,  209,   33,  374,   43,   34,   34,   28],
       [  41,   19,   20,    2,   10,   10,  853,    1,    2,    0],
       [  10,   46,   38,    0,   13,    0,    3,  881,    8,   29],
       [  27,   30,   28,  104,   11,    4,   20,   14,  701,   35],
       [  30,   19,    9,   14,   94,    1,    2,   51,   12,  777]],
      dtype=int64)}, 19.119163100011065)
[2024-08-13 11:25:15,982][flwr][INFO] - configure_evaluate: no clients selected, skipping evaluation
[2024-08-13 11:25:15,982][flwr][INFO] - 
[2024-08-13 11:25:15,982][flwr][INFO] - [ROUND 3]
[2024-08-13 11:25:15,982][flwr][INFO] - configure_fit: strategy sampled 10 clients (out of 10)
[2024-08-13 11:25:22,482][flwr][INFO] - aggregate_fit: received 10 results and 0 failures
[2024-08-13 11:25:24,576][flwr][INFO] - fit progress: (3, 0.6477457164787447, {'accuracy': 0.8462, 'precision': 0.8461460764798301, 'recall': 0.8462, 'f1': 0.8452045183170143, 'confusion_matrix': array([[ 911,    0,    4,    1,    0,   30,   25,    1,    8,    0],
       [   0, 1080,   16,    2,    0,    8,    5,    0,   24,    0],
       [  25,   27,  822,   26,   27,    0,   29,   20,   52,    4],
       [   6,   13,   26,  821,    1,   51,    8,   17,   54,   13],
       [   6,   10,    3,    0,  829,    1,   27,    2,   12,   92],
       [  27,   49,    7,   69,   23,  637,   28,   15,   18,   19],
       [  30,   14,   17,    1,   11,   22,  858,    1,    4,    0],
       [   6,   42,   28,    0,   15,    0,    2,  880,   16,   39],
       [  15,   14,   15,   46,    9,   23,   18,   12,  790,   32],
       [  20,   16,    8,    9,   56,   14,    2,   33,   17,  834]],
      dtype=int64)}, 27.714354399999138)
[2024-08-13 11:25:24,577][flwr][INFO] - configure_evaluate: no clients selected, skipping evaluation
[2024-08-13 11:25:24,577][flwr][INFO] - 
[2024-08-13 11:25:24,577][flwr][INFO] - [ROUND 4]
[2024-08-13 11:25:24,578][flwr][INFO] - configure_fit: strategy sampled 10 clients (out of 10)
[2024-08-13 11:25:31,126][flwr][INFO] - aggregate_fit: received 10 results and 0 failures
[2024-08-13 11:25:33,213][flwr][INFO] - fit progress: (4, 0.5992199585831566, {'accuracy': 0.8411, 'precision': 0.854291411683245, 'recall': 0.8411, 'f1': 0.8384127917827101, 'confusion_matrix': array([[ 927,    0,    5,   17,    2,    3,   21,    1,    4,    0],
       [   0, 1078,   22,   21,    1,    1,    4,    1,    7,    0],
       [  15,   15,  840,   61,   26,    0,   24,   22,   24,    5],
       [   4,    5,   15,  931,    1,    6,    7,   18,   10,   13],
       [   2,    9,    5,    1,  909,    0,   12,    1,    3,   40],
       [  16,   36,    8,  224,   42,  476,   25,   26,   17,   22],
       [  18,   11,   18,    7,   23,   18,  861,    1,    1,    0],
       [   3,   33,   31,    5,   18,    0,    1,  903,    2,   32],
       [  10,   17,   19,  164,   19,    8,   15,   16,  667,   39],
       [  16,   12,   10,   16,   86,    3,    1,   42,    4,  819]],
      dtype=int64)}, 36.3513396000053)
[2024-08-13 11:25:33,213][flwr][INFO] - configure_evaluate: no clients selected, skipping evaluation
[2024-08-13 11:25:33,214][flwr][INFO] - 
[2024-08-13 11:25:33,214][flwr][INFO] - [ROUND 5]
[2024-08-13 11:25:33,214][flwr][INFO] - configure_fit: strategy sampled 10 clients (out of 10)
[2024-08-13 11:25:39,844][flwr][INFO] - aggregate_fit: received 10 results and 0 failures
[2024-08-13 11:25:41,941][flwr][INFO] - fit progress: (5, 0.5689845108638196, {'accuracy': 0.8647, 'precision': 0.8675005448331258, 'recall': 0.8647, 'f1': 0.8645876765181545, 'confusion_matrix': array([[ 921,    0,    4,    1,    0,   20,   19,    1,   14,    0],
       [   0, 1074,    9,    2,    1,    6,    5,    0,   38,    0],
       [  17,   17,  840,   16,   22,    2,   26,   23,   60,    9],
       [   6,   11,   27,  777,    1,   74,    9,   18,   70,   17],
       [   2,    8,    4,    0,  840,    2,   19,    2,   14,   91],
       [  17,   33,    6,   18,   23,  712,   23,   13,   31,   16],
       [  18,   10,   18,    1,   13,   23,  868,    1,    6,    0],
       [   3,   33,   27,    0,   13,    0,    2,  895,   14,   41],
       [   5,   11,   11,   14,    9,   28,   16,   11,  845,   24],
       [  13,   11,    7,    6,   34,   15,    1,   28,   19,  875]],
      dtype=int64)}, 45.080068800001754)
[2024-08-13 11:25:41,942][flwr][INFO] - configure_evaluate: no clients selected, skipping evaluation
[2024-08-13 11:25:41,942][flwr][INFO] - 
[2024-08-13 11:25:41,942][flwr][INFO] - [ROUND 6]
[2024-08-13 11:25:41,943][flwr][INFO] - configure_fit: strategy sampled 10 clients (out of 10)
[2024-08-13 11:25:48,440][flwr][INFO] - aggregate_fit: received 10 results and 0 failures
[2024-08-13 11:25:50,557][flwr][INFO] - fit progress: (6, 0.5518645556466837, {'accuracy': 0.8656, 'precision': 0.8674457792871221, 'recall': 0.8656, 'f1': 0.8641691346888923, 'confusion_matrix': array([[ 940,    0,    2,    8,    1,   10,   15,    1,    3,    0],
       [   0, 1087,   18,    9,    1,    1,    5,    1,   13,    0],
       [  16,   18,  846,   38,   25,    0,   26,   26,   32,    5],
       [   5,    5,   16,  901,    1,   26,    8,   21,   14,   13],
       [   2,    9,    5,    0,  901,    1,   16,    1,    4,   43],
       [  18,   35,    6,  105,   32,  624,   26,   16,   13,   17],
       [  18,    9,   16,    2,   20,   20,  871,    1,    1,    0],
       [   3,   33,   32,    2,   17,    0,    2,  904,    1,   34],
       [  13,   18,   16,   80,   15,   23,   18,   15,  743,   33],
       [  17,   12,    8,   14,   67,    8,    1,   40,    3,  839]],
      dtype=int64)}, 53.69549500000721)
[2024-08-13 11:25:50,558][flwr][INFO] - configure_evaluate: no clients selected, skipping evaluation
[2024-08-13 11:25:50,558][flwr][INFO] - 
[2024-08-13 11:25:50,558][flwr][INFO] - [ROUND 7]
[2024-08-13 11:25:50,559][flwr][INFO] - configure_fit: strategy sampled 10 clients (out of 10)
[2024-08-13 11:25:57,370][flwr][INFO] - aggregate_fit: received 10 results and 0 failures
[2024-08-13 11:25:59,469][flwr][INFO] - fit progress: (7, 0.5389699811171167, {'accuracy': 0.872, 'precision': 0.874019384848078, 'recall': 0.872, 'f1': 0.8718276775116836, 'confusion_matrix': array([[ 936,    0,    3,    1,    0,   11,   15,    1,   13,    0],
       [   0, 1077,    7,    3,    1,    3,    5,    0,   39,    0],
       [  17,   17,  837,   20,   22,    1,   25,   24,   60,    9],
       [   5,    6,   20,  825,    1,   52,    8,   17,   57,   19],
       [   1,    7,    4,    0,  847,    1,   20,    2,   15,   85],
       [  18,   30,    4,   30,   24,  701,   23,   11,   34,   17],
       [  17,    9,   16,    2,   14,   21,  875,    1,    3,    0],
       [   3,   32,   26,    0,   14,    0,    2,  893,   15,   43],
       [   5,   11,   10,   19,    8,   23,   16,   10,  850,   22],
       [  15,    9,    7,    6,   37,   12,    1,   22,   21,  879]],
      dtype=int64)}, 62.606982700002845)
[2024-08-13 11:25:59,469][flwr][INFO] - configure_evaluate: no clients selected, skipping evaluation
[2024-08-13 11:25:59,469][flwr][INFO] - 
[2024-08-13 11:25:59,469][flwr][INFO] - [ROUND 8]
[2024-08-13 11:25:59,470][flwr][INFO] - configure_fit: strategy sampled 10 clients (out of 10)
[2024-08-13 11:26:06,249][flwr][INFO] - aggregate_fit: received 10 results and 0 failures
[2024-08-13 11:26:08,361][flwr][INFO] - fit progress: (8, 0.5294391971523245, {'accuracy': 0.8691, 'precision': 0.8708269923684203, 'recall': 0.8691, 'f1': 0.8677641289578367, 'confusion_matrix': array([[ 945,    0,    1,    6,    1,   11,   13,    1,    2,    0],
       [   0, 1089,   19,    9,    1,    2,    5,    0,   10,    0],
       [  15,   17,  856,   36,   26,    0,   25,   25,   28,    4],
       [   5,    4,   15,  899,    1,   32,    8,   21,   13,   12],
       [   1,    9,    5,    0,  915,    2,   15,    1,    3,   31],
       [  16,   32,    7,   86,   31,  659,   23,   14,   11,   13],
       [  17,    9,   16,    2,   20,   20,  872,    1,    1,    0],
       [   3,   32,   34,    2,   19,    0,    1,  909,    1,   27],
       [  12,   23,   19,   80,   18,   31,   19,   15,  726,   31],
       [  17,   11,    9,   13,   83,   13,    1,   38,    3,  821]],
      dtype=int64)}, 71.4990500999993)
[2024-08-13 11:26:08,361][flwr][INFO] - configure_evaluate: no clients selected, skipping evaluation
[2024-08-13 11:26:08,361][flwr][INFO] - 
[2024-08-13 11:26:08,362][flwr][INFO] - [ROUND 9]
[2024-08-13 11:26:08,362][flwr][INFO] - configure_fit: strategy sampled 10 clients (out of 10)
[2024-08-13 11:26:14,940][flwr][INFO] - aggregate_fit: received 10 results and 0 failures
[2024-08-13 11:26:17,372][flwr][INFO] - fit progress: (9, 0.5155449197870419, {'accuracy': 0.8787, 'precision': 0.8792862591113523, 'recall': 0.8787, 'f1': 0.8781964236544931, 'confusion_matrix': array([[ 947,    0,    1,    1,    1,    7,   15,    1,    7,    0],
       [   0, 1083,    8,    4,    1,    3,    5,    0,   31,    0],
       [  15,   15,  848,   26,   21,    0,   25,   25,   48,    9],
       [   5,    4,   17,  865,    1,   36,    8,   16,   40,   18],
       [   1,    7,    4,    0,  863,    1,   20,    1,   12,   73],
       [  16,   28,    3,   45,   24,  692,   24,   12,   32,   16],
       [  17,    8,   14,    2,   14,   21,  879,    0,    3,    0],
       [   3,   31,   27,    1,   14,    0,    2,  898,   10,   42],
       [   9,   12,   10,   27,    9,   21,   15,   11,  837,   23],
       [  17,   10,    7,    8,   42,   11,    1,   24,   14,  875]],
      dtype=int64)}, 80.51132430000871)
[2024-08-13 11:26:17,373][flwr][INFO] - configure_evaluate: no clients selected, skipping evaluation
[2024-08-13 11:26:17,373][flwr][INFO] - 
[2024-08-13 11:26:17,373][flwr][INFO] - [ROUND 10]
[2024-08-13 11:26:17,374][flwr][INFO] - configure_fit: strategy sampled 10 clients (out of 10)
[2024-08-13 11:26:24,470][flwr][INFO] - aggregate_fit: received 10 results and 0 failures
[2024-08-13 11:26:26,757][flwr][INFO] - fit progress: (10, 0.5074023912147386, {'accuracy': 0.8751, 'precision': 0.8774665897364712, 'recall': 0.8751, 'f1': 0.8738764423516372, 'confusion_matrix': array([[ 945,    0,    2,    3,    2,   11,   14,    1,    2,    0],
       [   0, 1097,   12,    6,    1,    3,    5,    0,   11,    0],
       [  14,   18,  852,   34,   30,    1,   23,   29,   29,    2],
       [   5,    4,   16,  897,    1,   35,    8,   22,   15,    7],
       [   1,    6,    3,    0,  936,    2,   13,    1,    2,   18],
       [  12,   24,    3,   69,   30,  699,   24,   12,   12,    7],
       [  16,    6,   13,    2,   20,   20,  880,    0,    1,    0],
       [   3,   30,   33,    3,   19,    0,    1,  918,    1,   20],
       [  13,   23,   17,   66,   22,   37,   19,   17,  744,   16],
       [  19,   10,   10,   13,  105,   14,    1,   50,    4,  783]],
      dtype=int64)}, 89.89502390001144)
[2024-08-13 11:26:26,758][flwr][INFO] - configure_evaluate: no clients selected, skipping evaluation
[2024-08-13 11:26:26,758][flwr][INFO] - 
[2024-08-13 11:26:26,758][flwr][INFO] - [SUMMARY]
[2024-08-13 11:26:26,758][flwr][INFO] - Run finished 10 round(s) in 89.90s
[2024-08-13 11:26:26,766][flwr][INFO] - 	History (loss, centralized):
[2024-08-13 11:26:26,766][flwr][INFO] - 		round 0: 2.3025850929940455
[2024-08-13 11:26:26,766][flwr][INFO] - 		round 1: 0.8620747238328494
[2024-08-13 11:26:26,767][flwr][INFO] - 		round 2: 0.6912410598802079
[2024-08-13 11:26:26,767][flwr][INFO] - 		round 3: 0.6477457164787447
[2024-08-13 11:26:26,767][flwr][INFO] - 		round 4: 0.5992199585831566
[2024-08-13 11:26:26,767][flwr][INFO] - 		round 5: 0.5689845108638196
[2024-08-13 11:26:26,767][flwr][INFO] - 		round 6: 0.5518645556466837
[2024-08-13 11:26:26,767][flwr][INFO] - 		round 7: 0.5389699811171167
[2024-08-13 11:26:26,767][flwr][INFO] - 		round 8: 0.5294391971523245
[2024-08-13 11:26:26,767][flwr][INFO] - 		round 9: 0.5155449197870419
[2024-08-13 11:26:26,767][flwr][INFO] - 		round 10: 0.5074023912147386
[2024-08-13 11:26:26,767][flwr][INFO] - 	History (metrics, centralized):
[2024-08-13 11:26:26,767][flwr][INFO] - 	{'accuracy': [(0, 0.098),
[2024-08-13 11:26:26,767][flwr][INFO] - 	              (1, 0.7358),
[2024-08-13 11:26:26,767][flwr][INFO] - 	              (2, 0.8153),
[2024-08-13 11:26:26,767][flwr][INFO] - 	              (3, 0.8462),
[2024-08-13 11:26:26,767][flwr][INFO] - 	              (4, 0.8411),
[2024-08-13 11:26:26,768][flwr][INFO] - 	              (5, 0.8647),
[2024-08-13 11:26:26,768][flwr][INFO] - 	              (6, 0.8656),
[2024-08-13 11:26:26,768][flwr][INFO] - 	              (7, 0.872),
[2024-08-13 11:26:26,768][flwr][INFO] - 	              (8, 0.8691),
[2024-08-13 11:26:26,768][flwr][INFO] - 	              (9, 0.8787),
[2024-08-13 11:26:26,768][flwr][INFO] - 	              (10, 0.8751)],
[2024-08-13 11:26:26,768][flwr][INFO] - 	 'confusion_matrix': [(0,
[2024-08-13 11:26:26,768][flwr][INFO] - 	                       array([[ 980,    0,    0,    0,    0,    0,    0,    0,    0,    0],
[2024-08-13 11:26:26,768][flwr][INFO] - 	       [1135,    0,    0,    0,    0,    0,    0,    0,    0,    0],
[2024-08-13 11:26:26,768][flwr][INFO] - 	       [1032,    0,    0,    0,    0,    0,    0,    0,    0,    0],
[2024-08-13 11:26:26,768][flwr][INFO] - 	       [1010,    0,    0,    0,    0,    0,    0,    0,    0,    0],
[2024-08-13 11:26:26,768][flwr][INFO] - 	       [ 982,    0,    0,    0,    0,    0,    0,    0,    0,    0],
[2024-08-13 11:26:26,768][flwr][INFO] - 	       [ 892,    0,    0,    0,    0,    0,    0,    0,    0,    0],
[2024-08-13 11:26:26,768][flwr][INFO] - 	       [ 958,    0,    0,    0,    0,    0,    0,    0,    0,    0],
[2024-08-13 11:26:26,768][flwr][INFO] - 	       [1028,    0,    0,    0,    0,    0,    0,    0,    0,    0],
[2024-08-13 11:26:26,768][flwr][INFO] - 	       [ 974,    0,    0,    0,    0,    0,    0,    0,    0,    0],
[2024-08-13 11:26:26,768][flwr][INFO] - 	       [1009,    0,    0,    0,    0,    0,    0,    0,    0,    0]],
[2024-08-13 11:26:26,769][flwr][INFO] - 	      dtype=int64)),
[2024-08-13 11:26:26,769][flwr][INFO] - 	                      (1,
[2024-08-13 11:26:26,769][flwr][INFO] - 	                       array([[ 956,    0,    1,    5,    0,    0,    6,    1,   11,    0],
[2024-08-13 11:26:26,769][flwr][INFO] - 	       [   0, 1075,    2,    6,    0,    0,    4,    1,   47,    0],
[2024-08-13 11:26:26,769][flwr][INFO] - 	       [  81,   46,  701,   65,    6,    0,   32,   17,   77,    7],
[2024-08-13 11:26:26,769][flwr][INFO] - 	       [  34,   15,   15,  849,    0,    0,   10,   11,   69,    7],
[2024-08-13 11:26:26,769][flwr][INFO] - 	       [  28,   16,    3,    2,  523,    0,   45,    2,   59,  304],
[2024-08-13 11:26:26,769][flwr][INFO] - 	       [ 223,   67,    0,  265,    5,    4,   31,   23,  227,   47],
[2024-08-13 11:26:26,769][flwr][INFO] - 	       [  89,   19,   11,    2,    3,    0,  814,    1,   19,    0],
[2024-08-13 11:26:26,769][flwr][INFO] - 	       [  26,   54,   13,    2,    2,    0,    2,  845,   45,   39],
[2024-08-13 11:26:26,769][flwr][INFO] - 	       [  44,   15,    5,   99,    1,    0,   14,    9,  771,   16],
[2024-08-13 11:26:26,769][flwr][INFO] - 	       [  47,   20,    6,   13,   13,    0,    3,   40,   47,  820]],
[2024-08-13 11:26:26,769][flwr][INFO] - 	      dtype=int64)),
[2024-08-13 11:26:26,769][flwr][INFO] - 	                      (2,
[2024-08-13 11:26:26,769][flwr][INFO] - 	                       array([[ 933,    0,    8,    5,    0,    1,   23,    1,    9,    0],
[2024-08-13 11:26:26,769][flwr][INFO] - 	       [   0, 1085,   27,    5,    0,    0,    5,    1,   12,    0],
[2024-08-13 11:26:26,769][flwr][INFO] - 	       [  35,   34,  834,   32,   21,    0,   29,   18,   28,    1],
[2024-08-13 11:26:26,770][flwr][INFO] - 	       [  11,   14,   32,  876,    0,    3,   10,   19,   31,   14],
[2024-08-13 11:26:26,770][flwr][INFO] - 	       [   7,   13,    7,    0,  839,    0,   34,    2,    8,   72],
[2024-08-13 11:26:26,770][flwr][INFO] - 	       [  63,   58,   16,  209,   33,  374,   43,   34,   34,   28],
[2024-08-13 11:26:26,770][flwr][INFO] - 	       [  41,   19,   20,    2,   10,   10,  853,    1,    2,    0],
[2024-08-13 11:26:26,770][flwr][INFO] - 	       [  10,   46,   38,    0,   13,    0,    3,  881,    8,   29],
[2024-08-13 11:26:26,770][flwr][INFO] - 	       [  27,   30,   28,  104,   11,    4,   20,   14,  701,   35],
[2024-08-13 11:26:26,770][flwr][INFO] - 	       [  30,   19,    9,   14,   94,    1,    2,   51,   12,  777]],
[2024-08-13 11:26:26,770][flwr][INFO] - 	      dtype=int64)),
[2024-08-13 11:26:26,770][flwr][INFO] - 	                      (3,
[2024-08-13 11:26:26,770][flwr][INFO] - 	                       array([[ 911,    0,    4,    1,    0,   30,   25,    1,    8,    0],
[2024-08-13 11:26:26,770][flwr][INFO] - 	       [   0, 1080,   16,    2,    0,    8,    5,    0,   24,    0],
[2024-08-13 11:26:26,770][flwr][INFO] - 	       [  25,   27,  822,   26,   27,    0,   29,   20,   52,    4],
[2024-08-13 11:26:26,770][flwr][INFO] - 	       [   6,   13,   26,  821,    1,   51,    8,   17,   54,   13],
[2024-08-13 11:26:26,770][flwr][INFO] - 	       [   6,   10,    3,    0,  829,    1,   27,    2,   12,   92],
[2024-08-13 11:26:26,770][flwr][INFO] - 	       [  27,   49,    7,   69,   23,  637,   28,   15,   18,   19],
[2024-08-13 11:26:26,770][flwr][INFO] - 	       [  30,   14,   17,    1,   11,   22,  858,    1,    4,    0],
[2024-08-13 11:26:26,771][flwr][INFO] - 	       [   6,   42,   28,    0,   15,    0,    2,  880,   16,   39],
[2024-08-13 11:26:26,771][flwr][INFO] - 	       [  15,   14,   15,   46,    9,   23,   18,   12,  790,   32],
[2024-08-13 11:26:26,771][flwr][INFO] - 	       [  20,   16,    8,    9,   56,   14,    2,   33,   17,  834]],
[2024-08-13 11:26:26,771][flwr][INFO] - 	      dtype=int64)),
[2024-08-13 11:26:26,771][flwr][INFO] - 	                      (4,
[2024-08-13 11:26:26,771][flwr][INFO] - 	                       array([[ 927,    0,    5,   17,    2,    3,   21,    1,    4,    0],
[2024-08-13 11:26:26,771][flwr][INFO] - 	       [   0, 1078,   22,   21,    1,    1,    4,    1,    7,    0],
[2024-08-13 11:26:26,771][flwr][INFO] - 	       [  15,   15,  840,   61,   26,    0,   24,   22,   24,    5],
[2024-08-13 11:26:26,771][flwr][INFO] - 	       [   4,    5,   15,  931,    1,    6,    7,   18,   10,   13],
[2024-08-13 11:26:26,771][flwr][INFO] - 	       [   2,    9,    5,    1,  909,    0,   12,    1,    3,   40],
[2024-08-13 11:26:26,771][flwr][INFO] - 	       [  16,   36,    8,  224,   42,  476,   25,   26,   17,   22],
[2024-08-13 11:26:26,771][flwr][INFO] - 	       [  18,   11,   18,    7,   23,   18,  861,    1,    1,    0],
[2024-08-13 11:26:26,771][flwr][INFO] - 	       [   3,   33,   31,    5,   18,    0,    1,  903,    2,   32],
[2024-08-13 11:26:26,771][flwr][INFO] - 	       [  10,   17,   19,  164,   19,    8,   15,   16,  667,   39],
[2024-08-13 11:26:26,771][flwr][INFO] - 	       [  16,   12,   10,   16,   86,    3,    1,   42,    4,  819]],
[2024-08-13 11:26:26,771][flwr][INFO] - 	      dtype=int64)),
[2024-08-13 11:26:26,771][flwr][INFO] - 	                      (5,
[2024-08-13 11:26:26,772][flwr][INFO] - 	                       array([[ 921,    0,    4,    1,    0,   20,   19,    1,   14,    0],
[2024-08-13 11:26:26,772][flwr][INFO] - 	       [   0, 1074,    9,    2,    1,    6,    5,    0,   38,    0],
[2024-08-13 11:26:26,772][flwr][INFO] - 	       [  17,   17,  840,   16,   22,    2,   26,   23,   60,    9],
[2024-08-13 11:26:26,772][flwr][INFO] - 	       [   6,   11,   27,  777,    1,   74,    9,   18,   70,   17],
[2024-08-13 11:26:26,772][flwr][INFO] - 	       [   2,    8,    4,    0,  840,    2,   19,    2,   14,   91],
[2024-08-13 11:26:26,772][flwr][INFO] - 	       [  17,   33,    6,   18,   23,  712,   23,   13,   31,   16],
[2024-08-13 11:26:26,772][flwr][INFO] - 	       [  18,   10,   18,    1,   13,   23,  868,    1,    6,    0],
[2024-08-13 11:26:26,772][flwr][INFO] - 	       [   3,   33,   27,    0,   13,    0,    2,  895,   14,   41],
[2024-08-13 11:26:26,772][flwr][INFO] - 	       [   5,   11,   11,   14,    9,   28,   16,   11,  845,   24],
[2024-08-13 11:26:26,772][flwr][INFO] - 	       [  13,   11,    7,    6,   34,   15,    1,   28,   19,  875]],
[2024-08-13 11:26:26,772][flwr][INFO] - 	      dtype=int64)),
[2024-08-13 11:26:26,772][flwr][INFO] - 	                      (6,
[2024-08-13 11:26:26,772][flwr][INFO] - 	                       array([[ 940,    0,    2,    8,    1,   10,   15,    1,    3,    0],
[2024-08-13 11:26:26,772][flwr][INFO] - 	       [   0, 1087,   18,    9,    1,    1,    5,    1,   13,    0],
[2024-08-13 11:26:26,772][flwr][INFO] - 	       [  16,   18,  846,   38,   25,    0,   26,   26,   32,    5],
[2024-08-13 11:26:26,772][flwr][INFO] - 	       [   5,    5,   16,  901,    1,   26,    8,   21,   14,   13],
[2024-08-13 11:26:26,773][flwr][INFO] - 	       [   2,    9,    5,    0,  901,    1,   16,    1,    4,   43],
[2024-08-13 11:26:26,773][flwr][INFO] - 	       [  18,   35,    6,  105,   32,  624,   26,   16,   13,   17],
[2024-08-13 11:26:26,773][flwr][INFO] - 	       [  18,    9,   16,    2,   20,   20,  871,    1,    1,    0],
[2024-08-13 11:26:26,773][flwr][INFO] - 	       [   3,   33,   32,    2,   17,    0,    2,  904,    1,   34],
[2024-08-13 11:26:26,773][flwr][INFO] - 	       [  13,   18,   16,   80,   15,   23,   18,   15,  743,   33],
[2024-08-13 11:26:26,773][flwr][INFO] - 	       [  17,   12,    8,   14,   67,    8,    1,   40,    3,  839]],
[2024-08-13 11:26:26,773][flwr][INFO] - 	      dtype=int64)),
[2024-08-13 11:26:26,773][flwr][INFO] - 	                      (7,
[2024-08-13 11:26:26,773][flwr][INFO] - 	                       array([[ 936,    0,    3,    1,    0,   11,   15,    1,   13,    0],
[2024-08-13 11:26:26,773][flwr][INFO] - 	       [   0, 1077,    7,    3,    1,    3,    5,    0,   39,    0],
[2024-08-13 11:26:26,773][flwr][INFO] - 	       [  17,   17,  837,   20,   22,    1,   25,   24,   60,    9],
[2024-08-13 11:26:26,773][flwr][INFO] - 	       [   5,    6,   20,  825,    1,   52,    8,   17,   57,   19],
[2024-08-13 11:26:26,773][flwr][INFO] - 	       [   1,    7,    4,    0,  847,    1,   20,    2,   15,   85],
[2024-08-13 11:26:26,773][flwr][INFO] - 	       [  18,   30,    4,   30,   24,  701,   23,   11,   34,   17],
[2024-08-13 11:26:26,773][flwr][INFO] - 	       [  17,    9,   16,    2,   14,   21,  875,    1,    3,    0],
[2024-08-13 11:26:26,773][flwr][INFO] - 	       [   3,   32,   26,    0,   14,    0,    2,  893,   15,   43],
[2024-08-13 11:26:26,773][flwr][INFO] - 	       [   5,   11,   10,   19,    8,   23,   16,   10,  850,   22],
[2024-08-13 11:26:26,774][flwr][INFO] - 	       [  15,    9,    7,    6,   37,   12,    1,   22,   21,  879]],
[2024-08-13 11:26:26,774][flwr][INFO] - 	      dtype=int64)),
[2024-08-13 11:26:26,774][flwr][INFO] - 	                      (8,
[2024-08-13 11:26:26,774][flwr][INFO] - 	                       array([[ 945,    0,    1,    6,    1,   11,   13,    1,    2,    0],
[2024-08-13 11:26:26,774][flwr][INFO] - 	       [   0, 1089,   19,    9,    1,    2,    5,    0,   10,    0],
[2024-08-13 11:26:26,774][flwr][INFO] - 	       [  15,   17,  856,   36,   26,    0,   25,   25,   28,    4],
[2024-08-13 11:26:26,774][flwr][INFO] - 	       [   5,    4,   15,  899,    1,   32,    8,   21,   13,   12],
[2024-08-13 11:26:26,774][flwr][INFO] - 	       [   1,    9,    5,    0,  915,    2,   15,    1,    3,   31],
[2024-08-13 11:26:26,774][flwr][INFO] - 	       [  16,   32,    7,   86,   31,  659,   23,   14,   11,   13],
[2024-08-13 11:26:26,774][flwr][INFO] - 	       [  17,    9,   16,    2,   20,   20,  872,    1,    1,    0],
[2024-08-13 11:26:26,774][flwr][INFO] - 	       [   3,   32,   34,    2,   19,    0,    1,  909,    1,   27],
[2024-08-13 11:26:26,774][flwr][INFO] - 	       [  12,   23,   19,   80,   18,   31,   19,   15,  726,   31],
[2024-08-13 11:26:26,774][flwr][INFO] - 	       [  17,   11,    9,   13,   83,   13,    1,   38,    3,  821]],
[2024-08-13 11:26:26,774][flwr][INFO] - 	      dtype=int64)),
[2024-08-13 11:26:26,774][flwr][INFO] - 	                      (9,
[2024-08-13 11:26:26,774][flwr][INFO] - 	                       array([[ 947,    0,    1,    1,    1,    7,   15,    1,    7,    0],
[2024-08-13 11:26:26,774][flwr][INFO] - 	       [   0, 1083,    8,    4,    1,    3,    5,    0,   31,    0],
[2024-08-13 11:26:26,775][flwr][INFO] - 	       [  15,   15,  848,   26,   21,    0,   25,   25,   48,    9],
[2024-08-13 11:26:26,775][flwr][INFO] - 	       [   5,    4,   17,  865,    1,   36,    8,   16,   40,   18],
[2024-08-13 11:26:26,775][flwr][INFO] - 	       [   1,    7,    4,    0,  863,    1,   20,    1,   12,   73],
[2024-08-13 11:26:26,775][flwr][INFO] - 	       [  16,   28,    3,   45,   24,  692,   24,   12,   32,   16],
[2024-08-13 11:26:26,775][flwr][INFO] - 	       [  17,    8,   14,    2,   14,   21,  879,    0,    3,    0],
[2024-08-13 11:26:26,775][flwr][INFO] - 	       [   3,   31,   27,    1,   14,    0,    2,  898,   10,   42],
[2024-08-13 11:26:26,775][flwr][INFO] - 	       [   9,   12,   10,   27,    9,   21,   15,   11,  837,   23],
[2024-08-13 11:26:26,775][flwr][INFO] - 	       [  17,   10,    7,    8,   42,   11,    1,   24,   14,  875]],
[2024-08-13 11:26:26,775][flwr][INFO] - 	      dtype=int64)),
[2024-08-13 11:26:26,775][flwr][INFO] - 	                      (10,
[2024-08-13 11:26:26,775][flwr][INFO] - 	                       array([[ 945,    0,    2,    3,    2,   11,   14,    1,    2,    0],
[2024-08-13 11:26:26,775][flwr][INFO] - 	       [   0, 1097,   12,    6,    1,    3,    5,    0,   11,    0],
[2024-08-13 11:26:26,775][flwr][INFO] - 	       [  14,   18,  852,   34,   30,    1,   23,   29,   29,    2],
[2024-08-13 11:26:26,775][flwr][INFO] - 	       [   5,    4,   16,  897,    1,   35,    8,   22,   15,    7],
[2024-08-13 11:26:26,775][flwr][INFO] - 	       [   1,    6,    3,    0,  936,    2,   13,    1,    2,   18],
[2024-08-13 11:26:26,775][flwr][INFO] - 	       [  12,   24,    3,   69,   30,  699,   24,   12,   12,    7],
[2024-08-13 11:26:26,776][flwr][INFO] - 	       [  16,    6,   13,    2,   20,   20,  880,    0,    1,    0],
[2024-08-13 11:26:26,776][flwr][INFO] - 	       [   3,   30,   33,    3,   19,    0,    1,  918,    1,   20],
[2024-08-13 11:26:26,776][flwr][INFO] - 	       [  13,   23,   17,   66,   22,   37,   19,   17,  744,   16],
[2024-08-13 11:26:26,776][flwr][INFO] - 	       [  19,   10,   10,   13,  105,   14,    1,   50,    4,  783]],
[2024-08-13 11:26:26,776][flwr][INFO] - 	      dtype=int64))],
[2024-08-13 11:26:26,776][flwr][INFO] - 	 'f1': [(0, 0.017493624772313296),
[2024-08-13 11:26:26,776][flwr][INFO] - 	        (1, 0.7031044108295696),
[2024-08-13 11:26:26,776][flwr][INFO] - 	        (2, 0.8082655509194455),
[2024-08-13 11:26:26,776][flwr][INFO] - 	        (3, 0.8452045183170143),
[2024-08-13 11:26:26,776][flwr][INFO] - 	        (4, 0.8384127917827101),
[2024-08-13 11:26:26,776][flwr][INFO] - 	        (5, 0.8645876765181545),
[2024-08-13 11:26:26,776][flwr][INFO] - 	        (6, 0.8641691346888923),
[2024-08-13 11:26:26,776][flwr][INFO] - 	        (7, 0.8718276775116836),
[2024-08-13 11:26:26,776][flwr][INFO] - 	        (8, 0.8677641289578367),
[2024-08-13 11:26:26,776][flwr][INFO] - 	        (9, 0.8781964236544931),
[2024-08-13 11:26:26,776][flwr][INFO] - 	        (10, 0.8738764423516372)],
[2024-08-13 11:26:26,776][flwr][INFO] - 	 'precision': [(0, 0.009604000000000001),
[2024-08-13 11:26:26,777][flwr][INFO] - 	               (1, 0.7904981774751593),
[2024-08-13 11:26:26,777][flwr][INFO] - 	               (2, 0.8248445528497916),
[2024-08-13 11:26:26,777][flwr][INFO] - 	               (3, 0.8461460764798301),
[2024-08-13 11:26:26,777][flwr][INFO] - 	               (4, 0.854291411683245),
[2024-08-13 11:26:26,777][flwr][INFO] - 	               (5, 0.8675005448331258),
[2024-08-13 11:26:26,777][flwr][INFO] - 	               (6, 0.8674457792871221),
[2024-08-13 11:26:26,777][flwr][INFO] - 	               (7, 0.874019384848078),
[2024-08-13 11:26:26,777][flwr][INFO] - 	               (8, 0.8708269923684203),
[2024-08-13 11:26:26,777][flwr][INFO] - 	               (9, 0.8792862591113523),
[2024-08-13 11:26:26,777][flwr][INFO] - 	               (10, 0.8774665897364712)],
[2024-08-13 11:26:26,777][flwr][INFO] - 	 'recall': [(0, 0.098),
[2024-08-13 11:26:26,777][flwr][INFO] - 	            (1, 0.7358),
[2024-08-13 11:26:26,777][flwr][INFO] - 	            (2, 0.8153),
[2024-08-13 11:26:26,777][flwr][INFO] - 	            (3, 0.8462),
[2024-08-13 11:26:26,777][flwr][INFO] - 	            (4, 0.8411),
[2024-08-13 11:26:26,777][flwr][INFO] - 	            (5, 0.8647),
[2024-08-13 11:26:26,778][flwr][INFO] - 	            (6, 0.8656),
[2024-08-13 11:26:26,778][flwr][INFO] - 	            (7, 0.872),
[2024-08-13 11:26:26,778][flwr][INFO] - 	            (8, 0.8691),
[2024-08-13 11:26:26,778][flwr][INFO] - 	            (9, 0.8787),
[2024-08-13 11:26:26,778][flwr][INFO] - 	            (10, 0.8751)]}
[2024-08-13 11:26:26,778][flwr][INFO] - 
