[2024-08-13 15:19:54,464][flwr][INFO] - Starting Flower simulation, config: num_rounds=10, no round_timeout
[2024-08-13 15:19:58,760][flwr][INFO] - Flower VCE: Ray initialized with resources: {'object_store_memory': 2473759948.0, 'memory': 4947519899.0, 'node:127.0.0.1': 1.0, 'CPU': 16.0, 'node:__internal_head__': 1.0, 'accelerator_type:G': 1.0, 'GPU': 1.0}
[2024-08-13 15:19:58,760][flwr][INFO] - Optimize your simulation with Flower VCE: https://flower.ai/docs/framework/how-to-run-simulations.html
[2024-08-13 15:19:58,760][flwr][INFO] - Flower VCE: Resources for each Virtual Client: {'num_cpus': 2, 'num_gpus': 0.5}
[2024-08-13 15:19:58,771][flwr][INFO] - Flower VCE: Creating VirtualClientEngineActorPool with 2 actors
[2024-08-13 15:19:58,773][flwr][INFO] - [INIT]
[2024-08-13 15:19:58,773][flwr][INFO] - Requesting initial parameters from one random client
[2024-08-13 15:20:06,370][flwr][INFO] - Received initial parameters from one random client
[2024-08-13 15:20:06,370][flwr][INFO] - Evaluating initial global parameters
[2024-08-13 15:20:08,596][flwr][INFO] - initial parameters (loss, other metrics): 2.3025850929940455, {'accuracy': 0.098, 'precision': 0.009604000000000001, 'recall': 0.098, 'f1': 0.017493624772313296, 'confusion_matrix': array([[ 980,    0,    0,    0,    0,    0,    0,    0,    0,    0],
       [1135,    0,    0,    0,    0,    0,    0,    0,    0,    0],
       [1032,    0,    0,    0,    0,    0,    0,    0,    0,    0],
       [1010,    0,    0,    0,    0,    0,    0,    0,    0,    0],
       [ 982,    0,    0,    0,    0,    0,    0,    0,    0,    0],
       [ 892,    0,    0,    0,    0,    0,    0,    0,    0,    0],
       [ 958,    0,    0,    0,    0,    0,    0,    0,    0,    0],
       [1028,    0,    0,    0,    0,    0,    0,    0,    0,    0],
       [ 974,    0,    0,    0,    0,    0,    0,    0,    0,    0],
       [1009,    0,    0,    0,    0,    0,    0,    0,    0,    0]],
      dtype=int64)}
[2024-08-13 15:20:08,597][flwr][INFO] - 
[2024-08-13 15:20:08,597][flwr][INFO] - [ROUND 1]
[2024-08-13 15:20:08,598][flwr][INFO] - configure_fit: strategy sampled 10 clients (out of 100)
[2024-08-13 15:20:12,078][flwr][INFO] - aggregate_fit: received 10 results and 0 failures
[2024-08-13 15:20:12,081][flwr][WARNING] - No fit_metrics_aggregation_fn provided
[2024-08-13 15:20:14,314][flwr][INFO] - fit progress: (1, 2.084407495111287, {'accuracy': 0.2101, 'precision': 0.20311963462611649, 'recall': 0.2101, 'f1': 0.15659908562696465, 'confusion_matrix': array([[ 676,  262,    0,    0,    0,    0,    1,   11,    0,   30],
       [   0,    0, 1044,    3,    0,    0,    0,    3,    0,   85],
       [  49,   14,  209,  439,    4,    1,    2,   58,   21,  235],
       [  13,   32,   12,  287,  283,    0,    1,   13,   13,  356],
       [  88,    0,    3,    0,   13,  109,    0,   46,    1,  722],
       [ 141,   47,   39,   30,   57,    1,   12,   26,   25,  514],
       [  63,   16,   29,    4,    1,    0,   40,  704,    0,  101],
       [  88,    0,   27,    0,    1,    0,    0,   23,  760,  129],
       [  16,    5,   11,   11,    3,    0,    0,    5,    4,  919],
       [ 128,    0,    2,    0,    6,    1,    0,   15,    9,  848]],
      dtype=int64)}, 5.71735359999002)
[2024-08-13 15:20:14,315][flwr][INFO] - configure_evaluate: no clients selected, skipping evaluation
[2024-08-13 15:20:14,315][flwr][INFO] - 
[2024-08-13 15:20:14,315][flwr][INFO] - [ROUND 2]
[2024-08-13 15:20:14,316][flwr][INFO] - configure_fit: strategy sampled 10 clients (out of 100)
[2024-08-13 15:20:15,471][flwr][INFO] - aggregate_fit: received 10 results and 0 failures
[2024-08-13 15:20:17,704][flwr][INFO] - fit progress: (2, 1.7565878682838196, {'accuracy': 0.4406, 'precision': 0.44666695529791123, 'recall': 0.4406, 'f1': 0.4012661170148196, 'confusion_matrix': array([[245, 321,   2,  18,   3,  15, 359,  11,   6,   0],
       [  0, 808, 274,   9,   0,   3,  34,   1,   6,   0],
       [  0,  20, 218, 619,   9,  25,  61,  37,  43,   0],
       [  0,  19,   4, 759,  91,  16,  54,   8,  59,   0],
       [  0,   4,   2,   0,  86, 805,  27,  36,  22,   0],
       [  3,  95,  13,  81,  17, 334, 283,  10,  56,   0],
       [  0,  16,   6,   4,   6,   4, 825,  97,   0,   0],
       [  4,  19,  17,   9,  12,  47,   1, 633, 286,   0],
       [  0,  58,   5, 196,  22,  99,  91,   5, 498,   0],
       [  6,   6,   1,   6,  49, 656,   9, 111, 165,   0]], dtype=int64)}, 9.106953199996497)
[2024-08-13 15:20:17,704][flwr][INFO] - configure_evaluate: no clients selected, skipping evaluation
[2024-08-13 15:20:17,705][flwr][INFO] - 
[2024-08-13 15:20:17,705][flwr][INFO] - [ROUND 3]
[2024-08-13 15:20:17,705][flwr][INFO] - configure_fit: strategy sampled 10 clients (out of 100)
[2024-08-13 15:20:18,874][flwr][INFO] - aggregate_fit: received 10 results and 0 failures
[2024-08-13 15:20:21,107][flwr][INFO] - fit progress: (3, 1.640139135964326, {'accuracy': 0.3402, 'precision': 0.42124730794667586, 'recall': 0.3402, 'f1': 0.2703168626208613, 'confusion_matrix': array([[ 814,  148,    2,    0,    2,    0,    0,   13,    1,    0],
       [   1,   24, 1100,    2,    3,    0,    0,    5,    0,    0],
       [  67,   25,  760,   84,   27,    1,    1,   49,   18,    0],
       [  65,   55,   56,  249,  532,    0,    0,   24,   26,    3],
       [ 252,    2,   22,    0,  533,   11,    0,  146,    5,   11],
       [ 441,  127,   50,   24,  174,   12,    5,   44,   15,    0],
       [ 101,   32,   62,    0,    9,    0,   20,  734,    0,    0],
       [ 194,    1,   91,    0,   12,    0,    0,  642,   88,    0],
       [ 217,   39,  144,   20,  185,    0,    1,   19,  312,   37],
       [ 734,    4,   10,    1,  106,    1,    0,   86,   31,   36]],
      dtype=int64)}, 12.510660299987649)
[2024-08-13 15:20:21,108][flwr][INFO] - configure_evaluate: no clients selected, skipping evaluation
[2024-08-13 15:20:21,108][flwr][INFO] - 
[2024-08-13 15:20:21,108][flwr][INFO] - [ROUND 4]
[2024-08-13 15:20:21,109][flwr][INFO] - configure_fit: strategy sampled 10 clients (out of 100)
[2024-08-13 15:20:22,240][flwr][INFO] - aggregate_fit: received 10 results and 0 failures
[2024-08-13 15:20:24,477][flwr][INFO] - fit progress: (4, 1.6876106858474487, {'accuracy': 0.3836, 'precision': 0.31573073780832894, 'recall': 0.3836, 'f1': 0.31086223934253515, 'confusion_matrix': array([[  0, 832,   0,  10,   2,   7, 105,   5,  10,   9],
       [  0, 773, 274,  30,   0,   0,  23,   0,  17,  18],
       [  0,  32,  46, 813,   2,   8,  25,  14,  52,  40],
       [  0,  28,   1, 744,  41,  11,  55,   7,  56,  67],
       [  0,   4,   0,   4,  61, 649,  18,  13,   9, 224],
       [  0, 116,   5,  81,  11, 276, 239,   7,  84,  73],
       [  0,  30,   2,  13,   4,   4, 777, 126,   0,   2],
       [  1,  16,   8,  20,   2,  27,   0,  65, 833,  56],
       [  0,  35,   4, 147,   2,  16,  39,   1, 237, 493],
       [  0,  11,   0,   9,  14,  48,   3,  18,  49, 857]], dtype=int64)}, 15.87974530000065)
[2024-08-13 15:20:24,477][flwr][INFO] - configure_evaluate: no clients selected, skipping evaluation
[2024-08-13 15:20:24,477][flwr][INFO] - 
[2024-08-13 15:20:24,478][flwr][INFO] - [ROUND 5]
[2024-08-13 15:20:24,478][flwr][INFO] - configure_fit: strategy sampled 10 clients (out of 100)
[2024-08-13 15:20:25,691][flwr][INFO] - aggregate_fit: received 10 results and 0 failures
[2024-08-13 15:20:27,943][flwr][INFO] - fit progress: (5, 1.5109625176506494, {'accuracy': 0.3964, 'precision': 0.40783580107637935, 'recall': 0.3964, 'f1': 0.34570671316147605, 'confusion_matrix': array([[ 854,   55,    2,    1,    9,    4,   17,   37,    1,    0],
       [   0,    2, 1122,    1,    2,    1,    1,    6,    0,    0],
       [  20,    2,  815,   42,   51,    3,    9,   65,   25,    0],
       [  16,   11,   57,  110,  727,    2,   22,   27,   29,    9],
       [  29,    0,   16,    0,  465,  329,    3,  128,    4,    8],
       [  97,   35,   60,    4,  176,  274,  157,   52,   35,    2],
       [  25,    4,   51,    0,    9,    0,  254,  615,    0,    0],
       [  76,    0,   82,    0,   24,    1,    0,  730,  112,    3],
       [  48,    3,  126,    4,  237,   16,   30,   18,  294,  198],
       [ 418,    0,    8,    0,  192,   43,    1,  154,   27,  166]],
      dtype=int64)}, 19.346095499990042)
[2024-08-13 15:20:27,943][flwr][INFO] - configure_evaluate: no clients selected, skipping evaluation
[2024-08-13 15:20:27,944][flwr][INFO] - 
[2024-08-13 15:20:27,944][flwr][INFO] - [ROUND 6]
[2024-08-13 15:20:27,944][flwr][INFO] - configure_fit: strategy sampled 10 clients (out of 100)
[2024-08-13 15:20:29,251][flwr][INFO] - aggregate_fit: received 10 results and 0 failures
[2024-08-13 15:20:31,537][flwr][INFO] - fit progress: (6, 1.6141735252991576, {'accuracy': 0.3946, 'precision': 0.4437332742717774, 'recall': 0.3946, 'f1': 0.30111477672837883, 'confusion_matrix': array([[  35,  801,    0,   23,    0,    3,   98,    4,    1,   15],
       [   0, 1008,    6,   73,    0,    0,   26,    0,    0,   22],
       [   0,   41,   12,  873,    1,    6,   25,   13,   23,   38],
       [   0,   31,    0,  810,    1,    7,   54,    7,   23,   77],
       [   2,    7,    0,   11,   47,  654,   25,    8,    4,  224],
       [   2,  132,    0,  102,    1,  229,  277,    4,   43,  102],
       [   0,   40,    1,   15,    2,    3,  811,   84,    0,    2],
       [  24,   27,    0,   37,    0,   24,    0,   60,  785,   71],
       [   0,   51,    0,  162,    0,   13,   42,    1,   50,  655],
       [  19,    9,    0,   18,    1,   45,    6,   10,   17,  884]],
      dtype=int64)}, 22.941137799993157)
[2024-08-13 15:20:31,538][flwr][INFO] - configure_evaluate: no clients selected, skipping evaluation
[2024-08-13 15:20:31,538][flwr][INFO] - 
[2024-08-13 15:20:31,538][flwr][INFO] - [ROUND 7]
[2024-08-13 15:20:31,539][flwr][INFO] - configure_fit: strategy sampled 10 clients (out of 100)
[2024-08-13 15:20:32,687][flwr][INFO] - aggregate_fit: received 10 results and 0 failures
[2024-08-13 15:20:34,924][flwr][INFO] - fit progress: (7, 1.501892535584928, {'accuracy': 0.3876, 'precision': 0.3762180512048655, 'recall': 0.3876, 'f1': 0.3259165403549553, 'confusion_matrix': array([[ 821,   85,    1,    0,    9,    5,   18,   36,    5,    0],
       [   1,   15, 1096,    1,    7,    2,    3,    7,    3,    0],
       [  30,    7,  718,   63,   88,    5,   10,   61,   50,    0],
       [  13,   12,   30,   51,  789,    1,   18,   26,   69,    1],
       [  44,    0,    6,    0,  605,  211,    3,   98,   13,    2],
       [ 102,   50,   37,    3,  168,  266,  153,   51,   62,    0],
       [  28,    6,   29,    0,   13,    0,  245,  637,    0,    0],
       [  83,    0,   51,    0,   29,    1,    0,  572,  290,    2],
       [  51,    7,   48,    2,  202,   12,   24,   17,  548,   63],
       [ 583,    2,    4,    0,  184,   20,    1,   90,   90,   35]],
      dtype=int64)}, 26.327006699997582)
[2024-08-13 15:20:34,925][flwr][INFO] - configure_evaluate: no clients selected, skipping evaluation
[2024-08-13 15:20:34,925][flwr][INFO] - 
[2024-08-13 15:20:34,925][flwr][INFO] - [ROUND 8]
[2024-08-13 15:20:34,925][flwr][INFO] - configure_fit: strategy sampled 10 clients (out of 100)
[2024-08-13 15:20:36,074][flwr][INFO] - aggregate_fit: received 10 results and 0 failures
[2024-08-13 15:20:38,444][flwr][INFO] - fit progress: (8, 1.5032987079962659, {'accuracy': 0.4433, 'precision': 0.5252438846191483, 'recall': 0.4433, 'f1': 0.353386525946649, 'confusion_matrix': array([[  19,  807,    0,   28,    0,   10,   83,    6,    0,   27],
       [   0, 1037,   13,   38,    0,    0,   17,    0,    0,   30],
       [   0,   51,   48,  829,    1,    7,   22,   13,    9,   52],
       [   0,   28,    0,  825,    1,    8,   45,    6,    5,   92],
       [   0,    9,    0,    9,   39,  642,   15,    4,    0,  264],
       [   0,  130,    1,  103,    0,  297,  209,    4,   15,  133],
       [   0,   45,    5,   11,    1,    4,  824,   63,    0,    5],
       [   9,   42,    4,   44,    0,   33,    0,  418,  271,  207],
       [   0,   56,    1,  137,    0,   17,   30,    2,    6,  725],
       [   2,   12,    0,   18,    0,   40,    5,   12,    0,  920]],
      dtype=int64)}, 29.84703059999447)
[2024-08-13 15:20:38,444][flwr][INFO] - configure_evaluate: no clients selected, skipping evaluation
[2024-08-13 15:20:38,445][flwr][INFO] - 
[2024-08-13 15:20:38,445][flwr][INFO] - [ROUND 9]
[2024-08-13 15:20:38,445][flwr][INFO] - configure_fit: strategy sampled 10 clients (out of 100)
[2024-08-13 15:20:39,581][flwr][INFO] - aggregate_fit: received 10 results and 0 failures
[2024-08-13 15:20:41,808][flwr][INFO] - fit progress: (9, 1.4089510440879698, {'accuracy': 0.4251, 'precision': 0.4436240599263295, 'recall': 0.4251, 'f1': 0.37390771081934504, 'confusion_matrix': array([[ 845,   70,    1,    1,    5,    7,   20,   24,    7,    0],
       [   0,   90, 1028,    1,    0,    1,    4,    2,    9,    0],
       [  28,    6,  771,   76,   37,    6,   13,   37,   58,    0],
       [  18,   18,   44,  278,  459,    6,   34,   22,  130,    1],
       [  53,    2,    9,    0,  497,  316,    5,   68,   32,    0],
       [  86,   48,   33,   14,   62,  310,  194,   32,  113,    0],
       [  36,    8,   40,    0,    6,    0,  342,  526,    0,    0],
       [  88,    1,   55,    0,   18,    1,    0,  369,  495,    1],
       [  47,    9,   50,    6,   61,   11,   32,   10,  747,    1],
       [ 631,    2,    4,    0,   98,   41,    0,   44,  187,    2]],
      dtype=int64)}, 33.21067509999557)
[2024-08-13 15:20:41,808][flwr][INFO] - configure_evaluate: no clients selected, skipping evaluation
[2024-08-13 15:20:41,808][flwr][INFO] - 
[2024-08-13 15:20:41,808][flwr][INFO] - [ROUND 10]
[2024-08-13 15:20:41,809][flwr][INFO] - configure_fit: strategy sampled 10 clients (out of 100)
[2024-08-13 15:20:43,074][flwr][INFO] - aggregate_fit: received 10 results and 0 failures
[2024-08-13 15:20:45,303][flwr][INFO] - fit progress: (10, 1.5350650528462508, {'accuracy': 0.4523, 'precision': 0.4265830217469664, 'recall': 0.4523, 'f1': 0.3827474186731579, 'confusion_matrix': array([[ 22, 843,   0,   6,   3,   7,  52,  19,   0,  28],
       [  0, 915, 141,  19,   1,   0,  14,   1,   0,  44],
       [  0,  49,  84, 776,  10,   5,  21,  29,   3,  55],
       [  0,  34,   0, 711,  82,  10,  42,  11,   1, 119],
       [  1,   3,   0,   4, 229, 518,  13,  17,   0, 197],
       [  2, 105,   4,  51,  17, 320, 225,  13,   4, 151],
       [  0,  38,   6,   3,   7,   3, 667, 228,   0,   6],
       [ 15,  26,  14,  28,  14,  21,   0, 669,  62, 179],
       [  0,  35,   4,  80,  13,  16,  33,   5,   0, 788],
       [  5,  10,   0,   8,  24,  30,   3,  23,   0, 906]], dtype=int64)}, 36.706769199998234)
[2024-08-13 15:20:45,304][flwr][INFO] - configure_evaluate: no clients selected, skipping evaluation
[2024-08-13 15:20:45,304][flwr][INFO] - 
[2024-08-13 15:20:45,304][flwr][INFO] - [SUMMARY]
[2024-08-13 15:20:45,304][flwr][INFO] - Run finished 10 round(s) in 36.71s
[2024-08-13 15:20:45,312][flwr][INFO] - 	History (loss, centralized):
[2024-08-13 15:20:45,313][flwr][INFO] - 		round 0: 2.3025850929940455
[2024-08-13 15:20:45,313][flwr][INFO] - 		round 1: 2.084407495111287
[2024-08-13 15:20:45,313][flwr][INFO] - 		round 2: 1.7565878682838196
[2024-08-13 15:20:45,313][flwr][INFO] - 		round 3: 1.640139135964326
[2024-08-13 15:20:45,313][flwr][INFO] - 		round 4: 1.6876106858474487
[2024-08-13 15:20:45,313][flwr][INFO] - 		round 5: 1.5109625176506494
[2024-08-13 15:20:45,313][flwr][INFO] - 		round 6: 1.6141735252991576
[2024-08-13 15:20:45,313][flwr][INFO] - 		round 7: 1.501892535584928
[2024-08-13 15:20:45,313][flwr][INFO] - 		round 8: 1.5032987079962659
[2024-08-13 15:20:45,313][flwr][INFO] - 		round 9: 1.4089510440879698
[2024-08-13 15:20:45,313][flwr][INFO] - 		round 10: 1.5350650528462508
[2024-08-13 15:20:45,313][flwr][INFO] - 	History (metrics, centralized):
[2024-08-13 15:20:45,313][flwr][INFO] - 	{'accuracy': [(0, 0.098),
[2024-08-13 15:20:45,313][flwr][INFO] - 	              (1, 0.2101),
[2024-08-13 15:20:45,313][flwr][INFO] - 	              (2, 0.4406),
[2024-08-13 15:20:45,313][flwr][INFO] - 	              (3, 0.3402),
[2024-08-13 15:20:45,313][flwr][INFO] - 	              (4, 0.3836),
[2024-08-13 15:20:45,314][flwr][INFO] - 	              (5, 0.3964),
[2024-08-13 15:20:45,314][flwr][INFO] - 	              (6, 0.3946),
[2024-08-13 15:20:45,314][flwr][INFO] - 	              (7, 0.3876),
[2024-08-13 15:20:45,314][flwr][INFO] - 	              (8, 0.4433),
[2024-08-13 15:20:45,314][flwr][INFO] - 	              (9, 0.4251),
[2024-08-13 15:20:45,314][flwr][INFO] - 	              (10, 0.4523)],
[2024-08-13 15:20:45,314][flwr][INFO] - 	 'confusion_matrix': [(0,
[2024-08-13 15:20:45,314][flwr][INFO] - 	                       array([[ 980,    0,    0,    0,    0,    0,    0,    0,    0,    0],
[2024-08-13 15:20:45,314][flwr][INFO] - 	       [1135,    0,    0,    0,    0,    0,    0,    0,    0,    0],
[2024-08-13 15:20:45,314][flwr][INFO] - 	       [1032,    0,    0,    0,    0,    0,    0,    0,    0,    0],
[2024-08-13 15:20:45,314][flwr][INFO] - 	       [1010,    0,    0,    0,    0,    0,    0,    0,    0,    0],
[2024-08-13 15:20:45,314][flwr][INFO] - 	       [ 982,    0,    0,    0,    0,    0,    0,    0,    0,    0],
[2024-08-13 15:20:45,314][flwr][INFO] - 	       [ 892,    0,    0,    0,    0,    0,    0,    0,    0,    0],
[2024-08-13 15:20:45,314][flwr][INFO] - 	       [ 958,    0,    0,    0,    0,    0,    0,    0,    0,    0],
[2024-08-13 15:20:45,314][flwr][INFO] - 	       [1028,    0,    0,    0,    0,    0,    0,    0,    0,    0],
[2024-08-13 15:20:45,315][flwr][INFO] - 	       [ 974,    0,    0,    0,    0,    0,    0,    0,    0,    0],
[2024-08-13 15:20:45,315][flwr][INFO] - 	       [1009,    0,    0,    0,    0,    0,    0,    0,    0,    0]],
[2024-08-13 15:20:45,315][flwr][INFO] - 	      dtype=int64)),
[2024-08-13 15:20:45,315][flwr][INFO] - 	                      (1,
[2024-08-13 15:20:45,315][flwr][INFO] - 	                       array([[ 676,  262,    0,    0,    0,    0,    1,   11,    0,   30],
[2024-08-13 15:20:45,315][flwr][INFO] - 	       [   0,    0, 1044,    3,    0,    0,    0,    3,    0,   85],
[2024-08-13 15:20:45,315][flwr][INFO] - 	       [  49,   14,  209,  439,    4,    1,    2,   58,   21,  235],
[2024-08-13 15:20:45,315][flwr][INFO] - 	       [  13,   32,   12,  287,  283,    0,    1,   13,   13,  356],
[2024-08-13 15:20:45,315][flwr][INFO] - 	       [  88,    0,    3,    0,   13,  109,    0,   46,    1,  722],
[2024-08-13 15:20:45,315][flwr][INFO] - 	       [ 141,   47,   39,   30,   57,    1,   12,   26,   25,  514],
[2024-08-13 15:20:45,315][flwr][INFO] - 	       [  63,   16,   29,    4,    1,    0,   40,  704,    0,  101],
[2024-08-13 15:20:45,315][flwr][INFO] - 	       [  88,    0,   27,    0,    1,    0,    0,   23,  760,  129],
[2024-08-13 15:20:45,315][flwr][INFO] - 	       [  16,    5,   11,   11,    3,    0,    0,    5,    4,  919],
[2024-08-13 15:20:45,315][flwr][INFO] - 	       [ 128,    0,    2,    0,    6,    1,    0,   15,    9,  848]],
[2024-08-13 15:20:45,315][flwr][INFO] - 	      dtype=int64)),
[2024-08-13 15:20:45,315][flwr][INFO] - 	                      (2,
[2024-08-13 15:20:45,315][flwr][INFO] - 	                       array([[245, 321,   2,  18,   3,  15, 359,  11,   6,   0],
[2024-08-13 15:20:45,316][flwr][INFO] - 	       [  0, 808, 274,   9,   0,   3,  34,   1,   6,   0],
[2024-08-13 15:20:45,316][flwr][INFO] - 	       [  0,  20, 218, 619,   9,  25,  61,  37,  43,   0],
[2024-08-13 15:20:45,316][flwr][INFO] - 	       [  0,  19,   4, 759,  91,  16,  54,   8,  59,   0],
[2024-08-13 15:20:45,316][flwr][INFO] - 	       [  0,   4,   2,   0,  86, 805,  27,  36,  22,   0],
[2024-08-13 15:20:45,316][flwr][INFO] - 	       [  3,  95,  13,  81,  17, 334, 283,  10,  56,   0],
[2024-08-13 15:20:45,316][flwr][INFO] - 	       [  0,  16,   6,   4,   6,   4, 825,  97,   0,   0],
[2024-08-13 15:20:45,316][flwr][INFO] - 	       [  4,  19,  17,   9,  12,  47,   1, 633, 286,   0],
[2024-08-13 15:20:45,316][flwr][INFO] - 	       [  0,  58,   5, 196,  22,  99,  91,   5, 498,   0],
[2024-08-13 15:20:45,316][flwr][INFO] - 	       [  6,   6,   1,   6,  49, 656,   9, 111, 165,   0]], dtype=int64)),
[2024-08-13 15:20:45,316][flwr][INFO] - 	                      (3,
[2024-08-13 15:20:45,316][flwr][INFO] - 	                       array([[ 814,  148,    2,    0,    2,    0,    0,   13,    1,    0],
[2024-08-13 15:20:45,316][flwr][INFO] - 	       [   1,   24, 1100,    2,    3,    0,    0,    5,    0,    0],
[2024-08-13 15:20:45,316][flwr][INFO] - 	       [  67,   25,  760,   84,   27,    1,    1,   49,   18,    0],
[2024-08-13 15:20:45,316][flwr][INFO] - 	       [  65,   55,   56,  249,  532,    0,    0,   24,   26,    3],
[2024-08-13 15:20:45,316][flwr][INFO] - 	       [ 252,    2,   22,    0,  533,   11,    0,  146,    5,   11],
[2024-08-13 15:20:45,316][flwr][INFO] - 	       [ 441,  127,   50,   24,  174,   12,    5,   44,   15,    0],
[2024-08-13 15:20:45,317][flwr][INFO] - 	       [ 101,   32,   62,    0,    9,    0,   20,  734,    0,    0],
[2024-08-13 15:20:45,317][flwr][INFO] - 	       [ 194,    1,   91,    0,   12,    0,    0,  642,   88,    0],
[2024-08-13 15:20:45,317][flwr][INFO] - 	       [ 217,   39,  144,   20,  185,    0,    1,   19,  312,   37],
[2024-08-13 15:20:45,317][flwr][INFO] - 	       [ 734,    4,   10,    1,  106,    1,    0,   86,   31,   36]],
[2024-08-13 15:20:45,317][flwr][INFO] - 	      dtype=int64)),
[2024-08-13 15:20:45,317][flwr][INFO] - 	                      (4,
[2024-08-13 15:20:45,317][flwr][INFO] - 	                       array([[  0, 832,   0,  10,   2,   7, 105,   5,  10,   9],
[2024-08-13 15:20:45,317][flwr][INFO] - 	       [  0, 773, 274,  30,   0,   0,  23,   0,  17,  18],
[2024-08-13 15:20:45,317][flwr][INFO] - 	       [  0,  32,  46, 813,   2,   8,  25,  14,  52,  40],
[2024-08-13 15:20:45,317][flwr][INFO] - 	       [  0,  28,   1, 744,  41,  11,  55,   7,  56,  67],
[2024-08-13 15:20:45,317][flwr][INFO] - 	       [  0,   4,   0,   4,  61, 649,  18,  13,   9, 224],
[2024-08-13 15:20:45,317][flwr][INFO] - 	       [  0, 116,   5,  81,  11, 276, 239,   7,  84,  73],
[2024-08-13 15:20:45,317][flwr][INFO] - 	       [  0,  30,   2,  13,   4,   4, 777, 126,   0,   2],
[2024-08-13 15:20:45,317][flwr][INFO] - 	       [  1,  16,   8,  20,   2,  27,   0,  65, 833,  56],
[2024-08-13 15:20:45,317][flwr][INFO] - 	       [  0,  35,   4, 147,   2,  16,  39,   1, 237, 493],
[2024-08-13 15:20:45,317][flwr][INFO] - 	       [  0,  11,   0,   9,  14,  48,   3,  18,  49, 857]], dtype=int64)),
[2024-08-13 15:20:45,317][flwr][INFO] - 	                      (5,
[2024-08-13 15:20:45,318][flwr][INFO] - 	                       array([[ 854,   55,    2,    1,    9,    4,   17,   37,    1,    0],
[2024-08-13 15:20:45,318][flwr][INFO] - 	       [   0,    2, 1122,    1,    2,    1,    1,    6,    0,    0],
[2024-08-13 15:20:45,318][flwr][INFO] - 	       [  20,    2,  815,   42,   51,    3,    9,   65,   25,    0],
[2024-08-13 15:20:45,318][flwr][INFO] - 	       [  16,   11,   57,  110,  727,    2,   22,   27,   29,    9],
[2024-08-13 15:20:45,318][flwr][INFO] - 	       [  29,    0,   16,    0,  465,  329,    3,  128,    4,    8],
[2024-08-13 15:20:45,318][flwr][INFO] - 	       [  97,   35,   60,    4,  176,  274,  157,   52,   35,    2],
[2024-08-13 15:20:45,318][flwr][INFO] - 	       [  25,    4,   51,    0,    9,    0,  254,  615,    0,    0],
[2024-08-13 15:20:45,318][flwr][INFO] - 	       [  76,    0,   82,    0,   24,    1,    0,  730,  112,    3],
[2024-08-13 15:20:45,318][flwr][INFO] - 	       [  48,    3,  126,    4,  237,   16,   30,   18,  294,  198],
[2024-08-13 15:20:45,318][flwr][INFO] - 	       [ 418,    0,    8,    0,  192,   43,    1,  154,   27,  166]],
[2024-08-13 15:20:45,318][flwr][INFO] - 	      dtype=int64)),
[2024-08-13 15:20:45,318][flwr][INFO] - 	                      (6,
[2024-08-13 15:20:45,318][flwr][INFO] - 	                       array([[  35,  801,    0,   23,    0,    3,   98,    4,    1,   15],
[2024-08-13 15:20:45,318][flwr][INFO] - 	       [   0, 1008,    6,   73,    0,    0,   26,    0,    0,   22],
[2024-08-13 15:20:45,318][flwr][INFO] - 	       [   0,   41,   12,  873,    1,    6,   25,   13,   23,   38],
[2024-08-13 15:20:45,318][flwr][INFO] - 	       [   0,   31,    0,  810,    1,    7,   54,    7,   23,   77],
[2024-08-13 15:20:45,318][flwr][INFO] - 	       [   2,    7,    0,   11,   47,  654,   25,    8,    4,  224],
[2024-08-13 15:20:45,319][flwr][INFO] - 	       [   2,  132,    0,  102,    1,  229,  277,    4,   43,  102],
[2024-08-13 15:20:45,319][flwr][INFO] - 	       [   0,   40,    1,   15,    2,    3,  811,   84,    0,    2],
[2024-08-13 15:20:45,319][flwr][INFO] - 	       [  24,   27,    0,   37,    0,   24,    0,   60,  785,   71],
[2024-08-13 15:20:45,319][flwr][INFO] - 	       [   0,   51,    0,  162,    0,   13,   42,    1,   50,  655],
[2024-08-13 15:20:45,319][flwr][INFO] - 	       [  19,    9,    0,   18,    1,   45,    6,   10,   17,  884]],
[2024-08-13 15:20:45,319][flwr][INFO] - 	      dtype=int64)),
[2024-08-13 15:20:45,319][flwr][INFO] - 	                      (7,
[2024-08-13 15:20:45,319][flwr][INFO] - 	                       array([[ 821,   85,    1,    0,    9,    5,   18,   36,    5,    0],
[2024-08-13 15:20:45,319][flwr][INFO] - 	       [   1,   15, 1096,    1,    7,    2,    3,    7,    3,    0],
[2024-08-13 15:20:45,319][flwr][INFO] - 	       [  30,    7,  718,   63,   88,    5,   10,   61,   50,    0],
[2024-08-13 15:20:45,319][flwr][INFO] - 	       [  13,   12,   30,   51,  789,    1,   18,   26,   69,    1],
[2024-08-13 15:20:45,319][flwr][INFO] - 	       [  44,    0,    6,    0,  605,  211,    3,   98,   13,    2],
[2024-08-13 15:20:45,319][flwr][INFO] - 	       [ 102,   50,   37,    3,  168,  266,  153,   51,   62,    0],
[2024-08-13 15:20:45,319][flwr][INFO] - 	       [  28,    6,   29,    0,   13,    0,  245,  637,    0,    0],
[2024-08-13 15:20:45,319][flwr][INFO] - 	       [  83,    0,   51,    0,   29,    1,    0,  572,  290,    2],
[2024-08-13 15:20:45,319][flwr][INFO] - 	       [  51,    7,   48,    2,  202,   12,   24,   17,  548,   63],
[2024-08-13 15:20:45,319][flwr][INFO] - 	       [ 583,    2,    4,    0,  184,   20,    1,   90,   90,   35]],
[2024-08-13 15:20:45,320][flwr][INFO] - 	      dtype=int64)),
[2024-08-13 15:20:45,320][flwr][INFO] - 	                      (8,
[2024-08-13 15:20:45,320][flwr][INFO] - 	                       array([[  19,  807,    0,   28,    0,   10,   83,    6,    0,   27],
[2024-08-13 15:20:45,320][flwr][INFO] - 	       [   0, 1037,   13,   38,    0,    0,   17,    0,    0,   30],
[2024-08-13 15:20:45,320][flwr][INFO] - 	       [   0,   51,   48,  829,    1,    7,   22,   13,    9,   52],
[2024-08-13 15:20:45,320][flwr][INFO] - 	       [   0,   28,    0,  825,    1,    8,   45,    6,    5,   92],
[2024-08-13 15:20:45,320][flwr][INFO] - 	       [   0,    9,    0,    9,   39,  642,   15,    4,    0,  264],
[2024-08-13 15:20:45,320][flwr][INFO] - 	       [   0,  130,    1,  103,    0,  297,  209,    4,   15,  133],
[2024-08-13 15:20:45,320][flwr][INFO] - 	       [   0,   45,    5,   11,    1,    4,  824,   63,    0,    5],
[2024-08-13 15:20:45,320][flwr][INFO] - 	       [   9,   42,    4,   44,    0,   33,    0,  418,  271,  207],
[2024-08-13 15:20:45,320][flwr][INFO] - 	       [   0,   56,    1,  137,    0,   17,   30,    2,    6,  725],
[2024-08-13 15:20:45,320][flwr][INFO] - 	       [   2,   12,    0,   18,    0,   40,    5,   12,    0,  920]],
[2024-08-13 15:20:45,320][flwr][INFO] - 	      dtype=int64)),
[2024-08-13 15:20:45,320][flwr][INFO] - 	                      (9,
[2024-08-13 15:20:45,320][flwr][INFO] - 	                       array([[ 845,   70,    1,    1,    5,    7,   20,   24,    7,    0],
[2024-08-13 15:20:45,320][flwr][INFO] - 	       [   0,   90, 1028,    1,    0,    1,    4,    2,    9,    0],
[2024-08-13 15:20:45,320][flwr][INFO] - 	       [  28,    6,  771,   76,   37,    6,   13,   37,   58,    0],
[2024-08-13 15:20:45,321][flwr][INFO] - 	       [  18,   18,   44,  278,  459,    6,   34,   22,  130,    1],
[2024-08-13 15:20:45,321][flwr][INFO] - 	       [  53,    2,    9,    0,  497,  316,    5,   68,   32,    0],
[2024-08-13 15:20:45,321][flwr][INFO] - 	       [  86,   48,   33,   14,   62,  310,  194,   32,  113,    0],
[2024-08-13 15:20:45,321][flwr][INFO] - 	       [  36,    8,   40,    0,    6,    0,  342,  526,    0,    0],
[2024-08-13 15:20:45,321][flwr][INFO] - 	       [  88,    1,   55,    0,   18,    1,    0,  369,  495,    1],
[2024-08-13 15:20:45,321][flwr][INFO] - 	       [  47,    9,   50,    6,   61,   11,   32,   10,  747,    1],
[2024-08-13 15:20:45,321][flwr][INFO] - 	       [ 631,    2,    4,    0,   98,   41,    0,   44,  187,    2]],
[2024-08-13 15:20:45,321][flwr][INFO] - 	      dtype=int64)),
[2024-08-13 15:20:45,321][flwr][INFO] - 	                      (10,
[2024-08-13 15:20:45,321][flwr][INFO] - 	                       array([[ 22, 843,   0,   6,   3,   7,  52,  19,   0,  28],
[2024-08-13 15:20:45,321][flwr][INFO] - 	       [  0, 915, 141,  19,   1,   0,  14,   1,   0,  44],
[2024-08-13 15:20:45,321][flwr][INFO] - 	       [  0,  49,  84, 776,  10,   5,  21,  29,   3,  55],
[2024-08-13 15:20:45,321][flwr][INFO] - 	       [  0,  34,   0, 711,  82,  10,  42,  11,   1, 119],
[2024-08-13 15:20:45,321][flwr][INFO] - 	       [  1,   3,   0,   4, 229, 518,  13,  17,   0, 197],
[2024-08-13 15:20:45,321][flwr][INFO] - 	       [  2, 105,   4,  51,  17, 320, 225,  13,   4, 151],
[2024-08-13 15:20:45,321][flwr][INFO] - 	       [  0,  38,   6,   3,   7,   3, 667, 228,   0,   6],
[2024-08-13 15:20:45,321][flwr][INFO] - 	       [ 15,  26,  14,  28,  14,  21,   0, 669,  62, 179],
[2024-08-13 15:20:45,322][flwr][INFO] - 	       [  0,  35,   4,  80,  13,  16,  33,   5,   0, 788],
[2024-08-13 15:20:45,322][flwr][INFO] - 	       [  5,  10,   0,   8,  24,  30,   3,  23,   0, 906]], dtype=int64))],
[2024-08-13 15:20:45,322][flwr][INFO] - 	 'f1': [(0, 0.017493624772313296),
[2024-08-13 15:20:45,322][flwr][INFO] - 	        (1, 0.15659908562696465),
[2024-08-13 15:20:45,322][flwr][INFO] - 	        (2, 0.4012661170148196),
[2024-08-13 15:20:45,322][flwr][INFO] - 	        (3, 0.2703168626208613),
[2024-08-13 15:20:45,322][flwr][INFO] - 	        (4, 0.31086223934253515),
[2024-08-13 15:20:45,322][flwr][INFO] - 	        (5, 0.34570671316147605),
[2024-08-13 15:20:45,322][flwr][INFO] - 	        (6, 0.30111477672837883),
[2024-08-13 15:20:45,322][flwr][INFO] - 	        (7, 0.3259165403549553),
[2024-08-13 15:20:45,322][flwr][INFO] - 	        (8, 0.353386525946649),
[2024-08-13 15:20:45,322][flwr][INFO] - 	        (9, 0.37390771081934504),
[2024-08-13 15:20:45,322][flwr][INFO] - 	        (10, 0.3827474186731579)],
[2024-08-13 15:20:45,322][flwr][INFO] - 	 'precision': [(0, 0.009604000000000001),
[2024-08-13 15:20:45,322][flwr][INFO] - 	               (1, 0.20311963462611649),
[2024-08-13 15:20:45,322][flwr][INFO] - 	               (2, 0.44666695529791123),
[2024-08-13 15:20:45,322][flwr][INFO] - 	               (3, 0.42124730794667586),
[2024-08-13 15:20:45,323][flwr][INFO] - 	               (4, 0.31573073780832894),
[2024-08-13 15:20:45,323][flwr][INFO] - 	               (5, 0.40783580107637935),
[2024-08-13 15:20:45,323][flwr][INFO] - 	               (6, 0.4437332742717774),
[2024-08-13 15:20:45,323][flwr][INFO] - 	               (7, 0.3762180512048655),
[2024-08-13 15:20:45,323][flwr][INFO] - 	               (8, 0.5252438846191483),
[2024-08-13 15:20:45,323][flwr][INFO] - 	               (9, 0.4436240599263295),
[2024-08-13 15:20:45,323][flwr][INFO] - 	               (10, 0.4265830217469664)],
[2024-08-13 15:20:45,323][flwr][INFO] - 	 'recall': [(0, 0.098),
[2024-08-13 15:20:45,323][flwr][INFO] - 	            (1, 0.2101),
[2024-08-13 15:20:45,323][flwr][INFO] - 	            (2, 0.4406),
[2024-08-13 15:20:45,323][flwr][INFO] - 	            (3, 0.3402),
[2024-08-13 15:20:45,323][flwr][INFO] - 	            (4, 0.3836),
[2024-08-13 15:20:45,323][flwr][INFO] - 	            (5, 0.3964),
[2024-08-13 15:20:45,323][flwr][INFO] - 	            (6, 0.3946),
[2024-08-13 15:20:45,323][flwr][INFO] - 	            (7, 0.3876),
[2024-08-13 15:20:45,323][flwr][INFO] - 	            (8, 0.4433),
[2024-08-13 15:20:45,323][flwr][INFO] - 	            (9, 0.4251),
[2024-08-13 15:20:45,324][flwr][INFO] - 	            (10, 0.4523)]}
[2024-08-13 15:20:45,324][flwr][INFO] - 
