[2024-08-13 15:31:35,047][flwr][INFO] - Starting Flower simulation, config: num_rounds=10, no round_timeout
[2024-08-13 15:31:39,174][flwr][INFO] - Flower VCE: Ray initialized with resources: {'node:127.0.0.1': 1.0, 'memory': 4919601563.0, 'object_store_memory': 2459800780.0, 'node:__internal_head__': 1.0, 'accelerator_type:G': 1.0, 'GPU': 1.0, 'CPU': 16.0}
[2024-08-13 15:31:39,174][flwr][INFO] - Optimize your simulation with Flower VCE: https://flower.ai/docs/framework/how-to-run-simulations.html
[2024-08-13 15:31:39,175][flwr][INFO] - Flower VCE: Resources for each Virtual Client: {'num_cpus': 2, 'num_gpus': 0.5}
[2024-08-13 15:31:39,185][flwr][INFO] - Flower VCE: Creating VirtualClientEngineActorPool with 2 actors
[2024-08-13 15:31:39,187][flwr][INFO] - [INIT]
[2024-08-13 15:31:39,187][flwr][INFO] - Requesting initial parameters from one random client
[2024-08-13 15:31:46,511][flwr][INFO] - Received initial parameters from one random client
[2024-08-13 15:31:46,511][flwr][INFO] - Evaluating initial global parameters
[2024-08-13 15:31:48,747][flwr][INFO] - initial parameters (loss, other metrics): 2.3025850929940455, {'accuracy': 0.098, 'precision': 0.009604000000000001, 'recall': 0.098, 'f1': 0.017493624772313296, 'confusion_matrix': array([[ 980,    0,    0,    0,    0,    0,    0,    0,    0,    0],
       [1135,    0,    0,    0,    0,    0,    0,    0,    0,    0],
       [1032,    0,    0,    0,    0,    0,    0,    0,    0,    0],
       [1010,    0,    0,    0,    0,    0,    0,    0,    0,    0],
       [ 982,    0,    0,    0,    0,    0,    0,    0,    0,    0],
       [ 892,    0,    0,    0,    0,    0,    0,    0,    0,    0],
       [ 958,    0,    0,    0,    0,    0,    0,    0,    0,    0],
       [1028,    0,    0,    0,    0,    0,    0,    0,    0,    0],
       [ 974,    0,    0,    0,    0,    0,    0,    0,    0,    0],
       [1009,    0,    0,    0,    0,    0,    0,    0,    0,    0]],
      dtype=int64)}
[2024-08-13 15:31:48,748][flwr][INFO] - 
[2024-08-13 15:31:48,748][flwr][INFO] - [ROUND 1]
[2024-08-13 15:31:48,749][flwr][INFO] - configure_fit: strategy sampled 10 clients (out of 100)
[2024-08-13 15:31:52,270][flwr][INFO] - aggregate_fit: received 10 results and 0 failures
[2024-08-13 15:31:52,273][flwr][WARNING] - No fit_metrics_aggregation_fn provided
[2024-08-13 15:31:54,485][flwr][INFO] - fit progress: (1, 2.9559606571155093, {'accuracy': 0.098, 'precision': 0.04876915220504007, 'recall': 0.098, 'f1': 0.054141991572136235, 'confusion_matrix': array([[  23,  840,    0,    2,    3,    0,    0,    8,    1,  103],
       [   0,    0, 1030,    3,    1,    0,    0,    2,    1,   98],
       [   1,   25,   61,  707,    6,    1,    0,   15,   23,  193],
       [   0,   11,   13,  103,  606,    0,    0,    6,   18,  253],
       [  68,    7,    3,    3,   16,  132,    0,    9,   26,  718],
       [  18,   33,   36,   21,  145,    1,    0,    2,   29,  607],
       [   0,   54,   16,   31,    4,    1,    0,  650,    3,  199],
       [  19,    2,   25,    2,    2,    0,    0,    0,  867,  111],
       [   0,    4,    3,    4,   26,    0,    0,    0,    9,  928],
       [ 127,    4,    2,    4,   13,    1,    0,    1,   90,  767]],
      dtype=int64)}, 5.73665279999841)
[2024-08-13 15:31:54,485][flwr][INFO] - configure_evaluate: no clients selected, skipping evaluation
[2024-08-13 15:31:54,486][flwr][INFO] - 
[2024-08-13 15:31:54,486][flwr][INFO] - [ROUND 2]
[2024-08-13 15:31:54,486][flwr][INFO] - configure_fit: strategy sampled 10 clients (out of 100)
[2024-08-13 15:31:55,795][flwr][INFO] - aggregate_fit: received 10 results and 0 failures
[2024-08-13 15:31:58,055][flwr][INFO] - fit progress: (2, 2.460721231527233, {'accuracy': 0.1786, 'precision': 0.12233955655565433, 'recall': 0.1786, 'f1': 0.14281048846589328, 'confusion_matrix': array([[ 744,   92,    0,    3,    0,    3,  127,   11,    0,    0],
       [   1,    0, 1103,    3,    1,    0,   23,    3,    1,    0],
       [  53,    1,  120,  722,    8,   21,   29,   49,   29,    0],
       [  38,    4,   15,  174,  665,    0,   71,    8,   35,    0],
       [  35,    0,    9,    1,   12,  877,    9,   31,    8,    0],
       [ 200,    7,   46,    9,  121,   59,  402,   15,   33,    0],
       [  18,    3,   14,    5,    1,    5,  366,  546,    0,    0],
       [ 125,    0,   49,   13,    8,   14,    2,   15,  802,    0],
       [ 142,    0,   60,   62,  219,   34,  154,    7,  296,    0],
       [ 603,    0,    8,    2,   31,  223,    5,    9,  128,    0]],
      dtype=int64)}, 9.307453400004306)
[2024-08-13 15:31:58,056][flwr][INFO] - configure_evaluate: no clients selected, skipping evaluation
[2024-08-13 15:31:58,056][flwr][INFO] - 
[2024-08-13 15:31:58,056][flwr][INFO] - [ROUND 3]
[2024-08-13 15:31:58,057][flwr][INFO] - configure_fit: strategy sampled 10 clients (out of 100)
[2024-08-13 15:31:59,238][flwr][INFO] - aggregate_fit: received 10 results and 0 failures
[2024-08-13 15:32:01,476][flwr][INFO] - fit progress: (3, 2.0158088525096125, {'accuracy': 0.2153, 'precision': 0.18311964687269797, 'recall': 0.2153, 'f1': 0.18639702565207694, 'confusion_matrix': array([[   0,  954,    2,    0,    0,    0,    0,   21,    1,    2],
       [   0,   89, 1031,    2,    1,    0,    0,   10,    0,    2],
       [   0,  162,  540,  221,    3,    1,    1,   67,   21,   16],
       [   0,  289,   30,  238,  344,    0,    0,   22,   35,   52],
       [   0,   17,   15,    0,  221,  242,    0,  251,    3,  233],
       [   0,  578,   27,   16,  105,   10,    1,   33,   33,   89],
       [   0,  159,   26,    1,    2,    0,    0,  770,    0,    0],
       [   0,   28,   65,    1,    8,    1,    0,  261,  646,   18],
       [   0,  254,   48,   46,   30,    0,    0,   20,   80,  496],
       [   1,   57,    4,    2,   42,    0,    0,  155,   34,  714]],
      dtype=int64)}, 12.728350800010958)
[2024-08-13 15:32:01,477][flwr][INFO] - configure_evaluate: no clients selected, skipping evaluation
[2024-08-13 15:32:01,477][flwr][INFO] - 
[2024-08-13 15:32:01,477][flwr][INFO] - [ROUND 4]
[2024-08-13 15:32:01,477][flwr][INFO] - configure_fit: strategy sampled 10 clients (out of 100)
[2024-08-13 15:32:02,678][flwr][INFO] - aggregate_fit: received 10 results and 0 failures
[2024-08-13 15:32:04,886][flwr][INFO] - fit progress: (4, 1.7937954154725158, {'accuracy': 0.2819, 'precision': 0.24574031350952746, 'recall': 0.2819, 'f1': 0.20797529831128694, 'confusion_matrix': array([[ 827,    0,    0,    8,    2,    0,  142,    0,    1,    0],
       [   1,    0, 1046,    3,    1,    0,   84,    0,    0,    0],
       [  69,    0,  245,  577,   17,    4,   85,    5,   28,    2],
       [  48,    0,    7,  345,  418,    0,  166,    1,   22,    3],
       [  86,    0,    1,    0,  204,  578,  108,    0,    4,    1],
       [ 162,    0,   19,   12,   37,   35,  609,    0,   17,    1],
       [  31,    0,   10,    3,    3,    2,  905,    4,    0,    0],
       [ 298,    0,   38,   14,   34,   10,   16,   16,  600,    2],
       [ 122,    0,   27,   56,  102,    5,  300,    0,  223,  139],
       [ 757,    0,    2,    2,   94,   41,   56,    0,   38,   19]],
      dtype=int64)}, 16.137796900002286)
[2024-08-13 15:32:04,886][flwr][INFO] - configure_evaluate: no clients selected, skipping evaluation
[2024-08-13 15:32:04,886][flwr][INFO] - 
[2024-08-13 15:32:04,886][flwr][INFO] - [ROUND 5]
[2024-08-13 15:32:04,887][flwr][INFO] - configure_fit: strategy sampled 10 clients (out of 100)
[2024-08-13 15:32:06,057][flwr][INFO] - aggregate_fit: received 10 results and 0 failures
[2024-08-13 15:32:08,278][flwr][INFO] - fit progress: (5, 2.6236656553122497, {'accuracy': 0.1318, 'precision': 0.08149307985053196, 'recall': 0.1318, 'f1': 0.09714760576706394, 'confusion_matrix': array([[   0,  773,    0,    0,   15,    7,    0,  162,    5,   18],
       [   0,    5, 1052,    1,    2,    0,    0,   28,    0,   47],
       [   0,   20,  148,  543,   25,   15,    0,  174,   18,   89],
       [   0,   13,    5,   48,  754,    2,    0,   50,   26,  112],
       [   0,    0,    0,    0,   23,  758,    0,  116,    1,   84],
       [   0,   65,   16,    4,  198,  175,    0,  135,   41,  258],
       [   0,   16,    4,    0,    3,    5,    0,  919,    0,   11],
       [   0,    1,   22,    3,    6,   10,    0,  168,  778,   40],
       [   0,    5,    8,    4,   44,    7,    0,   34,   19,  853],
       [   0,    4,    1,    1,   17,   84,    0,  133,   37,  732]],
      dtype=int64)}, 19.53008630000113)
[2024-08-13 15:32:08,278][flwr][INFO] - configure_evaluate: no clients selected, skipping evaluation
[2024-08-13 15:32:08,279][flwr][INFO] - 
[2024-08-13 15:32:08,279][flwr][INFO] - [ROUND 6]
[2024-08-13 15:32:08,279][flwr][INFO] - configure_fit: strategy sampled 10 clients (out of 100)
[2024-08-13 15:32:09,601][flwr][INFO] - aggregate_fit: received 10 results and 0 failures
[2024-08-13 15:32:11,854][flwr][INFO] - fit progress: (6, 1.872759899937479, {'accuracy': 0.2767, 'precision': 0.21123381302551106, 'recall': 0.2767, 'f1': 0.2133514873886676, 'confusion_matrix': array([[ 232,  506,    1,   52,    2,    2,  180,    0,    5,    0],
       [   0,   49, 1068,   10,    0,    0,    7,    0,    1,    0],
       [   9,    6,  227,  724,    3,    8,   15,    3,   37,    0],
       [   5,    4,   13,  809,   45,    1,   59,    1,   73,    0],
       [  91,    2,   12,   18,   69,  744,   15,    0,   31,    0],
       [  56,   49,   38,  104,    6,   86,  467,    0,   86,    0],
       [   8,   12,   64,   53,    6,   17,  767,   31,    0,    0],
       [  91,    3,   48,   27,    1,    7,    4,    0,  847,    0],
       [  19,    9,   66,  282,    2,   16,   52,    0,  528,    0],
       [ 795,    1,    7,   32,   12,   38,    8,    0,  116,    0]],
      dtype=int64)}, 23.10594680000213)
[2024-08-13 15:32:11,855][flwr][INFO] - configure_evaluate: no clients selected, skipping evaluation
[2024-08-13 15:32:11,855][flwr][INFO] - 
[2024-08-13 15:32:11,855][flwr][INFO] - [ROUND 7]
[2024-08-13 15:32:11,855][flwr][INFO] - configure_fit: strategy sampled 10 clients (out of 100)
[2024-08-13 15:32:13,022][flwr][INFO] - aggregate_fit: received 10 results and 0 failures
[2024-08-13 15:32:15,267][flwr][INFO] - fit progress: (7, 1.8647160991231289, {'accuracy': 0.2565, 'precision': 0.2013725358480418, 'recall': 0.2565, 'f1': 0.21026555627333654, 'confusion_matrix': array([[ 35, 833,   1,   0,  38,   2,  13,  44,   0,  14],
       [  0, 127, 979,   1,  10,   0,   0,   6,   0,  12],
       [  1,  40, 595, 154, 102,   9,   5,  62,   3,  61],
       [  0,  34,  18,   4, 869,   0,  11,  18,   4,  52],
       [ 11,   4,   2,   0, 273, 577,   1,  46,   0,  68],
       [ 12, 115,  25,   1, 252, 136, 207,  36,   9,  99],
       [  1,  47,  23,   0,  17,   2, 135, 729,   0,   4],
       [ 55,  14,  50,   0,  45,   6,   0, 664, 135,  59],
       [  0,  22,  32,   0, 148,   7,   7,  18,   1, 739],
       [197,   8,   1,   1, 117,  37,   0,  53,   0, 595]], dtype=int64)}, 26.51815770000394)
[2024-08-13 15:32:15,267][flwr][INFO] - configure_evaluate: no clients selected, skipping evaluation
[2024-08-13 15:32:15,267][flwr][INFO] - 
[2024-08-13 15:32:15,267][flwr][INFO] - [ROUND 8]
[2024-08-13 15:32:15,268][flwr][INFO] - configure_fit: strategy sampled 10 clients (out of 100)
[2024-08-13 15:32:16,445][flwr][INFO] - aggregate_fit: received 10 results and 0 failures
[2024-08-13 15:32:18,813][flwr][INFO] - fit progress: (8, 1.8486106755102756, {'accuracy': 0.3695, 'precision': 0.37360432294027945, 'recall': 0.3695, 'f1': 0.28437683571746464, 'confusion_matrix': array([[800,  10,   0,  41,   0,   2, 116,   0,  11,   0],
       [  0, 491, 515,  65,   0,   0,  25,   0,  39,   0],
       [ 19,   1,  31, 883,   0,   6,  23,   4,  65,   0],
       [  7,   0,   2, 816,   0,   1,  71,   2, 111,   0],
       [114,   0,   0,  19,   1, 703,  32,   0, 113,   0],
       [ 75,  20,   5,  75,   0,  60, 526,   2, 129,   0],
       [ 31,   3,   4,  38,   0,   3, 819,  55,   5,   0],
       [ 64,   7,   6,  33,   0,   1,   5,   2, 910,   0],
       [ 39,   1,   2, 191,   0,   7,  59,   0, 675,   0],
       [665,   0,   0,  21,   0,  24,  15,   2, 282,   0]], dtype=int64)}, 30.065763999999035)
[2024-08-13 15:32:18,814][flwr][INFO] - configure_evaluate: no clients selected, skipping evaluation
[2024-08-13 15:32:18,814][flwr][INFO] - 
[2024-08-13 15:32:18,814][flwr][INFO] - [ROUND 9]
[2024-08-13 15:32:18,815][flwr][INFO] - configure_fit: strategy sampled 10 clients (out of 100)
[2024-08-13 15:32:19,978][flwr][INFO] - aggregate_fit: received 10 results and 0 failures
[2024-08-13 15:32:22,199][flwr][INFO] - fit progress: (9, 1.7892839379111265, {'accuracy': 0.3034, 'precision': 0.2614575812799591, 'recall': 0.3034, 'f1': 0.2345768707082191, 'confusion_matrix': array([[  42,  804,    2,    0,    1,   20,   13,   77,    0,   21],
       [   0,   30, 1085,    1,    0,    1,    0,    8,    0,   10],
       [   1,   24,  739,   96,   19,   19,    5,   68,    5,   56],
       [   0,   62,   75,  139,  473,   14,   44,   40,    5,  158],
       [   4,    1,    5,    0,   35,  823,    2,   51,    0,   61],
       [   5,   84,   30,    4,    6,  402,  185,   47,    2,  127],
       [   0,   27,   20,    0,    1,    9,   98,  794,    0,    9],
       [  23,    3,   73,    1,    5,   23,    0,  804,   33,   63],
       [   0,   10,   50,    2,    8,   38,   12,   25,    0,  829],
       [  64,    5,    4,    2,   11,   98,    0,   80,    0,  745]],
      dtype=int64)}, 33.45148440000776)
[2024-08-13 15:32:22,200][flwr][INFO] - configure_evaluate: no clients selected, skipping evaluation
[2024-08-13 15:32:22,200][flwr][INFO] - 
[2024-08-13 15:32:22,200][flwr][INFO] - [ROUND 10]
[2024-08-13 15:32:22,200][flwr][INFO] - configure_fit: strategy sampled 10 clients (out of 100)
[2024-08-13 15:32:23,473][flwr][INFO] - aggregate_fit: received 10 results and 0 failures
[2024-08-13 15:32:25,716][flwr][INFO] - fit progress: (10, 1.8931599864440025, {'accuracy': 0.2312, 'precision': 0.1707567205913117, 'recall': 0.2312, 'f1': 0.1910519572513624, 'confusion_matrix': array([[453, 405,   0,  11,   2,   1,  94,   6,   8,   0],
       [  0,  97, 972,  26,   6,   0,  23,   0,  11,   0],
       [ 14,  11,  42, 866,  18,   6,  15,   9,  51,   0],
       [ 11,  13,   2, 328, 507,   0,  59,   6,  84,   0],
       [109,   2,   0,   8, 320, 474,  20,   8,  39,   2],
       [ 78,  43,   6,  33,  50,  23, 584,   5,  70,   0],
       [ 30,  17,   3,  19,  12,   3, 517, 355,   2,   0],
       [ 79,   6,  17,  30,  10,   1,   2,   5, 878,   0],
       [ 65,  15,  14, 112,  92,   2,  78,   2, 527,  67],
       [803,   1,   1,   8,  57,  13,   9,   2, 115,   0]], dtype=int64)}, 36.96788890000607)
[2024-08-13 15:32:25,717][flwr][INFO] - configure_evaluate: no clients selected, skipping evaluation
[2024-08-13 15:32:25,717][flwr][INFO] - 
[2024-08-13 15:32:25,717][flwr][INFO] - [SUMMARY]
[2024-08-13 15:32:25,717][flwr][INFO] - Run finished 10 round(s) in 36.97s
[2024-08-13 15:32:25,726][flwr][INFO] - 	History (loss, centralized):
[2024-08-13 15:32:25,726][flwr][INFO] - 		round 0: 2.3025850929940455
[2024-08-13 15:32:25,726][flwr][INFO] - 		round 1: 2.9559606571155093
[2024-08-13 15:32:25,726][flwr][INFO] - 		round 2: 2.460721231527233
[2024-08-13 15:32:25,726][flwr][INFO] - 		round 3: 2.0158088525096125
[2024-08-13 15:32:25,726][flwr][INFO] - 		round 4: 1.7937954154725158
[2024-08-13 15:32:25,726][flwr][INFO] - 		round 5: 2.6236656553122497
[2024-08-13 15:32:25,726][flwr][INFO] - 		round 6: 1.872759899937479
[2024-08-13 15:32:25,726][flwr][INFO] - 		round 7: 1.8647160991231289
[2024-08-13 15:32:25,726][flwr][INFO] - 		round 8: 1.8486106755102756
[2024-08-13 15:32:25,726][flwr][INFO] - 		round 9: 1.7892839379111265
[2024-08-13 15:32:25,727][flwr][INFO] - 		round 10: 1.8931599864440025
[2024-08-13 15:32:25,727][flwr][INFO] - 	History (metrics, centralized):
[2024-08-13 15:32:25,727][flwr][INFO] - 	{'accuracy': [(0, 0.098),
[2024-08-13 15:32:25,727][flwr][INFO] - 	              (1, 0.098),
[2024-08-13 15:32:25,727][flwr][INFO] - 	              (2, 0.1786),
[2024-08-13 15:32:25,727][flwr][INFO] - 	              (3, 0.2153),
[2024-08-13 15:32:25,727][flwr][INFO] - 	              (4, 0.2819),
[2024-08-13 15:32:25,727][flwr][INFO] - 	              (5, 0.1318),
[2024-08-13 15:32:25,727][flwr][INFO] - 	              (6, 0.2767),
[2024-08-13 15:32:25,727][flwr][INFO] - 	              (7, 0.2565),
[2024-08-13 15:32:25,727][flwr][INFO] - 	              (8, 0.3695),
[2024-08-13 15:32:25,727][flwr][INFO] - 	              (9, 0.3034),
[2024-08-13 15:32:25,727][flwr][INFO] - 	              (10, 0.2312)],
[2024-08-13 15:32:25,727][flwr][INFO] - 	 'confusion_matrix': [(0,
[2024-08-13 15:32:25,727][flwr][INFO] - 	                       array([[ 980,    0,    0,    0,    0,    0,    0,    0,    0,    0],
[2024-08-13 15:32:25,728][flwr][INFO] - 	       [1135,    0,    0,    0,    0,    0,    0,    0,    0,    0],
[2024-08-13 15:32:25,728][flwr][INFO] - 	       [1032,    0,    0,    0,    0,    0,    0,    0,    0,    0],
[2024-08-13 15:32:25,728][flwr][INFO] - 	       [1010,    0,    0,    0,    0,    0,    0,    0,    0,    0],
[2024-08-13 15:32:25,728][flwr][INFO] - 	       [ 982,    0,    0,    0,    0,    0,    0,    0,    0,    0],
[2024-08-13 15:32:25,728][flwr][INFO] - 	       [ 892,    0,    0,    0,    0,    0,    0,    0,    0,    0],
[2024-08-13 15:32:25,728][flwr][INFO] - 	       [ 958,    0,    0,    0,    0,    0,    0,    0,    0,    0],
[2024-08-13 15:32:25,728][flwr][INFO] - 	       [1028,    0,    0,    0,    0,    0,    0,    0,    0,    0],
[2024-08-13 15:32:25,728][flwr][INFO] - 	       [ 974,    0,    0,    0,    0,    0,    0,    0,    0,    0],
[2024-08-13 15:32:25,728][flwr][INFO] - 	       [1009,    0,    0,    0,    0,    0,    0,    0,    0,    0]],
[2024-08-13 15:32:25,728][flwr][INFO] - 	      dtype=int64)),
[2024-08-13 15:32:25,728][flwr][INFO] - 	                      (1,
[2024-08-13 15:32:25,728][flwr][INFO] - 	                       array([[  23,  840,    0,    2,    3,    0,    0,    8,    1,  103],
[2024-08-13 15:32:25,728][flwr][INFO] - 	       [   0,    0, 1030,    3,    1,    0,    0,    2,    1,   98],
[2024-08-13 15:32:25,728][flwr][INFO] - 	       [   1,   25,   61,  707,    6,    1,    0,   15,   23,  193],
[2024-08-13 15:32:25,728][flwr][INFO] - 	       [   0,   11,   13,  103,  606,    0,    0,    6,   18,  253],
[2024-08-13 15:32:25,729][flwr][INFO] - 	       [  68,    7,    3,    3,   16,  132,    0,    9,   26,  718],
[2024-08-13 15:32:25,729][flwr][INFO] - 	       [  18,   33,   36,   21,  145,    1,    0,    2,   29,  607],
[2024-08-13 15:32:25,729][flwr][INFO] - 	       [   0,   54,   16,   31,    4,    1,    0,  650,    3,  199],
[2024-08-13 15:32:25,729][flwr][INFO] - 	       [  19,    2,   25,    2,    2,    0,    0,    0,  867,  111],
[2024-08-13 15:32:25,729][flwr][INFO] - 	       [   0,    4,    3,    4,   26,    0,    0,    0,    9,  928],
[2024-08-13 15:32:25,729][flwr][INFO] - 	       [ 127,    4,    2,    4,   13,    1,    0,    1,   90,  767]],
[2024-08-13 15:32:25,729][flwr][INFO] - 	      dtype=int64)),
[2024-08-13 15:32:25,729][flwr][INFO] - 	                      (2,
[2024-08-13 15:32:25,729][flwr][INFO] - 	                       array([[ 744,   92,    0,    3,    0,    3,  127,   11,    0,    0],
[2024-08-13 15:32:25,729][flwr][INFO] - 	       [   1,    0, 1103,    3,    1,    0,   23,    3,    1,    0],
[2024-08-13 15:32:25,729][flwr][INFO] - 	       [  53,    1,  120,  722,    8,   21,   29,   49,   29,    0],
[2024-08-13 15:32:25,729][flwr][INFO] - 	       [  38,    4,   15,  174,  665,    0,   71,    8,   35,    0],
[2024-08-13 15:32:25,729][flwr][INFO] - 	       [  35,    0,    9,    1,   12,  877,    9,   31,    8,    0],
[2024-08-13 15:32:25,729][flwr][INFO] - 	       [ 200,    7,   46,    9,  121,   59,  402,   15,   33,    0],
[2024-08-13 15:32:25,729][flwr][INFO] - 	       [  18,    3,   14,    5,    1,    5,  366,  546,    0,    0],
[2024-08-13 15:32:25,729][flwr][INFO] - 	       [ 125,    0,   49,   13,    8,   14,    2,   15,  802,    0],
[2024-08-13 15:32:25,730][flwr][INFO] - 	       [ 142,    0,   60,   62,  219,   34,  154,    7,  296,    0],
[2024-08-13 15:32:25,730][flwr][INFO] - 	       [ 603,    0,    8,    2,   31,  223,    5,    9,  128,    0]],
[2024-08-13 15:32:25,730][flwr][INFO] - 	      dtype=int64)),
[2024-08-13 15:32:25,730][flwr][INFO] - 	                      (3,
[2024-08-13 15:32:25,730][flwr][INFO] - 	                       array([[   0,  954,    2,    0,    0,    0,    0,   21,    1,    2],
[2024-08-13 15:32:25,730][flwr][INFO] - 	       [   0,   89, 1031,    2,    1,    0,    0,   10,    0,    2],
[2024-08-13 15:32:25,730][flwr][INFO] - 	       [   0,  162,  540,  221,    3,    1,    1,   67,   21,   16],
[2024-08-13 15:32:25,730][flwr][INFO] - 	       [   0,  289,   30,  238,  344,    0,    0,   22,   35,   52],
[2024-08-13 15:32:25,730][flwr][INFO] - 	       [   0,   17,   15,    0,  221,  242,    0,  251,    3,  233],
[2024-08-13 15:32:25,730][flwr][INFO] - 	       [   0,  578,   27,   16,  105,   10,    1,   33,   33,   89],
[2024-08-13 15:32:25,730][flwr][INFO] - 	       [   0,  159,   26,    1,    2,    0,    0,  770,    0,    0],
[2024-08-13 15:32:25,730][flwr][INFO] - 	       [   0,   28,   65,    1,    8,    1,    0,  261,  646,   18],
[2024-08-13 15:32:25,730][flwr][INFO] - 	       [   0,  254,   48,   46,   30,    0,    0,   20,   80,  496],
[2024-08-13 15:32:25,730][flwr][INFO] - 	       [   1,   57,    4,    2,   42,    0,    0,  155,   34,  714]],
[2024-08-13 15:32:25,730][flwr][INFO] - 	      dtype=int64)),
[2024-08-13 15:32:25,730][flwr][INFO] - 	                      (4,
[2024-08-13 15:32:25,731][flwr][INFO] - 	                       array([[ 827,    0,    0,    8,    2,    0,  142,    0,    1,    0],
[2024-08-13 15:32:25,731][flwr][INFO] - 	       [   1,    0, 1046,    3,    1,    0,   84,    0,    0,    0],
[2024-08-13 15:32:25,731][flwr][INFO] - 	       [  69,    0,  245,  577,   17,    4,   85,    5,   28,    2],
[2024-08-13 15:32:25,731][flwr][INFO] - 	       [  48,    0,    7,  345,  418,    0,  166,    1,   22,    3],
[2024-08-13 15:32:25,731][flwr][INFO] - 	       [  86,    0,    1,    0,  204,  578,  108,    0,    4,    1],
[2024-08-13 15:32:25,731][flwr][INFO] - 	       [ 162,    0,   19,   12,   37,   35,  609,    0,   17,    1],
[2024-08-13 15:32:25,731][flwr][INFO] - 	       [  31,    0,   10,    3,    3,    2,  905,    4,    0,    0],
[2024-08-13 15:32:25,731][flwr][INFO] - 	       [ 298,    0,   38,   14,   34,   10,   16,   16,  600,    2],
[2024-08-13 15:32:25,731][flwr][INFO] - 	       [ 122,    0,   27,   56,  102,    5,  300,    0,  223,  139],
[2024-08-13 15:32:25,731][flwr][INFO] - 	       [ 757,    0,    2,    2,   94,   41,   56,    0,   38,   19]],
[2024-08-13 15:32:25,731][flwr][INFO] - 	      dtype=int64)),
[2024-08-13 15:32:25,731][flwr][INFO] - 	                      (5,
[2024-08-13 15:32:25,731][flwr][INFO] - 	                       array([[   0,  773,    0,    0,   15,    7,    0,  162,    5,   18],
[2024-08-13 15:32:25,731][flwr][INFO] - 	       [   0,    5, 1052,    1,    2,    0,    0,   28,    0,   47],
[2024-08-13 15:32:25,731][flwr][INFO] - 	       [   0,   20,  148,  543,   25,   15,    0,  174,   18,   89],
[2024-08-13 15:32:25,731][flwr][INFO] - 	       [   0,   13,    5,   48,  754,    2,    0,   50,   26,  112],
[2024-08-13 15:32:25,731][flwr][INFO] - 	       [   0,    0,    0,    0,   23,  758,    0,  116,    1,   84],
[2024-08-13 15:32:25,732][flwr][INFO] - 	       [   0,   65,   16,    4,  198,  175,    0,  135,   41,  258],
[2024-08-13 15:32:25,732][flwr][INFO] - 	       [   0,   16,    4,    0,    3,    5,    0,  919,    0,   11],
[2024-08-13 15:32:25,732][flwr][INFO] - 	       [   0,    1,   22,    3,    6,   10,    0,  168,  778,   40],
[2024-08-13 15:32:25,732][flwr][INFO] - 	       [   0,    5,    8,    4,   44,    7,    0,   34,   19,  853],
[2024-08-13 15:32:25,732][flwr][INFO] - 	       [   0,    4,    1,    1,   17,   84,    0,  133,   37,  732]],
[2024-08-13 15:32:25,732][flwr][INFO] - 	      dtype=int64)),
[2024-08-13 15:32:25,732][flwr][INFO] - 	                      (6,
[2024-08-13 15:32:25,732][flwr][INFO] - 	                       array([[ 232,  506,    1,   52,    2,    2,  180,    0,    5,    0],
[2024-08-13 15:32:25,732][flwr][INFO] - 	       [   0,   49, 1068,   10,    0,    0,    7,    0,    1,    0],
[2024-08-13 15:32:25,732][flwr][INFO] - 	       [   9,    6,  227,  724,    3,    8,   15,    3,   37,    0],
[2024-08-13 15:32:25,732][flwr][INFO] - 	       [   5,    4,   13,  809,   45,    1,   59,    1,   73,    0],
[2024-08-13 15:32:25,732][flwr][INFO] - 	       [  91,    2,   12,   18,   69,  744,   15,    0,   31,    0],
[2024-08-13 15:32:25,732][flwr][INFO] - 	       [  56,   49,   38,  104,    6,   86,  467,    0,   86,    0],
[2024-08-13 15:32:25,732][flwr][INFO] - 	       [   8,   12,   64,   53,    6,   17,  767,   31,    0,    0],
[2024-08-13 15:32:25,732][flwr][INFO] - 	       [  91,    3,   48,   27,    1,    7,    4,    0,  847,    0],
[2024-08-13 15:32:25,732][flwr][INFO] - 	       [  19,    9,   66,  282,    2,   16,   52,    0,  528,    0],
[2024-08-13 15:32:25,732][flwr][INFO] - 	       [ 795,    1,    7,   32,   12,   38,    8,    0,  116,    0]],
[2024-08-13 15:32:25,733][flwr][INFO] - 	      dtype=int64)),
[2024-08-13 15:32:25,733][flwr][INFO] - 	                      (7,
[2024-08-13 15:32:25,733][flwr][INFO] - 	                       array([[ 35, 833,   1,   0,  38,   2,  13,  44,   0,  14],
[2024-08-13 15:32:25,733][flwr][INFO] - 	       [  0, 127, 979,   1,  10,   0,   0,   6,   0,  12],
[2024-08-13 15:32:25,733][flwr][INFO] - 	       [  1,  40, 595, 154, 102,   9,   5,  62,   3,  61],
[2024-08-13 15:32:25,733][flwr][INFO] - 	       [  0,  34,  18,   4, 869,   0,  11,  18,   4,  52],
[2024-08-13 15:32:25,733][flwr][INFO] - 	       [ 11,   4,   2,   0, 273, 577,   1,  46,   0,  68],
[2024-08-13 15:32:25,733][flwr][INFO] - 	       [ 12, 115,  25,   1, 252, 136, 207,  36,   9,  99],
[2024-08-13 15:32:25,733][flwr][INFO] - 	       [  1,  47,  23,   0,  17,   2, 135, 729,   0,   4],
[2024-08-13 15:32:25,733][flwr][INFO] - 	       [ 55,  14,  50,   0,  45,   6,   0, 664, 135,  59],
[2024-08-13 15:32:25,733][flwr][INFO] - 	       [  0,  22,  32,   0, 148,   7,   7,  18,   1, 739],
[2024-08-13 15:32:25,733][flwr][INFO] - 	       [197,   8,   1,   1, 117,  37,   0,  53,   0, 595]], dtype=int64)),
[2024-08-13 15:32:25,733][flwr][INFO] - 	                      (8,
[2024-08-13 15:32:25,733][flwr][INFO] - 	                       array([[800,  10,   0,  41,   0,   2, 116,   0,  11,   0],
[2024-08-13 15:32:25,733][flwr][INFO] - 	       [  0, 491, 515,  65,   0,   0,  25,   0,  39,   0],
[2024-08-13 15:32:25,733][flwr][INFO] - 	       [ 19,   1,  31, 883,   0,   6,  23,   4,  65,   0],
[2024-08-13 15:32:25,733][flwr][INFO] - 	       [  7,   0,   2, 816,   0,   1,  71,   2, 111,   0],
[2024-08-13 15:32:25,734][flwr][INFO] - 	       [114,   0,   0,  19,   1, 703,  32,   0, 113,   0],
[2024-08-13 15:32:25,734][flwr][INFO] - 	       [ 75,  20,   5,  75,   0,  60, 526,   2, 129,   0],
[2024-08-13 15:32:25,734][flwr][INFO] - 	       [ 31,   3,   4,  38,   0,   3, 819,  55,   5,   0],
[2024-08-13 15:32:25,734][flwr][INFO] - 	       [ 64,   7,   6,  33,   0,   1,   5,   2, 910,   0],
[2024-08-13 15:32:25,734][flwr][INFO] - 	       [ 39,   1,   2, 191,   0,   7,  59,   0, 675,   0],
[2024-08-13 15:32:25,734][flwr][INFO] - 	       [665,   0,   0,  21,   0,  24,  15,   2, 282,   0]], dtype=int64)),
[2024-08-13 15:32:25,734][flwr][INFO] - 	                      (9,
[2024-08-13 15:32:25,734][flwr][INFO] - 	                       array([[  42,  804,    2,    0,    1,   20,   13,   77,    0,   21],
[2024-08-13 15:32:25,734][flwr][INFO] - 	       [   0,   30, 1085,    1,    0,    1,    0,    8,    0,   10],
[2024-08-13 15:32:25,734][flwr][INFO] - 	       [   1,   24,  739,   96,   19,   19,    5,   68,    5,   56],
[2024-08-13 15:32:25,734][flwr][INFO] - 	       [   0,   62,   75,  139,  473,   14,   44,   40,    5,  158],
[2024-08-13 15:32:25,734][flwr][INFO] - 	       [   4,    1,    5,    0,   35,  823,    2,   51,    0,   61],
[2024-08-13 15:32:25,734][flwr][INFO] - 	       [   5,   84,   30,    4,    6,  402,  185,   47,    2,  127],
[2024-08-13 15:32:25,734][flwr][INFO] - 	       [   0,   27,   20,    0,    1,    9,   98,  794,    0,    9],
[2024-08-13 15:32:25,734][flwr][INFO] - 	       [  23,    3,   73,    1,    5,   23,    0,  804,   33,   63],
[2024-08-13 15:32:25,734][flwr][INFO] - 	       [   0,   10,   50,    2,    8,   38,   12,   25,    0,  829],
[2024-08-13 15:32:25,735][flwr][INFO] - 	       [  64,    5,    4,    2,   11,   98,    0,   80,    0,  745]],
[2024-08-13 15:32:25,735][flwr][INFO] - 	      dtype=int64)),
[2024-08-13 15:32:25,735][flwr][INFO] - 	                      (10,
[2024-08-13 15:32:25,735][flwr][INFO] - 	                       array([[453, 405,   0,  11,   2,   1,  94,   6,   8,   0],
[2024-08-13 15:32:25,735][flwr][INFO] - 	       [  0,  97, 972,  26,   6,   0,  23,   0,  11,   0],
[2024-08-13 15:32:25,735][flwr][INFO] - 	       [ 14,  11,  42, 866,  18,   6,  15,   9,  51,   0],
[2024-08-13 15:32:25,735][flwr][INFO] - 	       [ 11,  13,   2, 328, 507,   0,  59,   6,  84,   0],
[2024-08-13 15:32:25,735][flwr][INFO] - 	       [109,   2,   0,   8, 320, 474,  20,   8,  39,   2],
[2024-08-13 15:32:25,735][flwr][INFO] - 	       [ 78,  43,   6,  33,  50,  23, 584,   5,  70,   0],
[2024-08-13 15:32:25,735][flwr][INFO] - 	       [ 30,  17,   3,  19,  12,   3, 517, 355,   2,   0],
[2024-08-13 15:32:25,735][flwr][INFO] - 	       [ 79,   6,  17,  30,  10,   1,   2,   5, 878,   0],
[2024-08-13 15:32:25,735][flwr][INFO] - 	       [ 65,  15,  14, 112,  92,   2,  78,   2, 527,  67],
[2024-08-13 15:32:25,735][flwr][INFO] - 	       [803,   1,   1,   8,  57,  13,   9,   2, 115,   0]], dtype=int64))],
[2024-08-13 15:32:25,735][flwr][INFO] - 	 'f1': [(0, 0.017493624772313296),
[2024-08-13 15:32:25,735][flwr][INFO] - 	        (1, 0.054141991572136235),
[2024-08-13 15:32:25,735][flwr][INFO] - 	        (2, 0.14281048846589328),
[2024-08-13 15:32:25,735][flwr][INFO] - 	        (3, 0.18639702565207694),
[2024-08-13 15:32:25,736][flwr][INFO] - 	        (4, 0.20797529831128694),
[2024-08-13 15:32:25,736][flwr][INFO] - 	        (5, 0.09714760576706394),
[2024-08-13 15:32:25,736][flwr][INFO] - 	        (6, 0.2133514873886676),
[2024-08-13 15:32:25,736][flwr][INFO] - 	        (7, 0.21026555627333654),
[2024-08-13 15:32:25,736][flwr][INFO] - 	        (8, 0.28437683571746464),
[2024-08-13 15:32:25,736][flwr][INFO] - 	        (9, 0.2345768707082191),
[2024-08-13 15:32:25,736][flwr][INFO] - 	        (10, 0.1910519572513624)],
[2024-08-13 15:32:25,736][flwr][INFO] - 	 'precision': [(0, 0.009604000000000001),
[2024-08-13 15:32:25,736][flwr][INFO] - 	               (1, 0.04876915220504007),
[2024-08-13 15:32:25,736][flwr][INFO] - 	               (2, 0.12233955655565433),
[2024-08-13 15:32:25,736][flwr][INFO] - 	               (3, 0.18311964687269797),
[2024-08-13 15:32:25,736][flwr][INFO] - 	               (4, 0.24574031350952746),
[2024-08-13 15:32:25,736][flwr][INFO] - 	               (5, 0.08149307985053196),
[2024-08-13 15:32:25,736][flwr][INFO] - 	               (6, 0.21123381302551106),
[2024-08-13 15:32:25,736][flwr][INFO] - 	               (7, 0.2013725358480418),
[2024-08-13 15:32:25,736][flwr][INFO] - 	               (8, 0.37360432294027945),
[2024-08-13 15:32:25,736][flwr][INFO] - 	               (9, 0.2614575812799591),
[2024-08-13 15:32:25,737][flwr][INFO] - 	               (10, 0.1707567205913117)],
[2024-08-13 15:32:25,737][flwr][INFO] - 	 'recall': [(0, 0.098),
[2024-08-13 15:32:25,737][flwr][INFO] - 	            (1, 0.098),
[2024-08-13 15:32:25,737][flwr][INFO] - 	            (2, 0.1786),
[2024-08-13 15:32:25,737][flwr][INFO] - 	            (3, 0.2153),
[2024-08-13 15:32:25,737][flwr][INFO] - 	            (4, 0.2819),
[2024-08-13 15:32:25,737][flwr][INFO] - 	            (5, 0.1318),
[2024-08-13 15:32:25,737][flwr][INFO] - 	            (6, 0.2767),
[2024-08-13 15:32:25,737][flwr][INFO] - 	            (7, 0.2565),
[2024-08-13 15:32:25,737][flwr][INFO] - 	            (8, 0.3695),
[2024-08-13 15:32:25,737][flwr][INFO] - 	            (9, 0.3034),
[2024-08-13 15:32:25,737][flwr][INFO] - 	            (10, 0.2312)]}
[2024-08-13 15:32:25,737][flwr][INFO] - 
