[2024-08-13 15:27:20,693][flwr][INFO] - Starting Flower simulation, config: num_rounds=10, no round_timeout
[2024-08-13 15:27:24,883][flwr][INFO] - Flower VCE: Ray initialized with resources: {'GPU': 1.0, 'object_store_memory': 2507587584.0, 'node:127.0.0.1': 1.0, 'memory': 5015175168.0, 'accelerator_type:G': 1.0, 'node:__internal_head__': 1.0, 'CPU': 16.0}
[2024-08-13 15:27:24,884][flwr][INFO] - Optimize your simulation with Flower VCE: https://flower.ai/docs/framework/how-to-run-simulations.html
[2024-08-13 15:27:24,884][flwr][INFO] - Flower VCE: Resources for each Virtual Client: {'num_cpus': 2, 'num_gpus': 0.5}
[2024-08-13 15:27:24,895][flwr][INFO] - Flower VCE: Creating VirtualClientEngineActorPool with 2 actors
[2024-08-13 15:27:24,897][flwr][INFO] - [INIT]
[2024-08-13 15:27:24,897][flwr][INFO] - Requesting initial parameters from one random client
[2024-08-13 15:27:32,407][flwr][INFO] - Received initial parameters from one random client
[2024-08-13 15:27:32,407][flwr][INFO] - Evaluating initial global parameters
[2024-08-13 15:27:34,627][flwr][INFO] - initial parameters (loss, other metrics): 2.3025850929940455, {'accuracy': 0.098, 'precision': 0.009604000000000001, 'recall': 0.098, 'f1': 0.017493624772313296, 'confusion_matrix': array([[ 980,    0,    0,    0,    0,    0,    0,    0,    0,    0],
       [1135,    0,    0,    0,    0,    0,    0,    0,    0,    0],
       [1032,    0,    0,    0,    0,    0,    0,    0,    0,    0],
       [1010,    0,    0,    0,    0,    0,    0,    0,    0,    0],
       [ 982,    0,    0,    0,    0,    0,    0,    0,    0,    0],
       [ 892,    0,    0,    0,    0,    0,    0,    0,    0,    0],
       [ 958,    0,    0,    0,    0,    0,    0,    0,    0,    0],
       [1028,    0,    0,    0,    0,    0,    0,    0,    0,    0],
       [ 974,    0,    0,    0,    0,    0,    0,    0,    0,    0],
       [1009,    0,    0,    0,    0,    0,    0,    0,    0,    0]],
      dtype=int64)}
[2024-08-13 15:27:34,628][flwr][INFO] - 
[2024-08-13 15:27:34,628][flwr][INFO] - [ROUND 1]
[2024-08-13 15:27:34,628][flwr][INFO] - configure_fit: strategy sampled 10 clients (out of 100)
[2024-08-13 15:27:38,150][flwr][INFO] - aggregate_fit: received 10 results and 0 failures
[2024-08-13 15:27:38,153][flwr][WARNING] - No fit_metrics_aggregation_fn provided
[2024-08-13 15:27:40,233][flwr][INFO] - fit progress: (1, 1.4024168798320389, {'accuracy': 0.5149, 'precision': 0.5960243694604955, 'recall': 0.5149, 'f1': 0.4767547124077846, 'confusion_matrix': array([[900,  16,   2,  11,   1,   0,  34,   1,   6,   9],
       [  0, 693, 390,   3,   0,   0,   4,   0,   8,  37],
       [ 39,  14, 333, 470,   4,   0,  31,  12,  50,  79],
       [  2,  18,   5, 791,  24,   0,  14,   4,  31, 121],
       [ 49,   6,   4,   0, 223,   2,  14,  12,  10, 662],
       [ 95, 168,  17, 184,  24,   7,  75,   2,  91, 229],
       [ 40,  30,  29,   6,   2,   0, 807,  34,   1,   9],
       [ 44,  10,  27,   3,  11,   0,   2, 247, 536, 148],
       [ 21,  43,  10, 158,   6,   0,  14,   1, 251, 470],
       [ 52,   4,   1,   4,  17,   0,   0,   4,  30, 897]], dtype=int64)}, 5.604878400001326)
[2024-08-13 15:27:40,234][flwr][INFO] - configure_evaluate: no clients selected, skipping evaluation
[2024-08-13 15:27:40,234][flwr][INFO] - 
[2024-08-13 15:27:40,234][flwr][INFO] - [ROUND 2]
[2024-08-13 15:27:40,234][flwr][INFO] - configure_fit: strategy sampled 10 clients (out of 100)
[2024-08-13 15:27:41,447][flwr][INFO] - aggregate_fit: received 10 results and 0 failures
[2024-08-13 15:27:43,536][flwr][INFO] - fit progress: (2, 1.3516778747456928, {'accuracy': 0.5646, 'precision': 0.6502454589799787, 'recall': 0.5646, 'f1': 0.5391442137093326, 'confusion_matrix': array([[727, 117,   2,   6,   4,   6,  87,  30,   1,   0],
       [  0, 684, 432,   2,   1,   2,   3,  11,   0,   0],
       [  6,  28, 726, 115,  36,   5,  22,  77,  17,   0],
       [  0,  47,  31, 572, 279,   7,  19,  28,  27,   0],
       [  5,   4,  11,   0, 528, 273,  13, 147,   1,   0],
       [  9, 146,  28,  64, 101, 385, 107,  40,  12,   0],
       [  6,  20,  45,   0,   8,   2, 727, 150,   0,   0],
       [  6,  17,  58,   0,  15,   0,   2, 918,  12,   0],
       [  5,  95,  62,  66, 188, 101,  40,  50, 367,   0],
       [ 23,  11,   4,   2, 283, 151,   2, 511,  10,  12]], dtype=int64)}, 8.907201399997575)
[2024-08-13 15:27:43,536][flwr][INFO] - configure_evaluate: no clients selected, skipping evaluation
[2024-08-13 15:27:43,537][flwr][INFO] - 
[2024-08-13 15:27:43,537][flwr][INFO] - [ROUND 3]
[2024-08-13 15:27:43,537][flwr][INFO] - configure_fit: strategy sampled 10 clients (out of 100)
[2024-08-13 15:27:44,708][flwr][INFO] - aggregate_fit: received 10 results and 0 failures
[2024-08-13 15:27:46,858][flwr][INFO] - fit progress: (3, 1.2793859295854022, {'accuracy': 0.5849, 'precision': 0.656439654329308, 'recall': 0.5849, 'f1': 0.5697957085873203, 'confusion_matrix': array([[868,  33,   2,  11,   0,   1,  46,   3,   4,  12],
       [  0, 744, 345,   3,   0,   0,   4,   0,   5,  34],
       [ 21,   8, 558, 283,   4,   1,  25,  14,  52,  66],
       [  2,   9,   8, 789,  14,   3,  24,   9,  31, 121],
       [ 32,   5,   4,   0, 253,  39,  17,  15,   6, 611],
       [ 37,  94,  20, 136,  14, 178, 129,   9,  80, 195],
       [ 23,  15,  33,   1,   3,   0, 813,  64,   0,   6],
       [ 39,  12,  32,   3,   7,   0,   2, 413, 350, 170],
       [ 16,  18,  19, 108,   5,   3,  26,   2, 311, 466],
       [ 42,   3,   2,   4,  11,   1,   0,   8,  16, 922]], dtype=int64)}, 12.22942959998909)
[2024-08-13 15:27:46,859][flwr][INFO] - configure_evaluate: no clients selected, skipping evaluation
[2024-08-13 15:27:46,859][flwr][INFO] - 
[2024-08-13 15:27:46,859][flwr][INFO] - [ROUND 4]
[2024-08-13 15:27:46,859][flwr][INFO] - configure_fit: strategy sampled 10 clients (out of 100)
[2024-08-13 15:27:48,021][flwr][INFO] - aggregate_fit: received 10 results and 0 failures
[2024-08-13 15:27:50,101][flwr][INFO] - fit progress: (4, 1.2732534936282536, {'accuracy': 0.6297, 'precision': 0.7069438170281177, 'recall': 0.6297, 'f1': 0.6020740186715108, 'confusion_matrix': array([[714, 172,   1,   2,   6,   9,  43,  29,   4,   0],
       [  0, 892, 221,   3,   6,   3,   2,   7,   1,   0],
       [  5,  35, 771,  70,  44,   2,  16,  61,  28,   0],
       [  0,  49,  20, 572, 276,  12,  14,  26,  41,   0],
       [  5,   4,   3,   0, 783,  79,   9,  94,   5,   0],
       [ 11, 122,  16,  55,  88, 480,  60,  37,  23,   0],
       [  7,  22,  36,   0,  16,   4, 677, 196,   0,   0],
       [  8,  26,  48,   0,  26,   0,   0, 881,  39,   0],
       [  7,  75,  30,  45, 175,  58,  32,  26, 526,   0],
       [ 44,  11,   2,   3, 482,  93,   0, 334,  39,   1]], dtype=int64)}, 15.472857399989152)
[2024-08-13 15:27:50,102][flwr][INFO] - configure_evaluate: no clients selected, skipping evaluation
[2024-08-13 15:27:50,102][flwr][INFO] - 
[2024-08-13 15:27:50,102][flwr][INFO] - [ROUND 5]
[2024-08-13 15:27:50,102][flwr][INFO] - configure_fit: strategy sampled 10 clients (out of 100)
[2024-08-13 15:27:51,294][flwr][INFO] - aggregate_fit: received 10 results and 0 failures
[2024-08-13 15:27:53,382][flwr][INFO] - fit progress: (5, 1.2018112471858575, {'accuracy': 0.6451, 'precision': 0.6895694372571629, 'recall': 0.6451, 'f1': 0.6334701742246007, 'confusion_matrix': array([[885,  47,   2,   8,   0,   1,  28,   3,   6,   0],
       [  0, 843, 248,  13,   0,   0,   9,   1,   6,  15],
       [ 30,   8, 540, 324,   5,   1,  21,  25,  39,  39],
       [  4,   5,   6, 846,   3,   7,  21,  13,  30,  75],
       [ 46,   5,   3,   1, 332,  63,  20,  28,   9, 475],
       [ 62,  81,  20, 149,   5, 281, 127,  16,  63,  88],
       [ 23,  12,  27,   2,   3,   1, 797,  91,   0,   2],
       [ 49,  15,  32,   5,   6,   0,   2, 625, 180, 114],
       [ 27,  21,  13, 139,   5,   5,  32,   6, 421, 305],
       [ 72,   3,   3,   8,  11,   4,   0,  11,  16, 881]], dtype=int64)}, 18.75382249998802)
[2024-08-13 15:27:53,382][flwr][INFO] - configure_evaluate: no clients selected, skipping evaluation
[2024-08-13 15:27:53,383][flwr][INFO] - 
[2024-08-13 15:27:53,383][flwr][INFO] - [ROUND 6]
[2024-08-13 15:27:53,383][flwr][INFO] - configure_fit: strategy sampled 10 clients (out of 100)
[2024-08-13 15:27:54,682][flwr][INFO] - aggregate_fit: received 10 results and 0 failures
[2024-08-13 15:27:56,772][flwr][INFO] - fit progress: (6, 1.1910002570222091, {'accuracy': 0.6442, 'precision': 0.7127535787987925, 'recall': 0.6442, 'f1': 0.6299313337146059, 'confusion_matrix': array([[433, 383,   1,   1,   7,  35,  72,  39,   9,   0],
       [  0, 910, 201,   1,   3,   7,   5,   5,   3,   0],
       [  0,  29, 812,  30,  47,   5,  19,  48,  42,   0],
       [  0,  41,  32, 486, 282,  45,  16,  27,  80,   1],
       [  0,   4,   2,   0, 758, 132,  11,  66,   7,   2],
       [  4,  89,  13,  21,  32, 599,  74,  27,  33,   0],
       [  1,  18,  29,   0,  16,   7, 732, 155,   0,   0],
       [  5,  24,  37,   0,  28,   1,   0, 867,  66,   0],
       [  1,  47,  24,  18, 110,  82,  31,  19, 640,   2],
       [ 17,   9,   4,   1, 305, 171,   0, 233,  64, 205]], dtype=int64)}, 22.14404939999804)
[2024-08-13 15:27:56,773][flwr][INFO] - configure_evaluate: no clients selected, skipping evaluation
[2024-08-13 15:27:56,773][flwr][INFO] - 
[2024-08-13 15:27:56,773][flwr][INFO] - [ROUND 7]
[2024-08-13 15:27:56,773][flwr][INFO] - configure_fit: strategy sampled 10 clients (out of 100)
[2024-08-13 15:27:57,955][flwr][INFO] - aggregate_fit: received 10 results and 0 failures
[2024-08-13 15:28:00,048][flwr][INFO] - fit progress: (7, 1.1459235156314695, {'accuracy': 0.6459, 'precision': 0.708816679013142, 'recall': 0.6459, 'f1': 0.6281617730503586, 'confusion_matrix': array([[897,  35,   2,   9,   1,   0,  23,   7,   2,   4],
       [  0, 875, 209,  21,   1,   0,  11,   1,   2,  15],
       [ 25,   6, 508, 369,  11,   0,  22,  26,  26,  39],
       [  3,   4,   4, 872,   4,   4,  15,  14,  11,  79],
       [ 40,   5,   2,   2, 481,   2,  22,  25,   4, 399],
       [ 89,  68,  17, 175,   9, 205, 132,  18,  38, 141],
       [ 23,   9,  21,   2,   4,   0, 804,  93,   0,   2],
       [ 46,  16,  29,  11,   8,   0,   1, 718,  66, 133],
       [ 25,  15,  16, 165,   5,   3,  23,   6, 200, 516],
       [ 65,   3,   3,  10,  13,   3,   1,  11,   1, 899]], dtype=int64)}, 25.419399099992006)
[2024-08-13 15:28:00,049][flwr][INFO] - configure_evaluate: no clients selected, skipping evaluation
[2024-08-13 15:28:00,049][flwr][INFO] - 
[2024-08-13 15:28:00,049][flwr][INFO] - [ROUND 8]
[2024-08-13 15:28:00,049][flwr][INFO] - configure_fit: strategy sampled 10 clients (out of 100)
[2024-08-13 15:28:01,248][flwr][INFO] - aggregate_fit: received 10 results and 0 failures
[2024-08-13 15:28:03,337][flwr][INFO] - fit progress: (8, 1.1572080687184145, {'accuracy': 0.6495, 'precision': 0.7224238506054523, 'recall': 0.6495, 'f1': 0.6315960437139879, 'confusion_matrix': array([[498, 342,   2,   1,  10,  18,  58,  34,  17,   0],
       [  0, 878, 231,   1,   5,   4,   5,   2,   9,   0],
       [  0,  22, 838,  15,  48,   2,  16,  39,  51,   1],
       [  0,  38,  42, 437, 315,  31,  21,  24, 102,   0],
       [  2,   4,   3,   0, 856,  44,  12,  47,  13,   1],
       [  4,  77,  21,  15,  36, 574,  74,  25,  66,   0],
       [  4,  16,  37,   0,  19,   6, 712, 163,   1,   0],
       [  8,  25,  41,   0,  30,   0,   1, 807, 116,   0],
       [  3,  29,  35,   5,  95,  38,  25,   9, 735,   0],
       [ 34,   7,   5,   1, 396,  96,   0, 159, 151, 160]], dtype=int64)}, 28.708332499998505)
[2024-08-13 15:28:03,338][flwr][INFO] - configure_evaluate: no clients selected, skipping evaluation
[2024-08-13 15:28:03,338][flwr][INFO] - 
[2024-08-13 15:28:03,338][flwr][INFO] - [ROUND 9]
[2024-08-13 15:28:03,338][flwr][INFO] - configure_fit: strategy sampled 10 clients (out of 100)
[2024-08-13 15:28:04,524][flwr][INFO] - aggregate_fit: received 10 results and 0 failures
[2024-08-13 15:28:06,750][flwr][INFO] - fit progress: (9, 1.1182706235547624, {'accuracy': 0.6671, 'precision': 0.7023605383632083, 'recall': 0.6671, 'f1': 0.6517700332745333, 'confusion_matrix': array([[852,  67,   1,   5,   1,   4,  34,   9,   1,   6],
       [  0, 856, 236,  10,   1,   2,  11,   1,   1,  17],
       [ 17,  13, 639, 236,  12,   1,  21,  27,  23,  43],
       [  4,   9,   6, 819,  11,  14,  21,  15,   5, 106],
       [ 18,   5,   2,   2, 546,  52,  23,  24,   2, 308],
       [ 29,  62,  16,  87,  14, 427, 114,  17,  18, 108],
       [ 15,  11,  19,   1,   6,   3, 823,  78,   0,   2],
       [ 34,  16,  37,   9,  13,   1,   1, 726,  35, 156],
       [ 17,  22,  23, 101,   6,  11,  34,   6,  80, 674],
       [ 54,   3,   3,   6,  18,   7,   1,  13,   1, 903]], dtype=int64)}, 32.12201239999558)
[2024-08-13 15:28:06,751][flwr][INFO] - configure_evaluate: no clients selected, skipping evaluation
[2024-08-13 15:28:06,751][flwr][INFO] - 
[2024-08-13 15:28:06,751][flwr][INFO] - [ROUND 10]
[2024-08-13 15:28:06,751][flwr][INFO] - configure_fit: strategy sampled 10 clients (out of 100)
[2024-08-13 15:28:08,031][flwr][INFO] - aggregate_fit: received 10 results and 0 failures
[2024-08-13 15:28:10,118][flwr][INFO] - fit progress: (10, 1.1784724118036058, {'accuracy': 0.631, 'precision': 0.7036710642682281, 'recall': 0.631, 'f1': 0.6085653130090688, 'confusion_matrix': array([[499, 373,   1,   1,   6,  13,  29,  36,  22,   0],
       [  0, 938, 143,   4,   2,   4,   4,   3,  37,   0],
       [  1,  27, 746,  69,  44,   3,  15,  44,  83,   0],
       [  0,  32,  15, 552, 219,  20,  12,  24, 136,   0],
       [  5,   4,   1,   0, 779,  85,   9,  63,  35,   1],
       [  5,  71,   5,  28,  33, 548,  59,  28, 115,   0],
       [  5,  22,  21,   0,  15,   6, 633, 254,   2,   0],
       [ 12,  18,  26,   1,  24,   0,   1, 735, 211,   0],
       [  4,  26,  14,  11,  50,  25,  21,   7, 816,   0],
       [ 85,   6,   2,   1, 278,  98,   0, 141, 334,  64]], dtype=int64)}, 35.48899499999243)
[2024-08-13 15:28:10,118][flwr][INFO] - configure_evaluate: no clients selected, skipping evaluation
[2024-08-13 15:28:10,119][flwr][INFO] - 
[2024-08-13 15:28:10,119][flwr][INFO] - [SUMMARY]
[2024-08-13 15:28:10,119][flwr][INFO] - Run finished 10 round(s) in 35.49s
[2024-08-13 15:28:10,126][flwr][INFO] - 	History (loss, centralized):
[2024-08-13 15:28:10,127][flwr][INFO] - 		round 0: 2.3025850929940455
[2024-08-13 15:28:10,127][flwr][INFO] - 		round 1: 1.4024168798320389
[2024-08-13 15:28:10,127][flwr][INFO] - 		round 2: 1.3516778747456928
[2024-08-13 15:28:10,127][flwr][INFO] - 		round 3: 1.2793859295854022
[2024-08-13 15:28:10,127][flwr][INFO] - 		round 4: 1.2732534936282536
[2024-08-13 15:28:10,127][flwr][INFO] - 		round 5: 1.2018112471858575
[2024-08-13 15:28:10,127][flwr][INFO] - 		round 6: 1.1910002570222091
[2024-08-13 15:28:10,127][flwr][INFO] - 		round 7: 1.1459235156314695
[2024-08-13 15:28:10,127][flwr][INFO] - 		round 8: 1.1572080687184145
[2024-08-13 15:28:10,127][flwr][INFO] - 		round 9: 1.1182706235547624
[2024-08-13 15:28:10,127][flwr][INFO] - 		round 10: 1.1784724118036058
[2024-08-13 15:28:10,127][flwr][INFO] - 	History (metrics, centralized):
[2024-08-13 15:28:10,128][flwr][INFO] - 	{'accuracy': [(0, 0.098),
[2024-08-13 15:28:10,128][flwr][INFO] - 	              (1, 0.5149),
[2024-08-13 15:28:10,128][flwr][INFO] - 	              (2, 0.5646),
[2024-08-13 15:28:10,128][flwr][INFO] - 	              (3, 0.5849),
[2024-08-13 15:28:10,128][flwr][INFO] - 	              (4, 0.6297),
[2024-08-13 15:28:10,128][flwr][INFO] - 	              (5, 0.6451),
[2024-08-13 15:28:10,128][flwr][INFO] - 	              (6, 0.6442),
[2024-08-13 15:28:10,128][flwr][INFO] - 	              (7, 0.6459),
[2024-08-13 15:28:10,128][flwr][INFO] - 	              (8, 0.6495),
[2024-08-13 15:28:10,128][flwr][INFO] - 	              (9, 0.6671),
[2024-08-13 15:28:10,128][flwr][INFO] - 	              (10, 0.631)],
[2024-08-13 15:28:10,128][flwr][INFO] - 	 'confusion_matrix': [(0,
[2024-08-13 15:28:10,128][flwr][INFO] - 	                       array([[ 980,    0,    0,    0,    0,    0,    0,    0,    0,    0],
[2024-08-13 15:28:10,128][flwr][INFO] - 	       [1135,    0,    0,    0,    0,    0,    0,    0,    0,    0],
[2024-08-13 15:28:10,128][flwr][INFO] - 	       [1032,    0,    0,    0,    0,    0,    0,    0,    0,    0],
[2024-08-13 15:28:10,128][flwr][INFO] - 	       [1010,    0,    0,    0,    0,    0,    0,    0,    0,    0],
[2024-08-13 15:28:10,129][flwr][INFO] - 	       [ 982,    0,    0,    0,    0,    0,    0,    0,    0,    0],
[2024-08-13 15:28:10,129][flwr][INFO] - 	       [ 892,    0,    0,    0,    0,    0,    0,    0,    0,    0],
[2024-08-13 15:28:10,129][flwr][INFO] - 	       [ 958,    0,    0,    0,    0,    0,    0,    0,    0,    0],
[2024-08-13 15:28:10,129][flwr][INFO] - 	       [1028,    0,    0,    0,    0,    0,    0,    0,    0,    0],
[2024-08-13 15:28:10,129][flwr][INFO] - 	       [ 974,    0,    0,    0,    0,    0,    0,    0,    0,    0],
[2024-08-13 15:28:10,129][flwr][INFO] - 	       [1009,    0,    0,    0,    0,    0,    0,    0,    0,    0]],
[2024-08-13 15:28:10,129][flwr][INFO] - 	      dtype=int64)),
[2024-08-13 15:28:10,129][flwr][INFO] - 	                      (1,
[2024-08-13 15:28:10,129][flwr][INFO] - 	                       array([[900,  16,   2,  11,   1,   0,  34,   1,   6,   9],
[2024-08-13 15:28:10,129][flwr][INFO] - 	       [  0, 693, 390,   3,   0,   0,   4,   0,   8,  37],
[2024-08-13 15:28:10,129][flwr][INFO] - 	       [ 39,  14, 333, 470,   4,   0,  31,  12,  50,  79],
[2024-08-13 15:28:10,129][flwr][INFO] - 	       [  2,  18,   5, 791,  24,   0,  14,   4,  31, 121],
[2024-08-13 15:28:10,129][flwr][INFO] - 	       [ 49,   6,   4,   0, 223,   2,  14,  12,  10, 662],
[2024-08-13 15:28:10,129][flwr][INFO] - 	       [ 95, 168,  17, 184,  24,   7,  75,   2,  91, 229],
[2024-08-13 15:28:10,129][flwr][INFO] - 	       [ 40,  30,  29,   6,   2,   0, 807,  34,   1,   9],
[2024-08-13 15:28:10,129][flwr][INFO] - 	       [ 44,  10,  27,   3,  11,   0,   2, 247, 536, 148],
[2024-08-13 15:28:10,129][flwr][INFO] - 	       [ 21,  43,  10, 158,   6,   0,  14,   1, 251, 470],
[2024-08-13 15:28:10,130][flwr][INFO] - 	       [ 52,   4,   1,   4,  17,   0,   0,   4,  30, 897]], dtype=int64)),
[2024-08-13 15:28:10,130][flwr][INFO] - 	                      (2,
[2024-08-13 15:28:10,130][flwr][INFO] - 	                       array([[727, 117,   2,   6,   4,   6,  87,  30,   1,   0],
[2024-08-13 15:28:10,130][flwr][INFO] - 	       [  0, 684, 432,   2,   1,   2,   3,  11,   0,   0],
[2024-08-13 15:28:10,130][flwr][INFO] - 	       [  6,  28, 726, 115,  36,   5,  22,  77,  17,   0],
[2024-08-13 15:28:10,130][flwr][INFO] - 	       [  0,  47,  31, 572, 279,   7,  19,  28,  27,   0],
[2024-08-13 15:28:10,130][flwr][INFO] - 	       [  5,   4,  11,   0, 528, 273,  13, 147,   1,   0],
[2024-08-13 15:28:10,130][flwr][INFO] - 	       [  9, 146,  28,  64, 101, 385, 107,  40,  12,   0],
[2024-08-13 15:28:10,130][flwr][INFO] - 	       [  6,  20,  45,   0,   8,   2, 727, 150,   0,   0],
[2024-08-13 15:28:10,130][flwr][INFO] - 	       [  6,  17,  58,   0,  15,   0,   2, 918,  12,   0],
[2024-08-13 15:28:10,130][flwr][INFO] - 	       [  5,  95,  62,  66, 188, 101,  40,  50, 367,   0],
[2024-08-13 15:28:10,130][flwr][INFO] - 	       [ 23,  11,   4,   2, 283, 151,   2, 511,  10,  12]], dtype=int64)),
[2024-08-13 15:28:10,130][flwr][INFO] - 	                      (3,
[2024-08-13 15:28:10,130][flwr][INFO] - 	                       array([[868,  33,   2,  11,   0,   1,  46,   3,   4,  12],
[2024-08-13 15:28:10,130][flwr][INFO] - 	       [  0, 744, 345,   3,   0,   0,   4,   0,   5,  34],
[2024-08-13 15:28:10,130][flwr][INFO] - 	       [ 21,   8, 558, 283,   4,   1,  25,  14,  52,  66],
[2024-08-13 15:28:10,130][flwr][INFO] - 	       [  2,   9,   8, 789,  14,   3,  24,   9,  31, 121],
[2024-08-13 15:28:10,131][flwr][INFO] - 	       [ 32,   5,   4,   0, 253,  39,  17,  15,   6, 611],
[2024-08-13 15:28:10,131][flwr][INFO] - 	       [ 37,  94,  20, 136,  14, 178, 129,   9,  80, 195],
[2024-08-13 15:28:10,131][flwr][INFO] - 	       [ 23,  15,  33,   1,   3,   0, 813,  64,   0,   6],
[2024-08-13 15:28:10,131][flwr][INFO] - 	       [ 39,  12,  32,   3,   7,   0,   2, 413, 350, 170],
[2024-08-13 15:28:10,131][flwr][INFO] - 	       [ 16,  18,  19, 108,   5,   3,  26,   2, 311, 466],
[2024-08-13 15:28:10,131][flwr][INFO] - 	       [ 42,   3,   2,   4,  11,   1,   0,   8,  16, 922]], dtype=int64)),
[2024-08-13 15:28:10,131][flwr][INFO] - 	                      (4,
[2024-08-13 15:28:10,131][flwr][INFO] - 	                       array([[714, 172,   1,   2,   6,   9,  43,  29,   4,   0],
[2024-08-13 15:28:10,131][flwr][INFO] - 	       [  0, 892, 221,   3,   6,   3,   2,   7,   1,   0],
[2024-08-13 15:28:10,131][flwr][INFO] - 	       [  5,  35, 771,  70,  44,   2,  16,  61,  28,   0],
[2024-08-13 15:28:10,131][flwr][INFO] - 	       [  0,  49,  20, 572, 276,  12,  14,  26,  41,   0],
[2024-08-13 15:28:10,131][flwr][INFO] - 	       [  5,   4,   3,   0, 783,  79,   9,  94,   5,   0],
[2024-08-13 15:28:10,131][flwr][INFO] - 	       [ 11, 122,  16,  55,  88, 480,  60,  37,  23,   0],
[2024-08-13 15:28:10,131][flwr][INFO] - 	       [  7,  22,  36,   0,  16,   4, 677, 196,   0,   0],
[2024-08-13 15:28:10,131][flwr][INFO] - 	       [  8,  26,  48,   0,  26,   0,   0, 881,  39,   0],
[2024-08-13 15:28:10,131][flwr][INFO] - 	       [  7,  75,  30,  45, 175,  58,  32,  26, 526,   0],
[2024-08-13 15:28:10,132][flwr][INFO] - 	       [ 44,  11,   2,   3, 482,  93,   0, 334,  39,   1]], dtype=int64)),
[2024-08-13 15:28:10,132][flwr][INFO] - 	                      (5,
[2024-08-13 15:28:10,132][flwr][INFO] - 	                       array([[885,  47,   2,   8,   0,   1,  28,   3,   6,   0],
[2024-08-13 15:28:10,132][flwr][INFO] - 	       [  0, 843, 248,  13,   0,   0,   9,   1,   6,  15],
[2024-08-13 15:28:10,132][flwr][INFO] - 	       [ 30,   8, 540, 324,   5,   1,  21,  25,  39,  39],
[2024-08-13 15:28:10,132][flwr][INFO] - 	       [  4,   5,   6, 846,   3,   7,  21,  13,  30,  75],
[2024-08-13 15:28:10,132][flwr][INFO] - 	       [ 46,   5,   3,   1, 332,  63,  20,  28,   9, 475],
[2024-08-13 15:28:10,132][flwr][INFO] - 	       [ 62,  81,  20, 149,   5, 281, 127,  16,  63,  88],
[2024-08-13 15:28:10,132][flwr][INFO] - 	       [ 23,  12,  27,   2,   3,   1, 797,  91,   0,   2],
[2024-08-13 15:28:10,132][flwr][INFO] - 	       [ 49,  15,  32,   5,   6,   0,   2, 625, 180, 114],
[2024-08-13 15:28:10,132][flwr][INFO] - 	       [ 27,  21,  13, 139,   5,   5,  32,   6, 421, 305],
[2024-08-13 15:28:10,132][flwr][INFO] - 	       [ 72,   3,   3,   8,  11,   4,   0,  11,  16, 881]], dtype=int64)),
[2024-08-13 15:28:10,132][flwr][INFO] - 	                      (6,
[2024-08-13 15:28:10,132][flwr][INFO] - 	                       array([[433, 383,   1,   1,   7,  35,  72,  39,   9,   0],
[2024-08-13 15:28:10,132][flwr][INFO] - 	       [  0, 910, 201,   1,   3,   7,   5,   5,   3,   0],
[2024-08-13 15:28:10,132][flwr][INFO] - 	       [  0,  29, 812,  30,  47,   5,  19,  48,  42,   0],
[2024-08-13 15:28:10,132][flwr][INFO] - 	       [  0,  41,  32, 486, 282,  45,  16,  27,  80,   1],
[2024-08-13 15:28:10,133][flwr][INFO] - 	       [  0,   4,   2,   0, 758, 132,  11,  66,   7,   2],
[2024-08-13 15:28:10,133][flwr][INFO] - 	       [  4,  89,  13,  21,  32, 599,  74,  27,  33,   0],
[2024-08-13 15:28:10,133][flwr][INFO] - 	       [  1,  18,  29,   0,  16,   7, 732, 155,   0,   0],
[2024-08-13 15:28:10,133][flwr][INFO] - 	       [  5,  24,  37,   0,  28,   1,   0, 867,  66,   0],
[2024-08-13 15:28:10,133][flwr][INFO] - 	       [  1,  47,  24,  18, 110,  82,  31,  19, 640,   2],
[2024-08-13 15:28:10,133][flwr][INFO] - 	       [ 17,   9,   4,   1, 305, 171,   0, 233,  64, 205]], dtype=int64)),
[2024-08-13 15:28:10,133][flwr][INFO] - 	                      (7,
[2024-08-13 15:28:10,133][flwr][INFO] - 	                       array([[897,  35,   2,   9,   1,   0,  23,   7,   2,   4],
[2024-08-13 15:28:10,133][flwr][INFO] - 	       [  0, 875, 209,  21,   1,   0,  11,   1,   2,  15],
[2024-08-13 15:28:10,133][flwr][INFO] - 	       [ 25,   6, 508, 369,  11,   0,  22,  26,  26,  39],
[2024-08-13 15:28:10,133][flwr][INFO] - 	       [  3,   4,   4, 872,   4,   4,  15,  14,  11,  79],
[2024-08-13 15:28:10,133][flwr][INFO] - 	       [ 40,   5,   2,   2, 481,   2,  22,  25,   4, 399],
[2024-08-13 15:28:10,133][flwr][INFO] - 	       [ 89,  68,  17, 175,   9, 205, 132,  18,  38, 141],
[2024-08-13 15:28:10,133][flwr][INFO] - 	       [ 23,   9,  21,   2,   4,   0, 804,  93,   0,   2],
[2024-08-13 15:28:10,133][flwr][INFO] - 	       [ 46,  16,  29,  11,   8,   0,   1, 718,  66, 133],
[2024-08-13 15:28:10,134][flwr][INFO] - 	       [ 25,  15,  16, 165,   5,   3,  23,   6, 200, 516],
[2024-08-13 15:28:10,134][flwr][INFO] - 	       [ 65,   3,   3,  10,  13,   3,   1,  11,   1, 899]], dtype=int64)),
[2024-08-13 15:28:10,134][flwr][INFO] - 	                      (8,
[2024-08-13 15:28:10,134][flwr][INFO] - 	                       array([[498, 342,   2,   1,  10,  18,  58,  34,  17,   0],
[2024-08-13 15:28:10,134][flwr][INFO] - 	       [  0, 878, 231,   1,   5,   4,   5,   2,   9,   0],
[2024-08-13 15:28:10,134][flwr][INFO] - 	       [  0,  22, 838,  15,  48,   2,  16,  39,  51,   1],
[2024-08-13 15:28:10,134][flwr][INFO] - 	       [  0,  38,  42, 437, 315,  31,  21,  24, 102,   0],
[2024-08-13 15:28:10,134][flwr][INFO] - 	       [  2,   4,   3,   0, 856,  44,  12,  47,  13,   1],
[2024-08-13 15:28:10,134][flwr][INFO] - 	       [  4,  77,  21,  15,  36, 574,  74,  25,  66,   0],
[2024-08-13 15:28:10,134][flwr][INFO] - 	       [  4,  16,  37,   0,  19,   6, 712, 163,   1,   0],
[2024-08-13 15:28:10,134][flwr][INFO] - 	       [  8,  25,  41,   0,  30,   0,   1, 807, 116,   0],
[2024-08-13 15:28:10,134][flwr][INFO] - 	       [  3,  29,  35,   5,  95,  38,  25,   9, 735,   0],
[2024-08-13 15:28:10,134][flwr][INFO] - 	       [ 34,   7,   5,   1, 396,  96,   0, 159, 151, 160]], dtype=int64)),
[2024-08-13 15:28:10,134][flwr][INFO] - 	                      (9,
[2024-08-13 15:28:10,134][flwr][INFO] - 	                       array([[852,  67,   1,   5,   1,   4,  34,   9,   1,   6],
[2024-08-13 15:28:10,134][flwr][INFO] - 	       [  0, 856, 236,  10,   1,   2,  11,   1,   1,  17],
[2024-08-13 15:28:10,134][flwr][INFO] - 	       [ 17,  13, 639, 236,  12,   1,  21,  27,  23,  43],
[2024-08-13 15:28:10,135][flwr][INFO] - 	       [  4,   9,   6, 819,  11,  14,  21,  15,   5, 106],
[2024-08-13 15:28:10,135][flwr][INFO] - 	       [ 18,   5,   2,   2, 546,  52,  23,  24,   2, 308],
[2024-08-13 15:28:10,135][flwr][INFO] - 	       [ 29,  62,  16,  87,  14, 427, 114,  17,  18, 108],
[2024-08-13 15:28:10,135][flwr][INFO] - 	       [ 15,  11,  19,   1,   6,   3, 823,  78,   0,   2],
[2024-08-13 15:28:10,135][flwr][INFO] - 	       [ 34,  16,  37,   9,  13,   1,   1, 726,  35, 156],
[2024-08-13 15:28:10,135][flwr][INFO] - 	       [ 17,  22,  23, 101,   6,  11,  34,   6,  80, 674],
[2024-08-13 15:28:10,135][flwr][INFO] - 	       [ 54,   3,   3,   6,  18,   7,   1,  13,   1, 903]], dtype=int64)),
[2024-08-13 15:28:10,135][flwr][INFO] - 	                      (10,
[2024-08-13 15:28:10,135][flwr][INFO] - 	                       array([[499, 373,   1,   1,   6,  13,  29,  36,  22,   0],
[2024-08-13 15:28:10,135][flwr][INFO] - 	       [  0, 938, 143,   4,   2,   4,   4,   3,  37,   0],
[2024-08-13 15:28:10,135][flwr][INFO] - 	       [  1,  27, 746,  69,  44,   3,  15,  44,  83,   0],
[2024-08-13 15:28:10,135][flwr][INFO] - 	       [  0,  32,  15, 552, 219,  20,  12,  24, 136,   0],
[2024-08-13 15:28:10,135][flwr][INFO] - 	       [  5,   4,   1,   0, 779,  85,   9,  63,  35,   1],
[2024-08-13 15:28:10,135][flwr][INFO] - 	       [  5,  71,   5,  28,  33, 548,  59,  28, 115,   0],
[2024-08-13 15:28:10,135][flwr][INFO] - 	       [  5,  22,  21,   0,  15,   6, 633, 254,   2,   0],
[2024-08-13 15:28:10,135][flwr][INFO] - 	       [ 12,  18,  26,   1,  24,   0,   1, 735, 211,   0],
[2024-08-13 15:28:10,135][flwr][INFO] - 	       [  4,  26,  14,  11,  50,  25,  21,   7, 816,   0],
[2024-08-13 15:28:10,136][flwr][INFO] - 	       [ 85,   6,   2,   1, 278,  98,   0, 141, 334,  64]], dtype=int64))],
[2024-08-13 15:28:10,136][flwr][INFO] - 	 'f1': [(0, 0.017493624772313296),
[2024-08-13 15:28:10,136][flwr][INFO] - 	        (1, 0.4767547124077846),
[2024-08-13 15:28:10,136][flwr][INFO] - 	        (2, 0.5391442137093326),
[2024-08-13 15:28:10,136][flwr][INFO] - 	        (3, 0.5697957085873203),
[2024-08-13 15:28:10,136][flwr][INFO] - 	        (4, 0.6020740186715108),
[2024-08-13 15:28:10,136][flwr][INFO] - 	        (5, 0.6334701742246007),
[2024-08-13 15:28:10,136][flwr][INFO] - 	        (6, 0.6299313337146059),
[2024-08-13 15:28:10,136][flwr][INFO] - 	        (7, 0.6281617730503586),
[2024-08-13 15:28:10,136][flwr][INFO] - 	        (8, 0.6315960437139879),
[2024-08-13 15:28:10,136][flwr][INFO] - 	        (9, 0.6517700332745333),
[2024-08-13 15:28:10,136][flwr][INFO] - 	        (10, 0.6085653130090688)],
[2024-08-13 15:28:10,136][flwr][INFO] - 	 'precision': [(0, 0.009604000000000001),
[2024-08-13 15:28:10,136][flwr][INFO] - 	               (1, 0.5960243694604955),
[2024-08-13 15:28:10,136][flwr][INFO] - 	               (2, 0.6502454589799787),
[2024-08-13 15:28:10,136][flwr][INFO] - 	               (3, 0.656439654329308),
[2024-08-13 15:28:10,136][flwr][INFO] - 	               (4, 0.7069438170281177),
[2024-08-13 15:28:10,137][flwr][INFO] - 	               (5, 0.6895694372571629),
[2024-08-13 15:28:10,137][flwr][INFO] - 	               (6, 0.7127535787987925),
[2024-08-13 15:28:10,137][flwr][INFO] - 	               (7, 0.708816679013142),
[2024-08-13 15:28:10,137][flwr][INFO] - 	               (8, 0.7224238506054523),
[2024-08-13 15:28:10,137][flwr][INFO] - 	               (9, 0.7023605383632083),
[2024-08-13 15:28:10,137][flwr][INFO] - 	               (10, 0.7036710642682281)],
[2024-08-13 15:28:10,137][flwr][INFO] - 	 'recall': [(0, 0.098),
[2024-08-13 15:28:10,137][flwr][INFO] - 	            (1, 0.5149),
[2024-08-13 15:28:10,137][flwr][INFO] - 	            (2, 0.5646),
[2024-08-13 15:28:10,137][flwr][INFO] - 	            (3, 0.5849),
[2024-08-13 15:28:10,137][flwr][INFO] - 	            (4, 0.6297),
[2024-08-13 15:28:10,137][flwr][INFO] - 	            (5, 0.6451),
[2024-08-13 15:28:10,137][flwr][INFO] - 	            (6, 0.6442),
[2024-08-13 15:28:10,137][flwr][INFO] - 	            (7, 0.6459),
[2024-08-13 15:28:10,137][flwr][INFO] - 	            (8, 0.6495),
[2024-08-13 15:28:10,137][flwr][INFO] - 	            (9, 0.6671),
[2024-08-13 15:28:10,137][flwr][INFO] - 	            (10, 0.631)]}
[2024-08-13 15:28:10,138][flwr][INFO] - 
