[2024-08-13 14:54:27,426][flwr][INFO] - Starting Flower simulation, config: num_rounds=10, no round_timeout
[2024-08-13 14:54:31,598][flwr][INFO] - Flower VCE: Ray initialized with resources: {'node:127.0.0.1': 1.0, 'object_store_memory': 2444101632.0, 'memory': 4888203264.0, 'node:__internal_head__': 1.0, 'GPU': 1.0, 'CPU': 16.0, 'accelerator_type:G': 1.0}
[2024-08-13 14:54:31,598][flwr][INFO] - Optimize your simulation with Flower VCE: https://flower.ai/docs/framework/how-to-run-simulations.html
[2024-08-13 14:54:31,598][flwr][INFO] - Flower VCE: Resources for each Virtual Client: {'num_cpus': 2, 'num_gpus': 0.5}
[2024-08-13 14:54:31,609][flwr][INFO] - Flower VCE: Creating VirtualClientEngineActorPool with 2 actors
[2024-08-13 14:54:31,611][flwr][INFO] - [INIT]
[2024-08-13 14:54:31,611][flwr][INFO] - Requesting initial parameters from one random client
[2024-08-13 14:54:39,145][flwr][INFO] - Received initial parameters from one random client
[2024-08-13 14:54:39,146][flwr][INFO] - Evaluating initial global parameters
[2024-08-13 14:54:41,349][flwr][INFO] - initial parameters (loss, other metrics): 2.3025850929940455, {'accuracy': 0.098, 'precision': 0.009604000000000001, 'recall': 0.098, 'f1': 0.017493624772313296, 'confusion_matrix': array([[ 980,    0,    0,    0,    0,    0,    0,    0,    0,    0],
       [1135,    0,    0,    0,    0,    0,    0,    0,    0,    0],
       [1032,    0,    0,    0,    0,    0,    0,    0,    0,    0],
       [1010,    0,    0,    0,    0,    0,    0,    0,    0,    0],
       [ 982,    0,    0,    0,    0,    0,    0,    0,    0,    0],
       [ 892,    0,    0,    0,    0,    0,    0,    0,    0,    0],
       [ 958,    0,    0,    0,    0,    0,    0,    0,    0,    0],
       [1028,    0,    0,    0,    0,    0,    0,    0,    0,    0],
       [ 974,    0,    0,    0,    0,    0,    0,    0,    0,    0],
       [1009,    0,    0,    0,    0,    0,    0,    0,    0,    0]],
      dtype=int64)}
[2024-08-13 14:54:41,350][flwr][INFO] - 
[2024-08-13 14:54:41,350][flwr][INFO] - [ROUND 1]
[2024-08-13 14:54:41,350][flwr][INFO] - configure_fit: strategy sampled 10 clients (out of 100)
[2024-08-13 14:54:44,923][flwr][INFO] - aggregate_fit: received 10 results and 0 failures
[2024-08-13 14:54:44,926][flwr][WARNING] - No fit_metrics_aggregation_fn provided
[2024-08-13 14:54:47,004][flwr][INFO] - fit progress: (1, 1.2049881797145259, {'accuracy': 0.626, 'precision': 0.6641031457827343, 'recall': 0.626, 'f1': 0.5885054692658301, 'confusion_matrix': array([[ 967,    0,    1,    3,    0,    0,    2,    0,    7,    0],
       [   0, 1059,    2,   10,    0,    0,    3,    1,   60,    0],
       [ 224,   29,  403,  243,    4,    0,   16,   35,   63,   15],
       [  87,    7,    2,  849,    0,    0,    3,   14,   41,    7],
       [ 136,    8,    1,    2,  194,    0,    9,   54,   50,  528],
       [ 497,   56,    0,  182,    1,    0,    4,   34,   89,   29],
       [ 292,   20,    3,    7,    1,    0,  610,   10,   14,    1],
       [  51,   32,    6,    7,    0,    0,    1,  849,   69,   13],
       [ 118,   12,    2,  177,    0,    0,    4,   11,  627,   23],
       [ 119,    9,    0,   19,    3,    0,    1,  121,   35,  702]],
      dtype=int64)}, 5.654624300004798)
[2024-08-13 14:54:47,005][flwr][INFO] - configure_evaluate: no clients selected, skipping evaluation
[2024-08-13 14:54:47,005][flwr][INFO] - 
[2024-08-13 14:54:47,005][flwr][INFO] - [ROUND 2]
[2024-08-13 14:54:47,006][flwr][INFO] - configure_fit: strategy sampled 10 clients (out of 100)
[2024-08-13 14:54:48,223][flwr][INFO] - aggregate_fit: received 10 results and 0 failures
[2024-08-13 14:54:50,292][flwr][INFO] - fit progress: (2, 0.8931028543158158, {'accuracy': 0.7981, 'precision': 0.8075640627531633, 'recall': 0.7981, 'f1': 0.7948335026328691, 'confusion_matrix': array([[ 811,    0,    8,    5,    2,   15,  117,    1,   20,    1],
       [   0, 1009,  112,    2,    0,    1,    5,    1,    5,    0],
       [   9,   15,  890,   24,   16,    0,   26,   19,   30,    3],
       [   0,   14,   52,  793,    5,   21,   20,   13,   52,   40],
       [   0,    6,    8,    0,  832,    0,   37,    4,    6,   89],
       [   8,   56,   30,  153,   32,  419,   68,   20,   58,   48],
       [  10,   13,   37,    1,   15,    5,  874,    3,    0,    0],
       [   3,   32,   57,    1,   15,    0,    1,  844,   30,   45],
       [   3,   22,   49,   72,   17,   11,   30,    8,  706,   56],
       [  10,   11,    7,    4,  111,    5,    5,   33,   20,  803]],
      dtype=int64)}, 8.942794100003084)
[2024-08-13 14:54:50,293][flwr][INFO] - configure_evaluate: no clients selected, skipping evaluation
[2024-08-13 14:54:50,293][flwr][INFO] - 
[2024-08-13 14:54:50,293][flwr][INFO] - [ROUND 3]
[2024-08-13 14:54:50,294][flwr][INFO] - configure_fit: strategy sampled 10 clients (out of 100)
[2024-08-13 14:54:51,506][flwr][INFO] - aggregate_fit: received 10 results and 0 failures
[2024-08-13 14:54:53,577][flwr][INFO] - fit progress: (3, 0.9300173278168306, {'accuracy': 0.7596, 'precision': 0.8068231165943904, 'recall': 0.7596, 'f1': 0.7540545625601706, 'confusion_matrix': array([[ 923,    0,    0,   24,    1,   18,    5,    5,    4,    0],
       [   0, 1090,    1,   19,    1,    4,    2,    1,   17,    0],
       [  28,   44,  341,  469,   26,    4,   20,   51,   42,    7],
       [   1,    8,    2,  938,    0,   17,    1,   22,   18,    3],
       [  10,    9,    0,    3,  802,   40,   11,   54,   16,   37],
       [  16,   63,    0,  231,    5,  526,    8,   27,   10,    6],
       [  45,   24,    8,   14,   17,   23,  797,   28,    2,    0],
       [  10,   45,    5,   13,    6,    0,    0,  915,   27,    7],
       [   9,   44,    0,  263,    6,   37,    4,   16,  583,   12],
       [  30,   15,    2,   17,   56,   29,    0,  161,   18,  681]],
      dtype=int64)}, 12.227393299996038)
[2024-08-13 14:54:53,578][flwr][INFO] - configure_evaluate: no clients selected, skipping evaluation
[2024-08-13 14:54:53,578][flwr][INFO] - 
[2024-08-13 14:54:53,578][flwr][INFO] - [ROUND 4]
[2024-08-13 14:54:53,578][flwr][INFO] - configure_fit: strategy sampled 10 clients (out of 100)
[2024-08-13 14:54:54,751][flwr][INFO] - aggregate_fit: received 10 results and 0 failures
[2024-08-13 14:54:56,823][flwr][INFO] - fit progress: (4, 0.8843380614807586, {'accuracy': 0.8034, 'precision': 0.8197469096559553, 'recall': 0.8034, 'f1': 0.8003514054540202, 'confusion_matrix': array([[ 890,    1,   10,    0,    2,   10,   52,    1,   14,    0],
       [   0, 1008,  103,    1,    1,    6,    5,    0,   10,    1],
       [  12,    8,  912,    3,   18,    1,   20,   15,   36,    7],
       [   7,   19,  116,  503,   20,  115,   33,   15,  130,   52],
       [   3,    4,    8,    0,  843,    0,   26,    3,    8,   87],
       [  13,   49,   26,    9,   30,  615,   56,   12,   50,   32],
       [  12,    6,   53,    0,   19,    9,  853,    6,    0,    0],
       [  10,   27,   57,    0,   26,    0,    1,  770,   49,   88],
       [  10,   14,   53,    2,   21,   25,   23,    4,  770,   52],
       [  18,    6,    9,    2,   63,    6,    3,   13,   19,  870]],
      dtype=int64)}, 15.473231199997826)
[2024-08-13 14:54:56,824][flwr][INFO] - configure_evaluate: no clients selected, skipping evaluation
[2024-08-13 14:54:56,824][flwr][INFO] - 
[2024-08-13 14:54:56,824][flwr][INFO] - [ROUND 5]
[2024-08-13 14:54:56,824][flwr][INFO] - configure_fit: strategy sampled 10 clients (out of 100)
[2024-08-13 14:54:57,983][flwr][INFO] - aggregate_fit: received 10 results and 0 failures
[2024-08-13 14:55:00,065][flwr][INFO] - fit progress: (5, 0.8567018861424791, {'accuracy': 0.8, 'precision': 0.8230793011248896, 'recall': 0.8, 'f1': 0.7973787204807672, 'confusion_matrix': array([[ 885,    3,    2,   16,    1,   13,   41,   13,    6,    0],
       [   0, 1095,    7,   11,    1,    3,    5,    2,   11,    0],
       [  15,   45,  591,  228,   21,    1,   30,   58,   34,    9],
       [   0,    7,    5,  913,    1,   19,    8,   25,   21,   11],
       [   3,    7,    1,    1,  840,    5,   25,   56,    8,   36],
       [   6,   68,    0,  168,   11,  535,   38,   37,   21,    8],
       [  12,   20,   11,    2,    6,    8,  867,   32,    0,    0],
       [   2,   40,   15,    6,   11,    0,    1,  933,   14,    6],
       [   5,   53,    1,  170,   11,   23,   27,   24,  637,   23],
       [  21,   12,    2,   14,   65,   17,    2,  162,   10,  704]],
      dtype=int64)}, 18.715621600000304)
[2024-08-13 14:55:00,066][flwr][INFO] - configure_evaluate: no clients selected, skipping evaluation
[2024-08-13 14:55:00,066][flwr][INFO] - 
[2024-08-13 14:55:00,066][flwr][INFO] - [ROUND 6]
[2024-08-13 14:55:00,067][flwr][INFO] - configure_fit: strategy sampled 10 clients (out of 100)
[2024-08-13 14:55:01,357][flwr][INFO] - aggregate_fit: received 10 results and 0 failures
[2024-08-13 14:55:03,487][flwr][INFO] - fit progress: (6, 0.8504082968328219, {'accuracy': 0.8131, 'precision': 0.8322407120812528, 'recall': 0.8131, 'f1': 0.813053319699422, 'confusion_matrix': array([[ 910,    2,    8,    0,    0,   11,   25,    0,   23,    1],
       [   0, 1002,   95,    1,    1,    5,    5,    0,   25,    1],
       [   8,    8,  897,    9,   15,    1,   18,    9,   57,   10],
       [   6,   14,   63,  631,   11,   69,   23,    9,  154,   30],
       [   3,    4,    5,    0,  827,    0,   18,    3,   22,  100],
       [  17,   44,   23,   18,   16,  596,   40,    9,  103,   26],
       [  13,    8,   53,    0,   18,   13,  846,    4,    2,    1],
       [  14,   24,   50,    0,   27,    0,    0,  695,   99,  119],
       [   8,   11,   34,    5,   12,   19,   17,    3,  843,   22],
       [  20,    5,    6,    2,   40,    5,    1,    8,   38,  884]],
      dtype=int64)}, 22.137741800004733)
[2024-08-13 14:55:03,488][flwr][INFO] - configure_evaluate: no clients selected, skipping evaluation
[2024-08-13 14:55:03,488][flwr][INFO] - 
[2024-08-13 14:55:03,488][flwr][INFO] - [ROUND 7]
[2024-08-13 14:55:03,489][flwr][INFO] - configure_fit: strategy sampled 10 clients (out of 100)
[2024-08-13 14:55:04,646][flwr][INFO] - aggregate_fit: received 10 results and 0 failures
[2024-08-13 14:55:06,719][flwr][INFO] - fit progress: (7, 0.8412223662293038, {'accuracy': 0.8025, 'precision': 0.8258760497293537, 'recall': 0.8025, 'f1': 0.7984307684403444, 'confusion_matrix': array([[ 889,    4,    2,   18,    1,   22,   34,    8,    2,    0],
       [   0, 1086,   17,   17,    2,    3,    6,    1,    3,    0],
       [  11,   39,  641,  217,   31,    0,   27,   44,   21,    1],
       [   0,    9,    4,  920,    2,   25,    8,   23,   10,    9],
       [   2,    4,    1,    1,  917,    5,   21,   21,    3,    7],
       [   9,   53,    1,  136,   18,  599,   38,   26,    8,    4],
       [  10,   15,    9,    3,   16,   10,  880,   15,    0,    0],
       [   5,   40,   21,    9,   20,    0,    1,  916,    6,   10],
       [   7,   61,    4,  205,   37,   54,   34,   21,  530,   21],
       [  25,   11,    2,   13,  153,   21,    1,  131,    5,  647]],
      dtype=int64)}, 25.369146800003364)
[2024-08-13 14:55:06,720][flwr][INFO] - configure_evaluate: no clients selected, skipping evaluation
[2024-08-13 14:55:06,720][flwr][INFO] - 
[2024-08-13 14:55:06,720][flwr][INFO] - [ROUND 8]
[2024-08-13 14:55:06,721][flwr][INFO] - configure_fit: strategy sampled 10 clients (out of 100)
[2024-08-13 14:55:07,876][flwr][INFO] - aggregate_fit: received 10 results and 0 failures
[2024-08-13 14:55:10,117][flwr][INFO] - fit progress: (8, 0.8307517388520246, {'accuracy': 0.8208, 'precision': 0.8387413919711333, 'recall': 0.8208, 'f1': 0.8216365280094394, 'confusion_matrix': array([[ 905,    8,    6,    2,    1,    8,   22,    4,   24,    0],
       [   0, 1042,   39,    2,    1,    2,    5,    1,   43,    0],
       [   8,   17,  850,   16,   11,    1,   18,   24,   72,   15],
       [   4,   20,   30,  690,    8,   50,   18,   13,  152,   25],
       [   3,    5,    4,    0,  752,    1,   20,    7,   30,  160],
       [  15,   53,    7,   26,   11,  561,   42,   17,  131,   29],
       [  13,   13,   24,    0,   12,    8,  870,   12,    5,    1],
       [  10,   26,   36,    0,   16,    0,    1,  784,   89,   66],
       [   8,   11,   16,    6,   10,   15,   16,    3,  872,   17],
       [  20,    5,    4,    2,   23,    6,    1,   16,   50,  882]],
      dtype=int64)}, 28.767221000001882)
[2024-08-13 14:55:10,118][flwr][INFO] - configure_evaluate: no clients selected, skipping evaluation
[2024-08-13 14:55:10,118][flwr][INFO] - 
[2024-08-13 14:55:10,118][flwr][INFO] - [ROUND 9]
[2024-08-13 14:55:10,118][flwr][INFO] - configure_fit: strategy sampled 10 clients (out of 100)
[2024-08-13 14:55:11,329][flwr][INFO] - aggregate_fit: received 10 results and 0 failures
[2024-08-13 14:55:13,398][flwr][INFO] - fit progress: (9, 0.8382871503014482, {'accuracy': 0.7986, 'precision': 0.8173999245177548, 'recall': 0.7986, 'f1': 0.7869453785943328, 'confusion_matrix': array([[ 884,    9,    6,   12,    1,   27,   30,   11,    0,    0],
       [   0, 1077,   28,   17,    2,    3,    6,    2,    0,    0],
       [  11,   29,  777,  112,   27,    0,   23,   46,    6,    1],
       [   0,    9,    6,  911,    4,   31,    6,   26,    2,   15],
       [   2,    4,    1,    0,  917,    5,   18,   23,    0,   12],
       [   9,   51,    2,   96,   18,  648,   33,   28,    3,    4],
       [  11,   12,   12,    2,   17,   13,  863,   28,    0,    0],
       [   4,   32,   33,    8,   20,    0,    1,  919,    1,   10],
       [  12,   81,   13,  211,   56,  124,   35,   24,  310,  108],
       [  21,   10,    2,   11,  140,   25,    1,  119,    0,  680]],
      dtype=int64)}, 32.04863320000004)
[2024-08-13 14:55:13,399][flwr][INFO] - configure_evaluate: no clients selected, skipping evaluation
[2024-08-13 14:55:13,399][flwr][INFO] - 
[2024-08-13 14:55:13,399][flwr][INFO] - [ROUND 10]
[2024-08-13 14:55:13,400][flwr][INFO] - configure_fit: strategy sampled 10 clients (out of 100)
[2024-08-13 14:55:14,685][flwr][INFO] - aggregate_fit: received 10 results and 0 failures
[2024-08-13 14:55:16,878][flwr][INFO] - fit progress: (10, 0.7973255622667103, {'accuracy': 0.841, 'precision': 0.846474283756773, 'recall': 0.841, 'f1': 0.8407601992798218, 'confusion_matrix': array([[ 904,   14,    6,    5,    1,   10,   26,    5,    9,    0],
       [   0, 1052,   35,    3,    1,    3,    5,    1,   35,    0],
       [  10,   18,  826,   39,   13,    0,   22,   29,   60,   15],
       [   3,   14,   14,  802,    7,   39,   14,   18,   73,   26],
       [   3,    4,    2,    0,  821,    2,   20,    9,   21,  100],
       [  13,   42,    5,   49,   13,  599,   47,   17,   87,   20],
       [  12,   10,   16,    0,   11,    7,  883,   18,    1,    0],
       [   9,   24,   34,    1,   17,    0,    1,  824,   67,   51],
       [  11,   16,   15,   24,   13,   17,   19,    3,  832,   24],
       [  25,    6,    4,    3,   36,    7,    1,   27,   33,  867]],
      dtype=int64)}, 35.5282034999982)
[2024-08-13 14:55:16,879][flwr][INFO] - configure_evaluate: no clients selected, skipping evaluation
[2024-08-13 14:55:16,879][flwr][INFO] - 
[2024-08-13 14:55:16,879][flwr][INFO] - [SUMMARY]
[2024-08-13 14:55:16,879][flwr][INFO] - Run finished 10 round(s) in 35.53s
[2024-08-13 14:55:16,887][flwr][INFO] - 	History (loss, centralized):
[2024-08-13 14:55:16,887][flwr][INFO] - 		round 0: 2.3025850929940455
[2024-08-13 14:55:16,887][flwr][INFO] - 		round 1: 1.2049881797145259
[2024-08-13 14:55:16,887][flwr][INFO] - 		round 2: 0.8931028543158158
[2024-08-13 14:55:16,887][flwr][INFO] - 		round 3: 0.9300173278168306
[2024-08-13 14:55:16,887][flwr][INFO] - 		round 4: 0.8843380614807586
[2024-08-13 14:55:16,887][flwr][INFO] - 		round 5: 0.8567018861424791
[2024-08-13 14:55:16,887][flwr][INFO] - 		round 6: 0.8504082968328219
[2024-08-13 14:55:16,887][flwr][INFO] - 		round 7: 0.8412223662293038
[2024-08-13 14:55:16,887][flwr][INFO] - 		round 8: 0.8307517388520246
[2024-08-13 14:55:16,888][flwr][INFO] - 		round 9: 0.8382871503014482
[2024-08-13 14:55:16,888][flwr][INFO] - 		round 10: 0.7973255622667103
[2024-08-13 14:55:16,888][flwr][INFO] - 	History (metrics, centralized):
[2024-08-13 14:55:16,888][flwr][INFO] - 	{'accuracy': [(0, 0.098),
[2024-08-13 14:55:16,888][flwr][INFO] - 	              (1, 0.626),
[2024-08-13 14:55:16,888][flwr][INFO] - 	              (2, 0.7981),
[2024-08-13 14:55:16,888][flwr][INFO] - 	              (3, 0.7596),
[2024-08-13 14:55:16,888][flwr][INFO] - 	              (4, 0.8034),
[2024-08-13 14:55:16,888][flwr][INFO] - 	              (5, 0.8),
[2024-08-13 14:55:16,888][flwr][INFO] - 	              (6, 0.8131),
[2024-08-13 14:55:16,888][flwr][INFO] - 	              (7, 0.8025),
[2024-08-13 14:55:16,888][flwr][INFO] - 	              (8, 0.8208),
[2024-08-13 14:55:16,888][flwr][INFO] - 	              (9, 0.7986),
[2024-08-13 14:55:16,888][flwr][INFO] - 	              (10, 0.841)],
[2024-08-13 14:55:16,888][flwr][INFO] - 	 'confusion_matrix': [(0,
[2024-08-13 14:55:16,888][flwr][INFO] - 	                       array([[ 980,    0,    0,    0,    0,    0,    0,    0,    0,    0],
[2024-08-13 14:55:16,889][flwr][INFO] - 	       [1135,    0,    0,    0,    0,    0,    0,    0,    0,    0],
[2024-08-13 14:55:16,889][flwr][INFO] - 	       [1032,    0,    0,    0,    0,    0,    0,    0,    0,    0],
[2024-08-13 14:55:16,889][flwr][INFO] - 	       [1010,    0,    0,    0,    0,    0,    0,    0,    0,    0],
[2024-08-13 14:55:16,889][flwr][INFO] - 	       [ 982,    0,    0,    0,    0,    0,    0,    0,    0,    0],
[2024-08-13 14:55:16,889][flwr][INFO] - 	       [ 892,    0,    0,    0,    0,    0,    0,    0,    0,    0],
[2024-08-13 14:55:16,889][flwr][INFO] - 	       [ 958,    0,    0,    0,    0,    0,    0,    0,    0,    0],
[2024-08-13 14:55:16,889][flwr][INFO] - 	       [1028,    0,    0,    0,    0,    0,    0,    0,    0,    0],
[2024-08-13 14:55:16,889][flwr][INFO] - 	       [ 974,    0,    0,    0,    0,    0,    0,    0,    0,    0],
[2024-08-13 14:55:16,889][flwr][INFO] - 	       [1009,    0,    0,    0,    0,    0,    0,    0,    0,    0]],
[2024-08-13 14:55:16,889][flwr][INFO] - 	      dtype=int64)),
[2024-08-13 14:55:16,889][flwr][INFO] - 	                      (1,
[2024-08-13 14:55:16,889][flwr][INFO] - 	                       array([[ 967,    0,    1,    3,    0,    0,    2,    0,    7,    0],
[2024-08-13 14:55:16,889][flwr][INFO] - 	       [   0, 1059,    2,   10,    0,    0,    3,    1,   60,    0],
[2024-08-13 14:55:16,889][flwr][INFO] - 	       [ 224,   29,  403,  243,    4,    0,   16,   35,   63,   15],
[2024-08-13 14:55:16,889][flwr][INFO] - 	       [  87,    7,    2,  849,    0,    0,    3,   14,   41,    7],
[2024-08-13 14:55:16,889][flwr][INFO] - 	       [ 136,    8,    1,    2,  194,    0,    9,   54,   50,  528],
[2024-08-13 14:55:16,890][flwr][INFO] - 	       [ 497,   56,    0,  182,    1,    0,    4,   34,   89,   29],
[2024-08-13 14:55:16,890][flwr][INFO] - 	       [ 292,   20,    3,    7,    1,    0,  610,   10,   14,    1],
[2024-08-13 14:55:16,890][flwr][INFO] - 	       [  51,   32,    6,    7,    0,    0,    1,  849,   69,   13],
[2024-08-13 14:55:16,890][flwr][INFO] - 	       [ 118,   12,    2,  177,    0,    0,    4,   11,  627,   23],
[2024-08-13 14:55:16,890][flwr][INFO] - 	       [ 119,    9,    0,   19,    3,    0,    1,  121,   35,  702]],
[2024-08-13 14:55:16,890][flwr][INFO] - 	      dtype=int64)),
[2024-08-13 14:55:16,890][flwr][INFO] - 	                      (2,
[2024-08-13 14:55:16,890][flwr][INFO] - 	                       array([[ 811,    0,    8,    5,    2,   15,  117,    1,   20,    1],
[2024-08-13 14:55:16,890][flwr][INFO] - 	       [   0, 1009,  112,    2,    0,    1,    5,    1,    5,    0],
[2024-08-13 14:55:16,890][flwr][INFO] - 	       [   9,   15,  890,   24,   16,    0,   26,   19,   30,    3],
[2024-08-13 14:55:16,890][flwr][INFO] - 	       [   0,   14,   52,  793,    5,   21,   20,   13,   52,   40],
[2024-08-13 14:55:16,890][flwr][INFO] - 	       [   0,    6,    8,    0,  832,    0,   37,    4,    6,   89],
[2024-08-13 14:55:16,890][flwr][INFO] - 	       [   8,   56,   30,  153,   32,  419,   68,   20,   58,   48],
[2024-08-13 14:55:16,890][flwr][INFO] - 	       [  10,   13,   37,    1,   15,    5,  874,    3,    0,    0],
[2024-08-13 14:55:16,890][flwr][INFO] - 	       [   3,   32,   57,    1,   15,    0,    1,  844,   30,   45],
[2024-08-13 14:55:16,890][flwr][INFO] - 	       [   3,   22,   49,   72,   17,   11,   30,    8,  706,   56],
[2024-08-13 14:55:16,890][flwr][INFO] - 	       [  10,   11,    7,    4,  111,    5,    5,   33,   20,  803]],
[2024-08-13 14:55:16,891][flwr][INFO] - 	      dtype=int64)),
[2024-08-13 14:55:16,891][flwr][INFO] - 	                      (3,
[2024-08-13 14:55:16,891][flwr][INFO] - 	                       array([[ 923,    0,    0,   24,    1,   18,    5,    5,    4,    0],
[2024-08-13 14:55:16,891][flwr][INFO] - 	       [   0, 1090,    1,   19,    1,    4,    2,    1,   17,    0],
[2024-08-13 14:55:16,891][flwr][INFO] - 	       [  28,   44,  341,  469,   26,    4,   20,   51,   42,    7],
[2024-08-13 14:55:16,891][flwr][INFO] - 	       [   1,    8,    2,  938,    0,   17,    1,   22,   18,    3],
[2024-08-13 14:55:16,891][flwr][INFO] - 	       [  10,    9,    0,    3,  802,   40,   11,   54,   16,   37],
[2024-08-13 14:55:16,891][flwr][INFO] - 	       [  16,   63,    0,  231,    5,  526,    8,   27,   10,    6],
[2024-08-13 14:55:16,891][flwr][INFO] - 	       [  45,   24,    8,   14,   17,   23,  797,   28,    2,    0],
[2024-08-13 14:55:16,891][flwr][INFO] - 	       [  10,   45,    5,   13,    6,    0,    0,  915,   27,    7],
[2024-08-13 14:55:16,891][flwr][INFO] - 	       [   9,   44,    0,  263,    6,   37,    4,   16,  583,   12],
[2024-08-13 14:55:16,891][flwr][INFO] - 	       [  30,   15,    2,   17,   56,   29,    0,  161,   18,  681]],
[2024-08-13 14:55:16,891][flwr][INFO] - 	      dtype=int64)),
[2024-08-13 14:55:16,891][flwr][INFO] - 	                      (4,
[2024-08-13 14:55:16,891][flwr][INFO] - 	                       array([[ 890,    1,   10,    0,    2,   10,   52,    1,   14,    0],
[2024-08-13 14:55:16,891][flwr][INFO] - 	       [   0, 1008,  103,    1,    1,    6,    5,    0,   10,    1],
[2024-08-13 14:55:16,892][flwr][INFO] - 	       [  12,    8,  912,    3,   18,    1,   20,   15,   36,    7],
[2024-08-13 14:55:16,892][flwr][INFO] - 	       [   7,   19,  116,  503,   20,  115,   33,   15,  130,   52],
[2024-08-13 14:55:16,892][flwr][INFO] - 	       [   3,    4,    8,    0,  843,    0,   26,    3,    8,   87],
[2024-08-13 14:55:16,892][flwr][INFO] - 	       [  13,   49,   26,    9,   30,  615,   56,   12,   50,   32],
[2024-08-13 14:55:16,892][flwr][INFO] - 	       [  12,    6,   53,    0,   19,    9,  853,    6,    0,    0],
[2024-08-13 14:55:16,892][flwr][INFO] - 	       [  10,   27,   57,    0,   26,    0,    1,  770,   49,   88],
[2024-08-13 14:55:16,892][flwr][INFO] - 	       [  10,   14,   53,    2,   21,   25,   23,    4,  770,   52],
[2024-08-13 14:55:16,892][flwr][INFO] - 	       [  18,    6,    9,    2,   63,    6,    3,   13,   19,  870]],
[2024-08-13 14:55:16,892][flwr][INFO] - 	      dtype=int64)),
[2024-08-13 14:55:16,892][flwr][INFO] - 	                      (5,
[2024-08-13 14:55:16,892][flwr][INFO] - 	                       array([[ 885,    3,    2,   16,    1,   13,   41,   13,    6,    0],
[2024-08-13 14:55:16,892][flwr][INFO] - 	       [   0, 1095,    7,   11,    1,    3,    5,    2,   11,    0],
[2024-08-13 14:55:16,892][flwr][INFO] - 	       [  15,   45,  591,  228,   21,    1,   30,   58,   34,    9],
[2024-08-13 14:55:16,892][flwr][INFO] - 	       [   0,    7,    5,  913,    1,   19,    8,   25,   21,   11],
[2024-08-13 14:55:16,892][flwr][INFO] - 	       [   3,    7,    1,    1,  840,    5,   25,   56,    8,   36],
[2024-08-13 14:55:16,892][flwr][INFO] - 	       [   6,   68,    0,  168,   11,  535,   38,   37,   21,    8],
[2024-08-13 14:55:16,892][flwr][INFO] - 	       [  12,   20,   11,    2,    6,    8,  867,   32,    0,    0],
[2024-08-13 14:55:16,893][flwr][INFO] - 	       [   2,   40,   15,    6,   11,    0,    1,  933,   14,    6],
[2024-08-13 14:55:16,893][flwr][INFO] - 	       [   5,   53,    1,  170,   11,   23,   27,   24,  637,   23],
[2024-08-13 14:55:16,893][flwr][INFO] - 	       [  21,   12,    2,   14,   65,   17,    2,  162,   10,  704]],
[2024-08-13 14:55:16,893][flwr][INFO] - 	      dtype=int64)),
[2024-08-13 14:55:16,893][flwr][INFO] - 	                      (6,
[2024-08-13 14:55:16,893][flwr][INFO] - 	                       array([[ 910,    2,    8,    0,    0,   11,   25,    0,   23,    1],
[2024-08-13 14:55:16,893][flwr][INFO] - 	       [   0, 1002,   95,    1,    1,    5,    5,    0,   25,    1],
[2024-08-13 14:55:16,893][flwr][INFO] - 	       [   8,    8,  897,    9,   15,    1,   18,    9,   57,   10],
[2024-08-13 14:55:16,893][flwr][INFO] - 	       [   6,   14,   63,  631,   11,   69,   23,    9,  154,   30],
[2024-08-13 14:55:16,893][flwr][INFO] - 	       [   3,    4,    5,    0,  827,    0,   18,    3,   22,  100],
[2024-08-13 14:55:16,893][flwr][INFO] - 	       [  17,   44,   23,   18,   16,  596,   40,    9,  103,   26],
[2024-08-13 14:55:16,893][flwr][INFO] - 	       [  13,    8,   53,    0,   18,   13,  846,    4,    2,    1],
[2024-08-13 14:55:16,893][flwr][INFO] - 	       [  14,   24,   50,    0,   27,    0,    0,  695,   99,  119],
[2024-08-13 14:55:16,893][flwr][INFO] - 	       [   8,   11,   34,    5,   12,   19,   17,    3,  843,   22],
[2024-08-13 14:55:16,893][flwr][INFO] - 	       [  20,    5,    6,    2,   40,    5,    1,    8,   38,  884]],
[2024-08-13 14:55:16,893][flwr][INFO] - 	      dtype=int64)),
[2024-08-13 14:55:16,893][flwr][INFO] - 	                      (7,
[2024-08-13 14:55:16,894][flwr][INFO] - 	                       array([[ 889,    4,    2,   18,    1,   22,   34,    8,    2,    0],
[2024-08-13 14:55:16,894][flwr][INFO] - 	       [   0, 1086,   17,   17,    2,    3,    6,    1,    3,    0],
[2024-08-13 14:55:16,894][flwr][INFO] - 	       [  11,   39,  641,  217,   31,    0,   27,   44,   21,    1],
[2024-08-13 14:55:16,894][flwr][INFO] - 	       [   0,    9,    4,  920,    2,   25,    8,   23,   10,    9],
[2024-08-13 14:55:16,894][flwr][INFO] - 	       [   2,    4,    1,    1,  917,    5,   21,   21,    3,    7],
[2024-08-13 14:55:16,894][flwr][INFO] - 	       [   9,   53,    1,  136,   18,  599,   38,   26,    8,    4],
[2024-08-13 14:55:16,894][flwr][INFO] - 	       [  10,   15,    9,    3,   16,   10,  880,   15,    0,    0],
[2024-08-13 14:55:16,894][flwr][INFO] - 	       [   5,   40,   21,    9,   20,    0,    1,  916,    6,   10],
[2024-08-13 14:55:16,894][flwr][INFO] - 	       [   7,   61,    4,  205,   37,   54,   34,   21,  530,   21],
[2024-08-13 14:55:16,894][flwr][INFO] - 	       [  25,   11,    2,   13,  153,   21,    1,  131,    5,  647]],
[2024-08-13 14:55:16,894][flwr][INFO] - 	      dtype=int64)),
[2024-08-13 14:55:16,894][flwr][INFO] - 	                      (8,
[2024-08-13 14:55:16,894][flwr][INFO] - 	                       array([[ 905,    8,    6,    2,    1,    8,   22,    4,   24,    0],
[2024-08-13 14:55:16,894][flwr][INFO] - 	       [   0, 1042,   39,    2,    1,    2,    5,    1,   43,    0],
[2024-08-13 14:55:16,894][flwr][INFO] - 	       [   8,   17,  850,   16,   11,    1,   18,   24,   72,   15],
[2024-08-13 14:55:16,894][flwr][INFO] - 	       [   4,   20,   30,  690,    8,   50,   18,   13,  152,   25],
[2024-08-13 14:55:16,894][flwr][INFO] - 	       [   3,    5,    4,    0,  752,    1,   20,    7,   30,  160],
[2024-08-13 14:55:16,895][flwr][INFO] - 	       [  15,   53,    7,   26,   11,  561,   42,   17,  131,   29],
[2024-08-13 14:55:16,895][flwr][INFO] - 	       [  13,   13,   24,    0,   12,    8,  870,   12,    5,    1],
[2024-08-13 14:55:16,895][flwr][INFO] - 	       [  10,   26,   36,    0,   16,    0,    1,  784,   89,   66],
[2024-08-13 14:55:16,895][flwr][INFO] - 	       [   8,   11,   16,    6,   10,   15,   16,    3,  872,   17],
[2024-08-13 14:55:16,895][flwr][INFO] - 	       [  20,    5,    4,    2,   23,    6,    1,   16,   50,  882]],
[2024-08-13 14:55:16,895][flwr][INFO] - 	      dtype=int64)),
[2024-08-13 14:55:16,895][flwr][INFO] - 	                      (9,
[2024-08-13 14:55:16,895][flwr][INFO] - 	                       array([[ 884,    9,    6,   12,    1,   27,   30,   11,    0,    0],
[2024-08-13 14:55:16,895][flwr][INFO] - 	       [   0, 1077,   28,   17,    2,    3,    6,    2,    0,    0],
[2024-08-13 14:55:16,895][flwr][INFO] - 	       [  11,   29,  777,  112,   27,    0,   23,   46,    6,    1],
[2024-08-13 14:55:16,895][flwr][INFO] - 	       [   0,    9,    6,  911,    4,   31,    6,   26,    2,   15],
[2024-08-13 14:55:16,895][flwr][INFO] - 	       [   2,    4,    1,    0,  917,    5,   18,   23,    0,   12],
[2024-08-13 14:55:16,895][flwr][INFO] - 	       [   9,   51,    2,   96,   18,  648,   33,   28,    3,    4],
[2024-08-13 14:55:16,895][flwr][INFO] - 	       [  11,   12,   12,    2,   17,   13,  863,   28,    0,    0],
[2024-08-13 14:55:16,895][flwr][INFO] - 	       [   4,   32,   33,    8,   20,    0,    1,  919,    1,   10],
[2024-08-13 14:55:16,895][flwr][INFO] - 	       [  12,   81,   13,  211,   56,  124,   35,   24,  310,  108],
[2024-08-13 14:55:16,896][flwr][INFO] - 	       [  21,   10,    2,   11,  140,   25,    1,  119,    0,  680]],
[2024-08-13 14:55:16,896][flwr][INFO] - 	      dtype=int64)),
[2024-08-13 14:55:16,896][flwr][INFO] - 	                      (10,
[2024-08-13 14:55:16,896][flwr][INFO] - 	                       array([[ 904,   14,    6,    5,    1,   10,   26,    5,    9,    0],
[2024-08-13 14:55:16,896][flwr][INFO] - 	       [   0, 1052,   35,    3,    1,    3,    5,    1,   35,    0],
[2024-08-13 14:55:16,896][flwr][INFO] - 	       [  10,   18,  826,   39,   13,    0,   22,   29,   60,   15],
[2024-08-13 14:55:16,896][flwr][INFO] - 	       [   3,   14,   14,  802,    7,   39,   14,   18,   73,   26],
[2024-08-13 14:55:16,896][flwr][INFO] - 	       [   3,    4,    2,    0,  821,    2,   20,    9,   21,  100],
[2024-08-13 14:55:16,896][flwr][INFO] - 	       [  13,   42,    5,   49,   13,  599,   47,   17,   87,   20],
[2024-08-13 14:55:16,896][flwr][INFO] - 	       [  12,   10,   16,    0,   11,    7,  883,   18,    1,    0],
[2024-08-13 14:55:16,896][flwr][INFO] - 	       [   9,   24,   34,    1,   17,    0,    1,  824,   67,   51],
[2024-08-13 14:55:16,896][flwr][INFO] - 	       [  11,   16,   15,   24,   13,   17,   19,    3,  832,   24],
[2024-08-13 14:55:16,896][flwr][INFO] - 	       [  25,    6,    4,    3,   36,    7,    1,   27,   33,  867]],
[2024-08-13 14:55:16,896][flwr][INFO] - 	      dtype=int64))],
[2024-08-13 14:55:16,896][flwr][INFO] - 	 'f1': [(0, 0.017493624772313296),
[2024-08-13 14:55:16,896][flwr][INFO] - 	        (1, 0.5885054692658301),
[2024-08-13 14:55:16,896][flwr][INFO] - 	        (2, 0.7948335026328691),
[2024-08-13 14:55:16,897][flwr][INFO] - 	        (3, 0.7540545625601706),
[2024-08-13 14:55:16,897][flwr][INFO] - 	        (4, 0.8003514054540202),
[2024-08-13 14:55:16,897][flwr][INFO] - 	        (5, 0.7973787204807672),
[2024-08-13 14:55:16,897][flwr][INFO] - 	        (6, 0.813053319699422),
[2024-08-13 14:55:16,897][flwr][INFO] - 	        (7, 0.7984307684403444),
[2024-08-13 14:55:16,897][flwr][INFO] - 	        (8, 0.8216365280094394),
[2024-08-13 14:55:16,897][flwr][INFO] - 	        (9, 0.7869453785943328),
[2024-08-13 14:55:16,897][flwr][INFO] - 	        (10, 0.8407601992798218)],
[2024-08-13 14:55:16,897][flwr][INFO] - 	 'precision': [(0, 0.009604000000000001),
[2024-08-13 14:55:16,897][flwr][INFO] - 	               (1, 0.6641031457827343),
[2024-08-13 14:55:16,897][flwr][INFO] - 	               (2, 0.8075640627531633),
[2024-08-13 14:55:16,897][flwr][INFO] - 	               (3, 0.8068231165943904),
[2024-08-13 14:55:16,898][flwr][INFO] - 	               (4, 0.8197469096559553),
[2024-08-13 14:55:16,898][flwr][INFO] - 	               (5, 0.8230793011248896),
[2024-08-13 14:55:16,898][flwr][INFO] - 	               (6, 0.8322407120812528),
[2024-08-13 14:55:16,898][flwr][INFO] - 	               (7, 0.8258760497293537),
[2024-08-13 14:55:16,898][flwr][INFO] - 	               (8, 0.8387413919711333),
[2024-08-13 14:55:16,898][flwr][INFO] - 	               (9, 0.8173999245177548),
[2024-08-13 14:55:16,898][flwr][INFO] - 	               (10, 0.846474283756773)],
[2024-08-13 14:55:16,898][flwr][INFO] - 	 'recall': [(0, 0.098),
[2024-08-13 14:55:16,898][flwr][INFO] - 	            (1, 0.626),
[2024-08-13 14:55:16,898][flwr][INFO] - 	            (2, 0.7981),
[2024-08-13 14:55:16,898][flwr][INFO] - 	            (3, 0.7596),
[2024-08-13 14:55:16,898][flwr][INFO] - 	            (4, 0.8034),
[2024-08-13 14:55:16,898][flwr][INFO] - 	            (5, 0.8),
[2024-08-13 14:55:16,898][flwr][INFO] - 	            (6, 0.8131),
[2024-08-13 14:55:16,898][flwr][INFO] - 	            (7, 0.8025),
[2024-08-13 14:55:16,898][flwr][INFO] - 	            (8, 0.8208),
[2024-08-13 14:55:16,899][flwr][INFO] - 	            (9, 0.7986),
[2024-08-13 14:55:16,899][flwr][INFO] - 	            (10, 0.841)]}
[2024-08-13 14:55:16,899][flwr][INFO] - 
