[2024-08-13 12:30:21,397][flwr][INFO] - Starting Flower simulation, config: num_rounds=10, no round_timeout
[2024-08-13 12:30:25,652][flwr][INFO] - Flower VCE: Ray initialized with resources: {'node:__internal_head__': 1.0, 'node:127.0.0.1': 1.0, 'memory': 4951294772.0, 'object_store_memory': 2475647385.0, 'GPU': 1.0, 'CPU': 16.0, 'accelerator_type:G': 1.0}
[2024-08-13 12:30:25,652][flwr][INFO] - Optimize your simulation with Flower VCE: https://flower.ai/docs/framework/how-to-run-simulations.html
[2024-08-13 12:30:25,652][flwr][INFO] - Flower VCE: Resources for each Virtual Client: {'num_cpus': 2, 'num_gpus': 0.5}
[2024-08-13 12:30:25,663][flwr][INFO] - Flower VCE: Creating VirtualClientEngineActorPool with 2 actors
[2024-08-13 12:30:25,664][flwr][INFO] - [INIT]
[2024-08-13 12:30:25,664][flwr][INFO] - Requesting initial parameters from one random client
[2024-08-13 12:30:33,197][flwr][INFO] - Received initial parameters from one random client
[2024-08-13 12:30:33,197][flwr][INFO] - Evaluating initial global parameters
[2024-08-13 12:30:35,445][flwr][INFO] - initial parameters (loss, other metrics): 2.3025850929940455, {'accuracy': 0.098, 'precision': 0.009604000000000001, 'recall': 0.098, 'f1': 0.017493624772313296, 'confusion_matrix': array([[ 980,    0,    0,    0,    0,    0,    0,    0,    0,    0],
       [1135,    0,    0,    0,    0,    0,    0,    0,    0,    0],
       [1032,    0,    0,    0,    0,    0,    0,    0,    0,    0],
       [1010,    0,    0,    0,    0,    0,    0,    0,    0,    0],
       [ 982,    0,    0,    0,    0,    0,    0,    0,    0,    0],
       [ 892,    0,    0,    0,    0,    0,    0,    0,    0,    0],
       [ 958,    0,    0,    0,    0,    0,    0,    0,    0,    0],
       [1028,    0,    0,    0,    0,    0,    0,    0,    0,    0],
       [ 974,    0,    0,    0,    0,    0,    0,    0,    0,    0],
       [1009,    0,    0,    0,    0,    0,    0,    0,    0,    0]],
      dtype=int64)}
[2024-08-13 12:30:35,446][flwr][INFO] - 
[2024-08-13 12:30:35,446][flwr][INFO] - [ROUND 1]
[2024-08-13 12:30:35,447][flwr][INFO] - configure_fit: strategy sampled 10 clients (out of 10)
[2024-08-13 12:30:43,877][flwr][INFO] - aggregate_fit: received 10 results and 0 failures
[2024-08-13 12:30:43,880][flwr][WARNING] - No fit_metrics_aggregation_fn provided
[2024-08-13 12:30:46,153][flwr][INFO] - fit progress: (1, 1.2963244482779104, {'accuracy': 0.5361, 'precision': 0.661172926294083, 'recall': 0.5361, 'f1': 0.49937175736452993, 'confusion_matrix': array([[953,   0,   2,   6,   0,   0,   9,   1,   4,   5],
       [  0, 556, 514,   7,   0,   0,   3,   0,   6,  49],
       [ 76,   1, 412, 412,   1,   0,  18,  17,  42,  53],
       [ 19,   1,   8, 856,   4,   0,   4,   8,  24,  86],
       [ 70,   2,   5,   1, 160,   0,  11,  26,   7, 700],
       [227,  57,  38, 234,   7,   2,  24,  16, 100, 187],
       [114,   5,  45,   7,   2,   0, 733,  42,   1,   9],
       [ 56,   5,  38,   4,   2,   0,   0, 501, 273, 149],
       [ 47,   3,  26, 205,   3,   0,   6,   3, 300, 381],
       [ 73,   2,   2,   9,  10,   0,   0,   8,  17, 888]], dtype=int64)}, 10.706394200009527)
[2024-08-13 12:30:46,154][flwr][INFO] - configure_evaluate: no clients selected, skipping evaluation
[2024-08-13 12:30:46,154][flwr][INFO] - 
[2024-08-13 12:30:46,154][flwr][INFO] - [ROUND 2]
[2024-08-13 12:30:46,154][flwr][INFO] - configure_fit: strategy sampled 10 clients (out of 10)
[2024-08-13 12:30:53,008][flwr][INFO] - aggregate_fit: received 10 results and 0 failures
[2024-08-13 12:30:55,229][flwr][INFO] - fit progress: (2, 1.0936677364641878, {'accuracy': 0.6562, 'precision': 0.7170138477103573, 'recall': 0.6562, 'f1': 0.6298588529922846, 'confusion_matrix': array([[864,  19,   2,   3,   5,   3,  58,  16,  10,   0],
       [  0, 874, 234,   3,   3,   2,   5,   2,  12,   0],
       [ 17,  21, 731,  99,  32,   0,  25,  62,  45,   0],
       [  3,  38,  20, 658, 156,   1,  17,  21,  96,   0],
       [ 10,   4,   5,   0, 770,  23,  20, 124,  25,   1],
       [ 33, 126,  23,  83, 118, 300,  84,  36,  89,   0],
       [ 16,  21,  29,   0,  10,   2, 797,  81,   2,   0],
       [ 10,  21,  38,   0,  23,   0,   1, 835, 100,   0],
       [ 15,  55,  21,  46, 127,   7,  35,  16, 652,   0],
       [ 33,   8,   2,   1, 402,  10,   0, 316, 156,  81]], dtype=int64)}, 19.78294900000037)
[2024-08-13 12:30:55,230][flwr][INFO] - configure_evaluate: no clients selected, skipping evaluation
[2024-08-13 12:30:55,230][flwr][INFO] - 
[2024-08-13 12:30:55,230][flwr][INFO] - [ROUND 3]
[2024-08-13 12:30:55,231][flwr][INFO] - configure_fit: strategy sampled 10 clients (out of 10)
[2024-08-13 12:31:02,159][flwr][INFO] - aggregate_fit: received 10 results and 0 failures
[2024-08-13 12:31:04,377][flwr][INFO] - fit progress: (3, 1.0579837903502498, {'accuracy': 0.6761, 'precision': 0.7026163742330472, 'recall': 0.6761, 'f1': 0.6637418779804645, 'confusion_matrix': array([[864,  29,   2,   8,   0,  10,  50,   7,   1,   9],
       [  0, 909, 194,   4,   0,   4,   5,   1,   0,  18],
       [ 12,  26, 665, 194,   7,   4,  24,  39,  31,  30],
       [  2,  21,   8, 804,   8,  30,  13,  14,  20,  90],
       [ 12,   4,   6,   0, 381, 172,  17,  45,   3, 342],
       [ 21, 108,  18, 117,  11, 478,  49,  20,  19,  51],
       [ 14,  23,  29,   1,   3,   4, 817,  64,   0,   3],
       [ 15,  26,  37,   1,  13,   3,   1, 751,  68, 113],
       [ 13,  58,  18, 137,   9,  23,  27,   7, 205, 477],
       [ 31,   5,   2,   5,  24,  24,   1,  27,   3, 887]], dtype=int64)}, 28.930902500011143)
[2024-08-13 12:31:04,378][flwr][INFO] - configure_evaluate: no clients selected, skipping evaluation
[2024-08-13 12:31:04,378][flwr][INFO] - 
[2024-08-13 12:31:04,378][flwr][INFO] - [ROUND 4]
[2024-08-13 12:31:04,379][flwr][INFO] - configure_fit: strategy sampled 10 clients (out of 10)
[2024-08-13 12:31:11,223][flwr][INFO] - aggregate_fit: received 10 results and 0 failures
[2024-08-13 12:31:13,453][flwr][INFO] - fit progress: (4, 1.0699141402852437, {'accuracy': 0.6781, 'precision': 0.7418182950872189, 'recall': 0.6781, 'f1': 0.6552306146051671, 'confusion_matrix': array([[832,  66,   1,   3,   5,   4,  41,  15,  13,   0],
       [  0, 878, 213,   3,   3,   2,   4,   2,  30,   0],
       [ 10,  17, 759,  76,  40,   0,  21,  40,  69,   0],
       [  1,  27,  18, 651, 146,   7,  14,  17, 129,   0],
       [  8,   4,   2,   0, 851,   8,  18,  61,  29,   1],
       [ 20,  91,  19,  65,  81, 421,  61,  28, 106,   0],
       [ 10,  18,  31,   0,  23,   3, 784,  87,   2,   0],
       [ 15,  18,  33,   0,  29,   0,   0, 776, 157,   0],
       [ 11,  27,  21,  33,  86,  13,  20,   6, 757,   0],
       [ 51,   4,   2,   1, 464,  19,   1, 159, 236,  72]], dtype=int64)}, 38.006680200007395)
[2024-08-13 12:31:13,454][flwr][INFO] - configure_evaluate: no clients selected, skipping evaluation
[2024-08-13 12:31:13,454][flwr][INFO] - 
[2024-08-13 12:31:13,454][flwr][INFO] - [ROUND 5]
[2024-08-13 12:31:13,454][flwr][INFO] - configure_fit: strategy sampled 10 clients (out of 10)
[2024-08-13 12:31:20,374][flwr][INFO] - aggregate_fit: received 10 results and 0 failures
[2024-08-13 12:31:22,597][flwr][INFO] - fit progress: (5, 1.0293856431677988, {'accuracy': 0.6988, 'precision': 0.7253024548939032, 'recall': 0.6988, 'f1': 0.6848809153509126, 'confusion_matrix': array([[826,  76,   2,   5,   0,  12,  44,  10,   0,   5],
       [  0, 926, 173,   9,   1,   4,   7,   2,   0,  13],
       [ 13,  23, 694, 179,   8,   2,  23,  42,  23,  25],
       [  3,  18,   9, 821,   5,  32,  16,  17,  12,  77],
       [ 14,   5,   2,   0, 494, 149,  18,  56,   3, 241],
       [ 17,  81,  17,  98,  10, 532,  63,  26,   9,  39],
       [ 13,  18,  23,   0,   5,   4, 813,  81,   0,   1],
       [ 17,  26,  38,   4,  11,   3,   2, 824,  24,  79],
       [ 16,  56,  22, 148,   7,  36,  34,  11, 184, 460],
       [ 39,   5,   3,   5,  20,  24,   1,  37,   1, 874]], dtype=int64)}, 47.15068630001042)
[2024-08-13 12:31:22,598][flwr][INFO] - configure_evaluate: no clients selected, skipping evaluation
[2024-08-13 12:31:22,598][flwr][INFO] - 
[2024-08-13 12:31:22,598][flwr][INFO] - [ROUND 6]
[2024-08-13 12:31:22,599][flwr][INFO] - configure_fit: strategy sampled 10 clients (out of 10)
[2024-08-13 12:31:29,271][flwr][INFO] - aggregate_fit: received 10 results and 0 failures
[2024-08-13 12:31:31,470][flwr][INFO] - fit progress: (6, 1.0215840375182041, {'accuracy': 0.7268, 'precision': 0.7618267432803727, 'recall': 0.7268, 'f1': 0.724300375739421, 'confusion_matrix': array([[795, 105,   1,   2,   3,   8,  40,  11,  15,   0],
       [  0, 911, 175,   3,   2,   3,   6,   1,  34,   0],
       [  7,  19, 783,  65,  35,   1,  20,  32,  70,   0],
       [  2,  27,  14, 685,  98,  20,  16,  13, 132,   3],
       [ 12,   4,   2,   0, 851,  18,  17,  43,  31,   4],
       [ 19,  79,  13,  53,  41, 487,  65,  21, 113,   1],
       [ 13,  15,  28,   0,  21,   4, 792,  83,   2,   0],
       [ 18,  20,  34,   1,  31,   0,   1, 744, 178,   1],
       [ 10,  22,  19,  29,  56,  15,  23,   2, 797,   1],
       [ 76,   4,   3,   2, 222,  23,   1,  88, 167, 423]], dtype=int64)}, 56.024392500010435)
[2024-08-13 12:31:31,471][flwr][INFO] - configure_evaluate: no clients selected, skipping evaluation
[2024-08-13 12:31:31,471][flwr][INFO] - 
[2024-08-13 12:31:31,472][flwr][INFO] - [ROUND 7]
[2024-08-13 12:31:31,472][flwr][INFO] - configure_fit: strategy sampled 10 clients (out of 10)
[2024-08-13 12:31:38,174][flwr][INFO] - aggregate_fit: received 10 results and 0 failures
[2024-08-13 12:31:40,373][flwr][INFO] - fit progress: (7, 1.0122669102307376, {'accuracy': 0.7023, 'precision': 0.7435546045656333, 'recall': 0.7023, 'f1': 0.6849219824487831, 'confusion_matrix': array([[816,  92,   1,   4,   1,  12,  36,  13,   0,   5],
       [  0, 949, 148,  11,   1,   3,   7,   2,   0,  14],
       [  9,  22, 729, 151,  11,   3,  20,  41,  16,  30],
       [  3,  16,   8, 814,   7,  35,  14,  19,   2,  92],
       [ 10,   5,   2,   0, 542,  67,  17,  43,   0, 296],
       [ 18,  67,  14,  86,  10, 552,  59,  27,   4,  55],
       [ 13,  13,  27,   0,   6,   5, 802,  91,   0,   1],
       [ 19,  23,  35,   4,  11,   3,   1, 822,   7, 103],
       [ 16,  45,  24, 138,   8,  34,  30,  11,  99, 569],
       [ 36,   3,   3,   6,  18,  15,   1,  28,   1, 898]], dtype=int64)}, 64.92726470000343)
[2024-08-13 12:31:40,374][flwr][INFO] - configure_evaluate: no clients selected, skipping evaluation
[2024-08-13 12:31:40,374][flwr][INFO] - 
[2024-08-13 12:31:40,374][flwr][INFO] - [ROUND 8]
[2024-08-13 12:31:40,375][flwr][INFO] - configure_fit: strategy sampled 10 clients (out of 10)
[2024-08-13 12:31:47,111][flwr][INFO] - aggregate_fit: received 10 results and 0 failures
[2024-08-13 12:31:49,380][flwr][INFO] - fit progress: (8, 0.9956474598806119, {'accuracy': 0.7464, 'precision': 0.7725987045757603, 'recall': 0.7464, 'f1': 0.7436353067691556, 'confusion_matrix': array([[798, 108,   1,   2,   3,  10,  37,  12,   9,   0],
       [  0, 945, 141,   4,   2,   4,   6,   1,  32,   0],
       [  8,  20, 784,  66,  31,   1,  21,  31,  70,   0],
       [  2,  22,  10, 730,  68,  28,  18,  14, 115,   3],
       [ 13,   4,   2,   0, 859,  24,  18,  32,  25,   5],
       [ 18,  65,   7,  56,  28, 533,  65,  21,  98,   1],
       [ 12,  15,  22,   0,  19,   5, 808,  76,   1,   0],
       [ 22,  21,  32,   1,  33,   0,   2, 763, 153,   1],
       [ 14,  20,  20,  29,  47,  21,  25,   3, 795,   0],
       [ 91,   6,   3,   3, 200,  32,   1,  82, 142, 449]], dtype=int64)}, 73.93306850000226)
[2024-08-13 12:31:49,381][flwr][INFO] - configure_evaluate: no clients selected, skipping evaluation
[2024-08-13 12:31:49,381][flwr][INFO] - 
[2024-08-13 12:31:49,381][flwr][INFO] - [ROUND 9]
[2024-08-13 12:31:49,381][flwr][INFO] - configure_fit: strategy sampled 10 clients (out of 10)
[2024-08-13 12:31:56,036][flwr][INFO] - aggregate_fit: received 10 results and 0 failures
[2024-08-13 12:31:58,377][flwr][INFO] - fit progress: (9, 0.9737521049865933, {'accuracy': 0.7298, 'precision': 0.7610474839527457, 'recall': 0.7298, 'f1': 0.7193307858722102, 'confusion_matrix': array([[816,  89,   1,   5,   1,  12,  36,  15,   0,   5],
       [  0, 968, 129,  11,   1,   3,   8,   1,   1,  13],
       [  9,  21, 760, 118,  11,   2,  21,  41,  22,  27],
       [  3,  17,   8, 820,   8,  33,  17,  18,   8,  78],
       [  8,   5,   3,   0, 633,  47,  16,  37,   2, 231],
       [ 17,  64,  11,  84,  12, 560,  59,  28,   9,  48],
       [ 12,  14,  21,   0,   8,   5, 813,  84,   0,   1],
       [ 15,  24,  35,   4,  13,   2,   1, 830,  10,  94],
       [ 17,  40,  25, 112,  14,  37,  32,  11, 203, 483],
       [ 34,   6,   3,   6,  22,  13,   1,  28,   1, 895]], dtype=int64)}, 82.93099930000608)
[2024-08-13 12:31:58,378][flwr][INFO] - configure_evaluate: no clients selected, skipping evaluation
[2024-08-13 12:31:58,378][flwr][INFO] - 
[2024-08-13 12:31:58,378][flwr][INFO] - [ROUND 10]
[2024-08-13 12:31:58,379][flwr][INFO] - configure_fit: strategy sampled 10 clients (out of 10)
[2024-08-13 12:32:05,137][flwr][INFO] - aggregate_fit: received 10 results and 0 failures
[2024-08-13 12:32:07,329][flwr][INFO] - fit progress: (10, 0.9838932815289625, {'accuracy': 0.7509, 'precision': 0.7776447760575458, 'recall': 0.7509, 'f1': 0.7484473177621037, 'confusion_matrix': array([[792, 108,   1,   2,   2,  14,  35,  12,  14,   0],
       [  0, 957, 121,   9,   1,   4,   6,   1,  36,   0],
       [  8,  19, 775,  74,  31,   1,  20,  31,  73,   0],
       [  2,  19,  11, 737,  61,  32,  18,  14, 114,   2],
       [ 12,   4,   1,   0, 857,  29,  18,  29,  28,   4],
       [ 18,  59,   7,  45,  21, 556,  63,  21, 101,   1],
       [ 12,  15,  18,   0,  19,   5, 812,  76,   1,   0],
       [ 26,  20,  31,   2,  32,   1,   1, 745, 170,   0],
       [ 12,  13,  17,  23,  34,  22,  24,   1, 828,   0],
       [105,   6,   3,   3, 167,  42,   1,  71, 161, 450]], dtype=int64)}, 91.88268510000489)
[2024-08-13 12:32:07,330][flwr][INFO] - configure_evaluate: no clients selected, skipping evaluation
[2024-08-13 12:32:07,330][flwr][INFO] - 
[2024-08-13 12:32:07,330][flwr][INFO] - [SUMMARY]
[2024-08-13 12:32:07,330][flwr][INFO] - Run finished 10 round(s) in 91.88s
[2024-08-13 12:32:07,338][flwr][INFO] - 	History (loss, centralized):
[2024-08-13 12:32:07,339][flwr][INFO] - 		round 0: 2.3025850929940455
[2024-08-13 12:32:07,339][flwr][INFO] - 		round 1: 1.2963244482779104
[2024-08-13 12:32:07,339][flwr][INFO] - 		round 2: 1.0936677364641878
[2024-08-13 12:32:07,339][flwr][INFO] - 		round 3: 1.0579837903502498
[2024-08-13 12:32:07,339][flwr][INFO] - 		round 4: 1.0699141402852437
[2024-08-13 12:32:07,339][flwr][INFO] - 		round 5: 1.0293856431677988
[2024-08-13 12:32:07,339][flwr][INFO] - 		round 6: 1.0215840375182041
[2024-08-13 12:32:07,339][flwr][INFO] - 		round 7: 1.0122669102307376
[2024-08-13 12:32:07,339][flwr][INFO] - 		round 8: 0.9956474598806119
[2024-08-13 12:32:07,339][flwr][INFO] - 		round 9: 0.9737521049865933
[2024-08-13 12:32:07,339][flwr][INFO] - 		round 10: 0.9838932815289625
[2024-08-13 12:32:07,339][flwr][INFO] - 	History (metrics, centralized):
[2024-08-13 12:32:07,339][flwr][INFO] - 	{'accuracy': [(0, 0.098),
[2024-08-13 12:32:07,339][flwr][INFO] - 	              (1, 0.5361),
[2024-08-13 12:32:07,339][flwr][INFO] - 	              (2, 0.6562),
[2024-08-13 12:32:07,340][flwr][INFO] - 	              (3, 0.6761),
[2024-08-13 12:32:07,340][flwr][INFO] - 	              (4, 0.6781),
[2024-08-13 12:32:07,340][flwr][INFO] - 	              (5, 0.6988),
[2024-08-13 12:32:07,340][flwr][INFO] - 	              (6, 0.7268),
[2024-08-13 12:32:07,340][flwr][INFO] - 	              (7, 0.7023),
[2024-08-13 12:32:07,340][flwr][INFO] - 	              (8, 0.7464),
[2024-08-13 12:32:07,340][flwr][INFO] - 	              (9, 0.7298),
[2024-08-13 12:32:07,340][flwr][INFO] - 	              (10, 0.7509)],
[2024-08-13 12:32:07,340][flwr][INFO] - 	 'confusion_matrix': [(0,
[2024-08-13 12:32:07,340][flwr][INFO] - 	                       array([[ 980,    0,    0,    0,    0,    0,    0,    0,    0,    0],
[2024-08-13 12:32:07,340][flwr][INFO] - 	       [1135,    0,    0,    0,    0,    0,    0,    0,    0,    0],
[2024-08-13 12:32:07,340][flwr][INFO] - 	       [1032,    0,    0,    0,    0,    0,    0,    0,    0,    0],
[2024-08-13 12:32:07,340][flwr][INFO] - 	       [1010,    0,    0,    0,    0,    0,    0,    0,    0,    0],
[2024-08-13 12:32:07,340][flwr][INFO] - 	       [ 982,    0,    0,    0,    0,    0,    0,    0,    0,    0],
[2024-08-13 12:32:07,340][flwr][INFO] - 	       [ 892,    0,    0,    0,    0,    0,    0,    0,    0,    0],
[2024-08-13 12:32:07,340][flwr][INFO] - 	       [ 958,    0,    0,    0,    0,    0,    0,    0,    0,    0],
[2024-08-13 12:32:07,341][flwr][INFO] - 	       [1028,    0,    0,    0,    0,    0,    0,    0,    0,    0],
[2024-08-13 12:32:07,341][flwr][INFO] - 	       [ 974,    0,    0,    0,    0,    0,    0,    0,    0,    0],
[2024-08-13 12:32:07,341][flwr][INFO] - 	       [1009,    0,    0,    0,    0,    0,    0,    0,    0,    0]],
[2024-08-13 12:32:07,341][flwr][INFO] - 	      dtype=int64)),
[2024-08-13 12:32:07,341][flwr][INFO] - 	                      (1,
[2024-08-13 12:32:07,341][flwr][INFO] - 	                       array([[953,   0,   2,   6,   0,   0,   9,   1,   4,   5],
[2024-08-13 12:32:07,341][flwr][INFO] - 	       [  0, 556, 514,   7,   0,   0,   3,   0,   6,  49],
[2024-08-13 12:32:07,341][flwr][INFO] - 	       [ 76,   1, 412, 412,   1,   0,  18,  17,  42,  53],
[2024-08-13 12:32:07,341][flwr][INFO] - 	       [ 19,   1,   8, 856,   4,   0,   4,   8,  24,  86],
[2024-08-13 12:32:07,341][flwr][INFO] - 	       [ 70,   2,   5,   1, 160,   0,  11,  26,   7, 700],
[2024-08-13 12:32:07,341][flwr][INFO] - 	       [227,  57,  38, 234,   7,   2,  24,  16, 100, 187],
[2024-08-13 12:32:07,341][flwr][INFO] - 	       [114,   5,  45,   7,   2,   0, 733,  42,   1,   9],
[2024-08-13 12:32:07,341][flwr][INFO] - 	       [ 56,   5,  38,   4,   2,   0,   0, 501, 273, 149],
[2024-08-13 12:32:07,341][flwr][INFO] - 	       [ 47,   3,  26, 205,   3,   0,   6,   3, 300, 381],
[2024-08-13 12:32:07,341][flwr][INFO] - 	       [ 73,   2,   2,   9,  10,   0,   0,   8,  17, 888]], dtype=int64)),
[2024-08-13 12:32:07,341][flwr][INFO] - 	                      (2,
[2024-08-13 12:32:07,341][flwr][INFO] - 	                       array([[864,  19,   2,   3,   5,   3,  58,  16,  10,   0],
[2024-08-13 12:32:07,342][flwr][INFO] - 	       [  0, 874, 234,   3,   3,   2,   5,   2,  12,   0],
[2024-08-13 12:32:07,342][flwr][INFO] - 	       [ 17,  21, 731,  99,  32,   0,  25,  62,  45,   0],
[2024-08-13 12:32:07,342][flwr][INFO] - 	       [  3,  38,  20, 658, 156,   1,  17,  21,  96,   0],
[2024-08-13 12:32:07,342][flwr][INFO] - 	       [ 10,   4,   5,   0, 770,  23,  20, 124,  25,   1],
[2024-08-13 12:32:07,342][flwr][INFO] - 	       [ 33, 126,  23,  83, 118, 300,  84,  36,  89,   0],
[2024-08-13 12:32:07,342][flwr][INFO] - 	       [ 16,  21,  29,   0,  10,   2, 797,  81,   2,   0],
[2024-08-13 12:32:07,342][flwr][INFO] - 	       [ 10,  21,  38,   0,  23,   0,   1, 835, 100,   0],
[2024-08-13 12:32:07,342][flwr][INFO] - 	       [ 15,  55,  21,  46, 127,   7,  35,  16, 652,   0],
[2024-08-13 12:32:07,342][flwr][INFO] - 	       [ 33,   8,   2,   1, 402,  10,   0, 316, 156,  81]], dtype=int64)),
[2024-08-13 12:32:07,342][flwr][INFO] - 	                      (3,
[2024-08-13 12:32:07,342][flwr][INFO] - 	                       array([[864,  29,   2,   8,   0,  10,  50,   7,   1,   9],
[2024-08-13 12:32:07,342][flwr][INFO] - 	       [  0, 909, 194,   4,   0,   4,   5,   1,   0,  18],
[2024-08-13 12:32:07,342][flwr][INFO] - 	       [ 12,  26, 665, 194,   7,   4,  24,  39,  31,  30],
[2024-08-13 12:32:07,342][flwr][INFO] - 	       [  2,  21,   8, 804,   8,  30,  13,  14,  20,  90],
[2024-08-13 12:32:07,342][flwr][INFO] - 	       [ 12,   4,   6,   0, 381, 172,  17,  45,   3, 342],
[2024-08-13 12:32:07,342][flwr][INFO] - 	       [ 21, 108,  18, 117,  11, 478,  49,  20,  19,  51],
[2024-08-13 12:32:07,342][flwr][INFO] - 	       [ 14,  23,  29,   1,   3,   4, 817,  64,   0,   3],
[2024-08-13 12:32:07,343][flwr][INFO] - 	       [ 15,  26,  37,   1,  13,   3,   1, 751,  68, 113],
[2024-08-13 12:32:07,343][flwr][INFO] - 	       [ 13,  58,  18, 137,   9,  23,  27,   7, 205, 477],
[2024-08-13 12:32:07,343][flwr][INFO] - 	       [ 31,   5,   2,   5,  24,  24,   1,  27,   3, 887]], dtype=int64)),
[2024-08-13 12:32:07,343][flwr][INFO] - 	                      (4,
[2024-08-13 12:32:07,343][flwr][INFO] - 	                       array([[832,  66,   1,   3,   5,   4,  41,  15,  13,   0],
[2024-08-13 12:32:07,343][flwr][INFO] - 	       [  0, 878, 213,   3,   3,   2,   4,   2,  30,   0],
[2024-08-13 12:32:07,343][flwr][INFO] - 	       [ 10,  17, 759,  76,  40,   0,  21,  40,  69,   0],
[2024-08-13 12:32:07,343][flwr][INFO] - 	       [  1,  27,  18, 651, 146,   7,  14,  17, 129,   0],
[2024-08-13 12:32:07,343][flwr][INFO] - 	       [  8,   4,   2,   0, 851,   8,  18,  61,  29,   1],
[2024-08-13 12:32:07,343][flwr][INFO] - 	       [ 20,  91,  19,  65,  81, 421,  61,  28, 106,   0],
[2024-08-13 12:32:07,343][flwr][INFO] - 	       [ 10,  18,  31,   0,  23,   3, 784,  87,   2,   0],
[2024-08-13 12:32:07,343][flwr][INFO] - 	       [ 15,  18,  33,   0,  29,   0,   0, 776, 157,   0],
[2024-08-13 12:32:07,343][flwr][INFO] - 	       [ 11,  27,  21,  33,  86,  13,  20,   6, 757,   0],
[2024-08-13 12:32:07,343][flwr][INFO] - 	       [ 51,   4,   2,   1, 464,  19,   1, 159, 236,  72]], dtype=int64)),
[2024-08-13 12:32:07,343][flwr][INFO] - 	                      (5,
[2024-08-13 12:32:07,343][flwr][INFO] - 	                       array([[826,  76,   2,   5,   0,  12,  44,  10,   0,   5],
[2024-08-13 12:32:07,344][flwr][INFO] - 	       [  0, 926, 173,   9,   1,   4,   7,   2,   0,  13],
[2024-08-13 12:32:07,344][flwr][INFO] - 	       [ 13,  23, 694, 179,   8,   2,  23,  42,  23,  25],
[2024-08-13 12:32:07,344][flwr][INFO] - 	       [  3,  18,   9, 821,   5,  32,  16,  17,  12,  77],
[2024-08-13 12:32:07,344][flwr][INFO] - 	       [ 14,   5,   2,   0, 494, 149,  18,  56,   3, 241],
[2024-08-13 12:32:07,344][flwr][INFO] - 	       [ 17,  81,  17,  98,  10, 532,  63,  26,   9,  39],
[2024-08-13 12:32:07,344][flwr][INFO] - 	       [ 13,  18,  23,   0,   5,   4, 813,  81,   0,   1],
[2024-08-13 12:32:07,344][flwr][INFO] - 	       [ 17,  26,  38,   4,  11,   3,   2, 824,  24,  79],
[2024-08-13 12:32:07,344][flwr][INFO] - 	       [ 16,  56,  22, 148,   7,  36,  34,  11, 184, 460],
[2024-08-13 12:32:07,344][flwr][INFO] - 	       [ 39,   5,   3,   5,  20,  24,   1,  37,   1, 874]], dtype=int64)),
[2024-08-13 12:32:07,344][flwr][INFO] - 	                      (6,
[2024-08-13 12:32:07,344][flwr][INFO] - 	                       array([[795, 105,   1,   2,   3,   8,  40,  11,  15,   0],
[2024-08-13 12:32:07,344][flwr][INFO] - 	       [  0, 911, 175,   3,   2,   3,   6,   1,  34,   0],
[2024-08-13 12:32:07,344][flwr][INFO] - 	       [  7,  19, 783,  65,  35,   1,  20,  32,  70,   0],
[2024-08-13 12:32:07,344][flwr][INFO] - 	       [  2,  27,  14, 685,  98,  20,  16,  13, 132,   3],
[2024-08-13 12:32:07,344][flwr][INFO] - 	       [ 12,   4,   2,   0, 851,  18,  17,  43,  31,   4],
[2024-08-13 12:32:07,344][flwr][INFO] - 	       [ 19,  79,  13,  53,  41, 487,  65,  21, 113,   1],
[2024-08-13 12:32:07,344][flwr][INFO] - 	       [ 13,  15,  28,   0,  21,   4, 792,  83,   2,   0],
[2024-08-13 12:32:07,345][flwr][INFO] - 	       [ 18,  20,  34,   1,  31,   0,   1, 744, 178,   1],
[2024-08-13 12:32:07,345][flwr][INFO] - 	       [ 10,  22,  19,  29,  56,  15,  23,   2, 797,   1],
[2024-08-13 12:32:07,345][flwr][INFO] - 	       [ 76,   4,   3,   2, 222,  23,   1,  88, 167, 423]], dtype=int64)),
[2024-08-13 12:32:07,345][flwr][INFO] - 	                      (7,
[2024-08-13 12:32:07,345][flwr][INFO] - 	                       array([[816,  92,   1,   4,   1,  12,  36,  13,   0,   5],
[2024-08-13 12:32:07,345][flwr][INFO] - 	       [  0, 949, 148,  11,   1,   3,   7,   2,   0,  14],
[2024-08-13 12:32:07,345][flwr][INFO] - 	       [  9,  22, 729, 151,  11,   3,  20,  41,  16,  30],
[2024-08-13 12:32:07,345][flwr][INFO] - 	       [  3,  16,   8, 814,   7,  35,  14,  19,   2,  92],
[2024-08-13 12:32:07,345][flwr][INFO] - 	       [ 10,   5,   2,   0, 542,  67,  17,  43,   0, 296],
[2024-08-13 12:32:07,345][flwr][INFO] - 	       [ 18,  67,  14,  86,  10, 552,  59,  27,   4,  55],
[2024-08-13 12:32:07,345][flwr][INFO] - 	       [ 13,  13,  27,   0,   6,   5, 802,  91,   0,   1],
[2024-08-13 12:32:07,345][flwr][INFO] - 	       [ 19,  23,  35,   4,  11,   3,   1, 822,   7, 103],
[2024-08-13 12:32:07,345][flwr][INFO] - 	       [ 16,  45,  24, 138,   8,  34,  30,  11,  99, 569],
[2024-08-13 12:32:07,345][flwr][INFO] - 	       [ 36,   3,   3,   6,  18,  15,   1,  28,   1, 898]], dtype=int64)),
[2024-08-13 12:32:07,345][flwr][INFO] - 	                      (8,
[2024-08-13 12:32:07,345][flwr][INFO] - 	                       array([[798, 108,   1,   2,   3,  10,  37,  12,   9,   0],
[2024-08-13 12:32:07,345][flwr][INFO] - 	       [  0, 945, 141,   4,   2,   4,   6,   1,  32,   0],
[2024-08-13 12:32:07,346][flwr][INFO] - 	       [  8,  20, 784,  66,  31,   1,  21,  31,  70,   0],
[2024-08-13 12:32:07,346][flwr][INFO] - 	       [  2,  22,  10, 730,  68,  28,  18,  14, 115,   3],
[2024-08-13 12:32:07,346][flwr][INFO] - 	       [ 13,   4,   2,   0, 859,  24,  18,  32,  25,   5],
[2024-08-13 12:32:07,346][flwr][INFO] - 	       [ 18,  65,   7,  56,  28, 533,  65,  21,  98,   1],
[2024-08-13 12:32:07,346][flwr][INFO] - 	       [ 12,  15,  22,   0,  19,   5, 808,  76,   1,   0],
[2024-08-13 12:32:07,346][flwr][INFO] - 	       [ 22,  21,  32,   1,  33,   0,   2, 763, 153,   1],
[2024-08-13 12:32:07,346][flwr][INFO] - 	       [ 14,  20,  20,  29,  47,  21,  25,   3, 795,   0],
[2024-08-13 12:32:07,346][flwr][INFO] - 	       [ 91,   6,   3,   3, 200,  32,   1,  82, 142, 449]], dtype=int64)),
[2024-08-13 12:32:07,346][flwr][INFO] - 	                      (9,
[2024-08-13 12:32:07,346][flwr][INFO] - 	                       array([[816,  89,   1,   5,   1,  12,  36,  15,   0,   5],
[2024-08-13 12:32:07,346][flwr][INFO] - 	       [  0, 968, 129,  11,   1,   3,   8,   1,   1,  13],
[2024-08-13 12:32:07,346][flwr][INFO] - 	       [  9,  21, 760, 118,  11,   2,  21,  41,  22,  27],
[2024-08-13 12:32:07,346][flwr][INFO] - 	       [  3,  17,   8, 820,   8,  33,  17,  18,   8,  78],
[2024-08-13 12:32:07,346][flwr][INFO] - 	       [  8,   5,   3,   0, 633,  47,  16,  37,   2, 231],
[2024-08-13 12:32:07,346][flwr][INFO] - 	       [ 17,  64,  11,  84,  12, 560,  59,  28,   9,  48],
[2024-08-13 12:32:07,346][flwr][INFO] - 	       [ 12,  14,  21,   0,   8,   5, 813,  84,   0,   1],
[2024-08-13 12:32:07,346][flwr][INFO] - 	       [ 15,  24,  35,   4,  13,   2,   1, 830,  10,  94],
[2024-08-13 12:32:07,347][flwr][INFO] - 	       [ 17,  40,  25, 112,  14,  37,  32,  11, 203, 483],
[2024-08-13 12:32:07,347][flwr][INFO] - 	       [ 34,   6,   3,   6,  22,  13,   1,  28,   1, 895]], dtype=int64)),
[2024-08-13 12:32:07,347][flwr][INFO] - 	                      (10,
[2024-08-13 12:32:07,347][flwr][INFO] - 	                       array([[792, 108,   1,   2,   2,  14,  35,  12,  14,   0],
[2024-08-13 12:32:07,347][flwr][INFO] - 	       [  0, 957, 121,   9,   1,   4,   6,   1,  36,   0],
[2024-08-13 12:32:07,347][flwr][INFO] - 	       [  8,  19, 775,  74,  31,   1,  20,  31,  73,   0],
[2024-08-13 12:32:07,347][flwr][INFO] - 	       [  2,  19,  11, 737,  61,  32,  18,  14, 114,   2],
[2024-08-13 12:32:07,347][flwr][INFO] - 	       [ 12,   4,   1,   0, 857,  29,  18,  29,  28,   4],
[2024-08-13 12:32:07,347][flwr][INFO] - 	       [ 18,  59,   7,  45,  21, 556,  63,  21, 101,   1],
[2024-08-13 12:32:07,347][flwr][INFO] - 	       [ 12,  15,  18,   0,  19,   5, 812,  76,   1,   0],
[2024-08-13 12:32:07,347][flwr][INFO] - 	       [ 26,  20,  31,   2,  32,   1,   1, 745, 170,   0],
[2024-08-13 12:32:07,347][flwr][INFO] - 	       [ 12,  13,  17,  23,  34,  22,  24,   1, 828,   0],
[2024-08-13 12:32:07,347][flwr][INFO] - 	       [105,   6,   3,   3, 167,  42,   1,  71, 161, 450]], dtype=int64))],
[2024-08-13 12:32:07,347][flwr][INFO] - 	 'f1': [(0, 0.017493624772313296),
[2024-08-13 12:32:07,347][flwr][INFO] - 	        (1, 0.49937175736452993),
[2024-08-13 12:32:07,347][flwr][INFO] - 	        (2, 0.6298588529922846),
[2024-08-13 12:32:07,347][flwr][INFO] - 	        (3, 0.6637418779804645),
[2024-08-13 12:32:07,348][flwr][INFO] - 	        (4, 0.6552306146051671),
[2024-08-13 12:32:07,348][flwr][INFO] - 	        (5, 0.6848809153509126),
[2024-08-13 12:32:07,348][flwr][INFO] - 	        (6, 0.724300375739421),
[2024-08-13 12:32:07,348][flwr][INFO] - 	        (7, 0.6849219824487831),
[2024-08-13 12:32:07,348][flwr][INFO] - 	        (8, 0.7436353067691556),
[2024-08-13 12:32:07,348][flwr][INFO] - 	        (9, 0.7193307858722102),
[2024-08-13 12:32:07,348][flwr][INFO] - 	        (10, 0.7484473177621037)],
[2024-08-13 12:32:07,348][flwr][INFO] - 	 'precision': [(0, 0.009604000000000001),
[2024-08-13 12:32:07,348][flwr][INFO] - 	               (1, 0.661172926294083),
[2024-08-13 12:32:07,348][flwr][INFO] - 	               (2, 0.7170138477103573),
[2024-08-13 12:32:07,348][flwr][INFO] - 	               (3, 0.7026163742330472),
[2024-08-13 12:32:07,348][flwr][INFO] - 	               (4, 0.7418182950872189),
[2024-08-13 12:32:07,348][flwr][INFO] - 	               (5, 0.7253024548939032),
[2024-08-13 12:32:07,348][flwr][INFO] - 	               (6, 0.7618267432803727),
[2024-08-13 12:32:07,348][flwr][INFO] - 	               (7, 0.7435546045656333),
[2024-08-13 12:32:07,348][flwr][INFO] - 	               (8, 0.7725987045757603),
[2024-08-13 12:32:07,348][flwr][INFO] - 	               (9, 0.7610474839527457),
[2024-08-13 12:32:07,349][flwr][INFO] - 	               (10, 0.7776447760575458)],
[2024-08-13 12:32:07,349][flwr][INFO] - 	 'recall': [(0, 0.098),
[2024-08-13 12:32:07,349][flwr][INFO] - 	            (1, 0.5361),
[2024-08-13 12:32:07,349][flwr][INFO] - 	            (2, 0.6562),
[2024-08-13 12:32:07,349][flwr][INFO] - 	            (3, 0.6761),
[2024-08-13 12:32:07,349][flwr][INFO] - 	            (4, 0.6781),
[2024-08-13 12:32:07,349][flwr][INFO] - 	            (5, 0.6988),
[2024-08-13 12:32:07,349][flwr][INFO] - 	            (6, 0.7268),
[2024-08-13 12:32:07,349][flwr][INFO] - 	            (7, 0.7023),
[2024-08-13 12:32:07,349][flwr][INFO] - 	            (8, 0.7464),
[2024-08-13 12:32:07,349][flwr][INFO] - 	            (9, 0.7298),
[2024-08-13 12:32:07,349][flwr][INFO] - 	            (10, 0.7509)]}
[2024-08-13 12:32:07,349][flwr][INFO] - 
