[2024-08-13 11:26:46,616][flwr][INFO] - Starting Flower simulation, config: num_rounds=10, no round_timeout
[2024-08-13 11:26:51,293][flwr][INFO] - Flower VCE: Ray initialized with resources: {'GPU': 1.0, 'accelerator_type:G': 1.0, 'memory': 4963759719.0, 'object_store_memory': 2481879859.0, 'node:127.0.0.1': 1.0, 'node:__internal_head__': 1.0, 'CPU': 16.0}
[2024-08-13 11:26:51,293][flwr][INFO] - Optimize your simulation with Flower VCE: https://flower.ai/docs/framework/how-to-run-simulations.html
[2024-08-13 11:26:51,293][flwr][INFO] - Flower VCE: Resources for each Virtual Client: {'num_cpus': 2, 'num_gpus': 0.5}
[2024-08-13 11:26:51,306][flwr][INFO] - Flower VCE: Creating VirtualClientEngineActorPool with 2 actors
[2024-08-13 11:26:51,306][flwr][INFO] - [INIT]
[2024-08-13 11:26:51,306][flwr][INFO] - Requesting initial parameters from one random client
[2024-08-13 11:26:59,396][flwr][INFO] - Received initial parameters from one random client
[2024-08-13 11:26:59,396][flwr][INFO] - Evaluating initial global parameters
[2024-08-13 11:27:01,653][flwr][INFO] - initial parameters (loss, other metrics): 2.3025850929940455, {'accuracy': 0.098, 'precision': 0.009604000000000001, 'recall': 0.098, 'f1': 0.017493624772313296, 'confusion_matrix': array([[ 980,    0,    0,    0,    0,    0,    0,    0,    0,    0],
       [1135,    0,    0,    0,    0,    0,    0,    0,    0,    0],
       [1032,    0,    0,    0,    0,    0,    0,    0,    0,    0],
       [1010,    0,    0,    0,    0,    0,    0,    0,    0,    0],
       [ 982,    0,    0,    0,    0,    0,    0,    0,    0,    0],
       [ 892,    0,    0,    0,    0,    0,    0,    0,    0,    0],
       [ 958,    0,    0,    0,    0,    0,    0,    0,    0,    0],
       [1028,    0,    0,    0,    0,    0,    0,    0,    0,    0],
       [ 974,    0,    0,    0,    0,    0,    0,    0,    0,    0],
       [1009,    0,    0,    0,    0,    0,    0,    0,    0,    0]],
      dtype=int64)}
[2024-08-13 11:27:01,654][flwr][INFO] - 
[2024-08-13 11:27:01,654][flwr][INFO] - [ROUND 1]
[2024-08-13 11:27:01,654][flwr][INFO] - configure_fit: strategy sampled 10 clients (out of 10)
[2024-08-13 11:27:10,318][flwr][INFO] - aggregate_fit: received 10 results and 0 failures
[2024-08-13 11:27:10,321][flwr][WARNING] - No fit_metrics_aggregation_fn provided
[2024-08-13 11:27:12,440][flwr][INFO] - fit progress: (1, 0.8881183310200684, {'accuracy': 0.7278, 'precision': 0.7896202966492943, 'recall': 0.7278, 'f1': 0.6955078591165942, 'confusion_matrix': array([[ 956,    0,    1,    5,    0,    0,    6,    1,   11,    0],
       [   0, 1071,    3,    8,    0,    0,    4,    1,   48,    0],
       [  86,   40,  687,   73,    6,    0,   30,   15,   87,    8],
       [  31,   15,   13,  848,    0,    0,    9,   11,   74,    9],
       [  32,   13,    1,    2,  482,    0,   44,    3,   77,  328],
       [ 226,   65,    0,  248,    4,    3,   32,   21,  246,   47],
       [  95,   17,   11,    2,    3,    0,  810,    1,   19,    0],
       [  32,   46,   10,    2,    2,    0,    2,  821,   68,   45],
       [  44,   14,    3,   96,    1,    0,   13,    8,  781,   14],
       [  51,   18,    4,   12,   11,    0,    3,   30,   61,  819]],
      dtype=int64)}, 10.786130500011495)
[2024-08-13 11:27:12,440][flwr][INFO] - configure_evaluate: no clients selected, skipping evaluation
[2024-08-13 11:27:12,441][flwr][INFO] - 
[2024-08-13 11:27:12,441][flwr][INFO] - [ROUND 2]
[2024-08-13 11:27:12,441][flwr][INFO] - configure_fit: strategy sampled 10 clients (out of 10)
[2024-08-13 11:27:19,285][flwr][INFO] - aggregate_fit: received 10 results and 0 failures
[2024-08-13 11:27:21,411][flwr][INFO] - fit progress: (2, 0.7026992076464538, {'accuracy': 0.8137, 'precision': 0.8242723672516551, 'recall': 0.8137, 'f1': 0.806672329963998, 'confusion_matrix': array([[ 930,    0,    8,    5,    0,    1,   26,    1,    9,    0],
       [   0, 1082,   36,    6,    0,    0,    5,    1,    5,    0],
       [  30,   25,  845,   36,   23,    0,   25,   19,   27,    2],
       [   9,   13,   30,  882,    0,    3,   10,   18,   27,   18],
       [   7,   13,    7,    0,  847,    0,   32,    2,    6,   68],
       [  59,   64,   19,  215,   29,  376,   43,   31,   23,   33],
       [  39,   19,   24,    1,   11,   10,  853,    1,    0,    0],
       [  10,   45,   39,    0,   16,    0,    3,  878,    7,   30],
       [  25,   37,   30,  123,   12,    5,   21,   16,  665,   40],
       [  31,   19,    8,   14,   91,    1,    2,   54,   10,  779]],
      dtype=int64)}, 19.757900500000687)
[2024-08-13 11:27:21,412][flwr][INFO] - configure_evaluate: no clients selected, skipping evaluation
[2024-08-13 11:27:21,412][flwr][INFO] - 
[2024-08-13 11:27:21,412][flwr][INFO] - [ROUND 3]
[2024-08-13 11:27:21,412][flwr][INFO] - configure_fit: strategy sampled 10 clients (out of 10)
[2024-08-13 11:27:28,064][flwr][INFO] - aggregate_fit: received 10 results and 0 failures
[2024-08-13 11:27:30,206][flwr][INFO] - fit progress: (3, 0.6626333039307265, {'accuracy': 0.8454, 'precision': 0.8459936305240677, 'recall': 0.8454, 'f1': 0.8446455498747845, 'confusion_matrix': array([[ 907,    0,    4,    1,    0,   30,   25,    1,   12,    0],
       [   0, 1073,   23,    2,    1,    8,    5,    0,   23,    0],
       [  23,   24,  822,   29,   25,    0,   26,   23,   56,    4],
       [   6,   13,   23,  799,    1,   58,    8,   17,   72,   13],
       [   6,    8,    2,    0,  837,    2,   26,    2,   17,   82],
       [  27,   51,    5,   61,   20,  641,   27,   15,   26,   19],
       [  25,   15,   17,    0,   13,   23,  861,    1,    3,    0],
       [   7,   40,   29,    0,   16,    0,    2,  872,   23,   39],
       [  12,   14,   14,   35,    9,   28,   17,   10,  808,   27],
       [  20,   14,    5,    5,   59,   14,    2,   32,   24,  834]],
      dtype=int64)}, 28.552676900013466)
[2024-08-13 11:27:30,207][flwr][INFO] - configure_evaluate: no clients selected, skipping evaluation
[2024-08-13 11:27:30,207][flwr][INFO] - 
[2024-08-13 11:27:30,207][flwr][INFO] - [ROUND 4]
[2024-08-13 11:27:30,207][flwr][INFO] - configure_fit: strategy sampled 10 clients (out of 10)
[2024-08-13 11:27:36,631][flwr][INFO] - aggregate_fit: received 10 results and 0 failures
[2024-08-13 11:27:38,763][flwr][INFO] - fit progress: (4, 0.6502663828684258, {'accuracy': 0.8313, 'precision': 0.8452082752595071, 'recall': 0.8313, 'f1': 0.8277688853238729, 'confusion_matrix': array([[ 924,    0,    5,   16,    2,    8,   23,    1,    1,    0],
       [   0, 1077,   29,   19,    1,    1,    5,    1,    2,    0],
       [  16,   15,  834,   70,   22,    0,   23,   26,   22,    4],
       [   4,    4,   12,  926,    2,   11,    8,   17,    7,   19],
       [   3,    9,    4,    0,  900,    0,   17,    1,    2,   46],
       [  16,   49,   10,  203,   36,  495,   31,   21,    8,   23],
       [  18,   11,   20,    4,   19,   18,  867,    1,    0,    0],
       [   3,   33,   35,    5,   17,    0,    2,  900,    1,   32],
       [  12,   32,   23,  209,   22,   18,   20,   16,  569,   53],
       [  20,   12,    7,   15,   77,    6,    2,   47,    2,  821]],
      dtype=int64)}, 37.10997170000337)
[2024-08-13 11:27:38,764][flwr][INFO] - configure_evaluate: no clients selected, skipping evaluation
[2024-08-13 11:27:38,764][flwr][INFO] - 
[2024-08-13 11:27:38,764][flwr][INFO] - [ROUND 5]
[2024-08-13 11:27:38,765][flwr][INFO] - configure_fit: strategy sampled 10 clients (out of 10)
[2024-08-13 11:27:45,342][flwr][INFO] - aggregate_fit: received 10 results and 0 failures
[2024-08-13 11:27:47,475][flwr][INFO] - fit progress: (5, 0.6154145479916888, {'accuracy': 0.8631, 'precision': 0.8644488413097197, 'recall': 0.8631, 'f1': 0.8626763724536186, 'confusion_matrix': array([[ 925,    0,    3,    1,    0,   14,   21,    1,   15,    0],
       [   0, 1078,   18,    3,    1,    4,    5,    1,   25,    0],
       [  15,   19,  841,   22,   22,    1,   23,   27,   56,    6],
       [   5,    9,   24,  807,    1,   54,    8,   17,   68,   17],
       [   4,    7,    4,    0,  853,    2,   22,    1,   17,   72],
       [  18,   40,    6,   40,   24,  677,   26,   13,   33,   15],
       [  18,   12,   18,    1,   13,   20,  871,    1,    4,    0],
       [   4,   34,   28,    0,   15,    0,    1,  886,   22,   38],
       [   7,   15,   11,   22,    9,   27,   17,   11,  836,   19],
       [  16,   10,    5,    5,   45,   11,    2,   33,   25,  857]],
      dtype=int64)}, 45.82122130000789)
[2024-08-13 11:27:47,475][flwr][INFO] - configure_evaluate: no clients selected, skipping evaluation
[2024-08-13 11:27:47,476][flwr][INFO] - 
[2024-08-13 11:27:47,476][flwr][INFO] - [ROUND 6]
[2024-08-13 11:27:47,476][flwr][INFO] - configure_fit: strategy sampled 10 clients (out of 10)
[2024-08-13 11:27:54,227][flwr][INFO] - aggregate_fit: received 10 results and 0 failures
[2024-08-13 11:27:56,381][flwr][INFO] - fit progress: (6, 0.6158464938615437, {'accuracy': 0.8495, 'precision': 0.8575622368211352, 'recall': 0.8495, 'f1': 0.8469330738507881, 'confusion_matrix': array([[ 935,    0,    1,   11,    2,   12,   17,    1,    1,    0],
       [   0, 1086,   21,   15,    1,    1,    5,    1,    5,    0],
       [  16,   16,  835,   62,   23,    0,   23,   29,   22,    6],
       [   4,    4,   10,  919,    1,   23,    8,   17,    5,   19],
       [   1,    8,    3,    0,  899,    1,   17,    1,    2,   50],
       [  14,   39,    6,  135,   29,  606,   27,   13,    5,   18],
       [  16,    9,   19,    3,   16,   19,  875,    1,    0,    0],
       [   3,   32,   32,    5,   17,    0,    1,  898,    1,   39],
       [  13,   34,   21,  170,   21,   39,   23,   14,  583,   56],
       [  19,   10,    5,   15,   60,    8,    1,   31,    1,  859]],
      dtype=int64)}, 54.72853640001267)
[2024-08-13 11:27:56,382][flwr][INFO] - configure_evaluate: no clients selected, skipping evaluation
[2024-08-13 11:27:56,382][flwr][INFO] - 
[2024-08-13 11:27:56,382][flwr][INFO] - [ROUND 7]
[2024-08-13 11:27:56,383][flwr][INFO] - configure_fit: strategy sampled 10 clients (out of 10)
[2024-08-13 11:28:03,208][flwr][INFO] - aggregate_fit: received 10 results and 0 failures
[2024-08-13 11:28:05,349][flwr][INFO] - fit progress: (7, 0.5884226292950631, {'accuracy': 0.8719, 'precision': 0.8719919137939635, 'recall': 0.8719, 'f1': 0.8711012621430259, 'confusion_matrix': array([[ 940,    0,    1,    1,    1,   12,   17,    1,    7,    0],
       [   0, 1083,   17,    3,    1,    2,    5,    1,   23,    0],
       [  14,   16,  845,   27,   21,    0,   24,   29,   50,    6],
       [   5,    7,   18,  850,    1,   37,    9,   17,   48,   18],
       [   3,    6,    3,    0,  883,    2,   18,    2,   13,   52],
       [  15,   36,    5,   60,   25,  664,   28,   14,   31,   14],
       [  15,   10,   19,    1,   15,   20,  875,    1,    2,    0],
       [   3,   31,   32,    0,   16,    0,    1,  894,   15,   36],
       [   8,   15,   12,   29,   10,   24,   16,   11,  829,   20],
       [  18,    9,    5,    6,   52,   10,    1,   33,   19,  856]],
      dtype=int64)}, 63.6959504000115)
[2024-08-13 11:28:05,350][flwr][INFO] - configure_evaluate: no clients selected, skipping evaluation
[2024-08-13 11:28:05,350][flwr][INFO] - 
[2024-08-13 11:28:05,350][flwr][INFO] - [ROUND 8]
[2024-08-13 11:28:05,351][flwr][INFO] - configure_fit: strategy sampled 10 clients (out of 10)
[2024-08-13 11:28:12,394][flwr][INFO] - aggregate_fit: received 10 results and 0 failures
[2024-08-13 11:28:14,543][flwr][INFO] - fit progress: (8, 0.5761121217607978, {'accuracy': 0.8544, 'precision': 0.8621215475635879, 'recall': 0.8544, 'f1': 0.8522147077012229, 'confusion_matrix': array([[ 939,    0,    3,   10,    1,   11,   14,    1,    1,    0],
       [   0, 1094,   15,   13,    1,    1,    5,    1,    5,    0],
       [  13,   15,  845,   57,   19,    0,   23,   29,   21,   10],
       [   4,    3,   10,  910,    1,   27,    8,   16,    5,   26],
       [   1,    8,    4,    1,  855,    1,   19,    1,    2,   90],
       [  11,   36,    2,  113,   23,  638,   28,   13,    6,   22],
       [  13,    9,   17,    2,   15,   20,  881,    1,    0,    0],
       [   2,   31,   31,    6,   15,    0,    1,  898,    0,   44],
       [  15,   38,   20,  150,   16,   39,   20,   14,  588,   74],
       [  18,    9,    5,   16,   32,    8,    1,   24,    0,  896]],
      dtype=int64)}, 72.88983270000608)
[2024-08-13 11:28:14,544][flwr][INFO] - configure_evaluate: no clients selected, skipping evaluation
[2024-08-13 11:28:14,544][flwr][INFO] - 
[2024-08-13 11:28:14,544][flwr][INFO] - [ROUND 9]
[2024-08-13 11:28:14,544][flwr][INFO] - configure_fit: strategy sampled 10 clients (out of 10)
[2024-08-13 11:28:21,292][flwr][INFO] - aggregate_fit: received 10 results and 0 failures
[2024-08-13 11:28:23,619][flwr][INFO] - fit progress: (9, 0.5497810389915441, {'accuracy': 0.8793, 'precision': 0.8791161227103692, 'recall': 0.8793, 'f1': 0.8785030540845757, 'confusion_matrix': array([[ 943,    0,    3,    1,    1,    8,   16,    1,    7,    0],
       [   0, 1088,   12,    4,    1,    4,    5,    0,   21,    0],
       [  12,   17,  853,   27,   21,    0,   23,   30,   45,    4],
       [   5,    3,   16,  873,    1,   34,    8,   19,   35,   16],
       [   1,    5,    4,    0,  901,    2,   16,    1,    9,   43],
       [  13,   29,    3,   59,   23,  684,   26,   14,   30,   11],
       [  13,    6,   15,    2,   17,   20,  883,    1,    1,    0],
       [   3,   29,   32,    2,   19,    0,    0,  903,    9,   31],
       [  11,   16,   12,   33,   12,   25,   15,   12,  819,   19],
       [  19,    9,    5,    7,   57,   12,    1,   39,   14,  846]],
      dtype=int64)}, 81.96522270000423)
[2024-08-13 11:28:23,620][flwr][INFO] - configure_evaluate: no clients selected, skipping evaluation
[2024-08-13 11:28:23,620][flwr][INFO] - 
[2024-08-13 11:28:23,620][flwr][INFO] - [ROUND 10]
[2024-08-13 11:28:23,620][flwr][INFO] - configure_fit: strategy sampled 10 clients (out of 10)
[2024-08-13 11:28:30,099][flwr][INFO] - aggregate_fit: received 10 results and 0 failures
[2024-08-13 11:28:32,239][flwr][INFO] - fit progress: (10, 0.5319304445040626, {'accuracy': 0.866, 'precision': 0.8724202223658707, 'recall': 0.866, 'f1': 0.8657633012680576, 'confusion_matrix': array([[ 944,    0,    4,    1,    1,    7,   16,    1,    6,    0],
       [   0, 1092,   14,    6,    1,    2,    5,    0,   15,    0],
       [  13,   14,  868,   29,   10,    0,   25,   21,   35,   17],
       [   5,    4,   15,  887,    1,   30,    8,   14,   15,   31],
       [   2,    6,    4,    0,  794,    0,   19,    1,    4,  152],
       [  15,   26,    3,   78,   16,  659,   32,   10,   24,   29],
       [  13,    5,   13,    2,   10,   17,  896,    1,    1,    0],
       [   8,   32,   34,    4,   14,    0,    2,  833,    4,   97],
       [  13,   22,   16,   49,   10,   22,   18,    6,  756,   62],
       [  18,    7,    5,   12,   19,    7,    1,    8,    1,  931]],
      dtype=int64)}, 90.58642760000657)
[2024-08-13 11:28:32,241][flwr][INFO] - configure_evaluate: no clients selected, skipping evaluation
[2024-08-13 11:28:32,241][flwr][INFO] - 
[2024-08-13 11:28:32,241][flwr][INFO] - [SUMMARY]
[2024-08-13 11:28:32,241][flwr][INFO] - Run finished 10 round(s) in 90.59s
[2024-08-13 11:28:32,249][flwr][INFO] - 	History (loss, centralized):
[2024-08-13 11:28:32,249][flwr][INFO] - 		round 0: 2.3025850929940455
[2024-08-13 11:28:32,249][flwr][INFO] - 		round 1: 0.8881183310200684
[2024-08-13 11:28:32,249][flwr][INFO] - 		round 2: 0.7026992076464538
[2024-08-13 11:28:32,249][flwr][INFO] - 		round 3: 0.6626333039307265
[2024-08-13 11:28:32,250][flwr][INFO] - 		round 4: 0.6502663828684258
[2024-08-13 11:28:32,250][flwr][INFO] - 		round 5: 0.6154145479916888
[2024-08-13 11:28:32,250][flwr][INFO] - 		round 6: 0.6158464938615437
[2024-08-13 11:28:32,250][flwr][INFO] - 		round 7: 0.5884226292950631
[2024-08-13 11:28:32,250][flwr][INFO] - 		round 8: 0.5761121217607978
[2024-08-13 11:28:32,250][flwr][INFO] - 		round 9: 0.5497810389915441
[2024-08-13 11:28:32,250][flwr][INFO] - 		round 10: 0.5319304445040626
[2024-08-13 11:28:32,250][flwr][INFO] - 	History (metrics, centralized):
[2024-08-13 11:28:32,250][flwr][INFO] - 	{'accuracy': [(0, 0.098),
[2024-08-13 11:28:32,250][flwr][INFO] - 	              (1, 0.7278),
[2024-08-13 11:28:32,250][flwr][INFO] - 	              (2, 0.8137),
[2024-08-13 11:28:32,250][flwr][INFO] - 	              (3, 0.8454),
[2024-08-13 11:28:32,250][flwr][INFO] - 	              (4, 0.8313),
[2024-08-13 11:28:32,250][flwr][INFO] - 	              (5, 0.8631),
[2024-08-13 11:28:32,251][flwr][INFO] - 	              (6, 0.8495),
[2024-08-13 11:28:32,251][flwr][INFO] - 	              (7, 0.8719),
[2024-08-13 11:28:32,251][flwr][INFO] - 	              (8, 0.8544),
[2024-08-13 11:28:32,251][flwr][INFO] - 	              (9, 0.8793),
[2024-08-13 11:28:32,251][flwr][INFO] - 	              (10, 0.866)],
[2024-08-13 11:28:32,251][flwr][INFO] - 	 'confusion_matrix': [(0,
[2024-08-13 11:28:32,251][flwr][INFO] - 	                       array([[ 980,    0,    0,    0,    0,    0,    0,    0,    0,    0],
[2024-08-13 11:28:32,251][flwr][INFO] - 	       [1135,    0,    0,    0,    0,    0,    0,    0,    0,    0],
[2024-08-13 11:28:32,251][flwr][INFO] - 	       [1032,    0,    0,    0,    0,    0,    0,    0,    0,    0],
[2024-08-13 11:28:32,251][flwr][INFO] - 	       [1010,    0,    0,    0,    0,    0,    0,    0,    0,    0],
[2024-08-13 11:28:32,251][flwr][INFO] - 	       [ 982,    0,    0,    0,    0,    0,    0,    0,    0,    0],
[2024-08-13 11:28:32,251][flwr][INFO] - 	       [ 892,    0,    0,    0,    0,    0,    0,    0,    0,    0],
[2024-08-13 11:28:32,251][flwr][INFO] - 	       [ 958,    0,    0,    0,    0,    0,    0,    0,    0,    0],
[2024-08-13 11:28:32,251][flwr][INFO] - 	       [1028,    0,    0,    0,    0,    0,    0,    0,    0,    0],
[2024-08-13 11:28:32,251][flwr][INFO] - 	       [ 974,    0,    0,    0,    0,    0,    0,    0,    0,    0],
[2024-08-13 11:28:32,251][flwr][INFO] - 	       [1009,    0,    0,    0,    0,    0,    0,    0,    0,    0]],
[2024-08-13 11:28:32,252][flwr][INFO] - 	      dtype=int64)),
[2024-08-13 11:28:32,252][flwr][INFO] - 	                      (1,
[2024-08-13 11:28:32,252][flwr][INFO] - 	                       array([[ 956,    0,    1,    5,    0,    0,    6,    1,   11,    0],
[2024-08-13 11:28:32,252][flwr][INFO] - 	       [   0, 1071,    3,    8,    0,    0,    4,    1,   48,    0],
[2024-08-13 11:28:32,252][flwr][INFO] - 	       [  86,   40,  687,   73,    6,    0,   30,   15,   87,    8],
[2024-08-13 11:28:32,252][flwr][INFO] - 	       [  31,   15,   13,  848,    0,    0,    9,   11,   74,    9],
[2024-08-13 11:28:32,252][flwr][INFO] - 	       [  32,   13,    1,    2,  482,    0,   44,    3,   77,  328],
[2024-08-13 11:28:32,252][flwr][INFO] - 	       [ 226,   65,    0,  248,    4,    3,   32,   21,  246,   47],
[2024-08-13 11:28:32,252][flwr][INFO] - 	       [  95,   17,   11,    2,    3,    0,  810,    1,   19,    0],
[2024-08-13 11:28:32,252][flwr][INFO] - 	       [  32,   46,   10,    2,    2,    0,    2,  821,   68,   45],
[2024-08-13 11:28:32,252][flwr][INFO] - 	       [  44,   14,    3,   96,    1,    0,   13,    8,  781,   14],
[2024-08-13 11:28:32,252][flwr][INFO] - 	       [  51,   18,    4,   12,   11,    0,    3,   30,   61,  819]],
[2024-08-13 11:28:32,252][flwr][INFO] - 	      dtype=int64)),
[2024-08-13 11:28:32,252][flwr][INFO] - 	                      (2,
[2024-08-13 11:28:32,252][flwr][INFO] - 	                       array([[ 930,    0,    8,    5,    0,    1,   26,    1,    9,    0],
[2024-08-13 11:28:32,252][flwr][INFO] - 	       [   0, 1082,   36,    6,    0,    0,    5,    1,    5,    0],
[2024-08-13 11:28:32,253][flwr][INFO] - 	       [  30,   25,  845,   36,   23,    0,   25,   19,   27,    2],
[2024-08-13 11:28:32,253][flwr][INFO] - 	       [   9,   13,   30,  882,    0,    3,   10,   18,   27,   18],
[2024-08-13 11:28:32,253][flwr][INFO] - 	       [   7,   13,    7,    0,  847,    0,   32,    2,    6,   68],
[2024-08-13 11:28:32,253][flwr][INFO] - 	       [  59,   64,   19,  215,   29,  376,   43,   31,   23,   33],
[2024-08-13 11:28:32,253][flwr][INFO] - 	       [  39,   19,   24,    1,   11,   10,  853,    1,    0,    0],
[2024-08-13 11:28:32,253][flwr][INFO] - 	       [  10,   45,   39,    0,   16,    0,    3,  878,    7,   30],
[2024-08-13 11:28:32,253][flwr][INFO] - 	       [  25,   37,   30,  123,   12,    5,   21,   16,  665,   40],
[2024-08-13 11:28:32,253][flwr][INFO] - 	       [  31,   19,    8,   14,   91,    1,    2,   54,   10,  779]],
[2024-08-13 11:28:32,253][flwr][INFO] - 	      dtype=int64)),
[2024-08-13 11:28:32,253][flwr][INFO] - 	                      (3,
[2024-08-13 11:28:32,253][flwr][INFO] - 	                       array([[ 907,    0,    4,    1,    0,   30,   25,    1,   12,    0],
[2024-08-13 11:28:32,253][flwr][INFO] - 	       [   0, 1073,   23,    2,    1,    8,    5,    0,   23,    0],
[2024-08-13 11:28:32,253][flwr][INFO] - 	       [  23,   24,  822,   29,   25,    0,   26,   23,   56,    4],
[2024-08-13 11:28:32,253][flwr][INFO] - 	       [   6,   13,   23,  799,    1,   58,    8,   17,   72,   13],
[2024-08-13 11:28:32,253][flwr][INFO] - 	       [   6,    8,    2,    0,  837,    2,   26,    2,   17,   82],
[2024-08-13 11:28:32,254][flwr][INFO] - 	       [  27,   51,    5,   61,   20,  641,   27,   15,   26,   19],
[2024-08-13 11:28:32,254][flwr][INFO] - 	       [  25,   15,   17,    0,   13,   23,  861,    1,    3,    0],
[2024-08-13 11:28:32,254][flwr][INFO] - 	       [   7,   40,   29,    0,   16,    0,    2,  872,   23,   39],
[2024-08-13 11:28:32,254][flwr][INFO] - 	       [  12,   14,   14,   35,    9,   28,   17,   10,  808,   27],
[2024-08-13 11:28:32,254][flwr][INFO] - 	       [  20,   14,    5,    5,   59,   14,    2,   32,   24,  834]],
[2024-08-13 11:28:32,254][flwr][INFO] - 	      dtype=int64)),
[2024-08-13 11:28:32,254][flwr][INFO] - 	                      (4,
[2024-08-13 11:28:32,254][flwr][INFO] - 	                       array([[ 924,    0,    5,   16,    2,    8,   23,    1,    1,    0],
[2024-08-13 11:28:32,254][flwr][INFO] - 	       [   0, 1077,   29,   19,    1,    1,    5,    1,    2,    0],
[2024-08-13 11:28:32,254][flwr][INFO] - 	       [  16,   15,  834,   70,   22,    0,   23,   26,   22,    4],
[2024-08-13 11:28:32,254][flwr][INFO] - 	       [   4,    4,   12,  926,    2,   11,    8,   17,    7,   19],
[2024-08-13 11:28:32,254][flwr][INFO] - 	       [   3,    9,    4,    0,  900,    0,   17,    1,    2,   46],
[2024-08-13 11:28:32,254][flwr][INFO] - 	       [  16,   49,   10,  203,   36,  495,   31,   21,    8,   23],
[2024-08-13 11:28:32,254][flwr][INFO] - 	       [  18,   11,   20,    4,   19,   18,  867,    1,    0,    0],
[2024-08-13 11:28:32,254][flwr][INFO] - 	       [   3,   33,   35,    5,   17,    0,    2,  900,    1,   32],
[2024-08-13 11:28:32,254][flwr][INFO] - 	       [  12,   32,   23,  209,   22,   18,   20,   16,  569,   53],
[2024-08-13 11:28:32,255][flwr][INFO] - 	       [  20,   12,    7,   15,   77,    6,    2,   47,    2,  821]],
[2024-08-13 11:28:32,255][flwr][INFO] - 	      dtype=int64)),
[2024-08-13 11:28:32,255][flwr][INFO] - 	                      (5,
[2024-08-13 11:28:32,255][flwr][INFO] - 	                       array([[ 925,    0,    3,    1,    0,   14,   21,    1,   15,    0],
[2024-08-13 11:28:32,255][flwr][INFO] - 	       [   0, 1078,   18,    3,    1,    4,    5,    1,   25,    0],
[2024-08-13 11:28:32,255][flwr][INFO] - 	       [  15,   19,  841,   22,   22,    1,   23,   27,   56,    6],
[2024-08-13 11:28:32,255][flwr][INFO] - 	       [   5,    9,   24,  807,    1,   54,    8,   17,   68,   17],
[2024-08-13 11:28:32,255][flwr][INFO] - 	       [   4,    7,    4,    0,  853,    2,   22,    1,   17,   72],
[2024-08-13 11:28:32,255][flwr][INFO] - 	       [  18,   40,    6,   40,   24,  677,   26,   13,   33,   15],
[2024-08-13 11:28:32,255][flwr][INFO] - 	       [  18,   12,   18,    1,   13,   20,  871,    1,    4,    0],
[2024-08-13 11:28:32,255][flwr][INFO] - 	       [   4,   34,   28,    0,   15,    0,    1,  886,   22,   38],
[2024-08-13 11:28:32,255][flwr][INFO] - 	       [   7,   15,   11,   22,    9,   27,   17,   11,  836,   19],
[2024-08-13 11:28:32,255][flwr][INFO] - 	       [  16,   10,    5,    5,   45,   11,    2,   33,   25,  857]],
[2024-08-13 11:28:32,255][flwr][INFO] - 	      dtype=int64)),
[2024-08-13 11:28:32,255][flwr][INFO] - 	                      (6,
[2024-08-13 11:28:32,255][flwr][INFO] - 	                       array([[ 935,    0,    1,   11,    2,   12,   17,    1,    1,    0],
[2024-08-13 11:28:32,256][flwr][INFO] - 	       [   0, 1086,   21,   15,    1,    1,    5,    1,    5,    0],
[2024-08-13 11:28:32,256][flwr][INFO] - 	       [  16,   16,  835,   62,   23,    0,   23,   29,   22,    6],
[2024-08-13 11:28:32,256][flwr][INFO] - 	       [   4,    4,   10,  919,    1,   23,    8,   17,    5,   19],
[2024-08-13 11:28:32,256][flwr][INFO] - 	       [   1,    8,    3,    0,  899,    1,   17,    1,    2,   50],
[2024-08-13 11:28:32,256][flwr][INFO] - 	       [  14,   39,    6,  135,   29,  606,   27,   13,    5,   18],
[2024-08-13 11:28:32,256][flwr][INFO] - 	       [  16,    9,   19,    3,   16,   19,  875,    1,    0,    0],
[2024-08-13 11:28:32,256][flwr][INFO] - 	       [   3,   32,   32,    5,   17,    0,    1,  898,    1,   39],
[2024-08-13 11:28:32,256][flwr][INFO] - 	       [  13,   34,   21,  170,   21,   39,   23,   14,  583,   56],
[2024-08-13 11:28:32,256][flwr][INFO] - 	       [  19,   10,    5,   15,   60,    8,    1,   31,    1,  859]],
[2024-08-13 11:28:32,256][flwr][INFO] - 	      dtype=int64)),
[2024-08-13 11:28:32,256][flwr][INFO] - 	                      (7,
[2024-08-13 11:28:32,256][flwr][INFO] - 	                       array([[ 940,    0,    1,    1,    1,   12,   17,    1,    7,    0],
[2024-08-13 11:28:32,256][flwr][INFO] - 	       [   0, 1083,   17,    3,    1,    2,    5,    1,   23,    0],
[2024-08-13 11:28:32,256][flwr][INFO] - 	       [  14,   16,  845,   27,   21,    0,   24,   29,   50,    6],
[2024-08-13 11:28:32,256][flwr][INFO] - 	       [   5,    7,   18,  850,    1,   37,    9,   17,   48,   18],
[2024-08-13 11:28:32,257][flwr][INFO] - 	       [   3,    6,    3,    0,  883,    2,   18,    2,   13,   52],
[2024-08-13 11:28:32,257][flwr][INFO] - 	       [  15,   36,    5,   60,   25,  664,   28,   14,   31,   14],
[2024-08-13 11:28:32,257][flwr][INFO] - 	       [  15,   10,   19,    1,   15,   20,  875,    1,    2,    0],
[2024-08-13 11:28:32,257][flwr][INFO] - 	       [   3,   31,   32,    0,   16,    0,    1,  894,   15,   36],
[2024-08-13 11:28:32,257][flwr][INFO] - 	       [   8,   15,   12,   29,   10,   24,   16,   11,  829,   20],
[2024-08-13 11:28:32,257][flwr][INFO] - 	       [  18,    9,    5,    6,   52,   10,    1,   33,   19,  856]],
[2024-08-13 11:28:32,257][flwr][INFO] - 	      dtype=int64)),
[2024-08-13 11:28:32,257][flwr][INFO] - 	                      (8,
[2024-08-13 11:28:32,257][flwr][INFO] - 	                       array([[ 939,    0,    3,   10,    1,   11,   14,    1,    1,    0],
[2024-08-13 11:28:32,257][flwr][INFO] - 	       [   0, 1094,   15,   13,    1,    1,    5,    1,    5,    0],
[2024-08-13 11:28:32,257][flwr][INFO] - 	       [  13,   15,  845,   57,   19,    0,   23,   29,   21,   10],
[2024-08-13 11:28:32,257][flwr][INFO] - 	       [   4,    3,   10,  910,    1,   27,    8,   16,    5,   26],
[2024-08-13 11:28:32,257][flwr][INFO] - 	       [   1,    8,    4,    1,  855,    1,   19,    1,    2,   90],
[2024-08-13 11:28:32,257][flwr][INFO] - 	       [  11,   36,    2,  113,   23,  638,   28,   13,    6,   22],
[2024-08-13 11:28:32,257][flwr][INFO] - 	       [  13,    9,   17,    2,   15,   20,  881,    1,    0,    0],
[2024-08-13 11:28:32,257][flwr][INFO] - 	       [   2,   31,   31,    6,   15,    0,    1,  898,    0,   44],
[2024-08-13 11:28:32,258][flwr][INFO] - 	       [  15,   38,   20,  150,   16,   39,   20,   14,  588,   74],
[2024-08-13 11:28:32,258][flwr][INFO] - 	       [  18,    9,    5,   16,   32,    8,    1,   24,    0,  896]],
[2024-08-13 11:28:32,258][flwr][INFO] - 	      dtype=int64)),
[2024-08-13 11:28:32,258][flwr][INFO] - 	                      (9,
[2024-08-13 11:28:32,258][flwr][INFO] - 	                       array([[ 943,    0,    3,    1,    1,    8,   16,    1,    7,    0],
[2024-08-13 11:28:32,258][flwr][INFO] - 	       [   0, 1088,   12,    4,    1,    4,    5,    0,   21,    0],
[2024-08-13 11:28:32,258][flwr][INFO] - 	       [  12,   17,  853,   27,   21,    0,   23,   30,   45,    4],
[2024-08-13 11:28:32,258][flwr][INFO] - 	       [   5,    3,   16,  873,    1,   34,    8,   19,   35,   16],
[2024-08-13 11:28:32,258][flwr][INFO] - 	       [   1,    5,    4,    0,  901,    2,   16,    1,    9,   43],
[2024-08-13 11:28:32,258][flwr][INFO] - 	       [  13,   29,    3,   59,   23,  684,   26,   14,   30,   11],
[2024-08-13 11:28:32,258][flwr][INFO] - 	       [  13,    6,   15,    2,   17,   20,  883,    1,    1,    0],
[2024-08-13 11:28:32,258][flwr][INFO] - 	       [   3,   29,   32,    2,   19,    0,    0,  903,    9,   31],
[2024-08-13 11:28:32,258][flwr][INFO] - 	       [  11,   16,   12,   33,   12,   25,   15,   12,  819,   19],
[2024-08-13 11:28:32,258][flwr][INFO] - 	       [  19,    9,    5,    7,   57,   12,    1,   39,   14,  846]],
[2024-08-13 11:28:32,258][flwr][INFO] - 	      dtype=int64)),
[2024-08-13 11:28:32,258][flwr][INFO] - 	                      (10,
[2024-08-13 11:28:32,259][flwr][INFO] - 	                       array([[ 944,    0,    4,    1,    1,    7,   16,    1,    6,    0],
[2024-08-13 11:28:32,259][flwr][INFO] - 	       [   0, 1092,   14,    6,    1,    2,    5,    0,   15,    0],
[2024-08-13 11:28:32,259][flwr][INFO] - 	       [  13,   14,  868,   29,   10,    0,   25,   21,   35,   17],
[2024-08-13 11:28:32,259][flwr][INFO] - 	       [   5,    4,   15,  887,    1,   30,    8,   14,   15,   31],
[2024-08-13 11:28:32,259][flwr][INFO] - 	       [   2,    6,    4,    0,  794,    0,   19,    1,    4,  152],
[2024-08-13 11:28:32,259][flwr][INFO] - 	       [  15,   26,    3,   78,   16,  659,   32,   10,   24,   29],
[2024-08-13 11:28:32,259][flwr][INFO] - 	       [  13,    5,   13,    2,   10,   17,  896,    1,    1,    0],
[2024-08-13 11:28:32,259][flwr][INFO] - 	       [   8,   32,   34,    4,   14,    0,    2,  833,    4,   97],
[2024-08-13 11:28:32,259][flwr][INFO] - 	       [  13,   22,   16,   49,   10,   22,   18,    6,  756,   62],
[2024-08-13 11:28:32,259][flwr][INFO] - 	       [  18,    7,    5,   12,   19,    7,    1,    8,    1,  931]],
[2024-08-13 11:28:32,259][flwr][INFO] - 	      dtype=int64))],
[2024-08-13 11:28:32,259][flwr][INFO] - 	 'f1': [(0, 0.017493624772313296),
[2024-08-13 11:28:32,259][flwr][INFO] - 	        (1, 0.6955078591165942),
[2024-08-13 11:28:32,259][flwr][INFO] - 	        (2, 0.806672329963998),
[2024-08-13 11:28:32,259][flwr][INFO] - 	        (3, 0.8446455498747845),
[2024-08-13 11:28:32,260][flwr][INFO] - 	        (4, 0.8277688853238729),
[2024-08-13 11:28:32,260][flwr][INFO] - 	        (5, 0.8626763724536186),
[2024-08-13 11:28:32,260][flwr][INFO] - 	        (6, 0.8469330738507881),
[2024-08-13 11:28:32,260][flwr][INFO] - 	        (7, 0.8711012621430259),
[2024-08-13 11:28:32,260][flwr][INFO] - 	        (8, 0.8522147077012229),
[2024-08-13 11:28:32,260][flwr][INFO] - 	        (9, 0.8785030540845757),
[2024-08-13 11:28:32,260][flwr][INFO] - 	        (10, 0.8657633012680576)],
[2024-08-13 11:28:32,260][flwr][INFO] - 	 'precision': [(0, 0.009604000000000001),
[2024-08-13 11:28:32,260][flwr][INFO] - 	               (1, 0.7896202966492943),
[2024-08-13 11:28:32,260][flwr][INFO] - 	               (2, 0.8242723672516551),
[2024-08-13 11:28:32,260][flwr][INFO] - 	               (3, 0.8459936305240677),
[2024-08-13 11:28:32,260][flwr][INFO] - 	               (4, 0.8452082752595071),
[2024-08-13 11:28:32,260][flwr][INFO] - 	               (5, 0.8644488413097197),
[2024-08-13 11:28:32,260][flwr][INFO] - 	               (6, 0.8575622368211352),
[2024-08-13 11:28:32,260][flwr][INFO] - 	               (7, 0.8719919137939635),
[2024-08-13 11:28:32,260][flwr][INFO] - 	               (8, 0.8621215475635879),
[2024-08-13 11:28:32,261][flwr][INFO] - 	               (9, 0.8791161227103692),
[2024-08-13 11:28:32,261][flwr][INFO] - 	               (10, 0.8724202223658707)],
[2024-08-13 11:28:32,261][flwr][INFO] - 	 'recall': [(0, 0.098),
[2024-08-13 11:28:32,261][flwr][INFO] - 	            (1, 0.7278),
[2024-08-13 11:28:32,261][flwr][INFO] - 	            (2, 0.8137),
[2024-08-13 11:28:32,261][flwr][INFO] - 	            (3, 0.8454),
[2024-08-13 11:28:32,261][flwr][INFO] - 	            (4, 0.8313),
[2024-08-13 11:28:32,261][flwr][INFO] - 	            (5, 0.8631),
[2024-08-13 11:28:32,261][flwr][INFO] - 	            (6, 0.8495),
[2024-08-13 11:28:32,261][flwr][INFO] - 	            (7, 0.8719),
[2024-08-13 11:28:32,261][flwr][INFO] - 	            (8, 0.8544),
[2024-08-13 11:28:32,261][flwr][INFO] - 	            (9, 0.8793),
[2024-08-13 11:28:32,261][flwr][INFO] - 	            (10, 0.866)]}
[2024-08-13 11:28:32,261][flwr][INFO] - 
