[2024-08-13 15:45:30,137][flwr][INFO] - Starting Flower simulation, config: num_rounds=10, no round_timeout
[2024-08-13 15:45:34,236][flwr][INFO] - Flower VCE: Ray initialized with resources: {'node:127.0.0.1': 1.0, 'memory': 4991240603.0, 'object_store_memory': 2495620300.0, 'accelerator_type:G': 1.0, 'node:__internal_head__': 1.0, 'GPU': 1.0, 'CPU': 16.0}
[2024-08-13 15:45:34,237][flwr][INFO] - Optimize your simulation with Flower VCE: https://flower.ai/docs/framework/how-to-run-simulations.html
[2024-08-13 15:45:34,237][flwr][INFO] - Flower VCE: Resources for each Virtual Client: {'num_cpus': 2, 'num_gpus': 0.5}
[2024-08-13 15:45:34,247][flwr][INFO] - Flower VCE: Creating VirtualClientEngineActorPool with 2 actors
[2024-08-13 15:45:34,249][flwr][INFO] - [INIT]
[2024-08-13 15:45:34,250][flwr][INFO] - Requesting initial parameters from one random client
[2024-08-13 15:45:41,712][flwr][INFO] - Received initial parameters from one random client
[2024-08-13 15:45:41,712][flwr][INFO] - Evaluating initial global parameters
[2024-08-13 15:45:43,972][flwr][INFO] - initial parameters (loss, other metrics): 2.3025850929940455, {'accuracy': 0.098, 'precision': 0.009604000000000001, 'recall': 0.098, 'f1': 0.017493624772313296, 'confusion_matrix': array([[ 980,    0,    0,    0,    0,    0,    0,    0,    0,    0],
       [1135,    0,    0,    0,    0,    0,    0,    0,    0,    0],
       [1032,    0,    0,    0,    0,    0,    0,    0,    0,    0],
       [1010,    0,    0,    0,    0,    0,    0,    0,    0,    0],
       [ 982,    0,    0,    0,    0,    0,    0,    0,    0,    0],
       [ 892,    0,    0,    0,    0,    0,    0,    0,    0,    0],
       [ 958,    0,    0,    0,    0,    0,    0,    0,    0,    0],
       [1028,    0,    0,    0,    0,    0,    0,    0,    0,    0],
       [ 974,    0,    0,    0,    0,    0,    0,    0,    0,    0],
       [1009,    0,    0,    0,    0,    0,    0,    0,    0,    0]],
      dtype=int64)}
[2024-08-13 15:45:43,973][flwr][INFO] - 
[2024-08-13 15:45:43,973][flwr][INFO] - [ROUND 1]
[2024-08-13 15:45:43,973][flwr][INFO] - configure_fit: strategy sampled 10 clients (out of 100)
[2024-08-13 15:45:47,501][flwr][INFO] - aggregate_fit: received 10 results and 0 failures
[2024-08-13 15:45:47,505][flwr][WARNING] - No fit_metrics_aggregation_fn provided
[2024-08-13 15:45:49,585][flwr][INFO] - fit progress: (1, 1.063647273163594, {'accuracy': 0.643, 'precision': 0.7569377576987224, 'recall': 0.643, 'f1': 0.6161676514470265, 'confusion_matrix': array([[960,   0,   2,   9,   0,   0,   5,   0,   4,   0],
       [  0, 729, 359,  29,   0,   0,   3,   1,  10,   4],
       [ 70,   1, 758, 149,   1,   0,  12,   9,  15,  17],
       [ 14,   0,  20, 926,   0,   0,   2,   5,  11,  32],
       [ 63,   3,  20,   2, 216,   0,  20,   8,   6, 644],
       [208,  29,  62, 339,   0,  97,   6,  15,  38,  98],
       [134,   4,  76,  14,   3,   1, 719,   3,   0,   4],
       [ 50,  13,  67,   6,   0,   0,   1, 746,  31, 114],
       [ 64,   2,  60, 308,   0,   0,   4,   3, 388, 145],
       [ 65,   3,   2,  18,   5,   0,   0,  13,  12, 891]], dtype=int64)}, 5.611772500007646)
[2024-08-13 15:45:49,586][flwr][INFO] - configure_evaluate: no clients selected, skipping evaluation
[2024-08-13 15:45:49,586][flwr][INFO] - 
[2024-08-13 15:45:49,586][flwr][INFO] - [ROUND 2]
[2024-08-13 15:45:49,586][flwr][INFO] - configure_fit: strategy sampled 10 clients (out of 100)
[2024-08-13 15:45:50,744][flwr][INFO] - aggregate_fit: received 10 results and 0 failures
[2024-08-13 15:45:52,820][flwr][INFO] - fit progress: (2, 0.9195944919620895, {'accuracy': 0.7697, 'precision': 0.7944845774803845, 'recall': 0.7697, 'f1': 0.7592986705038441, 'confusion_matrix': array([[ 879,    1,    1,    0,    1,   17,   59,    2,   20,    0],
       [   0, 1034,   64,    3,    1,    2,    4,    1,   26,    0],
       [  17,   16,  768,   64,   26,    1,   34,   31,   75,    0],
       [   0,   13,   16,  765,    9,   41,   16,   12,  137,    1],
       [   7,    5,    2,    0,  857,    9,   39,   25,   32,    6],
       [  16,   73,    7,   93,   15,  578,   46,   20,   43,    1],
       [  17,   16,   19,    1,   14,   15,  867,    7,    2,    0],
       [  10,   33,   22,    1,   24,    0,    1,  852,   85,    0],
       [   7,   20,   12,   53,   24,   28,   27,    7,  795,    1],
       [  22,   12,    1,    3,  341,   41,    5,  155,  127,  302]],
      dtype=int64)}, 8.846407000004547)
[2024-08-13 15:45:52,821][flwr][INFO] - configure_evaluate: no clients selected, skipping evaluation
[2024-08-13 15:45:52,821][flwr][INFO] - 
[2024-08-13 15:45:52,821][flwr][INFO] - [ROUND 3]
[2024-08-13 15:45:52,821][flwr][INFO] - configure_fit: strategy sampled 10 clients (out of 100)
[2024-08-13 15:45:54,000][flwr][INFO] - aggregate_fit: received 10 results and 0 failures
[2024-08-13 15:45:56,151][flwr][INFO] - fit progress: (3, 0.916082270910067, {'accuracy': 0.765, 'precision': 0.8010256538246021, 'recall': 0.765, 'f1': 0.7603708054675934, 'confusion_matrix': array([[ 899,    3,    3,    9,    0,    7,   43,    3,    2,   11],
       [   0, 1031,   83,    5,    1,    2,    5,    1,    0,    7],
       [  16,   16,  804,   86,   11,    0,   22,   28,   24,   25],
       [   2,    9,   18,  849,    4,   19,   11,   11,    8,   79],
       [   7,    6,    6,    0,  637,    0,   24,   12,    2,  288],
       [  17,   88,   11,  147,   14,  477,   44,   21,    8,   65],
       [  17,   16,   29,    3,   11,    6,  863,   10,    0,    3],
       [  11,   35,   40,    1,   15,    0,    1,  813,   11,  101],
       [  12,   52,   25,  131,   10,   19,   26,    5,  362,  332],
       [  23,   10,    2,    6,   23,    5,    1,   23,    1,  915]],
      dtype=int64)}, 12.17859190001036)
[2024-08-13 15:45:56,152][flwr][INFO] - configure_evaluate: no clients selected, skipping evaluation
[2024-08-13 15:45:56,152][flwr][INFO] - 
[2024-08-13 15:45:56,152][flwr][INFO] - [ROUND 4]
[2024-08-13 15:45:56,153][flwr][INFO] - configure_fit: strategy sampled 10 clients (out of 100)
[2024-08-13 15:45:57,326][flwr][INFO] - aggregate_fit: received 10 results and 0 failures
[2024-08-13 15:45:59,407][flwr][INFO] - fit progress: (4, 0.9328058594500404, {'accuracy': 0.7566, 'precision': 0.7977291900838284, 'recall': 0.7566, 'f1': 0.73484843009983, 'confusion_matrix': array([[ 892,    4,    1,    5,    3,    8,   38,    5,   24,    0],
       [   0, 1031,   63,    4,    1,    1,    4,    1,   30,    0],
       [  16,   15,  782,   64,   30,    0,   20,   33,   72,    0],
       [   1,   11,   13,  779,   14,   31,   15,   15,  131,    0],
       [   7,    4,    2,    0,  891,    2,   22,   23,   31,    0],
       [  14,   80,    6,   83,   30,  527,   43,   22,   86,    1],
       [  13,   16,   24,    0,   20,    9,  852,   21,    3,    0],
       [   8,   27,   27,    1,   22,    0,    1,  855,   87,    0],
       [  10,   21,   12,   41,   24,   15,   19,    6,  826,    0],
       [  29,    7,    2,    2,  426,   20,    2,  185,  205,  131]],
      dtype=int64)}, 15.433204700006172)
[2024-08-13 15:45:59,407][flwr][INFO] - configure_evaluate: no clients selected, skipping evaluation
[2024-08-13 15:45:59,408][flwr][INFO] - 
[2024-08-13 15:45:59,408][flwr][INFO] - [ROUND 5]
[2024-08-13 15:45:59,408][flwr][INFO] - configure_fit: strategy sampled 10 clients (out of 100)
[2024-08-13 15:46:00,624][flwr][INFO] - aggregate_fit: received 10 results and 0 failures
[2024-08-13 15:46:02,719][flwr][INFO] - fit progress: (5, 0.9149788656898225, {'accuracy': 0.789, 'precision': 0.8046926884283542, 'recall': 0.789, 'f1': 0.7844313682665577, 'confusion_matrix': array([[ 908,    5,    3,   10,    0,   12,   34,    4,    4,    0],
       [   0, 1012,   98,   10,    1,    4,    6,    1,    0,    3],
       [  15,   16,  807,   99,    9,    1,   23,   29,   21,   12],
       [   2,    5,   13,  867,    2,   34,   12,   13,   13,   49],
       [   7,    6,    7,    0,  707,    5,   29,   23,    3,  195],
       [  12,   79,   13,  114,    8,  575,   42,   17,    7,   25],
       [  14,   15,   32,    2,    6,    9,  861,   19,    0,    0],
       [  13,   33,   44,    3,   13,    0,    2,  842,   14,   64],
       [  15,   54,   28,  139,   12,   55,   31,    9,  426,  205],
       [  26,   11,    2,    8,   19,   15,    2,   38,    3,  885]],
      dtype=int64)}, 18.746119400006137)
[2024-08-13 15:46:02,720][flwr][INFO] - configure_evaluate: no clients selected, skipping evaluation
[2024-08-13 15:46:02,720][flwr][INFO] - 
[2024-08-13 15:46:02,720][flwr][INFO] - [ROUND 6]
[2024-08-13 15:46:02,721][flwr][INFO] - configure_fit: strategy sampled 10 clients (out of 100)
[2024-08-13 15:46:04,035][flwr][INFO] - aggregate_fit: received 10 results and 0 failures
[2024-08-13 15:46:06,119][flwr][INFO] - fit progress: (6, 0.9171396720182172, {'accuracy': 0.8028, 'precision': 0.8186571283529613, 'recall': 0.8028, 'f1': 0.8012738873327918, 'confusion_matrix': array([[ 897,   16,    1,    4,    2,    6,   29,    4,   21,    0],
       [   0, 1030,   64,    4,    2,    3,    4,    1,   27,    0],
       [  10,   24,  779,   62,   32,    0,   17,   36,   71,    1],
       [   2,   17,   12,  765,   17,   38,   14,   18,  123,    4],
       [   8,    4,    2,    0,  891,    3,   16,   22,   23,   13],
       [  14,   83,    5,   58,   28,  555,   42,   22,   81,    4],
       [  12,   20,   21,    0,   24,    8,  841,   30,    2,    0],
       [  11,   26,   32,    1,   23,    0,    0,  854,   75,    6],
       [  11,   26,   12,   23,   31,   16,   19,    7,  823,    6],
       [  35,    8,    2,    2,  162,   10,    1,  101,   95,  593]],
      dtype=int64)}, 22.14613800001098)
[2024-08-13 15:46:06,120][flwr][INFO] - configure_evaluate: no clients selected, skipping evaluation
[2024-08-13 15:46:06,120][flwr][INFO] - 
[2024-08-13 15:46:06,120][flwr][INFO] - [ROUND 7]
[2024-08-13 15:46:06,121][flwr][INFO] - configure_fit: strategy sampled 10 clients (out of 100)
[2024-08-13 15:46:07,316][flwr][INFO] - aggregate_fit: received 10 results and 0 failures
[2024-08-13 15:46:09,388][flwr][INFO] - fit progress: (7, 0.9264260687516835, {'accuracy': 0.7646, 'precision': 0.7968105379724286, 'recall': 0.7646, 'f1': 0.7549781708103791, 'confusion_matrix': array([[ 872,   31,    1,   11,    1,   13,   42,    6,    0,    3],
       [   0, 1044,   65,    9,    1,    3,    6,    1,    1,    5],
       [  12,   25,  726,  150,    8,    1,   26,   45,   14,   25],
       [   2,   12,    7,  857,    1,   34,   12,   17,    6,   62],
       [   4,    6,    2,    1,  652,   13,   23,   37,    2,  242],
       [   9,   72,    6,   94,    7,  595,   46,   27,    4,   32],
       [  10,   17,   14,    1,    6,    8,  862,   38,    0,    2],
       [   9,   29,   29,    5,   11,    0,    2,  884,    5,   54],
       [  14,   61,   13,  145,   10,   50,   33,   14,  263,  371],
       [  22,    8,    2,    7,   14,   14,    1,   49,    1,  891]],
      dtype=int64)}, 25.41499420000764)
[2024-08-13 15:46:09,389][flwr][INFO] - configure_evaluate: no clients selected, skipping evaluation
[2024-08-13 15:46:09,389][flwr][INFO] - 
[2024-08-13 15:46:09,389][flwr][INFO] - [ROUND 8]
[2024-08-13 15:46:09,390][flwr][INFO] - configure_fit: strategy sampled 10 clients (out of 100)
[2024-08-13 15:46:10,549][flwr][INFO] - aggregate_fit: received 10 results and 0 failures
[2024-08-13 15:46:12,765][flwr][INFO] - fit progress: (8, 0.9033665464522758, {'accuracy': 0.8126, 'precision': 0.8230705537098006, 'recall': 0.8126, 'f1': 0.8113211098349016, 'confusion_matrix': array([[ 917,   17,    1,    5,    1,    6,   16,    7,   10,    0],
       [   0, 1003,   90,    6,    2,    3,    5,    1,   25,    0],
       [  13,   15,  792,   72,   25,    0,   18,   37,   59,    1],
       [   5,   12,   11,  807,   11,   35,   13,   19,   92,    5],
       [  10,    4,    2,    0,  874,    9,   15,   31,   25,   12],
       [  19,   57,    7,   67,   18,  590,   38,   22,   71,    3],
       [  15,   15,   24,    0,   18,    9,  834,   42,    1,    0],
       [  12,   25,   33,    1,   23,    0,    0,  862,   67,    5],
       [  16,   15,   15,   36,   20,   19,   19,    7,  822,    5],
       [  50,    6,    3,    3,  111,   20,    1,  104,   86,  625]],
      dtype=int64)}, 28.791932100008125)
[2024-08-13 15:46:12,766][flwr][INFO] - configure_evaluate: no clients selected, skipping evaluation
[2024-08-13 15:46:12,766][flwr][INFO] - 
[2024-08-13 15:46:12,766][flwr][INFO] - [ROUND 9]
[2024-08-13 15:46:12,767][flwr][INFO] - configure_fit: strategy sampled 10 clients (out of 100)
[2024-08-13 15:46:13,914][flwr][INFO] - aggregate_fit: received 10 results and 0 failures
[2024-08-13 15:46:16,135][flwr][INFO] - fit progress: (9, 0.9075816390132259, {'accuracy': 0.7821, 'precision': 0.8032461669668245, 'recall': 0.7821, 'f1': 0.7772276380137009, 'confusion_matrix': array([[ 886,   33,    2,    9,    1,    8,   26,    8,    3,    4],
       [   0, 1004,   99,   13,    1,    3,    6,    1,    3,    5],
       [  12,   17,  775,  120,   11,    0,   20,   36,   20,   21],
       [   2,   10,    8,  868,    3,   29,    6,   17,   10,   57],
       [   5,    6,    2,    1,  739,    3,   17,   26,    2,  181],
       [  12,   58,    7,   97,   11,  597,   40,   20,   12,   38],
       [  11,   11,   19,    1,   11,    8,  849,   45,    0,    3],
       [   9,   27,   35,    7,   16,    1,    2,  843,   13,   75],
       [  18,   44,   19,  127,   15,   38,   26,   11,  363,  313],
       [  24,    7,    3,    8,   24,   12,    1,   32,    1,  897]],
      dtype=int64)}, 32.16216720000375)
[2024-08-13 15:46:16,136][flwr][INFO] - configure_evaluate: no clients selected, skipping evaluation
[2024-08-13 15:46:16,136][flwr][INFO] - 
[2024-08-13 15:46:16,136][flwr][INFO] - [ROUND 10]
[2024-08-13 15:46:16,137][flwr][INFO] - configure_fit: strategy sampled 10 clients (out of 100)
[2024-08-13 15:46:17,433][flwr][INFO] - aggregate_fit: received 10 results and 0 failures
[2024-08-13 15:46:19,519][flwr][INFO] - fit progress: (10, 0.8882766715159942, {'accuracy': 0.8119, 'precision': 0.8245900961703133, 'recall': 0.8119, 'f1': 0.8106611473757063, 'confusion_matrix': array([[ 887,   34,    4,    2,    2,    4,   38,    2,    7,    0],
       [   0, 1016,   81,    4,    2,    3,    5,    1,   23,    0],
       [  12,   16,  832,   44,   23,    0,   24,   27,   53,    1],
       [   5,   15,   18,  787,   16,   30,   24,   11,   99,    5],
       [  10,    5,    2,    0,  877,    7,   30,   15,   23,   13],
       [  18,   66,    5,   45,   20,  552,   81,   17,   85,    3],
       [  10,   12,   18,    0,   14,    4,  875,   24,    1,    0],
       [  17,   28,   38,    1,   27,    0,    2,  826,   82,    7],
       [  21,   22,   23,   20,   24,   13,   29,    3,  815,    4],
       [  57,    7,    5,    3,  122,   14,    1,   60,   88,  652]],
      dtype=int64)}, 35.546248200000264)
[2024-08-13 15:46:19,520][flwr][INFO] - configure_evaluate: no clients selected, skipping evaluation
[2024-08-13 15:46:19,520][flwr][INFO] - 
[2024-08-13 15:46:19,520][flwr][INFO] - [SUMMARY]
[2024-08-13 15:46:19,520][flwr][INFO] - Run finished 10 round(s) in 35.55s
[2024-08-13 15:46:19,529][flwr][INFO] - 	History (loss, centralized):
[2024-08-13 15:46:19,529][flwr][INFO] - 		round 0: 2.3025850929940455
[2024-08-13 15:46:19,529][flwr][INFO] - 		round 1: 1.063647273163594
[2024-08-13 15:46:19,529][flwr][INFO] - 		round 2: 0.9195944919620895
[2024-08-13 15:46:19,529][flwr][INFO] - 		round 3: 0.916082270910067
[2024-08-13 15:46:19,529][flwr][INFO] - 		round 4: 0.9328058594500404
[2024-08-13 15:46:19,529][flwr][INFO] - 		round 5: 0.9149788656898225
[2024-08-13 15:46:19,529][flwr][INFO] - 		round 6: 0.9171396720182172
[2024-08-13 15:46:19,529][flwr][INFO] - 		round 7: 0.9264260687516835
[2024-08-13 15:46:19,529][flwr][INFO] - 		round 8: 0.9033665464522758
[2024-08-13 15:46:19,529][flwr][INFO] - 		round 9: 0.9075816390132259
[2024-08-13 15:46:19,529][flwr][INFO] - 		round 10: 0.8882766715159942
[2024-08-13 15:46:19,530][flwr][INFO] - 	History (metrics, centralized):
[2024-08-13 15:46:19,530][flwr][INFO] - 	{'accuracy': [(0, 0.098),
[2024-08-13 15:46:19,530][flwr][INFO] - 	              (1, 0.643),
[2024-08-13 15:46:19,530][flwr][INFO] - 	              (2, 0.7697),
[2024-08-13 15:46:19,530][flwr][INFO] - 	              (3, 0.765),
[2024-08-13 15:46:19,530][flwr][INFO] - 	              (4, 0.7566),
[2024-08-13 15:46:19,530][flwr][INFO] - 	              (5, 0.789),
[2024-08-13 15:46:19,530][flwr][INFO] - 	              (6, 0.8028),
[2024-08-13 15:46:19,530][flwr][INFO] - 	              (7, 0.7646),
[2024-08-13 15:46:19,530][flwr][INFO] - 	              (8, 0.8126),
[2024-08-13 15:46:19,530][flwr][INFO] - 	              (9, 0.7821),
[2024-08-13 15:46:19,530][flwr][INFO] - 	              (10, 0.8119)],
[2024-08-13 15:46:19,530][flwr][INFO] - 	 'confusion_matrix': [(0,
[2024-08-13 15:46:19,530][flwr][INFO] - 	                       array([[ 980,    0,    0,    0,    0,    0,    0,    0,    0,    0],
[2024-08-13 15:46:19,530][flwr][INFO] - 	       [1135,    0,    0,    0,    0,    0,    0,    0,    0,    0],
[2024-08-13 15:46:19,530][flwr][INFO] - 	       [1032,    0,    0,    0,    0,    0,    0,    0,    0,    0],
[2024-08-13 15:46:19,531][flwr][INFO] - 	       [1010,    0,    0,    0,    0,    0,    0,    0,    0,    0],
[2024-08-13 15:46:19,531][flwr][INFO] - 	       [ 982,    0,    0,    0,    0,    0,    0,    0,    0,    0],
[2024-08-13 15:46:19,531][flwr][INFO] - 	       [ 892,    0,    0,    0,    0,    0,    0,    0,    0,    0],
[2024-08-13 15:46:19,531][flwr][INFO] - 	       [ 958,    0,    0,    0,    0,    0,    0,    0,    0,    0],
[2024-08-13 15:46:19,531][flwr][INFO] - 	       [1028,    0,    0,    0,    0,    0,    0,    0,    0,    0],
[2024-08-13 15:46:19,531][flwr][INFO] - 	       [ 974,    0,    0,    0,    0,    0,    0,    0,    0,    0],
[2024-08-13 15:46:19,531][flwr][INFO] - 	       [1009,    0,    0,    0,    0,    0,    0,    0,    0,    0]],
[2024-08-13 15:46:19,531][flwr][INFO] - 	      dtype=int64)),
[2024-08-13 15:46:19,531][flwr][INFO] - 	                      (1,
[2024-08-13 15:46:19,531][flwr][INFO] - 	                       array([[960,   0,   2,   9,   0,   0,   5,   0,   4,   0],
[2024-08-13 15:46:19,531][flwr][INFO] - 	       [  0, 729, 359,  29,   0,   0,   3,   1,  10,   4],
[2024-08-13 15:46:19,531][flwr][INFO] - 	       [ 70,   1, 758, 149,   1,   0,  12,   9,  15,  17],
[2024-08-13 15:46:19,531][flwr][INFO] - 	       [ 14,   0,  20, 926,   0,   0,   2,   5,  11,  32],
[2024-08-13 15:46:19,531][flwr][INFO] - 	       [ 63,   3,  20,   2, 216,   0,  20,   8,   6, 644],
[2024-08-13 15:46:19,531][flwr][INFO] - 	       [208,  29,  62, 339,   0,  97,   6,  15,  38,  98],
[2024-08-13 15:46:19,531][flwr][INFO] - 	       [134,   4,  76,  14,   3,   1, 719,   3,   0,   4],
[2024-08-13 15:46:19,531][flwr][INFO] - 	       [ 50,  13,  67,   6,   0,   0,   1, 746,  31, 114],
[2024-08-13 15:46:19,532][flwr][INFO] - 	       [ 64,   2,  60, 308,   0,   0,   4,   3, 388, 145],
[2024-08-13 15:46:19,532][flwr][INFO] - 	       [ 65,   3,   2,  18,   5,   0,   0,  13,  12, 891]], dtype=int64)),
[2024-08-13 15:46:19,532][flwr][INFO] - 	                      (2,
[2024-08-13 15:46:19,532][flwr][INFO] - 	                       array([[ 879,    1,    1,    0,    1,   17,   59,    2,   20,    0],
[2024-08-13 15:46:19,532][flwr][INFO] - 	       [   0, 1034,   64,    3,    1,    2,    4,    1,   26,    0],
[2024-08-13 15:46:19,532][flwr][INFO] - 	       [  17,   16,  768,   64,   26,    1,   34,   31,   75,    0],
[2024-08-13 15:46:19,532][flwr][INFO] - 	       [   0,   13,   16,  765,    9,   41,   16,   12,  137,    1],
[2024-08-13 15:46:19,532][flwr][INFO] - 	       [   7,    5,    2,    0,  857,    9,   39,   25,   32,    6],
[2024-08-13 15:46:19,532][flwr][INFO] - 	       [  16,   73,    7,   93,   15,  578,   46,   20,   43,    1],
[2024-08-13 15:46:19,532][flwr][INFO] - 	       [  17,   16,   19,    1,   14,   15,  867,    7,    2,    0],
[2024-08-13 15:46:19,532][flwr][INFO] - 	       [  10,   33,   22,    1,   24,    0,    1,  852,   85,    0],
[2024-08-13 15:46:19,532][flwr][INFO] - 	       [   7,   20,   12,   53,   24,   28,   27,    7,  795,    1],
[2024-08-13 15:46:19,532][flwr][INFO] - 	       [  22,   12,    1,    3,  341,   41,    5,  155,  127,  302]],
[2024-08-13 15:46:19,532][flwr][INFO] - 	      dtype=int64)),
[2024-08-13 15:46:19,532][flwr][INFO] - 	                      (3,
[2024-08-13 15:46:19,532][flwr][INFO] - 	                       array([[ 899,    3,    3,    9,    0,    7,   43,    3,    2,   11],
[2024-08-13 15:46:19,532][flwr][INFO] - 	       [   0, 1031,   83,    5,    1,    2,    5,    1,    0,    7],
[2024-08-13 15:46:19,533][flwr][INFO] - 	       [  16,   16,  804,   86,   11,    0,   22,   28,   24,   25],
[2024-08-13 15:46:19,533][flwr][INFO] - 	       [   2,    9,   18,  849,    4,   19,   11,   11,    8,   79],
[2024-08-13 15:46:19,533][flwr][INFO] - 	       [   7,    6,    6,    0,  637,    0,   24,   12,    2,  288],
[2024-08-13 15:46:19,533][flwr][INFO] - 	       [  17,   88,   11,  147,   14,  477,   44,   21,    8,   65],
[2024-08-13 15:46:19,533][flwr][INFO] - 	       [  17,   16,   29,    3,   11,    6,  863,   10,    0,    3],
[2024-08-13 15:46:19,533][flwr][INFO] - 	       [  11,   35,   40,    1,   15,    0,    1,  813,   11,  101],
[2024-08-13 15:46:19,533][flwr][INFO] - 	       [  12,   52,   25,  131,   10,   19,   26,    5,  362,  332],
[2024-08-13 15:46:19,533][flwr][INFO] - 	       [  23,   10,    2,    6,   23,    5,    1,   23,    1,  915]],
[2024-08-13 15:46:19,533][flwr][INFO] - 	      dtype=int64)),
[2024-08-13 15:46:19,533][flwr][INFO] - 	                      (4,
[2024-08-13 15:46:19,533][flwr][INFO] - 	                       array([[ 892,    4,    1,    5,    3,    8,   38,    5,   24,    0],
[2024-08-13 15:46:19,533][flwr][INFO] - 	       [   0, 1031,   63,    4,    1,    1,    4,    1,   30,    0],
[2024-08-13 15:46:19,533][flwr][INFO] - 	       [  16,   15,  782,   64,   30,    0,   20,   33,   72,    0],
[2024-08-13 15:46:19,533][flwr][INFO] - 	       [   1,   11,   13,  779,   14,   31,   15,   15,  131,    0],
[2024-08-13 15:46:19,533][flwr][INFO] - 	       [   7,    4,    2,    0,  891,    2,   22,   23,   31,    0],
[2024-08-13 15:46:19,533][flwr][INFO] - 	       [  14,   80,    6,   83,   30,  527,   43,   22,   86,    1],
[2024-08-13 15:46:19,533][flwr][INFO] - 	       [  13,   16,   24,    0,   20,    9,  852,   21,    3,    0],
[2024-08-13 15:46:19,534][flwr][INFO] - 	       [   8,   27,   27,    1,   22,    0,    1,  855,   87,    0],
[2024-08-13 15:46:19,534][flwr][INFO] - 	       [  10,   21,   12,   41,   24,   15,   19,    6,  826,    0],
[2024-08-13 15:46:19,534][flwr][INFO] - 	       [  29,    7,    2,    2,  426,   20,    2,  185,  205,  131]],
[2024-08-13 15:46:19,534][flwr][INFO] - 	      dtype=int64)),
[2024-08-13 15:46:19,534][flwr][INFO] - 	                      (5,
[2024-08-13 15:46:19,534][flwr][INFO] - 	                       array([[ 908,    5,    3,   10,    0,   12,   34,    4,    4,    0],
[2024-08-13 15:46:19,534][flwr][INFO] - 	       [   0, 1012,   98,   10,    1,    4,    6,    1,    0,    3],
[2024-08-13 15:46:19,534][flwr][INFO] - 	       [  15,   16,  807,   99,    9,    1,   23,   29,   21,   12],
[2024-08-13 15:46:19,534][flwr][INFO] - 	       [   2,    5,   13,  867,    2,   34,   12,   13,   13,   49],
[2024-08-13 15:46:19,534][flwr][INFO] - 	       [   7,    6,    7,    0,  707,    5,   29,   23,    3,  195],
[2024-08-13 15:46:19,534][flwr][INFO] - 	       [  12,   79,   13,  114,    8,  575,   42,   17,    7,   25],
[2024-08-13 15:46:19,534][flwr][INFO] - 	       [  14,   15,   32,    2,    6,    9,  861,   19,    0,    0],
[2024-08-13 15:46:19,534][flwr][INFO] - 	       [  13,   33,   44,    3,   13,    0,    2,  842,   14,   64],
[2024-08-13 15:46:19,534][flwr][INFO] - 	       [  15,   54,   28,  139,   12,   55,   31,    9,  426,  205],
[2024-08-13 15:46:19,534][flwr][INFO] - 	       [  26,   11,    2,    8,   19,   15,    2,   38,    3,  885]],
[2024-08-13 15:46:19,534][flwr][INFO] - 	      dtype=int64)),
[2024-08-13 15:46:19,534][flwr][INFO] - 	                      (6,
[2024-08-13 15:46:19,535][flwr][INFO] - 	                       array([[ 897,   16,    1,    4,    2,    6,   29,    4,   21,    0],
[2024-08-13 15:46:19,535][flwr][INFO] - 	       [   0, 1030,   64,    4,    2,    3,    4,    1,   27,    0],
[2024-08-13 15:46:19,535][flwr][INFO] - 	       [  10,   24,  779,   62,   32,    0,   17,   36,   71,    1],
[2024-08-13 15:46:19,535][flwr][INFO] - 	       [   2,   17,   12,  765,   17,   38,   14,   18,  123,    4],
[2024-08-13 15:46:19,535][flwr][INFO] - 	       [   8,    4,    2,    0,  891,    3,   16,   22,   23,   13],
[2024-08-13 15:46:19,535][flwr][INFO] - 	       [  14,   83,    5,   58,   28,  555,   42,   22,   81,    4],
[2024-08-13 15:46:19,535][flwr][INFO] - 	       [  12,   20,   21,    0,   24,    8,  841,   30,    2,    0],
[2024-08-13 15:46:19,535][flwr][INFO] - 	       [  11,   26,   32,    1,   23,    0,    0,  854,   75,    6],
[2024-08-13 15:46:19,535][flwr][INFO] - 	       [  11,   26,   12,   23,   31,   16,   19,    7,  823,    6],
[2024-08-13 15:46:19,535][flwr][INFO] - 	       [  35,    8,    2,    2,  162,   10,    1,  101,   95,  593]],
[2024-08-13 15:46:19,535][flwr][INFO] - 	      dtype=int64)),
[2024-08-13 15:46:19,535][flwr][INFO] - 	                      (7,
[2024-08-13 15:46:19,535][flwr][INFO] - 	                       array([[ 872,   31,    1,   11,    1,   13,   42,    6,    0,    3],
[2024-08-13 15:46:19,535][flwr][INFO] - 	       [   0, 1044,   65,    9,    1,    3,    6,    1,    1,    5],
[2024-08-13 15:46:19,535][flwr][INFO] - 	       [  12,   25,  726,  150,    8,    1,   26,   45,   14,   25],
[2024-08-13 15:46:19,535][flwr][INFO] - 	       [   2,   12,    7,  857,    1,   34,   12,   17,    6,   62],
[2024-08-13 15:46:19,535][flwr][INFO] - 	       [   4,    6,    2,    1,  652,   13,   23,   37,    2,  242],
[2024-08-13 15:46:19,536][flwr][INFO] - 	       [   9,   72,    6,   94,    7,  595,   46,   27,    4,   32],
[2024-08-13 15:46:19,536][flwr][INFO] - 	       [  10,   17,   14,    1,    6,    8,  862,   38,    0,    2],
[2024-08-13 15:46:19,536][flwr][INFO] - 	       [   9,   29,   29,    5,   11,    0,    2,  884,    5,   54],
[2024-08-13 15:46:19,536][flwr][INFO] - 	       [  14,   61,   13,  145,   10,   50,   33,   14,  263,  371],
[2024-08-13 15:46:19,536][flwr][INFO] - 	       [  22,    8,    2,    7,   14,   14,    1,   49,    1,  891]],
[2024-08-13 15:46:19,536][flwr][INFO] - 	      dtype=int64)),
[2024-08-13 15:46:19,536][flwr][INFO] - 	                      (8,
[2024-08-13 15:46:19,536][flwr][INFO] - 	                       array([[ 917,   17,    1,    5,    1,    6,   16,    7,   10,    0],
[2024-08-13 15:46:19,536][flwr][INFO] - 	       [   0, 1003,   90,    6,    2,    3,    5,    1,   25,    0],
[2024-08-13 15:46:19,536][flwr][INFO] - 	       [  13,   15,  792,   72,   25,    0,   18,   37,   59,    1],
[2024-08-13 15:46:19,536][flwr][INFO] - 	       [   5,   12,   11,  807,   11,   35,   13,   19,   92,    5],
[2024-08-13 15:46:19,536][flwr][INFO] - 	       [  10,    4,    2,    0,  874,    9,   15,   31,   25,   12],
[2024-08-13 15:46:19,536][flwr][INFO] - 	       [  19,   57,    7,   67,   18,  590,   38,   22,   71,    3],
[2024-08-13 15:46:19,536][flwr][INFO] - 	       [  15,   15,   24,    0,   18,    9,  834,   42,    1,    0],
[2024-08-13 15:46:19,536][flwr][INFO] - 	       [  12,   25,   33,    1,   23,    0,    0,  862,   67,    5],
[2024-08-13 15:46:19,536][flwr][INFO] - 	       [  16,   15,   15,   36,   20,   19,   19,    7,  822,    5],
[2024-08-13 15:46:19,536][flwr][INFO] - 	       [  50,    6,    3,    3,  111,   20,    1,  104,   86,  625]],
[2024-08-13 15:46:19,537][flwr][INFO] - 	      dtype=int64)),
[2024-08-13 15:46:19,537][flwr][INFO] - 	                      (9,
[2024-08-13 15:46:19,537][flwr][INFO] - 	                       array([[ 886,   33,    2,    9,    1,    8,   26,    8,    3,    4],
[2024-08-13 15:46:19,537][flwr][INFO] - 	       [   0, 1004,   99,   13,    1,    3,    6,    1,    3,    5],
[2024-08-13 15:46:19,537][flwr][INFO] - 	       [  12,   17,  775,  120,   11,    0,   20,   36,   20,   21],
[2024-08-13 15:46:19,537][flwr][INFO] - 	       [   2,   10,    8,  868,    3,   29,    6,   17,   10,   57],
[2024-08-13 15:46:19,537][flwr][INFO] - 	       [   5,    6,    2,    1,  739,    3,   17,   26,    2,  181],
[2024-08-13 15:46:19,537][flwr][INFO] - 	       [  12,   58,    7,   97,   11,  597,   40,   20,   12,   38],
[2024-08-13 15:46:19,537][flwr][INFO] - 	       [  11,   11,   19,    1,   11,    8,  849,   45,    0,    3],
[2024-08-13 15:46:19,537][flwr][INFO] - 	       [   9,   27,   35,    7,   16,    1,    2,  843,   13,   75],
[2024-08-13 15:46:19,537][flwr][INFO] - 	       [  18,   44,   19,  127,   15,   38,   26,   11,  363,  313],
[2024-08-13 15:46:19,537][flwr][INFO] - 	       [  24,    7,    3,    8,   24,   12,    1,   32,    1,  897]],
[2024-08-13 15:46:19,537][flwr][INFO] - 	      dtype=int64)),
[2024-08-13 15:46:19,537][flwr][INFO] - 	                      (10,
[2024-08-13 15:46:19,537][flwr][INFO] - 	                       array([[ 887,   34,    4,    2,    2,    4,   38,    2,    7,    0],
[2024-08-13 15:46:19,537][flwr][INFO] - 	       [   0, 1016,   81,    4,    2,    3,    5,    1,   23,    0],
[2024-08-13 15:46:19,537][flwr][INFO] - 	       [  12,   16,  832,   44,   23,    0,   24,   27,   53,    1],
[2024-08-13 15:46:19,538][flwr][INFO] - 	       [   5,   15,   18,  787,   16,   30,   24,   11,   99,    5],
[2024-08-13 15:46:19,538][flwr][INFO] - 	       [  10,    5,    2,    0,  877,    7,   30,   15,   23,   13],
[2024-08-13 15:46:19,538][flwr][INFO] - 	       [  18,   66,    5,   45,   20,  552,   81,   17,   85,    3],
[2024-08-13 15:46:19,538][flwr][INFO] - 	       [  10,   12,   18,    0,   14,    4,  875,   24,    1,    0],
[2024-08-13 15:46:19,538][flwr][INFO] - 	       [  17,   28,   38,    1,   27,    0,    2,  826,   82,    7],
[2024-08-13 15:46:19,538][flwr][INFO] - 	       [  21,   22,   23,   20,   24,   13,   29,    3,  815,    4],
[2024-08-13 15:46:19,538][flwr][INFO] - 	       [  57,    7,    5,    3,  122,   14,    1,   60,   88,  652]],
[2024-08-13 15:46:19,538][flwr][INFO] - 	      dtype=int64))],
[2024-08-13 15:46:19,538][flwr][INFO] - 	 'f1': [(0, 0.017493624772313296),
[2024-08-13 15:46:19,538][flwr][INFO] - 	        (1, 0.6161676514470265),
[2024-08-13 15:46:19,538][flwr][INFO] - 	        (2, 0.7592986705038441),
[2024-08-13 15:46:19,538][flwr][INFO] - 	        (3, 0.7603708054675934),
[2024-08-13 15:46:19,538][flwr][INFO] - 	        (4, 0.73484843009983),
[2024-08-13 15:46:19,538][flwr][INFO] - 	        (5, 0.7844313682665577),
[2024-08-13 15:46:19,538][flwr][INFO] - 	        (6, 0.8012738873327918),
[2024-08-13 15:46:19,538][flwr][INFO] - 	        (7, 0.7549781708103791),
[2024-08-13 15:46:19,538][flwr][INFO] - 	        (8, 0.8113211098349016),
[2024-08-13 15:46:19,539][flwr][INFO] - 	        (9, 0.7772276380137009),
[2024-08-13 15:46:19,539][flwr][INFO] - 	        (10, 0.8106611473757063)],
[2024-08-13 15:46:19,539][flwr][INFO] - 	 'precision': [(0, 0.009604000000000001),
[2024-08-13 15:46:19,539][flwr][INFO] - 	               (1, 0.7569377576987224),
[2024-08-13 15:46:19,539][flwr][INFO] - 	               (2, 0.7944845774803845),
[2024-08-13 15:46:19,539][flwr][INFO] - 	               (3, 0.8010256538246021),
[2024-08-13 15:46:19,539][flwr][INFO] - 	               (4, 0.7977291900838284),
[2024-08-13 15:46:19,539][flwr][INFO] - 	               (5, 0.8046926884283542),
[2024-08-13 15:46:19,539][flwr][INFO] - 	               (6, 0.8186571283529613),
[2024-08-13 15:46:19,539][flwr][INFO] - 	               (7, 0.7968105379724286),
[2024-08-13 15:46:19,539][flwr][INFO] - 	               (8, 0.8230705537098006),
[2024-08-13 15:46:19,539][flwr][INFO] - 	               (9, 0.8032461669668245),
[2024-08-13 15:46:19,539][flwr][INFO] - 	               (10, 0.8245900961703133)],
[2024-08-13 15:46:19,539][flwr][INFO] - 	 'recall': [(0, 0.098),
[2024-08-13 15:46:19,539][flwr][INFO] - 	            (1, 0.643),
[2024-08-13 15:46:19,539][flwr][INFO] - 	            (2, 0.7697),
[2024-08-13 15:46:19,539][flwr][INFO] - 	            (3, 0.765),
[2024-08-13 15:46:19,540][flwr][INFO] - 	            (4, 0.7566),
[2024-08-13 15:46:19,540][flwr][INFO] - 	            (5, 0.789),
[2024-08-13 15:46:19,540][flwr][INFO] - 	            (6, 0.8028),
[2024-08-13 15:46:19,540][flwr][INFO] - 	            (7, 0.7646),
[2024-08-13 15:46:19,540][flwr][INFO] - 	            (8, 0.8126),
[2024-08-13 15:46:19,540][flwr][INFO] - 	            (9, 0.7821),
[2024-08-13 15:46:19,540][flwr][INFO] - 	            (10, 0.8119)]}
[2024-08-13 15:46:19,540][flwr][INFO] - 
