[2024-08-13 13:36:26,423][flwr][INFO] - Starting Flower simulation, config: num_rounds=10, no round_timeout
[2024-08-13 13:36:30,755][flwr][INFO] - Flower VCE: Ray initialized with resources: {'CPU': 16.0, 'object_store_memory': 2527025971.0, 'memory': 5054051943.0, 'node:127.0.0.1': 1.0, 'node:__internal_head__': 1.0, 'accelerator_type:G': 1.0, 'GPU': 1.0}
[2024-08-13 13:36:30,756][flwr][INFO] - Optimize your simulation with Flower VCE: https://flower.ai/docs/framework/how-to-run-simulations.html
[2024-08-13 13:36:30,756][flwr][INFO] - Flower VCE: Resources for each Virtual Client: {'num_cpus': 2, 'num_gpus': 0.5}
[2024-08-13 13:36:30,767][flwr][INFO] - Flower VCE: Creating VirtualClientEngineActorPool with 2 actors
[2024-08-13 13:36:30,767][flwr][INFO] - [INIT]
[2024-08-13 13:36:30,767][flwr][INFO] - Requesting initial parameters from one random client
[2024-08-13 13:36:42,566][flwr][INFO] - Received initial parameters from one random client
[2024-08-13 13:36:42,566][flwr][INFO] - Evaluating initial global parameters
[2024-08-13 13:36:44,820][flwr][INFO] - initial parameters (loss, other metrics): 2.3025850929940455, {'accuracy': 0.098, 'precision': 0.009604000000000001, 'recall': 0.098, 'f1': 0.017493624772313296, 'confusion_matrix': array([[ 980,    0,    0,    0,    0,    0,    0,    0,    0,    0],
       [1135,    0,    0,    0,    0,    0,    0,    0,    0,    0],
       [1032,    0,    0,    0,    0,    0,    0,    0,    0,    0],
       [1010,    0,    0,    0,    0,    0,    0,    0,    0,    0],
       [ 982,    0,    0,    0,    0,    0,    0,    0,    0,    0],
       [ 892,    0,    0,    0,    0,    0,    0,    0,    0,    0],
       [ 958,    0,    0,    0,    0,    0,    0,    0,    0,    0],
       [1028,    0,    0,    0,    0,    0,    0,    0,    0,    0],
       [ 974,    0,    0,    0,    0,    0,    0,    0,    0,    0],
       [1009,    0,    0,    0,    0,    0,    0,    0,    0,    0]],
      dtype=int64)}
[2024-08-13 13:36:44,821][flwr][INFO] - 
[2024-08-13 13:36:44,821][flwr][INFO] - [ROUND 1]
[2024-08-13 13:36:44,822][flwr][INFO] - configure_fit: strategy sampled 10 clients (out of 10)
[2024-08-13 13:36:53,549][flwr][INFO] - aggregate_fit: received 10 results and 0 failures
[2024-08-13 13:36:53,553][flwr][WARNING] - No fit_metrics_aggregation_fn provided
[2024-08-13 13:36:55,643][flwr][INFO] - fit progress: (1, 4.8268352871508675, {'accuracy': 0.0192, 'precision': 0.015292357618392958, 'recall': 0.0192, 'f1': 0.016752796062844896, 'confusion_matrix': array([[   0,  949,    0,    1,    5,    0,    0,   10,    1,   14],
       [   0,    0, 1082,    2,    5,    0,    0,    3,    1,   42],
       [   4,   67,   69,  721,   34,    6,    0,   34,   18,   79],
       [   3,   31,   16,   17,  837,    0,    0,   10,   12,   84],
       [ 233,   14,   18,    1,    5,  552,    0,   54,    5,  100],
       [  45,  169,   68,    1,  266,    5,    5,   34,   28,  271],
       [   0,   77,   22,    8,    2,    2,    0,  824,    1,   22],
       [  34,   19,   54,   10,    1,    1,    0,    3,  859,   47],
       [   8,   30,   17,    4,   90,    1,    0,   13,    9,  802],
       [ 781,   33,   18,    6,   18,   12,    0,    4,   53,   84]],
      dtype=int64)}, 10.82263409999723)
[2024-08-13 13:36:55,644][flwr][INFO] - configure_evaluate: no clients selected, skipping evaluation
[2024-08-13 13:36:55,644][flwr][INFO] - 
[2024-08-13 13:36:55,644][flwr][INFO] - [ROUND 2]
[2024-08-13 13:36:55,645][flwr][INFO] - configure_fit: strategy sampled 10 clients (out of 10)
[2024-08-13 13:37:02,410][flwr][INFO] - aggregate_fit: received 10 results and 0 failures
[2024-08-13 13:37:04,501][flwr][INFO] - fit progress: (2, 4.573940868264774, {'accuracy': 0.0178, 'precision': 0.019241693950873467, 'recall': 0.0178, 'f1': 0.017835795857906088, 'confusion_matrix': array([[   0,  927,    0,    7,    7,    0,    2,   28,    1,    8],
       [   0,    0, 1093,   20,    6,    0,    0,    6,    1,    9],
       [   3,   33,   50,  840,   18,   17,    0,   30,   17,   24],
       [  13,   14,   15,   45,  867,    1,    4,   10,   20,   21],
       [  66,    6,   17,    5,    2,  831,    0,   38,    6,   11],
       [  49,   58,   60,   14,  212,   33,  367,   36,   37,   26],
       [   0,   40,   22,   14,    0,    8,   20,  852,    0,    2],
       [  37,    8,   50,   34,    0,   11,    0,    4,  880,    4],
       [  36,   25,   33,   35,  122,    8,    5,   20,   14,  676],
       [ 811,   25,   19,    9,   16,   57,    1,    4,   57,   10]],
      dtype=int64)}, 19.679913100000704)
[2024-08-13 13:37:04,502][flwr][INFO] - configure_evaluate: no clients selected, skipping evaluation
[2024-08-13 13:37:04,502][flwr][INFO] - 
[2024-08-13 13:37:04,502][flwr][INFO] - [ROUND 3]
[2024-08-13 13:37:04,502][flwr][INFO] - configure_fit: strategy sampled 10 clients (out of 10)
[2024-08-13 13:37:11,098][flwr][INFO] - aggregate_fit: received 10 results and 0 failures
[2024-08-13 13:37:13,186][flwr][INFO] - fit progress: (3, 4.462138857547651, {'accuracy': 0.0188, 'precision': 0.0187370474904255, 'recall': 0.0188, 'f1': 0.018644128943475155, 'confusion_matrix': array([[   1,  904,    0,    5,    3,    0,   33,   25,    1,    8],
       [   0,    0, 1083,   12,    2,    0,    9,    5,    1,   23],
       [   4,   27,   44,  820,   15,   23,    0,   35,   20,   44],
       [   8,   10,   15,   40,  813,    1,   34,   10,   20,   59],
       [  52,    3,   13,    2,    1,  858,    2,   31,    5,   15],
       [  30,   28,   45,    7,   84,   31,  601,   25,   21,   20],
       [   0,   29,   15,   14,    2,    9,   34,  851,    0,    4],
       [  43,    5,   44,   27,    0,   12,    0,    3,  879,   15],
       [  20,   13,   18,   18,   54,    9,   23,   18,   11,  790],
       [ 803,   16,   15,    8,   12,   69,   11,    3,   49,   23]],
      dtype=int64)}, 28.365483200002927)
[2024-08-13 13:37:13,187][flwr][INFO] - configure_evaluate: no clients selected, skipping evaluation
[2024-08-13 13:37:13,187][flwr][INFO] - 
[2024-08-13 13:37:13,187][flwr][INFO] - [ROUND 4]
[2024-08-13 13:37:13,187][flwr][INFO] - configure_fit: strategy sampled 10 clients (out of 10)
[2024-08-13 13:37:19,734][flwr][INFO] - aggregate_fit: received 10 results and 0 failures
[2024-08-13 13:37:21,826][flwr][INFO] - fit progress: (4, 4.26545042289601, {'accuracy': 0.0163, 'precision': 0.01662927599215536, 'recall': 0.0163, 'f1': 0.016325931786506903, 'confusion_matrix': array([[  19,  879,    0,    5,   12,    0,   33,   28,    1,    3],
       [   0,    0, 1084,   12,   12,    0,    7,    5,    0,   15],
       [  13,   15,   27,  843,   31,   20,    0,   30,   24,   29],
       [  15,    5,    5,   20,  905,    1,   16,   10,   21,   12],
       [  63,    0,    9,    2,    3,  869,    1,   26,    3,    6],
       [  45,   11,   32,    4,  125,   34,  586,   26,   20,    9],
       [   0,   15,   11,   13,    3,   10,   37,  869,    0,    0],
       [  57,    2,   35,   25,    3,   13,    0,    3,  884,    6],
       [  43,    4,   16,   17,  124,   13,   29,   18,   15,  695],
       [ 865,    4,   11,    6,   18,   45,   13,    5,   37,    5]],
      dtype=int64)}, 37.004626399997505)
[2024-08-13 13:37:21,827][flwr][INFO] - configure_evaluate: no clients selected, skipping evaluation
[2024-08-13 13:37:21,827][flwr][INFO] - 
[2024-08-13 13:37:21,827][flwr][INFO] - [ROUND 5]
[2024-08-13 13:37:21,827][flwr][INFO] - configure_fit: strategy sampled 10 clients (out of 10)
[2024-08-13 13:37:28,409][flwr][INFO] - aggregate_fit: received 10 results and 0 failures
[2024-08-13 13:37:30,506][flwr][INFO] - fit progress: (5, 4.205327294779119, {'accuracy': 0.0182, 'precision': 0.017691300690186155, 'recall': 0.0182, 'f1': 0.017861862688281376, 'confusion_matrix': array([[   3,  911,    0,    3,    2,    0,   16,   27,    1,   17],
       [   0,    0, 1080,    4,    3,    0,    9,    5,    0,   34],
       [   2,   18,   29,  840,   13,   25,    0,   32,   27,   46],
       [   4,    8,    7,   36,  804,    1,   52,   10,   24,   64],
       [  29,    1,    8,    2,    1,  896,    2,   23,    4,   16],
       [  20,   17,   32,    6,   38,   31,  663,   25,   25,   35],
       [   0,   19,   11,   13,    2,   11,   34,  863,    0,    5],
       [  34,    3,   33,   24,    0,   17,    0,    1,  901,   15],
       [   8,    5,   12,   12,   28,   12,   22,   15,   16,  844],
       [ 777,    7,   10,    7,    9,   90,   16,    4,   58,   31]],
      dtype=int64)}, 45.68565339999623)
[2024-08-13 13:37:30,507][flwr][INFO] - configure_evaluate: no clients selected, skipping evaluation
[2024-08-13 13:37:30,507][flwr][INFO] - 
[2024-08-13 13:37:30,507][flwr][INFO] - [ROUND 6]
[2024-08-13 13:37:30,508][flwr][INFO] - configure_fit: strategy sampled 10 clients (out of 10)
[2024-08-13 13:37:36,999][flwr][INFO] - aggregate_fit: received 10 results and 0 failures
[2024-08-13 13:37:39,099][flwr][INFO] - fit progress: (6, 4.164873146373611, {'accuracy': 0.0164, 'precision': 0.016579831611093353, 'recall': 0.0164, 'f1': 0.01638449355641143, 'confusion_matrix': array([[  11,  912,    0,    3,    6,    0,   19,   26,    1,    2],
       [   0,    0, 1094,    9,    8,    0,    7,    6,    0,   11],
       [  19,   16,   33,  850,   19,   15,    0,   31,   21,   28],
       [  19,    8,    6,   27,  878,    1,   29,   10,   18,   14],
       [  76,    1,   10,    3,    2,  855,    1,   26,    3,    5],
       [  43,   18,   33,    5,   84,   30,  627,   27,   17,    8],
       [   0,   19,   11,   12,    2,    7,   37,  870,    0,    0],
       [  67,    3,   39,   25,    2,   11,    0,    3,  875,    3],
       [  42,    8,   25,   20,   88,   12,   31,   20,   16,  712],
       [ 882,    6,   11,    6,   16,   37,   14,    5,   27,    5]],
      dtype=int64)}, 54.277941499996814)
[2024-08-13 13:37:39,100][flwr][INFO] - configure_evaluate: no clients selected, skipping evaluation
[2024-08-13 13:37:39,100][flwr][INFO] - 
[2024-08-13 13:37:39,100][flwr][INFO] - [ROUND 7]
[2024-08-13 13:37:39,100][flwr][INFO] - configure_fit: strategy sampled 10 clients (out of 10)
[2024-08-13 13:37:45,814][flwr][INFO] - aggregate_fit: received 10 results and 0 failures
[2024-08-13 13:37:47,943][flwr][INFO] - fit progress: (7, 4.112206678693162, {'accuracy': 0.0178, 'precision': 0.017408673560147, 'recall': 0.0178, 'f1': 0.017512923516056555, 'confusion_matrix': array([[   3,  918,    0,    3,    2,    0,   13,   26,    1,   14],
       [   0,    0, 1090,    3,    5,    0,    7,    5,    0,   25],
       [   3,   16,   34,  844,   14,   24,    0,   32,   27,   38],
       [   3,    8,    7,   29,  835,    1,   43,   11,   25,   48],
       [  26,    1,    8,    2,    2,  898,    2,   23,    4,   16],
       [  16,   19,   32,    5,   46,   31,  665,   26,   22,   30],
       [   0,   19,   10,   11,    2,   10,   36,  866,    0,    4],
       [  32,    3,   33,   23,    2,   17,    0,    1,  904,   13],
       [   7,    4,   12,   12,   33,   11,   23,   17,   16,  839],
       [ 774,    9,    9,    7,   11,   94,   15,    5,   59,   26]],
      dtype=int64)}, 63.12279280000075)
[2024-08-13 13:37:47,944][flwr][INFO] - configure_evaluate: no clients selected, skipping evaluation
[2024-08-13 13:37:47,944][flwr][INFO] - 
[2024-08-13 13:37:47,944][flwr][INFO] - [ROUND 8]
[2024-08-13 13:37:47,945][flwr][INFO] - configure_fit: strategy sampled 10 clients (out of 10)
[2024-08-13 13:37:54,673][flwr][INFO] - aggregate_fit: received 10 results and 0 failures
[2024-08-13 13:37:56,755][flwr][INFO] - fit progress: (8, 4.073530859213613, {'accuracy': 0.0162, 'precision': 0.016274158588940806, 'recall': 0.0162, 'f1': 0.016152858384643143, 'confusion_matrix': array([[  10,  917,    0,    3,    4,    0,   15,   27,    1,    3],
       [   0,    0, 1100,    5,    5,    0,    6,    5,    0,   14],
       [  18,   16,   35,  849,   18,   15,    1,   29,   21,   30],
       [  20,    8,    6,   28,  862,    1,   36,   10,   18,   21],
       [  67,    0,   10,    3,    2,  861,    2,   26,    3,    8],
       [  40,   18,   30,    5,   65,   27,  655,   26,   16,   10],
       [   0,   19,   10,    9,    2,    7,   38,  873,    0,    0],
       [  68,    2,   38,   24,    2,   12,    0,    2,  875,    5],
       [  32,    7,   20,   15,   59,   10,   28,   21,   13,  769],
       [ 878,    6,   10,    6,   16,   40,   15,    4,   27,    7]],
      dtype=int64)}, 71.93450220000523)
[2024-08-13 13:37:56,756][flwr][INFO] - configure_evaluate: no clients selected, skipping evaluation
[2024-08-13 13:37:56,756][flwr][INFO] - 
[2024-08-13 13:37:56,756][flwr][INFO] - [ROUND 9]
[2024-08-13 13:37:56,756][flwr][INFO] - configure_fit: strategy sampled 10 clients (out of 10)
[2024-08-13 13:38:03,488][flwr][INFO] - aggregate_fit: received 10 results and 0 failures
[2024-08-13 13:38:05,715][flwr][INFO] - fit progress: (9, 4.0175398772698605, {'accuracy': 0.019, 'precision': 0.018447765876964593, 'recall': 0.019, 'f1': 0.018597126658242986, 'confusion_matrix': array([[   4,  925,    0,    1,    3,    1,    9,   23,    1,   13],
       [   0,    0, 1094,    2,    3,    0,    6,    5,    0,   25],
       [   3,   15,   33,  840,   15,   25,    1,   31,   29,   40],
       [   2,    8,    7,   29,  843,    1,   40,   11,   24,   45],
       [  17,    0,    7,    2,    1,  912,    2,   21,    4,   16],
       [  13,   18,   26,    5,   45,   35,  667,   24,   22,   37],
       [   0,   19,    9,    9,    2,   10,   37,  865,    0,    7],
       [  24,    3,   33,   23,    3,   17,    0,    1,  912,   12],
       [   4,    5,   13,    9,   32,   12,   20,   15,   17,  847],
       [ 718,   10,    8,    7,   11,  136,   12,    5,   69,   33]],
      dtype=int64)}, 80.89401180000277)
[2024-08-13 13:38:05,715][flwr][INFO] - configure_evaluate: no clients selected, skipping evaluation
[2024-08-13 13:38:05,716][flwr][INFO] - 
[2024-08-13 13:38:05,716][flwr][INFO] - [ROUND 10]
[2024-08-13 13:38:05,716][flwr][INFO] - configure_fit: strategy sampled 10 clients (out of 10)
[2024-08-13 13:38:12,274][flwr][INFO] - aggregate_fit: received 10 results and 0 failures
[2024-08-13 13:38:14,363][flwr][INFO] - fit progress: (10, 3.9914265463317142, {'accuracy': 0.0164, 'precision': 0.016365559574228996, 'recall': 0.0164, 'f1': 0.016314165046664303, 'confusion_matrix': array([[   7,  923,    0,    1,    4,    1,   12,   25,    1,    6],
       [   0,    0, 1101,    4,    4,    0,    6,    5,    0,   15],
       [  11,   16,   34,  849,   17,   17,    1,   31,   23,   33],
       [  10,    8,    6,   29,  860,    1,   39,   10,   21,   26],
       [  50,    0,    8,    2,    2,  880,    2,   25,    3,   10],
       [  29,   17,   26,    5,   53,   27,  680,   24,   17,   14],
       [   0,   19,    9,    9,    2,    7,   39,  871,    0,    2],
       [  56,    2,   35,   26,    3,   12,    0,    2,  887,    5],
       [  17,    5,   18,   11,   45,   12,   24,   20,   15,  807],
       [ 856,    5,    9,    6,   15,   51,   17,    4,   37,    9]],
      dtype=int64)}, 89.54221400000097)
[2024-08-13 13:38:14,364][flwr][INFO] - configure_evaluate: no clients selected, skipping evaluation
[2024-08-13 13:38:14,364][flwr][INFO] - 
[2024-08-13 13:38:14,364][flwr][INFO] - [SUMMARY]
[2024-08-13 13:38:14,364][flwr][INFO] - Run finished 10 round(s) in 89.54s
[2024-08-13 13:38:14,372][flwr][INFO] - 	History (loss, centralized):
[2024-08-13 13:38:14,372][flwr][INFO] - 		round 0: 2.3025850929940455
[2024-08-13 13:38:14,373][flwr][INFO] - 		round 1: 4.8268352871508675
[2024-08-13 13:38:14,373][flwr][INFO] - 		round 2: 4.573940868264774
[2024-08-13 13:38:14,373][flwr][INFO] - 		round 3: 4.462138857547651
[2024-08-13 13:38:14,373][flwr][INFO] - 		round 4: 4.26545042289601
[2024-08-13 13:38:14,373][flwr][INFO] - 		round 5: 4.205327294779119
[2024-08-13 13:38:14,373][flwr][INFO] - 		round 6: 4.164873146373611
[2024-08-13 13:38:14,373][flwr][INFO] - 		round 7: 4.112206678693162
[2024-08-13 13:38:14,373][flwr][INFO] - 		round 8: 4.073530859213613
[2024-08-13 13:38:14,373][flwr][INFO] - 		round 9: 4.0175398772698605
[2024-08-13 13:38:14,373][flwr][INFO] - 		round 10: 3.9914265463317142
[2024-08-13 13:38:14,373][flwr][INFO] - 	History (metrics, centralized):
[2024-08-13 13:38:14,373][flwr][INFO] - 	{'accuracy': [(0, 0.098),
[2024-08-13 13:38:14,373][flwr][INFO] - 	              (1, 0.0192),
[2024-08-13 13:38:14,373][flwr][INFO] - 	              (2, 0.0178),
[2024-08-13 13:38:14,373][flwr][INFO] - 	              (3, 0.0188),
[2024-08-13 13:38:14,373][flwr][INFO] - 	              (4, 0.0163),
[2024-08-13 13:38:14,374][flwr][INFO] - 	              (5, 0.0182),
[2024-08-13 13:38:14,374][flwr][INFO] - 	              (6, 0.0164),
[2024-08-13 13:38:14,374][flwr][INFO] - 	              (7, 0.0178),
[2024-08-13 13:38:14,374][flwr][INFO] - 	              (8, 0.0162),
[2024-08-13 13:38:14,374][flwr][INFO] - 	              (9, 0.019),
[2024-08-13 13:38:14,374][flwr][INFO] - 	              (10, 0.0164)],
[2024-08-13 13:38:14,374][flwr][INFO] - 	 'confusion_matrix': [(0,
[2024-08-13 13:38:14,374][flwr][INFO] - 	                       array([[ 980,    0,    0,    0,    0,    0,    0,    0,    0,    0],
[2024-08-13 13:38:14,374][flwr][INFO] - 	       [1135,    0,    0,    0,    0,    0,    0,    0,    0,    0],
[2024-08-13 13:38:14,374][flwr][INFO] - 	       [1032,    0,    0,    0,    0,    0,    0,    0,    0,    0],
[2024-08-13 13:38:14,374][flwr][INFO] - 	       [1010,    0,    0,    0,    0,    0,    0,    0,    0,    0],
[2024-08-13 13:38:14,374][flwr][INFO] - 	       [ 982,    0,    0,    0,    0,    0,    0,    0,    0,    0],
[2024-08-13 13:38:14,374][flwr][INFO] - 	       [ 892,    0,    0,    0,    0,    0,    0,    0,    0,    0],
[2024-08-13 13:38:14,374][flwr][INFO] - 	       [ 958,    0,    0,    0,    0,    0,    0,    0,    0,    0],
[2024-08-13 13:38:14,374][flwr][INFO] - 	       [1028,    0,    0,    0,    0,    0,    0,    0,    0,    0],
[2024-08-13 13:38:14,374][flwr][INFO] - 	       [ 974,    0,    0,    0,    0,    0,    0,    0,    0,    0],
[2024-08-13 13:38:14,374][flwr][INFO] - 	       [1009,    0,    0,    0,    0,    0,    0,    0,    0,    0]],
[2024-08-13 13:38:14,375][flwr][INFO] - 	      dtype=int64)),
[2024-08-13 13:38:14,375][flwr][INFO] - 	                      (1,
[2024-08-13 13:38:14,375][flwr][INFO] - 	                       array([[   0,  949,    0,    1,    5,    0,    0,   10,    1,   14],
[2024-08-13 13:38:14,375][flwr][INFO] - 	       [   0,    0, 1082,    2,    5,    0,    0,    3,    1,   42],
[2024-08-13 13:38:14,375][flwr][INFO] - 	       [   4,   67,   69,  721,   34,    6,    0,   34,   18,   79],
[2024-08-13 13:38:14,375][flwr][INFO] - 	       [   3,   31,   16,   17,  837,    0,    0,   10,   12,   84],
[2024-08-13 13:38:14,375][flwr][INFO] - 	       [ 233,   14,   18,    1,    5,  552,    0,   54,    5,  100],
[2024-08-13 13:38:14,375][flwr][INFO] - 	       [  45,  169,   68,    1,  266,    5,    5,   34,   28,  271],
[2024-08-13 13:38:14,375][flwr][INFO] - 	       [   0,   77,   22,    8,    2,    2,    0,  824,    1,   22],
[2024-08-13 13:38:14,375][flwr][INFO] - 	       [  34,   19,   54,   10,    1,    1,    0,    3,  859,   47],
[2024-08-13 13:38:14,375][flwr][INFO] - 	       [   8,   30,   17,    4,   90,    1,    0,   13,    9,  802],
[2024-08-13 13:38:14,375][flwr][INFO] - 	       [ 781,   33,   18,    6,   18,   12,    0,    4,   53,   84]],
[2024-08-13 13:38:14,375][flwr][INFO] - 	      dtype=int64)),
[2024-08-13 13:38:14,375][flwr][INFO] - 	                      (2,
[2024-08-13 13:38:14,375][flwr][INFO] - 	                       array([[   0,  927,    0,    7,    7,    0,    2,   28,    1,    8],
[2024-08-13 13:38:14,375][flwr][INFO] - 	       [   0,    0, 1093,   20,    6,    0,    0,    6,    1,    9],
[2024-08-13 13:38:14,375][flwr][INFO] - 	       [   3,   33,   50,  840,   18,   17,    0,   30,   17,   24],
[2024-08-13 13:38:14,376][flwr][INFO] - 	       [  13,   14,   15,   45,  867,    1,    4,   10,   20,   21],
[2024-08-13 13:38:14,376][flwr][INFO] - 	       [  66,    6,   17,    5,    2,  831,    0,   38,    6,   11],
[2024-08-13 13:38:14,376][flwr][INFO] - 	       [  49,   58,   60,   14,  212,   33,  367,   36,   37,   26],
[2024-08-13 13:38:14,376][flwr][INFO] - 	       [   0,   40,   22,   14,    0,    8,   20,  852,    0,    2],
[2024-08-13 13:38:14,376][flwr][INFO] - 	       [  37,    8,   50,   34,    0,   11,    0,    4,  880,    4],
[2024-08-13 13:38:14,376][flwr][INFO] - 	       [  36,   25,   33,   35,  122,    8,    5,   20,   14,  676],
[2024-08-13 13:38:14,376][flwr][INFO] - 	       [ 811,   25,   19,    9,   16,   57,    1,    4,   57,   10]],
[2024-08-13 13:38:14,376][flwr][INFO] - 	      dtype=int64)),
[2024-08-13 13:38:14,376][flwr][INFO] - 	                      (3,
[2024-08-13 13:38:14,376][flwr][INFO] - 	                       array([[   1,  904,    0,    5,    3,    0,   33,   25,    1,    8],
[2024-08-13 13:38:14,376][flwr][INFO] - 	       [   0,    0, 1083,   12,    2,    0,    9,    5,    1,   23],
[2024-08-13 13:38:14,376][flwr][INFO] - 	       [   4,   27,   44,  820,   15,   23,    0,   35,   20,   44],
[2024-08-13 13:38:14,376][flwr][INFO] - 	       [   8,   10,   15,   40,  813,    1,   34,   10,   20,   59],
[2024-08-13 13:38:14,376][flwr][INFO] - 	       [  52,    3,   13,    2,    1,  858,    2,   31,    5,   15],
[2024-08-13 13:38:14,376][flwr][INFO] - 	       [  30,   28,   45,    7,   84,   31,  601,   25,   21,   20],
[2024-08-13 13:38:14,376][flwr][INFO] - 	       [   0,   29,   15,   14,    2,    9,   34,  851,    0,    4],
[2024-08-13 13:38:14,376][flwr][INFO] - 	       [  43,    5,   44,   27,    0,   12,    0,    3,  879,   15],
[2024-08-13 13:38:14,377][flwr][INFO] - 	       [  20,   13,   18,   18,   54,    9,   23,   18,   11,  790],
[2024-08-13 13:38:14,377][flwr][INFO] - 	       [ 803,   16,   15,    8,   12,   69,   11,    3,   49,   23]],
[2024-08-13 13:38:14,377][flwr][INFO] - 	      dtype=int64)),
[2024-08-13 13:38:14,377][flwr][INFO] - 	                      (4,
[2024-08-13 13:38:14,377][flwr][INFO] - 	                       array([[  19,  879,    0,    5,   12,    0,   33,   28,    1,    3],
[2024-08-13 13:38:14,377][flwr][INFO] - 	       [   0,    0, 1084,   12,   12,    0,    7,    5,    0,   15],
[2024-08-13 13:38:14,377][flwr][INFO] - 	       [  13,   15,   27,  843,   31,   20,    0,   30,   24,   29],
[2024-08-13 13:38:14,377][flwr][INFO] - 	       [  15,    5,    5,   20,  905,    1,   16,   10,   21,   12],
[2024-08-13 13:38:14,377][flwr][INFO] - 	       [  63,    0,    9,    2,    3,  869,    1,   26,    3,    6],
[2024-08-13 13:38:14,377][flwr][INFO] - 	       [  45,   11,   32,    4,  125,   34,  586,   26,   20,    9],
[2024-08-13 13:38:14,377][flwr][INFO] - 	       [   0,   15,   11,   13,    3,   10,   37,  869,    0,    0],
[2024-08-13 13:38:14,377][flwr][INFO] - 	       [  57,    2,   35,   25,    3,   13,    0,    3,  884,    6],
[2024-08-13 13:38:14,377][flwr][INFO] - 	       [  43,    4,   16,   17,  124,   13,   29,   18,   15,  695],
[2024-08-13 13:38:14,377][flwr][INFO] - 	       [ 865,    4,   11,    6,   18,   45,   13,    5,   37,    5]],
[2024-08-13 13:38:14,377][flwr][INFO] - 	      dtype=int64)),
[2024-08-13 13:38:14,377][flwr][INFO] - 	                      (5,
[2024-08-13 13:38:14,377][flwr][INFO] - 	                       array([[   3,  911,    0,    3,    2,    0,   16,   27,    1,   17],
[2024-08-13 13:38:14,378][flwr][INFO] - 	       [   0,    0, 1080,    4,    3,    0,    9,    5,    0,   34],
[2024-08-13 13:38:14,378][flwr][INFO] - 	       [   2,   18,   29,  840,   13,   25,    0,   32,   27,   46],
[2024-08-13 13:38:14,378][flwr][INFO] - 	       [   4,    8,    7,   36,  804,    1,   52,   10,   24,   64],
[2024-08-13 13:38:14,378][flwr][INFO] - 	       [  29,    1,    8,    2,    1,  896,    2,   23,    4,   16],
[2024-08-13 13:38:14,378][flwr][INFO] - 	       [  20,   17,   32,    6,   38,   31,  663,   25,   25,   35],
[2024-08-13 13:38:14,378][flwr][INFO] - 	       [   0,   19,   11,   13,    2,   11,   34,  863,    0,    5],
[2024-08-13 13:38:14,378][flwr][INFO] - 	       [  34,    3,   33,   24,    0,   17,    0,    1,  901,   15],
[2024-08-13 13:38:14,378][flwr][INFO] - 	       [   8,    5,   12,   12,   28,   12,   22,   15,   16,  844],
[2024-08-13 13:38:14,378][flwr][INFO] - 	       [ 777,    7,   10,    7,    9,   90,   16,    4,   58,   31]],
[2024-08-13 13:38:14,378][flwr][INFO] - 	      dtype=int64)),
[2024-08-13 13:38:14,378][flwr][INFO] - 	                      (6,
[2024-08-13 13:38:14,378][flwr][INFO] - 	                       array([[  11,  912,    0,    3,    6,    0,   19,   26,    1,    2],
[2024-08-13 13:38:14,378][flwr][INFO] - 	       [   0,    0, 1094,    9,    8,    0,    7,    6,    0,   11],
[2024-08-13 13:38:14,378][flwr][INFO] - 	       [  19,   16,   33,  850,   19,   15,    0,   31,   21,   28],
[2024-08-13 13:38:14,378][flwr][INFO] - 	       [  19,    8,    6,   27,  878,    1,   29,   10,   18,   14],
[2024-08-13 13:38:14,378][flwr][INFO] - 	       [  76,    1,   10,    3,    2,  855,    1,   26,    3,    5],
[2024-08-13 13:38:14,378][flwr][INFO] - 	       [  43,   18,   33,    5,   84,   30,  627,   27,   17,    8],
[2024-08-13 13:38:14,379][flwr][INFO] - 	       [   0,   19,   11,   12,    2,    7,   37,  870,    0,    0],
[2024-08-13 13:38:14,379][flwr][INFO] - 	       [  67,    3,   39,   25,    2,   11,    0,    3,  875,    3],
[2024-08-13 13:38:14,379][flwr][INFO] - 	       [  42,    8,   25,   20,   88,   12,   31,   20,   16,  712],
[2024-08-13 13:38:14,379][flwr][INFO] - 	       [ 882,    6,   11,    6,   16,   37,   14,    5,   27,    5]],
[2024-08-13 13:38:14,379][flwr][INFO] - 	      dtype=int64)),
[2024-08-13 13:38:14,379][flwr][INFO] - 	                      (7,
[2024-08-13 13:38:14,379][flwr][INFO] - 	                       array([[   3,  918,    0,    3,    2,    0,   13,   26,    1,   14],
[2024-08-13 13:38:14,379][flwr][INFO] - 	       [   0,    0, 1090,    3,    5,    0,    7,    5,    0,   25],
[2024-08-13 13:38:14,379][flwr][INFO] - 	       [   3,   16,   34,  844,   14,   24,    0,   32,   27,   38],
[2024-08-13 13:38:14,379][flwr][INFO] - 	       [   3,    8,    7,   29,  835,    1,   43,   11,   25,   48],
[2024-08-13 13:38:14,379][flwr][INFO] - 	       [  26,    1,    8,    2,    2,  898,    2,   23,    4,   16],
[2024-08-13 13:38:14,379][flwr][INFO] - 	       [  16,   19,   32,    5,   46,   31,  665,   26,   22,   30],
[2024-08-13 13:38:14,379][flwr][INFO] - 	       [   0,   19,   10,   11,    2,   10,   36,  866,    0,    4],
[2024-08-13 13:38:14,379][flwr][INFO] - 	       [  32,    3,   33,   23,    2,   17,    0,    1,  904,   13],
[2024-08-13 13:38:14,379][flwr][INFO] - 	       [   7,    4,   12,   12,   33,   11,   23,   17,   16,  839],
[2024-08-13 13:38:14,379][flwr][INFO] - 	       [ 774,    9,    9,    7,   11,   94,   15,    5,   59,   26]],
[2024-08-13 13:38:14,379][flwr][INFO] - 	      dtype=int64)),
[2024-08-13 13:38:14,380][flwr][INFO] - 	                      (8,
[2024-08-13 13:38:14,380][flwr][INFO] - 	                       array([[  10,  917,    0,    3,    4,    0,   15,   27,    1,    3],
[2024-08-13 13:38:14,380][flwr][INFO] - 	       [   0,    0, 1100,    5,    5,    0,    6,    5,    0,   14],
[2024-08-13 13:38:14,380][flwr][INFO] - 	       [  18,   16,   35,  849,   18,   15,    1,   29,   21,   30],
[2024-08-13 13:38:14,380][flwr][INFO] - 	       [  20,    8,    6,   28,  862,    1,   36,   10,   18,   21],
[2024-08-13 13:38:14,380][flwr][INFO] - 	       [  67,    0,   10,    3,    2,  861,    2,   26,    3,    8],
[2024-08-13 13:38:14,380][flwr][INFO] - 	       [  40,   18,   30,    5,   65,   27,  655,   26,   16,   10],
[2024-08-13 13:38:14,380][flwr][INFO] - 	       [   0,   19,   10,    9,    2,    7,   38,  873,    0,    0],
[2024-08-13 13:38:14,380][flwr][INFO] - 	       [  68,    2,   38,   24,    2,   12,    0,    2,  875,    5],
[2024-08-13 13:38:14,380][flwr][INFO] - 	       [  32,    7,   20,   15,   59,   10,   28,   21,   13,  769],
[2024-08-13 13:38:14,380][flwr][INFO] - 	       [ 878,    6,   10,    6,   16,   40,   15,    4,   27,    7]],
[2024-08-13 13:38:14,380][flwr][INFO] - 	      dtype=int64)),
[2024-08-13 13:38:14,380][flwr][INFO] - 	                      (9,
[2024-08-13 13:38:14,380][flwr][INFO] - 	                       array([[   4,  925,    0,    1,    3,    1,    9,   23,    1,   13],
[2024-08-13 13:38:14,380][flwr][INFO] - 	       [   0,    0, 1094,    2,    3,    0,    6,    5,    0,   25],
[2024-08-13 13:38:14,381][flwr][INFO] - 	       [   3,   15,   33,  840,   15,   25,    1,   31,   29,   40],
[2024-08-13 13:38:14,381][flwr][INFO] - 	       [   2,    8,    7,   29,  843,    1,   40,   11,   24,   45],
[2024-08-13 13:38:14,381][flwr][INFO] - 	       [  17,    0,    7,    2,    1,  912,    2,   21,    4,   16],
[2024-08-13 13:38:14,381][flwr][INFO] - 	       [  13,   18,   26,    5,   45,   35,  667,   24,   22,   37],
[2024-08-13 13:38:14,381][flwr][INFO] - 	       [   0,   19,    9,    9,    2,   10,   37,  865,    0,    7],
[2024-08-13 13:38:14,381][flwr][INFO] - 	       [  24,    3,   33,   23,    3,   17,    0,    1,  912,   12],
[2024-08-13 13:38:14,381][flwr][INFO] - 	       [   4,    5,   13,    9,   32,   12,   20,   15,   17,  847],
[2024-08-13 13:38:14,381][flwr][INFO] - 	       [ 718,   10,    8,    7,   11,  136,   12,    5,   69,   33]],
[2024-08-13 13:38:14,381][flwr][INFO] - 	      dtype=int64)),
[2024-08-13 13:38:14,381][flwr][INFO] - 	                      (10,
[2024-08-13 13:38:14,381][flwr][INFO] - 	                       array([[   7,  923,    0,    1,    4,    1,   12,   25,    1,    6],
[2024-08-13 13:38:14,381][flwr][INFO] - 	       [   0,    0, 1101,    4,    4,    0,    6,    5,    0,   15],
[2024-08-13 13:38:14,381][flwr][INFO] - 	       [  11,   16,   34,  849,   17,   17,    1,   31,   23,   33],
[2024-08-13 13:38:14,381][flwr][INFO] - 	       [  10,    8,    6,   29,  860,    1,   39,   10,   21,   26],
[2024-08-13 13:38:14,381][flwr][INFO] - 	       [  50,    0,    8,    2,    2,  880,    2,   25,    3,   10],
[2024-08-13 13:38:14,381][flwr][INFO] - 	       [  29,   17,   26,    5,   53,   27,  680,   24,   17,   14],
[2024-08-13 13:38:14,381][flwr][INFO] - 	       [   0,   19,    9,    9,    2,    7,   39,  871,    0,    2],
[2024-08-13 13:38:14,382][flwr][INFO] - 	       [  56,    2,   35,   26,    3,   12,    0,    2,  887,    5],
[2024-08-13 13:38:14,382][flwr][INFO] - 	       [  17,    5,   18,   11,   45,   12,   24,   20,   15,  807],
[2024-08-13 13:38:14,382][flwr][INFO] - 	       [ 856,    5,    9,    6,   15,   51,   17,    4,   37,    9]],
[2024-08-13 13:38:14,382][flwr][INFO] - 	      dtype=int64))],
[2024-08-13 13:38:14,382][flwr][INFO] - 	 'f1': [(0, 0.017493624772313296),
[2024-08-13 13:38:14,382][flwr][INFO] - 	        (1, 0.016752796062844896),
[2024-08-13 13:38:14,382][flwr][INFO] - 	        (2, 0.017835795857906088),
[2024-08-13 13:38:14,382][flwr][INFO] - 	        (3, 0.018644128943475155),
[2024-08-13 13:38:14,382][flwr][INFO] - 	        (4, 0.016325931786506903),
[2024-08-13 13:38:14,382][flwr][INFO] - 	        (5, 0.017861862688281376),
[2024-08-13 13:38:14,382][flwr][INFO] - 	        (6, 0.01638449355641143),
[2024-08-13 13:38:14,382][flwr][INFO] - 	        (7, 0.017512923516056555),
[2024-08-13 13:38:14,382][flwr][INFO] - 	        (8, 0.016152858384643143),
[2024-08-13 13:38:14,382][flwr][INFO] - 	        (9, 0.018597126658242986),
[2024-08-13 13:38:14,382][flwr][INFO] - 	        (10, 0.016314165046664303)],
[2024-08-13 13:38:14,382][flwr][INFO] - 	 'precision': [(0, 0.009604000000000001),
[2024-08-13 13:38:14,382][flwr][INFO] - 	               (1, 0.015292357618392958),
[2024-08-13 13:38:14,383][flwr][INFO] - 	               (2, 0.019241693950873467),
[2024-08-13 13:38:14,383][flwr][INFO] - 	               (3, 0.0187370474904255),
[2024-08-13 13:38:14,383][flwr][INFO] - 	               (4, 0.01662927599215536),
[2024-08-13 13:38:14,383][flwr][INFO] - 	               (5, 0.017691300690186155),
[2024-08-13 13:38:14,383][flwr][INFO] - 	               (6, 0.016579831611093353),
[2024-08-13 13:38:14,383][flwr][INFO] - 	               (7, 0.017408673560147),
[2024-08-13 13:38:14,383][flwr][INFO] - 	               (8, 0.016274158588940806),
[2024-08-13 13:38:14,383][flwr][INFO] - 	               (9, 0.018447765876964593),
[2024-08-13 13:38:14,383][flwr][INFO] - 	               (10, 0.016365559574228996)],
[2024-08-13 13:38:14,383][flwr][INFO] - 	 'recall': [(0, 0.098),
[2024-08-13 13:38:14,383][flwr][INFO] - 	            (1, 0.0192),
[2024-08-13 13:38:14,383][flwr][INFO] - 	            (2, 0.0178),
[2024-08-13 13:38:14,383][flwr][INFO] - 	            (3, 0.0188),
[2024-08-13 13:38:14,383][flwr][INFO] - 	            (4, 0.0163),
[2024-08-13 13:38:14,383][flwr][INFO] - 	            (5, 0.0182),
[2024-08-13 13:38:14,383][flwr][INFO] - 	            (6, 0.0164),
[2024-08-13 13:38:14,383][flwr][INFO] - 	            (7, 0.0178),
[2024-08-13 13:38:14,384][flwr][INFO] - 	            (8, 0.0162),
[2024-08-13 13:38:14,384][flwr][INFO] - 	            (9, 0.019),
[2024-08-13 13:38:14,384][flwr][INFO] - 	            (10, 0.0164)]}
[2024-08-13 13:38:14,384][flwr][INFO] - 
