[2024-08-13 15:53:58,860][flwr][INFO] - Starting Flower simulation, config: num_rounds=10, no round_timeout
[2024-08-13 15:54:02,991][flwr][INFO] - Flower VCE: Ray initialized with resources: {'GPU': 1.0, 'object_store_memory': 2501641420.0, 'memory': 5003282843.0, 'node:127.0.0.1': 1.0, 'accelerator_type:G': 1.0, 'CPU': 16.0, 'node:__internal_head__': 1.0}
[2024-08-13 15:54:02,992][flwr][INFO] - Optimize your simulation with Flower VCE: https://flower.ai/docs/framework/how-to-run-simulations.html
[2024-08-13 15:54:02,992][flwr][INFO] - Flower VCE: Resources for each Virtual Client: {'num_cpus': 2, 'num_gpus': 0.5}
[2024-08-13 15:54:03,004][flwr][INFO] - Flower VCE: Creating VirtualClientEngineActorPool with 2 actors
[2024-08-13 15:54:03,005][flwr][INFO] - [INIT]
[2024-08-13 15:54:03,005][flwr][INFO] - Requesting initial parameters from one random client
[2024-08-13 15:54:10,401][flwr][INFO] - Received initial parameters from one random client
[2024-08-13 15:54:10,402][flwr][INFO] - Evaluating initial global parameters
[2024-08-13 15:54:12,620][flwr][INFO] - initial parameters (loss, other metrics): 2.3025850929940455, {'accuracy': 0.098, 'precision': 0.009604000000000001, 'recall': 0.098, 'f1': 0.017493624772313296, 'confusion_matrix': array([[ 980,    0,    0,    0,    0,    0,    0,    0,    0,    0],
       [1135,    0,    0,    0,    0,    0,    0,    0,    0,    0],
       [1032,    0,    0,    0,    0,    0,    0,    0,    0,    0],
       [1010,    0,    0,    0,    0,    0,    0,    0,    0,    0],
       [ 982,    0,    0,    0,    0,    0,    0,    0,    0,    0],
       [ 892,    0,    0,    0,    0,    0,    0,    0,    0,    0],
       [ 958,    0,    0,    0,    0,    0,    0,    0,    0,    0],
       [1028,    0,    0,    0,    0,    0,    0,    0,    0,    0],
       [ 974,    0,    0,    0,    0,    0,    0,    0,    0,    0],
       [1009,    0,    0,    0,    0,    0,    0,    0,    0,    0]],
      dtype=int64)}
[2024-08-13 15:54:12,621][flwr][INFO] - 
[2024-08-13 15:54:12,621][flwr][INFO] - [ROUND 1]
[2024-08-13 15:54:12,622][flwr][INFO] - configure_fit: strategy sampled 10 clients (out of 100)
[2024-08-13 15:54:16,152][flwr][INFO] - aggregate_fit: received 10 results and 0 failures
[2024-08-13 15:54:16,155][flwr][WARNING] - No fit_metrics_aggregation_fn provided
[2024-08-13 15:54:18,384][flwr][INFO] - fit progress: (1, 0.9311938974420928, {'accuracy': 0.6943, 'precision': 0.706838949146464, 'recall': 0.6943, 'f1': 0.6633126913236074, 'confusion_matrix': array([[ 943,    0,    0,    4,    0,    0,   11,    0,   21,    1],
       [   0, 1004,    0,    5,    0,    0,    4,    0,  115,    7],
       [  79,   14,  630,   72,    5,    0,   37,   11,  149,   35],
       [  23,    6,    7,  807,    0,    0,    9,    6,  126,   26],
       [  17,    5,    0,    0,  302,    0,   25,    0,   44,  589],
       [ 130,   34,    1,  209,    3,    0,   39,    8,  367,  101],
       [  64,    9,    7,    1,    3,    0,  842,    1,   28,    3],
       [  22,   26,    5,    1,    0,    0,    1,  688,   91,  194],
       [  24,    2,    0,   67,    1,    0,   12,    2,  816,   50],
       [  35,    4,    2,    8,    6,    0,    3,    3,   37,  911]],
      dtype=int64)}, 5.762567700003274)
[2024-08-13 15:54:18,385][flwr][INFO] - configure_evaluate: no clients selected, skipping evaluation
[2024-08-13 15:54:18,385][flwr][INFO] - 
[2024-08-13 15:54:18,385][flwr][INFO] - [ROUND 2]
[2024-08-13 15:54:18,385][flwr][INFO] - configure_fit: strategy sampled 10 clients (out of 100)
[2024-08-13 15:54:19,568][flwr][INFO] - aggregate_fit: received 10 results and 0 failures
[2024-08-13 15:54:21,798][flwr][INFO] - fit progress: (2, 0.7387540910597161, {'accuracy': 0.7974, 'precision': 0.8155564903176671, 'recall': 0.7974, 'f1': 0.7887474204865419, 'confusion_matrix': array([[ 934,    0,    2,    9,    1,    2,   28,    1,    3,    0],
       [   0, 1070,   41,   12,    1,    1,    6,    1,    3,    0],
       [  36,   18,  818,   55,   31,    0,   27,   27,   20,    0],
       [   7,   10,   24,  903,    2,    4,    9,   21,   16,   14],
       [   6,    9,    3,    0,  892,    0,   25,    4,    3,   40],
       [  50,   56,   11,  209,   44,  386,   49,   49,   22,   16],
       [  35,   11,   16,    3,   18,    6,  868,    1,    0,    0],
       [   9,   36,   36,    1,   15,    0,    3,  915,    2,   11],
       [  30,   28,   30,  175,   29,    7,   28,   27,  590,   30],
       [  31,   14,    6,   15,  216,    1,    4,  120,    4,  598]],
      dtype=int64)}, 9.177618900008383)
[2024-08-13 15:54:21,799][flwr][INFO] - configure_evaluate: no clients selected, skipping evaluation
[2024-08-13 15:54:21,799][flwr][INFO] - 
[2024-08-13 15:54:21,799][flwr][INFO] - [ROUND 3]
[2024-08-13 15:54:21,800][flwr][INFO] - configure_fit: strategy sampled 10 clients (out of 100)
[2024-08-13 15:54:22,957][flwr][INFO] - aggregate_fit: received 10 results and 0 failures
[2024-08-13 15:54:25,187][flwr][INFO] - fit progress: (3, 0.6943322616569199, {'accuracy': 0.8361, 'precision': 0.839676879848481, 'recall': 0.8361, 'f1': 0.8356774171921705, 'confusion_matrix': array([[ 911,    0,    4,    1,    0,   23,   28,    1,   12,    0],
       [   0, 1071,   28,    2,    1,    5,    5,    1,   20,    2],
       [  24,   23,  833,   28,   24,    0,   24,   23,   46,    7],
       [   6,   11,   24,  789,    1,   61,    9,   16,   60,   33],
       [   6,    7,    2,    0,  751,    0,   23,    1,   11,  181],
       [  22,   53,    6,   52,   18,  631,   31,   17,   34,   28],
       [  22,   13,   18,    1,   15,   19,  866,    1,    3,    0],
       [   5,   37,   31,    0,   12,    0,    2,  858,   18,   65],
       [  11,   15,   13,   45,    7,   30,   17,    7,  774,   55],
       [  20,   10,    5,    5,   42,   11,    2,   21,   16,  877]],
      dtype=int64)}, 12.566059100005077)
[2024-08-13 15:54:25,188][flwr][INFO] - configure_evaluate: no clients selected, skipping evaluation
[2024-08-13 15:54:25,188][flwr][INFO] - 
[2024-08-13 15:54:25,188][flwr][INFO] - [ROUND 4]
[2024-08-13 15:54:25,189][flwr][INFO] - configure_fit: strategy sampled 10 clients (out of 100)
[2024-08-13 15:54:26,442][flwr][INFO] - aggregate_fit: received 10 results and 0 failures
[2024-08-13 15:54:28,679][flwr][INFO] - fit progress: (4, 0.6839562865557451, {'accuracy': 0.8268, 'precision': 0.8408501028024304, 'recall': 0.8268, 'f1': 0.8240201582063441, 'confusion_matrix': array([[ 916,    0,    4,   11,    2,   11,   30,    1,    5,    0],
       [   0, 1072,   30,   19,    1,    1,    5,    1,    6,    0],
       [  17,   16,  817,   80,   28,    0,   23,   26,   24,    1],
       [   4,    4,   15,  918,    2,   20,    8,   18,   14,    7],
       [   3,    8,    3,    0,  923,    2,   16,    2,    5,   20],
       [  15,   49,    7,  167,   42,  536,   32,   22,   15,    7],
       [  17,   10,   17,    3,   24,   16,  870,    1,    0,    0],
       [   4,   34,   32,    4,   20,    0,    1,  912,    6,   15],
       [  12,   19,   15,  180,   23,   17,   21,   17,  651,   19],
       [  20,   12,    5,   15,  210,    8,    3,   75,    8,  653]],
      dtype=int64)}, 16.058005700004287)
[2024-08-13 15:54:28,680][flwr][INFO] - configure_evaluate: no clients selected, skipping evaluation
[2024-08-13 15:54:28,680][flwr][INFO] - 
[2024-08-13 15:54:28,680][flwr][INFO] - [ROUND 5]
[2024-08-13 15:54:28,680][flwr][INFO] - configure_fit: strategy sampled 10 clients (out of 100)
[2024-08-13 15:54:29,845][flwr][INFO] - aggregate_fit: received 10 results and 0 failures
[2024-08-13 15:54:32,076][flwr][INFO] - fit progress: (5, 0.6592007740659844, {'accuracy': 0.8459, 'precision': 0.8521748770830916, 'recall': 0.8459, 'f1': 0.8457207906778323, 'confusion_matrix': array([[ 920,    0,    4,    1,    0,   12,   24,    1,   18,    0],
       [   0, 1070,   22,    3,    1,    1,    5,    1,   32,    0],
       [  19,   17,  830,   31,   15,    0,   24,   23,   60,   13],
       [   5,    7,   19,  816,    1,   45,    9,   13,   70,   25],
       [   4,    7,    3,    0,  737,    0,   24,    1,   20,  186],
       [  17,   50,    5,   50,   18,  629,   32,   17,   51,   23],
       [  18,   11,   16,    1,   11,   19,  878,    1,    3,    0],
       [   4,   33,   29,    0,   12,    0,    3,  855,   25,   67],
       [   6,   11,   11,   32,    6,   19,   18,    6,  826,   39],
       [  17,    9,    5,    5,   25,    8,    3,   17,   22,  898]],
      dtype=int64)}, 19.4550062000053)
[2024-08-13 15:54:32,077][flwr][INFO] - configure_evaluate: no clients selected, skipping evaluation
[2024-08-13 15:54:32,077][flwr][INFO] - 
[2024-08-13 15:54:32,077][flwr][INFO] - [ROUND 6]
[2024-08-13 15:54:32,077][flwr][INFO] - configure_fit: strategy sampled 10 clients (out of 100)
[2024-08-13 15:54:33,368][flwr][INFO] - aggregate_fit: received 10 results and 0 failures
[2024-08-13 15:54:35,596][flwr][INFO] - fit progress: (6, 0.652886916469431, {'accuracy': 0.8396, 'precision': 0.8492059513277731, 'recall': 0.8396, 'f1': 0.8361392785999571, 'confusion_matrix': array([[ 933,    0,    1,    3,    3,   15,   21,    1,    3,    0],
       [   0, 1085,   25,    9,    1,    3,    5,    1,    6,    0],
       [  15,   19,  846,   43,   28,    0,   21,   34,   25,    1],
       [   4,    6,   17,  890,    1,   38,    8,   24,   15,    7],
       [   1,    7,    1,    0,  946,    2,   13,    2,    2,    8],
       [  16,   51,    5,   81,   36,  643,   28,   21,    7,    4],
       [  15,   11,   17,    2,   29,   19,  864,    1,    0,    0],
       [   3,   32,   34,    2,   22,    0,    1,  926,    3,    5],
       [  13,   39,   22,  110,   37,   49,   21,   23,  643,   17],
       [  20,   12,    5,   10,  208,   19,    1,  110,    4,  620]],
      dtype=int64)}, 22.974828499995056)
[2024-08-13 15:54:35,597][flwr][INFO] - configure_evaluate: no clients selected, skipping evaluation
[2024-08-13 15:54:35,597][flwr][INFO] - 
[2024-08-13 15:54:35,597][flwr][INFO] - [ROUND 7]
[2024-08-13 15:54:35,597][flwr][INFO] - configure_fit: strategy sampled 10 clients (out of 100)
[2024-08-13 15:54:36,746][flwr][INFO] - aggregate_fit: received 10 results and 0 failures
[2024-08-13 15:54:38,977][flwr][INFO] - fit progress: (7, 0.6326457594181244, {'accuracy': 0.8542, 'precision': 0.8587023159518001, 'recall': 0.8542, 'f1': 0.8536922757668371, 'confusion_matrix': array([[ 931,    1,    2,    1,    1,   10,   20,    1,   13,    0],
       [   0, 1077,   18,    4,    1,    1,    5,    1,   28,    0],
       [  15,   16,  831,   35,   16,    0,   24,   26,   54,   15],
       [   5,    7,   15,  841,    1,   34,    9,   15,   58,   25],
       [   4,    7,    3,    0,  766,    0,   22,    1,   16,  163],
       [  14,   48,    3,   68,   16,  625,   32,   15,   47,   24],
       [  14,   10,   18,    1,   14,   17,  880,    1,    3,    0],
       [   4,   33,   31,    0,   13,    0,    2,  869,   20,   56],
       [   8,   15,   10,   33,    7,   20,   16,    6,  819,   40],
       [  18,    8,    5,    6,   23,    8,    1,   20,   17,  903]],
      dtype=int64)}, 26.356358600009116)
[2024-08-13 15:54:38,978][flwr][INFO] - configure_evaluate: no clients selected, skipping evaluation
[2024-08-13 15:54:38,978][flwr][INFO] - 
[2024-08-13 15:54:38,978][flwr][INFO] - [ROUND 8]
[2024-08-13 15:54:38,979][flwr][INFO] - configure_fit: strategy sampled 10 clients (out of 100)
[2024-08-13 15:54:40,141][flwr][INFO] - aggregate_fit: received 10 results and 0 failures
[2024-08-13 15:54:42,519][flwr][INFO] - fit progress: (8, 0.632645824274956, {'accuracy': 0.85, 'precision': 0.8579778789123588, 'recall': 0.85, 'f1': 0.8476481084422501, 'confusion_matrix': array([[ 944,    1,    1,    3,    2,   11,   14,    1,    3,    0],
       [   0, 1082,   29,   10,    1,    1,    5,    1,    6,    0],
       [  13,   15,  865,   36,   28,    0,   20,   31,   23,    1],
       [   4,    5,   16,  896,    1,   29,    8,   23,   18,   10],
       [   1,    6,    3,    0,  944,    2,   13,    1,    2,   10],
       [  14,   45,    6,   88,   39,  643,   25,   16,   10,    6],
       [  13,    9,   20,    2,   37,   19,  857,    1,    0,    0],
       [   3,   29,   35,    2,   25,    0,    1,  920,    2,   11],
       [  16,   39,   24,   98,   37,   36,   17,   18,  674,   15],
       [  24,   11,    7,   10,  190,   14,    1,   73,    4,  675]],
      dtype=int64)}, 29.898559499997646)
[2024-08-13 15:54:42,520][flwr][INFO] - configure_evaluate: no clients selected, skipping evaluation
[2024-08-13 15:54:42,520][flwr][INFO] - 
[2024-08-13 15:54:42,520][flwr][INFO] - [ROUND 9]
[2024-08-13 15:54:42,521][flwr][INFO] - configure_fit: strategy sampled 10 clients (out of 100)
[2024-08-13 15:54:43,654][flwr][INFO] - aggregate_fit: received 10 results and 0 failures
[2024-08-13 15:54:45,918][flwr][INFO] - fit progress: (9, 0.613743044037448, {'accuracy': 0.8665, 'precision': 0.8693537049782197, 'recall': 0.8665, 'f1': 0.8660776297260614, 'confusion_matrix': array([[ 938,    1,    1,    1,    1,   11,   18,    1,    8,    0],
       [   0, 1084,   12,    4,    1,    2,    5,    1,   26,    0],
       [  13,   16,  830,   37,   16,    0,   25,   27,   55,   13],
       [   4,    7,   12,  854,    1,   37,    9,   15,   46,   25],
       [   2,    6,    3,    0,  809,    1,   20,    1,   16,  124],
       [  13,   42,    2,   52,   17,  665,   31,   14,   38,   18],
       [  14,    9,   17,    1,   15,   17,  883,    1,    1,    0],
       [   4,   34,   26,    2,   14,    0,    1,  872,   18,   57],
       [   9,   18,   10,   32,    8,   21,   15,    6,  822,   33],
       [  16,    7,    4,    7,   26,   10,    1,   13,   17,  908]],
      dtype=int64)}, 33.297704800002975)
[2024-08-13 15:54:45,919][flwr][INFO] - configure_evaluate: no clients selected, skipping evaluation
[2024-08-13 15:54:45,919][flwr][INFO] - 
[2024-08-13 15:54:45,919][flwr][INFO] - [ROUND 10]
[2024-08-13 15:54:45,920][flwr][INFO] - configure_fit: strategy sampled 10 clients (out of 100)
[2024-08-13 15:54:47,160][flwr][INFO] - aggregate_fit: received 10 results and 0 failures
[2024-08-13 15:54:49,391][flwr][INFO] - fit progress: (10, 0.6137201653027977, {'accuracy': 0.8578, 'precision': 0.8646523942800962, 'recall': 0.8578, 'f1': 0.8557864805081065, 'confusion_matrix': array([[ 935,    1,    4,    2,    2,    8,   21,    1,    6,    0],
       [   0, 1088,   16,    7,    1,    2,    5,    1,   15,    0],
       [  11,   14,  842,   37,   33,    0,   20,   33,   41,    1],
       [   4,    6,   14,  876,    2,   34,    9,   22,   36,    7],
       [   1,    5,    2,    0,  943,    2,   13,    2,    4,   10],
       [  13,   41,    2,   68,   34,  661,   30,   16,   23,    4],
       [  13,    6,   14,    2,   28,   16,  877,    1,    1,    0],
       [   3,   25,   33,    4,   23,    0,    0,  929,    5,    6],
       [  13,   30,   12,   49,   28,   29,   18,   17,  773,    5],
       [  19,    9,    5,   10,  195,   18,    1,   87,   11,  654]],
      dtype=int64)}, 36.770926600001985)
[2024-08-13 15:54:49,392][flwr][INFO] - configure_evaluate: no clients selected, skipping evaluation
[2024-08-13 15:54:49,392][flwr][INFO] - 
[2024-08-13 15:54:49,392][flwr][INFO] - [SUMMARY]
[2024-08-13 15:54:49,392][flwr][INFO] - Run finished 10 round(s) in 36.77s
[2024-08-13 15:54:49,400][flwr][INFO] - 	History (loss, centralized):
[2024-08-13 15:54:49,401][flwr][INFO] - 		round 0: 2.3025850929940455
[2024-08-13 15:54:49,401][flwr][INFO] - 		round 1: 0.9311938974420928
[2024-08-13 15:54:49,401][flwr][INFO] - 		round 2: 0.7387540910597161
[2024-08-13 15:54:49,401][flwr][INFO] - 		round 3: 0.6943322616569199
[2024-08-13 15:54:49,401][flwr][INFO] - 		round 4: 0.6839562865557451
[2024-08-13 15:54:49,401][flwr][INFO] - 		round 5: 0.6592007740659844
[2024-08-13 15:54:49,401][flwr][INFO] - 		round 6: 0.652886916469431
[2024-08-13 15:54:49,401][flwr][INFO] - 		round 7: 0.6326457594181244
[2024-08-13 15:54:49,401][flwr][INFO] - 		round 8: 0.632645824274956
[2024-08-13 15:54:49,401][flwr][INFO] - 		round 9: 0.613743044037448
[2024-08-13 15:54:49,401][flwr][INFO] - 		round 10: 0.6137201653027977
[2024-08-13 15:54:49,401][flwr][INFO] - 	History (metrics, centralized):
[2024-08-13 15:54:49,401][flwr][INFO] - 	{'accuracy': [(0, 0.098),
[2024-08-13 15:54:49,402][flwr][INFO] - 	              (1, 0.6943),
[2024-08-13 15:54:49,402][flwr][INFO] - 	              (2, 0.7974),
[2024-08-13 15:54:49,402][flwr][INFO] - 	              (3, 0.8361),
[2024-08-13 15:54:49,402][flwr][INFO] - 	              (4, 0.8268),
[2024-08-13 15:54:49,402][flwr][INFO] - 	              (5, 0.8459),
[2024-08-13 15:54:49,402][flwr][INFO] - 	              (6, 0.8396),
[2024-08-13 15:54:49,402][flwr][INFO] - 	              (7, 0.8542),
[2024-08-13 15:54:49,402][flwr][INFO] - 	              (8, 0.85),
[2024-08-13 15:54:49,402][flwr][INFO] - 	              (9, 0.8665),
[2024-08-13 15:54:49,402][flwr][INFO] - 	              (10, 0.8578)],
[2024-08-13 15:54:49,402][flwr][INFO] - 	 'confusion_matrix': [(0,
[2024-08-13 15:54:49,402][flwr][INFO] - 	                       array([[ 980,    0,    0,    0,    0,    0,    0,    0,    0,    0],
[2024-08-13 15:54:49,402][flwr][INFO] - 	       [1135,    0,    0,    0,    0,    0,    0,    0,    0,    0],
[2024-08-13 15:54:49,402][flwr][INFO] - 	       [1032,    0,    0,    0,    0,    0,    0,    0,    0,    0],
[2024-08-13 15:54:49,402][flwr][INFO] - 	       [1010,    0,    0,    0,    0,    0,    0,    0,    0,    0],
[2024-08-13 15:54:49,402][flwr][INFO] - 	       [ 982,    0,    0,    0,    0,    0,    0,    0,    0,    0],
[2024-08-13 15:54:49,403][flwr][INFO] - 	       [ 892,    0,    0,    0,    0,    0,    0,    0,    0,    0],
[2024-08-13 15:54:49,403][flwr][INFO] - 	       [ 958,    0,    0,    0,    0,    0,    0,    0,    0,    0],
[2024-08-13 15:54:49,403][flwr][INFO] - 	       [1028,    0,    0,    0,    0,    0,    0,    0,    0,    0],
[2024-08-13 15:54:49,403][flwr][INFO] - 	       [ 974,    0,    0,    0,    0,    0,    0,    0,    0,    0],
[2024-08-13 15:54:49,403][flwr][INFO] - 	       [1009,    0,    0,    0,    0,    0,    0,    0,    0,    0]],
[2024-08-13 15:54:49,403][flwr][INFO] - 	      dtype=int64)),
[2024-08-13 15:54:49,403][flwr][INFO] - 	                      (1,
[2024-08-13 15:54:49,403][flwr][INFO] - 	                       array([[ 943,    0,    0,    4,    0,    0,   11,    0,   21,    1],
[2024-08-13 15:54:49,403][flwr][INFO] - 	       [   0, 1004,    0,    5,    0,    0,    4,    0,  115,    7],
[2024-08-13 15:54:49,403][flwr][INFO] - 	       [  79,   14,  630,   72,    5,    0,   37,   11,  149,   35],
[2024-08-13 15:54:49,403][flwr][INFO] - 	       [  23,    6,    7,  807,    0,    0,    9,    6,  126,   26],
[2024-08-13 15:54:49,403][flwr][INFO] - 	       [  17,    5,    0,    0,  302,    0,   25,    0,   44,  589],
[2024-08-13 15:54:49,403][flwr][INFO] - 	       [ 130,   34,    1,  209,    3,    0,   39,    8,  367,  101],
[2024-08-13 15:54:49,403][flwr][INFO] - 	       [  64,    9,    7,    1,    3,    0,  842,    1,   28,    3],
[2024-08-13 15:54:49,403][flwr][INFO] - 	       [  22,   26,    5,    1,    0,    0,    1,  688,   91,  194],
[2024-08-13 15:54:49,403][flwr][INFO] - 	       [  24,    2,    0,   67,    1,    0,   12,    2,  816,   50],
[2024-08-13 15:54:49,404][flwr][INFO] - 	       [  35,    4,    2,    8,    6,    0,    3,    3,   37,  911]],
[2024-08-13 15:54:49,404][flwr][INFO] - 	      dtype=int64)),
[2024-08-13 15:54:49,404][flwr][INFO] - 	                      (2,
[2024-08-13 15:54:49,404][flwr][INFO] - 	                       array([[ 934,    0,    2,    9,    1,    2,   28,    1,    3,    0],
[2024-08-13 15:54:49,404][flwr][INFO] - 	       [   0, 1070,   41,   12,    1,    1,    6,    1,    3,    0],
[2024-08-13 15:54:49,404][flwr][INFO] - 	       [  36,   18,  818,   55,   31,    0,   27,   27,   20,    0],
[2024-08-13 15:54:49,404][flwr][INFO] - 	       [   7,   10,   24,  903,    2,    4,    9,   21,   16,   14],
[2024-08-13 15:54:49,404][flwr][INFO] - 	       [   6,    9,    3,    0,  892,    0,   25,    4,    3,   40],
[2024-08-13 15:54:49,404][flwr][INFO] - 	       [  50,   56,   11,  209,   44,  386,   49,   49,   22,   16],
[2024-08-13 15:54:49,404][flwr][INFO] - 	       [  35,   11,   16,    3,   18,    6,  868,    1,    0,    0],
[2024-08-13 15:54:49,404][flwr][INFO] - 	       [   9,   36,   36,    1,   15,    0,    3,  915,    2,   11],
[2024-08-13 15:54:49,404][flwr][INFO] - 	       [  30,   28,   30,  175,   29,    7,   28,   27,  590,   30],
[2024-08-13 15:54:49,404][flwr][INFO] - 	       [  31,   14,    6,   15,  216,    1,    4,  120,    4,  598]],
[2024-08-13 15:54:49,404][flwr][INFO] - 	      dtype=int64)),
[2024-08-13 15:54:49,404][flwr][INFO] - 	                      (3,
[2024-08-13 15:54:49,404][flwr][INFO] - 	                       array([[ 911,    0,    4,    1,    0,   23,   28,    1,   12,    0],
[2024-08-13 15:54:49,404][flwr][INFO] - 	       [   0, 1071,   28,    2,    1,    5,    5,    1,   20,    2],
[2024-08-13 15:54:49,405][flwr][INFO] - 	       [  24,   23,  833,   28,   24,    0,   24,   23,   46,    7],
[2024-08-13 15:54:49,405][flwr][INFO] - 	       [   6,   11,   24,  789,    1,   61,    9,   16,   60,   33],
[2024-08-13 15:54:49,405][flwr][INFO] - 	       [   6,    7,    2,    0,  751,    0,   23,    1,   11,  181],
[2024-08-13 15:54:49,405][flwr][INFO] - 	       [  22,   53,    6,   52,   18,  631,   31,   17,   34,   28],
[2024-08-13 15:54:49,405][flwr][INFO] - 	       [  22,   13,   18,    1,   15,   19,  866,    1,    3,    0],
[2024-08-13 15:54:49,405][flwr][INFO] - 	       [   5,   37,   31,    0,   12,    0,    2,  858,   18,   65],
[2024-08-13 15:54:49,405][flwr][INFO] - 	       [  11,   15,   13,   45,    7,   30,   17,    7,  774,   55],
[2024-08-13 15:54:49,405][flwr][INFO] - 	       [  20,   10,    5,    5,   42,   11,    2,   21,   16,  877]],
[2024-08-13 15:54:49,405][flwr][INFO] - 	      dtype=int64)),
[2024-08-13 15:54:49,405][flwr][INFO] - 	                      (4,
[2024-08-13 15:54:49,405][flwr][INFO] - 	                       array([[ 916,    0,    4,   11,    2,   11,   30,    1,    5,    0],
[2024-08-13 15:54:49,405][flwr][INFO] - 	       [   0, 1072,   30,   19,    1,    1,    5,    1,    6,    0],
[2024-08-13 15:54:49,405][flwr][INFO] - 	       [  17,   16,  817,   80,   28,    0,   23,   26,   24,    1],
[2024-08-13 15:54:49,405][flwr][INFO] - 	       [   4,    4,   15,  918,    2,   20,    8,   18,   14,    7],
[2024-08-13 15:54:49,405][flwr][INFO] - 	       [   3,    8,    3,    0,  923,    2,   16,    2,    5,   20],
[2024-08-13 15:54:49,405][flwr][INFO] - 	       [  15,   49,    7,  167,   42,  536,   32,   22,   15,    7],
[2024-08-13 15:54:49,405][flwr][INFO] - 	       [  17,   10,   17,    3,   24,   16,  870,    1,    0,    0],
[2024-08-13 15:54:49,406][flwr][INFO] - 	       [   4,   34,   32,    4,   20,    0,    1,  912,    6,   15],
[2024-08-13 15:54:49,406][flwr][INFO] - 	       [  12,   19,   15,  180,   23,   17,   21,   17,  651,   19],
[2024-08-13 15:54:49,406][flwr][INFO] - 	       [  20,   12,    5,   15,  210,    8,    3,   75,    8,  653]],
[2024-08-13 15:54:49,406][flwr][INFO] - 	      dtype=int64)),
[2024-08-13 15:54:49,406][flwr][INFO] - 	                      (5,
[2024-08-13 15:54:49,406][flwr][INFO] - 	                       array([[ 920,    0,    4,    1,    0,   12,   24,    1,   18,    0],
[2024-08-13 15:54:49,406][flwr][INFO] - 	       [   0, 1070,   22,    3,    1,    1,    5,    1,   32,    0],
[2024-08-13 15:54:49,406][flwr][INFO] - 	       [  19,   17,  830,   31,   15,    0,   24,   23,   60,   13],
[2024-08-13 15:54:49,406][flwr][INFO] - 	       [   5,    7,   19,  816,    1,   45,    9,   13,   70,   25],
[2024-08-13 15:54:49,406][flwr][INFO] - 	       [   4,    7,    3,    0,  737,    0,   24,    1,   20,  186],
[2024-08-13 15:54:49,406][flwr][INFO] - 	       [  17,   50,    5,   50,   18,  629,   32,   17,   51,   23],
[2024-08-13 15:54:49,406][flwr][INFO] - 	       [  18,   11,   16,    1,   11,   19,  878,    1,    3,    0],
[2024-08-13 15:54:49,406][flwr][INFO] - 	       [   4,   33,   29,    0,   12,    0,    3,  855,   25,   67],
[2024-08-13 15:54:49,406][flwr][INFO] - 	       [   6,   11,   11,   32,    6,   19,   18,    6,  826,   39],
[2024-08-13 15:54:49,406][flwr][INFO] - 	       [  17,    9,    5,    5,   25,    8,    3,   17,   22,  898]],
[2024-08-13 15:54:49,406][flwr][INFO] - 	      dtype=int64)),
[2024-08-13 15:54:49,406][flwr][INFO] - 	                      (6,
[2024-08-13 15:54:49,406][flwr][INFO] - 	                       array([[ 933,    0,    1,    3,    3,   15,   21,    1,    3,    0],
[2024-08-13 15:54:49,407][flwr][INFO] - 	       [   0, 1085,   25,    9,    1,    3,    5,    1,    6,    0],
[2024-08-13 15:54:49,407][flwr][INFO] - 	       [  15,   19,  846,   43,   28,    0,   21,   34,   25,    1],
[2024-08-13 15:54:49,407][flwr][INFO] - 	       [   4,    6,   17,  890,    1,   38,    8,   24,   15,    7],
[2024-08-13 15:54:49,407][flwr][INFO] - 	       [   1,    7,    1,    0,  946,    2,   13,    2,    2,    8],
[2024-08-13 15:54:49,407][flwr][INFO] - 	       [  16,   51,    5,   81,   36,  643,   28,   21,    7,    4],
[2024-08-13 15:54:49,407][flwr][INFO] - 	       [  15,   11,   17,    2,   29,   19,  864,    1,    0,    0],
[2024-08-13 15:54:49,407][flwr][INFO] - 	       [   3,   32,   34,    2,   22,    0,    1,  926,    3,    5],
[2024-08-13 15:54:49,407][flwr][INFO] - 	       [  13,   39,   22,  110,   37,   49,   21,   23,  643,   17],
[2024-08-13 15:54:49,407][flwr][INFO] - 	       [  20,   12,    5,   10,  208,   19,    1,  110,    4,  620]],
[2024-08-13 15:54:49,407][flwr][INFO] - 	      dtype=int64)),
[2024-08-13 15:54:49,407][flwr][INFO] - 	                      (7,
[2024-08-13 15:54:49,407][flwr][INFO] - 	                       array([[ 931,    1,    2,    1,    1,   10,   20,    1,   13,    0],
[2024-08-13 15:54:49,407][flwr][INFO] - 	       [   0, 1077,   18,    4,    1,    1,    5,    1,   28,    0],
[2024-08-13 15:54:49,407][flwr][INFO] - 	       [  15,   16,  831,   35,   16,    0,   24,   26,   54,   15],
[2024-08-13 15:54:49,407][flwr][INFO] - 	       [   5,    7,   15,  841,    1,   34,    9,   15,   58,   25],
[2024-08-13 15:54:49,407][flwr][INFO] - 	       [   4,    7,    3,    0,  766,    0,   22,    1,   16,  163],
[2024-08-13 15:54:49,408][flwr][INFO] - 	       [  14,   48,    3,   68,   16,  625,   32,   15,   47,   24],
[2024-08-13 15:54:49,408][flwr][INFO] - 	       [  14,   10,   18,    1,   14,   17,  880,    1,    3,    0],
[2024-08-13 15:54:49,408][flwr][INFO] - 	       [   4,   33,   31,    0,   13,    0,    2,  869,   20,   56],
[2024-08-13 15:54:49,408][flwr][INFO] - 	       [   8,   15,   10,   33,    7,   20,   16,    6,  819,   40],
[2024-08-13 15:54:49,408][flwr][INFO] - 	       [  18,    8,    5,    6,   23,    8,    1,   20,   17,  903]],
[2024-08-13 15:54:49,408][flwr][INFO] - 	      dtype=int64)),
[2024-08-13 15:54:49,408][flwr][INFO] - 	                      (8,
[2024-08-13 15:54:49,408][flwr][INFO] - 	                       array([[ 944,    1,    1,    3,    2,   11,   14,    1,    3,    0],
[2024-08-13 15:54:49,408][flwr][INFO] - 	       [   0, 1082,   29,   10,    1,    1,    5,    1,    6,    0],
[2024-08-13 15:54:49,408][flwr][INFO] - 	       [  13,   15,  865,   36,   28,    0,   20,   31,   23,    1],
[2024-08-13 15:54:49,408][flwr][INFO] - 	       [   4,    5,   16,  896,    1,   29,    8,   23,   18,   10],
[2024-08-13 15:54:49,408][flwr][INFO] - 	       [   1,    6,    3,    0,  944,    2,   13,    1,    2,   10],
[2024-08-13 15:54:49,408][flwr][INFO] - 	       [  14,   45,    6,   88,   39,  643,   25,   16,   10,    6],
[2024-08-13 15:54:49,408][flwr][INFO] - 	       [  13,    9,   20,    2,   37,   19,  857,    1,    0,    0],
[2024-08-13 15:54:49,408][flwr][INFO] - 	       [   3,   29,   35,    2,   25,    0,    1,  920,    2,   11],
[2024-08-13 15:54:49,408][flwr][INFO] - 	       [  16,   39,   24,   98,   37,   36,   17,   18,  674,   15],
[2024-08-13 15:54:49,408][flwr][INFO] - 	       [  24,   11,    7,   10,  190,   14,    1,   73,    4,  675]],
[2024-08-13 15:54:49,410][flwr][INFO] - 	      dtype=int64)),
[2024-08-13 15:54:49,410][flwr][INFO] - 	                      (9,
[2024-08-13 15:54:49,410][flwr][INFO] - 	                       array([[ 938,    1,    1,    1,    1,   11,   18,    1,    8,    0],
[2024-08-13 15:54:49,410][flwr][INFO] - 	       [   0, 1084,   12,    4,    1,    2,    5,    1,   26,    0],
[2024-08-13 15:54:49,410][flwr][INFO] - 	       [  13,   16,  830,   37,   16,    0,   25,   27,   55,   13],
[2024-08-13 15:54:49,410][flwr][INFO] - 	       [   4,    7,   12,  854,    1,   37,    9,   15,   46,   25],
[2024-08-13 15:54:49,410][flwr][INFO] - 	       [   2,    6,    3,    0,  809,    1,   20,    1,   16,  124],
[2024-08-13 15:54:49,410][flwr][INFO] - 	       [  13,   42,    2,   52,   17,  665,   31,   14,   38,   18],
[2024-08-13 15:54:49,410][flwr][INFO] - 	       [  14,    9,   17,    1,   15,   17,  883,    1,    1,    0],
[2024-08-13 15:54:49,410][flwr][INFO] - 	       [   4,   34,   26,    2,   14,    0,    1,  872,   18,   57],
[2024-08-13 15:54:49,410][flwr][INFO] - 	       [   9,   18,   10,   32,    8,   21,   15,    6,  822,   33],
[2024-08-13 15:54:49,410][flwr][INFO] - 	       [  16,    7,    4,    7,   26,   10,    1,   13,   17,  908]],
[2024-08-13 15:54:49,410][flwr][INFO] - 	      dtype=int64)),
[2024-08-13 15:54:49,410][flwr][INFO] - 	                      (10,
[2024-08-13 15:54:49,410][flwr][INFO] - 	                       array([[ 935,    1,    4,    2,    2,    8,   21,    1,    6,    0],
[2024-08-13 15:54:49,410][flwr][INFO] - 	       [   0, 1088,   16,    7,    1,    2,    5,    1,   15,    0],
[2024-08-13 15:54:49,410][flwr][INFO] - 	       [  11,   14,  842,   37,   33,    0,   20,   33,   41,    1],
[2024-08-13 15:54:49,411][flwr][INFO] - 	       [   4,    6,   14,  876,    2,   34,    9,   22,   36,    7],
[2024-08-13 15:54:49,411][flwr][INFO] - 	       [   1,    5,    2,    0,  943,    2,   13,    2,    4,   10],
[2024-08-13 15:54:49,411][flwr][INFO] - 	       [  13,   41,    2,   68,   34,  661,   30,   16,   23,    4],
[2024-08-13 15:54:49,411][flwr][INFO] - 	       [  13,    6,   14,    2,   28,   16,  877,    1,    1,    0],
[2024-08-13 15:54:49,411][flwr][INFO] - 	       [   3,   25,   33,    4,   23,    0,    0,  929,    5,    6],
[2024-08-13 15:54:49,411][flwr][INFO] - 	       [  13,   30,   12,   49,   28,   29,   18,   17,  773,    5],
[2024-08-13 15:54:49,411][flwr][INFO] - 	       [  19,    9,    5,   10,  195,   18,    1,   87,   11,  654]],
[2024-08-13 15:54:49,411][flwr][INFO] - 	      dtype=int64))],
[2024-08-13 15:54:49,411][flwr][INFO] - 	 'f1': [(0, 0.017493624772313296),
[2024-08-13 15:54:49,411][flwr][INFO] - 	        (1, 0.6633126913236074),
[2024-08-13 15:54:49,411][flwr][INFO] - 	        (2, 0.7887474204865419),
[2024-08-13 15:54:49,411][flwr][INFO] - 	        (3, 0.8356774171921705),
[2024-08-13 15:54:49,411][flwr][INFO] - 	        (4, 0.8240201582063441),
[2024-08-13 15:54:49,411][flwr][INFO] - 	        (5, 0.8457207906778323),
[2024-08-13 15:54:49,411][flwr][INFO] - 	        (6, 0.8361392785999571),
[2024-08-13 15:54:49,411][flwr][INFO] - 	        (7, 0.8536922757668371),
[2024-08-13 15:54:49,411][flwr][INFO] - 	        (8, 0.8476481084422501),
[2024-08-13 15:54:49,412][flwr][INFO] - 	        (9, 0.8660776297260614),
[2024-08-13 15:54:49,412][flwr][INFO] - 	        (10, 0.8557864805081065)],
[2024-08-13 15:54:49,412][flwr][INFO] - 	 'precision': [(0, 0.009604000000000001),
[2024-08-13 15:54:49,412][flwr][INFO] - 	               (1, 0.706838949146464),
[2024-08-13 15:54:49,412][flwr][INFO] - 	               (2, 0.8155564903176671),
[2024-08-13 15:54:49,412][flwr][INFO] - 	               (3, 0.839676879848481),
[2024-08-13 15:54:49,412][flwr][INFO] - 	               (4, 0.8408501028024304),
[2024-08-13 15:54:49,412][flwr][INFO] - 	               (5, 0.8521748770830916),
[2024-08-13 15:54:49,412][flwr][INFO] - 	               (6, 0.8492059513277731),
[2024-08-13 15:54:49,412][flwr][INFO] - 	               (7, 0.8587023159518001),
[2024-08-13 15:54:49,412][flwr][INFO] - 	               (8, 0.8579778789123588),
[2024-08-13 15:54:49,412][flwr][INFO] - 	               (9, 0.8693537049782197),
[2024-08-13 15:54:49,412][flwr][INFO] - 	               (10, 0.8646523942800962)],
[2024-08-13 15:54:49,412][flwr][INFO] - 	 'recall': [(0, 0.098),
[2024-08-13 15:54:49,412][flwr][INFO] - 	            (1, 0.6943),
[2024-08-13 15:54:49,412][flwr][INFO] - 	            (2, 0.7974),
[2024-08-13 15:54:49,413][flwr][INFO] - 	            (3, 0.8361),
[2024-08-13 15:54:49,413][flwr][INFO] - 	            (4, 0.8268),
[2024-08-13 15:54:49,413][flwr][INFO] - 	            (5, 0.8459),
[2024-08-13 15:54:49,413][flwr][INFO] - 	            (6, 0.8396),
[2024-08-13 15:54:49,413][flwr][INFO] - 	            (7, 0.8542),
[2024-08-13 15:54:49,413][flwr][INFO] - 	            (8, 0.85),
[2024-08-13 15:54:49,413][flwr][INFO] - 	            (9, 0.8665),
[2024-08-13 15:54:49,413][flwr][INFO] - 	            (10, 0.8578)]}
[2024-08-13 15:54:49,413][flwr][INFO] - 
