[2024-08-13 13:26:37,426][flwr][INFO] - Starting Flower simulation, config: num_rounds=10, no round_timeout
[2024-08-13 13:26:41,589][flwr][INFO] - Flower VCE: Ray initialized with resources: {'memory': 5038967195.0, 'object_store_memory': 2519483596.0, 'node:127.0.0.1': 1.0, 'accelerator_type:G': 1.0, 'GPU': 1.0, 'node:__internal_head__': 1.0, 'CPU': 16.0}
[2024-08-13 13:26:41,589][flwr][INFO] - Optimize your simulation with Flower VCE: https://flower.ai/docs/framework/how-to-run-simulations.html
[2024-08-13 13:26:41,589][flwr][INFO] - Flower VCE: Resources for each Virtual Client: {'num_cpus': 2, 'num_gpus': 0.5}
[2024-08-13 13:26:41,600][flwr][INFO] - Flower VCE: Creating VirtualClientEngineActorPool with 2 actors
[2024-08-13 13:26:41,600][flwr][INFO] - [INIT]
[2024-08-13 13:26:41,601][flwr][INFO] - Requesting initial parameters from one random client
[2024-08-13 13:26:48,930][flwr][INFO] - Received initial parameters from one random client
[2024-08-13 13:26:48,930][flwr][INFO] - Evaluating initial global parameters
[2024-08-13 13:26:51,184][flwr][INFO] - initial parameters (loss, other metrics): 2.3025850929940455, {'accuracy': 0.098, 'precision': 0.009604000000000001, 'recall': 0.098, 'f1': 0.017493624772313296, 'confusion_matrix': array([[ 980,    0,    0,    0,    0,    0,    0,    0,    0,    0],
       [1135,    0,    0,    0,    0,    0,    0,    0,    0,    0],
       [1032,    0,    0,    0,    0,    0,    0,    0,    0,    0],
       [1010,    0,    0,    0,    0,    0,    0,    0,    0,    0],
       [ 982,    0,    0,    0,    0,    0,    0,    0,    0,    0],
       [ 892,    0,    0,    0,    0,    0,    0,    0,    0,    0],
       [ 958,    0,    0,    0,    0,    0,    0,    0,    0,    0],
       [1028,    0,    0,    0,    0,    0,    0,    0,    0,    0],
       [ 974,    0,    0,    0,    0,    0,    0,    0,    0,    0],
       [1009,    0,    0,    0,    0,    0,    0,    0,    0,    0]],
      dtype=int64)}
[2024-08-13 13:26:51,185][flwr][INFO] - 
[2024-08-13 13:26:51,185][flwr][INFO] - [ROUND 1]
[2024-08-13 13:26:51,185][flwr][INFO] - configure_fit: strategy sampled 10 clients (out of 10)
[2024-08-13 13:26:59,953][flwr][INFO] - aggregate_fit: received 10 results and 0 failures
[2024-08-13 13:26:59,956][flwr][WARNING] - No fit_metrics_aggregation_fn provided
[2024-08-13 13:27:02,192][flwr][INFO] - fit progress: (1, 1.3121464873791246, {'accuracy': 0.5239, 'precision': 0.6122622627537707, 'recall': 0.5239, 'f1': 0.4837689784142698, 'confusion_matrix': array([[963,   0,   2,   3,   0,   0,   4,   1,   3,   4],
       [  0, 369, 722,   4,   0,   0,   2,   1,   1,  36],
       [ 97,   1, 517, 306,   1,   0,  13,  25,  32,  40],
       [ 39,   1,  11, 834,   3,   0,   5,  13,  16,  88],
       [ 98,   1,   9,   1, 164,   1,  11,  32,   6, 659],
       [326,  45,  42, 191,  10,   1,  22,  21,  75, 159],
       [154,   3,  49,   5,   2,   0, 688,  47,   0,  10],
       [ 63,   2,  48,   2,   2,   0,   0, 593, 199, 119],
       [ 84,   1,  40, 177,   3,   0,   6,   4, 253, 406],
       [101,   2,   2,   8,  13,   0,   0,  10,  16, 857]], dtype=int64)}, 11.007415100000799)
[2024-08-13 13:27:02,193][flwr][INFO] - configure_evaluate: no clients selected, skipping evaluation
[2024-08-13 13:27:02,193][flwr][INFO] - 
[2024-08-13 13:27:02,193][flwr][INFO] - [ROUND 2]
[2024-08-13 13:27:02,194][flwr][INFO] - configure_fit: strategy sampled 10 clients (out of 10)
[2024-08-13 13:27:08,895][flwr][INFO] - aggregate_fit: received 10 results and 0 failures
[2024-08-13 13:27:11,237][flwr][INFO] - fit progress: (2, 1.0928161812081203, {'accuracy': 0.6503, 'precision': 0.6975768322718474, 'recall': 0.6503, 'f1': 0.636275377972754, 'confusion_matrix': array([[876,  13,   2,   5,   4,   3,  49,  19,   9,   0],
       [  0, 839, 262,   3,   2,   1,   5,   3,  20,   0],
       [ 19,  14, 635, 193,  29,   1,  26,  63,  50,   2],
       [  2,  22,  17, 700, 140,   0,  11,  22,  96,   0],
       [ 13,   4,   5,   0, 715,  46,  19, 136,  39,   5],
       [ 37, 106,  24, 105, 120, 280,  72,  37, 111,   0],
       [ 18,  18,  30,   0,   7,   2, 781, 100,   2,   0],
       [ 12,  18,  37,   0,  21,   0,   1, 782, 157,   0],
       [ 15,  40,  20,  72, 110,   5,  32,  11, 665,   4],
       [ 40,   6,   1,   3, 288,   9,   1, 261, 170, 230]], dtype=int64)}, 20.05200880000484)
[2024-08-13 13:27:11,238][flwr][INFO] - configure_evaluate: no clients selected, skipping evaluation
[2024-08-13 13:27:11,238][flwr][INFO] - 
[2024-08-13 13:27:11,238][flwr][INFO] - [ROUND 3]
[2024-08-13 13:27:11,239][flwr][INFO] - configure_fit: strategy sampled 10 clients (out of 10)
[2024-08-13 13:27:18,786][flwr][INFO] - aggregate_fit: received 10 results and 0 failures
[2024-08-13 13:27:21,213][flwr][INFO] - fit progress: (3, 1.1033893016771152, {'accuracy': 0.6477, 'precision': 0.6501053735994755, 'recall': 0.6477, 'f1': 0.6359014249643592, 'confusion_matrix': array([[836,  49,   2,   8,   2,   8,  55,  12,   1,   7],
       [  0, 819, 289,   3,   1,   3,   4,   3,   0,  13],
       [ 14,  22, 650, 206,  12,   6,  22,  45,  32,  23],
       [  3,  28,  19, 748,  54,  21,  12,  17,  25,  83],
       [ 11,   4,   7,   0, 400, 299,  17,  73,   5, 166],
       [ 18, 106,  25, 102,  38, 451,  57,  24,  29,  42],
       [ 12,  21,  33,   0,   6,   3, 784,  98,   0,   1],
       [ 15,  21,  42,   1,  15,   3,   1, 766, 109,  55],
       [ 16,  55,  30, 117,  31,  22,  29,  10, 209, 455],
       [ 35,   5,   1,   4,  44,  34,   2,  59,  11, 814]], dtype=int64)}, 30.02788400001009)
[2024-08-13 13:27:21,214][flwr][INFO] - configure_evaluate: no clients selected, skipping evaluation
[2024-08-13 13:27:21,214][flwr][INFO] - 
[2024-08-13 13:27:21,214][flwr][INFO] - [ROUND 4]
[2024-08-13 13:27:21,214][flwr][INFO] - configure_fit: strategy sampled 10 clients (out of 10)
[2024-08-13 13:27:28,121][flwr][INFO] - aggregate_fit: received 10 results and 0 failures
[2024-08-13 13:27:30,460][flwr][INFO] - fit progress: (4, 1.1495798131791573, {'accuracy': 0.6305, 'precision': 0.6674926427305075, 'recall': 0.6305, 'f1': 0.6294238209085016, 'confusion_matrix': array([[745, 153,   2,   4,   3,   5,  42,  19,   7,   0],
       [  0, 765, 335,   3,   3,   3,   5,   2,  19,   0],
       [  9,  30, 639, 195,  31,   2,  19,  49,  57,   1],
       [  1,  36,  13, 626, 188,   7,  15,  16, 107,   1],
       [ 14,   4,   3,   0, 690, 128,  14,  86,  36,   7],
       [ 17, 106,  22,  60,  89, 402,  72,  27,  96,   1],
       [ 10,  22,  31,   0,  12,   3, 731, 147,   2,   0],
       [ 19,  13,  36,   1,  24,   0,   1, 645, 288,   1],
       [ 11,  33,  24,  52,  97,  23,  26,   8, 695,   5],
       [ 79,   3,   1,   2, 215,  42,   0, 119, 181, 367]], dtype=int64)}, 39.27482720000262)
[2024-08-13 13:27:30,461][flwr][INFO] - configure_evaluate: no clients selected, skipping evaluation
[2024-08-13 13:27:30,461][flwr][INFO] - 
[2024-08-13 13:27:30,461][flwr][INFO] - [ROUND 5]
[2024-08-13 13:27:30,461][flwr][INFO] - configure_fit: strategy sampled 10 clients (out of 10)
[2024-08-13 13:27:37,406][flwr][INFO] - aggregate_fit: received 10 results and 0 failures
[2024-08-13 13:27:39,715][flwr][INFO] - fit progress: (5, 1.1449918024301526, {'accuracy': 0.6281, 'precision': 0.6316831845609324, 'recall': 0.6281, 'f1': 0.6171686426545301, 'confusion_matrix': array([[742, 160,   2,   3,   1,   6,  42,  18,   2,   4],
       [  0, 748, 358,   4,   2,   3,   6,   3,   0,  11],
       [ 13,  26, 618, 237,  16,   4,  18,  49,  30,  21],
       [  3,  30,  10, 729,  78,  21,  16,  21,  24,  78],
       [ 17,   3,   5,   0, 458, 286,  14,  80,   5, 114],
       [ 24,  94,  24,  75,  31, 470,  80,  29,  27,  38],
       [ 10,  19,  32,   0,   6,   3, 739, 148,   0,   1],
       [ 27,  16,  43,   3,  17,   4,   0, 779,  91,  48],
       [ 15,  45,  27, 111,  34,  22,  31,  13, 200, 476],
       [ 66,   5,   1,   4,  38,  29,   0,  62,   6, 798]], dtype=int64)}, 48.53027510001266)
[2024-08-13 13:27:39,716][flwr][INFO] - configure_evaluate: no clients selected, skipping evaluation
[2024-08-13 13:27:39,716][flwr][INFO] - 
[2024-08-13 13:27:39,716][flwr][INFO] - [ROUND 6]
[2024-08-13 13:27:39,716][flwr][INFO] - configure_fit: strategy sampled 10 clients (out of 10)
[2024-08-13 13:27:46,359][flwr][INFO] - aggregate_fit: received 10 results and 0 failures
[2024-08-13 13:27:48,652][flwr][INFO] - fit progress: (6, 1.1494034082330051, {'accuracy': 0.6418, 'precision': 0.6552482423131721, 'recall': 0.6418, 'f1': 0.6431929394584014, 'confusion_matrix': array([[706, 188,   1,   2,   2,   9,  48,  17,   7,   0],
       [  0, 755, 348,   3,   3,   3,   7,   1,  15,   0],
       [ 13,  28, 647, 198,  25,   3,  18,  43,  52,   5],
       [  3,  31,  12, 642, 172,  14,  16,  17,  96,   7],
       [ 16,   3,   4,   0, 626, 209,  14,  68,  19,  23],
       [ 24,  88,  19,  52,  53, 453,  97,  24,  78,   4],
       [  9,  20,  30,   0,  10,   3, 735, 150,   1,   0],
       [ 39,  15,  36,   2,  19,   2,   1, 624, 284,   6],
       [ 16,  30,  24,  53,  72,  23,  35,   7, 670,  44],
       [129,   3,   2,   3, 104,  45,   1,  64,  98, 560]], dtype=int64)}, 57.46646650000184)
[2024-08-13 13:27:48,653][flwr][INFO] - configure_evaluate: no clients selected, skipping evaluation
[2024-08-13 13:27:48,653][flwr][INFO] - 
[2024-08-13 13:27:48,653][flwr][INFO] - [ROUND 7]
[2024-08-13 13:27:48,653][flwr][INFO] - configure_fit: strategy sampled 10 clients (out of 10)
[2024-08-13 13:27:55,403][flwr][INFO] - aggregate_fit: received 10 results and 0 failures
[2024-08-13 13:27:57,711][flwr][INFO] - fit progress: (7, 1.1515788427929718, {'accuracy': 0.625, 'precision': 0.6293644267350651, 'recall': 0.625, 'f1': 0.6148234169821155, 'confusion_matrix': array([[697, 198,   1,   2,   2,   9,  45,  20,   2,   4],
       [  0, 762, 343,   5,   1,   3,   9,   2,   1,   9],
       [ 10,  27, 621, 234,  18,   4,  18,  48,  30,  22],
       [  3,  27,  10, 713,  94,  20,  21,  19,  24,  79],
       [ 14,   4,   3,   0, 490, 274,  13,  71,   5, 108],
       [ 25,  84,  17,  62,  29, 478,  99,  29,  28,  41],
       [  9,  20,  29,   0,   7,   2, 712, 178,   0,   1],
       [ 38,  15,  43,   3,  17,   4,   1, 774,  84,  49],
       [ 13,  42,  24,  91,  38,  22,  33,  12, 205, 494],
       [ 80,   3,   2,   5,  39,  26,   1,  51,   4, 798]], dtype=int64)}, 66.52591720000783)
[2024-08-13 13:27:57,712][flwr][INFO] - configure_evaluate: no clients selected, skipping evaluation
[2024-08-13 13:27:57,712][flwr][INFO] - 
[2024-08-13 13:27:57,712][flwr][INFO] - [ROUND 8]
[2024-08-13 13:27:57,712][flwr][INFO] - configure_fit: strategy sampled 10 clients (out of 10)
[2024-08-13 13:28:04,347][flwr][INFO] - aggregate_fit: received 10 results and 0 failures
[2024-08-13 13:28:06,654][flwr][INFO] - fit progress: (8, 1.1459827700171858, {'accuracy': 0.6423, 'precision': 0.6520701350365127, 'recall': 0.6423, 'f1': 0.6434009543055795, 'confusion_matrix': array([[687, 207,   1,   1,   2,  13,  45,  18,   6,   0],
       [  0, 766, 335,   3,   3,   4,   9,   1,  14,   0],
       [ 12,  24, 655, 198,  24,   5,  18,  38,  52,   6],
       [  3,  27,  11, 640, 173,  13,  24,  17,  91,  11],
       [ 20,   4,   2,   0, 598, 240,  14,  62,  18,  24],
       [ 23,  73,  15,  45,  40, 481, 110,  26,  75,   4],
       [  9,  19,  30,   0,  11,   1, 721, 166,   1,   0],
       [ 46,  14,  36,   3,  21,   2,   1, 637, 259,   9],
       [ 19,  29,  24,  49,  60,  25,  37,   7, 664,  60],
       [155,   4,   3,   3,  88,  45,   1,  55,  81, 574]], dtype=int64)}, 75.4688288000034)
[2024-08-13 13:28:06,655][flwr][INFO] - configure_evaluate: no clients selected, skipping evaluation
[2024-08-13 13:28:06,655][flwr][INFO] - 
[2024-08-13 13:28:06,655][flwr][INFO] - [ROUND 9]
[2024-08-13 13:28:06,655][flwr][INFO] - configure_fit: strategy sampled 10 clients (out of 10)
[2024-08-13 13:28:13,404][flwr][INFO] - aggregate_fit: received 10 results and 0 failures
[2024-08-13 13:28:15,852][flwr][INFO] - fit progress: (9, 1.1443848530892378, {'accuracy': 0.63, 'precision': 0.6336350074969497, 'recall': 0.63, 'f1': 0.6223946771855706, 'confusion_matrix': array([[666, 224,   1,   2,   2,  12,  47,  20,   3,   3],
       [  0, 778, 326,   5,   1,   3,  12,   3,   1,   6],
       [ 10,  25, 640, 222,  19,   5,  18,  43,  31,  19],
       [  3,  26,  10, 688, 119,  16,  25,  20,  30,  73],
       [ 20,   4,   3,   0, 530, 255,  14,  62,   5,  89],
       [ 26,  74,  15,  51,  30, 489, 111,  29,  29,  38],
       [  9,  19,  27,   0,   7,   1, 696, 198,   0,   1],
       [ 39,  16,  42,   3,  19,   3,   1, 770,  93,  42],
       [ 16,  38,  25,  76,  38,  24,  34,  10, 256, 457],
       [ 85,   4,   3,   5,  46,  25,   1,  48,   5, 787]], dtype=int64)}, 84.66729770001257)
[2024-08-13 13:28:15,853][flwr][INFO] - configure_evaluate: no clients selected, skipping evaluation
[2024-08-13 13:28:15,853][flwr][INFO] - 
[2024-08-13 13:28:15,853][flwr][INFO] - [ROUND 10]
[2024-08-13 13:28:15,854][flwr][INFO] - configure_fit: strategy sampled 10 clients (out of 10)
[2024-08-13 13:28:22,851][flwr][INFO] - aggregate_fit: received 10 results and 0 failures
[2024-08-13 13:28:25,086][flwr][INFO] - fit progress: (10, 1.1381426950117, {'accuracy': 0.6477, 'precision': 0.6558572285747082, 'recall': 0.6477, 'f1': 0.6485608060156389, 'confusion_matrix': array([[687, 208,   1,   1,   2,  13,  45,  17,   6,   0],
       [  0, 785, 316,   4,   1,   4,  10,   1,  14,   0],
       [ 10,  22, 664, 194,  25,   4,  17,  37,  54,   5],
       [  3,  25,  11, 646, 169,  13,  26,  17,  85,  15],
       [ 22,   4,   3,   0, 595, 247,  14,  55,  18,  24],
       [ 25,  67,  10,  39,  34, 492, 118,  26,  75,   6],
       [ 11,  18,  26,   0,  11,   1, 719, 171,   1,   0],
       [ 46,  14,  37,   3,  20,   4,   1, 635, 259,   9],
       [ 20,  26,  25,  46,  50,  26,  37,   6, 668,  70],
       [164,   5,   3,   5,  77,  43,   1,  51,  74, 586]], dtype=int64)}, 93.90171980000741)
[2024-08-13 13:28:25,087][flwr][INFO] - configure_evaluate: no clients selected, skipping evaluation
[2024-08-13 13:28:25,087][flwr][INFO] - 
[2024-08-13 13:28:25,087][flwr][INFO] - [SUMMARY]
[2024-08-13 13:28:25,087][flwr][INFO] - Run finished 10 round(s) in 93.90s
[2024-08-13 13:28:25,095][flwr][INFO] - 	History (loss, centralized):
[2024-08-13 13:28:25,096][flwr][INFO] - 		round 0: 2.3025850929940455
[2024-08-13 13:28:25,096][flwr][INFO] - 		round 1: 1.3121464873791246
[2024-08-13 13:28:25,096][flwr][INFO] - 		round 2: 1.0928161812081203
[2024-08-13 13:28:25,096][flwr][INFO] - 		round 3: 1.1033893016771152
[2024-08-13 13:28:25,096][flwr][INFO] - 		round 4: 1.1495798131791573
[2024-08-13 13:28:25,096][flwr][INFO] - 		round 5: 1.1449918024301526
[2024-08-13 13:28:25,096][flwr][INFO] - 		round 6: 1.1494034082330051
[2024-08-13 13:28:25,096][flwr][INFO] - 		round 7: 1.1515788427929718
[2024-08-13 13:28:25,096][flwr][INFO] - 		round 8: 1.1459827700171858
[2024-08-13 13:28:25,096][flwr][INFO] - 		round 9: 1.1443848530892378
[2024-08-13 13:28:25,096][flwr][INFO] - 		round 10: 1.1381426950117
[2024-08-13 13:28:25,096][flwr][INFO] - 	History (metrics, centralized):
[2024-08-13 13:28:25,096][flwr][INFO] - 	{'accuracy': [(0, 0.098),
[2024-08-13 13:28:25,096][flwr][INFO] - 	              (1, 0.5239),
[2024-08-13 13:28:25,096][flwr][INFO] - 	              (2, 0.6503),
[2024-08-13 13:28:25,096][flwr][INFO] - 	              (3, 0.6477),
[2024-08-13 13:28:25,097][flwr][INFO] - 	              (4, 0.6305),
[2024-08-13 13:28:25,097][flwr][INFO] - 	              (5, 0.6281),
[2024-08-13 13:28:25,097][flwr][INFO] - 	              (6, 0.6418),
[2024-08-13 13:28:25,097][flwr][INFO] - 	              (7, 0.625),
[2024-08-13 13:28:25,097][flwr][INFO] - 	              (8, 0.6423),
[2024-08-13 13:28:25,097][flwr][INFO] - 	              (9, 0.63),
[2024-08-13 13:28:25,097][flwr][INFO] - 	              (10, 0.6477)],
[2024-08-13 13:28:25,097][flwr][INFO] - 	 'confusion_matrix': [(0,
[2024-08-13 13:28:25,097][flwr][INFO] - 	                       array([[ 980,    0,    0,    0,    0,    0,    0,    0,    0,    0],
[2024-08-13 13:28:25,097][flwr][INFO] - 	       [1135,    0,    0,    0,    0,    0,    0,    0,    0,    0],
[2024-08-13 13:28:25,097][flwr][INFO] - 	       [1032,    0,    0,    0,    0,    0,    0,    0,    0,    0],
[2024-08-13 13:28:25,097][flwr][INFO] - 	       [1010,    0,    0,    0,    0,    0,    0,    0,    0,    0],
[2024-08-13 13:28:25,097][flwr][INFO] - 	       [ 982,    0,    0,    0,    0,    0,    0,    0,    0,    0],
[2024-08-13 13:28:25,097][flwr][INFO] - 	       [ 892,    0,    0,    0,    0,    0,    0,    0,    0,    0],
[2024-08-13 13:28:25,097][flwr][INFO] - 	       [ 958,    0,    0,    0,    0,    0,    0,    0,    0,    0],
[2024-08-13 13:28:25,097][flwr][INFO] - 	       [1028,    0,    0,    0,    0,    0,    0,    0,    0,    0],
[2024-08-13 13:28:25,098][flwr][INFO] - 	       [ 974,    0,    0,    0,    0,    0,    0,    0,    0,    0],
[2024-08-13 13:28:25,098][flwr][INFO] - 	       [1009,    0,    0,    0,    0,    0,    0,    0,    0,    0]],
[2024-08-13 13:28:25,098][flwr][INFO] - 	      dtype=int64)),
[2024-08-13 13:28:25,098][flwr][INFO] - 	                      (1,
[2024-08-13 13:28:25,098][flwr][INFO] - 	                       array([[963,   0,   2,   3,   0,   0,   4,   1,   3,   4],
[2024-08-13 13:28:25,098][flwr][INFO] - 	       [  0, 369, 722,   4,   0,   0,   2,   1,   1,  36],
[2024-08-13 13:28:25,098][flwr][INFO] - 	       [ 97,   1, 517, 306,   1,   0,  13,  25,  32,  40],
[2024-08-13 13:28:25,098][flwr][INFO] - 	       [ 39,   1,  11, 834,   3,   0,   5,  13,  16,  88],
[2024-08-13 13:28:25,098][flwr][INFO] - 	       [ 98,   1,   9,   1, 164,   1,  11,  32,   6, 659],
[2024-08-13 13:28:25,098][flwr][INFO] - 	       [326,  45,  42, 191,  10,   1,  22,  21,  75, 159],
[2024-08-13 13:28:25,098][flwr][INFO] - 	       [154,   3,  49,   5,   2,   0, 688,  47,   0,  10],
[2024-08-13 13:28:25,098][flwr][INFO] - 	       [ 63,   2,  48,   2,   2,   0,   0, 593, 199, 119],
[2024-08-13 13:28:25,098][flwr][INFO] - 	       [ 84,   1,  40, 177,   3,   0,   6,   4, 253, 406],
[2024-08-13 13:28:25,098][flwr][INFO] - 	       [101,   2,   2,   8,  13,   0,   0,  10,  16, 857]], dtype=int64)),
[2024-08-13 13:28:25,098][flwr][INFO] - 	                      (2,
[2024-08-13 13:28:25,098][flwr][INFO] - 	                       array([[876,  13,   2,   5,   4,   3,  49,  19,   9,   0],
[2024-08-13 13:28:25,098][flwr][INFO] - 	       [  0, 839, 262,   3,   2,   1,   5,   3,  20,   0],
[2024-08-13 13:28:25,099][flwr][INFO] - 	       [ 19,  14, 635, 193,  29,   1,  26,  63,  50,   2],
[2024-08-13 13:28:25,099][flwr][INFO] - 	       [  2,  22,  17, 700, 140,   0,  11,  22,  96,   0],
[2024-08-13 13:28:25,099][flwr][INFO] - 	       [ 13,   4,   5,   0, 715,  46,  19, 136,  39,   5],
[2024-08-13 13:28:25,099][flwr][INFO] - 	       [ 37, 106,  24, 105, 120, 280,  72,  37, 111,   0],
[2024-08-13 13:28:25,099][flwr][INFO] - 	       [ 18,  18,  30,   0,   7,   2, 781, 100,   2,   0],
[2024-08-13 13:28:25,099][flwr][INFO] - 	       [ 12,  18,  37,   0,  21,   0,   1, 782, 157,   0],
[2024-08-13 13:28:25,099][flwr][INFO] - 	       [ 15,  40,  20,  72, 110,   5,  32,  11, 665,   4],
[2024-08-13 13:28:25,099][flwr][INFO] - 	       [ 40,   6,   1,   3, 288,   9,   1, 261, 170, 230]], dtype=int64)),
[2024-08-13 13:28:25,099][flwr][INFO] - 	                      (3,
[2024-08-13 13:28:25,099][flwr][INFO] - 	                       array([[836,  49,   2,   8,   2,   8,  55,  12,   1,   7],
[2024-08-13 13:28:25,099][flwr][INFO] - 	       [  0, 819, 289,   3,   1,   3,   4,   3,   0,  13],
[2024-08-13 13:28:25,099][flwr][INFO] - 	       [ 14,  22, 650, 206,  12,   6,  22,  45,  32,  23],
[2024-08-13 13:28:25,099][flwr][INFO] - 	       [  3,  28,  19, 748,  54,  21,  12,  17,  25,  83],
[2024-08-13 13:28:25,099][flwr][INFO] - 	       [ 11,   4,   7,   0, 400, 299,  17,  73,   5, 166],
[2024-08-13 13:28:25,099][flwr][INFO] - 	       [ 18, 106,  25, 102,  38, 451,  57,  24,  29,  42],
[2024-08-13 13:28:25,099][flwr][INFO] - 	       [ 12,  21,  33,   0,   6,   3, 784,  98,   0,   1],
[2024-08-13 13:28:25,099][flwr][INFO] - 	       [ 15,  21,  42,   1,  15,   3,   1, 766, 109,  55],
[2024-08-13 13:28:25,100][flwr][INFO] - 	       [ 16,  55,  30, 117,  31,  22,  29,  10, 209, 455],
[2024-08-13 13:28:25,100][flwr][INFO] - 	       [ 35,   5,   1,   4,  44,  34,   2,  59,  11, 814]], dtype=int64)),
[2024-08-13 13:28:25,100][flwr][INFO] - 	                      (4,
[2024-08-13 13:28:25,100][flwr][INFO] - 	                       array([[745, 153,   2,   4,   3,   5,  42,  19,   7,   0],
[2024-08-13 13:28:25,100][flwr][INFO] - 	       [  0, 765, 335,   3,   3,   3,   5,   2,  19,   0],
[2024-08-13 13:28:25,100][flwr][INFO] - 	       [  9,  30, 639, 195,  31,   2,  19,  49,  57,   1],
[2024-08-13 13:28:25,100][flwr][INFO] - 	       [  1,  36,  13, 626, 188,   7,  15,  16, 107,   1],
[2024-08-13 13:28:25,100][flwr][INFO] - 	       [ 14,   4,   3,   0, 690, 128,  14,  86,  36,   7],
[2024-08-13 13:28:25,100][flwr][INFO] - 	       [ 17, 106,  22,  60,  89, 402,  72,  27,  96,   1],
[2024-08-13 13:28:25,100][flwr][INFO] - 	       [ 10,  22,  31,   0,  12,   3, 731, 147,   2,   0],
[2024-08-13 13:28:25,100][flwr][INFO] - 	       [ 19,  13,  36,   1,  24,   0,   1, 645, 288,   1],
[2024-08-13 13:28:25,100][flwr][INFO] - 	       [ 11,  33,  24,  52,  97,  23,  26,   8, 695,   5],
[2024-08-13 13:28:25,100][flwr][INFO] - 	       [ 79,   3,   1,   2, 215,  42,   0, 119, 181, 367]], dtype=int64)),
[2024-08-13 13:28:25,100][flwr][INFO] - 	                      (5,
[2024-08-13 13:28:25,100][flwr][INFO] - 	                       array([[742, 160,   2,   3,   1,   6,  42,  18,   2,   4],
[2024-08-13 13:28:25,100][flwr][INFO] - 	       [  0, 748, 358,   4,   2,   3,   6,   3,   0,  11],
[2024-08-13 13:28:25,101][flwr][INFO] - 	       [ 13,  26, 618, 237,  16,   4,  18,  49,  30,  21],
[2024-08-13 13:28:25,101][flwr][INFO] - 	       [  3,  30,  10, 729,  78,  21,  16,  21,  24,  78],
[2024-08-13 13:28:25,101][flwr][INFO] - 	       [ 17,   3,   5,   0, 458, 286,  14,  80,   5, 114],
[2024-08-13 13:28:25,101][flwr][INFO] - 	       [ 24,  94,  24,  75,  31, 470,  80,  29,  27,  38],
[2024-08-13 13:28:25,101][flwr][INFO] - 	       [ 10,  19,  32,   0,   6,   3, 739, 148,   0,   1],
[2024-08-13 13:28:25,101][flwr][INFO] - 	       [ 27,  16,  43,   3,  17,   4,   0, 779,  91,  48],
[2024-08-13 13:28:25,101][flwr][INFO] - 	       [ 15,  45,  27, 111,  34,  22,  31,  13, 200, 476],
[2024-08-13 13:28:25,101][flwr][INFO] - 	       [ 66,   5,   1,   4,  38,  29,   0,  62,   6, 798]], dtype=int64)),
[2024-08-13 13:28:25,101][flwr][INFO] - 	                      (6,
[2024-08-13 13:28:25,101][flwr][INFO] - 	                       array([[706, 188,   1,   2,   2,   9,  48,  17,   7,   0],
[2024-08-13 13:28:25,102][flwr][INFO] - 	       [  0, 755, 348,   3,   3,   3,   7,   1,  15,   0],
[2024-08-13 13:28:25,102][flwr][INFO] - 	       [ 13,  28, 647, 198,  25,   3,  18,  43,  52,   5],
[2024-08-13 13:28:25,102][flwr][INFO] - 	       [  3,  31,  12, 642, 172,  14,  16,  17,  96,   7],
[2024-08-13 13:28:25,102][flwr][INFO] - 	       [ 16,   3,   4,   0, 626, 209,  14,  68,  19,  23],
[2024-08-13 13:28:25,102][flwr][INFO] - 	       [ 24,  88,  19,  52,  53, 453,  97,  24,  78,   4],
[2024-08-13 13:28:25,102][flwr][INFO] - 	       [  9,  20,  30,   0,  10,   3, 735, 150,   1,   0],
[2024-08-13 13:28:25,102][flwr][INFO] - 	       [ 39,  15,  36,   2,  19,   2,   1, 624, 284,   6],
[2024-08-13 13:28:25,102][flwr][INFO] - 	       [ 16,  30,  24,  53,  72,  23,  35,   7, 670,  44],
[2024-08-13 13:28:25,102][flwr][INFO] - 	       [129,   3,   2,   3, 104,  45,   1,  64,  98, 560]], dtype=int64)),
[2024-08-13 13:28:25,102][flwr][INFO] - 	                      (7,
[2024-08-13 13:28:25,102][flwr][INFO] - 	                       array([[697, 198,   1,   2,   2,   9,  45,  20,   2,   4],
[2024-08-13 13:28:25,103][flwr][INFO] - 	       [  0, 762, 343,   5,   1,   3,   9,   2,   1,   9],
[2024-08-13 13:28:25,103][flwr][INFO] - 	       [ 10,  27, 621, 234,  18,   4,  18,  48,  30,  22],
[2024-08-13 13:28:25,103][flwr][INFO] - 	       [  3,  27,  10, 713,  94,  20,  21,  19,  24,  79],
[2024-08-13 13:28:25,103][flwr][INFO] - 	       [ 14,   4,   3,   0, 490, 274,  13,  71,   5, 108],
[2024-08-13 13:28:25,103][flwr][INFO] - 	       [ 25,  84,  17,  62,  29, 478,  99,  29,  28,  41],
[2024-08-13 13:28:25,103][flwr][INFO] - 	       [  9,  20,  29,   0,   7,   2, 712, 178,   0,   1],
[2024-08-13 13:28:25,103][flwr][INFO] - 	       [ 38,  15,  43,   3,  17,   4,   1, 774,  84,  49],
[2024-08-13 13:28:25,103][flwr][INFO] - 	       [ 13,  42,  24,  91,  38,  22,  33,  12, 205, 494],
[2024-08-13 13:28:25,103][flwr][INFO] - 	       [ 80,   3,   2,   5,  39,  26,   1,  51,   4, 798]], dtype=int64)),
[2024-08-13 13:28:25,103][flwr][INFO] - 	                      (8,
[2024-08-13 13:28:25,104][flwr][INFO] - 	                       array([[687, 207,   1,   1,   2,  13,  45,  18,   6,   0],
[2024-08-13 13:28:25,104][flwr][INFO] - 	       [  0, 766, 335,   3,   3,   4,   9,   1,  14,   0],
[2024-08-13 13:28:25,104][flwr][INFO] - 	       [ 12,  24, 655, 198,  24,   5,  18,  38,  52,   6],
[2024-08-13 13:28:25,104][flwr][INFO] - 	       [  3,  27,  11, 640, 173,  13,  24,  17,  91,  11],
[2024-08-13 13:28:25,104][flwr][INFO] - 	       [ 20,   4,   2,   0, 598, 240,  14,  62,  18,  24],
[2024-08-13 13:28:25,104][flwr][INFO] - 	       [ 23,  73,  15,  45,  40, 481, 110,  26,  75,   4],
[2024-08-13 13:28:25,104][flwr][INFO] - 	       [  9,  19,  30,   0,  11,   1, 721, 166,   1,   0],
[2024-08-13 13:28:25,104][flwr][INFO] - 	       [ 46,  14,  36,   3,  21,   2,   1, 637, 259,   9],
[2024-08-13 13:28:25,104][flwr][INFO] - 	       [ 19,  29,  24,  49,  60,  25,  37,   7, 664,  60],
[2024-08-13 13:28:25,104][flwr][INFO] - 	       [155,   4,   3,   3,  88,  45,   1,  55,  81, 574]], dtype=int64)),
[2024-08-13 13:28:25,105][flwr][INFO] - 	                      (9,
[2024-08-13 13:28:25,105][flwr][INFO] - 	                       array([[666, 224,   1,   2,   2,  12,  47,  20,   3,   3],
[2024-08-13 13:28:25,105][flwr][INFO] - 	       [  0, 778, 326,   5,   1,   3,  12,   3,   1,   6],
[2024-08-13 13:28:25,105][flwr][INFO] - 	       [ 10,  25, 640, 222,  19,   5,  18,  43,  31,  19],
[2024-08-13 13:28:25,105][flwr][INFO] - 	       [  3,  26,  10, 688, 119,  16,  25,  20,  30,  73],
[2024-08-13 13:28:25,105][flwr][INFO] - 	       [ 20,   4,   3,   0, 530, 255,  14,  62,   5,  89],
[2024-08-13 13:28:25,105][flwr][INFO] - 	       [ 26,  74,  15,  51,  30, 489, 111,  29,  29,  38],
[2024-08-13 13:28:25,105][flwr][INFO] - 	       [  9,  19,  27,   0,   7,   1, 696, 198,   0,   1],
[2024-08-13 13:28:25,105][flwr][INFO] - 	       [ 39,  16,  42,   3,  19,   3,   1, 770,  93,  42],
[2024-08-13 13:28:25,105][flwr][INFO] - 	       [ 16,  38,  25,  76,  38,  24,  34,  10, 256, 457],
[2024-08-13 13:28:25,105][flwr][INFO] - 	       [ 85,   4,   3,   5,  46,  25,   1,  48,   5, 787]], dtype=int64)),
[2024-08-13 13:28:25,106][flwr][INFO] - 	                      (10,
[2024-08-13 13:28:25,106][flwr][INFO] - 	                       array([[687, 208,   1,   1,   2,  13,  45,  17,   6,   0],
[2024-08-13 13:28:25,106][flwr][INFO] - 	       [  0, 785, 316,   4,   1,   4,  10,   1,  14,   0],
[2024-08-13 13:28:25,106][flwr][INFO] - 	       [ 10,  22, 664, 194,  25,   4,  17,  37,  54,   5],
[2024-08-13 13:28:25,106][flwr][INFO] - 	       [  3,  25,  11, 646, 169,  13,  26,  17,  85,  15],
[2024-08-13 13:28:25,106][flwr][INFO] - 	       [ 22,   4,   3,   0, 595, 247,  14,  55,  18,  24],
[2024-08-13 13:28:25,106][flwr][INFO] - 	       [ 25,  67,  10,  39,  34, 492, 118,  26,  75,   6],
[2024-08-13 13:28:25,106][flwr][INFO] - 	       [ 11,  18,  26,   0,  11,   1, 719, 171,   1,   0],
[2024-08-13 13:28:25,106][flwr][INFO] - 	       [ 46,  14,  37,   3,  20,   4,   1, 635, 259,   9],
[2024-08-13 13:28:25,106][flwr][INFO] - 	       [ 20,  26,  25,  46,  50,  26,  37,   6, 668,  70],
[2024-08-13 13:28:25,107][flwr][INFO] - 	       [164,   5,   3,   5,  77,  43,   1,  51,  74, 586]], dtype=int64))],
[2024-08-13 13:28:25,107][flwr][INFO] - 	 'f1': [(0, 0.017493624772313296),
[2024-08-13 13:28:25,107][flwr][INFO] - 	        (1, 0.4837689784142698),
[2024-08-13 13:28:25,107][flwr][INFO] - 	        (2, 0.636275377972754),
[2024-08-13 13:28:25,107][flwr][INFO] - 	        (3, 0.6359014249643592),
[2024-08-13 13:28:25,107][flwr][INFO] - 	        (4, 0.6294238209085016),
[2024-08-13 13:28:25,107][flwr][INFO] - 	        (5, 0.6171686426545301),
[2024-08-13 13:28:25,107][flwr][INFO] - 	        (6, 0.6431929394584014),
[2024-08-13 13:28:25,107][flwr][INFO] - 	        (7, 0.6148234169821155),
[2024-08-13 13:28:25,107][flwr][INFO] - 	        (8, 0.6434009543055795),
[2024-08-13 13:28:25,108][flwr][INFO] - 	        (9, 0.6223946771855706),
[2024-08-13 13:28:25,108][flwr][INFO] - 	        (10, 0.6485608060156389)],
[2024-08-13 13:28:25,108][flwr][INFO] - 	 'precision': [(0, 0.009604000000000001),
[2024-08-13 13:28:25,108][flwr][INFO] - 	               (1, 0.6122622627537707),
[2024-08-13 13:28:25,108][flwr][INFO] - 	               (2, 0.6975768322718474),
[2024-08-13 13:28:25,108][flwr][INFO] - 	               (3, 0.6501053735994755),
[2024-08-13 13:28:25,108][flwr][INFO] - 	               (4, 0.6674926427305075),
[2024-08-13 13:28:25,108][flwr][INFO] - 	               (5, 0.6316831845609324),
[2024-08-13 13:28:25,108][flwr][INFO] - 	               (6, 0.6552482423131721),
[2024-08-13 13:28:25,108][flwr][INFO] - 	               (7, 0.6293644267350651),
[2024-08-13 13:28:25,108][flwr][INFO] - 	               (8, 0.6520701350365127),
[2024-08-13 13:28:25,109][flwr][INFO] - 	               (9, 0.6336350074969497),
[2024-08-13 13:28:25,109][flwr][INFO] - 	               (10, 0.6558572285747082)],
[2024-08-13 13:28:25,109][flwr][INFO] - 	 'recall': [(0, 0.098),
[2024-08-13 13:28:25,109][flwr][INFO] - 	            (1, 0.5239),
[2024-08-13 13:28:25,109][flwr][INFO] - 	            (2, 0.6503),
[2024-08-13 13:28:25,109][flwr][INFO] - 	            (3, 0.6477),
[2024-08-13 13:28:25,109][flwr][INFO] - 	            (4, 0.6305),
[2024-08-13 13:28:25,109][flwr][INFO] - 	            (5, 0.6281),
[2024-08-13 13:28:25,109][flwr][INFO] - 	            (6, 0.6418),
[2024-08-13 13:28:25,109][flwr][INFO] - 	            (7, 0.625),
[2024-08-13 13:28:25,110][flwr][INFO] - 	            (8, 0.6423),
[2024-08-13 13:28:25,110][flwr][INFO] - 	            (9, 0.63),
[2024-08-13 13:28:25,110][flwr][INFO] - 	            (10, 0.6477)]}
[2024-08-13 13:28:25,110][flwr][INFO] - 
