[2024-08-13 12:40:19,297][flwr][INFO] - Starting Flower simulation, config: num_rounds=10, no round_timeout
[2024-08-13 12:40:23,474][flwr][INFO] - Flower VCE: Ray initialized with resources: {'accelerator_type:G': 1.0, 'GPU': 1.0, 'memory': 4939687527.0, 'node:127.0.0.1': 1.0, 'object_store_memory': 2469843763.0, 'CPU': 16.0, 'node:__internal_head__': 1.0}
[2024-08-13 12:40:23,475][flwr][INFO] - Optimize your simulation with Flower VCE: https://flower.ai/docs/framework/how-to-run-simulations.html
[2024-08-13 12:40:23,475][flwr][INFO] - Flower VCE: Resources for each Virtual Client: {'num_cpus': 2, 'num_gpus': 0.5}
[2024-08-13 12:40:23,486][flwr][INFO] - Flower VCE: Creating VirtualClientEngineActorPool with 2 actors
[2024-08-13 12:40:23,486][flwr][INFO] - [INIT]
[2024-08-13 12:40:23,486][flwr][INFO] - Requesting initial parameters from one random client
[2024-08-13 12:40:30,833][flwr][INFO] - Received initial parameters from one random client
[2024-08-13 12:40:30,834][flwr][INFO] - Evaluating initial global parameters
[2024-08-13 12:40:33,065][flwr][INFO] - initial parameters (loss, other metrics): 2.3025850929940455, {'accuracy': 0.098, 'precision': 0.009604000000000001, 'recall': 0.098, 'f1': 0.017493624772313296, 'confusion_matrix': array([[ 980,    0,    0,    0,    0,    0,    0,    0,    0,    0],
       [1135,    0,    0,    0,    0,    0,    0,    0,    0,    0],
       [1032,    0,    0,    0,    0,    0,    0,    0,    0,    0],
       [1010,    0,    0,    0,    0,    0,    0,    0,    0,    0],
       [ 982,    0,    0,    0,    0,    0,    0,    0,    0,    0],
       [ 892,    0,    0,    0,    0,    0,    0,    0,    0,    0],
       [ 958,    0,    0,    0,    0,    0,    0,    0,    0,    0],
       [1028,    0,    0,    0,    0,    0,    0,    0,    0,    0],
       [ 974,    0,    0,    0,    0,    0,    0,    0,    0,    0],
       [1009,    0,    0,    0,    0,    0,    0,    0,    0,    0]],
      dtype=int64)}
[2024-08-13 12:40:33,066][flwr][INFO] - 
[2024-08-13 12:40:33,066][flwr][INFO] - [ROUND 1]
[2024-08-13 12:40:33,067][flwr][INFO] - configure_fit: strategy sampled 10 clients (out of 10)
[2024-08-13 12:40:41,584][flwr][INFO] - aggregate_fit: received 10 results and 0 failures
[2024-08-13 12:40:41,587][flwr][WARNING] - No fit_metrics_aggregation_fn provided
[2024-08-13 12:40:43,668][flwr][INFO] - fit progress: (1, 2.8583022806010416, {'accuracy': 0.08, 'precision': 0.06975470062228578, 'recall': 0.08, 'f1': 0.05938721567579557, 'confusion_matrix': array([[  20,  887,    0,    7,    3,    0,    0,   26,    1,   36],
       [   0,    0, 1089,    3,    0,    0,    0,    3,    1,   39],
       [   4,   30,   83,  803,    3,    3,    0,   32,   19,   55],
       [   1,   20,   19,  191,  600,    0,    0,   12,   18,  149],
       [ 154,    4,   13,    8,   28,  288,    0,   69,   29,  389],
       [  46,   97,   64,   37,  171,    1,    4,   30,   32,  410],
       [   0,   52,   31,   17,    0,    1,    1,  822,    1,   33],
       [  27,    3,   47,   10,    2,    0,    0,    7,  889,   43],
       [   0,   12,   22,   38,   36,    0,    0,    7,   11,  848],
       [ 356,    9,    5,    7,   18,    2,    0,    8,  146,  458]],
      dtype=int64)}, 10.601532599990605)
[2024-08-13 12:40:43,669][flwr][INFO] - configure_evaluate: no clients selected, skipping evaluation
[2024-08-13 12:40:43,669][flwr][INFO] - 
[2024-08-13 12:40:43,669][flwr][INFO] - [ROUND 2]
[2024-08-13 12:40:43,669][flwr][INFO] - configure_fit: strategy sampled 10 clients (out of 10)
[2024-08-13 12:40:50,350][flwr][INFO] - aggregate_fit: received 10 results and 0 failures
[2024-08-13 12:40:52,431][flwr][INFO] - fit progress: (2, 2.181873323363221, {'accuracy': 0.1901, 'precision': 0.12492342559674227, 'recall': 0.1901, 'f1': 0.14168897483274767, 'confusion_matrix': array([[ 695,   25,    0,    6,    0,    3,  249,    2,    0,    0],
       [   0,    0, 1077,    2,    0,    0,   56,    0,    0,    0],
       [  48,    1,  172,  588,   12,   43,  111,   33,   24,    0],
       [  22,    3,   12,   94,  579,    8,  264,    4,   24,    0],
       [  15,    0,    3,    0,    5,  924,   30,    3,    2,    0],
       [  67,    5,   32,    3,   26,   86,  659,    4,   10,    0],
       [  18,    1,    7,    4,    1,   15,  735,  177,    0,    0],
       [ 122,    0,   51,    7,    9,   63,    9,   17,  750,    0],
       [  63,    0,   39,    6,  118,   86,  562,    3,   97,    0],
       [ 277,    0,    4,    2,   16,  600,   38,    4,   68,    0]],
      dtype=int64)}, 19.364497899994603)
[2024-08-13 12:40:52,432][flwr][INFO] - configure_evaluate: no clients selected, skipping evaluation
[2024-08-13 12:40:52,432][flwr][INFO] - 
[2024-08-13 12:40:52,432][flwr][INFO] - [ROUND 3]
[2024-08-13 12:40:52,433][flwr][INFO] - configure_fit: strategy sampled 10 clients (out of 10)
[2024-08-13 12:40:58,772][flwr][INFO] - aggregate_fit: received 10 results and 0 failures
[2024-08-13 12:41:00,857][flwr][INFO] - fit progress: (3, 2.009996221709881, {'accuracy': 0.3147, 'precision': 0.3024283107127439, 'recall': 0.3147, 'f1': 0.22454463992976947, 'confusion_matrix': array([[  3, 868,   0,   7,   1,   0,   0,  71,   1,  29],
       [  0, 938, 128,   3,   0,   0,   0,   6,   0,  60],
       [  0,  75,  74, 702,   1,   1,   0,  82,   9,  88],
       [  0,  68,   0, 713,  41,   0,   0,  24,   6, 158],
       [  0,   7,   0,   1, 186,   4,   0, 177,   0, 607],
       [  0, 285,   4, 109,  34,   2,   0,  53,  14, 391],
       [  0, 108,   1,   6,   1,   0,   0, 824,   0,  18],
       [  2,  25,  11,   7,   4,   0,   0, 317, 551, 111],
       [  0,  62,   2,  82,   4,   0,   0,  14,   2, 808],
       [  2,  11,   0,   5,  16,   0,   0,  61,   2, 912]], dtype=int64)}, 27.790204899996752)
[2024-08-13 12:41:00,858][flwr][INFO] - configure_evaluate: no clients selected, skipping evaluation
[2024-08-13 12:41:00,858][flwr][INFO] - 
[2024-08-13 12:41:00,858][flwr][INFO] - [ROUND 4]
[2024-08-13 12:41:00,858][flwr][INFO] - configure_fit: strategy sampled 10 clients (out of 10)
[2024-08-13 12:41:07,240][flwr][INFO] - aggregate_fit: received 10 results and 0 failures
[2024-08-13 12:41:09,381][flwr][INFO] - fit progress: (4, 1.8866412292559285, {'accuracy': 0.3022, 'precision': 0.247894764894041, 'recall': 0.3022, 'f1': 0.23646639504125247, 'confusion_matrix': array([[ 926,   22,    2,    5,    8,    3,    4,    3,    7,    0],
       [   0,    0, 1124,    2,    2,    1,    2,    0,    4,    0],
       [  57,    1,  710,  143,   43,   13,    7,    5,   53,    0],
       [  27,    1,   59,   65,  789,    2,    4,    5,   58,    0],
       [  57,    0,   20,    0,  192,  693,    1,    1,   18,    0],
       [ 218,    4,   83,   15,  227,  253,   15,    5,   72,    0],
       [ 171,    0,  112,    0,   31,   41,  385,  218,    0,    0],
       [ 109,    0,   68,    0,   21,   11,    0,    2,  817,    0],
       [  80,    0,  127,    3,  236,   36,    2,    1,  489,    0],
       [ 601,    0,    8,    0,  123,   98,    0,    1,  178,    0]],
      dtype=int64)}, 36.3145763999928)
[2024-08-13 12:41:09,382][flwr][INFO] - configure_evaluate: no clients selected, skipping evaluation
[2024-08-13 12:41:09,382][flwr][INFO] - 
[2024-08-13 12:41:09,382][flwr][INFO] - [ROUND 5]
[2024-08-13 12:41:09,382][flwr][INFO] - configure_fit: strategy sampled 10 clients (out of 10)
[2024-08-13 12:41:16,002][flwr][INFO] - aggregate_fit: received 10 results and 0 failures
[2024-08-13 12:41:18,089][flwr][INFO] - fit progress: (5, 1.921459741394121, {'accuracy': 0.25, 'precision': 0.19601250974380982, 'recall': 0.25, 'f1': 0.20669140799359076, 'confusion_matrix': array([[  1, 853,   0,   9,   1,   2,  48,  61,   1,   4],
       [  0, 310, 762,  20,   0,   0,  15,  10,   0,  18],
       [  0,  35,  37, 851,   3,  10,  13,  52,   8,  23],
       [  0,  43,   3, 691,  98,   1,  69,  21,  10,  74],
       [  0,   4,   0,   5,  32, 764,   8, 115,   1,  53],
       [  2, 149,   8,  52,  22, 118, 398,  45,  20,  78],
       [  0,  45,   2,   6,   1,   1, 276, 627,   0,   0],
       [  6,  16,  17,  37,   2,  11,   2, 425, 485,  27],
       [  0,  45,   5, 145,   2,  12,  36,  20,   8, 701],
       [ 12,  14,   0,  16,  19, 147,  11, 183,   5, 602]], dtype=int64)}, 45.02317970000149)
[2024-08-13 12:41:18,090][flwr][INFO] - configure_evaluate: no clients selected, skipping evaluation
[2024-08-13 12:41:18,090][flwr][INFO] - 
[2024-08-13 12:41:18,090][flwr][INFO] - [ROUND 6]
[2024-08-13 12:41:18,091][flwr][INFO] - configure_fit: strategy sampled 10 clients (out of 10)
[2024-08-13 12:41:24,588][flwr][INFO] - aggregate_fit: received 10 results and 0 failures
[2024-08-13 12:41:26,661][flwr][INFO] - fit progress: (6, 1.8154024222696965, {'accuracy': 0.3523, 'precision': 0.2318860515703387, 'recall': 0.3523, 'f1': 0.24943345580509177, 'confusion_matrix': array([[ 960,    0,    4,    1,    5,    1,    5,    0,    4,    0],
       [   1,    0, 1124,    0,    3,    0,    4,    0,    3,    0],
       [  79,    0,  825,    0,   54,    2,   11,    3,   58,    0],
       [  77,    0,   68,    0,  785,    0,   12,    2,   66,    0],
       [ 313,    0,   14,    0,  534,   90,    6,    1,   23,    1],
       [ 457,    3,   77,    0,  155,   44,   94,    1,   61,    0],
       [ 197,    0,   88,    0,   19,    1,  623,   30,    0,    0],
       [ 202,    0,   63,    0,   22,    0,    0,    0,  741,    0],
       [ 186,    0,   88,    0,  145,    0,   15,    1,  537,    2],
       [ 827,    0,    7,    0,   78,    4,    0,    0,   93,    0]],
      dtype=int64)}, 53.59492769998906)
[2024-08-13 12:41:26,662][flwr][INFO] - configure_evaluate: no clients selected, skipping evaluation
[2024-08-13 12:41:26,662][flwr][INFO] - 
[2024-08-13 12:41:26,662][flwr][INFO] - [ROUND 7]
[2024-08-13 12:41:26,662][flwr][INFO] - configure_fit: strategy sampled 10 clients (out of 10)
[2024-08-13 12:41:33,030][flwr][INFO] - aggregate_fit: received 10 results and 0 failures
[2024-08-13 12:41:35,093][flwr][INFO] - fit progress: (7, 1.7951557532950189, {'accuracy': 0.2791, 'precision': 0.2677234169426095, 'recall': 0.2791, 'f1': 0.2363530130117749, 'confusion_matrix': array([[  4, 722,   0,   5,   2,  34, 103,  71,   3,  36],
       [  0, 448, 620,   4,   0,   2,   5,   6,   0,  50],
       [  0,  24, 120, 699,   6,  25,  16,  52,  12,  78],
       [  0,  29,   3, 480, 253,  14,  51,  18,  12, 150],
       [  0,   2,   0,   2,  24, 842,   7,  33,   1,  71],
       [  0,  72,   8,  27,  11, 338, 252,  31,  19, 134],
       [  0,  18,   3,   4,   1,   6, 324, 596,   0,   6],
       [  2,   8,  23,   8,   4,  42,   0, 243, 609,  89],
       [  0,  11,   5,  27,   4,  30,  23,  11,   3, 860],
       [  2,   5,   0,   8,   8, 141,   2,  35,   1, 807]], dtype=int64)}, 62.026872000002186)
[2024-08-13 12:41:35,094][flwr][INFO] - configure_evaluate: no clients selected, skipping evaluation
[2024-08-13 12:41:35,094][flwr][INFO] - 
[2024-08-13 12:41:35,094][flwr][INFO] - [ROUND 8]
[2024-08-13 12:41:35,094][flwr][INFO] - configure_fit: strategy sampled 10 clients (out of 10)
[2024-08-13 12:41:41,760][flwr][INFO] - aggregate_fit: received 10 results and 0 failures
[2024-08-13 12:41:43,823][flwr][INFO] - fit progress: (8, 1.8445571320050396, {'accuracy': 0.2191, 'precision': 0.1680271195616659, 'recall': 0.2191, 'f1': 0.18076626295470075, 'confusion_matrix': array([[ 378,  508,    1,    1,   13,    1,   43,   30,    5,    0],
       [   0,    1, 1118,    3,    3,    0,    4,    2,    4,    0],
       [  21,   19,  410,  443,   37,    2,   14,   28,   58,    0],
       [   5,   15,   19,  104,  765,    0,   16,   13,   73,    0],
       [ 106,    0,   10,    0,  409,  373,    7,   50,   26,    1],
       [ 105,   53,   40,   10,  198,   53,  329,   25,   79,    0],
       [  14,   15,   29,    0,   14,    1,  248,  637,    0,    0],
       [  93,    1,   55,    2,   20,    1,    0,   21,  835,    0],
       [  36,   11,   68,    7,  232,    3,   33,   12,  567,    5],
       [ 760,    0,    7,    5,   90,    8,    2,    8,  129,    0]],
      dtype=int64)}, 70.75684319999709)
[2024-08-13 12:41:43,824][flwr][INFO] - configure_evaluate: no clients selected, skipping evaluation
[2024-08-13 12:41:43,824][flwr][INFO] - 
[2024-08-13 12:41:43,824][flwr][INFO] - [ROUND 9]
[2024-08-13 12:41:43,824][flwr][INFO] - configure_fit: strategy sampled 10 clients (out of 10)
[2024-08-13 12:41:50,462][flwr][INFO] - aggregate_fit: received 10 results and 0 failures
[2024-08-13 12:41:52,667][flwr][INFO] - fit progress: (9, 1.666144878533487, {'accuracy': 0.4463, 'precision': 0.5538169133929838, 'recall': 0.4463, 'f1': 0.37446871766251233, 'confusion_matrix': array([[185, 495,   0,  26,   0,  20, 139,  26,   0,  89],
       [  0, 981,  21,   6,   0,   0,  10,   1,   0, 116],
       [  0,  29,  63, 731,   0,  13,  18,  24,   1, 153],
       [  0,  21,   0, 727,   0,  16,  39,  14,   0, 193],
       [  0,   3,   1,   4,   1, 605,   8,  12,   0, 348],
       [  0,  69,   0,  58,   0, 266, 176,  19,   1, 303],
       [  2,  22,   3,   4,   0,   7, 683, 197,   0,  40],
       [  7,  23,   2,  24,   0,  23,   0, 602,   1, 346],
       [  1,  10,   1,  31,   0,  11,  16,   2,   0, 902],
       [  3,   3,   0,  11,   0,  23,   0,  14,   0, 955]], dtype=int64)}, 79.59997979999753)
[2024-08-13 12:41:52,667][flwr][INFO] - configure_evaluate: no clients selected, skipping evaluation
[2024-08-13 12:41:52,668][flwr][INFO] - 
[2024-08-13 12:41:52,668][flwr][INFO] - [ROUND 10]
[2024-08-13 12:41:52,668][flwr][INFO] - configure_fit: strategy sampled 10 clients (out of 10)
[2024-08-13 12:41:59,154][flwr][INFO] - aggregate_fit: received 10 results and 0 failures
[2024-08-13 12:42:01,218][flwr][INFO] - fit progress: (10, 1.715756477598823, {'accuracy': 0.2618, 'precision': 0.22245583331834387, 'recall': 0.2618, 'f1': 0.22642651887070897, 'confusion_matrix': array([[ 345,  551,    1,    0,    2,    9,   24,   39,    9,    0],
       [   0,    9, 1109,    2,    0,    0,    6,    5,    4,    0],
       [  13,   20,  616,  243,   23,   12,   12,   39,   54,    0],
       [   7,   32,   35,  244,  507,    5,   37,   24,  119,    0],
       [  30,    1,    6,    0,  125,  750,    5,   44,   21,    0],
       [  45,   65,   27,   16,   38,  293,  284,   31,   93,    0],
       [  14,   23,   20,    0,    5,    2,  231,  663,    0,    0],
       [  70,    1,   56,    1,   10,    7,    0,   85,  798,    0],
       [  30,   18,   63,   20,   60,   59,   42,   12,  670,    0],
       [ 608,    1,    8,    3,   52,  129,    1,   32,  175,    0]],
      dtype=int64)}, 88.15161439999065)
[2024-08-13 12:42:01,219][flwr][INFO] - configure_evaluate: no clients selected, skipping evaluation
[2024-08-13 12:42:01,219][flwr][INFO] - 
[2024-08-13 12:42:01,219][flwr][INFO] - [SUMMARY]
[2024-08-13 12:42:01,219][flwr][INFO] - Run finished 10 round(s) in 88.15s
[2024-08-13 12:42:01,227][flwr][INFO] - 	History (loss, centralized):
[2024-08-13 12:42:01,228][flwr][INFO] - 		round 0: 2.3025850929940455
[2024-08-13 12:42:01,228][flwr][INFO] - 		round 1: 2.8583022806010416
[2024-08-13 12:42:01,228][flwr][INFO] - 		round 2: 2.181873323363221
[2024-08-13 12:42:01,228][flwr][INFO] - 		round 3: 2.009996221709881
[2024-08-13 12:42:01,228][flwr][INFO] - 		round 4: 1.8866412292559285
[2024-08-13 12:42:01,228][flwr][INFO] - 		round 5: 1.921459741394121
[2024-08-13 12:42:01,228][flwr][INFO] - 		round 6: 1.8154024222696965
[2024-08-13 12:42:01,228][flwr][INFO] - 		round 7: 1.7951557532950189
[2024-08-13 12:42:01,228][flwr][INFO] - 		round 8: 1.8445571320050396
[2024-08-13 12:42:01,228][flwr][INFO] - 		round 9: 1.666144878533487
[2024-08-13 12:42:01,228][flwr][INFO] - 		round 10: 1.715756477598823
[2024-08-13 12:42:01,228][flwr][INFO] - 	History (metrics, centralized):
[2024-08-13 12:42:01,229][flwr][INFO] - 	{'accuracy': [(0, 0.098),
[2024-08-13 12:42:01,229][flwr][INFO] - 	              (1, 0.08),
[2024-08-13 12:42:01,229][flwr][INFO] - 	              (2, 0.1901),
[2024-08-13 12:42:01,229][flwr][INFO] - 	              (3, 0.3147),
[2024-08-13 12:42:01,229][flwr][INFO] - 	              (4, 0.3022),
[2024-08-13 12:42:01,229][flwr][INFO] - 	              (5, 0.25),
[2024-08-13 12:42:01,229][flwr][INFO] - 	              (6, 0.3523),
[2024-08-13 12:42:01,229][flwr][INFO] - 	              (7, 0.2791),
[2024-08-13 12:42:01,229][flwr][INFO] - 	              (8, 0.2191),
[2024-08-13 12:42:01,229][flwr][INFO] - 	              (9, 0.4463),
[2024-08-13 12:42:01,229][flwr][INFO] - 	              (10, 0.2618)],
[2024-08-13 12:42:01,229][flwr][INFO] - 	 'confusion_matrix': [(0,
[2024-08-13 12:42:01,229][flwr][INFO] - 	                       array([[ 980,    0,    0,    0,    0,    0,    0,    0,    0,    0],
[2024-08-13 12:42:01,229][flwr][INFO] - 	       [1135,    0,    0,    0,    0,    0,    0,    0,    0,    0],
[2024-08-13 12:42:01,229][flwr][INFO] - 	       [1032,    0,    0,    0,    0,    0,    0,    0,    0,    0],
[2024-08-13 12:42:01,230][flwr][INFO] - 	       [1010,    0,    0,    0,    0,    0,    0,    0,    0,    0],
[2024-08-13 12:42:01,230][flwr][INFO] - 	       [ 982,    0,    0,    0,    0,    0,    0,    0,    0,    0],
[2024-08-13 12:42:01,230][flwr][INFO] - 	       [ 892,    0,    0,    0,    0,    0,    0,    0,    0,    0],
[2024-08-13 12:42:01,230][flwr][INFO] - 	       [ 958,    0,    0,    0,    0,    0,    0,    0,    0,    0],
[2024-08-13 12:42:01,230][flwr][INFO] - 	       [1028,    0,    0,    0,    0,    0,    0,    0,    0,    0],
[2024-08-13 12:42:01,230][flwr][INFO] - 	       [ 974,    0,    0,    0,    0,    0,    0,    0,    0,    0],
[2024-08-13 12:42:01,230][flwr][INFO] - 	       [1009,    0,    0,    0,    0,    0,    0,    0,    0,    0]],
[2024-08-13 12:42:01,230][flwr][INFO] - 	      dtype=int64)),
[2024-08-13 12:42:01,230][flwr][INFO] - 	                      (1,
[2024-08-13 12:42:01,230][flwr][INFO] - 	                       array([[  20,  887,    0,    7,    3,    0,    0,   26,    1,   36],
[2024-08-13 12:42:01,230][flwr][INFO] - 	       [   0,    0, 1089,    3,    0,    0,    0,    3,    1,   39],
[2024-08-13 12:42:01,230][flwr][INFO] - 	       [   4,   30,   83,  803,    3,    3,    0,   32,   19,   55],
[2024-08-13 12:42:01,230][flwr][INFO] - 	       [   1,   20,   19,  191,  600,    0,    0,   12,   18,  149],
[2024-08-13 12:42:01,230][flwr][INFO] - 	       [ 154,    4,   13,    8,   28,  288,    0,   69,   29,  389],
[2024-08-13 12:42:01,230][flwr][INFO] - 	       [  46,   97,   64,   37,  171,    1,    4,   30,   32,  410],
[2024-08-13 12:42:01,231][flwr][INFO] - 	       [   0,   52,   31,   17,    0,    1,    1,  822,    1,   33],
[2024-08-13 12:42:01,231][flwr][INFO] - 	       [  27,    3,   47,   10,    2,    0,    0,    7,  889,   43],
[2024-08-13 12:42:01,231][flwr][INFO] - 	       [   0,   12,   22,   38,   36,    0,    0,    7,   11,  848],
[2024-08-13 12:42:01,231][flwr][INFO] - 	       [ 356,    9,    5,    7,   18,    2,    0,    8,  146,  458]],
[2024-08-13 12:42:01,231][flwr][INFO] - 	      dtype=int64)),
[2024-08-13 12:42:01,231][flwr][INFO] - 	                      (2,
[2024-08-13 12:42:01,231][flwr][INFO] - 	                       array([[ 695,   25,    0,    6,    0,    3,  249,    2,    0,    0],
[2024-08-13 12:42:01,231][flwr][INFO] - 	       [   0,    0, 1077,    2,    0,    0,   56,    0,    0,    0],
[2024-08-13 12:42:01,231][flwr][INFO] - 	       [  48,    1,  172,  588,   12,   43,  111,   33,   24,    0],
[2024-08-13 12:42:01,231][flwr][INFO] - 	       [  22,    3,   12,   94,  579,    8,  264,    4,   24,    0],
[2024-08-13 12:42:01,231][flwr][INFO] - 	       [  15,    0,    3,    0,    5,  924,   30,    3,    2,    0],
[2024-08-13 12:42:01,232][flwr][INFO] - 	       [  67,    5,   32,    3,   26,   86,  659,    4,   10,    0],
[2024-08-13 12:42:01,232][flwr][INFO] - 	       [  18,    1,    7,    4,    1,   15,  735,  177,    0,    0],
[2024-08-13 12:42:01,232][flwr][INFO] - 	       [ 122,    0,   51,    7,    9,   63,    9,   17,  750,    0],
[2024-08-13 12:42:01,232][flwr][INFO] - 	       [  63,    0,   39,    6,  118,   86,  562,    3,   97,    0],
[2024-08-13 12:42:01,232][flwr][INFO] - 	       [ 277,    0,    4,    2,   16,  600,   38,    4,   68,    0]],
[2024-08-13 12:42:01,232][flwr][INFO] - 	      dtype=int64)),
[2024-08-13 12:42:01,232][flwr][INFO] - 	                      (3,
[2024-08-13 12:42:01,232][flwr][INFO] - 	                       array([[  3, 868,   0,   7,   1,   0,   0,  71,   1,  29],
[2024-08-13 12:42:01,232][flwr][INFO] - 	       [  0, 938, 128,   3,   0,   0,   0,   6,   0,  60],
[2024-08-13 12:42:01,232][flwr][INFO] - 	       [  0,  75,  74, 702,   1,   1,   0,  82,   9,  88],
[2024-08-13 12:42:01,232][flwr][INFO] - 	       [  0,  68,   0, 713,  41,   0,   0,  24,   6, 158],
[2024-08-13 12:42:01,232][flwr][INFO] - 	       [  0,   7,   0,   1, 186,   4,   0, 177,   0, 607],
[2024-08-13 12:42:01,232][flwr][INFO] - 	       [  0, 285,   4, 109,  34,   2,   0,  53,  14, 391],
[2024-08-13 12:42:01,232][flwr][INFO] - 	       [  0, 108,   1,   6,   1,   0,   0, 824,   0,  18],
[2024-08-13 12:42:01,233][flwr][INFO] - 	       [  2,  25,  11,   7,   4,   0,   0, 317, 551, 111],
[2024-08-13 12:42:01,233][flwr][INFO] - 	       [  0,  62,   2,  82,   4,   0,   0,  14,   2, 808],
[2024-08-13 12:42:01,233][flwr][INFO] - 	       [  2,  11,   0,   5,  16,   0,   0,  61,   2, 912]], dtype=int64)),
[2024-08-13 12:42:01,233][flwr][INFO] - 	                      (4,
[2024-08-13 12:42:01,233][flwr][INFO] - 	                       array([[ 926,   22,    2,    5,    8,    3,    4,    3,    7,    0],
[2024-08-13 12:42:01,233][flwr][INFO] - 	       [   0,    0, 1124,    2,    2,    1,    2,    0,    4,    0],
[2024-08-13 12:42:01,233][flwr][INFO] - 	       [  57,    1,  710,  143,   43,   13,    7,    5,   53,    0],
[2024-08-13 12:42:01,233][flwr][INFO] - 	       [  27,    1,   59,   65,  789,    2,    4,    5,   58,    0],
[2024-08-13 12:42:01,233][flwr][INFO] - 	       [  57,    0,   20,    0,  192,  693,    1,    1,   18,    0],
[2024-08-13 12:42:01,233][flwr][INFO] - 	       [ 218,    4,   83,   15,  227,  253,   15,    5,   72,    0],
[2024-08-13 12:42:01,233][flwr][INFO] - 	       [ 171,    0,  112,    0,   31,   41,  385,  218,    0,    0],
[2024-08-13 12:42:01,233][flwr][INFO] - 	       [ 109,    0,   68,    0,   21,   11,    0,    2,  817,    0],
[2024-08-13 12:42:01,233][flwr][INFO] - 	       [  80,    0,  127,    3,  236,   36,    2,    1,  489,    0],
[2024-08-13 12:42:01,233][flwr][INFO] - 	       [ 601,    0,    8,    0,  123,   98,    0,    1,  178,    0]],
[2024-08-13 12:42:01,233][flwr][INFO] - 	      dtype=int64)),
[2024-08-13 12:42:01,233][flwr][INFO] - 	                      (5,
[2024-08-13 12:42:01,234][flwr][INFO] - 	                       array([[  1, 853,   0,   9,   1,   2,  48,  61,   1,   4],
[2024-08-13 12:42:01,234][flwr][INFO] - 	       [  0, 310, 762,  20,   0,   0,  15,  10,   0,  18],
[2024-08-13 12:42:01,234][flwr][INFO] - 	       [  0,  35,  37, 851,   3,  10,  13,  52,   8,  23],
[2024-08-13 12:42:01,234][flwr][INFO] - 	       [  0,  43,   3, 691,  98,   1,  69,  21,  10,  74],
[2024-08-13 12:42:01,234][flwr][INFO] - 	       [  0,   4,   0,   5,  32, 764,   8, 115,   1,  53],
[2024-08-13 12:42:01,234][flwr][INFO] - 	       [  2, 149,   8,  52,  22, 118, 398,  45,  20,  78],
[2024-08-13 12:42:01,234][flwr][INFO] - 	       [  0,  45,   2,   6,   1,   1, 276, 627,   0,   0],
[2024-08-13 12:42:01,234][flwr][INFO] - 	       [  6,  16,  17,  37,   2,  11,   2, 425, 485,  27],
[2024-08-13 12:42:01,234][flwr][INFO] - 	       [  0,  45,   5, 145,   2,  12,  36,  20,   8, 701],
[2024-08-13 12:42:01,234][flwr][INFO] - 	       [ 12,  14,   0,  16,  19, 147,  11, 183,   5, 602]], dtype=int64)),
[2024-08-13 12:42:01,234][flwr][INFO] - 	                      (6,
[2024-08-13 12:42:01,234][flwr][INFO] - 	                       array([[ 960,    0,    4,    1,    5,    1,    5,    0,    4,    0],
[2024-08-13 12:42:01,234][flwr][INFO] - 	       [   1,    0, 1124,    0,    3,    0,    4,    0,    3,    0],
[2024-08-13 12:42:01,234][flwr][INFO] - 	       [  79,    0,  825,    0,   54,    2,   11,    3,   58,    0],
[2024-08-13 12:42:01,234][flwr][INFO] - 	       [  77,    0,   68,    0,  785,    0,   12,    2,   66,    0],
[2024-08-13 12:42:01,235][flwr][INFO] - 	       [ 313,    0,   14,    0,  534,   90,    6,    1,   23,    1],
[2024-08-13 12:42:01,235][flwr][INFO] - 	       [ 457,    3,   77,    0,  155,   44,   94,    1,   61,    0],
[2024-08-13 12:42:01,235][flwr][INFO] - 	       [ 197,    0,   88,    0,   19,    1,  623,   30,    0,    0],
[2024-08-13 12:42:01,235][flwr][INFO] - 	       [ 202,    0,   63,    0,   22,    0,    0,    0,  741,    0],
[2024-08-13 12:42:01,235][flwr][INFO] - 	       [ 186,    0,   88,    0,  145,    0,   15,    1,  537,    2],
[2024-08-13 12:42:01,235][flwr][INFO] - 	       [ 827,    0,    7,    0,   78,    4,    0,    0,   93,    0]],
[2024-08-13 12:42:01,235][flwr][INFO] - 	      dtype=int64)),
[2024-08-13 12:42:01,235][flwr][INFO] - 	                      (7,
[2024-08-13 12:42:01,235][flwr][INFO] - 	                       array([[  4, 722,   0,   5,   2,  34, 103,  71,   3,  36],
[2024-08-13 12:42:01,235][flwr][INFO] - 	       [  0, 448, 620,   4,   0,   2,   5,   6,   0,  50],
[2024-08-13 12:42:01,235][flwr][INFO] - 	       [  0,  24, 120, 699,   6,  25,  16,  52,  12,  78],
[2024-08-13 12:42:01,235][flwr][INFO] - 	       [  0,  29,   3, 480, 253,  14,  51,  18,  12, 150],
[2024-08-13 12:42:01,235][flwr][INFO] - 	       [  0,   2,   0,   2,  24, 842,   7,  33,   1,  71],
[2024-08-13 12:42:01,235][flwr][INFO] - 	       [  0,  72,   8,  27,  11, 338, 252,  31,  19, 134],
[2024-08-13 12:42:01,235][flwr][INFO] - 	       [  0,  18,   3,   4,   1,   6, 324, 596,   0,   6],
[2024-08-13 12:42:01,235][flwr][INFO] - 	       [  2,   8,  23,   8,   4,  42,   0, 243, 609,  89],
[2024-08-13 12:42:01,236][flwr][INFO] - 	       [  0,  11,   5,  27,   4,  30,  23,  11,   3, 860],
[2024-08-13 12:42:01,236][flwr][INFO] - 	       [  2,   5,   0,   8,   8, 141,   2,  35,   1, 807]], dtype=int64)),
[2024-08-13 12:42:01,236][flwr][INFO] - 	                      (8,
[2024-08-13 12:42:01,236][flwr][INFO] - 	                       array([[ 378,  508,    1,    1,   13,    1,   43,   30,    5,    0],
[2024-08-13 12:42:01,236][flwr][INFO] - 	       [   0,    1, 1118,    3,    3,    0,    4,    2,    4,    0],
[2024-08-13 12:42:01,236][flwr][INFO] - 	       [  21,   19,  410,  443,   37,    2,   14,   28,   58,    0],
[2024-08-13 12:42:01,236][flwr][INFO] - 	       [   5,   15,   19,  104,  765,    0,   16,   13,   73,    0],
[2024-08-13 12:42:01,236][flwr][INFO] - 	       [ 106,    0,   10,    0,  409,  373,    7,   50,   26,    1],
[2024-08-13 12:42:01,236][flwr][INFO] - 	       [ 105,   53,   40,   10,  198,   53,  329,   25,   79,    0],
[2024-08-13 12:42:01,236][flwr][INFO] - 	       [  14,   15,   29,    0,   14,    1,  248,  637,    0,    0],
[2024-08-13 12:42:01,236][flwr][INFO] - 	       [  93,    1,   55,    2,   20,    1,    0,   21,  835,    0],
[2024-08-13 12:42:01,236][flwr][INFO] - 	       [  36,   11,   68,    7,  232,    3,   33,   12,  567,    5],
[2024-08-13 12:42:01,236][flwr][INFO] - 	       [ 760,    0,    7,    5,   90,    8,    2,    8,  129,    0]],
[2024-08-13 12:42:01,236][flwr][INFO] - 	      dtype=int64)),
[2024-08-13 12:42:01,236][flwr][INFO] - 	                      (9,
[2024-08-13 12:42:01,236][flwr][INFO] - 	                       array([[185, 495,   0,  26,   0,  20, 139,  26,   0,  89],
[2024-08-13 12:42:01,237][flwr][INFO] - 	       [  0, 981,  21,   6,   0,   0,  10,   1,   0, 116],
[2024-08-13 12:42:01,237][flwr][INFO] - 	       [  0,  29,  63, 731,   0,  13,  18,  24,   1, 153],
[2024-08-13 12:42:01,237][flwr][INFO] - 	       [  0,  21,   0, 727,   0,  16,  39,  14,   0, 193],
[2024-08-13 12:42:01,237][flwr][INFO] - 	       [  0,   3,   1,   4,   1, 605,   8,  12,   0, 348],
[2024-08-13 12:42:01,237][flwr][INFO] - 	       [  0,  69,   0,  58,   0, 266, 176,  19,   1, 303],
[2024-08-13 12:42:01,237][flwr][INFO] - 	       [  2,  22,   3,   4,   0,   7, 683, 197,   0,  40],
[2024-08-13 12:42:01,237][flwr][INFO] - 	       [  7,  23,   2,  24,   0,  23,   0, 602,   1, 346],
[2024-08-13 12:42:01,237][flwr][INFO] - 	       [  1,  10,   1,  31,   0,  11,  16,   2,   0, 902],
[2024-08-13 12:42:01,237][flwr][INFO] - 	       [  3,   3,   0,  11,   0,  23,   0,  14,   0, 955]], dtype=int64)),
[2024-08-13 12:42:01,237][flwr][INFO] - 	                      (10,
[2024-08-13 12:42:01,237][flwr][INFO] - 	                       array([[ 345,  551,    1,    0,    2,    9,   24,   39,    9,    0],
[2024-08-13 12:42:01,237][flwr][INFO] - 	       [   0,    9, 1109,    2,    0,    0,    6,    5,    4,    0],
[2024-08-13 12:42:01,237][flwr][INFO] - 	       [  13,   20,  616,  243,   23,   12,   12,   39,   54,    0],
[2024-08-13 12:42:01,237][flwr][INFO] - 	       [   7,   32,   35,  244,  507,    5,   37,   24,  119,    0],
[2024-08-13 12:42:01,237][flwr][INFO] - 	       [  30,    1,    6,    0,  125,  750,    5,   44,   21,    0],
[2024-08-13 12:42:01,237][flwr][INFO] - 	       [  45,   65,   27,   16,   38,  293,  284,   31,   93,    0],
[2024-08-13 12:42:01,238][flwr][INFO] - 	       [  14,   23,   20,    0,    5,    2,  231,  663,    0,    0],
[2024-08-13 12:42:01,238][flwr][INFO] - 	       [  70,    1,   56,    1,   10,    7,    0,   85,  798,    0],
[2024-08-13 12:42:01,238][flwr][INFO] - 	       [  30,   18,   63,   20,   60,   59,   42,   12,  670,    0],
[2024-08-13 12:42:01,238][flwr][INFO] - 	       [ 608,    1,    8,    3,   52,  129,    1,   32,  175,    0]],
[2024-08-13 12:42:01,238][flwr][INFO] - 	      dtype=int64))],
[2024-08-13 12:42:01,238][flwr][INFO] - 	 'f1': [(0, 0.017493624772313296),
[2024-08-13 12:42:01,238][flwr][INFO] - 	        (1, 0.05938721567579557),
[2024-08-13 12:42:01,238][flwr][INFO] - 	        (2, 0.14168897483274767),
[2024-08-13 12:42:01,238][flwr][INFO] - 	        (3, 0.22454463992976947),
[2024-08-13 12:42:01,238][flwr][INFO] - 	        (4, 0.23646639504125247),
[2024-08-13 12:42:01,238][flwr][INFO] - 	        (5, 0.20669140799359076),
[2024-08-13 12:42:01,238][flwr][INFO] - 	        (6, 0.24943345580509177),
[2024-08-13 12:42:01,238][flwr][INFO] - 	        (7, 0.2363530130117749),
[2024-08-13 12:42:01,238][flwr][INFO] - 	        (8, 0.18076626295470075),
[2024-08-13 12:42:01,238][flwr][INFO] - 	        (9, 0.37446871766251233),
[2024-08-13 12:42:01,238][flwr][INFO] - 	        (10, 0.22642651887070897)],
[2024-08-13 12:42:01,239][flwr][INFO] - 	 'precision': [(0, 0.009604000000000001),
[2024-08-13 12:42:01,239][flwr][INFO] - 	               (1, 0.06975470062228578),
[2024-08-13 12:42:01,239][flwr][INFO] - 	               (2, 0.12492342559674227),
[2024-08-13 12:42:01,239][flwr][INFO] - 	               (3, 0.3024283107127439),
[2024-08-13 12:42:01,239][flwr][INFO] - 	               (4, 0.247894764894041),
[2024-08-13 12:42:01,239][flwr][INFO] - 	               (5, 0.19601250974380982),
[2024-08-13 12:42:01,239][flwr][INFO] - 	               (6, 0.2318860515703387),
[2024-08-13 12:42:01,239][flwr][INFO] - 	               (7, 0.2677234169426095),
[2024-08-13 12:42:01,239][flwr][INFO] - 	               (8, 0.1680271195616659),
[2024-08-13 12:42:01,239][flwr][INFO] - 	               (9, 0.5538169133929838),
[2024-08-13 12:42:01,239][flwr][INFO] - 	               (10, 0.22245583331834387)],
[2024-08-13 12:42:01,239][flwr][INFO] - 	 'recall': [(0, 0.098),
[2024-08-13 12:42:01,239][flwr][INFO] - 	            (1, 0.08),
[2024-08-13 12:42:01,239][flwr][INFO] - 	            (2, 0.1901),
[2024-08-13 12:42:01,239][flwr][INFO] - 	            (3, 0.3147),
[2024-08-13 12:42:01,240][flwr][INFO] - 	            (4, 0.3022),
[2024-08-13 12:42:01,240][flwr][INFO] - 	            (5, 0.25),
[2024-08-13 12:42:01,240][flwr][INFO] - 	            (6, 0.3523),
[2024-08-13 12:42:01,240][flwr][INFO] - 	            (7, 0.2791),
[2024-08-13 12:42:01,240][flwr][INFO] - 	            (8, 0.2191),
[2024-08-13 12:42:01,240][flwr][INFO] - 	            (9, 0.4463),
[2024-08-13 12:42:01,240][flwr][INFO] - 	            (10, 0.2618)]}
[2024-08-13 12:42:01,240][flwr][INFO] - 
