[2024-08-13 15:17:47,267][flwr][INFO] - Starting Flower simulation, config: num_rounds=10, no round_timeout
[2024-08-13 15:17:51,310][flwr][INFO] - Flower VCE: Ray initialized with resources: {'GPU': 1.0, 'accelerator_type:G': 1.0, 'node:__internal_head__': 1.0, 'object_store_memory': 2418436915.0, 'node:127.0.0.1': 1.0, 'memory': 4836873831.0, 'CPU': 16.0}
[2024-08-13 15:17:51,311][flwr][INFO] - Optimize your simulation with Flower VCE: https://flower.ai/docs/framework/how-to-run-simulations.html
[2024-08-13 15:17:51,311][flwr][INFO] - Flower VCE: Resources for each Virtual Client: {'num_cpus': 2, 'num_gpus': 0.5}
[2024-08-13 15:17:51,322][flwr][INFO] - Flower VCE: Creating VirtualClientEngineActorPool with 2 actors
[2024-08-13 15:17:51,324][flwr][INFO] - [INIT]
[2024-08-13 15:17:51,324][flwr][INFO] - Requesting initial parameters from one random client
[2024-08-13 15:17:58,894][flwr][INFO] - Received initial parameters from one random client
[2024-08-13 15:17:58,894][flwr][INFO] - Evaluating initial global parameters
[2024-08-13 15:18:01,112][flwr][INFO] - initial parameters (loss, other metrics): 2.3025850929940455, {'accuracy': 0.098, 'precision': 0.009604000000000001, 'recall': 0.098, 'f1': 0.017493624772313296, 'confusion_matrix': array([[ 980,    0,    0,    0,    0,    0,    0,    0,    0,    0],
       [1135,    0,    0,    0,    0,    0,    0,    0,    0,    0],
       [1032,    0,    0,    0,    0,    0,    0,    0,    0,    0],
       [1010,    0,    0,    0,    0,    0,    0,    0,    0,    0],
       [ 982,    0,    0,    0,    0,    0,    0,    0,    0,    0],
       [ 892,    0,    0,    0,    0,    0,    0,    0,    0,    0],
       [ 958,    0,    0,    0,    0,    0,    0,    0,    0,    0],
       [1028,    0,    0,    0,    0,    0,    0,    0,    0,    0],
       [ 974,    0,    0,    0,    0,    0,    0,    0,    0,    0],
       [1009,    0,    0,    0,    0,    0,    0,    0,    0,    0]],
      dtype=int64)}
[2024-08-13 15:18:01,113][flwr][INFO] - 
[2024-08-13 15:18:01,113][flwr][INFO] - [ROUND 1]
[2024-08-13 15:18:01,113][flwr][INFO] - configure_fit: strategy sampled 10 clients (out of 100)
[2024-08-13 15:18:04,607][flwr][INFO] - aggregate_fit: received 10 results and 0 failures
[2024-08-13 15:18:04,609][flwr][WARNING] - No fit_metrics_aggregation_fn provided
[2024-08-13 15:18:06,690][flwr][INFO] - fit progress: (1, 1.4785624056128825, {'accuracy': 0.4193, 'precision': 0.438024169493944, 'recall': 0.4193, 'f1': 0.3693063232759825, 'confusion_matrix': array([[ 932,    8,    2,   14,    1,    0,    7,    3,   11,    2],
       [   0,    1, 1116,    5,    0,    0,    2,    0,    3,    8],
       [  40,    1,  440,  433,    8,    1,   10,   15,   53,   31],
       [   3,    1,   25,  813,   34,    0,    1,    5,   72,   56],
       [  59,    0,   16,    0,  340,    7,    3,   36,   43,  478],
       [ 106,   55,   66,  215,   56,   36,   14,    4,  181,  159],
       [  98,    4,   84,   17,   13,    0,  562,  167,    2,   11],
       [  40,    0,   58,    1,    9,    0,    0,   34,  863,   23],
       [  26,    6,   77,  190,    8,    0,    1,    1,  308,  357],
       [  77,    0,    5,    5,   45,    0,    0,   11,  139,  727]],
      dtype=int64)}, 5.576589000003878)
[2024-08-13 15:18:06,691][flwr][INFO] - configure_evaluate: no clients selected, skipping evaluation
[2024-08-13 15:18:06,691][flwr][INFO] - 
[2024-08-13 15:18:06,691][flwr][INFO] - [ROUND 2]
[2024-08-13 15:18:06,692][flwr][INFO] - configure_fit: strategy sampled 10 clients (out of 100)
[2024-08-13 15:18:07,880][flwr][INFO] - aggregate_fit: received 10 results and 0 failures
[2024-08-13 15:18:09,978][flwr][INFO] - fit progress: (2, 1.3636177010974846, {'accuracy': 0.5413, 'precision': 0.6041403971577847, 'recall': 0.5413, 'f1': 0.5225961335056931, 'confusion_matrix': array([[548, 261,   0,   2,   5,   7, 134,  23,   0,   0],
       [  0, 955, 154,   2,   2,   2,   8,  12,   0,   0],
       [  1, 104, 516, 164,  49,   8,  45, 123,  19,   3],
       [  0, 149,   8, 400, 342,  15,  42,  26,  22,   6],
       [  1,   7,   0,   0, 520, 283,  18, 148,   2,   3],
       [  5, 197,   6,  17,  81, 427, 113,  33,  13,   0],
       [  1,  42,   5,   0,   5,   1, 744, 160,   0,   0],
       [  7,  43,  23,   0,  21,   0,   1, 907,  22,   4],
       [  2, 209,   7,  24, 182, 128,  58,  40, 246,  78],
       [ 16,  19,   0,   1, 234, 148,   1, 430,  10, 150]], dtype=int64)}, 8.86550569999963)
[2024-08-13 15:18:09,979][flwr][INFO] - configure_evaluate: no clients selected, skipping evaluation
[2024-08-13 15:18:09,979][flwr][INFO] - 
[2024-08-13 15:18:09,980][flwr][INFO] - [ROUND 3]
[2024-08-13 15:18:09,980][flwr][INFO] - configure_fit: strategy sampled 10 clients (out of 100)
[2024-08-13 15:18:11,197][flwr][INFO] - aggregate_fit: received 10 results and 0 failures
[2024-08-13 15:18:13,302][flwr][INFO] - fit progress: (3, 1.357711758234074, {'accuracy': 0.4776, 'precision': 0.5300480041602993, 'recall': 0.4776, 'f1': 0.4205961609769997, 'confusion_matrix': array([[ 922,   10,    2,   20,    0,    1,   15,    1,    9,    0],
       [   0,   18, 1084,    6,    0,    0,    2,    0,    9,   16],
       [  31,    1,  567,  319,    3,    1,   13,    8,   58,   31],
       [   3,    1,   11,  856,    3,    4,    6,    5,   51,   70],
       [  68,    0,    7,    1,  234,   20,   11,    8,   16,  617],
       [  84,   28,   53,  220,    8,  137,   45,    4,  162,  151],
       [  65,    1,   68,    8,    3,    0,  734,   69,    2,    8],
       [  65,    0,   49,    2,    7,    0,    0,   49,  776,   80],
       [  20,    0,   42,  157,    3,    1,    5,    1,  412,  333],
       [  82,    0,    2,    7,   11,    0,    0,    5,   55,  847]],
      dtype=int64)}, 12.18896750001295)
[2024-08-13 15:18:13,303][flwr][INFO] - configure_evaluate: no clients selected, skipping evaluation
[2024-08-13 15:18:13,303][flwr][INFO] - 
[2024-08-13 15:18:13,303][flwr][INFO] - [ROUND 4]
[2024-08-13 15:18:13,303][flwr][INFO] - configure_fit: strategy sampled 10 clients (out of 100)
[2024-08-13 15:18:14,530][flwr][INFO] - aggregate_fit: received 10 results and 0 failures
[2024-08-13 15:18:16,628][flwr][INFO] - fit progress: (4, 1.2652844276181363, {'accuracy': 0.6025, 'precision': 0.6538817361798793, 'recall': 0.6025, 'f1': 0.5878418141142668, 'confusion_matrix': array([[496, 321,   0,   1,   9,  13, 114,  25,   1,   0],
       [  0, 947, 152,   3,  11,   3,  11,   7,   1,   0],
       [  1,  45, 591, 176,  61,   3,  34,  90,  27,   4],
       [  0,  50,   8, 523, 320,  18,  28,  26,  28,   9],
       [  0,   5,   1,   0, 769,  96,  20,  86,   2,   3],
       [  6, 113,   9,  24,  81, 499, 110,  33,  17,   0],
       [  1,  19,   8,   0,  12,   3, 746, 169,   0,   0],
       [ 10,  32,  25,   0,  31,   0,   1, 887,  37,   5],
       [  2,  95,  12,  43, 196,  97,  55,  24, 387,  63],
       [ 31,  12,   1,   1, 382,  97,   1, 287,  17, 180]], dtype=int64)}, 15.515107800005353)
[2024-08-13 15:18:16,629][flwr][INFO] - configure_evaluate: no clients selected, skipping evaluation
[2024-08-13 15:18:16,629][flwr][INFO] - 
[2024-08-13 15:18:16,629][flwr][INFO] - [ROUND 5]
[2024-08-13 15:18:16,630][flwr][INFO] - configure_fit: strategy sampled 10 clients (out of 100)
[2024-08-13 15:18:17,824][flwr][INFO] - aggregate_fit: received 10 results and 0 failures
[2024-08-13 15:18:19,913][flwr][INFO] - fit progress: (5, 1.254332770993166, {'accuracy': 0.5567, 'precision': 0.628768491132885, 'recall': 0.5567, 'f1': 0.5256647075589217, 'confusion_matrix': array([[932,  14,   2,   7,   0,   0,  15,   2,   8,   0],
       [  0, 385, 713,   4,   0,   0,   7,   0,  23,   3],
       [ 33,   2, 670, 197,   5,   1,  18,  10,  74,  22],
       [  9,   3,  14, 815,   4,   9,  18,   5,  81,  52],
       [ 79,   3,   4,   1, 295,  56,  18,  10,  40, 476],
       [136,  39,  28, 137,   6, 191,  95,   5, 164,  91],
       [ 62,   5,  45,   1,   4,   0, 778,  58,   2,   3],
       [ 91,   4,  42,   3,   5,   0,   1, 108, 728,  46],
       [ 35,   3,  28,  82,   4,   4,  19,   1, 616, 182],
       [119,   2,   3,   5,  11,   5,   0,   6,  81, 777]], dtype=int64)}, 18.799681500007864)
[2024-08-13 15:18:19,914][flwr][INFO] - configure_evaluate: no clients selected, skipping evaluation
[2024-08-13 15:18:19,914][flwr][INFO] - 
[2024-08-13 15:18:19,914][flwr][INFO] - [ROUND 6]
[2024-08-13 15:18:19,914][flwr][INFO] - configure_fit: strategy sampled 10 clients (out of 100)
[2024-08-13 15:18:21,230][flwr][INFO] - aggregate_fit: received 10 results and 0 failures
[2024-08-13 15:18:23,332][flwr][INFO] - fit progress: (6, 1.2137445958646595, {'accuracy': 0.6161, 'precision': 0.6687651368208458, 'recall': 0.6161, 'f1': 0.6033228851866109, 'confusion_matrix': array([[408, 439,   0,   1,   6,  21,  44,  61,   0,   0],
       [  0, 987, 117,   3,   4,   3,   7,  12,   1,   1],
       [  0,  44, 628, 188,  40,   2,  17,  90,  16,   7],
       [  0,  45,   8, 670, 164,  37,  10,  36,  14,  26],
       [  1,   5,   1,   0, 753,  93,   8, 112,   1,   8],
       [  4, 105,   8,  49,  34, 586,  50,  44,   9,   3],
       [  3,  27,  13,   0,  11,   5, 563, 336,   0,   0],
       [  7,  34,  24,   2,  25,   2,   0, 910,  15,   9],
       [  2,  90,  13,  92, 120,  94,  29,  40, 232, 262],
       [ 22,  14,   0,   3, 195,  76,   0, 271,   4, 424]], dtype=int64)}, 22.2190011000057)
[2024-08-13 15:18:23,333][flwr][INFO] - configure_evaluate: no clients selected, skipping evaluation
[2024-08-13 15:18:23,333][flwr][INFO] - 
[2024-08-13 15:18:23,333][flwr][INFO] - [ROUND 7]
[2024-08-13 15:18:23,334][flwr][INFO] - configure_fit: strategy sampled 10 clients (out of 100)
[2024-08-13 15:18:24,503][flwr][INFO] - aggregate_fit: received 10 results and 0 failures
[2024-08-13 15:18:26,617][flwr][INFO] - fit progress: (7, 1.234921510185009, {'accuracy': 0.5906, 'precision': 0.6527703206607651, 'recall': 0.5906, 'f1': 0.5601344051845614, 'confusion_matrix': array([[914,  16,   2,   4,   0,   1,  34,   0,   9,   0],
       [  0, 489, 591,   4,   0,   0,  12,   0,  39,   0],
       [ 30,   2, 762,  90,   8,   1,  23,   7,  93,  16],
       [ 14,   4,  20, 731,  13,   9,  49,   4, 136,  30],
       [ 82,   3,   4,   1, 458,  55,  36,   2,  83, 258],
       [129,  37,  20,  52,  10, 200, 204,   3, 198,  39],
       [ 37,   4,  36,   0,   4,   0, 850,  25,   2,   0],
       [ 98,   7,  38,   1,  10,   0,   3,  46, 805,  20],
       [ 40,   2,  24,  31,   7,   4,  34,   0, 769,  63],
       [171,   2,   2,   2,  18,   7,   0,   4, 116, 687]], dtype=int64)}, 25.503769600007217)
[2024-08-13 15:18:26,618][flwr][INFO] - configure_evaluate: no clients selected, skipping evaluation
[2024-08-13 15:18:26,618][flwr][INFO] - 
[2024-08-13 15:18:26,618][flwr][INFO] - [ROUND 8]
[2024-08-13 15:18:26,618][flwr][INFO] - configure_fit: strategy sampled 10 clients (out of 100)
[2024-08-13 15:18:27,820][flwr][INFO] - aggregate_fit: received 10 results and 0 failures
[2024-08-13 15:18:30,054][flwr][INFO] - fit progress: (8, 1.1827035741307939, {'accuracy': 0.636, 'precision': 0.6700181005006236, 'recall': 0.636, 'f1': 0.6125177428949059, 'confusion_matrix': array([[538, 331,   1,   6,   7,  21,  29,  46,   0,   1],
       [  0, 969, 135,  13,   4,   4,   2,   7,   0,   1],
       [  0,  37, 632, 223,  40,   3,  15,  59,  10,  13],
       [  0,  28,   8, 744, 123,  33,   2,  28,   3,  41],
       [  3,   4,   2,   0, 786,  95,   5,  70,   1,  16],
       [  5,  86,   8,  66,  28, 598,  42,  40,   5,  14],
       [  5,  28,  18,   0,  18,   6, 510, 373,   0,   0],
       [  9,  33,  34,   6,  24,   2,   0, 890,  13,  17],
       [  4,  82,  15, 133,  94,  71,  19,  27,  72, 457],
       [ 25,  11,   3,   4, 146,  63,   0, 135,   1, 621]], dtype=int64)}, 28.940975300007267)
[2024-08-13 15:18:30,055][flwr][INFO] - configure_evaluate: no clients selected, skipping evaluation
[2024-08-13 15:18:30,055][flwr][INFO] - 
[2024-08-13 15:18:30,055][flwr][INFO] - [ROUND 9]
[2024-08-13 15:18:30,056][flwr][INFO] - configure_fit: strategy sampled 10 clients (out of 100)
[2024-08-13 15:18:31,234][flwr][INFO] - aggregate_fit: received 10 results and 0 failures
[2024-08-13 15:18:33,312][flwr][INFO] - fit progress: (9, 1.1946773024951345, {'accuracy': 0.6196, 'precision': 0.6787484606958396, 'recall': 0.6196, 'f1': 0.6035894539734032, 'confusion_matrix': array([[846,  73,   0,   1,   2,   0,  46,   1,  11,   0],
       [  0, 652, 410,   4,   1,   0,  17,   0,  51,   0],
       [ 20,   7, 747,  86,  12,   1,  26,  12, 107,  14],
       [ 10,  12,  17, 680,  36,  13,  54,   6, 161,  21],
       [ 60,   3,   3,   0, 551,  40,  39,  10,  97, 179],
       [ 69,  47,  14,  31,  11, 232, 236,   6, 206,  40],
       [ 22,   9,  22,   0,   6,   0, 851,  46,   2,   0],
       [ 87,   8,  34,   2,   9,   1,   1, 142, 728,  16],
       [ 27,   4,  20,  17,  10,   7,  34,   1, 811,  43],
       [152,   3,   2,   2,  19,   7,   2,   8, 130, 684]], dtype=int64)}, 32.19917790000909)
[2024-08-13 15:18:33,313][flwr][INFO] - configure_evaluate: no clients selected, skipping evaluation
[2024-08-13 15:18:33,313][flwr][INFO] - 
[2024-08-13 15:18:33,313][flwr][INFO] - [ROUND 10]
[2024-08-13 15:18:33,313][flwr][INFO] - configure_fit: strategy sampled 10 clients (out of 100)
[2024-08-13 15:18:34,584][flwr][INFO] - aggregate_fit: received 10 results and 0 failures
[2024-08-13 15:18:36,664][flwr][INFO] - fit progress: (10, 1.210311928337888, {'accuracy': 0.6017, 'precision': 0.6371432730741805, 'recall': 0.6017, 'f1': 0.5684036318720346, 'confusion_matrix': array([[392, 481,   0,   3,   5,  21,  20,  55,   0,   3],
       [  0, 995, 105,  13,   2,   3,   2,  11,   0,   4],
       [  0,  42, 527, 308,  36,   3,  15,  74,   6,  21],
       [  0,  29,   2, 726, 114,  39,   3,  38,   0,  59],
       [  3,   4,   1,   0, 684, 152,   4,  95,   0,  39],
       [  4,  85,   5,  58,  19, 606,  34,  49,   2,  30],
       [  5,  33,  13,   1,  13,   9, 427, 456,   0,   1],
       [  8,  27,  22,   8,  22,   3,   0, 909,   5,  24],
       [  3,  69,   7, 113,  47,  64,  15,  33,  11, 612],
       [ 23,  10,   3,   4,  66,  36,   0, 127,   0, 740]], dtype=int64)}, 35.55079670000123)
[2024-08-13 15:18:36,665][flwr][INFO] - configure_evaluate: no clients selected, skipping evaluation
[2024-08-13 15:18:36,665][flwr][INFO] - 
[2024-08-13 15:18:36,665][flwr][INFO] - [SUMMARY]
[2024-08-13 15:18:36,665][flwr][INFO] - Run finished 10 round(s) in 35.55s
[2024-08-13 15:18:36,673][flwr][INFO] - 	History (loss, centralized):
[2024-08-13 15:18:36,674][flwr][INFO] - 		round 0: 2.3025850929940455
[2024-08-13 15:18:36,674][flwr][INFO] - 		round 1: 1.4785624056128825
[2024-08-13 15:18:36,674][flwr][INFO] - 		round 2: 1.3636177010974846
[2024-08-13 15:18:36,674][flwr][INFO] - 		round 3: 1.357711758234074
[2024-08-13 15:18:36,674][flwr][INFO] - 		round 4: 1.2652844276181363
[2024-08-13 15:18:36,674][flwr][INFO] - 		round 5: 1.254332770993166
[2024-08-13 15:18:36,674][flwr][INFO] - 		round 6: 1.2137445958646595
[2024-08-13 15:18:36,674][flwr][INFO] - 		round 7: 1.234921510185009
[2024-08-13 15:18:36,674][flwr][INFO] - 		round 8: 1.1827035741307939
[2024-08-13 15:18:36,674][flwr][INFO] - 		round 9: 1.1946773024951345
[2024-08-13 15:18:36,674][flwr][INFO] - 		round 10: 1.210311928337888
[2024-08-13 15:18:36,674][flwr][INFO] - 	History (metrics, centralized):
[2024-08-13 15:18:36,674][flwr][INFO] - 	{'accuracy': [(0, 0.098),
[2024-08-13 15:18:36,674][flwr][INFO] - 	              (1, 0.4193),
[2024-08-13 15:18:36,674][flwr][INFO] - 	              (2, 0.5413),
[2024-08-13 15:18:36,674][flwr][INFO] - 	              (3, 0.4776),
[2024-08-13 15:18:36,674][flwr][INFO] - 	              (4, 0.6025),
[2024-08-13 15:18:36,675][flwr][INFO] - 	              (5, 0.5567),
[2024-08-13 15:18:36,675][flwr][INFO] - 	              (6, 0.6161),
[2024-08-13 15:18:36,675][flwr][INFO] - 	              (7, 0.5906),
[2024-08-13 15:18:36,675][flwr][INFO] - 	              (8, 0.636),
[2024-08-13 15:18:36,675][flwr][INFO] - 	              (9, 0.6196),
[2024-08-13 15:18:36,675][flwr][INFO] - 	              (10, 0.6017)],
[2024-08-13 15:18:36,675][flwr][INFO] - 	 'confusion_matrix': [(0,
[2024-08-13 15:18:36,675][flwr][INFO] - 	                       array([[ 980,    0,    0,    0,    0,    0,    0,    0,    0,    0],
[2024-08-13 15:18:36,675][flwr][INFO] - 	       [1135,    0,    0,    0,    0,    0,    0,    0,    0,    0],
[2024-08-13 15:18:36,675][flwr][INFO] - 	       [1032,    0,    0,    0,    0,    0,    0,    0,    0,    0],
[2024-08-13 15:18:36,675][flwr][INFO] - 	       [1010,    0,    0,    0,    0,    0,    0,    0,    0,    0],
[2024-08-13 15:18:36,675][flwr][INFO] - 	       [ 982,    0,    0,    0,    0,    0,    0,    0,    0,    0],
[2024-08-13 15:18:36,675][flwr][INFO] - 	       [ 892,    0,    0,    0,    0,    0,    0,    0,    0,    0],
[2024-08-13 15:18:36,675][flwr][INFO] - 	       [ 958,    0,    0,    0,    0,    0,    0,    0,    0,    0],
[2024-08-13 15:18:36,675][flwr][INFO] - 	       [1028,    0,    0,    0,    0,    0,    0,    0,    0,    0],
[2024-08-13 15:18:36,676][flwr][INFO] - 	       [ 974,    0,    0,    0,    0,    0,    0,    0,    0,    0],
[2024-08-13 15:18:36,676][flwr][INFO] - 	       [1009,    0,    0,    0,    0,    0,    0,    0,    0,    0]],
[2024-08-13 15:18:36,676][flwr][INFO] - 	      dtype=int64)),
[2024-08-13 15:18:36,676][flwr][INFO] - 	                      (1,
[2024-08-13 15:18:36,676][flwr][INFO] - 	                       array([[ 932,    8,    2,   14,    1,    0,    7,    3,   11,    2],
[2024-08-13 15:18:36,676][flwr][INFO] - 	       [   0,    1, 1116,    5,    0,    0,    2,    0,    3,    8],
[2024-08-13 15:18:36,676][flwr][INFO] - 	       [  40,    1,  440,  433,    8,    1,   10,   15,   53,   31],
[2024-08-13 15:18:36,676][flwr][INFO] - 	       [   3,    1,   25,  813,   34,    0,    1,    5,   72,   56],
[2024-08-13 15:18:36,676][flwr][INFO] - 	       [  59,    0,   16,    0,  340,    7,    3,   36,   43,  478],
[2024-08-13 15:18:36,676][flwr][INFO] - 	       [ 106,   55,   66,  215,   56,   36,   14,    4,  181,  159],
[2024-08-13 15:18:36,676][flwr][INFO] - 	       [  98,    4,   84,   17,   13,    0,  562,  167,    2,   11],
[2024-08-13 15:18:36,676][flwr][INFO] - 	       [  40,    0,   58,    1,    9,    0,    0,   34,  863,   23],
[2024-08-13 15:18:36,676][flwr][INFO] - 	       [  26,    6,   77,  190,    8,    0,    1,    1,  308,  357],
[2024-08-13 15:18:36,676][flwr][INFO] - 	       [  77,    0,    5,    5,   45,    0,    0,   11,  139,  727]],
[2024-08-13 15:18:36,676][flwr][INFO] - 	      dtype=int64)),
[2024-08-13 15:18:36,676][flwr][INFO] - 	                      (2,
[2024-08-13 15:18:36,676][flwr][INFO] - 	                       array([[548, 261,   0,   2,   5,   7, 134,  23,   0,   0],
[2024-08-13 15:18:36,677][flwr][INFO] - 	       [  0, 955, 154,   2,   2,   2,   8,  12,   0,   0],
[2024-08-13 15:18:36,677][flwr][INFO] - 	       [  1, 104, 516, 164,  49,   8,  45, 123,  19,   3],
[2024-08-13 15:18:36,677][flwr][INFO] - 	       [  0, 149,   8, 400, 342,  15,  42,  26,  22,   6],
[2024-08-13 15:18:36,677][flwr][INFO] - 	       [  1,   7,   0,   0, 520, 283,  18, 148,   2,   3],
[2024-08-13 15:18:36,677][flwr][INFO] - 	       [  5, 197,   6,  17,  81, 427, 113,  33,  13,   0],
[2024-08-13 15:18:36,677][flwr][INFO] - 	       [  1,  42,   5,   0,   5,   1, 744, 160,   0,   0],
[2024-08-13 15:18:36,677][flwr][INFO] - 	       [  7,  43,  23,   0,  21,   0,   1, 907,  22,   4],
[2024-08-13 15:18:36,677][flwr][INFO] - 	       [  2, 209,   7,  24, 182, 128,  58,  40, 246,  78],
[2024-08-13 15:18:36,677][flwr][INFO] - 	       [ 16,  19,   0,   1, 234, 148,   1, 430,  10, 150]], dtype=int64)),
[2024-08-13 15:18:36,677][flwr][INFO] - 	                      (3,
[2024-08-13 15:18:36,677][flwr][INFO] - 	                       array([[ 922,   10,    2,   20,    0,    1,   15,    1,    9,    0],
[2024-08-13 15:18:36,677][flwr][INFO] - 	       [   0,   18, 1084,    6,    0,    0,    2,    0,    9,   16],
[2024-08-13 15:18:36,677][flwr][INFO] - 	       [  31,    1,  567,  319,    3,    1,   13,    8,   58,   31],
[2024-08-13 15:18:36,677][flwr][INFO] - 	       [   3,    1,   11,  856,    3,    4,    6,    5,   51,   70],
[2024-08-13 15:18:36,677][flwr][INFO] - 	       [  68,    0,    7,    1,  234,   20,   11,    8,   16,  617],
[2024-08-13 15:18:36,677][flwr][INFO] - 	       [  84,   28,   53,  220,    8,  137,   45,    4,  162,  151],
[2024-08-13 15:18:36,678][flwr][INFO] - 	       [  65,    1,   68,    8,    3,    0,  734,   69,    2,    8],
[2024-08-13 15:18:36,678][flwr][INFO] - 	       [  65,    0,   49,    2,    7,    0,    0,   49,  776,   80],
[2024-08-13 15:18:36,678][flwr][INFO] - 	       [  20,    0,   42,  157,    3,    1,    5,    1,  412,  333],
[2024-08-13 15:18:36,678][flwr][INFO] - 	       [  82,    0,    2,    7,   11,    0,    0,    5,   55,  847]],
[2024-08-13 15:18:36,678][flwr][INFO] - 	      dtype=int64)),
[2024-08-13 15:18:36,678][flwr][INFO] - 	                      (4,
[2024-08-13 15:18:36,678][flwr][INFO] - 	                       array([[496, 321,   0,   1,   9,  13, 114,  25,   1,   0],
[2024-08-13 15:18:36,678][flwr][INFO] - 	       [  0, 947, 152,   3,  11,   3,  11,   7,   1,   0],
[2024-08-13 15:18:36,678][flwr][INFO] - 	       [  1,  45, 591, 176,  61,   3,  34,  90,  27,   4],
[2024-08-13 15:18:36,678][flwr][INFO] - 	       [  0,  50,   8, 523, 320,  18,  28,  26,  28,   9],
[2024-08-13 15:18:36,678][flwr][INFO] - 	       [  0,   5,   1,   0, 769,  96,  20,  86,   2,   3],
[2024-08-13 15:18:36,678][flwr][INFO] - 	       [  6, 113,   9,  24,  81, 499, 110,  33,  17,   0],
[2024-08-13 15:18:36,678][flwr][INFO] - 	       [  1,  19,   8,   0,  12,   3, 746, 169,   0,   0],
[2024-08-13 15:18:36,678][flwr][INFO] - 	       [ 10,  32,  25,   0,  31,   0,   1, 887,  37,   5],
[2024-08-13 15:18:36,678][flwr][INFO] - 	       [  2,  95,  12,  43, 196,  97,  55,  24, 387,  63],
[2024-08-13 15:18:36,678][flwr][INFO] - 	       [ 31,  12,   1,   1, 382,  97,   1, 287,  17, 180]], dtype=int64)),
[2024-08-13 15:18:36,678][flwr][INFO] - 	                      (5,
[2024-08-13 15:18:36,679][flwr][INFO] - 	                       array([[932,  14,   2,   7,   0,   0,  15,   2,   8,   0],
[2024-08-13 15:18:36,679][flwr][INFO] - 	       [  0, 385, 713,   4,   0,   0,   7,   0,  23,   3],
[2024-08-13 15:18:36,679][flwr][INFO] - 	       [ 33,   2, 670, 197,   5,   1,  18,  10,  74,  22],
[2024-08-13 15:18:36,679][flwr][INFO] - 	       [  9,   3,  14, 815,   4,   9,  18,   5,  81,  52],
[2024-08-13 15:18:36,679][flwr][INFO] - 	       [ 79,   3,   4,   1, 295,  56,  18,  10,  40, 476],
[2024-08-13 15:18:36,679][flwr][INFO] - 	       [136,  39,  28, 137,   6, 191,  95,   5, 164,  91],
[2024-08-13 15:18:36,679][flwr][INFO] - 	       [ 62,   5,  45,   1,   4,   0, 778,  58,   2,   3],
[2024-08-13 15:18:36,679][flwr][INFO] - 	       [ 91,   4,  42,   3,   5,   0,   1, 108, 728,  46],
[2024-08-13 15:18:36,679][flwr][INFO] - 	       [ 35,   3,  28,  82,   4,   4,  19,   1, 616, 182],
[2024-08-13 15:18:36,679][flwr][INFO] - 	       [119,   2,   3,   5,  11,   5,   0,   6,  81, 777]], dtype=int64)),
[2024-08-13 15:18:36,679][flwr][INFO] - 	                      (6,
[2024-08-13 15:18:36,679][flwr][INFO] - 	                       array([[408, 439,   0,   1,   6,  21,  44,  61,   0,   0],
[2024-08-13 15:18:36,679][flwr][INFO] - 	       [  0, 987, 117,   3,   4,   3,   7,  12,   1,   1],
[2024-08-13 15:18:36,679][flwr][INFO] - 	       [  0,  44, 628, 188,  40,   2,  17,  90,  16,   7],
[2024-08-13 15:18:36,679][flwr][INFO] - 	       [  0,  45,   8, 670, 164,  37,  10,  36,  14,  26],
[2024-08-13 15:18:36,679][flwr][INFO] - 	       [  1,   5,   1,   0, 753,  93,   8, 112,   1,   8],
[2024-08-13 15:18:36,680][flwr][INFO] - 	       [  4, 105,   8,  49,  34, 586,  50,  44,   9,   3],
[2024-08-13 15:18:36,680][flwr][INFO] - 	       [  3,  27,  13,   0,  11,   5, 563, 336,   0,   0],
[2024-08-13 15:18:36,680][flwr][INFO] - 	       [  7,  34,  24,   2,  25,   2,   0, 910,  15,   9],
[2024-08-13 15:18:36,680][flwr][INFO] - 	       [  2,  90,  13,  92, 120,  94,  29,  40, 232, 262],
[2024-08-13 15:18:36,680][flwr][INFO] - 	       [ 22,  14,   0,   3, 195,  76,   0, 271,   4, 424]], dtype=int64)),
[2024-08-13 15:18:36,680][flwr][INFO] - 	                      (7,
[2024-08-13 15:18:36,680][flwr][INFO] - 	                       array([[914,  16,   2,   4,   0,   1,  34,   0,   9,   0],
[2024-08-13 15:18:36,680][flwr][INFO] - 	       [  0, 489, 591,   4,   0,   0,  12,   0,  39,   0],
[2024-08-13 15:18:36,680][flwr][INFO] - 	       [ 30,   2, 762,  90,   8,   1,  23,   7,  93,  16],
[2024-08-13 15:18:36,680][flwr][INFO] - 	       [ 14,   4,  20, 731,  13,   9,  49,   4, 136,  30],
[2024-08-13 15:18:36,680][flwr][INFO] - 	       [ 82,   3,   4,   1, 458,  55,  36,   2,  83, 258],
[2024-08-13 15:18:36,680][flwr][INFO] - 	       [129,  37,  20,  52,  10, 200, 204,   3, 198,  39],
[2024-08-13 15:18:36,680][flwr][INFO] - 	       [ 37,   4,  36,   0,   4,   0, 850,  25,   2,   0],
[2024-08-13 15:18:36,680][flwr][INFO] - 	       [ 98,   7,  38,   1,  10,   0,   3,  46, 805,  20],
[2024-08-13 15:18:36,680][flwr][INFO] - 	       [ 40,   2,  24,  31,   7,   4,  34,   0, 769,  63],
[2024-08-13 15:18:36,680][flwr][INFO] - 	       [171,   2,   2,   2,  18,   7,   0,   4, 116, 687]], dtype=int64)),
[2024-08-13 15:18:36,680][flwr][INFO] - 	                      (8,
[2024-08-13 15:18:36,680][flwr][INFO] - 	                       array([[538, 331,   1,   6,   7,  21,  29,  46,   0,   1],
[2024-08-13 15:18:36,681][flwr][INFO] - 	       [  0, 969, 135,  13,   4,   4,   2,   7,   0,   1],
[2024-08-13 15:18:36,681][flwr][INFO] - 	       [  0,  37, 632, 223,  40,   3,  15,  59,  10,  13],
[2024-08-13 15:18:36,681][flwr][INFO] - 	       [  0,  28,   8, 744, 123,  33,   2,  28,   3,  41],
[2024-08-13 15:18:36,681][flwr][INFO] - 	       [  3,   4,   2,   0, 786,  95,   5,  70,   1,  16],
[2024-08-13 15:18:36,681][flwr][INFO] - 	       [  5,  86,   8,  66,  28, 598,  42,  40,   5,  14],
[2024-08-13 15:18:36,681][flwr][INFO] - 	       [  5,  28,  18,   0,  18,   6, 510, 373,   0,   0],
[2024-08-13 15:18:36,681][flwr][INFO] - 	       [  9,  33,  34,   6,  24,   2,   0, 890,  13,  17],
[2024-08-13 15:18:36,681][flwr][INFO] - 	       [  4,  82,  15, 133,  94,  71,  19,  27,  72, 457],
[2024-08-13 15:18:36,681][flwr][INFO] - 	       [ 25,  11,   3,   4, 146,  63,   0, 135,   1, 621]], dtype=int64)),
[2024-08-13 15:18:36,681][flwr][INFO] - 	                      (9,
[2024-08-13 15:18:36,681][flwr][INFO] - 	                       array([[846,  73,   0,   1,   2,   0,  46,   1,  11,   0],
[2024-08-13 15:18:36,681][flwr][INFO] - 	       [  0, 652, 410,   4,   1,   0,  17,   0,  51,   0],
[2024-08-13 15:18:36,681][flwr][INFO] - 	       [ 20,   7, 747,  86,  12,   1,  26,  12, 107,  14],
[2024-08-13 15:18:36,681][flwr][INFO] - 	       [ 10,  12,  17, 680,  36,  13,  54,   6, 161,  21],
[2024-08-13 15:18:36,681][flwr][INFO] - 	       [ 60,   3,   3,   0, 551,  40,  39,  10,  97, 179],
[2024-08-13 15:18:36,681][flwr][INFO] - 	       [ 69,  47,  14,  31,  11, 232, 236,   6, 206,  40],
[2024-08-13 15:18:36,681][flwr][INFO] - 	       [ 22,   9,  22,   0,   6,   0, 851,  46,   2,   0],
[2024-08-13 15:18:36,682][flwr][INFO] - 	       [ 87,   8,  34,   2,   9,   1,   1, 142, 728,  16],
[2024-08-13 15:18:36,682][flwr][INFO] - 	       [ 27,   4,  20,  17,  10,   7,  34,   1, 811,  43],
[2024-08-13 15:18:36,682][flwr][INFO] - 	       [152,   3,   2,   2,  19,   7,   2,   8, 130, 684]], dtype=int64)),
[2024-08-13 15:18:36,682][flwr][INFO] - 	                      (10,
[2024-08-13 15:18:36,682][flwr][INFO] - 	                       array([[392, 481,   0,   3,   5,  21,  20,  55,   0,   3],
[2024-08-13 15:18:36,682][flwr][INFO] - 	       [  0, 995, 105,  13,   2,   3,   2,  11,   0,   4],
[2024-08-13 15:18:36,682][flwr][INFO] - 	       [  0,  42, 527, 308,  36,   3,  15,  74,   6,  21],
[2024-08-13 15:18:36,682][flwr][INFO] - 	       [  0,  29,   2, 726, 114,  39,   3,  38,   0,  59],
[2024-08-13 15:18:36,682][flwr][INFO] - 	       [  3,   4,   1,   0, 684, 152,   4,  95,   0,  39],
[2024-08-13 15:18:36,682][flwr][INFO] - 	       [  4,  85,   5,  58,  19, 606,  34,  49,   2,  30],
[2024-08-13 15:18:36,682][flwr][INFO] - 	       [  5,  33,  13,   1,  13,   9, 427, 456,   0,   1],
[2024-08-13 15:18:36,682][flwr][INFO] - 	       [  8,  27,  22,   8,  22,   3,   0, 909,   5,  24],
[2024-08-13 15:18:36,682][flwr][INFO] - 	       [  3,  69,   7, 113,  47,  64,  15,  33,  11, 612],
[2024-08-13 15:18:36,682][flwr][INFO] - 	       [ 23,  10,   3,   4,  66,  36,   0, 127,   0, 740]], dtype=int64))],
[2024-08-13 15:18:36,682][flwr][INFO] - 	 'f1': [(0, 0.017493624772313296),
[2024-08-13 15:18:36,682][flwr][INFO] - 	        (1, 0.3693063232759825),
[2024-08-13 15:18:36,682][flwr][INFO] - 	        (2, 0.5225961335056931),
[2024-08-13 15:18:36,683][flwr][INFO] - 	        (3, 0.4205961609769997),
[2024-08-13 15:18:36,683][flwr][INFO] - 	        (4, 0.5878418141142668),
[2024-08-13 15:18:36,683][flwr][INFO] - 	        (5, 0.5256647075589217),
[2024-08-13 15:18:36,683][flwr][INFO] - 	        (6, 0.6033228851866109),
[2024-08-13 15:18:36,683][flwr][INFO] - 	        (7, 0.5601344051845614),
[2024-08-13 15:18:36,683][flwr][INFO] - 	        (8, 0.6125177428949059),
[2024-08-13 15:18:36,683][flwr][INFO] - 	        (9, 0.6035894539734032),
[2024-08-13 15:18:36,683][flwr][INFO] - 	        (10, 0.5684036318720346)],
[2024-08-13 15:18:36,683][flwr][INFO] - 	 'precision': [(0, 0.009604000000000001),
[2024-08-13 15:18:36,683][flwr][INFO] - 	               (1, 0.438024169493944),
[2024-08-13 15:18:36,683][flwr][INFO] - 	               (2, 0.6041403971577847),
[2024-08-13 15:18:36,683][flwr][INFO] - 	               (3, 0.5300480041602993),
[2024-08-13 15:18:36,683][flwr][INFO] - 	               (4, 0.6538817361798793),
[2024-08-13 15:18:36,683][flwr][INFO] - 	               (5, 0.628768491132885),
[2024-08-13 15:18:36,683][flwr][INFO] - 	               (6, 0.6687651368208458),
[2024-08-13 15:18:36,683][flwr][INFO] - 	               (7, 0.6527703206607651),
[2024-08-13 15:18:36,683][flwr][INFO] - 	               (8, 0.6700181005006236),
[2024-08-13 15:18:36,683][flwr][INFO] - 	               (9, 0.6787484606958396),
[2024-08-13 15:18:36,684][flwr][INFO] - 	               (10, 0.6371432730741805)],
[2024-08-13 15:18:36,684][flwr][INFO] - 	 'recall': [(0, 0.098),
[2024-08-13 15:18:36,684][flwr][INFO] - 	            (1, 0.4193),
[2024-08-13 15:18:36,684][flwr][INFO] - 	            (2, 0.5413),
[2024-08-13 15:18:36,684][flwr][INFO] - 	            (3, 0.4776),
[2024-08-13 15:18:36,684][flwr][INFO] - 	            (4, 0.6025),
[2024-08-13 15:18:36,684][flwr][INFO] - 	            (5, 0.5567),
[2024-08-13 15:18:36,684][flwr][INFO] - 	            (6, 0.6161),
[2024-08-13 15:18:36,684][flwr][INFO] - 	            (7, 0.5906),
[2024-08-13 15:18:36,684][flwr][INFO] - 	            (8, 0.636),
[2024-08-13 15:18:36,684][flwr][INFO] - 	            (9, 0.6196),
[2024-08-13 15:18:36,684][flwr][INFO] - 	            (10, 0.6017)]}
[2024-08-13 15:18:36,684][flwr][INFO] - 
