[2024-08-13 15:52:55,371][flwr][INFO] - Starting Flower simulation, config: num_rounds=10, no round_timeout
[2024-08-13 15:52:59,511][flwr][INFO] - Flower VCE: Ray initialized with resources: {'CPU': 16.0, 'memory': 5011850036.0, 'object_store_memory': 2505925017.0, 'node:127.0.0.1': 1.0, 'node:__internal_head__': 1.0, 'accelerator_type:G': 1.0, 'GPU': 1.0}
[2024-08-13 15:52:59,511][flwr][INFO] - Optimize your simulation with Flower VCE: https://flower.ai/docs/framework/how-to-run-simulations.html
[2024-08-13 15:52:59,511][flwr][INFO] - Flower VCE: Resources for each Virtual Client: {'num_cpus': 2, 'num_gpus': 0.5}
[2024-08-13 15:52:59,524][flwr][INFO] - Flower VCE: Creating VirtualClientEngineActorPool with 2 actors
[2024-08-13 15:52:59,526][flwr][INFO] - [INIT]
[2024-08-13 15:52:59,527][flwr][INFO] - Requesting initial parameters from one random client
[2024-08-13 15:53:06,851][flwr][INFO] - Received initial parameters from one random client
[2024-08-13 15:53:06,851][flwr][INFO] - Evaluating initial global parameters
[2024-08-13 15:53:09,056][flwr][INFO] - initial parameters (loss, other metrics): 2.3025850929940455, {'accuracy': 0.098, 'precision': 0.009604000000000001, 'recall': 0.098, 'f1': 0.017493624772313296, 'confusion_matrix': array([[ 980,    0,    0,    0,    0,    0,    0,    0,    0,    0],
       [1135,    0,    0,    0,    0,    0,    0,    0,    0,    0],
       [1032,    0,    0,    0,    0,    0,    0,    0,    0,    0],
       [1010,    0,    0,    0,    0,    0,    0,    0,    0,    0],
       [ 982,    0,    0,    0,    0,    0,    0,    0,    0,    0],
       [ 892,    0,    0,    0,    0,    0,    0,    0,    0,    0],
       [ 958,    0,    0,    0,    0,    0,    0,    0,    0,    0],
       [1028,    0,    0,    0,    0,    0,    0,    0,    0,    0],
       [ 974,    0,    0,    0,    0,    0,    0,    0,    0,    0],
       [1009,    0,    0,    0,    0,    0,    0,    0,    0,    0]],
      dtype=int64)}
[2024-08-13 15:53:09,057][flwr][INFO] - 
[2024-08-13 15:53:09,057][flwr][INFO] - [ROUND 1]
[2024-08-13 15:53:09,058][flwr][INFO] - configure_fit: strategy sampled 10 clients (out of 100)
[2024-08-13 15:53:12,627][flwr][INFO] - aggregate_fit: received 10 results and 0 failures
[2024-08-13 15:53:12,630][flwr][WARNING] - No fit_metrics_aggregation_fn provided
[2024-08-13 15:53:14,705][flwr][INFO] - fit progress: (1, 4.27889228952483, {'accuracy': 0.0258, 'precision': 0.017344532947797215, 'recall': 0.0258, 'f1': 0.020106980489196402, 'confusion_matrix': array([[   0,  951,    0,    1,    0,    0,    0,    6,    1,   21],
       [   0,    0, 1048,    3,    1,    0,    0,    3,    1,   79],
       [   8,   67,   48,  774,    6,    0,    0,   30,   13,   86],
       [   2,   65,   14,   39,  706,    0,    0,   10,   13,  161],
       [ 516,   26,   14,   15,    2,  188,    0,   44,   10,  167],
       [  33,  242,   51,   11,  118,    0,    1,   16,   18,  402],
       [   0,   99,   15,   23,    1,    1,    0,  777,    1,   41],
       [  37,   26,   39,   12,    0,    0,    0,    2,  840,   72],
       [   8,   41,    8,    9,   18,    0,    0,    4,    7,  879],
       [ 733,   35,    9,   10,    7,    0,    0,    2,   53,  160]],
      dtype=int64)}, 5.64744050000445)
[2024-08-13 15:53:14,705][flwr][INFO] - configure_evaluate: no clients selected, skipping evaluation
[2024-08-13 15:53:14,705][flwr][INFO] - 
[2024-08-13 15:53:14,706][flwr][INFO] - [ROUND 2]
[2024-08-13 15:53:14,706][flwr][INFO] - configure_fit: strategy sampled 10 clients (out of 100)
[2024-08-13 15:53:15,912][flwr][INFO] - aggregate_fit: received 10 results and 0 failures
[2024-08-13 15:53:18,007][flwr][INFO] - fit progress: (2, 3.8604978182778473, {'accuracy': 0.0214, 'precision': 0.018920861584368644, 'recall': 0.0214, 'f1': 0.019909358963926833, 'confusion_matrix': array([[   6,  851,    0,    9,   10,    1,   54,   48,    1,    0],
       [   0,    0, 1099,   20,    6,    0,    3,    6,    1,    0],
       [   1,   11,   64,  839,   30,   26,    0,   34,   24,    3],
       [  10,    6,   15,   35,  891,    1,   16,   11,   25,    0],
       [  27,    1,   20,    2,    3,  889,    2,   33,    5,    0],
       [  35,   14,   56,    9,  166,   37,  513,   36,   26,    0],
       [   0,   16,   16,   19,    2,    8,   28,  869,    0,    0],
       [  35,    2,   51,   30,    2,   18,    0,    4,  886,    0],
       [  91,    5,   70,  103,  296,   37,  132,   27,   37,  176],
       [ 728,    7,   18,    8,   16,  131,    9,    6,   86,    0]],
      dtype=int64)}, 8.950124399998458)
[2024-08-13 15:53:18,008][flwr][INFO] - configure_evaluate: no clients selected, skipping evaluation
[2024-08-13 15:53:18,008][flwr][INFO] - 
[2024-08-13 15:53:18,008][flwr][INFO] - [ROUND 3]
[2024-08-13 15:53:18,009][flwr][INFO] - configure_fit: strategy sampled 10 clients (out of 100)
[2024-08-13 15:53:19,202][flwr][INFO] - aggregate_fit: received 10 results and 0 failures
[2024-08-13 15:53:21,301][flwr][INFO] - fit progress: (3, 3.4843521575309424, {'accuracy': 0.0226, 'precision': 0.02223564889548479, 'recall': 0.0226, 'f1': 0.022335358186824673, 'confusion_matrix': array([[  15,  863,    0,    6,    1,    0,   54,   31,    1,    9],
       [   0,    0, 1083,   10,    2,    0,    4,    5,    2,   29],
       [   8,   14,   43,  834,   11,   16,    1,   39,   27,   39],
       [   8,    8,   13,   63,  755,    1,   58,   11,   31,   62],
       [  69,    1,   11,    2,    3,  824,    3,   43,   10,   16],
       [  49,   15,   46,    9,   47,   22,  612,   30,   29,   33],
       [   0,   18,   13,   15,    1,    5,   38,  865,    0,    3],
       [  44,    1,   38,   22,    0,    7,    0,    5,  900,   11],
       [  19,    4,   16,   23,   37,    7,   30,   15,   18,  805],
       [ 794,    4,   12,    6,   11,   44,   12,    6,  101,   19]],
      dtype=int64)}, 12.244844500004547)
[2024-08-13 15:53:21,302][flwr][INFO] - configure_evaluate: no clients selected, skipping evaluation
[2024-08-13 15:53:21,302][flwr][INFO] - 
[2024-08-13 15:53:21,302][flwr][INFO] - [ROUND 4]
[2024-08-13 15:53:21,303][flwr][INFO] - configure_fit: strategy sampled 10 clients (out of 100)
[2024-08-13 15:53:22,450][flwr][INFO] - aggregate_fit: received 10 results and 0 failures
[2024-08-13 15:53:24,544][flwr][INFO] - fit progress: (4, 3.6249705451149654, {'accuracy': 0.023, 'precision': 0.021410326097554038, 'recall': 0.023, 'f1': 0.021541573523052453, 'confusion_matrix': array([[   0,  944,    0,    1,   10,    2,   11,   10,    1,    1],
       [   0,    0, 1114,    4,    8,    0,    3,    3,    0,    3],
       [   1,   29,   75,  792,   28,   38,    1,   20,   22,   26],
       [   2,   12,   12,   25,  906,    3,   12,    9,   18,   11],
       [   7,    2,   11,    1,    5,  940,    1,   10,    3,    2],
       [  27,   43,   46,    4,  149,   58,  526,   14,   19,    6],
       [   0,   50,   17,   10,    3,   23,   41,  814,    0,    0],
       [  33,    5,   54,   18,    5,   33,    0,    1,  876,    3],
       [  13,   20,   47,   15,  161,   32,   26,   13,   21,  626],
       [ 574,   17,   16,    6,   23,  302,    7,    4,   56,    4]],
      dtype=int64)}, 15.487747400009539)
[2024-08-13 15:53:24,545][flwr][INFO] - configure_evaluate: no clients selected, skipping evaluation
[2024-08-13 15:53:24,545][flwr][INFO] - 
[2024-08-13 15:53:24,545][flwr][INFO] - [ROUND 5]
[2024-08-13 15:53:24,546][flwr][INFO] - configure_fit: strategy sampled 10 clients (out of 100)
[2024-08-13 15:53:25,862][flwr][INFO] - aggregate_fit: received 10 results and 0 failures
[2024-08-13 15:53:27,932][flwr][INFO] - fit progress: (5, 3.3907289833292475, {'accuracy': 0.0261, 'precision': 0.024572715090445313, 'recall': 0.0261, 'f1': 0.025148894931974256, 'confusion_matrix': array([[  31,  831,    0,    7,    1,    0,   55,   32,    0,   23],
       [   1,    0, 1076,    4,    1,    0,    6,    5,    0,   42],
       [  21,    9,   28,  844,    6,    7,    4,   37,   18,   58],
       [  18,    9,   12,   97,  636,    0,   92,   14,   23,  109],
       [ 284,    0,    7,    5,    3,  595,    2,   44,    3,   39],
       [  56,   12,   31,    9,    9,    7,  673,   29,   16,   50],
       [   0,   12,    9,   12,    1,    2,   46,  868,    0,    8],
       [ 106,    1,   32,   24,    0,    1,    1,    6,  839,   18],
       [  21,    3,    9,   16,   14,    1,   27,   13,    9,  861],
       [ 905,    2,    6,    8,    6,    8,   12,    5,   23,   34]],
      dtype=int64)}, 18.875169999999343)
[2024-08-13 15:53:27,933][flwr][INFO] - configure_evaluate: no clients selected, skipping evaluation
[2024-08-13 15:53:27,933][flwr][INFO] - 
[2024-08-13 15:53:27,933][flwr][INFO] - [ROUND 6]
[2024-08-13 15:53:27,933][flwr][INFO] - configure_fit: strategy sampled 10 clients (out of 100)
[2024-08-13 15:53:29,234][flwr][INFO] - aggregate_fit: received 10 results and 0 failures
[2024-08-13 15:53:31,298][flwr][INFO] - fit progress: (6, 3.2318643241865908, {'accuracy': 0.0241, 'precision': 0.02241856440070582, 'recall': 0.0241, 'f1': 0.022437127481816192, 'confusion_matrix': array([[   6,  902,    0,    1,   18,    1,   12,   38,    1,    1],
       [   0,    0, 1111,    3,   10,    0,    2,    6,    1,    2],
       [   1,   17,   60,  810,   26,   32,    1,   36,   29,   20],
       [   2,    8,    7,   19,  917,    1,   12,   10,   29,    5],
       [   2,    1,    9,    2,    8,  929,    1,   21,    7,    2],
       [  25,   21,   37,    4,  176,   58,  505,   28,   33,    5],
       [   0,   19,    9,    8,    7,   10,   36,  869,    0,    0],
       [  13,    2,   41,   15,    9,   21,    0,    4,  922,    1],
       [   2,   10,   38,   17,  213,   31,   20,   22,   50,  571],
       [ 405,   10,    8,    6,   41,  371,    6,    7,  155,    0]],
      dtype=int64)}, 22.241645300004166)
[2024-08-13 15:53:31,299][flwr][INFO] - configure_evaluate: no clients selected, skipping evaluation
[2024-08-13 15:53:31,299][flwr][INFO] - 
[2024-08-13 15:53:31,299][flwr][INFO] - [ROUND 7]
[2024-08-13 15:53:31,300][flwr][INFO] - configure_fit: strategy sampled 10 clients (out of 100)
[2024-08-13 15:53:32,431][flwr][INFO] - aggregate_fit: received 10 results and 0 failures
[2024-08-13 15:53:34,492][flwr][INFO] - fit progress: (7, 3.065620958542164, {'accuracy': 0.0447, 'precision': 0.03894307340125229, 'recall': 0.0447, 'f1': 0.041320400062895654, 'confusion_matrix': array([[  97,  798,    0,    6,    1,    0,   34,   24,    0,   20],
       [   1,    0, 1099,    3,    0,    0,    3,    4,    0,   25],
       [  26,   11,   52,  838,    4,   12,    6,   22,   11,   50],
       [  35,   13,   15,  155,  530,    1,  119,   11,   12,  119],
       [ 157,    1,    7,    4,    1,  745,    5,   22,    2,   38],
       [  73,   14,   34,   10,    2,   14,  656,   18,    8,   63],
       [  13,   11,   11,   14,    1,    4,   74,  821,    0,    9],
       [ 175,    1,   44,   27,    0,    6,    2,    4,  748,   21],
       [  28,    3,   17,   16,    3,    3,   26,   10,    4,  864],
       [ 901,    1,    7,    5,    5,   22,   10,    2,   10,   46]],
      dtype=int64)}, 25.43525249999948)
[2024-08-13 15:53:34,493][flwr][INFO] - configure_evaluate: no clients selected, skipping evaluation
[2024-08-13 15:53:34,493][flwr][INFO] - 
[2024-08-13 15:53:34,493][flwr][INFO] - [ROUND 8]
[2024-08-13 15:53:34,493][flwr][INFO] - configure_fit: strategy sampled 10 clients (out of 100)
[2024-08-13 15:53:35,645][flwr][INFO] - aggregate_fit: received 10 results and 0 failures
[2024-08-13 15:53:37,849][flwr][INFO] - fit progress: (8, 2.991956293189234, {'accuracy': 0.031, 'precision': 0.02729181303789784, 'recall': 0.031, 'f1': 0.027851716465499617, 'confusion_matrix': array([[   2,  923,    0,    0,   10,    2,    8,   34,    1,    0],
       [   0,    0, 1118,    2,    6,    0,    3,    6,    0,    0],
       [   1,   34,  130,  695,   37,   31,    2,   45,   33,   24],
       [   0,   12,    8,   11,  920,    1,   14,   12,   28,    4],
       [   2,    1,   10,    1,   11,  921,    1,   28,    5,    2],
       [   8,   45,   34,    1,  149,   56,  534,   28,   32,    5],
       [   0,   29,   10,    3,    6,    9,   43,  858,    0,    0],
       [   6,    4,   47,    7,   11,   18,    0,    3,  931,    1],
       [   0,   19,   55,    2,  205,   25,   24,   23,   48,  573],
       [ 174,   14,    9,    4,   69,  501,   10,   11,  211,    6]],
      dtype=int64)}, 28.792524300006335)
[2024-08-13 15:53:37,850][flwr][INFO] - configure_evaluate: no clients selected, skipping evaluation
[2024-08-13 15:53:37,850][flwr][INFO] - 
[2024-08-13 15:53:37,850][flwr][INFO] - [ROUND 9]
[2024-08-13 15:53:37,850][flwr][INFO] - configure_fit: strategy sampled 10 clients (out of 100)
[2024-08-13 15:53:38,998][flwr][INFO] - aggregate_fit: received 10 results and 0 failures
[2024-08-13 15:53:41,064][flwr][INFO] - fit progress: (9, 2.8048222662251274, {'accuracy': 0.0535, 'precision': 0.04618600307697401, 'recall': 0.0535, 'f1': 0.04933265058106722, 'confusion_matrix': array([[ 120,  758,    0,    6,    1,    2,   57,   23,    0,   13],
       [   1,    0, 1093,    3,    0,    0,   10,    3,    0,   25],
       [  24,   12,   43,  854,    5,   11,    8,   16,   17,   42],
       [  29,   14,   12,  179,  538,    1,  112,   11,   16,   98],
       [ 127,    0,    6,    5,    4,  763,   10,   19,    3,   45],
       [  70,   29,   23,   10,    5,   14,  667,   13,   11,   50],
       [  15,   10,    9,   12,    1,    4,  116,  785,    0,    6],
       [ 128,    1,   37,   25,    0,    6,    2,    3,  810,   16],
       [  22,    4,   14,   23,    7,    3,   34,    8,    7,  852],
       [ 880,    1,    5,    7,    9,   24,   16,    2,   16,   49]],
      dtype=int64)}, 32.00688010000158)
[2024-08-13 15:53:41,065][flwr][INFO] - configure_evaluate: no clients selected, skipping evaluation
[2024-08-13 15:53:41,065][flwr][INFO] - 
[2024-08-13 15:53:41,065][flwr][INFO] - [ROUND 10]
[2024-08-13 15:53:41,065][flwr][INFO] - configure_fit: strategy sampled 10 clients (out of 100)
[2024-08-13 15:53:42,263][flwr][INFO] - aggregate_fit: received 10 results and 0 failures
[2024-08-13 15:53:44,375][flwr][INFO] - fit progress: (10, 2.8438880596694807, {'accuracy': 0.032, 'precision': 0.027855874300352856, 'recall': 0.032, 'f1': 0.028499738268119443, 'confusion_matrix': array([[   2,  934,    0,    0,    6,    2,    4,   31,    1,    0],
       [   0,    2, 1112,    2,   10,    0,    2,    6,    1,    0],
       [   1,   42,  117,  693,   40,   34,    3,   43,   35,   24],
       [   0,   15,    7,   11,  918,    1,   11,   13,   29,    5],
       [   2,    1,    3,    1,   14,  929,    1,   23,    6,    2],
       [   9,   82,   23,    1,  160,   73,  469,   32,   38,    5],
       [   0,   40,    4,    3,    8,    8,   30,  865,    0,    0],
       [   7,    4,   39,    7,   13,   22,    0,    4,  931,    1],
       [   0,   32,   36,    2,  191,   33,   18,   25,   61,  576],
       [ 187,   14,    5,    4,   73,  487,    6,   10,  217,    6]],
      dtype=int64)}, 35.31775610000477)
[2024-08-13 15:53:44,376][flwr][INFO] - configure_evaluate: no clients selected, skipping evaluation
[2024-08-13 15:53:44,376][flwr][INFO] - 
[2024-08-13 15:53:44,376][flwr][INFO] - [SUMMARY]
[2024-08-13 15:53:44,376][flwr][INFO] - Run finished 10 round(s) in 35.32s
[2024-08-13 15:53:44,384][flwr][INFO] - 	History (loss, centralized):
[2024-08-13 15:53:44,384][flwr][INFO] - 		round 0: 2.3025850929940455
[2024-08-13 15:53:44,384][flwr][INFO] - 		round 1: 4.27889228952483
[2024-08-13 15:53:44,384][flwr][INFO] - 		round 2: 3.8604978182778473
[2024-08-13 15:53:44,384][flwr][INFO] - 		round 3: 3.4843521575309424
[2024-08-13 15:53:44,384][flwr][INFO] - 		round 4: 3.6249705451149654
[2024-08-13 15:53:44,384][flwr][INFO] - 		round 5: 3.3907289833292475
[2024-08-13 15:53:44,384][flwr][INFO] - 		round 6: 3.2318643241865908
[2024-08-13 15:53:44,385][flwr][INFO] - 		round 7: 3.065620958542164
[2024-08-13 15:53:44,385][flwr][INFO] - 		round 8: 2.991956293189234
[2024-08-13 15:53:44,385][flwr][INFO] - 		round 9: 2.8048222662251274
[2024-08-13 15:53:44,385][flwr][INFO] - 		round 10: 2.8438880596694807
[2024-08-13 15:53:44,385][flwr][INFO] - 	History (metrics, centralized):
[2024-08-13 15:53:44,385][flwr][INFO] - 	{'accuracy': [(0, 0.098),
[2024-08-13 15:53:44,385][flwr][INFO] - 	              (1, 0.0258),
[2024-08-13 15:53:44,385][flwr][INFO] - 	              (2, 0.0214),
[2024-08-13 15:53:44,385][flwr][INFO] - 	              (3, 0.0226),
[2024-08-13 15:53:44,385][flwr][INFO] - 	              (4, 0.023),
[2024-08-13 15:53:44,385][flwr][INFO] - 	              (5, 0.0261),
[2024-08-13 15:53:44,385][flwr][INFO] - 	              (6, 0.0241),
[2024-08-13 15:53:44,385][flwr][INFO] - 	              (7, 0.0447),
[2024-08-13 15:53:44,385][flwr][INFO] - 	              (8, 0.031),
[2024-08-13 15:53:44,385][flwr][INFO] - 	              (9, 0.0535),
[2024-08-13 15:53:44,385][flwr][INFO] - 	              (10, 0.032)],
[2024-08-13 15:53:44,386][flwr][INFO] - 	 'confusion_matrix': [(0,
[2024-08-13 15:53:44,386][flwr][INFO] - 	                       array([[ 980,    0,    0,    0,    0,    0,    0,    0,    0,    0],
[2024-08-13 15:53:44,386][flwr][INFO] - 	       [1135,    0,    0,    0,    0,    0,    0,    0,    0,    0],
[2024-08-13 15:53:44,386][flwr][INFO] - 	       [1032,    0,    0,    0,    0,    0,    0,    0,    0,    0],
[2024-08-13 15:53:44,386][flwr][INFO] - 	       [1010,    0,    0,    0,    0,    0,    0,    0,    0,    0],
[2024-08-13 15:53:44,386][flwr][INFO] - 	       [ 982,    0,    0,    0,    0,    0,    0,    0,    0,    0],
[2024-08-13 15:53:44,386][flwr][INFO] - 	       [ 892,    0,    0,    0,    0,    0,    0,    0,    0,    0],
[2024-08-13 15:53:44,386][flwr][INFO] - 	       [ 958,    0,    0,    0,    0,    0,    0,    0,    0,    0],
[2024-08-13 15:53:44,386][flwr][INFO] - 	       [1028,    0,    0,    0,    0,    0,    0,    0,    0,    0],
[2024-08-13 15:53:44,386][flwr][INFO] - 	       [ 974,    0,    0,    0,    0,    0,    0,    0,    0,    0],
[2024-08-13 15:53:44,386][flwr][INFO] - 	       [1009,    0,    0,    0,    0,    0,    0,    0,    0,    0]],
[2024-08-13 15:53:44,386][flwr][INFO] - 	      dtype=int64)),
[2024-08-13 15:53:44,386][flwr][INFO] - 	                      (1,
[2024-08-13 15:53:44,386][flwr][INFO] - 	                       array([[   0,  951,    0,    1,    0,    0,    0,    6,    1,   21],
[2024-08-13 15:53:44,386][flwr][INFO] - 	       [   0,    0, 1048,    3,    1,    0,    0,    3,    1,   79],
[2024-08-13 15:53:44,386][flwr][INFO] - 	       [   8,   67,   48,  774,    6,    0,    0,   30,   13,   86],
[2024-08-13 15:53:44,386][flwr][INFO] - 	       [   2,   65,   14,   39,  706,    0,    0,   10,   13,  161],
[2024-08-13 15:53:44,387][flwr][INFO] - 	       [ 516,   26,   14,   15,    2,  188,    0,   44,   10,  167],
[2024-08-13 15:53:44,387][flwr][INFO] - 	       [  33,  242,   51,   11,  118,    0,    1,   16,   18,  402],
[2024-08-13 15:53:44,387][flwr][INFO] - 	       [   0,   99,   15,   23,    1,    1,    0,  777,    1,   41],
[2024-08-13 15:53:44,387][flwr][INFO] - 	       [  37,   26,   39,   12,    0,    0,    0,    2,  840,   72],
[2024-08-13 15:53:44,387][flwr][INFO] - 	       [   8,   41,    8,    9,   18,    0,    0,    4,    7,  879],
[2024-08-13 15:53:44,387][flwr][INFO] - 	       [ 733,   35,    9,   10,    7,    0,    0,    2,   53,  160]],
[2024-08-13 15:53:44,387][flwr][INFO] - 	      dtype=int64)),
[2024-08-13 15:53:44,387][flwr][INFO] - 	                      (2,
[2024-08-13 15:53:44,387][flwr][INFO] - 	                       array([[   6,  851,    0,    9,   10,    1,   54,   48,    1,    0],
[2024-08-13 15:53:44,387][flwr][INFO] - 	       [   0,    0, 1099,   20,    6,    0,    3,    6,    1,    0],
[2024-08-13 15:53:44,387][flwr][INFO] - 	       [   1,   11,   64,  839,   30,   26,    0,   34,   24,    3],
[2024-08-13 15:53:44,387][flwr][INFO] - 	       [  10,    6,   15,   35,  891,    1,   16,   11,   25,    0],
[2024-08-13 15:53:44,387][flwr][INFO] - 	       [  27,    1,   20,    2,    3,  889,    2,   33,    5,    0],
[2024-08-13 15:53:44,387][flwr][INFO] - 	       [  35,   14,   56,    9,  166,   37,  513,   36,   26,    0],
[2024-08-13 15:53:44,387][flwr][INFO] - 	       [   0,   16,   16,   19,    2,    8,   28,  869,    0,    0],
[2024-08-13 15:53:44,387][flwr][INFO] - 	       [  35,    2,   51,   30,    2,   18,    0,    4,  886,    0],
[2024-08-13 15:53:44,388][flwr][INFO] - 	       [  91,    5,   70,  103,  296,   37,  132,   27,   37,  176],
[2024-08-13 15:53:44,388][flwr][INFO] - 	       [ 728,    7,   18,    8,   16,  131,    9,    6,   86,    0]],
[2024-08-13 15:53:44,388][flwr][INFO] - 	      dtype=int64)),
[2024-08-13 15:53:44,388][flwr][INFO] - 	                      (3,
[2024-08-13 15:53:44,388][flwr][INFO] - 	                       array([[  15,  863,    0,    6,    1,    0,   54,   31,    1,    9],
[2024-08-13 15:53:44,388][flwr][INFO] - 	       [   0,    0, 1083,   10,    2,    0,    4,    5,    2,   29],
[2024-08-13 15:53:44,388][flwr][INFO] - 	       [   8,   14,   43,  834,   11,   16,    1,   39,   27,   39],
[2024-08-13 15:53:44,388][flwr][INFO] - 	       [   8,    8,   13,   63,  755,    1,   58,   11,   31,   62],
[2024-08-13 15:53:44,388][flwr][INFO] - 	       [  69,    1,   11,    2,    3,  824,    3,   43,   10,   16],
[2024-08-13 15:53:44,388][flwr][INFO] - 	       [  49,   15,   46,    9,   47,   22,  612,   30,   29,   33],
[2024-08-13 15:53:44,388][flwr][INFO] - 	       [   0,   18,   13,   15,    1,    5,   38,  865,    0,    3],
[2024-08-13 15:53:44,388][flwr][INFO] - 	       [  44,    1,   38,   22,    0,    7,    0,    5,  900,   11],
[2024-08-13 15:53:44,388][flwr][INFO] - 	       [  19,    4,   16,   23,   37,    7,   30,   15,   18,  805],
[2024-08-13 15:53:44,388][flwr][INFO] - 	       [ 794,    4,   12,    6,   11,   44,   12,    6,  101,   19]],
[2024-08-13 15:53:44,388][flwr][INFO] - 	      dtype=int64)),
[2024-08-13 15:53:44,388][flwr][INFO] - 	                      (4,
[2024-08-13 15:53:44,388][flwr][INFO] - 	                       array([[   0,  944,    0,    1,   10,    2,   11,   10,    1,    1],
[2024-08-13 15:53:44,389][flwr][INFO] - 	       [   0,    0, 1114,    4,    8,    0,    3,    3,    0,    3],
[2024-08-13 15:53:44,389][flwr][INFO] - 	       [   1,   29,   75,  792,   28,   38,    1,   20,   22,   26],
[2024-08-13 15:53:44,389][flwr][INFO] - 	       [   2,   12,   12,   25,  906,    3,   12,    9,   18,   11],
[2024-08-13 15:53:44,389][flwr][INFO] - 	       [   7,    2,   11,    1,    5,  940,    1,   10,    3,    2],
[2024-08-13 15:53:44,389][flwr][INFO] - 	       [  27,   43,   46,    4,  149,   58,  526,   14,   19,    6],
[2024-08-13 15:53:44,389][flwr][INFO] - 	       [   0,   50,   17,   10,    3,   23,   41,  814,    0,    0],
[2024-08-13 15:53:44,389][flwr][INFO] - 	       [  33,    5,   54,   18,    5,   33,    0,    1,  876,    3],
[2024-08-13 15:53:44,389][flwr][INFO] - 	       [  13,   20,   47,   15,  161,   32,   26,   13,   21,  626],
[2024-08-13 15:53:44,389][flwr][INFO] - 	       [ 574,   17,   16,    6,   23,  302,    7,    4,   56,    4]],
[2024-08-13 15:53:44,389][flwr][INFO] - 	      dtype=int64)),
[2024-08-13 15:53:44,389][flwr][INFO] - 	                      (5,
[2024-08-13 15:53:44,389][flwr][INFO] - 	                       array([[  31,  831,    0,    7,    1,    0,   55,   32,    0,   23],
[2024-08-13 15:53:44,389][flwr][INFO] - 	       [   1,    0, 1076,    4,    1,    0,    6,    5,    0,   42],
[2024-08-13 15:53:44,389][flwr][INFO] - 	       [  21,    9,   28,  844,    6,    7,    4,   37,   18,   58],
[2024-08-13 15:53:44,389][flwr][INFO] - 	       [  18,    9,   12,   97,  636,    0,   92,   14,   23,  109],
[2024-08-13 15:53:44,389][flwr][INFO] - 	       [ 284,    0,    7,    5,    3,  595,    2,   44,    3,   39],
[2024-08-13 15:53:44,389][flwr][INFO] - 	       [  56,   12,   31,    9,    9,    7,  673,   29,   16,   50],
[2024-08-13 15:53:44,390][flwr][INFO] - 	       [   0,   12,    9,   12,    1,    2,   46,  868,    0,    8],
[2024-08-13 15:53:44,390][flwr][INFO] - 	       [ 106,    1,   32,   24,    0,    1,    1,    6,  839,   18],
[2024-08-13 15:53:44,390][flwr][INFO] - 	       [  21,    3,    9,   16,   14,    1,   27,   13,    9,  861],
[2024-08-13 15:53:44,390][flwr][INFO] - 	       [ 905,    2,    6,    8,    6,    8,   12,    5,   23,   34]],
[2024-08-13 15:53:44,390][flwr][INFO] - 	      dtype=int64)),
[2024-08-13 15:53:44,390][flwr][INFO] - 	                      (6,
[2024-08-13 15:53:44,390][flwr][INFO] - 	                       array([[   6,  902,    0,    1,   18,    1,   12,   38,    1,    1],
[2024-08-13 15:53:44,390][flwr][INFO] - 	       [   0,    0, 1111,    3,   10,    0,    2,    6,    1,    2],
[2024-08-13 15:53:44,390][flwr][INFO] - 	       [   1,   17,   60,  810,   26,   32,    1,   36,   29,   20],
[2024-08-13 15:53:44,390][flwr][INFO] - 	       [   2,    8,    7,   19,  917,    1,   12,   10,   29,    5],
[2024-08-13 15:53:44,390][flwr][INFO] - 	       [   2,    1,    9,    2,    8,  929,    1,   21,    7,    2],
[2024-08-13 15:53:44,390][flwr][INFO] - 	       [  25,   21,   37,    4,  176,   58,  505,   28,   33,    5],
[2024-08-13 15:53:44,390][flwr][INFO] - 	       [   0,   19,    9,    8,    7,   10,   36,  869,    0,    0],
[2024-08-13 15:53:44,390][flwr][INFO] - 	       [  13,    2,   41,   15,    9,   21,    0,    4,  922,    1],
[2024-08-13 15:53:44,390][flwr][INFO] - 	       [   2,   10,   38,   17,  213,   31,   20,   22,   50,  571],
[2024-08-13 15:53:44,390][flwr][INFO] - 	       [ 405,   10,    8,    6,   41,  371,    6,    7,  155,    0]],
[2024-08-13 15:53:44,390][flwr][INFO] - 	      dtype=int64)),
[2024-08-13 15:53:44,391][flwr][INFO] - 	                      (7,
[2024-08-13 15:53:44,391][flwr][INFO] - 	                       array([[  97,  798,    0,    6,    1,    0,   34,   24,    0,   20],
[2024-08-13 15:53:44,391][flwr][INFO] - 	       [   1,    0, 1099,    3,    0,    0,    3,    4,    0,   25],
[2024-08-13 15:53:44,391][flwr][INFO] - 	       [  26,   11,   52,  838,    4,   12,    6,   22,   11,   50],
[2024-08-13 15:53:44,391][flwr][INFO] - 	       [  35,   13,   15,  155,  530,    1,  119,   11,   12,  119],
[2024-08-13 15:53:44,391][flwr][INFO] - 	       [ 157,    1,    7,    4,    1,  745,    5,   22,    2,   38],
[2024-08-13 15:53:44,391][flwr][INFO] - 	       [  73,   14,   34,   10,    2,   14,  656,   18,    8,   63],
[2024-08-13 15:53:44,391][flwr][INFO] - 	       [  13,   11,   11,   14,    1,    4,   74,  821,    0,    9],
[2024-08-13 15:53:44,391][flwr][INFO] - 	       [ 175,    1,   44,   27,    0,    6,    2,    4,  748,   21],
[2024-08-13 15:53:44,391][flwr][INFO] - 	       [  28,    3,   17,   16,    3,    3,   26,   10,    4,  864],
[2024-08-13 15:53:44,391][flwr][INFO] - 	       [ 901,    1,    7,    5,    5,   22,   10,    2,   10,   46]],
[2024-08-13 15:53:44,391][flwr][INFO] - 	      dtype=int64)),
[2024-08-13 15:53:44,391][flwr][INFO] - 	                      (8,
[2024-08-13 15:53:44,391][flwr][INFO] - 	                       array([[   2,  923,    0,    0,   10,    2,    8,   34,    1,    0],
[2024-08-13 15:53:44,391][flwr][INFO] - 	       [   0,    0, 1118,    2,    6,    0,    3,    6,    0,    0],
[2024-08-13 15:53:44,391][flwr][INFO] - 	       [   1,   34,  130,  695,   37,   31,    2,   45,   33,   24],
[2024-08-13 15:53:44,391][flwr][INFO] - 	       [   0,   12,    8,   11,  920,    1,   14,   12,   28,    4],
[2024-08-13 15:53:44,392][flwr][INFO] - 	       [   2,    1,   10,    1,   11,  921,    1,   28,    5,    2],
[2024-08-13 15:53:44,392][flwr][INFO] - 	       [   8,   45,   34,    1,  149,   56,  534,   28,   32,    5],
[2024-08-13 15:53:44,392][flwr][INFO] - 	       [   0,   29,   10,    3,    6,    9,   43,  858,    0,    0],
[2024-08-13 15:53:44,392][flwr][INFO] - 	       [   6,    4,   47,    7,   11,   18,    0,    3,  931,    1],
[2024-08-13 15:53:44,392][flwr][INFO] - 	       [   0,   19,   55,    2,  205,   25,   24,   23,   48,  573],
[2024-08-13 15:53:44,392][flwr][INFO] - 	       [ 174,   14,    9,    4,   69,  501,   10,   11,  211,    6]],
[2024-08-13 15:53:44,392][flwr][INFO] - 	      dtype=int64)),
[2024-08-13 15:53:44,392][flwr][INFO] - 	                      (9,
[2024-08-13 15:53:44,392][flwr][INFO] - 	                       array([[ 120,  758,    0,    6,    1,    2,   57,   23,    0,   13],
[2024-08-13 15:53:44,392][flwr][INFO] - 	       [   1,    0, 1093,    3,    0,    0,   10,    3,    0,   25],
[2024-08-13 15:53:44,392][flwr][INFO] - 	       [  24,   12,   43,  854,    5,   11,    8,   16,   17,   42],
[2024-08-13 15:53:44,392][flwr][INFO] - 	       [  29,   14,   12,  179,  538,    1,  112,   11,   16,   98],
[2024-08-13 15:53:44,392][flwr][INFO] - 	       [ 127,    0,    6,    5,    4,  763,   10,   19,    3,   45],
[2024-08-13 15:53:44,392][flwr][INFO] - 	       [  70,   29,   23,   10,    5,   14,  667,   13,   11,   50],
[2024-08-13 15:53:44,392][flwr][INFO] - 	       [  15,   10,    9,   12,    1,    4,  116,  785,    0,    6],
[2024-08-13 15:53:44,392][flwr][INFO] - 	       [ 128,    1,   37,   25,    0,    6,    2,    3,  810,   16],
[2024-08-13 15:53:44,392][flwr][INFO] - 	       [  22,    4,   14,   23,    7,    3,   34,    8,    7,  852],
[2024-08-13 15:53:44,393][flwr][INFO] - 	       [ 880,    1,    5,    7,    9,   24,   16,    2,   16,   49]],
[2024-08-13 15:53:44,393][flwr][INFO] - 	      dtype=int64)),
[2024-08-13 15:53:44,393][flwr][INFO] - 	                      (10,
[2024-08-13 15:53:44,393][flwr][INFO] - 	                       array([[   2,  934,    0,    0,    6,    2,    4,   31,    1,    0],
[2024-08-13 15:53:44,393][flwr][INFO] - 	       [   0,    2, 1112,    2,   10,    0,    2,    6,    1,    0],
[2024-08-13 15:53:44,393][flwr][INFO] - 	       [   1,   42,  117,  693,   40,   34,    3,   43,   35,   24],
[2024-08-13 15:53:44,393][flwr][INFO] - 	       [   0,   15,    7,   11,  918,    1,   11,   13,   29,    5],
[2024-08-13 15:53:44,393][flwr][INFO] - 	       [   2,    1,    3,    1,   14,  929,    1,   23,    6,    2],
[2024-08-13 15:53:44,393][flwr][INFO] - 	       [   9,   82,   23,    1,  160,   73,  469,   32,   38,    5],
[2024-08-13 15:53:44,393][flwr][INFO] - 	       [   0,   40,    4,    3,    8,    8,   30,  865,    0,    0],
[2024-08-13 15:53:44,393][flwr][INFO] - 	       [   7,    4,   39,    7,   13,   22,    0,    4,  931,    1],
[2024-08-13 15:53:44,393][flwr][INFO] - 	       [   0,   32,   36,    2,  191,   33,   18,   25,   61,  576],
[2024-08-13 15:53:44,393][flwr][INFO] - 	       [ 187,   14,    5,    4,   73,  487,    6,   10,  217,    6]],
[2024-08-13 15:53:44,393][flwr][INFO] - 	      dtype=int64))],
[2024-08-13 15:53:44,393][flwr][INFO] - 	 'f1': [(0, 0.017493624772313296),
[2024-08-13 15:53:44,393][flwr][INFO] - 	        (1, 0.020106980489196402),
[2024-08-13 15:53:44,393][flwr][INFO] - 	        (2, 0.019909358963926833),
[2024-08-13 15:53:44,394][flwr][INFO] - 	        (3, 0.022335358186824673),
[2024-08-13 15:53:44,394][flwr][INFO] - 	        (4, 0.021541573523052453),
[2024-08-13 15:53:44,394][flwr][INFO] - 	        (5, 0.025148894931974256),
[2024-08-13 15:53:44,394][flwr][INFO] - 	        (6, 0.022437127481816192),
[2024-08-13 15:53:44,394][flwr][INFO] - 	        (7, 0.041320400062895654),
[2024-08-13 15:53:44,394][flwr][INFO] - 	        (8, 0.027851716465499617),
[2024-08-13 15:53:44,394][flwr][INFO] - 	        (9, 0.04933265058106722),
[2024-08-13 15:53:44,394][flwr][INFO] - 	        (10, 0.028499738268119443)],
[2024-08-13 15:53:44,394][flwr][INFO] - 	 'precision': [(0, 0.009604000000000001),
[2024-08-13 15:53:44,394][flwr][INFO] - 	               (1, 0.017344532947797215),
[2024-08-13 15:53:44,394][flwr][INFO] - 	               (2, 0.018920861584368644),
[2024-08-13 15:53:44,394][flwr][INFO] - 	               (3, 0.02223564889548479),
[2024-08-13 15:53:44,394][flwr][INFO] - 	               (4, 0.021410326097554038),
[2024-08-13 15:53:44,394][flwr][INFO] - 	               (5, 0.024572715090445313),
[2024-08-13 15:53:44,394][flwr][INFO] - 	               (6, 0.02241856440070582),
[2024-08-13 15:53:44,394][flwr][INFO] - 	               (7, 0.03894307340125229),
[2024-08-13 15:53:44,394][flwr][INFO] - 	               (8, 0.02729181303789784),
[2024-08-13 15:53:44,395][flwr][INFO] - 	               (9, 0.04618600307697401),
[2024-08-13 15:53:44,395][flwr][INFO] - 	               (10, 0.027855874300352856)],
[2024-08-13 15:53:44,395][flwr][INFO] - 	 'recall': [(0, 0.098),
[2024-08-13 15:53:44,395][flwr][INFO] - 	            (1, 0.0258),
[2024-08-13 15:53:44,395][flwr][INFO] - 	            (2, 0.0214),
[2024-08-13 15:53:44,395][flwr][INFO] - 	            (3, 0.0226),
[2024-08-13 15:53:44,395][flwr][INFO] - 	            (4, 0.023),
[2024-08-13 15:53:44,395][flwr][INFO] - 	            (5, 0.0261),
[2024-08-13 15:53:44,395][flwr][INFO] - 	            (6, 0.0241),
[2024-08-13 15:53:44,395][flwr][INFO] - 	            (7, 0.0447),
[2024-08-13 15:53:44,395][flwr][INFO] - 	            (8, 0.031),
[2024-08-13 15:53:44,395][flwr][INFO] - 	            (9, 0.0535),
[2024-08-13 15:53:44,395][flwr][INFO] - 	            (10, 0.032)]}
[2024-08-13 15:53:44,395][flwr][INFO] - 
