[2024-08-13 15:20:58,425][flwr][INFO] - Starting Flower simulation, config: num_rounds=10, no round_timeout
[2024-08-13 15:21:02,598][flwr][INFO] - Flower VCE: Ray initialized with resources: {'accelerator_type:G': 1.0, 'node:__internal_head__': 1.0, 'GPU': 1.0, 'CPU': 16.0, 'memory': 4986458112.0, 'object_store_memory': 2493229056.0, 'node:127.0.0.1': 1.0}
[2024-08-13 15:21:02,598][flwr][INFO] - Optimize your simulation with Flower VCE: https://flower.ai/docs/framework/how-to-run-simulations.html
[2024-08-13 15:21:02,598][flwr][INFO] - Flower VCE: Resources for each Virtual Client: {'num_cpus': 2, 'num_gpus': 0.5}
[2024-08-13 15:21:02,610][flwr][INFO] - Flower VCE: Creating VirtualClientEngineActorPool with 2 actors
[2024-08-13 15:21:02,613][flwr][INFO] - [INIT]
[2024-08-13 15:21:02,613][flwr][INFO] - Requesting initial parameters from one random client
[2024-08-13 15:21:10,110][flwr][INFO] - Received initial parameters from one random client
[2024-08-13 15:21:10,111][flwr][INFO] - Evaluating initial global parameters
[2024-08-13 15:21:12,325][flwr][INFO] - initial parameters (loss, other metrics): 2.3025850929940455, {'accuracy': 0.098, 'precision': 0.009604000000000001, 'recall': 0.098, 'f1': 0.017493624772313296, 'confusion_matrix': array([[ 980,    0,    0,    0,    0,    0,    0,    0,    0,    0],
       [1135,    0,    0,    0,    0,    0,    0,    0,    0,    0],
       [1032,    0,    0,    0,    0,    0,    0,    0,    0,    0],
       [1010,    0,    0,    0,    0,    0,    0,    0,    0,    0],
       [ 982,    0,    0,    0,    0,    0,    0,    0,    0,    0],
       [ 892,    0,    0,    0,    0,    0,    0,    0,    0,    0],
       [ 958,    0,    0,    0,    0,    0,    0,    0,    0,    0],
       [1028,    0,    0,    0,    0,    0,    0,    0,    0,    0],
       [ 974,    0,    0,    0,    0,    0,    0,    0,    0,    0],
       [1009,    0,    0,    0,    0,    0,    0,    0,    0,    0]],
      dtype=int64)}
[2024-08-13 15:21:12,326][flwr][INFO] - 
[2024-08-13 15:21:12,326][flwr][INFO] - [ROUND 1]
[2024-08-13 15:21:12,326][flwr][INFO] - configure_fit: strategy sampled 10 clients (out of 100)
[2024-08-13 15:21:15,800][flwr][INFO] - aggregate_fit: received 10 results and 0 failures
[2024-08-13 15:21:15,803][flwr][WARNING] - No fit_metrics_aggregation_fn provided
[2024-08-13 15:21:17,891][flwr][INFO] - fit progress: (1, 2.272626440466514, {'accuracy': 0.154, 'precision': 0.11422732862751618, 'recall': 0.154, 'f1': 0.10923048430792144, 'confusion_matrix': array([[ 828,  133,    0,    0,    0,    0,    0,    7,    5,    7],
       [   0,    1, 1053,    3,    0,    0,    0,    3,   10,   65],
       [  88,    9,   93,  645,    2,    1,    1,   41,   60,   92],
       [  59,   18,   13,  240,  396,    0,    0,   15,   83,  186],
       [ 384,    0,    4,    0,   13,   67,    0,   41,  198,  275],
       [ 375,   20,   37,   33,   70,    0,    2,   20,  139,  196],
       [ 116,    9,   18,    6,    0,    0,    1,  762,    1,   45],
       [  47,    0,   24,    2,    0,    0,    0,    6,  918,   31],
       [  54,    2,    9,   19,   12,    0,    0,    8,   76,  794],
       [ 383,    0,    2,    1,    8,    0,    0,    3,  330,  282]],
      dtype=int64)}, 5.56626769999275)
[2024-08-13 15:21:17,892][flwr][INFO] - configure_evaluate: no clients selected, skipping evaluation
[2024-08-13 15:21:17,892][flwr][INFO] - 
[2024-08-13 15:21:17,892][flwr][INFO] - [ROUND 2]
[2024-08-13 15:21:17,893][flwr][INFO] - configure_fit: strategy sampled 10 clients (out of 100)
[2024-08-13 15:21:19,106][flwr][INFO] - aggregate_fit: received 10 results and 0 failures
[2024-08-13 15:21:21,195][flwr][INFO] - fit progress: (2, 1.9758017414346876, {'accuracy': 0.2922, 'precision': 0.3097602208656811, 'recall': 0.2922, 'f1': 0.2395946793096762, 'confusion_matrix': array([[  1, 685,   0,   1,   7,   4, 273,   9,   0,   0],
       [  0, 202, 883,   3,   0,   0,  46,   1,   0,   0],
       [  0,  45, 290, 509,  30,  18,  98,  42,   0,   0],
       [  0,  42,   9, 331, 504,   3, 103,  18,   0,   0],
       [  0,   3,   3,   0, 167, 734,  48,  27,   0,   0],
       [  0, 121,  26,  12,  95, 214, 411,  13,   0,   0],
       [  0,  18,   4,   2,   6,   2, 858,  68,   0,   0],
       [  0,  20,  65,   9,  37,  34,   3, 859,   1,   0],
       [  0, 123,  25,  33, 357,  97, 317,  22,   0,   0],
       [  0,  17,   4,   1, 170, 645,  27, 145,   0,   0]], dtype=int64)}, 8.870459700003266)
[2024-08-13 15:21:21,196][flwr][INFO] - configure_evaluate: no clients selected, skipping evaluation
[2024-08-13 15:21:21,196][flwr][INFO] - 
[2024-08-13 15:21:21,197][flwr][INFO] - [ROUND 3]
[2024-08-13 15:21:21,197][flwr][INFO] - configure_fit: strategy sampled 10 clients (out of 100)
[2024-08-13 15:21:22,357][flwr][INFO] - aggregate_fit: received 10 results and 0 failures
[2024-08-13 15:21:24,444][flwr][INFO] - fit progress: (3, 1.791614033005212, {'accuracy': 0.2712, 'precision': 0.29637571699630977, 'recall': 0.2712, 'f1': 0.217074920497421, 'confusion_matrix': array([[ 609,  298,    1,   18,    0,    0,    0,   36,    3,   15],
       [   0,    1, 1115,    5,    0,    0,    0,    3,    1,   10],
       [   8,   10,  273,  623,    2,    1,    1,   42,   33,   39],
       [   4,    6,   16,  722,  101,    1,    0,   17,   22,  121],
       [  27,    0,   15,    3,  101,  191,    0,   79,    5,  561],
       [ 101,   62,   49,  156,   59,   40,    0,   40,   73,  312],
       [  28,   19,   52,   22,    1,    2,    5,  809,    0,   20],
       [  57,    0,   52,    7,    3,    0,    0,   53,  798,   58],
       [   4,    2,   48,  127,    4,    0,    0,    8,   39,  742],
       [  73,    0,    5,    8,   16,    2,    0,   15,   21,  869]],
      dtype=int64)}, 12.118729800000438)
[2024-08-13 15:21:24,445][flwr][INFO] - configure_evaluate: no clients selected, skipping evaluation
[2024-08-13 15:21:24,445][flwr][INFO] - 
[2024-08-13 15:21:24,445][flwr][INFO] - [ROUND 4]
[2024-08-13 15:21:24,446][flwr][INFO] - configure_fit: strategy sampled 10 clients (out of 100)
[2024-08-13 15:21:25,591][flwr][INFO] - aggregate_fit: received 10 results and 0 failures
[2024-08-13 15:21:27,681][flwr][INFO] - fit progress: (4, 1.7824910814606971, {'accuracy': 0.3066, 'precision': 0.2669033280220081, 'recall': 0.3066, 'f1': 0.2655018140385448, 'confusion_matrix': array([[ 45, 728,   0,   0,  25,   5, 168,   8,   1,   0],
       [  0, 529, 557,   0,  12,   0,  36,   0,   1,   0],
       [  1,  69, 565,  80, 165,  13,  46,  36,  57,   0],
       [  0,  44,   5,   3, 857,   1,  65,   7,  28,   0],
       [  2,   2,   0,   0, 310, 617,  30,  17,   4,   0],
       [  7, 109,  17,   0, 154, 218, 342,  11,  34,   0],
       [  0,  25,   2,   0,  11,   3, 796, 121,   0,   0],
       [ 51,  15,  39,   0,  59,  26,   2, 251, 585,   0],
       [  2,  71,   9,   0, 387,  36, 115,   5, 349,   0],
       [115,   7,   1,   0, 353, 397,  11,  37,  88,   0]], dtype=int64)}, 15.356399099997361)
[2024-08-13 15:21:27,682][flwr][INFO] - configure_evaluate: no clients selected, skipping evaluation
[2024-08-13 15:21:27,682][flwr][INFO] - 
[2024-08-13 15:21:27,682][flwr][INFO] - [ROUND 5]
[2024-08-13 15:21:27,683][flwr][INFO] - configure_fit: strategy sampled 10 clients (out of 100)
[2024-08-13 15:21:28,845][flwr][INFO] - aggregate_fit: received 10 results and 0 failures
[2024-08-13 15:21:30,942][flwr][INFO] - fit progress: (5, 1.7113571337309825, {'accuracy': 0.2871, 'precision': 0.28964940030552416, 'recall': 0.2871, 'f1': 0.22108003893179567, 'confusion_matrix': array([[ 784,  129,    0,   23,    0,    1,    3,   35,    0,    5],
       [   1,    6, 1092,   16,    0,    0,    0,    6,    0,   14],
       [  25,    4,  102,  809,    0,    5,    3,   50,   13,   21],
       [  16,    4,    6,  860,    1,    5,   11,   21,   12,   74],
       [  84,    1,    7,   12,   13,  559,    0,  111,    2,  193],
       [ 260,   50,   32,  174,    2,  125,   58,   59,   28,  104],
       [  35,    8,   15,   27,    0,    1,   63,  808,    0,    1],
       [ 141,    0,   39,   34,    0,    2,    0,  310,  464,   38],
       [  30,    4,   23,  192,    0,    7,    4,   19,   22,  673],
       [ 334,    0,    3,   16,    1,   21,    0,   43,    5,  586]],
      dtype=int64)}, 18.616457800002536)
[2024-08-13 15:21:30,943][flwr][INFO] - configure_evaluate: no clients selected, skipping evaluation
[2024-08-13 15:21:30,943][flwr][INFO] - 
[2024-08-13 15:21:30,943][flwr][INFO] - [ROUND 6]
[2024-08-13 15:21:30,943][flwr][INFO] - configure_fit: strategy sampled 10 clients (out of 100)
[2024-08-13 15:21:32,243][flwr][INFO] - aggregate_fit: received 10 results and 0 failures
[2024-08-13 15:21:34,345][flwr][INFO] - fit progress: (6, 1.7767636758178331, {'accuracy': 0.2634, 'precision': 0.2500991338673107, 'recall': 0.2634, 'f1': 0.20626105344142526, 'confusion_matrix': array([[ 10, 845,   1,   0,   7,   6, 100,   3,   8,   0],
       [  0, 158, 951,   0,   3,   0,  22,   0,   1,   0],
       [  0,  58, 766,  14,  71,  13,  26,  14,  68,   2],
       [  0,  72,  31,   3, 760,   2,  65,   6,  71,   0],
       [  1,   3,   2,   0, 169, 757,  29,   7,  11,   3],
       [  0, 120,  24,   0,  93, 214, 375,   5,  61,   0],
       [  0,  40,  30,   0,   8,   4, 741, 135,   0,   0],
       [ 12,   9,  51,   0,  16,  24,   2,  18, 894,   2],
       [  0,  61,  40,   0, 186,  38, 103,   2, 492,  52],
       [ 26,  16,   5,   1, 160, 421,  12,  15, 290,  63]], dtype=int64)}, 22.02053409999644)
[2024-08-13 15:21:34,346][flwr][INFO] - configure_evaluate: no clients selected, skipping evaluation
[2024-08-13 15:21:34,346][flwr][INFO] - 
[2024-08-13 15:21:34,346][flwr][INFO] - [ROUND 7]
[2024-08-13 15:21:34,347][flwr][INFO] - configure_fit: strategy sampled 10 clients (out of 100)
[2024-08-13 15:21:35,496][flwr][INFO] - aggregate_fit: received 10 results and 0 failures
[2024-08-13 15:21:37,608][flwr][INFO] - fit progress: (7, 1.712722313365967, {'accuracy': 0.3243, 'precision': 0.2758919086448975, 'recall': 0.3243, 'f1': 0.25324405690390145, 'confusion_matrix': array([[ 743,  132,    0,   28,    0,    3,   13,   53,    0,    8],
       [   1,   20, 1050,   21,    0,    0,    1,    7,    0,   35],
       [  13,    3,   54,  851,    2,    3,    5,   54,    6,   41],
       [   8,    2,    4,  799,   40,    3,   15,   29,    2,  108],
       [  66,    1,    2,   10,   66,  482,    3,  103,    0,  249],
       [ 148,   37,   20,  124,   11,  130,  142,   63,    9,  208],
       [  21,    6,    9,   20,    1,    0,   91,  804,    0,    6],
       [ 124,    0,   24,   45,    0,    2,    0,  671,   58,  104],
       [  16,    3,   13,  135,    2,    5,    5,   19,    0,  776],
       [ 269,    0,    1,   15,    5,   12,    0,   38,    0,  669]],
      dtype=int64)}, 25.282604099993478)
[2024-08-13 15:21:37,608][flwr][INFO] - configure_evaluate: no clients selected, skipping evaluation
[2024-08-13 15:21:37,608][flwr][INFO] - 
[2024-08-13 15:21:37,609][flwr][INFO] - [ROUND 8]
[2024-08-13 15:21:37,609][flwr][INFO] - configure_fit: strategy sampled 10 clients (out of 100)
[2024-08-13 15:21:38,768][flwr][INFO] - aggregate_fit: received 10 results and 0 failures
[2024-08-13 15:21:41,032][flwr][INFO] - fit progress: (8, 1.824578126553806, {'accuracy': 0.2417, 'precision': 0.16064830580814957, 'recall': 0.2417, 'f1': 0.18032871926982114, 'confusion_matrix': array([[  13,  847,    1,    0,   12,    4,   67,   11,   25,    0],
       [   0,    8, 1102,    0,    4,    0,   11,    0,   10,    0],
       [   3,   37,  633,  123,   72,   11,   16,   15,  122,    0],
       [   0,   49,   31,   13,  741,    2,   50,    7,  117,    0],
       [   5,    1,    6,    0,  259,  634,   14,   11,   50,    2],
       [   5,   80,   27,    0,  105,  183,  357,    7,  128,    0],
       [   0,   36,   32,    0,   11,    4,  596,  277,    2,    0],
       [  14,    4,   46,    0,   19,    4,    2,    8,  931,    0],
       [   0,   18,   34,    0,  140,   17,   58,    2,  704,    1],
       [ 179,    8,    3,    2,  171,  142,    6,   10,  488,    0]],
      dtype=int64)}, 28.706485100003192)
[2024-08-13 15:21:41,033][flwr][INFO] - configure_evaluate: no clients selected, skipping evaluation
[2024-08-13 15:21:41,033][flwr][INFO] - 
[2024-08-13 15:21:41,033][flwr][INFO] - [ROUND 9]
[2024-08-13 15:21:41,033][flwr][INFO] - configure_fit: strategy sampled 10 clients (out of 100)
[2024-08-13 15:21:42,202][flwr][INFO] - aggregate_fit: received 10 results and 0 failures
[2024-08-13 15:21:44,291][flwr][INFO] - fit progress: (9, 1.6753615384102312, {'accuracy': 0.3884, 'precision': 0.40389363497859726, 'recall': 0.3884, 'f1': 0.33816186388572816, 'confusion_matrix': array([[849,  53,   0,  17,   0,   5,  21,  22,   0,  13],
       [  0, 257, 807,   7,   0,   0,   5,   3,   0,  56],
       [ 28,   3, 102, 768,   2,   4,  12,  29,   1,  83],
       [ 15,   3,   4, 747,  23,   7,  38,  21,   0, 152],
       [ 93,   2,   0,   6,  66, 449,   5,  34,   0, 327],
       [120,  38,  11,  73,   2, 177, 192,  31,   1, 247],
       [ 38,   4,  10,   9,   1,   2, 358, 520,   0,  16],
       [168,   3,  26,  27,   0,   2,   1, 602,   0, 199],
       [ 19,   1,   7,  54,   1,   6,  16,   9,   0, 861],
       [245,   2,   0,   8,   6,  11,   0,  11,   0, 726]], dtype=int64)}, 31.965277900002548)
[2024-08-13 15:21:44,291][flwr][INFO] - configure_evaluate: no clients selected, skipping evaluation
[2024-08-13 15:21:44,292][flwr][INFO] - 
[2024-08-13 15:21:44,292][flwr][INFO] - [ROUND 10]
[2024-08-13 15:21:44,292][flwr][INFO] - configure_fit: strategy sampled 10 clients (out of 100)
[2024-08-13 15:21:45,558][flwr][INFO] - aggregate_fit: received 10 results and 0 failures
[2024-08-13 15:21:47,633][flwr][INFO] - fit progress: (10, 1.6832276998749824, {'accuracy': 0.2792, 'precision': 0.27449665345461804, 'recall': 0.2792, 'f1': 0.23356786601345783, 'confusion_matrix': array([[  13,  828,    1,    0,   16,    6,   83,   26,    7,    0],
       [   0,   88, 1026,    2,    3,    0,   15,    0,    1,    0],
       [   1,   28,  722,  129,   51,    7,   19,   29,   46,    0],
       [   0,   47,   37,  102,  693,    1,   52,   12,   66,    0],
       [   3,    3,    4,    0,  357,  565,   14,   29,    6,    1],
       [   7,   90,   20,    3,   85,  249,  366,   21,   51,    0],
       [   0,   25,   33,    0,   10,    3,  589,  298,    0,    0],
       [  20,    7,   60,    0,   30,   10,    2,  138,  761,    0],
       [   0,   44,   56,    4,  196,   44,   89,    7,  532,    2],
       [ 231,   13,    4,    4,  319,  212,   10,   43,  171,    2]],
      dtype=int64)}, 35.307522300005076)
[2024-08-13 15:21:47,634][flwr][INFO] - configure_evaluate: no clients selected, skipping evaluation
[2024-08-13 15:21:47,634][flwr][INFO] - 
[2024-08-13 15:21:47,634][flwr][INFO] - [SUMMARY]
[2024-08-13 15:21:47,634][flwr][INFO] - Run finished 10 round(s) in 35.31s
[2024-08-13 15:21:47,642][flwr][INFO] - 	History (loss, centralized):
[2024-08-13 15:21:47,643][flwr][INFO] - 		round 0: 2.3025850929940455
[2024-08-13 15:21:47,643][flwr][INFO] - 		round 1: 2.272626440466514
[2024-08-13 15:21:47,643][flwr][INFO] - 		round 2: 1.9758017414346876
[2024-08-13 15:21:47,643][flwr][INFO] - 		round 3: 1.791614033005212
[2024-08-13 15:21:47,643][flwr][INFO] - 		round 4: 1.7824910814606971
[2024-08-13 15:21:47,643][flwr][INFO] - 		round 5: 1.7113571337309825
[2024-08-13 15:21:47,643][flwr][INFO] - 		round 6: 1.7767636758178331
[2024-08-13 15:21:47,643][flwr][INFO] - 		round 7: 1.712722313365967
[2024-08-13 15:21:47,643][flwr][INFO] - 		round 8: 1.824578126553806
[2024-08-13 15:21:47,643][flwr][INFO] - 		round 9: 1.6753615384102312
[2024-08-13 15:21:47,643][flwr][INFO] - 		round 10: 1.6832276998749824
[2024-08-13 15:21:47,643][flwr][INFO] - 	History (metrics, centralized):
[2024-08-13 15:21:47,644][flwr][INFO] - 	{'accuracy': [(0, 0.098),
[2024-08-13 15:21:47,644][flwr][INFO] - 	              (1, 0.154),
[2024-08-13 15:21:47,644][flwr][INFO] - 	              (2, 0.2922),
[2024-08-13 15:21:47,644][flwr][INFO] - 	              (3, 0.2712),
[2024-08-13 15:21:47,644][flwr][INFO] - 	              (4, 0.3066),
[2024-08-13 15:21:47,644][flwr][INFO] - 	              (5, 0.2871),
[2024-08-13 15:21:47,644][flwr][INFO] - 	              (6, 0.2634),
[2024-08-13 15:21:47,644][flwr][INFO] - 	              (7, 0.3243),
[2024-08-13 15:21:47,644][flwr][INFO] - 	              (8, 0.2417),
[2024-08-13 15:21:47,644][flwr][INFO] - 	              (9, 0.3884),
[2024-08-13 15:21:47,644][flwr][INFO] - 	              (10, 0.2792)],
[2024-08-13 15:21:47,644][flwr][INFO] - 	 'confusion_matrix': [(0,
[2024-08-13 15:21:47,644][flwr][INFO] - 	                       array([[ 980,    0,    0,    0,    0,    0,    0,    0,    0,    0],
[2024-08-13 15:21:47,644][flwr][INFO] - 	       [1135,    0,    0,    0,    0,    0,    0,    0,    0,    0],
[2024-08-13 15:21:47,644][flwr][INFO] - 	       [1032,    0,    0,    0,    0,    0,    0,    0,    0,    0],
[2024-08-13 15:21:47,645][flwr][INFO] - 	       [1010,    0,    0,    0,    0,    0,    0,    0,    0,    0],
[2024-08-13 15:21:47,645][flwr][INFO] - 	       [ 982,    0,    0,    0,    0,    0,    0,    0,    0,    0],
[2024-08-13 15:21:47,645][flwr][INFO] - 	       [ 892,    0,    0,    0,    0,    0,    0,    0,    0,    0],
[2024-08-13 15:21:47,645][flwr][INFO] - 	       [ 958,    0,    0,    0,    0,    0,    0,    0,    0,    0],
[2024-08-13 15:21:47,645][flwr][INFO] - 	       [1028,    0,    0,    0,    0,    0,    0,    0,    0,    0],
[2024-08-13 15:21:47,645][flwr][INFO] - 	       [ 974,    0,    0,    0,    0,    0,    0,    0,    0,    0],
[2024-08-13 15:21:47,645][flwr][INFO] - 	       [1009,    0,    0,    0,    0,    0,    0,    0,    0,    0]],
[2024-08-13 15:21:47,645][flwr][INFO] - 	      dtype=int64)),
[2024-08-13 15:21:47,645][flwr][INFO] - 	                      (1,
[2024-08-13 15:21:47,645][flwr][INFO] - 	                       array([[ 828,  133,    0,    0,    0,    0,    0,    7,    5,    7],
[2024-08-13 15:21:47,645][flwr][INFO] - 	       [   0,    1, 1053,    3,    0,    0,    0,    3,   10,   65],
[2024-08-13 15:21:47,645][flwr][INFO] - 	       [  88,    9,   93,  645,    2,    1,    1,   41,   60,   92],
[2024-08-13 15:21:47,645][flwr][INFO] - 	       [  59,   18,   13,  240,  396,    0,    0,   15,   83,  186],
[2024-08-13 15:21:47,645][flwr][INFO] - 	       [ 384,    0,    4,    0,   13,   67,    0,   41,  198,  275],
[2024-08-13 15:21:47,645][flwr][INFO] - 	       [ 375,   20,   37,   33,   70,    0,    2,   20,  139,  196],
[2024-08-13 15:21:47,645][flwr][INFO] - 	       [ 116,    9,   18,    6,    0,    0,    1,  762,    1,   45],
[2024-08-13 15:21:47,645][flwr][INFO] - 	       [  47,    0,   24,    2,    0,    0,    0,    6,  918,   31],
[2024-08-13 15:21:47,645][flwr][INFO] - 	       [  54,    2,    9,   19,   12,    0,    0,    8,   76,  794],
[2024-08-13 15:21:47,645][flwr][INFO] - 	       [ 383,    0,    2,    1,    8,    0,    0,    3,  330,  282]],
[2024-08-13 15:21:47,645][flwr][INFO] - 	      dtype=int64)),
[2024-08-13 15:21:47,645][flwr][INFO] - 	                      (2,
[2024-08-13 15:21:47,645][flwr][INFO] - 	                       array([[  1, 685,   0,   1,   7,   4, 273,   9,   0,   0],
[2024-08-13 15:21:47,645][flwr][INFO] - 	       [  0, 202, 883,   3,   0,   0,  46,   1,   0,   0],
[2024-08-13 15:21:47,645][flwr][INFO] - 	       [  0,  45, 290, 509,  30,  18,  98,  42,   0,   0],
[2024-08-13 15:21:47,645][flwr][INFO] - 	       [  0,  42,   9, 331, 504,   3, 103,  18,   0,   0],
[2024-08-13 15:21:47,645][flwr][INFO] - 	       [  0,   3,   3,   0, 167, 734,  48,  27,   0,   0],
[2024-08-13 15:21:47,645][flwr][INFO] - 	       [  0, 121,  26,  12,  95, 214, 411,  13,   0,   0],
[2024-08-13 15:21:47,645][flwr][INFO] - 	       [  0,  18,   4,   2,   6,   2, 858,  68,   0,   0],
[2024-08-13 15:21:47,645][flwr][INFO] - 	       [  0,  20,  65,   9,  37,  34,   3, 859,   1,   0],
[2024-08-13 15:21:47,645][flwr][INFO] - 	       [  0, 123,  25,  33, 357,  97, 317,  22,   0,   0],
[2024-08-13 15:21:47,645][flwr][INFO] - 	       [  0,  17,   4,   1, 170, 645,  27, 145,   0,   0]], dtype=int64)),
[2024-08-13 15:21:47,645][flwr][INFO] - 	                      (3,
[2024-08-13 15:21:47,645][flwr][INFO] - 	                       array([[ 609,  298,    1,   18,    0,    0,    0,   36,    3,   15],
[2024-08-13 15:21:47,645][flwr][INFO] - 	       [   0,    1, 1115,    5,    0,    0,    0,    3,    1,   10],
[2024-08-13 15:21:47,646][flwr][INFO] - 	       [   8,   10,  273,  623,    2,    1,    1,   42,   33,   39],
[2024-08-13 15:21:47,646][flwr][INFO] - 	       [   4,    6,   16,  722,  101,    1,    0,   17,   22,  121],
[2024-08-13 15:21:47,646][flwr][INFO] - 	       [  27,    0,   15,    3,  101,  191,    0,   79,    5,  561],
[2024-08-13 15:21:47,646][flwr][INFO] - 	       [ 101,   62,   49,  156,   59,   40,    0,   40,   73,  312],
[2024-08-13 15:21:47,646][flwr][INFO] - 	       [  28,   19,   52,   22,    1,    2,    5,  809,    0,   20],
[2024-08-13 15:21:47,646][flwr][INFO] - 	       [  57,    0,   52,    7,    3,    0,    0,   53,  798,   58],
[2024-08-13 15:21:47,646][flwr][INFO] - 	       [   4,    2,   48,  127,    4,    0,    0,    8,   39,  742],
[2024-08-13 15:21:47,646][flwr][INFO] - 	       [  73,    0,    5,    8,   16,    2,    0,   15,   21,  869]],
[2024-08-13 15:21:47,646][flwr][INFO] - 	      dtype=int64)),
[2024-08-13 15:21:47,646][flwr][INFO] - 	                      (4,
[2024-08-13 15:21:47,646][flwr][INFO] - 	                       array([[ 45, 728,   0,   0,  25,   5, 168,   8,   1,   0],
[2024-08-13 15:21:47,646][flwr][INFO] - 	       [  0, 529, 557,   0,  12,   0,  36,   0,   1,   0],
[2024-08-13 15:21:47,646][flwr][INFO] - 	       [  1,  69, 565,  80, 165,  13,  46,  36,  57,   0],
[2024-08-13 15:21:47,646][flwr][INFO] - 	       [  0,  44,   5,   3, 857,   1,  65,   7,  28,   0],
[2024-08-13 15:21:47,646][flwr][INFO] - 	       [  2,   2,   0,   0, 310, 617,  30,  17,   4,   0],
[2024-08-13 15:21:47,646][flwr][INFO] - 	       [  7, 109,  17,   0, 154, 218, 342,  11,  34,   0],
[2024-08-13 15:21:47,646][flwr][INFO] - 	       [  0,  25,   2,   0,  11,   3, 796, 121,   0,   0],
[2024-08-13 15:21:47,647][flwr][INFO] - 	       [ 51,  15,  39,   0,  59,  26,   2, 251, 585,   0],
[2024-08-13 15:21:47,647][flwr][INFO] - 	       [  2,  71,   9,   0, 387,  36, 115,   5, 349,   0],
[2024-08-13 15:21:47,647][flwr][INFO] - 	       [115,   7,   1,   0, 353, 397,  11,  37,  88,   0]], dtype=int64)),
[2024-08-13 15:21:47,647][flwr][INFO] - 	                      (5,
[2024-08-13 15:21:47,647][flwr][INFO] - 	                       array([[ 784,  129,    0,   23,    0,    1,    3,   35,    0,    5],
[2024-08-13 15:21:47,647][flwr][INFO] - 	       [   1,    6, 1092,   16,    0,    0,    0,    6,    0,   14],
[2024-08-13 15:21:47,647][flwr][INFO] - 	       [  25,    4,  102,  809,    0,    5,    3,   50,   13,   21],
[2024-08-13 15:21:47,647][flwr][INFO] - 	       [  16,    4,    6,  860,    1,    5,   11,   21,   12,   74],
[2024-08-13 15:21:47,647][flwr][INFO] - 	       [  84,    1,    7,   12,   13,  559,    0,  111,    2,  193],
[2024-08-13 15:21:47,647][flwr][INFO] - 	       [ 260,   50,   32,  174,    2,  125,   58,   59,   28,  104],
[2024-08-13 15:21:47,647][flwr][INFO] - 	       [  35,    8,   15,   27,    0,    1,   63,  808,    0,    1],
[2024-08-13 15:21:47,647][flwr][INFO] - 	       [ 141,    0,   39,   34,    0,    2,    0,  310,  464,   38],
[2024-08-13 15:21:47,647][flwr][INFO] - 	       [  30,    4,   23,  192,    0,    7,    4,   19,   22,  673],
[2024-08-13 15:21:47,647][flwr][INFO] - 	       [ 334,    0,    3,   16,    1,   21,    0,   43,    5,  586]],
[2024-08-13 15:21:47,647][flwr][INFO] - 	      dtype=int64)),
[2024-08-13 15:21:47,647][flwr][INFO] - 	                      (6,
[2024-08-13 15:21:47,647][flwr][INFO] - 	                       array([[ 10, 845,   1,   0,   7,   6, 100,   3,   8,   0],
[2024-08-13 15:21:47,647][flwr][INFO] - 	       [  0, 158, 951,   0,   3,   0,  22,   0,   1,   0],
[2024-08-13 15:21:47,648][flwr][INFO] - 	       [  0,  58, 766,  14,  71,  13,  26,  14,  68,   2],
[2024-08-13 15:21:47,648][flwr][INFO] - 	       [  0,  72,  31,   3, 760,   2,  65,   6,  71,   0],
[2024-08-13 15:21:47,648][flwr][INFO] - 	       [  1,   3,   2,   0, 169, 757,  29,   7,  11,   3],
[2024-08-13 15:21:47,648][flwr][INFO] - 	       [  0, 120,  24,   0,  93, 214, 375,   5,  61,   0],
[2024-08-13 15:21:47,648][flwr][INFO] - 	       [  0,  40,  30,   0,   8,   4, 741, 135,   0,   0],
[2024-08-13 15:21:47,648][flwr][INFO] - 	       [ 12,   9,  51,   0,  16,  24,   2,  18, 894,   2],
[2024-08-13 15:21:47,648][flwr][INFO] - 	       [  0,  61,  40,   0, 186,  38, 103,   2, 492,  52],
[2024-08-13 15:21:47,648][flwr][INFO] - 	       [ 26,  16,   5,   1, 160, 421,  12,  15, 290,  63]], dtype=int64)),
[2024-08-13 15:21:47,648][flwr][INFO] - 	                      (7,
[2024-08-13 15:21:47,648][flwr][INFO] - 	                       array([[ 743,  132,    0,   28,    0,    3,   13,   53,    0,    8],
[2024-08-13 15:21:47,648][flwr][INFO] - 	       [   1,   20, 1050,   21,    0,    0,    1,    7,    0,   35],
[2024-08-13 15:21:47,648][flwr][INFO] - 	       [  13,    3,   54,  851,    2,    3,    5,   54,    6,   41],
[2024-08-13 15:21:47,648][flwr][INFO] - 	       [   8,    2,    4,  799,   40,    3,   15,   29,    2,  108],
[2024-08-13 15:21:47,648][flwr][INFO] - 	       [  66,    1,    2,   10,   66,  482,    3,  103,    0,  249],
[2024-08-13 15:21:47,648][flwr][INFO] - 	       [ 148,   37,   20,  124,   11,  130,  142,   63,    9,  208],
[2024-08-13 15:21:47,648][flwr][INFO] - 	       [  21,    6,    9,   20,    1,    0,   91,  804,    0,    6],
[2024-08-13 15:21:47,648][flwr][INFO] - 	       [ 124,    0,   24,   45,    0,    2,    0,  671,   58,  104],
[2024-08-13 15:21:47,649][flwr][INFO] - 	       [  16,    3,   13,  135,    2,    5,    5,   19,    0,  776],
[2024-08-13 15:21:47,649][flwr][INFO] - 	       [ 269,    0,    1,   15,    5,   12,    0,   38,    0,  669]],
[2024-08-13 15:21:47,649][flwr][INFO] - 	      dtype=int64)),
[2024-08-13 15:21:47,649][flwr][INFO] - 	                      (8,
[2024-08-13 15:21:47,649][flwr][INFO] - 	                       array([[  13,  847,    1,    0,   12,    4,   67,   11,   25,    0],
[2024-08-13 15:21:47,649][flwr][INFO] - 	       [   0,    8, 1102,    0,    4,    0,   11,    0,   10,    0],
[2024-08-13 15:21:47,649][flwr][INFO] - 	       [   3,   37,  633,  123,   72,   11,   16,   15,  122,    0],
[2024-08-13 15:21:47,649][flwr][INFO] - 	       [   0,   49,   31,   13,  741,    2,   50,    7,  117,    0],
[2024-08-13 15:21:47,649][flwr][INFO] - 	       [   5,    1,    6,    0,  259,  634,   14,   11,   50,    2],
[2024-08-13 15:21:47,649][flwr][INFO] - 	       [   5,   80,   27,    0,  105,  183,  357,    7,  128,    0],
[2024-08-13 15:21:47,649][flwr][INFO] - 	       [   0,   36,   32,    0,   11,    4,  596,  277,    2,    0],
[2024-08-13 15:21:47,649][flwr][INFO] - 	       [  14,    4,   46,    0,   19,    4,    2,    8,  931,    0],
[2024-08-13 15:21:47,649][flwr][INFO] - 	       [   0,   18,   34,    0,  140,   17,   58,    2,  704,    1],
[2024-08-13 15:21:47,649][flwr][INFO] - 	       [ 179,    8,    3,    2,  171,  142,    6,   10,  488,    0]],
[2024-08-13 15:21:47,649][flwr][INFO] - 	      dtype=int64)),
[2024-08-13 15:21:47,649][flwr][INFO] - 	                      (9,
[2024-08-13 15:21:47,649][flwr][INFO] - 	                       array([[849,  53,   0,  17,   0,   5,  21,  22,   0,  13],
[2024-08-13 15:21:47,650][flwr][INFO] - 	       [  0, 257, 807,   7,   0,   0,   5,   3,   0,  56],
[2024-08-13 15:21:47,650][flwr][INFO] - 	       [ 28,   3, 102, 768,   2,   4,  12,  29,   1,  83],
[2024-08-13 15:21:47,650][flwr][INFO] - 	       [ 15,   3,   4, 747,  23,   7,  38,  21,   0, 152],
[2024-08-13 15:21:47,650][flwr][INFO] - 	       [ 93,   2,   0,   6,  66, 449,   5,  34,   0, 327],
[2024-08-13 15:21:47,650][flwr][INFO] - 	       [120,  38,  11,  73,   2, 177, 192,  31,   1, 247],
[2024-08-13 15:21:47,650][flwr][INFO] - 	       [ 38,   4,  10,   9,   1,   2, 358, 520,   0,  16],
[2024-08-13 15:21:47,650][flwr][INFO] - 	       [168,   3,  26,  27,   0,   2,   1, 602,   0, 199],
[2024-08-13 15:21:47,650][flwr][INFO] - 	       [ 19,   1,   7,  54,   1,   6,  16,   9,   0, 861],
[2024-08-13 15:21:47,650][flwr][INFO] - 	       [245,   2,   0,   8,   6,  11,   0,  11,   0, 726]], dtype=int64)),
[2024-08-13 15:21:47,650][flwr][INFO] - 	                      (10,
[2024-08-13 15:21:47,650][flwr][INFO] - 	                       array([[  13,  828,    1,    0,   16,    6,   83,   26,    7,    0],
[2024-08-13 15:21:47,650][flwr][INFO] - 	       [   0,   88, 1026,    2,    3,    0,   15,    0,    1,    0],
[2024-08-13 15:21:47,650][flwr][INFO] - 	       [   1,   28,  722,  129,   51,    7,   19,   29,   46,    0],
[2024-08-13 15:21:47,650][flwr][INFO] - 	       [   0,   47,   37,  102,  693,    1,   52,   12,   66,    0],
[2024-08-13 15:21:47,650][flwr][INFO] - 	       [   3,    3,    4,    0,  357,  565,   14,   29,    6,    1],
[2024-08-13 15:21:47,650][flwr][INFO] - 	       [   7,   90,   20,    3,   85,  249,  366,   21,   51,    0],
[2024-08-13 15:21:47,650][flwr][INFO] - 	       [   0,   25,   33,    0,   10,    3,  589,  298,    0,    0],
[2024-08-13 15:21:47,650][flwr][INFO] - 	       [  20,    7,   60,    0,   30,   10,    2,  138,  761,    0],
[2024-08-13 15:21:47,651][flwr][INFO] - 	       [   0,   44,   56,    4,  196,   44,   89,    7,  532,    2],
[2024-08-13 15:21:47,651][flwr][INFO] - 	       [ 231,   13,    4,    4,  319,  212,   10,   43,  171,    2]],
[2024-08-13 15:21:47,651][flwr][INFO] - 	      dtype=int64))],
[2024-08-13 15:21:47,651][flwr][INFO] - 	 'f1': [(0, 0.017493624772313296),
[2024-08-13 15:21:47,651][flwr][INFO] - 	        (1, 0.10923048430792144),
[2024-08-13 15:21:47,651][flwr][INFO] - 	        (2, 0.2395946793096762),
[2024-08-13 15:21:47,651][flwr][INFO] - 	        (3, 0.217074920497421),
[2024-08-13 15:21:47,651][flwr][INFO] - 	        (4, 0.2655018140385448),
[2024-08-13 15:21:47,651][flwr][INFO] - 	        (5, 0.22108003893179567),
[2024-08-13 15:21:47,651][flwr][INFO] - 	        (6, 0.20626105344142526),
[2024-08-13 15:21:47,651][flwr][INFO] - 	        (7, 0.25324405690390145),
[2024-08-13 15:21:47,651][flwr][INFO] - 	        (8, 0.18032871926982114),
[2024-08-13 15:21:47,651][flwr][INFO] - 	        (9, 0.33816186388572816),
[2024-08-13 15:21:47,651][flwr][INFO] - 	        (10, 0.23356786601345783)],
[2024-08-13 15:21:47,651][flwr][INFO] - 	 'precision': [(0, 0.009604000000000001),
[2024-08-13 15:21:47,651][flwr][INFO] - 	               (1, 0.11422732862751618),
[2024-08-13 15:21:47,651][flwr][INFO] - 	               (2, 0.3097602208656811),
[2024-08-13 15:21:47,652][flwr][INFO] - 	               (3, 0.29637571699630977),
[2024-08-13 15:21:47,652][flwr][INFO] - 	               (4, 0.2669033280220081),
[2024-08-13 15:21:47,652][flwr][INFO] - 	               (5, 0.28964940030552416),
[2024-08-13 15:21:47,652][flwr][INFO] - 	               (6, 0.2500991338673107),
[2024-08-13 15:21:47,652][flwr][INFO] - 	               (7, 0.2758919086448975),
[2024-08-13 15:21:47,652][flwr][INFO] - 	               (8, 0.16064830580814957),
[2024-08-13 15:21:47,652][flwr][INFO] - 	               (9, 0.40389363497859726),
[2024-08-13 15:21:47,652][flwr][INFO] - 	               (10, 0.27449665345461804)],
[2024-08-13 15:21:47,652][flwr][INFO] - 	 'recall': [(0, 0.098),
[2024-08-13 15:21:47,652][flwr][INFO] - 	            (1, 0.154),
[2024-08-13 15:21:47,652][flwr][INFO] - 	            (2, 0.2922),
[2024-08-13 15:21:47,652][flwr][INFO] - 	            (3, 0.2712),
[2024-08-13 15:21:47,652][flwr][INFO] - 	            (4, 0.3066),
[2024-08-13 15:21:47,652][flwr][INFO] - 	            (5, 0.2871),
[2024-08-13 15:21:47,652][flwr][INFO] - 	            (6, 0.2634),
[2024-08-13 15:21:47,652][flwr][INFO] - 	            (7, 0.3243),
[2024-08-13 15:21:47,652][flwr][INFO] - 	            (8, 0.2417),
[2024-08-13 15:21:47,654][flwr][INFO] - 	            (9, 0.3884),
[2024-08-13 15:21:47,654][flwr][INFO] - 	            (10, 0.2792)]}
[2024-08-13 15:21:47,654][flwr][INFO] - 
