[2024-08-13 16:00:20,811][flwr][INFO] - Starting Flower simulation, config: num_rounds=10, no round_timeout
[2024-08-13 16:00:24,910][flwr][INFO] - Flower VCE: Ray initialized with resources: {'GPU': 1.0, 'object_store_memory': 2506008576.0, 'memory': 5012017152.0, 'node:127.0.0.1': 1.0, 'node:__internal_head__': 1.0, 'accelerator_type:G': 1.0, 'CPU': 16.0}
[2024-08-13 16:00:24,911][flwr][INFO] - Optimize your simulation with Flower VCE: https://flower.ai/docs/framework/how-to-run-simulations.html
[2024-08-13 16:00:24,911][flwr][INFO] - Flower VCE: Resources for each Virtual Client: {'num_cpus': 2, 'num_gpus': 0.5}
[2024-08-13 16:00:24,923][flwr][INFO] - Flower VCE: Creating VirtualClientEngineActorPool with 2 actors
[2024-08-13 16:00:24,925][flwr][INFO] - [INIT]
[2024-08-13 16:00:24,925][flwr][INFO] - Requesting initial parameters from one random client
[2024-08-13 16:00:32,527][flwr][INFO] - Received initial parameters from one random client
[2024-08-13 16:00:32,527][flwr][INFO] - Evaluating initial global parameters
[2024-08-13 16:00:34,713][flwr][INFO] - initial parameters (loss, other metrics): 2.3025850929940455, {'accuracy': 0.098, 'precision': 0.009604000000000001, 'recall': 0.098, 'f1': 0.017493624772313296, 'confusion_matrix': array([[ 980,    0,    0,    0,    0,    0,    0,    0,    0,    0],
       [1135,    0,    0,    0,    0,    0,    0,    0,    0,    0],
       [1032,    0,    0,    0,    0,    0,    0,    0,    0,    0],
       [1010,    0,    0,    0,    0,    0,    0,    0,    0,    0],
       [ 982,    0,    0,    0,    0,    0,    0,    0,    0,    0],
       [ 892,    0,    0,    0,    0,    0,    0,    0,    0,    0],
       [ 958,    0,    0,    0,    0,    0,    0,    0,    0,    0],
       [1028,    0,    0,    0,    0,    0,    0,    0,    0,    0],
       [ 974,    0,    0,    0,    0,    0,    0,    0,    0,    0],
       [1009,    0,    0,    0,    0,    0,    0,    0,    0,    0]],
      dtype=int64)}
[2024-08-13 16:00:34,714][flwr][INFO] - 
[2024-08-13 16:00:34,714][flwr][INFO] - [ROUND 1]
[2024-08-13 16:00:34,715][flwr][INFO] - configure_fit: strategy sampled 10 clients (out of 100)
[2024-08-13 16:00:38,241][flwr][INFO] - aggregate_fit: received 10 results and 0 failures
[2024-08-13 16:00:38,244][flwr][WARNING] - No fit_metrics_aggregation_fn provided
[2024-08-13 16:00:40,319][flwr][INFO] - fit progress: (1, 3.1088612538736404, {'accuracy': 0.0529, 'precision': 0.10249967721534704, 'recall': 0.0529, 'f1': 0.04461757224495128, 'confusion_matrix': array([[  65,  874,    0,   22,    6,    0,    0,    5,    1,    7],
       [   1,    0, 1112,   13,    1,    0,    0,    2,    1,    5],
       [   9,   25,   80,  879,    2,    2,    0,   11,   18,    6],
       [   7,   15,   24,  225,  672,    0,    0,    2,   21,   44],
       [ 511,    3,   25,   24,   52,  156,    0,   16,   77,  118],
       [ 203,  118,   82,   75,  262,    0,    1,    1,   45,  105],
       [  11,   73,   47,  128,    7,    1,    2,  667,    1,   21],
       [  64,    1,   59,   26,    4,    0,    0,    0,  867,    7],
       [  27,   18,   57,  163,   72,    1,    0,    3,   24,  609],
       [ 686,    8,   17,   18,   30,    1,    0,    2,  166,   81]],
      dtype=int64)}, 5.604907200002344)
[2024-08-13 16:00:40,320][flwr][INFO] - configure_evaluate: no clients selected, skipping evaluation
[2024-08-13 16:00:40,320][flwr][INFO] - 
[2024-08-13 16:00:40,320][flwr][INFO] - [ROUND 2]
[2024-08-13 16:00:40,321][flwr][INFO] - configure_fit: strategy sampled 10 clients (out of 100)
[2024-08-13 16:00:41,524][flwr][INFO] - aggregate_fit: received 10 results and 0 failures
[2024-08-13 16:00:43,609][flwr][INFO] - fit progress: (2, 2.74470593170233, {'accuracy': 0.0582, 'precision': 0.06335530665697386, 'recall': 0.0582, 'f1': 0.0574247833865637, 'confusion_matrix': array([[  67,  828,    0,    1,    7,    1,   25,   40,    1,   10],
       [   0,    0, 1108,    2,    3,    0,    0,    4,    1,   17],
       [  11,   34,  128,  647,   23,   22,    1,  100,   14,   52],
       [   2,   15,   16,   32,  837,    0,   11,   13,   15,   69],
       [  17,    1,   12,    0,   20,  813,    0,   67,    6,   46],
       [  82,   52,   57,    2,  227,   40,  252,   41,   31,  108],
       [   3,   28,   24,    5,    3,    1,   69,  821,    0,    4],
       [  61,    1,   56,    3,   10,    8,    0,    9,  859,   21],
       [  12,    9,   32,    6,  104,    3,   10,   21,   12,  765],
       [ 492,    4,   11,    3,   33,  147,    1,   22,   91,  205]],
      dtype=int64)}, 8.894637099991087)
[2024-08-13 16:00:43,610][flwr][INFO] - configure_evaluate: no clients selected, skipping evaluation
[2024-08-13 16:00:43,610][flwr][INFO] - 
[2024-08-13 16:00:43,610][flwr][INFO] - [ROUND 3]
[2024-08-13 16:00:43,611][flwr][INFO] - configure_fit: strategy sampled 10 clients (out of 100)
[2024-08-13 16:00:44,760][flwr][INFO] - aggregate_fit: received 10 results and 0 failures
[2024-08-13 16:00:46,872][flwr][INFO] - fit progress: (3, 2.526993536191421, {'accuracy': 0.0823, 'precision': 0.06788632436468084, 'recall': 0.0823, 'f1': 0.07398641838085737, 'confusion_matrix': array([[ 114,  728,    0,    7,    1,    2,  121,    7,    0,    0],
       [   1,    1, 1100,    7,    0,    0,   22,    3,    0,    1],
       [  14,   16,   63,  839,    2,   25,   18,   18,   24,   13],
       [  16,   13,   12,  257,  521,    1,  111,    6,   30,   43],
       [  25,    1,    8,    2,    2,  906,    9,   14,    9,    6],
       [  80,   31,   39,   21,   36,   50,  585,    9,   33,    8],
       [   6,   11,   13,   16,    1,    7,  280,  624,    0,    0],
       [  69,    1,   45,   19,    1,   15,    2,    3,  866,    7],
       [  33,   10,   32,  108,   16,   18,  100,    7,   37,  613],
       [ 609,    1,    8,   12,   11,  204,   16,    6,  126,   16]],
      dtype=int64)}, 12.157521399989491)
[2024-08-13 16:00:46,872][flwr][INFO] - configure_evaluate: no clients selected, skipping evaluation
[2024-08-13 16:00:46,873][flwr][INFO] - 
[2024-08-13 16:00:46,873][flwr][INFO] - [ROUND 4]
[2024-08-13 16:00:46,873][flwr][INFO] - configure_fit: strategy sampled 10 clients (out of 100)
[2024-08-13 16:00:48,039][flwr][INFO] - aggregate_fit: received 10 results and 0 failures
[2024-08-13 16:00:50,179][flwr][INFO] - fit progress: (4, 2.457836612245956, {'accuracy': 0.0659, 'precision': 0.06572563402745354, 'recall': 0.0659, 'f1': 0.06087790481158486, 'confusion_matrix': array([[  55,  836,    0,    1,    9,    0,    2,   61,    1,   15],
       [   0,    2, 1100,    2,    4,    0,    0,    5,    1,   21],
       [   8,   33,  117,  668,   23,   15,    1,   94,   13,   60],
       [   0,   19,    9,   46,  825,    1,    3,   18,   16,   73],
       [  16,    1,    7,    0,   38,  773,    0,   82,    4,   61],
       [  63,  101,   38,    8,  222,   43,  170,   53,   33,  161],
       [   5,   28,   14,    5,    5,    1,   28,  863,    0,    9],
       [  59,    1,   43,    3,    8,    5,    0,   20,  859,   30],
       [   5,   12,   20,    5,   78,    2,    3,   22,   13,  814],
       [ 475,    3,    5,    4,   42,   75,    0,   33,   75,  297]],
      dtype=int64)}, 15.465774199998123)
[2024-08-13 16:00:50,180][flwr][INFO] - configure_evaluate: no clients selected, skipping evaluation
[2024-08-13 16:00:50,180][flwr][INFO] - 
[2024-08-13 16:00:50,180][flwr][INFO] - [ROUND 5]
[2024-08-13 16:00:50,181][flwr][INFO] - configure_fit: strategy sampled 10 clients (out of 100)
[2024-08-13 16:00:51,375][flwr][INFO] - aggregate_fit: received 10 results and 0 failures
[2024-08-13 16:00:53,468][flwr][INFO] - fit progress: (5, 2.3140320322847567, {'accuracy': 0.0735, 'precision': 0.06602421017710368, 'recall': 0.0735, 'f1': 0.06934790527556987, 'confusion_matrix': array([[ 120,  745,    0,    6,    1,    2,   87,   18,    1,    0],
       [   0,    2, 1108,    3,    1,    0,   16,    3,    1,    1],
       [  19,   24,   89,  794,    8,   21,   14,   23,   27,   13],
       [  10,   25,   13,  175,  640,    0,   73,   10,   37,   27],
       [  32,    0,    8,    3,   12,  878,    8,   23,   14,    4],
       [  75,   60,   36,   12,   52,   40,  560,   13,   38,    6],
       [  12,   18,   14,    8,    3,    7,  219,  677,    0,    0],
       [  62,    1,   43,   14,    4,    9,    1,    5,  885,    4],
       [  26,   17,   37,   69,   53,   16,   79,    9,   65,  603],
       [ 683,    1,    6,    9,   24,  127,   11,    6,  134,    8]],
      dtype=int64)}, 18.75415319998865)
[2024-08-13 16:00:53,469][flwr][INFO] - configure_evaluate: no clients selected, skipping evaluation
[2024-08-13 16:00:53,469][flwr][INFO] - 
[2024-08-13 16:00:53,469][flwr][INFO] - [ROUND 6]
[2024-08-13 16:00:53,470][flwr][INFO] - configure_fit: strategy sampled 10 clients (out of 100)
[2024-08-13 16:00:54,755][flwr][INFO] - aggregate_fit: received 10 results and 0 failures
[2024-08-13 16:00:56,942][flwr][INFO] - fit progress: (6, 2.265367229183632, {'accuracy': 0.0664, 'precision': 0.06878264005606304, 'recall': 0.0664, 'f1': 0.06506368366614941, 'confusion_matrix': array([[  80,  813,    0,    1,   14,    1,   11,   50,    0,   10],
       [   0,    2, 1114,    2,    5,    0,    0,    6,    0,    6],
       [  11,   29,  154,  680,   31,   15,    3,   62,   13,   34],
       [   0,   16,   11,   46,  853,    1,    9,   18,   17,   39],
       [  28,    1,    7,    0,   70,  778,    1,   60,    3,   34],
       [  69,   84,   39,    8,  211,   56,  292,   38,   24,   71],
       [   8,   25,   15,    5,    8,    3,   57,  834,    0,    3],
       [  82,    1,   49,    6,   16,    5,    0,   23,  829,   17],
       [   6,   13,   33,    6,  132,    3,    9,   20,   15,  737],
       [ 627,    3,    7,    6,   60,   81,    1,   18,   45,  161]],
      dtype=int64)}, 22.228104800000438)
[2024-08-13 16:00:56,943][flwr][INFO] - configure_evaluate: no clients selected, skipping evaluation
[2024-08-13 16:00:56,943][flwr][INFO] - 
[2024-08-13 16:00:56,943][flwr][INFO] - [ROUND 7]
[2024-08-13 16:00:56,943][flwr][INFO] - configure_fit: strategy sampled 10 clients (out of 100)
[2024-08-13 16:00:58,086][flwr][INFO] - aggregate_fit: received 10 results and 0 failures
[2024-08-13 16:01:00,188][flwr][INFO] - fit progress: (7, 2.187736383844515, {'accuracy': 0.0876, 'precision': 0.07761131485584877, 'recall': 0.0876, 'f1': 0.08167035758629952, 'confusion_matrix': array([[  83,  751,    1,    4,    1,    2,  118,   17,    1,    2],
       [   0,    2, 1106,    3,    0,    0,   16,    3,    1,    4],
       [  10,   19,  107,  785,    9,   18,   19,   21,   27,   17],
       [   6,   19,   14,  223,  545,    0,  106,   10,   37,   50],
       [  23,    0,    7,    3,   12,  871,   13,   22,    9,   22],
       [  44,   48,   33,   12,   23,   36,  629,   11,   37,   19],
       [   7,   15,   12,    6,    4,    5,  280,  628,    0,    1],
       [  56,    1,   44,   12,    4,    9,    1,    7,  884,   10],
       [   6,   15,   31,   54,   16,   14,   77,    7,   40,  714],
       [ 633,    2,    6,    7,   18,  114,   22,    6,  115,   86]],
      dtype=int64)}, 25.474179999990156)
[2024-08-13 16:01:00,189][flwr][INFO] - configure_evaluate: no clients selected, skipping evaluation
[2024-08-13 16:01:00,189][flwr][INFO] - 
[2024-08-13 16:01:00,189][flwr][INFO] - [ROUND 8]
[2024-08-13 16:01:00,190][flwr][INFO] - configure_fit: strategy sampled 10 clients (out of 100)
[2024-08-13 16:01:01,347][flwr][INFO] - aggregate_fit: received 10 results and 0 failures
[2024-08-13 16:01:03,410][flwr][INFO] - fit progress: (8, 2.185112929895301, {'accuracy': 0.0724, 'precision': 0.0703244627687169, 'recall': 0.0724, 'f1': 0.06864399013425432, 'confusion_matrix': array([[ 172,  724,    0,    1,    9,    1,    6,   57,    0,   10],
       [   1,    2, 1117,    3,    2,    0,    0,    6,    0,    4],
       [  15,   22,  194,  645,   29,   14,    2,   66,   17,   28],
       [   6,   13,   12,   63,  832,    2,    8,   20,   22,   32],
       [  41,    0,    7,    0,   72,  772,    0,   64,    3,   23],
       [  98,   75,   39,   11,  193,   66,  275,   45,   28,   62],
       [  12,   17,   15,    5,    8,    1,   38,  860,    0,    2],
       [  94,    1,   53,    5,   14,    8,    0,   34,  809,   10],
       [  20,   12,   36,   10,  113,    7,    6,   24,   22,  724],
       [ 750,    1,    8,    5,   50,   64,    1,   20,   49,   61]],
      dtype=int64)}, 28.696400899993023)
[2024-08-13 16:01:03,411][flwr][INFO] - configure_evaluate: no clients selected, skipping evaluation
[2024-08-13 16:01:03,411][flwr][INFO] - 
[2024-08-13 16:01:03,411][flwr][INFO] - [ROUND 9]
[2024-08-13 16:01:03,412][flwr][INFO] - configure_fit: strategy sampled 10 clients (out of 100)
[2024-08-13 16:01:04,591][flwr][INFO] - aggregate_fit: received 10 results and 0 failures
[2024-08-13 16:01:06,942][flwr][INFO] - fit progress: (9, 2.1451720661610185, {'accuracy': 0.0864, 'precision': 0.07966840555769827, 'recall': 0.0864, 'f1': 0.08210439803183221, 'confusion_matrix': array([[  21,  843,    0,    1,    2,    4,   84,   20,    2,    3],
       [   0,    3, 1104,    3,    1,    0,   15,    3,    1,    5],
       [   5,   26,  114,  763,   13,   22,   16,   22,   29,   22],
       [   0,   28,   11,  182,  614,    1,   77,   11,   43,   43],
       [   9,    1,    3,    3,   16,  899,    8,   15,    6,   22],
       [  15,   65,   21,   10,   32,   63,  600,   14,   40,   32],
       [   2,   23,    8,    5,    5,    8,  244,  660,    0,    3],
       [  25,    3,   39,   12,    4,   17,    1,    5,  914,    8],
       [   0,   17,   27,   36,   35,   16,   59,    8,   51,  725],
       [ 408,    5,    4,    9,   26,  222,   20,    9,  141,  165]],
      dtype=int64)}, 32.22804599998926)
[2024-08-13 16:01:06,943][flwr][INFO] - configure_evaluate: no clients selected, skipping evaluation
[2024-08-13 16:01:06,943][flwr][INFO] - 
[2024-08-13 16:01:06,943][flwr][INFO] - [ROUND 10]
[2024-08-13 16:01:06,944][flwr][INFO] - configure_fit: strategy sampled 10 clients (out of 100)
[2024-08-13 16:01:08,229][flwr][INFO] - aggregate_fit: received 10 results and 0 failures
[2024-08-13 16:01:10,413][flwr][INFO] - fit progress: (10, 2.1095805670430354, {'accuracy': 0.083, 'precision': 0.07570482020439606, 'recall': 0.083, 'f1': 0.0777020092979448, 'confusion_matrix': array([[ 256,  621,    0,    2,    9,    2,   44,   39,    0,    7],
       [   1,    3, 1112,    3,    1,    0,    5,    5,    0,    5],
       [  23,   18,  181,  676,   24,   13,    9,   44,   17,   27],
       [  12,   13,   12,   82,  793,    1,   26,   16,   25,   30],
       [  58,    0,    5,    0,   67,  773,    4,   49,    3,   23],
       [  97,   47,   34,    9,   99,   52,  475,   23,   25,   31],
       [  17,   13,   12,    4,    7,    3,  102,  799,    0,    1],
       [ 110,    1,   50,    8,   13,    8,    0,   31,  797,   10],
       [  29,    9,   36,   15,   90,    8,   19,   18,   22,  728],
       [ 804,    1,    7,    5,   43,   56,    4,   10,   45,   34]],
      dtype=int64)}, 35.69957959999738)
[2024-08-13 16:01:10,414][flwr][INFO] - configure_evaluate: no clients selected, skipping evaluation
[2024-08-13 16:01:10,414][flwr][INFO] - 
[2024-08-13 16:01:10,414][flwr][INFO] - [SUMMARY]
[2024-08-13 16:01:10,414][flwr][INFO] - Run finished 10 round(s) in 35.70s
[2024-08-13 16:01:10,423][flwr][INFO] - 	History (loss, centralized):
[2024-08-13 16:01:10,423][flwr][INFO] - 		round 0: 2.3025850929940455
[2024-08-13 16:01:10,423][flwr][INFO] - 		round 1: 3.1088612538736404
[2024-08-13 16:01:10,423][flwr][INFO] - 		round 2: 2.74470593170233
[2024-08-13 16:01:10,423][flwr][INFO] - 		round 3: 2.526993536191421
[2024-08-13 16:01:10,423][flwr][INFO] - 		round 4: 2.457836612245956
[2024-08-13 16:01:10,423][flwr][INFO] - 		round 5: 2.3140320322847567
[2024-08-13 16:01:10,423][flwr][INFO] - 		round 6: 2.265367229183632
[2024-08-13 16:01:10,423][flwr][INFO] - 		round 7: 2.187736383844515
[2024-08-13 16:01:10,423][flwr][INFO] - 		round 8: 2.185112929895301
[2024-08-13 16:01:10,423][flwr][INFO] - 		round 9: 2.1451720661610185
[2024-08-13 16:01:10,423][flwr][INFO] - 		round 10: 2.1095805670430354
[2024-08-13 16:01:10,423][flwr][INFO] - 	History (metrics, centralized):
[2024-08-13 16:01:10,424][flwr][INFO] - 	{'accuracy': [(0, 0.098),
[2024-08-13 16:01:10,424][flwr][INFO] - 	              (1, 0.0529),
[2024-08-13 16:01:10,424][flwr][INFO] - 	              (2, 0.0582),
[2024-08-13 16:01:10,424][flwr][INFO] - 	              (3, 0.0823),
[2024-08-13 16:01:10,424][flwr][INFO] - 	              (4, 0.0659),
[2024-08-13 16:01:10,424][flwr][INFO] - 	              (5, 0.0735),
[2024-08-13 16:01:10,424][flwr][INFO] - 	              (6, 0.0664),
[2024-08-13 16:01:10,424][flwr][INFO] - 	              (7, 0.0876),
[2024-08-13 16:01:10,424][flwr][INFO] - 	              (8, 0.0724),
[2024-08-13 16:01:10,424][flwr][INFO] - 	              (9, 0.0864),
[2024-08-13 16:01:10,424][flwr][INFO] - 	              (10, 0.083)],
[2024-08-13 16:01:10,424][flwr][INFO] - 	 'confusion_matrix': [(0,
[2024-08-13 16:01:10,424][flwr][INFO] - 	                       array([[ 980,    0,    0,    0,    0,    0,    0,    0,    0,    0],
[2024-08-13 16:01:10,424][flwr][INFO] - 	       [1135,    0,    0,    0,    0,    0,    0,    0,    0,    0],
[2024-08-13 16:01:10,424][flwr][INFO] - 	       [1032,    0,    0,    0,    0,    0,    0,    0,    0,    0],
[2024-08-13 16:01:10,424][flwr][INFO] - 	       [1010,    0,    0,    0,    0,    0,    0,    0,    0,    0],
[2024-08-13 16:01:10,425][flwr][INFO] - 	       [ 982,    0,    0,    0,    0,    0,    0,    0,    0,    0],
[2024-08-13 16:01:10,425][flwr][INFO] - 	       [ 892,    0,    0,    0,    0,    0,    0,    0,    0,    0],
[2024-08-13 16:01:10,425][flwr][INFO] - 	       [ 958,    0,    0,    0,    0,    0,    0,    0,    0,    0],
[2024-08-13 16:01:10,425][flwr][INFO] - 	       [1028,    0,    0,    0,    0,    0,    0,    0,    0,    0],
[2024-08-13 16:01:10,425][flwr][INFO] - 	       [ 974,    0,    0,    0,    0,    0,    0,    0,    0,    0],
[2024-08-13 16:01:10,425][flwr][INFO] - 	       [1009,    0,    0,    0,    0,    0,    0,    0,    0,    0]],
[2024-08-13 16:01:10,425][flwr][INFO] - 	      dtype=int64)),
[2024-08-13 16:01:10,425][flwr][INFO] - 	                      (1,
[2024-08-13 16:01:10,425][flwr][INFO] - 	                       array([[  65,  874,    0,   22,    6,    0,    0,    5,    1,    7],
[2024-08-13 16:01:10,425][flwr][INFO] - 	       [   1,    0, 1112,   13,    1,    0,    0,    2,    1,    5],
[2024-08-13 16:01:10,425][flwr][INFO] - 	       [   9,   25,   80,  879,    2,    2,    0,   11,   18,    6],
[2024-08-13 16:01:10,425][flwr][INFO] - 	       [   7,   15,   24,  225,  672,    0,    0,    2,   21,   44],
[2024-08-13 16:01:10,425][flwr][INFO] - 	       [ 511,    3,   25,   24,   52,  156,    0,   16,   77,  118],
[2024-08-13 16:01:10,425][flwr][INFO] - 	       [ 203,  118,   82,   75,  262,    0,    1,    1,   45,  105],
[2024-08-13 16:01:10,425][flwr][INFO] - 	       [  11,   73,   47,  128,    7,    1,    2,  667,    1,   21],
[2024-08-13 16:01:10,425][flwr][INFO] - 	       [  64,    1,   59,   26,    4,    0,    0,    0,  867,    7],
[2024-08-13 16:01:10,425][flwr][INFO] - 	       [  27,   18,   57,  163,   72,    1,    0,    3,   24,  609],
[2024-08-13 16:01:10,426][flwr][INFO] - 	       [ 686,    8,   17,   18,   30,    1,    0,    2,  166,   81]],
[2024-08-13 16:01:10,426][flwr][INFO] - 	      dtype=int64)),
[2024-08-13 16:01:10,426][flwr][INFO] - 	                      (2,
[2024-08-13 16:01:10,426][flwr][INFO] - 	                       array([[  67,  828,    0,    1,    7,    1,   25,   40,    1,   10],
[2024-08-13 16:01:10,426][flwr][INFO] - 	       [   0,    0, 1108,    2,    3,    0,    0,    4,    1,   17],
[2024-08-13 16:01:10,426][flwr][INFO] - 	       [  11,   34,  128,  647,   23,   22,    1,  100,   14,   52],
[2024-08-13 16:01:10,426][flwr][INFO] - 	       [   2,   15,   16,   32,  837,    0,   11,   13,   15,   69],
[2024-08-13 16:01:10,426][flwr][INFO] - 	       [  17,    1,   12,    0,   20,  813,    0,   67,    6,   46],
[2024-08-13 16:01:10,426][flwr][INFO] - 	       [  82,   52,   57,    2,  227,   40,  252,   41,   31,  108],
[2024-08-13 16:01:10,426][flwr][INFO] - 	       [   3,   28,   24,    5,    3,    1,   69,  821,    0,    4],
[2024-08-13 16:01:10,426][flwr][INFO] - 	       [  61,    1,   56,    3,   10,    8,    0,    9,  859,   21],
[2024-08-13 16:01:10,426][flwr][INFO] - 	       [  12,    9,   32,    6,  104,    3,   10,   21,   12,  765],
[2024-08-13 16:01:10,426][flwr][INFO] - 	       [ 492,    4,   11,    3,   33,  147,    1,   22,   91,  205]],
[2024-08-13 16:01:10,426][flwr][INFO] - 	      dtype=int64)),
[2024-08-13 16:01:10,426][flwr][INFO] - 	                      (3,
[2024-08-13 16:01:10,426][flwr][INFO] - 	                       array([[ 114,  728,    0,    7,    1,    2,  121,    7,    0,    0],
[2024-08-13 16:01:10,427][flwr][INFO] - 	       [   1,    1, 1100,    7,    0,    0,   22,    3,    0,    1],
[2024-08-13 16:01:10,427][flwr][INFO] - 	       [  14,   16,   63,  839,    2,   25,   18,   18,   24,   13],
[2024-08-13 16:01:10,427][flwr][INFO] - 	       [  16,   13,   12,  257,  521,    1,  111,    6,   30,   43],
[2024-08-13 16:01:10,427][flwr][INFO] - 	       [  25,    1,    8,    2,    2,  906,    9,   14,    9,    6],
[2024-08-13 16:01:10,427][flwr][INFO] - 	       [  80,   31,   39,   21,   36,   50,  585,    9,   33,    8],
[2024-08-13 16:01:10,427][flwr][INFO] - 	       [   6,   11,   13,   16,    1,    7,  280,  624,    0,    0],
[2024-08-13 16:01:10,427][flwr][INFO] - 	       [  69,    1,   45,   19,    1,   15,    2,    3,  866,    7],
[2024-08-13 16:01:10,427][flwr][INFO] - 	       [  33,   10,   32,  108,   16,   18,  100,    7,   37,  613],
[2024-08-13 16:01:10,427][flwr][INFO] - 	       [ 609,    1,    8,   12,   11,  204,   16,    6,  126,   16]],
[2024-08-13 16:01:10,427][flwr][INFO] - 	      dtype=int64)),
[2024-08-13 16:01:10,427][flwr][INFO] - 	                      (4,
[2024-08-13 16:01:10,427][flwr][INFO] - 	                       array([[  55,  836,    0,    1,    9,    0,    2,   61,    1,   15],
[2024-08-13 16:01:10,427][flwr][INFO] - 	       [   0,    2, 1100,    2,    4,    0,    0,    5,    1,   21],
[2024-08-13 16:01:10,427][flwr][INFO] - 	       [   8,   33,  117,  668,   23,   15,    1,   94,   13,   60],
[2024-08-13 16:01:10,427][flwr][INFO] - 	       [   0,   19,    9,   46,  825,    1,    3,   18,   16,   73],
[2024-08-13 16:01:10,427][flwr][INFO] - 	       [  16,    1,    7,    0,   38,  773,    0,   82,    4,   61],
[2024-08-13 16:01:10,427][flwr][INFO] - 	       [  63,  101,   38,    8,  222,   43,  170,   53,   33,  161],
[2024-08-13 16:01:10,428][flwr][INFO] - 	       [   5,   28,   14,    5,    5,    1,   28,  863,    0,    9],
[2024-08-13 16:01:10,428][flwr][INFO] - 	       [  59,    1,   43,    3,    8,    5,    0,   20,  859,   30],
[2024-08-13 16:01:10,428][flwr][INFO] - 	       [   5,   12,   20,    5,   78,    2,    3,   22,   13,  814],
[2024-08-13 16:01:10,428][flwr][INFO] - 	       [ 475,    3,    5,    4,   42,   75,    0,   33,   75,  297]],
[2024-08-13 16:01:10,428][flwr][INFO] - 	      dtype=int64)),
[2024-08-13 16:01:10,428][flwr][INFO] - 	                      (5,
[2024-08-13 16:01:10,428][flwr][INFO] - 	                       array([[ 120,  745,    0,    6,    1,    2,   87,   18,    1,    0],
[2024-08-13 16:01:10,428][flwr][INFO] - 	       [   0,    2, 1108,    3,    1,    0,   16,    3,    1,    1],
[2024-08-13 16:01:10,428][flwr][INFO] - 	       [  19,   24,   89,  794,    8,   21,   14,   23,   27,   13],
[2024-08-13 16:01:10,428][flwr][INFO] - 	       [  10,   25,   13,  175,  640,    0,   73,   10,   37,   27],
[2024-08-13 16:01:10,428][flwr][INFO] - 	       [  32,    0,    8,    3,   12,  878,    8,   23,   14,    4],
[2024-08-13 16:01:10,428][flwr][INFO] - 	       [  75,   60,   36,   12,   52,   40,  560,   13,   38,    6],
[2024-08-13 16:01:10,428][flwr][INFO] - 	       [  12,   18,   14,    8,    3,    7,  219,  677,    0,    0],
[2024-08-13 16:01:10,428][flwr][INFO] - 	       [  62,    1,   43,   14,    4,    9,    1,    5,  885,    4],
[2024-08-13 16:01:10,428][flwr][INFO] - 	       [  26,   17,   37,   69,   53,   16,   79,    9,   65,  603],
[2024-08-13 16:01:10,428][flwr][INFO] - 	       [ 683,    1,    6,    9,   24,  127,   11,    6,  134,    8]],
[2024-08-13 16:01:10,429][flwr][INFO] - 	      dtype=int64)),
[2024-08-13 16:01:10,429][flwr][INFO] - 	                      (6,
[2024-08-13 16:01:10,429][flwr][INFO] - 	                       array([[  80,  813,    0,    1,   14,    1,   11,   50,    0,   10],
[2024-08-13 16:01:10,429][flwr][INFO] - 	       [   0,    2, 1114,    2,    5,    0,    0,    6,    0,    6],
[2024-08-13 16:01:10,429][flwr][INFO] - 	       [  11,   29,  154,  680,   31,   15,    3,   62,   13,   34],
[2024-08-13 16:01:10,429][flwr][INFO] - 	       [   0,   16,   11,   46,  853,    1,    9,   18,   17,   39],
[2024-08-13 16:01:10,429][flwr][INFO] - 	       [  28,    1,    7,    0,   70,  778,    1,   60,    3,   34],
[2024-08-13 16:01:10,429][flwr][INFO] - 	       [  69,   84,   39,    8,  211,   56,  292,   38,   24,   71],
[2024-08-13 16:01:10,429][flwr][INFO] - 	       [   8,   25,   15,    5,    8,    3,   57,  834,    0,    3],
[2024-08-13 16:01:10,429][flwr][INFO] - 	       [  82,    1,   49,    6,   16,    5,    0,   23,  829,   17],
[2024-08-13 16:01:10,429][flwr][INFO] - 	       [   6,   13,   33,    6,  132,    3,    9,   20,   15,  737],
[2024-08-13 16:01:10,429][flwr][INFO] - 	       [ 627,    3,    7,    6,   60,   81,    1,   18,   45,  161]],
[2024-08-13 16:01:10,429][flwr][INFO] - 	      dtype=int64)),
[2024-08-13 16:01:10,429][flwr][INFO] - 	                      (7,
[2024-08-13 16:01:10,429][flwr][INFO] - 	                       array([[  83,  751,    1,    4,    1,    2,  118,   17,    1,    2],
[2024-08-13 16:01:10,429][flwr][INFO] - 	       [   0,    2, 1106,    3,    0,    0,   16,    3,    1,    4],
[2024-08-13 16:01:10,429][flwr][INFO] - 	       [  10,   19,  107,  785,    9,   18,   19,   21,   27,   17],
[2024-08-13 16:01:10,430][flwr][INFO] - 	       [   6,   19,   14,  223,  545,    0,  106,   10,   37,   50],
[2024-08-13 16:01:10,430][flwr][INFO] - 	       [  23,    0,    7,    3,   12,  871,   13,   22,    9,   22],
[2024-08-13 16:01:10,430][flwr][INFO] - 	       [  44,   48,   33,   12,   23,   36,  629,   11,   37,   19],
[2024-08-13 16:01:10,430][flwr][INFO] - 	       [   7,   15,   12,    6,    4,    5,  280,  628,    0,    1],
[2024-08-13 16:01:10,430][flwr][INFO] - 	       [  56,    1,   44,   12,    4,    9,    1,    7,  884,   10],
[2024-08-13 16:01:10,430][flwr][INFO] - 	       [   6,   15,   31,   54,   16,   14,   77,    7,   40,  714],
[2024-08-13 16:01:10,430][flwr][INFO] - 	       [ 633,    2,    6,    7,   18,  114,   22,    6,  115,   86]],
[2024-08-13 16:01:10,430][flwr][INFO] - 	      dtype=int64)),
[2024-08-13 16:01:10,430][flwr][INFO] - 	                      (8,
[2024-08-13 16:01:10,430][flwr][INFO] - 	                       array([[ 172,  724,    0,    1,    9,    1,    6,   57,    0,   10],
[2024-08-13 16:01:10,430][flwr][INFO] - 	       [   1,    2, 1117,    3,    2,    0,    0,    6,    0,    4],
[2024-08-13 16:01:10,430][flwr][INFO] - 	       [  15,   22,  194,  645,   29,   14,    2,   66,   17,   28],
[2024-08-13 16:01:10,430][flwr][INFO] - 	       [   6,   13,   12,   63,  832,    2,    8,   20,   22,   32],
[2024-08-13 16:01:10,430][flwr][INFO] - 	       [  41,    0,    7,    0,   72,  772,    0,   64,    3,   23],
[2024-08-13 16:01:10,430][flwr][INFO] - 	       [  98,   75,   39,   11,  193,   66,  275,   45,   28,   62],
[2024-08-13 16:01:10,430][flwr][INFO] - 	       [  12,   17,   15,    5,    8,    1,   38,  860,    0,    2],
[2024-08-13 16:01:10,430][flwr][INFO] - 	       [  94,    1,   53,    5,   14,    8,    0,   34,  809,   10],
[2024-08-13 16:01:10,431][flwr][INFO] - 	       [  20,   12,   36,   10,  113,    7,    6,   24,   22,  724],
[2024-08-13 16:01:10,431][flwr][INFO] - 	       [ 750,    1,    8,    5,   50,   64,    1,   20,   49,   61]],
[2024-08-13 16:01:10,431][flwr][INFO] - 	      dtype=int64)),
[2024-08-13 16:01:10,431][flwr][INFO] - 	                      (9,
[2024-08-13 16:01:10,431][flwr][INFO] - 	                       array([[  21,  843,    0,    1,    2,    4,   84,   20,    2,    3],
[2024-08-13 16:01:10,431][flwr][INFO] - 	       [   0,    3, 1104,    3,    1,    0,   15,    3,    1,    5],
[2024-08-13 16:01:10,431][flwr][INFO] - 	       [   5,   26,  114,  763,   13,   22,   16,   22,   29,   22],
[2024-08-13 16:01:10,431][flwr][INFO] - 	       [   0,   28,   11,  182,  614,    1,   77,   11,   43,   43],
[2024-08-13 16:01:10,431][flwr][INFO] - 	       [   9,    1,    3,    3,   16,  899,    8,   15,    6,   22],
[2024-08-13 16:01:10,431][flwr][INFO] - 	       [  15,   65,   21,   10,   32,   63,  600,   14,   40,   32],
[2024-08-13 16:01:10,431][flwr][INFO] - 	       [   2,   23,    8,    5,    5,    8,  244,  660,    0,    3],
[2024-08-13 16:01:10,431][flwr][INFO] - 	       [  25,    3,   39,   12,    4,   17,    1,    5,  914,    8],
[2024-08-13 16:01:10,431][flwr][INFO] - 	       [   0,   17,   27,   36,   35,   16,   59,    8,   51,  725],
[2024-08-13 16:01:10,431][flwr][INFO] - 	       [ 408,    5,    4,    9,   26,  222,   20,    9,  141,  165]],
[2024-08-13 16:01:10,431][flwr][INFO] - 	      dtype=int64)),
[2024-08-13 16:01:10,431][flwr][INFO] - 	                      (10,
[2024-08-13 16:01:10,431][flwr][INFO] - 	                       array([[ 256,  621,    0,    2,    9,    2,   44,   39,    0,    7],
[2024-08-13 16:01:10,431][flwr][INFO] - 	       [   1,    3, 1112,    3,    1,    0,    5,    5,    0,    5],
[2024-08-13 16:01:10,432][flwr][INFO] - 	       [  23,   18,  181,  676,   24,   13,    9,   44,   17,   27],
[2024-08-13 16:01:10,432][flwr][INFO] - 	       [  12,   13,   12,   82,  793,    1,   26,   16,   25,   30],
[2024-08-13 16:01:10,432][flwr][INFO] - 	       [  58,    0,    5,    0,   67,  773,    4,   49,    3,   23],
[2024-08-13 16:01:10,432][flwr][INFO] - 	       [  97,   47,   34,    9,   99,   52,  475,   23,   25,   31],
[2024-08-13 16:01:10,432][flwr][INFO] - 	       [  17,   13,   12,    4,    7,    3,  102,  799,    0,    1],
[2024-08-13 16:01:10,432][flwr][INFO] - 	       [ 110,    1,   50,    8,   13,    8,    0,   31,  797,   10],
[2024-08-13 16:01:10,432][flwr][INFO] - 	       [  29,    9,   36,   15,   90,    8,   19,   18,   22,  728],
[2024-08-13 16:01:10,432][flwr][INFO] - 	       [ 804,    1,    7,    5,   43,   56,    4,   10,   45,   34]],
[2024-08-13 16:01:10,432][flwr][INFO] - 	      dtype=int64))],
[2024-08-13 16:01:10,432][flwr][INFO] - 	 'f1': [(0, 0.017493624772313296),
[2024-08-13 16:01:10,432][flwr][INFO] - 	        (1, 0.04461757224495128),
[2024-08-13 16:01:10,432][flwr][INFO] - 	        (2, 0.0574247833865637),
[2024-08-13 16:01:10,432][flwr][INFO] - 	        (3, 0.07398641838085737),
[2024-08-13 16:01:10,432][flwr][INFO] - 	        (4, 0.06087790481158486),
[2024-08-13 16:01:10,432][flwr][INFO] - 	        (5, 0.06934790527556987),
[2024-08-13 16:01:10,432][flwr][INFO] - 	        (6, 0.06506368366614941),
[2024-08-13 16:01:10,432][flwr][INFO] - 	        (7, 0.08167035758629952),
[2024-08-13 16:01:10,433][flwr][INFO] - 	        (8, 0.06864399013425432),
[2024-08-13 16:01:10,433][flwr][INFO] - 	        (9, 0.08210439803183221),
[2024-08-13 16:01:10,433][flwr][INFO] - 	        (10, 0.0777020092979448)],
[2024-08-13 16:01:10,433][flwr][INFO] - 	 'precision': [(0, 0.009604000000000001),
[2024-08-13 16:01:10,433][flwr][INFO] - 	               (1, 0.10249967721534704),
[2024-08-13 16:01:10,433][flwr][INFO] - 	               (2, 0.06335530665697386),
[2024-08-13 16:01:10,433][flwr][INFO] - 	               (3, 0.06788632436468084),
[2024-08-13 16:01:10,433][flwr][INFO] - 	               (4, 0.06572563402745354),
[2024-08-13 16:01:10,433][flwr][INFO] - 	               (5, 0.06602421017710368),
[2024-08-13 16:01:10,433][flwr][INFO] - 	               (6, 0.06878264005606304),
[2024-08-13 16:01:10,433][flwr][INFO] - 	               (7, 0.07761131485584877),
[2024-08-13 16:01:10,433][flwr][INFO] - 	               (8, 0.0703244627687169),
[2024-08-13 16:01:10,433][flwr][INFO] - 	               (9, 0.07966840555769827),
[2024-08-13 16:01:10,433][flwr][INFO] - 	               (10, 0.07570482020439606)],
[2024-08-13 16:01:10,433][flwr][INFO] - 	 'recall': [(0, 0.098),
[2024-08-13 16:01:10,433][flwr][INFO] - 	            (1, 0.0529),
[2024-08-13 16:01:10,434][flwr][INFO] - 	            (2, 0.0582),
[2024-08-13 16:01:10,434][flwr][INFO] - 	            (3, 0.0823),
[2024-08-13 16:01:10,434][flwr][INFO] - 	            (4, 0.0659),
[2024-08-13 16:01:10,434][flwr][INFO] - 	            (5, 0.0735),
[2024-08-13 16:01:10,434][flwr][INFO] - 	            (6, 0.0664),
[2024-08-13 16:01:10,434][flwr][INFO] - 	            (7, 0.0876),
[2024-08-13 16:01:10,434][flwr][INFO] - 	            (8, 0.0724),
[2024-08-13 16:01:10,434][flwr][INFO] - 	            (9, 0.0864),
[2024-08-13 16:01:10,434][flwr][INFO] - 	            (10, 0.083)]}
[2024-08-13 16:01:10,434][flwr][INFO] - 
