[2024-08-13 11:45:55,453][flwr][INFO] - Starting Flower simulation, config: num_rounds=10, no round_timeout
[2024-08-13 11:45:59,495][flwr][INFO] - Flower VCE: Ray initialized with resources: {'node:__internal_head__': 1.0, 'CPU': 16.0, 'GPU': 1.0, 'node:127.0.0.1': 1.0, 'object_store_memory': 2544959078.0, 'memory': 5089918158.0, 'accelerator_type:G': 1.0}
[2024-08-13 11:45:59,495][flwr][INFO] - Optimize your simulation with Flower VCE: https://flower.ai/docs/framework/how-to-run-simulations.html
[2024-08-13 11:45:59,495][flwr][INFO] - Flower VCE: Resources for each Virtual Client: {'num_cpus': 2, 'num_gpus': 0.5}
[2024-08-13 11:45:59,506][flwr][INFO] - Flower VCE: Creating VirtualClientEngineActorPool with 2 actors
[2024-08-13 11:45:59,507][flwr][INFO] - [INIT]
[2024-08-13 11:45:59,507][flwr][INFO] - Requesting initial parameters from one random client
[2024-08-13 11:46:06,833][flwr][INFO] - Received initial parameters from one random client
[2024-08-13 11:46:06,833][flwr][INFO] - Evaluating initial global parameters
[2024-08-13 11:46:09,065][flwr][INFO] - initial parameters (loss, other metrics): 2.3025850929940455, {'accuracy': 0.098, 'precision': 0.009604000000000001, 'recall': 0.098, 'f1': 0.017493624772313296, 'confusion_matrix': array([[ 980,    0,    0,    0,    0,    0,    0,    0,    0,    0],
       [1135,    0,    0,    0,    0,    0,    0,    0,    0,    0],
       [1032,    0,    0,    0,    0,    0,    0,    0,    0,    0],
       [1010,    0,    0,    0,    0,    0,    0,    0,    0,    0],
       [ 982,    0,    0,    0,    0,    0,    0,    0,    0,    0],
       [ 892,    0,    0,    0,    0,    0,    0,    0,    0,    0],
       [ 958,    0,    0,    0,    0,    0,    0,    0,    0,    0],
       [1028,    0,    0,    0,    0,    0,    0,    0,    0,    0],
       [ 974,    0,    0,    0,    0,    0,    0,    0,    0,    0],
       [1009,    0,    0,    0,    0,    0,    0,    0,    0,    0]],
      dtype=int64)}
[2024-08-13 11:46:09,066][flwr][INFO] - 
[2024-08-13 11:46:09,066][flwr][INFO] - [ROUND 1]
[2024-08-13 11:46:09,066][flwr][INFO] - configure_fit: strategy sampled 10 clients (out of 10)
[2024-08-13 11:46:17,562][flwr][INFO] - aggregate_fit: received 10 results and 0 failures
[2024-08-13 11:46:17,565][flwr][WARNING] - No fit_metrics_aggregation_fn provided
[2024-08-13 11:46:19,682][flwr][INFO] - fit progress: (1, 0.8903700387411841, {'accuracy': 0.7195, 'precision': 0.7873431413978076, 'recall': 0.7195, 'f1': 0.6859667932860964, 'confusion_matrix': array([[ 956,    0,    1,    5,    0,    0,    6,    1,   11,    0],
       [   0, 1069,    5,    8,    0,    0,    4,    1,   48,    0],
       [  86,   34,  692,   79,    6,    0,   30,   15,   80,   10],
       [  31,   14,   15,  847,    0,    0,    9,   10,   74,   10],
       [  36,   11,    3,    1,  401,    0,   33,    4,   68,  425],
       [ 248,   64,    2,  237,    3,    5,   29,   17,  232,   55],
       [ 106,   16,   11,    2,    3,    0,  800,    1,   19,    0],
       [  32,   45,   12,    2,    1,    0,    1,  806,   67,   62],
       [  47,   14,    3,   98,    1,    0,   12,    6,  773,   20],
       [  51,   15,    3,   11,    7,    0,    2,   19,   55,  846]],
      dtype=int64)}, 10.617169500008458)
[2024-08-13 11:46:19,683][flwr][INFO] - configure_evaluate: no clients selected, skipping evaluation
[2024-08-13 11:46:19,683][flwr][INFO] - 
[2024-08-13 11:46:19,683][flwr][INFO] - [ROUND 2]
[2024-08-13 11:46:19,684][flwr][INFO] - configure_fit: strategy sampled 10 clients (out of 10)
[2024-08-13 11:46:26,140][flwr][INFO] - aggregate_fit: received 10 results and 0 failures
[2024-08-13 11:46:28,223][flwr][INFO] - fit progress: (2, 0.7068303079405883, {'accuracy': 0.8148, 'precision': 0.8238915498626972, 'recall': 0.8148, 'f1': 0.8085259472768997, 'confusion_matrix': array([[ 932,    0,    6,    4,    0,    2,   26,    1,    9,    0],
       [   0, 1080,   38,    5,    0,    0,    5,    1,    6,    0],
       [  32,   24,  842,   38,   23,    0,   23,   21,   27,    2],
       [   9,   13,   29,  881,    0,    5,   10,   17,   30,   16],
       [   8,   12,    7,    0,  858,    0,   32,    3,    8,   54],
       [  58,   58,   22,  199,   27,  402,   43,   32,   25,   26],
       [  41,   15,   24,    2,   12,   10,  852,    1,    1,    0],
       [  12,   43,   41,    0,   16,    0,    3,  880,    8,   25],
       [  25,   32,   30,  117,   12,    7,   21,   15,  682,   33],
       [  32,   19,    8,   14,  118,    1,    2,   64,   12,  739]],
      dtype=int64)}, 19.157795700011775)
[2024-08-13 11:46:28,224][flwr][INFO] - configure_evaluate: no clients selected, skipping evaluation
[2024-08-13 11:46:28,224][flwr][INFO] - 
[2024-08-13 11:46:28,224][flwr][INFO] - [ROUND 3]
[2024-08-13 11:46:28,225][flwr][INFO] - configure_fit: strategy sampled 10 clients (out of 10)
[2024-08-13 11:46:34,660][flwr][INFO] - aggregate_fit: received 10 results and 0 failures
[2024-08-13 11:46:36,738][flwr][INFO] - fit progress: (3, 0.671869576717029, {'accuracy': 0.8431, 'precision': 0.8444629031625558, 'recall': 0.8431, 'f1': 0.8426170405935415, 'confusion_matrix': array([[ 906,    0,    4,    1,    0,   33,   25,    1,   10,    0],
       [   0, 1069,   25,    1,    1,   10,    4,    0,   25,    0],
       [  23,   22,  825,   32,   21,    0,   24,   24,   54,    7],
       [   6,   11,   23,  797,    1,   64,    8,   15,   66,   19],
       [   7,    8,    2,    0,  799,    2,   26,    1,   16,  121],
       [  26,   47,    7,   58,   18,  651,   26,   15,   23,   21],
       [  25,   12,   19,    0,   13,   23,  862,    1,    3,    0],
       [   7,   40,   29,    0,   16,    0,    2,  860,   25,   49],
       [  10,   14,   12,   38,    9,   35,   17,    9,  794,   36],
       [  19,   12,    5,    5,   44,   14,    2,   20,   20,  868]],
      dtype=int64)}, 27.672637900002883)
[2024-08-13 11:46:36,739][flwr][INFO] - configure_evaluate: no clients selected, skipping evaluation
[2024-08-13 11:46:36,739][flwr][INFO] - 
[2024-08-13 11:46:36,739][flwr][INFO] - [ROUND 4]
[2024-08-13 11:46:36,740][flwr][INFO] - configure_fit: strategy sampled 10 clients (out of 10)
[2024-08-13 11:46:43,085][flwr][INFO] - aggregate_fit: received 10 results and 0 failures
[2024-08-13 11:46:45,166][flwr][INFO] - fit progress: (4, 0.6662000635087483, {'accuracy': 0.8274, 'precision': 0.8420184170398128, 'recall': 0.8274, 'f1': 0.8236717151486873, 'confusion_matrix': array([[ 924,    0,    5,   12,    3,    4,   26,    1,    5,    0],
       [   0, 1072,   34,   17,    1,    1,    5,    1,    4,    0],
       [  16,   15,  836,   62,   27,    0,   22,   30,   23,    1],
       [   4,    4,   16,  918,    2,   10,    8,   21,   16,   11],
       [   3,    8,    4,    0,  929,    1,   15,    4,    2,   16],
       [  17,   47,   12,  195,   40,  493,   32,   27,   14,   15],
       [  19,   10,   24,    3,   26,   13,  862,    1,    0,    0],
       [   3,   29,   39,    3,   20,    0,    1,  920,    1,   12],
       [  12,   28,   24,  160,   33,   11,   19,   19,  644,   24],
       [  22,   12,    7,   15,  179,    5,    2,   86,    5,  676]],
      dtype=int64)}, 36.10156320000533)
[2024-08-13 11:46:45,167][flwr][INFO] - configure_evaluate: no clients selected, skipping evaluation
[2024-08-13 11:46:45,167][flwr][INFO] - 
[2024-08-13 11:46:45,167][flwr][INFO] - [ROUND 5]
[2024-08-13 11:46:45,168][flwr][INFO] - configure_fit: strategy sampled 10 clients (out of 10)
[2024-08-13 11:46:51,936][flwr][INFO] - aggregate_fit: received 10 results and 0 failures
[2024-08-13 11:46:54,021][flwr][INFO] - fit progress: (5, 0.6405106544086733, {'accuracy': 0.854, 'precision': 0.8590044531336318, 'recall': 0.854, 'f1': 0.8540114585524483, 'confusion_matrix': array([[ 921,    0,    3,    1,    0,   16,   22,    1,   16,    0],
       [   0, 1076,   20,    2,    1,    5,    5,    0,   25,    1],
       [  15,   19,  842,   23,   15,    1,   23,   24,   57,   13],
       [   5,    7,   22,  793,    1,   57,    9,   16,   72,   28],
       [   6,    7,    2,    0,  762,    1,   24,    2,   17,  161],
       [  17,   39,    6,   35,   14,  682,   29,   12,   36,   22],
       [  17,   11,   19,    1,   11,   20,  874,    2,    3,    0],
       [   6,   34,   29,    0,   13,    0,    2,  862,   24,   58],
       [   6,   15,   11,   19,    6,   30,   17,    7,  826,   37],
       [  15,    9,    5,    5,   23,   11,    3,   16,   20,  902]],
      dtype=int64)}, 44.956352600012906)
[2024-08-13 11:46:54,022][flwr][INFO] - configure_evaluate: no clients selected, skipping evaluation
[2024-08-13 11:46:54,022][flwr][INFO] - 
[2024-08-13 11:46:54,023][flwr][INFO] - [ROUND 6]
[2024-08-13 11:46:54,023][flwr][INFO] - configure_fit: strategy sampled 10 clients (out of 10)
[2024-08-13 11:47:00,502][flwr][INFO] - aggregate_fit: received 10 results and 0 failures
[2024-08-13 11:47:02,593][flwr][INFO] - fit progress: (6, 0.6337357488463835, {'accuracy': 0.8478, 'precision': 0.8549979768758299, 'recall': 0.8478, 'f1': 0.8454726382685943, 'confusion_matrix': array([[ 933,    0,    1,    8,    3,   11,   19,    1,    4,    0],
       [   0, 1085,   21,   11,    1,    2,    5,    1,    9,    0],
       [  16,   16,  838,   47,   27,    0,   22,   34,   31,    1],
       [   4,    4,   13,  901,    1,   28,    8,   23,   18,   10],
       [   2,    6,    2,    0,  936,    2,   15,    2,    3,   14],
       [  15,   41,    7,  110,   32,  626,   27,   17,   10,    7],
       [  17,   11,   17,    2,   25,   20,  863,    2,    1,    0],
       [   3,   32,   33,    3,   20,    0,    1,  921,    5,   10],
       [  13,   32,   14,  110,   32,   29,   19,   19,  695,   11],
       [  24,   12,    5,   12,  165,   15,    1,   88,    7,  680]],
      dtype=int64)}, 53.52709000000323)
[2024-08-13 11:47:02,594][flwr][INFO] - configure_evaluate: no clients selected, skipping evaluation
[2024-08-13 11:47:02,594][flwr][INFO] - 
[2024-08-13 11:47:02,594][flwr][INFO] - [ROUND 7]
[2024-08-13 11:47:02,594][flwr][INFO] - configure_fit: strategy sampled 10 clients (out of 10)
[2024-08-13 11:47:09,034][flwr][INFO] - aggregate_fit: received 10 results and 0 failures
[2024-08-13 11:47:11,114][flwr][INFO] - fit progress: (7, 0.6182989529326398, {'accuracy': 0.86, 'precision': 0.8640029501913575, 'recall': 0.86, 'f1': 0.8596800971802319, 'confusion_matrix': array([[ 936,    0,    2,    1,    0,   11,   20,    1,    9,    0],
       [   0, 1080,   19,    3,    1,    4,    5,    0,   23,    0],
       [  14,   14,  850,   24,   14,    0,   23,   26,   54,   13],
       [   5,    6,   18,  836,    1,   38,    9,   16,   50,   31],
       [   3,    7,    4,    0,  772,    0,   24,    2,   16,  154],
       [  17,   40,    6,   54,   13,  657,   31,   12,   38,   24],
       [  16,   10,   19,    1,   12,   19,  876,    3,    2,    0],
       [   7,   31,   34,    0,   14,    0,    1,  862,   21,   58],
       [   8,   16,   12,   27,    7,   23,   16,    6,  819,   40],
       [  18,    9,    5,    6,   21,    8,    1,   14,   15,  912]],
      dtype=int64)}, 62.04963459999999)
[2024-08-13 11:47:11,115][flwr][INFO] - configure_evaluate: no clients selected, skipping evaluation
[2024-08-13 11:47:11,115][flwr][INFO] - 
[2024-08-13 11:47:11,115][flwr][INFO] - [ROUND 8]
[2024-08-13 11:47:11,116][flwr][INFO] - configure_fit: strategy sampled 10 clients (out of 10)
[2024-08-13 11:47:17,700][flwr][INFO] - aggregate_fit: received 10 results and 0 failures
[2024-08-13 11:47:19,799][flwr][INFO] - fit progress: (8, 0.6193216025695097, {'accuracy': 0.8514, 'precision': 0.8594587043384572, 'recall': 0.8514, 'f1': 0.8488399479497762, 'confusion_matrix': array([[ 940,    0,    1,    4,    2,   11,   17,    1,    4,    0],
       [   0, 1087,   19,    8,    1,    3,    5,    1,   11,    0],
       [  14,   16,  835,   44,   31,    0,   21,   36,   34,    1],
       [   4,    4,   13,  895,    1,   31,    8,   23,   26,    5],
       [   1,    5,    2,    0,  945,    2,   13,    3,    3,    8],
       [  14,   41,    3,   84,   32,  654,   30,   16,   13,    5],
       [  13,    9,   17,    2,   25,   19,  869,    3,    1,    0],
       [   3,   31,   34,    3,   22,    0,    1,  924,    6,    4],
       [  12,   33,   13,   76,   30,   34,   20,   19,  730,    7],
       [  22,   12,    5,   10,  201,   16,    1,   97,   10,  635]],
      dtype=int64)}, 70.73406430000614)
[2024-08-13 11:47:19,800][flwr][INFO] - configure_evaluate: no clients selected, skipping evaluation
[2024-08-13 11:47:19,800][flwr][INFO] - 
[2024-08-13 11:47:19,800][flwr][INFO] - [ROUND 9]
[2024-08-13 11:47:19,801][flwr][INFO] - configure_fit: strategy sampled 10 clients (out of 10)
[2024-08-13 11:47:26,623][flwr][INFO] - aggregate_fit: received 10 results and 0 failures
[2024-08-13 11:47:28,848][flwr][INFO] - fit progress: (9, 0.5988710889571648, {'accuracy': 0.8681, 'precision': 0.869991987975538, 'recall': 0.8681, 'f1': 0.8676006309172904, 'confusion_matrix': array([[ 938,    0,    4,    1,    1,    9,   19,    1,    7,    0],
       [   0, 1082,   19,    4,    1,    4,    5,    0,   20,    0],
       [  12,   13,  854,   30,   14,    0,   25,   26,   47,   11],
       [   5,    6,   16,  859,    1,   34,    9,   16,   38,   26],
       [   2,    6,    4,    0,  811,    1,   23,    2,   12,  121],
       [  14,   37,    4,   60,   14,  667,   30,   13,   31,   22],
       [  13,    8,   19,    1,   12,   18,  883,    3,    1,    0],
       [   7,   31,   34,    0,   14,    0,    1,  878,   13,   50],
       [  11,   17,   13,   30,    9,   23,   15,    8,  805,   43],
       [  18,    9,    5,    6,   27,    9,    1,   19,   11,  904]],
      dtype=int64)}, 79.78201580001041)
[2024-08-13 11:47:28,849][flwr][INFO] - configure_evaluate: no clients selected, skipping evaluation
[2024-08-13 11:47:28,849][flwr][INFO] - 
[2024-08-13 11:47:28,849][flwr][INFO] - [ROUND 10]
[2024-08-13 11:47:28,849][flwr][INFO] - configure_fit: strategy sampled 10 clients (out of 10)
[2024-08-13 11:47:35,596][flwr][INFO] - aggregate_fit: received 10 results and 0 failures
[2024-08-13 11:47:37,676][flwr][INFO] - fit progress: (10, 0.6048179778265119, {'accuracy': 0.8562, 'precision': 0.8649152912312585, 'recall': 0.8562, 'f1': 0.8536314323196255, 'confusion_matrix': array([[ 937,    1,    4,    1,    2,   10,   17,    2,    6,    0],
       [   0, 1088,   17,    4,    1,    5,    5,    1,   14,    0],
       [  12,   13,  839,   37,   33,    0,   20,   36,   41,    1],
       [   5,    5,   15,  882,    2,   35,    8,   22,   33,    3],
       [   1,    5,    2,    0,  947,    2,   13,    3,    4,    5],
       [  13,   31,    3,   69,   30,  676,   27,   16,   23,    4],
       [  13,    6,   17,    2,   28,   17,  871,    3,    1,    0],
       [   4,   25,   34,    3,   23,    0,    0,  927,    8,    4],
       [  13,   19,   14,   45,   27,   29,   15,   18,  791,    3],
       [  22,   10,    5,   10,  217,   16,    1,  108,   16,  604]],
      dtype=int64)}, 88.61082650000753)
[2024-08-13 11:47:37,677][flwr][INFO] - configure_evaluate: no clients selected, skipping evaluation
[2024-08-13 11:47:37,677][flwr][INFO] - 
[2024-08-13 11:47:37,677][flwr][INFO] - [SUMMARY]
[2024-08-13 11:47:37,677][flwr][INFO] - Run finished 10 round(s) in 88.61s
[2024-08-13 11:47:37,685][flwr][INFO] - 	History (loss, centralized):
[2024-08-13 11:47:37,685][flwr][INFO] - 		round 0: 2.3025850929940455
[2024-08-13 11:47:37,685][flwr][INFO] - 		round 1: 0.8903700387411841
[2024-08-13 11:47:37,685][flwr][INFO] - 		round 2: 0.7068303079405883
[2024-08-13 11:47:37,686][flwr][INFO] - 		round 3: 0.671869576717029
[2024-08-13 11:47:37,686][flwr][INFO] - 		round 4: 0.6662000635087483
[2024-08-13 11:47:37,686][flwr][INFO] - 		round 5: 0.6405106544086733
[2024-08-13 11:47:37,686][flwr][INFO] - 		round 6: 0.6337357488463835
[2024-08-13 11:47:37,686][flwr][INFO] - 		round 7: 0.6182989529326398
[2024-08-13 11:47:37,686][flwr][INFO] - 		round 8: 0.6193216025695097
[2024-08-13 11:47:37,686][flwr][INFO] - 		round 9: 0.5988710889571648
[2024-08-13 11:47:37,686][flwr][INFO] - 		round 10: 0.6048179778265119
[2024-08-13 11:47:37,686][flwr][INFO] - 	History (metrics, centralized):
[2024-08-13 11:47:37,686][flwr][INFO] - 	{'accuracy': [(0, 0.098),
[2024-08-13 11:47:37,686][flwr][INFO] - 	              (1, 0.7195),
[2024-08-13 11:47:37,686][flwr][INFO] - 	              (2, 0.8148),
[2024-08-13 11:47:37,686][flwr][INFO] - 	              (3, 0.8431),
[2024-08-13 11:47:37,686][flwr][INFO] - 	              (4, 0.8274),
[2024-08-13 11:47:37,686][flwr][INFO] - 	              (5, 0.854),
[2024-08-13 11:47:37,686][flwr][INFO] - 	              (6, 0.8478),
[2024-08-13 11:47:37,687][flwr][INFO] - 	              (7, 0.86),
[2024-08-13 11:47:37,687][flwr][INFO] - 	              (8, 0.8514),
[2024-08-13 11:47:37,687][flwr][INFO] - 	              (9, 0.8681),
[2024-08-13 11:47:37,687][flwr][INFO] - 	              (10, 0.8562)],
[2024-08-13 11:47:37,687][flwr][INFO] - 	 'confusion_matrix': [(0,
[2024-08-13 11:47:37,687][flwr][INFO] - 	                       array([[ 980,    0,    0,    0,    0,    0,    0,    0,    0,    0],
[2024-08-13 11:47:37,687][flwr][INFO] - 	       [1135,    0,    0,    0,    0,    0,    0,    0,    0,    0],
[2024-08-13 11:47:37,687][flwr][INFO] - 	       [1032,    0,    0,    0,    0,    0,    0,    0,    0,    0],
[2024-08-13 11:47:37,687][flwr][INFO] - 	       [1010,    0,    0,    0,    0,    0,    0,    0,    0,    0],
[2024-08-13 11:47:37,687][flwr][INFO] - 	       [ 982,    0,    0,    0,    0,    0,    0,    0,    0,    0],
[2024-08-13 11:47:37,687][flwr][INFO] - 	       [ 892,    0,    0,    0,    0,    0,    0,    0,    0,    0],
[2024-08-13 11:47:37,687][flwr][INFO] - 	       [ 958,    0,    0,    0,    0,    0,    0,    0,    0,    0],
[2024-08-13 11:47:37,687][flwr][INFO] - 	       [1028,    0,    0,    0,    0,    0,    0,    0,    0,    0],
[2024-08-13 11:47:37,687][flwr][INFO] - 	       [ 974,    0,    0,    0,    0,    0,    0,    0,    0,    0],
[2024-08-13 11:47:37,687][flwr][INFO] - 	       [1009,    0,    0,    0,    0,    0,    0,    0,    0,    0]],
[2024-08-13 11:47:37,687][flwr][INFO] - 	      dtype=int64)),
[2024-08-13 11:47:37,687][flwr][INFO] - 	                      (1,
[2024-08-13 11:47:37,688][flwr][INFO] - 	                       array([[ 956,    0,    1,    5,    0,    0,    6,    1,   11,    0],
[2024-08-13 11:47:37,688][flwr][INFO] - 	       [   0, 1069,    5,    8,    0,    0,    4,    1,   48,    0],
[2024-08-13 11:47:37,688][flwr][INFO] - 	       [  86,   34,  692,   79,    6,    0,   30,   15,   80,   10],
[2024-08-13 11:47:37,688][flwr][INFO] - 	       [  31,   14,   15,  847,    0,    0,    9,   10,   74,   10],
[2024-08-13 11:47:37,688][flwr][INFO] - 	       [  36,   11,    3,    1,  401,    0,   33,    4,   68,  425],
[2024-08-13 11:47:37,688][flwr][INFO] - 	       [ 248,   64,    2,  237,    3,    5,   29,   17,  232,   55],
[2024-08-13 11:47:37,688][flwr][INFO] - 	       [ 106,   16,   11,    2,    3,    0,  800,    1,   19,    0],
[2024-08-13 11:47:37,688][flwr][INFO] - 	       [  32,   45,   12,    2,    1,    0,    1,  806,   67,   62],
[2024-08-13 11:47:37,688][flwr][INFO] - 	       [  47,   14,    3,   98,    1,    0,   12,    6,  773,   20],
[2024-08-13 11:47:37,688][flwr][INFO] - 	       [  51,   15,    3,   11,    7,    0,    2,   19,   55,  846]],
[2024-08-13 11:47:37,688][flwr][INFO] - 	      dtype=int64)),
[2024-08-13 11:47:37,688][flwr][INFO] - 	                      (2,
[2024-08-13 11:47:37,688][flwr][INFO] - 	                       array([[ 932,    0,    6,    4,    0,    2,   26,    1,    9,    0],
[2024-08-13 11:47:37,688][flwr][INFO] - 	       [   0, 1080,   38,    5,    0,    0,    5,    1,    6,    0],
[2024-08-13 11:47:37,688][flwr][INFO] - 	       [  32,   24,  842,   38,   23,    0,   23,   21,   27,    2],
[2024-08-13 11:47:37,688][flwr][INFO] - 	       [   9,   13,   29,  881,    0,    5,   10,   17,   30,   16],
[2024-08-13 11:47:37,688][flwr][INFO] - 	       [   8,   12,    7,    0,  858,    0,   32,    3,    8,   54],
[2024-08-13 11:47:37,689][flwr][INFO] - 	       [  58,   58,   22,  199,   27,  402,   43,   32,   25,   26],
[2024-08-13 11:47:37,689][flwr][INFO] - 	       [  41,   15,   24,    2,   12,   10,  852,    1,    1,    0],
[2024-08-13 11:47:37,689][flwr][INFO] - 	       [  12,   43,   41,    0,   16,    0,    3,  880,    8,   25],
[2024-08-13 11:47:37,689][flwr][INFO] - 	       [  25,   32,   30,  117,   12,    7,   21,   15,  682,   33],
[2024-08-13 11:47:37,689][flwr][INFO] - 	       [  32,   19,    8,   14,  118,    1,    2,   64,   12,  739]],
[2024-08-13 11:47:37,689][flwr][INFO] - 	      dtype=int64)),
[2024-08-13 11:47:37,689][flwr][INFO] - 	                      (3,
[2024-08-13 11:47:37,689][flwr][INFO] - 	                       array([[ 906,    0,    4,    1,    0,   33,   25,    1,   10,    0],
[2024-08-13 11:47:37,689][flwr][INFO] - 	       [   0, 1069,   25,    1,    1,   10,    4,    0,   25,    0],
[2024-08-13 11:47:37,689][flwr][INFO] - 	       [  23,   22,  825,   32,   21,    0,   24,   24,   54,    7],
[2024-08-13 11:47:37,689][flwr][INFO] - 	       [   6,   11,   23,  797,    1,   64,    8,   15,   66,   19],
[2024-08-13 11:47:37,689][flwr][INFO] - 	       [   7,    8,    2,    0,  799,    2,   26,    1,   16,  121],
[2024-08-13 11:47:37,689][flwr][INFO] - 	       [  26,   47,    7,   58,   18,  651,   26,   15,   23,   21],
[2024-08-13 11:47:37,689][flwr][INFO] - 	       [  25,   12,   19,    0,   13,   23,  862,    1,    3,    0],
[2024-08-13 11:47:37,689][flwr][INFO] - 	       [   7,   40,   29,    0,   16,    0,    2,  860,   25,   49],
[2024-08-13 11:47:37,689][flwr][INFO] - 	       [  10,   14,   12,   38,    9,   35,   17,    9,  794,   36],
[2024-08-13 11:47:37,689][flwr][INFO] - 	       [  19,   12,    5,    5,   44,   14,    2,   20,   20,  868]],
[2024-08-13 11:47:37,690][flwr][INFO] - 	      dtype=int64)),
[2024-08-13 11:47:37,690][flwr][INFO] - 	                      (4,
[2024-08-13 11:47:37,690][flwr][INFO] - 	                       array([[ 924,    0,    5,   12,    3,    4,   26,    1,    5,    0],
[2024-08-13 11:47:37,690][flwr][INFO] - 	       [   0, 1072,   34,   17,    1,    1,    5,    1,    4,    0],
[2024-08-13 11:47:37,690][flwr][INFO] - 	       [  16,   15,  836,   62,   27,    0,   22,   30,   23,    1],
[2024-08-13 11:47:37,690][flwr][INFO] - 	       [   4,    4,   16,  918,    2,   10,    8,   21,   16,   11],
[2024-08-13 11:47:37,690][flwr][INFO] - 	       [   3,    8,    4,    0,  929,    1,   15,    4,    2,   16],
[2024-08-13 11:47:37,690][flwr][INFO] - 	       [  17,   47,   12,  195,   40,  493,   32,   27,   14,   15],
[2024-08-13 11:47:37,690][flwr][INFO] - 	       [  19,   10,   24,    3,   26,   13,  862,    1,    0,    0],
[2024-08-13 11:47:37,690][flwr][INFO] - 	       [   3,   29,   39,    3,   20,    0,    1,  920,    1,   12],
[2024-08-13 11:47:37,690][flwr][INFO] - 	       [  12,   28,   24,  160,   33,   11,   19,   19,  644,   24],
[2024-08-13 11:47:37,690][flwr][INFO] - 	       [  22,   12,    7,   15,  179,    5,    2,   86,    5,  676]],
[2024-08-13 11:47:37,690][flwr][INFO] - 	      dtype=int64)),
[2024-08-13 11:47:37,690][flwr][INFO] - 	                      (5,
[2024-08-13 11:47:37,690][flwr][INFO] - 	                       array([[ 921,    0,    3,    1,    0,   16,   22,    1,   16,    0],
[2024-08-13 11:47:37,690][flwr][INFO] - 	       [   0, 1076,   20,    2,    1,    5,    5,    0,   25,    1],
[2024-08-13 11:47:37,690][flwr][INFO] - 	       [  15,   19,  842,   23,   15,    1,   23,   24,   57,   13],
[2024-08-13 11:47:37,691][flwr][INFO] - 	       [   5,    7,   22,  793,    1,   57,    9,   16,   72,   28],
[2024-08-13 11:47:37,691][flwr][INFO] - 	       [   6,    7,    2,    0,  762,    1,   24,    2,   17,  161],
[2024-08-13 11:47:37,691][flwr][INFO] - 	       [  17,   39,    6,   35,   14,  682,   29,   12,   36,   22],
[2024-08-13 11:47:37,691][flwr][INFO] - 	       [  17,   11,   19,    1,   11,   20,  874,    2,    3,    0],
[2024-08-13 11:47:37,691][flwr][INFO] - 	       [   6,   34,   29,    0,   13,    0,    2,  862,   24,   58],
[2024-08-13 11:47:37,691][flwr][INFO] - 	       [   6,   15,   11,   19,    6,   30,   17,    7,  826,   37],
[2024-08-13 11:47:37,691][flwr][INFO] - 	       [  15,    9,    5,    5,   23,   11,    3,   16,   20,  902]],
[2024-08-13 11:47:37,691][flwr][INFO] - 	      dtype=int64)),
[2024-08-13 11:47:37,691][flwr][INFO] - 	                      (6,
[2024-08-13 11:47:37,691][flwr][INFO] - 	                       array([[ 933,    0,    1,    8,    3,   11,   19,    1,    4,    0],
[2024-08-13 11:47:37,691][flwr][INFO] - 	       [   0, 1085,   21,   11,    1,    2,    5,    1,    9,    0],
[2024-08-13 11:47:37,691][flwr][INFO] - 	       [  16,   16,  838,   47,   27,    0,   22,   34,   31,    1],
[2024-08-13 11:47:37,691][flwr][INFO] - 	       [   4,    4,   13,  901,    1,   28,    8,   23,   18,   10],
[2024-08-13 11:47:37,691][flwr][INFO] - 	       [   2,    6,    2,    0,  936,    2,   15,    2,    3,   14],
[2024-08-13 11:47:37,691][flwr][INFO] - 	       [  15,   41,    7,  110,   32,  626,   27,   17,   10,    7],
[2024-08-13 11:47:37,691][flwr][INFO] - 	       [  17,   11,   17,    2,   25,   20,  863,    2,    1,    0],
[2024-08-13 11:47:37,691][flwr][INFO] - 	       [   3,   32,   33,    3,   20,    0,    1,  921,    5,   10],
[2024-08-13 11:47:37,692][flwr][INFO] - 	       [  13,   32,   14,  110,   32,   29,   19,   19,  695,   11],
[2024-08-13 11:47:37,692][flwr][INFO] - 	       [  24,   12,    5,   12,  165,   15,    1,   88,    7,  680]],
[2024-08-13 11:47:37,692][flwr][INFO] - 	      dtype=int64)),
[2024-08-13 11:47:37,692][flwr][INFO] - 	                      (7,
[2024-08-13 11:47:37,692][flwr][INFO] - 	                       array([[ 936,    0,    2,    1,    0,   11,   20,    1,    9,    0],
[2024-08-13 11:47:37,692][flwr][INFO] - 	       [   0, 1080,   19,    3,    1,    4,    5,    0,   23,    0],
[2024-08-13 11:47:37,692][flwr][INFO] - 	       [  14,   14,  850,   24,   14,    0,   23,   26,   54,   13],
[2024-08-13 11:47:37,692][flwr][INFO] - 	       [   5,    6,   18,  836,    1,   38,    9,   16,   50,   31],
[2024-08-13 11:47:37,692][flwr][INFO] - 	       [   3,    7,    4,    0,  772,    0,   24,    2,   16,  154],
[2024-08-13 11:47:37,692][flwr][INFO] - 	       [  17,   40,    6,   54,   13,  657,   31,   12,   38,   24],
[2024-08-13 11:47:37,692][flwr][INFO] - 	       [  16,   10,   19,    1,   12,   19,  876,    3,    2,    0],
[2024-08-13 11:47:37,692][flwr][INFO] - 	       [   7,   31,   34,    0,   14,    0,    1,  862,   21,   58],
[2024-08-13 11:47:37,692][flwr][INFO] - 	       [   8,   16,   12,   27,    7,   23,   16,    6,  819,   40],
[2024-08-13 11:47:37,692][flwr][INFO] - 	       [  18,    9,    5,    6,   21,    8,    1,   14,   15,  912]],
[2024-08-13 11:47:37,692][flwr][INFO] - 	      dtype=int64)),
[2024-08-13 11:47:37,692][flwr][INFO] - 	                      (8,
[2024-08-13 11:47:37,693][flwr][INFO] - 	                       array([[ 940,    0,    1,    4,    2,   11,   17,    1,    4,    0],
[2024-08-13 11:47:37,693][flwr][INFO] - 	       [   0, 1087,   19,    8,    1,    3,    5,    1,   11,    0],
[2024-08-13 11:47:37,693][flwr][INFO] - 	       [  14,   16,  835,   44,   31,    0,   21,   36,   34,    1],
[2024-08-13 11:47:37,693][flwr][INFO] - 	       [   4,    4,   13,  895,    1,   31,    8,   23,   26,    5],
[2024-08-13 11:47:37,693][flwr][INFO] - 	       [   1,    5,    2,    0,  945,    2,   13,    3,    3,    8],
[2024-08-13 11:47:37,693][flwr][INFO] - 	       [  14,   41,    3,   84,   32,  654,   30,   16,   13,    5],
[2024-08-13 11:47:37,693][flwr][INFO] - 	       [  13,    9,   17,    2,   25,   19,  869,    3,    1,    0],
[2024-08-13 11:47:37,693][flwr][INFO] - 	       [   3,   31,   34,    3,   22,    0,    1,  924,    6,    4],
[2024-08-13 11:47:37,693][flwr][INFO] - 	       [  12,   33,   13,   76,   30,   34,   20,   19,  730,    7],
[2024-08-13 11:47:37,693][flwr][INFO] - 	       [  22,   12,    5,   10,  201,   16,    1,   97,   10,  635]],
[2024-08-13 11:47:37,693][flwr][INFO] - 	      dtype=int64)),
[2024-08-13 11:47:37,693][flwr][INFO] - 	                      (9,
[2024-08-13 11:47:37,693][flwr][INFO] - 	                       array([[ 938,    0,    4,    1,    1,    9,   19,    1,    7,    0],
[2024-08-13 11:47:37,693][flwr][INFO] - 	       [   0, 1082,   19,    4,    1,    4,    5,    0,   20,    0],
[2024-08-13 11:47:37,693][flwr][INFO] - 	       [  12,   13,  854,   30,   14,    0,   25,   26,   47,   11],
[2024-08-13 11:47:37,693][flwr][INFO] - 	       [   5,    6,   16,  859,    1,   34,    9,   16,   38,   26],
[2024-08-13 11:47:37,693][flwr][INFO] - 	       [   2,    6,    4,    0,  811,    1,   23,    2,   12,  121],
[2024-08-13 11:47:37,693][flwr][INFO] - 	       [  14,   37,    4,   60,   14,  667,   30,   13,   31,   22],
[2024-08-13 11:47:37,694][flwr][INFO] - 	       [  13,    8,   19,    1,   12,   18,  883,    3,    1,    0],
[2024-08-13 11:47:37,694][flwr][INFO] - 	       [   7,   31,   34,    0,   14,    0,    1,  878,   13,   50],
[2024-08-13 11:47:37,694][flwr][INFO] - 	       [  11,   17,   13,   30,    9,   23,   15,    8,  805,   43],
[2024-08-13 11:47:37,694][flwr][INFO] - 	       [  18,    9,    5,    6,   27,    9,    1,   19,   11,  904]],
[2024-08-13 11:47:37,694][flwr][INFO] - 	      dtype=int64)),
[2024-08-13 11:47:37,694][flwr][INFO] - 	                      (10,
[2024-08-13 11:47:37,694][flwr][INFO] - 	                       array([[ 937,    1,    4,    1,    2,   10,   17,    2,    6,    0],
[2024-08-13 11:47:37,694][flwr][INFO] - 	       [   0, 1088,   17,    4,    1,    5,    5,    1,   14,    0],
[2024-08-13 11:47:37,694][flwr][INFO] - 	       [  12,   13,  839,   37,   33,    0,   20,   36,   41,    1],
[2024-08-13 11:47:37,694][flwr][INFO] - 	       [   5,    5,   15,  882,    2,   35,    8,   22,   33,    3],
[2024-08-13 11:47:37,694][flwr][INFO] - 	       [   1,    5,    2,    0,  947,    2,   13,    3,    4,    5],
[2024-08-13 11:47:37,694][flwr][INFO] - 	       [  13,   31,    3,   69,   30,  676,   27,   16,   23,    4],
[2024-08-13 11:47:37,694][flwr][INFO] - 	       [  13,    6,   17,    2,   28,   17,  871,    3,    1,    0],
[2024-08-13 11:47:37,694][flwr][INFO] - 	       [   4,   25,   34,    3,   23,    0,    0,  927,    8,    4],
[2024-08-13 11:47:37,694][flwr][INFO] - 	       [  13,   19,   14,   45,   27,   29,   15,   18,  791,    3],
[2024-08-13 11:47:37,694][flwr][INFO] - 	       [  22,   10,    5,   10,  217,   16,    1,  108,   16,  604]],
[2024-08-13 11:47:37,694][flwr][INFO] - 	      dtype=int64))],
[2024-08-13 11:47:37,695][flwr][INFO] - 	 'f1': [(0, 0.017493624772313296),
[2024-08-13 11:47:37,695][flwr][INFO] - 	        (1, 0.6859667932860964),
[2024-08-13 11:47:37,695][flwr][INFO] - 	        (2, 0.8085259472768997),
[2024-08-13 11:47:37,695][flwr][INFO] - 	        (3, 0.8426170405935415),
[2024-08-13 11:47:37,695][flwr][INFO] - 	        (4, 0.8236717151486873),
[2024-08-13 11:47:37,695][flwr][INFO] - 	        (5, 0.8540114585524483),
[2024-08-13 11:47:37,695][flwr][INFO] - 	        (6, 0.8454726382685943),
[2024-08-13 11:47:37,695][flwr][INFO] - 	        (7, 0.8596800971802319),
[2024-08-13 11:47:37,695][flwr][INFO] - 	        (8, 0.8488399479497762),
[2024-08-13 11:47:37,695][flwr][INFO] - 	        (9, 0.8676006309172904),
[2024-08-13 11:47:37,695][flwr][INFO] - 	        (10, 0.8536314323196255)],
[2024-08-13 11:47:37,695][flwr][INFO] - 	 'precision': [(0, 0.009604000000000001),
[2024-08-13 11:47:37,695][flwr][INFO] - 	               (1, 0.7873431413978076),
[2024-08-13 11:47:37,695][flwr][INFO] - 	               (2, 0.8238915498626972),
[2024-08-13 11:47:37,695][flwr][INFO] - 	               (3, 0.8444629031625558),
[2024-08-13 11:47:37,695][flwr][INFO] - 	               (4, 0.8420184170398128),
[2024-08-13 11:47:37,695][flwr][INFO] - 	               (5, 0.8590044531336318),
[2024-08-13 11:47:37,695][flwr][INFO] - 	               (6, 0.8549979768758299),
[2024-08-13 11:47:37,696][flwr][INFO] - 	               (7, 0.8640029501913575),
[2024-08-13 11:47:37,696][flwr][INFO] - 	               (8, 0.8594587043384572),
[2024-08-13 11:47:37,696][flwr][INFO] - 	               (9, 0.869991987975538),
[2024-08-13 11:47:37,696][flwr][INFO] - 	               (10, 0.8649152912312585)],
[2024-08-13 11:47:37,696][flwr][INFO] - 	 'recall': [(0, 0.098),
[2024-08-13 11:47:37,696][flwr][INFO] - 	            (1, 0.7195),
[2024-08-13 11:47:37,696][flwr][INFO] - 	            (2, 0.8148),
[2024-08-13 11:47:37,696][flwr][INFO] - 	            (3, 0.8431),
[2024-08-13 11:47:37,696][flwr][INFO] - 	            (4, 0.8274),
[2024-08-13 11:47:37,696][flwr][INFO] - 	            (5, 0.854),
[2024-08-13 11:47:37,696][flwr][INFO] - 	            (6, 0.8478),
[2024-08-13 11:47:37,696][flwr][INFO] - 	            (7, 0.86),
[2024-08-13 11:47:37,696][flwr][INFO] - 	            (8, 0.8514),
[2024-08-13 11:47:37,696][flwr][INFO] - 	            (9, 0.8681),
[2024-08-13 11:47:37,696][flwr][INFO] - 	            (10, 0.8562)]}
[2024-08-13 11:47:37,696][flwr][INFO] - 
