[2024-08-13 14:22:29,597][flwr][INFO] - Starting Flower simulation, config: num_rounds=10, no round_timeout
[2024-08-13 14:22:33,808][flwr][INFO] - Flower VCE: Ray initialized with resources: {'object_store_memory': 2370181939.0, 'memory': 4740363879.0, 'node:127.0.0.1': 1.0, 'CPU': 16.0, 'GPU': 1.0, 'accelerator_type:G': 1.0, 'node:__internal_head__': 1.0}
[2024-08-13 14:22:33,808][flwr][INFO] - Optimize your simulation with Flower VCE: https://flower.ai/docs/framework/how-to-run-simulations.html
[2024-08-13 14:22:33,808][flwr][INFO] - Flower VCE: Resources for each Virtual Client: {'num_cpus': 2, 'num_gpus': 0.5}
[2024-08-13 14:22:33,819][flwr][INFO] - Flower VCE: Creating VirtualClientEngineActorPool with 2 actors
[2024-08-13 14:22:33,821][flwr][INFO] - [INIT]
[2024-08-13 14:22:33,821][flwr][INFO] - Requesting initial parameters from one random client
[2024-08-13 14:22:41,396][flwr][INFO] - Received initial parameters from one random client
[2024-08-13 14:22:41,396][flwr][INFO] - Evaluating initial global parameters
[2024-08-13 14:22:43,600][flwr][INFO] - initial parameters (loss, other metrics): 2.3025850929940455, {'accuracy': 0.098, 'precision': 0.009604000000000001, 'recall': 0.098, 'f1': 0.017493624772313296, 'confusion_matrix': array([[ 980,    0,    0,    0,    0,    0,    0,    0,    0,    0],
       [1135,    0,    0,    0,    0,    0,    0,    0,    0,    0],
       [1032,    0,    0,    0,    0,    0,    0,    0,    0,    0],
       [1010,    0,    0,    0,    0,    0,    0,    0,    0,    0],
       [ 982,    0,    0,    0,    0,    0,    0,    0,    0,    0],
       [ 892,    0,    0,    0,    0,    0,    0,    0,    0,    0],
       [ 958,    0,    0,    0,    0,    0,    0,    0,    0,    0],
       [1028,    0,    0,    0,    0,    0,    0,    0,    0,    0],
       [ 974,    0,    0,    0,    0,    0,    0,    0,    0,    0],
       [1009,    0,    0,    0,    0,    0,    0,    0,    0,    0]],
      dtype=int64)}
[2024-08-13 14:22:43,601][flwr][INFO] - 
[2024-08-13 14:22:43,601][flwr][INFO] - [ROUND 1]
[2024-08-13 14:22:43,601][flwr][INFO] - configure_fit: strategy sampled 10 clients (out of 100)
[2024-08-13 14:22:47,080][flwr][INFO] - aggregate_fit: received 10 results and 0 failures
[2024-08-13 14:22:47,083][flwr][WARNING] - No fit_metrics_aggregation_fn provided
[2024-08-13 14:22:49,191][flwr][INFO] - fit progress: (1, 0.9139523490813711, {'accuracy': 0.6998, 'precision': 0.789208957945537, 'recall': 0.6998, 'f1': 0.6712386385399757, 'confusion_matrix': array([[ 940,    0,    1,   18,    0,    0,    5,    1,   15,    0],
       [   0, 1065,    0,   15,    0,    0,    3,    0,   52,    0],
       [  70,   41,  548,  219,   10,    0,   21,    7,   97,   19],
       [   8,    6,    5,  935,    0,    0,    1,    2,   42,   11],
       [  14,   14,    1,    4,  393,    0,   19,    1,   80,  456],
       [  86,   61,    1,  378,    2,   27,    7,   11,  254,   65],
       [  90,   23,    9,   25,    6,    0,  778,    1,   26,    0],
       [  24,   50,    3,   13,    0,    0,    1,  712,   90,  135],
       [  21,   15,    0,  176,    1,    0,    1,    4,  740,   16],
       [  31,   17,    4,   22,   11,    0,    2,    7,   55,  860]],
      dtype=int64)}, 5.590033899992704)
[2024-08-13 14:22:49,192][flwr][INFO] - configure_evaluate: no clients selected, skipping evaluation
[2024-08-13 14:22:49,192][flwr][INFO] - 
[2024-08-13 14:22:49,192][flwr][INFO] - [ROUND 2]
[2024-08-13 14:22:49,192][flwr][INFO] - configure_fit: strategy sampled 10 clients (out of 100)
[2024-08-13 14:22:50,359][flwr][INFO] - aggregate_fit: received 10 results and 0 failures
[2024-08-13 14:22:52,441][flwr][INFO] - fit progress: (2, 0.7227380031212716, {'accuracy': 0.8188, 'precision': 0.8226142292034904, 'recall': 0.8188, 'f1': 0.815183834375088, 'confusion_matrix': array([[ 926,    0,    7,    1,    0,   16,   25,    1,    4,    0],
       [   0, 1081,   39,    2,    0,    4,    5,    1,    3,    0],
       [  28,   31,  868,   15,   23,    0,   28,   18,   21,    0],
       [  13,   16,   54,  817,    1,   27,   10,   20,   40,   12],
       [   6,   16,    8,    0,  870,    1,   26,    4,   10,   41],
       [  40,   55,   18,   90,   28,  570,   31,   31,   13,   16],
       [  36,   22,   28,    0,   11,   20,  840,    1,    0,    0],
       [   7,   47,   44,    0,   14,    0,    3,  890,    3,   20],
       [  25,   40,   50,   75,   14,   20,   19,   20,  687,   24],
       [  24,   20,    9,    8,  184,    6,    4,  106,    9,  639]],
      dtype=int64)}, 8.839844100002665)
[2024-08-13 14:22:52,442][flwr][INFO] - configure_evaluate: no clients selected, skipping evaluation
[2024-08-13 14:22:52,442][flwr][INFO] - 
[2024-08-13 14:22:52,442][flwr][INFO] - [ROUND 3]
[2024-08-13 14:22:52,442][flwr][INFO] - configure_fit: strategy sampled 10 clients (out of 100)
[2024-08-13 14:22:53,551][flwr][INFO] - aggregate_fit: received 10 results and 0 failures
[2024-08-13 14:22:55,620][flwr][INFO] - fit progress: (3, 0.6946336874314935, {'accuracy': 0.8157, 'precision': 0.8336070989889713, 'recall': 0.8157, 'f1': 0.8143195500915723, 'confusion_matrix': array([[ 907,    0,    0,    7,    2,   15,   22,    1,   22,    4],
       [   0, 1071,    1,   10,    0,    1,    5,    0,   47,    0],
       [  26,   29,  657,  125,   23,    0,   45,   22,   86,   19],
       [   5,    5,    7,  901,    1,   11,    8,   12,   37,   23],
       [   3,    8,    1,    0,  723,    0,   25,    0,   17,  205],
       [  21,   48,    0,  153,   17,  528,   29,   13,   39,   44],
       [  23,   12,    8,    3,   10,   24,  871,    1,    6,    0],
       [   6,   42,    8,    3,   11,    0,    4,  827,   32,   95],
       [   8,   15,    2,   90,    3,   12,   15,    4,  774,   51],
       [  17,   11,    4,   13,   25,    8,    4,   12,   17,  898]],
      dtype=int64)}, 12.020066600001883)
[2024-08-13 14:22:55,621][flwr][INFO] - configure_evaluate: no clients selected, skipping evaluation
[2024-08-13 14:22:55,621][flwr][INFO] - 
[2024-08-13 14:22:55,621][flwr][INFO] - [ROUND 4]
[2024-08-13 14:22:55,621][flwr][INFO] - configure_fit: strategy sampled 10 clients (out of 100)
[2024-08-13 14:22:56,744][flwr][INFO] - aggregate_fit: received 10 results and 0 failures
[2024-08-13 14:22:58,801][flwr][INFO] - fit progress: (4, 0.6977972800070111, {'accuracy': 0.8122, 'precision': 0.8345944667777718, 'recall': 0.8122, 'f1': 0.8024572503755654, 'confusion_matrix': array([[ 909,    0,    9,    1,    2,   32,   22,    2,    3,    0],
       [   0, 1076,   38,    2,    1,    7,    5,    1,    5,    0],
       [  13,   18,  886,   16,   28,    3,   18,   28,   22,    0],
       [   6,   11,   37,  800,    5,   74,   10,   26,   38,    3],
       [   1,   10,    4,    0,  940,    3,   13,    5,    4,    2],
       [  16,   44,   12,   30,   36,  696,   22,   21,   12,    3],
       [  18,   13,   34,    1,   25,   28,  838,    1,    0,    0],
       [   3,   34,   43,    0,   22,    0,    0,  920,    4,    2],
       [   7,   24,   42,   33,   29,   71,   17,   24,  725,    2],
       [  13,   14,    9,    5,  398,   31,    1,  193,   13,  332]],
      dtype=int64)}, 15.200924199991277)
[2024-08-13 14:22:58,802][flwr][INFO] - configure_evaluate: no clients selected, skipping evaluation
[2024-08-13 14:22:58,802][flwr][INFO] - 
[2024-08-13 14:22:58,802][flwr][INFO] - [ROUND 5]
[2024-08-13 14:22:58,803][flwr][INFO] - configure_fit: strategy sampled 10 clients (out of 100)
[2024-08-13 14:22:59,936][flwr][INFO] - aggregate_fit: received 10 results and 0 failures
[2024-08-13 14:23:02,052][flwr][INFO] - fit progress: (5, 0.669505215699345, {'accuracy': 0.8242, 'precision': 0.8427040254170364, 'recall': 0.8242, 'f1': 0.8232652458472048, 'confusion_matrix': array([[ 924,    0,    3,    6,    1,    7,   25,    1,   10,    3],
       [   0, 1081,   13,    9,    0,    1,    5,    0,   26,    0],
       [  16,   20,  799,   59,   12,    0,   31,   19,   52,   24],
       [   5,    4,   10,  890,    1,   14,   10,   12,   28,   36],
       [   5,    8,    1,    0,  646,    0,   30,    0,   12,  280],
       [  23,   52,    3,  139,   14,  523,   36,   13,   37,   52],
       [  17,   10,   16,    3,    9,   15,  883,    1,    4,    0],
       [   4,   37,   25,    3,   10,    0,    3,  807,   24,  115],
       [   9,   17,   10,   72,    3,   12,   19,    5,  762,   65],
       [  16,    9,    4,   11,   15,    3,    3,    8,   13,  927]],
      dtype=int64)}, 18.451591099990765)
[2024-08-13 14:23:02,052][flwr][INFO] - configure_evaluate: no clients selected, skipping evaluation
[2024-08-13 14:23:02,053][flwr][INFO] - 
[2024-08-13 14:23:02,053][flwr][INFO] - [ROUND 6]
[2024-08-13 14:23:02,053][flwr][INFO] - configure_fit: strategy sampled 10 clients (out of 100)
[2024-08-13 14:23:03,336][flwr][INFO] - aggregate_fit: received 10 results and 0 failures
[2024-08-13 14:23:05,417][flwr][INFO] - fit progress: (6, 0.6632872156012614, {'accuracy': 0.8237, 'precision': 0.8469167321763842, 'recall': 0.8237, 'f1': 0.812341293268242, 'confusion_matrix': array([[ 931,    0,    3,    1,    3,   17,   20,    2,    3,    0],
       [   0, 1084,   25,    2,    1,    6,    5,    0,   12,    0],
       [  15,   18,  862,   19,   32,    2,   21,   30,   33,    0],
       [   6,    9,   25,  830,    3,   63,   11,   22,   39,    2],
       [   1,    6,    2,    0,  946,    3,   14,    4,    4,    2],
       [  17,   36,    5,   28,   34,  716,   25,   16,   13,    2],
       [  16,   11,   21,    1,   24,   20,  864,    1,    0,    0],
       [   3,   33,   37,    0,   22,    0,    0,  922,   10,    1],
       [   7,   18,   21,   26,   25,   55,   19,   19,  783,    1],
       [  17,   13,    7,    5,  457,   36,    1,  152,   22,  299]],
      dtype=int64)}, 21.8167531999934)
[2024-08-13 14:23:05,418][flwr][INFO] - configure_evaluate: no clients selected, skipping evaluation
[2024-08-13 14:23:05,418][flwr][INFO] - 
[2024-08-13 14:23:05,418][flwr][INFO] - [ROUND 7]
[2024-08-13 14:23:05,419][flwr][INFO] - configure_fit: strategy sampled 10 clients (out of 100)
[2024-08-13 14:23:06,537][flwr][INFO] - aggregate_fit: received 10 results and 0 failures
[2024-08-13 14:23:08,636][flwr][INFO] - fit progress: (7, 0.6250838943264405, {'accuracy': 0.8533, 'precision': 0.860099056364724, 'recall': 0.8533, 'f1': 0.8524586755417142, 'confusion_matrix': array([[ 945,    0,    2,    1,    0,    5,   19,    1,    7,    0],
       [   0, 1084,   17,    5,    1,    2,    5,    0,   21,    0],
       [  17,   16,  828,   38,   14,    0,   30,   24,   51,   14],
       [   5,    3,   12,  874,    1,   26,   10,   16,   35,   28],
       [   3,    7,    2,    0,  744,    0,   31,    2,   10,  183],
       [  23,   40,    2,   86,   19,  606,   38,   12,   32,   34],
       [  17,    9,   16,    2,    9,   15,  888,    1,    1,    0],
       [   5,   35,   29,    2,   11,    0,    3,  853,   18,   72],
       [  13,   17,   10,   46,    4,   14,   19,    6,  793,   52],
       [  17,    9,    5,    6,   19,    7,    3,   14,   11,  918]],
      dtype=int64)}, 25.03576869999233)
[2024-08-13 14:23:08,637][flwr][INFO] - configure_evaluate: no clients selected, skipping evaluation
[2024-08-13 14:23:08,637][flwr][INFO] - 
[2024-08-13 14:23:08,637][flwr][INFO] - [ROUND 8]
[2024-08-13 14:23:08,637][flwr][INFO] - configure_fit: strategy sampled 10 clients (out of 100)
[2024-08-13 14:23:09,774][flwr][INFO] - aggregate_fit: received 10 results and 0 failures
[2024-08-13 14:23:11,985][flwr][INFO] - fit progress: (8, 0.6177182053749923, {'accuracy': 0.8481, 'precision': 0.8594373730822977, 'recall': 0.8481, 'f1': 0.8449936945339059, 'confusion_matrix': array([[ 933,    0,    6,    1,    4,   17,   15,    1,    3,    0],
       [   0, 1089,   24,    3,    1,    4,    5,    0,    9,    0],
       [  13,   20,  865,   21,   31,    2,   18,   31,   30,    1],
       [   5,    8,   23,  851,    2,   58,    8,   24,   27,    4],
       [   1,    7,    3,    0,  948,    2,   12,    2,    2,    5],
       [  14,   38,    5,   37,   33,  717,   20,   16,    9,    3],
       [  15,   11,   22,    1,   28,   22,  855,    3,    1,    0],
       [   3,   34,   38,    0,   19,    0,    0,  926,    4,    4],
       [   9,   33,   25,   38,   30,   56,   14,   21,  742,    6],
       [  13,   12,   10,    8,  266,   24,    1,  111,    9,  555]],
      dtype=int64)}, 28.384152099999483)
[2024-08-13 14:23:11,986][flwr][INFO] - configure_evaluate: no clients selected, skipping evaluation
[2024-08-13 14:23:11,986][flwr][INFO] - 
[2024-08-13 14:23:11,986][flwr][INFO] - [ROUND 9]
[2024-08-13 14:23:11,986][flwr][INFO] - configure_fit: strategy sampled 10 clients (out of 100)
[2024-08-13 14:23:13,097][flwr][INFO] - aggregate_fit: received 10 results and 0 failures
[2024-08-13 14:23:15,158][flwr][INFO] - fit progress: (9, 0.59892088097774, {'accuracy': 0.8542, 'precision': 0.8620584785456044, 'recall': 0.8542, 'f1': 0.8535135936070728, 'confusion_matrix': array([[ 944,    0,    3,    1,    2,    3,   18,    1,    8,    0],
       [   0, 1088,   10,    4,    1,    2,    5,    0,   25,    0],
       [  15,   17,  831,   32,   14,    0,   26,   25,   52,   20],
       [   5,    4,   13,  870,    1,   25,   10,   14,   39,   29],
       [   2,    7,    4,    0,  755,    0,   25,    1,   11,  177],
       [  23,   37,    2,   89,   20,  597,   37,   12,   38,   37],
       [  15,    9,   17,    1,   10,   15,  888,    1,    2,    0],
       [   3,   36,   30,    2,   12,    0,    1,  838,   17,   89],
       [   9,   17,    9,   40,    6,   13,   18,    5,  804,   53],
       [  18,    7,    4,    7,   18,    5,    1,   10,   12,  927]],
      dtype=int64)}, 31.558196799989673)
[2024-08-13 14:23:15,159][flwr][INFO] - configure_evaluate: no clients selected, skipping evaluation
[2024-08-13 14:23:15,159][flwr][INFO] - 
[2024-08-13 14:23:15,159][flwr][INFO] - [ROUND 10]
[2024-08-13 14:23:15,160][flwr][INFO] - configure_fit: strategy sampled 10 clients (out of 100)
[2024-08-13 14:23:16,420][flwr][INFO] - aggregate_fit: received 10 results and 0 failures
[2024-08-13 14:23:18,472][flwr][INFO] - fit progress: (10, 0.6046296455440346, {'accuracy': 0.8497, 'precision': 0.8618931000123948, 'recall': 0.8497, 'f1': 0.8459877154096511, 'confusion_matrix': array([[ 923,    1,    6,    1,    4,   19,   21,    2,    3,    0],
       [   0, 1090,   16,    4,    1,    5,    5,    0,   14,    0],
       [  11,   20,  846,   29,   34,    0,   19,   34,   38,    1],
       [   5,    6,   15,  877,    2,   45,    8,   23,   28,    1],
       [   1,    6,    2,    0,  949,    3,   13,    2,    2,    4],
       [   9,   28,    1,   53,   29,  718,   22,   15,   14,    3],
       [  13,    9,   16,    1,   25,   21,  870,    2,    1,    0],
       [   2,   32,   33,    4,   21,    0,    0,  928,    5,    3],
       [   5,   26,   14,   50,   28,   44,   17,   19,  769,    2],
       [  12,   11,    7,   10,  272,   31,    1,  124,   14,  527]],
      dtype=int64)}, 34.87163169999258)
[2024-08-13 14:23:18,473][flwr][INFO] - configure_evaluate: no clients selected, skipping evaluation
[2024-08-13 14:23:18,473][flwr][INFO] - 
[2024-08-13 14:23:18,473][flwr][INFO] - [SUMMARY]
[2024-08-13 14:23:18,473][flwr][INFO] - Run finished 10 round(s) in 34.87s
[2024-08-13 14:23:18,481][flwr][INFO] - 	History (loss, centralized):
[2024-08-13 14:23:18,482][flwr][INFO] - 		round 0: 2.3025850929940455
[2024-08-13 14:23:18,482][flwr][INFO] - 		round 1: 0.9139523490813711
[2024-08-13 14:23:18,482][flwr][INFO] - 		round 2: 0.7227380031212716
[2024-08-13 14:23:18,482][flwr][INFO] - 		round 3: 0.6946336874314935
[2024-08-13 14:23:18,482][flwr][INFO] - 		round 4: 0.6977972800070111
[2024-08-13 14:23:18,482][flwr][INFO] - 		round 5: 0.669505215699345
[2024-08-13 14:23:18,482][flwr][INFO] - 		round 6: 0.6632872156012614
[2024-08-13 14:23:18,482][flwr][INFO] - 		round 7: 0.6250838943264405
[2024-08-13 14:23:18,482][flwr][INFO] - 		round 8: 0.6177182053749923
[2024-08-13 14:23:18,482][flwr][INFO] - 		round 9: 0.59892088097774
[2024-08-13 14:23:18,482][flwr][INFO] - 		round 10: 0.6046296455440346
[2024-08-13 14:23:18,482][flwr][INFO] - 	History (metrics, centralized):
[2024-08-13 14:23:18,482][flwr][INFO] - 	{'accuracy': [(0, 0.098),
[2024-08-13 14:23:18,482][flwr][INFO] - 	              (1, 0.6998),
[2024-08-13 14:23:18,482][flwr][INFO] - 	              (2, 0.8188),
[2024-08-13 14:23:18,482][flwr][INFO] - 	              (3, 0.8157),
[2024-08-13 14:23:18,483][flwr][INFO] - 	              (4, 0.8122),
[2024-08-13 14:23:18,483][flwr][INFO] - 	              (5, 0.8242),
[2024-08-13 14:23:18,483][flwr][INFO] - 	              (6, 0.8237),
[2024-08-13 14:23:18,483][flwr][INFO] - 	              (7, 0.8533),
[2024-08-13 14:23:18,483][flwr][INFO] - 	              (8, 0.8481),
[2024-08-13 14:23:18,483][flwr][INFO] - 	              (9, 0.8542),
[2024-08-13 14:23:18,483][flwr][INFO] - 	              (10, 0.8497)],
[2024-08-13 14:23:18,483][flwr][INFO] - 	 'confusion_matrix': [(0,
[2024-08-13 14:23:18,483][flwr][INFO] - 	                       array([[ 980,    0,    0,    0,    0,    0,    0,    0,    0,    0],
[2024-08-13 14:23:18,483][flwr][INFO] - 	       [1135,    0,    0,    0,    0,    0,    0,    0,    0,    0],
[2024-08-13 14:23:18,483][flwr][INFO] - 	       [1032,    0,    0,    0,    0,    0,    0,    0,    0,    0],
[2024-08-13 14:23:18,483][flwr][INFO] - 	       [1010,    0,    0,    0,    0,    0,    0,    0,    0,    0],
[2024-08-13 14:23:18,483][flwr][INFO] - 	       [ 982,    0,    0,    0,    0,    0,    0,    0,    0,    0],
[2024-08-13 14:23:18,483][flwr][INFO] - 	       [ 892,    0,    0,    0,    0,    0,    0,    0,    0,    0],
[2024-08-13 14:23:18,483][flwr][INFO] - 	       [ 958,    0,    0,    0,    0,    0,    0,    0,    0,    0],
[2024-08-13 14:23:18,483][flwr][INFO] - 	       [1028,    0,    0,    0,    0,    0,    0,    0,    0,    0],
[2024-08-13 14:23:18,483][flwr][INFO] - 	       [ 974,    0,    0,    0,    0,    0,    0,    0,    0,    0],
[2024-08-13 14:23:18,484][flwr][INFO] - 	       [1009,    0,    0,    0,    0,    0,    0,    0,    0,    0]],
[2024-08-13 14:23:18,484][flwr][INFO] - 	      dtype=int64)),
[2024-08-13 14:23:18,484][flwr][INFO] - 	                      (1,
[2024-08-13 14:23:18,484][flwr][INFO] - 	                       array([[ 940,    0,    1,   18,    0,    0,    5,    1,   15,    0],
[2024-08-13 14:23:18,484][flwr][INFO] - 	       [   0, 1065,    0,   15,    0,    0,    3,    0,   52,    0],
[2024-08-13 14:23:18,484][flwr][INFO] - 	       [  70,   41,  548,  219,   10,    0,   21,    7,   97,   19],
[2024-08-13 14:23:18,484][flwr][INFO] - 	       [   8,    6,    5,  935,    0,    0,    1,    2,   42,   11],
[2024-08-13 14:23:18,484][flwr][INFO] - 	       [  14,   14,    1,    4,  393,    0,   19,    1,   80,  456],
[2024-08-13 14:23:18,484][flwr][INFO] - 	       [  86,   61,    1,  378,    2,   27,    7,   11,  254,   65],
[2024-08-13 14:23:18,484][flwr][INFO] - 	       [  90,   23,    9,   25,    6,    0,  778,    1,   26,    0],
[2024-08-13 14:23:18,484][flwr][INFO] - 	       [  24,   50,    3,   13,    0,    0,    1,  712,   90,  135],
[2024-08-13 14:23:18,484][flwr][INFO] - 	       [  21,   15,    0,  176,    1,    0,    1,    4,  740,   16],
[2024-08-13 14:23:18,484][flwr][INFO] - 	       [  31,   17,    4,   22,   11,    0,    2,    7,   55,  860]],
[2024-08-13 14:23:18,484][flwr][INFO] - 	      dtype=int64)),
[2024-08-13 14:23:18,484][flwr][INFO] - 	                      (2,
[2024-08-13 14:23:18,484][flwr][INFO] - 	                       array([[ 926,    0,    7,    1,    0,   16,   25,    1,    4,    0],
[2024-08-13 14:23:18,485][flwr][INFO] - 	       [   0, 1081,   39,    2,    0,    4,    5,    1,    3,    0],
[2024-08-13 14:23:18,485][flwr][INFO] - 	       [  28,   31,  868,   15,   23,    0,   28,   18,   21,    0],
[2024-08-13 14:23:18,485][flwr][INFO] - 	       [  13,   16,   54,  817,    1,   27,   10,   20,   40,   12],
[2024-08-13 14:23:18,485][flwr][INFO] - 	       [   6,   16,    8,    0,  870,    1,   26,    4,   10,   41],
[2024-08-13 14:23:18,485][flwr][INFO] - 	       [  40,   55,   18,   90,   28,  570,   31,   31,   13,   16],
[2024-08-13 14:23:18,485][flwr][INFO] - 	       [  36,   22,   28,    0,   11,   20,  840,    1,    0,    0],
[2024-08-13 14:23:18,485][flwr][INFO] - 	       [   7,   47,   44,    0,   14,    0,    3,  890,    3,   20],
[2024-08-13 14:23:18,486][flwr][INFO] - 	       [  25,   40,   50,   75,   14,   20,   19,   20,  687,   24],
[2024-08-13 14:23:18,486][flwr][INFO] - 	       [  24,   20,    9,    8,  184,    6,    4,  106,    9,  639]],
[2024-08-13 14:23:18,486][flwr][INFO] - 	      dtype=int64)),
[2024-08-13 14:23:18,486][flwr][INFO] - 	                      (3,
[2024-08-13 14:23:18,486][flwr][INFO] - 	                       array([[ 907,    0,    0,    7,    2,   15,   22,    1,   22,    4],
[2024-08-13 14:23:18,486][flwr][INFO] - 	       [   0, 1071,    1,   10,    0,    1,    5,    0,   47,    0],
[2024-08-13 14:23:18,486][flwr][INFO] - 	       [  26,   29,  657,  125,   23,    0,   45,   22,   86,   19],
[2024-08-13 14:23:18,486][flwr][INFO] - 	       [   5,    5,    7,  901,    1,   11,    8,   12,   37,   23],
[2024-08-13 14:23:18,486][flwr][INFO] - 	       [   3,    8,    1,    0,  723,    0,   25,    0,   17,  205],
[2024-08-13 14:23:18,486][flwr][INFO] - 	       [  21,   48,    0,  153,   17,  528,   29,   13,   39,   44],
[2024-08-13 14:23:18,486][flwr][INFO] - 	       [  23,   12,    8,    3,   10,   24,  871,    1,    6,    0],
[2024-08-13 14:23:18,486][flwr][INFO] - 	       [   6,   42,    8,    3,   11,    0,    4,  827,   32,   95],
[2024-08-13 14:23:18,486][flwr][INFO] - 	       [   8,   15,    2,   90,    3,   12,   15,    4,  774,   51],
[2024-08-13 14:23:18,486][flwr][INFO] - 	       [  17,   11,    4,   13,   25,    8,    4,   12,   17,  898]],
[2024-08-13 14:23:18,486][flwr][INFO] - 	      dtype=int64)),
[2024-08-13 14:23:18,486][flwr][INFO] - 	                      (4,
[2024-08-13 14:23:18,486][flwr][INFO] - 	                       array([[ 909,    0,    9,    1,    2,   32,   22,    2,    3,    0],
[2024-08-13 14:23:18,486][flwr][INFO] - 	       [   0, 1076,   38,    2,    1,    7,    5,    1,    5,    0],
[2024-08-13 14:23:18,487][flwr][INFO] - 	       [  13,   18,  886,   16,   28,    3,   18,   28,   22,    0],
[2024-08-13 14:23:18,487][flwr][INFO] - 	       [   6,   11,   37,  800,    5,   74,   10,   26,   38,    3],
[2024-08-13 14:23:18,487][flwr][INFO] - 	       [   1,   10,    4,    0,  940,    3,   13,    5,    4,    2],
[2024-08-13 14:23:18,487][flwr][INFO] - 	       [  16,   44,   12,   30,   36,  696,   22,   21,   12,    3],
[2024-08-13 14:23:18,487][flwr][INFO] - 	       [  18,   13,   34,    1,   25,   28,  838,    1,    0,    0],
[2024-08-13 14:23:18,487][flwr][INFO] - 	       [   3,   34,   43,    0,   22,    0,    0,  920,    4,    2],
[2024-08-13 14:23:18,487][flwr][INFO] - 	       [   7,   24,   42,   33,   29,   71,   17,   24,  725,    2],
[2024-08-13 14:23:18,487][flwr][INFO] - 	       [  13,   14,    9,    5,  398,   31,    1,  193,   13,  332]],
[2024-08-13 14:23:18,487][flwr][INFO] - 	      dtype=int64)),
[2024-08-13 14:23:18,487][flwr][INFO] - 	                      (5,
[2024-08-13 14:23:18,487][flwr][INFO] - 	                       array([[ 924,    0,    3,    6,    1,    7,   25,    1,   10,    3],
[2024-08-13 14:23:18,487][flwr][INFO] - 	       [   0, 1081,   13,    9,    0,    1,    5,    0,   26,    0],
[2024-08-13 14:23:18,487][flwr][INFO] - 	       [  16,   20,  799,   59,   12,    0,   31,   19,   52,   24],
[2024-08-13 14:23:18,487][flwr][INFO] - 	       [   5,    4,   10,  890,    1,   14,   10,   12,   28,   36],
[2024-08-13 14:23:18,487][flwr][INFO] - 	       [   5,    8,    1,    0,  646,    0,   30,    0,   12,  280],
[2024-08-13 14:23:18,487][flwr][INFO] - 	       [  23,   52,    3,  139,   14,  523,   36,   13,   37,   52],
[2024-08-13 14:23:18,487][flwr][INFO] - 	       [  17,   10,   16,    3,    9,   15,  883,    1,    4,    0],
[2024-08-13 14:23:18,488][flwr][INFO] - 	       [   4,   37,   25,    3,   10,    0,    3,  807,   24,  115],
[2024-08-13 14:23:18,488][flwr][INFO] - 	       [   9,   17,   10,   72,    3,   12,   19,    5,  762,   65],
[2024-08-13 14:23:18,488][flwr][INFO] - 	       [  16,    9,    4,   11,   15,    3,    3,    8,   13,  927]],
[2024-08-13 14:23:18,488][flwr][INFO] - 	      dtype=int64)),
[2024-08-13 14:23:18,488][flwr][INFO] - 	                      (6,
[2024-08-13 14:23:18,488][flwr][INFO] - 	                       array([[ 931,    0,    3,    1,    3,   17,   20,    2,    3,    0],
[2024-08-13 14:23:18,488][flwr][INFO] - 	       [   0, 1084,   25,    2,    1,    6,    5,    0,   12,    0],
[2024-08-13 14:23:18,488][flwr][INFO] - 	       [  15,   18,  862,   19,   32,    2,   21,   30,   33,    0],
[2024-08-13 14:23:18,488][flwr][INFO] - 	       [   6,    9,   25,  830,    3,   63,   11,   22,   39,    2],
[2024-08-13 14:23:18,488][flwr][INFO] - 	       [   1,    6,    2,    0,  946,    3,   14,    4,    4,    2],
[2024-08-13 14:23:18,488][flwr][INFO] - 	       [  17,   36,    5,   28,   34,  716,   25,   16,   13,    2],
[2024-08-13 14:23:18,488][flwr][INFO] - 	       [  16,   11,   21,    1,   24,   20,  864,    1,    0,    0],
[2024-08-13 14:23:18,488][flwr][INFO] - 	       [   3,   33,   37,    0,   22,    0,    0,  922,   10,    1],
[2024-08-13 14:23:18,488][flwr][INFO] - 	       [   7,   18,   21,   26,   25,   55,   19,   19,  783,    1],
[2024-08-13 14:23:18,488][flwr][INFO] - 	       [  17,   13,    7,    5,  457,   36,    1,  152,   22,  299]],
[2024-08-13 14:23:18,488][flwr][INFO] - 	      dtype=int64)),
[2024-08-13 14:23:18,488][flwr][INFO] - 	                      (7,
[2024-08-13 14:23:18,489][flwr][INFO] - 	                       array([[ 945,    0,    2,    1,    0,    5,   19,    1,    7,    0],
[2024-08-13 14:23:18,489][flwr][INFO] - 	       [   0, 1084,   17,    5,    1,    2,    5,    0,   21,    0],
[2024-08-13 14:23:18,489][flwr][INFO] - 	       [  17,   16,  828,   38,   14,    0,   30,   24,   51,   14],
[2024-08-13 14:23:18,489][flwr][INFO] - 	       [   5,    3,   12,  874,    1,   26,   10,   16,   35,   28],
[2024-08-13 14:23:18,489][flwr][INFO] - 	       [   3,    7,    2,    0,  744,    0,   31,    2,   10,  183],
[2024-08-13 14:23:18,489][flwr][INFO] - 	       [  23,   40,    2,   86,   19,  606,   38,   12,   32,   34],
[2024-08-13 14:23:18,489][flwr][INFO] - 	       [  17,    9,   16,    2,    9,   15,  888,    1,    1,    0],
[2024-08-13 14:23:18,489][flwr][INFO] - 	       [   5,   35,   29,    2,   11,    0,    3,  853,   18,   72],
[2024-08-13 14:23:18,489][flwr][INFO] - 	       [  13,   17,   10,   46,    4,   14,   19,    6,  793,   52],
[2024-08-13 14:23:18,489][flwr][INFO] - 	       [  17,    9,    5,    6,   19,    7,    3,   14,   11,  918]],
[2024-08-13 14:23:18,489][flwr][INFO] - 	      dtype=int64)),
[2024-08-13 14:23:18,489][flwr][INFO] - 	                      (8,
[2024-08-13 14:23:18,489][flwr][INFO] - 	                       array([[ 933,    0,    6,    1,    4,   17,   15,    1,    3,    0],
[2024-08-13 14:23:18,489][flwr][INFO] - 	       [   0, 1089,   24,    3,    1,    4,    5,    0,    9,    0],
[2024-08-13 14:23:18,489][flwr][INFO] - 	       [  13,   20,  865,   21,   31,    2,   18,   31,   30,    1],
[2024-08-13 14:23:18,489][flwr][INFO] - 	       [   5,    8,   23,  851,    2,   58,    8,   24,   27,    4],
[2024-08-13 14:23:18,489][flwr][INFO] - 	       [   1,    7,    3,    0,  948,    2,   12,    2,    2,    5],
[2024-08-13 14:23:18,489][flwr][INFO] - 	       [  14,   38,    5,   37,   33,  717,   20,   16,    9,    3],
[2024-08-13 14:23:18,490][flwr][INFO] - 	       [  15,   11,   22,    1,   28,   22,  855,    3,    1,    0],
[2024-08-13 14:23:18,490][flwr][INFO] - 	       [   3,   34,   38,    0,   19,    0,    0,  926,    4,    4],
[2024-08-13 14:23:18,490][flwr][INFO] - 	       [   9,   33,   25,   38,   30,   56,   14,   21,  742,    6],
[2024-08-13 14:23:18,490][flwr][INFO] - 	       [  13,   12,   10,    8,  266,   24,    1,  111,    9,  555]],
[2024-08-13 14:23:18,490][flwr][INFO] - 	      dtype=int64)),
[2024-08-13 14:23:18,490][flwr][INFO] - 	                      (9,
[2024-08-13 14:23:18,490][flwr][INFO] - 	                       array([[ 944,    0,    3,    1,    2,    3,   18,    1,    8,    0],
[2024-08-13 14:23:18,490][flwr][INFO] - 	       [   0, 1088,   10,    4,    1,    2,    5,    0,   25,    0],
[2024-08-13 14:23:18,490][flwr][INFO] - 	       [  15,   17,  831,   32,   14,    0,   26,   25,   52,   20],
[2024-08-13 14:23:18,490][flwr][INFO] - 	       [   5,    4,   13,  870,    1,   25,   10,   14,   39,   29],
[2024-08-13 14:23:18,490][flwr][INFO] - 	       [   2,    7,    4,    0,  755,    0,   25,    1,   11,  177],
[2024-08-13 14:23:18,490][flwr][INFO] - 	       [  23,   37,    2,   89,   20,  597,   37,   12,   38,   37],
[2024-08-13 14:23:18,490][flwr][INFO] - 	       [  15,    9,   17,    1,   10,   15,  888,    1,    2,    0],
[2024-08-13 14:23:18,490][flwr][INFO] - 	       [   3,   36,   30,    2,   12,    0,    1,  838,   17,   89],
[2024-08-13 14:23:18,490][flwr][INFO] - 	       [   9,   17,    9,   40,    6,   13,   18,    5,  804,   53],
[2024-08-13 14:23:18,490][flwr][INFO] - 	       [  18,    7,    4,    7,   18,    5,    1,   10,   12,  927]],
[2024-08-13 14:23:18,490][flwr][INFO] - 	      dtype=int64)),
[2024-08-13 14:23:18,491][flwr][INFO] - 	                      (10,
[2024-08-13 14:23:18,491][flwr][INFO] - 	                       array([[ 923,    1,    6,    1,    4,   19,   21,    2,    3,    0],
[2024-08-13 14:23:18,491][flwr][INFO] - 	       [   0, 1090,   16,    4,    1,    5,    5,    0,   14,    0],
[2024-08-13 14:23:18,491][flwr][INFO] - 	       [  11,   20,  846,   29,   34,    0,   19,   34,   38,    1],
[2024-08-13 14:23:18,491][flwr][INFO] - 	       [   5,    6,   15,  877,    2,   45,    8,   23,   28,    1],
[2024-08-13 14:23:18,491][flwr][INFO] - 	       [   1,    6,    2,    0,  949,    3,   13,    2,    2,    4],
[2024-08-13 14:23:18,491][flwr][INFO] - 	       [   9,   28,    1,   53,   29,  718,   22,   15,   14,    3],
[2024-08-13 14:23:18,491][flwr][INFO] - 	       [  13,    9,   16,    1,   25,   21,  870,    2,    1,    0],
[2024-08-13 14:23:18,491][flwr][INFO] - 	       [   2,   32,   33,    4,   21,    0,    0,  928,    5,    3],
[2024-08-13 14:23:18,491][flwr][INFO] - 	       [   5,   26,   14,   50,   28,   44,   17,   19,  769,    2],
[2024-08-13 14:23:18,491][flwr][INFO] - 	       [  12,   11,    7,   10,  272,   31,    1,  124,   14,  527]],
[2024-08-13 14:23:18,491][flwr][INFO] - 	      dtype=int64))],
[2024-08-13 14:23:18,491][flwr][INFO] - 	 'f1': [(0, 0.017493624772313296),
[2024-08-13 14:23:18,491][flwr][INFO] - 	        (1, 0.6712386385399757),
[2024-08-13 14:23:18,491][flwr][INFO] - 	        (2, 0.815183834375088),
[2024-08-13 14:23:18,491][flwr][INFO] - 	        (3, 0.8143195500915723),
[2024-08-13 14:23:18,491][flwr][INFO] - 	        (4, 0.8024572503755654),
[2024-08-13 14:23:18,492][flwr][INFO] - 	        (5, 0.8232652458472048),
[2024-08-13 14:23:18,492][flwr][INFO] - 	        (6, 0.812341293268242),
[2024-08-13 14:23:18,492][flwr][INFO] - 	        (7, 0.8524586755417142),
[2024-08-13 14:23:18,492][flwr][INFO] - 	        (8, 0.8449936945339059),
[2024-08-13 14:23:18,492][flwr][INFO] - 	        (9, 0.8535135936070728),
[2024-08-13 14:23:18,492][flwr][INFO] - 	        (10, 0.8459877154096511)],
[2024-08-13 14:23:18,492][flwr][INFO] - 	 'precision': [(0, 0.009604000000000001),
[2024-08-13 14:23:18,492][flwr][INFO] - 	               (1, 0.789208957945537),
[2024-08-13 14:23:18,492][flwr][INFO] - 	               (2, 0.8226142292034904),
[2024-08-13 14:23:18,492][flwr][INFO] - 	               (3, 0.8336070989889713),
[2024-08-13 14:23:18,492][flwr][INFO] - 	               (4, 0.8345944667777718),
[2024-08-13 14:23:18,492][flwr][INFO] - 	               (5, 0.8427040254170364),
[2024-08-13 14:23:18,492][flwr][INFO] - 	               (6, 0.8469167321763842),
[2024-08-13 14:23:18,492][flwr][INFO] - 	               (7, 0.860099056364724),
[2024-08-13 14:23:18,492][flwr][INFO] - 	               (8, 0.8594373730822977),
[2024-08-13 14:23:18,492][flwr][INFO] - 	               (9, 0.8620584785456044),
[2024-08-13 14:23:18,492][flwr][INFO] - 	               (10, 0.8618931000123948)],
[2024-08-13 14:23:18,493][flwr][INFO] - 	 'recall': [(0, 0.098),
[2024-08-13 14:23:18,493][flwr][INFO] - 	            (1, 0.6998),
[2024-08-13 14:23:18,493][flwr][INFO] - 	            (2, 0.8188),
[2024-08-13 14:23:18,493][flwr][INFO] - 	            (3, 0.8157),
[2024-08-13 14:23:18,493][flwr][INFO] - 	            (4, 0.8122),
[2024-08-13 14:23:18,493][flwr][INFO] - 	            (5, 0.8242),
[2024-08-13 14:23:18,493][flwr][INFO] - 	            (6, 0.8237),
[2024-08-13 14:23:18,493][flwr][INFO] - 	            (7, 0.8533),
[2024-08-13 14:23:18,493][flwr][INFO] - 	            (8, 0.8481),
[2024-08-13 14:23:18,493][flwr][INFO] - 	            (9, 0.8542),
[2024-08-13 14:23:18,493][flwr][INFO] - 	            (10, 0.8497)]}
[2024-08-13 14:23:18,493][flwr][INFO] - 
