[2024-08-13 15:43:14,896][flwr][INFO] - Starting Flower simulation, config: num_rounds=10, no round_timeout
[2024-08-13 15:43:19,059][flwr][INFO] - Flower VCE: Ray initialized with resources: {'object_store_memory': 2499107635.0, 'memory': 4998215271.0, 'node:127.0.0.1': 1.0, 'GPU': 1.0, 'accelerator_type:G': 1.0, 'node:__internal_head__': 1.0, 'CPU': 16.0}
[2024-08-13 15:43:19,059][flwr][INFO] - Optimize your simulation with Flower VCE: https://flower.ai/docs/framework/how-to-run-simulations.html
[2024-08-13 15:43:19,059][flwr][INFO] - Flower VCE: Resources for each Virtual Client: {'num_cpus': 2, 'num_gpus': 0.5}
[2024-08-13 15:43:19,072][flwr][INFO] - Flower VCE: Creating VirtualClientEngineActorPool with 2 actors
[2024-08-13 15:43:19,075][flwr][INFO] - [INIT]
[2024-08-13 15:43:19,075][flwr][INFO] - Requesting initial parameters from one random client
[2024-08-13 15:43:26,389][flwr][INFO] - Received initial parameters from one random client
[2024-08-13 15:43:26,389][flwr][INFO] - Evaluating initial global parameters
[2024-08-13 15:43:28,629][flwr][INFO] - initial parameters (loss, other metrics): 2.3025850929940455, {'accuracy': 0.098, 'precision': 0.009604000000000001, 'recall': 0.098, 'f1': 0.017493624772313296, 'confusion_matrix': array([[ 980,    0,    0,    0,    0,    0,    0,    0,    0,    0],
       [1135,    0,    0,    0,    0,    0,    0,    0,    0,    0],
       [1032,    0,    0,    0,    0,    0,    0,    0,    0,    0],
       [1010,    0,    0,    0,    0,    0,    0,    0,    0,    0],
       [ 982,    0,    0,    0,    0,    0,    0,    0,    0,    0],
       [ 892,    0,    0,    0,    0,    0,    0,    0,    0,    0],
       [ 958,    0,    0,    0,    0,    0,    0,    0,    0,    0],
       [1028,    0,    0,    0,    0,    0,    0,    0,    0,    0],
       [ 974,    0,    0,    0,    0,    0,    0,    0,    0,    0],
       [1009,    0,    0,    0,    0,    0,    0,    0,    0,    0]],
      dtype=int64)}
[2024-08-13 15:43:28,630][flwr][INFO] - 
[2024-08-13 15:43:28,630][flwr][INFO] - [ROUND 1]
[2024-08-13 15:43:28,631][flwr][INFO] - configure_fit: strategy sampled 10 clients (out of 100)
[2024-08-13 15:43:32,168][flwr][INFO] - aggregate_fit: received 10 results and 0 failures
[2024-08-13 15:43:32,171][flwr][WARNING] - No fit_metrics_aggregation_fn provided
[2024-08-13 15:43:34,245][flwr][INFO] - fit progress: (1, 0.9577629184324338, {'accuracy': 0.7006, 'precision': 0.7016735293149472, 'recall': 0.7006, 'f1': 0.6666141811205398, 'confusion_matrix': array([[ 932,    0,    2,    7,    0,    0,   19,    0,   19,    1],
       [   0, 1025,   10,    9,    0,    0,    4,    0,   86,    1],
       [  60,   14,  718,   83,    4,    0,   41,    5,   93,   14],
       [  12,    5,   15,  868,    0,    0,   11,    2,   83,   14],
       [  16,    6,    2,    1,  342,    0,   52,    0,   64,  499],
       [ 108,   43,    6,  277,    1,    0,   58,    3,  326,   70],
       [  59,    9,   13,    2,    3,    0,  852,    0,   19,    1],
       [  32,   34,   18,    3,    1,    0,    2,  566,  101,  271],
       [  24,    4,    4,   84,    1,    0,   15,    0,  819,   23],
       [  35,    7,    3,   11,    5,    0,    3,    2,   59,  884]],
      dtype=int64)}, 5.614813999985927)
[2024-08-13 15:43:34,246][flwr][INFO] - configure_evaluate: no clients selected, skipping evaluation
[2024-08-13 15:43:34,246][flwr][INFO] - 
[2024-08-13 15:43:34,246][flwr][INFO] - [ROUND 2]
[2024-08-13 15:43:34,247][flwr][INFO] - configure_fit: strategy sampled 10 clients (out of 100)
[2024-08-13 15:43:35,457][flwr][INFO] - aggregate_fit: received 10 results and 0 failures
[2024-08-13 15:43:37,535][flwr][INFO] - fit progress: (2, 0.7392087711670529, {'accuracy': 0.7904, 'precision': 0.8102667380840228, 'recall': 0.7904, 'f1': 0.7784258285320308, 'confusion_matrix': array([[ 917,    0,    6,   10,    1,    0,   38,    1,    7,    0],
       [   0, 1079,   38,    9,    0,    0,    6,    1,    2,    0],
       [  26,   19,  840,   54,   25,    0,   27,   16,   24,    1],
       [   5,   11,   29,  900,    2,    2,   13,   14,   23,   11],
       [   7,   13,    7,    0,  877,    0,   36,    5,    7,   30],
       [  55,   66,   21,  268,   37,  282,   56,   40,   39,   28],
       [  32,   11,   21,    2,   16,    4,  871,    1,    0,    0],
       [   8,   44,   47,    0,   24,    0,    3,  875,    5,   22],
       [  24,   34,   31,  147,   16,    2,   30,   13,  652,   25],
       [  28,   19,    6,   15,  238,    1,    6,   76,    9,  611]],
      dtype=int64)}, 8.905114599998342)
[2024-08-13 15:43:37,536][flwr][INFO] - configure_evaluate: no clients selected, skipping evaluation
[2024-08-13 15:43:37,536][flwr][INFO] - 
[2024-08-13 15:43:37,536][flwr][INFO] - [ROUND 3]
[2024-08-13 15:43:37,537][flwr][INFO] - configure_fit: strategy sampled 10 clients (out of 100)
[2024-08-13 15:43:38,697][flwr][INFO] - aggregate_fit: received 10 results and 0 failures
[2024-08-13 15:43:40,784][flwr][INFO] - fit progress: (3, 0.6878834624039631, {'accuracy': 0.8368, 'precision': 0.8416982455708467, 'recall': 0.8368, 'f1': 0.8360932008640675, 'confusion_matrix': array([[ 907,    0,    5,    1,    0,   15,   31,    1,   20,    0],
       [   0, 1078,   24,    2,    0,    3,    5,    1,   21,    1],
       [  23,   20,  832,   34,   20,    0,   25,   14,   53,   11],
       [   5,   12,   24,  808,    0,   40,   10,   13,   70,   28],
       [   7,    9,    5,    0,  748,    1,   30,    2,   11,  169],
       [  26,   53,   10,   71,   15,  603,   32,   17,   32,   33],
       [  25,   13,   18,    2,   10,   18,  867,    1,    4,    0],
       [   7,   40,   32,    0,   15,    0,    2,  840,   22,   70],
       [  14,   15,   12,   41,    5,   17,   17,    7,  804,   42],
       [  21,   14,    5,    5,   33,    9,    2,   19,   20,  881]],
      dtype=int64)}, 12.154168499997468)
[2024-08-13 15:43:40,785][flwr][INFO] - configure_evaluate: no clients selected, skipping evaluation
[2024-08-13 15:43:40,785][flwr][INFO] - 
[2024-08-13 15:43:40,785][flwr][INFO] - [ROUND 4]
[2024-08-13 15:43:40,786][flwr][INFO] - configure_fit: strategy sampled 10 clients (out of 100)
[2024-08-13 15:43:41,942][flwr][INFO] - aggregate_fit: received 10 results and 0 failures
[2024-08-13 15:43:44,023][flwr][INFO] - fit progress: (4, 0.6679331358757689, {'accuracy': 0.8279, 'precision': 0.8401774033538976, 'recall': 0.8279, 'f1': 0.8237149303373144, 'confusion_matrix': array([[ 925,    0,    4,    9,    0,    9,   19,    2,   12,    0],
       [   0, 1071,   27,   11,    1,    2,    5,    1,   17,    0],
       [  20,   17,  814,   59,   31,    0,   21,   29,   41,    0],
       [   4,    4,   18,  897,    1,   23,    8,   23,   29,    3],
       [   4,    8,    3,    0,  924,    2,   14,    5,    8,   14],
       [  18,   44,    8,  145,   30,  563,   26,   27,   26,    5],
       [  21,   11,   17,    4,   27,   18,  856,    1,    3,    0],
       [   4,   30,   29,    3,   19,    0,    1,  923,   13,    6],
       [  12,   16,   12,  108,   18,   13,   16,   21,  754,    4],
       [  19,   14,    6,   13,  237,   12,    1,  138,   17,  552]],
      dtype=int64)}, 15.392293799988693)
[2024-08-13 15:43:44,023][flwr][INFO] - configure_evaluate: no clients selected, skipping evaluation
[2024-08-13 15:43:44,023][flwr][INFO] - 
[2024-08-13 15:43:44,024][flwr][INFO] - [ROUND 5]
[2024-08-13 15:43:44,024][flwr][INFO] - configure_fit: strategy sampled 10 clients (out of 100)
[2024-08-13 15:43:45,182][flwr][INFO] - aggregate_fit: received 10 results and 0 failures
[2024-08-13 15:43:47,269][flwr][INFO] - fit progress: (5, 0.6402497753170698, {'accuracy': 0.8518, 'precision': 0.8558558106743082, 'recall': 0.8518, 'f1': 0.8514470424905054, 'confusion_matrix': array([[ 921,    0,    3,    3,    0,   14,   25,    1,   12,    1],
       [   0, 1082,   21,    4,    1,    3,    5,    1,   17,    1],
       [  20,   14,  835,   36,   16,    0,   23,   25,   47,   16],
       [   5,    7,   21,  836,    1,   47,    9,   14,   36,   34],
       [   5,    9,    3,    0,  754,    0,   23,    3,    7,  178],
       [  19,   45,    7,   57,   13,  654,   29,   15,   25,   28],
       [  18,   11,   16,    2,   11,   20,  877,    1,    2,    0],
       [   4,   35,   33,    0,   14,    0,    3,  869,   13,   57],
       [   9,   19,   13,   40,    6,   25,   18,    7,  789,   48],
       [  14,   11,    5,    6,   25,   13,    2,   21,   11,  901]],
      dtype=int64)}, 18.63846219998959)
[2024-08-13 15:43:47,270][flwr][INFO] - configure_evaluate: no clients selected, skipping evaluation
[2024-08-13 15:43:47,270][flwr][INFO] - 
[2024-08-13 15:43:47,270][flwr][INFO] - [ROUND 6]
[2024-08-13 15:43:47,270][flwr][INFO] - configure_fit: strategy sampled 10 clients (out of 100)
[2024-08-13 15:43:48,565][flwr][INFO] - aggregate_fit: received 10 results and 0 failures
[2024-08-13 15:43:50,652][flwr][INFO] - fit progress: (6, 0.6463208827866337, {'accuracy': 0.8252, 'precision': 0.8460042652661713, 'recall': 0.8252, 'f1': 0.8177542230469792, 'confusion_matrix': array([[ 930,    0,    2,    4,    3,   14,   21,    1,    5,    0],
       [   0, 1084,   28,    4,    1,    3,    5,    1,    9,    0],
       [  15,   15,  846,   40,   36,    0,   20,   30,   30,    0],
       [   5,    4,   19,  876,    4,   38,    9,   26,   25,    4],
       [   1,    7,    2,    0,  949,    2,   12,    3,    3,    3],
       [  17,   38,    6,   82,   44,  641,   27,   21,   13,    3],
       [  15,    9,   15,    2,   34,   20,  861,    1,    1,    0],
       [   3,   29,   36,    2,   23,    0,    1,  931,    2,    1],
       [  12,   26,   17,   70,   34,   27,   19,   23,  743,    3],
       [  17,   11,    6,    9,  403,   17,    2,  146,    7,  391]],
      dtype=int64)}, 22.0215615999914)
[2024-08-13 15:43:50,653][flwr][INFO] - configure_evaluate: no clients selected, skipping evaluation
[2024-08-13 15:43:50,653][flwr][INFO] - 
[2024-08-13 15:43:50,653][flwr][INFO] - [ROUND 7]
[2024-08-13 15:43:50,653][flwr][INFO] - configure_fit: strategy sampled 10 clients (out of 100)
[2024-08-13 15:43:51,816][flwr][INFO] - aggregate_fit: received 10 results and 0 failures
[2024-08-13 15:43:53,940][flwr][INFO] - fit progress: (7, 0.6112157740320007, {'accuracy': 0.8621, 'precision': 0.8651198700251833, 'recall': 0.8621, 'f1': 0.8617254740691298, 'confusion_matrix': array([[ 938,    0,    2,    1,    0,   12,   18,    1,    8,    0],
       [   0, 1081,   21,    4,    1,    2,    5,    1,   20,    0],
       [  14,   15,  848,   32,   13,    0,   22,   27,   46,   15],
       [   5,    4,   17,  849,    1,   44,    9,   16,   36,   29],
       [   4,    7,    3,    0,  779,    0,   19,    2,   11,  157],
       [  19,   38,    6,   54,   13,  662,   29,   13,   33,   25],
       [  18,    9,   16,    2,   13,   20,  877,    1,    2,    0],
       [   3,   31,   34,    0,   14,    0,    1,  879,   14,   52],
       [  10,   16,   15,   31,    6,   24,   16,    8,  803,   45],
       [  17,    9,    5,    6,   24,    9,    2,   21,   11,  905]],
      dtype=int64)}, 25.30961009999737)
[2024-08-13 15:43:53,941][flwr][INFO] - configure_evaluate: no clients selected, skipping evaluation
[2024-08-13 15:43:53,941][flwr][INFO] - 
[2024-08-13 15:43:53,941][flwr][INFO] - [ROUND 8]
[2024-08-13 15:43:53,941][flwr][INFO] - configure_fit: strategy sampled 10 clients (out of 100)
[2024-08-13 15:43:55,094][flwr][INFO] - aggregate_fit: received 10 results and 0 failures
[2024-08-13 15:43:57,314][flwr][INFO] - fit progress: (8, 0.605668839319141, {'accuracy': 0.8555, 'precision': 0.8626593547149071, 'recall': 0.8555, 'f1': 0.8529494282214232, 'confusion_matrix': array([[ 942,    0,    1,    2,    2,    8,   17,    1,    7,    0],
       [   0, 1084,   17,    6,    1,    2,    5,    1,   19,    0],
       [  14,   15,  829,   46,   33,    0,   20,   30,   44,    1],
       [   5,    4,   13,  886,    1,   35,    9,   21,   33,    3],
       [   1,    5,    2,    0,  941,    2,   13,    1,    5,   12],
       [  21,   39,    2,   77,   31,  636,   32,   17,   30,    7],
       [  15,    9,   13,    2,   23,   16,  878,    1,    1,    0],
       [   3,   29,   34,    3,   23,    0,    0,  919,   10,    7],
       [  12,   16,   12,   55,   22,   17,   15,   15,  807,    3],
       [  25,   11,    6,   10,  202,   14,    1,   87,   20,  633]],
      dtype=int64)}, 28.683865399987553)
[2024-08-13 15:43:57,315][flwr][INFO] - configure_evaluate: no clients selected, skipping evaluation
[2024-08-13 15:43:57,315][flwr][INFO] - 
[2024-08-13 15:43:57,315][flwr][INFO] - [ROUND 9]
[2024-08-13 15:43:57,315][flwr][INFO] - configure_fit: strategy sampled 10 clients (out of 100)
[2024-08-13 15:43:58,479][flwr][INFO] - aggregate_fit: received 10 results and 0 failures
[2024-08-13 15:44:00,555][flwr][INFO] - fit progress: (9, 0.5858856683047343, {'accuracy': 0.8693, 'precision': 0.8709077074362774, 'recall': 0.8693, 'f1': 0.8687604783793434, 'confusion_matrix': array([[ 942,    0,    2,    1,    0,   11,   17,    1,    6,    0],
       [   0, 1085,   20,    4,    1,    4,    5,    0,   16,    0],
       [  13,   14,  861,   29,   15,    0,   22,   27,   41,   10],
       [   5,    3,   16,  862,    1,   42,   11,   16,   26,   28],
       [   1,    7,    4,    0,  818,    1,   18,    1,    8,  124],
       [  16,   39,    4,   48,   16,  675,   32,   13,   26,   23],
       [  14,    9,   17,    2,   12,   16,  886,    1,    1,    0],
       [   3,   31,   37,    1,   15,    0,    2,  878,   10,   51],
       [  11,   21,   16,   42,    9,   24,   15,    8,  785,   43],
       [  18,    9,    5,    7,   31,   10,    1,   20,    7,  901]],
      dtype=int64)}, 31.924423199990997)
[2024-08-13 15:44:00,556][flwr][INFO] - configure_evaluate: no clients selected, skipping evaluation
[2024-08-13 15:44:00,556][flwr][INFO] - 
[2024-08-13 15:44:00,556][flwr][INFO] - [ROUND 10]
[2024-08-13 15:44:00,556][flwr][INFO] - configure_fit: strategy sampled 10 clients (out of 100)
[2024-08-13 15:44:01,799][flwr][INFO] - aggregate_fit: received 10 results and 0 failures
[2024-08-13 15:44:03,876][flwr][INFO] - fit progress: (10, 0.5904362915434231, {'accuracy': 0.8644, 'precision': 0.870708080035945, 'recall': 0.8644, 'f1': 0.862917734445323, 'confusion_matrix': array([[ 940,    1,    1,    1,    2,    6,   20,    1,    8,    0],
       [   0, 1080,   10,    4,    1,    2,    5,    1,   32,    0],
       [  12,   14,  835,   37,   33,    0,   20,   29,   51,    1],
       [   5,    4,   14,  864,    1,   34,   11,   22,   49,    6],
       [   1,    5,    2,    0,  938,    2,   12,    1,    8,   13],
       [  12,   31,    2,   56,   30,  666,   31,   16,   42,    6],
       [  13,    6,   11,    2,   23,   15,  885,    1,    2,    0],
       [   3,   28,   31,    1,   23,    0,    0,  914,   17,   11],
       [   9,   13,    9,   28,   19,   20,   15,   13,  844,    4],
       [  21,    9,    5,    6,  172,   11,    1,   73,   33,  678]],
      dtype=int64)}, 35.24577589999535)
[2024-08-13 15:44:03,877][flwr][INFO] - configure_evaluate: no clients selected, skipping evaluation
[2024-08-13 15:44:03,877][flwr][INFO] - 
[2024-08-13 15:44:03,877][flwr][INFO] - [SUMMARY]
[2024-08-13 15:44:03,877][flwr][INFO] - Run finished 10 round(s) in 35.25s
[2024-08-13 15:44:03,885][flwr][INFO] - 	History (loss, centralized):
[2024-08-13 15:44:03,885][flwr][INFO] - 		round 0: 2.3025850929940455
[2024-08-13 15:44:03,885][flwr][INFO] - 		round 1: 0.9577629184324338
[2024-08-13 15:44:03,885][flwr][INFO] - 		round 2: 0.7392087711670529
[2024-08-13 15:44:03,885][flwr][INFO] - 		round 3: 0.6878834624039631
[2024-08-13 15:44:03,885][flwr][INFO] - 		round 4: 0.6679331358757689
[2024-08-13 15:44:03,886][flwr][INFO] - 		round 5: 0.6402497753170698
[2024-08-13 15:44:03,886][flwr][INFO] - 		round 6: 0.6463208827866337
[2024-08-13 15:44:03,886][flwr][INFO] - 		round 7: 0.6112157740320007
[2024-08-13 15:44:03,886][flwr][INFO] - 		round 8: 0.605668839319141
[2024-08-13 15:44:03,886][flwr][INFO] - 		round 9: 0.5858856683047343
[2024-08-13 15:44:03,886][flwr][INFO] - 		round 10: 0.5904362915434231
[2024-08-13 15:44:03,886][flwr][INFO] - 	History (metrics, centralized):
[2024-08-13 15:44:03,886][flwr][INFO] - 	{'accuracy': [(0, 0.098),
[2024-08-13 15:44:03,886][flwr][INFO] - 	              (1, 0.7006),
[2024-08-13 15:44:03,886][flwr][INFO] - 	              (2, 0.7904),
[2024-08-13 15:44:03,886][flwr][INFO] - 	              (3, 0.8368),
[2024-08-13 15:44:03,886][flwr][INFO] - 	              (4, 0.8279),
[2024-08-13 15:44:03,886][flwr][INFO] - 	              (5, 0.8518),
[2024-08-13 15:44:03,886][flwr][INFO] - 	              (6, 0.8252),
[2024-08-13 15:44:03,886][flwr][INFO] - 	              (7, 0.8621),
[2024-08-13 15:44:03,886][flwr][INFO] - 	              (8, 0.8555),
[2024-08-13 15:44:03,887][flwr][INFO] - 	              (9, 0.8693),
[2024-08-13 15:44:03,887][flwr][INFO] - 	              (10, 0.8644)],
[2024-08-13 15:44:03,887][flwr][INFO] - 	 'confusion_matrix': [(0,
[2024-08-13 15:44:03,887][flwr][INFO] - 	                       array([[ 980,    0,    0,    0,    0,    0,    0,    0,    0,    0],
[2024-08-13 15:44:03,887][flwr][INFO] - 	       [1135,    0,    0,    0,    0,    0,    0,    0,    0,    0],
[2024-08-13 15:44:03,887][flwr][INFO] - 	       [1032,    0,    0,    0,    0,    0,    0,    0,    0,    0],
[2024-08-13 15:44:03,887][flwr][INFO] - 	       [1010,    0,    0,    0,    0,    0,    0,    0,    0,    0],
[2024-08-13 15:44:03,887][flwr][INFO] - 	       [ 982,    0,    0,    0,    0,    0,    0,    0,    0,    0],
[2024-08-13 15:44:03,887][flwr][INFO] - 	       [ 892,    0,    0,    0,    0,    0,    0,    0,    0,    0],
[2024-08-13 15:44:03,887][flwr][INFO] - 	       [ 958,    0,    0,    0,    0,    0,    0,    0,    0,    0],
[2024-08-13 15:44:03,887][flwr][INFO] - 	       [1028,    0,    0,    0,    0,    0,    0,    0,    0,    0],
[2024-08-13 15:44:03,887][flwr][INFO] - 	       [ 974,    0,    0,    0,    0,    0,    0,    0,    0,    0],
[2024-08-13 15:44:03,887][flwr][INFO] - 	       [1009,    0,    0,    0,    0,    0,    0,    0,    0,    0]],
[2024-08-13 15:44:03,887][flwr][INFO] - 	      dtype=int64)),
[2024-08-13 15:44:03,887][flwr][INFO] - 	                      (1,
[2024-08-13 15:44:03,887][flwr][INFO] - 	                       array([[ 932,    0,    2,    7,    0,    0,   19,    0,   19,    1],
[2024-08-13 15:44:03,888][flwr][INFO] - 	       [   0, 1025,   10,    9,    0,    0,    4,    0,   86,    1],
[2024-08-13 15:44:03,888][flwr][INFO] - 	       [  60,   14,  718,   83,    4,    0,   41,    5,   93,   14],
[2024-08-13 15:44:03,888][flwr][INFO] - 	       [  12,    5,   15,  868,    0,    0,   11,    2,   83,   14],
[2024-08-13 15:44:03,888][flwr][INFO] - 	       [  16,    6,    2,    1,  342,    0,   52,    0,   64,  499],
[2024-08-13 15:44:03,888][flwr][INFO] - 	       [ 108,   43,    6,  277,    1,    0,   58,    3,  326,   70],
[2024-08-13 15:44:03,888][flwr][INFO] - 	       [  59,    9,   13,    2,    3,    0,  852,    0,   19,    1],
[2024-08-13 15:44:03,888][flwr][INFO] - 	       [  32,   34,   18,    3,    1,    0,    2,  566,  101,  271],
[2024-08-13 15:44:03,888][flwr][INFO] - 	       [  24,    4,    4,   84,    1,    0,   15,    0,  819,   23],
[2024-08-13 15:44:03,888][flwr][INFO] - 	       [  35,    7,    3,   11,    5,    0,    3,    2,   59,  884]],
[2024-08-13 15:44:03,888][flwr][INFO] - 	      dtype=int64)),
[2024-08-13 15:44:03,888][flwr][INFO] - 	                      (2,
[2024-08-13 15:44:03,888][flwr][INFO] - 	                       array([[ 917,    0,    6,   10,    1,    0,   38,    1,    7,    0],
[2024-08-13 15:44:03,888][flwr][INFO] - 	       [   0, 1079,   38,    9,    0,    0,    6,    1,    2,    0],
[2024-08-13 15:44:03,888][flwr][INFO] - 	       [  26,   19,  840,   54,   25,    0,   27,   16,   24,    1],
[2024-08-13 15:44:03,888][flwr][INFO] - 	       [   5,   11,   29,  900,    2,    2,   13,   14,   23,   11],
[2024-08-13 15:44:03,888][flwr][INFO] - 	       [   7,   13,    7,    0,  877,    0,   36,    5,    7,   30],
[2024-08-13 15:44:03,888][flwr][INFO] - 	       [  55,   66,   21,  268,   37,  282,   56,   40,   39,   28],
[2024-08-13 15:44:03,889][flwr][INFO] - 	       [  32,   11,   21,    2,   16,    4,  871,    1,    0,    0],
[2024-08-13 15:44:03,889][flwr][INFO] - 	       [   8,   44,   47,    0,   24,    0,    3,  875,    5,   22],
[2024-08-13 15:44:03,889][flwr][INFO] - 	       [  24,   34,   31,  147,   16,    2,   30,   13,  652,   25],
[2024-08-13 15:44:03,889][flwr][INFO] - 	       [  28,   19,    6,   15,  238,    1,    6,   76,    9,  611]],
[2024-08-13 15:44:03,889][flwr][INFO] - 	      dtype=int64)),
[2024-08-13 15:44:03,889][flwr][INFO] - 	                      (3,
[2024-08-13 15:44:03,889][flwr][INFO] - 	                       array([[ 907,    0,    5,    1,    0,   15,   31,    1,   20,    0],
[2024-08-13 15:44:03,889][flwr][INFO] - 	       [   0, 1078,   24,    2,    0,    3,    5,    1,   21,    1],
[2024-08-13 15:44:03,889][flwr][INFO] - 	       [  23,   20,  832,   34,   20,    0,   25,   14,   53,   11],
[2024-08-13 15:44:03,889][flwr][INFO] - 	       [   5,   12,   24,  808,    0,   40,   10,   13,   70,   28],
[2024-08-13 15:44:03,889][flwr][INFO] - 	       [   7,    9,    5,    0,  748,    1,   30,    2,   11,  169],
[2024-08-13 15:44:03,889][flwr][INFO] - 	       [  26,   53,   10,   71,   15,  603,   32,   17,   32,   33],
[2024-08-13 15:44:03,889][flwr][INFO] - 	       [  25,   13,   18,    2,   10,   18,  867,    1,    4,    0],
[2024-08-13 15:44:03,889][flwr][INFO] - 	       [   7,   40,   32,    0,   15,    0,    2,  840,   22,   70],
[2024-08-13 15:44:03,889][flwr][INFO] - 	       [  14,   15,   12,   41,    5,   17,   17,    7,  804,   42],
[2024-08-13 15:44:03,889][flwr][INFO] - 	       [  21,   14,    5,    5,   33,    9,    2,   19,   20,  881]],
[2024-08-13 15:44:03,890][flwr][INFO] - 	      dtype=int64)),
[2024-08-13 15:44:03,890][flwr][INFO] - 	                      (4,
[2024-08-13 15:44:03,890][flwr][INFO] - 	                       array([[ 925,    0,    4,    9,    0,    9,   19,    2,   12,    0],
[2024-08-13 15:44:03,890][flwr][INFO] - 	       [   0, 1071,   27,   11,    1,    2,    5,    1,   17,    0],
[2024-08-13 15:44:03,890][flwr][INFO] - 	       [  20,   17,  814,   59,   31,    0,   21,   29,   41,    0],
[2024-08-13 15:44:03,890][flwr][INFO] - 	       [   4,    4,   18,  897,    1,   23,    8,   23,   29,    3],
[2024-08-13 15:44:03,890][flwr][INFO] - 	       [   4,    8,    3,    0,  924,    2,   14,    5,    8,   14],
[2024-08-13 15:44:03,890][flwr][INFO] - 	       [  18,   44,    8,  145,   30,  563,   26,   27,   26,    5],
[2024-08-13 15:44:03,890][flwr][INFO] - 	       [  21,   11,   17,    4,   27,   18,  856,    1,    3,    0],
[2024-08-13 15:44:03,890][flwr][INFO] - 	       [   4,   30,   29,    3,   19,    0,    1,  923,   13,    6],
[2024-08-13 15:44:03,890][flwr][INFO] - 	       [  12,   16,   12,  108,   18,   13,   16,   21,  754,    4],
[2024-08-13 15:44:03,890][flwr][INFO] - 	       [  19,   14,    6,   13,  237,   12,    1,  138,   17,  552]],
[2024-08-13 15:44:03,890][flwr][INFO] - 	      dtype=int64)),
[2024-08-13 15:44:03,890][flwr][INFO] - 	                      (5,
[2024-08-13 15:44:03,890][flwr][INFO] - 	                       array([[ 921,    0,    3,    3,    0,   14,   25,    1,   12,    1],
[2024-08-13 15:44:03,890][flwr][INFO] - 	       [   0, 1082,   21,    4,    1,    3,    5,    1,   17,    1],
[2024-08-13 15:44:03,890][flwr][INFO] - 	       [  20,   14,  835,   36,   16,    0,   23,   25,   47,   16],
[2024-08-13 15:44:03,891][flwr][INFO] - 	       [   5,    7,   21,  836,    1,   47,    9,   14,   36,   34],
[2024-08-13 15:44:03,891][flwr][INFO] - 	       [   5,    9,    3,    0,  754,    0,   23,    3,    7,  178],
[2024-08-13 15:44:03,891][flwr][INFO] - 	       [  19,   45,    7,   57,   13,  654,   29,   15,   25,   28],
[2024-08-13 15:44:03,891][flwr][INFO] - 	       [  18,   11,   16,    2,   11,   20,  877,    1,    2,    0],
[2024-08-13 15:44:03,891][flwr][INFO] - 	       [   4,   35,   33,    0,   14,    0,    3,  869,   13,   57],
[2024-08-13 15:44:03,891][flwr][INFO] - 	       [   9,   19,   13,   40,    6,   25,   18,    7,  789,   48],
[2024-08-13 15:44:03,891][flwr][INFO] - 	       [  14,   11,    5,    6,   25,   13,    2,   21,   11,  901]],
[2024-08-13 15:44:03,891][flwr][INFO] - 	      dtype=int64)),
[2024-08-13 15:44:03,891][flwr][INFO] - 	                      (6,
[2024-08-13 15:44:03,891][flwr][INFO] - 	                       array([[ 930,    0,    2,    4,    3,   14,   21,    1,    5,    0],
[2024-08-13 15:44:03,891][flwr][INFO] - 	       [   0, 1084,   28,    4,    1,    3,    5,    1,    9,    0],
[2024-08-13 15:44:03,891][flwr][INFO] - 	       [  15,   15,  846,   40,   36,    0,   20,   30,   30,    0],
[2024-08-13 15:44:03,891][flwr][INFO] - 	       [   5,    4,   19,  876,    4,   38,    9,   26,   25,    4],
[2024-08-13 15:44:03,891][flwr][INFO] - 	       [   1,    7,    2,    0,  949,    2,   12,    3,    3,    3],
[2024-08-13 15:44:03,891][flwr][INFO] - 	       [  17,   38,    6,   82,   44,  641,   27,   21,   13,    3],
[2024-08-13 15:44:03,891][flwr][INFO] - 	       [  15,    9,   15,    2,   34,   20,  861,    1,    1,    0],
[2024-08-13 15:44:03,891][flwr][INFO] - 	       [   3,   29,   36,    2,   23,    0,    1,  931,    2,    1],
[2024-08-13 15:44:03,892][flwr][INFO] - 	       [  12,   26,   17,   70,   34,   27,   19,   23,  743,    3],
[2024-08-13 15:44:03,892][flwr][INFO] - 	       [  17,   11,    6,    9,  403,   17,    2,  146,    7,  391]],
[2024-08-13 15:44:03,892][flwr][INFO] - 	      dtype=int64)),
[2024-08-13 15:44:03,892][flwr][INFO] - 	                      (7,
[2024-08-13 15:44:03,892][flwr][INFO] - 	                       array([[ 938,    0,    2,    1,    0,   12,   18,    1,    8,    0],
[2024-08-13 15:44:03,892][flwr][INFO] - 	       [   0, 1081,   21,    4,    1,    2,    5,    1,   20,    0],
[2024-08-13 15:44:03,892][flwr][INFO] - 	       [  14,   15,  848,   32,   13,    0,   22,   27,   46,   15],
[2024-08-13 15:44:03,892][flwr][INFO] - 	       [   5,    4,   17,  849,    1,   44,    9,   16,   36,   29],
[2024-08-13 15:44:03,892][flwr][INFO] - 	       [   4,    7,    3,    0,  779,    0,   19,    2,   11,  157],
[2024-08-13 15:44:03,892][flwr][INFO] - 	       [  19,   38,    6,   54,   13,  662,   29,   13,   33,   25],
[2024-08-13 15:44:03,892][flwr][INFO] - 	       [  18,    9,   16,    2,   13,   20,  877,    1,    2,    0],
[2024-08-13 15:44:03,892][flwr][INFO] - 	       [   3,   31,   34,    0,   14,    0,    1,  879,   14,   52],
[2024-08-13 15:44:03,892][flwr][INFO] - 	       [  10,   16,   15,   31,    6,   24,   16,    8,  803,   45],
[2024-08-13 15:44:03,892][flwr][INFO] - 	       [  17,    9,    5,    6,   24,    9,    2,   21,   11,  905]],
[2024-08-13 15:44:03,892][flwr][INFO] - 	      dtype=int64)),
[2024-08-13 15:44:03,892][flwr][INFO] - 	                      (8,
[2024-08-13 15:44:03,892][flwr][INFO] - 	                       array([[ 942,    0,    1,    2,    2,    8,   17,    1,    7,    0],
[2024-08-13 15:44:03,893][flwr][INFO] - 	       [   0, 1084,   17,    6,    1,    2,    5,    1,   19,    0],
[2024-08-13 15:44:03,893][flwr][INFO] - 	       [  14,   15,  829,   46,   33,    0,   20,   30,   44,    1],
[2024-08-13 15:44:03,893][flwr][INFO] - 	       [   5,    4,   13,  886,    1,   35,    9,   21,   33,    3],
[2024-08-13 15:44:03,893][flwr][INFO] - 	       [   1,    5,    2,    0,  941,    2,   13,    1,    5,   12],
[2024-08-13 15:44:03,893][flwr][INFO] - 	       [  21,   39,    2,   77,   31,  636,   32,   17,   30,    7],
[2024-08-13 15:44:03,893][flwr][INFO] - 	       [  15,    9,   13,    2,   23,   16,  878,    1,    1,    0],
[2024-08-13 15:44:03,893][flwr][INFO] - 	       [   3,   29,   34,    3,   23,    0,    0,  919,   10,    7],
[2024-08-13 15:44:03,893][flwr][INFO] - 	       [  12,   16,   12,   55,   22,   17,   15,   15,  807,    3],
[2024-08-13 15:44:03,893][flwr][INFO] - 	       [  25,   11,    6,   10,  202,   14,    1,   87,   20,  633]],
[2024-08-13 15:44:03,893][flwr][INFO] - 	      dtype=int64)),
[2024-08-13 15:44:03,893][flwr][INFO] - 	                      (9,
[2024-08-13 15:44:03,893][flwr][INFO] - 	                       array([[ 942,    0,    2,    1,    0,   11,   17,    1,    6,    0],
[2024-08-13 15:44:03,893][flwr][INFO] - 	       [   0, 1085,   20,    4,    1,    4,    5,    0,   16,    0],
[2024-08-13 15:44:03,893][flwr][INFO] - 	       [  13,   14,  861,   29,   15,    0,   22,   27,   41,   10],
[2024-08-13 15:44:03,893][flwr][INFO] - 	       [   5,    3,   16,  862,    1,   42,   11,   16,   26,   28],
[2024-08-13 15:44:03,893][flwr][INFO] - 	       [   1,    7,    4,    0,  818,    1,   18,    1,    8,  124],
[2024-08-13 15:44:03,893][flwr][INFO] - 	       [  16,   39,    4,   48,   16,  675,   32,   13,   26,   23],
[2024-08-13 15:44:03,894][flwr][INFO] - 	       [  14,    9,   17,    2,   12,   16,  886,    1,    1,    0],
[2024-08-13 15:44:03,894][flwr][INFO] - 	       [   3,   31,   37,    1,   15,    0,    2,  878,   10,   51],
[2024-08-13 15:44:03,894][flwr][INFO] - 	       [  11,   21,   16,   42,    9,   24,   15,    8,  785,   43],
[2024-08-13 15:44:03,894][flwr][INFO] - 	       [  18,    9,    5,    7,   31,   10,    1,   20,    7,  901]],
[2024-08-13 15:44:03,894][flwr][INFO] - 	      dtype=int64)),
[2024-08-13 15:44:03,894][flwr][INFO] - 	                      (10,
[2024-08-13 15:44:03,894][flwr][INFO] - 	                       array([[ 940,    1,    1,    1,    2,    6,   20,    1,    8,    0],
[2024-08-13 15:44:03,894][flwr][INFO] - 	       [   0, 1080,   10,    4,    1,    2,    5,    1,   32,    0],
[2024-08-13 15:44:03,894][flwr][INFO] - 	       [  12,   14,  835,   37,   33,    0,   20,   29,   51,    1],
[2024-08-13 15:44:03,894][flwr][INFO] - 	       [   5,    4,   14,  864,    1,   34,   11,   22,   49,    6],
[2024-08-13 15:44:03,894][flwr][INFO] - 	       [   1,    5,    2,    0,  938,    2,   12,    1,    8,   13],
[2024-08-13 15:44:03,894][flwr][INFO] - 	       [  12,   31,    2,   56,   30,  666,   31,   16,   42,    6],
[2024-08-13 15:44:03,894][flwr][INFO] - 	       [  13,    6,   11,    2,   23,   15,  885,    1,    2,    0],
[2024-08-13 15:44:03,894][flwr][INFO] - 	       [   3,   28,   31,    1,   23,    0,    0,  914,   17,   11],
[2024-08-13 15:44:03,894][flwr][INFO] - 	       [   9,   13,    9,   28,   19,   20,   15,   13,  844,    4],
[2024-08-13 15:44:03,894][flwr][INFO] - 	       [  21,    9,    5,    6,  172,   11,    1,   73,   33,  678]],
[2024-08-13 15:44:03,894][flwr][INFO] - 	      dtype=int64))],
[2024-08-13 15:44:03,895][flwr][INFO] - 	 'f1': [(0, 0.017493624772313296),
[2024-08-13 15:44:03,895][flwr][INFO] - 	        (1, 0.6666141811205398),
[2024-08-13 15:44:03,895][flwr][INFO] - 	        (2, 0.7784258285320308),
[2024-08-13 15:44:03,895][flwr][INFO] - 	        (3, 0.8360932008640675),
[2024-08-13 15:44:03,895][flwr][INFO] - 	        (4, 0.8237149303373144),
[2024-08-13 15:44:03,895][flwr][INFO] - 	        (5, 0.8514470424905054),
[2024-08-13 15:44:03,895][flwr][INFO] - 	        (6, 0.8177542230469792),
[2024-08-13 15:44:03,895][flwr][INFO] - 	        (7, 0.8617254740691298),
[2024-08-13 15:44:03,895][flwr][INFO] - 	        (8, 0.8529494282214232),
[2024-08-13 15:44:03,895][flwr][INFO] - 	        (9, 0.8687604783793434),
[2024-08-13 15:44:03,895][flwr][INFO] - 	        (10, 0.862917734445323)],
[2024-08-13 15:44:03,895][flwr][INFO] - 	 'precision': [(0, 0.009604000000000001),
[2024-08-13 15:44:03,895][flwr][INFO] - 	               (1, 0.7016735293149472),
[2024-08-13 15:44:03,895][flwr][INFO] - 	               (2, 0.8102667380840228),
[2024-08-13 15:44:03,895][flwr][INFO] - 	               (3, 0.8416982455708467),
[2024-08-13 15:44:03,895][flwr][INFO] - 	               (4, 0.8401774033538976),
[2024-08-13 15:44:03,895][flwr][INFO] - 	               (5, 0.8558558106743082),
[2024-08-13 15:44:03,896][flwr][INFO] - 	               (6, 0.8460042652661713),
[2024-08-13 15:44:03,896][flwr][INFO] - 	               (7, 0.8651198700251833),
[2024-08-13 15:44:03,896][flwr][INFO] - 	               (8, 0.8626593547149071),
[2024-08-13 15:44:03,896][flwr][INFO] - 	               (9, 0.8709077074362774),
[2024-08-13 15:44:03,896][flwr][INFO] - 	               (10, 0.870708080035945)],
[2024-08-13 15:44:03,896][flwr][INFO] - 	 'recall': [(0, 0.098),
[2024-08-13 15:44:03,896][flwr][INFO] - 	            (1, 0.7006),
[2024-08-13 15:44:03,896][flwr][INFO] - 	            (2, 0.7904),
[2024-08-13 15:44:03,896][flwr][INFO] - 	            (3, 0.8368),
[2024-08-13 15:44:03,896][flwr][INFO] - 	            (4, 0.8279),
[2024-08-13 15:44:03,896][flwr][INFO] - 	            (5, 0.8518),
[2024-08-13 15:44:03,896][flwr][INFO] - 	            (6, 0.8252),
[2024-08-13 15:44:03,896][flwr][INFO] - 	            (7, 0.8621),
[2024-08-13 15:44:03,896][flwr][INFO] - 	            (8, 0.8555),
[2024-08-13 15:44:03,896][flwr][INFO] - 	            (9, 0.8693),
[2024-08-13 15:44:03,896][flwr][INFO] - 	            (10, 0.8644)]}
[2024-08-13 15:44:03,897][flwr][INFO] - 
