[2024-08-13 12:42:12,801][flwr][INFO] - Starting Flower simulation, config: num_rounds=10, no round_timeout
[2024-08-13 12:42:16,933][flwr][INFO] - Flower VCE: Ray initialized with resources: {'accelerator_type:G': 1.0, 'memory': 5003897243.0, 'object_store_memory': 2501948620.0, 'node:127.0.0.1': 1.0, 'CPU': 16.0, 'GPU': 1.0, 'node:__internal_head__': 1.0}
[2024-08-13 12:42:16,933][flwr][INFO] - Optimize your simulation with Flower VCE: https://flower.ai/docs/framework/how-to-run-simulations.html
[2024-08-13 12:42:16,933][flwr][INFO] - Flower VCE: Resources for each Virtual Client: {'num_cpus': 2, 'num_gpus': 0.5}
[2024-08-13 12:42:16,944][flwr][INFO] - Flower VCE: Creating VirtualClientEngineActorPool with 2 actors
[2024-08-13 12:42:16,944][flwr][INFO] - [INIT]
[2024-08-13 12:42:16,944][flwr][INFO] - Requesting initial parameters from one random client
[2024-08-13 12:42:24,265][flwr][INFO] - Received initial parameters from one random client
[2024-08-13 12:42:24,265][flwr][INFO] - Evaluating initial global parameters
[2024-08-13 12:42:26,530][flwr][INFO] - initial parameters (loss, other metrics): 2.3025850929940455, {'accuracy': 0.098, 'precision': 0.009604000000000001, 'recall': 0.098, 'f1': 0.017493624772313296, 'confusion_matrix': array([[ 980,    0,    0,    0,    0,    0,    0,    0,    0,    0],
       [1135,    0,    0,    0,    0,    0,    0,    0,    0,    0],
       [1032,    0,    0,    0,    0,    0,    0,    0,    0,    0],
       [1010,    0,    0,    0,    0,    0,    0,    0,    0,    0],
       [ 982,    0,    0,    0,    0,    0,    0,    0,    0,    0],
       [ 892,    0,    0,    0,    0,    0,    0,    0,    0,    0],
       [ 958,    0,    0,    0,    0,    0,    0,    0,    0,    0],
       [1028,    0,    0,    0,    0,    0,    0,    0,    0,    0],
       [ 974,    0,    0,    0,    0,    0,    0,    0,    0,    0],
       [1009,    0,    0,    0,    0,    0,    0,    0,    0,    0]],
      dtype=int64)}
[2024-08-13 12:42:26,531][flwr][INFO] - 
[2024-08-13 12:42:26,531][flwr][INFO] - [ROUND 1]
[2024-08-13 12:42:26,532][flwr][INFO] - configure_fit: strategy sampled 10 clients (out of 10)
[2024-08-13 12:42:35,011][flwr][INFO] - aggregate_fit: received 10 results and 0 failures
[2024-08-13 12:42:35,014][flwr][WARNING] - No fit_metrics_aggregation_fn provided
[2024-08-13 12:42:37,098][flwr][INFO] - fit progress: (1, 0.8741637621005796, {'accuracy': 0.7265, 'precision': 0.7891660392382309, 'recall': 0.7265, 'f1': 0.6936957266006433, 'confusion_matrix': array([[ 956,    0,    1,    5,    0,    0,    6,    1,   11,    0],
       [   0, 1069,    3,    7,    0,    0,    4,    1,   51,    0],
       [  84,   41,  691,   70,    6,    0,   30,   15,   87,    8],
       [  32,   15,   14,  847,    0,    0,    9,   11,   73,    9],
       [  32,   13,    3,    2,  452,    0,   37,    3,   70,  370],
       [ 225,   62,    1,  249,    4,    5,   31,   21,  244,   50],
       [  95,   18,   11,    2,    3,    0,  806,    1,   22,    0],
       [  31,   45,   11,    2,    2,    0,    1,  819,   68,   49],
       [  43,   14,    5,   92,    1,    0,   12,    8,  784,   15],
       [  48,   18,    4,   12,   10,    0,    3,   25,   53,  836]],
      dtype=int64)}, 10.567340399997192)
[2024-08-13 12:42:37,099][flwr][INFO] - configure_evaluate: no clients selected, skipping evaluation
[2024-08-13 12:42:37,099][flwr][INFO] - 
[2024-08-13 12:42:37,099][flwr][INFO] - [ROUND 2]
[2024-08-13 12:42:37,100][flwr][INFO] - configure_fit: strategy sampled 10 clients (out of 10)
[2024-08-13 12:42:43,755][flwr][INFO] - aggregate_fit: received 10 results and 0 failures
[2024-08-13 12:42:45,841][flwr][INFO] - fit progress: (2, 0.7010168985852354, {'accuracy': 0.8148, 'precision': 0.824466100487137, 'recall': 0.8148, 'f1': 0.8079644793483735, 'confusion_matrix': array([[ 934,    0,    7,    5,    0,    2,   22,    1,    9,    0],
       [   0, 1081,   34,    5,    0,    0,    5,    1,    9,    0],
       [  36,   27,  837,   35,   21,    0,   27,   19,   29,    1],
       [  10,   13,   29,  882,    0,    3,   10,   17,   30,   16],
       [   8,   13,    7,    0,  837,    0,   34,    2,    8,   73],
       [  62,   60,   18,  213,   27,  377,   42,   33,   30,   30],
       [  44,   17,   19,    2,   11,   11,  852,    1,    1,    0],
       [  11,   45,   38,    0,   13,    0,    3,  879,    9,   30],
       [  27,   29,   27,  115,    9,    5,   21,   13,  691,   37],
       [  32,   19,    8,   14,   90,    1,    2,   52,   13,  778]],
      dtype=int64)}, 19.309544300005655)
[2024-08-13 12:42:45,842][flwr][INFO] - configure_evaluate: no clients selected, skipping evaluation
[2024-08-13 12:42:45,842][flwr][INFO] - 
[2024-08-13 12:42:45,842][flwr][INFO] - [ROUND 3]
[2024-08-13 12:42:45,843][flwr][INFO] - configure_fit: strategy sampled 10 clients (out of 10)
[2024-08-13 12:42:52,478][flwr][INFO] - aggregate_fit: received 10 results and 0 failures
[2024-08-13 12:42:54,566][flwr][INFO] - fit progress: (3, 0.6624583320681361, {'accuracy': 0.8443, 'precision': 0.8441427817784666, 'recall': 0.8443, 'f1': 0.8432491955790656, 'confusion_matrix': array([[ 913,    0,    4,    1,    0,   27,   26,    1,    8,    0],
       [   0, 1073,   25,    2,    0,    7,    5,    1,   22,    0],
       [  26,   22,  829,   31,   25,    0,   27,   21,   48,    3],
       [   6,   13,   24,  822,    1,   48,    8,   17,   56,   15],
       [   7,    9,    3,    0,  835,    1,   27,    2,   15,   83],
       [  27,   51,    8,   75,   22,  626,   27,   15,   23,   18],
       [  29,   13,   18,    0,   12,   22,  860,    1,    3,    0],
       [   9,   40,   30,    0,   16,    0,    2,  870,   21,   40],
       [  15,   14,   15,   49,    8,   25,   19,   10,  786,   33],
       [  21,   15,    7,    7,   65,   14,    2,   30,   19,  829]],
      dtype=int64)}, 28.034975699993083)
[2024-08-13 12:42:54,567][flwr][INFO] - configure_evaluate: no clients selected, skipping evaluation
[2024-08-13 12:42:54,567][flwr][INFO] - 
[2024-08-13 12:42:54,567][flwr][INFO] - [ROUND 4]
[2024-08-13 12:42:54,567][flwr][INFO] - configure_fit: strategy sampled 10 clients (out of 10)
[2024-08-13 12:43:01,086][flwr][INFO] - aggregate_fit: received 10 results and 0 failures
[2024-08-13 12:43:03,175][flwr][INFO] - fit progress: (4, 0.6237783684419046, {'accuracy': 0.8466, 'precision': 0.8552773954473055, 'recall': 0.8466, 'f1': 0.8448017677733999, 'confusion_matrix': array([[ 920,    0,    4,   16,    2,    9,   25,    1,    3,    0],
       [   0, 1076,   25,   17,    1,    1,    5,    1,    9,    0],
       [  15,   14,  832,   65,   27,    0,   23,   26,   26,    4],
       [   4,    4,   12,  922,    2,   14,    8,   17,   12,   15],
       [   2,    9,    3,    0,  908,    0,   15,    1,    3,   41],
       [  12,   39,    7,  170,   40,  543,   27,   21,   13,   20],
       [  18,   10,   19,    4,   23,   19,  863,    1,    1,    0],
       [   2,   31,   32,    6,   18,    0,    1,  905,    3,   30],
       [   8,   18,   19,  150,   19,   14,   16,   14,  675,   41],
       [  16,   11,    5,   15,   80,   10,    2,   45,    3,  822]],
      dtype=int64)}, 36.64414129999932)
[2024-08-13 12:43:03,176][flwr][INFO] - configure_evaluate: no clients selected, skipping evaluation
[2024-08-13 12:43:03,176][flwr][INFO] - 
[2024-08-13 12:43:03,176][flwr][INFO] - [ROUND 5]
[2024-08-13 12:43:03,177][flwr][INFO] - configure_fit: strategy sampled 10 clients (out of 10)
[2024-08-13 12:43:09,968][flwr][INFO] - aggregate_fit: received 10 results and 0 failures
[2024-08-13 12:43:12,061][flwr][INFO] - fit progress: (5, 0.6027928766584029, {'accuracy': 0.8642, 'precision': 0.8668039476355046, 'recall': 0.8642, 'f1': 0.8641382829709117, 'confusion_matrix': array([[ 923,    0,    3,    1,    0,   16,   19,    1,   17,    0],
       [   0, 1073,   17,    2,    1,    6,    5,    0,   31,    0],
       [  15,   17,  844,   18,   19,    1,   24,   26,   59,    9],
       [   5,    8,   23,  791,    1,   63,    9,   17,   75,   18],
       [   3,    7,    4,    0,  835,    2,   20,    2,   16,   93],
       [  15,   36,    7,   29,   20,  698,   25,   13,   31,   18],
       [  17,   10,   20,    1,   13,   21,  870,    1,    5,    0],
       [   3,   32,   28,    0,   15,    0,    1,  887,   21,   41],
       [   5,   11,   11,   17,    9,   30,   17,    9,  843,   22],
       [  13,    9,    5,    5,   35,   12,    2,   25,   25,  878]],
      dtype=int64)}, 45.5300292000029)
[2024-08-13 12:43:12,062][flwr][INFO] - configure_evaluate: no clients selected, skipping evaluation
[2024-08-13 12:43:12,062][flwr][INFO] - 
[2024-08-13 12:43:12,062][flwr][INFO] - [ROUND 6]
[2024-08-13 12:43:12,063][flwr][INFO] - configure_fit: strategy sampled 10 clients (out of 10)
[2024-08-13 12:43:18,870][flwr][INFO] - aggregate_fit: received 10 results and 0 failures
[2024-08-13 12:43:20,987][flwr][INFO] - fit progress: (6, 0.5898317282138685, {'accuracy': 0.8627, 'precision': 0.8646581870813057, 'recall': 0.8627, 'f1': 0.861221787669007, 'confusion_matrix': array([[ 937,    0,    1,    8,    1,   12,   17,    1,    3,    0],
       [   0, 1087,   21,   10,    1,    1,    5,    1,    9,    0],
       [  16,   17,  844,   43,   24,    0,   24,   29,   31,    4],
       [   5,    4,   14,  895,    1,   30,    8,   20,   17,   16],
       [   1,    9,    3,    0,  905,    1,   18,    1,    3,   41],
       [  17,   37,    4,  103,   29,  629,   28,   15,   14,   16],
       [  17,    9,   19,    2,   17,   20,  872,    1,    1,    0],
       [   3,   32,   33,    2,   18,    0,    1,  902,    4,   33],
       [  13,   25,   16,   93,   14,   24,   17,   14,  719,   39],
       [  17,   11,    6,   13,   71,    9,    2,   38,    5,  837]],
      dtype=int64)}, 54.455431399997906)
[2024-08-13 12:43:20,988][flwr][INFO] - configure_evaluate: no clients selected, skipping evaluation
[2024-08-13 12:43:20,988][flwr][INFO] - 
[2024-08-13 12:43:20,988][flwr][INFO] - [ROUND 7]
[2024-08-13 12:43:20,988][flwr][INFO] - configure_fit: strategy sampled 10 clients (out of 10)
[2024-08-13 12:43:27,718][flwr][INFO] - aggregate_fit: received 10 results and 0 failures
[2024-08-13 12:43:29,792][flwr][INFO] - fit progress: (7, 0.5768516587089068, {'accuracy': 0.8716, 'precision': 0.8726045775549106, 'recall': 0.8716, 'f1': 0.8711002038859232, 'confusion_matrix': array([[ 940,    0,    1,    1,    1,   12,   17,    1,    7,    0],
       [   0, 1081,   13,    3,    1,    3,    5,    0,   29,    0],
       [  15,   16,  845,   25,   19,    0,   24,   28,   51,    9],
       [   5,    7,   17,  839,    1,   43,    8,   16,   54,   20],
       [   2,    7,    4,    0,  852,    1,   20,    1,   16,   79],
       [  19,   35,    5,   43,   22,  676,   27,   12,   35,   18],
       [  15,   10,   18,    1,   13,   20,  877,    1,    3,    0],
       [   3,   30,   32,    0,   15,    0,    1,  889,   17,   41],
       [   7,   13,   12,   23,    9,   23,   17,   10,  838,   22],
       [  16,    9,    5,    6,   39,    9,    2,   25,   19,  879]],
      dtype=int64)}, 63.2614207000006)
[2024-08-13 12:43:29,793][flwr][INFO] - configure_evaluate: no clients selected, skipping evaluation
[2024-08-13 12:43:29,793][flwr][INFO] - 
[2024-08-13 12:43:29,793][flwr][INFO] - [ROUND 8]
[2024-08-13 12:43:29,794][flwr][INFO] - configure_fit: strategy sampled 10 clients (out of 10)
[2024-08-13 12:43:36,586][flwr][INFO] - aggregate_fit: received 10 results and 0 failures
[2024-08-13 12:43:38,674][flwr][INFO] - fit progress: (8, 0.5715311636316738, {'accuracy': 0.8663, 'precision': 0.8684986736421413, 'recall': 0.8663, 'f1': 0.8647804138094687, 'confusion_matrix': array([[ 938,    0,    2,    7,    1,   14,   15,    1,    2,    0],
       [   0, 1088,   20,   10,    1,    2,    5,    0,    9,    0],
       [  15,   14,  854,   44,   24,    0,   23,   30,   25,    3],
       [   5,    4,   13,  899,    1,   33,    8,   19,   13,   15],
       [   1,    6,    4,    0,  923,    2,   14,    1,    2,   29],
       [  13,   33,    5,   87,   28,  666,   25,   14,    9,   12],
       [  14,    9,   17,    2,   19,   21,  874,    1,    1,    0],
       [   3,   30,   36,    3,   18,    0,    1,  911,    1,   25],
       [  16,   29,   19,   89,   21,   40,   18,   14,  692,   36],
       [  19,   10,    6,   12,   85,   13,    1,   41,    4,  818]],
      dtype=int64)}, 72.14233790000435)
[2024-08-13 12:43:38,675][flwr][INFO] - configure_evaluate: no clients selected, skipping evaluation
[2024-08-13 12:43:38,675][flwr][INFO] - 
[2024-08-13 12:43:38,675][flwr][INFO] - [ROUND 9]
[2024-08-13 12:43:38,675][flwr][INFO] - configure_fit: strategy sampled 10 clients (out of 10)
[2024-08-13 12:43:45,390][flwr][INFO] - aggregate_fit: received 10 results and 0 failures
[2024-08-13 12:43:47,609][flwr][INFO] - fit progress: (9, 0.5574528934794877, {'accuracy': 0.8751, 'precision': 0.8752049577789134, 'recall': 0.8751, 'f1': 0.8744468108654688, 'confusion_matrix': array([[ 942,    0,    2,    1,    1,    9,   17,    1,    7,    0],
       [   0, 1085,   16,    4,    1,    3,    5,    0,   21,    0],
       [  14,   14,  851,   26,   19,    0,   23,   29,   47,    9],
       [   5,    3,   14,  865,    1,   36,    8,   16,   40,   22],
       [   1,    6,    3,    0,  866,    2,   19,    1,   13,   71],
       [  14,   30,    3,   59,   23,  678,   28,   13,   28,   16],
       [  14,    9,   18,    2,   14,   20,  879,    1,    1,    0],
       [   3,   31,   33,    0,   16,    0,    0,  892,   12,   41],
       [  12,   16,   12,   31,   10,   23,   15,   11,  821,   23],
       [  19,    9,    5,    7,   43,   11,    1,   26,   16,  872]],
      dtype=int64)}, 81.07870339999499)
[2024-08-13 12:43:47,610][flwr][INFO] - configure_evaluate: no clients selected, skipping evaluation
[2024-08-13 12:43:47,610][flwr][INFO] - 
[2024-08-13 12:43:47,610][flwr][INFO] - [ROUND 10]
[2024-08-13 12:43:47,611][flwr][INFO] - configure_fit: strategy sampled 10 clients (out of 10)
[2024-08-13 12:43:54,308][flwr][INFO] - aggregate_fit: received 10 results and 0 failures
[2024-08-13 12:43:56,376][flwr][INFO] - fit progress: (10, 0.5404725868701644, {'accuracy': 0.8768, 'precision': 0.8783321441244747, 'recall': 0.8768, 'f1': 0.8756907973927056, 'confusion_matrix': array([[ 944,    0,    4,    2,    1,   11,   15,    1,    2,    0],
       [   0, 1090,   17,    6,    1,    6,    5,    0,   10,    0],
       [  13,   14,  864,   34,   26,    0,   20,   31,   27,    3],
       [   5,    2,   16,  891,    1,   36,    8,   22,   18,   11],
       [   1,    5,    4,    0,  930,    2,   13,    1,    3,   23],
       [  11,   26,    3,   65,   21,  709,   23,   14,   12,    8],
       [  13,    6,   12,    2,   19,   20,  884,    1,    1,    0],
       [   2,   27,   35,    4,   20,    0,    1,  917,    2,   20],
       [  13,   28,   17,   61,   24,   39,   18,   16,  741,   17],
       [  21,   10,    6,   12,   97,   15,    1,   45,    4,  798]],
      dtype=int64)}, 89.84425739999278)
[2024-08-13 12:43:56,376][flwr][INFO] - configure_evaluate: no clients selected, skipping evaluation
[2024-08-13 12:43:56,377][flwr][INFO] - 
[2024-08-13 12:43:56,377][flwr][INFO] - [SUMMARY]
[2024-08-13 12:43:56,377][flwr][INFO] - Run finished 10 round(s) in 89.85s
[2024-08-13 12:43:56,385][flwr][INFO] - 	History (loss, centralized):
[2024-08-13 12:43:56,385][flwr][INFO] - 		round 0: 2.3025850929940455
[2024-08-13 12:43:56,385][flwr][INFO] - 		round 1: 0.8741637621005796
[2024-08-13 12:43:56,385][flwr][INFO] - 		round 2: 0.7010168985852354
[2024-08-13 12:43:56,385][flwr][INFO] - 		round 3: 0.6624583320681361
[2024-08-13 12:43:56,385][flwr][INFO] - 		round 4: 0.6237783684419046
[2024-08-13 12:43:56,385][flwr][INFO] - 		round 5: 0.6027928766584029
[2024-08-13 12:43:56,385][flwr][INFO] - 		round 6: 0.5898317282138685
[2024-08-13 12:43:56,385][flwr][INFO] - 		round 7: 0.5768516587089068
[2024-08-13 12:43:56,385][flwr][INFO] - 		round 8: 0.5715311636316738
[2024-08-13 12:43:56,385][flwr][INFO] - 		round 9: 0.5574528934794877
[2024-08-13 12:43:56,385][flwr][INFO] - 		round 10: 0.5404725868701644
[2024-08-13 12:43:56,385][flwr][INFO] - 	History (metrics, centralized):
[2024-08-13 12:43:56,386][flwr][INFO] - 	{'accuracy': [(0, 0.098),
[2024-08-13 12:43:56,386][flwr][INFO] - 	              (1, 0.7265),
[2024-08-13 12:43:56,386][flwr][INFO] - 	              (2, 0.8148),
[2024-08-13 12:43:56,386][flwr][INFO] - 	              (3, 0.8443),
[2024-08-13 12:43:56,386][flwr][INFO] - 	              (4, 0.8466),
[2024-08-13 12:43:56,386][flwr][INFO] - 	              (5, 0.8642),
[2024-08-13 12:43:56,386][flwr][INFO] - 	              (6, 0.8627),
[2024-08-13 12:43:56,386][flwr][INFO] - 	              (7, 0.8716),
[2024-08-13 12:43:56,386][flwr][INFO] - 	              (8, 0.8663),
[2024-08-13 12:43:56,386][flwr][INFO] - 	              (9, 0.8751),
[2024-08-13 12:43:56,386][flwr][INFO] - 	              (10, 0.8768)],
[2024-08-13 12:43:56,386][flwr][INFO] - 	 'confusion_matrix': [(0,
[2024-08-13 12:43:56,386][flwr][INFO] - 	                       array([[ 980,    0,    0,    0,    0,    0,    0,    0,    0,    0],
[2024-08-13 12:43:56,386][flwr][INFO] - 	       [1135,    0,    0,    0,    0,    0,    0,    0,    0,    0],
[2024-08-13 12:43:56,386][flwr][INFO] - 	       [1032,    0,    0,    0,    0,    0,    0,    0,    0,    0],
[2024-08-13 12:43:56,387][flwr][INFO] - 	       [1010,    0,    0,    0,    0,    0,    0,    0,    0,    0],
[2024-08-13 12:43:56,387][flwr][INFO] - 	       [ 982,    0,    0,    0,    0,    0,    0,    0,    0,    0],
[2024-08-13 12:43:56,387][flwr][INFO] - 	       [ 892,    0,    0,    0,    0,    0,    0,    0,    0,    0],
[2024-08-13 12:43:56,387][flwr][INFO] - 	       [ 958,    0,    0,    0,    0,    0,    0,    0,    0,    0],
[2024-08-13 12:43:56,387][flwr][INFO] - 	       [1028,    0,    0,    0,    0,    0,    0,    0,    0,    0],
[2024-08-13 12:43:56,387][flwr][INFO] - 	       [ 974,    0,    0,    0,    0,    0,    0,    0,    0,    0],
[2024-08-13 12:43:56,387][flwr][INFO] - 	       [1009,    0,    0,    0,    0,    0,    0,    0,    0,    0]],
[2024-08-13 12:43:56,387][flwr][INFO] - 	      dtype=int64)),
[2024-08-13 12:43:56,387][flwr][INFO] - 	                      (1,
[2024-08-13 12:43:56,387][flwr][INFO] - 	                       array([[ 956,    0,    1,    5,    0,    0,    6,    1,   11,    0],
[2024-08-13 12:43:56,387][flwr][INFO] - 	       [   0, 1069,    3,    7,    0,    0,    4,    1,   51,    0],
[2024-08-13 12:43:56,387][flwr][INFO] - 	       [  84,   41,  691,   70,    6,    0,   30,   15,   87,    8],
[2024-08-13 12:43:56,387][flwr][INFO] - 	       [  32,   15,   14,  847,    0,    0,    9,   11,   73,    9],
[2024-08-13 12:43:56,387][flwr][INFO] - 	       [  32,   13,    3,    2,  452,    0,   37,    3,   70,  370],
[2024-08-13 12:43:56,387][flwr][INFO] - 	       [ 225,   62,    1,  249,    4,    5,   31,   21,  244,   50],
[2024-08-13 12:43:56,387][flwr][INFO] - 	       [  95,   18,   11,    2,    3,    0,  806,    1,   22,    0],
[2024-08-13 12:43:56,387][flwr][INFO] - 	       [  31,   45,   11,    2,    2,    0,    1,  819,   68,   49],
[2024-08-13 12:43:56,388][flwr][INFO] - 	       [  43,   14,    5,   92,    1,    0,   12,    8,  784,   15],
[2024-08-13 12:43:56,388][flwr][INFO] - 	       [  48,   18,    4,   12,   10,    0,    3,   25,   53,  836]],
[2024-08-13 12:43:56,388][flwr][INFO] - 	      dtype=int64)),
[2024-08-13 12:43:56,388][flwr][INFO] - 	                      (2,
[2024-08-13 12:43:56,388][flwr][INFO] - 	                       array([[ 934,    0,    7,    5,    0,    2,   22,    1,    9,    0],
[2024-08-13 12:43:56,388][flwr][INFO] - 	       [   0, 1081,   34,    5,    0,    0,    5,    1,    9,    0],
[2024-08-13 12:43:56,388][flwr][INFO] - 	       [  36,   27,  837,   35,   21,    0,   27,   19,   29,    1],
[2024-08-13 12:43:56,388][flwr][INFO] - 	       [  10,   13,   29,  882,    0,    3,   10,   17,   30,   16],
[2024-08-13 12:43:56,388][flwr][INFO] - 	       [   8,   13,    7,    0,  837,    0,   34,    2,    8,   73],
[2024-08-13 12:43:56,388][flwr][INFO] - 	       [  62,   60,   18,  213,   27,  377,   42,   33,   30,   30],
[2024-08-13 12:43:56,388][flwr][INFO] - 	       [  44,   17,   19,    2,   11,   11,  852,    1,    1,    0],
[2024-08-13 12:43:56,388][flwr][INFO] - 	       [  11,   45,   38,    0,   13,    0,    3,  879,    9,   30],
[2024-08-13 12:43:56,388][flwr][INFO] - 	       [  27,   29,   27,  115,    9,    5,   21,   13,  691,   37],
[2024-08-13 12:43:56,388][flwr][INFO] - 	       [  32,   19,    8,   14,   90,    1,    2,   52,   13,  778]],
[2024-08-13 12:43:56,388][flwr][INFO] - 	      dtype=int64)),
[2024-08-13 12:43:56,388][flwr][INFO] - 	                      (3,
[2024-08-13 12:43:56,388][flwr][INFO] - 	                       array([[ 913,    0,    4,    1,    0,   27,   26,    1,    8,    0],
[2024-08-13 12:43:56,389][flwr][INFO] - 	       [   0, 1073,   25,    2,    0,    7,    5,    1,   22,    0],
[2024-08-13 12:43:56,389][flwr][INFO] - 	       [  26,   22,  829,   31,   25,    0,   27,   21,   48,    3],
[2024-08-13 12:43:56,389][flwr][INFO] - 	       [   6,   13,   24,  822,    1,   48,    8,   17,   56,   15],
[2024-08-13 12:43:56,389][flwr][INFO] - 	       [   7,    9,    3,    0,  835,    1,   27,    2,   15,   83],
[2024-08-13 12:43:56,389][flwr][INFO] - 	       [  27,   51,    8,   75,   22,  626,   27,   15,   23,   18],
[2024-08-13 12:43:56,389][flwr][INFO] - 	       [  29,   13,   18,    0,   12,   22,  860,    1,    3,    0],
[2024-08-13 12:43:56,389][flwr][INFO] - 	       [   9,   40,   30,    0,   16,    0,    2,  870,   21,   40],
[2024-08-13 12:43:56,389][flwr][INFO] - 	       [  15,   14,   15,   49,    8,   25,   19,   10,  786,   33],
[2024-08-13 12:43:56,389][flwr][INFO] - 	       [  21,   15,    7,    7,   65,   14,    2,   30,   19,  829]],
[2024-08-13 12:43:56,389][flwr][INFO] - 	      dtype=int64)),
[2024-08-13 12:43:56,389][flwr][INFO] - 	                      (4,
[2024-08-13 12:43:56,389][flwr][INFO] - 	                       array([[ 920,    0,    4,   16,    2,    9,   25,    1,    3,    0],
[2024-08-13 12:43:56,389][flwr][INFO] - 	       [   0, 1076,   25,   17,    1,    1,    5,    1,    9,    0],
[2024-08-13 12:43:56,389][flwr][INFO] - 	       [  15,   14,  832,   65,   27,    0,   23,   26,   26,    4],
[2024-08-13 12:43:56,389][flwr][INFO] - 	       [   4,    4,   12,  922,    2,   14,    8,   17,   12,   15],
[2024-08-13 12:43:56,389][flwr][INFO] - 	       [   2,    9,    3,    0,  908,    0,   15,    1,    3,   41],
[2024-08-13 12:43:56,389][flwr][INFO] - 	       [  12,   39,    7,  170,   40,  543,   27,   21,   13,   20],
[2024-08-13 12:43:56,390][flwr][INFO] - 	       [  18,   10,   19,    4,   23,   19,  863,    1,    1,    0],
[2024-08-13 12:43:56,390][flwr][INFO] - 	       [   2,   31,   32,    6,   18,    0,    1,  905,    3,   30],
[2024-08-13 12:43:56,390][flwr][INFO] - 	       [   8,   18,   19,  150,   19,   14,   16,   14,  675,   41],
[2024-08-13 12:43:56,390][flwr][INFO] - 	       [  16,   11,    5,   15,   80,   10,    2,   45,    3,  822]],
[2024-08-13 12:43:56,390][flwr][INFO] - 	      dtype=int64)),
[2024-08-13 12:43:56,390][flwr][INFO] - 	                      (5,
[2024-08-13 12:43:56,390][flwr][INFO] - 	                       array([[ 923,    0,    3,    1,    0,   16,   19,    1,   17,    0],
[2024-08-13 12:43:56,390][flwr][INFO] - 	       [   0, 1073,   17,    2,    1,    6,    5,    0,   31,    0],
[2024-08-13 12:43:56,390][flwr][INFO] - 	       [  15,   17,  844,   18,   19,    1,   24,   26,   59,    9],
[2024-08-13 12:43:56,390][flwr][INFO] - 	       [   5,    8,   23,  791,    1,   63,    9,   17,   75,   18],
[2024-08-13 12:43:56,390][flwr][INFO] - 	       [   3,    7,    4,    0,  835,    2,   20,    2,   16,   93],
[2024-08-13 12:43:56,390][flwr][INFO] - 	       [  15,   36,    7,   29,   20,  698,   25,   13,   31,   18],
[2024-08-13 12:43:56,390][flwr][INFO] - 	       [  17,   10,   20,    1,   13,   21,  870,    1,    5,    0],
[2024-08-13 12:43:56,390][flwr][INFO] - 	       [   3,   32,   28,    0,   15,    0,    1,  887,   21,   41],
[2024-08-13 12:43:56,390][flwr][INFO] - 	       [   5,   11,   11,   17,    9,   30,   17,    9,  843,   22],
[2024-08-13 12:43:56,390][flwr][INFO] - 	       [  13,    9,    5,    5,   35,   12,    2,   25,   25,  878]],
[2024-08-13 12:43:56,391][flwr][INFO] - 	      dtype=int64)),
[2024-08-13 12:43:56,391][flwr][INFO] - 	                      (6,
[2024-08-13 12:43:56,391][flwr][INFO] - 	                       array([[ 937,    0,    1,    8,    1,   12,   17,    1,    3,    0],
[2024-08-13 12:43:56,391][flwr][INFO] - 	       [   0, 1087,   21,   10,    1,    1,    5,    1,    9,    0],
[2024-08-13 12:43:56,391][flwr][INFO] - 	       [  16,   17,  844,   43,   24,    0,   24,   29,   31,    4],
[2024-08-13 12:43:56,391][flwr][INFO] - 	       [   5,    4,   14,  895,    1,   30,    8,   20,   17,   16],
[2024-08-13 12:43:56,391][flwr][INFO] - 	       [   1,    9,    3,    0,  905,    1,   18,    1,    3,   41],
[2024-08-13 12:43:56,391][flwr][INFO] - 	       [  17,   37,    4,  103,   29,  629,   28,   15,   14,   16],
[2024-08-13 12:43:56,391][flwr][INFO] - 	       [  17,    9,   19,    2,   17,   20,  872,    1,    1,    0],
[2024-08-13 12:43:56,391][flwr][INFO] - 	       [   3,   32,   33,    2,   18,    0,    1,  902,    4,   33],
[2024-08-13 12:43:56,391][flwr][INFO] - 	       [  13,   25,   16,   93,   14,   24,   17,   14,  719,   39],
[2024-08-13 12:43:56,391][flwr][INFO] - 	       [  17,   11,    6,   13,   71,    9,    2,   38,    5,  837]],
[2024-08-13 12:43:56,391][flwr][INFO] - 	      dtype=int64)),
[2024-08-13 12:43:56,391][flwr][INFO] - 	                      (7,
[2024-08-13 12:43:56,391][flwr][INFO] - 	                       array([[ 940,    0,    1,    1,    1,   12,   17,    1,    7,    0],
[2024-08-13 12:43:56,391][flwr][INFO] - 	       [   0, 1081,   13,    3,    1,    3,    5,    0,   29,    0],
[2024-08-13 12:43:56,391][flwr][INFO] - 	       [  15,   16,  845,   25,   19,    0,   24,   28,   51,    9],
[2024-08-13 12:43:56,392][flwr][INFO] - 	       [   5,    7,   17,  839,    1,   43,    8,   16,   54,   20],
[2024-08-13 12:43:56,392][flwr][INFO] - 	       [   2,    7,    4,    0,  852,    1,   20,    1,   16,   79],
[2024-08-13 12:43:56,392][flwr][INFO] - 	       [  19,   35,    5,   43,   22,  676,   27,   12,   35,   18],
[2024-08-13 12:43:56,392][flwr][INFO] - 	       [  15,   10,   18,    1,   13,   20,  877,    1,    3,    0],
[2024-08-13 12:43:56,392][flwr][INFO] - 	       [   3,   30,   32,    0,   15,    0,    1,  889,   17,   41],
[2024-08-13 12:43:56,392][flwr][INFO] - 	       [   7,   13,   12,   23,    9,   23,   17,   10,  838,   22],
[2024-08-13 12:43:56,392][flwr][INFO] - 	       [  16,    9,    5,    6,   39,    9,    2,   25,   19,  879]],
[2024-08-13 12:43:56,392][flwr][INFO] - 	      dtype=int64)),
[2024-08-13 12:43:56,392][flwr][INFO] - 	                      (8,
[2024-08-13 12:43:56,392][flwr][INFO] - 	                       array([[ 938,    0,    2,    7,    1,   14,   15,    1,    2,    0],
[2024-08-13 12:43:56,392][flwr][INFO] - 	       [   0, 1088,   20,   10,    1,    2,    5,    0,    9,    0],
[2024-08-13 12:43:56,392][flwr][INFO] - 	       [  15,   14,  854,   44,   24,    0,   23,   30,   25,    3],
[2024-08-13 12:43:56,392][flwr][INFO] - 	       [   5,    4,   13,  899,    1,   33,    8,   19,   13,   15],
[2024-08-13 12:43:56,392][flwr][INFO] - 	       [   1,    6,    4,    0,  923,    2,   14,    1,    2,   29],
[2024-08-13 12:43:56,392][flwr][INFO] - 	       [  13,   33,    5,   87,   28,  666,   25,   14,    9,   12],
[2024-08-13 12:43:56,392][flwr][INFO] - 	       [  14,    9,   17,    2,   19,   21,  874,    1,    1,    0],
[2024-08-13 12:43:56,392][flwr][INFO] - 	       [   3,   30,   36,    3,   18,    0,    1,  911,    1,   25],
[2024-08-13 12:43:56,393][flwr][INFO] - 	       [  16,   29,   19,   89,   21,   40,   18,   14,  692,   36],
[2024-08-13 12:43:56,393][flwr][INFO] - 	       [  19,   10,    6,   12,   85,   13,    1,   41,    4,  818]],
[2024-08-13 12:43:56,393][flwr][INFO] - 	      dtype=int64)),
[2024-08-13 12:43:56,393][flwr][INFO] - 	                      (9,
[2024-08-13 12:43:56,393][flwr][INFO] - 	                       array([[ 942,    0,    2,    1,    1,    9,   17,    1,    7,    0],
[2024-08-13 12:43:56,393][flwr][INFO] - 	       [   0, 1085,   16,    4,    1,    3,    5,    0,   21,    0],
[2024-08-13 12:43:56,393][flwr][INFO] - 	       [  14,   14,  851,   26,   19,    0,   23,   29,   47,    9],
[2024-08-13 12:43:56,393][flwr][INFO] - 	       [   5,    3,   14,  865,    1,   36,    8,   16,   40,   22],
[2024-08-13 12:43:56,393][flwr][INFO] - 	       [   1,    6,    3,    0,  866,    2,   19,    1,   13,   71],
[2024-08-13 12:43:56,393][flwr][INFO] - 	       [  14,   30,    3,   59,   23,  678,   28,   13,   28,   16],
[2024-08-13 12:43:56,393][flwr][INFO] - 	       [  14,    9,   18,    2,   14,   20,  879,    1,    1,    0],
[2024-08-13 12:43:56,393][flwr][INFO] - 	       [   3,   31,   33,    0,   16,    0,    0,  892,   12,   41],
[2024-08-13 12:43:56,393][flwr][INFO] - 	       [  12,   16,   12,   31,   10,   23,   15,   11,  821,   23],
[2024-08-13 12:43:56,393][flwr][INFO] - 	       [  19,    9,    5,    7,   43,   11,    1,   26,   16,  872]],
[2024-08-13 12:43:56,393][flwr][INFO] - 	      dtype=int64)),
[2024-08-13 12:43:56,393][flwr][INFO] - 	                      (10,
[2024-08-13 12:43:56,393][flwr][INFO] - 	                       array([[ 944,    0,    4,    2,    1,   11,   15,    1,    2,    0],
[2024-08-13 12:43:56,393][flwr][INFO] - 	       [   0, 1090,   17,    6,    1,    6,    5,    0,   10,    0],
[2024-08-13 12:43:56,394][flwr][INFO] - 	       [  13,   14,  864,   34,   26,    0,   20,   31,   27,    3],
[2024-08-13 12:43:56,394][flwr][INFO] - 	       [   5,    2,   16,  891,    1,   36,    8,   22,   18,   11],
[2024-08-13 12:43:56,394][flwr][INFO] - 	       [   1,    5,    4,    0,  930,    2,   13,    1,    3,   23],
[2024-08-13 12:43:56,394][flwr][INFO] - 	       [  11,   26,    3,   65,   21,  709,   23,   14,   12,    8],
[2024-08-13 12:43:56,394][flwr][INFO] - 	       [  13,    6,   12,    2,   19,   20,  884,    1,    1,    0],
[2024-08-13 12:43:56,394][flwr][INFO] - 	       [   2,   27,   35,    4,   20,    0,    1,  917,    2,   20],
[2024-08-13 12:43:56,394][flwr][INFO] - 	       [  13,   28,   17,   61,   24,   39,   18,   16,  741,   17],
[2024-08-13 12:43:56,394][flwr][INFO] - 	       [  21,   10,    6,   12,   97,   15,    1,   45,    4,  798]],
[2024-08-13 12:43:56,394][flwr][INFO] - 	      dtype=int64))],
[2024-08-13 12:43:56,394][flwr][INFO] - 	 'f1': [(0, 0.017493624772313296),
[2024-08-13 12:43:56,394][flwr][INFO] - 	        (1, 0.6936957266006433),
[2024-08-13 12:43:56,394][flwr][INFO] - 	        (2, 0.8079644793483735),
[2024-08-13 12:43:56,394][flwr][INFO] - 	        (3, 0.8432491955790656),
[2024-08-13 12:43:56,394][flwr][INFO] - 	        (4, 0.8448017677733999),
[2024-08-13 12:43:56,394][flwr][INFO] - 	        (5, 0.8641382829709117),
[2024-08-13 12:43:56,394][flwr][INFO] - 	        (6, 0.861221787669007),
[2024-08-13 12:43:56,394][flwr][INFO] - 	        (7, 0.8711002038859232),
[2024-08-13 12:43:56,395][flwr][INFO] - 	        (8, 0.8647804138094687),
[2024-08-13 12:43:56,395][flwr][INFO] - 	        (9, 0.8744468108654688),
[2024-08-13 12:43:56,395][flwr][INFO] - 	        (10, 0.8756907973927056)],
[2024-08-13 12:43:56,395][flwr][INFO] - 	 'precision': [(0, 0.009604000000000001),
[2024-08-13 12:43:56,395][flwr][INFO] - 	               (1, 0.7891660392382309),
[2024-08-13 12:43:56,395][flwr][INFO] - 	               (2, 0.824466100487137),
[2024-08-13 12:43:56,395][flwr][INFO] - 	               (3, 0.8441427817784666),
[2024-08-13 12:43:56,395][flwr][INFO] - 	               (4, 0.8552773954473055),
[2024-08-13 12:43:56,395][flwr][INFO] - 	               (5, 0.8668039476355046),
[2024-08-13 12:43:56,395][flwr][INFO] - 	               (6, 0.8646581870813057),
[2024-08-13 12:43:56,395][flwr][INFO] - 	               (7, 0.8726045775549106),
[2024-08-13 12:43:56,395][flwr][INFO] - 	               (8, 0.8684986736421413),
[2024-08-13 12:43:56,395][flwr][INFO] - 	               (9, 0.8752049577789134),
[2024-08-13 12:43:56,395][flwr][INFO] - 	               (10, 0.8783321441244747)],
[2024-08-13 12:43:56,395][flwr][INFO] - 	 'recall': [(0, 0.098),
[2024-08-13 12:43:56,395][flwr][INFO] - 	            (1, 0.7265),
[2024-08-13 12:43:56,395][flwr][INFO] - 	            (2, 0.8148),
[2024-08-13 12:43:56,396][flwr][INFO] - 	            (3, 0.8443),
[2024-08-13 12:43:56,396][flwr][INFO] - 	            (4, 0.8466),
[2024-08-13 12:43:56,396][flwr][INFO] - 	            (5, 0.8642),
[2024-08-13 12:43:56,396][flwr][INFO] - 	            (6, 0.8627),
[2024-08-13 12:43:56,396][flwr][INFO] - 	            (7, 0.8716),
[2024-08-13 12:43:56,396][flwr][INFO] - 	            (8, 0.8663),
[2024-08-13 12:43:56,396][flwr][INFO] - 	            (9, 0.8751),
[2024-08-13 12:43:56,396][flwr][INFO] - 	            (10, 0.8768)]}
[2024-08-13 12:43:56,396][flwr][INFO] - 
