[2024-08-13 15:59:17,212][flwr][INFO] - Starting Flower simulation, config: num_rounds=10, no round_timeout
[2024-08-13 15:59:21,280][flwr][INFO] - Flower VCE: Ray initialized with resources: {'node:__internal_head__': 1.0, 'GPU': 1.0, 'node:127.0.0.1': 1.0, 'memory': 4990100276.0, 'object_store_memory': 2495050137.0, 'CPU': 16.0, 'accelerator_type:G': 1.0}
[2024-08-13 15:59:21,280][flwr][INFO] - Optimize your simulation with Flower VCE: https://flower.ai/docs/framework/how-to-run-simulations.html
[2024-08-13 15:59:21,281][flwr][INFO] - Flower VCE: Resources for each Virtual Client: {'num_cpus': 2, 'num_gpus': 0.5}
[2024-08-13 15:59:21,292][flwr][INFO] - Flower VCE: Creating VirtualClientEngineActorPool with 2 actors
[2024-08-13 15:59:21,294][flwr][INFO] - [INIT]
[2024-08-13 15:59:21,294][flwr][INFO] - Requesting initial parameters from one random client
[2024-08-13 15:59:28,954][flwr][INFO] - Received initial parameters from one random client
[2024-08-13 15:59:28,954][flwr][INFO] - Evaluating initial global parameters
[2024-08-13 15:59:31,187][flwr][INFO] - initial parameters (loss, other metrics): 2.3025850929940455, {'accuracy': 0.098, 'precision': 0.009604000000000001, 'recall': 0.098, 'f1': 0.017493624772313296, 'confusion_matrix': array([[ 980,    0,    0,    0,    0,    0,    0,    0,    0,    0],
       [1135,    0,    0,    0,    0,    0,    0,    0,    0,    0],
       [1032,    0,    0,    0,    0,    0,    0,    0,    0,    0],
       [1010,    0,    0,    0,    0,    0,    0,    0,    0,    0],
       [ 982,    0,    0,    0,    0,    0,    0,    0,    0,    0],
       [ 892,    0,    0,    0,    0,    0,    0,    0,    0,    0],
       [ 958,    0,    0,    0,    0,    0,    0,    0,    0,    0],
       [1028,    0,    0,    0,    0,    0,    0,    0,    0,    0],
       [ 974,    0,    0,    0,    0,    0,    0,    0,    0,    0],
       [1009,    0,    0,    0,    0,    0,    0,    0,    0,    0]],
      dtype=int64)}
[2024-08-13 15:59:31,188][flwr][INFO] - 
[2024-08-13 15:59:31,188][flwr][INFO] - [ROUND 1]
[2024-08-13 15:59:31,189][flwr][INFO] - configure_fit: strategy sampled 10 clients (out of 100)
[2024-08-13 15:59:34,659][flwr][INFO] - aggregate_fit: received 10 results and 0 failures
[2024-08-13 15:59:34,662][flwr][WARNING] - No fit_metrics_aggregation_fn provided
[2024-08-13 15:59:36,778][flwr][INFO] - fit progress: (1, 2.460565466319126, {'accuracy': 0.1818, 'precision': 0.1877076825352048, 'recall': 0.1818, 'f1': 0.1505151550213645, 'confusion_matrix': array([[  88,  777,    1,   20,   67,    0,   10,    5,    1,   11],
       [   0,    0, 1106,    4,   22,    0,    1,    1,    1,    0],
       [   1,   17,  105,  814,   31,    1,    6,   14,    8,   35],
       [   0,    7,    8,  206,  756,    0,    1,    1,    4,   27],
       [  58,    0,   12,    2,  600,   10,    1,   21,    1,  277],
       [  33,   49,   73,   54,  448,    1,   50,    4,   16,  164],
       [  10,   33,   43,   55,   64,    0,  211,  538,    0,    4],
       [  46,    1,   63,   12,   88,    0,    0,    5,  753,   60],
       [   1,    2,   41,   42,  320,    0,    1,    4,    2,  561],
       [  97,    0,    5,    6,  277,    0,    0,    5,   19,  600]],
      dtype=int64)}, 5.590517200005706)
[2024-08-13 15:59:36,779][flwr][INFO] - configure_evaluate: no clients selected, skipping evaluation
[2024-08-13 15:59:36,779][flwr][INFO] - 
[2024-08-13 15:59:36,779][flwr][INFO] - [ROUND 2]
[2024-08-13 15:59:36,780][flwr][INFO] - configure_fit: strategy sampled 10 clients (out of 100)
[2024-08-13 15:59:37,965][flwr][INFO] - aggregate_fit: received 10 results and 0 failures
[2024-08-13 15:59:40,054][flwr][INFO] - fit progress: (2, 2.1379167635242666, {'accuracy': 0.1579, 'precision': 0.1317210204161387, 'recall': 0.1579, 'f1': 0.13995149666225257, 'confusion_matrix': array([[ 281,  614,    1,    3,    0,    1,   51,   25,    3,    1],
       [   0,    0, 1109,    3,    0,    0,   14,    5,    3,    1],
       [  24,   29,  148,  702,    0,    8,   13,   77,   20,   11],
       [  11,   21,   21,  637,   91,    2,  105,   11,   64,   47],
       [  51,    0,   14,    1,    5,  775,    6,  103,   21,    6],
       [ 145,   59,   51,   48,   14,   60,  400,   24,   59,   32],
       [  18,   14,   21,    6,    1,    0,  254,  644,    0,    0],
       [  69,    1,   53,    9,    1,    3,    2,   34,  852,    4],
       [  53,   12,   61,  134,    0,   15,   71,   12,  104,  512],
       [ 456,    1,    9,    7,    7,  179,    4,   45,  245,   56]],
      dtype=int64)}, 8.866452700007358)
[2024-08-13 15:59:40,055][flwr][INFO] - configure_evaluate: no clients selected, skipping evaluation
[2024-08-13 15:59:40,055][flwr][INFO] - 
[2024-08-13 15:59:40,055][flwr][INFO] - [ROUND 3]
[2024-08-13 15:59:40,055][flwr][INFO] - configure_fit: strategy sampled 10 clients (out of 100)
[2024-08-13 15:59:41,196][flwr][INFO] - aggregate_fit: received 10 results and 0 failures
[2024-08-13 15:59:43,285][flwr][INFO] - fit progress: (3, 2.0108371172168695, {'accuracy': 0.1511, 'precision': 0.1494848420225721, 'recall': 0.1511, 'f1': 0.14653157166627773, 'confusion_matrix': array([[ 149,  748,    2,    0,    2,    1,   45,   25,    0,    8],
       [   0,    2, 1104,    3,    1,    0,   11,    4,    0,   10],
       [  15,   45,  175,  627,   12,   14,   11,   75,   11,   47],
       [   3,   39,   11,  176,  642,    0,   37,   13,   15,   74],
       [  30,    0,    8,    0,   78,  726,    7,   78,    3,   52],
       [  53,  107,   40,   12,  133,   87,  297,   25,   22,  116],
       [   7,   27,   19,    5,    3,    1,  291,  605,    0,    0],
       [  84,    1,   48,    3,   12,    9,    0,   65,  779,   27],
       [  11,   18,   27,   16,   91,    2,   34,   10,   13,  752],
       [ 295,    3,    4,    2,   50,   86,    1,   40,   53,  475]],
      dtype=int64)}, 12.096896300005028)
[2024-08-13 15:59:43,286][flwr][INFO] - configure_evaluate: no clients selected, skipping evaluation
[2024-08-13 15:59:43,286][flwr][INFO] - 
[2024-08-13 15:59:43,286][flwr][INFO] - [ROUND 4]
[2024-08-13 15:59:43,286][flwr][INFO] - configure_fit: strategy sampled 10 clients (out of 100)
[2024-08-13 15:59:44,423][flwr][INFO] - aggregate_fit: received 10 results and 0 failures
[2024-08-13 15:59:46,513][flwr][INFO] - fit progress: (4, 1.8457730359220255, {'accuracy': 0.2014, 'precision': 0.16906875983013492, 'recall': 0.2014, 'f1': 0.18048732721098984, 'confusion_matrix': array([[ 560,  310,    1,   12,    1,    2,   74,   16,    4,    0],
       [   0,    2, 1107,    5,    1,    0,   16,    0,    3,    1],
       [  21,   14,  133,  763,    6,   14,   17,   31,   24,    9],
       [   7,   12,   10,  422,  429,    2,   45,    8,   60,   15],
       [  42,    0,    6,    3,   76,  787,    6,   40,   15,    7],
       [  98,   50,   36,   55,   83,  147,  343,   15,   53,   12],
       [  20,   12,   19,   13,    2,    3,  418,  471,    0,    0],
       [  84,    1,   43,   14,    7,    8,    2,   32,  834,    3],
       [  35,   12,   39,  144,   58,   26,   41,    9,  178,  432],
       [ 547,    1,    4,   11,   43,  168,    3,   20,  166,   46]],
      dtype=int64)}, 15.325235299998894)
[2024-08-13 15:59:46,514][flwr][INFO] - configure_evaluate: no clients selected, skipping evaluation
[2024-08-13 15:59:46,514][flwr][INFO] - 
[2024-08-13 15:59:46,514][flwr][INFO] - [ROUND 5]
[2024-08-13 15:59:46,515][flwr][INFO] - configure_fit: strategy sampled 10 clients (out of 100)
[2024-08-13 15:59:47,691][flwr][INFO] - aggregate_fit: received 10 results and 0 failures
[2024-08-13 15:59:49,797][flwr][INFO] - fit progress: (5, 1.8326972999759277, {'accuracy': 0.1757, 'precision': 0.1662045659462137, 'recall': 0.1757, 'f1': 0.16234702577570084, 'confusion_matrix': array([[  79,  803,    1,    1,    4,    2,   27,   48,    0,   15],
       [   0,    4, 1103,    3,    2,    0,    5,    6,    0,   12],
       [   2,   37,  284,  535,   20,    7,   12,   70,   12,   53],
       [   1,   38,    9,  159,  662,    2,   30,   18,   14,   77],
       [  16,    1,    7,    0,  164,  619,    4,   87,    1,   83],
       [  25,  113,   34,   10,  125,  104,  306,   36,   23,  116],
       [   6,   34,   17,    4,    5,    1,  202,  687,    0,    2],
       [  72,    1,   48,    3,   13,    8,    0,  139,  707,   37],
       [   2,   21,   32,    8,   88,    5,   22,   13,   12,  771],
       [ 219,    4,    3,    3,   50,   39,    1,   53,   27,  610]],
      dtype=int64)}, 18.60956540000916)
[2024-08-13 15:59:49,798][flwr][INFO] - configure_evaluate: no clients selected, skipping evaluation
[2024-08-13 15:59:49,798][flwr][INFO] - 
[2024-08-13 15:59:49,799][flwr][INFO] - [ROUND 6]
[2024-08-13 15:59:49,799][flwr][INFO] - configure_fit: strategy sampled 10 clients (out of 100)
[2024-08-13 15:59:51,085][flwr][INFO] - aggregate_fit: received 10 results and 0 failures
[2024-08-13 15:59:53,167][flwr][INFO] - fit progress: (6, 1.7603957738875127, {'accuracy': 0.2202, 'precision': 0.17614264153493353, 'recall': 0.2202, 'f1': 0.19142569389795866, 'confusion_matrix': array([[ 509,  325,    1,    8,    1,    2,  112,   17,    5,    0],
       [   0,    4, 1103,    4,    0,    0,   22,    0,    2,    0],
       [  19,   13,  226,  666,    6,   13,   19,   25,   41,    4],
       [   6,   16,   15,  444,  362,    3,   71,    8,   78,    7],
       [  44,    1,    8,    1,   79,  778,   12,   34,   21,    4],
       [  70,   48,   34,   38,   45,  125,  455,   13,   62,    2],
       [  17,   13,   26,    7,    3,    3,  453,  436,    0,    0],
       [  85,    1,   48,    8,    5,    6,    2,   30,  841,    2],
       [  32,   13,   48,  110,   41,   28,   68,    8,  313,  313],
       [ 645,    1,    5,    8,   36,  105,    7,   13,  170,   19]],
      dtype=int64)}, 21.97861350000312)
[2024-08-13 15:59:53,168][flwr][INFO] - configure_evaluate: no clients selected, skipping evaluation
[2024-08-13 15:59:53,168][flwr][INFO] - 
[2024-08-13 15:59:53,168][flwr][INFO] - [ROUND 7]
[2024-08-13 15:59:53,168][flwr][INFO] - configure_fit: strategy sampled 10 clients (out of 100)
[2024-08-13 15:59:54,348][flwr][INFO] - aggregate_fit: received 10 results and 0 failures
[2024-08-13 15:59:56,430][flwr][INFO] - fit progress: (7, 1.7651776066037899, {'accuracy': 0.184, 'precision': 0.174690647612387, 'recall': 0.184, 'f1': 0.17345810643148488, 'confusion_matrix': array([[ 103,  778,    1,    1,    6,    2,   23,   52,    0,   14],
       [   0,   18, 1088,    3,    3,    0,    9,    6,    0,    8],
       [   4,   34,  283,  565,   24,    6,   10,   54,   13,   39],
       [   1,   33,   10,  218,  619,    1,   22,   20,   18,   68],
       [  24,    2,    5,    0,  225,  565,    5,   82,    1,   73],
       [  34,  104,   29,   27,  116,  100,  329,   39,   23,   91],
       [  10,   34,   15,    4,    7,    1,  161,  725,    0,    1],
       [  78,    4,   45,    5,   15,    6,    0,  201,  650,   24],
       [   4,   22,   29,   20,   82,    8,   16,   19,   18,  756],
       [ 315,    5,    2,    3,   65,   28,    1,   55,   22,  513]],
      dtype=int64)}, 25.242034399998374)
[2024-08-13 15:59:56,431][flwr][INFO] - configure_evaluate: no clients selected, skipping evaluation
[2024-08-13 15:59:56,431][flwr][INFO] - 
[2024-08-13 15:59:56,431][flwr][INFO] - [ROUND 8]
[2024-08-13 15:59:56,431][flwr][INFO] - configure_fit: strategy sampled 10 clients (out of 100)
[2024-08-13 15:59:57,641][flwr][INFO] - aggregate_fit: received 10 results and 0 failures
[2024-08-13 15:59:59,866][flwr][INFO] - fit progress: (8, 1.7118067053826374, {'accuracy': 0.214, 'precision': 0.183842817187788, 'recall': 0.214, 'f1': 0.1933683695943849, 'confusion_matrix': array([[ 516,  350,    1,    7,    1,    6,   71,   20,    8,    0],
       [   0,   12, 1093,    6,    0,    0,   21,    0,    2,    1],
       [  18,   15,  213,  672,   10,   16,   16,   24,   40,    8],
       [   6,   18,   13,  417,  396,    2,   56,   11,   79,   12],
       [  38,    2,    5,    1,   77,  794,    8,   29,   15,   13],
       [  57,   51,   27,   37,   38,  164,  429,   15,   66,    8],
       [  19,   14,   25,    4,    4,    5,  370,  517,    0,    0],
       [  74,    2,   43,    7,    5,    8,    1,   29,  855,    4],
       [  27,   13,   36,   93,   36,   33,   45,    8,  275,  408],
       [ 622,    2,    3,    7,   35,  109,    6,    9,  149,   67]],
      dtype=int64)}, 28.67790920000698)
[2024-08-13 15:59:59,867][flwr][INFO] - configure_evaluate: no clients selected, skipping evaluation
[2024-08-13 15:59:59,867][flwr][INFO] - 
[2024-08-13 15:59:59,867][flwr][INFO] - [ROUND 9]
[2024-08-13 15:59:59,867][flwr][INFO] - configure_fit: strategy sampled 10 clients (out of 100)
[2024-08-13 16:00:01,044][flwr][INFO] - aggregate_fit: received 10 results and 0 failures
[2024-08-13 16:00:03,126][flwr][INFO] - fit progress: (9, 1.7219843428412984, {'accuracy': 0.1983, 'precision': 0.18679262581541903, 'recall': 0.1983, 'f1': 0.1866018315851892, 'confusion_matrix': array([[ 175,  699,    1,    1,    5,    4,   30,   50,    0,   15],
       [   1,   13, 1096,    3,    1,    0,    7,    6,    0,    8],
       [   7,   29,  352,  500,   23,    8,   14,   46,   13,   40],
       [   3,   31,   14,  217,  598,    2,   32,   19,   16,   78],
       [  24,    2,    5,    1,  158,  651,    4,   62,    1,   74],
       [  37,   79,   29,   19,   79,  146,  372,   31,   22,   78],
       [  14,   23,   18,    3,    7,    2,  178,  710,    0,    3],
       [  80,    4,   54,    2,   15,    9,    0,  197,  636,   31],
       [   5,   14,   34,   17,   56,   12,   22,   13,   15,  786],
       [ 324,    3,    2,    3,   47,   38,    2,   42,   16,  532]],
      dtype=int64)}, 31.938568500001566)
[2024-08-13 16:00:03,127][flwr][INFO] - configure_evaluate: no clients selected, skipping evaluation
[2024-08-13 16:00:03,127][flwr][INFO] - 
[2024-08-13 16:00:03,127][flwr][INFO] - [ROUND 10]
[2024-08-13 16:00:03,128][flwr][INFO] - configure_fit: strategy sampled 10 clients (out of 100)
[2024-08-13 16:00:04,403][flwr][INFO] - aggregate_fit: received 10 results and 0 failures
[2024-08-13 16:00:06,484][flwr][INFO] - fit progress: (10, 1.6943487006134244, {'accuracy': 0.1962, 'precision': 0.17596038512721174, 'recall': 0.1962, 'f1': 0.1796082012602354, 'confusion_matrix': array([[ 217,  636,    1,    2,    4,    6,   76,   28,   10,    0],
       [   0,   20, 1086,    6,    1,    0,   19,    0,    3,    0],
       [  10,   22,  240,  628,   15,   15,   17,   24,   57,    4],
       [   2,   22,   11,  311,  499,    2,   58,   10,   90,    5],
       [  25,    2,    4,    1,   89,  806,    8,   25,   18,    4],
       [  33,   58,   20,   20,   44,  187,  443,   13,   71,    3],
       [  13,   17,   19,    2,    6,    6,  394,  501,    0,    0],
       [  58,    4,   38,    5,    9,    9,    1,   36,  865,    3],
       [   7,   17,   31,   55,   71,   43,   58,    6,  426,  260],
       [ 553,    3,    2,    6,   52,  145,    5,   13,  188,   42]],
      dtype=int64)}, 35.296342300003744)
[2024-08-13 16:00:06,485][flwr][INFO] - configure_evaluate: no clients selected, skipping evaluation
[2024-08-13 16:00:06,485][flwr][INFO] - 
[2024-08-13 16:00:06,485][flwr][INFO] - [SUMMARY]
[2024-08-13 16:00:06,485][flwr][INFO] - Run finished 10 round(s) in 35.30s
[2024-08-13 16:00:06,493][flwr][INFO] - 	History (loss, centralized):
[2024-08-13 16:00:06,493][flwr][INFO] - 		round 0: 2.3025850929940455
[2024-08-13 16:00:06,493][flwr][INFO] - 		round 1: 2.460565466319126
[2024-08-13 16:00:06,493][flwr][INFO] - 		round 2: 2.1379167635242666
[2024-08-13 16:00:06,493][flwr][INFO] - 		round 3: 2.0108371172168695
[2024-08-13 16:00:06,493][flwr][INFO] - 		round 4: 1.8457730359220255
[2024-08-13 16:00:06,493][flwr][INFO] - 		round 5: 1.8326972999759277
[2024-08-13 16:00:06,493][flwr][INFO] - 		round 6: 1.7603957738875127
[2024-08-13 16:00:06,493][flwr][INFO] - 		round 7: 1.7651776066037899
[2024-08-13 16:00:06,493][flwr][INFO] - 		round 8: 1.7118067053826374
[2024-08-13 16:00:06,494][flwr][INFO] - 		round 9: 1.7219843428412984
[2024-08-13 16:00:06,494][flwr][INFO] - 		round 10: 1.6943487006134244
[2024-08-13 16:00:06,494][flwr][INFO] - 	History (metrics, centralized):
[2024-08-13 16:00:06,494][flwr][INFO] - 	{'accuracy': [(0, 0.098),
[2024-08-13 16:00:06,494][flwr][INFO] - 	              (1, 0.1818),
[2024-08-13 16:00:06,494][flwr][INFO] - 	              (2, 0.1579),
[2024-08-13 16:00:06,494][flwr][INFO] - 	              (3, 0.1511),
[2024-08-13 16:00:06,494][flwr][INFO] - 	              (4, 0.2014),
[2024-08-13 16:00:06,494][flwr][INFO] - 	              (5, 0.1757),
[2024-08-13 16:00:06,494][flwr][INFO] - 	              (6, 0.2202),
[2024-08-13 16:00:06,494][flwr][INFO] - 	              (7, 0.184),
[2024-08-13 16:00:06,494][flwr][INFO] - 	              (8, 0.214),
[2024-08-13 16:00:06,494][flwr][INFO] - 	              (9, 0.1983),
[2024-08-13 16:00:06,494][flwr][INFO] - 	              (10, 0.1962)],
[2024-08-13 16:00:06,494][flwr][INFO] - 	 'confusion_matrix': [(0,
[2024-08-13 16:00:06,495][flwr][INFO] - 	                       array([[ 980,    0,    0,    0,    0,    0,    0,    0,    0,    0],
[2024-08-13 16:00:06,495][flwr][INFO] - 	       [1135,    0,    0,    0,    0,    0,    0,    0,    0,    0],
[2024-08-13 16:00:06,495][flwr][INFO] - 	       [1032,    0,    0,    0,    0,    0,    0,    0,    0,    0],
[2024-08-13 16:00:06,495][flwr][INFO] - 	       [1010,    0,    0,    0,    0,    0,    0,    0,    0,    0],
[2024-08-13 16:00:06,495][flwr][INFO] - 	       [ 982,    0,    0,    0,    0,    0,    0,    0,    0,    0],
[2024-08-13 16:00:06,495][flwr][INFO] - 	       [ 892,    0,    0,    0,    0,    0,    0,    0,    0,    0],
[2024-08-13 16:00:06,495][flwr][INFO] - 	       [ 958,    0,    0,    0,    0,    0,    0,    0,    0,    0],
[2024-08-13 16:00:06,495][flwr][INFO] - 	       [1028,    0,    0,    0,    0,    0,    0,    0,    0,    0],
[2024-08-13 16:00:06,495][flwr][INFO] - 	       [ 974,    0,    0,    0,    0,    0,    0,    0,    0,    0],
[2024-08-13 16:00:06,495][flwr][INFO] - 	       [1009,    0,    0,    0,    0,    0,    0,    0,    0,    0]],
[2024-08-13 16:00:06,495][flwr][INFO] - 	      dtype=int64)),
[2024-08-13 16:00:06,495][flwr][INFO] - 	                      (1,
[2024-08-13 16:00:06,495][flwr][INFO] - 	                       array([[  88,  777,    1,   20,   67,    0,   10,    5,    1,   11],
[2024-08-13 16:00:06,495][flwr][INFO] - 	       [   0,    0, 1106,    4,   22,    0,    1,    1,    1,    0],
[2024-08-13 16:00:06,495][flwr][INFO] - 	       [   1,   17,  105,  814,   31,    1,    6,   14,    8,   35],
[2024-08-13 16:00:06,495][flwr][INFO] - 	       [   0,    7,    8,  206,  756,    0,    1,    1,    4,   27],
[2024-08-13 16:00:06,496][flwr][INFO] - 	       [  58,    0,   12,    2,  600,   10,    1,   21,    1,  277],
[2024-08-13 16:00:06,496][flwr][INFO] - 	       [  33,   49,   73,   54,  448,    1,   50,    4,   16,  164],
[2024-08-13 16:00:06,496][flwr][INFO] - 	       [  10,   33,   43,   55,   64,    0,  211,  538,    0,    4],
[2024-08-13 16:00:06,496][flwr][INFO] - 	       [  46,    1,   63,   12,   88,    0,    0,    5,  753,   60],
[2024-08-13 16:00:06,496][flwr][INFO] - 	       [   1,    2,   41,   42,  320,    0,    1,    4,    2,  561],
[2024-08-13 16:00:06,496][flwr][INFO] - 	       [  97,    0,    5,    6,  277,    0,    0,    5,   19,  600]],
[2024-08-13 16:00:06,496][flwr][INFO] - 	      dtype=int64)),
[2024-08-13 16:00:06,496][flwr][INFO] - 	                      (2,
[2024-08-13 16:00:06,496][flwr][INFO] - 	                       array([[ 281,  614,    1,    3,    0,    1,   51,   25,    3,    1],
[2024-08-13 16:00:06,496][flwr][INFO] - 	       [   0,    0, 1109,    3,    0,    0,   14,    5,    3,    1],
[2024-08-13 16:00:06,496][flwr][INFO] - 	       [  24,   29,  148,  702,    0,    8,   13,   77,   20,   11],
[2024-08-13 16:00:06,496][flwr][INFO] - 	       [  11,   21,   21,  637,   91,    2,  105,   11,   64,   47],
[2024-08-13 16:00:06,496][flwr][INFO] - 	       [  51,    0,   14,    1,    5,  775,    6,  103,   21,    6],
[2024-08-13 16:00:06,496][flwr][INFO] - 	       [ 145,   59,   51,   48,   14,   60,  400,   24,   59,   32],
[2024-08-13 16:00:06,496][flwr][INFO] - 	       [  18,   14,   21,    6,    1,    0,  254,  644,    0,    0],
[2024-08-13 16:00:06,496][flwr][INFO] - 	       [  69,    1,   53,    9,    1,    3,    2,   34,  852,    4],
[2024-08-13 16:00:06,496][flwr][INFO] - 	       [  53,   12,   61,  134,    0,   15,   71,   12,  104,  512],
[2024-08-13 16:00:06,497][flwr][INFO] - 	       [ 456,    1,    9,    7,    7,  179,    4,   45,  245,   56]],
[2024-08-13 16:00:06,497][flwr][INFO] - 	      dtype=int64)),
[2024-08-13 16:00:06,497][flwr][INFO] - 	                      (3,
[2024-08-13 16:00:06,497][flwr][INFO] - 	                       array([[ 149,  748,    2,    0,    2,    1,   45,   25,    0,    8],
[2024-08-13 16:00:06,497][flwr][INFO] - 	       [   0,    2, 1104,    3,    1,    0,   11,    4,    0,   10],
[2024-08-13 16:00:06,497][flwr][INFO] - 	       [  15,   45,  175,  627,   12,   14,   11,   75,   11,   47],
[2024-08-13 16:00:06,497][flwr][INFO] - 	       [   3,   39,   11,  176,  642,    0,   37,   13,   15,   74],
[2024-08-13 16:00:06,497][flwr][INFO] - 	       [  30,    0,    8,    0,   78,  726,    7,   78,    3,   52],
[2024-08-13 16:00:06,497][flwr][INFO] - 	       [  53,  107,   40,   12,  133,   87,  297,   25,   22,  116],
[2024-08-13 16:00:06,497][flwr][INFO] - 	       [   7,   27,   19,    5,    3,    1,  291,  605,    0,    0],
[2024-08-13 16:00:06,497][flwr][INFO] - 	       [  84,    1,   48,    3,   12,    9,    0,   65,  779,   27],
[2024-08-13 16:00:06,497][flwr][INFO] - 	       [  11,   18,   27,   16,   91,    2,   34,   10,   13,  752],
[2024-08-13 16:00:06,497][flwr][INFO] - 	       [ 295,    3,    4,    2,   50,   86,    1,   40,   53,  475]],
[2024-08-13 16:00:06,497][flwr][INFO] - 	      dtype=int64)),
[2024-08-13 16:00:06,497][flwr][INFO] - 	                      (4,
[2024-08-13 16:00:06,497][flwr][INFO] - 	                       array([[ 560,  310,    1,   12,    1,    2,   74,   16,    4,    0],
[2024-08-13 16:00:06,497][flwr][INFO] - 	       [   0,    2, 1107,    5,    1,    0,   16,    0,    3,    1],
[2024-08-13 16:00:06,498][flwr][INFO] - 	       [  21,   14,  133,  763,    6,   14,   17,   31,   24,    9],
[2024-08-13 16:00:06,498][flwr][INFO] - 	       [   7,   12,   10,  422,  429,    2,   45,    8,   60,   15],
[2024-08-13 16:00:06,498][flwr][INFO] - 	       [  42,    0,    6,    3,   76,  787,    6,   40,   15,    7],
[2024-08-13 16:00:06,498][flwr][INFO] - 	       [  98,   50,   36,   55,   83,  147,  343,   15,   53,   12],
[2024-08-13 16:00:06,498][flwr][INFO] - 	       [  20,   12,   19,   13,    2,    3,  418,  471,    0,    0],
[2024-08-13 16:00:06,498][flwr][INFO] - 	       [  84,    1,   43,   14,    7,    8,    2,   32,  834,    3],
[2024-08-13 16:00:06,498][flwr][INFO] - 	       [  35,   12,   39,  144,   58,   26,   41,    9,  178,  432],
[2024-08-13 16:00:06,498][flwr][INFO] - 	       [ 547,    1,    4,   11,   43,  168,    3,   20,  166,   46]],
[2024-08-13 16:00:06,498][flwr][INFO] - 	      dtype=int64)),
[2024-08-13 16:00:06,498][flwr][INFO] - 	                      (5,
[2024-08-13 16:00:06,498][flwr][INFO] - 	                       array([[  79,  803,    1,    1,    4,    2,   27,   48,    0,   15],
[2024-08-13 16:00:06,498][flwr][INFO] - 	       [   0,    4, 1103,    3,    2,    0,    5,    6,    0,   12],
[2024-08-13 16:00:06,498][flwr][INFO] - 	       [   2,   37,  284,  535,   20,    7,   12,   70,   12,   53],
[2024-08-13 16:00:06,498][flwr][INFO] - 	       [   1,   38,    9,  159,  662,    2,   30,   18,   14,   77],
[2024-08-13 16:00:06,498][flwr][INFO] - 	       [  16,    1,    7,    0,  164,  619,    4,   87,    1,   83],
[2024-08-13 16:00:06,498][flwr][INFO] - 	       [  25,  113,   34,   10,  125,  104,  306,   36,   23,  116],
[2024-08-13 16:00:06,498][flwr][INFO] - 	       [   6,   34,   17,    4,    5,    1,  202,  687,    0,    2],
[2024-08-13 16:00:06,498][flwr][INFO] - 	       [  72,    1,   48,    3,   13,    8,    0,  139,  707,   37],
[2024-08-13 16:00:06,499][flwr][INFO] - 	       [   2,   21,   32,    8,   88,    5,   22,   13,   12,  771],
[2024-08-13 16:00:06,499][flwr][INFO] - 	       [ 219,    4,    3,    3,   50,   39,    1,   53,   27,  610]],
[2024-08-13 16:00:06,499][flwr][INFO] - 	      dtype=int64)),
[2024-08-13 16:00:06,499][flwr][INFO] - 	                      (6,
[2024-08-13 16:00:06,499][flwr][INFO] - 	                       array([[ 509,  325,    1,    8,    1,    2,  112,   17,    5,    0],
[2024-08-13 16:00:06,499][flwr][INFO] - 	       [   0,    4, 1103,    4,    0,    0,   22,    0,    2,    0],
[2024-08-13 16:00:06,499][flwr][INFO] - 	       [  19,   13,  226,  666,    6,   13,   19,   25,   41,    4],
[2024-08-13 16:00:06,499][flwr][INFO] - 	       [   6,   16,   15,  444,  362,    3,   71,    8,   78,    7],
[2024-08-13 16:00:06,499][flwr][INFO] - 	       [  44,    1,    8,    1,   79,  778,   12,   34,   21,    4],
[2024-08-13 16:00:06,499][flwr][INFO] - 	       [  70,   48,   34,   38,   45,  125,  455,   13,   62,    2],
[2024-08-13 16:00:06,499][flwr][INFO] - 	       [  17,   13,   26,    7,    3,    3,  453,  436,    0,    0],
[2024-08-13 16:00:06,499][flwr][INFO] - 	       [  85,    1,   48,    8,    5,    6,    2,   30,  841,    2],
[2024-08-13 16:00:06,499][flwr][INFO] - 	       [  32,   13,   48,  110,   41,   28,   68,    8,  313,  313],
[2024-08-13 16:00:06,499][flwr][INFO] - 	       [ 645,    1,    5,    8,   36,  105,    7,   13,  170,   19]],
[2024-08-13 16:00:06,499][flwr][INFO] - 	      dtype=int64)),
[2024-08-13 16:00:06,500][flwr][INFO] - 	                      (7,
[2024-08-13 16:00:06,500][flwr][INFO] - 	                       array([[ 103,  778,    1,    1,    6,    2,   23,   52,    0,   14],
[2024-08-13 16:00:06,500][flwr][INFO] - 	       [   0,   18, 1088,    3,    3,    0,    9,    6,    0,    8],
[2024-08-13 16:00:06,500][flwr][INFO] - 	       [   4,   34,  283,  565,   24,    6,   10,   54,   13,   39],
[2024-08-13 16:00:06,500][flwr][INFO] - 	       [   1,   33,   10,  218,  619,    1,   22,   20,   18,   68],
[2024-08-13 16:00:06,500][flwr][INFO] - 	       [  24,    2,    5,    0,  225,  565,    5,   82,    1,   73],
[2024-08-13 16:00:06,500][flwr][INFO] - 	       [  34,  104,   29,   27,  116,  100,  329,   39,   23,   91],
[2024-08-13 16:00:06,500][flwr][INFO] - 	       [  10,   34,   15,    4,    7,    1,  161,  725,    0,    1],
[2024-08-13 16:00:06,500][flwr][INFO] - 	       [  78,    4,   45,    5,   15,    6,    0,  201,  650,   24],
[2024-08-13 16:00:06,500][flwr][INFO] - 	       [   4,   22,   29,   20,   82,    8,   16,   19,   18,  756],
[2024-08-13 16:00:06,500][flwr][INFO] - 	       [ 315,    5,    2,    3,   65,   28,    1,   55,   22,  513]],
[2024-08-13 16:00:06,500][flwr][INFO] - 	      dtype=int64)),
[2024-08-13 16:00:06,500][flwr][INFO] - 	                      (8,
[2024-08-13 16:00:06,500][flwr][INFO] - 	                       array([[ 516,  350,    1,    7,    1,    6,   71,   20,    8,    0],
[2024-08-13 16:00:06,500][flwr][INFO] - 	       [   0,   12, 1093,    6,    0,    0,   21,    0,    2,    1],
[2024-08-13 16:00:06,500][flwr][INFO] - 	       [  18,   15,  213,  672,   10,   16,   16,   24,   40,    8],
[2024-08-13 16:00:06,500][flwr][INFO] - 	       [   6,   18,   13,  417,  396,    2,   56,   11,   79,   12],
[2024-08-13 16:00:06,501][flwr][INFO] - 	       [  38,    2,    5,    1,   77,  794,    8,   29,   15,   13],
[2024-08-13 16:00:06,501][flwr][INFO] - 	       [  57,   51,   27,   37,   38,  164,  429,   15,   66,    8],
[2024-08-13 16:00:06,501][flwr][INFO] - 	       [  19,   14,   25,    4,    4,    5,  370,  517,    0,    0],
[2024-08-13 16:00:06,501][flwr][INFO] - 	       [  74,    2,   43,    7,    5,    8,    1,   29,  855,    4],
[2024-08-13 16:00:06,501][flwr][INFO] - 	       [  27,   13,   36,   93,   36,   33,   45,    8,  275,  408],
[2024-08-13 16:00:06,501][flwr][INFO] - 	       [ 622,    2,    3,    7,   35,  109,    6,    9,  149,   67]],
[2024-08-13 16:00:06,501][flwr][INFO] - 	      dtype=int64)),
[2024-08-13 16:00:06,501][flwr][INFO] - 	                      (9,
[2024-08-13 16:00:06,501][flwr][INFO] - 	                       array([[ 175,  699,    1,    1,    5,    4,   30,   50,    0,   15],
[2024-08-13 16:00:06,501][flwr][INFO] - 	       [   1,   13, 1096,    3,    1,    0,    7,    6,    0,    8],
[2024-08-13 16:00:06,501][flwr][INFO] - 	       [   7,   29,  352,  500,   23,    8,   14,   46,   13,   40],
[2024-08-13 16:00:06,501][flwr][INFO] - 	       [   3,   31,   14,  217,  598,    2,   32,   19,   16,   78],
[2024-08-13 16:00:06,501][flwr][INFO] - 	       [  24,    2,    5,    1,  158,  651,    4,   62,    1,   74],
[2024-08-13 16:00:06,501][flwr][INFO] - 	       [  37,   79,   29,   19,   79,  146,  372,   31,   22,   78],
[2024-08-13 16:00:06,501][flwr][INFO] - 	       [  14,   23,   18,    3,    7,    2,  178,  710,    0,    3],
[2024-08-13 16:00:06,501][flwr][INFO] - 	       [  80,    4,   54,    2,   15,    9,    0,  197,  636,   31],
[2024-08-13 16:00:06,501][flwr][INFO] - 	       [   5,   14,   34,   17,   56,   12,   22,   13,   15,  786],
[2024-08-13 16:00:06,502][flwr][INFO] - 	       [ 324,    3,    2,    3,   47,   38,    2,   42,   16,  532]],
[2024-08-13 16:00:06,502][flwr][INFO] - 	      dtype=int64)),
[2024-08-13 16:00:06,502][flwr][INFO] - 	                      (10,
[2024-08-13 16:00:06,502][flwr][INFO] - 	                       array([[ 217,  636,    1,    2,    4,    6,   76,   28,   10,    0],
[2024-08-13 16:00:06,502][flwr][INFO] - 	       [   0,   20, 1086,    6,    1,    0,   19,    0,    3,    0],
[2024-08-13 16:00:06,502][flwr][INFO] - 	       [  10,   22,  240,  628,   15,   15,   17,   24,   57,    4],
[2024-08-13 16:00:06,502][flwr][INFO] - 	       [   2,   22,   11,  311,  499,    2,   58,   10,   90,    5],
[2024-08-13 16:00:06,502][flwr][INFO] - 	       [  25,    2,    4,    1,   89,  806,    8,   25,   18,    4],
[2024-08-13 16:00:06,502][flwr][INFO] - 	       [  33,   58,   20,   20,   44,  187,  443,   13,   71,    3],
[2024-08-13 16:00:06,502][flwr][INFO] - 	       [  13,   17,   19,    2,    6,    6,  394,  501,    0,    0],
[2024-08-13 16:00:06,502][flwr][INFO] - 	       [  58,    4,   38,    5,    9,    9,    1,   36,  865,    3],
[2024-08-13 16:00:06,502][flwr][INFO] - 	       [   7,   17,   31,   55,   71,   43,   58,    6,  426,  260],
[2024-08-13 16:00:06,502][flwr][INFO] - 	       [ 553,    3,    2,    6,   52,  145,    5,   13,  188,   42]],
[2024-08-13 16:00:06,502][flwr][INFO] - 	      dtype=int64))],
[2024-08-13 16:00:06,502][flwr][INFO] - 	 'f1': [(0, 0.017493624772313296),
[2024-08-13 16:00:06,502][flwr][INFO] - 	        (1, 0.1505151550213645),
[2024-08-13 16:00:06,502][flwr][INFO] - 	        (2, 0.13995149666225257),
[2024-08-13 16:00:06,503][flwr][INFO] - 	        (3, 0.14653157166627773),
[2024-08-13 16:00:06,503][flwr][INFO] - 	        (4, 0.18048732721098984),
[2024-08-13 16:00:06,503][flwr][INFO] - 	        (5, 0.16234702577570084),
[2024-08-13 16:00:06,503][flwr][INFO] - 	        (6, 0.19142569389795866),
[2024-08-13 16:00:06,503][flwr][INFO] - 	        (7, 0.17345810643148488),
[2024-08-13 16:00:06,503][flwr][INFO] - 	        (8, 0.1933683695943849),
[2024-08-13 16:00:06,503][flwr][INFO] - 	        (9, 0.1866018315851892),
[2024-08-13 16:00:06,503][flwr][INFO] - 	        (10, 0.1796082012602354)],
[2024-08-13 16:00:06,503][flwr][INFO] - 	 'precision': [(0, 0.009604000000000001),
[2024-08-13 16:00:06,503][flwr][INFO] - 	               (1, 0.1877076825352048),
[2024-08-13 16:00:06,503][flwr][INFO] - 	               (2, 0.1317210204161387),
[2024-08-13 16:00:06,503][flwr][INFO] - 	               (3, 0.1494848420225721),
[2024-08-13 16:00:06,503][flwr][INFO] - 	               (4, 0.16906875983013492),
[2024-08-13 16:00:06,503][flwr][INFO] - 	               (5, 0.1662045659462137),
[2024-08-13 16:00:06,503][flwr][INFO] - 	               (6, 0.17614264153493353),
[2024-08-13 16:00:06,503][flwr][INFO] - 	               (7, 0.174690647612387),
[2024-08-13 16:00:06,503][flwr][INFO] - 	               (8, 0.183842817187788),
[2024-08-13 16:00:06,503][flwr][INFO] - 	               (9, 0.18679262581541903),
[2024-08-13 16:00:06,504][flwr][INFO] - 	               (10, 0.17596038512721174)],
[2024-08-13 16:00:06,504][flwr][INFO] - 	 'recall': [(0, 0.098),
[2024-08-13 16:00:06,504][flwr][INFO] - 	            (1, 0.1818),
[2024-08-13 16:00:06,504][flwr][INFO] - 	            (2, 0.1579),
[2024-08-13 16:00:06,504][flwr][INFO] - 	            (3, 0.1511),
[2024-08-13 16:00:06,504][flwr][INFO] - 	            (4, 0.2014),
[2024-08-13 16:00:06,504][flwr][INFO] - 	            (5, 0.1757),
[2024-08-13 16:00:06,504][flwr][INFO] - 	            (6, 0.2202),
[2024-08-13 16:00:06,504][flwr][INFO] - 	            (7, 0.184),
[2024-08-13 16:00:06,504][flwr][INFO] - 	            (8, 0.214),
[2024-08-13 16:00:06,504][flwr][INFO] - 	            (9, 0.1983),
[2024-08-13 16:00:06,504][flwr][INFO] - 	            (10, 0.1962)]}
[2024-08-13 16:00:06,504][flwr][INFO] - 
