[2024-08-13 11:07:40,567][flwr][INFO] - Starting Flower simulation, config: num_rounds=10, no round_timeout
[2024-08-13 11:07:44,647][flwr][INFO] - Flower VCE: Ray initialized with resources: {'node:__internal_head__': 1.0, 'GPU': 1.0, 'object_store_memory': 2530077081.0, 'memory': 5060154164.0, 'node:127.0.0.1': 1.0, 'accelerator_type:G': 1.0, 'CPU': 16.0}
[2024-08-13 11:07:44,647][flwr][INFO] - Optimize your simulation with Flower VCE: https://flower.ai/docs/framework/how-to-run-simulations.html
[2024-08-13 11:07:44,647][flwr][INFO] - Flower VCE: Resources for each Virtual Client: {'num_cpus': 2, 'num_gpus': 0.5}
[2024-08-13 11:07:44,659][flwr][INFO] - Flower VCE: Creating VirtualClientEngineActorPool with 2 actors
[2024-08-13 11:07:44,659][flwr][INFO] - [INIT]
[2024-08-13 11:07:44,659][flwr][INFO] - Requesting initial parameters from one random client
[2024-08-13 11:07:52,125][flwr][INFO] - Received initial parameters from one random client
[2024-08-13 11:07:52,125][flwr][INFO] - Evaluating initial global parameters
[2024-08-13 11:07:54,361][flwr][INFO] - initial parameters (loss, other metrics): 2.3025850929940455, {'accuracy': 0.098, 'precision': 0.009604000000000001, 'recall': 0.098, 'f1': 0.017493624772313296, 'confusion_matrix': array([[ 980,    0,    0,    0,    0,    0,    0,    0,    0,    0],
       [1135,    0,    0,    0,    0,    0,    0,    0,    0,    0],
       [1032,    0,    0,    0,    0,    0,    0,    0,    0,    0],
       [1010,    0,    0,    0,    0,    0,    0,    0,    0,    0],
       [ 982,    0,    0,    0,    0,    0,    0,    0,    0,    0],
       [ 892,    0,    0,    0,    0,    0,    0,    0,    0,    0],
       [ 958,    0,    0,    0,    0,    0,    0,    0,    0,    0],
       [1028,    0,    0,    0,    0,    0,    0,    0,    0,    0],
       [ 974,    0,    0,    0,    0,    0,    0,    0,    0,    0],
       [1009,    0,    0,    0,    0,    0,    0,    0,    0,    0]],
      dtype=int64)}
[2024-08-13 11:07:54,362][flwr][INFO] - 
[2024-08-13 11:07:54,362][flwr][INFO] - [ROUND 1]
[2024-08-13 11:07:54,362][flwr][INFO] - configure_fit: strategy sampled 10 clients (out of 10)
[2024-08-13 11:08:02,733][flwr][INFO] - aggregate_fit: received 10 results and 0 failures
[2024-08-13 11:08:02,736][flwr][WARNING] - No fit_metrics_aggregation_fn provided
[2024-08-13 11:08:04,792][flwr][INFO] - fit progress: (1, 0.8621302711398025, {'accuracy': 0.7283, 'precision': 0.7885217248725523, 'recall': 0.7283, 'f1': 0.6949258288421054, 'confusion_matrix': array([[ 954,    0,    1,    5,    0,    0,    6,    1,   13,    0],
       [   0, 1074,    3,    6,    0,    0,    4,    1,   47,    0],
       [  80,   46,  701,   67,    6,    0,   29,   16,   79,    8],
       [  32,   15,   15,  847,    0,    0,    9,   11,   72,    9],
       [  29,   15,    3,    1,  441,    0,   37,    4,   58,  394],
       [ 215,   67,    0,  249,    4,    8,   26,   24,  244,   55],
       [  95,   20,   12,    2,    3,    0,  805,    1,   20,    0],
       [  25,   50,   14,    2,    1,    0,    1,  837,   51,   47],
       [  43,   15,    5,   93,    1,    0,   12,    8,  778,   19],
       [  46,   19,    4,   12,    9,    0,    2,   33,   46,  838]],
      dtype=int64)}, 10.429875899993931)
[2024-08-13 11:08:04,793][flwr][INFO] - configure_evaluate: no clients selected, skipping evaluation
[2024-08-13 11:08:04,793][flwr][INFO] - 
[2024-08-13 11:08:04,793][flwr][INFO] - [ROUND 2]
[2024-08-13 11:08:04,793][flwr][INFO] - configure_fit: strategy sampled 10 clients (out of 10)
[2024-08-13 11:08:11,144][flwr][INFO] - aggregate_fit: received 10 results and 0 failures
[2024-08-13 11:08:13,234][flwr][INFO] - fit progress: (2, 0.6950288110006835, {'accuracy': 0.8161, 'precision': 0.8248413281164297, 'recall': 0.8161, 'f1': 0.8099351657138673, 'confusion_matrix': array([[ 932,    0,    7,    5,    0,    2,   24,    1,    9,    0],
       [   0, 1082,   32,    5,    0,    0,    5,    1,   10,    0],
       [  35,   32,  831,   37,   21,    0,   28,   19,   28,    1],
       [  10,   14,   32,  877,    0,    4,   10,   19,   30,   14],
       [   8,   13,    7,    0,  846,    0,   32,    3,    8,   65],
       [  58,   60,   17,  202,   28,  399,   40,   37,   27,   24],
       [  41,   18,   22,    2,   11,   13,  850,    1,    0,    0],
       [  10,   46,   36,    0,   15,    0,    3,  884,    7,   27],
       [  26,   32,   26,  113,   11,    7,   20,   17,  689,   33],
       [  31,   19,    8,   14,   97,    1,    2,   54,   12,  771]],
      dtype=int64)}, 18.87235099999816)
[2024-08-13 11:08:13,235][flwr][INFO] - configure_evaluate: no clients selected, skipping evaluation
[2024-08-13 11:08:13,235][flwr][INFO] - 
[2024-08-13 11:08:13,235][flwr][INFO] - [ROUND 3]
[2024-08-13 11:08:13,235][flwr][INFO] - configure_fit: strategy sampled 10 clients (out of 10)
[2024-08-13 11:08:19,739][flwr][INFO] - aggregate_fit: received 10 results and 0 failures
[2024-08-13 11:08:21,824][flwr][INFO] - fit progress: (3, 0.6544075069119757, {'accuracy': 0.8458, 'precision': 0.8469100566321457, 'recall': 0.8458, 'f1': 0.8453060024408116, 'confusion_matrix': array([[ 905,    0,    4,    1,    0,   35,   25,    1,    9,    0],
       [   0, 1075,   15,    1,    0,   12,    4,    0,   28,    0],
       [  25,   25,  813,   31,   26,    0,   28,   23,   56,    5],
       [   6,   13,   23,  802,    1,   68,    8,   17,   58,   14],
       [   6,    8,    2,    0,  816,    3,   27,    2,   15,  103],
       [  24,   45,    5,   54,   19,  665,   24,   14,   21,   21],
       [  27,   13,   17,    1,   12,   24,  860,    1,    3,    0],
       [   6,   40,   27,    0,   16,    0,    2,  866,   21,   50],
       [  10,   14,   12,   35,    8,   35,   17,    9,  800,   34],
       [  19,   14,    6,    6,   50,   14,    2,   23,   19,  856]],
      dtype=int64)}, 27.462257999999565)
[2024-08-13 11:08:21,824][flwr][INFO] - configure_evaluate: no clients selected, skipping evaluation
[2024-08-13 11:08:21,824][flwr][INFO] - 
[2024-08-13 11:08:21,824][flwr][INFO] - [ROUND 4]
[2024-08-13 11:08:21,826][flwr][INFO] - configure_fit: strategy sampled 10 clients (out of 10)
[2024-08-13 11:08:28,358][flwr][INFO] - aggregate_fit: received 10 results and 0 failures
[2024-08-13 11:08:30,577][flwr][INFO] - fit progress: (4, 0.6386567180922438, {'accuracy': 0.8325, 'precision': 0.8469609029266211, 'recall': 0.8325, 'f1': 0.8284269158587777, 'confusion_matrix': array([[ 931,    0,    5,   16,    1,    3,   20,    1,    3,    0],
       [   0, 1075,   31,   18,    1,    1,    5,    1,    3,    0],
       [  15,   15,  846,   57,   26,    0,   22,   25,   24,    2],
       [   4,    4,   19,  925,    2,    5,    8,   20,   12,   11],
       [   3,    9,    5,    0,  914,    0,   16,    2,    3,   30],
       [  18,   45,   12,  232,   43,  445,   31,   30,   17,   19],
       [  20,   11,   22,    3,   21,   13,  867,    1,    0,    0],
       [   3,   32,   37,    4,   19,    0,    1,  911,    1,   20],
       [  13,   21,   28,  169,   21,    8,   17,   19,  648,   30],
       [  21,   13,   11,   15,  110,    3,    1,   68,    4,  763]],
      dtype=int64)}, 36.21485249999387)
[2024-08-13 11:08:30,578][flwr][INFO] - configure_evaluate: no clients selected, skipping evaluation
[2024-08-13 11:08:30,578][flwr][INFO] - 
[2024-08-13 11:08:30,578][flwr][INFO] - [ROUND 5]
[2024-08-13 11:08:30,578][flwr][INFO] - configure_fit: strategy sampled 10 clients (out of 10)
[2024-08-13 11:08:37,022][flwr][INFO] - aggregate_fit: received 10 results and 0 failures
[2024-08-13 11:08:39,090][flwr][INFO] - fit progress: (5, 0.6061127765645601, {'accuracy': 0.8609, 'precision': 0.8643429532495662, 'recall': 0.8609, 'f1': 0.8607624867711207, 'confusion_matrix': array([[ 922,    0,    3,    1,    0,   15,   22,    1,   16,    0],
       [   0, 1078,   11,    2,    1,    5,    5,    0,   33,    0],
       [  18,   24,  834,   17,   18,    1,   26,   26,   57,   11],
       [   6,   11,   24,  789,    1,   60,    9,   16,   75,   19],
       [   3,    7,    4,    0,  814,    1,   23,    2,   16,  112],
       [  20,   38,    5,   27,   18,  692,   27,   13,   33,   19],
       [  18,   10,   18,    1,   12,   21,  872,    1,    5,    0],
       [   4,   35,   27,    0,   14,    0,    3,  879,   21,   45],
       [   6,   12,    9,   17,    8,   30,   17,    9,  840,   26],
       [  15,   10,    5,    5,   30,   11,    2,   18,   24,  889]],
      dtype=int64)}, 44.72802289998799)
[2024-08-13 11:08:39,090][flwr][INFO] - configure_evaluate: no clients selected, skipping evaluation
[2024-08-13 11:08:39,091][flwr][INFO] - 
[2024-08-13 11:08:39,091][flwr][INFO] - [ROUND 6]
[2024-08-13 11:08:39,091][flwr][INFO] - configure_fit: strategy sampled 10 clients (out of 10)
[2024-08-13 11:08:45,490][flwr][INFO] - aggregate_fit: received 10 results and 0 failures
[2024-08-13 11:08:47,561][flwr][INFO] - fit progress: (6, 0.5958847605408397, {'accuracy': 0.855, 'precision': 0.8599148982460414, 'recall': 0.855, 'f1': 0.8530510965837395, 'confusion_matrix': array([[ 935,    0,    2,    8,    3,   13,   16,    1,    2,    0],
       [   0, 1087,   20,   11,    1,    1,    5,    1,    9,    0],
       [  16,   18,  849,   44,   26,    0,   24,   28,   25,    2],
       [   4,    4,   16,  908,    1,   25,    8,   21,   11,   12],
       [   2,    9,    4,    0,  921,    2,   15,    2,    2,   25],
       [  15,   38,    4,  122,   33,  615,   25,   16,   10,   14],
       [  18,   10,   18,    2,   22,   20,  867,    1,    0,    0],
       [   3,   32,   35,    3,   19,    0,    1,  913,    1,   21],
       [  13,   30,   21,  121,   23,   26,   19,   16,  673,   32],
       [  19,   12,    8,   14,  102,   10,    2,   56,    4,  782]],
      dtype=int64)}, 53.1989995999902)
[2024-08-13 11:08:47,562][flwr][INFO] - configure_evaluate: no clients selected, skipping evaluation
[2024-08-13 11:08:47,562][flwr][INFO] - 
[2024-08-13 11:08:47,562][flwr][INFO] - [ROUND 7]
[2024-08-13 11:08:47,562][flwr][INFO] - configure_fit: strategy sampled 10 clients (out of 10)
[2024-08-13 11:08:53,957][flwr][INFO] - aggregate_fit: received 10 results and 0 failures
[2024-08-13 11:08:56,017][flwr][INFO] - fit progress: (7, 0.5787313089260215, {'accuracy': 0.8673, 'precision': 0.8695474855934874, 'recall': 0.8673, 'f1': 0.866986323558774, 'confusion_matrix': array([[ 932,    0,    3,    1,    0,   12,   19,    1,   12,    0],
       [   0, 1079,   11,    3,    1,    3,    5,    0,   33,    0],
       [  14,   19,  840,   23,   17,    0,   24,   29,   54,   12],
       [   5,    6,   20,  828,    1,   47,    8,   16,   57,   22],
       [   3,    7,    4,    0,  815,    1,   22,    2,   15,  113],
       [  18,   35,    5,   40,   22,  678,   26,   12,   36,   20],
       [  16,    9,   18,    2,   13,   20,  876,    1,    3,    0],
       [   3,   31,   29,    0,   15,    0,    1,  885,   19,   45],
       [   7,   12,   10,   22,    8,   23,   15,   10,  843,   24],
       [  16,    9,    5,    6,   27,    9,    2,   20,   18,  897]],
      dtype=int64)}, 61.655289899994386)
[2024-08-13 11:08:56,018][flwr][INFO] - configure_evaluate: no clients selected, skipping evaluation
[2024-08-13 11:08:56,018][flwr][INFO] - 
[2024-08-13 11:08:56,018][flwr][INFO] - [ROUND 8]
[2024-08-13 11:08:56,018][flwr][INFO] - configure_fit: strategy sampled 10 clients (out of 10)
[2024-08-13 11:09:02,591][flwr][INFO] - aggregate_fit: received 10 results and 0 failures
[2024-08-13 11:09:04,687][flwr][INFO] - fit progress: (8, 0.5755693194614859, {'accuracy': 0.8607, 'precision': 0.865866043235706, 'recall': 0.8607, 'f1': 0.8589958125263267, 'confusion_matrix': array([[ 938,    0,    1,    6,    2,   14,   16,    1,    2,    0],
       [   0, 1089,   18,   10,    1,    1,    5,    1,   10,    0],
       [  15,   19,  847,   41,   30,    0,   23,   30,   26,    1],
       [   5,    4,   15,  903,    1,   32,    8,   21,   14,    7],
       [   1,    6,    3,    0,  939,    2,   13,    1,    2,   15],
       [  14,   37,    3,   88,   32,  660,   25,   15,   10,    8],
       [  15,    9,   17,    2,   21,   20,  872,    1,    1,    0],
       [   3,   31,   35,    3,   21,    0,    1,  918,    1,   15],
       [  14,   28,   19,   91,   27,   34,   20,   17,  709,   15],
       [  20,   11,    8,   12,  149,   13,    1,   59,    4,  732]],
      dtype=int64)}, 70.32497739999963)
[2024-08-13 11:09:04,687][flwr][INFO] - configure_evaluate: no clients selected, skipping evaluation
[2024-08-13 11:09:04,687][flwr][INFO] - 
[2024-08-13 11:09:04,688][flwr][INFO] - [ROUND 9]
[2024-08-13 11:09:04,688][flwr][INFO] - configure_fit: strategy sampled 10 clients (out of 10)
[2024-08-13 11:09:11,209][flwr][INFO] - aggregate_fit: received 10 results and 0 failures
[2024-08-13 11:09:13,459][flwr][INFO] - fit progress: (9, 0.5582637134604145, {'accuracy': 0.8711, 'precision': 0.8734301854100679, 'recall': 0.8711, 'f1': 0.8706976494452788, 'confusion_matrix': array([[ 944,    0,    1,    1,    1,    8,   17,    1,    7,    0],
       [   0, 1084,   11,    3,    1,    3,    5,    0,   28,    0],
       [  14,   16,  848,   24,   15,    0,   24,   28,   51,   12],
       [   5,    4,   17,  851,    1,   37,    9,   16,   45,   25],
       [   2,    7,    4,    0,  806,    1,   21,    1,   15,  125],
       [  17,   32,    3,   49,   20,  673,   27,   12,   39,   20],
       [  15,    9,   18,    2,   12,   20,  880,    0,    2,    0],
       [   3,   30,   32,    0,   14,    0,    1,  884,   14,   50],
       [   7,   13,   12,   25,    8,   21,   16,    8,  833,   31],
       [  18,    8,    5,    6,   25,    8,    1,   17,   13,  908]],
      dtype=int64)}, 79.0971378999966)
[2024-08-13 11:09:13,460][flwr][INFO] - configure_evaluate: no clients selected, skipping evaluation
[2024-08-13 11:09:13,460][flwr][INFO] - 
[2024-08-13 11:09:13,460][flwr][INFO] - [ROUND 10]
[2024-08-13 11:09:13,461][flwr][INFO] - configure_fit: strategy sampled 10 clients (out of 10)
[2024-08-13 11:09:19,920][flwr][INFO] - aggregate_fit: received 10 results and 0 failures
[2024-08-13 11:09:22,005][flwr][INFO] - fit progress: (10, 0.5609687195826335, {'accuracy': 0.8628, 'precision': 0.8690877452563547, 'recall': 0.8628, 'f1': 0.8608802781730281, 'confusion_matrix': array([[ 942,    0,    1,    2,    2,   13,   17,    1,    2,    0],
       [   0, 1093,   14,    6,    1,    3,    5,    1,   12,    0],
       [  13,   19,  846,   35,   31,    0,   21,   34,   32,    1],
       [   5,    4,   14,  896,    1,   34,    8,   25,   18,    5],
       [   1,    6,    2,    0,  943,    2,   13,    1,    2,   12],
       [  11,   30,    2,   75,   32,  683,   24,   16,   14,    5],
       [  13,    8,   14,    2,   22,   21,  876,    1,    1,    0],
       [   3,   29,   31,    4,   20,    0,    1,  929,    3,    8],
       [  13,   26,   14,   64,   29,   34,   18,   20,  749,    7],
       [  20,   11,    6,   11,  179,   18,    1,   86,    6,  671]],
      dtype=int64)}, 87.6432547000004)
[2024-08-13 11:09:22,006][flwr][INFO] - configure_evaluate: no clients selected, skipping evaluation
[2024-08-13 11:09:22,006][flwr][INFO] - 
[2024-08-13 11:09:22,006][flwr][INFO] - [SUMMARY]
[2024-08-13 11:09:22,006][flwr][INFO] - Run finished 10 round(s) in 87.64s
[2024-08-13 11:09:22,014][flwr][INFO] - 	History (loss, centralized):
[2024-08-13 11:09:22,014][flwr][INFO] - 		round 0: 2.3025850929940455
[2024-08-13 11:09:22,015][flwr][INFO] - 		round 1: 0.8621302711398025
[2024-08-13 11:09:22,015][flwr][INFO] - 		round 2: 0.6950288110006835
[2024-08-13 11:09:22,015][flwr][INFO] - 		round 3: 0.6544075069119757
[2024-08-13 11:09:22,015][flwr][INFO] - 		round 4: 0.6386567180922438
[2024-08-13 11:09:22,015][flwr][INFO] - 		round 5: 0.6061127765645601
[2024-08-13 11:09:22,015][flwr][INFO] - 		round 6: 0.5958847605408397
[2024-08-13 11:09:22,015][flwr][INFO] - 		round 7: 0.5787313089260215
[2024-08-13 11:09:22,015][flwr][INFO] - 		round 8: 0.5755693194614859
[2024-08-13 11:09:22,015][flwr][INFO] - 		round 9: 0.5582637134604145
[2024-08-13 11:09:22,015][flwr][INFO] - 		round 10: 0.5609687195826335
[2024-08-13 11:09:22,015][flwr][INFO] - 	History (metrics, centralized):
[2024-08-13 11:09:22,015][flwr][INFO] - 	{'accuracy': [(0, 0.098),
[2024-08-13 11:09:22,015][flwr][INFO] - 	              (1, 0.7283),
[2024-08-13 11:09:22,015][flwr][INFO] - 	              (2, 0.8161),
[2024-08-13 11:09:22,015][flwr][INFO] - 	              (3, 0.8458),
[2024-08-13 11:09:22,015][flwr][INFO] - 	              (4, 0.8325),
[2024-08-13 11:09:22,016][flwr][INFO] - 	              (5, 0.8609),
[2024-08-13 11:09:22,016][flwr][INFO] - 	              (6, 0.855),
[2024-08-13 11:09:22,016][flwr][INFO] - 	              (7, 0.8673),
[2024-08-13 11:09:22,016][flwr][INFO] - 	              (8, 0.8607),
[2024-08-13 11:09:22,016][flwr][INFO] - 	              (9, 0.8711),
[2024-08-13 11:09:22,016][flwr][INFO] - 	              (10, 0.8628)],
[2024-08-13 11:09:22,016][flwr][INFO] - 	 'confusion_matrix': [(0,
[2024-08-13 11:09:22,016][flwr][INFO] - 	                       array([[ 980,    0,    0,    0,    0,    0,    0,    0,    0,    0],
[2024-08-13 11:09:22,016][flwr][INFO] - 	       [1135,    0,    0,    0,    0,    0,    0,    0,    0,    0],
[2024-08-13 11:09:22,016][flwr][INFO] - 	       [1032,    0,    0,    0,    0,    0,    0,    0,    0,    0],
[2024-08-13 11:09:22,016][flwr][INFO] - 	       [1010,    0,    0,    0,    0,    0,    0,    0,    0,    0],
[2024-08-13 11:09:22,016][flwr][INFO] - 	       [ 982,    0,    0,    0,    0,    0,    0,    0,    0,    0],
[2024-08-13 11:09:22,016][flwr][INFO] - 	       [ 892,    0,    0,    0,    0,    0,    0,    0,    0,    0],
[2024-08-13 11:09:22,016][flwr][INFO] - 	       [ 958,    0,    0,    0,    0,    0,    0,    0,    0,    0],
[2024-08-13 11:09:22,016][flwr][INFO] - 	       [1028,    0,    0,    0,    0,    0,    0,    0,    0,    0],
[2024-08-13 11:09:22,017][flwr][INFO] - 	       [ 974,    0,    0,    0,    0,    0,    0,    0,    0,    0],
[2024-08-13 11:09:22,017][flwr][INFO] - 	       [1009,    0,    0,    0,    0,    0,    0,    0,    0,    0]],
[2024-08-13 11:09:22,017][flwr][INFO] - 	      dtype=int64)),
[2024-08-13 11:09:22,017][flwr][INFO] - 	                      (1,
[2024-08-13 11:09:22,017][flwr][INFO] - 	                       array([[ 954,    0,    1,    5,    0,    0,    6,    1,   13,    0],
[2024-08-13 11:09:22,017][flwr][INFO] - 	       [   0, 1074,    3,    6,    0,    0,    4,    1,   47,    0],
[2024-08-13 11:09:22,017][flwr][INFO] - 	       [  80,   46,  701,   67,    6,    0,   29,   16,   79,    8],
[2024-08-13 11:09:22,017][flwr][INFO] - 	       [  32,   15,   15,  847,    0,    0,    9,   11,   72,    9],
[2024-08-13 11:09:22,017][flwr][INFO] - 	       [  29,   15,    3,    1,  441,    0,   37,    4,   58,  394],
[2024-08-13 11:09:22,017][flwr][INFO] - 	       [ 215,   67,    0,  249,    4,    8,   26,   24,  244,   55],
[2024-08-13 11:09:22,017][flwr][INFO] - 	       [  95,   20,   12,    2,    3,    0,  805,    1,   20,    0],
[2024-08-13 11:09:22,017][flwr][INFO] - 	       [  25,   50,   14,    2,    1,    0,    1,  837,   51,   47],
[2024-08-13 11:09:22,017][flwr][INFO] - 	       [  43,   15,    5,   93,    1,    0,   12,    8,  778,   19],
[2024-08-13 11:09:22,017][flwr][INFO] - 	       [  46,   19,    4,   12,    9,    0,    2,   33,   46,  838]],
[2024-08-13 11:09:22,017][flwr][INFO] - 	      dtype=int64)),
[2024-08-13 11:09:22,017][flwr][INFO] - 	                      (2,
[2024-08-13 11:09:22,017][flwr][INFO] - 	                       array([[ 932,    0,    7,    5,    0,    2,   24,    1,    9,    0],
[2024-08-13 11:09:22,018][flwr][INFO] - 	       [   0, 1082,   32,    5,    0,    0,    5,    1,   10,    0],
[2024-08-13 11:09:22,018][flwr][INFO] - 	       [  35,   32,  831,   37,   21,    0,   28,   19,   28,    1],
[2024-08-13 11:09:22,018][flwr][INFO] - 	       [  10,   14,   32,  877,    0,    4,   10,   19,   30,   14],
[2024-08-13 11:09:22,018][flwr][INFO] - 	       [   8,   13,    7,    0,  846,    0,   32,    3,    8,   65],
[2024-08-13 11:09:22,018][flwr][INFO] - 	       [  58,   60,   17,  202,   28,  399,   40,   37,   27,   24],
[2024-08-13 11:09:22,018][flwr][INFO] - 	       [  41,   18,   22,    2,   11,   13,  850,    1,    0,    0],
[2024-08-13 11:09:22,018][flwr][INFO] - 	       [  10,   46,   36,    0,   15,    0,    3,  884,    7,   27],
[2024-08-13 11:09:22,018][flwr][INFO] - 	       [  26,   32,   26,  113,   11,    7,   20,   17,  689,   33],
[2024-08-13 11:09:22,018][flwr][INFO] - 	       [  31,   19,    8,   14,   97,    1,    2,   54,   12,  771]],
[2024-08-13 11:09:22,018][flwr][INFO] - 	      dtype=int64)),
[2024-08-13 11:09:22,018][flwr][INFO] - 	                      (3,
[2024-08-13 11:09:22,018][flwr][INFO] - 	                       array([[ 905,    0,    4,    1,    0,   35,   25,    1,    9,    0],
[2024-08-13 11:09:22,018][flwr][INFO] - 	       [   0, 1075,   15,    1,    0,   12,    4,    0,   28,    0],
[2024-08-13 11:09:22,018][flwr][INFO] - 	       [  25,   25,  813,   31,   26,    0,   28,   23,   56,    5],
[2024-08-13 11:09:22,018][flwr][INFO] - 	       [   6,   13,   23,  802,    1,   68,    8,   17,   58,   14],
[2024-08-13 11:09:22,018][flwr][INFO] - 	       [   6,    8,    2,    0,  816,    3,   27,    2,   15,  103],
[2024-08-13 11:09:22,018][flwr][INFO] - 	       [  24,   45,    5,   54,   19,  665,   24,   14,   21,   21],
[2024-08-13 11:09:22,019][flwr][INFO] - 	       [  27,   13,   17,    1,   12,   24,  860,    1,    3,    0],
[2024-08-13 11:09:22,019][flwr][INFO] - 	       [   6,   40,   27,    0,   16,    0,    2,  866,   21,   50],
[2024-08-13 11:09:22,019][flwr][INFO] - 	       [  10,   14,   12,   35,    8,   35,   17,    9,  800,   34],
[2024-08-13 11:09:22,019][flwr][INFO] - 	       [  19,   14,    6,    6,   50,   14,    2,   23,   19,  856]],
[2024-08-13 11:09:22,019][flwr][INFO] - 	      dtype=int64)),
[2024-08-13 11:09:22,019][flwr][INFO] - 	                      (4,
[2024-08-13 11:09:22,019][flwr][INFO] - 	                       array([[ 931,    0,    5,   16,    1,    3,   20,    1,    3,    0],
[2024-08-13 11:09:22,019][flwr][INFO] - 	       [   0, 1075,   31,   18,    1,    1,    5,    1,    3,    0],
[2024-08-13 11:09:22,019][flwr][INFO] - 	       [  15,   15,  846,   57,   26,    0,   22,   25,   24,    2],
[2024-08-13 11:09:22,019][flwr][INFO] - 	       [   4,    4,   19,  925,    2,    5,    8,   20,   12,   11],
[2024-08-13 11:09:22,019][flwr][INFO] - 	       [   3,    9,    5,    0,  914,    0,   16,    2,    3,   30],
[2024-08-13 11:09:22,019][flwr][INFO] - 	       [  18,   45,   12,  232,   43,  445,   31,   30,   17,   19],
[2024-08-13 11:09:22,019][flwr][INFO] - 	       [  20,   11,   22,    3,   21,   13,  867,    1,    0,    0],
[2024-08-13 11:09:22,019][flwr][INFO] - 	       [   3,   32,   37,    4,   19,    0,    1,  911,    1,   20],
[2024-08-13 11:09:22,019][flwr][INFO] - 	       [  13,   21,   28,  169,   21,    8,   17,   19,  648,   30],
[2024-08-13 11:09:22,019][flwr][INFO] - 	       [  21,   13,   11,   15,  110,    3,    1,   68,    4,  763]],
[2024-08-13 11:09:22,019][flwr][INFO] - 	      dtype=int64)),
[2024-08-13 11:09:22,020][flwr][INFO] - 	                      (5,
[2024-08-13 11:09:22,020][flwr][INFO] - 	                       array([[ 922,    0,    3,    1,    0,   15,   22,    1,   16,    0],
[2024-08-13 11:09:22,020][flwr][INFO] - 	       [   0, 1078,   11,    2,    1,    5,    5,    0,   33,    0],
[2024-08-13 11:09:22,020][flwr][INFO] - 	       [  18,   24,  834,   17,   18,    1,   26,   26,   57,   11],
[2024-08-13 11:09:22,020][flwr][INFO] - 	       [   6,   11,   24,  789,    1,   60,    9,   16,   75,   19],
[2024-08-13 11:09:22,020][flwr][INFO] - 	       [   3,    7,    4,    0,  814,    1,   23,    2,   16,  112],
[2024-08-13 11:09:22,020][flwr][INFO] - 	       [  20,   38,    5,   27,   18,  692,   27,   13,   33,   19],
[2024-08-13 11:09:22,020][flwr][INFO] - 	       [  18,   10,   18,    1,   12,   21,  872,    1,    5,    0],
[2024-08-13 11:09:22,020][flwr][INFO] - 	       [   4,   35,   27,    0,   14,    0,    3,  879,   21,   45],
[2024-08-13 11:09:22,020][flwr][INFO] - 	       [   6,   12,    9,   17,    8,   30,   17,    9,  840,   26],
[2024-08-13 11:09:22,020][flwr][INFO] - 	       [  15,   10,    5,    5,   30,   11,    2,   18,   24,  889]],
[2024-08-13 11:09:22,020][flwr][INFO] - 	      dtype=int64)),
[2024-08-13 11:09:22,020][flwr][INFO] - 	                      (6,
[2024-08-13 11:09:22,020][flwr][INFO] - 	                       array([[ 935,    0,    2,    8,    3,   13,   16,    1,    2,    0],
[2024-08-13 11:09:22,020][flwr][INFO] - 	       [   0, 1087,   20,   11,    1,    1,    5,    1,    9,    0],
[2024-08-13 11:09:22,020][flwr][INFO] - 	       [  16,   18,  849,   44,   26,    0,   24,   28,   25,    2],
[2024-08-13 11:09:22,020][flwr][INFO] - 	       [   4,    4,   16,  908,    1,   25,    8,   21,   11,   12],
[2024-08-13 11:09:22,021][flwr][INFO] - 	       [   2,    9,    4,    0,  921,    2,   15,    2,    2,   25],
[2024-08-13 11:09:22,021][flwr][INFO] - 	       [  15,   38,    4,  122,   33,  615,   25,   16,   10,   14],
[2024-08-13 11:09:22,021][flwr][INFO] - 	       [  18,   10,   18,    2,   22,   20,  867,    1,    0,    0],
[2024-08-13 11:09:22,021][flwr][INFO] - 	       [   3,   32,   35,    3,   19,    0,    1,  913,    1,   21],
[2024-08-13 11:09:22,021][flwr][INFO] - 	       [  13,   30,   21,  121,   23,   26,   19,   16,  673,   32],
[2024-08-13 11:09:22,021][flwr][INFO] - 	       [  19,   12,    8,   14,  102,   10,    2,   56,    4,  782]],
[2024-08-13 11:09:22,021][flwr][INFO] - 	      dtype=int64)),
[2024-08-13 11:09:22,021][flwr][INFO] - 	                      (7,
[2024-08-13 11:09:22,021][flwr][INFO] - 	                       array([[ 932,    0,    3,    1,    0,   12,   19,    1,   12,    0],
[2024-08-13 11:09:22,021][flwr][INFO] - 	       [   0, 1079,   11,    3,    1,    3,    5,    0,   33,    0],
[2024-08-13 11:09:22,021][flwr][INFO] - 	       [  14,   19,  840,   23,   17,    0,   24,   29,   54,   12],
[2024-08-13 11:09:22,021][flwr][INFO] - 	       [   5,    6,   20,  828,    1,   47,    8,   16,   57,   22],
[2024-08-13 11:09:22,021][flwr][INFO] - 	       [   3,    7,    4,    0,  815,    1,   22,    2,   15,  113],
[2024-08-13 11:09:22,021][flwr][INFO] - 	       [  18,   35,    5,   40,   22,  678,   26,   12,   36,   20],
[2024-08-13 11:09:22,021][flwr][INFO] - 	       [  16,    9,   18,    2,   13,   20,  876,    1,    3,    0],
[2024-08-13 11:09:22,021][flwr][INFO] - 	       [   3,   31,   29,    0,   15,    0,    1,  885,   19,   45],
[2024-08-13 11:09:22,021][flwr][INFO] - 	       [   7,   12,   10,   22,    8,   23,   15,   10,  843,   24],
[2024-08-13 11:09:22,022][flwr][INFO] - 	       [  16,    9,    5,    6,   27,    9,    2,   20,   18,  897]],
[2024-08-13 11:09:22,022][flwr][INFO] - 	      dtype=int64)),
[2024-08-13 11:09:22,022][flwr][INFO] - 	                      (8,
[2024-08-13 11:09:22,022][flwr][INFO] - 	                       array([[ 938,    0,    1,    6,    2,   14,   16,    1,    2,    0],
[2024-08-13 11:09:22,022][flwr][INFO] - 	       [   0, 1089,   18,   10,    1,    1,    5,    1,   10,    0],
[2024-08-13 11:09:22,022][flwr][INFO] - 	       [  15,   19,  847,   41,   30,    0,   23,   30,   26,    1],
[2024-08-13 11:09:22,022][flwr][INFO] - 	       [   5,    4,   15,  903,    1,   32,    8,   21,   14,    7],
[2024-08-13 11:09:22,022][flwr][INFO] - 	       [   1,    6,    3,    0,  939,    2,   13,    1,    2,   15],
[2024-08-13 11:09:22,022][flwr][INFO] - 	       [  14,   37,    3,   88,   32,  660,   25,   15,   10,    8],
[2024-08-13 11:09:22,022][flwr][INFO] - 	       [  15,    9,   17,    2,   21,   20,  872,    1,    1,    0],
[2024-08-13 11:09:22,022][flwr][INFO] - 	       [   3,   31,   35,    3,   21,    0,    1,  918,    1,   15],
[2024-08-13 11:09:22,022][flwr][INFO] - 	       [  14,   28,   19,   91,   27,   34,   20,   17,  709,   15],
[2024-08-13 11:09:22,022][flwr][INFO] - 	       [  20,   11,    8,   12,  149,   13,    1,   59,    4,  732]],
[2024-08-13 11:09:22,022][flwr][INFO] - 	      dtype=int64)),
[2024-08-13 11:09:22,022][flwr][INFO] - 	                      (9,
[2024-08-13 11:09:22,022][flwr][INFO] - 	                       array([[ 944,    0,    1,    1,    1,    8,   17,    1,    7,    0],
[2024-08-13 11:09:22,022][flwr][INFO] - 	       [   0, 1084,   11,    3,    1,    3,    5,    0,   28,    0],
[2024-08-13 11:09:22,023][flwr][INFO] - 	       [  14,   16,  848,   24,   15,    0,   24,   28,   51,   12],
[2024-08-13 11:09:22,023][flwr][INFO] - 	       [   5,    4,   17,  851,    1,   37,    9,   16,   45,   25],
[2024-08-13 11:09:22,023][flwr][INFO] - 	       [   2,    7,    4,    0,  806,    1,   21,    1,   15,  125],
[2024-08-13 11:09:22,023][flwr][INFO] - 	       [  17,   32,    3,   49,   20,  673,   27,   12,   39,   20],
[2024-08-13 11:09:22,023][flwr][INFO] - 	       [  15,    9,   18,    2,   12,   20,  880,    0,    2,    0],
[2024-08-13 11:09:22,023][flwr][INFO] - 	       [   3,   30,   32,    0,   14,    0,    1,  884,   14,   50],
[2024-08-13 11:09:22,023][flwr][INFO] - 	       [   7,   13,   12,   25,    8,   21,   16,    8,  833,   31],
[2024-08-13 11:09:22,023][flwr][INFO] - 	       [  18,    8,    5,    6,   25,    8,    1,   17,   13,  908]],
[2024-08-13 11:09:22,023][flwr][INFO] - 	      dtype=int64)),
[2024-08-13 11:09:22,023][flwr][INFO] - 	                      (10,
[2024-08-13 11:09:22,023][flwr][INFO] - 	                       array([[ 942,    0,    1,    2,    2,   13,   17,    1,    2,    0],
[2024-08-13 11:09:22,023][flwr][INFO] - 	       [   0, 1093,   14,    6,    1,    3,    5,    1,   12,    0],
[2024-08-13 11:09:22,023][flwr][INFO] - 	       [  13,   19,  846,   35,   31,    0,   21,   34,   32,    1],
[2024-08-13 11:09:22,023][flwr][INFO] - 	       [   5,    4,   14,  896,    1,   34,    8,   25,   18,    5],
[2024-08-13 11:09:22,023][flwr][INFO] - 	       [   1,    6,    2,    0,  943,    2,   13,    1,    2,   12],
[2024-08-13 11:09:22,023][flwr][INFO] - 	       [  11,   30,    2,   75,   32,  683,   24,   16,   14,    5],
[2024-08-13 11:09:22,023][flwr][INFO] - 	       [  13,    8,   14,    2,   22,   21,  876,    1,    1,    0],
[2024-08-13 11:09:22,024][flwr][INFO] - 	       [   3,   29,   31,    4,   20,    0,    1,  929,    3,    8],
[2024-08-13 11:09:22,024][flwr][INFO] - 	       [  13,   26,   14,   64,   29,   34,   18,   20,  749,    7],
[2024-08-13 11:09:22,024][flwr][INFO] - 	       [  20,   11,    6,   11,  179,   18,    1,   86,    6,  671]],
[2024-08-13 11:09:22,024][flwr][INFO] - 	      dtype=int64))],
[2024-08-13 11:09:22,024][flwr][INFO] - 	 'f1': [(0, 0.017493624772313296),
[2024-08-13 11:09:22,024][flwr][INFO] - 	        (1, 0.6949258288421054),
[2024-08-13 11:09:22,024][flwr][INFO] - 	        (2, 0.8099351657138673),
[2024-08-13 11:09:22,024][flwr][INFO] - 	        (3, 0.8453060024408116),
[2024-08-13 11:09:22,024][flwr][INFO] - 	        (4, 0.8284269158587777),
[2024-08-13 11:09:22,024][flwr][INFO] - 	        (5, 0.8607624867711207),
[2024-08-13 11:09:22,024][flwr][INFO] - 	        (6, 0.8530510965837395),
[2024-08-13 11:09:22,024][flwr][INFO] - 	        (7, 0.866986323558774),
[2024-08-13 11:09:22,024][flwr][INFO] - 	        (8, 0.8589958125263267),
[2024-08-13 11:09:22,024][flwr][INFO] - 	        (9, 0.8706976494452788),
[2024-08-13 11:09:22,024][flwr][INFO] - 	        (10, 0.8608802781730281)],
[2024-08-13 11:09:22,024][flwr][INFO] - 	 'precision': [(0, 0.009604000000000001),
[2024-08-13 11:09:22,024][flwr][INFO] - 	               (1, 0.7885217248725523),
[2024-08-13 11:09:22,025][flwr][INFO] - 	               (2, 0.8248413281164297),
[2024-08-13 11:09:22,025][flwr][INFO] - 	               (3, 0.8469100566321457),
[2024-08-13 11:09:22,025][flwr][INFO] - 	               (4, 0.8469609029266211),
[2024-08-13 11:09:22,025][flwr][INFO] - 	               (5, 0.8643429532495662),
[2024-08-13 11:09:22,025][flwr][INFO] - 	               (6, 0.8599148982460414),
[2024-08-13 11:09:22,025][flwr][INFO] - 	               (7, 0.8695474855934874),
[2024-08-13 11:09:22,025][flwr][INFO] - 	               (8, 0.865866043235706),
[2024-08-13 11:09:22,025][flwr][INFO] - 	               (9, 0.8734301854100679),
[2024-08-13 11:09:22,025][flwr][INFO] - 	               (10, 0.8690877452563547)],
[2024-08-13 11:09:22,025][flwr][INFO] - 	 'recall': [(0, 0.098),
[2024-08-13 11:09:22,025][flwr][INFO] - 	            (1, 0.7283),
[2024-08-13 11:09:22,025][flwr][INFO] - 	            (2, 0.8161),
[2024-08-13 11:09:22,025][flwr][INFO] - 	            (3, 0.8458),
[2024-08-13 11:09:22,025][flwr][INFO] - 	            (4, 0.8325),
[2024-08-13 11:09:22,025][flwr][INFO] - 	            (5, 0.8609),
[2024-08-13 11:09:22,025][flwr][INFO] - 	            (6, 0.855),
[2024-08-13 11:09:22,025][flwr][INFO] - 	            (7, 0.8673),
[2024-08-13 11:09:22,026][flwr][INFO] - 	            (8, 0.8607),
[2024-08-13 11:09:22,026][flwr][INFO] - 	            (9, 0.8711),
[2024-08-13 11:09:22,026][flwr][INFO] - 	            (10, 0.8628)]}
[2024-08-13 11:09:22,026][flwr][INFO] - 
