[2024-08-13 13:16:59,622][flwr][INFO] - Starting Flower simulation, config: num_rounds=10, no round_timeout
[2024-08-13 13:17:03,791][flwr][INFO] - Flower VCE: Ray initialized with resources: {'node:127.0.0.1': 1.0, 'object_store_memory': 2533644288.0, 'memory': 5067288576.0, 'CPU': 16.0, 'GPU': 1.0, 'accelerator_type:G': 1.0, 'node:__internal_head__': 1.0}
[2024-08-13 13:17:03,791][flwr][INFO] - Optimize your simulation with Flower VCE: https://flower.ai/docs/framework/how-to-run-simulations.html
[2024-08-13 13:17:03,791][flwr][INFO] - Flower VCE: Resources for each Virtual Client: {'num_cpus': 2, 'num_gpus': 0.5}
[2024-08-13 13:17:03,802][flwr][INFO] - Flower VCE: Creating VirtualClientEngineActorPool with 2 actors
[2024-08-13 13:17:03,802][flwr][INFO] - [INIT]
[2024-08-13 13:17:03,802][flwr][INFO] - Requesting initial parameters from one random client
[2024-08-13 13:17:11,062][flwr][INFO] - Received initial parameters from one random client
[2024-08-13 13:17:11,062][flwr][INFO] - Evaluating initial global parameters
[2024-08-13 13:17:13,323][flwr][INFO] - initial parameters (loss, other metrics): 2.3025850929940455, {'accuracy': 0.098, 'precision': 0.009604000000000001, 'recall': 0.098, 'f1': 0.017493624772313296, 'confusion_matrix': array([[ 980,    0,    0,    0,    0,    0,    0,    0,    0,    0],
       [1135,    0,    0,    0,    0,    0,    0,    0,    0,    0],
       [1032,    0,    0,    0,    0,    0,    0,    0,    0,    0],
       [1010,    0,    0,    0,    0,    0,    0,    0,    0,    0],
       [ 982,    0,    0,    0,    0,    0,    0,    0,    0,    0],
       [ 892,    0,    0,    0,    0,    0,    0,    0,    0,    0],
       [ 958,    0,    0,    0,    0,    0,    0,    0,    0,    0],
       [1028,    0,    0,    0,    0,    0,    0,    0,    0,    0],
       [ 974,    0,    0,    0,    0,    0,    0,    0,    0,    0],
       [1009,    0,    0,    0,    0,    0,    0,    0,    0,    0]],
      dtype=int64)}
[2024-08-13 13:17:13,324][flwr][INFO] - 
[2024-08-13 13:17:13,324][flwr][INFO] - [ROUND 1]
[2024-08-13 13:17:13,325][flwr][INFO] - configure_fit: strategy sampled 10 clients (out of 10)
[2024-08-13 13:17:22,055][flwr][INFO] - aggregate_fit: received 10 results and 0 failures
[2024-08-13 13:17:22,059][flwr][WARNING] - No fit_metrics_aggregation_fn provided
[2024-08-13 13:17:24,153][flwr][INFO] - fit progress: (1, 4.034511540697357, {'accuracy': 0.0297, 'precision': 0.021698086105782888, 'recall': 0.0297, 'f1': 0.024658518984549387, 'confusion_matrix': array([[   0,  933,    0,    1,    6,    0,    0,   18,    1,   21],
       [   0,    0, 1093,    2,    3,    0,    0,    3,    1,   33],
       [   6,   55,   99,  727,   17,    4,    0,   37,   19,   68],
       [   1,   27,   17,   26,  820,    0,    0,    9,   14,   96],
       [ 178,   10,   19,    1,   11,  558,    0,   56,    9,  140],
       [  43,  135,   72,    5,  260,    3,    5,   34,   33,  302],
       [   0,   69,   28,    8,    3,    1,    0,  821,    1,   27],
       [  34,   12,   54,    5,    4,    1,    0,    2,  875,   41],
       [   5,   22,   24,    6,   76,    1,    0,    9,   10,  821],
       [ 698,   25,   15,    7,   19,    7,    0,    3,   89,  146]],
      dtype=int64)}, 10.82871809999051)
[2024-08-13 13:17:24,153][flwr][INFO] - configure_evaluate: no clients selected, skipping evaluation
[2024-08-13 13:17:24,154][flwr][INFO] - 
[2024-08-13 13:17:24,154][flwr][INFO] - [ROUND 2]
[2024-08-13 13:17:24,154][flwr][INFO] - configure_fit: strategy sampled 10 clients (out of 10)
[2024-08-13 13:17:30,862][flwr][INFO] - aggregate_fit: received 10 results and 0 failures
[2024-08-13 13:17:32,970][flwr][INFO] - fit progress: (2, 3.4350981622555934, {'accuracy': 0.0338, 'precision': 0.031688394270615636, 'recall': 0.0338, 'f1': 0.03230055249819628, 'confusion_matrix': array([[  33,  855,    0,   10,    5,    1,   50,   25,    1,    0],
       [   1,    0, 1104,   14,    2,    0,    8,    4,    1,    1],
       [   7,   17,   64,  859,    9,   19,    1,   26,   19,   11],
       [  19,   10,   18,  114,  778,    1,   22,    9,   30,    9],
       [  36,    1,   16,    4,    2,  877,    1,   33,    9,    3],
       [  73,   26,   60,   18,  121,   34,  500,   23,   34,    3],
       [   0,   28,   22,   20,    1,    9,   53,  825,    0,    0],
       [  49,    2,   50,   32,    0,   13,    0,    3,  878,    1],
       [  59,    6,   56,  106,  109,   16,   49,   16,   31,  526],
       [ 769,    4,   16,    8,   15,   92,    9,    5,   87,    4]],
      dtype=int64)}, 19.646546499992837)
[2024-08-13 13:17:32,971][flwr][INFO] - configure_evaluate: no clients selected, skipping evaluation
[2024-08-13 13:17:32,971][flwr][INFO] - 
[2024-08-13 13:17:32,971][flwr][INFO] - [ROUND 3]
[2024-08-13 13:17:32,972][flwr][INFO] - configure_fit: strategy sampled 10 clients (out of 10)
[2024-08-13 13:17:39,566][flwr][INFO] - aggregate_fit: received 10 results and 0 failures
[2024-08-13 13:17:41,675][flwr][INFO] - fit progress: (3, 3.0110909704385493, {'accuracy': 0.0428, 'precision': 0.04208483060663047, 'recall': 0.0428, 'f1': 0.041963877061042425, 'confusion_matrix': array([[  41,  821,    0,    2,    4,    1,   66,   30,    1,   14],
       [   0,    0, 1087,    2,    3,    0,    6,    4,    1,   32],
       [   8,   16,   71,  777,   14,   19,    5,   45,   23,   54],
       [   2,    9,   11,   51,  792,    1,   30,   12,   21,   81],
       [  18,    1,    9,    1,    5,  859,    2,   42,    6,   39],
       [  39,   17,   46,    5,   99,   35,  530,   27,   33,   61],
       [   0,   18,   14,    8,    2,    5,   78,  830,    0,    3],
       [  45,    1,   40,    6,    5,   11,    0,    7,  887,   26],
       [   5,    4,   16,    9,   55,    8,   28,   15,   10,  824],
       [ 620,    3,    7,    4,   15,  124,    9,    7,   90,  130]],
      dtype=int64)}, 28.35103479999816)
[2024-08-13 13:17:41,676][flwr][INFO] - configure_evaluate: no clients selected, skipping evaluation
[2024-08-13 13:17:41,676][flwr][INFO] - 
[2024-08-13 13:17:41,676][flwr][INFO] - [ROUND 4]
[2024-08-13 13:17:41,676][flwr][INFO] - configure_fit: strategy sampled 10 clients (out of 10)
[2024-08-13 13:17:48,285][flwr][INFO] - aggregate_fit: received 10 results and 0 failures
[2024-08-13 13:17:50,380][flwr][INFO] - fit progress: (4, 2.8188451510903247, {'accuracy': 0.0449, 'precision': 0.04114779011826407, 'recall': 0.0449, 'f1': 0.04245082557158417, 'confusion_matrix': array([[  87,  840,    0,    3,    4,    0,   22,   24,    0,    0],
       [   1,    0, 1108,    5,    5,    0,   10,    5,    1,    0],
       [  22,   17,   55,  861,    8,   14,    3,   27,   21,    4],
       [  28,   15,    9,  112,  777,    1,   29,   11,   27,    1],
       [  66,    1,   11,    2,    6,  854,    1,   31,    8,    2],
       [ 102,   45,   43,   12,   91,   38,  508,   23,   29,    1],
       [   8,   25,   12,   16,    2,    8,   75,  812,    0,    0],
       [ 100,    1,   40,   26,    3,   10,    0,    4,  843,    1],
       [ 142,   14,   52,  110,  157,   23,   60,   18,   72,  326],
       [ 845,    2,    8,    7,   19,   57,    6,    4,   61,    0]],
      dtype=int64)}, 37.05594229999406)
[2024-08-13 13:17:50,381][flwr][INFO] - configure_evaluate: no clients selected, skipping evaluation
[2024-08-13 13:17:50,381][flwr][INFO] - 
[2024-08-13 13:17:50,381][flwr][INFO] - [ROUND 5]
[2024-08-13 13:17:50,381][flwr][INFO] - configure_fit: strategy sampled 10 clients (out of 10)
[2024-08-13 13:17:57,063][flwr][INFO] - aggregate_fit: received 10 results and 0 failures
[2024-08-13 13:17:59,154][flwr][INFO] - fit progress: (5, 2.459794630314938, {'accuracy': 0.0646, 'precision': 0.06322699831008705, 'recall': 0.0646, 'f1': 0.06305612598960633, 'confusion_matrix': array([[  57,  795,    0,    2,    3,    1,   75,   36,    2,    9],
       [   0,    1, 1097,    2,    2,    0,   17,    3,    1,   12],
       [   6,   16,   93,  770,   10,   20,   11,   38,   25,   43],
       [   1,   15,   11,  100,  710,    1,   62,   11,   32,   67],
       [   9,    0,    7,    1,    8,  867,    5,   43,    7,   35],
       [  28,   44,   34,    6,   50,   37,  588,   21,   39,   45],
       [   3,   16,   12,    5,    2,    5,  129,  783,    0,    3],
       [  31,    1,   42,    8,    4,   11,    0,    6,  908,   17],
       [   0,    7,   21,   15,   38,    8,   47,   11,   26,  801],
       [ 452,    2,    5,    6,   25,  179,   16,    9,  126,  189]],
      dtype=int64)}, 45.82956749999721)
[2024-08-13 13:17:59,155][flwr][INFO] - configure_evaluate: no clients selected, skipping evaluation
[2024-08-13 13:17:59,155][flwr][INFO] - 
[2024-08-13 13:17:59,155][flwr][INFO] - [ROUND 6]
[2024-08-13 13:17:59,155][flwr][INFO] - configure_fit: strategy sampled 10 clients (out of 10)
[2024-08-13 13:18:05,654][flwr][INFO] - aggregate_fit: received 10 results and 0 failures
[2024-08-13 13:18:07,747][flwr][INFO] - fit progress: (6, 2.3946140834215353, {'accuracy': 0.057, 'precision': 0.052996863745991434, 'recall': 0.057, 'f1': 0.05307332630722758, 'confusion_matrix': array([[ 169,  771,    0,    2,    4,    1,    5,   28,    0,    0],
       [   1,    2, 1116,    3,    4,    0,    3,    5,    0,    1],
       [  33,   23,  110,  775,   12,   11,    4,   37,   18,    9],
       [  32,   21,   12,  109,  775,    1,   14,   16,   21,    9],
       [  87,    0,   11,    1,   27,  800,    1,   48,    5,    2],
       [ 145,   92,   41,   11,  121,   47,  379,   30,   23,    3],
       [  16,   32,   14,    7,    4,    4,   52,  829,    0,    0],
       [ 148,    1,   47,   16,    8,    7,    0,   12,  786,    3],
       [  91,   19,   48,   51,  127,   14,   20,   18,   39,  547],
       [ 878,    2,    7,    7,   26,   41,    1,    5,   39,    3]],
      dtype=int64)}, 54.42242560000159)
[2024-08-13 13:18:07,748][flwr][INFO] - configure_evaluate: no clients selected, skipping evaluation
[2024-08-13 13:18:07,748][flwr][INFO] - 
[2024-08-13 13:18:07,748][flwr][INFO] - [ROUND 7]
[2024-08-13 13:18:07,748][flwr][INFO] - configure_fit: strategy sampled 10 clients (out of 10)
[2024-08-13 13:18:14,309][flwr][INFO] - aggregate_fit: received 10 results and 0 failures
[2024-08-13 13:18:16,390][flwr][INFO] - fit progress: (7, 2.2707251469928926, {'accuracy': 0.1186, 'precision': 0.0991143592598691, 'recall': 0.1186, 'f1': 0.09906779537904806, 'confusion_matrix': array([[  12,  801,    0,    1,    2,    5,  107,   28,    1,   23],
       [   0,    2, 1092,    3,    0,    0,   17,    3,    1,   17],
       [   0,   16,  125,  724,    8,   20,   17,   25,   25,   72],
       [   0,   24,   13,  160,  568,    1,   91,   12,   30,  111],
       [   1,    0,    4,    3,    6,  872,    9,   22,    4,   61],
       [   5,   49,   28,    7,   14,   43,  610,   14,   33,   89],
       [   0,   17,   10,    5,    2,    5,  228,  684,    0,    7],
       [   9,    2,   36,    7,    4,   15,    0,    8,  920,   27],
       [   0,    7,   15,   14,   11,    8,   41,    5,   16,  857],
       [  57,    6,    4,    7,   14,  199,   16,   12,  108,  586]],
      dtype=int64)}, 63.065935199992964)
[2024-08-13 13:18:16,391][flwr][INFO] - configure_evaluate: no clients selected, skipping evaluation
[2024-08-13 13:18:16,391][flwr][INFO] - 
[2024-08-13 13:18:16,391][flwr][INFO] - [ROUND 8]
[2024-08-13 13:18:16,391][flwr][INFO] - configure_fit: strategy sampled 10 clients (out of 10)
[2024-08-13 13:18:23,025][flwr][INFO] - aggregate_fit: received 10 results and 0 failures
[2024-08-13 13:18:25,115][flwr][INFO] - fit progress: (8, 2.1048613961799862, {'accuracy': 0.1006, 'precision': 0.0835023645301047, 'recall': 0.1006, 'f1': 0.08835028640242057, 'confusion_matrix': array([[ 393,  523,    0,    1,    8,    1,   18,   35,    1,    0],
       [   1,    3, 1112,    3,    6,    0,    4,    6,    0,    0],
       [  35,   22,  164,  703,   20,   11,    5,   44,   23,    5],
       [  18,   18,   11,   91,  806,    1,   14,   18,   32,    1],
       [  71,    0,    6,    1,   82,  759,    4,   53,    4,    2],
       [ 123,   72,   32,   12,  129,   52,  411,   27,   32,    2],
       [  22,   19,   13,    5,    6,    3,   88,  802,    0,    0],
       [ 128,    1,   48,   12,   16,    4,    0,   23,  795,    1],
       [  96,   27,   53,   38,  189,   13,   30,   19,  110,  399],
       [ 842,    1,    6,    5,   50,   40,    4,    9,   52,    0]],
      dtype=int64)}, 71.79082439999911)
[2024-08-13 13:18:25,116][flwr][INFO] - configure_evaluate: no clients selected, skipping evaluation
[2024-08-13 13:18:25,116][flwr][INFO] - 
[2024-08-13 13:18:25,116][flwr][INFO] - [ROUND 9]
[2024-08-13 13:18:25,117][flwr][INFO] - configure_fit: strategy sampled 10 clients (out of 10)
[2024-08-13 13:18:31,718][flwr][INFO] - aggregate_fit: received 10 results and 0 failures
[2024-08-13 13:18:34,024][flwr][INFO] - fit progress: (9, 2.090527847508892, {'accuracy': 0.1548, 'precision': 0.1212653701906929, 'recall': 0.1548, 'f1': 0.12756784008479277, 'confusion_matrix': array([[   9,  863,    1,    2,    1,    2,   53,   23,    2,   24],
       [   0,    6, 1086,    3,    0,    0,   18,    1,    1,   20],
       [   0,   24,  138,  723,    5,   20,   16,   21,   24,   61],
       [   0,   41,   11,  296,  391,    1,  102,   12,   34,  122],
       [   1,    2,    1,    4,   10,  868,   10,   16,    4,   66],
       [   5,   76,   18,    9,    8,   60,  565,   14,   34,  103],
       [   0,   29,   11,    4,    1,    6,  305,  595,    0,    7],
       [  13,    3,   35,    9,    4,   20,    0,    9,  905,   30],
       [   0,   10,   16,   22,    5,    8,   31,    4,   17,  861],
       [  55,    8,    3,    8,   12,  129,   11,   16,   69,  698]],
      dtype=int64)}, 80.70051909999165)
[2024-08-13 13:18:34,025][flwr][INFO] - configure_evaluate: no clients selected, skipping evaluation
[2024-08-13 13:18:34,025][flwr][INFO] - 
[2024-08-13 13:18:34,025][flwr][INFO] - [ROUND 10]
[2024-08-13 13:18:34,026][flwr][INFO] - configure_fit: strategy sampled 10 clients (out of 10)
[2024-08-13 13:18:40,648][flwr][INFO] - aggregate_fit: received 10 results and 0 failures
[2024-08-13 13:18:42,727][flwr][INFO] - fit progress: (10, 1.9771579153429477, {'accuracy': 0.1415, 'precision': 0.10937060917767631, 'recall': 0.1415, 'f1': 0.1193650809406125, 'confusion_matrix': array([[ 545,  350,    1,    2,    9,    2,   35,   35,    1,    0],
       [   1,    2, 1115,    3,    4,    0,    4,    6,    0,    0],
       [  34,   12,  254,  614,   26,   10,    9,   39,   30,    4],
       [  19,   13,   15,   89,  796,    1,   18,   18,   40,    1],
       [  69,    0,    8,    0,  101,  742,    4,   51,    5,    2],
       [ 119,   46,   35,   11,  118,   67,  425,   31,   38,    2],
       [  21,   12,   16,    3,    6,    3,  102,  795,    0,    0],
       [ 129,    1,   49,    8,   17,    6,    0,   45,  773,    0],
       [ 101,   12,   67,   35,  172,   20,   32,   19,  210,  306],
       [ 838,    1,    6,    5,   56,   36,    4,   11,   52,    0]],
      dtype=int64)}, 89.40245039999718)
[2024-08-13 13:18:42,727][flwr][INFO] - configure_evaluate: no clients selected, skipping evaluation
[2024-08-13 13:18:42,728][flwr][INFO] - 
[2024-08-13 13:18:42,728][flwr][INFO] - [SUMMARY]
[2024-08-13 13:18:42,728][flwr][INFO] - Run finished 10 round(s) in 89.40s
[2024-08-13 13:18:42,736][flwr][INFO] - 	History (loss, centralized):
[2024-08-13 13:18:42,736][flwr][INFO] - 		round 0: 2.3025850929940455
[2024-08-13 13:18:42,736][flwr][INFO] - 		round 1: 4.034511540697357
[2024-08-13 13:18:42,736][flwr][INFO] - 		round 2: 3.4350981622555934
[2024-08-13 13:18:42,736][flwr][INFO] - 		round 3: 3.0110909704385493
[2024-08-13 13:18:42,736][flwr][INFO] - 		round 4: 2.8188451510903247
[2024-08-13 13:18:42,736][flwr][INFO] - 		round 5: 2.459794630314938
[2024-08-13 13:18:42,736][flwr][INFO] - 		round 6: 2.3946140834215353
[2024-08-13 13:18:42,736][flwr][INFO] - 		round 7: 2.2707251469928926
[2024-08-13 13:18:42,736][flwr][INFO] - 		round 8: 2.1048613961799862
[2024-08-13 13:18:42,737][flwr][INFO] - 		round 9: 2.090527847508892
[2024-08-13 13:18:42,737][flwr][INFO] - 		round 10: 1.9771579153429477
[2024-08-13 13:18:42,737][flwr][INFO] - 	History (metrics, centralized):
[2024-08-13 13:18:42,737][flwr][INFO] - 	{'accuracy': [(0, 0.098),
[2024-08-13 13:18:42,737][flwr][INFO] - 	              (1, 0.0297),
[2024-08-13 13:18:42,737][flwr][INFO] - 	              (2, 0.0338),
[2024-08-13 13:18:42,737][flwr][INFO] - 	              (3, 0.0428),
[2024-08-13 13:18:42,737][flwr][INFO] - 	              (4, 0.0449),
[2024-08-13 13:18:42,737][flwr][INFO] - 	              (5, 0.0646),
[2024-08-13 13:18:42,737][flwr][INFO] - 	              (6, 0.057),
[2024-08-13 13:18:42,737][flwr][INFO] - 	              (7, 0.1186),
[2024-08-13 13:18:42,737][flwr][INFO] - 	              (8, 0.1006),
[2024-08-13 13:18:42,737][flwr][INFO] - 	              (9, 0.1548),
[2024-08-13 13:18:42,737][flwr][INFO] - 	              (10, 0.1415)],
[2024-08-13 13:18:42,737][flwr][INFO] - 	 'confusion_matrix': [(0,
[2024-08-13 13:18:42,737][flwr][INFO] - 	                       array([[ 980,    0,    0,    0,    0,    0,    0,    0,    0,    0],
[2024-08-13 13:18:42,738][flwr][INFO] - 	       [1135,    0,    0,    0,    0,    0,    0,    0,    0,    0],
[2024-08-13 13:18:42,738][flwr][INFO] - 	       [1032,    0,    0,    0,    0,    0,    0,    0,    0,    0],
[2024-08-13 13:18:42,738][flwr][INFO] - 	       [1010,    0,    0,    0,    0,    0,    0,    0,    0,    0],
[2024-08-13 13:18:42,738][flwr][INFO] - 	       [ 982,    0,    0,    0,    0,    0,    0,    0,    0,    0],
[2024-08-13 13:18:42,738][flwr][INFO] - 	       [ 892,    0,    0,    0,    0,    0,    0,    0,    0,    0],
[2024-08-13 13:18:42,738][flwr][INFO] - 	       [ 958,    0,    0,    0,    0,    0,    0,    0,    0,    0],
[2024-08-13 13:18:42,738][flwr][INFO] - 	       [1028,    0,    0,    0,    0,    0,    0,    0,    0,    0],
[2024-08-13 13:18:42,738][flwr][INFO] - 	       [ 974,    0,    0,    0,    0,    0,    0,    0,    0,    0],
[2024-08-13 13:18:42,738][flwr][INFO] - 	       [1009,    0,    0,    0,    0,    0,    0,    0,    0,    0]],
[2024-08-13 13:18:42,738][flwr][INFO] - 	      dtype=int64)),
[2024-08-13 13:18:42,738][flwr][INFO] - 	                      (1,
[2024-08-13 13:18:42,738][flwr][INFO] - 	                       array([[   0,  933,    0,    1,    6,    0,    0,   18,    1,   21],
[2024-08-13 13:18:42,738][flwr][INFO] - 	       [   0,    0, 1093,    2,    3,    0,    0,    3,    1,   33],
[2024-08-13 13:18:42,738][flwr][INFO] - 	       [   6,   55,   99,  727,   17,    4,    0,   37,   19,   68],
[2024-08-13 13:18:42,738][flwr][INFO] - 	       [   1,   27,   17,   26,  820,    0,    0,    9,   14,   96],
[2024-08-13 13:18:42,738][flwr][INFO] - 	       [ 178,   10,   19,    1,   11,  558,    0,   56,    9,  140],
[2024-08-13 13:18:42,738][flwr][INFO] - 	       [  43,  135,   72,    5,  260,    3,    5,   34,   33,  302],
[2024-08-13 13:18:42,739][flwr][INFO] - 	       [   0,   69,   28,    8,    3,    1,    0,  821,    1,   27],
[2024-08-13 13:18:42,739][flwr][INFO] - 	       [  34,   12,   54,    5,    4,    1,    0,    2,  875,   41],
[2024-08-13 13:18:42,739][flwr][INFO] - 	       [   5,   22,   24,    6,   76,    1,    0,    9,   10,  821],
[2024-08-13 13:18:42,739][flwr][INFO] - 	       [ 698,   25,   15,    7,   19,    7,    0,    3,   89,  146]],
[2024-08-13 13:18:42,739][flwr][INFO] - 	      dtype=int64)),
[2024-08-13 13:18:42,739][flwr][INFO] - 	                      (2,
[2024-08-13 13:18:42,739][flwr][INFO] - 	                       array([[  33,  855,    0,   10,    5,    1,   50,   25,    1,    0],
[2024-08-13 13:18:42,739][flwr][INFO] - 	       [   1,    0, 1104,   14,    2,    0,    8,    4,    1,    1],
[2024-08-13 13:18:42,739][flwr][INFO] - 	       [   7,   17,   64,  859,    9,   19,    1,   26,   19,   11],
[2024-08-13 13:18:42,739][flwr][INFO] - 	       [  19,   10,   18,  114,  778,    1,   22,    9,   30,    9],
[2024-08-13 13:18:42,739][flwr][INFO] - 	       [  36,    1,   16,    4,    2,  877,    1,   33,    9,    3],
[2024-08-13 13:18:42,739][flwr][INFO] - 	       [  73,   26,   60,   18,  121,   34,  500,   23,   34,    3],
[2024-08-13 13:18:42,739][flwr][INFO] - 	       [   0,   28,   22,   20,    1,    9,   53,  825,    0,    0],
[2024-08-13 13:18:42,739][flwr][INFO] - 	       [  49,    2,   50,   32,    0,   13,    0,    3,  878,    1],
[2024-08-13 13:18:42,739][flwr][INFO] - 	       [  59,    6,   56,  106,  109,   16,   49,   16,   31,  526],
[2024-08-13 13:18:42,739][flwr][INFO] - 	       [ 769,    4,   16,    8,   15,   92,    9,    5,   87,    4]],
[2024-08-13 13:18:42,739][flwr][INFO] - 	      dtype=int64)),
[2024-08-13 13:18:42,740][flwr][INFO] - 	                      (3,
[2024-08-13 13:18:42,740][flwr][INFO] - 	                       array([[  41,  821,    0,    2,    4,    1,   66,   30,    1,   14],
[2024-08-13 13:18:42,740][flwr][INFO] - 	       [   0,    0, 1087,    2,    3,    0,    6,    4,    1,   32],
[2024-08-13 13:18:42,740][flwr][INFO] - 	       [   8,   16,   71,  777,   14,   19,    5,   45,   23,   54],
[2024-08-13 13:18:42,740][flwr][INFO] - 	       [   2,    9,   11,   51,  792,    1,   30,   12,   21,   81],
[2024-08-13 13:18:42,740][flwr][INFO] - 	       [  18,    1,    9,    1,    5,  859,    2,   42,    6,   39],
[2024-08-13 13:18:42,740][flwr][INFO] - 	       [  39,   17,   46,    5,   99,   35,  530,   27,   33,   61],
[2024-08-13 13:18:42,740][flwr][INFO] - 	       [   0,   18,   14,    8,    2,    5,   78,  830,    0,    3],
[2024-08-13 13:18:42,740][flwr][INFO] - 	       [  45,    1,   40,    6,    5,   11,    0,    7,  887,   26],
[2024-08-13 13:18:42,740][flwr][INFO] - 	       [   5,    4,   16,    9,   55,    8,   28,   15,   10,  824],
[2024-08-13 13:18:42,740][flwr][INFO] - 	       [ 620,    3,    7,    4,   15,  124,    9,    7,   90,  130]],
[2024-08-13 13:18:42,740][flwr][INFO] - 	      dtype=int64)),
[2024-08-13 13:18:42,740][flwr][INFO] - 	                      (4,
[2024-08-13 13:18:42,740][flwr][INFO] - 	                       array([[  87,  840,    0,    3,    4,    0,   22,   24,    0,    0],
[2024-08-13 13:18:42,740][flwr][INFO] - 	       [   1,    0, 1108,    5,    5,    0,   10,    5,    1,    0],
[2024-08-13 13:18:42,740][flwr][INFO] - 	       [  22,   17,   55,  861,    8,   14,    3,   27,   21,    4],
[2024-08-13 13:18:42,740][flwr][INFO] - 	       [  28,   15,    9,  112,  777,    1,   29,   11,   27,    1],
[2024-08-13 13:18:42,741][flwr][INFO] - 	       [  66,    1,   11,    2,    6,  854,    1,   31,    8,    2],
[2024-08-13 13:18:42,741][flwr][INFO] - 	       [ 102,   45,   43,   12,   91,   38,  508,   23,   29,    1],
[2024-08-13 13:18:42,741][flwr][INFO] - 	       [   8,   25,   12,   16,    2,    8,   75,  812,    0,    0],
[2024-08-13 13:18:42,741][flwr][INFO] - 	       [ 100,    1,   40,   26,    3,   10,    0,    4,  843,    1],
[2024-08-13 13:18:42,741][flwr][INFO] - 	       [ 142,   14,   52,  110,  157,   23,   60,   18,   72,  326],
[2024-08-13 13:18:42,741][flwr][INFO] - 	       [ 845,    2,    8,    7,   19,   57,    6,    4,   61,    0]],
[2024-08-13 13:18:42,741][flwr][INFO] - 	      dtype=int64)),
[2024-08-13 13:18:42,741][flwr][INFO] - 	                      (5,
[2024-08-13 13:18:42,741][flwr][INFO] - 	                       array([[  57,  795,    0,    2,    3,    1,   75,   36,    2,    9],
[2024-08-13 13:18:42,741][flwr][INFO] - 	       [   0,    1, 1097,    2,    2,    0,   17,    3,    1,   12],
[2024-08-13 13:18:42,741][flwr][INFO] - 	       [   6,   16,   93,  770,   10,   20,   11,   38,   25,   43],
[2024-08-13 13:18:42,741][flwr][INFO] - 	       [   1,   15,   11,  100,  710,    1,   62,   11,   32,   67],
[2024-08-13 13:18:42,741][flwr][INFO] - 	       [   9,    0,    7,    1,    8,  867,    5,   43,    7,   35],
[2024-08-13 13:18:42,741][flwr][INFO] - 	       [  28,   44,   34,    6,   50,   37,  588,   21,   39,   45],
[2024-08-13 13:18:42,741][flwr][INFO] - 	       [   3,   16,   12,    5,    2,    5,  129,  783,    0,    3],
[2024-08-13 13:18:42,741][flwr][INFO] - 	       [  31,    1,   42,    8,    4,   11,    0,    6,  908,   17],
[2024-08-13 13:18:42,741][flwr][INFO] - 	       [   0,    7,   21,   15,   38,    8,   47,   11,   26,  801],
[2024-08-13 13:18:42,742][flwr][INFO] - 	       [ 452,    2,    5,    6,   25,  179,   16,    9,  126,  189]],
[2024-08-13 13:18:42,742][flwr][INFO] - 	      dtype=int64)),
[2024-08-13 13:18:42,742][flwr][INFO] - 	                      (6,
[2024-08-13 13:18:42,742][flwr][INFO] - 	                       array([[ 169,  771,    0,    2,    4,    1,    5,   28,    0,    0],
[2024-08-13 13:18:42,742][flwr][INFO] - 	       [   1,    2, 1116,    3,    4,    0,    3,    5,    0,    1],
[2024-08-13 13:18:42,742][flwr][INFO] - 	       [  33,   23,  110,  775,   12,   11,    4,   37,   18,    9],
[2024-08-13 13:18:42,742][flwr][INFO] - 	       [  32,   21,   12,  109,  775,    1,   14,   16,   21,    9],
[2024-08-13 13:18:42,742][flwr][INFO] - 	       [  87,    0,   11,    1,   27,  800,    1,   48,    5,    2],
[2024-08-13 13:18:42,742][flwr][INFO] - 	       [ 145,   92,   41,   11,  121,   47,  379,   30,   23,    3],
[2024-08-13 13:18:42,742][flwr][INFO] - 	       [  16,   32,   14,    7,    4,    4,   52,  829,    0,    0],
[2024-08-13 13:18:42,742][flwr][INFO] - 	       [ 148,    1,   47,   16,    8,    7,    0,   12,  786,    3],
[2024-08-13 13:18:42,742][flwr][INFO] - 	       [  91,   19,   48,   51,  127,   14,   20,   18,   39,  547],
[2024-08-13 13:18:42,742][flwr][INFO] - 	       [ 878,    2,    7,    7,   26,   41,    1,    5,   39,    3]],
[2024-08-13 13:18:42,742][flwr][INFO] - 	      dtype=int64)),
[2024-08-13 13:18:42,742][flwr][INFO] - 	                      (7,
[2024-08-13 13:18:42,742][flwr][INFO] - 	                       array([[  12,  801,    0,    1,    2,    5,  107,   28,    1,   23],
[2024-08-13 13:18:42,742][flwr][INFO] - 	       [   0,    2, 1092,    3,    0,    0,   17,    3,    1,   17],
[2024-08-13 13:18:42,743][flwr][INFO] - 	       [   0,   16,  125,  724,    8,   20,   17,   25,   25,   72],
[2024-08-13 13:18:42,743][flwr][INFO] - 	       [   0,   24,   13,  160,  568,    1,   91,   12,   30,  111],
[2024-08-13 13:18:42,743][flwr][INFO] - 	       [   1,    0,    4,    3,    6,  872,    9,   22,    4,   61],
[2024-08-13 13:18:42,743][flwr][INFO] - 	       [   5,   49,   28,    7,   14,   43,  610,   14,   33,   89],
[2024-08-13 13:18:42,743][flwr][INFO] - 	       [   0,   17,   10,    5,    2,    5,  228,  684,    0,    7],
[2024-08-13 13:18:42,743][flwr][INFO] - 	       [   9,    2,   36,    7,    4,   15,    0,    8,  920,   27],
[2024-08-13 13:18:42,743][flwr][INFO] - 	       [   0,    7,   15,   14,   11,    8,   41,    5,   16,  857],
[2024-08-13 13:18:42,743][flwr][INFO] - 	       [  57,    6,    4,    7,   14,  199,   16,   12,  108,  586]],
[2024-08-13 13:18:42,743][flwr][INFO] - 	      dtype=int64)),
[2024-08-13 13:18:42,743][flwr][INFO] - 	                      (8,
[2024-08-13 13:18:42,743][flwr][INFO] - 	                       array([[ 393,  523,    0,    1,    8,    1,   18,   35,    1,    0],
[2024-08-13 13:18:42,743][flwr][INFO] - 	       [   1,    3, 1112,    3,    6,    0,    4,    6,    0,    0],
[2024-08-13 13:18:42,743][flwr][INFO] - 	       [  35,   22,  164,  703,   20,   11,    5,   44,   23,    5],
[2024-08-13 13:18:42,743][flwr][INFO] - 	       [  18,   18,   11,   91,  806,    1,   14,   18,   32,    1],
[2024-08-13 13:18:42,743][flwr][INFO] - 	       [  71,    0,    6,    1,   82,  759,    4,   53,    4,    2],
[2024-08-13 13:18:42,743][flwr][INFO] - 	       [ 123,   72,   32,   12,  129,   52,  411,   27,   32,    2],
[2024-08-13 13:18:42,743][flwr][INFO] - 	       [  22,   19,   13,    5,    6,    3,   88,  802,    0,    0],
[2024-08-13 13:18:42,744][flwr][INFO] - 	       [ 128,    1,   48,   12,   16,    4,    0,   23,  795,    1],
[2024-08-13 13:18:42,744][flwr][INFO] - 	       [  96,   27,   53,   38,  189,   13,   30,   19,  110,  399],
[2024-08-13 13:18:42,744][flwr][INFO] - 	       [ 842,    1,    6,    5,   50,   40,    4,    9,   52,    0]],
[2024-08-13 13:18:42,744][flwr][INFO] - 	      dtype=int64)),
[2024-08-13 13:18:42,744][flwr][INFO] - 	                      (9,
[2024-08-13 13:18:42,744][flwr][INFO] - 	                       array([[   9,  863,    1,    2,    1,    2,   53,   23,    2,   24],
[2024-08-13 13:18:42,744][flwr][INFO] - 	       [   0,    6, 1086,    3,    0,    0,   18,    1,    1,   20],
[2024-08-13 13:18:42,744][flwr][INFO] - 	       [   0,   24,  138,  723,    5,   20,   16,   21,   24,   61],
[2024-08-13 13:18:42,744][flwr][INFO] - 	       [   0,   41,   11,  296,  391,    1,  102,   12,   34,  122],
[2024-08-13 13:18:42,744][flwr][INFO] - 	       [   1,    2,    1,    4,   10,  868,   10,   16,    4,   66],
[2024-08-13 13:18:42,744][flwr][INFO] - 	       [   5,   76,   18,    9,    8,   60,  565,   14,   34,  103],
[2024-08-13 13:18:42,744][flwr][INFO] - 	       [   0,   29,   11,    4,    1,    6,  305,  595,    0,    7],
[2024-08-13 13:18:42,744][flwr][INFO] - 	       [  13,    3,   35,    9,    4,   20,    0,    9,  905,   30],
[2024-08-13 13:18:42,744][flwr][INFO] - 	       [   0,   10,   16,   22,    5,    8,   31,    4,   17,  861],
[2024-08-13 13:18:42,744][flwr][INFO] - 	       [  55,    8,    3,    8,   12,  129,   11,   16,   69,  698]],
[2024-08-13 13:18:42,744][flwr][INFO] - 	      dtype=int64)),
[2024-08-13 13:18:42,745][flwr][INFO] - 	                      (10,
[2024-08-13 13:18:42,745][flwr][INFO] - 	                       array([[ 545,  350,    1,    2,    9,    2,   35,   35,    1,    0],
[2024-08-13 13:18:42,745][flwr][INFO] - 	       [   1,    2, 1115,    3,    4,    0,    4,    6,    0,    0],
[2024-08-13 13:18:42,745][flwr][INFO] - 	       [  34,   12,  254,  614,   26,   10,    9,   39,   30,    4],
[2024-08-13 13:18:42,745][flwr][INFO] - 	       [  19,   13,   15,   89,  796,    1,   18,   18,   40,    1],
[2024-08-13 13:18:42,745][flwr][INFO] - 	       [  69,    0,    8,    0,  101,  742,    4,   51,    5,    2],
[2024-08-13 13:18:42,745][flwr][INFO] - 	       [ 119,   46,   35,   11,  118,   67,  425,   31,   38,    2],
[2024-08-13 13:18:42,745][flwr][INFO] - 	       [  21,   12,   16,    3,    6,    3,  102,  795,    0,    0],
[2024-08-13 13:18:42,745][flwr][INFO] - 	       [ 129,    1,   49,    8,   17,    6,    0,   45,  773,    0],
[2024-08-13 13:18:42,745][flwr][INFO] - 	       [ 101,   12,   67,   35,  172,   20,   32,   19,  210,  306],
[2024-08-13 13:18:42,745][flwr][INFO] - 	       [ 838,    1,    6,    5,   56,   36,    4,   11,   52,    0]],
[2024-08-13 13:18:42,745][flwr][INFO] - 	      dtype=int64))],
[2024-08-13 13:18:42,745][flwr][INFO] - 	 'f1': [(0, 0.017493624772313296),
[2024-08-13 13:18:42,745][flwr][INFO] - 	        (1, 0.024658518984549387),
[2024-08-13 13:18:42,745][flwr][INFO] - 	        (2, 0.03230055249819628),
[2024-08-13 13:18:42,745][flwr][INFO] - 	        (3, 0.041963877061042425),
[2024-08-13 13:18:42,745][flwr][INFO] - 	        (4, 0.04245082557158417),
[2024-08-13 13:18:42,746][flwr][INFO] - 	        (5, 0.06305612598960633),
[2024-08-13 13:18:42,746][flwr][INFO] - 	        (6, 0.05307332630722758),
[2024-08-13 13:18:42,746][flwr][INFO] - 	        (7, 0.09906779537904806),
[2024-08-13 13:18:42,746][flwr][INFO] - 	        (8, 0.08835028640242057),
[2024-08-13 13:18:42,746][flwr][INFO] - 	        (9, 0.12756784008479277),
[2024-08-13 13:18:42,746][flwr][INFO] - 	        (10, 0.1193650809406125)],
[2024-08-13 13:18:42,746][flwr][INFO] - 	 'precision': [(0, 0.009604000000000001),
[2024-08-13 13:18:42,746][flwr][INFO] - 	               (1, 0.021698086105782888),
[2024-08-13 13:18:42,746][flwr][INFO] - 	               (2, 0.031688394270615636),
[2024-08-13 13:18:42,746][flwr][INFO] - 	               (3, 0.04208483060663047),
[2024-08-13 13:18:42,746][flwr][INFO] - 	               (4, 0.04114779011826407),
[2024-08-13 13:18:42,746][flwr][INFO] - 	               (5, 0.06322699831008705),
[2024-08-13 13:18:42,746][flwr][INFO] - 	               (6, 0.052996863745991434),
[2024-08-13 13:18:42,746][flwr][INFO] - 	               (7, 0.0991143592598691),
[2024-08-13 13:18:42,746][flwr][INFO] - 	               (8, 0.0835023645301047),
[2024-08-13 13:18:42,746][flwr][INFO] - 	               (9, 0.1212653701906929),
[2024-08-13 13:18:42,746][flwr][INFO] - 	               (10, 0.10937060917767631)],
[2024-08-13 13:18:42,747][flwr][INFO] - 	 'recall': [(0, 0.098),
[2024-08-13 13:18:42,747][flwr][INFO] - 	            (1, 0.0297),
[2024-08-13 13:18:42,747][flwr][INFO] - 	            (2, 0.0338),
[2024-08-13 13:18:42,747][flwr][INFO] - 	            (3, 0.0428),
[2024-08-13 13:18:42,747][flwr][INFO] - 	            (4, 0.0449),
[2024-08-13 13:18:42,747][flwr][INFO] - 	            (5, 0.0646),
[2024-08-13 13:18:42,747][flwr][INFO] - 	            (6, 0.057),
[2024-08-13 13:18:42,747][flwr][INFO] - 	            (7, 0.1186),
[2024-08-13 13:18:42,747][flwr][INFO] - 	            (8, 0.1006),
[2024-08-13 13:18:42,747][flwr][INFO] - 	            (9, 0.1548),
[2024-08-13 13:18:42,747][flwr][INFO] - 	            (10, 0.1415)]}
[2024-08-13 13:18:42,747][flwr][INFO] - 
