[2024-08-13 12:55:38,444][flwr][INFO] - Starting Flower simulation, config: num_rounds=10, no round_timeout
[2024-08-13 12:55:42,624][flwr][INFO] - Flower VCE: Ray initialized with resources: {'memory': 5057096910.0, 'object_store_memory': 2528548454.0, 'node:127.0.0.1': 1.0, 'CPU': 16.0, 'GPU': 1.0, 'accelerator_type:G': 1.0, 'node:__internal_head__': 1.0}
[2024-08-13 12:55:42,624][flwr][INFO] - Optimize your simulation with Flower VCE: https://flower.ai/docs/framework/how-to-run-simulations.html
[2024-08-13 12:55:42,624][flwr][INFO] - Flower VCE: Resources for each Virtual Client: {'num_cpus': 2, 'num_gpus': 0.5}
[2024-08-13 12:55:42,635][flwr][INFO] - Flower VCE: Creating VirtualClientEngineActorPool with 2 actors
[2024-08-13 12:55:42,636][flwr][INFO] - [INIT]
[2024-08-13 12:55:42,636][flwr][INFO] - Requesting initial parameters from one random client
[2024-08-13 12:55:49,969][flwr][INFO] - Received initial parameters from one random client
[2024-08-13 12:55:49,970][flwr][INFO] - Evaluating initial global parameters
[2024-08-13 12:55:52,182][flwr][INFO] - initial parameters (loss, other metrics): 2.3025850929940455, {'accuracy': 0.098, 'precision': 0.009604000000000001, 'recall': 0.098, 'f1': 0.017493624772313296, 'confusion_matrix': array([[ 980,    0,    0,    0,    0,    0,    0,    0,    0,    0],
       [1135,    0,    0,    0,    0,    0,    0,    0,    0,    0],
       [1032,    0,    0,    0,    0,    0,    0,    0,    0,    0],
       [1010,    0,    0,    0,    0,    0,    0,    0,    0,    0],
       [ 982,    0,    0,    0,    0,    0,    0,    0,    0,    0],
       [ 892,    0,    0,    0,    0,    0,    0,    0,    0,    0],
       [ 958,    0,    0,    0,    0,    0,    0,    0,    0,    0],
       [1028,    0,    0,    0,    0,    0,    0,    0,    0,    0],
       [ 974,    0,    0,    0,    0,    0,    0,    0,    0,    0],
       [1009,    0,    0,    0,    0,    0,    0,    0,    0,    0]],
      dtype=int64)}
[2024-08-13 12:55:52,183][flwr][INFO] - 
[2024-08-13 12:55:52,183][flwr][INFO] - [ROUND 1]
[2024-08-13 12:55:52,184][flwr][INFO] - configure_fit: strategy sampled 10 clients (out of 10)
[2024-08-13 12:56:00,637][flwr][INFO] - aggregate_fit: received 10 results and 0 failures
[2024-08-13 12:56:00,640][flwr][WARNING] - No fit_metrics_aggregation_fn provided
[2024-08-13 12:56:02,881][flwr][INFO] - fit progress: (1, 2.943790867261984, {'accuracy': 0.0959, 'precision': 0.08883991679178013, 'recall': 0.0959, 'f1': 0.06587259517208777, 'confusion_matrix': array([[  31,  872,    0,    4,    7,    0,    0,   23,    1,   42],
       [   0,    0, 1078,    2,    2,    0,    0,    3,    1,   49],
       [   1,   32,   83,  770,    9,    2,    1,   35,   16,   83],
       [   0,   22,   13,  117,  708,    0,    0,   10,   10,  130],
       [  90,    3,   10,    5,   66,  214,    0,   67,   14,  513],
       [  35,  102,   49,   24,  220,    1,    5,   31,   25,  400],
       [   0,   56,   25,   12,    4,    1,    3,  812,    0,   45],
       [  31,    3,   43,    5,    6,    0,    0,    7,  867,   66],
       [   0,    8,   15,   16,   73,    0,    0,    4,    7,  851],
       [ 213,    6,    4,    6,   34,    1,    0,    8,   93,  644]],
      dtype=int64)}, 10.696846499995445)
[2024-08-13 12:56:02,881][flwr][INFO] - configure_evaluate: no clients selected, skipping evaluation
[2024-08-13 12:56:02,881][flwr][INFO] - 
[2024-08-13 12:56:02,882][flwr][INFO] - [ROUND 2]
[2024-08-13 12:56:02,882][flwr][INFO] - configure_fit: strategy sampled 10 clients (out of 10)
[2024-08-13 12:56:09,461][flwr][INFO] - aggregate_fit: received 10 results and 0 failures
[2024-08-13 12:56:11,706][flwr][INFO] - fit progress: (2, 2.2206240521189056, {'accuracy': 0.1914, 'precision': 0.12482195369614353, 'recall': 0.1914, 'f1': 0.148996860653691, 'confusion_matrix': array([[ 702,  137,    0,    3,    0,    1,  132,    5,    0,    0],
       [   1,    0, 1097,    3,    0,    0,   34,    0,    0,    0],
       [  56,    4,  102,  756,    4,   19,   30,   37,   24,    0],
       [  40,    5,   10,  294,  495,    1,  115,    7,   43,    0],
       [  47,    0,    8,    1,   12,  858,   16,   27,   13,    0],
       [ 153,   26,   38,   14,   46,   52,  518,   14,   31,    0],
       [  30,    3,   13,    5,    1,    4,  481,  421,    0,    0],
       [ 126,    0,   46,   13,    4,    9,    2,   17,  811,    0],
       [ 164,    3,   52,  129,  105,   29,  231,    7,  254,    0],
       [ 599,    0,    6,    3,   22,  220,   12,    8,  139,    0]],
      dtype=int64)}, 19.522690800004057)
[2024-08-13 12:56:11,707][flwr][INFO] - configure_evaluate: no clients selected, skipping evaluation
[2024-08-13 12:56:11,707][flwr][INFO] - 
[2024-08-13 12:56:11,707][flwr][INFO] - [ROUND 3]
[2024-08-13 12:56:11,707][flwr][INFO] - configure_fit: strategy sampled 10 clients (out of 10)
[2024-08-13 12:56:18,466][flwr][INFO] - aggregate_fit: received 10 results and 0 failures
[2024-08-13 12:56:20,699][flwr][INFO] - fit progress: (3, 1.7399650572724727, {'accuracy': 0.2674, 'precision': 0.2899381636172423, 'recall': 0.2674, 'f1': 0.22638754793691374, 'confusion_matrix': array([[ 14, 847,   1,   0,   8,   1,   5,  81,   1,  22],
       [  0, 560, 526,   3,   2,   0,   0,   7,   0,  37],
       [  0,  70, 267, 469,  17,   5,   7,  96,  11,  90],
       [  0,  86,   5, 273, 500,   0,   5,  21,   7, 113],
       [  0,   4,   2,   0, 220, 382,   2, 140,   1, 231],
       [  2, 247,  18,  24, 157,  79,  59,  48,  16, 242],
       [  0,  80,   9,   3,   5,   0, 101, 755,   0,   5],
       [  8,  13,  25,   1,  18,   3,   0, 331, 554,  75],
       [  0,  60,   9,  19,  66,   0,   5,  16,   2, 797],
       [  5,  12,   1,   1,  50,  14,   0,  94,   5, 827]], dtype=int64)}, 28.516209399997024)
[2024-08-13 12:56:20,700][flwr][INFO] - configure_evaluate: no clients selected, skipping evaluation
[2024-08-13 12:56:20,700][flwr][INFO] - 
[2024-08-13 12:56:20,700][flwr][INFO] - [ROUND 4]
[2024-08-13 12:56:20,701][flwr][INFO] - configure_fit: strategy sampled 10 clients (out of 10)
[2024-08-13 12:56:27,558][flwr][INFO] - aggregate_fit: received 10 results and 0 failures
[2024-08-13 12:56:29,795][flwr][INFO] - fit progress: (4, 1.5628202157914686, {'accuracy': 0.3748, 'precision': 0.37440491476161225, 'recall': 0.3748, 'f1': 0.29408404652070774, 'confusion_matrix': array([[ 925,    0,    2,    5,    0,    2,   41,    0,    5,    0],
       [   0,   52, 1051,    3,    0,    0,   26,    0,    3,    0],
       [  66,    1,  400,  463,    2,   10,   33,    9,   48,    0],
       [  34,    0,   16,  743,   39,    5,   80,    4,   89,    0],
       [  84,    0,    7,    0,   72,  766,   27,    1,   25,    0],
       [ 229,   19,   41,   60,    4,  146,  327,    4,   62,    0],
       [  70,    1,   36,    3,    2,    3,  815,   28,    0,    0],
       [ 143,    0,   50,    4,    5,    9,    5,   28,  784,    0],
       [ 105,    1,   46,  143,    4,   28,   79,    1,  567,    0],
       [ 575,    1,    3,    5,   29,  183,    3,    5,  205,    0]],
      dtype=int64)}, 37.61201810000057)
[2024-08-13 12:56:29,796][flwr][INFO] - configure_evaluate: no clients selected, skipping evaluation
[2024-08-13 12:56:29,796][flwr][INFO] - 
[2024-08-13 12:56:29,796][flwr][INFO] - [ROUND 5]
[2024-08-13 12:56:29,796][flwr][INFO] - configure_fit: strategy sampled 10 clients (out of 10)
[2024-08-13 12:56:36,491][flwr][INFO] - aggregate_fit: received 10 results and 0 failures
[2024-08-13 12:56:38,727][flwr][INFO] - fit progress: (5, 1.5506198018322712, {'accuracy': 0.3616, 'precision': 0.38125803841543965, 'recall': 0.3616, 'f1': 0.32771579325460004, 'confusion_matrix': array([[ 81, 699,   1,   2,  26,   7,  67,  85,   1,  11],
       [  0, 534, 573,   3,   9,   2,   1,   7,   0,   6],
       [  0,  31, 402, 422,  44,   8,  14,  72,   9,  30],
       [  0,  31,  10, 273, 587,   1,  14,  23,  10,  61],
       [  0,   3,   1,   0, 341, 489,   4,  94,   1,  49],
       [  3, 117,  21,  29, 177, 262, 143,  48,  19,  73],
       [  1,  25,  17,   2,  10,   1, 282, 619,   0,   1],
       [  8,  17,  41,   1,  29,   5,   0, 771, 126,  30],
       [  0,  37,  28,  20, 145,   8,  16,  21,   8, 691],
       [  8,   7,   1,   1, 118,  69,   1, 140,   2, 662]], dtype=int64)}, 46.54361579999386)
[2024-08-13 12:56:38,728][flwr][INFO] - configure_evaluate: no clients selected, skipping evaluation
[2024-08-13 12:56:38,728][flwr][INFO] - 
[2024-08-13 12:56:38,728][flwr][INFO] - [ROUND 6]
[2024-08-13 12:56:38,729][flwr][INFO] - configure_fit: strategy sampled 10 clients (out of 10)
[2024-08-13 12:56:45,431][flwr][INFO] - aggregate_fit: received 10 results and 0 failures
[2024-08-13 12:56:47,661][flwr][INFO] - fit progress: (6, 1.6252245678751414, {'accuracy': 0.3131, 'precision': 0.24997027185802367, 'recall': 0.3131, 'f1': 0.2559981131113079, 'confusion_matrix': array([[ 746,  167,    1,    5,    0,    1,   47,    6,    7,    0],
       [   0,   11, 1099,    4,    0,    0,   13,    0,    8,    0],
       [  35,   12,  293,  589,    3,   11,   18,   12,   58,    1],
       [  15,   15,   16,  662,   94,    4,   74,    6,  115,    9],
       [  71,    2,    9,    1,   43,  782,   11,   10,   45,    8],
       [ 127,   58,   34,   51,   14,  141,  356,    6,  102,    3],
       [  35,   12,   32,    5,    3,    5,  674,  191,    1,    0],
       [  97,    1,   43,    7,    5,    6,    1,    7,  858,    3],
       [  56,   12,   40,  115,    2,   12,   46,    3,  481,  207],
       [ 637,    1,    2,    8,   15,   66,    0,    4,  203,   73]],
      dtype=int64)}, 55.477142400006414)
[2024-08-13 12:56:47,661][flwr][INFO] - configure_evaluate: no clients selected, skipping evaluation
[2024-08-13 12:56:47,661][flwr][INFO] - 
[2024-08-13 12:56:47,662][flwr][INFO] - [ROUND 7]
[2024-08-13 12:56:47,662][flwr][INFO] - configure_fit: strategy sampled 10 clients (out of 10)
[2024-08-13 12:56:54,195][flwr][INFO] - aggregate_fit: received 10 results and 0 failures
[2024-08-13 12:56:56,430][flwr][INFO] - fit progress: (7, 1.5031249184636544, {'accuracy': 0.4541, 'precision': 0.49829733753590616, 'recall': 0.4541, 'f1': 0.38637308210649934, 'confusion_matrix': array([[ 32, 747,   0,   0,  29,   4,  33, 114,   0,  21],
       [  0, 934, 152,   2,  10,   0,   1,  12,   0,  24],
       [  0,  48, 611, 115,  87,   2,  14,  95,   0,  60],
       [  0,  50,   7, 162, 655,   0,  12,  33,   1,  90],
       [  0,   5,   0,   0, 690,  68,   3, 112,   0, 104],
       [  1, 138,   8,  13, 174, 202, 138,  62,   1, 155],
       [  0,  36,   7,   0,  12,   0, 245, 654,   0,   4],
       [  3,  25,  20,   0,  30,   1,   0, 876,   0,  73],
       [  0,  54,  11,   5, 116,   5,  10,  26,   0, 747],
       [  2,   9,   0,   0,  91,   4,   1, 113,   0, 789]], dtype=int64)}, 64.24699919999694)
[2024-08-13 12:56:56,431][flwr][INFO] - configure_evaluate: no clients selected, skipping evaluation
[2024-08-13 12:56:56,431][flwr][INFO] - 
[2024-08-13 12:56:56,431][flwr][INFO] - [ROUND 8]
[2024-08-13 12:56:56,432][flwr][INFO] - configure_fit: strategy sampled 10 clients (out of 10)
[2024-08-13 12:57:03,211][flwr][INFO] - aggregate_fit: received 10 results and 0 failures
[2024-08-13 12:57:05,446][flwr][INFO] - fit progress: (8, 1.4794985703524157, {'accuracy': 0.3707, 'precision': 0.3640288363462137, 'recall': 0.3707, 'f1': 0.3154162985957035, 'confusion_matrix': array([[ 682,  185,    1,    8,    1,   11,   78,    5,    9,    0],
       [   0,   80, 1029,    4,    0,    0,   17,    0,    5,    0],
       [  17,   11,  357,  538,    6,   13,   20,   13,   56,    1],
       [   4,   11,   12,  724,   74,   16,   58,    7,  103,    1],
       [  22,    1,    5,    3,   70,  836,    9,   11,   22,    3],
       [  32,   47,   23,   59,   12,  352,  279,    7,   81,    0],
       [  17,   12,   33,    4,    5,    5,  729,  152,    1,    0],
       [  81,    3,   45,   11,    5,   22,    1,   30,  830,    0],
       [  20,   10,   40,  119,    3,   69,   52,    2,  622,   37],
       [ 463,    2,    3,   10,   19,  244,    2,    6,  199,   61]],
      dtype=int64)}, 73.26235210000596)
[2024-08-13 12:57:05,447][flwr][INFO] - configure_evaluate: no clients selected, skipping evaluation
[2024-08-13 12:57:05,447][flwr][INFO] - 
[2024-08-13 12:57:05,447][flwr][INFO] - [ROUND 9]
[2024-08-13 12:57:05,447][flwr][INFO] - configure_fit: strategy sampled 10 clients (out of 10)
[2024-08-13 12:57:12,255][flwr][INFO] - aggregate_fit: received 10 results and 0 failures
[2024-08-13 12:57:14,644][flwr][INFO] - fit progress: (9, 1.5674677675337618, {'accuracy': 0.3656, 'precision': 0.34419952688538397, 'recall': 0.3656, 'f1': 0.31757302221262557, 'confusion_matrix': array([[113, 760,   0,   0,  10,   2,  20,  57,   0,  18],
       [  0, 419, 677,   3,   5,   0,   4,   7,   0,  20],
       [  1,  38, 516, 280,  45,   4,  13,  65,   5,  65],
       [  0,  44,   8, 180, 635,   1,  14,  26,   4,  98],
       [ 10,   3,   2,   0, 480, 246,   4,  87,   0, 150],
       [ 17, 127,  16,  11, 139, 154, 216,  43,   7, 162],
       [  4,  40,  14,   0,   7,   0, 203, 684,   0,   6],
       [ 32,  11,  40,   0,  33,   1,   0, 764,  54,  93],
       [  2,  24,  23,   7,  79,   4,  13,  19,   0, 803],
       [ 50,   6,   1,   2,  59,   9,   0,  55,   0, 827]], dtype=int64)}, 82.46110580000095)
[2024-08-13 12:57:14,645][flwr][INFO] - configure_evaluate: no clients selected, skipping evaluation
[2024-08-13 12:57:14,645][flwr][INFO] - 
[2024-08-13 12:57:14,645][flwr][INFO] - [ROUND 10]
[2024-08-13 12:57:14,645][flwr][INFO] - configure_fit: strategy sampled 10 clients (out of 10)
[2024-08-13 12:57:21,397][flwr][INFO] - aggregate_fit: received 10 results and 0 failures
[2024-08-13 12:57:23,625][flwr][INFO] - fit progress: (10, 1.623175327789804, {'accuracy': 0.307, 'precision': 0.2251756771096634, 'recall': 0.307, 'f1': 0.24835149600209902, 'confusion_matrix': array([[ 611,  275,    1,    5,    0,    8,   64,    9,    7,    0],
       [   0,   28, 1075,    5,    0,    0,   20,    0,    7,    0],
       [  21,   12,  218,  664,    6,   15,   18,   17,   61,    0],
       [  12,   12,    9,  592,  187,    9,   68,    8,  113,    0],
       [  41,    1,    1,    6,   53,  832,   10,   11,   26,    1],
       [  57,   46,   15,   39,   14,  259,  359,   10,   93,    0],
       [  20,   14,   18,    4,    4,    5,  612,  280,    1,    0],
       [  89,    2,   38,   13,    5,   11,    1,   15,  854,    0],
       [  43,   10,   28,   86,    5,   61,   54,    3,  682,    2],
       [ 688,    1,    2,    9,   14,  109,    3,    4,  179,    0]],
      dtype=int64)}, 91.44212690000131)
[2024-08-13 12:57:23,626][flwr][INFO] - configure_evaluate: no clients selected, skipping evaluation
[2024-08-13 12:57:23,626][flwr][INFO] - 
[2024-08-13 12:57:23,626][flwr][INFO] - [SUMMARY]
[2024-08-13 12:57:23,626][flwr][INFO] - Run finished 10 round(s) in 91.44s
[2024-08-13 12:57:23,634][flwr][INFO] - 	History (loss, centralized):
[2024-08-13 12:57:23,634][flwr][INFO] - 		round 0: 2.3025850929940455
[2024-08-13 12:57:23,634][flwr][INFO] - 		round 1: 2.943790867261984
[2024-08-13 12:57:23,634][flwr][INFO] - 		round 2: 2.2206240521189056
[2024-08-13 12:57:23,634][flwr][INFO] - 		round 3: 1.7399650572724727
[2024-08-13 12:57:23,635][flwr][INFO] - 		round 4: 1.5628202157914686
[2024-08-13 12:57:23,635][flwr][INFO] - 		round 5: 1.5506198018322712
[2024-08-13 12:57:23,635][flwr][INFO] - 		round 6: 1.6252245678751414
[2024-08-13 12:57:23,635][flwr][INFO] - 		round 7: 1.5031249184636544
[2024-08-13 12:57:23,635][flwr][INFO] - 		round 8: 1.4794985703524157
[2024-08-13 12:57:23,635][flwr][INFO] - 		round 9: 1.5674677675337618
[2024-08-13 12:57:23,635][flwr][INFO] - 		round 10: 1.623175327789804
[2024-08-13 12:57:23,635][flwr][INFO] - 	History (metrics, centralized):
[2024-08-13 12:57:23,635][flwr][INFO] - 	{'accuracy': [(0, 0.098),
[2024-08-13 12:57:23,635][flwr][INFO] - 	              (1, 0.0959),
[2024-08-13 12:57:23,635][flwr][INFO] - 	              (2, 0.1914),
[2024-08-13 12:57:23,635][flwr][INFO] - 	              (3, 0.2674),
[2024-08-13 12:57:23,635][flwr][INFO] - 	              (4, 0.3748),
[2024-08-13 12:57:23,635][flwr][INFO] - 	              (5, 0.3616),
[2024-08-13 12:57:23,635][flwr][INFO] - 	              (6, 0.3131),
[2024-08-13 12:57:23,635][flwr][INFO] - 	              (7, 0.4541),
[2024-08-13 12:57:23,636][flwr][INFO] - 	              (8, 0.3707),
[2024-08-13 12:57:23,636][flwr][INFO] - 	              (9, 0.3656),
[2024-08-13 12:57:23,636][flwr][INFO] - 	              (10, 0.307)],
[2024-08-13 12:57:23,636][flwr][INFO] - 	 'confusion_matrix': [(0,
[2024-08-13 12:57:23,636][flwr][INFO] - 	                       array([[ 980,    0,    0,    0,    0,    0,    0,    0,    0,    0],
[2024-08-13 12:57:23,636][flwr][INFO] - 	       [1135,    0,    0,    0,    0,    0,    0,    0,    0,    0],
[2024-08-13 12:57:23,636][flwr][INFO] - 	       [1032,    0,    0,    0,    0,    0,    0,    0,    0,    0],
[2024-08-13 12:57:23,636][flwr][INFO] - 	       [1010,    0,    0,    0,    0,    0,    0,    0,    0,    0],
[2024-08-13 12:57:23,636][flwr][INFO] - 	       [ 982,    0,    0,    0,    0,    0,    0,    0,    0,    0],
[2024-08-13 12:57:23,636][flwr][INFO] - 	       [ 892,    0,    0,    0,    0,    0,    0,    0,    0,    0],
[2024-08-13 12:57:23,636][flwr][INFO] - 	       [ 958,    0,    0,    0,    0,    0,    0,    0,    0,    0],
[2024-08-13 12:57:23,636][flwr][INFO] - 	       [1028,    0,    0,    0,    0,    0,    0,    0,    0,    0],
[2024-08-13 12:57:23,636][flwr][INFO] - 	       [ 974,    0,    0,    0,    0,    0,    0,    0,    0,    0],
[2024-08-13 12:57:23,636][flwr][INFO] - 	       [1009,    0,    0,    0,    0,    0,    0,    0,    0,    0]],
[2024-08-13 12:57:23,636][flwr][INFO] - 	      dtype=int64)),
[2024-08-13 12:57:23,636][flwr][INFO] - 	                      (1,
[2024-08-13 12:57:23,637][flwr][INFO] - 	                       array([[  31,  872,    0,    4,    7,    0,    0,   23,    1,   42],
[2024-08-13 12:57:23,637][flwr][INFO] - 	       [   0,    0, 1078,    2,    2,    0,    0,    3,    1,   49],
[2024-08-13 12:57:23,637][flwr][INFO] - 	       [   1,   32,   83,  770,    9,    2,    1,   35,   16,   83],
[2024-08-13 12:57:23,637][flwr][INFO] - 	       [   0,   22,   13,  117,  708,    0,    0,   10,   10,  130],
[2024-08-13 12:57:23,637][flwr][INFO] - 	       [  90,    3,   10,    5,   66,  214,    0,   67,   14,  513],
[2024-08-13 12:57:23,637][flwr][INFO] - 	       [  35,  102,   49,   24,  220,    1,    5,   31,   25,  400],
[2024-08-13 12:57:23,637][flwr][INFO] - 	       [   0,   56,   25,   12,    4,    1,    3,  812,    0,   45],
[2024-08-13 12:57:23,637][flwr][INFO] - 	       [  31,    3,   43,    5,    6,    0,    0,    7,  867,   66],
[2024-08-13 12:57:23,637][flwr][INFO] - 	       [   0,    8,   15,   16,   73,    0,    0,    4,    7,  851],
[2024-08-13 12:57:23,637][flwr][INFO] - 	       [ 213,    6,    4,    6,   34,    1,    0,    8,   93,  644]],
[2024-08-13 12:57:23,637][flwr][INFO] - 	      dtype=int64)),
[2024-08-13 12:57:23,637][flwr][INFO] - 	                      (2,
[2024-08-13 12:57:23,637][flwr][INFO] - 	                       array([[ 702,  137,    0,    3,    0,    1,  132,    5,    0,    0],
[2024-08-13 12:57:23,637][flwr][INFO] - 	       [   1,    0, 1097,    3,    0,    0,   34,    0,    0,    0],
[2024-08-13 12:57:23,637][flwr][INFO] - 	       [  56,    4,  102,  756,    4,   19,   30,   37,   24,    0],
[2024-08-13 12:57:23,637][flwr][INFO] - 	       [  40,    5,   10,  294,  495,    1,  115,    7,   43,    0],
[2024-08-13 12:57:23,637][flwr][INFO] - 	       [  47,    0,    8,    1,   12,  858,   16,   27,   13,    0],
[2024-08-13 12:57:23,638][flwr][INFO] - 	       [ 153,   26,   38,   14,   46,   52,  518,   14,   31,    0],
[2024-08-13 12:57:23,638][flwr][INFO] - 	       [  30,    3,   13,    5,    1,    4,  481,  421,    0,    0],
[2024-08-13 12:57:23,638][flwr][INFO] - 	       [ 126,    0,   46,   13,    4,    9,    2,   17,  811,    0],
[2024-08-13 12:57:23,638][flwr][INFO] - 	       [ 164,    3,   52,  129,  105,   29,  231,    7,  254,    0],
[2024-08-13 12:57:23,638][flwr][INFO] - 	       [ 599,    0,    6,    3,   22,  220,   12,    8,  139,    0]],
[2024-08-13 12:57:23,638][flwr][INFO] - 	      dtype=int64)),
[2024-08-13 12:57:23,638][flwr][INFO] - 	                      (3,
[2024-08-13 12:57:23,638][flwr][INFO] - 	                       array([[ 14, 847,   1,   0,   8,   1,   5,  81,   1,  22],
[2024-08-13 12:57:23,638][flwr][INFO] - 	       [  0, 560, 526,   3,   2,   0,   0,   7,   0,  37],
[2024-08-13 12:57:23,638][flwr][INFO] - 	       [  0,  70, 267, 469,  17,   5,   7,  96,  11,  90],
[2024-08-13 12:57:23,638][flwr][INFO] - 	       [  0,  86,   5, 273, 500,   0,   5,  21,   7, 113],
[2024-08-13 12:57:23,638][flwr][INFO] - 	       [  0,   4,   2,   0, 220, 382,   2, 140,   1, 231],
[2024-08-13 12:57:23,638][flwr][INFO] - 	       [  2, 247,  18,  24, 157,  79,  59,  48,  16, 242],
[2024-08-13 12:57:23,638][flwr][INFO] - 	       [  0,  80,   9,   3,   5,   0, 101, 755,   0,   5],
[2024-08-13 12:57:23,638][flwr][INFO] - 	       [  8,  13,  25,   1,  18,   3,   0, 331, 554,  75],
[2024-08-13 12:57:23,638][flwr][INFO] - 	       [  0,  60,   9,  19,  66,   0,   5,  16,   2, 797],
[2024-08-13 12:57:23,638][flwr][INFO] - 	       [  5,  12,   1,   1,  50,  14,   0,  94,   5, 827]], dtype=int64)),
[2024-08-13 12:57:23,639][flwr][INFO] - 	                      (4,
[2024-08-13 12:57:23,639][flwr][INFO] - 	                       array([[ 925,    0,    2,    5,    0,    2,   41,    0,    5,    0],
[2024-08-13 12:57:23,639][flwr][INFO] - 	       [   0,   52, 1051,    3,    0,    0,   26,    0,    3,    0],
[2024-08-13 12:57:23,639][flwr][INFO] - 	       [  66,    1,  400,  463,    2,   10,   33,    9,   48,    0],
[2024-08-13 12:57:23,639][flwr][INFO] - 	       [  34,    0,   16,  743,   39,    5,   80,    4,   89,    0],
[2024-08-13 12:57:23,639][flwr][INFO] - 	       [  84,    0,    7,    0,   72,  766,   27,    1,   25,    0],
[2024-08-13 12:57:23,639][flwr][INFO] - 	       [ 229,   19,   41,   60,    4,  146,  327,    4,   62,    0],
[2024-08-13 12:57:23,639][flwr][INFO] - 	       [  70,    1,   36,    3,    2,    3,  815,   28,    0,    0],
[2024-08-13 12:57:23,639][flwr][INFO] - 	       [ 143,    0,   50,    4,    5,    9,    5,   28,  784,    0],
[2024-08-13 12:57:23,639][flwr][INFO] - 	       [ 105,    1,   46,  143,    4,   28,   79,    1,  567,    0],
[2024-08-13 12:57:23,639][flwr][INFO] - 	       [ 575,    1,    3,    5,   29,  183,    3,    5,  205,    0]],
[2024-08-13 12:57:23,639][flwr][INFO] - 	      dtype=int64)),
[2024-08-13 12:57:23,639][flwr][INFO] - 	                      (5,
[2024-08-13 12:57:23,639][flwr][INFO] - 	                       array([[ 81, 699,   1,   2,  26,   7,  67,  85,   1,  11],
[2024-08-13 12:57:23,639][flwr][INFO] - 	       [  0, 534, 573,   3,   9,   2,   1,   7,   0,   6],
[2024-08-13 12:57:23,639][flwr][INFO] - 	       [  0,  31, 402, 422,  44,   8,  14,  72,   9,  30],
[2024-08-13 12:57:23,639][flwr][INFO] - 	       [  0,  31,  10, 273, 587,   1,  14,  23,  10,  61],
[2024-08-13 12:57:23,640][flwr][INFO] - 	       [  0,   3,   1,   0, 341, 489,   4,  94,   1,  49],
[2024-08-13 12:57:23,640][flwr][INFO] - 	       [  3, 117,  21,  29, 177, 262, 143,  48,  19,  73],
[2024-08-13 12:57:23,640][flwr][INFO] - 	       [  1,  25,  17,   2,  10,   1, 282, 619,   0,   1],
[2024-08-13 12:57:23,640][flwr][INFO] - 	       [  8,  17,  41,   1,  29,   5,   0, 771, 126,  30],
[2024-08-13 12:57:23,640][flwr][INFO] - 	       [  0,  37,  28,  20, 145,   8,  16,  21,   8, 691],
[2024-08-13 12:57:23,640][flwr][INFO] - 	       [  8,   7,   1,   1, 118,  69,   1, 140,   2, 662]], dtype=int64)),
[2024-08-13 12:57:23,640][flwr][INFO] - 	                      (6,
[2024-08-13 12:57:23,640][flwr][INFO] - 	                       array([[ 746,  167,    1,    5,    0,    1,   47,    6,    7,    0],
[2024-08-13 12:57:23,640][flwr][INFO] - 	       [   0,   11, 1099,    4,    0,    0,   13,    0,    8,    0],
[2024-08-13 12:57:23,640][flwr][INFO] - 	       [  35,   12,  293,  589,    3,   11,   18,   12,   58,    1],
[2024-08-13 12:57:23,640][flwr][INFO] - 	       [  15,   15,   16,  662,   94,    4,   74,    6,  115,    9],
[2024-08-13 12:57:23,640][flwr][INFO] - 	       [  71,    2,    9,    1,   43,  782,   11,   10,   45,    8],
[2024-08-13 12:57:23,640][flwr][INFO] - 	       [ 127,   58,   34,   51,   14,  141,  356,    6,  102,    3],
[2024-08-13 12:57:23,640][flwr][INFO] - 	       [  35,   12,   32,    5,    3,    5,  674,  191,    1,    0],
[2024-08-13 12:57:23,640][flwr][INFO] - 	       [  97,    1,   43,    7,    5,    6,    1,    7,  858,    3],
[2024-08-13 12:57:23,640][flwr][INFO] - 	       [  56,   12,   40,  115,    2,   12,   46,    3,  481,  207],
[2024-08-13 12:57:23,641][flwr][INFO] - 	       [ 637,    1,    2,    8,   15,   66,    0,    4,  203,   73]],
[2024-08-13 12:57:23,641][flwr][INFO] - 	      dtype=int64)),
[2024-08-13 12:57:23,641][flwr][INFO] - 	                      (7,
[2024-08-13 12:57:23,641][flwr][INFO] - 	                       array([[ 32, 747,   0,   0,  29,   4,  33, 114,   0,  21],
[2024-08-13 12:57:23,641][flwr][INFO] - 	       [  0, 934, 152,   2,  10,   0,   1,  12,   0,  24],
[2024-08-13 12:57:23,641][flwr][INFO] - 	       [  0,  48, 611, 115,  87,   2,  14,  95,   0,  60],
[2024-08-13 12:57:23,641][flwr][INFO] - 	       [  0,  50,   7, 162, 655,   0,  12,  33,   1,  90],
[2024-08-13 12:57:23,641][flwr][INFO] - 	       [  0,   5,   0,   0, 690,  68,   3, 112,   0, 104],
[2024-08-13 12:57:23,641][flwr][INFO] - 	       [  1, 138,   8,  13, 174, 202, 138,  62,   1, 155],
[2024-08-13 12:57:23,641][flwr][INFO] - 	       [  0,  36,   7,   0,  12,   0, 245, 654,   0,   4],
[2024-08-13 12:57:23,641][flwr][INFO] - 	       [  3,  25,  20,   0,  30,   1,   0, 876,   0,  73],
[2024-08-13 12:57:23,641][flwr][INFO] - 	       [  0,  54,  11,   5, 116,   5,  10,  26,   0, 747],
[2024-08-13 12:57:23,641][flwr][INFO] - 	       [  2,   9,   0,   0,  91,   4,   1, 113,   0, 789]], dtype=int64)),
[2024-08-13 12:57:23,641][flwr][INFO] - 	                      (8,
[2024-08-13 12:57:23,641][flwr][INFO] - 	                       array([[ 682,  185,    1,    8,    1,   11,   78,    5,    9,    0],
[2024-08-13 12:57:23,641][flwr][INFO] - 	       [   0,   80, 1029,    4,    0,    0,   17,    0,    5,    0],
[2024-08-13 12:57:23,642][flwr][INFO] - 	       [  17,   11,  357,  538,    6,   13,   20,   13,   56,    1],
[2024-08-13 12:57:23,642][flwr][INFO] - 	       [   4,   11,   12,  724,   74,   16,   58,    7,  103,    1],
[2024-08-13 12:57:23,642][flwr][INFO] - 	       [  22,    1,    5,    3,   70,  836,    9,   11,   22,    3],
[2024-08-13 12:57:23,642][flwr][INFO] - 	       [  32,   47,   23,   59,   12,  352,  279,    7,   81,    0],
[2024-08-13 12:57:23,642][flwr][INFO] - 	       [  17,   12,   33,    4,    5,    5,  729,  152,    1,    0],
[2024-08-13 12:57:23,642][flwr][INFO] - 	       [  81,    3,   45,   11,    5,   22,    1,   30,  830,    0],
[2024-08-13 12:57:23,642][flwr][INFO] - 	       [  20,   10,   40,  119,    3,   69,   52,    2,  622,   37],
[2024-08-13 12:57:23,642][flwr][INFO] - 	       [ 463,    2,    3,   10,   19,  244,    2,    6,  199,   61]],
[2024-08-13 12:57:23,642][flwr][INFO] - 	      dtype=int64)),
[2024-08-13 12:57:23,642][flwr][INFO] - 	                      (9,
[2024-08-13 12:57:23,642][flwr][INFO] - 	                       array([[113, 760,   0,   0,  10,   2,  20,  57,   0,  18],
[2024-08-13 12:57:23,642][flwr][INFO] - 	       [  0, 419, 677,   3,   5,   0,   4,   7,   0,  20],
[2024-08-13 12:57:23,642][flwr][INFO] - 	       [  1,  38, 516, 280,  45,   4,  13,  65,   5,  65],
[2024-08-13 12:57:23,642][flwr][INFO] - 	       [  0,  44,   8, 180, 635,   1,  14,  26,   4,  98],
[2024-08-13 12:57:23,642][flwr][INFO] - 	       [ 10,   3,   2,   0, 480, 246,   4,  87,   0, 150],
[2024-08-13 12:57:23,642][flwr][INFO] - 	       [ 17, 127,  16,  11, 139, 154, 216,  43,   7, 162],
[2024-08-13 12:57:23,642][flwr][INFO] - 	       [  4,  40,  14,   0,   7,   0, 203, 684,   0,   6],
[2024-08-13 12:57:23,642][flwr][INFO] - 	       [ 32,  11,  40,   0,  33,   1,   0, 764,  54,  93],
[2024-08-13 12:57:23,643][flwr][INFO] - 	       [  2,  24,  23,   7,  79,   4,  13,  19,   0, 803],
[2024-08-13 12:57:23,643][flwr][INFO] - 	       [ 50,   6,   1,   2,  59,   9,   0,  55,   0, 827]], dtype=int64)),
[2024-08-13 12:57:23,643][flwr][INFO] - 	                      (10,
[2024-08-13 12:57:23,643][flwr][INFO] - 	                       array([[ 611,  275,    1,    5,    0,    8,   64,    9,    7,    0],
[2024-08-13 12:57:23,643][flwr][INFO] - 	       [   0,   28, 1075,    5,    0,    0,   20,    0,    7,    0],
[2024-08-13 12:57:23,643][flwr][INFO] - 	       [  21,   12,  218,  664,    6,   15,   18,   17,   61,    0],
[2024-08-13 12:57:23,643][flwr][INFO] - 	       [  12,   12,    9,  592,  187,    9,   68,    8,  113,    0],
[2024-08-13 12:57:23,643][flwr][INFO] - 	       [  41,    1,    1,    6,   53,  832,   10,   11,   26,    1],
[2024-08-13 12:57:23,643][flwr][INFO] - 	       [  57,   46,   15,   39,   14,  259,  359,   10,   93,    0],
[2024-08-13 12:57:23,643][flwr][INFO] - 	       [  20,   14,   18,    4,    4,    5,  612,  280,    1,    0],
[2024-08-13 12:57:23,643][flwr][INFO] - 	       [  89,    2,   38,   13,    5,   11,    1,   15,  854,    0],
[2024-08-13 12:57:23,643][flwr][INFO] - 	       [  43,   10,   28,   86,    5,   61,   54,    3,  682,    2],
[2024-08-13 12:57:23,643][flwr][INFO] - 	       [ 688,    1,    2,    9,   14,  109,    3,    4,  179,    0]],
[2024-08-13 12:57:23,643][flwr][INFO] - 	      dtype=int64))],
[2024-08-13 12:57:23,643][flwr][INFO] - 	 'f1': [(0, 0.017493624772313296),
[2024-08-13 12:57:23,643][flwr][INFO] - 	        (1, 0.06587259517208777),
[2024-08-13 12:57:23,643][flwr][INFO] - 	        (2, 0.148996860653691),
[2024-08-13 12:57:23,644][flwr][INFO] - 	        (3, 0.22638754793691374),
[2024-08-13 12:57:23,644][flwr][INFO] - 	        (4, 0.29408404652070774),
[2024-08-13 12:57:23,644][flwr][INFO] - 	        (5, 0.32771579325460004),
[2024-08-13 12:57:23,644][flwr][INFO] - 	        (6, 0.2559981131113079),
[2024-08-13 12:57:23,644][flwr][INFO] - 	        (7, 0.38637308210649934),
[2024-08-13 12:57:23,644][flwr][INFO] - 	        (8, 0.3154162985957035),
[2024-08-13 12:57:23,644][flwr][INFO] - 	        (9, 0.31757302221262557),
[2024-08-13 12:57:23,644][flwr][INFO] - 	        (10, 0.24835149600209902)],
[2024-08-13 12:57:23,644][flwr][INFO] - 	 'precision': [(0, 0.009604000000000001),
[2024-08-13 12:57:23,644][flwr][INFO] - 	               (1, 0.08883991679178013),
[2024-08-13 12:57:23,644][flwr][INFO] - 	               (2, 0.12482195369614353),
[2024-08-13 12:57:23,644][flwr][INFO] - 	               (3, 0.2899381636172423),
[2024-08-13 12:57:23,644][flwr][INFO] - 	               (4, 0.37440491476161225),
[2024-08-13 12:57:23,644][flwr][INFO] - 	               (5, 0.38125803841543965),
[2024-08-13 12:57:23,644][flwr][INFO] - 	               (6, 0.24997027185802367),
[2024-08-13 12:57:23,644][flwr][INFO] - 	               (7, 0.49829733753590616),
[2024-08-13 12:57:23,644][flwr][INFO] - 	               (8, 0.3640288363462137),
[2024-08-13 12:57:23,645][flwr][INFO] - 	               (9, 0.34419952688538397),
[2024-08-13 12:57:23,645][flwr][INFO] - 	               (10, 0.2251756771096634)],
[2024-08-13 12:57:23,645][flwr][INFO] - 	 'recall': [(0, 0.098),
[2024-08-13 12:57:23,645][flwr][INFO] - 	            (1, 0.0959),
[2024-08-13 12:57:23,645][flwr][INFO] - 	            (2, 0.1914),
[2024-08-13 12:57:23,645][flwr][INFO] - 	            (3, 0.2674),
[2024-08-13 12:57:23,645][flwr][INFO] - 	            (4, 0.3748),
[2024-08-13 12:57:23,645][flwr][INFO] - 	            (5, 0.3616),
[2024-08-13 12:57:23,645][flwr][INFO] - 	            (6, 0.3131),
[2024-08-13 12:57:23,645][flwr][INFO] - 	            (7, 0.4541),
[2024-08-13 12:57:23,645][flwr][INFO] - 	            (8, 0.3707),
[2024-08-13 12:57:23,645][flwr][INFO] - 	            (9, 0.3656),
[2024-08-13 12:57:23,645][flwr][INFO] - 	            (10, 0.307)]}
[2024-08-13 12:57:23,645][flwr][INFO] - 
