[2024-08-13 13:24:43,935][flwr][INFO] - Starting Flower simulation, config: num_rounds=10, no round_timeout
[2024-08-13 13:24:48,052][flwr][INFO] - Flower VCE: Ray initialized with resources: {'CPU': 16.0, 'node:__internal_head__': 1.0, 'object_store_memory': 2539444224.0, 'node:127.0.0.1': 1.0, 'memory': 5078888448.0, 'GPU': 1.0, 'accelerator_type:G': 1.0}
[2024-08-13 13:24:48,053][flwr][INFO] - Optimize your simulation with Flower VCE: https://flower.ai/docs/framework/how-to-run-simulations.html
[2024-08-13 13:24:48,053][flwr][INFO] - Flower VCE: Resources for each Virtual Client: {'num_cpus': 2, 'num_gpus': 0.5}
[2024-08-13 13:24:48,065][flwr][INFO] - Flower VCE: Creating VirtualClientEngineActorPool with 2 actors
[2024-08-13 13:24:48,065][flwr][INFO] - [INIT]
[2024-08-13 13:24:48,065][flwr][INFO] - Requesting initial parameters from one random client
[2024-08-13 13:24:55,547][flwr][INFO] - Received initial parameters from one random client
[2024-08-13 13:24:55,547][flwr][INFO] - Evaluating initial global parameters
[2024-08-13 13:24:57,752][flwr][INFO] - initial parameters (loss, other metrics): 2.3025850929940455, {'accuracy': 0.098, 'precision': 0.009604000000000001, 'recall': 0.098, 'f1': 0.017493624772313296, 'confusion_matrix': array([[ 980,    0,    0,    0,    0,    0,    0,    0,    0,    0],
       [1135,    0,    0,    0,    0,    0,    0,    0,    0,    0],
       [1032,    0,    0,    0,    0,    0,    0,    0,    0,    0],
       [1010,    0,    0,    0,    0,    0,    0,    0,    0,    0],
       [ 982,    0,    0,    0,    0,    0,    0,    0,    0,    0],
       [ 892,    0,    0,    0,    0,    0,    0,    0,    0,    0],
       [ 958,    0,    0,    0,    0,    0,    0,    0,    0,    0],
       [1028,    0,    0,    0,    0,    0,    0,    0,    0,    0],
       [ 974,    0,    0,    0,    0,    0,    0,    0,    0,    0],
       [1009,    0,    0,    0,    0,    0,    0,    0,    0,    0]],
      dtype=int64)}
[2024-08-13 13:24:57,753][flwr][INFO] - 
[2024-08-13 13:24:57,753][flwr][INFO] - [ROUND 1]
[2024-08-13 13:24:57,754][flwr][INFO] - configure_fit: strategy sampled 10 clients (out of 10)
[2024-08-13 13:25:06,103][flwr][INFO] - aggregate_fit: received 10 results and 0 failures
[2024-08-13 13:25:06,106][flwr][WARNING] - No fit_metrics_aggregation_fn provided
[2024-08-13 13:25:08,334][flwr][INFO] - fit progress: (1, 1.0627377360772687, {'accuracy': 0.6537, 'precision': 0.7494573736555689, 'recall': 0.6537, 'f1': 0.6161690447811425, 'confusion_matrix': array([[960,   0,   2,   4,   0,   0,   5,   1,   8,   0],
       [  0, 929, 155,   8,   0,   0,   4,   1,  32,   6],
       [103,   5, 638, 176,   1,   0,  15,  17,  48,  29],
       [ 36,   2,  11, 863,   0,   0,   6,  10,  47,  35],
       [ 70,   4,   4,   0, 187,   0,  17,  15,  26, 659],
       [323,  56,  21, 208,   2,   6,  26,  14, 144,  92],
       [149,  12,  25,   5,   3,   0, 749,   6,   6,   3],
       [ 47,  19,  25,   3,   0,   0,   1, 706, 122, 105],
       [ 74,   4,  16, 152,   2,   0,  10,   2, 630,  84],
       [ 74,   3,   1,   9,   6,   0,   0,  10,  37, 869]], dtype=int64)}, 10.580402899999171)
[2024-08-13 13:25:08,335][flwr][INFO] - configure_evaluate: no clients selected, skipping evaluation
[2024-08-13 13:25:08,335][flwr][INFO] - 
[2024-08-13 13:25:08,335][flwr][INFO] - [ROUND 2]
[2024-08-13 13:25:08,336][flwr][INFO] - configure_fit: strategy sampled 10 clients (out of 10)
[2024-08-13 13:25:14,905][flwr][INFO] - aggregate_fit: received 10 results and 0 failures
[2024-08-13 13:25:17,034][flwr][INFO] - fit progress: (2, 0.8515086730657875, {'accuracy': 0.77, 'precision': 0.7852821880376588, 'recall': 0.77, 'f1': 0.7636324851161778, 'confusion_matrix': array([[918,   2,   3,   3,   0,   3,  37,   6,   8,   0],
       [  0, 964, 144,   5,   0,   3,   6,   2,  11,   0],
       [ 23,   7, 806,  75,  23,   0,  24,  33,  40,   1],
       [  9,   7,  25, 828,  11,  18,  11,  18,  73,  10],
       [ 10,   5,   8,   0, 830,   1,  26,  64,  20,  18],
       [ 43,  65,  22, 160,  29, 417,  52,  31,  64,   9],
       [ 31,  14,  32,   0,  14,   4, 840,  22,   1,   0],
       [ 12,  25,  42,   1,  18,   0,   1, 877,  50,   2],
       [ 24,  22,  29, 107,  30,  12,  25,  12, 701,  12],
       [ 35,   7,   3,   4, 210,   3,   2, 173,  53, 519]], dtype=int64)}, 19.28006610000739)
[2024-08-13 13:25:17,035][flwr][INFO] - configure_evaluate: no clients selected, skipping evaluation
[2024-08-13 13:25:17,035][flwr][INFO] - 
[2024-08-13 13:25:17,035][flwr][INFO] - [ROUND 3]
[2024-08-13 13:25:17,035][flwr][INFO] - configure_fit: strategy sampled 10 clients (out of 10)
[2024-08-13 13:25:23,580][flwr][INFO] - aggregate_fit: received 10 results and 0 failures
[2024-08-13 13:25:25,784][flwr][INFO] - fit progress: (3, 0.8673811118932568, {'accuracy': 0.7775, 'precision': 0.7863758754599425, 'recall': 0.7775, 'f1': 0.7764191627249353, 'confusion_matrix': array([[ 899,    2,    2,    4,    0,   22,   39,    3,    7,    2],
       [   0, 1005,   99,    4,    1,    6,    5,    1,    4,   10],
       [  17,   14,  783,   86,   14,    1,   23,   33,   43,   18],
       [   2,    8,   18,  798,    5,   48,   13,   11,   34,   73],
       [   8,    5,    4,    0,  647,   38,   21,   25,    7,  227],
       [  18,   70,   14,   91,   10,  584,   37,   21,   24,   23],
       [  20,   15,   32,    1,   12,   13,  834,   27,    1,    3],
       [  13,   29,   35,    1,   17,    0,    0,  788,   59,   86],
       [  12,   36,   22,   91,   16,   57,   21,    7,  558,  154],
       [  24,    6,    2,    4,   36,   20,    1,   24,   13,  879]],
      dtype=int64)}, 28.031054000006407)
[2024-08-13 13:25:25,785][flwr][INFO] - configure_evaluate: no clients selected, skipping evaluation
[2024-08-13 13:25:25,786][flwr][INFO] - 
[2024-08-13 13:25:25,786][flwr][INFO] - [ROUND 4]
[2024-08-13 13:25:25,787][flwr][INFO] - configure_fit: strategy sampled 10 clients (out of 10)
[2024-08-13 13:25:32,192][flwr][INFO] - aggregate_fit: received 10 results and 0 failures
[2024-08-13 13:25:34,429][flwr][INFO] - fit progress: (4, 0.9126451304643713, {'accuracy': 0.7604, 'precision': 0.7885408853754958, 'recall': 0.7604, 'f1': 0.7532573036297161, 'confusion_matrix': array([[887,   8,   1,   9,   5,   8,  31,  17,  14,   0],
       [  0, 984, 113,   5,   1,   3,   4,   2,  23,   0],
       [ 14,  14, 767,  88,  32,   0,  21,  40,  55,   1],
       [  0,  10,  14, 802,  36,  24,   9,  19,  95,   1],
       [  5,   4,   2,   0, 867,   5,  18,  55,  23,   3],
       [ 15,  79,  13,  92,  39, 506,  43,  30,  75,   0],
       [ 14,  15,  28,   0,  20,   5, 811,  63,   2,   0],
       [  7,  24,  33,   1,  23,   0,   0, 856,  84,   0],
       [ 10,  29,  18,  68,  45,  15,  19,   9, 759,   2],
       [ 29,   7,   3,   3, 296,  15,   1, 177, 113, 365]], dtype=int64)}, 36.67549000000872)
[2024-08-13 13:25:34,430][flwr][INFO] - configure_evaluate: no clients selected, skipping evaluation
[2024-08-13 13:25:34,430][flwr][INFO] - 
[2024-08-13 13:25:34,430][flwr][INFO] - [ROUND 5]
[2024-08-13 13:25:34,431][flwr][INFO] - configure_fit: strategy sampled 10 clients (out of 10)
[2024-08-13 13:25:40,925][flwr][INFO] - aggregate_fit: received 10 results and 0 failures
[2024-08-13 13:25:43,152][flwr][INFO] - fit progress: (5, 0.9046570706105532, {'accuracy': 0.7854, 'precision': 0.7877488797736442, 'recall': 0.7854, 'f1': 0.7835060685863998, 'confusion_matrix': array([[889,  13,   2,   9,   0,  12,  35,  13,   7,   0],
       [  0, 992, 114,   6,   1,   6,   6,   1,   5,   4],
       [ 14,  20, 777,  96,  15,   2,  21,  38,  37,  12],
       [  3,  15,  13, 820,  10,  36,  11,  18,  35,  49],
       [  5,   5,   3,   0, 727,  42,  20,  52,   7, 121],
       [ 12,  81,  12,  87,  12, 573,  45,  25,  25,  20],
       [ 13,  14,  27,   0,  10,   6, 832,  55,   0,   1],
       [ 12,  28,  38,   1,  15,   1,   1, 836,  52,  44],
       [ 15,  42,  20,  99,  19,  38,  26,   9, 578, 128],
       [ 31,   6,   3,   4,  48,  18,   2,  54,  13, 830]], dtype=int64)}, 45.39866059999622)
[2024-08-13 13:25:43,153][flwr][INFO] - configure_evaluate: no clients selected, skipping evaluation
[2024-08-13 13:25:43,153][flwr][INFO] - 
[2024-08-13 13:25:43,153][flwr][INFO] - [ROUND 6]
[2024-08-13 13:25:43,154][flwr][INFO] - configure_fit: strategy sampled 10 clients (out of 10)
[2024-08-13 13:25:49,705][flwr][INFO] - aggregate_fit: received 10 results and 0 failures
[2024-08-13 13:25:51,871][flwr][INFO] - fit progress: (6, 0.9391028759610066, {'accuracy': 0.7832, 'precision': 0.7934284642015293, 'recall': 0.7832, 'f1': 0.7830782447720832, 'confusion_matrix': array([[848,  64,   1,   4,   1,  10,  32,  12,   8,   0],
       [  0, 979, 111,   6,   1,   4,   6,   1,  27,   0],
       [  8,  19, 771,  86,  27,   1,  20,  36,  60,   4],
       [  2,  24,  10, 773,  34,  33,  14,  14,  98,   8],
       [  7,   5,   2,   0, 844,  18,  18,  46,  21,  21],
       [ 14,  76,   8,  66,  24, 550,  51,  21,  78,   4],
       [ 12,  16,  24,   0,  18,   5, 812,  70,   1,   0],
       [ 14,  23,  32,   2,  23,   1,   1, 813, 111,   8],
       [ 13,  30,  16,  46,  40,  20,  23,   4, 769,  13],
       [ 49,   6,   3,   3, 109,  16,   1,  77,  72, 673]], dtype=int64)}, 54.11793310000212)
[2024-08-13 13:25:51,872][flwr][INFO] - configure_evaluate: no clients selected, skipping evaluation
[2024-08-13 13:25:51,872][flwr][INFO] - 
[2024-08-13 13:25:51,872][flwr][INFO] - [ROUND 7]
[2024-08-13 13:25:51,873][flwr][INFO] - configure_fit: strategy sampled 10 clients (out of 10)
[2024-08-13 13:25:58,547][flwr][INFO] - aggregate_fit: received 10 results and 0 failures
[2024-08-13 13:26:00,625][flwr][INFO] - fit progress: (7, 0.9463714164821618, {'accuracy': 0.7625, 'precision': 0.7730313157107238, 'recall': 0.7625, 'f1': 0.7592753892141003, 'confusion_matrix': array([[832,  80,   1,   4,   1,  12,  31,  13,   4,   2],
       [  0, 977, 124,  10,   1,   4,   8,   2,   2,   7],
       [ 11,  21, 759, 111,  12,   3,  21,  40,  34,  20],
       [  3,  19,   8, 819,   9,  39,  15,  17,  21,  60],
       [  7,   5,   2,   0, 692,  60,  18,  50,   5, 143],
       [ 15,  72,  11,  74,  12, 584,  53,  26,  17,  28],
       [ 11,  15,  22,   0,   8,   5, 819,  77,   0,   1],
       [ 17,  25,  38,   4,  13,   4,   1, 832,  32,  62],
       [ 19,  43,  23,  95,  16,  40,  27,  11, 445, 255],
       [ 38,   6,   3,   4,  32,  16,   1,  39,   4, 866]], dtype=int64)}, 62.871248299998115)
[2024-08-13 13:26:00,626][flwr][INFO] - configure_evaluate: no clients selected, skipping evaluation
[2024-08-13 13:26:00,626][flwr][INFO] - 
[2024-08-13 13:26:00,626][flwr][INFO] - [ROUND 8]
[2024-08-13 13:26:00,626][flwr][INFO] - configure_fit: strategy sampled 10 clients (out of 10)
[2024-08-13 13:26:07,249][flwr][INFO] - aggregate_fit: received 10 results and 0 failures
[2024-08-13 13:26:09,467][flwr][INFO] - fit progress: (8, 0.9419531987722927, {'accuracy': 0.7853, 'precision': 0.7905623305062579, 'recall': 0.7853, 'f1': 0.7850593497397987, 'confusion_matrix': array([[830,  85,   1,   3,   1,  10,  32,  12,   6,   0],
       [  0, 976, 113,   9,   1,   4,   7,   1,  24,   0],
       [  9,  19, 769,  90,  25,   2,  20,  36,  57,   5],
       [  3,  20,  10, 785,  32,  35,  18,  14,  82,  11],
       [ 11,   5,   2,   0, 817,  40,  19,  45,  19,  24],
       [ 17,  71,   7,  61,  17, 569,  55,  21,  69,   5],
       [ 11,  15,  19,   0,  12,   5, 818,  77,   1,   0],
       [ 19,  21,  33,   4,  23,   1,   1, 822,  92,  12],
       [ 17,  26,  19,  47,  33,  30,  25,   6, 752,  19],
       [ 59,   6,   3,   3,  84,  23,   1,  64,  51, 715]], dtype=int64)}, 71.71317610000551)
[2024-08-13 13:26:09,468][flwr][INFO] - configure_evaluate: no clients selected, skipping evaluation
[2024-08-13 13:26:09,468][flwr][INFO] - 
[2024-08-13 13:26:09,468][flwr][INFO] - [ROUND 9]
[2024-08-13 13:26:09,468][flwr][INFO] - configure_fit: strategy sampled 10 clients (out of 10)
[2024-08-13 13:26:16,234][flwr][INFO] - aggregate_fit: received 10 results and 0 failures
[2024-08-13 13:26:18,567][flwr][INFO] - fit progress: (9, 0.9431682336203455, {'accuracy': 0.7714, 'precision': 0.7769687708465028, 'recall': 0.7714, 'f1': 0.7690982752573053, 'confusion_matrix': array([[820,  91,   1,   4,   1,  10,  32,  15,   6,   0],
       [  0, 987, 113,  11,   1,   4,   9,   2,   3,   5],
       [  9,  23, 765, 104,  15,   3,  20,  38,  37,  18],
       [  3,  19,   8, 810,  19,  36,  17,  16,  29,  53],
       [ 10,   5,   3,   0, 728,  57,  17,  43,   4, 115],
       [ 15,  67,   8,  66,  13, 587,  56,  27,  25,  28],
       [ 11,  15,  18,   0,  10,   5, 816,  82,   0,   1],
       [ 16,  24,  36,   4,  16,   2,   1, 834,  43,  52],
       [ 21,  38,  21,  76,  21,  36,  31,  12, 512, 206],
       [ 41,   6,   3,   4,  39,  17,   1,  38,   5, 855]], dtype=int64)}, 80.81340670000645)
[2024-08-13 13:26:18,568][flwr][INFO] - configure_evaluate: no clients selected, skipping evaluation
[2024-08-13 13:26:18,568][flwr][INFO] - 
[2024-08-13 13:26:18,568][flwr][INFO] - [ROUND 10]
[2024-08-13 13:26:18,569][flwr][INFO] - configure_fit: strategy sampled 10 clients (out of 10)
[2024-08-13 13:26:25,076][flwr][INFO] - aggregate_fit: received 10 results and 0 failures
[2024-08-13 13:26:27,149][flwr][INFO] - fit progress: (10, 0.9404403571984827, {'accuracy': 0.785, 'precision': 0.7906212123002613, 'recall': 0.785, 'f1': 0.7849878170356883, 'confusion_matrix': array([[819,  92,   2,   2,   1,  13,  30,  14,   7,   0],
       [  0, 982, 104,  11,   1,   4,   7,   1,  25,   0],
       [  8,  21, 769,  91,  25,   2,  20,  35,  58,   3],
       [  4,  19,   8, 781,  37,  35,  17,  15,  83,  11],
       [ 11,   4,   2,   0, 812,  50,  18,  40,  20,  25],
       [ 18,  60,   5,  60,  14, 581,  55,  21,  73,   5],
       [ 11,  15,  17,   0,  12,   5, 814,  83,   1,   0],
       [ 19,  20,  33,   5,  23,   1,   1, 819,  95,  12],
       [ 18,  24,  19,  41,  33,  31,  25,   6, 760,  17],
       [ 68,   5,   3,   3,  80,  24,   1,  58,  54, 713]], dtype=int64)}, 89.39545300000464)
[2024-08-13 13:26:27,150][flwr][INFO] - configure_evaluate: no clients selected, skipping evaluation
[2024-08-13 13:26:27,150][flwr][INFO] - 
[2024-08-13 13:26:27,150][flwr][INFO] - [SUMMARY]
[2024-08-13 13:26:27,150][flwr][INFO] - Run finished 10 round(s) in 89.40s
[2024-08-13 13:26:27,158][flwr][INFO] - 	History (loss, centralized):
[2024-08-13 13:26:27,159][flwr][INFO] - 		round 0: 2.3025850929940455
[2024-08-13 13:26:27,159][flwr][INFO] - 		round 1: 1.0627377360772687
[2024-08-13 13:26:27,159][flwr][INFO] - 		round 2: 0.8515086730657875
[2024-08-13 13:26:27,159][flwr][INFO] - 		round 3: 0.8673811118932568
[2024-08-13 13:26:27,159][flwr][INFO] - 		round 4: 0.9126451304643713
[2024-08-13 13:26:27,159][flwr][INFO] - 		round 5: 0.9046570706105532
[2024-08-13 13:26:27,159][flwr][INFO] - 		round 6: 0.9391028759610066
[2024-08-13 13:26:27,159][flwr][INFO] - 		round 7: 0.9463714164821618
[2024-08-13 13:26:27,159][flwr][INFO] - 		round 8: 0.9419531987722927
[2024-08-13 13:26:27,159][flwr][INFO] - 		round 9: 0.9431682336203455
[2024-08-13 13:26:27,159][flwr][INFO] - 		round 10: 0.9404403571984827
[2024-08-13 13:26:27,159][flwr][INFO] - 	History (metrics, centralized):
[2024-08-13 13:26:27,159][flwr][INFO] - 	{'accuracy': [(0, 0.098),
[2024-08-13 13:26:27,159][flwr][INFO] - 	              (1, 0.6537),
[2024-08-13 13:26:27,159][flwr][INFO] - 	              (2, 0.77),
[2024-08-13 13:26:27,159][flwr][INFO] - 	              (3, 0.7775),
[2024-08-13 13:26:27,160][flwr][INFO] - 	              (4, 0.7604),
[2024-08-13 13:26:27,160][flwr][INFO] - 	              (5, 0.7854),
[2024-08-13 13:26:27,160][flwr][INFO] - 	              (6, 0.7832),
[2024-08-13 13:26:27,160][flwr][INFO] - 	              (7, 0.7625),
[2024-08-13 13:26:27,160][flwr][INFO] - 	              (8, 0.7853),
[2024-08-13 13:26:27,160][flwr][INFO] - 	              (9, 0.7714),
[2024-08-13 13:26:27,160][flwr][INFO] - 	              (10, 0.785)],
[2024-08-13 13:26:27,160][flwr][INFO] - 	 'confusion_matrix': [(0,
[2024-08-13 13:26:27,160][flwr][INFO] - 	                       array([[ 980,    0,    0,    0,    0,    0,    0,    0,    0,    0],
[2024-08-13 13:26:27,160][flwr][INFO] - 	       [1135,    0,    0,    0,    0,    0,    0,    0,    0,    0],
[2024-08-13 13:26:27,160][flwr][INFO] - 	       [1032,    0,    0,    0,    0,    0,    0,    0,    0,    0],
[2024-08-13 13:26:27,160][flwr][INFO] - 	       [1010,    0,    0,    0,    0,    0,    0,    0,    0,    0],
[2024-08-13 13:26:27,160][flwr][INFO] - 	       [ 982,    0,    0,    0,    0,    0,    0,    0,    0,    0],
[2024-08-13 13:26:27,160][flwr][INFO] - 	       [ 892,    0,    0,    0,    0,    0,    0,    0,    0,    0],
[2024-08-13 13:26:27,160][flwr][INFO] - 	       [ 958,    0,    0,    0,    0,    0,    0,    0,    0,    0],
[2024-08-13 13:26:27,160][flwr][INFO] - 	       [1028,    0,    0,    0,    0,    0,    0,    0,    0,    0],
[2024-08-13 13:26:27,161][flwr][INFO] - 	       [ 974,    0,    0,    0,    0,    0,    0,    0,    0,    0],
[2024-08-13 13:26:27,161][flwr][INFO] - 	       [1009,    0,    0,    0,    0,    0,    0,    0,    0,    0]],
[2024-08-13 13:26:27,161][flwr][INFO] - 	      dtype=int64)),
[2024-08-13 13:26:27,161][flwr][INFO] - 	                      (1,
[2024-08-13 13:26:27,161][flwr][INFO] - 	                       array([[960,   0,   2,   4,   0,   0,   5,   1,   8,   0],
[2024-08-13 13:26:27,161][flwr][INFO] - 	       [  0, 929, 155,   8,   0,   0,   4,   1,  32,   6],
[2024-08-13 13:26:27,161][flwr][INFO] - 	       [103,   5, 638, 176,   1,   0,  15,  17,  48,  29],
[2024-08-13 13:26:27,161][flwr][INFO] - 	       [ 36,   2,  11, 863,   0,   0,   6,  10,  47,  35],
[2024-08-13 13:26:27,161][flwr][INFO] - 	       [ 70,   4,   4,   0, 187,   0,  17,  15,  26, 659],
[2024-08-13 13:26:27,161][flwr][INFO] - 	       [323,  56,  21, 208,   2,   6,  26,  14, 144,  92],
[2024-08-13 13:26:27,161][flwr][INFO] - 	       [149,  12,  25,   5,   3,   0, 749,   6,   6,   3],
[2024-08-13 13:26:27,161][flwr][INFO] - 	       [ 47,  19,  25,   3,   0,   0,   1, 706, 122, 105],
[2024-08-13 13:26:27,161][flwr][INFO] - 	       [ 74,   4,  16, 152,   2,   0,  10,   2, 630,  84],
[2024-08-13 13:26:27,161][flwr][INFO] - 	       [ 74,   3,   1,   9,   6,   0,   0,  10,  37, 869]], dtype=int64)),
[2024-08-13 13:26:27,161][flwr][INFO] - 	                      (2,
[2024-08-13 13:26:27,161][flwr][INFO] - 	                       array([[918,   2,   3,   3,   0,   3,  37,   6,   8,   0],
[2024-08-13 13:26:27,161][flwr][INFO] - 	       [  0, 964, 144,   5,   0,   3,   6,   2,  11,   0],
[2024-08-13 13:26:27,162][flwr][INFO] - 	       [ 23,   7, 806,  75,  23,   0,  24,  33,  40,   1],
[2024-08-13 13:26:27,162][flwr][INFO] - 	       [  9,   7,  25, 828,  11,  18,  11,  18,  73,  10],
[2024-08-13 13:26:27,162][flwr][INFO] - 	       [ 10,   5,   8,   0, 830,   1,  26,  64,  20,  18],
[2024-08-13 13:26:27,162][flwr][INFO] - 	       [ 43,  65,  22, 160,  29, 417,  52,  31,  64,   9],
[2024-08-13 13:26:27,162][flwr][INFO] - 	       [ 31,  14,  32,   0,  14,   4, 840,  22,   1,   0],
[2024-08-13 13:26:27,162][flwr][INFO] - 	       [ 12,  25,  42,   1,  18,   0,   1, 877,  50,   2],
[2024-08-13 13:26:27,162][flwr][INFO] - 	       [ 24,  22,  29, 107,  30,  12,  25,  12, 701,  12],
[2024-08-13 13:26:27,162][flwr][INFO] - 	       [ 35,   7,   3,   4, 210,   3,   2, 173,  53, 519]], dtype=int64)),
[2024-08-13 13:26:27,162][flwr][INFO] - 	                      (3,
[2024-08-13 13:26:27,162][flwr][INFO] - 	                       array([[ 899,    2,    2,    4,    0,   22,   39,    3,    7,    2],
[2024-08-13 13:26:27,162][flwr][INFO] - 	       [   0, 1005,   99,    4,    1,    6,    5,    1,    4,   10],
[2024-08-13 13:26:27,162][flwr][INFO] - 	       [  17,   14,  783,   86,   14,    1,   23,   33,   43,   18],
[2024-08-13 13:26:27,162][flwr][INFO] - 	       [   2,    8,   18,  798,    5,   48,   13,   11,   34,   73],
[2024-08-13 13:26:27,162][flwr][INFO] - 	       [   8,    5,    4,    0,  647,   38,   21,   25,    7,  227],
[2024-08-13 13:26:27,162][flwr][INFO] - 	       [  18,   70,   14,   91,   10,  584,   37,   21,   24,   23],
[2024-08-13 13:26:27,162][flwr][INFO] - 	       [  20,   15,   32,    1,   12,   13,  834,   27,    1,    3],
[2024-08-13 13:26:27,162][flwr][INFO] - 	       [  13,   29,   35,    1,   17,    0,    0,  788,   59,   86],
[2024-08-13 13:26:27,163][flwr][INFO] - 	       [  12,   36,   22,   91,   16,   57,   21,    7,  558,  154],
[2024-08-13 13:26:27,163][flwr][INFO] - 	       [  24,    6,    2,    4,   36,   20,    1,   24,   13,  879]],
[2024-08-13 13:26:27,163][flwr][INFO] - 	      dtype=int64)),
[2024-08-13 13:26:27,163][flwr][INFO] - 	                      (4,
[2024-08-13 13:26:27,163][flwr][INFO] - 	                       array([[887,   8,   1,   9,   5,   8,  31,  17,  14,   0],
[2024-08-13 13:26:27,163][flwr][INFO] - 	       [  0, 984, 113,   5,   1,   3,   4,   2,  23,   0],
[2024-08-13 13:26:27,163][flwr][INFO] - 	       [ 14,  14, 767,  88,  32,   0,  21,  40,  55,   1],
[2024-08-13 13:26:27,163][flwr][INFO] - 	       [  0,  10,  14, 802,  36,  24,   9,  19,  95,   1],
[2024-08-13 13:26:27,163][flwr][INFO] - 	       [  5,   4,   2,   0, 867,   5,  18,  55,  23,   3],
[2024-08-13 13:26:27,163][flwr][INFO] - 	       [ 15,  79,  13,  92,  39, 506,  43,  30,  75,   0],
[2024-08-13 13:26:27,163][flwr][INFO] - 	       [ 14,  15,  28,   0,  20,   5, 811,  63,   2,   0],
[2024-08-13 13:26:27,163][flwr][INFO] - 	       [  7,  24,  33,   1,  23,   0,   0, 856,  84,   0],
[2024-08-13 13:26:27,163][flwr][INFO] - 	       [ 10,  29,  18,  68,  45,  15,  19,   9, 759,   2],
[2024-08-13 13:26:27,163][flwr][INFO] - 	       [ 29,   7,   3,   3, 296,  15,   1, 177, 113, 365]], dtype=int64)),
[2024-08-13 13:26:27,163][flwr][INFO] - 	                      (5,
[2024-08-13 13:26:27,163][flwr][INFO] - 	                       array([[889,  13,   2,   9,   0,  12,  35,  13,   7,   0],
[2024-08-13 13:26:27,164][flwr][INFO] - 	       [  0, 992, 114,   6,   1,   6,   6,   1,   5,   4],
[2024-08-13 13:26:27,164][flwr][INFO] - 	       [ 14,  20, 777,  96,  15,   2,  21,  38,  37,  12],
[2024-08-13 13:26:27,164][flwr][INFO] - 	       [  3,  15,  13, 820,  10,  36,  11,  18,  35,  49],
[2024-08-13 13:26:27,164][flwr][INFO] - 	       [  5,   5,   3,   0, 727,  42,  20,  52,   7, 121],
[2024-08-13 13:26:27,164][flwr][INFO] - 	       [ 12,  81,  12,  87,  12, 573,  45,  25,  25,  20],
[2024-08-13 13:26:27,164][flwr][INFO] - 	       [ 13,  14,  27,   0,  10,   6, 832,  55,   0,   1],
[2024-08-13 13:26:27,164][flwr][INFO] - 	       [ 12,  28,  38,   1,  15,   1,   1, 836,  52,  44],
[2024-08-13 13:26:27,164][flwr][INFO] - 	       [ 15,  42,  20,  99,  19,  38,  26,   9, 578, 128],
[2024-08-13 13:26:27,164][flwr][INFO] - 	       [ 31,   6,   3,   4,  48,  18,   2,  54,  13, 830]], dtype=int64)),
[2024-08-13 13:26:27,164][flwr][INFO] - 	                      (6,
[2024-08-13 13:26:27,164][flwr][INFO] - 	                       array([[848,  64,   1,   4,   1,  10,  32,  12,   8,   0],
[2024-08-13 13:26:27,164][flwr][INFO] - 	       [  0, 979, 111,   6,   1,   4,   6,   1,  27,   0],
[2024-08-13 13:26:27,164][flwr][INFO] - 	       [  8,  19, 771,  86,  27,   1,  20,  36,  60,   4],
[2024-08-13 13:26:27,164][flwr][INFO] - 	       [  2,  24,  10, 773,  34,  33,  14,  14,  98,   8],
[2024-08-13 13:26:27,164][flwr][INFO] - 	       [  7,   5,   2,   0, 844,  18,  18,  46,  21,  21],
[2024-08-13 13:26:27,164][flwr][INFO] - 	       [ 14,  76,   8,  66,  24, 550,  51,  21,  78,   4],
[2024-08-13 13:26:27,164][flwr][INFO] - 	       [ 12,  16,  24,   0,  18,   5, 812,  70,   1,   0],
[2024-08-13 13:26:27,165][flwr][INFO] - 	       [ 14,  23,  32,   2,  23,   1,   1, 813, 111,   8],
[2024-08-13 13:26:27,165][flwr][INFO] - 	       [ 13,  30,  16,  46,  40,  20,  23,   4, 769,  13],
[2024-08-13 13:26:27,165][flwr][INFO] - 	       [ 49,   6,   3,   3, 109,  16,   1,  77,  72, 673]], dtype=int64)),
[2024-08-13 13:26:27,165][flwr][INFO] - 	                      (7,
[2024-08-13 13:26:27,165][flwr][INFO] - 	                       array([[832,  80,   1,   4,   1,  12,  31,  13,   4,   2],
[2024-08-13 13:26:27,165][flwr][INFO] - 	       [  0, 977, 124,  10,   1,   4,   8,   2,   2,   7],
[2024-08-13 13:26:27,165][flwr][INFO] - 	       [ 11,  21, 759, 111,  12,   3,  21,  40,  34,  20],
[2024-08-13 13:26:27,165][flwr][INFO] - 	       [  3,  19,   8, 819,   9,  39,  15,  17,  21,  60],
[2024-08-13 13:26:27,165][flwr][INFO] - 	       [  7,   5,   2,   0, 692,  60,  18,  50,   5, 143],
[2024-08-13 13:26:27,165][flwr][INFO] - 	       [ 15,  72,  11,  74,  12, 584,  53,  26,  17,  28],
[2024-08-13 13:26:27,165][flwr][INFO] - 	       [ 11,  15,  22,   0,   8,   5, 819,  77,   0,   1],
[2024-08-13 13:26:27,165][flwr][INFO] - 	       [ 17,  25,  38,   4,  13,   4,   1, 832,  32,  62],
[2024-08-13 13:26:27,165][flwr][INFO] - 	       [ 19,  43,  23,  95,  16,  40,  27,  11, 445, 255],
[2024-08-13 13:26:27,165][flwr][INFO] - 	       [ 38,   6,   3,   4,  32,  16,   1,  39,   4, 866]], dtype=int64)),
[2024-08-13 13:26:27,165][flwr][INFO] - 	                      (8,
[2024-08-13 13:26:27,165][flwr][INFO] - 	                       array([[830,  85,   1,   3,   1,  10,  32,  12,   6,   0],
[2024-08-13 13:26:27,165][flwr][INFO] - 	       [  0, 976, 113,   9,   1,   4,   7,   1,  24,   0],
[2024-08-13 13:26:27,166][flwr][INFO] - 	       [  9,  19, 769,  90,  25,   2,  20,  36,  57,   5],
[2024-08-13 13:26:27,166][flwr][INFO] - 	       [  3,  20,  10, 785,  32,  35,  18,  14,  82,  11],
[2024-08-13 13:26:27,166][flwr][INFO] - 	       [ 11,   5,   2,   0, 817,  40,  19,  45,  19,  24],
[2024-08-13 13:26:27,166][flwr][INFO] - 	       [ 17,  71,   7,  61,  17, 569,  55,  21,  69,   5],
[2024-08-13 13:26:27,166][flwr][INFO] - 	       [ 11,  15,  19,   0,  12,   5, 818,  77,   1,   0],
[2024-08-13 13:26:27,166][flwr][INFO] - 	       [ 19,  21,  33,   4,  23,   1,   1, 822,  92,  12],
[2024-08-13 13:26:27,166][flwr][INFO] - 	       [ 17,  26,  19,  47,  33,  30,  25,   6, 752,  19],
[2024-08-13 13:26:27,166][flwr][INFO] - 	       [ 59,   6,   3,   3,  84,  23,   1,  64,  51, 715]], dtype=int64)),
[2024-08-13 13:26:27,166][flwr][INFO] - 	                      (9,
[2024-08-13 13:26:27,166][flwr][INFO] - 	                       array([[820,  91,   1,   4,   1,  10,  32,  15,   6,   0],
[2024-08-13 13:26:27,166][flwr][INFO] - 	       [  0, 987, 113,  11,   1,   4,   9,   2,   3,   5],
[2024-08-13 13:26:27,166][flwr][INFO] - 	       [  9,  23, 765, 104,  15,   3,  20,  38,  37,  18],
[2024-08-13 13:26:27,166][flwr][INFO] - 	       [  3,  19,   8, 810,  19,  36,  17,  16,  29,  53],
[2024-08-13 13:26:27,166][flwr][INFO] - 	       [ 10,   5,   3,   0, 728,  57,  17,  43,   4, 115],
[2024-08-13 13:26:27,166][flwr][INFO] - 	       [ 15,  67,   8,  66,  13, 587,  56,  27,  25,  28],
[2024-08-13 13:26:27,166][flwr][INFO] - 	       [ 11,  15,  18,   0,  10,   5, 816,  82,   0,   1],
[2024-08-13 13:26:27,166][flwr][INFO] - 	       [ 16,  24,  36,   4,  16,   2,   1, 834,  43,  52],
[2024-08-13 13:26:27,167][flwr][INFO] - 	       [ 21,  38,  21,  76,  21,  36,  31,  12, 512, 206],
[2024-08-13 13:26:27,167][flwr][INFO] - 	       [ 41,   6,   3,   4,  39,  17,   1,  38,   5, 855]], dtype=int64)),
[2024-08-13 13:26:27,167][flwr][INFO] - 	                      (10,
[2024-08-13 13:26:27,167][flwr][INFO] - 	                       array([[819,  92,   2,   2,   1,  13,  30,  14,   7,   0],
[2024-08-13 13:26:27,167][flwr][INFO] - 	       [  0, 982, 104,  11,   1,   4,   7,   1,  25,   0],
[2024-08-13 13:26:27,167][flwr][INFO] - 	       [  8,  21, 769,  91,  25,   2,  20,  35,  58,   3],
[2024-08-13 13:26:27,167][flwr][INFO] - 	       [  4,  19,   8, 781,  37,  35,  17,  15,  83,  11],
[2024-08-13 13:26:27,167][flwr][INFO] - 	       [ 11,   4,   2,   0, 812,  50,  18,  40,  20,  25],
[2024-08-13 13:26:27,167][flwr][INFO] - 	       [ 18,  60,   5,  60,  14, 581,  55,  21,  73,   5],
[2024-08-13 13:26:27,167][flwr][INFO] - 	       [ 11,  15,  17,   0,  12,   5, 814,  83,   1,   0],
[2024-08-13 13:26:27,167][flwr][INFO] - 	       [ 19,  20,  33,   5,  23,   1,   1, 819,  95,  12],
[2024-08-13 13:26:27,167][flwr][INFO] - 	       [ 18,  24,  19,  41,  33,  31,  25,   6, 760,  17],
[2024-08-13 13:26:27,167][flwr][INFO] - 	       [ 68,   5,   3,   3,  80,  24,   1,  58,  54, 713]], dtype=int64))],
[2024-08-13 13:26:27,167][flwr][INFO] - 	 'f1': [(0, 0.017493624772313296),
[2024-08-13 13:26:27,167][flwr][INFO] - 	        (1, 0.6161690447811425),
[2024-08-13 13:26:27,167][flwr][INFO] - 	        (2, 0.7636324851161778),
[2024-08-13 13:26:27,168][flwr][INFO] - 	        (3, 0.7764191627249353),
[2024-08-13 13:26:27,168][flwr][INFO] - 	        (4, 0.7532573036297161),
[2024-08-13 13:26:27,168][flwr][INFO] - 	        (5, 0.7835060685863998),
[2024-08-13 13:26:27,168][flwr][INFO] - 	        (6, 0.7830782447720832),
[2024-08-13 13:26:27,168][flwr][INFO] - 	        (7, 0.7592753892141003),
[2024-08-13 13:26:27,168][flwr][INFO] - 	        (8, 0.7850593497397987),
[2024-08-13 13:26:27,168][flwr][INFO] - 	        (9, 0.7690982752573053),
[2024-08-13 13:26:27,168][flwr][INFO] - 	        (10, 0.7849878170356883)],
[2024-08-13 13:26:27,168][flwr][INFO] - 	 'precision': [(0, 0.009604000000000001),
[2024-08-13 13:26:27,168][flwr][INFO] - 	               (1, 0.7494573736555689),
[2024-08-13 13:26:27,168][flwr][INFO] - 	               (2, 0.7852821880376588),
[2024-08-13 13:26:27,168][flwr][INFO] - 	               (3, 0.7863758754599425),
[2024-08-13 13:26:27,168][flwr][INFO] - 	               (4, 0.7885408853754958),
[2024-08-13 13:26:27,168][flwr][INFO] - 	               (5, 0.7877488797736442),
[2024-08-13 13:26:27,168][flwr][INFO] - 	               (6, 0.7934284642015293),
[2024-08-13 13:26:27,168][flwr][INFO] - 	               (7, 0.7730313157107238),
[2024-08-13 13:26:27,168][flwr][INFO] - 	               (8, 0.7905623305062579),
[2024-08-13 13:26:27,169][flwr][INFO] - 	               (9, 0.7769687708465028),
[2024-08-13 13:26:27,169][flwr][INFO] - 	               (10, 0.7906212123002613)],
[2024-08-13 13:26:27,169][flwr][INFO] - 	 'recall': [(0, 0.098),
[2024-08-13 13:26:27,169][flwr][INFO] - 	            (1, 0.6537),
[2024-08-13 13:26:27,169][flwr][INFO] - 	            (2, 0.77),
[2024-08-13 13:26:27,169][flwr][INFO] - 	            (3, 0.7775),
[2024-08-13 13:26:27,169][flwr][INFO] - 	            (4, 0.7604),
[2024-08-13 13:26:27,169][flwr][INFO] - 	            (5, 0.7854),
[2024-08-13 13:26:27,169][flwr][INFO] - 	            (6, 0.7832),
[2024-08-13 13:26:27,169][flwr][INFO] - 	            (7, 0.7625),
[2024-08-13 13:26:27,169][flwr][INFO] - 	            (8, 0.7853),
[2024-08-13 13:26:27,169][flwr][INFO] - 	            (9, 0.7714),
[2024-08-13 13:26:27,169][flwr][INFO] - 	            (10, 0.785)]}
[2024-08-13 13:26:27,169][flwr][INFO] - 
