[2024-08-13 10:46:29,902][flwr][INFO] - Starting Flower simulation, config: num_rounds=10, no round_timeout
[2024-08-13 10:46:34,080][flwr][INFO] - Flower VCE: Ray initialized with resources: {'accelerator_type:G': 1.0, 'memory': 5084703131.0, 'node:127.0.0.1': 1.0, 'object_store_memory': 2542351564.0, 'CPU': 16.0, 'GPU': 1.0, 'node:__internal_head__': 1.0}
[2024-08-13 10:46:34,080][flwr][INFO] - Optimize your simulation with Flower VCE: https://flower.ai/docs/framework/how-to-run-simulations.html
[2024-08-13 10:46:34,080][flwr][INFO] - Flower VCE: Resources for each Virtual Client: {'num_cpus': 2, 'num_gpus': 0.5}
[2024-08-13 10:46:34,092][flwr][INFO] - Flower VCE: Creating VirtualClientEngineActorPool with 2 actors
[2024-08-13 10:46:34,093][flwr][INFO] - [INIT]
[2024-08-13 10:46:34,093][flwr][INFO] - Requesting initial parameters from one random client
[2024-08-13 10:46:41,425][flwr][INFO] - Received initial parameters from one random client
[2024-08-13 10:46:41,425][flwr][INFO] - Evaluating initial global parameters
[2024-08-13 10:46:43,658][flwr][INFO] - initial parameters (loss, other metrics): 2.3025850929940455, {'accuracy': 0.098, 'precision': 0.009604000000000001, 'recall': 0.098, 'f1': 0.017493624772313296, 'confusion_matrix': array([[ 980,    0,    0,    0,    0,    0,    0,    0,    0,    0],
       [1135,    0,    0,    0,    0,    0,    0,    0,    0,    0],
       [1032,    0,    0,    0,    0,    0,    0,    0,    0,    0],
       [1010,    0,    0,    0,    0,    0,    0,    0,    0,    0],
       [ 982,    0,    0,    0,    0,    0,    0,    0,    0,    0],
       [ 892,    0,    0,    0,    0,    0,    0,    0,    0,    0],
       [ 958,    0,    0,    0,    0,    0,    0,    0,    0,    0],
       [1028,    0,    0,    0,    0,    0,    0,    0,    0,    0],
       [ 974,    0,    0,    0,    0,    0,    0,    0,    0,    0],
       [1009,    0,    0,    0,    0,    0,    0,    0,    0,    0]],
      dtype=int64)}
[2024-08-13 10:46:43,658][flwr][INFO] - 
[2024-08-13 10:46:43,658][flwr][INFO] - [ROUND 1]
[2024-08-13 10:46:43,660][flwr][INFO] - configure_fit: strategy sampled 10 clients (out of 10)
[2024-08-13 10:46:52,367][flwr][INFO] - aggregate_fit: received 10 results and 0 failures
[2024-08-13 10:46:52,369][flwr][WARNING] - No fit_metrics_aggregation_fn provided
[2024-08-13 10:46:54,477][flwr][INFO] - fit progress: (1, 0.8619005680175044, {'accuracy': 0.7363, 'precision': 0.7911031435592755, 'recall': 0.7363, 'f1': 0.7037587655733332, 'confusion_matrix': array([[ 954,    0,    1,    5,    0,    0,    7,    1,   12,    0],
       [   0, 1075,    1,    6,    0,    0,    4,    1,   48,    0],
       [  78,   51,  693,   63,    6,    0,   32,   17,   86,    6],
       [  34,   15,   14,  848,    0,    0,   10,   11,   72,    6],
       [  25,   17,    3,    2,  532,    0,   46,    2,   59,  296],
       [ 211,   67,    0,  269,    5,    4,   31,   23,  235,   47],
       [  88,   19,   10,    3,    3,    0,  812,    1,   22,    0],
       [  25,   55,   11,    2,    2,    0,    2,  848,   44,   39],
       [  41,   15,    4,   97,    1,    0,   14,    9,  780,   13],
       [  47,   20,    6,   14,   14,    0,    4,   40,   47,  817]],
      dtype=int64)}, 10.818630800000392)
[2024-08-13 10:46:54,478][flwr][INFO] - configure_evaluate: no clients selected, skipping evaluation
[2024-08-13 10:46:54,478][flwr][INFO] - 
[2024-08-13 10:46:54,478][flwr][INFO] - [ROUND 2]
[2024-08-13 10:46:54,479][flwr][INFO] - configure_fit: strategy sampled 10 clients (out of 10)
[2024-08-13 10:47:00,851][flwr][INFO] - aggregate_fit: received 10 results and 0 failures
[2024-08-13 10:47:02,928][flwr][INFO] - fit progress: (2, 0.6891909332520049, {'accuracy': 0.815, 'precision': 0.8250170454539946, 'recall': 0.815, 'f1': 0.8080759676620537, 'confusion_matrix': array([[ 934,    0,    8,    5,    0,    1,   22,    1,    9,    0],
       [   0, 1087,   25,    6,    0,    0,    5,    1,   11,    0],
       [  35,   38,  831,   32,   20,    0,   28,   18,   29,    1],
       [  11,   15,   32,  878,    0,    3,   10,   18,   29,   14],
       [   7,   15,    7,    0,  835,    0,   33,    2,    8,   75],
       [  64,   57,   16,  210,   35,  377,   42,   32,   30,   29],
       [  42,   19,   19,    2,   10,   11,  852,    1,    2,    0],
       [  10,   48,   36,    0,   13,    0,    3,  883,    5,   30],
       [  27,   32,   28,  108,   10,    3,   23,   14,  694,   35],
       [  30,   19,   10,   14,   96,    1,    2,   49,    9,  779]],
      dtype=int64)}, 19.269554500002414)
[2024-08-13 10:47:02,929][flwr][INFO] - configure_evaluate: no clients selected, skipping evaluation
[2024-08-13 10:47:02,929][flwr][INFO] - 
[2024-08-13 10:47:02,929][flwr][INFO] - [ROUND 3]
[2024-08-13 10:47:02,929][flwr][INFO] - configure_fit: strategy sampled 10 clients (out of 10)
[2024-08-13 10:47:09,283][flwr][INFO] - aggregate_fit: received 10 results and 0 failures
[2024-08-13 10:47:11,381][flwr][INFO] - fit progress: (3, 0.6426115696276774, {'accuracy': 0.8467, 'precision': 0.8469101456660828, 'recall': 0.8467, 'f1': 0.8458194383093587, 'confusion_matrix': array([[ 911,    0,    4,    1,    0,   31,   25,    1,    7,    0],
       [   0, 1079,   12,    2,    0,    9,    5,    0,   28,    0],
       [  27,   30,  814,   25,   27,    0,   29,   20,   56,    4],
       [   7,   13,   26,  817,    0,   55,    9,   16,   55,   12],
       [   6,   11,    3,    0,  828,    1,   27,    2,   12,   92],
       [  28,   43,    6,   67,   23,  647,   27,   14,   18,   19],
       [  30,   13,   18,    1,   11,   23,  857,    1,    4,    0],
       [   6,   43,   27,    0,   15,    0,    2,  877,   16,   42],
       [  12,   14,   14,   39,    9,   24,   18,   12,  803,   29],
       [  20,   16,    9,    9,   57,   15,    2,   31,   16,  834]],
      dtype=int64)}, 27.722151299996767)
[2024-08-13 10:47:11,382][flwr][INFO] - configure_evaluate: no clients selected, skipping evaluation
[2024-08-13 10:47:11,382][flwr][INFO] - 
[2024-08-13 10:47:11,382][flwr][INFO] - [ROUND 4]
[2024-08-13 10:47:11,382][flwr][INFO] - configure_fit: strategy sampled 10 clients (out of 10)
[2024-08-13 10:47:17,843][flwr][INFO] - aggregate_fit: received 10 results and 0 failures
[2024-08-13 10:47:19,929][flwr][INFO] - fit progress: (4, 0.6012125086485419, {'accuracy': 0.8367, 'precision': 0.8501774356216169, 'recall': 0.8367, 'f1': 0.8336087065446077, 'confusion_matrix': array([[ 929,    0,    6,   16,    0,    6,   21,    1,    1,    0],
       [   0, 1080,   21,   20,    1,    1,    4,    1,    7,    0],
       [  15,   16,  839,   61,   26,    0,   25,   22,   23,    5],
       [   4,    5,   18,  929,    1,    7,    8,   20,    7,   11],
       [   2,    9,    5,    2,  898,    0,   13,    2,    3,   48],
       [  19,   40,    8,  227,   41,  469,   24,   26,   16,   22],
       [  20,   11,   18,    5,   20,   18,  865,    1,    0,    0],
       [   4,   33,   31,    5,   16,    0,    3,  902,    2,   32],
       [  12,   20,   21,  178,   19,    8,   16,   17,  643,   40],
       [  18,   14,   11,   16,   80,    4,    1,   49,    3,  813]],
      dtype=int64)}, 36.27076189999934)
[2024-08-13 10:47:19,930][flwr][INFO] - configure_evaluate: no clients selected, skipping evaluation
[2024-08-13 10:47:19,930][flwr][INFO] - 
[2024-08-13 10:47:19,930][flwr][INFO] - [ROUND 5]
[2024-08-13 10:47:19,931][flwr][INFO] - configure_fit: strategy sampled 10 clients (out of 10)
[2024-08-13 10:47:26,450][flwr][INFO] - aggregate_fit: received 10 results and 0 failures
[2024-08-13 10:47:28,523][flwr][INFO] - fit progress: (5, 0.5668195533881082, {'accuracy': 0.8638, 'precision': 0.8661145575233063, 'recall': 0.8638, 'f1': 0.8635675159307356, 'confusion_matrix': array([[ 923,    0,    4,    1,    0,   17,   20,    1,   14,    0],
       [   0, 1075,    7,    2,    0,    5,    5,    0,   41,    0],
       [  20,   20,  835,   16,   24,    1,   26,   23,   60,    7],
       [   7,   12,   27,  789,    1,   65,    8,   19,   67,   15],
       [   3,    8,    5,    0,  846,    1,   21,    2,   14,   82],
       [  22,   31,    5,   23,   26,  700,   24,   14,   30,   17],
       [  19,   11,   18,    1,   13,   24,  865,    1,    6,    0],
       [   4,   34,   27,    0,   13,    0,    2,  893,   15,   40],
       [   5,   11,   11,   16,   11,   27,   16,   12,  843,   22],
       [  14,   13,    8,    6,   38,   11,    1,   27,   22,  869]],
      dtype=int64)}, 44.865074699991965)
[2024-08-13 10:47:28,524][flwr][INFO] - configure_evaluate: no clients selected, skipping evaluation
[2024-08-13 10:47:28,524][flwr][INFO] - 
[2024-08-13 10:47:28,524][flwr][INFO] - [ROUND 6]
[2024-08-13 10:47:28,525][flwr][INFO] - configure_fit: strategy sampled 10 clients (out of 10)
[2024-08-13 10:47:35,106][flwr][INFO] - aggregate_fit: received 10 results and 0 failures
[2024-08-13 10:47:37,180][flwr][INFO] - fit progress: (6, 0.5499998122609517, {'accuracy': 0.8619, 'precision': 0.8647347529343671, 'recall': 0.8619, 'f1': 0.8603499033237701, 'confusion_matrix': array([[ 940,    0,    3,    8,    0,   11,   15,    1,    2,    0],
       [   0, 1087,   18,    9,    1,    1,    5,    1,   13,    0],
       [  17,   21,  844,   42,   25,    0,   25,   24,   29,    5],
       [   5,    5,   18,  908,    1,   22,    8,   21,   10,   12],
       [   2,    9,    5,    0,  895,    1,   17,    2,    3,   48],
       [  19,   33,    6,  116,   33,  615,   25,   17,   11,   17],
       [  20,    9,   16,    2,   20,   21,  869,    1,    0,    0],
       [   4,   34,   32,    3,   16,    0,    3,  902,    2,   32],
       [  14,   20,   19,   97,   15,   24,   17,   16,  719,   33],
       [  17,   13,   10,   14,   67,    8,    1,   36,    3,  840]],
      dtype=int64)}, 53.52163109999674)
[2024-08-13 10:47:37,181][flwr][INFO] - configure_evaluate: no clients selected, skipping evaluation
[2024-08-13 10:47:37,181][flwr][INFO] - 
[2024-08-13 10:47:37,181][flwr][INFO] - [ROUND 7]
[2024-08-13 10:47:37,182][flwr][INFO] - configure_fit: strategy sampled 10 clients (out of 10)
[2024-08-13 10:47:43,542][flwr][INFO] - aggregate_fit: received 10 results and 0 failures
[2024-08-13 10:47:45,603][flwr][INFO] - fit progress: (7, 0.5325697582942874, {'accuracy': 0.8714, 'precision': 0.8724635884235146, 'recall': 0.8714, 'f1': 0.870988392635355, 'confusion_matrix': array([[ 936,    0,    3,    1,    0,   12,   16,    1,   11,    0],
       [   0, 1076,    7,    4,    1,    4,    5,    0,   38,    0],
       [  18,   16,  839,   22,   22,    1,   25,   23,   57,    9],
       [   5,    8,   23,  834,    1,   48,    8,   19,   49,   15],
       [   2,    9,    5,    0,  858,    1,   19,    2,   12,   74],
       [  22,   29,    6,   35,   25,  688,   24,   14,   33,   16],
       [  19,    8,   15,    2,   15,   22,  872,    1,    4,    0],
       [   4,   32,   27,    0,   13,    0,    2,  894,   14,   42],
       [   6,   10,   11,   22,   11,   21,   16,   11,  847,   19],
       [  15,   12,    7,    6,   40,   13,    1,   27,   18,  870]],
      dtype=int64)}, 61.944832499997574)
[2024-08-13 10:47:45,604][flwr][INFO] - configure_evaluate: no clients selected, skipping evaluation
[2024-08-13 10:47:45,604][flwr][INFO] - 
[2024-08-13 10:47:45,604][flwr][INFO] - [ROUND 8]
[2024-08-13 10:47:45,605][flwr][INFO] - configure_fit: strategy sampled 10 clients (out of 10)
[2024-08-13 10:47:51,981][flwr][INFO] - aggregate_fit: received 10 results and 0 failures
[2024-08-13 10:47:54,043][flwr][INFO] - fit progress: (8, 0.5214429020107357, {'accuracy': 0.8664, 'precision': 0.8688997277230488, 'recall': 0.8664, 'f1': 0.8649379103717598, 'confusion_matrix': array([[ 942,    0,    2,    7,    1,   12,   14,    1,    1,    0],
       [   0, 1088,   19,    9,    1,    2,    5,    0,   11,    0],
       [  16,   18,  853,   38,   25,    0,   26,   24,   27,    5],
       [   5,    5,   16,  908,    1,   27,    8,   20,   10,   10],
       [   1,    9,    5,    0,  913,    2,   15,    1,    3,   33],
       [  15,   29,    6,   97,   34,  650,   23,   15,   10,   13],
       [  18,    9,   15,    2,   19,   20,  874,    1,    0,    0],
       [   3,   33,   32,    3,   19,    0,    1,  904,    1,   32],
       [  15,   22,   21,   94,   18,   31,   19,   16,  706,   32],
       [  17,   12,   10,   15,   77,   11,    1,   37,    3,  826]],
      dtype=int64)}, 70.38502970000263)
[2024-08-13 10:47:54,044][flwr][INFO] - configure_evaluate: no clients selected, skipping evaluation
[2024-08-13 10:47:54,044][flwr][INFO] - 
[2024-08-13 10:47:54,044][flwr][INFO] - [ROUND 9]
[2024-08-13 10:47:54,045][flwr][INFO] - configure_fit: strategy sampled 10 clients (out of 10)
[2024-08-13 10:48:00,595][flwr][INFO] - aggregate_fit: received 10 results and 0 failures
[2024-08-13 10:48:02,798][flwr][INFO] - fit progress: (9, 0.50509202814459, {'accuracy': 0.8773, 'precision': 0.8775956267089905, 'recall': 0.8773, 'f1': 0.8767149681338993, 'confusion_matrix': array([[ 945,    0,    2,    1,    1,    8,   15,    1,    7,    0],
       [   0, 1083,    7,    4,    1,    3,    5,    0,   32,    0],
       [  17,   16,  846,   27,   20,    1,   25,   24,   47,    9],
       [   5,    5,   18,  866,    1,   35,    8,   18,   38,   16],
       [   1,    9,    4,    0,  865,    1,   19,    2,   10,   71],
       [  17,   28,    4,   48,   26,  689,   24,   12,   28,   16],
       [  18,    9,   14,    2,   14,   22,  876,    0,    3,    0],
       [   3,   31,   27,    1,   13,    0,    2,  899,   10,   42],
       [   7,   12,   12,   28,   11,   21,   16,   12,  835,   20],
       [  17,   10,    8,    9,   44,   11,    1,   27,   13,  869]],
      dtype=int64)}, 79.14003919999232)
[2024-08-13 10:48:02,799][flwr][INFO] - configure_evaluate: no clients selected, skipping evaluation
[2024-08-13 10:48:02,799][flwr][INFO] - 
[2024-08-13 10:48:02,799][flwr][INFO] - [ROUND 10]
[2024-08-13 10:48:02,799][flwr][INFO] - configure_fit: strategy sampled 10 clients (out of 10)
[2024-08-13 10:48:09,309][flwr][INFO] - aggregate_fit: received 10 results and 0 failures
[2024-08-13 10:48:11,376][flwr][INFO] - fit progress: (10, 0.48843374548038143, {'accuracy': 0.8736, 'precision': 0.8762876421715732, 'recall': 0.8736, 'f1': 0.8723662723430583, 'confusion_matrix': array([[ 941,    0,    2,    7,    2,   12,   14,    1,    1,    0],
       [   0, 1097,   12,    7,    1,    2,    5,    0,   11,    0],
       [  12,   18,  859,   34,   28,    1,   23,   27,   27,    3],
       [   5,    4,   16,  904,    1,   34,    8,   24,    9,    5],
       [   1,    8,    4,    1,  928,    2,   13,    2,    2,   21],
       [  12,   23,    4,   73,   31,  695,   23,   12,   10,    9],
       [  17,    8,   14,    2,   20,   22,  875,    0,    0,    0],
       [   3,   29,   31,    4,   18,    0,    1,  922,    1,   19],
       [  12,   22,   20,   81,   21,   39,   19,   19,  721,   20],
       [  16,   10,   10,   14,   95,   14,    1,   53,    2,  794]],
      dtype=int64)}, 87.71667179999349)
[2024-08-13 10:48:11,376][flwr][INFO] - configure_evaluate: no clients selected, skipping evaluation
[2024-08-13 10:48:11,376][flwr][INFO] - 
[2024-08-13 10:48:11,377][flwr][INFO] - [SUMMARY]
[2024-08-13 10:48:11,377][flwr][INFO] - Run finished 10 round(s) in 87.72s
[2024-08-13 10:48:11,384][flwr][INFO] - 	History (loss, centralized):
[2024-08-13 10:48:11,385][flwr][INFO] - 		round 0: 2.3025850929940455
[2024-08-13 10:48:11,385][flwr][INFO] - 		round 1: 0.8619005680175044
[2024-08-13 10:48:11,385][flwr][INFO] - 		round 2: 0.6891909332520049
[2024-08-13 10:48:11,385][flwr][INFO] - 		round 3: 0.6426115696276774
[2024-08-13 10:48:11,385][flwr][INFO] - 		round 4: 0.6012125086485419
[2024-08-13 10:48:11,385][flwr][INFO] - 		round 5: 0.5668195533881082
[2024-08-13 10:48:11,385][flwr][INFO] - 		round 6: 0.5499998122609517
[2024-08-13 10:48:11,385][flwr][INFO] - 		round 7: 0.5325697582942874
[2024-08-13 10:48:11,385][flwr][INFO] - 		round 8: 0.5214429020107357
[2024-08-13 10:48:11,385][flwr][INFO] - 		round 9: 0.50509202814459
[2024-08-13 10:48:11,385][flwr][INFO] - 		round 10: 0.48843374548038143
[2024-08-13 10:48:11,385][flwr][INFO] - 	History (metrics, centralized):
[2024-08-13 10:48:11,385][flwr][INFO] - 	{'accuracy': [(0, 0.098),
[2024-08-13 10:48:11,386][flwr][INFO] - 	              (1, 0.7363),
[2024-08-13 10:48:11,386][flwr][INFO] - 	              (2, 0.815),
[2024-08-13 10:48:11,386][flwr][INFO] - 	              (3, 0.8467),
[2024-08-13 10:48:11,386][flwr][INFO] - 	              (4, 0.8367),
[2024-08-13 10:48:11,386][flwr][INFO] - 	              (5, 0.8638),
[2024-08-13 10:48:11,386][flwr][INFO] - 	              (6, 0.8619),
[2024-08-13 10:48:11,386][flwr][INFO] - 	              (7, 0.8714),
[2024-08-13 10:48:11,386][flwr][INFO] - 	              (8, 0.8664),
[2024-08-13 10:48:11,386][flwr][INFO] - 	              (9, 0.8773),
[2024-08-13 10:48:11,386][flwr][INFO] - 	              (10, 0.8736)],
[2024-08-13 10:48:11,386][flwr][INFO] - 	 'confusion_matrix': [(0,
[2024-08-13 10:48:11,386][flwr][INFO] - 	                       array([[ 980,    0,    0,    0,    0,    0,    0,    0,    0,    0],
[2024-08-13 10:48:11,386][flwr][INFO] - 	       [1135,    0,    0,    0,    0,    0,    0,    0,    0,    0],
[2024-08-13 10:48:11,386][flwr][INFO] - 	       [1032,    0,    0,    0,    0,    0,    0,    0,    0,    0],
[2024-08-13 10:48:11,386][flwr][INFO] - 	       [1010,    0,    0,    0,    0,    0,    0,    0,    0,    0],
[2024-08-13 10:48:11,386][flwr][INFO] - 	       [ 982,    0,    0,    0,    0,    0,    0,    0,    0,    0],
[2024-08-13 10:48:11,387][flwr][INFO] - 	       [ 892,    0,    0,    0,    0,    0,    0,    0,    0,    0],
[2024-08-13 10:48:11,387][flwr][INFO] - 	       [ 958,    0,    0,    0,    0,    0,    0,    0,    0,    0],
[2024-08-13 10:48:11,387][flwr][INFO] - 	       [1028,    0,    0,    0,    0,    0,    0,    0,    0,    0],
[2024-08-13 10:48:11,387][flwr][INFO] - 	       [ 974,    0,    0,    0,    0,    0,    0,    0,    0,    0],
[2024-08-13 10:48:11,387][flwr][INFO] - 	       [1009,    0,    0,    0,    0,    0,    0,    0,    0,    0]],
[2024-08-13 10:48:11,387][flwr][INFO] - 	      dtype=int64)),
[2024-08-13 10:48:11,387][flwr][INFO] - 	                      (1,
[2024-08-13 10:48:11,387][flwr][INFO] - 	                       array([[ 954,    0,    1,    5,    0,    0,    7,    1,   12,    0],
[2024-08-13 10:48:11,387][flwr][INFO] - 	       [   0, 1075,    1,    6,    0,    0,    4,    1,   48,    0],
[2024-08-13 10:48:11,387][flwr][INFO] - 	       [  78,   51,  693,   63,    6,    0,   32,   17,   86,    6],
[2024-08-13 10:48:11,387][flwr][INFO] - 	       [  34,   15,   14,  848,    0,    0,   10,   11,   72,    6],
[2024-08-13 10:48:11,387][flwr][INFO] - 	       [  25,   17,    3,    2,  532,    0,   46,    2,   59,  296],
[2024-08-13 10:48:11,387][flwr][INFO] - 	       [ 211,   67,    0,  269,    5,    4,   31,   23,  235,   47],
[2024-08-13 10:48:11,387][flwr][INFO] - 	       [  88,   19,   10,    3,    3,    0,  812,    1,   22,    0],
[2024-08-13 10:48:11,387][flwr][INFO] - 	       [  25,   55,   11,    2,    2,    0,    2,  848,   44,   39],
[2024-08-13 10:48:11,387][flwr][INFO] - 	       [  41,   15,    4,   97,    1,    0,   14,    9,  780,   13],
[2024-08-13 10:48:11,387][flwr][INFO] - 	       [  47,   20,    6,   14,   14,    0,    4,   40,   47,  817]],
[2024-08-13 10:48:11,388][flwr][INFO] - 	      dtype=int64)),
[2024-08-13 10:48:11,388][flwr][INFO] - 	                      (2,
[2024-08-13 10:48:11,388][flwr][INFO] - 	                       array([[ 934,    0,    8,    5,    0,    1,   22,    1,    9,    0],
[2024-08-13 10:48:11,388][flwr][INFO] - 	       [   0, 1087,   25,    6,    0,    0,    5,    1,   11,    0],
[2024-08-13 10:48:11,388][flwr][INFO] - 	       [  35,   38,  831,   32,   20,    0,   28,   18,   29,    1],
[2024-08-13 10:48:11,388][flwr][INFO] - 	       [  11,   15,   32,  878,    0,    3,   10,   18,   29,   14],
[2024-08-13 10:48:11,388][flwr][INFO] - 	       [   7,   15,    7,    0,  835,    0,   33,    2,    8,   75],
[2024-08-13 10:48:11,388][flwr][INFO] - 	       [  64,   57,   16,  210,   35,  377,   42,   32,   30,   29],
[2024-08-13 10:48:11,388][flwr][INFO] - 	       [  42,   19,   19,    2,   10,   11,  852,    1,    2,    0],
[2024-08-13 10:48:11,388][flwr][INFO] - 	       [  10,   48,   36,    0,   13,    0,    3,  883,    5,   30],
[2024-08-13 10:48:11,388][flwr][INFO] - 	       [  27,   32,   28,  108,   10,    3,   23,   14,  694,   35],
[2024-08-13 10:48:11,388][flwr][INFO] - 	       [  30,   19,   10,   14,   96,    1,    2,   49,    9,  779]],
[2024-08-13 10:48:11,388][flwr][INFO] - 	      dtype=int64)),
[2024-08-13 10:48:11,388][flwr][INFO] - 	                      (3,
[2024-08-13 10:48:11,388][flwr][INFO] - 	                       array([[ 911,    0,    4,    1,    0,   31,   25,    1,    7,    0],
[2024-08-13 10:48:11,388][flwr][INFO] - 	       [   0, 1079,   12,    2,    0,    9,    5,    0,   28,    0],
[2024-08-13 10:48:11,388][flwr][INFO] - 	       [  27,   30,  814,   25,   27,    0,   29,   20,   56,    4],
[2024-08-13 10:48:11,389][flwr][INFO] - 	       [   7,   13,   26,  817,    0,   55,    9,   16,   55,   12],
[2024-08-13 10:48:11,389][flwr][INFO] - 	       [   6,   11,    3,    0,  828,    1,   27,    2,   12,   92],
[2024-08-13 10:48:11,389][flwr][INFO] - 	       [  28,   43,    6,   67,   23,  647,   27,   14,   18,   19],
[2024-08-13 10:48:11,389][flwr][INFO] - 	       [  30,   13,   18,    1,   11,   23,  857,    1,    4,    0],
[2024-08-13 10:48:11,389][flwr][INFO] - 	       [   6,   43,   27,    0,   15,    0,    2,  877,   16,   42],
[2024-08-13 10:48:11,389][flwr][INFO] - 	       [  12,   14,   14,   39,    9,   24,   18,   12,  803,   29],
[2024-08-13 10:48:11,389][flwr][INFO] - 	       [  20,   16,    9,    9,   57,   15,    2,   31,   16,  834]],
[2024-08-13 10:48:11,389][flwr][INFO] - 	      dtype=int64)),
[2024-08-13 10:48:11,389][flwr][INFO] - 	                      (4,
[2024-08-13 10:48:11,389][flwr][INFO] - 	                       array([[ 929,    0,    6,   16,    0,    6,   21,    1,    1,    0],
[2024-08-13 10:48:11,389][flwr][INFO] - 	       [   0, 1080,   21,   20,    1,    1,    4,    1,    7,    0],
[2024-08-13 10:48:11,389][flwr][INFO] - 	       [  15,   16,  839,   61,   26,    0,   25,   22,   23,    5],
[2024-08-13 10:48:11,389][flwr][INFO] - 	       [   4,    5,   18,  929,    1,    7,    8,   20,    7,   11],
[2024-08-13 10:48:11,389][flwr][INFO] - 	       [   2,    9,    5,    2,  898,    0,   13,    2,    3,   48],
[2024-08-13 10:48:11,389][flwr][INFO] - 	       [  19,   40,    8,  227,   41,  469,   24,   26,   16,   22],
[2024-08-13 10:48:11,389][flwr][INFO] - 	       [  20,   11,   18,    5,   20,   18,  865,    1,    0,    0],
[2024-08-13 10:48:11,389][flwr][INFO] - 	       [   4,   33,   31,    5,   16,    0,    3,  902,    2,   32],
[2024-08-13 10:48:11,390][flwr][INFO] - 	       [  12,   20,   21,  178,   19,    8,   16,   17,  643,   40],
[2024-08-13 10:48:11,390][flwr][INFO] - 	       [  18,   14,   11,   16,   80,    4,    1,   49,    3,  813]],
[2024-08-13 10:48:11,390][flwr][INFO] - 	      dtype=int64)),
[2024-08-13 10:48:11,390][flwr][INFO] - 	                      (5,
[2024-08-13 10:48:11,390][flwr][INFO] - 	                       array([[ 923,    0,    4,    1,    0,   17,   20,    1,   14,    0],
[2024-08-13 10:48:11,390][flwr][INFO] - 	       [   0, 1075,    7,    2,    0,    5,    5,    0,   41,    0],
[2024-08-13 10:48:11,390][flwr][INFO] - 	       [  20,   20,  835,   16,   24,    1,   26,   23,   60,    7],
[2024-08-13 10:48:11,390][flwr][INFO] - 	       [   7,   12,   27,  789,    1,   65,    8,   19,   67,   15],
[2024-08-13 10:48:11,390][flwr][INFO] - 	       [   3,    8,    5,    0,  846,    1,   21,    2,   14,   82],
[2024-08-13 10:48:11,390][flwr][INFO] - 	       [  22,   31,    5,   23,   26,  700,   24,   14,   30,   17],
[2024-08-13 10:48:11,390][flwr][INFO] - 	       [  19,   11,   18,    1,   13,   24,  865,    1,    6,    0],
[2024-08-13 10:48:11,390][flwr][INFO] - 	       [   4,   34,   27,    0,   13,    0,    2,  893,   15,   40],
[2024-08-13 10:48:11,390][flwr][INFO] - 	       [   5,   11,   11,   16,   11,   27,   16,   12,  843,   22],
[2024-08-13 10:48:11,390][flwr][INFO] - 	       [  14,   13,    8,    6,   38,   11,    1,   27,   22,  869]],
[2024-08-13 10:48:11,390][flwr][INFO] - 	      dtype=int64)),
[2024-08-13 10:48:11,390][flwr][INFO] - 	                      (6,
[2024-08-13 10:48:11,390][flwr][INFO] - 	                       array([[ 940,    0,    3,    8,    0,   11,   15,    1,    2,    0],
[2024-08-13 10:48:11,391][flwr][INFO] - 	       [   0, 1087,   18,    9,    1,    1,    5,    1,   13,    0],
[2024-08-13 10:48:11,391][flwr][INFO] - 	       [  17,   21,  844,   42,   25,    0,   25,   24,   29,    5],
[2024-08-13 10:48:11,391][flwr][INFO] - 	       [   5,    5,   18,  908,    1,   22,    8,   21,   10,   12],
[2024-08-13 10:48:11,391][flwr][INFO] - 	       [   2,    9,    5,    0,  895,    1,   17,    2,    3,   48],
[2024-08-13 10:48:11,391][flwr][INFO] - 	       [  19,   33,    6,  116,   33,  615,   25,   17,   11,   17],
[2024-08-13 10:48:11,391][flwr][INFO] - 	       [  20,    9,   16,    2,   20,   21,  869,    1,    0,    0],
[2024-08-13 10:48:11,391][flwr][INFO] - 	       [   4,   34,   32,    3,   16,    0,    3,  902,    2,   32],
[2024-08-13 10:48:11,391][flwr][INFO] - 	       [  14,   20,   19,   97,   15,   24,   17,   16,  719,   33],
[2024-08-13 10:48:11,391][flwr][INFO] - 	       [  17,   13,   10,   14,   67,    8,    1,   36,    3,  840]],
[2024-08-13 10:48:11,392][flwr][INFO] - 	      dtype=int64)),
[2024-08-13 10:48:11,392][flwr][INFO] - 	                      (7,
[2024-08-13 10:48:11,392][flwr][INFO] - 	                       array([[ 936,    0,    3,    1,    0,   12,   16,    1,   11,    0],
[2024-08-13 10:48:11,392][flwr][INFO] - 	       [   0, 1076,    7,    4,    1,    4,    5,    0,   38,    0],
[2024-08-13 10:48:11,392][flwr][INFO] - 	       [  18,   16,  839,   22,   22,    1,   25,   23,   57,    9],
[2024-08-13 10:48:11,392][flwr][INFO] - 	       [   5,    8,   23,  834,    1,   48,    8,   19,   49,   15],
[2024-08-13 10:48:11,392][flwr][INFO] - 	       [   2,    9,    5,    0,  858,    1,   19,    2,   12,   74],
[2024-08-13 10:48:11,392][flwr][INFO] - 	       [  22,   29,    6,   35,   25,  688,   24,   14,   33,   16],
[2024-08-13 10:48:11,392][flwr][INFO] - 	       [  19,    8,   15,    2,   15,   22,  872,    1,    4,    0],
[2024-08-13 10:48:11,392][flwr][INFO] - 	       [   4,   32,   27,    0,   13,    0,    2,  894,   14,   42],
[2024-08-13 10:48:11,392][flwr][INFO] - 	       [   6,   10,   11,   22,   11,   21,   16,   11,  847,   19],
[2024-08-13 10:48:11,392][flwr][INFO] - 	       [  15,   12,    7,    6,   40,   13,    1,   27,   18,  870]],
[2024-08-13 10:48:11,392][flwr][INFO] - 	      dtype=int64)),
[2024-08-13 10:48:11,392][flwr][INFO] - 	                      (8,
[2024-08-13 10:48:11,392][flwr][INFO] - 	                       array([[ 942,    0,    2,    7,    1,   12,   14,    1,    1,    0],
[2024-08-13 10:48:11,392][flwr][INFO] - 	       [   0, 1088,   19,    9,    1,    2,    5,    0,   11,    0],
[2024-08-13 10:48:11,392][flwr][INFO] - 	       [  16,   18,  853,   38,   25,    0,   26,   24,   27,    5],
[2024-08-13 10:48:11,392][flwr][INFO] - 	       [   5,    5,   16,  908,    1,   27,    8,   20,   10,   10],
[2024-08-13 10:48:11,393][flwr][INFO] - 	       [   1,    9,    5,    0,  913,    2,   15,    1,    3,   33],
[2024-08-13 10:48:11,393][flwr][INFO] - 	       [  15,   29,    6,   97,   34,  650,   23,   15,   10,   13],
[2024-08-13 10:48:11,393][flwr][INFO] - 	       [  18,    9,   15,    2,   19,   20,  874,    1,    0,    0],
[2024-08-13 10:48:11,393][flwr][INFO] - 	       [   3,   33,   32,    3,   19,    0,    1,  904,    1,   32],
[2024-08-13 10:48:11,393][flwr][INFO] - 	       [  15,   22,   21,   94,   18,   31,   19,   16,  706,   32],
[2024-08-13 10:48:11,393][flwr][INFO] - 	       [  17,   12,   10,   15,   77,   11,    1,   37,    3,  826]],
[2024-08-13 10:48:11,393][flwr][INFO] - 	      dtype=int64)),
[2024-08-13 10:48:11,393][flwr][INFO] - 	                      (9,
[2024-08-13 10:48:11,393][flwr][INFO] - 	                       array([[ 945,    0,    2,    1,    1,    8,   15,    1,    7,    0],
[2024-08-13 10:48:11,393][flwr][INFO] - 	       [   0, 1083,    7,    4,    1,    3,    5,    0,   32,    0],
[2024-08-13 10:48:11,393][flwr][INFO] - 	       [  17,   16,  846,   27,   20,    1,   25,   24,   47,    9],
[2024-08-13 10:48:11,393][flwr][INFO] - 	       [   5,    5,   18,  866,    1,   35,    8,   18,   38,   16],
[2024-08-13 10:48:11,393][flwr][INFO] - 	       [   1,    9,    4,    0,  865,    1,   19,    2,   10,   71],
[2024-08-13 10:48:11,393][flwr][INFO] - 	       [  17,   28,    4,   48,   26,  689,   24,   12,   28,   16],
[2024-08-13 10:48:11,393][flwr][INFO] - 	       [  18,    9,   14,    2,   14,   22,  876,    0,    3,    0],
[2024-08-13 10:48:11,393][flwr][INFO] - 	       [   3,   31,   27,    1,   13,    0,    2,  899,   10,   42],
[2024-08-13 10:48:11,393][flwr][INFO] - 	       [   7,   12,   12,   28,   11,   21,   16,   12,  835,   20],
[2024-08-13 10:48:11,394][flwr][INFO] - 	       [  17,   10,    8,    9,   44,   11,    1,   27,   13,  869]],
[2024-08-13 10:48:11,394][flwr][INFO] - 	      dtype=int64)),
[2024-08-13 10:48:11,394][flwr][INFO] - 	                      (10,
[2024-08-13 10:48:11,394][flwr][INFO] - 	                       array([[ 941,    0,    2,    7,    2,   12,   14,    1,    1,    0],
[2024-08-13 10:48:11,394][flwr][INFO] - 	       [   0, 1097,   12,    7,    1,    2,    5,    0,   11,    0],
[2024-08-13 10:48:11,394][flwr][INFO] - 	       [  12,   18,  859,   34,   28,    1,   23,   27,   27,    3],
[2024-08-13 10:48:11,394][flwr][INFO] - 	       [   5,    4,   16,  904,    1,   34,    8,   24,    9,    5],
[2024-08-13 10:48:11,394][flwr][INFO] - 	       [   1,    8,    4,    1,  928,    2,   13,    2,    2,   21],
[2024-08-13 10:48:11,394][flwr][INFO] - 	       [  12,   23,    4,   73,   31,  695,   23,   12,   10,    9],
[2024-08-13 10:48:11,394][flwr][INFO] - 	       [  17,    8,   14,    2,   20,   22,  875,    0,    0,    0],
[2024-08-13 10:48:11,394][flwr][INFO] - 	       [   3,   29,   31,    4,   18,    0,    1,  922,    1,   19],
[2024-08-13 10:48:11,394][flwr][INFO] - 	       [  12,   22,   20,   81,   21,   39,   19,   19,  721,   20],
[2024-08-13 10:48:11,394][flwr][INFO] - 	       [  16,   10,   10,   14,   95,   14,    1,   53,    2,  794]],
[2024-08-13 10:48:11,394][flwr][INFO] - 	      dtype=int64))],
[2024-08-13 10:48:11,394][flwr][INFO] - 	 'f1': [(0, 0.017493624772313296),
[2024-08-13 10:48:11,394][flwr][INFO] - 	        (1, 0.7037587655733332),
[2024-08-13 10:48:11,394][flwr][INFO] - 	        (2, 0.8080759676620537),
[2024-08-13 10:48:11,394][flwr][INFO] - 	        (3, 0.8458194383093587),
[2024-08-13 10:48:11,395][flwr][INFO] - 	        (4, 0.8336087065446077),
[2024-08-13 10:48:11,395][flwr][INFO] - 	        (5, 0.8635675159307356),
[2024-08-13 10:48:11,395][flwr][INFO] - 	        (6, 0.8603499033237701),
[2024-08-13 10:48:11,395][flwr][INFO] - 	        (7, 0.870988392635355),
[2024-08-13 10:48:11,395][flwr][INFO] - 	        (8, 0.8649379103717598),
[2024-08-13 10:48:11,395][flwr][INFO] - 	        (9, 0.8767149681338993),
[2024-08-13 10:48:11,395][flwr][INFO] - 	        (10, 0.8723662723430583)],
[2024-08-13 10:48:11,395][flwr][INFO] - 	 'precision': [(0, 0.009604000000000001),
[2024-08-13 10:48:11,395][flwr][INFO] - 	               (1, 0.7911031435592755),
[2024-08-13 10:48:11,395][flwr][INFO] - 	               (2, 0.8250170454539946),
[2024-08-13 10:48:11,395][flwr][INFO] - 	               (3, 0.8469101456660828),
[2024-08-13 10:48:11,395][flwr][INFO] - 	               (4, 0.8501774356216169),
[2024-08-13 10:48:11,395][flwr][INFO] - 	               (5, 0.8661145575233063),
[2024-08-13 10:48:11,395][flwr][INFO] - 	               (6, 0.8647347529343671),
[2024-08-13 10:48:11,395][flwr][INFO] - 	               (7, 0.8724635884235146),
[2024-08-13 10:48:11,395][flwr][INFO] - 	               (8, 0.8688997277230488),
[2024-08-13 10:48:11,395][flwr][INFO] - 	               (9, 0.8775956267089905),
[2024-08-13 10:48:11,395][flwr][INFO] - 	               (10, 0.8762876421715732)],
[2024-08-13 10:48:11,396][flwr][INFO] - 	 'recall': [(0, 0.098),
[2024-08-13 10:48:11,396][flwr][INFO] - 	            (1, 0.7363),
[2024-08-13 10:48:11,396][flwr][INFO] - 	            (2, 0.815),
[2024-08-13 10:48:11,396][flwr][INFO] - 	            (3, 0.8467),
[2024-08-13 10:48:11,396][flwr][INFO] - 	            (4, 0.8367),
[2024-08-13 10:48:11,396][flwr][INFO] - 	            (5, 0.8638),
[2024-08-13 10:48:11,396][flwr][INFO] - 	            (6, 0.8619),
[2024-08-13 10:48:11,396][flwr][INFO] - 	            (7, 0.8714),
[2024-08-13 10:48:11,396][flwr][INFO] - 	            (8, 0.8664),
[2024-08-13 10:48:11,396][flwr][INFO] - 	            (9, 0.8773),
[2024-08-13 10:48:11,396][flwr][INFO] - 	            (10, 0.8736)]}
[2024-08-13 10:48:11,396][flwr][INFO] - 
