[2024-08-13 11:54:00,174][flwr][INFO] - Starting Flower simulation, config: num_rounds=10, no round_timeout
[2024-08-13 11:54:04,338][flwr][INFO] - Flower VCE: Ray initialized with resources: {'node:__internal_head__': 1.0, 'GPU': 1.0, 'memory': 5079984539.0, 'object_store_memory': 2539992268.0, 'node:127.0.0.1': 1.0, 'accelerator_type:G': 1.0, 'CPU': 16.0}
[2024-08-13 11:54:04,338][flwr][INFO] - Optimize your simulation with Flower VCE: https://flower.ai/docs/framework/how-to-run-simulations.html
[2024-08-13 11:54:04,338][flwr][INFO] - Flower VCE: Resources for each Virtual Client: {'num_cpus': 2, 'num_gpus': 0.5}
[2024-08-13 11:54:04,349][flwr][INFO] - Flower VCE: Creating VirtualClientEngineActorPool with 2 actors
[2024-08-13 11:54:04,349][flwr][INFO] - [INIT]
[2024-08-13 11:54:04,350][flwr][INFO] - Requesting initial parameters from one random client
[2024-08-13 11:54:11,933][flwr][INFO] - Received initial parameters from one random client
[2024-08-13 11:54:11,933][flwr][INFO] - Evaluating initial global parameters
[2024-08-13 11:54:14,184][flwr][INFO] - initial parameters (loss, other metrics): 2.3025850929940455, {'accuracy': 0.098, 'precision': 0.009604000000000001, 'recall': 0.098, 'f1': 0.017493624772313296, 'confusion_matrix': array([[ 980,    0,    0,    0,    0,    0,    0,    0,    0,    0],
       [1135,    0,    0,    0,    0,    0,    0,    0,    0,    0],
       [1032,    0,    0,    0,    0,    0,    0,    0,    0,    0],
       [1010,    0,    0,    0,    0,    0,    0,    0,    0,    0],
       [ 982,    0,    0,    0,    0,    0,    0,    0,    0,    0],
       [ 892,    0,    0,    0,    0,    0,    0,    0,    0,    0],
       [ 958,    0,    0,    0,    0,    0,    0,    0,    0,    0],
       [1028,    0,    0,    0,    0,    0,    0,    0,    0,    0],
       [ 974,    0,    0,    0,    0,    0,    0,    0,    0,    0],
       [1009,    0,    0,    0,    0,    0,    0,    0,    0,    0]],
      dtype=int64)}
[2024-08-13 11:54:14,184][flwr][INFO] - 
[2024-08-13 11:54:14,185][flwr][INFO] - [ROUND 1]
[2024-08-13 11:54:14,185][flwr][INFO] - configure_fit: strategy sampled 10 clients (out of 10)
[2024-08-13 11:54:22,641][flwr][INFO] - aggregate_fit: received 10 results and 0 failures
[2024-08-13 11:54:22,644][flwr][WARNING] - No fit_metrics_aggregation_fn provided
[2024-08-13 11:54:24,767][flwr][INFO] - fit progress: (1, 1.2263364455730177, {'accuracy': 0.603, 'precision': 0.6999159760306399, 'recall': 0.603, 'f1': 0.5684559418261543, 'confusion_matrix': array([[956,   0,   2,   7,   0,   0,   6,   1,   8,   0],
       [  0, 803, 276,   9,   0,   0,   4,   1,  16,  26],
       [ 86,   1, 412, 412,   4,   0,  19,  18,  43,  37],
       [ 22,   2,   5, 879,   4,   0,   4,  10,  35,  49],
       [ 75,   4,   5,   1, 243,   0,  11,  28,  12, 603],
       [266,  56,  32, 242,   8,   1,  26,  15, 116, 130],
       [131,   9,  27,   8,   3,   0, 747,  26,   2,   5],
       [ 57,  13,  27,   5,   2,   0,   1, 622, 194, 107],
       [ 61,   7,  17, 232,   5,   0,   7,   2, 508, 135],
       [ 80,   3,   1,   9,  17,   0,   0,  11,  29, 859]], dtype=int64)}, 10.581902499994612)
[2024-08-13 11:54:24,768][flwr][INFO] - configure_evaluate: no clients selected, skipping evaluation
[2024-08-13 11:54:24,768][flwr][INFO] - 
[2024-08-13 11:54:24,768][flwr][INFO] - [ROUND 2]
[2024-08-13 11:54:24,768][flwr][INFO] - configure_fit: strategy sampled 10 clients (out of 10)
[2024-08-13 11:54:31,185][flwr][INFO] - aggregate_fit: received 10 results and 0 failures
[2024-08-13 11:54:33,313][flwr][INFO] - fit progress: (2, 1.0459898474280216, {'accuracy': 0.6937, 'precision': 0.7526324356147097, 'recall': 0.6937, 'f1': 0.6778823143404702, 'confusion_matrix': array([[846,  10,   2,   1,   7,   5,  85,  14,  10,   0],
       [  0, 922, 190,   1,   7,   1,   4,   5,   5,   0],
       [ 16,  19, 803,  45,  37,   0,  26,  47,  39,   0],
       [  0,  39,  29, 619, 180,   8,  23,  22,  89,   1],
       [  4,   4,   7,   0, 839,   2,  23,  90,  12,   1],
       [ 20, 110,  19,  60, 102, 391,  96,  37,  57,   0],
       [ 11,  18,  34,   0,  19,   2, 822,  52,   0,   0],
       [  5,  28,  43,   0,  24,   0,   1, 879,  48,   0],
       [  8,  51,  32,  30, 152,  10,  40,  16, 633,   2],
       [ 20,   9,   2,   1, 424,   9,   1, 302,  58, 183]], dtype=int64)}, 19.128633799991803)
[2024-08-13 11:54:33,314][flwr][INFO] - configure_evaluate: no clients selected, skipping evaluation
[2024-08-13 11:54:33,314][flwr][INFO] - 
[2024-08-13 11:54:33,314][flwr][INFO] - [ROUND 3]
[2024-08-13 11:54:33,314][flwr][INFO] - configure_fit: strategy sampled 10 clients (out of 10)
[2024-08-13 11:54:39,937][flwr][INFO] - aggregate_fit: received 10 results and 0 failures
[2024-08-13 11:54:42,034][flwr][INFO] - fit progress: (3, 1.0439935721193394, {'accuracy': 0.6687, 'precision': 0.7480925014435184, 'recall': 0.6687, 'f1': 0.6583662451884857, 'confusion_matrix': array([[889,  10,   2,  16,   0,  12,  31,   2,   2,  16],
       [  0, 990, 107,   8,   0,   1,   3,   1,   1,  24],
       [ 15,  20, 585, 276,   2,   3,  22,  20,  33,  56],
       [  1,   9,   3, 849,   1,  25,   9,   9,  16,  88],
       [ 12,   5,   2,   1, 192,  70,  14,  18,   4, 664],
       [ 15,  87,  13, 157,   1, 466,  35,  14,  21,  83],
       [ 19,  22,  30,   4,   3,  10, 826,  37,   0,   7],
       [ 19,  27,  26,   4,   1,   2,   2, 616,  65, 266],
       [  9,  49,  11, 164,   1,  19,  12,   3, 330, 376],
       [ 25,   5,   2,   8,   4,   8,   0,  10,   3, 944]], dtype=int64)}, 27.849023499991745)
[2024-08-13 11:54:42,034][flwr][INFO] - configure_evaluate: no clients selected, skipping evaluation
[2024-08-13 11:54:42,035][flwr][INFO] - 
[2024-08-13 11:54:42,035][flwr][INFO] - [ROUND 4]
[2024-08-13 11:54:42,035][flwr][INFO] - configure_fit: strategy sampled 10 clients (out of 10)
[2024-08-13 11:54:48,458][flwr][INFO] - aggregate_fit: received 10 results and 0 failures
[2024-08-13 11:54:50,562][flwr][INFO] - fit progress: (4, 1.0307566376313755, {'accuracy': 0.7109, 'precision': 0.767850598416848, 'recall': 0.7109, 'f1': 0.6774323029274245, 'confusion_matrix': array([[877,  23,   1,   2,   6,   7,  35,  16,  13,   0],
       [  0, 921, 179,   1,   2,   3,   5,   4,  20,   0],
       [ 12,  17, 816,  32,  43,   0,  18,  39,  55,   0],
       [  2,  28,  30, 667,  91,  31,  17,  23, 121,   0],
       [  5,   4,   3,   0, 894,   1,  15,  45,  15,   0],
       [ 18,  83,  19,  53,  49, 505,  55,  31,  79,   0],
       [ 12,  15,  31,   0,  22,   4, 799,  73,   2,   0],
       [ 11,  24,  36,   0,  26,   0,   1, 857,  73,   0],
       [ 13,  31,  23,  21,  72,  16,  20,   9, 769,   0],
       [ 36,   7,   3,   1, 529,  29,   1, 259, 140,   4]], dtype=int64)}, 36.377298299994436)
[2024-08-13 11:54:50,563][flwr][INFO] - configure_evaluate: no clients selected, skipping evaluation
[2024-08-13 11:54:50,563][flwr][INFO] - 
[2024-08-13 11:54:50,563][flwr][INFO] - [ROUND 5]
[2024-08-13 11:54:50,563][flwr][INFO] - configure_fit: strategy sampled 10 clients (out of 10)
[2024-08-13 11:54:57,248][flwr][INFO] - aggregate_fit: received 10 results and 0 failures
[2024-08-13 11:54:59,344][flwr][INFO] - fit progress: (5, 0.9754187663698968, {'accuracy': 0.7456, 'precision': 0.77000571986769, 'recall': 0.7456, 'f1': 0.740118791154871, 'confusion_matrix': array([[869,  37,   2,  11,   0,   8,  41,   6,   4,   2],
       [  0, 994, 106,   9,   1,   3,   8,   1,   1,  12],
       [ 11,  28, 717, 156,   9,   2,  23,  36,  27,  23],
       [  2,  12,   8, 845,   2,  33,  13,  17,  15,  63],
       [  9,   6,   3,   0, 587,  40,  22,  37,   5, 273],
       [ 18,  83,  12, 106,   9, 531,  61,  23,  11,  38],
       [ 12,  18,  22,   1,   6,   5, 845,  47,   0,   2],
       [ 17,  29,  35,   4,  12,   0,   2, 813,  32,  84],
       [ 16,  58,  15, 143,   8,  33,  33,  11, 364, 293],
       [ 32,   6,   3,   7,  20,  17,   2,  30,   1, 891]], dtype=int64)}, 45.159583799992106)
[2024-08-13 11:54:59,345][flwr][INFO] - configure_evaluate: no clients selected, skipping evaluation
[2024-08-13 11:54:59,345][flwr][INFO] - 
[2024-08-13 11:54:59,345][flwr][INFO] - [ROUND 6]
[2024-08-13 11:54:59,345][flwr][INFO] - configure_fit: strategy sampled 10 clients (out of 10)
[2024-08-13 11:55:05,753][flwr][INFO] - aggregate_fit: received 10 results and 0 failures
[2024-08-13 11:55:07,851][flwr][INFO] - fit progress: (6, 0.9909366602015219, {'accuracy': 0.7301, 'precision': 0.7853552804411741, 'recall': 0.7301, 'f1': 0.7156837753321753, 'confusion_matrix': array([[859,  47,   2,   2,   5,   7,  25,   9,  24,   0],
       [  0, 941, 136,   2,   2,   3,   5,   1,  45,   0],
       [ 11,  14, 808,  33,  44,   0,  17,  31,  74,   0],
       [  3,  21,  23, 662,  80,  28,  17,  16, 159,   1],
       [  9,   3,   1,   0, 902,   1,  13,  21,  31,   1],
       [ 13,  66,  11,  40,  46, 502,  56,  22, 136,   0],
       [ 11,  12,  30,   0,  23,   5, 810,  65,   2,   0],
       [ 12,  20,  31,   0,  34,   0,   0, 794, 137,   0],
       [ 10,   9,  19,  11,  48,  13,  16,   2, 846,   0],
       [ 56,   4,   4,   2, 395,  21,   1, 113, 236, 177]], dtype=int64)}, 53.666039799994905)
[2024-08-13 11:55:07,851][flwr][INFO] - configure_evaluate: no clients selected, skipping evaluation
[2024-08-13 11:55:07,852][flwr][INFO] - 
[2024-08-13 11:55:07,852][flwr][INFO] - [ROUND 7]
[2024-08-13 11:55:07,852][flwr][INFO] - configure_fit: strategy sampled 10 clients (out of 10)
[2024-08-13 11:55:14,441][flwr][INFO] - aggregate_fit: received 10 results and 0 failures
[2024-08-13 11:55:16,512][flwr][INFO] - fit progress: (7, 0.9804587398648793, {'accuracy': 0.72, 'precision': 0.7685849817733166, 'recall': 0.72, 'f1': 0.7026270527435006, 'confusion_matrix': array([[827,  79,   1,   9,   1,  12,  35,  10,   0,   6],
       [  0, 991, 106,  13,   1,   3,   7,   1,   0,  13],
       [ 11,  22, 732, 155,   8,   2,  23,  41,  11,  27],
       [  2,  11,   7, 848,   2,  34,  12,  17,   2,  75],
       [  8,   6,   2,   1, 540,  41,  18,  35,   0, 331],
       [ 12,  66,   9,  93,   8, 571,  56,  26,   3,  48],
       [ 11,  14,  20,   0,   5,   6, 840,  59,   0,   3],
       [ 13,  24,  35,   5,   9,   0,   1, 833,   5, 103],
       [ 16,  55,  16, 165,   6,  41,  28,  12, 109, 526],
       [ 24,   6,   3,   8,  15,  16,   1,  27,   0, 909]], dtype=int64)}, 62.32754779999959)
[2024-08-13 11:55:16,513][flwr][INFO] - configure_evaluate: no clients selected, skipping evaluation
[2024-08-13 11:55:16,513][flwr][INFO] - 
[2024-08-13 11:55:16,513][flwr][INFO] - [ROUND 8]
[2024-08-13 11:55:16,514][flwr][INFO] - configure_fit: strategy sampled 10 clients (out of 10)
[2024-08-13 11:55:23,464][flwr][INFO] - aggregate_fit: received 10 results and 0 failures
[2024-08-13 11:55:25,563][flwr][INFO] - fit progress: (8, 0.9623275184611663, {'accuracy': 0.7601, 'precision': 0.7931366091128845, 'recall': 0.7601, 'f1': 0.7557105817926604, 'confusion_matrix': array([[830,  83,   2,   1,   3,   6,  31,   9,  15,   0],
       [  0, 968, 112,   3,   1,   4,   6,   1,  40,   0],
       [  9,  16, 804,  46,  36,   0,  19,  29,  73,   0],
       [  2,  20,  15, 722,  61,  32,  18,  15, 123,   2],
       [  9,   3,   1,   0, 895,   8,  17,  21,  26,   2],
       [ 17,  61,   7,  45,  27, 539,  62,  20, 113,   1],
       [ 11,  14,  21,   0,  20,   5, 833,  53,   1,   0],
       [ 19,  22,  30,   1,  35,   0,   0, 784, 137,   0],
       [ 12,  14,  19,  18,  42,  16,  23,   1, 829,   0],
       [ 86,   6,   4,   2, 236,  24,   1,  81, 172, 397]], dtype=int64)}, 71.37761019999743)
[2024-08-13 11:55:25,564][flwr][INFO] - configure_evaluate: no clients selected, skipping evaluation
[2024-08-13 11:55:25,564][flwr][INFO] - 
[2024-08-13 11:55:25,564][flwr][INFO] - [ROUND 9]
[2024-08-13 11:55:25,564][flwr][INFO] - configure_fit: strategy sampled 10 clients (out of 10)
[2024-08-13 11:55:32,253][flwr][INFO] - aggregate_fit: received 10 results and 0 failures
[2024-08-13 11:55:34,489][flwr][INFO] - fit progress: (9, 0.9608446883194518, {'accuracy': 0.7271, 'precision': 0.7758023446581154, 'recall': 0.7271, 'f1': 0.7121238960449475, 'confusion_matrix': array([[ 823,   82,    1,    8,    1,   13,   32,   14,    0,    6],
       [   0, 1011,   86,   12,    1,    3,    7,    1,    0,   14],
       [   8,   24,  743,  138,   10,    2,   22,   41,   14,   30],
       [   2,   12,    7,  844,    2,   33,   12,   17,    2,   79],
       [   5,    6,    2,    1,  580,   28,   16,   31,    0,  313],
       [  12,   62,    7,   87,    8,  576,   53,   28,    3,   56],
       [  11,   13,   16,    0,    7,    6,  830,   72,    0,    3],
       [  12,   24,   34,    6,   10,    1,    1,  824,    5,  111],
       [  14,   50,   16,  136,    8,   41,   28,   11,  123,  547],
       [  23,    6,    3,    8,   16,   10,    1,   25,    0,  917]],
      dtype=int64)}, 80.30428989999928)
[2024-08-13 11:55:34,490][flwr][INFO] - configure_evaluate: no clients selected, skipping evaluation
[2024-08-13 11:55:34,490][flwr][INFO] - 
[2024-08-13 11:55:34,490][flwr][INFO] - [ROUND 10]
[2024-08-13 11:55:34,491][flwr][INFO] - configure_fit: strategy sampled 10 clients (out of 10)
[2024-08-13 11:55:41,065][flwr][INFO] - aggregate_fit: received 10 results and 0 failures
[2024-08-13 11:55:43,150][flwr][INFO] - fit progress: (10, 0.9564686202771507, {'accuracy': 0.7597, 'precision': 0.7939247313135747, 'recall': 0.7597, 'f1': 0.7540151729899388, 'confusion_matrix': array([[822,  86,   2,   1,   3,   9,  29,  10,  18,   0],
       [  0, 988,  86,   5,   1,   4,   6,   1,  44,   0],
       [  8,  18, 797,  51,  36,   0,  19,  29,  74,   0],
       [  2,  19,  13, 727,  64,  34,  16,  15, 119,   1],
       [  9,   3,   1,   0, 890,  12,  16,  21,  28,   2],
       [ 16,  54,   5,  38,  25, 560,  62,  22, 109,   1],
       [ 12,  12,  17,   0,  20,   6, 826,  63,   2,   0],
       [ 18,  21,  30,   1,  36,   0,   1, 786, 135,   0],
       [ 12,  10,  17,  15,  37,  19,  20,   1, 843,   0],
       [ 95,   6,   3,   2, 241,  34,   1,  82, 187, 358]], dtype=int64)}, 88.96550079999724)
[2024-08-13 11:55:43,151][flwr][INFO] - configure_evaluate: no clients selected, skipping evaluation
[2024-08-13 11:55:43,151][flwr][INFO] - 
[2024-08-13 11:55:43,151][flwr][INFO] - [SUMMARY]
[2024-08-13 11:55:43,151][flwr][INFO] - Run finished 10 round(s) in 88.97s
[2024-08-13 11:55:43,160][flwr][INFO] - 	History (loss, centralized):
[2024-08-13 11:55:43,160][flwr][INFO] - 		round 0: 2.3025850929940455
[2024-08-13 11:55:43,160][flwr][INFO] - 		round 1: 1.2263364455730177
[2024-08-13 11:55:43,160][flwr][INFO] - 		round 2: 1.0459898474280216
[2024-08-13 11:55:43,160][flwr][INFO] - 		round 3: 1.0439935721193394
[2024-08-13 11:55:43,160][flwr][INFO] - 		round 4: 1.0307566376313755
[2024-08-13 11:55:43,160][flwr][INFO] - 		round 5: 0.9754187663698968
[2024-08-13 11:55:43,160][flwr][INFO] - 		round 6: 0.9909366602015219
[2024-08-13 11:55:43,161][flwr][INFO] - 		round 7: 0.9804587398648793
[2024-08-13 11:55:43,161][flwr][INFO] - 		round 8: 0.9623275184611663
[2024-08-13 11:55:43,161][flwr][INFO] - 		round 9: 0.9608446883194518
[2024-08-13 11:55:43,161][flwr][INFO] - 		round 10: 0.9564686202771507
[2024-08-13 11:55:43,161][flwr][INFO] - 	History (metrics, centralized):
[2024-08-13 11:55:43,161][flwr][INFO] - 	{'accuracy': [(0, 0.098),
[2024-08-13 11:55:43,161][flwr][INFO] - 	              (1, 0.603),
[2024-08-13 11:55:43,161][flwr][INFO] - 	              (2, 0.6937),
[2024-08-13 11:55:43,161][flwr][INFO] - 	              (3, 0.6687),
[2024-08-13 11:55:43,161][flwr][INFO] - 	              (4, 0.7109),
[2024-08-13 11:55:43,161][flwr][INFO] - 	              (5, 0.7456),
[2024-08-13 11:55:43,161][flwr][INFO] - 	              (6, 0.7301),
[2024-08-13 11:55:43,161][flwr][INFO] - 	              (7, 0.72),
[2024-08-13 11:55:43,161][flwr][INFO] - 	              (8, 0.7601),
[2024-08-13 11:55:43,161][flwr][INFO] - 	              (9, 0.7271),
[2024-08-13 11:55:43,161][flwr][INFO] - 	              (10, 0.7597)],
[2024-08-13 11:55:43,161][flwr][INFO] - 	 'confusion_matrix': [(0,
[2024-08-13 11:55:43,162][flwr][INFO] - 	                       array([[ 980,    0,    0,    0,    0,    0,    0,    0,    0,    0],
[2024-08-13 11:55:43,162][flwr][INFO] - 	       [1135,    0,    0,    0,    0,    0,    0,    0,    0,    0],
[2024-08-13 11:55:43,162][flwr][INFO] - 	       [1032,    0,    0,    0,    0,    0,    0,    0,    0,    0],
[2024-08-13 11:55:43,162][flwr][INFO] - 	       [1010,    0,    0,    0,    0,    0,    0,    0,    0,    0],
[2024-08-13 11:55:43,162][flwr][INFO] - 	       [ 982,    0,    0,    0,    0,    0,    0,    0,    0,    0],
[2024-08-13 11:55:43,162][flwr][INFO] - 	       [ 892,    0,    0,    0,    0,    0,    0,    0,    0,    0],
[2024-08-13 11:55:43,162][flwr][INFO] - 	       [ 958,    0,    0,    0,    0,    0,    0,    0,    0,    0],
[2024-08-13 11:55:43,162][flwr][INFO] - 	       [1028,    0,    0,    0,    0,    0,    0,    0,    0,    0],
[2024-08-13 11:55:43,162][flwr][INFO] - 	       [ 974,    0,    0,    0,    0,    0,    0,    0,    0,    0],
[2024-08-13 11:55:43,162][flwr][INFO] - 	       [1009,    0,    0,    0,    0,    0,    0,    0,    0,    0]],
[2024-08-13 11:55:43,162][flwr][INFO] - 	      dtype=int64)),
[2024-08-13 11:55:43,162][flwr][INFO] - 	                      (1,
[2024-08-13 11:55:43,162][flwr][INFO] - 	                       array([[956,   0,   2,   7,   0,   0,   6,   1,   8,   0],
[2024-08-13 11:55:43,162][flwr][INFO] - 	       [  0, 803, 276,   9,   0,   0,   4,   1,  16,  26],
[2024-08-13 11:55:43,162][flwr][INFO] - 	       [ 86,   1, 412, 412,   4,   0,  19,  18,  43,  37],
[2024-08-13 11:55:43,162][flwr][INFO] - 	       [ 22,   2,   5, 879,   4,   0,   4,  10,  35,  49],
[2024-08-13 11:55:43,163][flwr][INFO] - 	       [ 75,   4,   5,   1, 243,   0,  11,  28,  12, 603],
[2024-08-13 11:55:43,163][flwr][INFO] - 	       [266,  56,  32, 242,   8,   1,  26,  15, 116, 130],
[2024-08-13 11:55:43,163][flwr][INFO] - 	       [131,   9,  27,   8,   3,   0, 747,  26,   2,   5],
[2024-08-13 11:55:43,163][flwr][INFO] - 	       [ 57,  13,  27,   5,   2,   0,   1, 622, 194, 107],
[2024-08-13 11:55:43,163][flwr][INFO] - 	       [ 61,   7,  17, 232,   5,   0,   7,   2, 508, 135],
[2024-08-13 11:55:43,163][flwr][INFO] - 	       [ 80,   3,   1,   9,  17,   0,   0,  11,  29, 859]], dtype=int64)),
[2024-08-13 11:55:43,163][flwr][INFO] - 	                      (2,
[2024-08-13 11:55:43,163][flwr][INFO] - 	                       array([[846,  10,   2,   1,   7,   5,  85,  14,  10,   0],
[2024-08-13 11:55:43,163][flwr][INFO] - 	       [  0, 922, 190,   1,   7,   1,   4,   5,   5,   0],
[2024-08-13 11:55:43,163][flwr][INFO] - 	       [ 16,  19, 803,  45,  37,   0,  26,  47,  39,   0],
[2024-08-13 11:55:43,163][flwr][INFO] - 	       [  0,  39,  29, 619, 180,   8,  23,  22,  89,   1],
[2024-08-13 11:55:43,163][flwr][INFO] - 	       [  4,   4,   7,   0, 839,   2,  23,  90,  12,   1],
[2024-08-13 11:55:43,163][flwr][INFO] - 	       [ 20, 110,  19,  60, 102, 391,  96,  37,  57,   0],
[2024-08-13 11:55:43,163][flwr][INFO] - 	       [ 11,  18,  34,   0,  19,   2, 822,  52,   0,   0],
[2024-08-13 11:55:43,163][flwr][INFO] - 	       [  5,  28,  43,   0,  24,   0,   1, 879,  48,   0],
[2024-08-13 11:55:43,163][flwr][INFO] - 	       [  8,  51,  32,  30, 152,  10,  40,  16, 633,   2],
[2024-08-13 11:55:43,163][flwr][INFO] - 	       [ 20,   9,   2,   1, 424,   9,   1, 302,  58, 183]], dtype=int64)),
[2024-08-13 11:55:43,164][flwr][INFO] - 	                      (3,
[2024-08-13 11:55:43,164][flwr][INFO] - 	                       array([[889,  10,   2,  16,   0,  12,  31,   2,   2,  16],
[2024-08-13 11:55:43,164][flwr][INFO] - 	       [  0, 990, 107,   8,   0,   1,   3,   1,   1,  24],
[2024-08-13 11:55:43,164][flwr][INFO] - 	       [ 15,  20, 585, 276,   2,   3,  22,  20,  33,  56],
[2024-08-13 11:55:43,164][flwr][INFO] - 	       [  1,   9,   3, 849,   1,  25,   9,   9,  16,  88],
[2024-08-13 11:55:43,164][flwr][INFO] - 	       [ 12,   5,   2,   1, 192,  70,  14,  18,   4, 664],
[2024-08-13 11:55:43,164][flwr][INFO] - 	       [ 15,  87,  13, 157,   1, 466,  35,  14,  21,  83],
[2024-08-13 11:55:43,164][flwr][INFO] - 	       [ 19,  22,  30,   4,   3,  10, 826,  37,   0,   7],
[2024-08-13 11:55:43,164][flwr][INFO] - 	       [ 19,  27,  26,   4,   1,   2,   2, 616,  65, 266],
[2024-08-13 11:55:43,164][flwr][INFO] - 	       [  9,  49,  11, 164,   1,  19,  12,   3, 330, 376],
[2024-08-13 11:55:43,164][flwr][INFO] - 	       [ 25,   5,   2,   8,   4,   8,   0,  10,   3, 944]], dtype=int64)),
[2024-08-13 11:55:43,164][flwr][INFO] - 	                      (4,
[2024-08-13 11:55:43,164][flwr][INFO] - 	                       array([[877,  23,   1,   2,   6,   7,  35,  16,  13,   0],
[2024-08-13 11:55:43,164][flwr][INFO] - 	       [  0, 921, 179,   1,   2,   3,   5,   4,  20,   0],
[2024-08-13 11:55:43,164][flwr][INFO] - 	       [ 12,  17, 816,  32,  43,   0,  18,  39,  55,   0],
[2024-08-13 11:55:43,164][flwr][INFO] - 	       [  2,  28,  30, 667,  91,  31,  17,  23, 121,   0],
[2024-08-13 11:55:43,164][flwr][INFO] - 	       [  5,   4,   3,   0, 894,   1,  15,  45,  15,   0],
[2024-08-13 11:55:43,164][flwr][INFO] - 	       [ 18,  83,  19,  53,  49, 505,  55,  31,  79,   0],
[2024-08-13 11:55:43,165][flwr][INFO] - 	       [ 12,  15,  31,   0,  22,   4, 799,  73,   2,   0],
[2024-08-13 11:55:43,165][flwr][INFO] - 	       [ 11,  24,  36,   0,  26,   0,   1, 857,  73,   0],
[2024-08-13 11:55:43,165][flwr][INFO] - 	       [ 13,  31,  23,  21,  72,  16,  20,   9, 769,   0],
[2024-08-13 11:55:43,165][flwr][INFO] - 	       [ 36,   7,   3,   1, 529,  29,   1, 259, 140,   4]], dtype=int64)),
[2024-08-13 11:55:43,165][flwr][INFO] - 	                      (5,
[2024-08-13 11:55:43,165][flwr][INFO] - 	                       array([[869,  37,   2,  11,   0,   8,  41,   6,   4,   2],
[2024-08-13 11:55:43,165][flwr][INFO] - 	       [  0, 994, 106,   9,   1,   3,   8,   1,   1,  12],
[2024-08-13 11:55:43,165][flwr][INFO] - 	       [ 11,  28, 717, 156,   9,   2,  23,  36,  27,  23],
[2024-08-13 11:55:43,165][flwr][INFO] - 	       [  2,  12,   8, 845,   2,  33,  13,  17,  15,  63],
[2024-08-13 11:55:43,165][flwr][INFO] - 	       [  9,   6,   3,   0, 587,  40,  22,  37,   5, 273],
[2024-08-13 11:55:43,165][flwr][INFO] - 	       [ 18,  83,  12, 106,   9, 531,  61,  23,  11,  38],
[2024-08-13 11:55:43,165][flwr][INFO] - 	       [ 12,  18,  22,   1,   6,   5, 845,  47,   0,   2],
[2024-08-13 11:55:43,165][flwr][INFO] - 	       [ 17,  29,  35,   4,  12,   0,   2, 813,  32,  84],
[2024-08-13 11:55:43,165][flwr][INFO] - 	       [ 16,  58,  15, 143,   8,  33,  33,  11, 364, 293],
[2024-08-13 11:55:43,165][flwr][INFO] - 	       [ 32,   6,   3,   7,  20,  17,   2,  30,   1, 891]], dtype=int64)),
[2024-08-13 11:55:43,165][flwr][INFO] - 	                      (6,
[2024-08-13 11:55:43,165][flwr][INFO] - 	                       array([[859,  47,   2,   2,   5,   7,  25,   9,  24,   0],
[2024-08-13 11:55:43,166][flwr][INFO] - 	       [  0, 941, 136,   2,   2,   3,   5,   1,  45,   0],
[2024-08-13 11:55:43,166][flwr][INFO] - 	       [ 11,  14, 808,  33,  44,   0,  17,  31,  74,   0],
[2024-08-13 11:55:43,166][flwr][INFO] - 	       [  3,  21,  23, 662,  80,  28,  17,  16, 159,   1],
[2024-08-13 11:55:43,166][flwr][INFO] - 	       [  9,   3,   1,   0, 902,   1,  13,  21,  31,   1],
[2024-08-13 11:55:43,166][flwr][INFO] - 	       [ 13,  66,  11,  40,  46, 502,  56,  22, 136,   0],
[2024-08-13 11:55:43,166][flwr][INFO] - 	       [ 11,  12,  30,   0,  23,   5, 810,  65,   2,   0],
[2024-08-13 11:55:43,166][flwr][INFO] - 	       [ 12,  20,  31,   0,  34,   0,   0, 794, 137,   0],
[2024-08-13 11:55:43,166][flwr][INFO] - 	       [ 10,   9,  19,  11,  48,  13,  16,   2, 846,   0],
[2024-08-13 11:55:43,166][flwr][INFO] - 	       [ 56,   4,   4,   2, 395,  21,   1, 113, 236, 177]], dtype=int64)),
[2024-08-13 11:55:43,166][flwr][INFO] - 	                      (7,
[2024-08-13 11:55:43,166][flwr][INFO] - 	                       array([[827,  79,   1,   9,   1,  12,  35,  10,   0,   6],
[2024-08-13 11:55:43,166][flwr][INFO] - 	       [  0, 991, 106,  13,   1,   3,   7,   1,   0,  13],
[2024-08-13 11:55:43,166][flwr][INFO] - 	       [ 11,  22, 732, 155,   8,   2,  23,  41,  11,  27],
[2024-08-13 11:55:43,166][flwr][INFO] - 	       [  2,  11,   7, 848,   2,  34,  12,  17,   2,  75],
[2024-08-13 11:55:43,166][flwr][INFO] - 	       [  8,   6,   2,   1, 540,  41,  18,  35,   0, 331],
[2024-08-13 11:55:43,166][flwr][INFO] - 	       [ 12,  66,   9,  93,   8, 571,  56,  26,   3,  48],
[2024-08-13 11:55:43,167][flwr][INFO] - 	       [ 11,  14,  20,   0,   5,   6, 840,  59,   0,   3],
[2024-08-13 11:55:43,167][flwr][INFO] - 	       [ 13,  24,  35,   5,   9,   0,   1, 833,   5, 103],
[2024-08-13 11:55:43,167][flwr][INFO] - 	       [ 16,  55,  16, 165,   6,  41,  28,  12, 109, 526],
[2024-08-13 11:55:43,167][flwr][INFO] - 	       [ 24,   6,   3,   8,  15,  16,   1,  27,   0, 909]], dtype=int64)),
[2024-08-13 11:55:43,167][flwr][INFO] - 	                      (8,
[2024-08-13 11:55:43,167][flwr][INFO] - 	                       array([[830,  83,   2,   1,   3,   6,  31,   9,  15,   0],
[2024-08-13 11:55:43,167][flwr][INFO] - 	       [  0, 968, 112,   3,   1,   4,   6,   1,  40,   0],
[2024-08-13 11:55:43,167][flwr][INFO] - 	       [  9,  16, 804,  46,  36,   0,  19,  29,  73,   0],
[2024-08-13 11:55:43,167][flwr][INFO] - 	       [  2,  20,  15, 722,  61,  32,  18,  15, 123,   2],
[2024-08-13 11:55:43,167][flwr][INFO] - 	       [  9,   3,   1,   0, 895,   8,  17,  21,  26,   2],
[2024-08-13 11:55:43,167][flwr][INFO] - 	       [ 17,  61,   7,  45,  27, 539,  62,  20, 113,   1],
[2024-08-13 11:55:43,167][flwr][INFO] - 	       [ 11,  14,  21,   0,  20,   5, 833,  53,   1,   0],
[2024-08-13 11:55:43,167][flwr][INFO] - 	       [ 19,  22,  30,   1,  35,   0,   0, 784, 137,   0],
[2024-08-13 11:55:43,167][flwr][INFO] - 	       [ 12,  14,  19,  18,  42,  16,  23,   1, 829,   0],
[2024-08-13 11:55:43,167][flwr][INFO] - 	       [ 86,   6,   4,   2, 236,  24,   1,  81, 172, 397]], dtype=int64)),
[2024-08-13 11:55:43,167][flwr][INFO] - 	                      (9,
[2024-08-13 11:55:43,167][flwr][INFO] - 	                       array([[ 823,   82,    1,    8,    1,   13,   32,   14,    0,    6],
[2024-08-13 11:55:43,168][flwr][INFO] - 	       [   0, 1011,   86,   12,    1,    3,    7,    1,    0,   14],
[2024-08-13 11:55:43,168][flwr][INFO] - 	       [   8,   24,  743,  138,   10,    2,   22,   41,   14,   30],
[2024-08-13 11:55:43,168][flwr][INFO] - 	       [   2,   12,    7,  844,    2,   33,   12,   17,    2,   79],
[2024-08-13 11:55:43,168][flwr][INFO] - 	       [   5,    6,    2,    1,  580,   28,   16,   31,    0,  313],
[2024-08-13 11:55:43,168][flwr][INFO] - 	       [  12,   62,    7,   87,    8,  576,   53,   28,    3,   56],
[2024-08-13 11:55:43,168][flwr][INFO] - 	       [  11,   13,   16,    0,    7,    6,  830,   72,    0,    3],
[2024-08-13 11:55:43,168][flwr][INFO] - 	       [  12,   24,   34,    6,   10,    1,    1,  824,    5,  111],
[2024-08-13 11:55:43,168][flwr][INFO] - 	       [  14,   50,   16,  136,    8,   41,   28,   11,  123,  547],
[2024-08-13 11:55:43,168][flwr][INFO] - 	       [  23,    6,    3,    8,   16,   10,    1,   25,    0,  917]],
[2024-08-13 11:55:43,168][flwr][INFO] - 	      dtype=int64)),
[2024-08-13 11:55:43,168][flwr][INFO] - 	                      (10,
[2024-08-13 11:55:43,168][flwr][INFO] - 	                       array([[822,  86,   2,   1,   3,   9,  29,  10,  18,   0],
[2024-08-13 11:55:43,168][flwr][INFO] - 	       [  0, 988,  86,   5,   1,   4,   6,   1,  44,   0],
[2024-08-13 11:55:43,168][flwr][INFO] - 	       [  8,  18, 797,  51,  36,   0,  19,  29,  74,   0],
[2024-08-13 11:55:43,168][flwr][INFO] - 	       [  2,  19,  13, 727,  64,  34,  16,  15, 119,   1],
[2024-08-13 11:55:43,168][flwr][INFO] - 	       [  9,   3,   1,   0, 890,  12,  16,  21,  28,   2],
[2024-08-13 11:55:43,168][flwr][INFO] - 	       [ 16,  54,   5,  38,  25, 560,  62,  22, 109,   1],
[2024-08-13 11:55:43,169][flwr][INFO] - 	       [ 12,  12,  17,   0,  20,   6, 826,  63,   2,   0],
[2024-08-13 11:55:43,169][flwr][INFO] - 	       [ 18,  21,  30,   1,  36,   0,   1, 786, 135,   0],
[2024-08-13 11:55:43,169][flwr][INFO] - 	       [ 12,  10,  17,  15,  37,  19,  20,   1, 843,   0],
[2024-08-13 11:55:43,169][flwr][INFO] - 	       [ 95,   6,   3,   2, 241,  34,   1,  82, 187, 358]], dtype=int64))],
[2024-08-13 11:55:43,169][flwr][INFO] - 	 'f1': [(0, 0.017493624772313296),
[2024-08-13 11:55:43,169][flwr][INFO] - 	        (1, 0.5684559418261543),
[2024-08-13 11:55:43,169][flwr][INFO] - 	        (2, 0.6778823143404702),
[2024-08-13 11:55:43,169][flwr][INFO] - 	        (3, 0.6583662451884857),
[2024-08-13 11:55:43,169][flwr][INFO] - 	        (4, 0.6774323029274245),
[2024-08-13 11:55:43,169][flwr][INFO] - 	        (5, 0.740118791154871),
[2024-08-13 11:55:43,169][flwr][INFO] - 	        (6, 0.7156837753321753),
[2024-08-13 11:55:43,169][flwr][INFO] - 	        (7, 0.7026270527435006),
[2024-08-13 11:55:43,169][flwr][INFO] - 	        (8, 0.7557105817926604),
[2024-08-13 11:55:43,169][flwr][INFO] - 	        (9, 0.7121238960449475),
[2024-08-13 11:55:43,169][flwr][INFO] - 	        (10, 0.7540151729899388)],
[2024-08-13 11:55:43,169][flwr][INFO] - 	 'precision': [(0, 0.009604000000000001),
[2024-08-13 11:55:43,169][flwr][INFO] - 	               (1, 0.6999159760306399),
[2024-08-13 11:55:43,170][flwr][INFO] - 	               (2, 0.7526324356147097),
[2024-08-13 11:55:43,170][flwr][INFO] - 	               (3, 0.7480925014435184),
[2024-08-13 11:55:43,170][flwr][INFO] - 	               (4, 0.767850598416848),
[2024-08-13 11:55:43,170][flwr][INFO] - 	               (5, 0.77000571986769),
[2024-08-13 11:55:43,170][flwr][INFO] - 	               (6, 0.7853552804411741),
[2024-08-13 11:55:43,170][flwr][INFO] - 	               (7, 0.7685849817733166),
[2024-08-13 11:55:43,170][flwr][INFO] - 	               (8, 0.7931366091128845),
[2024-08-13 11:55:43,171][flwr][INFO] - 	               (9, 0.7758023446581154),
[2024-08-13 11:55:43,171][flwr][INFO] - 	               (10, 0.7939247313135747)],
[2024-08-13 11:55:43,171][flwr][INFO] - 	 'recall': [(0, 0.098),
[2024-08-13 11:55:43,171][flwr][INFO] - 	            (1, 0.603),
[2024-08-13 11:55:43,171][flwr][INFO] - 	            (2, 0.6937),
[2024-08-13 11:55:43,171][flwr][INFO] - 	            (3, 0.6687),
[2024-08-13 11:55:43,171][flwr][INFO] - 	            (4, 0.7109),
[2024-08-13 11:55:43,171][flwr][INFO] - 	            (5, 0.7456),
[2024-08-13 11:55:43,171][flwr][INFO] - 	            (6, 0.7301),
[2024-08-13 11:55:43,171][flwr][INFO] - 	            (7, 0.72),
[2024-08-13 11:55:43,171][flwr][INFO] - 	            (8, 0.7601),
[2024-08-13 11:55:43,172][flwr][INFO] - 	            (9, 0.7271),
[2024-08-13 11:55:43,172][flwr][INFO] - 	            (10, 0.7597)]}
[2024-08-13 11:55:43,172][flwr][INFO] - 
