[2024-08-13 12:34:28,981][flwr][INFO] - Starting Flower simulation, config: num_rounds=10, no round_timeout
[2024-08-13 12:34:33,019][flwr][INFO] - Flower VCE: Ray initialized with resources: {'CPU': 16.0, 'GPU': 1.0, 'node:__internal_head__': 1.0, 'accelerator_type:G': 1.0, 'object_store_memory': 2506651238.0, 'memory': 5013302478.0, 'node:127.0.0.1': 1.0}
[2024-08-13 12:34:33,019][flwr][INFO] - Optimize your simulation with Flower VCE: https://flower.ai/docs/framework/how-to-run-simulations.html
[2024-08-13 12:34:33,019][flwr][INFO] - Flower VCE: Resources for each Virtual Client: {'num_cpus': 2, 'num_gpus': 0.5}
[2024-08-13 12:34:33,031][flwr][INFO] - Flower VCE: Creating VirtualClientEngineActorPool with 2 actors
[2024-08-13 12:34:33,031][flwr][INFO] - [INIT]
[2024-08-13 12:34:33,031][flwr][INFO] - Requesting initial parameters from one random client
[2024-08-13 12:34:40,345][flwr][INFO] - Received initial parameters from one random client
[2024-08-13 12:34:40,345][flwr][INFO] - Evaluating initial global parameters
[2024-08-13 12:34:42,644][flwr][INFO] - initial parameters (loss, other metrics): 2.3025850929940455, {'accuracy': 0.098, 'precision': 0.009604000000000001, 'recall': 0.098, 'f1': 0.017493624772313296, 'confusion_matrix': array([[ 980,    0,    0,    0,    0,    0,    0,    0,    0,    0],
       [1135,    0,    0,    0,    0,    0,    0,    0,    0,    0],
       [1032,    0,    0,    0,    0,    0,    0,    0,    0,    0],
       [1010,    0,    0,    0,    0,    0,    0,    0,    0,    0],
       [ 982,    0,    0,    0,    0,    0,    0,    0,    0,    0],
       [ 892,    0,    0,    0,    0,    0,    0,    0,    0,    0],
       [ 958,    0,    0,    0,    0,    0,    0,    0,    0,    0],
       [1028,    0,    0,    0,    0,    0,    0,    0,    0,    0],
       [ 974,    0,    0,    0,    0,    0,    0,    0,    0,    0],
       [1009,    0,    0,    0,    0,    0,    0,    0,    0,    0]],
      dtype=int64)}
[2024-08-13 12:34:42,645][flwr][INFO] - 
[2024-08-13 12:34:42,645][flwr][INFO] - [ROUND 1]
[2024-08-13 12:34:42,646][flwr][INFO] - configure_fit: strategy sampled 10 clients (out of 10)
[2024-08-13 12:34:51,062][flwr][INFO] - aggregate_fit: received 10 results and 0 failures
[2024-08-13 12:34:51,065][flwr][WARNING] - No fit_metrics_aggregation_fn provided
[2024-08-13 12:34:53,147][flwr][INFO] - fit progress: (1, 1.996502069352594, {'accuracy': 0.2783, 'precision': 0.258520236849429, 'recall': 0.2783, 'f1': 0.2225344979577616, 'confusion_matrix': array([[ 799,  140,    2,    9,    0,    0,    3,    8,    0,   19],
       [   0,    0, 1096,    4,    0,    0,    0,    2,    1,   32],
       [  38,    5,  210,  645,    2,    1,    5,   28,   15,   83],
       [  10,    8,   18,  626,  151,    0,    2,    9,   14,  172],
       [ 119,    0,   10,    0,  100,   26,    2,   40,    2,  683],
       [ 132,   40,   61,  116,   79,    1,   11,   21,   35,  396],
       [  76,   17,   53,   13,    2,    0,  190,  562,    0,   45],
       [  67,    0,   52,    4,    5,    0,    0,   19,  813,   68],
       [  21,    1,   36,   91,    7,    0,    0,    3,    7,  808],
       [ 123,    0,    4,    4,   15,    0,    0,    7,   25,  831]],
      dtype=int64)}, 10.502006900002016)
[2024-08-13 12:34:53,148][flwr][INFO] - configure_evaluate: no clients selected, skipping evaluation
[2024-08-13 12:34:53,148][flwr][INFO] - 
[2024-08-13 12:34:53,148][flwr][INFO] - [ROUND 2]
[2024-08-13 12:34:53,148][flwr][INFO] - configure_fit: strategy sampled 10 clients (out of 10)
[2024-08-13 12:34:59,556][flwr][INFO] - aggregate_fit: received 10 results and 0 failures
[2024-08-13 12:35:01,638][flwr][INFO] - fit progress: (2, 1.642632682596727, {'accuracy': 0.3602, 'precision': 0.35944159435368245, 'recall': 0.3602, 'f1': 0.3384525452384137, 'confusion_matrix': array([[239, 570,   1,   0,   6,   2, 140,  16,   6,   0],
       [  0, 619, 475,   3,   9,   0,  23,   3,   3,   0],
       [  4,  65, 308, 418,  33,  15,  51,  91,  47,   0],
       [  0,  75,   7, 258, 559,   0,  42,  14,  55,   0],
       [  3,   4,   2,   0, 273, 566,  22,  92,  20,   0],
       [  8, 153,  19,   9, 170, 232, 219,  27,  55,   0],
       [  2,  26,   5,   1,   8,   0, 743, 173,   0,   0],
       [ 15,  13,  31,   0,  23,  10,   2, 437, 497,   0],
       [  0,  86,  10,  12, 253,  21,  89,  10, 493,   0],
       [ 35,   8,   1,   1, 238, 306,   5, 181, 234,   0]], dtype=int64)}, 18.992971200001193)
[2024-08-13 12:35:01,639][flwr][INFO] - configure_evaluate: no clients selected, skipping evaluation
[2024-08-13 12:35:01,639][flwr][INFO] - 
[2024-08-13 12:35:01,639][flwr][INFO] - [ROUND 3]
[2024-08-13 12:35:01,639][flwr][INFO] - configure_fit: strategy sampled 10 clients (out of 10)
[2024-08-13 12:35:08,184][flwr][INFO] - aggregate_fit: received 10 results and 0 failures
[2024-08-13 12:35:10,288][flwr][INFO] - fit progress: (3, 1.3817308526873906, {'accuracy': 0.4701, 'precision': 0.47411432626890254, 'recall': 0.4701, 'f1': 0.4452419117382312, 'confusion_matrix': array([[880,  52,   2,   6,   0,   1,  22,  11,   4,   2],
       [  0, 263, 847,   4,   0,   2,   7,   4,   1,   7],
       [ 44,   9, 418, 452,   7,   5,  19,  46,  22,  10],
       [ 16,  13,  15, 791,  49,   4,  20,  17,  33,  52],
       [ 48,   3,   8,   0, 180, 567,   8,  89,   5,  74],
       [142,  81,  34, 119,  34, 260, 117,  32,  36,  37],
       [ 39,  10,  31,   5,   3,   1, 614, 255,   0,   0],
       [ 80,   3,  57,   2,   9,   4,   0, 580, 273,  20],
       [ 52,  27,  49, 179,  10,  11,  29,  13, 124, 480],
       [221,   3,   3,   6,  39,  46,   1,  67,  32, 591]], dtype=int64)}, 27.64360389999638)
[2024-08-13 12:35:10,289][flwr][INFO] - configure_evaluate: no clients selected, skipping evaluation
[2024-08-13 12:35:10,289][flwr][INFO] - 
[2024-08-13 12:35:10,289][flwr][INFO] - [ROUND 4]
[2024-08-13 12:35:10,290][flwr][INFO] - configure_fit: strategy sampled 10 clients (out of 10)
[2024-08-13 12:35:16,796][flwr][INFO] - aggregate_fit: received 10 results and 0 failures
[2024-08-13 12:35:18,897][flwr][INFO] - fit progress: (4, 1.2437340750788295, {'accuracy': 0.5758, 'precision': 0.7176757466243433, 'recall': 0.5758, 'f1': 0.53817279419426, 'confusion_matrix': array([[  41,  657,    2,    0,   40,    7,  196,    9,   28,    0],
       [   0, 1038,   60,    1,   10,    0,   12,    1,   13,    0],
       [   0,   68,  726,   11,   87,    0,   32,   17,   87,    4],
       [   0,  110,   16,  188,  506,    0,   45,    6,  138,    1],
       [   0,    5,    0,    0,  901,    7,   25,   18,   17,    9],
       [   0,  154,    3,    8,  148,  248,  174,    9,  131,   17],
       [   0,   36,   13,    0,   29,    0,  844,   35,    1,    0],
       [   2,   35,   17,    0,   64,    0,    1,  574,  326,    9],
       [   0,   64,    7,    1,  142,    4,   40,    1,  703,   12],
       [   4,   11,    2,    0,  345,    4,    4,   37,  107,  495]],
      dtype=int64)}, 36.251734899997246)
[2024-08-13 12:35:18,898][flwr][INFO] - configure_evaluate: no clients selected, skipping evaluation
[2024-08-13 12:35:18,898][flwr][INFO] - 
[2024-08-13 12:35:18,898][flwr][INFO] - [ROUND 5]
[2024-08-13 12:35:18,898][flwr][INFO] - configure_fit: strategy sampled 10 clients (out of 10)
[2024-08-13 12:35:25,824][flwr][INFO] - aggregate_fit: received 10 results and 0 failures
[2024-08-13 12:35:27,938][flwr][INFO] - fit progress: (5, 1.2179183245879794, {'accuracy': 0.5736, 'precision': 0.6262340223341126, 'recall': 0.5736, 'f1': 0.5334888704395816, 'confusion_matrix': array([[860,  38,   2,  16,   0,  22,  10,  27,   0,   5],
       [  0, 503, 606,   7,   0,   3,   2,   5,   0,   9],
       [ 14,   5, 627, 266,   3,   9,  13,  46,  14,  35],
       [  4,   4,  11, 839,   2,  35,   2,  21,   2,  90],
       [ 12,   3,   4,   1, 111, 588,   5,  80,   1, 177],
       [ 20,  42,  26, 119,   1, 562,  35,  37,   4,  46],
       [ 20,   8,  47,   3,   1,  14, 542, 319,   0,   4],
       [ 20,   6,  53,   6,   2,  12,   0, 827,  18,  84],
       [ 11,   6,  47, 152,   0,  45,  12,  14,  21, 666],
       [ 42,   3,   2,   7,   5,  47,   0,  58,   1, 844]], dtype=int64)}, 45.293002300008084)
[2024-08-13 12:35:27,939][flwr][INFO] - configure_evaluate: no clients selected, skipping evaluation
[2024-08-13 12:35:27,939][flwr][INFO] - 
[2024-08-13 12:35:27,939][flwr][INFO] - [ROUND 6]
[2024-08-13 12:35:27,939][flwr][INFO] - configure_fit: strategy sampled 10 clients (out of 10)
[2024-08-13 12:35:34,405][flwr][INFO] - aggregate_fit: received 10 results and 0 failures
[2024-08-13 12:35:36,501][flwr][INFO] - fit progress: (6, 1.2425210220711709, {'accuracy': 0.5703, 'precision': 0.6450633506634261, 'recall': 0.5703, 'f1': 0.5577097580478231, 'confusion_matrix': array([[466, 395,   1,   1,   7,   6,  71,  15,  18,   0],
       [  0, 848, 242,   3,   3,   0,  14,   1,  24,   0],
       [  1,  34, 685, 129,  48,   1,  21,  28,  84,   1],
       [  0,  38,  13, 442, 346,   2,  32,   9, 127,   1],
       [ 11,   4,   1,   0, 812,  60,  23,  35,  32,   4],
       [ 19,  98,  10,  20, 108, 314, 175,  17, 128,   3],
       [  5,  23,  23,   0,  19,   0, 788,  99,   1,   0],
       [ 38,  18,  30,   0,  38,   0,   2, 331, 571,   0],
       [  4,  30,  17,  13, 108,   8,  41,   2, 750,   1],
       [139,   5,   3,   0, 286,  19,   1,  35, 254, 267]], dtype=int64)}, 53.85655290000432)
[2024-08-13 12:35:36,502][flwr][INFO] - configure_evaluate: no clients selected, skipping evaluation
[2024-08-13 12:35:36,502][flwr][INFO] - 
[2024-08-13 12:35:36,502][flwr][INFO] - [ROUND 7]
[2024-08-13 12:35:36,503][flwr][INFO] - configure_fit: strategy sampled 10 clients (out of 10)
[2024-08-13 12:35:43,039][flwr][INFO] - aggregate_fit: received 10 results and 0 failures
[2024-08-13 12:35:45,131][flwr][INFO] - fit progress: (7, 1.2984457306630328, {'accuracy': 0.5487, 'precision': 0.56808885401283, 'recall': 0.5487, 'f1': 0.5099091695348588, 'confusion_matrix': array([[779, 123,   2,   8,   0,  14,  17,  29,   0,   8],
       [  0, 602, 495,   6,   0,   3,   4,   4,   0,  21],
       [ 11,  12, 511, 371,   7,   7,  14,  50,   1,  48],
       [  5,  12,   8, 805,   6,  29,  10,  23,   0, 112],
       [ 14,   3,   2,   2, 139, 491,   6,  65,   0, 260],
       [ 29,  53,  16,  88,   4, 503,  62,  41,   1,  95],
       [ 20,  11,  30,   2,   2,   5, 478, 405,   0,   5],
       [ 37,  10,  39,   9,   3,  12,   0, 794,   4, 120],
       [ 11,  13,  26, 107,   2,  25,  19,  13,   1, 757],
       [ 55,   3,   2,   8,   9,  24,   0,  33,   0, 875]], dtype=int64)}, 62.48536829999648)
[2024-08-13 12:35:45,132][flwr][INFO] - configure_evaluate: no clients selected, skipping evaluation
[2024-08-13 12:35:45,132][flwr][INFO] - 
[2024-08-13 12:35:45,132][flwr][INFO] - [ROUND 8]
[2024-08-13 12:35:45,132][flwr][INFO] - configure_fit: strategy sampled 10 clients (out of 10)
[2024-08-13 12:35:51,697][flwr][INFO] - aggregate_fit: received 10 results and 0 failures
[2024-08-13 12:35:53,803][flwr][INFO] - fit progress: (8, 1.2727324307147219, {'accuracy': 0.5334, 'precision': 0.5945118972122451, 'recall': 0.5334, 'f1': 0.513350668737039, 'confusion_matrix': array([[448, 425,   1,   1,   8,   9,  67,  12,   9,   0],
       [  0, 741, 356,   3,   3,   0,  18,   1,  13,   0],
       [  6,  31, 687, 151,  40,   2,  19,  29,  67,   0],
       [  1,  33,  16, 424, 372,   4,  38,  10, 111,   1],
       [ 15,   4,   1,   0, 721, 161,  21,  33,  25,   1],
       [ 21,  78,  12,  22,  79, 381, 183,  20,  96,   0],
       [  6,  23,  19,   0,  16,   1, 759, 133,   1,   0],
       [ 55,  15,  36,   1,  32,   0,   2, 318, 569,   0],
       [  8,  26,  26,  18, 104,  15,  53,   3, 721,   0],
       [304,   5,   3,   2, 240,  56,   1,  41, 223, 134]], dtype=int64)}, 71.15800930000842)
[2024-08-13 12:35:53,804][flwr][INFO] - configure_evaluate: no clients selected, skipping evaluation
[2024-08-13 12:35:53,804][flwr][INFO] - 
[2024-08-13 12:35:53,804][flwr][INFO] - [ROUND 9]
[2024-08-13 12:35:53,804][flwr][INFO] - configure_fit: strategy sampled 10 clients (out of 10)
[2024-08-13 12:36:00,653][flwr][INFO] - aggregate_fit: received 10 results and 0 failures
[2024-08-13 12:36:02,909][flwr][INFO] - fit progress: (9, 1.2425303844767186, {'accuracy': 0.5702, 'precision': 0.5630232135759295, 'recall': 0.5702, 'f1': 0.5400126927263452, 'confusion_matrix': array([[751, 146,   1,   7,   1,  11,  26,  29,   0,   8],
       [  0, 701, 395,   5,   1,   2,   9,   3,   0,  19],
       [  7,  15, 532, 349,  10,   6,  16,  46,  10,  41],
       [  5,  16,   7, 778,  29,  24,  16,  22,   1, 112],
       [ 16,   3,   2,   2, 283, 348,   7,  58,   0, 263],
       [ 29,  63,  13,  73,  10, 453,  97,  37,   5, 112],
       [ 15,  15,  24,   2,   3,   2, 527, 365,   0,   5],
       [ 38,  15,  39,  11,   7,   6,   0, 795,  11, 106],
       [  9,  20,  25,  93,   6,  23,  25,  14,   1, 758],
       [ 53,   4,   3,   6,  16,  17,   0,  29,   0, 881]], dtype=int64)}, 80.26434550000704)
[2024-08-13 12:36:02,910][flwr][INFO] - configure_evaluate: no clients selected, skipping evaluation
[2024-08-13 12:36:02,910][flwr][INFO] - 
[2024-08-13 12:36:02,910][flwr][INFO] - [ROUND 10]
[2024-08-13 12:36:02,911][flwr][INFO] - configure_fit: strategy sampled 10 clients (out of 10)
[2024-08-13 12:36:09,460][flwr][INFO] - aggregate_fit: received 10 results and 0 failures
[2024-08-13 12:36:11,551][flwr][INFO] - fit progress: (10, 1.2721675035657871, {'accuracy': 0.5208, 'precision': 0.5887646838698193, 'recall': 0.5208, 'f1': 0.4936931013382392, 'confusion_matrix': array([[430, 443,   1,   1,   6,  11,  56,  14,  18,   0],
       [  0, 726, 366,   3,   5,   2,  10,   1,  22,   0],
       [  4,  26, 711, 122,  40,   2,  19,  26,  82,   0],
       [  1,  30,  17, 401, 382,   5,  33,  13, 127,   1],
       [ 14,   4,   1,   0, 719, 165,  16,  29,  33,   1],
       [ 19,  69,  10,  20,  69, 410, 164,  18, 113,   0],
       [  6,  22,  22,   0,  17,   1, 735, 154,   1,   0],
       [ 49,  15,  35,   1,  32,   1,   1, 231, 663,   0],
       [  7,  21,  25,   9,  81,  17,  39,   1, 774,   0],
       [297,   5,   3,   1, 236,  64,   0,  35, 297,  71]], dtype=int64)}, 88.90524890000233)
[2024-08-13 12:36:11,552][flwr][INFO] - configure_evaluate: no clients selected, skipping evaluation
[2024-08-13 12:36:11,552][flwr][INFO] - 
[2024-08-13 12:36:11,552][flwr][INFO] - [SUMMARY]
[2024-08-13 12:36:11,552][flwr][INFO] - Run finished 10 round(s) in 88.91s
[2024-08-13 12:36:11,560][flwr][INFO] - 	History (loss, centralized):
[2024-08-13 12:36:11,560][flwr][INFO] - 		round 0: 2.3025850929940455
[2024-08-13 12:36:11,560][flwr][INFO] - 		round 1: 1.996502069352594
[2024-08-13 12:36:11,560][flwr][INFO] - 		round 2: 1.642632682596727
[2024-08-13 12:36:11,560][flwr][INFO] - 		round 3: 1.3817308526873906
[2024-08-13 12:36:11,560][flwr][INFO] - 		round 4: 1.2437340750788295
[2024-08-13 12:36:11,560][flwr][INFO] - 		round 5: 1.2179183245879794
[2024-08-13 12:36:11,561][flwr][INFO] - 		round 6: 1.2425210220711709
[2024-08-13 12:36:11,561][flwr][INFO] - 		round 7: 1.2984457306630328
[2024-08-13 12:36:11,561][flwr][INFO] - 		round 8: 1.2727324307147219
[2024-08-13 12:36:11,561][flwr][INFO] - 		round 9: 1.2425303844767186
[2024-08-13 12:36:11,561][flwr][INFO] - 		round 10: 1.2721675035657871
[2024-08-13 12:36:11,561][flwr][INFO] - 	History (metrics, centralized):
[2024-08-13 12:36:11,561][flwr][INFO] - 	{'accuracy': [(0, 0.098),
[2024-08-13 12:36:11,561][flwr][INFO] - 	              (1, 0.2783),
[2024-08-13 12:36:11,561][flwr][INFO] - 	              (2, 0.3602),
[2024-08-13 12:36:11,561][flwr][INFO] - 	              (3, 0.4701),
[2024-08-13 12:36:11,561][flwr][INFO] - 	              (4, 0.5758),
[2024-08-13 12:36:11,561][flwr][INFO] - 	              (5, 0.5736),
[2024-08-13 12:36:11,561][flwr][INFO] - 	              (6, 0.5703),
[2024-08-13 12:36:11,561][flwr][INFO] - 	              (7, 0.5487),
[2024-08-13 12:36:11,561][flwr][INFO] - 	              (8, 0.5334),
[2024-08-13 12:36:11,561][flwr][INFO] - 	              (9, 0.5702),
[2024-08-13 12:36:11,561][flwr][INFO] - 	              (10, 0.5208)],
[2024-08-13 12:36:11,562][flwr][INFO] - 	 'confusion_matrix': [(0,
[2024-08-13 12:36:11,562][flwr][INFO] - 	                       array([[ 980,    0,    0,    0,    0,    0,    0,    0,    0,    0],
[2024-08-13 12:36:11,562][flwr][INFO] - 	       [1135,    0,    0,    0,    0,    0,    0,    0,    0,    0],
[2024-08-13 12:36:11,562][flwr][INFO] - 	       [1032,    0,    0,    0,    0,    0,    0,    0,    0,    0],
[2024-08-13 12:36:11,562][flwr][INFO] - 	       [1010,    0,    0,    0,    0,    0,    0,    0,    0,    0],
[2024-08-13 12:36:11,562][flwr][INFO] - 	       [ 982,    0,    0,    0,    0,    0,    0,    0,    0,    0],
[2024-08-13 12:36:11,562][flwr][INFO] - 	       [ 892,    0,    0,    0,    0,    0,    0,    0,    0,    0],
[2024-08-13 12:36:11,562][flwr][INFO] - 	       [ 958,    0,    0,    0,    0,    0,    0,    0,    0,    0],
[2024-08-13 12:36:11,562][flwr][INFO] - 	       [1028,    0,    0,    0,    0,    0,    0,    0,    0,    0],
[2024-08-13 12:36:11,562][flwr][INFO] - 	       [ 974,    0,    0,    0,    0,    0,    0,    0,    0,    0],
[2024-08-13 12:36:11,562][flwr][INFO] - 	       [1009,    0,    0,    0,    0,    0,    0,    0,    0,    0]],
[2024-08-13 12:36:11,562][flwr][INFO] - 	      dtype=int64)),
[2024-08-13 12:36:11,562][flwr][INFO] - 	                      (1,
[2024-08-13 12:36:11,562][flwr][INFO] - 	                       array([[ 799,  140,    2,    9,    0,    0,    3,    8,    0,   19],
[2024-08-13 12:36:11,562][flwr][INFO] - 	       [   0,    0, 1096,    4,    0,    0,    0,    2,    1,   32],
[2024-08-13 12:36:11,562][flwr][INFO] - 	       [  38,    5,  210,  645,    2,    1,    5,   28,   15,   83],
[2024-08-13 12:36:11,563][flwr][INFO] - 	       [  10,    8,   18,  626,  151,    0,    2,    9,   14,  172],
[2024-08-13 12:36:11,563][flwr][INFO] - 	       [ 119,    0,   10,    0,  100,   26,    2,   40,    2,  683],
[2024-08-13 12:36:11,563][flwr][INFO] - 	       [ 132,   40,   61,  116,   79,    1,   11,   21,   35,  396],
[2024-08-13 12:36:11,563][flwr][INFO] - 	       [  76,   17,   53,   13,    2,    0,  190,  562,    0,   45],
[2024-08-13 12:36:11,563][flwr][INFO] - 	       [  67,    0,   52,    4,    5,    0,    0,   19,  813,   68],
[2024-08-13 12:36:11,563][flwr][INFO] - 	       [  21,    1,   36,   91,    7,    0,    0,    3,    7,  808],
[2024-08-13 12:36:11,563][flwr][INFO] - 	       [ 123,    0,    4,    4,   15,    0,    0,    7,   25,  831]],
[2024-08-13 12:36:11,563][flwr][INFO] - 	      dtype=int64)),
[2024-08-13 12:36:11,563][flwr][INFO] - 	                      (2,
[2024-08-13 12:36:11,563][flwr][INFO] - 	                       array([[239, 570,   1,   0,   6,   2, 140,  16,   6,   0],
[2024-08-13 12:36:11,563][flwr][INFO] - 	       [  0, 619, 475,   3,   9,   0,  23,   3,   3,   0],
[2024-08-13 12:36:11,563][flwr][INFO] - 	       [  4,  65, 308, 418,  33,  15,  51,  91,  47,   0],
[2024-08-13 12:36:11,563][flwr][INFO] - 	       [  0,  75,   7, 258, 559,   0,  42,  14,  55,   0],
[2024-08-13 12:36:11,563][flwr][INFO] - 	       [  3,   4,   2,   0, 273, 566,  22,  92,  20,   0],
[2024-08-13 12:36:11,563][flwr][INFO] - 	       [  8, 153,  19,   9, 170, 232, 219,  27,  55,   0],
[2024-08-13 12:36:11,563][flwr][INFO] - 	       [  2,  26,   5,   1,   8,   0, 743, 173,   0,   0],
[2024-08-13 12:36:11,563][flwr][INFO] - 	       [ 15,  13,  31,   0,  23,  10,   2, 437, 497,   0],
[2024-08-13 12:36:11,564][flwr][INFO] - 	       [  0,  86,  10,  12, 253,  21,  89,  10, 493,   0],
[2024-08-13 12:36:11,564][flwr][INFO] - 	       [ 35,   8,   1,   1, 238, 306,   5, 181, 234,   0]], dtype=int64)),
[2024-08-13 12:36:11,564][flwr][INFO] - 	                      (3,
[2024-08-13 12:36:11,564][flwr][INFO] - 	                       array([[880,  52,   2,   6,   0,   1,  22,  11,   4,   2],
[2024-08-13 12:36:11,564][flwr][INFO] - 	       [  0, 263, 847,   4,   0,   2,   7,   4,   1,   7],
[2024-08-13 12:36:11,564][flwr][INFO] - 	       [ 44,   9, 418, 452,   7,   5,  19,  46,  22,  10],
[2024-08-13 12:36:11,564][flwr][INFO] - 	       [ 16,  13,  15, 791,  49,   4,  20,  17,  33,  52],
[2024-08-13 12:36:11,564][flwr][INFO] - 	       [ 48,   3,   8,   0, 180, 567,   8,  89,   5,  74],
[2024-08-13 12:36:11,564][flwr][INFO] - 	       [142,  81,  34, 119,  34, 260, 117,  32,  36,  37],
[2024-08-13 12:36:11,564][flwr][INFO] - 	       [ 39,  10,  31,   5,   3,   1, 614, 255,   0,   0],
[2024-08-13 12:36:11,564][flwr][INFO] - 	       [ 80,   3,  57,   2,   9,   4,   0, 580, 273,  20],
[2024-08-13 12:36:11,564][flwr][INFO] - 	       [ 52,  27,  49, 179,  10,  11,  29,  13, 124, 480],
[2024-08-13 12:36:11,564][flwr][INFO] - 	       [221,   3,   3,   6,  39,  46,   1,  67,  32, 591]], dtype=int64)),
[2024-08-13 12:36:11,564][flwr][INFO] - 	                      (4,
[2024-08-13 12:36:11,564][flwr][INFO] - 	                       array([[  41,  657,    2,    0,   40,    7,  196,    9,   28,    0],
[2024-08-13 12:36:11,564][flwr][INFO] - 	       [   0, 1038,   60,    1,   10,    0,   12,    1,   13,    0],
[2024-08-13 12:36:11,564][flwr][INFO] - 	       [   0,   68,  726,   11,   87,    0,   32,   17,   87,    4],
[2024-08-13 12:36:11,565][flwr][INFO] - 	       [   0,  110,   16,  188,  506,    0,   45,    6,  138,    1],
[2024-08-13 12:36:11,565][flwr][INFO] - 	       [   0,    5,    0,    0,  901,    7,   25,   18,   17,    9],
[2024-08-13 12:36:11,565][flwr][INFO] - 	       [   0,  154,    3,    8,  148,  248,  174,    9,  131,   17],
[2024-08-13 12:36:11,565][flwr][INFO] - 	       [   0,   36,   13,    0,   29,    0,  844,   35,    1,    0],
[2024-08-13 12:36:11,565][flwr][INFO] - 	       [   2,   35,   17,    0,   64,    0,    1,  574,  326,    9],
[2024-08-13 12:36:11,565][flwr][INFO] - 	       [   0,   64,    7,    1,  142,    4,   40,    1,  703,   12],
[2024-08-13 12:36:11,565][flwr][INFO] - 	       [   4,   11,    2,    0,  345,    4,    4,   37,  107,  495]],
[2024-08-13 12:36:11,565][flwr][INFO] - 	      dtype=int64)),
[2024-08-13 12:36:11,565][flwr][INFO] - 	                      (5,
[2024-08-13 12:36:11,565][flwr][INFO] - 	                       array([[860,  38,   2,  16,   0,  22,  10,  27,   0,   5],
[2024-08-13 12:36:11,565][flwr][INFO] - 	       [  0, 503, 606,   7,   0,   3,   2,   5,   0,   9],
[2024-08-13 12:36:11,565][flwr][INFO] - 	       [ 14,   5, 627, 266,   3,   9,  13,  46,  14,  35],
[2024-08-13 12:36:11,565][flwr][INFO] - 	       [  4,   4,  11, 839,   2,  35,   2,  21,   2,  90],
[2024-08-13 12:36:11,565][flwr][INFO] - 	       [ 12,   3,   4,   1, 111, 588,   5,  80,   1, 177],
[2024-08-13 12:36:11,565][flwr][INFO] - 	       [ 20,  42,  26, 119,   1, 562,  35,  37,   4,  46],
[2024-08-13 12:36:11,565][flwr][INFO] - 	       [ 20,   8,  47,   3,   1,  14, 542, 319,   0,   4],
[2024-08-13 12:36:11,565][flwr][INFO] - 	       [ 20,   6,  53,   6,   2,  12,   0, 827,  18,  84],
[2024-08-13 12:36:11,566][flwr][INFO] - 	       [ 11,   6,  47, 152,   0,  45,  12,  14,  21, 666],
[2024-08-13 12:36:11,566][flwr][INFO] - 	       [ 42,   3,   2,   7,   5,  47,   0,  58,   1, 844]], dtype=int64)),
[2024-08-13 12:36:11,566][flwr][INFO] - 	                      (6,
[2024-08-13 12:36:11,566][flwr][INFO] - 	                       array([[466, 395,   1,   1,   7,   6,  71,  15,  18,   0],
[2024-08-13 12:36:11,566][flwr][INFO] - 	       [  0, 848, 242,   3,   3,   0,  14,   1,  24,   0],
[2024-08-13 12:36:11,566][flwr][INFO] - 	       [  1,  34, 685, 129,  48,   1,  21,  28,  84,   1],
[2024-08-13 12:36:11,566][flwr][INFO] - 	       [  0,  38,  13, 442, 346,   2,  32,   9, 127,   1],
[2024-08-13 12:36:11,566][flwr][INFO] - 	       [ 11,   4,   1,   0, 812,  60,  23,  35,  32,   4],
[2024-08-13 12:36:11,566][flwr][INFO] - 	       [ 19,  98,  10,  20, 108, 314, 175,  17, 128,   3],
[2024-08-13 12:36:11,566][flwr][INFO] - 	       [  5,  23,  23,   0,  19,   0, 788,  99,   1,   0],
[2024-08-13 12:36:11,566][flwr][INFO] - 	       [ 38,  18,  30,   0,  38,   0,   2, 331, 571,   0],
[2024-08-13 12:36:11,566][flwr][INFO] - 	       [  4,  30,  17,  13, 108,   8,  41,   2, 750,   1],
[2024-08-13 12:36:11,566][flwr][INFO] - 	       [139,   5,   3,   0, 286,  19,   1,  35, 254, 267]], dtype=int64)),
[2024-08-13 12:36:11,566][flwr][INFO] - 	                      (7,
[2024-08-13 12:36:11,566][flwr][INFO] - 	                       array([[779, 123,   2,   8,   0,  14,  17,  29,   0,   8],
[2024-08-13 12:36:11,566][flwr][INFO] - 	       [  0, 602, 495,   6,   0,   3,   4,   4,   0,  21],
[2024-08-13 12:36:11,566][flwr][INFO] - 	       [ 11,  12, 511, 371,   7,   7,  14,  50,   1,  48],
[2024-08-13 12:36:11,567][flwr][INFO] - 	       [  5,  12,   8, 805,   6,  29,  10,  23,   0, 112],
[2024-08-13 12:36:11,567][flwr][INFO] - 	       [ 14,   3,   2,   2, 139, 491,   6,  65,   0, 260],
[2024-08-13 12:36:11,567][flwr][INFO] - 	       [ 29,  53,  16,  88,   4, 503,  62,  41,   1,  95],
[2024-08-13 12:36:11,567][flwr][INFO] - 	       [ 20,  11,  30,   2,   2,   5, 478, 405,   0,   5],
[2024-08-13 12:36:11,567][flwr][INFO] - 	       [ 37,  10,  39,   9,   3,  12,   0, 794,   4, 120],
[2024-08-13 12:36:11,567][flwr][INFO] - 	       [ 11,  13,  26, 107,   2,  25,  19,  13,   1, 757],
[2024-08-13 12:36:11,567][flwr][INFO] - 	       [ 55,   3,   2,   8,   9,  24,   0,  33,   0, 875]], dtype=int64)),
[2024-08-13 12:36:11,567][flwr][INFO] - 	                      (8,
[2024-08-13 12:36:11,567][flwr][INFO] - 	                       array([[448, 425,   1,   1,   8,   9,  67,  12,   9,   0],
[2024-08-13 12:36:11,567][flwr][INFO] - 	       [  0, 741, 356,   3,   3,   0,  18,   1,  13,   0],
[2024-08-13 12:36:11,567][flwr][INFO] - 	       [  6,  31, 687, 151,  40,   2,  19,  29,  67,   0],
[2024-08-13 12:36:11,567][flwr][INFO] - 	       [  1,  33,  16, 424, 372,   4,  38,  10, 111,   1],
[2024-08-13 12:36:11,567][flwr][INFO] - 	       [ 15,   4,   1,   0, 721, 161,  21,  33,  25,   1],
[2024-08-13 12:36:11,567][flwr][INFO] - 	       [ 21,  78,  12,  22,  79, 381, 183,  20,  96,   0],
[2024-08-13 12:36:11,567][flwr][INFO] - 	       [  6,  23,  19,   0,  16,   1, 759, 133,   1,   0],
[2024-08-13 12:36:11,567][flwr][INFO] - 	       [ 55,  15,  36,   1,  32,   0,   2, 318, 569,   0],
[2024-08-13 12:36:11,568][flwr][INFO] - 	       [  8,  26,  26,  18, 104,  15,  53,   3, 721,   0],
[2024-08-13 12:36:11,568][flwr][INFO] - 	       [304,   5,   3,   2, 240,  56,   1,  41, 223, 134]], dtype=int64)),
[2024-08-13 12:36:11,568][flwr][INFO] - 	                      (9,
[2024-08-13 12:36:11,568][flwr][INFO] - 	                       array([[751, 146,   1,   7,   1,  11,  26,  29,   0,   8],
[2024-08-13 12:36:11,568][flwr][INFO] - 	       [  0, 701, 395,   5,   1,   2,   9,   3,   0,  19],
[2024-08-13 12:36:11,568][flwr][INFO] - 	       [  7,  15, 532, 349,  10,   6,  16,  46,  10,  41],
[2024-08-13 12:36:11,568][flwr][INFO] - 	       [  5,  16,   7, 778,  29,  24,  16,  22,   1, 112],
[2024-08-13 12:36:11,568][flwr][INFO] - 	       [ 16,   3,   2,   2, 283, 348,   7,  58,   0, 263],
[2024-08-13 12:36:11,568][flwr][INFO] - 	       [ 29,  63,  13,  73,  10, 453,  97,  37,   5, 112],
[2024-08-13 12:36:11,568][flwr][INFO] - 	       [ 15,  15,  24,   2,   3,   2, 527, 365,   0,   5],
[2024-08-13 12:36:11,568][flwr][INFO] - 	       [ 38,  15,  39,  11,   7,   6,   0, 795,  11, 106],
[2024-08-13 12:36:11,568][flwr][INFO] - 	       [  9,  20,  25,  93,   6,  23,  25,  14,   1, 758],
[2024-08-13 12:36:11,568][flwr][INFO] - 	       [ 53,   4,   3,   6,  16,  17,   0,  29,   0, 881]], dtype=int64)),
[2024-08-13 12:36:11,568][flwr][INFO] - 	                      (10,
[2024-08-13 12:36:11,568][flwr][INFO] - 	                       array([[430, 443,   1,   1,   6,  11,  56,  14,  18,   0],
[2024-08-13 12:36:11,568][flwr][INFO] - 	       [  0, 726, 366,   3,   5,   2,  10,   1,  22,   0],
[2024-08-13 12:36:11,568][flwr][INFO] - 	       [  4,  26, 711, 122,  40,   2,  19,  26,  82,   0],
[2024-08-13 12:36:11,569][flwr][INFO] - 	       [  1,  30,  17, 401, 382,   5,  33,  13, 127,   1],
[2024-08-13 12:36:11,569][flwr][INFO] - 	       [ 14,   4,   1,   0, 719, 165,  16,  29,  33,   1],
[2024-08-13 12:36:11,569][flwr][INFO] - 	       [ 19,  69,  10,  20,  69, 410, 164,  18, 113,   0],
[2024-08-13 12:36:11,569][flwr][INFO] - 	       [  6,  22,  22,   0,  17,   1, 735, 154,   1,   0],
[2024-08-13 12:36:11,569][flwr][INFO] - 	       [ 49,  15,  35,   1,  32,   1,   1, 231, 663,   0],
[2024-08-13 12:36:11,569][flwr][INFO] - 	       [  7,  21,  25,   9,  81,  17,  39,   1, 774,   0],
[2024-08-13 12:36:11,569][flwr][INFO] - 	       [297,   5,   3,   1, 236,  64,   0,  35, 297,  71]], dtype=int64))],
[2024-08-13 12:36:11,569][flwr][INFO] - 	 'f1': [(0, 0.017493624772313296),
[2024-08-13 12:36:11,569][flwr][INFO] - 	        (1, 0.2225344979577616),
[2024-08-13 12:36:11,569][flwr][INFO] - 	        (2, 0.3384525452384137),
[2024-08-13 12:36:11,569][flwr][INFO] - 	        (3, 0.4452419117382312),
[2024-08-13 12:36:11,569][flwr][INFO] - 	        (4, 0.53817279419426),
[2024-08-13 12:36:11,569][flwr][INFO] - 	        (5, 0.5334888704395816),
[2024-08-13 12:36:11,569][flwr][INFO] - 	        (6, 0.5577097580478231),
[2024-08-13 12:36:11,569][flwr][INFO] - 	        (7, 0.5099091695348588),
[2024-08-13 12:36:11,569][flwr][INFO] - 	        (8, 0.513350668737039),
[2024-08-13 12:36:11,569][flwr][INFO] - 	        (9, 0.5400126927263452),
[2024-08-13 12:36:11,569][flwr][INFO] - 	        (10, 0.4936931013382392)],
[2024-08-13 12:36:11,570][flwr][INFO] - 	 'precision': [(0, 0.009604000000000001),
[2024-08-13 12:36:11,570][flwr][INFO] - 	               (1, 0.258520236849429),
[2024-08-13 12:36:11,570][flwr][INFO] - 	               (2, 0.35944159435368245),
[2024-08-13 12:36:11,570][flwr][INFO] - 	               (3, 0.47411432626890254),
[2024-08-13 12:36:11,570][flwr][INFO] - 	               (4, 0.7176757466243433),
[2024-08-13 12:36:11,570][flwr][INFO] - 	               (5, 0.6262340223341126),
[2024-08-13 12:36:11,570][flwr][INFO] - 	               (6, 0.6450633506634261),
[2024-08-13 12:36:11,570][flwr][INFO] - 	               (7, 0.56808885401283),
[2024-08-13 12:36:11,570][flwr][INFO] - 	               (8, 0.5945118972122451),
[2024-08-13 12:36:11,570][flwr][INFO] - 	               (9, 0.5630232135759295),
[2024-08-13 12:36:11,570][flwr][INFO] - 	               (10, 0.5887646838698193)],
[2024-08-13 12:36:11,570][flwr][INFO] - 	 'recall': [(0, 0.098),
[2024-08-13 12:36:11,570][flwr][INFO] - 	            (1, 0.2783),
[2024-08-13 12:36:11,570][flwr][INFO] - 	            (2, 0.3602),
[2024-08-13 12:36:11,570][flwr][INFO] - 	            (3, 0.4701),
[2024-08-13 12:36:11,570][flwr][INFO] - 	            (4, 0.5758),
[2024-08-13 12:36:11,570][flwr][INFO] - 	            (5, 0.5736),
[2024-08-13 12:36:11,571][flwr][INFO] - 	            (6, 0.5703),
[2024-08-13 12:36:11,571][flwr][INFO] - 	            (7, 0.5487),
[2024-08-13 12:36:11,571][flwr][INFO] - 	            (8, 0.5334),
[2024-08-13 12:36:11,571][flwr][INFO] - 	            (9, 0.5702),
[2024-08-13 12:36:11,571][flwr][INFO] - 	            (10, 0.5208)]}
[2024-08-13 12:36:11,571][flwr][INFO] - 
