[2024-08-13 14:25:48,718][flwr][INFO] - Starting Flower simulation, config: num_rounds=10, no round_timeout
[2024-08-13 14:25:52,798][flwr][INFO] - Flower VCE: Ray initialized with resources: {'CPU': 16.0, 'GPU': 1.0, 'object_store_memory': 2346736435.0, 'memory': 4693472871.0, 'node:127.0.0.1': 1.0, 'accelerator_type:G': 1.0, 'node:__internal_head__': 1.0}
[2024-08-13 14:25:52,799][flwr][INFO] - Optimize your simulation with Flower VCE: https://flower.ai/docs/framework/how-to-run-simulations.html
[2024-08-13 14:25:52,799][flwr][INFO] - Flower VCE: Resources for each Virtual Client: {'num_cpus': 2, 'num_gpus': 0.5}
[2024-08-13 14:25:52,810][flwr][INFO] - Flower VCE: Creating VirtualClientEngineActorPool with 2 actors
[2024-08-13 14:25:52,812][flwr][INFO] - [INIT]
[2024-08-13 14:25:52,813][flwr][INFO] - Requesting initial parameters from one random client
[2024-08-13 14:26:00,201][flwr][INFO] - Received initial parameters from one random client
[2024-08-13 14:26:00,201][flwr][INFO] - Evaluating initial global parameters
[2024-08-13 14:26:02,435][flwr][INFO] - initial parameters (loss, other metrics): 2.3025850929940455, {'accuracy': 0.098, 'precision': 0.009604000000000001, 'recall': 0.098, 'f1': 0.017493624772313296, 'confusion_matrix': array([[ 980,    0,    0,    0,    0,    0,    0,    0,    0,    0],
       [1135,    0,    0,    0,    0,    0,    0,    0,    0,    0],
       [1032,    0,    0,    0,    0,    0,    0,    0,    0,    0],
       [1010,    0,    0,    0,    0,    0,    0,    0,    0,    0],
       [ 982,    0,    0,    0,    0,    0,    0,    0,    0,    0],
       [ 892,    0,    0,    0,    0,    0,    0,    0,    0,    0],
       [ 958,    0,    0,    0,    0,    0,    0,    0,    0,    0],
       [1028,    0,    0,    0,    0,    0,    0,    0,    0,    0],
       [ 974,    0,    0,    0,    0,    0,    0,    0,    0,    0],
       [1009,    0,    0,    0,    0,    0,    0,    0,    0,    0]],
      dtype=int64)}
[2024-08-13 14:26:02,436][flwr][INFO] - 
[2024-08-13 14:26:02,436][flwr][INFO] - [ROUND 1]
[2024-08-13 14:26:02,436][flwr][INFO] - configure_fit: strategy sampled 10 clients (out of 100)
[2024-08-13 14:26:05,962][flwr][INFO] - aggregate_fit: received 10 results and 0 failures
[2024-08-13 14:26:05,965][flwr][WARNING] - No fit_metrics_aggregation_fn provided
[2024-08-13 14:26:08,102][flwr][INFO] - fit progress: (1, 1.0232345265734724, {'accuracy': 0.7074, 'precision': 0.6932126250185145, 'recall': 0.7074, 'f1': 0.678381556612786, 'confusion_matrix': array([[ 961,    0,    1,    9,    0,    0,    3,    1,    5,    0],
       [   0, 1075,    1,   22,    0,    0,    3,    0,   34,    0],
       [ 100,   33,  643,  176,    8,    0,   18,   12,   36,    6],
       [  27,    8,    7,  928,    0,    0,    2,    8,   23,    7],
       [  53,   17,    4,    5,  546,    0,   18,    5,   48,  286],
       [ 247,   69,    4,  361,    4,    0,    6,   19,  129,   53],
       [ 169,   22,   17,   20,    4,    0,  711,    1,   14,    0],
       [  33,   54,   17,   13,    2,    0,    1,  821,   45,   42],
       [  56,   16,    2,  273,    1,    0,    7,    8,  582,   29],
       [  67,   19,    5,   23,   14,    0,    1,   35,   38,  807]],
      dtype=int64)}, 5.665998900003615)
[2024-08-13 14:26:08,102][flwr][INFO] - configure_evaluate: no clients selected, skipping evaluation
[2024-08-13 14:26:08,103][flwr][INFO] - 
[2024-08-13 14:26:08,103][flwr][INFO] - [ROUND 2]
[2024-08-13 14:26:08,103][flwr][INFO] - configure_fit: strategy sampled 10 clients (out of 100)
[2024-08-13 14:26:09,326][flwr][INFO] - aggregate_fit: received 10 results and 0 failures
[2024-08-13 14:26:11,440][flwr][INFO] - fit progress: (2, 0.7887936648154158, {'accuracy': 0.8172, 'precision': 0.8218473836697477, 'recall': 0.8172, 'f1': 0.8142811796661014, 'confusion_matrix': array([[ 890,    0,   12,    0,    1,    7,   57,    1,   11,    1],
       [   0, 1072,   44,    1,    1,    1,    7,    2,    4,    3],
       [  15,   15,  900,    9,   20,    0,   28,   20,   23,    2],
       [   7,   16,   89,  718,    2,   45,   20,   20,   49,   44],
       [   2,    9,    9,    0,  874,    0,   31,    2,    4,   51],
       [  24,   51,   38,   68,   33,  520,   52,   30,   34,   42],
       [  15,   11,   40,    0,    9,   10,  869,    2,    2,    0],
       [   4,   37,   50,    0,   15,    0,    3,  885,    8,   26],
       [  12,   19,   69,   25,   18,   20,   27,   16,  712,   56],
       [  19,   13,   11,    4,  151,    4,    3,   56,   16,  732]],
      dtype=int64)}, 9.003706400006195)
[2024-08-13 14:26:11,441][flwr][INFO] - configure_evaluate: no clients selected, skipping evaluation
[2024-08-13 14:26:11,441][flwr][INFO] - 
[2024-08-13 14:26:11,441][flwr][INFO] - [ROUND 3]
[2024-08-13 14:26:11,441][flwr][INFO] - configure_fit: strategy sampled 10 clients (out of 100)
[2024-08-13 14:26:12,605][flwr][INFO] - aggregate_fit: received 10 results and 0 failures
[2024-08-13 14:26:14,722][flwr][INFO] - fit progress: (3, 0.7855948479636585, {'accuracy': 0.8047, 'precision': 0.8292220158402346, 'recall': 0.8047, 'f1': 0.8040959550150448, 'confusion_matrix': array([[ 894,    0,    0,   15,    1,   36,   23,    1,   10,    0],
       [   0, 1057,    1,   15,    1,    8,    4,    0,   49,    0],
       [  22,   14,  568,  245,   17,    4,   38,   21,   81,   22],
       [   2,    1,    4,  917,    0,   25,    6,   11,   28,   16],
       [   7,    7,    0,    1,  657,    8,   28,    4,   27,  243],
       [  11,   36,    0,  153,    5,  609,   26,    8,   27,   17],
       [  21,   10,    9,    6,    4,   26,  873,    5,    4,    0],
       [   6,   33,    7,    9,    6,    0,    2,  837,   60,   68],
       [   4,    5,    2,  133,    2,   33,   12,    6,  742,   35],
       [  15,    6,    2,   14,   14,   20,    3,   17,   25,  893]],
      dtype=int64)}, 12.285441700005322)
[2024-08-13 14:26:14,722][flwr][INFO] - configure_evaluate: no clients selected, skipping evaluation
[2024-08-13 14:26:14,722][flwr][INFO] - 
[2024-08-13 14:26:14,723][flwr][INFO] - [ROUND 4]
[2024-08-13 14:26:14,723][flwr][INFO] - configure_fit: strategy sampled 10 clients (out of 100)
[2024-08-13 14:26:15,871][flwr][INFO] - aggregate_fit: received 10 results and 0 failures
[2024-08-13 14:26:17,979][flwr][INFO] - fit progress: (4, 0.7536331235916884, {'accuracy': 0.8313, 'precision': 0.8373094197688424, 'recall': 0.8313, 'f1': 0.8288023970469963, 'confusion_matrix': array([[ 940,    0,    6,    0,    1,    5,   19,    3,    6,    0],
       [   0, 1075,   46,    1,    1,    1,    5,    2,    2,    2],
       [  17,   15,  894,   11,   26,    0,   17,   31,   19,    2],
       [  10,   10,   63,  743,    9,   52,   15,   27,   34,   47],
       [   5,    6,    5,    0,  926,    0,   11,    3,    2,   24],
       [  25,   51,   27,   39,   43,  600,   30,   34,   15,   28],
       [  19,   11,   43,    1,   29,   14,  839,    2,    0,    0],
       [   4,   32,   44,    0,   19,    0,    1,  907,    2,   19],
       [  19,   36,   65,   16,   39,   25,   21,   17,  672,   64],
       [  23,   12,    7,    3,  159,    4,    0,   76,    8,  717]],
      dtype=int64)}, 15.542694500007201)
[2024-08-13 14:26:17,979][flwr][INFO] - configure_evaluate: no clients selected, skipping evaluation
[2024-08-13 14:26:17,979][flwr][INFO] - 
[2024-08-13 14:26:17,979][flwr][INFO] - [ROUND 5]
[2024-08-13 14:26:17,980][flwr][INFO] - configure_fit: strategy sampled 10 clients (out of 100)
[2024-08-13 14:26:19,191][flwr][INFO] - aggregate_fit: received 10 results and 0 failures
[2024-08-13 14:26:21,302][flwr][INFO] - fit progress: (5, 0.7677145855181899, {'accuracy': 0.8191, 'precision': 0.8397838368802911, 'recall': 0.8191, 'f1': 0.819182692797429, 'confusion_matrix': array([[ 877,    1,    0,   16,    1,   27,   31,    1,   26,    0],
       [   0, 1061,    1,   13,    1,    3,    4,    0,   52,    0],
       [  15,   18,  624,  197,   10,    2,   33,   25,   90,   18],
       [   0,    1,    4,  900,    0,   23,    9,   14,   50,    9],
       [   5,    7,    1,    1,  685,    7,   36,    7,   50,  183],
       [   4,   36,    1,  130,    4,  609,   31,   11,   51,   15],
       [  11,    6,   10,    4,    3,   18,  893,    7,    6,    0],
       [   5,   32,   12,    9,    1,    0,    2,  863,   61,   43],
       [   3,    8,    3,   86,    2,   18,   15,    6,  821,   12],
       [  11,    6,    2,   13,   12,   17,    3,   32,   55,  858]],
      dtype=int64)}, 18.86652860000322)
[2024-08-13 14:26:21,303][flwr][INFO] - configure_evaluate: no clients selected, skipping evaluation
[2024-08-13 14:26:21,303][flwr][INFO] - 
[2024-08-13 14:26:21,304][flwr][INFO] - [ROUND 6]
[2024-08-13 14:26:21,304][flwr][INFO] - configure_fit: strategy sampled 10 clients (out of 100)
[2024-08-13 14:26:22,576][flwr][INFO] - aggregate_fit: received 10 results and 0 failures
[2024-08-13 14:26:24,657][flwr][INFO] - fit progress: (6, 0.7470242706544159, {'accuracy': 0.8391, 'precision': 0.8476167833281179, 'recall': 0.8391, 'f1': 0.8375301114146878, 'confusion_matrix': array([[ 931,    2,    8,    0,    3,   12,   19,    2,    3,    0],
       [   0, 1074,   45,    2,    1,    4,    5,    1,    3,    0],
       [  10,   17,  901,   11,   25,    2,   17,   23,   24,    2],
       [   7,   14,   44,  743,    8,   96,   15,   18,   44,   21],
       [   1,    6,    5,    0,  942,    2,   12,    2,    2,   10],
       [  15,   49,   18,   19,   33,  698,   26,   14,    9,   11],
       [  13,   10,   37,    1,   32,   18,  841,    6,    0,    0],
       [   6,   38,   50,    0,   25,    0,    1,  885,    6,   17],
       [  13,   46,   41,   17,   40,   67,   19,   13,  696,   22],
       [  23,   12,    8,    2,  202,   19,    0,   53,   10,  680]],
      dtype=int64)}, 22.220657600002596)
[2024-08-13 14:26:24,658][flwr][INFO] - configure_evaluate: no clients selected, skipping evaluation
[2024-08-13 14:26:24,658][flwr][INFO] - 
[2024-08-13 14:26:24,658][flwr][INFO] - [ROUND 7]
[2024-08-13 14:26:24,658][flwr][INFO] - configure_fit: strategy sampled 10 clients (out of 100)
[2024-08-13 14:26:25,822][flwr][INFO] - aggregate_fit: received 10 results and 0 failures
[2024-08-13 14:26:27,951][flwr][INFO] - fit progress: (7, 0.7831788931215212, {'accuracy': 0.7956, 'precision': 0.8322317142865915, 'recall': 0.7956, 'f1': 0.7918261851389303, 'confusion_matrix': array([[ 905,    1,    1,   18,    1,    6,   36,    3,    8,    1],
       [   0, 1076,    2,   15,    1,    0,    5,    1,   35,    0],
       [  14,   24,  636,  192,    6,    0,   41,   30,   62,   27],
       [   0,    3,    4,  920,    0,    7,   12,   11,   26,   27],
       [   4,    6,    1,    2,  539,    0,   37,   10,   17,  366],
       [   9,   48,    1,  195,    7,  442,   60,   16,   65,   49],
       [   9,    6,    8,    2,    3,    4,  914,   11,    1,    0],
       [   6,   28,   17,    9,    2,    0,    3,  840,   33,   90],
       [   5,   18,    1,  109,    4,    6,   21,    5,  750,   55],
       [  18,    6,    2,   14,    6,    3,    2,   12,   12,  934]],
      dtype=int64)}, 25.51482749999559)
[2024-08-13 14:26:27,952][flwr][INFO] - configure_evaluate: no clients selected, skipping evaluation
[2024-08-13 14:26:27,952][flwr][INFO] - 
[2024-08-13 14:26:27,952][flwr][INFO] - [ROUND 8]
[2024-08-13 14:26:27,952][flwr][INFO] - configure_fit: strategy sampled 10 clients (out of 100)
[2024-08-13 14:26:29,149][flwr][INFO] - aggregate_fit: received 10 results and 0 failures
[2024-08-13 14:26:31,405][flwr][INFO] - fit progress: (8, 0.783230959072975, {'accuracy': 0.8136, 'precision': 0.836973813077181, 'recall': 0.8136, 'f1': 0.8067859865127778, 'confusion_matrix': array([[ 905,    4,    7,    3,    1,   35,   16,    7,    2,    0],
       [   0, 1074,   36,    1,    2,    8,    4,    1,    9,    0],
       [  10,   22,  863,   20,   30,    4,   17,   32,   33,    1],
       [   4,   18,   30,  743,   12,  114,   11,   22,   54,    2],
       [   1,    3,    3,    0,  935,    9,   12,   13,    4,    2],
       [   8,   39,   10,   16,   17,  754,   16,   17,   13,    2],
       [  14,   10,   23,    0,   28,   23,  843,   16,    1,    0],
       [   5,   33,   40,    0,   24,    0,    1,  911,   12,    2],
       [   7,   46,   18,   14,   40,   99,   16,   16,  717,    1],
       [  21,   11,    7,    2,  350,   77,    0,  129,   21,  391]],
      dtype=int64)}, 28.96942599999602)
[2024-08-13 14:26:31,406][flwr][INFO] - configure_evaluate: no clients selected, skipping evaluation
[2024-08-13 14:26:31,406][flwr][INFO] - 
[2024-08-13 14:26:31,406][flwr][INFO] - [ROUND 9]
[2024-08-13 14:26:31,407][flwr][INFO] - configure_fit: strategy sampled 10 clients (out of 100)
[2024-08-13 14:26:32,560][flwr][INFO] - aggregate_fit: received 10 results and 0 failures
[2024-08-13 14:26:34,641][flwr][INFO] - fit progress: (9, 0.8083918620630939, {'accuracy': 0.775, 'precision': 0.823991128711831, 'recall': 0.775, 'f1': 0.7734938530437172, 'confusion_matrix': array([[ 938,    4,    2,    5,    1,    2,   17,    1,    5,    5],
       [   0, 1082,   17,    8,    1,    0,    5,    1,   16,    5],
       [  16,   22,  732,  110,    8,    0,   26,   24,   52,   42],
       [   3,    6,    4,  878,    2,    7,   12,   12,   20,   66],
       [   7,    6,    2,    0,  502,    0,   17,    6,    6,  436],
       [  22,   53,    2,  155,   14,  391,   57,   14,   64,  120],
       [  15,   12,   10,    2,    4,    4,  890,   18,    0,    3],
       [  10,   27,   21,    8,    8,    0,    1,  744,   17,  192],
       [  16,   32,    4,   72,    4,    5,   19,    5,  639,  178],
       [  18,    6,    3,    8,    5,    2,    1,    6,    6,  954]],
      dtype=int64)}, 32.20479950000299)
[2024-08-13 14:26:34,642][flwr][INFO] - configure_evaluate: no clients selected, skipping evaluation
[2024-08-13 14:26:34,642][flwr][INFO] - 
[2024-08-13 14:26:34,642][flwr][INFO] - [ROUND 10]
[2024-08-13 14:26:34,642][flwr][INFO] - configure_fit: strategy sampled 10 clients (out of 100)
[2024-08-13 14:26:35,924][flwr][INFO] - aggregate_fit: received 10 results and 0 failures
[2024-08-13 14:26:38,011][flwr][INFO] - fit progress: (10, 0.8447088786549936, {'accuracy': 0.7779, 'precision': 0.8205201486026428, 'recall': 0.7779, 'f1': 0.7432035281442372, 'confusion_matrix': array([[ 879,   13,    8,    4,    1,   37,   20,   12,    6,    0],
       [   0, 1024,   75,    2,    2,    6,    5,    3,   18,    0],
       [   6,   10,  863,   24,   29,    0,   18,   35,   47,    0],
       [   1,    9,   26,  785,   19,   67,   10,   26,   67,    0],
       [   1,    2,    3,    0,  937,    8,   11,   14,    6,    0],
       [   7,   26,    9,   32,   22,  723,   20,   24,   29,    0],
       [  10,    8,   21,    0,   27,   20,  845,   26,    1,    0],
       [   5,   18,   42,    1,   23,    0,    0,  924,   15,    0],
       [   5,   12,   27,   15,   39,   59,   16,   13,  788,    0],
       [  19,    6,    5,    2,  556,   65,    1,  262,   82,   11]],
      dtype=int64)}, 35.57468119999976)
[2024-08-13 14:26:38,012][flwr][INFO] - configure_evaluate: no clients selected, skipping evaluation
[2024-08-13 14:26:38,012][flwr][INFO] - 
[2024-08-13 14:26:38,012][flwr][INFO] - [SUMMARY]
[2024-08-13 14:26:38,012][flwr][INFO] - Run finished 10 round(s) in 35.58s
[2024-08-13 14:26:38,020][flwr][INFO] - 	History (loss, centralized):
[2024-08-13 14:26:38,020][flwr][INFO] - 		round 0: 2.3025850929940455
[2024-08-13 14:26:38,020][flwr][INFO] - 		round 1: 1.0232345265734724
[2024-08-13 14:26:38,020][flwr][INFO] - 		round 2: 0.7887936648154158
[2024-08-13 14:26:38,020][flwr][INFO] - 		round 3: 0.7855948479636585
[2024-08-13 14:26:38,021][flwr][INFO] - 		round 4: 0.7536331235916884
[2024-08-13 14:26:38,021][flwr][INFO] - 		round 5: 0.7677145855181899
[2024-08-13 14:26:38,021][flwr][INFO] - 		round 6: 0.7470242706544159
[2024-08-13 14:26:38,021][flwr][INFO] - 		round 7: 0.7831788931215212
[2024-08-13 14:26:38,021][flwr][INFO] - 		round 8: 0.783230959072975
[2024-08-13 14:26:38,021][flwr][INFO] - 		round 9: 0.8083918620630939
[2024-08-13 14:26:38,021][flwr][INFO] - 		round 10: 0.8447088786549936
[2024-08-13 14:26:38,021][flwr][INFO] - 	History (metrics, centralized):
[2024-08-13 14:26:38,021][flwr][INFO] - 	{'accuracy': [(0, 0.098),
[2024-08-13 14:26:38,021][flwr][INFO] - 	              (1, 0.7074),
[2024-08-13 14:26:38,021][flwr][INFO] - 	              (2, 0.8172),
[2024-08-13 14:26:38,021][flwr][INFO] - 	              (3, 0.8047),
[2024-08-13 14:26:38,021][flwr][INFO] - 	              (4, 0.8313),
[2024-08-13 14:26:38,021][flwr][INFO] - 	              (5, 0.8191),
[2024-08-13 14:26:38,021][flwr][INFO] - 	              (6, 0.8391),
[2024-08-13 14:26:38,022][flwr][INFO] - 	              (7, 0.7956),
[2024-08-13 14:26:38,022][flwr][INFO] - 	              (8, 0.8136),
[2024-08-13 14:26:38,022][flwr][INFO] - 	              (9, 0.775),
[2024-08-13 14:26:38,022][flwr][INFO] - 	              (10, 0.7779)],
[2024-08-13 14:26:38,022][flwr][INFO] - 	 'confusion_matrix': [(0,
[2024-08-13 14:26:38,022][flwr][INFO] - 	                       array([[ 980,    0,    0,    0,    0,    0,    0,    0,    0,    0],
[2024-08-13 14:26:38,022][flwr][INFO] - 	       [1135,    0,    0,    0,    0,    0,    0,    0,    0,    0],
[2024-08-13 14:26:38,022][flwr][INFO] - 	       [1032,    0,    0,    0,    0,    0,    0,    0,    0,    0],
[2024-08-13 14:26:38,022][flwr][INFO] - 	       [1010,    0,    0,    0,    0,    0,    0,    0,    0,    0],
[2024-08-13 14:26:38,022][flwr][INFO] - 	       [ 982,    0,    0,    0,    0,    0,    0,    0,    0,    0],
[2024-08-13 14:26:38,022][flwr][INFO] - 	       [ 892,    0,    0,    0,    0,    0,    0,    0,    0,    0],
[2024-08-13 14:26:38,022][flwr][INFO] - 	       [ 958,    0,    0,    0,    0,    0,    0,    0,    0,    0],
[2024-08-13 14:26:38,022][flwr][INFO] - 	       [1028,    0,    0,    0,    0,    0,    0,    0,    0,    0],
[2024-08-13 14:26:38,022][flwr][INFO] - 	       [ 974,    0,    0,    0,    0,    0,    0,    0,    0,    0],
[2024-08-13 14:26:38,022][flwr][INFO] - 	       [1009,    0,    0,    0,    0,    0,    0,    0,    0,    0]],
[2024-08-13 14:26:38,022][flwr][INFO] - 	      dtype=int64)),
[2024-08-13 14:26:38,022][flwr][INFO] - 	                      (1,
[2024-08-13 14:26:38,022][flwr][INFO] - 	                       array([[ 961,    0,    1,    9,    0,    0,    3,    1,    5,    0],
[2024-08-13 14:26:38,023][flwr][INFO] - 	       [   0, 1075,    1,   22,    0,    0,    3,    0,   34,    0],
[2024-08-13 14:26:38,023][flwr][INFO] - 	       [ 100,   33,  643,  176,    8,    0,   18,   12,   36,    6],
[2024-08-13 14:26:38,023][flwr][INFO] - 	       [  27,    8,    7,  928,    0,    0,    2,    8,   23,    7],
[2024-08-13 14:26:38,023][flwr][INFO] - 	       [  53,   17,    4,    5,  546,    0,   18,    5,   48,  286],
[2024-08-13 14:26:38,023][flwr][INFO] - 	       [ 247,   69,    4,  361,    4,    0,    6,   19,  129,   53],
[2024-08-13 14:26:38,023][flwr][INFO] - 	       [ 169,   22,   17,   20,    4,    0,  711,    1,   14,    0],
[2024-08-13 14:26:38,023][flwr][INFO] - 	       [  33,   54,   17,   13,    2,    0,    1,  821,   45,   42],
[2024-08-13 14:26:38,023][flwr][INFO] - 	       [  56,   16,    2,  273,    1,    0,    7,    8,  582,   29],
[2024-08-13 14:26:38,023][flwr][INFO] - 	       [  67,   19,    5,   23,   14,    0,    1,   35,   38,  807]],
[2024-08-13 14:26:38,023][flwr][INFO] - 	      dtype=int64)),
[2024-08-13 14:26:38,023][flwr][INFO] - 	                      (2,
[2024-08-13 14:26:38,023][flwr][INFO] - 	                       array([[ 890,    0,   12,    0,    1,    7,   57,    1,   11,    1],
[2024-08-13 14:26:38,023][flwr][INFO] - 	       [   0, 1072,   44,    1,    1,    1,    7,    2,    4,    3],
[2024-08-13 14:26:38,023][flwr][INFO] - 	       [  15,   15,  900,    9,   20,    0,   28,   20,   23,    2],
[2024-08-13 14:26:38,023][flwr][INFO] - 	       [   7,   16,   89,  718,    2,   45,   20,   20,   49,   44],
[2024-08-13 14:26:38,023][flwr][INFO] - 	       [   2,    9,    9,    0,  874,    0,   31,    2,    4,   51],
[2024-08-13 14:26:38,024][flwr][INFO] - 	       [  24,   51,   38,   68,   33,  520,   52,   30,   34,   42],
[2024-08-13 14:26:38,024][flwr][INFO] - 	       [  15,   11,   40,    0,    9,   10,  869,    2,    2,    0],
[2024-08-13 14:26:38,024][flwr][INFO] - 	       [   4,   37,   50,    0,   15,    0,    3,  885,    8,   26],
[2024-08-13 14:26:38,024][flwr][INFO] - 	       [  12,   19,   69,   25,   18,   20,   27,   16,  712,   56],
[2024-08-13 14:26:38,024][flwr][INFO] - 	       [  19,   13,   11,    4,  151,    4,    3,   56,   16,  732]],
[2024-08-13 14:26:38,024][flwr][INFO] - 	      dtype=int64)),
[2024-08-13 14:26:38,024][flwr][INFO] - 	                      (3,
[2024-08-13 14:26:38,024][flwr][INFO] - 	                       array([[ 894,    0,    0,   15,    1,   36,   23,    1,   10,    0],
[2024-08-13 14:26:38,024][flwr][INFO] - 	       [   0, 1057,    1,   15,    1,    8,    4,    0,   49,    0],
[2024-08-13 14:26:38,024][flwr][INFO] - 	       [  22,   14,  568,  245,   17,    4,   38,   21,   81,   22],
[2024-08-13 14:26:38,024][flwr][INFO] - 	       [   2,    1,    4,  917,    0,   25,    6,   11,   28,   16],
[2024-08-13 14:26:38,024][flwr][INFO] - 	       [   7,    7,    0,    1,  657,    8,   28,    4,   27,  243],
[2024-08-13 14:26:38,024][flwr][INFO] - 	       [  11,   36,    0,  153,    5,  609,   26,    8,   27,   17],
[2024-08-13 14:26:38,024][flwr][INFO] - 	       [  21,   10,    9,    6,    4,   26,  873,    5,    4,    0],
[2024-08-13 14:26:38,024][flwr][INFO] - 	       [   6,   33,    7,    9,    6,    0,    2,  837,   60,   68],
[2024-08-13 14:26:38,024][flwr][INFO] - 	       [   4,    5,    2,  133,    2,   33,   12,    6,  742,   35],
[2024-08-13 14:26:38,024][flwr][INFO] - 	       [  15,    6,    2,   14,   14,   20,    3,   17,   25,  893]],
[2024-08-13 14:26:38,025][flwr][INFO] - 	      dtype=int64)),
[2024-08-13 14:26:38,025][flwr][INFO] - 	                      (4,
[2024-08-13 14:26:38,025][flwr][INFO] - 	                       array([[ 940,    0,    6,    0,    1,    5,   19,    3,    6,    0],
[2024-08-13 14:26:38,025][flwr][INFO] - 	       [   0, 1075,   46,    1,    1,    1,    5,    2,    2,    2],
[2024-08-13 14:26:38,025][flwr][INFO] - 	       [  17,   15,  894,   11,   26,    0,   17,   31,   19,    2],
[2024-08-13 14:26:38,025][flwr][INFO] - 	       [  10,   10,   63,  743,    9,   52,   15,   27,   34,   47],
[2024-08-13 14:26:38,025][flwr][INFO] - 	       [   5,    6,    5,    0,  926,    0,   11,    3,    2,   24],
[2024-08-13 14:26:38,025][flwr][INFO] - 	       [  25,   51,   27,   39,   43,  600,   30,   34,   15,   28],
[2024-08-13 14:26:38,025][flwr][INFO] - 	       [  19,   11,   43,    1,   29,   14,  839,    2,    0,    0],
[2024-08-13 14:26:38,025][flwr][INFO] - 	       [   4,   32,   44,    0,   19,    0,    1,  907,    2,   19],
[2024-08-13 14:26:38,025][flwr][INFO] - 	       [  19,   36,   65,   16,   39,   25,   21,   17,  672,   64],
[2024-08-13 14:26:38,025][flwr][INFO] - 	       [  23,   12,    7,    3,  159,    4,    0,   76,    8,  717]],
[2024-08-13 14:26:38,025][flwr][INFO] - 	      dtype=int64)),
[2024-08-13 14:26:38,025][flwr][INFO] - 	                      (5,
[2024-08-13 14:26:38,025][flwr][INFO] - 	                       array([[ 877,    1,    0,   16,    1,   27,   31,    1,   26,    0],
[2024-08-13 14:26:38,025][flwr][INFO] - 	       [   0, 1061,    1,   13,    1,    3,    4,    0,   52,    0],
[2024-08-13 14:26:38,025][flwr][INFO] - 	       [  15,   18,  624,  197,   10,    2,   33,   25,   90,   18],
[2024-08-13 14:26:38,026][flwr][INFO] - 	       [   0,    1,    4,  900,    0,   23,    9,   14,   50,    9],
[2024-08-13 14:26:38,026][flwr][INFO] - 	       [   5,    7,    1,    1,  685,    7,   36,    7,   50,  183],
[2024-08-13 14:26:38,026][flwr][INFO] - 	       [   4,   36,    1,  130,    4,  609,   31,   11,   51,   15],
[2024-08-13 14:26:38,026][flwr][INFO] - 	       [  11,    6,   10,    4,    3,   18,  893,    7,    6,    0],
[2024-08-13 14:26:38,026][flwr][INFO] - 	       [   5,   32,   12,    9,    1,    0,    2,  863,   61,   43],
[2024-08-13 14:26:38,026][flwr][INFO] - 	       [   3,    8,    3,   86,    2,   18,   15,    6,  821,   12],
[2024-08-13 14:26:38,026][flwr][INFO] - 	       [  11,    6,    2,   13,   12,   17,    3,   32,   55,  858]],
[2024-08-13 14:26:38,026][flwr][INFO] - 	      dtype=int64)),
[2024-08-13 14:26:38,026][flwr][INFO] - 	                      (6,
[2024-08-13 14:26:38,026][flwr][INFO] - 	                       array([[ 931,    2,    8,    0,    3,   12,   19,    2,    3,    0],
[2024-08-13 14:26:38,026][flwr][INFO] - 	       [   0, 1074,   45,    2,    1,    4,    5,    1,    3,    0],
[2024-08-13 14:26:38,026][flwr][INFO] - 	       [  10,   17,  901,   11,   25,    2,   17,   23,   24,    2],
[2024-08-13 14:26:38,026][flwr][INFO] - 	       [   7,   14,   44,  743,    8,   96,   15,   18,   44,   21],
[2024-08-13 14:26:38,026][flwr][INFO] - 	       [   1,    6,    5,    0,  942,    2,   12,    2,    2,   10],
[2024-08-13 14:26:38,026][flwr][INFO] - 	       [  15,   49,   18,   19,   33,  698,   26,   14,    9,   11],
[2024-08-13 14:26:38,026][flwr][INFO] - 	       [  13,   10,   37,    1,   32,   18,  841,    6,    0,    0],
[2024-08-13 14:26:38,026][flwr][INFO] - 	       [   6,   38,   50,    0,   25,    0,    1,  885,    6,   17],
[2024-08-13 14:26:38,027][flwr][INFO] - 	       [  13,   46,   41,   17,   40,   67,   19,   13,  696,   22],
[2024-08-13 14:26:38,027][flwr][INFO] - 	       [  23,   12,    8,    2,  202,   19,    0,   53,   10,  680]],
[2024-08-13 14:26:38,027][flwr][INFO] - 	      dtype=int64)),
[2024-08-13 14:26:38,027][flwr][INFO] - 	                      (7,
[2024-08-13 14:26:38,027][flwr][INFO] - 	                       array([[ 905,    1,    1,   18,    1,    6,   36,    3,    8,    1],
[2024-08-13 14:26:38,027][flwr][INFO] - 	       [   0, 1076,    2,   15,    1,    0,    5,    1,   35,    0],
[2024-08-13 14:26:38,027][flwr][INFO] - 	       [  14,   24,  636,  192,    6,    0,   41,   30,   62,   27],
[2024-08-13 14:26:38,027][flwr][INFO] - 	       [   0,    3,    4,  920,    0,    7,   12,   11,   26,   27],
[2024-08-13 14:26:38,027][flwr][INFO] - 	       [   4,    6,    1,    2,  539,    0,   37,   10,   17,  366],
[2024-08-13 14:26:38,027][flwr][INFO] - 	       [   9,   48,    1,  195,    7,  442,   60,   16,   65,   49],
[2024-08-13 14:26:38,027][flwr][INFO] - 	       [   9,    6,    8,    2,    3,    4,  914,   11,    1,    0],
[2024-08-13 14:26:38,027][flwr][INFO] - 	       [   6,   28,   17,    9,    2,    0,    3,  840,   33,   90],
[2024-08-13 14:26:38,027][flwr][INFO] - 	       [   5,   18,    1,  109,    4,    6,   21,    5,  750,   55],
[2024-08-13 14:26:38,027][flwr][INFO] - 	       [  18,    6,    2,   14,    6,    3,    2,   12,   12,  934]],
[2024-08-13 14:26:38,027][flwr][INFO] - 	      dtype=int64)),
[2024-08-13 14:26:38,027][flwr][INFO] - 	                      (8,
[2024-08-13 14:26:38,028][flwr][INFO] - 	                       array([[ 905,    4,    7,    3,    1,   35,   16,    7,    2,    0],
[2024-08-13 14:26:38,028][flwr][INFO] - 	       [   0, 1074,   36,    1,    2,    8,    4,    1,    9,    0],
[2024-08-13 14:26:38,028][flwr][INFO] - 	       [  10,   22,  863,   20,   30,    4,   17,   32,   33,    1],
[2024-08-13 14:26:38,028][flwr][INFO] - 	       [   4,   18,   30,  743,   12,  114,   11,   22,   54,    2],
[2024-08-13 14:26:38,028][flwr][INFO] - 	       [   1,    3,    3,    0,  935,    9,   12,   13,    4,    2],
[2024-08-13 14:26:38,028][flwr][INFO] - 	       [   8,   39,   10,   16,   17,  754,   16,   17,   13,    2],
[2024-08-13 14:26:38,028][flwr][INFO] - 	       [  14,   10,   23,    0,   28,   23,  843,   16,    1,    0],
[2024-08-13 14:26:38,028][flwr][INFO] - 	       [   5,   33,   40,    0,   24,    0,    1,  911,   12,    2],
[2024-08-13 14:26:38,028][flwr][INFO] - 	       [   7,   46,   18,   14,   40,   99,   16,   16,  717,    1],
[2024-08-13 14:26:38,028][flwr][INFO] - 	       [  21,   11,    7,    2,  350,   77,    0,  129,   21,  391]],
[2024-08-13 14:26:38,028][flwr][INFO] - 	      dtype=int64)),
[2024-08-13 14:26:38,028][flwr][INFO] - 	                      (9,
[2024-08-13 14:26:38,028][flwr][INFO] - 	                       array([[ 938,    4,    2,    5,    1,    2,   17,    1,    5,    5],
[2024-08-13 14:26:38,028][flwr][INFO] - 	       [   0, 1082,   17,    8,    1,    0,    5,    1,   16,    5],
[2024-08-13 14:26:38,028][flwr][INFO] - 	       [  16,   22,  732,  110,    8,    0,   26,   24,   52,   42],
[2024-08-13 14:26:38,028][flwr][INFO] - 	       [   3,    6,    4,  878,    2,    7,   12,   12,   20,   66],
[2024-08-13 14:26:38,028][flwr][INFO] - 	       [   7,    6,    2,    0,  502,    0,   17,    6,    6,  436],
[2024-08-13 14:26:38,029][flwr][INFO] - 	       [  22,   53,    2,  155,   14,  391,   57,   14,   64,  120],
[2024-08-13 14:26:38,029][flwr][INFO] - 	       [  15,   12,   10,    2,    4,    4,  890,   18,    0,    3],
[2024-08-13 14:26:38,029][flwr][INFO] - 	       [  10,   27,   21,    8,    8,    0,    1,  744,   17,  192],
[2024-08-13 14:26:38,029][flwr][INFO] - 	       [  16,   32,    4,   72,    4,    5,   19,    5,  639,  178],
[2024-08-13 14:26:38,029][flwr][INFO] - 	       [  18,    6,    3,    8,    5,    2,    1,    6,    6,  954]],
[2024-08-13 14:26:38,029][flwr][INFO] - 	      dtype=int64)),
[2024-08-13 14:26:38,029][flwr][INFO] - 	                      (10,
[2024-08-13 14:26:38,029][flwr][INFO] - 	                       array([[ 879,   13,    8,    4,    1,   37,   20,   12,    6,    0],
[2024-08-13 14:26:38,029][flwr][INFO] - 	       [   0, 1024,   75,    2,    2,    6,    5,    3,   18,    0],
[2024-08-13 14:26:38,029][flwr][INFO] - 	       [   6,   10,  863,   24,   29,    0,   18,   35,   47,    0],
[2024-08-13 14:26:38,029][flwr][INFO] - 	       [   1,    9,   26,  785,   19,   67,   10,   26,   67,    0],
[2024-08-13 14:26:38,029][flwr][INFO] - 	       [   1,    2,    3,    0,  937,    8,   11,   14,    6,    0],
[2024-08-13 14:26:38,029][flwr][INFO] - 	       [   7,   26,    9,   32,   22,  723,   20,   24,   29,    0],
[2024-08-13 14:26:38,029][flwr][INFO] - 	       [  10,    8,   21,    0,   27,   20,  845,   26,    1,    0],
[2024-08-13 14:26:38,029][flwr][INFO] - 	       [   5,   18,   42,    1,   23,    0,    0,  924,   15,    0],
[2024-08-13 14:26:38,029][flwr][INFO] - 	       [   5,   12,   27,   15,   39,   59,   16,   13,  788,    0],
[2024-08-13 14:26:38,030][flwr][INFO] - 	       [  19,    6,    5,    2,  556,   65,    1,  262,   82,   11]],
[2024-08-13 14:26:38,030][flwr][INFO] - 	      dtype=int64))],
[2024-08-13 14:26:38,030][flwr][INFO] - 	 'f1': [(0, 0.017493624772313296),
[2024-08-13 14:26:38,030][flwr][INFO] - 	        (1, 0.678381556612786),
[2024-08-13 14:26:38,030][flwr][INFO] - 	        (2, 0.8142811796661014),
[2024-08-13 14:26:38,030][flwr][INFO] - 	        (3, 0.8040959550150448),
[2024-08-13 14:26:38,030][flwr][INFO] - 	        (4, 0.8288023970469963),
[2024-08-13 14:26:38,030][flwr][INFO] - 	        (5, 0.819182692797429),
[2024-08-13 14:26:38,030][flwr][INFO] - 	        (6, 0.8375301114146878),
[2024-08-13 14:26:38,030][flwr][INFO] - 	        (7, 0.7918261851389303),
[2024-08-13 14:26:38,030][flwr][INFO] - 	        (8, 0.8067859865127778),
[2024-08-13 14:26:38,030][flwr][INFO] - 	        (9, 0.7734938530437172),
[2024-08-13 14:26:38,030][flwr][INFO] - 	        (10, 0.7432035281442372)],
[2024-08-13 14:26:38,030][flwr][INFO] - 	 'precision': [(0, 0.009604000000000001),
[2024-08-13 14:26:38,030][flwr][INFO] - 	               (1, 0.6932126250185145),
[2024-08-13 14:26:38,030][flwr][INFO] - 	               (2, 0.8218473836697477),
[2024-08-13 14:26:38,030][flwr][INFO] - 	               (3, 0.8292220158402346),
[2024-08-13 14:26:38,031][flwr][INFO] - 	               (4, 0.8373094197688424),
[2024-08-13 14:26:38,031][flwr][INFO] - 	               (5, 0.8397838368802911),
[2024-08-13 14:26:38,031][flwr][INFO] - 	               (6, 0.8476167833281179),
[2024-08-13 14:26:38,031][flwr][INFO] - 	               (7, 0.8322317142865915),
[2024-08-13 14:26:38,031][flwr][INFO] - 	               (8, 0.836973813077181),
[2024-08-13 14:26:38,031][flwr][INFO] - 	               (9, 0.823991128711831),
[2024-08-13 14:26:38,031][flwr][INFO] - 	               (10, 0.8205201486026428)],
[2024-08-13 14:26:38,031][flwr][INFO] - 	 'recall': [(0, 0.098),
[2024-08-13 14:26:38,031][flwr][INFO] - 	            (1, 0.7074),
[2024-08-13 14:26:38,031][flwr][INFO] - 	            (2, 0.8172),
[2024-08-13 14:26:38,031][flwr][INFO] - 	            (3, 0.8047),
[2024-08-13 14:26:38,031][flwr][INFO] - 	            (4, 0.8313),
[2024-08-13 14:26:38,031][flwr][INFO] - 	            (5, 0.8191),
[2024-08-13 14:26:38,031][flwr][INFO] - 	            (6, 0.8391),
[2024-08-13 14:26:38,031][flwr][INFO] - 	            (7, 0.7956),
[2024-08-13 14:26:38,031][flwr][INFO] - 	            (8, 0.8136),
[2024-08-13 14:26:38,032][flwr][INFO] - 	            (9, 0.775),
[2024-08-13 14:26:38,032][flwr][INFO] - 	            (10, 0.7779)]}
[2024-08-13 14:26:38,032][flwr][INFO] - 
