[2024-08-13 12:59:36,173][flwr][INFO] - Starting Flower simulation, config: num_rounds=10, no round_timeout
[2024-08-13 12:59:40,304][flwr][INFO] - Flower VCE: Ray initialized with resources: {'accelerator_type:G': 1.0, 'CPU': 16.0, 'node:__internal_head__': 1.0, 'memory': 5067794843.0, 'object_store_memory': 2533897420.0, 'node:127.0.0.1': 1.0, 'GPU': 1.0}
[2024-08-13 12:59:40,304][flwr][INFO] - Optimize your simulation with Flower VCE: https://flower.ai/docs/framework/how-to-run-simulations.html
[2024-08-13 12:59:40,304][flwr][INFO] - Flower VCE: Resources for each Virtual Client: {'num_cpus': 2, 'num_gpus': 0.5}
[2024-08-13 12:59:40,315][flwr][INFO] - Flower VCE: Creating VirtualClientEngineActorPool with 2 actors
[2024-08-13 12:59:40,315][flwr][INFO] - [INIT]
[2024-08-13 12:59:40,315][flwr][INFO] - Requesting initial parameters from one random client
[2024-08-13 12:59:47,651][flwr][INFO] - Received initial parameters from one random client
[2024-08-13 12:59:47,651][flwr][INFO] - Evaluating initial global parameters
[2024-08-13 12:59:49,878][flwr][INFO] - initial parameters (loss, other metrics): 2.3025850929940455, {'accuracy': 0.098, 'precision': 0.009604000000000001, 'recall': 0.098, 'f1': 0.017493624772313296, 'confusion_matrix': array([[ 980,    0,    0,    0,    0,    0,    0,    0,    0,    0],
       [1135,    0,    0,    0,    0,    0,    0,    0,    0,    0],
       [1032,    0,    0,    0,    0,    0,    0,    0,    0,    0],
       [1010,    0,    0,    0,    0,    0,    0,    0,    0,    0],
       [ 982,    0,    0,    0,    0,    0,    0,    0,    0,    0],
       [ 892,    0,    0,    0,    0,    0,    0,    0,    0,    0],
       [ 958,    0,    0,    0,    0,    0,    0,    0,    0,    0],
       [1028,    0,    0,    0,    0,    0,    0,    0,    0,    0],
       [ 974,    0,    0,    0,    0,    0,    0,    0,    0,    0],
       [1009,    0,    0,    0,    0,    0,    0,    0,    0,    0]],
      dtype=int64)}
[2024-08-13 12:59:49,879][flwr][INFO] - 
[2024-08-13 12:59:49,879][flwr][INFO] - [ROUND 1]
[2024-08-13 12:59:49,879][flwr][INFO] - configure_fit: strategy sampled 10 clients (out of 10)
[2024-08-13 12:59:58,442][flwr][INFO] - aggregate_fit: received 10 results and 0 failures
[2024-08-13 12:59:58,445][flwr][WARNING] - No fit_metrics_aggregation_fn provided
[2024-08-13 13:00:00,542][flwr][INFO] - fit progress: (1, 3.590360196751057, {'accuracy': 0.0369, 'precision': 0.02567800952457941, 'recall': 0.0369, 'f1': 0.02960838796625833, 'confusion_matrix': array([[   0,  934,    0,    1,    5,    0,    0,   18,    1,   21],
       [   0,    0, 1088,    3,    2,    0,    0,    3,    1,   38],
       [   3,   53,   84,  764,    8,    4,    0,   35,   19,   62],
       [   1,   31,   17,   45,  779,    0,    0,    9,   15,  113],
       [ 122,    9,   18,    5,   12,  549,    0,   63,   18,  186],
       [  36,  144,   69,    9,  223,    3,    2,   38,   30,  338],
       [   0,   69,   26,    9,    2,    1,    0,  822,    1,   28],
       [  28,   12,   49,    9,    2,    1,    0,    3,  881,   43],
       [   3,   23,   20,   10,   65,    1,    0,    9,   10,  833],
       [ 612,   25,   13,    8,   17,    6,    0,    5,  111,  212]],
      dtype=int64)}, 10.664459399995394)
[2024-08-13 13:00:00,543][flwr][INFO] - configure_evaluate: no clients selected, skipping evaluation
[2024-08-13 13:00:00,543][flwr][INFO] - 
[2024-08-13 13:00:00,543][flwr][INFO] - [ROUND 2]
[2024-08-13 13:00:00,544][flwr][INFO] - configure_fit: strategy sampled 10 clients (out of 10)
[2024-08-13 13:00:07,166][flwr][INFO] - aggregate_fit: received 10 results and 0 failures
[2024-08-13 13:00:09,267][flwr][INFO] - fit progress: (2, 2.890631526268685, {'accuracy': 0.0669, 'precision': 0.049546962213787495, 'recall': 0.0669, 'f1': 0.056386058806885374, 'confusion_matrix': array([[ 109,  602,    0,   10,    1,    3,  242,   13,    0,    0],
       [   0,    0, 1096,   12,    1,    0,   23,    3,    0,    0],
       [  16,    5,   67,  851,    5,   24,   20,   20,   22,    2],
       [  26,    5,   14,  141,  644,    0,  141,    6,   33,    0],
       [  26,    0,   13,    2,    0,  913,    8,   16,    4,    0],
       [  58,    5,   45,    9,   37,   39,  666,   13,   20,    0],
       [   6,    3,   13,   17,    1,   14,  216,  688,    0,    0],
       [  80,    1,   47,   24,    0,   22,    3,    2,  849,    0],
       [ 115,    1,   55,  128,   90,   38,  412,    8,   95,   32],
       [ 704,    0,   13,    6,   12,  153,   29,    4,   88,    0]],
      dtype=int64)}, 19.388223999994807)
[2024-08-13 13:00:09,268][flwr][INFO] - configure_evaluate: no clients selected, skipping evaluation
[2024-08-13 13:00:09,268][flwr][INFO] - 
[2024-08-13 13:00:09,268][flwr][INFO] - [ROUND 3]
[2024-08-13 13:00:09,268][flwr][INFO] - configure_fit: strategy sampled 10 clients (out of 10)
[2024-08-13 13:00:15,884][flwr][INFO] - aggregate_fit: received 10 results and 0 failures
[2024-08-13 13:00:17,981][flwr][INFO] - fit progress: (3, 2.4064057571991415, {'accuracy': 0.1062, 'precision': 0.08805160835974159, 'recall': 0.1062, 'f1': 0.07112291213138328, 'confusion_matrix': array([[  26,  849,    0,    0,    5,    0,    0,   55,    1,   44],
       [   0,    2, 1066,    2,    2,    0,    0,    4,    1,   58],
       [   1,   34,  126,  568,   21,    7,    1,   87,   14,  173],
       [   0,   23,    9,   41,  752,    0,    0,   18,    9,  158],
       [   8,    1,    5,    0,   45,  587,    0,   88,    1,  247],
       [  14,  102,   31,    6,  179,   24,   24,   61,   20,  431],
       [   1,   36,   15,    3,    3,    1,    7,  864,    0,   28],
       [  21,    2,   32,    1,    4,    2,    0,   19,  867,   80],
       [   0,    6,   10,    2,   36,    1,    0,   10,    4,  905],
       [ 111,    4,    3,    2,   32,   17,    0,   27,   45,  768]],
      dtype=int64)}, 28.103063399990788)
[2024-08-13 13:00:17,982][flwr][INFO] - configure_evaluate: no clients selected, skipping evaluation
[2024-08-13 13:00:17,982][flwr][INFO] - 
[2024-08-13 13:00:17,982][flwr][INFO] - [ROUND 4]
[2024-08-13 13:00:17,983][flwr][INFO] - configure_fit: strategy sampled 10 clients (out of 10)
[2024-08-13 13:00:24,523][flwr][INFO] - aggregate_fit: received 10 results and 0 failures
[2024-08-13 13:00:26,618][flwr][INFO] - fit progress: (4, 2.280785674540737, {'accuracy': 0.2257, 'precision': 0.12676787245938073, 'recall': 0.2257, 'f1': 0.16068242141020875, 'confusion_matrix': array([[ 675,  127,    0,   15,    0,    3,  158,    2,    0,    0],
       [   1,    0, 1097,    6,    0,    0,   31,    0,    0,    0],
       [  40,    2,   70,  847,    1,   19,   21,    8,   24,    0],
       [  41,    5,    9,  529,  223,    1,  150,    2,   50,    0],
       [  61,    0,    5,    3,    2,  880,   24,    1,    6,    0],
       [ 110,   21,   34,   23,    7,   45,  624,    3,   25,    0],
       [  41,    1,   13,   19,    1,   19,  685,  179,    0,    0],
       [ 136,    0,   42,   24,    2,   12,    6,    0,  806,    0],
       [ 165,    4,   51,  239,    3,   34,  225,    2,  251,    0],
       [ 774,    0,    7,   13,    6,  111,   17,    1,   80,    0]],
      dtype=int64)}, 36.74042419999023)
[2024-08-13 13:00:26,619][flwr][INFO] - configure_evaluate: no clients selected, skipping evaluation
[2024-08-13 13:00:26,619][flwr][INFO] - 
[2024-08-13 13:00:26,619][flwr][INFO] - [ROUND 5]
[2024-08-13 13:00:26,620][flwr][INFO] - configure_fit: strategy sampled 10 clients (out of 10)
[2024-08-13 13:00:33,276][flwr][INFO] - aggregate_fit: received 10 results and 0 failures
[2024-08-13 13:00:35,399][flwr][INFO] - fit progress: (5, 2.1462055775999853, {'accuracy': 0.1663, 'precision': 0.16666816384026914, 'recall': 0.1663, 'f1': 0.12956125731220342, 'confusion_matrix': array([[   1,  881,    0,    0,   10,    1,    0,   81,    2,    4],
       [   0,   59, 1052,    0,    5,    0,    0,   16,    0,    3],
       [   0,   91,  449,  155,   92,    2,    0,  179,   14,   50],
       [   0,   78,   11,    1,  843,    0,    0,   28,   11,   38],
       [   0,    4,    3,    0,  262,  458,    0,  209,    2,   44],
       [   0,  245,   24,    0,  300,   74,    3,   93,   25,  128],
       [   0,   69,    8,    0,    6,    0,    1,  872,    0,    2],
       [   0,    8,   40,    0,   25,    1,    0,  326,  613,   15],
       [   0,   53,   22,    0,  148,    0,    0,   39,   13,  699],
       [   2,   17,    2,    0,  177,   14,    0,  299,   21,  477]],
      dtype=int64)}, 45.5204201000015)
[2024-08-13 13:00:35,400][flwr][INFO] - configure_evaluate: no clients selected, skipping evaluation
[2024-08-13 13:00:35,400][flwr][INFO] - 
[2024-08-13 13:00:35,400][flwr][INFO] - [ROUND 6]
[2024-08-13 13:00:35,401][flwr][INFO] - configure_fit: strategy sampled 10 clients (out of 10)
[2024-08-13 13:00:42,001][flwr][INFO] - aggregate_fit: received 10 results and 0 failures
[2024-08-13 13:00:44,256][flwr][INFO] - fit progress: (6, 1.973123738146586, {'accuracy': 0.2777, 'precision': 0.1497615582402204, 'recall': 0.2777, 'f1': 0.19304629463747347, 'confusion_matrix': array([[ 805,    9,    0,   51,    0,    3,  109,    0,    3,    0],
       [   1,    0, 1097,   11,    0,    0,   24,    0,    2,    0],
       [  30,    0,   71,  866,    0,   14,   17,    3,   29,    2],
       [  25,    0,    6,  812,    1,    2,   96,    1,   63,    4],
       [  62,    0,    5,   12,    0,  867,   20,    0,   13,    3],
       [ 119,   11,   35,   78,    0,   77,  528,    0,   43,    1],
       [  61,    0,   21,   41,    0,   16,  788,   31,    0,    0],
       [ 115,    0,   33,   34,    0,   12,    3,    0,  831,    0],
       [  87,    0,   37,  245,    0,   28,   72,    0,  223,  282],
       [ 760,    0,    5,   20,    0,   99,   13,    0,  111,    1]],
      dtype=int64)}, 54.37755599999218)
[2024-08-13 13:00:44,257][flwr][INFO] - configure_evaluate: no clients selected, skipping evaluation
[2024-08-13 13:00:44,257][flwr][INFO] - 
[2024-08-13 13:00:44,257][flwr][INFO] - [ROUND 7]
[2024-08-13 13:00:44,258][flwr][INFO] - configure_fit: strategy sampled 10 clients (out of 10)
[2024-08-13 13:00:50,820][flwr][INFO] - aggregate_fit: received 10 results and 0 failures
[2024-08-13 13:00:52,925][flwr][INFO] - fit progress: (7, 2.1261913291518124, {'accuracy': 0.1494, 'precision': 0.1089163785961247, 'recall': 0.1494, 'f1': 0.11294514843241732, 'confusion_matrix': array([[   4,  894,    1,    0,   10,    2,    0,   45,    1,   23],
       [   0,    3, 1107,    1,    3,    0,    0,    5,    0,   16],
       [   0,   52,  434,  296,   60,   16,    3,   64,   16,   91],
       [   0,   46,   18,    7,  822,    2,    6,   19,   10,   80],
       [   1,    2,    4,    0,   91,  756,    0,   52,    1,   75],
       [   4,  132,   30,    1,  198,  121,  154,   39,   19,  194],
       [   0,   57,   16,    0,    8,    5,   32,  826,    0,   14],
       [  15,    3,   51,    0,   19,   23,    0,   53,  815,   49],
       [   0,   14,   28,    0,   75,    5,    4,   13,    7,  828],
       [  38,   11,    4,    1,   69,   88,    0,   36,   20,  742]],
      dtype=int64)}, 63.04619399999501)
[2024-08-13 13:00:52,926][flwr][INFO] - configure_evaluate: no clients selected, skipping evaluation
[2024-08-13 13:00:52,926][flwr][INFO] - 
[2024-08-13 13:00:52,926][flwr][INFO] - [ROUND 8]
[2024-08-13 13:00:52,926][flwr][INFO] - configure_fit: strategy sampled 10 clients (out of 10)
[2024-08-13 13:00:59,785][flwr][INFO] - aggregate_fit: received 10 results and 0 failures
[2024-08-13 13:01:01,878][flwr][INFO] - fit progress: (8, 1.9583988350814416, {'accuracy': 0.2616, 'precision': 0.16189204496383258, 'recall': 0.2616, 'f1': 0.18162315752009764, 'confusion_matrix': array([[ 749,   53,    0,   31,    0,    1,  141,    5,    0,    0],
       [   1,    6, 1080,   18,    0,    0,   28,    0,    2,    0],
       [  36,    2,   52,  870,    1,    9,   20,   13,   29,    0],
       [  46,    2,    5,  728,   35,    0,  126,    6,   62,    0],
       [ 204,    0,    1,   12,    6,  703,   30,    7,   18,    1],
       [ 118,   20,   18,   43,    1,   24,  628,    4,   36,    0],
       [  39,    2,    4,   20,    1,    4,  635,  253,    0,    0],
       [ 176,    0,   26,   36,    0,    2,    4,   12,  772,    0],
       [ 168,    2,   26,  216,    0,   12,  137,    4,  404,    5],
       [ 884,    0,    2,   16,    2,   19,   17,    4,   65,    0]],
      dtype=int64)}, 71.9996356999909)
[2024-08-13 13:01:01,879][flwr][INFO] - configure_evaluate: no clients selected, skipping evaluation
[2024-08-13 13:01:01,879][flwr][INFO] - 
[2024-08-13 13:01:01,879][flwr][INFO] - [ROUND 9]
[2024-08-13 13:01:01,879][flwr][INFO] - configure_fit: strategy sampled 10 clients (out of 10)
[2024-08-13 13:01:08,641][flwr][INFO] - aggregate_fit: received 10 results and 0 failures
[2024-08-13 13:01:11,035][flwr][INFO] - fit progress: (9, 2.128763074220945, {'accuracy': 0.1405, 'precision': 0.11053009790435533, 'recall': 0.1405, 'f1': 0.11424197262032958, 'confusion_matrix': array([[   2,  881,    0,    0,   12,    3,    0,   66,    2,   14],
       [   0,    3, 1111,    1,    3,    0,    0,    6,    1,   10],
       [   0,   43,  411,  362,   45,   18,    3,   74,   16,   60],
       [   0,   41,   18,   12,  836,    2,    6,   23,   15,   57],
       [   0,    3,    4,    0,   71,  805,    0,   62,    1,   36],
       [   2,  119,   27,    1,  184,  183,  201,   46,   27,  102],
       [   0,   50,   17,    0,    6,    6,   31,  844,    0,    4],
       [  10,    4,   57,    0,   21,   21,    0,  119,  778,   18],
       [   0,   17,   31,    1,   91,   14,    6,   23,   16,  775],
       [  16,   12,    6,    2,   88,  212,    1,   82,   33,  557]],
      dtype=int64)}, 81.15612859999237)
[2024-08-13 13:01:11,036][flwr][INFO] - configure_evaluate: no clients selected, skipping evaluation
[2024-08-13 13:01:11,036][flwr][INFO] - 
[2024-08-13 13:01:11,036][flwr][INFO] - [ROUND 10]
[2024-08-13 13:01:11,036][flwr][INFO] - configure_fit: strategy sampled 10 clients (out of 10)
[2024-08-13 13:01:17,675][flwr][INFO] - aggregate_fit: received 10 results and 0 failures
[2024-08-13 13:01:19,780][flwr][INFO] - fit progress: (10, 1.8918228925695462, {'accuracy': 0.2649, 'precision': 0.17422911278580427, 'recall': 0.2649, 'f1': 0.1838937521289818, 'confusion_matrix': array([[ 733,   65,    0,   25,    0,    1,  150,    3,    3,    0],
       [   1,   11, 1082,   10,    0,    0,   29,    0,    2,    0],
       [  34,    3,   67,  854,    1,    7,   22,    8,   36,    0],
       [  44,    3,    6,  710,   46,    0,  129,    6,   65,    1],
       [ 273,    0,    1,   11,   18,  610,   44,    1,   22,    2],
       [ 105,   22,   15,   38,    1,   14,  654,    4,   38,    1],
       [  43,    3,    7,   21,    2,    3,  734,  145,    0,    0],
       [ 163,    1,   28,   33,    1,    2,    6,    2,  792,    0],
       [ 126,    3,   27,  172,    0,    3,  129,    2,  360,  152],
       [ 885,    0,    2,   18,    3,   11,   19,    2,   69,    0]],
      dtype=int64)}, 89.90136139999959)
[2024-08-13 13:01:19,781][flwr][INFO] - configure_evaluate: no clients selected, skipping evaluation
[2024-08-13 13:01:19,781][flwr][INFO] - 
[2024-08-13 13:01:19,781][flwr][INFO] - [SUMMARY]
[2024-08-13 13:01:19,781][flwr][INFO] - Run finished 10 round(s) in 89.90s
[2024-08-13 13:01:19,789][flwr][INFO] - 	History (loss, centralized):
[2024-08-13 13:01:19,789][flwr][INFO] - 		round 0: 2.3025850929940455
[2024-08-13 13:01:19,789][flwr][INFO] - 		round 1: 3.590360196751057
[2024-08-13 13:01:19,789][flwr][INFO] - 		round 2: 2.890631526268685
[2024-08-13 13:01:19,789][flwr][INFO] - 		round 3: 2.4064057571991415
[2024-08-13 13:01:19,790][flwr][INFO] - 		round 4: 2.280785674540737
[2024-08-13 13:01:19,790][flwr][INFO] - 		round 5: 2.1462055775999853
[2024-08-13 13:01:19,790][flwr][INFO] - 		round 6: 1.973123738146586
[2024-08-13 13:01:19,790][flwr][INFO] - 		round 7: 2.1261913291518124
[2024-08-13 13:01:19,790][flwr][INFO] - 		round 8: 1.9583988350814416
[2024-08-13 13:01:19,790][flwr][INFO] - 		round 9: 2.128763074220945
[2024-08-13 13:01:19,790][flwr][INFO] - 		round 10: 1.8918228925695462
[2024-08-13 13:01:19,790][flwr][INFO] - 	History (metrics, centralized):
[2024-08-13 13:01:19,790][flwr][INFO] - 	{'accuracy': [(0, 0.098),
[2024-08-13 13:01:19,790][flwr][INFO] - 	              (1, 0.0369),
[2024-08-13 13:01:19,790][flwr][INFO] - 	              (2, 0.0669),
[2024-08-13 13:01:19,790][flwr][INFO] - 	              (3, 0.1062),
[2024-08-13 13:01:19,790][flwr][INFO] - 	              (4, 0.2257),
[2024-08-13 13:01:19,790][flwr][INFO] - 	              (5, 0.1663),
[2024-08-13 13:01:19,790][flwr][INFO] - 	              (6, 0.2777),
[2024-08-13 13:01:19,790][flwr][INFO] - 	              (7, 0.1494),
[2024-08-13 13:01:19,791][flwr][INFO] - 	              (8, 0.2616),
[2024-08-13 13:01:19,791][flwr][INFO] - 	              (9, 0.1405),
[2024-08-13 13:01:19,791][flwr][INFO] - 	              (10, 0.2649)],
[2024-08-13 13:01:19,791][flwr][INFO] - 	 'confusion_matrix': [(0,
[2024-08-13 13:01:19,791][flwr][INFO] - 	                       array([[ 980,    0,    0,    0,    0,    0,    0,    0,    0,    0],
[2024-08-13 13:01:19,791][flwr][INFO] - 	       [1135,    0,    0,    0,    0,    0,    0,    0,    0,    0],
[2024-08-13 13:01:19,791][flwr][INFO] - 	       [1032,    0,    0,    0,    0,    0,    0,    0,    0,    0],
[2024-08-13 13:01:19,791][flwr][INFO] - 	       [1010,    0,    0,    0,    0,    0,    0,    0,    0,    0],
[2024-08-13 13:01:19,791][flwr][INFO] - 	       [ 982,    0,    0,    0,    0,    0,    0,    0,    0,    0],
[2024-08-13 13:01:19,791][flwr][INFO] - 	       [ 892,    0,    0,    0,    0,    0,    0,    0,    0,    0],
[2024-08-13 13:01:19,791][flwr][INFO] - 	       [ 958,    0,    0,    0,    0,    0,    0,    0,    0,    0],
[2024-08-13 13:01:19,791][flwr][INFO] - 	       [1028,    0,    0,    0,    0,    0,    0,    0,    0,    0],
[2024-08-13 13:01:19,791][flwr][INFO] - 	       [ 974,    0,    0,    0,    0,    0,    0,    0,    0,    0],
[2024-08-13 13:01:19,791][flwr][INFO] - 	       [1009,    0,    0,    0,    0,    0,    0,    0,    0,    0]],
[2024-08-13 13:01:19,791][flwr][INFO] - 	      dtype=int64)),
[2024-08-13 13:01:19,791][flwr][INFO] - 	                      (1,
[2024-08-13 13:01:19,792][flwr][INFO] - 	                       array([[   0,  934,    0,    1,    5,    0,    0,   18,    1,   21],
[2024-08-13 13:01:19,792][flwr][INFO] - 	       [   0,    0, 1088,    3,    2,    0,    0,    3,    1,   38],
[2024-08-13 13:01:19,792][flwr][INFO] - 	       [   3,   53,   84,  764,    8,    4,    0,   35,   19,   62],
[2024-08-13 13:01:19,792][flwr][INFO] - 	       [   1,   31,   17,   45,  779,    0,    0,    9,   15,  113],
[2024-08-13 13:01:19,792][flwr][INFO] - 	       [ 122,    9,   18,    5,   12,  549,    0,   63,   18,  186],
[2024-08-13 13:01:19,792][flwr][INFO] - 	       [  36,  144,   69,    9,  223,    3,    2,   38,   30,  338],
[2024-08-13 13:01:19,792][flwr][INFO] - 	       [   0,   69,   26,    9,    2,    1,    0,  822,    1,   28],
[2024-08-13 13:01:19,792][flwr][INFO] - 	       [  28,   12,   49,    9,    2,    1,    0,    3,  881,   43],
[2024-08-13 13:01:19,792][flwr][INFO] - 	       [   3,   23,   20,   10,   65,    1,    0,    9,   10,  833],
[2024-08-13 13:01:19,792][flwr][INFO] - 	       [ 612,   25,   13,    8,   17,    6,    0,    5,  111,  212]],
[2024-08-13 13:01:19,792][flwr][INFO] - 	      dtype=int64)),
[2024-08-13 13:01:19,792][flwr][INFO] - 	                      (2,
[2024-08-13 13:01:19,792][flwr][INFO] - 	                       array([[ 109,  602,    0,   10,    1,    3,  242,   13,    0,    0],
[2024-08-13 13:01:19,792][flwr][INFO] - 	       [   0,    0, 1096,   12,    1,    0,   23,    3,    0,    0],
[2024-08-13 13:01:19,792][flwr][INFO] - 	       [  16,    5,   67,  851,    5,   24,   20,   20,   22,    2],
[2024-08-13 13:01:19,792][flwr][INFO] - 	       [  26,    5,   14,  141,  644,    0,  141,    6,   33,    0],
[2024-08-13 13:01:19,792][flwr][INFO] - 	       [  26,    0,   13,    2,    0,  913,    8,   16,    4,    0],
[2024-08-13 13:01:19,793][flwr][INFO] - 	       [  58,    5,   45,    9,   37,   39,  666,   13,   20,    0],
[2024-08-13 13:01:19,793][flwr][INFO] - 	       [   6,    3,   13,   17,    1,   14,  216,  688,    0,    0],
[2024-08-13 13:01:19,793][flwr][INFO] - 	       [  80,    1,   47,   24,    0,   22,    3,    2,  849,    0],
[2024-08-13 13:01:19,793][flwr][INFO] - 	       [ 115,    1,   55,  128,   90,   38,  412,    8,   95,   32],
[2024-08-13 13:01:19,793][flwr][INFO] - 	       [ 704,    0,   13,    6,   12,  153,   29,    4,   88,    0]],
[2024-08-13 13:01:19,793][flwr][INFO] - 	      dtype=int64)),
[2024-08-13 13:01:19,793][flwr][INFO] - 	                      (3,
[2024-08-13 13:01:19,793][flwr][INFO] - 	                       array([[  26,  849,    0,    0,    5,    0,    0,   55,    1,   44],
[2024-08-13 13:01:19,793][flwr][INFO] - 	       [   0,    2, 1066,    2,    2,    0,    0,    4,    1,   58],
[2024-08-13 13:01:19,793][flwr][INFO] - 	       [   1,   34,  126,  568,   21,    7,    1,   87,   14,  173],
[2024-08-13 13:01:19,793][flwr][INFO] - 	       [   0,   23,    9,   41,  752,    0,    0,   18,    9,  158],
[2024-08-13 13:01:19,793][flwr][INFO] - 	       [   8,    1,    5,    0,   45,  587,    0,   88,    1,  247],
[2024-08-13 13:01:19,793][flwr][INFO] - 	       [  14,  102,   31,    6,  179,   24,   24,   61,   20,  431],
[2024-08-13 13:01:19,793][flwr][INFO] - 	       [   1,   36,   15,    3,    3,    1,    7,  864,    0,   28],
[2024-08-13 13:01:19,793][flwr][INFO] - 	       [  21,    2,   32,    1,    4,    2,    0,   19,  867,   80],
[2024-08-13 13:01:19,793][flwr][INFO] - 	       [   0,    6,   10,    2,   36,    1,    0,   10,    4,  905],
[2024-08-13 13:01:19,793][flwr][INFO] - 	       [ 111,    4,    3,    2,   32,   17,    0,   27,   45,  768]],
[2024-08-13 13:01:19,794][flwr][INFO] - 	      dtype=int64)),
[2024-08-13 13:01:19,794][flwr][INFO] - 	                      (4,
[2024-08-13 13:01:19,794][flwr][INFO] - 	                       array([[ 675,  127,    0,   15,    0,    3,  158,    2,    0,    0],
[2024-08-13 13:01:19,794][flwr][INFO] - 	       [   1,    0, 1097,    6,    0,    0,   31,    0,    0,    0],
[2024-08-13 13:01:19,794][flwr][INFO] - 	       [  40,    2,   70,  847,    1,   19,   21,    8,   24,    0],
[2024-08-13 13:01:19,794][flwr][INFO] - 	       [  41,    5,    9,  529,  223,    1,  150,    2,   50,    0],
[2024-08-13 13:01:19,794][flwr][INFO] - 	       [  61,    0,    5,    3,    2,  880,   24,    1,    6,    0],
[2024-08-13 13:01:19,794][flwr][INFO] - 	       [ 110,   21,   34,   23,    7,   45,  624,    3,   25,    0],
[2024-08-13 13:01:19,794][flwr][INFO] - 	       [  41,    1,   13,   19,    1,   19,  685,  179,    0,    0],
[2024-08-13 13:01:19,794][flwr][INFO] - 	       [ 136,    0,   42,   24,    2,   12,    6,    0,  806,    0],
[2024-08-13 13:01:19,794][flwr][INFO] - 	       [ 165,    4,   51,  239,    3,   34,  225,    2,  251,    0],
[2024-08-13 13:01:19,794][flwr][INFO] - 	       [ 774,    0,    7,   13,    6,  111,   17,    1,   80,    0]],
[2024-08-13 13:01:19,794][flwr][INFO] - 	      dtype=int64)),
[2024-08-13 13:01:19,794][flwr][INFO] - 	                      (5,
[2024-08-13 13:01:19,794][flwr][INFO] - 	                       array([[   1,  881,    0,    0,   10,    1,    0,   81,    2,    4],
[2024-08-13 13:01:19,794][flwr][INFO] - 	       [   0,   59, 1052,    0,    5,    0,    0,   16,    0,    3],
[2024-08-13 13:01:19,794][flwr][INFO] - 	       [   0,   91,  449,  155,   92,    2,    0,  179,   14,   50],
[2024-08-13 13:01:19,795][flwr][INFO] - 	       [   0,   78,   11,    1,  843,    0,    0,   28,   11,   38],
[2024-08-13 13:01:19,795][flwr][INFO] - 	       [   0,    4,    3,    0,  262,  458,    0,  209,    2,   44],
[2024-08-13 13:01:19,795][flwr][INFO] - 	       [   0,  245,   24,    0,  300,   74,    3,   93,   25,  128],
[2024-08-13 13:01:19,795][flwr][INFO] - 	       [   0,   69,    8,    0,    6,    0,    1,  872,    0,    2],
[2024-08-13 13:01:19,795][flwr][INFO] - 	       [   0,    8,   40,    0,   25,    1,    0,  326,  613,   15],
[2024-08-13 13:01:19,795][flwr][INFO] - 	       [   0,   53,   22,    0,  148,    0,    0,   39,   13,  699],
[2024-08-13 13:01:19,795][flwr][INFO] - 	       [   2,   17,    2,    0,  177,   14,    0,  299,   21,  477]],
[2024-08-13 13:01:19,795][flwr][INFO] - 	      dtype=int64)),
[2024-08-13 13:01:19,795][flwr][INFO] - 	                      (6,
[2024-08-13 13:01:19,795][flwr][INFO] - 	                       array([[ 805,    9,    0,   51,    0,    3,  109,    0,    3,    0],
[2024-08-13 13:01:19,795][flwr][INFO] - 	       [   1,    0, 1097,   11,    0,    0,   24,    0,    2,    0],
[2024-08-13 13:01:19,795][flwr][INFO] - 	       [  30,    0,   71,  866,    0,   14,   17,    3,   29,    2],
[2024-08-13 13:01:19,795][flwr][INFO] - 	       [  25,    0,    6,  812,    1,    2,   96,    1,   63,    4],
[2024-08-13 13:01:19,795][flwr][INFO] - 	       [  62,    0,    5,   12,    0,  867,   20,    0,   13,    3],
[2024-08-13 13:01:19,795][flwr][INFO] - 	       [ 119,   11,   35,   78,    0,   77,  528,    0,   43,    1],
[2024-08-13 13:01:19,795][flwr][INFO] - 	       [  61,    0,   21,   41,    0,   16,  788,   31,    0,    0],
[2024-08-13 13:01:19,795][flwr][INFO] - 	       [ 115,    0,   33,   34,    0,   12,    3,    0,  831,    0],
[2024-08-13 13:01:19,796][flwr][INFO] - 	       [  87,    0,   37,  245,    0,   28,   72,    0,  223,  282],
[2024-08-13 13:01:19,796][flwr][INFO] - 	       [ 760,    0,    5,   20,    0,   99,   13,    0,  111,    1]],
[2024-08-13 13:01:19,796][flwr][INFO] - 	      dtype=int64)),
[2024-08-13 13:01:19,796][flwr][INFO] - 	                      (7,
[2024-08-13 13:01:19,796][flwr][INFO] - 	                       array([[   4,  894,    1,    0,   10,    2,    0,   45,    1,   23],
[2024-08-13 13:01:19,796][flwr][INFO] - 	       [   0,    3, 1107,    1,    3,    0,    0,    5,    0,   16],
[2024-08-13 13:01:19,796][flwr][INFO] - 	       [   0,   52,  434,  296,   60,   16,    3,   64,   16,   91],
[2024-08-13 13:01:19,796][flwr][INFO] - 	       [   0,   46,   18,    7,  822,    2,    6,   19,   10,   80],
[2024-08-13 13:01:19,796][flwr][INFO] - 	       [   1,    2,    4,    0,   91,  756,    0,   52,    1,   75],
[2024-08-13 13:01:19,796][flwr][INFO] - 	       [   4,  132,   30,    1,  198,  121,  154,   39,   19,  194],
[2024-08-13 13:01:19,796][flwr][INFO] - 	       [   0,   57,   16,    0,    8,    5,   32,  826,    0,   14],
[2024-08-13 13:01:19,796][flwr][INFO] - 	       [  15,    3,   51,    0,   19,   23,    0,   53,  815,   49],
[2024-08-13 13:01:19,796][flwr][INFO] - 	       [   0,   14,   28,    0,   75,    5,    4,   13,    7,  828],
[2024-08-13 13:01:19,796][flwr][INFO] - 	       [  38,   11,    4,    1,   69,   88,    0,   36,   20,  742]],
[2024-08-13 13:01:19,796][flwr][INFO] - 	      dtype=int64)),
[2024-08-13 13:01:19,796][flwr][INFO] - 	                      (8,
[2024-08-13 13:01:19,796][flwr][INFO] - 	                       array([[ 749,   53,    0,   31,    0,    1,  141,    5,    0,    0],
[2024-08-13 13:01:19,797][flwr][INFO] - 	       [   1,    6, 1080,   18,    0,    0,   28,    0,    2,    0],
[2024-08-13 13:01:19,797][flwr][INFO] - 	       [  36,    2,   52,  870,    1,    9,   20,   13,   29,    0],
[2024-08-13 13:01:19,797][flwr][INFO] - 	       [  46,    2,    5,  728,   35,    0,  126,    6,   62,    0],
[2024-08-13 13:01:19,797][flwr][INFO] - 	       [ 204,    0,    1,   12,    6,  703,   30,    7,   18,    1],
[2024-08-13 13:01:19,797][flwr][INFO] - 	       [ 118,   20,   18,   43,    1,   24,  628,    4,   36,    0],
[2024-08-13 13:01:19,797][flwr][INFO] - 	       [  39,    2,    4,   20,    1,    4,  635,  253,    0,    0],
[2024-08-13 13:01:19,797][flwr][INFO] - 	       [ 176,    0,   26,   36,    0,    2,    4,   12,  772,    0],
[2024-08-13 13:01:19,797][flwr][INFO] - 	       [ 168,    2,   26,  216,    0,   12,  137,    4,  404,    5],
[2024-08-13 13:01:19,797][flwr][INFO] - 	       [ 884,    0,    2,   16,    2,   19,   17,    4,   65,    0]],
[2024-08-13 13:01:19,797][flwr][INFO] - 	      dtype=int64)),
[2024-08-13 13:01:19,797][flwr][INFO] - 	                      (9,
[2024-08-13 13:01:19,797][flwr][INFO] - 	                       array([[   2,  881,    0,    0,   12,    3,    0,   66,    2,   14],
[2024-08-13 13:01:19,797][flwr][INFO] - 	       [   0,    3, 1111,    1,    3,    0,    0,    6,    1,   10],
[2024-08-13 13:01:19,797][flwr][INFO] - 	       [   0,   43,  411,  362,   45,   18,    3,   74,   16,   60],
[2024-08-13 13:01:19,797][flwr][INFO] - 	       [   0,   41,   18,   12,  836,    2,    6,   23,   15,   57],
[2024-08-13 13:01:19,797][flwr][INFO] - 	       [   0,    3,    4,    0,   71,  805,    0,   62,    1,   36],
[2024-08-13 13:01:19,797][flwr][INFO] - 	       [   2,  119,   27,    1,  184,  183,  201,   46,   27,  102],
[2024-08-13 13:01:19,798][flwr][INFO] - 	       [   0,   50,   17,    0,    6,    6,   31,  844,    0,    4],
[2024-08-13 13:01:19,798][flwr][INFO] - 	       [  10,    4,   57,    0,   21,   21,    0,  119,  778,   18],
[2024-08-13 13:01:19,798][flwr][INFO] - 	       [   0,   17,   31,    1,   91,   14,    6,   23,   16,  775],
[2024-08-13 13:01:19,798][flwr][INFO] - 	       [  16,   12,    6,    2,   88,  212,    1,   82,   33,  557]],
[2024-08-13 13:01:19,798][flwr][INFO] - 	      dtype=int64)),
[2024-08-13 13:01:19,798][flwr][INFO] - 	                      (10,
[2024-08-13 13:01:19,798][flwr][INFO] - 	                       array([[ 733,   65,    0,   25,    0,    1,  150,    3,    3,    0],
[2024-08-13 13:01:19,798][flwr][INFO] - 	       [   1,   11, 1082,   10,    0,    0,   29,    0,    2,    0],
[2024-08-13 13:01:19,798][flwr][INFO] - 	       [  34,    3,   67,  854,    1,    7,   22,    8,   36,    0],
[2024-08-13 13:01:19,798][flwr][INFO] - 	       [  44,    3,    6,  710,   46,    0,  129,    6,   65,    1],
[2024-08-13 13:01:19,798][flwr][INFO] - 	       [ 273,    0,    1,   11,   18,  610,   44,    1,   22,    2],
[2024-08-13 13:01:19,798][flwr][INFO] - 	       [ 105,   22,   15,   38,    1,   14,  654,    4,   38,    1],
[2024-08-13 13:01:19,798][flwr][INFO] - 	       [  43,    3,    7,   21,    2,    3,  734,  145,    0,    0],
[2024-08-13 13:01:19,798][flwr][INFO] - 	       [ 163,    1,   28,   33,    1,    2,    6,    2,  792,    0],
[2024-08-13 13:01:19,798][flwr][INFO] - 	       [ 126,    3,   27,  172,    0,    3,  129,    2,  360,  152],
[2024-08-13 13:01:19,798][flwr][INFO] - 	       [ 885,    0,    2,   18,    3,   11,   19,    2,   69,    0]],
[2024-08-13 13:01:19,798][flwr][INFO] - 	      dtype=int64))],
[2024-08-13 13:01:19,799][flwr][INFO] - 	 'f1': [(0, 0.017493624772313296),
[2024-08-13 13:01:19,799][flwr][INFO] - 	        (1, 0.02960838796625833),
[2024-08-13 13:01:19,799][flwr][INFO] - 	        (2, 0.056386058806885374),
[2024-08-13 13:01:19,799][flwr][INFO] - 	        (3, 0.07112291213138328),
[2024-08-13 13:01:19,799][flwr][INFO] - 	        (4, 0.16068242141020875),
[2024-08-13 13:01:19,799][flwr][INFO] - 	        (5, 0.12956125731220342),
[2024-08-13 13:01:19,799][flwr][INFO] - 	        (6, 0.19304629463747347),
[2024-08-13 13:01:19,799][flwr][INFO] - 	        (7, 0.11294514843241732),
[2024-08-13 13:01:19,799][flwr][INFO] - 	        (8, 0.18162315752009764),
[2024-08-13 13:01:19,799][flwr][INFO] - 	        (9, 0.11424197262032958),
[2024-08-13 13:01:19,799][flwr][INFO] - 	        (10, 0.1838937521289818)],
[2024-08-13 13:01:19,799][flwr][INFO] - 	 'precision': [(0, 0.009604000000000001),
[2024-08-13 13:01:19,799][flwr][INFO] - 	               (1, 0.02567800952457941),
[2024-08-13 13:01:19,799][flwr][INFO] - 	               (2, 0.049546962213787495),
[2024-08-13 13:01:19,799][flwr][INFO] - 	               (3, 0.08805160835974159),
[2024-08-13 13:01:19,799][flwr][INFO] - 	               (4, 0.12676787245938073),
[2024-08-13 13:01:19,799][flwr][INFO] - 	               (5, 0.16666816384026914),
[2024-08-13 13:01:19,800][flwr][INFO] - 	               (6, 0.1497615582402204),
[2024-08-13 13:01:19,800][flwr][INFO] - 	               (7, 0.1089163785961247),
[2024-08-13 13:01:19,800][flwr][INFO] - 	               (8, 0.16189204496383258),
[2024-08-13 13:01:19,800][flwr][INFO] - 	               (9, 0.11053009790435533),
[2024-08-13 13:01:19,800][flwr][INFO] - 	               (10, 0.17422911278580427)],
[2024-08-13 13:01:19,800][flwr][INFO] - 	 'recall': [(0, 0.098),
[2024-08-13 13:01:19,800][flwr][INFO] - 	            (1, 0.0369),
[2024-08-13 13:01:19,800][flwr][INFO] - 	            (2, 0.0669),
[2024-08-13 13:01:19,800][flwr][INFO] - 	            (3, 0.1062),
[2024-08-13 13:01:19,800][flwr][INFO] - 	            (4, 0.2257),
[2024-08-13 13:01:19,800][flwr][INFO] - 	            (5, 0.1663),
[2024-08-13 13:01:19,800][flwr][INFO] - 	            (6, 0.2777),
[2024-08-13 13:01:19,800][flwr][INFO] - 	            (7, 0.1494),
[2024-08-13 13:01:19,800][flwr][INFO] - 	            (8, 0.2616),
[2024-08-13 13:01:19,800][flwr][INFO] - 	            (9, 0.1405),
[2024-08-13 13:01:19,800][flwr][INFO] - 	            (10, 0.2649)]}
[2024-08-13 13:01:19,800][flwr][INFO] - 
