[2024-08-13 11:17:08,432][flwr][INFO] - Starting Flower simulation, config: num_rounds=10, no round_timeout
[2024-08-13 11:17:12,612][flwr][INFO] - Flower VCE: Ray initialized with resources: {'node:127.0.0.1': 1.0, 'object_store_memory': 2519194828.0, 'memory': 5038389659.0, 'CPU': 16.0, 'GPU': 1.0, 'node:__internal_head__': 1.0, 'accelerator_type:G': 1.0}
[2024-08-13 11:17:12,613][flwr][INFO] - Optimize your simulation with Flower VCE: https://flower.ai/docs/framework/how-to-run-simulations.html
[2024-08-13 11:17:12,613][flwr][INFO] - Flower VCE: Resources for each Virtual Client: {'num_cpus': 2, 'num_gpus': 0.5}
[2024-08-13 11:17:12,624][flwr][INFO] - Flower VCE: Creating VirtualClientEngineActorPool with 2 actors
[2024-08-13 11:17:12,624][flwr][INFO] - [INIT]
[2024-08-13 11:17:12,625][flwr][INFO] - Requesting initial parameters from one random client
[2024-08-13 11:17:20,012][flwr][INFO] - Received initial parameters from one random client
[2024-08-13 11:17:20,012][flwr][INFO] - Evaluating initial global parameters
[2024-08-13 11:17:22,259][flwr][INFO] - initial parameters (loss, other metrics): 2.3025850929940455, {'accuracy': 0.098, 'precision': 0.009604000000000001, 'recall': 0.098, 'f1': 0.017493624772313296, 'confusion_matrix': array([[ 980,    0,    0,    0,    0,    0,    0,    0,    0,    0],
       [1135,    0,    0,    0,    0,    0,    0,    0,    0,    0],
       [1032,    0,    0,    0,    0,    0,    0,    0,    0,    0],
       [1010,    0,    0,    0,    0,    0,    0,    0,    0,    0],
       [ 982,    0,    0,    0,    0,    0,    0,    0,    0,    0],
       [ 892,    0,    0,    0,    0,    0,    0,    0,    0,    0],
       [ 958,    0,    0,    0,    0,    0,    0,    0,    0,    0],
       [1028,    0,    0,    0,    0,    0,    0,    0,    0,    0],
       [ 974,    0,    0,    0,    0,    0,    0,    0,    0,    0],
       [1009,    0,    0,    0,    0,    0,    0,    0,    0,    0]],
      dtype=int64)}
[2024-08-13 11:17:22,260][flwr][INFO] - 
[2024-08-13 11:17:22,260][flwr][INFO] - [ROUND 1]
[2024-08-13 11:17:22,261][flwr][INFO] - configure_fit: strategy sampled 10 clients (out of 10)
[2024-08-13 11:17:30,680][flwr][INFO] - aggregate_fit: received 10 results and 0 failures
[2024-08-13 11:17:30,683][flwr][WARNING] - No fit_metrics_aggregation_fn provided
[2024-08-13 11:17:32,919][flwr][INFO] - fit progress: (1, 1.057947587359923, {'accuracy': 0.6785, 'precision': 0.7591958151894826, 'recall': 0.6785, 'f1': 0.6442995552864385, 'confusion_matrix': array([[957,   0,   2,   5,   0,   0,   6,   0,  10,   0],
       [  0, 945, 135,   7,   0,   0,   4,   1,  42,   1],
       [ 93,   7, 650, 158,   5,   0,  17,  18,  60,  24],
       [ 25,   3,  10, 869,   0,   0,   7,   9,  69,  18],
       [ 48,   4,   4,   1, 300,   0,  18,   7,  52, 548],
       [264,  50,  17, 232,   4,   1,  26,  13, 208,  77],
       [121,  12,  26,   5,   3,   0, 773,   5,  11,   2],
       [ 37,  20,  20,   3,   2,   0,   1, 720, 141,  84],
       [ 53,   3,  15, 137,   3,   0,  10,   2, 719,  32],
       [ 62,   4,   0,   9,  11,   0,   1,  11,  60, 851]], dtype=int64)}, 10.659063500002958)
[2024-08-13 11:17:32,920][flwr][INFO] - configure_evaluate: no clients selected, skipping evaluation
[2024-08-13 11:17:32,920][flwr][INFO] - 
[2024-08-13 11:17:32,920][flwr][INFO] - [ROUND 2]
[2024-08-13 11:17:32,921][flwr][INFO] - configure_fit: strategy sampled 10 clients (out of 10)
[2024-08-13 11:17:39,443][flwr][INFO] - aggregate_fit: received 10 results and 0 failures
[2024-08-13 11:17:41,655][flwr][INFO] - fit progress: (2, 0.9185915522797894, {'accuracy': 0.7667, 'precision': 0.7830189260464157, 'recall': 0.7667, 'f1': 0.757435077663609, 'confusion_matrix': array([[ 866,    2,    4,    2,    2,   22,   73,    5,    4,    0],
       [   0, 1023,   94,    2,    2,    4,    5,    3,    0,    2],
       [  16,   19,  834,   52,   27,    0,   26,   39,   18,    1],
       [   0,   13,   32,  823,   19,   38,   16,   22,   21,   26],
       [   3,    5,    4,    0,  909,    1,   22,   27,    3,    8],
       [  15,   77,   17,  105,   43,  527,   55,   37,    6,   10],
       [  14,   16,   30,    1,   21,    7,  858,   11,    0,    0],
       [   5,   35,   48,    0,   22,    0,    1,  907,    7,    3],
       [   7,   58,   53,  112,   84,   55,   38,   23,  501,   43],
       [  19,   14,    3,    5,  353,   13,    3,  171,    9,  419]],
      dtype=int64)}, 19.39488690000144)
[2024-08-13 11:17:41,656][flwr][INFO] - configure_evaluate: no clients selected, skipping evaluation
[2024-08-13 11:17:41,656][flwr][INFO] - 
[2024-08-13 11:17:41,656][flwr][INFO] - [ROUND 3]
[2024-08-13 11:17:41,656][flwr][INFO] - configure_fit: strategy sampled 10 clients (out of 10)
[2024-08-13 11:17:47,954][flwr][INFO] - aggregate_fit: received 10 results and 0 failures
[2024-08-13 11:17:50,173][flwr][INFO] - fit progress: (3, 1.3035407987487164, {'accuracy': 0.5723, 'precision': 0.6743565642332027, 'recall': 0.5723, 'f1': 0.5412857164763254, 'confusion_matrix': array([[812,  69,   0,   7,   0,  10,   9,   4,  66,   3],
       [  0, 852, 133,   3,   0,   0,   2,   0, 143,   2],
       [  6,  16, 388, 336,   0,   4,  14,   9, 207,  52],
       [  0,  10,   1, 710,   1,  27,   3,   5, 211,  42],
       [ 13,   3,   0,   0,  55,  41,   5,   5,  48, 812],
       [  4,  60,   3,  88,   1, 331,  13,   6, 300,  86],
       [ 17,  25,  21,   5,   2,  13, 737,  71,  47,  20],
       [ 19,  10,  11,   2,   0,   2,   0,  75, 772, 137],
       [  2,   4,   3,  32,   1,  10,   1,   1, 867,  53],
       [ 15,   1,   1,   4,   2,   2,   0,   4,  84, 896]], dtype=int64)}, 27.912808799999766)
[2024-08-13 11:17:50,174][flwr][INFO] - configure_evaluate: no clients selected, skipping evaluation
[2024-08-13 11:17:50,174][flwr][INFO] - 
[2024-08-13 11:17:50,174][flwr][INFO] - [ROUND 4]
[2024-08-13 11:17:50,174][flwr][INFO] - configure_fit: strategy sampled 10 clients (out of 10)
[2024-08-13 11:17:56,695][flwr][INFO] - aggregate_fit: received 10 results and 0 failures
[2024-08-13 11:17:58,923][flwr][INFO] - fit progress: (4, 1.082200272982427, {'accuracy': 0.7021, 'precision': 0.7295938857325831, 'recall': 0.7021, 'f1': 0.6724948827357095, 'confusion_matrix': array([[906,  15,   2,   5,   0,  11,  22,  19,   0,   0],
       [  0, 942, 168,   4,   1,   6,   6,   8,   0,   0],
       [ 19,  22, 802,  79,  25,   1,  21,  56,   7,   0],
       [  6,  26,  14, 810,  45,  48,  13,  33,   4,  11],
       [ 11,   4,   4,   0, 823,  29,  18,  90,   0,   3],
       [ 22,  76,  15,  73,  28, 584,  57,  36,   0,   1],
       [ 13,  13,  26,   0,  11,   5, 810,  80,   0,   0],
       [ 12,  26,  54,   1,  18,   0,   1, 915,   1,   0],
       [ 43, 103,  49, 165, 112, 168,  48,  51, 147,  88],
       [ 72,  11,   4,   5, 247,  76,   1, 311,   0, 282]], dtype=int64)}, 36.66274970000086)
[2024-08-13 11:17:58,924][flwr][INFO] - configure_evaluate: no clients selected, skipping evaluation
[2024-08-13 11:17:58,924][flwr][INFO] - 
[2024-08-13 11:17:58,924][flwr][INFO] - [ROUND 5]
[2024-08-13 11:17:58,924][flwr][INFO] - configure_fit: strategy sampled 10 clients (out of 10)
[2024-08-13 11:18:05,543][flwr][INFO] - aggregate_fit: received 10 results and 0 failures
[2024-08-13 11:18:07,757][flwr][INFO] - fit progress: (5, 0.9750971715764536, {'accuracy': 0.7671, 'precision': 0.7936185281280452, 'recall': 0.7671, 'f1': 0.7656057990301528, 'confusion_matrix': array([[ 875,   27,    2,    9,    0,    6,   41,    3,   17,    0],
       [   0, 1010,   72,    6,    1,    2,    5,    1,   36,    2],
       [  10,   22,  748,  100,    9,    1,   26,   18,   78,   20],
       [   0,   15,    7,  802,    7,   21,   18,   10,   95,   35],
       [   9,    6,    2,    0,  627,    0,   26,   10,   26,  276],
       [  13,   80,    8,   86,   11,  449,   71,   12,  117,   45],
       [  12,   18,   21,    0,    9,    4,  866,   25,    2,    1],
       [  19,   23,   28,    4,   16,    0,    2,  618,  195,  123],
       [  10,   23,   12,   53,    7,   10,   22,    2,  786,   49],
       [  29,    5,    2,    4,   21,    6,    2,   12,   38,  890]],
      dtype=int64)}, 45.49725760000001)
[2024-08-13 11:18:07,758][flwr][INFO] - configure_evaluate: no clients selected, skipping evaluation
[2024-08-13 11:18:07,758][flwr][INFO] - 
[2024-08-13 11:18:07,758][flwr][INFO] - [ROUND 6]
[2024-08-13 11:18:07,758][flwr][INFO] - configure_fit: strategy sampled 10 clients (out of 10)
[2024-08-13 11:18:14,458][flwr][INFO] - aggregate_fit: received 10 results and 0 failures
[2024-08-13 11:18:16,660][flwr][INFO] - fit progress: (6, 0.9396251627235324, {'accuracy': 0.7469, 'precision': 0.7846339255049604, 'recall': 0.7469, 'f1': 0.7268462077956478, 'confusion_matrix': array([[ 913,    8,    5,    3,    1,   14,   14,   22,    0,    0],
       [   0, 1017,   87,    6,    2,    9,    4,   10,    0,    0],
       [  13,   19,  845,   40,   32,    1,   16,   54,   12,    0],
       [   2,   14,   18,  829,   26,   57,    8,   41,    7,    8],
       [   5,    4,    3,    0,  900,    8,   11,   48,    1,    2],
       [  19,   54,    9,   56,   21,  661,   28,   42,    2,    0],
       [  13,   10,   34,    0,   21,   18,  776,   86,    0,    0],
       [   7,   26,   40,    2,   17,    0,    0,  934,    2,    0],
       [  24,   62,   46,  108,   90,  160,   27,   58,  379,   20],
       [  37,    7,    4,    4,  330,   55,    1,  356,    0,  215]],
      dtype=int64)}, 54.399223500004155)
[2024-08-13 11:18:16,661][flwr][INFO] - configure_evaluate: no clients selected, skipping evaluation
[2024-08-13 11:18:16,661][flwr][INFO] - 
[2024-08-13 11:18:16,661][flwr][INFO] - [ROUND 7]
[2024-08-13 11:18:16,661][flwr][INFO] - configure_fit: strategy sampled 10 clients (out of 10)
[2024-08-13 11:18:23,331][flwr][INFO] - aggregate_fit: received 10 results and 0 failures
[2024-08-13 11:18:25,476][flwr][INFO] - fit progress: (7, 0.8930680530542788, {'accuracy': 0.7859, 'precision': 0.8117293494377952, 'recall': 0.7859, 'f1': 0.7853648285546942, 'confusion_matrix': array([[ 873,   27,    3,    6,    1,    7,   46,    1,   15,    1],
       [   0, 1034,   42,    9,    1,    3,    6,    1,   36,    3],
       [  10,   21,  759,   84,    9,    1,   29,   17,   78,   24],
       [   0,   14,    6,  820,    3,   22,   19,   10,   68,   48],
       [   5,    6,    2,    1,  631,    0,   30,    5,   16,  286],
       [  12,   63,    4,   86,    9,  489,   67,   11,   98,   53],
       [  11,   17,   16,    0,   11,    4,  883,   14,    1,    1],
       [  15,   26,   28,    4,   17,    0,    2,  676,  103,  157],
       [   9,   21,    9,   43,    7,   11,   23,    2,  776,   73],
       [  25,    6,    3,    5,   18,    7,    1,    6,   20,  918]],
      dtype=int64)}, 63.2156748999987)
[2024-08-13 11:18:25,476][flwr][INFO] - configure_evaluate: no clients selected, skipping evaluation
[2024-08-13 11:18:25,477][flwr][INFO] - 
[2024-08-13 11:18:25,477][flwr][INFO] - [ROUND 8]
[2024-08-13 11:18:25,477][flwr][INFO] - configure_fit: strategy sampled 10 clients (out of 10)
[2024-08-13 11:18:32,250][flwr][INFO] - aggregate_fit: received 10 results and 0 failures
[2024-08-13 11:18:34,565][flwr][INFO] - fit progress: (8, 0.8960266164266529, {'accuracy': 0.7688, 'precision': 0.8062328875712466, 'recall': 0.7688, 'f1': 0.7514765670066088, 'confusion_matrix': array([[ 899,   15,    5,    4,    2,   25,   10,   19,    1,    0],
       [   0, 1032,   69,    9,    2,   10,    4,    6,    3,    0],
       [  12,   19,  834,   48,   35,    0,   16,   50,   18,    0],
       [   2,   13,   13,  842,   19,   58,    4,   33,   24,    2],
       [   2,    3,    2,    0,  915,   12,   11,   34,    2,    1],
       [  15,   50,    9,   52,   19,  684,   19,   38,    6,    0],
       [  13,   12,   26,    0,   21,   21,  779,   86,    0,    0],
       [   8,   26,   39,    3,   22,    0,    0,  926,    4,    0],
       [  19,   47,   24,   83,   59,  103,   20,   35,  582,    2],
       [  40,    9,    3,    5,  376,   68,    1,  308,    4,  195]],
      dtype=int64)}, 72.30447770000319)
[2024-08-13 11:18:34,565][flwr][INFO] - configure_evaluate: no clients selected, skipping evaluation
[2024-08-13 11:18:34,566][flwr][INFO] - 
[2024-08-13 11:18:34,566][flwr][INFO] - [ROUND 9]
[2024-08-13 11:18:34,566][flwr][INFO] - configure_fit: strategy sampled 10 clients (out of 10)
[2024-08-13 11:18:41,297][flwr][INFO] - aggregate_fit: received 10 results and 0 failures
[2024-08-13 11:18:43,697][flwr][INFO] - fit progress: (9, 0.8618238543145817, {'accuracy': 0.7949, 'precision': 0.8173617431422869, 'recall': 0.7949, 'f1': 0.7947706147221177, 'confusion_matrix': array([[ 877,   35,    4,    5,    1,    7,   42,    1,    8,    0],
       [   0, 1040,   37,    9,    1,    3,    9,    1,   32,    3],
       [  10,   18,  780,   74,   10,    0,   28,   22,   68,   22],
       [   0,   14,    6,  828,    3,   24,   19,   11,   53,   52],
       [   5,    6,    2,    1,  652,    1,   29,    5,   15,  266],
       [  13,   56,    4,   81,    8,  512,   70,   12,   82,   54],
       [  11,   14,   16,    0,    8,    5,  889,   13,    1,    1],
       [  14,   25,   32,    6,   17,    0,    2,  709,   81,  142],
       [  12,   22,   10,   42,    6,   11,   25,    2,  741,  103],
       [  25,    6,    4,    6,   16,    7,    1,    7,   16,  921]],
      dtype=int64)}, 81.43724060000386)
[2024-08-13 11:18:43,698][flwr][INFO] - configure_evaluate: no clients selected, skipping evaluation
[2024-08-13 11:18:43,698][flwr][INFO] - 
[2024-08-13 11:18:43,698][flwr][INFO] - [ROUND 10]
[2024-08-13 11:18:43,698][flwr][INFO] - configure_fit: strategy sampled 10 clients (out of 10)
[2024-08-13 11:18:50,273][flwr][INFO] - aggregate_fit: received 10 results and 0 failures
[2024-08-13 11:18:52,515][flwr][INFO] - fit progress: (10, 0.8638011706794907, {'accuracy': 0.777, 'precision': 0.813252324095894, 'recall': 0.777, 'f1': 0.7588572637585951, 'confusion_matrix': array([[ 896,   16,    6,    3,    2,   24,   11,   18,    4,    0],
       [   0, 1040,   57,    9,    2,   11,    4,    5,    7,    0],
       [  12,   16,  836,   39,   39,    0,   15,   46,   29,    0],
       [   2,   16,   14,  827,   23,   54,    4,   32,   37,    1],
       [   2,    3,    2,    0,  923,   11,    9,   28,    3,    1],
       [  13,   41,    8,   44,   19,  701,   18,   37,   11,    0],
       [  13,   11,   19,    0,   24,   20,  787,   84,    0,    0],
       [   8,   26,   38,    2,   24,    1,    0,  921,    8,    0],
       [  18,   36,   22,   55,   54,   80,   18,   28,  663,    0],
       [  45,   10,    4,    5,  402,   66,    0,  289,   12,  176]],
      dtype=int64)}, 90.25525380000181)
[2024-08-13 11:18:52,516][flwr][INFO] - configure_evaluate: no clients selected, skipping evaluation
[2024-08-13 11:18:52,516][flwr][INFO] - 
[2024-08-13 11:18:52,516][flwr][INFO] - [SUMMARY]
[2024-08-13 11:18:52,516][flwr][INFO] - Run finished 10 round(s) in 90.26s
[2024-08-13 11:18:52,525][flwr][INFO] - 	History (loss, centralized):
[2024-08-13 11:18:52,525][flwr][INFO] - 		round 0: 2.3025850929940455
[2024-08-13 11:18:52,525][flwr][INFO] - 		round 1: 1.057947587359923
[2024-08-13 11:18:52,525][flwr][INFO] - 		round 2: 0.9185915522797894
[2024-08-13 11:18:52,525][flwr][INFO] - 		round 3: 1.3035407987487164
[2024-08-13 11:18:52,525][flwr][INFO] - 		round 4: 1.082200272982427
[2024-08-13 11:18:52,525][flwr][INFO] - 		round 5: 0.9750971715764536
[2024-08-13 11:18:52,525][flwr][INFO] - 		round 6: 0.9396251627235324
[2024-08-13 11:18:52,525][flwr][INFO] - 		round 7: 0.8930680530542788
[2024-08-13 11:18:52,525][flwr][INFO] - 		round 8: 0.8960266164266529
[2024-08-13 11:18:52,525][flwr][INFO] - 		round 9: 0.8618238543145817
[2024-08-13 11:18:52,525][flwr][INFO] - 		round 10: 0.8638011706794907
[2024-08-13 11:18:52,525][flwr][INFO] - 	History (metrics, centralized):
[2024-08-13 11:18:52,526][flwr][INFO] - 	{'accuracy': [(0, 0.098),
[2024-08-13 11:18:52,526][flwr][INFO] - 	              (1, 0.6785),
[2024-08-13 11:18:52,526][flwr][INFO] - 	              (2, 0.7667),
[2024-08-13 11:18:52,526][flwr][INFO] - 	              (3, 0.5723),
[2024-08-13 11:18:52,526][flwr][INFO] - 	              (4, 0.7021),
[2024-08-13 11:18:52,526][flwr][INFO] - 	              (5, 0.7671),
[2024-08-13 11:18:52,526][flwr][INFO] - 	              (6, 0.7469),
[2024-08-13 11:18:52,526][flwr][INFO] - 	              (7, 0.7859),
[2024-08-13 11:18:52,526][flwr][INFO] - 	              (8, 0.7688),
[2024-08-13 11:18:52,526][flwr][INFO] - 	              (9, 0.7949),
[2024-08-13 11:18:52,526][flwr][INFO] - 	              (10, 0.777)],
[2024-08-13 11:18:52,526][flwr][INFO] - 	 'confusion_matrix': [(0,
[2024-08-13 11:18:52,526][flwr][INFO] - 	                       array([[ 980,    0,    0,    0,    0,    0,    0,    0,    0,    0],
[2024-08-13 11:18:52,526][flwr][INFO] - 	       [1135,    0,    0,    0,    0,    0,    0,    0,    0,    0],
[2024-08-13 11:18:52,526][flwr][INFO] - 	       [1032,    0,    0,    0,    0,    0,    0,    0,    0,    0],
[2024-08-13 11:18:52,527][flwr][INFO] - 	       [1010,    0,    0,    0,    0,    0,    0,    0,    0,    0],
[2024-08-13 11:18:52,527][flwr][INFO] - 	       [ 982,    0,    0,    0,    0,    0,    0,    0,    0,    0],
[2024-08-13 11:18:52,527][flwr][INFO] - 	       [ 892,    0,    0,    0,    0,    0,    0,    0,    0,    0],
[2024-08-13 11:18:52,527][flwr][INFO] - 	       [ 958,    0,    0,    0,    0,    0,    0,    0,    0,    0],
[2024-08-13 11:18:52,527][flwr][INFO] - 	       [1028,    0,    0,    0,    0,    0,    0,    0,    0,    0],
[2024-08-13 11:18:52,527][flwr][INFO] - 	       [ 974,    0,    0,    0,    0,    0,    0,    0,    0,    0],
[2024-08-13 11:18:52,527][flwr][INFO] - 	       [1009,    0,    0,    0,    0,    0,    0,    0,    0,    0]],
[2024-08-13 11:18:52,527][flwr][INFO] - 	      dtype=int64)),
[2024-08-13 11:18:52,527][flwr][INFO] - 	                      (1,
[2024-08-13 11:18:52,527][flwr][INFO] - 	                       array([[957,   0,   2,   5,   0,   0,   6,   0,  10,   0],
[2024-08-13 11:18:52,527][flwr][INFO] - 	       [  0, 945, 135,   7,   0,   0,   4,   1,  42,   1],
[2024-08-13 11:18:52,527][flwr][INFO] - 	       [ 93,   7, 650, 158,   5,   0,  17,  18,  60,  24],
[2024-08-13 11:18:52,527][flwr][INFO] - 	       [ 25,   3,  10, 869,   0,   0,   7,   9,  69,  18],
[2024-08-13 11:18:52,527][flwr][INFO] - 	       [ 48,   4,   4,   1, 300,   0,  18,   7,  52, 548],
[2024-08-13 11:18:52,527][flwr][INFO] - 	       [264,  50,  17, 232,   4,   1,  26,  13, 208,  77],
[2024-08-13 11:18:52,527][flwr][INFO] - 	       [121,  12,  26,   5,   3,   0, 773,   5,  11,   2],
[2024-08-13 11:18:52,527][flwr][INFO] - 	       [ 37,  20,  20,   3,   2,   0,   1, 720, 141,  84],
[2024-08-13 11:18:52,528][flwr][INFO] - 	       [ 53,   3,  15, 137,   3,   0,  10,   2, 719,  32],
[2024-08-13 11:18:52,528][flwr][INFO] - 	       [ 62,   4,   0,   9,  11,   0,   1,  11,  60, 851]], dtype=int64)),
[2024-08-13 11:18:52,528][flwr][INFO] - 	                      (2,
[2024-08-13 11:18:52,528][flwr][INFO] - 	                       array([[ 866,    2,    4,    2,    2,   22,   73,    5,    4,    0],
[2024-08-13 11:18:52,528][flwr][INFO] - 	       [   0, 1023,   94,    2,    2,    4,    5,    3,    0,    2],
[2024-08-13 11:18:52,528][flwr][INFO] - 	       [  16,   19,  834,   52,   27,    0,   26,   39,   18,    1],
[2024-08-13 11:18:52,528][flwr][INFO] - 	       [   0,   13,   32,  823,   19,   38,   16,   22,   21,   26],
[2024-08-13 11:18:52,528][flwr][INFO] - 	       [   3,    5,    4,    0,  909,    1,   22,   27,    3,    8],
[2024-08-13 11:18:52,528][flwr][INFO] - 	       [  15,   77,   17,  105,   43,  527,   55,   37,    6,   10],
[2024-08-13 11:18:52,528][flwr][INFO] - 	       [  14,   16,   30,    1,   21,    7,  858,   11,    0,    0],
[2024-08-13 11:18:52,528][flwr][INFO] - 	       [   5,   35,   48,    0,   22,    0,    1,  907,    7,    3],
[2024-08-13 11:18:52,528][flwr][INFO] - 	       [   7,   58,   53,  112,   84,   55,   38,   23,  501,   43],
[2024-08-13 11:18:52,528][flwr][INFO] - 	       [  19,   14,    3,    5,  353,   13,    3,  171,    9,  419]],
[2024-08-13 11:18:52,528][flwr][INFO] - 	      dtype=int64)),
[2024-08-13 11:18:52,528][flwr][INFO] - 	                      (3,
[2024-08-13 11:18:52,528][flwr][INFO] - 	                       array([[812,  69,   0,   7,   0,  10,   9,   4,  66,   3],
[2024-08-13 11:18:52,528][flwr][INFO] - 	       [  0, 852, 133,   3,   0,   0,   2,   0, 143,   2],
[2024-08-13 11:18:52,529][flwr][INFO] - 	       [  6,  16, 388, 336,   0,   4,  14,   9, 207,  52],
[2024-08-13 11:18:52,529][flwr][INFO] - 	       [  0,  10,   1, 710,   1,  27,   3,   5, 211,  42],
[2024-08-13 11:18:52,529][flwr][INFO] - 	       [ 13,   3,   0,   0,  55,  41,   5,   5,  48, 812],
[2024-08-13 11:18:52,529][flwr][INFO] - 	       [  4,  60,   3,  88,   1, 331,  13,   6, 300,  86],
[2024-08-13 11:18:52,529][flwr][INFO] - 	       [ 17,  25,  21,   5,   2,  13, 737,  71,  47,  20],
[2024-08-13 11:18:52,529][flwr][INFO] - 	       [ 19,  10,  11,   2,   0,   2,   0,  75, 772, 137],
[2024-08-13 11:18:52,529][flwr][INFO] - 	       [  2,   4,   3,  32,   1,  10,   1,   1, 867,  53],
[2024-08-13 11:18:52,529][flwr][INFO] - 	       [ 15,   1,   1,   4,   2,   2,   0,   4,  84, 896]], dtype=int64)),
[2024-08-13 11:18:52,529][flwr][INFO] - 	                      (4,
[2024-08-13 11:18:52,529][flwr][INFO] - 	                       array([[906,  15,   2,   5,   0,  11,  22,  19,   0,   0],
[2024-08-13 11:18:52,529][flwr][INFO] - 	       [  0, 942, 168,   4,   1,   6,   6,   8,   0,   0],
[2024-08-13 11:18:52,529][flwr][INFO] - 	       [ 19,  22, 802,  79,  25,   1,  21,  56,   7,   0],
[2024-08-13 11:18:52,529][flwr][INFO] - 	       [  6,  26,  14, 810,  45,  48,  13,  33,   4,  11],
[2024-08-13 11:18:52,529][flwr][INFO] - 	       [ 11,   4,   4,   0, 823,  29,  18,  90,   0,   3],
[2024-08-13 11:18:52,529][flwr][INFO] - 	       [ 22,  76,  15,  73,  28, 584,  57,  36,   0,   1],
[2024-08-13 11:18:52,529][flwr][INFO] - 	       [ 13,  13,  26,   0,  11,   5, 810,  80,   0,   0],
[2024-08-13 11:18:52,529][flwr][INFO] - 	       [ 12,  26,  54,   1,  18,   0,   1, 915,   1,   0],
[2024-08-13 11:18:52,530][flwr][INFO] - 	       [ 43, 103,  49, 165, 112, 168,  48,  51, 147,  88],
[2024-08-13 11:18:52,530][flwr][INFO] - 	       [ 72,  11,   4,   5, 247,  76,   1, 311,   0, 282]], dtype=int64)),
[2024-08-13 11:18:52,530][flwr][INFO] - 	                      (5,
[2024-08-13 11:18:52,530][flwr][INFO] - 	                       array([[ 875,   27,    2,    9,    0,    6,   41,    3,   17,    0],
[2024-08-13 11:18:52,530][flwr][INFO] - 	       [   0, 1010,   72,    6,    1,    2,    5,    1,   36,    2],
[2024-08-13 11:18:52,530][flwr][INFO] - 	       [  10,   22,  748,  100,    9,    1,   26,   18,   78,   20],
[2024-08-13 11:18:52,530][flwr][INFO] - 	       [   0,   15,    7,  802,    7,   21,   18,   10,   95,   35],
[2024-08-13 11:18:52,530][flwr][INFO] - 	       [   9,    6,    2,    0,  627,    0,   26,   10,   26,  276],
[2024-08-13 11:18:52,530][flwr][INFO] - 	       [  13,   80,    8,   86,   11,  449,   71,   12,  117,   45],
[2024-08-13 11:18:52,530][flwr][INFO] - 	       [  12,   18,   21,    0,    9,    4,  866,   25,    2,    1],
[2024-08-13 11:18:52,530][flwr][INFO] - 	       [  19,   23,   28,    4,   16,    0,    2,  618,  195,  123],
[2024-08-13 11:18:52,530][flwr][INFO] - 	       [  10,   23,   12,   53,    7,   10,   22,    2,  786,   49],
[2024-08-13 11:18:52,530][flwr][INFO] - 	       [  29,    5,    2,    4,   21,    6,    2,   12,   38,  890]],
[2024-08-13 11:18:52,530][flwr][INFO] - 	      dtype=int64)),
[2024-08-13 11:18:52,530][flwr][INFO] - 	                      (6,
[2024-08-13 11:18:52,530][flwr][INFO] - 	                       array([[ 913,    8,    5,    3,    1,   14,   14,   22,    0,    0],
[2024-08-13 11:18:52,530][flwr][INFO] - 	       [   0, 1017,   87,    6,    2,    9,    4,   10,    0,    0],
[2024-08-13 11:18:52,531][flwr][INFO] - 	       [  13,   19,  845,   40,   32,    1,   16,   54,   12,    0],
[2024-08-13 11:18:52,531][flwr][INFO] - 	       [   2,   14,   18,  829,   26,   57,    8,   41,    7,    8],
[2024-08-13 11:18:52,531][flwr][INFO] - 	       [   5,    4,    3,    0,  900,    8,   11,   48,    1,    2],
[2024-08-13 11:18:52,531][flwr][INFO] - 	       [  19,   54,    9,   56,   21,  661,   28,   42,    2,    0],
[2024-08-13 11:18:52,531][flwr][INFO] - 	       [  13,   10,   34,    0,   21,   18,  776,   86,    0,    0],
[2024-08-13 11:18:52,531][flwr][INFO] - 	       [   7,   26,   40,    2,   17,    0,    0,  934,    2,    0],
[2024-08-13 11:18:52,531][flwr][INFO] - 	       [  24,   62,   46,  108,   90,  160,   27,   58,  379,   20],
[2024-08-13 11:18:52,531][flwr][INFO] - 	       [  37,    7,    4,    4,  330,   55,    1,  356,    0,  215]],
[2024-08-13 11:18:52,531][flwr][INFO] - 	      dtype=int64)),
[2024-08-13 11:18:52,531][flwr][INFO] - 	                      (7,
[2024-08-13 11:18:52,531][flwr][INFO] - 	                       array([[ 873,   27,    3,    6,    1,    7,   46,    1,   15,    1],
[2024-08-13 11:18:52,531][flwr][INFO] - 	       [   0, 1034,   42,    9,    1,    3,    6,    1,   36,    3],
[2024-08-13 11:18:52,531][flwr][INFO] - 	       [  10,   21,  759,   84,    9,    1,   29,   17,   78,   24],
[2024-08-13 11:18:52,531][flwr][INFO] - 	       [   0,   14,    6,  820,    3,   22,   19,   10,   68,   48],
[2024-08-13 11:18:52,531][flwr][INFO] - 	       [   5,    6,    2,    1,  631,    0,   30,    5,   16,  286],
[2024-08-13 11:18:52,531][flwr][INFO] - 	       [  12,   63,    4,   86,    9,  489,   67,   11,   98,   53],
[2024-08-13 11:18:52,532][flwr][INFO] - 	       [  11,   17,   16,    0,   11,    4,  883,   14,    1,    1],
[2024-08-13 11:18:52,532][flwr][INFO] - 	       [  15,   26,   28,    4,   17,    0,    2,  676,  103,  157],
[2024-08-13 11:18:52,532][flwr][INFO] - 	       [   9,   21,    9,   43,    7,   11,   23,    2,  776,   73],
[2024-08-13 11:18:52,532][flwr][INFO] - 	       [  25,    6,    3,    5,   18,    7,    1,    6,   20,  918]],
[2024-08-13 11:18:52,532][flwr][INFO] - 	      dtype=int64)),
[2024-08-13 11:18:52,532][flwr][INFO] - 	                      (8,
[2024-08-13 11:18:52,532][flwr][INFO] - 	                       array([[ 899,   15,    5,    4,    2,   25,   10,   19,    1,    0],
[2024-08-13 11:18:52,532][flwr][INFO] - 	       [   0, 1032,   69,    9,    2,   10,    4,    6,    3,    0],
[2024-08-13 11:18:52,532][flwr][INFO] - 	       [  12,   19,  834,   48,   35,    0,   16,   50,   18,    0],
[2024-08-13 11:18:52,532][flwr][INFO] - 	       [   2,   13,   13,  842,   19,   58,    4,   33,   24,    2],
[2024-08-13 11:18:52,532][flwr][INFO] - 	       [   2,    3,    2,    0,  915,   12,   11,   34,    2,    1],
[2024-08-13 11:18:52,532][flwr][INFO] - 	       [  15,   50,    9,   52,   19,  684,   19,   38,    6,    0],
[2024-08-13 11:18:52,532][flwr][INFO] - 	       [  13,   12,   26,    0,   21,   21,  779,   86,    0,    0],
[2024-08-13 11:18:52,532][flwr][INFO] - 	       [   8,   26,   39,    3,   22,    0,    0,  926,    4,    0],
[2024-08-13 11:18:52,532][flwr][INFO] - 	       [  19,   47,   24,   83,   59,  103,   20,   35,  582,    2],
[2024-08-13 11:18:52,532][flwr][INFO] - 	       [  40,    9,    3,    5,  376,   68,    1,  308,    4,  195]],
[2024-08-13 11:18:52,532][flwr][INFO] - 	      dtype=int64)),
[2024-08-13 11:18:52,533][flwr][INFO] - 	                      (9,
[2024-08-13 11:18:52,533][flwr][INFO] - 	                       array([[ 877,   35,    4,    5,    1,    7,   42,    1,    8,    0],
[2024-08-13 11:18:52,533][flwr][INFO] - 	       [   0, 1040,   37,    9,    1,    3,    9,    1,   32,    3],
[2024-08-13 11:18:52,533][flwr][INFO] - 	       [  10,   18,  780,   74,   10,    0,   28,   22,   68,   22],
[2024-08-13 11:18:52,533][flwr][INFO] - 	       [   0,   14,    6,  828,    3,   24,   19,   11,   53,   52],
[2024-08-13 11:18:52,533][flwr][INFO] - 	       [   5,    6,    2,    1,  652,    1,   29,    5,   15,  266],
[2024-08-13 11:18:52,533][flwr][INFO] - 	       [  13,   56,    4,   81,    8,  512,   70,   12,   82,   54],
[2024-08-13 11:18:52,533][flwr][INFO] - 	       [  11,   14,   16,    0,    8,    5,  889,   13,    1,    1],
[2024-08-13 11:18:52,533][flwr][INFO] - 	       [  14,   25,   32,    6,   17,    0,    2,  709,   81,  142],
[2024-08-13 11:18:52,533][flwr][INFO] - 	       [  12,   22,   10,   42,    6,   11,   25,    2,  741,  103],
[2024-08-13 11:18:52,533][flwr][INFO] - 	       [  25,    6,    4,    6,   16,    7,    1,    7,   16,  921]],
[2024-08-13 11:18:52,533][flwr][INFO] - 	      dtype=int64)),
[2024-08-13 11:18:52,533][flwr][INFO] - 	                      (10,
[2024-08-13 11:18:52,533][flwr][INFO] - 	                       array([[ 896,   16,    6,    3,    2,   24,   11,   18,    4,    0],
[2024-08-13 11:18:52,533][flwr][INFO] - 	       [   0, 1040,   57,    9,    2,   11,    4,    5,    7,    0],
[2024-08-13 11:18:52,533][flwr][INFO] - 	       [  12,   16,  836,   39,   39,    0,   15,   46,   29,    0],
[2024-08-13 11:18:52,533][flwr][INFO] - 	       [   2,   16,   14,  827,   23,   54,    4,   32,   37,    1],
[2024-08-13 11:18:52,534][flwr][INFO] - 	       [   2,    3,    2,    0,  923,   11,    9,   28,    3,    1],
[2024-08-13 11:18:52,534][flwr][INFO] - 	       [  13,   41,    8,   44,   19,  701,   18,   37,   11,    0],
[2024-08-13 11:18:52,534][flwr][INFO] - 	       [  13,   11,   19,    0,   24,   20,  787,   84,    0,    0],
[2024-08-13 11:18:52,534][flwr][INFO] - 	       [   8,   26,   38,    2,   24,    1,    0,  921,    8,    0],
[2024-08-13 11:18:52,534][flwr][INFO] - 	       [  18,   36,   22,   55,   54,   80,   18,   28,  663,    0],
[2024-08-13 11:18:52,534][flwr][INFO] - 	       [  45,   10,    4,    5,  402,   66,    0,  289,   12,  176]],
[2024-08-13 11:18:52,534][flwr][INFO] - 	      dtype=int64))],
[2024-08-13 11:18:52,534][flwr][INFO] - 	 'f1': [(0, 0.017493624772313296),
[2024-08-13 11:18:52,534][flwr][INFO] - 	        (1, 0.6442995552864385),
[2024-08-13 11:18:52,534][flwr][INFO] - 	        (2, 0.757435077663609),
[2024-08-13 11:18:52,534][flwr][INFO] - 	        (3, 0.5412857164763254),
[2024-08-13 11:18:52,534][flwr][INFO] - 	        (4, 0.6724948827357095),
[2024-08-13 11:18:52,534][flwr][INFO] - 	        (5, 0.7656057990301528),
[2024-08-13 11:18:52,534][flwr][INFO] - 	        (6, 0.7268462077956478),
[2024-08-13 11:18:52,534][flwr][INFO] - 	        (7, 0.7853648285546942),
[2024-08-13 11:18:52,534][flwr][INFO] - 	        (8, 0.7514765670066088),
[2024-08-13 11:18:52,534][flwr][INFO] - 	        (9, 0.7947706147221177),
[2024-08-13 11:18:52,535][flwr][INFO] - 	        (10, 0.7588572637585951)],
[2024-08-13 11:18:52,535][flwr][INFO] - 	 'precision': [(0, 0.009604000000000001),
[2024-08-13 11:18:52,535][flwr][INFO] - 	               (1, 0.7591958151894826),
[2024-08-13 11:18:52,535][flwr][INFO] - 	               (2, 0.7830189260464157),
[2024-08-13 11:18:52,535][flwr][INFO] - 	               (3, 0.6743565642332027),
[2024-08-13 11:18:52,535][flwr][INFO] - 	               (4, 0.7295938857325831),
[2024-08-13 11:18:52,535][flwr][INFO] - 	               (5, 0.7936185281280452),
[2024-08-13 11:18:52,535][flwr][INFO] - 	               (6, 0.7846339255049604),
[2024-08-13 11:18:52,535][flwr][INFO] - 	               (7, 0.8117293494377952),
[2024-08-13 11:18:52,535][flwr][INFO] - 	               (8, 0.8062328875712466),
[2024-08-13 11:18:52,535][flwr][INFO] - 	               (9, 0.8173617431422869),
[2024-08-13 11:18:52,535][flwr][INFO] - 	               (10, 0.813252324095894)],
[2024-08-13 11:18:52,535][flwr][INFO] - 	 'recall': [(0, 0.098),
[2024-08-13 11:18:52,535][flwr][INFO] - 	            (1, 0.6785),
[2024-08-13 11:18:52,535][flwr][INFO] - 	            (2, 0.7667),
[2024-08-13 11:18:52,535][flwr][INFO] - 	            (3, 0.5723),
[2024-08-13 11:18:52,535][flwr][INFO] - 	            (4, 0.7021),
[2024-08-13 11:18:52,536][flwr][INFO] - 	            (5, 0.7671),
[2024-08-13 11:18:52,536][flwr][INFO] - 	            (6, 0.7469),
[2024-08-13 11:18:52,536][flwr][INFO] - 	            (7, 0.7859),
[2024-08-13 11:18:52,536][flwr][INFO] - 	            (8, 0.7688),
[2024-08-13 11:18:52,536][flwr][INFO] - 	            (9, 0.7949),
[2024-08-13 11:18:52,536][flwr][INFO] - 	            (10, 0.777)]}
[2024-08-13 11:18:52,536][flwr][INFO] - 
