[2024-08-13 12:38:15,765][flwr][INFO] - Starting Flower simulation, config: num_rounds=10, no round_timeout
[2024-08-13 12:38:19,892][flwr][INFO] - Flower VCE: Ray initialized with resources: {'CPU': 16.0, 'object_store_memory': 2506942464.0, 'memory': 5013884928.0, 'node:127.0.0.1': 1.0, 'accelerator_type:G': 1.0, 'node:__internal_head__': 1.0, 'GPU': 1.0}
[2024-08-13 12:38:19,892][flwr][INFO] - Optimize your simulation with Flower VCE: https://flower.ai/docs/framework/how-to-run-simulations.html
[2024-08-13 12:38:19,892][flwr][INFO] - Flower VCE: Resources for each Virtual Client: {'num_cpus': 2, 'num_gpus': 0.5}
[2024-08-13 12:38:19,903][flwr][INFO] - Flower VCE: Creating VirtualClientEngineActorPool with 2 actors
[2024-08-13 12:38:19,903][flwr][INFO] - [INIT]
[2024-08-13 12:38:19,903][flwr][INFO] - Requesting initial parameters from one random client
[2024-08-13 12:38:27,291][flwr][INFO] - Received initial parameters from one random client
[2024-08-13 12:38:27,291][flwr][INFO] - Evaluating initial global parameters
[2024-08-13 12:38:29,543][flwr][INFO] - initial parameters (loss, other metrics): 2.3025850929940455, {'accuracy': 0.098, 'precision': 0.009604000000000001, 'recall': 0.098, 'f1': 0.017493624772313296, 'confusion_matrix': array([[ 980,    0,    0,    0,    0,    0,    0,    0,    0,    0],
       [1135,    0,    0,    0,    0,    0,    0,    0,    0,    0],
       [1032,    0,    0,    0,    0,    0,    0,    0,    0,    0],
       [1010,    0,    0,    0,    0,    0,    0,    0,    0,    0],
       [ 982,    0,    0,    0,    0,    0,    0,    0,    0,    0],
       [ 892,    0,    0,    0,    0,    0,    0,    0,    0,    0],
       [ 958,    0,    0,    0,    0,    0,    0,    0,    0,    0],
       [1028,    0,    0,    0,    0,    0,    0,    0,    0,    0],
       [ 974,    0,    0,    0,    0,    0,    0,    0,    0,    0],
       [1009,    0,    0,    0,    0,    0,    0,    0,    0,    0]],
      dtype=int64)}
[2024-08-13 12:38:29,544][flwr][INFO] - 
[2024-08-13 12:38:29,544][flwr][INFO] - [ROUND 1]
[2024-08-13 12:38:29,545][flwr][INFO] - configure_fit: strategy sampled 10 clients (out of 10)
[2024-08-13 12:38:38,102][flwr][INFO] - aggregate_fit: received 10 results and 0 failures
[2024-08-13 12:38:38,105][flwr][WARNING] - No fit_metrics_aggregation_fn provided
[2024-08-13 12:38:40,198][flwr][INFO] - fit progress: (1, 2.6171312434274534, {'accuracy': 0.105, 'precision': 0.12500506308105952, 'recall': 0.105, 'f1': 0.07785228435912679, 'confusion_matrix': array([[  87,  823,    0,    8,    4,    0,    0,   15,    1,   42],
       [   0,    0, 1085,    4,    0,    0,    0,    2,    1,   43],
       [   8,   25,  100,  763,    4,    3,    1,   27,   16,   85],
       [   2,   18,   17,  174,  635,    0,    0,    9,   12,  143],
       [ 143,    1,   10,    6,   47,  234,    0,   40,   11,  490],
       [  62,   74,   58,   39,  186,    1,    9,   20,   26,  417],
       [   7,   51,   30,   20,    1,    1,   16,  773,    1,   58],
       [  50,    1,   46,    6,    4,    0,    0,    6,  854,   61],
       [   2,    6,   20,   27,   50,    0,    0,    3,    7,  859],
       [ 281,    2,    4,    6,   23,    2,    0,    5,   74,  612]],
      dtype=int64)}, 10.65380919999734)
[2024-08-13 12:38:40,199][flwr][INFO] - configure_evaluate: no clients selected, skipping evaluation
[2024-08-13 12:38:40,199][flwr][INFO] - 
[2024-08-13 12:38:40,199][flwr][INFO] - [ROUND 2]
[2024-08-13 12:38:40,199][flwr][INFO] - configure_fit: strategy sampled 10 clients (out of 10)
[2024-08-13 12:38:47,035][flwr][INFO] - aggregate_fit: received 10 results and 0 failures
[2024-08-13 12:38:49,142][flwr][INFO] - fit progress: (2, 1.9433041326459308, {'accuracy': 0.2533, 'precision': 0.20739626769691044, 'recall': 0.2533, 'f1': 0.21174652948871459, 'confusion_matrix': array([[ 728,   16,    0,    6,    0,    3,  223,    4,    0,    0],
       [   0,    3, 1066,    3,    0,    0,   63,    0,    0,    0],
       [  33,    2,  163,  604,    4,   32,  106,   57,   31,    0],
       [  14,    4,   10,  304,  381,    6,  234,    8,   49,    0],
       [   7,    0,    2,    0,    5,  906,   35,   23,    4,    0],
       [  44,   22,   27,    7,   22,  140,  591,    8,   31,    0],
       [  10,    3,    6,    3,    1,    6,  758,  171,    0,    0],
       [  65,    0,   39,    8,    4,   43,    3,  137,  729,    0],
       [  34,    8,   27,   44,   64,   84,  411,    7,  295,    0],
       [ 155,    0,    3,    2,   17,  664,   26,   23,  119,    0]],
      dtype=int64)}, 19.59738799999468)
[2024-08-13 12:38:49,142][flwr][INFO] - configure_evaluate: no clients selected, skipping evaluation
[2024-08-13 12:38:49,142][flwr][INFO] - 
[2024-08-13 12:38:49,142][flwr][INFO] - [ROUND 3]
[2024-08-13 12:38:49,143][flwr][INFO] - configure_fit: strategy sampled 10 clients (out of 10)
[2024-08-13 12:38:55,552][flwr][INFO] - aggregate_fit: received 10 results and 0 failures
[2024-08-13 12:38:57,659][flwr][INFO] - fit progress: (3, 1.8188651359454555, {'accuracy': 0.1907, 'precision': 0.20889692298065737, 'recall': 0.1907, 'f1': 0.1726113936499556, 'confusion_matrix': array([[  59,  840,    2,    0,    9,    0,    0,   64,    4,    2],
       [   0,   75, 1041,    3,    7,    0,    0,    6,    0,    3],
       [   2,   59,  246,  590,   13,    1,    1,   85,   20,   15],
       [   0,   63,   11,  330,  527,    0,    0,   21,   27,   31],
       [   6,    5,    7,    0,  374,  333,    0,  192,    8,   57],
       [  28,  292,   27,   46,  258,   52,    1,   53,   47,   88],
       [   2,   97,   20,    3,   10,    0,    1,  824,    0,    1],
       [  26,    7,   47,    6,   14,    0,    0,  194,  724,   10],
       [   1,   92,   28,   78,  144,    0,    0,   20,   61,  550],
       [  93,   13,    3,    4,  150,    6,    0,  141,   84,  515]],
      dtype=int64)}, 28.11511060000339)
[2024-08-13 12:38:57,660][flwr][INFO] - configure_evaluate: no clients selected, skipping evaluation
[2024-08-13 12:38:57,660][flwr][INFO] - 
[2024-08-13 12:38:57,660][flwr][INFO] - [ROUND 4]
[2024-08-13 12:38:57,661][flwr][INFO] - configure_fit: strategy sampled 10 clients (out of 10)
[2024-08-13 12:39:04,336][flwr][INFO] - aggregate_fit: received 10 results and 0 failures
[2024-08-13 12:39:06,441][flwr][INFO] - fit progress: (4, 1.5836788692220582, {'accuracy': 0.368, 'precision': 0.4833253655889527, 'recall': 0.368, 'f1': 0.297737296574843, 'confusion_matrix': array([[ 850,    0,    1,    2,    0,    1,  125,    0,    1,    0],
       [   1,   47, 1027,    2,    0,    0,   58,    0,    0,    0],
       [  72,    1,  683,  133,    0,   12,   85,    4,   40,    2],
       [  80,    0,   28,  562,    4,   15,  235,    1,   48,   37],
       [  57,    0,    3,    1,    9,  812,   86,    0,    4,   10],
       [ 118,    8,   32,    6,    0,  143,  561,    0,   23,    1],
       [  34,    0,   19,    0,    0,    2,  901,    2,    0,    0],
       [ 207,    0,   58,    1,    2,   21,   15,   13,  698,   13],
       [  92,    0,   46,   25,    0,   33,  279,    0,  257,  242],
       [ 522,    0,    3,    3,    1,  173,   37,    0,   55,  215]],
      dtype=int64)}, 36.89691349999339)
[2024-08-13 12:39:06,442][flwr][INFO] - configure_evaluate: no clients selected, skipping evaluation
[2024-08-13 12:39:06,442][flwr][INFO] - 
[2024-08-13 12:39:06,442][flwr][INFO] - [ROUND 5]
[2024-08-13 12:39:06,442][flwr][INFO] - configure_fit: strategy sampled 10 clients (out of 10)
[2024-08-13 12:39:13,201][flwr][INFO] - aggregate_fit: received 10 results and 0 failures
[2024-08-13 12:39:15,296][flwr][INFO] - fit progress: (5, 1.579381704630168, {'accuracy': 0.3478, 'precision': 0.4136006617134321, 'recall': 0.3478, 'f1': 0.30382780663023323, 'confusion_matrix': array([[ 76, 674,   1,  13,  44,  25,   4, 104,   4,  35],
       [  0, 637, 451,   4,  10,   1,   0,   6,   1,  25],
       [  0,  17, 206, 652,  34,   7,   4,  54,  24,  34],
       [  0,  14,   2, 421, 461,   1,   0,  19,  17,  75],
       [  0,   2,   0,   2, 452, 346,   1,  71,   3, 105],
       [  1,  82,  15,  84, 197, 269,   6,  51,  39, 148],
       [  0,  29,  11,   9,  22,  19,  46, 803,   0,  19],
       [  6,  11,  24,   6,  29,   2,   0, 536, 366,  48],
       [  0,  13,  18,  51,  97,   6,   0,  15,  30, 744],
       [  3,   4,   1,   4,  90,  29,   0,  63,  10, 805]], dtype=int64)}, 45.75204059999669)
[2024-08-13 12:39:15,296][flwr][INFO] - configure_evaluate: no clients selected, skipping evaluation
[2024-08-13 12:39:15,297][flwr][INFO] - 
[2024-08-13 12:39:15,297][flwr][INFO] - [ROUND 6]
[2024-08-13 12:39:15,297][flwr][INFO] - configure_fit: strategy sampled 10 clients (out of 10)
[2024-08-13 12:39:21,898][flwr][INFO] - aggregate_fit: received 10 results and 0 failures
[2024-08-13 12:39:24,008][flwr][INFO] - fit progress: (6, 1.6211586139109895, {'accuracy': 0.3262, 'precision': 0.23685065934688246, 'recall': 0.3262, 'f1': 0.2592781941579577, 'confusion_matrix': array([[ 673,  210,    2,    1,    0,    4,   81,    3,    6,    0],
       [   0,    8, 1107,    3,    0,    0,   14,    0,    3,    0],
       [  42,   13,  573,  300,    6,   11,   21,   13,   53,    0],
       [  28,   24,   38,  485,  206,    5,  104,    7,  113,    0],
       [  78,    1,   14,    0,   33,  804,   18,    8,   25,    1],
       [ 118,   52,   40,   12,   10,  151,  427,    7,   75,    0],
       [  27,   11,   41,    0,    3,    4,  722,  150,    0,    0],
       [ 110,    2,   60,    1,    5,    6,    3,   21,  819,    1],
       [  85,   13,   75,   53,    6,   36,   75,    3,  596,   32],
       [ 755,    1,    7,    5,   12,   81,    3,    5,  140,    0]],
      dtype=int64)}, 54.464098399999784)
[2024-08-13 12:39:24,009][flwr][INFO] - configure_evaluate: no clients selected, skipping evaluation
[2024-08-13 12:39:24,009][flwr][INFO] - 
[2024-08-13 12:39:24,009][flwr][INFO] - [ROUND 7]
[2024-08-13 12:39:24,009][flwr][INFO] - configure_fit: strategy sampled 10 clients (out of 10)
[2024-08-13 12:39:30,687][flwr][INFO] - aggregate_fit: received 10 results and 0 failures
[2024-08-13 12:39:32,793][flwr][INFO] - fit progress: (7, 1.5721703641439733, {'accuracy': 0.4128, 'precision': 0.5030173682195178, 'recall': 0.4128, 'f1': 0.3318410344493464, 'confusion_matrix': array([[  19,  727,    0,    4,   26,    6,   16,  112,    0,   70],
       [   0, 1013,   27,    3,    4,    0,    0,    8,    0,   80],
       [   0,   53,  134,  591,   42,    2,    8,   81,    0,  121],
       [   0,   33,    0,  442,  351,    0,    0,   31,    0,  153],
       [   0,    5,    0,    0,  527,   31,    2,   77,    0,  340],
       [   0,  124,    1,   52,  122,  133,   49,   61,    1,  349],
       [   0,   38,    3,    2,   12,    1,  121,  754,    0,   27],
       [   1,   22,    6,    8,   22,    0,    0,  825,    0,  144],
       [   0,   30,    1,   20,   44,    1,    2,   18,    0,  858],
       [   2,    6,    0,    1,   39,    1,    0,   46,    0,  914]],
      dtype=int64)}, 63.24887339999259)
[2024-08-13 12:39:32,794][flwr][INFO] - configure_evaluate: no clients selected, skipping evaluation
[2024-08-13 12:39:32,794][flwr][INFO] - 
[2024-08-13 12:39:32,794][flwr][INFO] - [ROUND 8]
[2024-08-13 12:39:32,794][flwr][INFO] - configure_fit: strategy sampled 10 clients (out of 10)
[2024-08-13 12:39:39,855][flwr][INFO] - aggregate_fit: received 10 results and 0 failures
[2024-08-13 12:39:41,972][flwr][INFO] - fit progress: (8, 1.531434578573352, {'accuracy': 0.3707, 'precision': 0.2934026944406918, 'recall': 0.3707, 'f1': 0.3122912004260153, 'confusion_matrix': array([[ 670,  187,    1,    3,    2,   14,   81,    6,   16,    0],
       [   0,   14, 1098,    3,    2,    1,   10,    0,    7,    0],
       [   9,   10,  552,  338,   15,   12,   17,   13,   66,    0],
       [   3,   12,   20,  497,  298,   11,   50,    6,  113,    0],
       [  12,    0,    6,    1,  138,  779,    9,    9,   28,    0],
       [  20,   39,   29,   33,   27,  382,  253,    9,  100,    0],
       [  14,    8,   40,    1,    7,    7,  727,  153,    1,    0],
       [  43,    1,   55,    3,    8,   18,    1,   26,  873,    0],
       [  13,    8,   53,   51,   40,   59,   48,    1,  701,    0],
       [ 343,    1,    3,    4,   62,  277,    1,    8,  310,    0]],
      dtype=int64)}, 72.42781150000519)
[2024-08-13 12:39:41,972][flwr][INFO] - configure_evaluate: no clients selected, skipping evaluation
[2024-08-13 12:39:41,973][flwr][INFO] - 
[2024-08-13 12:39:41,973][flwr][INFO] - [ROUND 9]
[2024-08-13 12:39:41,973][flwr][INFO] - configure_fit: strategy sampled 10 clients (out of 10)
[2024-08-13 12:39:48,888][flwr][INFO] - aggregate_fit: received 10 results and 0 failures
[2024-08-13 12:39:51,130][flwr][INFO] - fit progress: (9, 1.5841076003941805, {'accuracy': 0.3687, 'precision': 0.3280226999764874, 'recall': 0.3687, 'f1': 0.32411593506192116, 'confusion_matrix': array([[141, 750,   0,   1,   6,   2,  15,  51,   0,  14],
       [  0, 593, 498,   3,   4,   0,   6,   7,   0,  24],
       [  2,  43, 243, 595,  23,   4,  13,  66,   3,  40],
       [  1,  37,   4, 427, 393,   1,  15,  30,   2, 100],
       [ 19,   5,   0,   3, 378, 333,   3, 103,   0, 138],
       [ 30, 127,  11,  32,  88, 165, 249,  48,   5, 137],
       [  6,  42,   7,   2,   5,   0, 184, 710,   0,   2],
       [ 44,  18,  24,  17,  19,   2,   0, 810,  16,  78],
       [  3,  35,  13,  38,  48,   5,  11,  24,   0, 797],
       [121,   7,   0,   3,  45,  11,   1,  75,   0, 746]], dtype=int64)}, 81.58605349999561)
[2024-08-13 12:39:51,131][flwr][INFO] - configure_evaluate: no clients selected, skipping evaluation
[2024-08-13 12:39:51,131][flwr][INFO] - 
[2024-08-13 12:39:51,131][flwr][INFO] - [ROUND 10]
[2024-08-13 12:39:51,131][flwr][INFO] - configure_fit: strategy sampled 10 clients (out of 10)
[2024-08-13 12:39:57,985][flwr][INFO] - aggregate_fit: received 10 results and 0 failures
[2024-08-13 12:40:00,083][flwr][INFO] - fit progress: (10, 1.6978739576181858, {'accuracy': 0.3206, 'precision': 0.22468743529168536, 'recall': 0.3206, 'f1': 0.2543549180189097, 'confusion_matrix': array([[ 653,  218,    1,    1,    2,    9,   77,    5,   14,    0],
       [   0,    0, 1113,    3,    0,    0,   12,    0,    7,    0],
       [  24,    8,  522,  340,   14,   15,   17,    7,   85,    0],
       [  11,   14,   23,  297,  441,    6,   71,    6,  141,    0],
       [  40,    0,    6,    0,   65,  816,   12,    2,   40,    1],
       [  47,   24,   29,   14,   25,  242,  393,    4,  114,    0],
       [  25,    7,   39,    0,    5,    8,  713,  160,    1,    0],
       [  60,    2,   52,    2,    5,   10,    1,    2,  894,    0],
       [  39,    7,   51,   24,   36,   44,   58,    1,  712,    2],
       [ 643,    0,    4,    3,   22,  103,    2,    2,  230,    0]],
      dtype=int64)}, 90.5386884000036)
[2024-08-13 12:40:00,084][flwr][INFO] - configure_evaluate: no clients selected, skipping evaluation
[2024-08-13 12:40:00,084][flwr][INFO] - 
[2024-08-13 12:40:00,084][flwr][INFO] - [SUMMARY]
[2024-08-13 12:40:00,084][flwr][INFO] - Run finished 10 round(s) in 90.54s
[2024-08-13 12:40:00,092][flwr][INFO] - 	History (loss, centralized):
[2024-08-13 12:40:00,092][flwr][INFO] - 		round 0: 2.3025850929940455
[2024-08-13 12:40:00,092][flwr][INFO] - 		round 1: 2.6171312434274534
[2024-08-13 12:40:00,092][flwr][INFO] - 		round 2: 1.9433041326459308
[2024-08-13 12:40:00,092][flwr][INFO] - 		round 3: 1.8188651359454555
[2024-08-13 12:40:00,092][flwr][INFO] - 		round 4: 1.5836788692220582
[2024-08-13 12:40:00,092][flwr][INFO] - 		round 5: 1.579381704630168
[2024-08-13 12:40:00,092][flwr][INFO] - 		round 6: 1.6211586139109895
[2024-08-13 12:40:00,093][flwr][INFO] - 		round 7: 1.5721703641439733
[2024-08-13 12:40:00,093][flwr][INFO] - 		round 8: 1.531434578573352
[2024-08-13 12:40:00,093][flwr][INFO] - 		round 9: 1.5841076003941805
[2024-08-13 12:40:00,093][flwr][INFO] - 		round 10: 1.6978739576181858
[2024-08-13 12:40:00,093][flwr][INFO] - 	History (metrics, centralized):
[2024-08-13 12:40:00,093][flwr][INFO] - 	{'accuracy': [(0, 0.098),
[2024-08-13 12:40:00,093][flwr][INFO] - 	              (1, 0.105),
[2024-08-13 12:40:00,093][flwr][INFO] - 	              (2, 0.2533),
[2024-08-13 12:40:00,093][flwr][INFO] - 	              (3, 0.1907),
[2024-08-13 12:40:00,093][flwr][INFO] - 	              (4, 0.368),
[2024-08-13 12:40:00,093][flwr][INFO] - 	              (5, 0.3478),
[2024-08-13 12:40:00,093][flwr][INFO] - 	              (6, 0.3262),
[2024-08-13 12:40:00,093][flwr][INFO] - 	              (7, 0.4128),
[2024-08-13 12:40:00,093][flwr][INFO] - 	              (8, 0.3707),
[2024-08-13 12:40:00,093][flwr][INFO] - 	              (9, 0.3687),
[2024-08-13 12:40:00,094][flwr][INFO] - 	              (10, 0.3206)],
[2024-08-13 12:40:00,094][flwr][INFO] - 	 'confusion_matrix': [(0,
[2024-08-13 12:40:00,094][flwr][INFO] - 	                       array([[ 980,    0,    0,    0,    0,    0,    0,    0,    0,    0],
[2024-08-13 12:40:00,094][flwr][INFO] - 	       [1135,    0,    0,    0,    0,    0,    0,    0,    0,    0],
[2024-08-13 12:40:00,094][flwr][INFO] - 	       [1032,    0,    0,    0,    0,    0,    0,    0,    0,    0],
[2024-08-13 12:40:00,094][flwr][INFO] - 	       [1010,    0,    0,    0,    0,    0,    0,    0,    0,    0],
[2024-08-13 12:40:00,094][flwr][INFO] - 	       [ 982,    0,    0,    0,    0,    0,    0,    0,    0,    0],
[2024-08-13 12:40:00,094][flwr][INFO] - 	       [ 892,    0,    0,    0,    0,    0,    0,    0,    0,    0],
[2024-08-13 12:40:00,094][flwr][INFO] - 	       [ 958,    0,    0,    0,    0,    0,    0,    0,    0,    0],
[2024-08-13 12:40:00,094][flwr][INFO] - 	       [1028,    0,    0,    0,    0,    0,    0,    0,    0,    0],
[2024-08-13 12:40:00,094][flwr][INFO] - 	       [ 974,    0,    0,    0,    0,    0,    0,    0,    0,    0],
[2024-08-13 12:40:00,094][flwr][INFO] - 	       [1009,    0,    0,    0,    0,    0,    0,    0,    0,    0]],
[2024-08-13 12:40:00,094][flwr][INFO] - 	      dtype=int64)),
[2024-08-13 12:40:00,094][flwr][INFO] - 	                      (1,
[2024-08-13 12:40:00,094][flwr][INFO] - 	                       array([[  87,  823,    0,    8,    4,    0,    0,   15,    1,   42],
[2024-08-13 12:40:00,094][flwr][INFO] - 	       [   0,    0, 1085,    4,    0,    0,    0,    2,    1,   43],
[2024-08-13 12:40:00,094][flwr][INFO] - 	       [   8,   25,  100,  763,    4,    3,    1,   27,   16,   85],
[2024-08-13 12:40:00,095][flwr][INFO] - 	       [   2,   18,   17,  174,  635,    0,    0,    9,   12,  143],
[2024-08-13 12:40:00,095][flwr][INFO] - 	       [ 143,    1,   10,    6,   47,  234,    0,   40,   11,  490],
[2024-08-13 12:40:00,095][flwr][INFO] - 	       [  62,   74,   58,   39,  186,    1,    9,   20,   26,  417],
[2024-08-13 12:40:00,095][flwr][INFO] - 	       [   7,   51,   30,   20,    1,    1,   16,  773,    1,   58],
[2024-08-13 12:40:00,095][flwr][INFO] - 	       [  50,    1,   46,    6,    4,    0,    0,    6,  854,   61],
[2024-08-13 12:40:00,095][flwr][INFO] - 	       [   2,    6,   20,   27,   50,    0,    0,    3,    7,  859],
[2024-08-13 12:40:00,095][flwr][INFO] - 	       [ 281,    2,    4,    6,   23,    2,    0,    5,   74,  612]],
[2024-08-13 12:40:00,095][flwr][INFO] - 	      dtype=int64)),
[2024-08-13 12:40:00,095][flwr][INFO] - 	                      (2,
[2024-08-13 12:40:00,095][flwr][INFO] - 	                       array([[ 728,   16,    0,    6,    0,    3,  223,    4,    0,    0],
[2024-08-13 12:40:00,095][flwr][INFO] - 	       [   0,    3, 1066,    3,    0,    0,   63,    0,    0,    0],
[2024-08-13 12:40:00,095][flwr][INFO] - 	       [  33,    2,  163,  604,    4,   32,  106,   57,   31,    0],
[2024-08-13 12:40:00,095][flwr][INFO] - 	       [  14,    4,   10,  304,  381,    6,  234,    8,   49,    0],
[2024-08-13 12:40:00,095][flwr][INFO] - 	       [   7,    0,    2,    0,    5,  906,   35,   23,    4,    0],
[2024-08-13 12:40:00,095][flwr][INFO] - 	       [  44,   22,   27,    7,   22,  140,  591,    8,   31,    0],
[2024-08-13 12:40:00,095][flwr][INFO] - 	       [  10,    3,    6,    3,    1,    6,  758,  171,    0,    0],
[2024-08-13 12:40:00,095][flwr][INFO] - 	       [  65,    0,   39,    8,    4,   43,    3,  137,  729,    0],
[2024-08-13 12:40:00,096][flwr][INFO] - 	       [  34,    8,   27,   44,   64,   84,  411,    7,  295,    0],
[2024-08-13 12:40:00,096][flwr][INFO] - 	       [ 155,    0,    3,    2,   17,  664,   26,   23,  119,    0]],
[2024-08-13 12:40:00,096][flwr][INFO] - 	      dtype=int64)),
[2024-08-13 12:40:00,096][flwr][INFO] - 	                      (3,
[2024-08-13 12:40:00,096][flwr][INFO] - 	                       array([[  59,  840,    2,    0,    9,    0,    0,   64,    4,    2],
[2024-08-13 12:40:00,096][flwr][INFO] - 	       [   0,   75, 1041,    3,    7,    0,    0,    6,    0,    3],
[2024-08-13 12:40:00,096][flwr][INFO] - 	       [   2,   59,  246,  590,   13,    1,    1,   85,   20,   15],
[2024-08-13 12:40:00,096][flwr][INFO] - 	       [   0,   63,   11,  330,  527,    0,    0,   21,   27,   31],
[2024-08-13 12:40:00,096][flwr][INFO] - 	       [   6,    5,    7,    0,  374,  333,    0,  192,    8,   57],
[2024-08-13 12:40:00,096][flwr][INFO] - 	       [  28,  292,   27,   46,  258,   52,    1,   53,   47,   88],
[2024-08-13 12:40:00,096][flwr][INFO] - 	       [   2,   97,   20,    3,   10,    0,    1,  824,    0,    1],
[2024-08-13 12:40:00,096][flwr][INFO] - 	       [  26,    7,   47,    6,   14,    0,    0,  194,  724,   10],
[2024-08-13 12:40:00,096][flwr][INFO] - 	       [   1,   92,   28,   78,  144,    0,    0,   20,   61,  550],
[2024-08-13 12:40:00,096][flwr][INFO] - 	       [  93,   13,    3,    4,  150,    6,    0,  141,   84,  515]],
[2024-08-13 12:40:00,096][flwr][INFO] - 	      dtype=int64)),
[2024-08-13 12:40:00,096][flwr][INFO] - 	                      (4,
[2024-08-13 12:40:00,097][flwr][INFO] - 	                       array([[ 850,    0,    1,    2,    0,    1,  125,    0,    1,    0],
[2024-08-13 12:40:00,097][flwr][INFO] - 	       [   1,   47, 1027,    2,    0,    0,   58,    0,    0,    0],
[2024-08-13 12:40:00,097][flwr][INFO] - 	       [  72,    1,  683,  133,    0,   12,   85,    4,   40,    2],
[2024-08-13 12:40:00,097][flwr][INFO] - 	       [  80,    0,   28,  562,    4,   15,  235,    1,   48,   37],
[2024-08-13 12:40:00,097][flwr][INFO] - 	       [  57,    0,    3,    1,    9,  812,   86,    0,    4,   10],
[2024-08-13 12:40:00,097][flwr][INFO] - 	       [ 118,    8,   32,    6,    0,  143,  561,    0,   23,    1],
[2024-08-13 12:40:00,097][flwr][INFO] - 	       [  34,    0,   19,    0,    0,    2,  901,    2,    0,    0],
[2024-08-13 12:40:00,097][flwr][INFO] - 	       [ 207,    0,   58,    1,    2,   21,   15,   13,  698,   13],
[2024-08-13 12:40:00,097][flwr][INFO] - 	       [  92,    0,   46,   25,    0,   33,  279,    0,  257,  242],
[2024-08-13 12:40:00,097][flwr][INFO] - 	       [ 522,    0,    3,    3,    1,  173,   37,    0,   55,  215]],
[2024-08-13 12:40:00,097][flwr][INFO] - 	      dtype=int64)),
[2024-08-13 12:40:00,097][flwr][INFO] - 	                      (5,
[2024-08-13 12:40:00,097][flwr][INFO] - 	                       array([[ 76, 674,   1,  13,  44,  25,   4, 104,   4,  35],
[2024-08-13 12:40:00,097][flwr][INFO] - 	       [  0, 637, 451,   4,  10,   1,   0,   6,   1,  25],
[2024-08-13 12:40:00,097][flwr][INFO] - 	       [  0,  17, 206, 652,  34,   7,   4,  54,  24,  34],
[2024-08-13 12:40:00,097][flwr][INFO] - 	       [  0,  14,   2, 421, 461,   1,   0,  19,  17,  75],
[2024-08-13 12:40:00,097][flwr][INFO] - 	       [  0,   2,   0,   2, 452, 346,   1,  71,   3, 105],
[2024-08-13 12:40:00,098][flwr][INFO] - 	       [  1,  82,  15,  84, 197, 269,   6,  51,  39, 148],
[2024-08-13 12:40:00,098][flwr][INFO] - 	       [  0,  29,  11,   9,  22,  19,  46, 803,   0,  19],
[2024-08-13 12:40:00,098][flwr][INFO] - 	       [  6,  11,  24,   6,  29,   2,   0, 536, 366,  48],
[2024-08-13 12:40:00,098][flwr][INFO] - 	       [  0,  13,  18,  51,  97,   6,   0,  15,  30, 744],
[2024-08-13 12:40:00,098][flwr][INFO] - 	       [  3,   4,   1,   4,  90,  29,   0,  63,  10, 805]], dtype=int64)),
[2024-08-13 12:40:00,098][flwr][INFO] - 	                      (6,
[2024-08-13 12:40:00,098][flwr][INFO] - 	                       array([[ 673,  210,    2,    1,    0,    4,   81,    3,    6,    0],
[2024-08-13 12:40:00,098][flwr][INFO] - 	       [   0,    8, 1107,    3,    0,    0,   14,    0,    3,    0],
[2024-08-13 12:40:00,098][flwr][INFO] - 	       [  42,   13,  573,  300,    6,   11,   21,   13,   53,    0],
[2024-08-13 12:40:00,098][flwr][INFO] - 	       [  28,   24,   38,  485,  206,    5,  104,    7,  113,    0],
[2024-08-13 12:40:00,098][flwr][INFO] - 	       [  78,    1,   14,    0,   33,  804,   18,    8,   25,    1],
[2024-08-13 12:40:00,098][flwr][INFO] - 	       [ 118,   52,   40,   12,   10,  151,  427,    7,   75,    0],
[2024-08-13 12:40:00,098][flwr][INFO] - 	       [  27,   11,   41,    0,    3,    4,  722,  150,    0,    0],
[2024-08-13 12:40:00,098][flwr][INFO] - 	       [ 110,    2,   60,    1,    5,    6,    3,   21,  819,    1],
[2024-08-13 12:40:00,098][flwr][INFO] - 	       [  85,   13,   75,   53,    6,   36,   75,    3,  596,   32],
[2024-08-13 12:40:00,098][flwr][INFO] - 	       [ 755,    1,    7,    5,   12,   81,    3,    5,  140,    0]],
[2024-08-13 12:40:00,098][flwr][INFO] - 	      dtype=int64)),
[2024-08-13 12:40:00,099][flwr][INFO] - 	                      (7,
[2024-08-13 12:40:00,099][flwr][INFO] - 	                       array([[  19,  727,    0,    4,   26,    6,   16,  112,    0,   70],
[2024-08-13 12:40:00,099][flwr][INFO] - 	       [   0, 1013,   27,    3,    4,    0,    0,    8,    0,   80],
[2024-08-13 12:40:00,099][flwr][INFO] - 	       [   0,   53,  134,  591,   42,    2,    8,   81,    0,  121],
[2024-08-13 12:40:00,099][flwr][INFO] - 	       [   0,   33,    0,  442,  351,    0,    0,   31,    0,  153],
[2024-08-13 12:40:00,099][flwr][INFO] - 	       [   0,    5,    0,    0,  527,   31,    2,   77,    0,  340],
[2024-08-13 12:40:00,099][flwr][INFO] - 	       [   0,  124,    1,   52,  122,  133,   49,   61,    1,  349],
[2024-08-13 12:40:00,099][flwr][INFO] - 	       [   0,   38,    3,    2,   12,    1,  121,  754,    0,   27],
[2024-08-13 12:40:00,099][flwr][INFO] - 	       [   1,   22,    6,    8,   22,    0,    0,  825,    0,  144],
[2024-08-13 12:40:00,099][flwr][INFO] - 	       [   0,   30,    1,   20,   44,    1,    2,   18,    0,  858],
[2024-08-13 12:40:00,099][flwr][INFO] - 	       [   2,    6,    0,    1,   39,    1,    0,   46,    0,  914]],
[2024-08-13 12:40:00,099][flwr][INFO] - 	      dtype=int64)),
[2024-08-13 12:40:00,099][flwr][INFO] - 	                      (8,
[2024-08-13 12:40:00,099][flwr][INFO] - 	                       array([[ 670,  187,    1,    3,    2,   14,   81,    6,   16,    0],
[2024-08-13 12:40:00,099][flwr][INFO] - 	       [   0,   14, 1098,    3,    2,    1,   10,    0,    7,    0],
[2024-08-13 12:40:00,099][flwr][INFO] - 	       [   9,   10,  552,  338,   15,   12,   17,   13,   66,    0],
[2024-08-13 12:40:00,099][flwr][INFO] - 	       [   3,   12,   20,  497,  298,   11,   50,    6,  113,    0],
[2024-08-13 12:40:00,100][flwr][INFO] - 	       [  12,    0,    6,    1,  138,  779,    9,    9,   28,    0],
[2024-08-13 12:40:00,100][flwr][INFO] - 	       [  20,   39,   29,   33,   27,  382,  253,    9,  100,    0],
[2024-08-13 12:40:00,100][flwr][INFO] - 	       [  14,    8,   40,    1,    7,    7,  727,  153,    1,    0],
[2024-08-13 12:40:00,100][flwr][INFO] - 	       [  43,    1,   55,    3,    8,   18,    1,   26,  873,    0],
[2024-08-13 12:40:00,100][flwr][INFO] - 	       [  13,    8,   53,   51,   40,   59,   48,    1,  701,    0],
[2024-08-13 12:40:00,100][flwr][INFO] - 	       [ 343,    1,    3,    4,   62,  277,    1,    8,  310,    0]],
[2024-08-13 12:40:00,100][flwr][INFO] - 	      dtype=int64)),
[2024-08-13 12:40:00,100][flwr][INFO] - 	                      (9,
[2024-08-13 12:40:00,100][flwr][INFO] - 	                       array([[141, 750,   0,   1,   6,   2,  15,  51,   0,  14],
[2024-08-13 12:40:00,100][flwr][INFO] - 	       [  0, 593, 498,   3,   4,   0,   6,   7,   0,  24],
[2024-08-13 12:40:00,100][flwr][INFO] - 	       [  2,  43, 243, 595,  23,   4,  13,  66,   3,  40],
[2024-08-13 12:40:00,100][flwr][INFO] - 	       [  1,  37,   4, 427, 393,   1,  15,  30,   2, 100],
[2024-08-13 12:40:00,100][flwr][INFO] - 	       [ 19,   5,   0,   3, 378, 333,   3, 103,   0, 138],
[2024-08-13 12:40:00,100][flwr][INFO] - 	       [ 30, 127,  11,  32,  88, 165, 249,  48,   5, 137],
[2024-08-13 12:40:00,100][flwr][INFO] - 	       [  6,  42,   7,   2,   5,   0, 184, 710,   0,   2],
[2024-08-13 12:40:00,100][flwr][INFO] - 	       [ 44,  18,  24,  17,  19,   2,   0, 810,  16,  78],
[2024-08-13 12:40:00,100][flwr][INFO] - 	       [  3,  35,  13,  38,  48,   5,  11,  24,   0, 797],
[2024-08-13 12:40:00,101][flwr][INFO] - 	       [121,   7,   0,   3,  45,  11,   1,  75,   0, 746]], dtype=int64)),
[2024-08-13 12:40:00,101][flwr][INFO] - 	                      (10,
[2024-08-13 12:40:00,101][flwr][INFO] - 	                       array([[ 653,  218,    1,    1,    2,    9,   77,    5,   14,    0],
[2024-08-13 12:40:00,101][flwr][INFO] - 	       [   0,    0, 1113,    3,    0,    0,   12,    0,    7,    0],
[2024-08-13 12:40:00,101][flwr][INFO] - 	       [  24,    8,  522,  340,   14,   15,   17,    7,   85,    0],
[2024-08-13 12:40:00,101][flwr][INFO] - 	       [  11,   14,   23,  297,  441,    6,   71,    6,  141,    0],
[2024-08-13 12:40:00,101][flwr][INFO] - 	       [  40,    0,    6,    0,   65,  816,   12,    2,   40,    1],
[2024-08-13 12:40:00,101][flwr][INFO] - 	       [  47,   24,   29,   14,   25,  242,  393,    4,  114,    0],
[2024-08-13 12:40:00,101][flwr][INFO] - 	       [  25,    7,   39,    0,    5,    8,  713,  160,    1,    0],
[2024-08-13 12:40:00,101][flwr][INFO] - 	       [  60,    2,   52,    2,    5,   10,    1,    2,  894,    0],
[2024-08-13 12:40:00,101][flwr][INFO] - 	       [  39,    7,   51,   24,   36,   44,   58,    1,  712,    2],
[2024-08-13 12:40:00,101][flwr][INFO] - 	       [ 643,    0,    4,    3,   22,  103,    2,    2,  230,    0]],
[2024-08-13 12:40:00,101][flwr][INFO] - 	      dtype=int64))],
[2024-08-13 12:40:00,101][flwr][INFO] - 	 'f1': [(0, 0.017493624772313296),
[2024-08-13 12:40:00,101][flwr][INFO] - 	        (1, 0.07785228435912679),
[2024-08-13 12:40:00,101][flwr][INFO] - 	        (2, 0.21174652948871459),
[2024-08-13 12:40:00,101][flwr][INFO] - 	        (3, 0.1726113936499556),
[2024-08-13 12:40:00,102][flwr][INFO] - 	        (4, 0.297737296574843),
[2024-08-13 12:40:00,102][flwr][INFO] - 	        (5, 0.30382780663023323),
[2024-08-13 12:40:00,102][flwr][INFO] - 	        (6, 0.2592781941579577),
[2024-08-13 12:40:00,102][flwr][INFO] - 	        (7, 0.3318410344493464),
[2024-08-13 12:40:00,102][flwr][INFO] - 	        (8, 0.3122912004260153),
[2024-08-13 12:40:00,102][flwr][INFO] - 	        (9, 0.32411593506192116),
[2024-08-13 12:40:00,102][flwr][INFO] - 	        (10, 0.2543549180189097)],
[2024-08-13 12:40:00,102][flwr][INFO] - 	 'precision': [(0, 0.009604000000000001),
[2024-08-13 12:40:00,102][flwr][INFO] - 	               (1, 0.12500506308105952),
[2024-08-13 12:40:00,102][flwr][INFO] - 	               (2, 0.20739626769691044),
[2024-08-13 12:40:00,102][flwr][INFO] - 	               (3, 0.20889692298065737),
[2024-08-13 12:40:00,102][flwr][INFO] - 	               (4, 0.4833253655889527),
[2024-08-13 12:40:00,102][flwr][INFO] - 	               (5, 0.4136006617134321),
[2024-08-13 12:40:00,102][flwr][INFO] - 	               (6, 0.23685065934688246),
[2024-08-13 12:40:00,102][flwr][INFO] - 	               (7, 0.5030173682195178),
[2024-08-13 12:40:00,102][flwr][INFO] - 	               (8, 0.2934026944406918),
[2024-08-13 12:40:00,102][flwr][INFO] - 	               (9, 0.3280226999764874),
[2024-08-13 12:40:00,102][flwr][INFO] - 	               (10, 0.22468743529168536)],
[2024-08-13 12:40:00,103][flwr][INFO] - 	 'recall': [(0, 0.098),
[2024-08-13 12:40:00,103][flwr][INFO] - 	            (1, 0.105),
[2024-08-13 12:40:00,103][flwr][INFO] - 	            (2, 0.2533),
[2024-08-13 12:40:00,103][flwr][INFO] - 	            (3, 0.1907),
[2024-08-13 12:40:00,103][flwr][INFO] - 	            (4, 0.368),
[2024-08-13 12:40:00,103][flwr][INFO] - 	            (5, 0.3478),
[2024-08-13 12:40:00,103][flwr][INFO] - 	            (6, 0.3262),
[2024-08-13 12:40:00,103][flwr][INFO] - 	            (7, 0.4128),
[2024-08-13 12:40:00,103][flwr][INFO] - 	            (8, 0.3707),
[2024-08-13 12:40:00,103][flwr][INFO] - 	            (9, 0.3687),
[2024-08-13 12:40:00,103][flwr][INFO] - 	            (10, 0.3206)]}
[2024-08-13 12:40:00,103][flwr][INFO] - 
