[2024-08-13 11:20:55,886][flwr][INFO] - Starting Flower simulation, config: num_rounds=10, no round_timeout
[2024-08-13 11:21:00,091][flwr][INFO] - Flower VCE: Ray initialized with resources: {'node:127.0.0.1': 1.0, 'object_store_memory': 2534600294.0, 'memory': 5069200590.0, 'CPU': 16.0, 'GPU': 1.0, 'node:__internal_head__': 1.0, 'accelerator_type:G': 1.0}
[2024-08-13 11:21:00,091][flwr][INFO] - Optimize your simulation with Flower VCE: https://flower.ai/docs/framework/how-to-run-simulations.html
[2024-08-13 11:21:00,091][flwr][INFO] - Flower VCE: Resources for each Virtual Client: {'num_cpus': 2, 'num_gpus': 0.5}
[2024-08-13 11:21:00,103][flwr][INFO] - Flower VCE: Creating VirtualClientEngineActorPool with 2 actors
[2024-08-13 11:21:00,103][flwr][INFO] - [INIT]
[2024-08-13 11:21:00,103][flwr][INFO] - Requesting initial parameters from one random client
[2024-08-13 11:21:07,435][flwr][INFO] - Received initial parameters from one random client
[2024-08-13 11:21:07,435][flwr][INFO] - Evaluating initial global parameters
[2024-08-13 11:21:09,701][flwr][INFO] - initial parameters (loss, other metrics): 2.3025850929940455, {'accuracy': 0.098, 'precision': 0.009604000000000001, 'recall': 0.098, 'f1': 0.017493624772313296, 'confusion_matrix': array([[ 980,    0,    0,    0,    0,    0,    0,    0,    0,    0],
       [1135,    0,    0,    0,    0,    0,    0,    0,    0,    0],
       [1032,    0,    0,    0,    0,    0,    0,    0,    0,    0],
       [1010,    0,    0,    0,    0,    0,    0,    0,    0,    0],
       [ 982,    0,    0,    0,    0,    0,    0,    0,    0,    0],
       [ 892,    0,    0,    0,    0,    0,    0,    0,    0,    0],
       [ 958,    0,    0,    0,    0,    0,    0,    0,    0,    0],
       [1028,    0,    0,    0,    0,    0,    0,    0,    0,    0],
       [ 974,    0,    0,    0,    0,    0,    0,    0,    0,    0],
       [1009,    0,    0,    0,    0,    0,    0,    0,    0,    0]],
      dtype=int64)}
[2024-08-13 11:21:09,702][flwr][INFO] - 
[2024-08-13 11:21:09,702][flwr][INFO] - [ROUND 1]
[2024-08-13 11:21:09,703][flwr][INFO] - configure_fit: strategy sampled 10 clients (out of 10)
[2024-08-13 11:21:18,252][flwr][INFO] - aggregate_fit: received 10 results and 0 failures
[2024-08-13 11:21:18,255][flwr][WARNING] - No fit_metrics_aggregation_fn provided
[2024-08-13 11:21:20,356][flwr][INFO] - fit progress: (1, 1.1293974401260218, {'accuracy': 0.6582, 'precision': 0.7497872989774618, 'recall': 0.6582, 'f1': 0.6206982299837082, 'confusion_matrix': array([[957,   0,   2,   5,   0,   0,   7,   0,   9,   0],
       [  0, 871, 208,   9,   0,   0,   4,   1,  39,   3],
       [ 85,   3, 658, 175,   4,   0,  18,  17,  47,  25],
       [ 22,   1,  12, 883,   0,   0,   7,   9,  53,  23],
       [ 61,   4,   5,   1, 218,   0,  23,  10,  36, 624],
       [259,  40,  35, 245,   2,   1,  35,   8, 178,  89],
       [113,   6,  33,   5,   2,   0, 784,   6,   6,   3],
       [ 46,  16,  32,   4,   0,   0,   1, 688, 135, 106],
       [ 52,   3,  19, 173,   0,   0,  11,   2, 661,  53],
       [ 72,   3,   1,  12,   5,   0,   1,   6,  48, 861]], dtype=int64)}, 10.653884300001664)
[2024-08-13 11:21:20,357][flwr][INFO] - configure_evaluate: no clients selected, skipping evaluation
[2024-08-13 11:21:20,357][flwr][INFO] - 
[2024-08-13 11:21:20,357][flwr][INFO] - [ROUND 2]
[2024-08-13 11:21:20,357][flwr][INFO] - configure_fit: strategy sampled 10 clients (out of 10)
[2024-08-13 11:21:26,740][flwr][INFO] - aggregate_fit: received 10 results and 0 failures
[2024-08-13 11:21:28,830][flwr][INFO] - fit progress: (2, 1.4468914665915655, {'accuracy': 0.5063, 'precision': 0.6303668971680635, 'recall': 0.5063, 'f1': 0.4382456967102287, 'confusion_matrix': array([[112, 340,   1,   1,  21, 339, 126,  40,   0,   0],
       [  0, 809, 295,   1,  12,  13,   4,   1,   0,   0],
       [  0,  31, 768,  12, 114,  20,  18,  63,   6,   0],
       [  0,  61,  34, 203, 556, 103,  23,  24,   5,   1],
       [  0,   2,   2,   0, 845,  83,   8,  41,   0,   1],
       [  0,  73,  21,   7,  56, 672,  39,  24,   0,   0],
       [  0,  16,  31,   0,  45,  25, 729, 112,   0,   0],
       [  0,  24,  50,   0,  56,   9,   0, 886,   3,   0],
       [  0,  77,  46,   2, 390, 379,  16,  26,  36,   2],
       [  0,   8,   2,   0, 630, 194,   1, 171,   0,   3]], dtype=int64)}, 19.127725800004555)
[2024-08-13 11:21:28,831][flwr][INFO] - configure_evaluate: no clients selected, skipping evaluation
[2024-08-13 11:21:28,832][flwr][INFO] - 
[2024-08-13 11:21:28,832][flwr][INFO] - [ROUND 3]
[2024-08-13 11:21:28,832][flwr][INFO] - configure_fit: strategy sampled 10 clients (out of 10)
[2024-08-13 11:21:35,185][flwr][INFO] - aggregate_fit: received 10 results and 0 failures
[2024-08-13 11:21:37,264][flwr][INFO] - fit progress: (3, 1.2150106734881694, {'accuracy': 0.6208, 'precision': 0.7142659002893355, 'recall': 0.6208, 'f1': 0.5826884512632332, 'confusion_matrix': array([[904,   8,   2,  13,   0,   0,  35,   2,  14,   2],
       [  0, 912, 175,   7,   0,   0,   5,   1,  21,  14],
       [ 17,  13, 501, 340,   0,   0,  30,  17,  71,  43],
       [  2,   5,   6, 848,   0,   1,  18,   9,  65,  56],
       [ 28,   5,   3,   1, 150,   1,  25,  38,  18, 713],
       [ 75,  96,  13, 204,   0,  33, 118,  13, 173, 167],
       [ 21,  13,  22,   2,   0,   0, 846,  50,   1,   3],
       [ 28,  20,  23,   7,   0,   0,   2, 523, 333,  92],
       [ 14,  18,  14, 133,   0,   0,  25,   2, 592, 176],
       [ 43,   3,   2,   9,   1,   1,   0,  13,  38, 899]], dtype=int64)}, 27.56167650000134)
[2024-08-13 11:21:37,265][flwr][INFO] - configure_evaluate: no clients selected, skipping evaluation
[2024-08-13 11:21:37,265][flwr][INFO] - 
[2024-08-13 11:21:37,265][flwr][INFO] - [ROUND 4]
[2024-08-13 11:21:37,266][flwr][INFO] - configure_fit: strategy sampled 10 clients (out of 10)
[2024-08-13 11:21:43,824][flwr][INFO] - aggregate_fit: received 10 results and 0 failures
[2024-08-13 11:21:45,932][flwr][INFO] - fit progress: (4, 1.13434886869921, {'accuracy': 0.6839, 'precision': 0.7389945786757216, 'recall': 0.6839, 'f1': 0.6541141005015672, 'confusion_matrix': array([[829,  55,   1,   3,   5,  20,  39,  27,   1,   0],
       [  0, 968, 147,   1,   2,   7,   3,   7,   0,   0],
       [  8,  30, 825,  37,  43,   0,  16,  53,  20,   0],
       [  2,  57,  32, 642, 141,  59,  14,  32,  31,   0],
       [  4,   5,   3,   0, 863,  20,  12,  71,   2,   2],
       [ 10, 104,  16,  39,  33, 588,  54,  40,   8,   0],
       [  7,  22,  36,   0,  24,   7, 745, 117,   0,   0],
       [  7,  32,  48,   0,  24,   0,   0, 907,  10,   0],
       [  8,  96,  50,  38, 168,  98,  33,  39, 441,   3],
       [ 27,  11,   4,   2, 493,  80,   1, 354,   6,  31]], dtype=int64)}, 36.22907070000656)
[2024-08-13 11:21:45,932][flwr][INFO] - configure_evaluate: no clients selected, skipping evaluation
[2024-08-13 11:21:45,933][flwr][INFO] - 
[2024-08-13 11:21:45,933][flwr][INFO] - [ROUND 5]
[2024-08-13 11:21:45,933][flwr][INFO] - configure_fit: strategy sampled 10 clients (out of 10)
[2024-08-13 11:21:52,507][flwr][INFO] - aggregate_fit: received 10 results and 0 failures
[2024-08-13 11:21:54,604][flwr][INFO] - fit progress: (5, 1.6877623432752975, {'accuracy': 0.3402, 'precision': 0.4279943444816785, 'recall': 0.3402, 'f1': 0.2861359301477402, 'confusion_matrix': array([[439, 432,   0,  18,   0,   0,  30,   1,   8,  52],
       [  0, 101, 859,  17,   0,   0,   3,   0,  42, 113],
       [  0,  13,  76, 747,   0,   1,  14,   4,  68, 109],
       [  0,   4,   1, 789,   1,   3,   8,   2,  37, 165],
       [ 10,   1,   0,   1,  21,  35,   8,   1,   8, 897],
       [  5,  47,   9, 140,   0,  67,  72,   1, 109, 442],
       [  8,  25,   5,  20,   1,   0, 769,  46,   3,  81],
       [ 24,   2,  13,  13,   0,   0,   2,   4, 782, 188],
       [  1,   1,   3,  78,   0,   0,   7,   0, 159, 725],
       [ 13,   0,   0,  10,   0,   1,   1,   0,   7, 977]], dtype=int64)}, 44.9025615999999)
[2024-08-13 11:21:54,605][flwr][INFO] - configure_evaluate: no clients selected, skipping evaluation
[2024-08-13 11:21:54,605][flwr][INFO] - 
[2024-08-13 11:21:54,605][flwr][INFO] - [ROUND 6]
[2024-08-13 11:21:54,606][flwr][INFO] - configure_fit: strategy sampled 10 clients (out of 10)
[2024-08-13 11:22:00,922][flwr][INFO] - aggregate_fit: received 10 results and 0 failures
[2024-08-13 11:22:03,023][flwr][INFO] - fit progress: (6, 1.277132652786928, {'accuracy': 0.6278, 'precision': 0.5846362474992689, 'recall': 0.6278, 'f1': 0.5960862440147896, 'confusion_matrix': array([[865,  74,   1,   1,   1,   4,  19,  10,   5,   0],
       [  1, 761, 347,   2,   2,   4,  15,   1,   2,   0],
       [ 34,  15, 800,  49,  30,   3,  18,  44,  39,   0],
       [ 25,  29,  31, 573, 190,  30,  33,  23,  76,   0],
       [ 39,   3,   5,   0, 639, 213,  13,  61,   9,   0],
       [ 68,  64,  20,  23,  33, 518, 113,  27,  26,   0],
       [ 20,  11,  27,   0,   7,   3, 727, 163,   0,   0],
       [ 83,  17,  54,   2,  17,   3,   1, 759,  92,   0],
       [ 70,  29,  36,  19,  76,  45,  51,  12, 636,   0],
       [495,   7,   3,   2, 160, 155,   1,  98,  88,   0]], dtype=int64)}, 53.320541100008995)
[2024-08-13 11:22:03,024][flwr][INFO] - configure_evaluate: no clients selected, skipping evaluation
[2024-08-13 11:22:03,024][flwr][INFO] - 
[2024-08-13 11:22:03,024][flwr][INFO] - [ROUND 7]
[2024-08-13 11:22:03,025][flwr][INFO] - configure_fit: strategy sampled 10 clients (out of 10)
[2024-08-13 11:22:09,561][flwr][INFO] - aggregate_fit: received 10 results and 0 failures
[2024-08-13 11:22:11,649][flwr][INFO] - fit progress: (7, 1.0887836821029708, {'accuracy': 0.6697, 'precision': 0.7286621858041485, 'recall': 0.6697, 'f1': 0.6611674821058616, 'confusion_matrix': array([[ 466,  328,    2,   30,    3,   12,   98,   22,    9,   10],
       [   0, 1028,   63,   14,    1,    2,   10,    1,    6,   10],
       [   0,   32,  524,  343,   12,    1,   25,   33,   29,   33],
       [   0,   13,    2,  861,    7,   13,   15,   14,   19,   66],
       [   0,    6,    2,    2,  604,   24,   22,   31,    6,  285],
       [   3,   89,    4,  135,   12,  399,   97,   19,   37,   97],
       [   1,   25,   12,    0,    7,    1,  826,   85,    0,    1],
       [   5,   29,   25,   10,   18,    0,    2,  741,   60,  138],
       [   1,   48,    7,  151,    7,    9,   26,    7,  328,  390],
       [  10,    7,    2,   13,   19,    8,    4,   23,    3,  920]],
      dtype=int64)}, 61.94664200000989)
[2024-08-13 11:22:11,650][flwr][INFO] - configure_evaluate: no clients selected, skipping evaluation
[2024-08-13 11:22:11,650][flwr][INFO] - 
[2024-08-13 11:22:11,650][flwr][INFO] - [ROUND 8]
[2024-08-13 11:22:11,650][flwr][INFO] - configure_fit: strategy sampled 10 clients (out of 10)
[2024-08-13 11:22:18,251][flwr][INFO] - aggregate_fit: received 10 results and 0 failures
[2024-08-13 11:22:20,344][flwr][INFO] - fit progress: (8, 1.241648433686711, {'accuracy': 0.5668, 'precision': 0.6974304827171062, 'recall': 0.5668, 'f1': 0.5166241427958361, 'confusion_matrix': array([[943,  12,   2,   0,   2,   4,   2,   8,   7,   0],
       [  0, 285, 830,   1,   3,   4,   2,   2,   8,   0],
       [ 27,   2, 871,   3,  45,   4,   8,  25,  47,   0],
       [ 50,   9,  82, 200, 469,  33,  15,  26, 126,   0],
       [ 37,   1,   5,   0, 824,  70,   4,  29,  12,   0],
       [ 85,  26,  35,   5,  46, 575,  32,  25,  63,   0],
       [ 69,   4,  55,   0,  25,  12, 538, 254,   1,   0],
       [ 79,   3,  69,   0,  31,   1,   0, 695, 150,   0],
       [ 57,   3,  55,   0,  83,  25,  12,   5, 734,   0],
       [431,   4,   6,   0, 274,  90,   0,  55, 146,   3]], dtype=int64)}, 70.64196280000033)
[2024-08-13 11:22:20,345][flwr][INFO] - configure_evaluate: no clients selected, skipping evaluation
[2024-08-13 11:22:20,345][flwr][INFO] - 
[2024-08-13 11:22:20,345][flwr][INFO] - [ROUND 9]
[2024-08-13 11:22:20,345][flwr][INFO] - configure_fit: strategy sampled 10 clients (out of 10)
[2024-08-13 11:22:26,906][flwr][INFO] - aggregate_fit: received 10 results and 0 failures
[2024-08-13 11:22:29,143][flwr][INFO] - fit progress: (9, 1.0742421318924134, {'accuracy': 0.6688, 'precision': 0.7260838873641707, 'recall': 0.6688, 'f1': 0.6518484138711181, 'confusion_matrix': array([[ 490,  333,    0,   14,    1,   13,   96,   24,    3,    6],
       [   0, 1067,   19,   18,    1,    2,   16,    2,    6,    4],
       [   0,   50,  357,  488,   11,    1,   31,   44,   21,   29],
       [   0,   18,    0,  866,    4,   20,   24,   15,   13,   50],
       [   2,    6,    0,    4,  610,  114,   32,   46,    4,  164],
       [   3,   82,    1,   95,    9,  493,  121,   23,   19,   46],
       [   1,   25,    7,    0,    5,    1,  835,   83,    0,    1],
       [   7,   34,   10,   23,   15,    2,    2,  830,   39,   66],
       [   1,   62,    1,  147,    7,   23,   53,   12,  260,  408],
       [  11,   10,    2,   10,   20,   25,    7,   43,    1,  880]],
      dtype=int64)}, 79.43983260000823)
[2024-08-13 11:22:29,144][flwr][INFO] - configure_evaluate: no clients selected, skipping evaluation
[2024-08-13 11:22:29,144][flwr][INFO] - 
[2024-08-13 11:22:29,144][flwr][INFO] - [ROUND 10]
[2024-08-13 11:22:29,144][flwr][INFO] - configure_fit: strategy sampled 10 clients (out of 10)
[2024-08-13 11:22:35,623][flwr][INFO] - aggregate_fit: received 10 results and 0 failures
[2024-08-13 11:22:37,729][flwr][INFO] - fit progress: (10, 1.070663427684568, {'accuracy': 0.6668, 'precision': 0.7556119296722693, 'recall': 0.6668, 'f1': 0.6529347375366671, 'confusion_matrix': array([[945,   6,   3,   1,   2,   4,   4,   6,   9,   0],
       [  0, 610, 495,   1,   4,   3,   3,   1,  18,   0],
       [ 21,   2, 875,   4,  42,   1,  10,  19,  58,   0],
       [ 27,   6,  70, 374, 307,  25,  16,  20, 164,   1],
       [ 28,   2,   3,   0, 893,  12,   6,  15,  21,   2],
       [ 63,  27,  25,  14,  38, 543,  45,  21, 115,   1],
       [ 52,   4,  52,   0,  25,   8, 706, 109,   2,   0],
       [ 57,   6,  60,   0,  37,   1,   0, 655, 212,   0],
       [ 36,   5,  37,   1,  53,  12,  14,   2, 814,   0],
       [253,   4,   5,   0, 257,  24,   0,  36, 177, 253]], dtype=int64)}, 88.0259245000052)
[2024-08-13 11:22:37,729][flwr][INFO] - configure_evaluate: no clients selected, skipping evaluation
[2024-08-13 11:22:37,729][flwr][INFO] - 
[2024-08-13 11:22:37,729][flwr][INFO] - [SUMMARY]
[2024-08-13 11:22:37,729][flwr][INFO] - Run finished 10 round(s) in 88.03s
[2024-08-13 11:22:37,738][flwr][INFO] - 	History (loss, centralized):
[2024-08-13 11:22:37,738][flwr][INFO] - 		round 0: 2.3025850929940455
[2024-08-13 11:22:37,738][flwr][INFO] - 		round 1: 1.1293974401260218
[2024-08-13 11:22:37,738][flwr][INFO] - 		round 2: 1.4468914665915655
[2024-08-13 11:22:37,738][flwr][INFO] - 		round 3: 1.2150106734881694
[2024-08-13 11:22:37,738][flwr][INFO] - 		round 4: 1.13434886869921
[2024-08-13 11:22:37,738][flwr][INFO] - 		round 5: 1.6877623432752975
[2024-08-13 11:22:37,738][flwr][INFO] - 		round 6: 1.277132652786928
[2024-08-13 11:22:37,738][flwr][INFO] - 		round 7: 1.0887836821029708
[2024-08-13 11:22:37,738][flwr][INFO] - 		round 8: 1.241648433686711
[2024-08-13 11:22:37,738][flwr][INFO] - 		round 9: 1.0742421318924134
[2024-08-13 11:22:37,739][flwr][INFO] - 		round 10: 1.070663427684568
[2024-08-13 11:22:37,739][flwr][INFO] - 	History (metrics, centralized):
[2024-08-13 11:22:37,739][flwr][INFO] - 	{'accuracy': [(0, 0.098),
[2024-08-13 11:22:37,739][flwr][INFO] - 	              (1, 0.6582),
[2024-08-13 11:22:37,739][flwr][INFO] - 	              (2, 0.5063),
[2024-08-13 11:22:37,739][flwr][INFO] - 	              (3, 0.6208),
[2024-08-13 11:22:37,739][flwr][INFO] - 	              (4, 0.6839),
[2024-08-13 11:22:37,739][flwr][INFO] - 	              (5, 0.3402),
[2024-08-13 11:22:37,739][flwr][INFO] - 	              (6, 0.6278),
[2024-08-13 11:22:37,739][flwr][INFO] - 	              (7, 0.6697),
[2024-08-13 11:22:37,739][flwr][INFO] - 	              (8, 0.5668),
[2024-08-13 11:22:37,739][flwr][INFO] - 	              (9, 0.6688),
[2024-08-13 11:22:37,739][flwr][INFO] - 	              (10, 0.6668)],
[2024-08-13 11:22:37,739][flwr][INFO] - 	 'confusion_matrix': [(0,
[2024-08-13 11:22:37,739][flwr][INFO] - 	                       array([[ 980,    0,    0,    0,    0,    0,    0,    0,    0,    0],
[2024-08-13 11:22:37,739][flwr][INFO] - 	       [1135,    0,    0,    0,    0,    0,    0,    0,    0,    0],
[2024-08-13 11:22:37,740][flwr][INFO] - 	       [1032,    0,    0,    0,    0,    0,    0,    0,    0,    0],
[2024-08-13 11:22:37,740][flwr][INFO] - 	       [1010,    0,    0,    0,    0,    0,    0,    0,    0,    0],
[2024-08-13 11:22:37,740][flwr][INFO] - 	       [ 982,    0,    0,    0,    0,    0,    0,    0,    0,    0],
[2024-08-13 11:22:37,740][flwr][INFO] - 	       [ 892,    0,    0,    0,    0,    0,    0,    0,    0,    0],
[2024-08-13 11:22:37,740][flwr][INFO] - 	       [ 958,    0,    0,    0,    0,    0,    0,    0,    0,    0],
[2024-08-13 11:22:37,740][flwr][INFO] - 	       [1028,    0,    0,    0,    0,    0,    0,    0,    0,    0],
[2024-08-13 11:22:37,740][flwr][INFO] - 	       [ 974,    0,    0,    0,    0,    0,    0,    0,    0,    0],
[2024-08-13 11:22:37,740][flwr][INFO] - 	       [1009,    0,    0,    0,    0,    0,    0,    0,    0,    0]],
[2024-08-13 11:22:37,740][flwr][INFO] - 	      dtype=int64)),
[2024-08-13 11:22:37,740][flwr][INFO] - 	                      (1,
[2024-08-13 11:22:37,740][flwr][INFO] - 	                       array([[957,   0,   2,   5,   0,   0,   7,   0,   9,   0],
[2024-08-13 11:22:37,740][flwr][INFO] - 	       [  0, 871, 208,   9,   0,   0,   4,   1,  39,   3],
[2024-08-13 11:22:37,740][flwr][INFO] - 	       [ 85,   3, 658, 175,   4,   0,  18,  17,  47,  25],
[2024-08-13 11:22:37,740][flwr][INFO] - 	       [ 22,   1,  12, 883,   0,   0,   7,   9,  53,  23],
[2024-08-13 11:22:37,740][flwr][INFO] - 	       [ 61,   4,   5,   1, 218,   0,  23,  10,  36, 624],
[2024-08-13 11:22:37,740][flwr][INFO] - 	       [259,  40,  35, 245,   2,   1,  35,   8, 178,  89],
[2024-08-13 11:22:37,741][flwr][INFO] - 	       [113,   6,  33,   5,   2,   0, 784,   6,   6,   3],
[2024-08-13 11:22:37,741][flwr][INFO] - 	       [ 46,  16,  32,   4,   0,   0,   1, 688, 135, 106],
[2024-08-13 11:22:37,741][flwr][INFO] - 	       [ 52,   3,  19, 173,   0,   0,  11,   2, 661,  53],
[2024-08-13 11:22:37,741][flwr][INFO] - 	       [ 72,   3,   1,  12,   5,   0,   1,   6,  48, 861]], dtype=int64)),
[2024-08-13 11:22:37,741][flwr][INFO] - 	                      (2,
[2024-08-13 11:22:37,741][flwr][INFO] - 	                       array([[112, 340,   1,   1,  21, 339, 126,  40,   0,   0],
[2024-08-13 11:22:37,741][flwr][INFO] - 	       [  0, 809, 295,   1,  12,  13,   4,   1,   0,   0],
[2024-08-13 11:22:37,741][flwr][INFO] - 	       [  0,  31, 768,  12, 114,  20,  18,  63,   6,   0],
[2024-08-13 11:22:37,741][flwr][INFO] - 	       [  0,  61,  34, 203, 556, 103,  23,  24,   5,   1],
[2024-08-13 11:22:37,741][flwr][INFO] - 	       [  0,   2,   2,   0, 845,  83,   8,  41,   0,   1],
[2024-08-13 11:22:37,741][flwr][INFO] - 	       [  0,  73,  21,   7,  56, 672,  39,  24,   0,   0],
[2024-08-13 11:22:37,741][flwr][INFO] - 	       [  0,  16,  31,   0,  45,  25, 729, 112,   0,   0],
[2024-08-13 11:22:37,741][flwr][INFO] - 	       [  0,  24,  50,   0,  56,   9,   0, 886,   3,   0],
[2024-08-13 11:22:37,741][flwr][INFO] - 	       [  0,  77,  46,   2, 390, 379,  16,  26,  36,   2],
[2024-08-13 11:22:37,741][flwr][INFO] - 	       [  0,   8,   2,   0, 630, 194,   1, 171,   0,   3]], dtype=int64)),
[2024-08-13 11:22:37,741][flwr][INFO] - 	                      (3,
[2024-08-13 11:22:37,741][flwr][INFO] - 	                       array([[904,   8,   2,  13,   0,   0,  35,   2,  14,   2],
[2024-08-13 11:22:37,742][flwr][INFO] - 	       [  0, 912, 175,   7,   0,   0,   5,   1,  21,  14],
[2024-08-13 11:22:37,742][flwr][INFO] - 	       [ 17,  13, 501, 340,   0,   0,  30,  17,  71,  43],
[2024-08-13 11:22:37,742][flwr][INFO] - 	       [  2,   5,   6, 848,   0,   1,  18,   9,  65,  56],
[2024-08-13 11:22:37,742][flwr][INFO] - 	       [ 28,   5,   3,   1, 150,   1,  25,  38,  18, 713],
[2024-08-13 11:22:37,742][flwr][INFO] - 	       [ 75,  96,  13, 204,   0,  33, 118,  13, 173, 167],
[2024-08-13 11:22:37,742][flwr][INFO] - 	       [ 21,  13,  22,   2,   0,   0, 846,  50,   1,   3],
[2024-08-13 11:22:37,742][flwr][INFO] - 	       [ 28,  20,  23,   7,   0,   0,   2, 523, 333,  92],
[2024-08-13 11:22:37,742][flwr][INFO] - 	       [ 14,  18,  14, 133,   0,   0,  25,   2, 592, 176],
[2024-08-13 11:22:37,742][flwr][INFO] - 	       [ 43,   3,   2,   9,   1,   1,   0,  13,  38, 899]], dtype=int64)),
[2024-08-13 11:22:37,742][flwr][INFO] - 	                      (4,
[2024-08-13 11:22:37,742][flwr][INFO] - 	                       array([[829,  55,   1,   3,   5,  20,  39,  27,   1,   0],
[2024-08-13 11:22:37,742][flwr][INFO] - 	       [  0, 968, 147,   1,   2,   7,   3,   7,   0,   0],
[2024-08-13 11:22:37,742][flwr][INFO] - 	       [  8,  30, 825,  37,  43,   0,  16,  53,  20,   0],
[2024-08-13 11:22:37,742][flwr][INFO] - 	       [  2,  57,  32, 642, 141,  59,  14,  32,  31,   0],
[2024-08-13 11:22:37,742][flwr][INFO] - 	       [  4,   5,   3,   0, 863,  20,  12,  71,   2,   2],
[2024-08-13 11:22:37,742][flwr][INFO] - 	       [ 10, 104,  16,  39,  33, 588,  54,  40,   8,   0],
[2024-08-13 11:22:37,743][flwr][INFO] - 	       [  7,  22,  36,   0,  24,   7, 745, 117,   0,   0],
[2024-08-13 11:22:37,743][flwr][INFO] - 	       [  7,  32,  48,   0,  24,   0,   0, 907,  10,   0],
[2024-08-13 11:22:37,743][flwr][INFO] - 	       [  8,  96,  50,  38, 168,  98,  33,  39, 441,   3],
[2024-08-13 11:22:37,743][flwr][INFO] - 	       [ 27,  11,   4,   2, 493,  80,   1, 354,   6,  31]], dtype=int64)),
[2024-08-13 11:22:37,743][flwr][INFO] - 	                      (5,
[2024-08-13 11:22:37,743][flwr][INFO] - 	                       array([[439, 432,   0,  18,   0,   0,  30,   1,   8,  52],
[2024-08-13 11:22:37,743][flwr][INFO] - 	       [  0, 101, 859,  17,   0,   0,   3,   0,  42, 113],
[2024-08-13 11:22:37,743][flwr][INFO] - 	       [  0,  13,  76, 747,   0,   1,  14,   4,  68, 109],
[2024-08-13 11:22:37,743][flwr][INFO] - 	       [  0,   4,   1, 789,   1,   3,   8,   2,  37, 165],
[2024-08-13 11:22:37,743][flwr][INFO] - 	       [ 10,   1,   0,   1,  21,  35,   8,   1,   8, 897],
[2024-08-13 11:22:37,743][flwr][INFO] - 	       [  5,  47,   9, 140,   0,  67,  72,   1, 109, 442],
[2024-08-13 11:22:37,743][flwr][INFO] - 	       [  8,  25,   5,  20,   1,   0, 769,  46,   3,  81],
[2024-08-13 11:22:37,743][flwr][INFO] - 	       [ 24,   2,  13,  13,   0,   0,   2,   4, 782, 188],
[2024-08-13 11:22:37,743][flwr][INFO] - 	       [  1,   1,   3,  78,   0,   0,   7,   0, 159, 725],
[2024-08-13 11:22:37,743][flwr][INFO] - 	       [ 13,   0,   0,  10,   0,   1,   1,   0,   7, 977]], dtype=int64)),
[2024-08-13 11:22:37,743][flwr][INFO] - 	                      (6,
[2024-08-13 11:22:37,743][flwr][INFO] - 	                       array([[865,  74,   1,   1,   1,   4,  19,  10,   5,   0],
[2024-08-13 11:22:37,744][flwr][INFO] - 	       [  1, 761, 347,   2,   2,   4,  15,   1,   2,   0],
[2024-08-13 11:22:37,744][flwr][INFO] - 	       [ 34,  15, 800,  49,  30,   3,  18,  44,  39,   0],
[2024-08-13 11:22:37,744][flwr][INFO] - 	       [ 25,  29,  31, 573, 190,  30,  33,  23,  76,   0],
[2024-08-13 11:22:37,744][flwr][INFO] - 	       [ 39,   3,   5,   0, 639, 213,  13,  61,   9,   0],
[2024-08-13 11:22:37,744][flwr][INFO] - 	       [ 68,  64,  20,  23,  33, 518, 113,  27,  26,   0],
[2024-08-13 11:22:37,744][flwr][INFO] - 	       [ 20,  11,  27,   0,   7,   3, 727, 163,   0,   0],
[2024-08-13 11:22:37,744][flwr][INFO] - 	       [ 83,  17,  54,   2,  17,   3,   1, 759,  92,   0],
[2024-08-13 11:22:37,744][flwr][INFO] - 	       [ 70,  29,  36,  19,  76,  45,  51,  12, 636,   0],
[2024-08-13 11:22:37,744][flwr][INFO] - 	       [495,   7,   3,   2, 160, 155,   1,  98,  88,   0]], dtype=int64)),
[2024-08-13 11:22:37,744][flwr][INFO] - 	                      (7,
[2024-08-13 11:22:37,744][flwr][INFO] - 	                       array([[ 466,  328,    2,   30,    3,   12,   98,   22,    9,   10],
[2024-08-13 11:22:37,744][flwr][INFO] - 	       [   0, 1028,   63,   14,    1,    2,   10,    1,    6,   10],
[2024-08-13 11:22:37,744][flwr][INFO] - 	       [   0,   32,  524,  343,   12,    1,   25,   33,   29,   33],
[2024-08-13 11:22:37,744][flwr][INFO] - 	       [   0,   13,    2,  861,    7,   13,   15,   14,   19,   66],
[2024-08-13 11:22:37,744][flwr][INFO] - 	       [   0,    6,    2,    2,  604,   24,   22,   31,    6,  285],
[2024-08-13 11:22:37,744][flwr][INFO] - 	       [   3,   89,    4,  135,   12,  399,   97,   19,   37,   97],
[2024-08-13 11:22:37,744][flwr][INFO] - 	       [   1,   25,   12,    0,    7,    1,  826,   85,    0,    1],
[2024-08-13 11:22:37,745][flwr][INFO] - 	       [   5,   29,   25,   10,   18,    0,    2,  741,   60,  138],
[2024-08-13 11:22:37,745][flwr][INFO] - 	       [   1,   48,    7,  151,    7,    9,   26,    7,  328,  390],
[2024-08-13 11:22:37,745][flwr][INFO] - 	       [  10,    7,    2,   13,   19,    8,    4,   23,    3,  920]],
[2024-08-13 11:22:37,745][flwr][INFO] - 	      dtype=int64)),
[2024-08-13 11:22:37,745][flwr][INFO] - 	                      (8,
[2024-08-13 11:22:37,745][flwr][INFO] - 	                       array([[943,  12,   2,   0,   2,   4,   2,   8,   7,   0],
[2024-08-13 11:22:37,745][flwr][INFO] - 	       [  0, 285, 830,   1,   3,   4,   2,   2,   8,   0],
[2024-08-13 11:22:37,745][flwr][INFO] - 	       [ 27,   2, 871,   3,  45,   4,   8,  25,  47,   0],
[2024-08-13 11:22:37,745][flwr][INFO] - 	       [ 50,   9,  82, 200, 469,  33,  15,  26, 126,   0],
[2024-08-13 11:22:37,745][flwr][INFO] - 	       [ 37,   1,   5,   0, 824,  70,   4,  29,  12,   0],
[2024-08-13 11:22:37,745][flwr][INFO] - 	       [ 85,  26,  35,   5,  46, 575,  32,  25,  63,   0],
[2024-08-13 11:22:37,745][flwr][INFO] - 	       [ 69,   4,  55,   0,  25,  12, 538, 254,   1,   0],
[2024-08-13 11:22:37,745][flwr][INFO] - 	       [ 79,   3,  69,   0,  31,   1,   0, 695, 150,   0],
[2024-08-13 11:22:37,745][flwr][INFO] - 	       [ 57,   3,  55,   0,  83,  25,  12,   5, 734,   0],
[2024-08-13 11:22:37,745][flwr][INFO] - 	       [431,   4,   6,   0, 274,  90,   0,  55, 146,   3]], dtype=int64)),
[2024-08-13 11:22:37,745][flwr][INFO] - 	                      (9,
[2024-08-13 11:22:37,745][flwr][INFO] - 	                       array([[ 490,  333,    0,   14,    1,   13,   96,   24,    3,    6],
[2024-08-13 11:22:37,746][flwr][INFO] - 	       [   0, 1067,   19,   18,    1,    2,   16,    2,    6,    4],
[2024-08-13 11:22:37,746][flwr][INFO] - 	       [   0,   50,  357,  488,   11,    1,   31,   44,   21,   29],
[2024-08-13 11:22:37,746][flwr][INFO] - 	       [   0,   18,    0,  866,    4,   20,   24,   15,   13,   50],
[2024-08-13 11:22:37,746][flwr][INFO] - 	       [   2,    6,    0,    4,  610,  114,   32,   46,    4,  164],
[2024-08-13 11:22:37,746][flwr][INFO] - 	       [   3,   82,    1,   95,    9,  493,  121,   23,   19,   46],
[2024-08-13 11:22:37,746][flwr][INFO] - 	       [   1,   25,    7,    0,    5,    1,  835,   83,    0,    1],
[2024-08-13 11:22:37,746][flwr][INFO] - 	       [   7,   34,   10,   23,   15,    2,    2,  830,   39,   66],
[2024-08-13 11:22:37,746][flwr][INFO] - 	       [   1,   62,    1,  147,    7,   23,   53,   12,  260,  408],
[2024-08-13 11:22:37,746][flwr][INFO] - 	       [  11,   10,    2,   10,   20,   25,    7,   43,    1,  880]],
[2024-08-13 11:22:37,746][flwr][INFO] - 	      dtype=int64)),
[2024-08-13 11:22:37,746][flwr][INFO] - 	                      (10,
[2024-08-13 11:22:37,746][flwr][INFO] - 	                       array([[945,   6,   3,   1,   2,   4,   4,   6,   9,   0],
[2024-08-13 11:22:37,746][flwr][INFO] - 	       [  0, 610, 495,   1,   4,   3,   3,   1,  18,   0],
[2024-08-13 11:22:37,746][flwr][INFO] - 	       [ 21,   2, 875,   4,  42,   1,  10,  19,  58,   0],
[2024-08-13 11:22:37,746][flwr][INFO] - 	       [ 27,   6,  70, 374, 307,  25,  16,  20, 164,   1],
[2024-08-13 11:22:37,746][flwr][INFO] - 	       [ 28,   2,   3,   0, 893,  12,   6,  15,  21,   2],
[2024-08-13 11:22:37,746][flwr][INFO] - 	       [ 63,  27,  25,  14,  38, 543,  45,  21, 115,   1],
[2024-08-13 11:22:37,747][flwr][INFO] - 	       [ 52,   4,  52,   0,  25,   8, 706, 109,   2,   0],
[2024-08-13 11:22:37,747][flwr][INFO] - 	       [ 57,   6,  60,   0,  37,   1,   0, 655, 212,   0],
[2024-08-13 11:22:37,747][flwr][INFO] - 	       [ 36,   5,  37,   1,  53,  12,  14,   2, 814,   0],
[2024-08-13 11:22:37,747][flwr][INFO] - 	       [253,   4,   5,   0, 257,  24,   0,  36, 177, 253]], dtype=int64))],
[2024-08-13 11:22:37,747][flwr][INFO] - 	 'f1': [(0, 0.017493624772313296),
[2024-08-13 11:22:37,747][flwr][INFO] - 	        (1, 0.6206982299837082),
[2024-08-13 11:22:37,747][flwr][INFO] - 	        (2, 0.4382456967102287),
[2024-08-13 11:22:37,747][flwr][INFO] - 	        (3, 0.5826884512632332),
[2024-08-13 11:22:37,747][flwr][INFO] - 	        (4, 0.6541141005015672),
[2024-08-13 11:22:37,747][flwr][INFO] - 	        (5, 0.2861359301477402),
[2024-08-13 11:22:37,747][flwr][INFO] - 	        (6, 0.5960862440147896),
[2024-08-13 11:22:37,747][flwr][INFO] - 	        (7, 0.6611674821058616),
[2024-08-13 11:22:37,747][flwr][INFO] - 	        (8, 0.5166241427958361),
[2024-08-13 11:22:37,747][flwr][INFO] - 	        (9, 0.6518484138711181),
[2024-08-13 11:22:37,747][flwr][INFO] - 	        (10, 0.6529347375366671)],
[2024-08-13 11:22:37,747][flwr][INFO] - 	 'precision': [(0, 0.009604000000000001),
[2024-08-13 11:22:37,747][flwr][INFO] - 	               (1, 0.7497872989774618),
[2024-08-13 11:22:37,748][flwr][INFO] - 	               (2, 0.6303668971680635),
[2024-08-13 11:22:37,748][flwr][INFO] - 	               (3, 0.7142659002893355),
[2024-08-13 11:22:37,748][flwr][INFO] - 	               (4, 0.7389945786757216),
[2024-08-13 11:22:37,748][flwr][INFO] - 	               (5, 0.4279943444816785),
[2024-08-13 11:22:37,748][flwr][INFO] - 	               (6, 0.5846362474992689),
[2024-08-13 11:22:37,748][flwr][INFO] - 	               (7, 0.7286621858041485),
[2024-08-13 11:22:37,748][flwr][INFO] - 	               (8, 0.6974304827171062),
[2024-08-13 11:22:37,748][flwr][INFO] - 	               (9, 0.7260838873641707),
[2024-08-13 11:22:37,748][flwr][INFO] - 	               (10, 0.7556119296722693)],
[2024-08-13 11:22:37,748][flwr][INFO] - 	 'recall': [(0, 0.098),
[2024-08-13 11:22:37,748][flwr][INFO] - 	            (1, 0.6582),
[2024-08-13 11:22:37,748][flwr][INFO] - 	            (2, 0.5063),
[2024-08-13 11:22:37,748][flwr][INFO] - 	            (3, 0.6208),
[2024-08-13 11:22:37,748][flwr][INFO] - 	            (4, 0.6839),
[2024-08-13 11:22:37,748][flwr][INFO] - 	            (5, 0.3402),
[2024-08-13 11:22:37,748][flwr][INFO] - 	            (6, 0.6278),
[2024-08-13 11:22:37,748][flwr][INFO] - 	            (7, 0.6697),
[2024-08-13 11:22:37,749][flwr][INFO] - 	            (8, 0.5668),
[2024-08-13 11:22:37,749][flwr][INFO] - 	            (9, 0.6688),
[2024-08-13 11:22:37,749][flwr][INFO] - 	            (10, 0.6668)]}
[2024-08-13 11:22:37,749][flwr][INFO] - 
