[2024-08-13 12:53:44,925][flwr][INFO] - Starting Flower simulation, config: num_rounds=10, no round_timeout
[2024-08-13 12:53:49,001][flwr][INFO] - Flower VCE: Ray initialized with resources: {'CPU': 16.0, 'GPU': 1.0, 'node:127.0.0.1': 1.0, 'memory': 5057780123.0, 'object_store_memory': 2528890060.0, 'accelerator_type:G': 1.0, 'node:__internal_head__': 1.0}
[2024-08-13 12:53:49,001][flwr][INFO] - Optimize your simulation with Flower VCE: https://flower.ai/docs/framework/how-to-run-simulations.html
[2024-08-13 12:53:49,002][flwr][INFO] - Flower VCE: Resources for each Virtual Client: {'num_cpus': 2, 'num_gpus': 0.5}
[2024-08-13 12:53:49,013][flwr][INFO] - Flower VCE: Creating VirtualClientEngineActorPool with 2 actors
[2024-08-13 12:53:49,013][flwr][INFO] - [INIT]
[2024-08-13 12:53:49,013][flwr][INFO] - Requesting initial parameters from one random client
[2024-08-13 12:53:56,540][flwr][INFO] - Received initial parameters from one random client
[2024-08-13 12:53:56,540][flwr][INFO] - Evaluating initial global parameters
[2024-08-13 12:53:58,774][flwr][INFO] - initial parameters (loss, other metrics): 2.3025850929940455, {'accuracy': 0.098, 'precision': 0.009604000000000001, 'recall': 0.098, 'f1': 0.017493624772313296, 'confusion_matrix': array([[ 980,    0,    0,    0,    0,    0,    0,    0,    0,    0],
       [1135,    0,    0,    0,    0,    0,    0,    0,    0,    0],
       [1032,    0,    0,    0,    0,    0,    0,    0,    0,    0],
       [1010,    0,    0,    0,    0,    0,    0,    0,    0,    0],
       [ 982,    0,    0,    0,    0,    0,    0,    0,    0,    0],
       [ 892,    0,    0,    0,    0,    0,    0,    0,    0,    0],
       [ 958,    0,    0,    0,    0,    0,    0,    0,    0,    0],
       [1028,    0,    0,    0,    0,    0,    0,    0,    0,    0],
       [ 974,    0,    0,    0,    0,    0,    0,    0,    0,    0],
       [1009,    0,    0,    0,    0,    0,    0,    0,    0,    0]],
      dtype=int64)}
[2024-08-13 12:53:58,775][flwr][INFO] - 
[2024-08-13 12:53:58,775][flwr][INFO] - [ROUND 1]
[2024-08-13 12:53:58,775][flwr][INFO] - configure_fit: strategy sampled 10 clients (out of 10)
[2024-08-13 12:54:07,128][flwr][INFO] - aggregate_fit: received 10 results and 0 failures
[2024-08-13 12:54:07,131][flwr][WARNING] - No fit_metrics_aggregation_fn provided
[2024-08-13 12:54:09,271][flwr][INFO] - fit progress: (1, 2.4241204672636028, {'accuracy': 0.1714, 'precision': 0.18384825428417334, 'recall': 0.1714, 'f1': 0.13686376397978128, 'confusion_matrix': array([[ 308,  617,    0,    9,    1,    0,    1,   15,    0,   29],
       [   0,    0, 1091,    4,    0,    0,    0,    2,    1,   37],
       [  11,   19,  128,  746,    2,    1,    3,   27,   16,   79],
       [   4,   13,   18,  399,  382,    0,    2,    8,   14,  170],
       [ 131,    0,   11,    4,   62,  118,    0,   44,    5,  607],
       [  91,   63,   59,   70,  131,    1,   17,   20,   30,  410],
       [  22,   36,   41,   19,    2,    0,   63,  726,    0,   49],
       [  57,    1,   47,    5,    4,    0,    0,   10,  838,   66],
       [   7,    4,   28,   61,   23,    0,    0,    3,    7,  841],
       [ 183,    1,    4,    5,   24,    1,    0,    6,   49,  736]],
      dtype=int64)}, 10.496537300001364)
[2024-08-13 12:54:09,272][flwr][INFO] - configure_evaluate: no clients selected, skipping evaluation
[2024-08-13 12:54:09,272][flwr][INFO] - 
[2024-08-13 12:54:09,272][flwr][INFO] - [ROUND 2]
[2024-08-13 12:54:09,273][flwr][INFO] - configure_fit: strategy sampled 10 clients (out of 10)
[2024-08-13 12:54:15,572][flwr][INFO] - aggregate_fit: received 10 results and 0 failures
[2024-08-13 12:54:17,661][flwr][INFO] - fit progress: (2, 1.8397620529929373, {'accuracy': 0.2578, 'precision': 0.2251210261358394, 'recall': 0.2578, 'f1': 0.23194783767642463, 'confusion_matrix': array([[ 606,  195,    1,    2,    2,    2,  164,    8,    0,    0],
       [   0,   19, 1073,    3,    4,    0,   34,    1,    1,    0],
       [  23,   25,  259,  508,   18,   20,   63,   77,   39,    0],
       [   3,   29,    9,  196,  633,    1,   86,   11,   42,    0],
       [  11,    1,    3,    0,   76,  799,   25,   53,   14,    0],
       [  43,   77,   29,    6,  113,  147,  410,   21,   46,    0],
       [   7,   10,    8,    3,    3,    2,  714,  211,    0,    0],
       [  52,    1,   42,    3,   12,   21,    3,  188,  706,    0],
       [  26,   42,   32,   16,  264,   38,  175,    8,  373,    0],
       [ 164,    1,    3,    1,   89,  478,    9,   67,  197,    0]],
      dtype=int64)}, 18.88616190000903)
[2024-08-13 12:54:17,662][flwr][INFO] - configure_evaluate: no clients selected, skipping evaluation
[2024-08-13 12:54:17,662][flwr][INFO] - 
[2024-08-13 12:54:17,662][flwr][INFO] - [ROUND 3]
[2024-08-13 12:54:17,662][flwr][INFO] - configure_fit: strategy sampled 10 clients (out of 10)
[2024-08-13 12:54:24,184][flwr][INFO] - aggregate_fit: received 10 results and 0 failures
[2024-08-13 12:54:26,288][flwr][INFO] - fit progress: (3, 1.577315767856121, {'accuracy': 0.3152, 'precision': 0.32358388875260446, 'recall': 0.3152, 'f1': 0.3111826837362926, 'confusion_matrix': array([[541, 374,   2,   3,   1,   1,  22,  31,   5,   0],
       [  0, 244, 867,   3,   1,   2,   2,  14,   0,   2],
       [ 18,  35, 228, 620,   6,  10,  12,  72,  21,  10],
       [  6,  43,  10, 639, 203,   2,  14,  22,  44,  27],
       [ 21,   3,   7,   0, 129, 666,   3, 123,  11,  19],
       [ 94, 169,  28,  71,  89, 186, 141,  40,  52,  22],
       [ 17,  37,  18,   6,   1,   0, 323, 556,   0,   0],
       [ 55,   7,  39,   8,   7,   4,   1, 337, 564,   6],
       [ 36,  63,  30, 166,  47,  12,  22,  18, 173, 407],
       [237,   5,   3,   7,  73, 118,   0, 117,  97, 352]], dtype=int64)}, 27.51315220000106)
[2024-08-13 12:54:26,289][flwr][INFO] - configure_evaluate: no clients selected, skipping evaluation
[2024-08-13 12:54:26,289][flwr][INFO] - 
[2024-08-13 12:54:26,289][flwr][INFO] - [ROUND 4]
[2024-08-13 12:54:26,290][flwr][INFO] - configure_fit: strategy sampled 10 clients (out of 10)
[2024-08-13 12:54:32,632][flwr][INFO] - aggregate_fit: received 10 results and 0 failures
[2024-08-13 12:54:34,720][flwr][INFO] - fit progress: (4, 1.3474394021152254, {'accuracy': 0.4865, 'precision': 0.5528572580590031, 'recall': 0.4865, 'f1': 0.4536672733260826, 'confusion_matrix': array([[653,  91,   1,   1,   7,   3, 215,   1,   3,   5],
       [  0, 579, 519,   1,   2,   0,  23,   0,   1,  10],
       [  2,  11, 794,  25,  53,   1,  48,  13,  44,  41],
       [  0,  23,  31, 167, 557,   1,  96,   4,  32,  99],
       [  5,   3,   3,   0, 533, 184,  48,   4,   3, 199],
       [ 13,  59,  29,   6,  77, 187, 371,   5,  39, 106],
       [  5,  10,  30,   0,  14,   0, 869,  29,   0,   1],
       [ 37,  10,  41,   0,  43,   2,   3, 171, 608, 113],
       [  1,  12,  35,   3,  80,   4,  73,   1,  50, 715],
       [ 37,   3,   2,   0,  66,  13,  12,   7,   7, 862]], dtype=int64)}, 35.94510550000996)
[2024-08-13 12:54:34,721][flwr][INFO] - configure_evaluate: no clients selected, skipping evaluation
[2024-08-13 12:54:34,721][flwr][INFO] - 
[2024-08-13 12:54:34,721][flwr][INFO] - [ROUND 5]
[2024-08-13 12:54:34,721][flwr][INFO] - configure_fit: strategy sampled 10 clients (out of 10)
[2024-08-13 12:54:41,334][flwr][INFO] - aggregate_fit: received 10 results and 0 failures
[2024-08-13 12:54:43,438][flwr][INFO] - fit progress: (5, 1.3846704410070685, {'accuracy': 0.4688, 'precision': 0.5273981168005372, 'recall': 0.4688, 'f1': 0.4471586674882662, 'confusion_matrix': array([[512, 389,   1,  10,   1,  11,   7,  42,   7,   0],
       [  0, 757, 350,   8,   1,   3,   1,   9,   6,   0],
       [ 11,  28, 294, 566,  13,  12,   8,  59,  40,   1],
       [  3,  25,   6, 775,  73,  22,   2,  23,  79,   2],
       [ 13,   4,   3,   1, 176, 678,   2,  87,  14,   4],
       [ 24, 101,  14, 104,  16, 491,  34,  47,  61,   0],
       [ 18,  41,  16,   6,   3,  10, 253, 611,   0,   0],
       [ 34,  17,  27,   9,   8,  10,   0, 681, 241,   1],
       [ 18,  48,  18, 169,  11,  72,   6,  18, 565,  49],
       [243,   9,   1,   7,  52, 233,   0, 167, 113, 184]], dtype=int64)}, 44.662885099998675)
[2024-08-13 12:54:43,439][flwr][INFO] - configure_evaluate: no clients selected, skipping evaluation
[2024-08-13 12:54:43,439][flwr][INFO] - 
[2024-08-13 12:54:43,439][flwr][INFO] - [ROUND 6]
[2024-08-13 12:54:43,440][flwr][INFO] - configure_fit: strategy sampled 10 clients (out of 10)
[2024-08-13 12:54:49,916][flwr][INFO] - aggregate_fit: received 10 results and 0 failures
[2024-08-13 12:54:52,027][flwr][INFO] - fit progress: (6, 1.3942427084060312, {'accuracy': 0.444, 'precision': 0.46236707500086605, 'recall': 0.444, 'f1': 0.4095044437599873, 'confusion_matrix': array([[555, 294,   1,   0,   7,   1, 106,   6,   0,  10],
       [  0, 228, 878,   2,   2,   0,  17,   1,   0,   7],
       [ 11,  21, 739, 105,  41,   1,  24,  20,  32,  38],
       [  4,  28,  25, 266, 498,   0,  59,   7,  24,  99],
       [ 24,   3,   4,   0, 591, 127,  28,  15,   2, 188],
       [ 37,  76,  31,  11,  90, 136, 347,  11,  32, 121],
       [  9,  15,  34,   0,  11,   0, 802,  85,   0,   2],
       [ 83,   4,  55,   0,  32,   0,   2, 276, 508,  68],
       [  4,  12,  40,   7,  76,   3,  48,   2,  28, 754],
       [ 99,   4,   4,   2,  61,   5,   2,  10,   3, 819]], dtype=int64)}, 53.25149120000424)
[2024-08-13 12:54:52,027][flwr][INFO] - configure_evaluate: no clients selected, skipping evaluation
[2024-08-13 12:54:52,028][flwr][INFO] - 
[2024-08-13 12:54:52,028][flwr][INFO] - [ROUND 7]
[2024-08-13 12:54:52,028][flwr][INFO] - configure_fit: strategy sampled 10 clients (out of 10)
[2024-08-13 12:54:58,597][flwr][INFO] - aggregate_fit: received 10 results and 0 failures
[2024-08-13 12:55:00,687][flwr][INFO] - fit progress: (7, 1.4235478465563987, {'accuracy': 0.419, 'precision': 0.47997113867960717, 'recall': 0.419, 'f1': 0.3839212904390366, 'confusion_matrix': array([[420, 471,   0,   9,   1,  13,  13,  45,   8,   0],
       [  0, 680, 417,  11,   1,   4,   3,   6,  13,   0],
       [ 11,  25, 222, 645,   9,  17,  10,  47,  46,   0],
       [  1,  21,   5, 780,  52,  26,  10,  21,  93,   1],
       [ 13,   3,   0,   5, 112, 750,   4,  73,  20,   2],
       [ 23,  77,  13,  87,  12, 496,  74,  40,  70,   0],
       [ 13,  31,  10,   6,   2,   6, 288, 602,   0,   0],
       [ 47,  16,  24,  15,   4,  13,   0, 496, 413,   0],
       [ 16,  33,  15, 148,   4,  72,  17,  15, 646,   8],
       [403,   5,   1,  10,  32, 246,   0,  90, 172,  50]], dtype=int64)}, 61.912229900000966)
[2024-08-13 12:55:00,688][flwr][INFO] - configure_evaluate: no clients selected, skipping evaluation
[2024-08-13 12:55:00,688][flwr][INFO] - 
[2024-08-13 12:55:00,688][flwr][INFO] - [ROUND 8]
[2024-08-13 12:55:00,688][flwr][INFO] - configure_fit: strategy sampled 10 clients (out of 10)
[2024-08-13 12:55:07,280][flwr][INFO] - aggregate_fit: received 10 results and 0 failures
[2024-08-13 12:55:09,389][flwr][INFO] - fit progress: (8, 1.3769285410095755, {'accuracy': 0.4608, 'precision': 0.4634054277602836, 'recall': 0.4608, 'f1': 0.4332179227890779, 'confusion_matrix': array([[512, 351,   1,   1,   8,   4,  78,  15,   0,  10],
       [  0, 326, 780,   2,   3,   0,  16,   1,   0,   7],
       [ 10,  21, 723, 122,  37,   1,  22,  29,  27,  40],
       [  4,  28,  26, 281, 499,   1,  48,  12,  23,  88],
       [ 23,   3,   4,   0, 599, 164,  18,  29,   1, 141],
       [ 40,  78,  22,  14,  87, 180, 325,  18,  28, 100],
       [  8,  17,  31,   0,  11,   0, 713, 176,   0,   2],
       [ 83,   9,  54,   0,  32,   0,   2, 463, 323,  62],
       [  4,  17,  39,   8,  78,   4,  44,   4,  23, 753],
       [116,   5,   3,   2,  65,   8,   2,  18,   2, 788]], dtype=int64)}, 70.61346700000286)
[2024-08-13 12:55:09,390][flwr][INFO] - configure_evaluate: no clients selected, skipping evaluation
[2024-08-13 12:55:09,390][flwr][INFO] - 
[2024-08-13 12:55:09,390][flwr][INFO] - [ROUND 9]
[2024-08-13 12:55:09,390][flwr][INFO] - configure_fit: strategy sampled 10 clients (out of 10)
[2024-08-13 12:55:16,355][flwr][INFO] - aggregate_fit: received 10 results and 0 failures
[2024-08-13 12:55:18,600][flwr][INFO] - fit progress: (9, 1.3145609382810295, {'accuracy': 0.5008, 'precision': 0.6062245442467371, 'recall': 0.5008, 'f1': 0.45396977608308026, 'confusion_matrix': array([[704, 167,   0,  17,   0,  19,  21,  37,  15,   0],
       [  0, 948, 118,  27,   1,   4,   3,   5,  29,   0],
       [ 10,  20, 158, 711,   6,  14,  10,  44,  59,   0],
       [  1,  15,   0, 841,   4,  34,   4,  18,  93,   0],
       [ 12,   3,   0,   6, 109, 756,   4,  64,  27,   1],
       [ 18,  62,   3,  95,   0, 536,  53,  35,  90,   0],
       [ 19,  20,   6,  11,   1,  10, 375, 516,   0,   0],
       [ 28,  20,   9,  24,   4,  13,   0, 589, 341,   0],
       [ 12,  26,   6, 134,   0,  61,  14,  13, 708,   0],
       [314,   5,   0,  14,  17, 274,   0, 112, 233,  40]], dtype=int64)}, 79.82529990001058)
[2024-08-13 12:55:18,601][flwr][INFO] - configure_evaluate: no clients selected, skipping evaluation
[2024-08-13 12:55:18,601][flwr][INFO] - 
[2024-08-13 12:55:18,601][flwr][INFO] - [ROUND 10]
[2024-08-13 12:55:18,601][flwr][INFO] - configure_fit: strategy sampled 10 clients (out of 10)
[2024-08-13 12:55:25,129][flwr][INFO] - aggregate_fit: received 10 results and 0 failures
[2024-08-13 12:55:27,225][flwr][INFO] - fit progress: (10, 1.3161335476838727, {'accuracy': 0.5077, 'precision': 0.5120450820892981, 'recall': 0.5077, 'f1': 0.47833543616372187, 'confusion_matrix': array([[396, 475,   1,   0,   9,   7,  60,  22,   0,  10],
       [  0, 477, 631,   2,   3,   0,  14,   1,   0,   7],
       [  7,  22, 769,  81,  43,   2,  20,  32,  26,  30],
       [  3,  34,  29, 292, 495,   1,  35,  17,  23,  81],
       [ 16,   3,   3,   0, 670, 131,  18,  32,   1, 108],
       [ 29,  84,  17,  16,  77, 271, 260,  25,  26,  87],
       [ 10,  21,  30,   0,  14,   0, 685, 196,   0,   2],
       [ 56,  14,  56,   1,  35,   0,   2, 684, 124,  56],
       [  5,  26,  42,   8,  81,   9,  43,   7,  22, 731],
       [ 79,   5,   3,   2,  69,  10,   2,  26,   2, 811]], dtype=int64)}, 88.45013850000396)
[2024-08-13 12:55:27,226][flwr][INFO] - configure_evaluate: no clients selected, skipping evaluation
[2024-08-13 12:55:27,226][flwr][INFO] - 
[2024-08-13 12:55:27,226][flwr][INFO] - [SUMMARY]
[2024-08-13 12:55:27,226][flwr][INFO] - Run finished 10 round(s) in 88.45s
[2024-08-13 12:55:27,234][flwr][INFO] - 	History (loss, centralized):
[2024-08-13 12:55:27,235][flwr][INFO] - 		round 0: 2.3025850929940455
[2024-08-13 12:55:27,235][flwr][INFO] - 		round 1: 2.4241204672636028
[2024-08-13 12:55:27,235][flwr][INFO] - 		round 2: 1.8397620529929373
[2024-08-13 12:55:27,235][flwr][INFO] - 		round 3: 1.577315767856121
[2024-08-13 12:55:27,235][flwr][INFO] - 		round 4: 1.3474394021152254
[2024-08-13 12:55:27,235][flwr][INFO] - 		round 5: 1.3846704410070685
[2024-08-13 12:55:27,235][flwr][INFO] - 		round 6: 1.3942427084060312
[2024-08-13 12:55:27,235][flwr][INFO] - 		round 7: 1.4235478465563987
[2024-08-13 12:55:27,235][flwr][INFO] - 		round 8: 1.3769285410095755
[2024-08-13 12:55:27,235][flwr][INFO] - 		round 9: 1.3145609382810295
[2024-08-13 12:55:27,235][flwr][INFO] - 		round 10: 1.3161335476838727
[2024-08-13 12:55:27,235][flwr][INFO] - 	History (metrics, centralized):
[2024-08-13 12:55:27,235][flwr][INFO] - 	{'accuracy': [(0, 0.098),
[2024-08-13 12:55:27,235][flwr][INFO] - 	              (1, 0.1714),
[2024-08-13 12:55:27,236][flwr][INFO] - 	              (2, 0.2578),
[2024-08-13 12:55:27,236][flwr][INFO] - 	              (3, 0.3152),
[2024-08-13 12:55:27,236][flwr][INFO] - 	              (4, 0.4865),
[2024-08-13 12:55:27,236][flwr][INFO] - 	              (5, 0.4688),
[2024-08-13 12:55:27,236][flwr][INFO] - 	              (6, 0.444),
[2024-08-13 12:55:27,236][flwr][INFO] - 	              (7, 0.419),
[2024-08-13 12:55:27,236][flwr][INFO] - 	              (8, 0.4608),
[2024-08-13 12:55:27,236][flwr][INFO] - 	              (9, 0.5008),
[2024-08-13 12:55:27,236][flwr][INFO] - 	              (10, 0.5077)],
[2024-08-13 12:55:27,236][flwr][INFO] - 	 'confusion_matrix': [(0,
[2024-08-13 12:55:27,236][flwr][INFO] - 	                       array([[ 980,    0,    0,    0,    0,    0,    0,    0,    0,    0],
[2024-08-13 12:55:27,236][flwr][INFO] - 	       [1135,    0,    0,    0,    0,    0,    0,    0,    0,    0],
[2024-08-13 12:55:27,236][flwr][INFO] - 	       [1032,    0,    0,    0,    0,    0,    0,    0,    0,    0],
[2024-08-13 12:55:27,236][flwr][INFO] - 	       [1010,    0,    0,    0,    0,    0,    0,    0,    0,    0],
[2024-08-13 12:55:27,237][flwr][INFO] - 	       [ 982,    0,    0,    0,    0,    0,    0,    0,    0,    0],
[2024-08-13 12:55:27,237][flwr][INFO] - 	       [ 892,    0,    0,    0,    0,    0,    0,    0,    0,    0],
[2024-08-13 12:55:27,237][flwr][INFO] - 	       [ 958,    0,    0,    0,    0,    0,    0,    0,    0,    0],
[2024-08-13 12:55:27,237][flwr][INFO] - 	       [1028,    0,    0,    0,    0,    0,    0,    0,    0,    0],
[2024-08-13 12:55:27,237][flwr][INFO] - 	       [ 974,    0,    0,    0,    0,    0,    0,    0,    0,    0],
[2024-08-13 12:55:27,237][flwr][INFO] - 	       [1009,    0,    0,    0,    0,    0,    0,    0,    0,    0]],
[2024-08-13 12:55:27,237][flwr][INFO] - 	      dtype=int64)),
[2024-08-13 12:55:27,237][flwr][INFO] - 	                      (1,
[2024-08-13 12:55:27,237][flwr][INFO] - 	                       array([[ 308,  617,    0,    9,    1,    0,    1,   15,    0,   29],
[2024-08-13 12:55:27,237][flwr][INFO] - 	       [   0,    0, 1091,    4,    0,    0,    0,    2,    1,   37],
[2024-08-13 12:55:27,237][flwr][INFO] - 	       [  11,   19,  128,  746,    2,    1,    3,   27,   16,   79],
[2024-08-13 12:55:27,237][flwr][INFO] - 	       [   4,   13,   18,  399,  382,    0,    2,    8,   14,  170],
[2024-08-13 12:55:27,237][flwr][INFO] - 	       [ 131,    0,   11,    4,   62,  118,    0,   44,    5,  607],
[2024-08-13 12:55:27,237][flwr][INFO] - 	       [  91,   63,   59,   70,  131,    1,   17,   20,   30,  410],
[2024-08-13 12:55:27,237][flwr][INFO] - 	       [  22,   36,   41,   19,    2,    0,   63,  726,    0,   49],
[2024-08-13 12:55:27,237][flwr][INFO] - 	       [  57,    1,   47,    5,    4,    0,    0,   10,  838,   66],
[2024-08-13 12:55:27,237][flwr][INFO] - 	       [   7,    4,   28,   61,   23,    0,    0,    3,    7,  841],
[2024-08-13 12:55:27,238][flwr][INFO] - 	       [ 183,    1,    4,    5,   24,    1,    0,    6,   49,  736]],
[2024-08-13 12:55:27,238][flwr][INFO] - 	      dtype=int64)),
[2024-08-13 12:55:27,238][flwr][INFO] - 	                      (2,
[2024-08-13 12:55:27,238][flwr][INFO] - 	                       array([[ 606,  195,    1,    2,    2,    2,  164,    8,    0,    0],
[2024-08-13 12:55:27,238][flwr][INFO] - 	       [   0,   19, 1073,    3,    4,    0,   34,    1,    1,    0],
[2024-08-13 12:55:27,238][flwr][INFO] - 	       [  23,   25,  259,  508,   18,   20,   63,   77,   39,    0],
[2024-08-13 12:55:27,238][flwr][INFO] - 	       [   3,   29,    9,  196,  633,    1,   86,   11,   42,    0],
[2024-08-13 12:55:27,238][flwr][INFO] - 	       [  11,    1,    3,    0,   76,  799,   25,   53,   14,    0],
[2024-08-13 12:55:27,238][flwr][INFO] - 	       [  43,   77,   29,    6,  113,  147,  410,   21,   46,    0],
[2024-08-13 12:55:27,238][flwr][INFO] - 	       [   7,   10,    8,    3,    3,    2,  714,  211,    0,    0],
[2024-08-13 12:55:27,238][flwr][INFO] - 	       [  52,    1,   42,    3,   12,   21,    3,  188,  706,    0],
[2024-08-13 12:55:27,238][flwr][INFO] - 	       [  26,   42,   32,   16,  264,   38,  175,    8,  373,    0],
[2024-08-13 12:55:27,238][flwr][INFO] - 	       [ 164,    1,    3,    1,   89,  478,    9,   67,  197,    0]],
[2024-08-13 12:55:27,238][flwr][INFO] - 	      dtype=int64)),
[2024-08-13 12:55:27,238][flwr][INFO] - 	                      (3,
[2024-08-13 12:55:27,238][flwr][INFO] - 	                       array([[541, 374,   2,   3,   1,   1,  22,  31,   5,   0],
[2024-08-13 12:55:27,238][flwr][INFO] - 	       [  0, 244, 867,   3,   1,   2,   2,  14,   0,   2],
[2024-08-13 12:55:27,239][flwr][INFO] - 	       [ 18,  35, 228, 620,   6,  10,  12,  72,  21,  10],
[2024-08-13 12:55:27,239][flwr][INFO] - 	       [  6,  43,  10, 639, 203,   2,  14,  22,  44,  27],
[2024-08-13 12:55:27,239][flwr][INFO] - 	       [ 21,   3,   7,   0, 129, 666,   3, 123,  11,  19],
[2024-08-13 12:55:27,239][flwr][INFO] - 	       [ 94, 169,  28,  71,  89, 186, 141,  40,  52,  22],
[2024-08-13 12:55:27,239][flwr][INFO] - 	       [ 17,  37,  18,   6,   1,   0, 323, 556,   0,   0],
[2024-08-13 12:55:27,239][flwr][INFO] - 	       [ 55,   7,  39,   8,   7,   4,   1, 337, 564,   6],
[2024-08-13 12:55:27,239][flwr][INFO] - 	       [ 36,  63,  30, 166,  47,  12,  22,  18, 173, 407],
[2024-08-13 12:55:27,239][flwr][INFO] - 	       [237,   5,   3,   7,  73, 118,   0, 117,  97, 352]], dtype=int64)),
[2024-08-13 12:55:27,239][flwr][INFO] - 	                      (4,
[2024-08-13 12:55:27,239][flwr][INFO] - 	                       array([[653,  91,   1,   1,   7,   3, 215,   1,   3,   5],
[2024-08-13 12:55:27,239][flwr][INFO] - 	       [  0, 579, 519,   1,   2,   0,  23,   0,   1,  10],
[2024-08-13 12:55:27,239][flwr][INFO] - 	       [  2,  11, 794,  25,  53,   1,  48,  13,  44,  41],
[2024-08-13 12:55:27,239][flwr][INFO] - 	       [  0,  23,  31, 167, 557,   1,  96,   4,  32,  99],
[2024-08-13 12:55:27,239][flwr][INFO] - 	       [  5,   3,   3,   0, 533, 184,  48,   4,   3, 199],
[2024-08-13 12:55:27,239][flwr][INFO] - 	       [ 13,  59,  29,   6,  77, 187, 371,   5,  39, 106],
[2024-08-13 12:55:27,239][flwr][INFO] - 	       [  5,  10,  30,   0,  14,   0, 869,  29,   0,   1],
[2024-08-13 12:55:27,239][flwr][INFO] - 	       [ 37,  10,  41,   0,  43,   2,   3, 171, 608, 113],
[2024-08-13 12:55:27,240][flwr][INFO] - 	       [  1,  12,  35,   3,  80,   4,  73,   1,  50, 715],
[2024-08-13 12:55:27,240][flwr][INFO] - 	       [ 37,   3,   2,   0,  66,  13,  12,   7,   7, 862]], dtype=int64)),
[2024-08-13 12:55:27,240][flwr][INFO] - 	                      (5,
[2024-08-13 12:55:27,240][flwr][INFO] - 	                       array([[512, 389,   1,  10,   1,  11,   7,  42,   7,   0],
[2024-08-13 12:55:27,240][flwr][INFO] - 	       [  0, 757, 350,   8,   1,   3,   1,   9,   6,   0],
[2024-08-13 12:55:27,240][flwr][INFO] - 	       [ 11,  28, 294, 566,  13,  12,   8,  59,  40,   1],
[2024-08-13 12:55:27,240][flwr][INFO] - 	       [  3,  25,   6, 775,  73,  22,   2,  23,  79,   2],
[2024-08-13 12:55:27,240][flwr][INFO] - 	       [ 13,   4,   3,   1, 176, 678,   2,  87,  14,   4],
[2024-08-13 12:55:27,240][flwr][INFO] - 	       [ 24, 101,  14, 104,  16, 491,  34,  47,  61,   0],
[2024-08-13 12:55:27,240][flwr][INFO] - 	       [ 18,  41,  16,   6,   3,  10, 253, 611,   0,   0],
[2024-08-13 12:55:27,240][flwr][INFO] - 	       [ 34,  17,  27,   9,   8,  10,   0, 681, 241,   1],
[2024-08-13 12:55:27,240][flwr][INFO] - 	       [ 18,  48,  18, 169,  11,  72,   6,  18, 565,  49],
[2024-08-13 12:55:27,240][flwr][INFO] - 	       [243,   9,   1,   7,  52, 233,   0, 167, 113, 184]], dtype=int64)),
[2024-08-13 12:55:27,240][flwr][INFO] - 	                      (6,
[2024-08-13 12:55:27,240][flwr][INFO] - 	                       array([[555, 294,   1,   0,   7,   1, 106,   6,   0,  10],
[2024-08-13 12:55:27,240][flwr][INFO] - 	       [  0, 228, 878,   2,   2,   0,  17,   1,   0,   7],
[2024-08-13 12:55:27,240][flwr][INFO] - 	       [ 11,  21, 739, 105,  41,   1,  24,  20,  32,  38],
[2024-08-13 12:55:27,241][flwr][INFO] - 	       [  4,  28,  25, 266, 498,   0,  59,   7,  24,  99],
[2024-08-13 12:55:27,241][flwr][INFO] - 	       [ 24,   3,   4,   0, 591, 127,  28,  15,   2, 188],
[2024-08-13 12:55:27,241][flwr][INFO] - 	       [ 37,  76,  31,  11,  90, 136, 347,  11,  32, 121],
[2024-08-13 12:55:27,241][flwr][INFO] - 	       [  9,  15,  34,   0,  11,   0, 802,  85,   0,   2],
[2024-08-13 12:55:27,241][flwr][INFO] - 	       [ 83,   4,  55,   0,  32,   0,   2, 276, 508,  68],
[2024-08-13 12:55:27,241][flwr][INFO] - 	       [  4,  12,  40,   7,  76,   3,  48,   2,  28, 754],
[2024-08-13 12:55:27,241][flwr][INFO] - 	       [ 99,   4,   4,   2,  61,   5,   2,  10,   3, 819]], dtype=int64)),
[2024-08-13 12:55:27,241][flwr][INFO] - 	                      (7,
[2024-08-13 12:55:27,241][flwr][INFO] - 	                       array([[420, 471,   0,   9,   1,  13,  13,  45,   8,   0],
[2024-08-13 12:55:27,241][flwr][INFO] - 	       [  0, 680, 417,  11,   1,   4,   3,   6,  13,   0],
[2024-08-13 12:55:27,241][flwr][INFO] - 	       [ 11,  25, 222, 645,   9,  17,  10,  47,  46,   0],
[2024-08-13 12:55:27,241][flwr][INFO] - 	       [  1,  21,   5, 780,  52,  26,  10,  21,  93,   1],
[2024-08-13 12:55:27,241][flwr][INFO] - 	       [ 13,   3,   0,   5, 112, 750,   4,  73,  20,   2],
[2024-08-13 12:55:27,241][flwr][INFO] - 	       [ 23,  77,  13,  87,  12, 496,  74,  40,  70,   0],
[2024-08-13 12:55:27,241][flwr][INFO] - 	       [ 13,  31,  10,   6,   2,   6, 288, 602,   0,   0],
[2024-08-13 12:55:27,241][flwr][INFO] - 	       [ 47,  16,  24,  15,   4,  13,   0, 496, 413,   0],
[2024-08-13 12:55:27,241][flwr][INFO] - 	       [ 16,  33,  15, 148,   4,  72,  17,  15, 646,   8],
[2024-08-13 12:55:27,242][flwr][INFO] - 	       [403,   5,   1,  10,  32, 246,   0,  90, 172,  50]], dtype=int64)),
[2024-08-13 12:55:27,242][flwr][INFO] - 	                      (8,
[2024-08-13 12:55:27,242][flwr][INFO] - 	                       array([[512, 351,   1,   1,   8,   4,  78,  15,   0,  10],
[2024-08-13 12:55:27,242][flwr][INFO] - 	       [  0, 326, 780,   2,   3,   0,  16,   1,   0,   7],
[2024-08-13 12:55:27,242][flwr][INFO] - 	       [ 10,  21, 723, 122,  37,   1,  22,  29,  27,  40],
[2024-08-13 12:55:27,242][flwr][INFO] - 	       [  4,  28,  26, 281, 499,   1,  48,  12,  23,  88],
[2024-08-13 12:55:27,242][flwr][INFO] - 	       [ 23,   3,   4,   0, 599, 164,  18,  29,   1, 141],
[2024-08-13 12:55:27,242][flwr][INFO] - 	       [ 40,  78,  22,  14,  87, 180, 325,  18,  28, 100],
[2024-08-13 12:55:27,242][flwr][INFO] - 	       [  8,  17,  31,   0,  11,   0, 713, 176,   0,   2],
[2024-08-13 12:55:27,242][flwr][INFO] - 	       [ 83,   9,  54,   0,  32,   0,   2, 463, 323,  62],
[2024-08-13 12:55:27,242][flwr][INFO] - 	       [  4,  17,  39,   8,  78,   4,  44,   4,  23, 753],
[2024-08-13 12:55:27,242][flwr][INFO] - 	       [116,   5,   3,   2,  65,   8,   2,  18,   2, 788]], dtype=int64)),
[2024-08-13 12:55:27,242][flwr][INFO] - 	                      (9,
[2024-08-13 12:55:27,242][flwr][INFO] - 	                       array([[704, 167,   0,  17,   0,  19,  21,  37,  15,   0],
[2024-08-13 12:55:27,242][flwr][INFO] - 	       [  0, 948, 118,  27,   1,   4,   3,   5,  29,   0],
[2024-08-13 12:55:27,242][flwr][INFO] - 	       [ 10,  20, 158, 711,   6,  14,  10,  44,  59,   0],
[2024-08-13 12:55:27,242][flwr][INFO] - 	       [  1,  15,   0, 841,   4,  34,   4,  18,  93,   0],
[2024-08-13 12:55:27,243][flwr][INFO] - 	       [ 12,   3,   0,   6, 109, 756,   4,  64,  27,   1],
[2024-08-13 12:55:27,243][flwr][INFO] - 	       [ 18,  62,   3,  95,   0, 536,  53,  35,  90,   0],
[2024-08-13 12:55:27,243][flwr][INFO] - 	       [ 19,  20,   6,  11,   1,  10, 375, 516,   0,   0],
[2024-08-13 12:55:27,243][flwr][INFO] - 	       [ 28,  20,   9,  24,   4,  13,   0, 589, 341,   0],
[2024-08-13 12:55:27,243][flwr][INFO] - 	       [ 12,  26,   6, 134,   0,  61,  14,  13, 708,   0],
[2024-08-13 12:55:27,243][flwr][INFO] - 	       [314,   5,   0,  14,  17, 274,   0, 112, 233,  40]], dtype=int64)),
[2024-08-13 12:55:27,243][flwr][INFO] - 	                      (10,
[2024-08-13 12:55:27,243][flwr][INFO] - 	                       array([[396, 475,   1,   0,   9,   7,  60,  22,   0,  10],
[2024-08-13 12:55:27,243][flwr][INFO] - 	       [  0, 477, 631,   2,   3,   0,  14,   1,   0,   7],
[2024-08-13 12:55:27,243][flwr][INFO] - 	       [  7,  22, 769,  81,  43,   2,  20,  32,  26,  30],
[2024-08-13 12:55:27,243][flwr][INFO] - 	       [  3,  34,  29, 292, 495,   1,  35,  17,  23,  81],
[2024-08-13 12:55:27,243][flwr][INFO] - 	       [ 16,   3,   3,   0, 670, 131,  18,  32,   1, 108],
[2024-08-13 12:55:27,243][flwr][INFO] - 	       [ 29,  84,  17,  16,  77, 271, 260,  25,  26,  87],
[2024-08-13 12:55:27,243][flwr][INFO] - 	       [ 10,  21,  30,   0,  14,   0, 685, 196,   0,   2],
[2024-08-13 12:55:27,243][flwr][INFO] - 	       [ 56,  14,  56,   1,  35,   0,   2, 684, 124,  56],
[2024-08-13 12:55:27,243][flwr][INFO] - 	       [  5,  26,  42,   8,  81,   9,  43,   7,  22, 731],
[2024-08-13 12:55:27,243][flwr][INFO] - 	       [ 79,   5,   3,   2,  69,  10,   2,  26,   2, 811]], dtype=int64))],
[2024-08-13 12:55:27,244][flwr][INFO] - 	 'f1': [(0, 0.017493624772313296),
[2024-08-13 12:55:27,244][flwr][INFO] - 	        (1, 0.13686376397978128),
[2024-08-13 12:55:27,244][flwr][INFO] - 	        (2, 0.23194783767642463),
[2024-08-13 12:55:27,244][flwr][INFO] - 	        (3, 0.3111826837362926),
[2024-08-13 12:55:27,244][flwr][INFO] - 	        (4, 0.4536672733260826),
[2024-08-13 12:55:27,244][flwr][INFO] - 	        (5, 0.4471586674882662),
[2024-08-13 12:55:27,244][flwr][INFO] - 	        (6, 0.4095044437599873),
[2024-08-13 12:55:27,244][flwr][INFO] - 	        (7, 0.3839212904390366),
[2024-08-13 12:55:27,244][flwr][INFO] - 	        (8, 0.4332179227890779),
[2024-08-13 12:55:27,244][flwr][INFO] - 	        (9, 0.45396977608308026),
[2024-08-13 12:55:27,244][flwr][INFO] - 	        (10, 0.47833543616372187)],
[2024-08-13 12:55:27,244][flwr][INFO] - 	 'precision': [(0, 0.009604000000000001),
[2024-08-13 12:55:27,244][flwr][INFO] - 	               (1, 0.18384825428417334),
[2024-08-13 12:55:27,244][flwr][INFO] - 	               (2, 0.2251210261358394),
[2024-08-13 12:55:27,244][flwr][INFO] - 	               (3, 0.32358388875260446),
[2024-08-13 12:55:27,244][flwr][INFO] - 	               (4, 0.5528572580590031),
[2024-08-13 12:55:27,244][flwr][INFO] - 	               (5, 0.5273981168005372),
[2024-08-13 12:55:27,245][flwr][INFO] - 	               (6, 0.46236707500086605),
[2024-08-13 12:55:27,245][flwr][INFO] - 	               (7, 0.47997113867960717),
[2024-08-13 12:55:27,245][flwr][INFO] - 	               (8, 0.4634054277602836),
[2024-08-13 12:55:27,245][flwr][INFO] - 	               (9, 0.6062245442467371),
[2024-08-13 12:55:27,245][flwr][INFO] - 	               (10, 0.5120450820892981)],
[2024-08-13 12:55:27,245][flwr][INFO] - 	 'recall': [(0, 0.098),
[2024-08-13 12:55:27,245][flwr][INFO] - 	            (1, 0.1714),
[2024-08-13 12:55:27,245][flwr][INFO] - 	            (2, 0.2578),
[2024-08-13 12:55:27,245][flwr][INFO] - 	            (3, 0.3152),
[2024-08-13 12:55:27,245][flwr][INFO] - 	            (4, 0.4865),
[2024-08-13 12:55:27,245][flwr][INFO] - 	            (5, 0.4688),
[2024-08-13 12:55:27,245][flwr][INFO] - 	            (6, 0.444),
[2024-08-13 12:55:27,245][flwr][INFO] - 	            (7, 0.419),
[2024-08-13 12:55:27,245][flwr][INFO] - 	            (8, 0.4608),
[2024-08-13 12:55:27,245][flwr][INFO] - 	            (9, 0.5008),
[2024-08-13 12:55:27,245][flwr][INFO] - 	            (10, 0.5077)]}
[2024-08-13 12:55:27,245][flwr][INFO] - 
