[2024-08-13 10:29:26,634][flwr][INFO] - Starting Flower simulation, config: num_rounds=10, no round_timeout
[2024-08-13 10:29:30,899][flwr][INFO] - Flower VCE: Ray initialized with resources: {'node:__internal_head__': 1.0, 'GPU': 1.0, 'memory': 4998124340.0, 'node:127.0.0.1': 1.0, 'object_store_memory': 2499062169.0, 'CPU': 16.0, 'accelerator_type:G': 1.0}
[2024-08-13 10:29:30,899][flwr][INFO] - Optimize your simulation with Flower VCE: https://flower.ai/docs/framework/how-to-run-simulations.html
[2024-08-13 10:29:30,899][flwr][INFO] - Flower VCE: Resources for each Virtual Client: {'num_cpus': 2, 'num_gpus': 0.5}
[2024-08-13 10:29:30,909][flwr][INFO] - Flower VCE: Creating VirtualClientEngineActorPool with 2 actors
[2024-08-13 10:29:30,910][flwr][INFO] - [INIT]
[2024-08-13 10:29:30,910][flwr][INFO] - Requesting initial parameters from one random client
[2024-08-13 10:29:38,487][flwr][INFO] - Received initial parameters from one random client
[2024-08-13 10:29:38,488][flwr][INFO] - Evaluating initial global parameters
[2024-08-13 10:29:40,722][flwr][INFO] - initial parameters (loss, other metrics): 2.3025850929940455, {'accuracy': 0.098, 'precision': 0.009604000000000001, 'recall': 0.098, 'f1': 0.017493624772313296, 'confusion_matrix': array([[ 980,    0,    0,    0,    0,    0,    0,    0,    0,    0],
       [1135,    0,    0,    0,    0,    0,    0,    0,    0,    0],
       [1032,    0,    0,    0,    0,    0,    0,    0,    0,    0],
       [1010,    0,    0,    0,    0,    0,    0,    0,    0,    0],
       [ 982,    0,    0,    0,    0,    0,    0,    0,    0,    0],
       [ 892,    0,    0,    0,    0,    0,    0,    0,    0,    0],
       [ 958,    0,    0,    0,    0,    0,    0,    0,    0,    0],
       [1028,    0,    0,    0,    0,    0,    0,    0,    0,    0],
       [ 974,    0,    0,    0,    0,    0,    0,    0,    0,    0],
       [1009,    0,    0,    0,    0,    0,    0,    0,    0,    0]],
      dtype=int64)}
[2024-08-13 10:29:40,723][flwr][INFO] - 
[2024-08-13 10:29:40,723][flwr][INFO] - [ROUND 1]
[2024-08-13 10:29:40,724][flwr][INFO] - configure_fit: strategy sampled 10 clients (out of 10)
[2024-08-13 10:29:49,209][flwr][INFO] - aggregate_fit: received 10 results and 0 failures
[2024-08-13 10:29:49,212][flwr][WARNING] - No fit_metrics_aggregation_fn provided
[2024-08-13 10:29:51,287][flwr][INFO] - fit progress: (1, 0.8613426957654088, {'accuracy': 0.7359, 'precision': 0.790951309495766, 'recall': 0.7359, 'f1': 0.7037690773759409, 'confusion_matrix': array([[ 955,    0,    1,    5,    0,    0,    7,    1,   11,    0],
       [   0, 1075,    1,    6,    0,    0,    4,    1,   48,    0],
       [  80,   48,  698,   59,    7,    0,   31,   16,   87,    6],
       [  35,   15,   14,  847,    0,    0,   10,   10,   72,    7],
       [  26,   16,    3,    1,  539,    0,   42,    1,   63,  291],
       [ 216,   67,    0,  264,    5,    4,   30,   23,  236,   47],
       [  91,   19,   12,    3,    4,    0,  807,    0,   22,    0],
       [  27,   54,   14,    2,    2,    0,    2,  837,   47,   43],
       [  43,   15,    5,   96,    1,    0,   13,    8,  778,   15],
       [  47,   20,    6,   13,   14,    0,    3,   40,   47,  819]],
      dtype=int64)}, 10.563513000000967)
[2024-08-13 10:29:51,287][flwr][INFO] - configure_evaluate: no clients selected, skipping evaluation
[2024-08-13 10:29:51,287][flwr][INFO] - 
[2024-08-13 10:29:51,288][flwr][INFO] - [ROUND 2]
[2024-08-13 10:29:51,288][flwr][INFO] - configure_fit: strategy sampled 10 clients (out of 10)
[2024-08-13 10:29:57,700][flwr][INFO] - aggregate_fit: received 10 results and 0 failures
[2024-08-13 10:29:59,778][flwr][INFO] - fit progress: (2, 0.688920645017404, {'accuracy': 0.8152, 'precision': 0.8245536579447451, 'recall': 0.8152, 'f1': 0.8086887429231854, 'confusion_matrix': array([[ 931,    0,    8,    6,    0,    1,   25,    1,    8,    0],
       [   0, 1087,   25,    6,    0,    0,    5,    1,   11,    0],
       [  35,   36,  832,   32,   22,    0,   28,   17,   29,    1],
       [  11,   14,   32,  880,    0,    4,   11,   18,   26,   14],
       [   7,   15,    7,    0,  836,    0,   33,    3,    8,   73],
       [  60,   58,   16,  209,   34,  389,   42,   33,   25,   26],
       [  40,   19,   19,    2,   10,   13,  853,    1,    1,    0],
       [  10,   48,   37,    0,   13,    0,    3,  882,    5,   30],
       [  26,   33,   28,  110,   11,    6,   23,   14,  689,   34],
       [  29,   19,   10,   14,  100,    1,    3,   51,    9,  773]],
      dtype=int64)}, 19.055189799997606)
[2024-08-13 10:29:59,779][flwr][INFO] - configure_evaluate: no clients selected, skipping evaluation
[2024-08-13 10:29:59,779][flwr][INFO] - 
[2024-08-13 10:29:59,779][flwr][INFO] - [ROUND 3]
[2024-08-13 10:29:59,780][flwr][INFO] - configure_fit: strategy sampled 10 clients (out of 10)
[2024-08-13 10:30:06,293][flwr][INFO] - aggregate_fit: received 10 results and 0 failures
[2024-08-13 10:30:08,368][flwr][INFO] - fit progress: (3, 0.6424389204456549, {'accuracy': 0.8464, 'precision': 0.8471177470559696, 'recall': 0.8464, 'f1': 0.8457835551834069, 'confusion_matrix': array([[ 907,    0,    4,    1,    0,   36,   23,    1,    8,    0],
       [   0, 1076,    9,    2,    0,    9,    5,    0,   34,    0],
       [  24,   29,  814,   26,   27,    0,   29,   20,   59,    4],
       [   7,   13,   25,  806,    0,   64,    9,   17,   57,   12],
       [   6,   10,    3,    0,  822,    1,   25,    2,   13,  100],
       [  26,   43,    6,   56,   22,  662,   25,   13,   19,   20],
       [  30,   14,   17,    1,   11,   24,  856,    1,    4,    0],
       [   6,   41,   27,    0,   14,    0,    2,  878,   17,   43],
       [  12,   14,   14,   35,    9,   28,   18,   12,  804,   28],
       [  20,   16,    9,    7,   53,   15,    2,   29,   19,  839]],
      dtype=int64)}, 27.644693000009283)
[2024-08-13 10:30:08,368][flwr][INFO] - configure_evaluate: no clients selected, skipping evaluation
[2024-08-13 10:30:08,368][flwr][INFO] - 
[2024-08-13 10:30:08,368][flwr][INFO] - [ROUND 4]
[2024-08-13 10:30:08,369][flwr][INFO] - configure_fit: strategy sampled 10 clients (out of 10)
[2024-08-13 10:30:14,754][flwr][INFO] - aggregate_fit: received 10 results and 0 failures
[2024-08-13 10:30:16,820][flwr][INFO] - fit progress: (4, 0.6119414336881799, {'accuracy': 0.8332, 'precision': 0.8478792708063593, 'recall': 0.8332, 'f1': 0.829162481988008, 'confusion_matrix': array([[ 929,    0,    5,   17,    1,    4,   21,    1,    2,    0],
       [   0, 1081,   23,   18,    1,    1,    5,    1,    5,    0],
       [  17,   16,  840,   59,   27,    0,   25,   21,   23,    4],
       [   4,    5,   19,  930,    1,    5,    8,   20,    8,   10],
       [   2,    9,    5,    1,  909,    0,   13,    3,    3,   37],
       [  20,   43,    9,  238,   44,  440,   29,   31,   15,   23],
       [  21,   11,   18,    4,   20,   14,  869,    1,    0,    0],
       [   4,   35,   32,    5,   16,    0,    3,  901,    2,   30],
       [  13,   21,   25,  170,   20,    8,   17,   17,  648,   35],
       [  20,   16,   12,   16,  103,    2,    1,   50,    4,  785]],
      dtype=int64)}, 36.097472699999344)
[2024-08-13 10:30:16,821][flwr][INFO] - configure_evaluate: no clients selected, skipping evaluation
[2024-08-13 10:30:16,821][flwr][INFO] - 
[2024-08-13 10:30:16,821][flwr][INFO] - [ROUND 5]
[2024-08-13 10:30:16,822][flwr][INFO] - configure_fit: strategy sampled 10 clients (out of 10)
[2024-08-13 10:30:23,449][flwr][INFO] - aggregate_fit: received 10 results and 0 failures
[2024-08-13 10:30:25,523][flwr][INFO] - fit progress: (5, 0.5766825981804106, {'accuracy': 0.8625, 'precision': 0.8651289890021502, 'recall': 0.8625, 'f1': 0.8622684731537135, 'confusion_matrix': array([[ 924,    0,    4,    1,    0,   17,   20,    1,   13,    0],
       [   0, 1077,    8,    2,    0,    6,    5,    0,   37,    0],
       [  20,   21,  837,   15,   22,    1,   26,   22,   60,    8],
       [   7,   13,   26,  785,    1,   68,    8,   17,   68,   17],
       [   3,    8,    4,    0,  827,    1,   22,    2,   14,  101],
       [  21,   34,    6,   22,   25,  700,   24,   14,   29,   17],
       [  20,   11,   18,    1,   13,   22,  866,    1,    6,    0],
       [   4,   34,   27,    0,   13,    0,    2,  892,   15,   41],
       [   6,   12,   11,   16,    9,   27,   16,   11,  842,   24],
       [  14,   13,    7,    6,   34,   11,    1,   26,   22,  875]],
      dtype=int64)}, 44.800486599997384)
[2024-08-13 10:30:25,524][flwr][INFO] - configure_evaluate: no clients selected, skipping evaluation
[2024-08-13 10:30:25,524][flwr][INFO] - 
[2024-08-13 10:30:25,524][flwr][INFO] - [ROUND 6]
[2024-08-13 10:30:25,525][flwr][INFO] - configure_fit: strategy sampled 10 clients (out of 10)
[2024-08-13 10:30:31,827][flwr][INFO] - aggregate_fit: received 10 results and 0 failures
[2024-08-13 10:30:33,893][flwr][INFO] - fit progress: (6, 0.5608284844263056, {'accuracy': 0.859, 'precision': 0.862342460150124, 'recall': 0.859, 'f1': 0.8573818605970129, 'confusion_matrix': array([[ 934,    0,    4,    9,    1,   14,   15,    1,    2,    0],
       [   0, 1087,   19,    9,    1,    1,    5,    1,   12,    0],
       [  17,   20,  845,   42,   25,    0,   25,   24,   29,    5],
       [   5,    5,   18,  910,    1,   22,    8,   20,   10,   11],
       [   2,    9,    5,    0,  906,    1,   14,    3,    4,   38],
       [  19,   35,    7,  117,   34,  613,   23,   17,   12,   15],
       [  20,    9,   17,    2,   20,   21,  868,    1,    0,    0],
       [   4,   35,   33,    3,   17,    0,    2,  902,    1,   31],
       [  14,   22,   18,  105,   16,   22,   17,   16,  712,   32],
       [  16,   14,   10,   14,   86,   10,    1,   42,    3,  813]],
      dtype=int64)}, 53.169183999998495)
[2024-08-13 10:30:33,893][flwr][INFO] - configure_evaluate: no clients selected, skipping evaluation
[2024-08-13 10:30:33,894][flwr][INFO] - 
[2024-08-13 10:30:33,894][flwr][INFO] - [ROUND 7]
[2024-08-13 10:30:33,894][flwr][INFO] - configure_fit: strategy sampled 10 clients (out of 10)
[2024-08-13 10:30:40,367][flwr][INFO] - aggregate_fit: received 10 results and 0 failures
[2024-08-13 10:30:42,436][flwr][INFO] - fit progress: (7, 0.5438937087558756, {'accuracy': 0.8702, 'precision': 0.8722803997096962, 'recall': 0.8702, 'f1': 0.8699508942111704, 'confusion_matrix': array([[ 935,    0,    3,    1,    0,   11,   16,    1,   13,    0],
       [   0, 1078,    7,    3,    0,    3,    5,    0,   39,    0],
       [  17,   17,  839,   20,   19,    1,   25,   24,   58,   12],
       [   5,    8,   21,  827,    1,   49,    8,   17,   55,   19],
       [   2,    8,    4,    0,  833,    1,   19,    2,   13,  100],
       [  21,   31,    6,   32,   25,  690,   24,   13,   32,   18],
       [  19,    9,   16,    2,   14,   21,  872,    1,    4,    0],
       [   4,   33,   27,    0,   12,    0,    3,  892,   14,   43],
       [   5,   11,    9,   20,    9,   24,   16,   10,  847,   23],
       [  15,   11,    7,    6,   31,   10,    1,   19,   20,  889]],
      dtype=int64)}, 61.71221240000159)
[2024-08-13 10:30:42,436][flwr][INFO] - configure_evaluate: no clients selected, skipping evaluation
[2024-08-13 10:30:42,437][flwr][INFO] - 
[2024-08-13 10:30:42,437][flwr][INFO] - [ROUND 8]
[2024-08-13 10:30:42,437][flwr][INFO] - configure_fit: strategy sampled 10 clients (out of 10)
[2024-08-13 10:30:49,170][flwr][INFO] - aggregate_fit: received 10 results and 0 failures
[2024-08-13 10:30:51,233][flwr][INFO] - fit progress: (8, 0.5341401513160099, {'accuracy': 0.8659, 'precision': 0.8689375103398015, 'recall': 0.8659, 'f1': 0.8644620679776294, 'confusion_matrix': array([[ 942,    0,    2,    6,    1,   12,   14,    1,    2,    0],
       [   0, 1090,   16,    9,    1,    2,    5,    0,   12,    0],
       [  16,   19,  849,   39,   26,    0,   26,   26,   28,    3],
       [   5,    5,   16,  907,    1,   28,    8,   22,   11,    7],
       [   1,    9,    4,    0,  920,    2,   15,    2,    3,   26],
       [  15,   31,    3,   99,   34,  647,   26,   15,   11,   11],
       [  19,    9,   14,    2,   21,   20,  872,    1,    0,    0],
       [   3,   33,   31,    4,   19,    0,    1,  913,    1,   23],
       [  14,   22,   18,   88,   19,   29,   19,   17,  726,   22],
       [  17,   12,   10,   15,   98,   12,    1,   47,    4,  793]],
      dtype=int64)}, 70.51007279999612)
[2024-08-13 10:30:51,234][flwr][INFO] - configure_evaluate: no clients selected, skipping evaluation
[2024-08-13 10:30:51,234][flwr][INFO] - 
[2024-08-13 10:30:51,234][flwr][INFO] - [ROUND 9]
[2024-08-13 10:30:51,235][flwr][INFO] - configure_fit: strategy sampled 10 clients (out of 10)
[2024-08-13 10:30:57,780][flwr][INFO] - aggregate_fit: received 10 results and 0 failures
[2024-08-13 10:30:59,972][flwr][INFO] - fit progress: (9, 0.5186882475458797, {'accuracy': 0.8753, 'precision': 0.8766194157632159, 'recall': 0.8753, 'f1': 0.8749007454855681, 'confusion_matrix': array([[ 940,    0,    3,    1,    0,   11,   16,    1,    8,    0],
       [   0, 1084,    7,    4,    0,    3,    5,    0,   32,    0],
       [  17,   16,  842,   27,   19,    0,   26,   24,   50,   11],
       [   5,    5,   20,  849,    1,   39,    9,   17,   45,   20],
       [   1,    9,    4,    0,  835,    1,   20,    2,   10,  100],
       [  18,   29,    5,   41,   23,  693,   23,   10,   32,   18],
       [  17,    9,   14,    2,   14,   21,  878,    0,    3,    0],
       [   3,   31,   28,    0,   13,    0,    2,  896,   10,   45],
       [   7,   11,   10,   22,    9,   22,   16,   10,  841,   26],
       [  17,   10,    7,    7,   30,    9,    1,   19,   14,  895]],
      dtype=int64)}, 79.24896260000241)
[2024-08-13 10:30:59,972][flwr][INFO] - configure_evaluate: no clients selected, skipping evaluation
[2024-08-13 10:30:59,972][flwr][INFO] - 
[2024-08-13 10:30:59,973][flwr][INFO] - [ROUND 10]
[2024-08-13 10:30:59,973][flwr][INFO] - configure_fit: strategy sampled 10 clients (out of 10)
[2024-08-13 10:31:06,436][flwr][INFO] - aggregate_fit: received 10 results and 0 failures
[2024-08-13 10:31:08,518][flwr][INFO] - fit progress: (10, 0.5141020065934735, {'accuracy': 0.8711, 'precision': 0.8741107140941664, 'recall': 0.8711, 'f1': 0.8698765358295272, 'confusion_matrix': array([[ 942,    0,    1,    6,    2,   13,   13,    1,    2,    0],
       [   0, 1095,   13,    5,    1,    4,    5,    0,   12,    0],
       [  15,   19,  853,   33,   30,    1,   23,   27,   29,    2],
       [   5,    4,   17,  897,    1,   35,    8,   24,   14,    5],
       [   1,    9,    4,    0,  929,    2,   13,    2,    3,   19],
       [  13,   27,    5,   75,   32,  686,   22,   13,   12,    7],
       [  17,    8,   14,    2,   21,   22,  873,    0,    1,    0],
       [   3,   31,   34,    2,   19,    0,    1,  920,    1,   17],
       [  13,   19,   16,   64,   22,   30,   17,   19,  762,   12],
       [  16,   12,   10,   13,  122,   16,    1,   59,    6,  754]],
      dtype=int64)}, 87.79507279999962)
[2024-08-13 10:31:08,519][flwr][INFO] - configure_evaluate: no clients selected, skipping evaluation
[2024-08-13 10:31:08,519][flwr][INFO] - 
[2024-08-13 10:31:08,519][flwr][INFO] - [SUMMARY]
[2024-08-13 10:31:08,519][flwr][INFO] - Run finished 10 round(s) in 87.80s
[2024-08-13 10:31:08,527][flwr][INFO] - 	History (loss, centralized):
[2024-08-13 10:31:08,527][flwr][INFO] - 		round 0: 2.3025850929940455
[2024-08-13 10:31:08,528][flwr][INFO] - 		round 1: 0.8613426957654088
[2024-08-13 10:31:08,528][flwr][INFO] - 		round 2: 0.688920645017404
[2024-08-13 10:31:08,528][flwr][INFO] - 		round 3: 0.6424389204456549
[2024-08-13 10:31:08,528][flwr][INFO] - 		round 4: 0.6119414336881799
[2024-08-13 10:31:08,528][flwr][INFO] - 		round 5: 0.5766825981804106
[2024-08-13 10:31:08,528][flwr][INFO] - 		round 6: 0.5608284844263056
[2024-08-13 10:31:08,528][flwr][INFO] - 		round 7: 0.5438937087558756
[2024-08-13 10:31:08,528][flwr][INFO] - 		round 8: 0.5341401513160099
[2024-08-13 10:31:08,528][flwr][INFO] - 		round 9: 0.5186882475458797
[2024-08-13 10:31:08,528][flwr][INFO] - 		round 10: 0.5141020065934735
[2024-08-13 10:31:08,528][flwr][INFO] - 	History (metrics, centralized):
[2024-08-13 10:31:08,528][flwr][INFO] - 	{'accuracy': [(0, 0.098),
[2024-08-13 10:31:08,528][flwr][INFO] - 	              (1, 0.7359),
[2024-08-13 10:31:08,528][flwr][INFO] - 	              (2, 0.8152),
[2024-08-13 10:31:08,528][flwr][INFO] - 	              (3, 0.8464),
[2024-08-13 10:31:08,528][flwr][INFO] - 	              (4, 0.8332),
[2024-08-13 10:31:08,529][flwr][INFO] - 	              (5, 0.8625),
[2024-08-13 10:31:08,529][flwr][INFO] - 	              (6, 0.859),
[2024-08-13 10:31:08,529][flwr][INFO] - 	              (7, 0.8702),
[2024-08-13 10:31:08,529][flwr][INFO] - 	              (8, 0.8659),
[2024-08-13 10:31:08,529][flwr][INFO] - 	              (9, 0.8753),
[2024-08-13 10:31:08,529][flwr][INFO] - 	              (10, 0.8711)],
[2024-08-13 10:31:08,529][flwr][INFO] - 	 'confusion_matrix': [(0,
[2024-08-13 10:31:08,529][flwr][INFO] - 	                       array([[ 980,    0,    0,    0,    0,    0,    0,    0,    0,    0],
[2024-08-13 10:31:08,529][flwr][INFO] - 	       [1135,    0,    0,    0,    0,    0,    0,    0,    0,    0],
[2024-08-13 10:31:08,529][flwr][INFO] - 	       [1032,    0,    0,    0,    0,    0,    0,    0,    0,    0],
[2024-08-13 10:31:08,529][flwr][INFO] - 	       [1010,    0,    0,    0,    0,    0,    0,    0,    0,    0],
[2024-08-13 10:31:08,529][flwr][INFO] - 	       [ 982,    0,    0,    0,    0,    0,    0,    0,    0,    0],
[2024-08-13 10:31:08,529][flwr][INFO] - 	       [ 892,    0,    0,    0,    0,    0,    0,    0,    0,    0],
[2024-08-13 10:31:08,529][flwr][INFO] - 	       [ 958,    0,    0,    0,    0,    0,    0,    0,    0,    0],
[2024-08-13 10:31:08,529][flwr][INFO] - 	       [1028,    0,    0,    0,    0,    0,    0,    0,    0,    0],
[2024-08-13 10:31:08,529][flwr][INFO] - 	       [ 974,    0,    0,    0,    0,    0,    0,    0,    0,    0],
[2024-08-13 10:31:08,529][flwr][INFO] - 	       [1009,    0,    0,    0,    0,    0,    0,    0,    0,    0]],
[2024-08-13 10:31:08,530][flwr][INFO] - 	      dtype=int64)),
[2024-08-13 10:31:08,530][flwr][INFO] - 	                      (1,
[2024-08-13 10:31:08,530][flwr][INFO] - 	                       array([[ 955,    0,    1,    5,    0,    0,    7,    1,   11,    0],
[2024-08-13 10:31:08,530][flwr][INFO] - 	       [   0, 1075,    1,    6,    0,    0,    4,    1,   48,    0],
[2024-08-13 10:31:08,530][flwr][INFO] - 	       [  80,   48,  698,   59,    7,    0,   31,   16,   87,    6],
[2024-08-13 10:31:08,530][flwr][INFO] - 	       [  35,   15,   14,  847,    0,    0,   10,   10,   72,    7],
[2024-08-13 10:31:08,530][flwr][INFO] - 	       [  26,   16,    3,    1,  539,    0,   42,    1,   63,  291],
[2024-08-13 10:31:08,530][flwr][INFO] - 	       [ 216,   67,    0,  264,    5,    4,   30,   23,  236,   47],
[2024-08-13 10:31:08,530][flwr][INFO] - 	       [  91,   19,   12,    3,    4,    0,  807,    0,   22,    0],
[2024-08-13 10:31:08,530][flwr][INFO] - 	       [  27,   54,   14,    2,    2,    0,    2,  837,   47,   43],
[2024-08-13 10:31:08,530][flwr][INFO] - 	       [  43,   15,    5,   96,    1,    0,   13,    8,  778,   15],
[2024-08-13 10:31:08,530][flwr][INFO] - 	       [  47,   20,    6,   13,   14,    0,    3,   40,   47,  819]],
[2024-08-13 10:31:08,530][flwr][INFO] - 	      dtype=int64)),
[2024-08-13 10:31:08,530][flwr][INFO] - 	                      (2,
[2024-08-13 10:31:08,530][flwr][INFO] - 	                       array([[ 931,    0,    8,    6,    0,    1,   25,    1,    8,    0],
[2024-08-13 10:31:08,530][flwr][INFO] - 	       [   0, 1087,   25,    6,    0,    0,    5,    1,   11,    0],
[2024-08-13 10:31:08,530][flwr][INFO] - 	       [  35,   36,  832,   32,   22,    0,   28,   17,   29,    1],
[2024-08-13 10:31:08,531][flwr][INFO] - 	       [  11,   14,   32,  880,    0,    4,   11,   18,   26,   14],
[2024-08-13 10:31:08,531][flwr][INFO] - 	       [   7,   15,    7,    0,  836,    0,   33,    3,    8,   73],
[2024-08-13 10:31:08,531][flwr][INFO] - 	       [  60,   58,   16,  209,   34,  389,   42,   33,   25,   26],
[2024-08-13 10:31:08,531][flwr][INFO] - 	       [  40,   19,   19,    2,   10,   13,  853,    1,    1,    0],
[2024-08-13 10:31:08,531][flwr][INFO] - 	       [  10,   48,   37,    0,   13,    0,    3,  882,    5,   30],
[2024-08-13 10:31:08,531][flwr][INFO] - 	       [  26,   33,   28,  110,   11,    6,   23,   14,  689,   34],
[2024-08-13 10:31:08,531][flwr][INFO] - 	       [  29,   19,   10,   14,  100,    1,    3,   51,    9,  773]],
[2024-08-13 10:31:08,531][flwr][INFO] - 	      dtype=int64)),
[2024-08-13 10:31:08,531][flwr][INFO] - 	                      (3,
[2024-08-13 10:31:08,531][flwr][INFO] - 	                       array([[ 907,    0,    4,    1,    0,   36,   23,    1,    8,    0],
[2024-08-13 10:31:08,531][flwr][INFO] - 	       [   0, 1076,    9,    2,    0,    9,    5,    0,   34,    0],
[2024-08-13 10:31:08,531][flwr][INFO] - 	       [  24,   29,  814,   26,   27,    0,   29,   20,   59,    4],
[2024-08-13 10:31:08,531][flwr][INFO] - 	       [   7,   13,   25,  806,    0,   64,    9,   17,   57,   12],
[2024-08-13 10:31:08,531][flwr][INFO] - 	       [   6,   10,    3,    0,  822,    1,   25,    2,   13,  100],
[2024-08-13 10:31:08,531][flwr][INFO] - 	       [  26,   43,    6,   56,   22,  662,   25,   13,   19,   20],
[2024-08-13 10:31:08,531][flwr][INFO] - 	       [  30,   14,   17,    1,   11,   24,  856,    1,    4,    0],
[2024-08-13 10:31:08,532][flwr][INFO] - 	       [   6,   41,   27,    0,   14,    0,    2,  878,   17,   43],
[2024-08-13 10:31:08,532][flwr][INFO] - 	       [  12,   14,   14,   35,    9,   28,   18,   12,  804,   28],
[2024-08-13 10:31:08,532][flwr][INFO] - 	       [  20,   16,    9,    7,   53,   15,    2,   29,   19,  839]],
[2024-08-13 10:31:08,532][flwr][INFO] - 	      dtype=int64)),
[2024-08-13 10:31:08,532][flwr][INFO] - 	                      (4,
[2024-08-13 10:31:08,532][flwr][INFO] - 	                       array([[ 929,    0,    5,   17,    1,    4,   21,    1,    2,    0],
[2024-08-13 10:31:08,532][flwr][INFO] - 	       [   0, 1081,   23,   18,    1,    1,    5,    1,    5,    0],
[2024-08-13 10:31:08,532][flwr][INFO] - 	       [  17,   16,  840,   59,   27,    0,   25,   21,   23,    4],
[2024-08-13 10:31:08,532][flwr][INFO] - 	       [   4,    5,   19,  930,    1,    5,    8,   20,    8,   10],
[2024-08-13 10:31:08,532][flwr][INFO] - 	       [   2,    9,    5,    1,  909,    0,   13,    3,    3,   37],
[2024-08-13 10:31:08,532][flwr][INFO] - 	       [  20,   43,    9,  238,   44,  440,   29,   31,   15,   23],
[2024-08-13 10:31:08,532][flwr][INFO] - 	       [  21,   11,   18,    4,   20,   14,  869,    1,    0,    0],
[2024-08-13 10:31:08,532][flwr][INFO] - 	       [   4,   35,   32,    5,   16,    0,    3,  901,    2,   30],
[2024-08-13 10:31:08,532][flwr][INFO] - 	       [  13,   21,   25,  170,   20,    8,   17,   17,  648,   35],
[2024-08-13 10:31:08,532][flwr][INFO] - 	       [  20,   16,   12,   16,  103,    2,    1,   50,    4,  785]],
[2024-08-13 10:31:08,532][flwr][INFO] - 	      dtype=int64)),
[2024-08-13 10:31:08,532][flwr][INFO] - 	                      (5,
[2024-08-13 10:31:08,533][flwr][INFO] - 	                       array([[ 924,    0,    4,    1,    0,   17,   20,    1,   13,    0],
[2024-08-13 10:31:08,533][flwr][INFO] - 	       [   0, 1077,    8,    2,    0,    6,    5,    0,   37,    0],
[2024-08-13 10:31:08,533][flwr][INFO] - 	       [  20,   21,  837,   15,   22,    1,   26,   22,   60,    8],
[2024-08-13 10:31:08,533][flwr][INFO] - 	       [   7,   13,   26,  785,    1,   68,    8,   17,   68,   17],
[2024-08-13 10:31:08,533][flwr][INFO] - 	       [   3,    8,    4,    0,  827,    1,   22,    2,   14,  101],
[2024-08-13 10:31:08,533][flwr][INFO] - 	       [  21,   34,    6,   22,   25,  700,   24,   14,   29,   17],
[2024-08-13 10:31:08,533][flwr][INFO] - 	       [  20,   11,   18,    1,   13,   22,  866,    1,    6,    0],
[2024-08-13 10:31:08,533][flwr][INFO] - 	       [   4,   34,   27,    0,   13,    0,    2,  892,   15,   41],
[2024-08-13 10:31:08,533][flwr][INFO] - 	       [   6,   12,   11,   16,    9,   27,   16,   11,  842,   24],
[2024-08-13 10:31:08,533][flwr][INFO] - 	       [  14,   13,    7,    6,   34,   11,    1,   26,   22,  875]],
[2024-08-13 10:31:08,533][flwr][INFO] - 	      dtype=int64)),
[2024-08-13 10:31:08,533][flwr][INFO] - 	                      (6,
[2024-08-13 10:31:08,533][flwr][INFO] - 	                       array([[ 934,    0,    4,    9,    1,   14,   15,    1,    2,    0],
[2024-08-13 10:31:08,533][flwr][INFO] - 	       [   0, 1087,   19,    9,    1,    1,    5,    1,   12,    0],
[2024-08-13 10:31:08,533][flwr][INFO] - 	       [  17,   20,  845,   42,   25,    0,   25,   24,   29,    5],
[2024-08-13 10:31:08,533][flwr][INFO] - 	       [   5,    5,   18,  910,    1,   22,    8,   20,   10,   11],
[2024-08-13 10:31:08,533][flwr][INFO] - 	       [   2,    9,    5,    0,  906,    1,   14,    3,    4,   38],
[2024-08-13 10:31:08,534][flwr][INFO] - 	       [  19,   35,    7,  117,   34,  613,   23,   17,   12,   15],
[2024-08-13 10:31:08,534][flwr][INFO] - 	       [  20,    9,   17,    2,   20,   21,  868,    1,    0,    0],
[2024-08-13 10:31:08,534][flwr][INFO] - 	       [   4,   35,   33,    3,   17,    0,    2,  902,    1,   31],
[2024-08-13 10:31:08,534][flwr][INFO] - 	       [  14,   22,   18,  105,   16,   22,   17,   16,  712,   32],
[2024-08-13 10:31:08,534][flwr][INFO] - 	       [  16,   14,   10,   14,   86,   10,    1,   42,    3,  813]],
[2024-08-13 10:31:08,534][flwr][INFO] - 	      dtype=int64)),
[2024-08-13 10:31:08,534][flwr][INFO] - 	                      (7,
[2024-08-13 10:31:08,534][flwr][INFO] - 	                       array([[ 935,    0,    3,    1,    0,   11,   16,    1,   13,    0],
[2024-08-13 10:31:08,534][flwr][INFO] - 	       [   0, 1078,    7,    3,    0,    3,    5,    0,   39,    0],
[2024-08-13 10:31:08,534][flwr][INFO] - 	       [  17,   17,  839,   20,   19,    1,   25,   24,   58,   12],
[2024-08-13 10:31:08,534][flwr][INFO] - 	       [   5,    8,   21,  827,    1,   49,    8,   17,   55,   19],
[2024-08-13 10:31:08,534][flwr][INFO] - 	       [   2,    8,    4,    0,  833,    1,   19,    2,   13,  100],
[2024-08-13 10:31:08,534][flwr][INFO] - 	       [  21,   31,    6,   32,   25,  690,   24,   13,   32,   18],
[2024-08-13 10:31:08,534][flwr][INFO] - 	       [  19,    9,   16,    2,   14,   21,  872,    1,    4,    0],
[2024-08-13 10:31:08,534][flwr][INFO] - 	       [   4,   33,   27,    0,   12,    0,    3,  892,   14,   43],
[2024-08-13 10:31:08,534][flwr][INFO] - 	       [   5,   11,    9,   20,    9,   24,   16,   10,  847,   23],
[2024-08-13 10:31:08,534][flwr][INFO] - 	       [  15,   11,    7,    6,   31,   10,    1,   19,   20,  889]],
[2024-08-13 10:31:08,534][flwr][INFO] - 	      dtype=int64)),
[2024-08-13 10:31:08,535][flwr][INFO] - 	                      (8,
[2024-08-13 10:31:08,535][flwr][INFO] - 	                       array([[ 942,    0,    2,    6,    1,   12,   14,    1,    2,    0],
[2024-08-13 10:31:08,535][flwr][INFO] - 	       [   0, 1090,   16,    9,    1,    2,    5,    0,   12,    0],
[2024-08-13 10:31:08,535][flwr][INFO] - 	       [  16,   19,  849,   39,   26,    0,   26,   26,   28,    3],
[2024-08-13 10:31:08,535][flwr][INFO] - 	       [   5,    5,   16,  907,    1,   28,    8,   22,   11,    7],
[2024-08-13 10:31:08,535][flwr][INFO] - 	       [   1,    9,    4,    0,  920,    2,   15,    2,    3,   26],
[2024-08-13 10:31:08,535][flwr][INFO] - 	       [  15,   31,    3,   99,   34,  647,   26,   15,   11,   11],
[2024-08-13 10:31:08,535][flwr][INFO] - 	       [  19,    9,   14,    2,   21,   20,  872,    1,    0,    0],
[2024-08-13 10:31:08,535][flwr][INFO] - 	       [   3,   33,   31,    4,   19,    0,    1,  913,    1,   23],
[2024-08-13 10:31:08,535][flwr][INFO] - 	       [  14,   22,   18,   88,   19,   29,   19,   17,  726,   22],
[2024-08-13 10:31:08,535][flwr][INFO] - 	       [  17,   12,   10,   15,   98,   12,    1,   47,    4,  793]],
[2024-08-13 10:31:08,535][flwr][INFO] - 	      dtype=int64)),
[2024-08-13 10:31:08,535][flwr][INFO] - 	                      (9,
[2024-08-13 10:31:08,535][flwr][INFO] - 	                       array([[ 940,    0,    3,    1,    0,   11,   16,    1,    8,    0],
[2024-08-13 10:31:08,535][flwr][INFO] - 	       [   0, 1084,    7,    4,    0,    3,    5,    0,   32,    0],
[2024-08-13 10:31:08,535][flwr][INFO] - 	       [  17,   16,  842,   27,   19,    0,   26,   24,   50,   11],
[2024-08-13 10:31:08,535][flwr][INFO] - 	       [   5,    5,   20,  849,    1,   39,    9,   17,   45,   20],
[2024-08-13 10:31:08,536][flwr][INFO] - 	       [   1,    9,    4,    0,  835,    1,   20,    2,   10,  100],
[2024-08-13 10:31:08,536][flwr][INFO] - 	       [  18,   29,    5,   41,   23,  693,   23,   10,   32,   18],
[2024-08-13 10:31:08,536][flwr][INFO] - 	       [  17,    9,   14,    2,   14,   21,  878,    0,    3,    0],
[2024-08-13 10:31:08,536][flwr][INFO] - 	       [   3,   31,   28,    0,   13,    0,    2,  896,   10,   45],
[2024-08-13 10:31:08,536][flwr][INFO] - 	       [   7,   11,   10,   22,    9,   22,   16,   10,  841,   26],
[2024-08-13 10:31:08,536][flwr][INFO] - 	       [  17,   10,    7,    7,   30,    9,    1,   19,   14,  895]],
[2024-08-13 10:31:08,536][flwr][INFO] - 	      dtype=int64)),
[2024-08-13 10:31:08,536][flwr][INFO] - 	                      (10,
[2024-08-13 10:31:08,536][flwr][INFO] - 	                       array([[ 942,    0,    1,    6,    2,   13,   13,    1,    2,    0],
[2024-08-13 10:31:08,536][flwr][INFO] - 	       [   0, 1095,   13,    5,    1,    4,    5,    0,   12,    0],
[2024-08-13 10:31:08,536][flwr][INFO] - 	       [  15,   19,  853,   33,   30,    1,   23,   27,   29,    2],
[2024-08-13 10:31:08,536][flwr][INFO] - 	       [   5,    4,   17,  897,    1,   35,    8,   24,   14,    5],
[2024-08-13 10:31:08,536][flwr][INFO] - 	       [   1,    9,    4,    0,  929,    2,   13,    2,    3,   19],
[2024-08-13 10:31:08,536][flwr][INFO] - 	       [  13,   27,    5,   75,   32,  686,   22,   13,   12,    7],
[2024-08-13 10:31:08,536][flwr][INFO] - 	       [  17,    8,   14,    2,   21,   22,  873,    0,    1,    0],
[2024-08-13 10:31:08,536][flwr][INFO] - 	       [   3,   31,   34,    2,   19,    0,    1,  920,    1,   17],
[2024-08-13 10:31:08,537][flwr][INFO] - 	       [  13,   19,   16,   64,   22,   30,   17,   19,  762,   12],
[2024-08-13 10:31:08,537][flwr][INFO] - 	       [  16,   12,   10,   13,  122,   16,    1,   59,    6,  754]],
[2024-08-13 10:31:08,537][flwr][INFO] - 	      dtype=int64))],
[2024-08-13 10:31:08,537][flwr][INFO] - 	 'f1': [(0, 0.017493624772313296),
[2024-08-13 10:31:08,537][flwr][INFO] - 	        (1, 0.7037690773759409),
[2024-08-13 10:31:08,537][flwr][INFO] - 	        (2, 0.8086887429231854),
[2024-08-13 10:31:08,537][flwr][INFO] - 	        (3, 0.8457835551834069),
[2024-08-13 10:31:08,537][flwr][INFO] - 	        (4, 0.829162481988008),
[2024-08-13 10:31:08,537][flwr][INFO] - 	        (5, 0.8622684731537135),
[2024-08-13 10:31:08,537][flwr][INFO] - 	        (6, 0.8573818605970129),
[2024-08-13 10:31:08,537][flwr][INFO] - 	        (7, 0.8699508942111704),
[2024-08-13 10:31:08,537][flwr][INFO] - 	        (8, 0.8644620679776294),
[2024-08-13 10:31:08,537][flwr][INFO] - 	        (9, 0.8749007454855681),
[2024-08-13 10:31:08,537][flwr][INFO] - 	        (10, 0.8698765358295272)],
[2024-08-13 10:31:08,537][flwr][INFO] - 	 'precision': [(0, 0.009604000000000001),
[2024-08-13 10:31:08,537][flwr][INFO] - 	               (1, 0.790951309495766),
[2024-08-13 10:31:08,537][flwr][INFO] - 	               (2, 0.8245536579447451),
[2024-08-13 10:31:08,537][flwr][INFO] - 	               (3, 0.8471177470559696),
[2024-08-13 10:31:08,538][flwr][INFO] - 	               (4, 0.8478792708063593),
[2024-08-13 10:31:08,538][flwr][INFO] - 	               (5, 0.8651289890021502),
[2024-08-13 10:31:08,538][flwr][INFO] - 	               (6, 0.862342460150124),
[2024-08-13 10:31:08,538][flwr][INFO] - 	               (7, 0.8722803997096962),
[2024-08-13 10:31:08,538][flwr][INFO] - 	               (8, 0.8689375103398015),
[2024-08-13 10:31:08,538][flwr][INFO] - 	               (9, 0.8766194157632159),
[2024-08-13 10:31:08,538][flwr][INFO] - 	               (10, 0.8741107140941664)],
[2024-08-13 10:31:08,538][flwr][INFO] - 	 'recall': [(0, 0.098),
[2024-08-13 10:31:08,538][flwr][INFO] - 	            (1, 0.7359),
[2024-08-13 10:31:08,538][flwr][INFO] - 	            (2, 0.8152),
[2024-08-13 10:31:08,538][flwr][INFO] - 	            (3, 0.8464),
[2024-08-13 10:31:08,538][flwr][INFO] - 	            (4, 0.8332),
[2024-08-13 10:31:08,538][flwr][INFO] - 	            (5, 0.8625),
[2024-08-13 10:31:08,538][flwr][INFO] - 	            (6, 0.859),
[2024-08-13 10:31:08,538][flwr][INFO] - 	            (7, 0.8702),
[2024-08-13 10:31:08,538][flwr][INFO] - 	            (8, 0.8659),
[2024-08-13 10:31:08,538][flwr][INFO] - 	            (9, 0.8753),
[2024-08-13 10:31:08,539][flwr][INFO] - 	            (10, 0.8711)]}
[2024-08-13 10:31:08,539][flwr][INFO] - 
