[2024-08-13 13:07:30,425][flwr][INFO] - Starting Flower simulation, config: num_rounds=10, no round_timeout
[2024-08-13 13:07:34,578][flwr][INFO] - Flower VCE: Ray initialized with resources: {'object_store_memory': 2532619468.0, 'memory': 5065238939.0, 'node:127.0.0.1': 1.0, 'node:__internal_head__': 1.0, 'accelerator_type:G': 1.0, 'CPU': 16.0, 'GPU': 1.0}
[2024-08-13 13:07:34,578][flwr][INFO] - Optimize your simulation with Flower VCE: https://flower.ai/docs/framework/how-to-run-simulations.html
[2024-08-13 13:07:34,578][flwr][INFO] - Flower VCE: Resources for each Virtual Client: {'num_cpus': 2, 'num_gpus': 0.5}
[2024-08-13 13:07:34,589][flwr][INFO] - Flower VCE: Creating VirtualClientEngineActorPool with 2 actors
[2024-08-13 13:07:34,590][flwr][INFO] - [INIT]
[2024-08-13 13:07:34,590][flwr][INFO] - Requesting initial parameters from one random client
[2024-08-13 13:07:42,206][flwr][INFO] - Received initial parameters from one random client
[2024-08-13 13:07:42,206][flwr][INFO] - Evaluating initial global parameters
[2024-08-13 13:07:44,438][flwr][INFO] - initial parameters (loss, other metrics): 2.3025850929940455, {'accuracy': 0.098, 'precision': 0.009604000000000001, 'recall': 0.098, 'f1': 0.017493624772313296, 'confusion_matrix': array([[ 980,    0,    0,    0,    0,    0,    0,    0,    0,    0],
       [1135,    0,    0,    0,    0,    0,    0,    0,    0,    0],
       [1032,    0,    0,    0,    0,    0,    0,    0,    0,    0],
       [1010,    0,    0,    0,    0,    0,    0,    0,    0,    0],
       [ 982,    0,    0,    0,    0,    0,    0,    0,    0,    0],
       [ 892,    0,    0,    0,    0,    0,    0,    0,    0,    0],
       [ 958,    0,    0,    0,    0,    0,    0,    0,    0,    0],
       [1028,    0,    0,    0,    0,    0,    0,    0,    0,    0],
       [ 974,    0,    0,    0,    0,    0,    0,    0,    0,    0],
       [1009,    0,    0,    0,    0,    0,    0,    0,    0,    0]],
      dtype=int64)}
[2024-08-13 13:07:44,439][flwr][INFO] - 
[2024-08-13 13:07:44,439][flwr][INFO] - [ROUND 1]
[2024-08-13 13:07:44,439][flwr][INFO] - configure_fit: strategy sampled 10 clients (out of 10)
[2024-08-13 13:07:52,903][flwr][INFO] - aggregate_fit: received 10 results and 0 failures
[2024-08-13 13:07:52,906][flwr][WARNING] - No fit_metrics_aggregation_fn provided
[2024-08-13 13:07:55,134][flwr][INFO] - fit progress: (1, 1.2272902801569645, {'accuracy': 0.5815, 'precision': 0.6950631678933872, 'recall': 0.5815, 'f1': 0.5470023792094042, 'confusion_matrix': array([[963,   0,   2,   3,   0,   0,   4,   1,   4,   3],
       [  0, 656, 424,   6,   0,   0,   4,   1,   5,  39],
       [ 92,   1, 534, 293,   1,   0,  16,  23,  37,  35],
       [ 36,   1,   9, 849,   3,   0,   5,  11,  23,  73],
       [ 84,   3,   7,   1, 187,   0,  11,  31,   9, 649],
       [325,  46,  40, 204,   8,   2,  21,  19,  90, 137],
       [153,   5,  45,   5,   2,   0, 706,  33,   2,   7],
       [ 59,   7,  41,   2,   2,   0,   0, 662, 137, 118],
       [ 83,   2,  31, 196,   3,   0,   6,   4, 394, 255],
       [ 89,   2,   2,   8,  14,   0,   0,  12,  20, 862]], dtype=int64)}, 10.695324899992556)
[2024-08-13 13:07:55,135][flwr][INFO] - configure_evaluate: no clients selected, skipping evaluation
[2024-08-13 13:07:55,135][flwr][INFO] - 
[2024-08-13 13:07:55,135][flwr][INFO] - [ROUND 2]
[2024-08-13 13:07:55,135][flwr][INFO] - configure_fit: strategy sampled 10 clients (out of 10)
[2024-08-13 13:08:01,464][flwr][INFO] - aggregate_fit: received 10 results and 0 failures
[2024-08-13 13:08:03,691][flwr][INFO] - fit progress: (2, 1.0129777512495008, {'accuracy': 0.6901, 'precision': 0.7363038448876483, 'recall': 0.6901, 'f1': 0.6757743923098285, 'confusion_matrix': array([[885,   8,   2,   3,   4,   2,  55,  12,   9,   0],
       [  0, 891, 212,   3,   3,   2,   5,   2,  17,   0],
       [ 20,  12, 722, 120,  30,   0,  28,  51,  48,   1],
       [  4,  18,  20, 725, 105,   3,  15,  21,  99,   0],
       [  9,   4,   5,   0, 784,  13,  21, 110,  32,   4],
       [ 36,  98,  23, 114,  90, 327,  68,  36, 100,   0],
       [ 18,  17,  30,   0,  13,   2, 809,  67,   2,   0],
       [ 11,  20,  36,   0,  23,   0,   1, 829, 108,   0],
       [ 18,  36,  23,  69,  92,   6,  33,  12, 682,   3],
       [ 34,   6,   1,   2, 332,   4,   0, 246, 137, 247]], dtype=int64)}, 19.252250099991215)
[2024-08-13 13:08:03,692][flwr][INFO] - configure_evaluate: no clients selected, skipping evaluation
[2024-08-13 13:08:03,692][flwr][INFO] - 
[2024-08-13 13:08:03,692][flwr][INFO] - [ROUND 3]
[2024-08-13 13:08:03,693][flwr][INFO] - configure_fit: strategy sampled 10 clients (out of 10)
[2024-08-13 13:08:10,159][flwr][INFO] - aggregate_fit: received 10 results and 0 failures
[2024-08-13 13:08:12,403][flwr][INFO] - fit progress: (3, 1.010493114138139, {'accuracy': 0.6986, 'precision': 0.717447707798951, 'recall': 0.6986, 'f1': 0.6904180717230165, 'confusion_matrix': array([[872,  16,   2,   9,   0,  14,  50,   8,   2,   7],
       [  0, 922, 181,   4,   0,   4,   4,   1,   1,  18],
       [ 12,  22, 698, 165,   7,   5,  24,  39,  32,  28],
       [  2,  21,  15, 788,  13,  35,  11,  15,  23,  87],
       [ 12,   4,   7,   0, 442, 180,  18,  51,   5, 263],
       [ 19,  99,  17, 100,  13, 517,  48,  20,  21,  38],
       [ 16,  20,  32,   0,   5,   6, 812,  64,   0,   3],
       [ 13,  27,  36,   1,  13,   3,   1, 780,  68,  86],
       [ 11,  55,  23, 125,  12,  38,  27,   9, 291, 383],
       [ 28,   5,   2,   4,  27,  31,   1,  40,   7, 864]], dtype=int64)}, 27.964460799994413)
[2024-08-13 13:08:12,404][flwr][INFO] - configure_evaluate: no clients selected, skipping evaluation
[2024-08-13 13:08:12,404][flwr][INFO] - 
[2024-08-13 13:08:12,404][flwr][INFO] - [ROUND 4]
[2024-08-13 13:08:12,404][flwr][INFO] - configure_fit: strategy sampled 10 clients (out of 10)
[2024-08-13 13:08:18,782][flwr][INFO] - aggregate_fit: received 10 results and 0 failures
[2024-08-13 13:08:21,012][flwr][INFO] - fit progress: (4, 1.0413319318565402, {'accuracy': 0.6968, 'precision': 0.738709404116493, 'recall': 0.6968, 'f1': 0.6895146095073966, 'confusion_matrix': array([[821,  70,   2,   5,   4,   6,  43,  17,  12,   0],
       [  0, 879, 218,   3,   2,   3,   4,   2,  24,   0],
       [  9,  18, 731, 115,  35,   1,  22,  39,  61,   1],
       [  0,  29,  18, 692, 115,  11,  13,  17, 113,   2],
       [  8,   4,   3,   0, 810,  31,  18,  76,  31,   1],
       [ 16,  98,  17,  70,  65, 443,  58,  28,  97,   0],
       [ 10,  18,  31,   0,  20,   4, 782,  91,   2,   0],
       [ 15,  19,  34,   0,  25,   0,   0, 773, 162,   0],
       [ 10,  31,  22,  41,  84,  14,  21,   7, 744,   0],
       [ 48,   4,   2,   2, 303,  26,   1, 143, 187, 293]], dtype=int64)}, 36.57337019999977)
[2024-08-13 13:08:21,013][flwr][INFO] - configure_evaluate: no clients selected, skipping evaluation
[2024-08-13 13:08:21,013][flwr][INFO] - 
[2024-08-13 13:08:21,013][flwr][INFO] - [ROUND 5]
[2024-08-13 13:08:21,013][flwr][INFO] - configure_fit: strategy sampled 10 clients (out of 10)
[2024-08-13 13:08:27,770][flwr][INFO] - aggregate_fit: received 10 results and 0 failures
[2024-08-13 13:08:30,013][flwr][INFO] - fit progress: (5, 1.0277565301664318, {'accuracy': 0.7088, 'precision': 0.7222490655310458, 'recall': 0.7088, 'f1': 0.702110717815446, 'confusion_matrix': array([[808,  92,   2,   5,   0,  10,  42,  15,   2,   4],
       [  0, 903, 203,   4,   1,   4,   7,   2,   0,  11],
       [ 11,  25, 695, 170,  14,   3,  21,  42,  29,  22],
       [  3,  24,   9, 790,  18,  33,  15,  19,  22,  77],
       [ 13,   5,   2,   0, 580, 129,  17,  66,   5, 165],
       [ 17,  93,  17,  81,  17, 530,  57,  27,  19,  34],
       [ 11,  19,  27,   0,   6,   4, 797,  93,   0,   1],
       [ 17,  22,  42,   2,  13,   2,   1, 821,  48,  60],
       [ 17,  50,  24, 121,  19,  32,  33,  11, 318, 349],
       [ 41,   6,   3,   4,  32,  25,   1,  48,   3, 846]], dtype=int64)}, 45.57443680000142)
[2024-08-13 13:08:30,014][flwr][INFO] - configure_evaluate: no clients selected, skipping evaluation
[2024-08-13 13:08:30,014][flwr][INFO] - 
[2024-08-13 13:08:30,014][flwr][INFO] - [ROUND 6]
[2024-08-13 13:08:30,015][flwr][INFO] - configure_fit: strategy sampled 10 clients (out of 10)
[2024-08-13 13:08:36,359][flwr][INFO] - aggregate_fit: received 10 results and 0 failures
[2024-08-13 13:08:38,588][flwr][INFO] - fit progress: (6, 1.0282689553148328, {'accuracy': 0.7297, 'precision': 0.7495060514977374, 'recall': 0.7297, 'f1': 0.7290490753063317, 'confusion_matrix': array([[797, 108,   1,   3,   2,   9,  39,  14,   7,   0],
       [  0, 905, 188,   3,   2,   3,   6,   1,  27,   0],
       [  9,  20, 741, 109,  29,   2,  19,  37,  65,   1],
       [  3,  28,  12, 709,  93,  22,  14,  16, 109,   4],
       [ 15,   5,   2,   0, 800,  52,  18,  57,  23,  10],
       [ 18,  84,  12,  58,  33, 506,  62,  23,  94,   2],
       [ 12,  17,  24,   0,  17,   4, 794,  89,   1,   0],
       [ 21,  19,  33,   2,  27,   0,   1, 754, 168,   3],
       [ 14,  29,  19,  39,  54,  19,  25,   6, 760,   9],
       [ 85,   4,   3,   3, 151,  30,   1,  85, 116, 531]], dtype=int64)}, 54.14975929999491)
[2024-08-13 13:08:38,589][flwr][INFO] - configure_evaluate: no clients selected, skipping evaluation
[2024-08-13 13:08:38,589][flwr][INFO] - 
[2024-08-13 13:08:38,589][flwr][INFO] - [ROUND 7]
[2024-08-13 13:08:38,590][flwr][INFO] - configure_fit: strategy sampled 10 clients (out of 10)
[2024-08-13 13:08:45,304][flwr][INFO] - aggregate_fit: received 10 results and 0 failures
[2024-08-13 13:08:47,536][flwr][INFO] - fit progress: (7, 1.0121358610968494, {'accuracy': 0.7168, 'precision': 0.7330453224517055, 'recall': 0.7168, 'f1': 0.7091382432741364, 'confusion_matrix': array([[791, 110,   1,   3,   1,  11,  42,  15,   2,   4],
       [  0, 927, 173,   9,   1,   3,   7,   2,   1,  12],
       [ 10,  23, 717, 153,  13,   3,  20,  40,  29,  24],
       [  3,  19,   9, 798,  19,  34,  16,  19,  18,  75],
       [ 11,   5,   2,   0, 636,  89,  16,  58,   5, 160],
       [ 16,  81,  15,  79,  14, 547,  61,  26,  13,  40],
       [ 11,  15,  26,   0,   7,   5, 793, 100,   0,   1],
       [ 18,  22,  40,   3,  14,   4,   1, 825,  36,  65],
       [ 16,  45,  25, 111,  21,  32,  33,  11, 277, 403],
       [ 42,   5,   3,   4,  34,  19,   1,  42,   2, 857]], dtype=int64)}, 63.09692979999818)
[2024-08-13 13:08:47,536][flwr][INFO] - configure_evaluate: no clients selected, skipping evaluation
[2024-08-13 13:08:47,536][flwr][INFO] - 
[2024-08-13 13:08:47,537][flwr][INFO] - [ROUND 8]
[2024-08-13 13:08:47,537][flwr][INFO] - configure_fit: strategy sampled 10 clients (out of 10)
[2024-08-13 13:08:54,218][flwr][INFO] - aggregate_fit: received 10 results and 0 failures
[2024-08-13 13:08:56,449][flwr][INFO] - fit progress: (8, 1.0042783016627814, {'accuracy': 0.7465, 'precision': 0.7601496816643771, 'recall': 0.7465, 'f1': 0.7461856443292094, 'confusion_matrix': array([[791, 113,   1,   3,   2,  11,  39,  13,   7,   0],
       [  0, 936, 152,   4,   2,   4,   7,   1,  29,   0],
       [  9,  20, 755,  97,  27,   2,  20,  35,  64,   3],
       [  4,  23,   9, 730,  76,  30,  15,  16, 100,   7],
       [ 13,   4,   2,   0, 799,  62,  19,  49,  21,  13],
       [ 18,  72,   8,  55,  25, 542,  64,  24,  82,   2],
       [ 12,  15,  23,   0,  16,   5, 797,  89,   1,   0],
       [ 28,  20,  31,   4,  24,   1,   1, 766, 149,   4],
       [ 17,  26,  20,  38,  45,  22,  26,   6, 764,  10],
       [ 99,   4,   3,   3, 114,  35,   1,  74,  91, 585]], dtype=int64)}, 72.01058249999187)
[2024-08-13 13:08:56,450][flwr][INFO] - configure_evaluate: no clients selected, skipping evaluation
[2024-08-13 13:08:56,450][flwr][INFO] - 
[2024-08-13 13:08:56,450][flwr][INFO] - [ROUND 9]
[2024-08-13 13:08:56,450][flwr][INFO] - configure_fit: strategy sampled 10 clients (out of 10)
[2024-08-13 13:09:02,972][flwr][INFO] - aggregate_fit: received 10 results and 0 failures
[2024-08-13 13:09:05,357][flwr][INFO] - fit progress: (9, 0.9918793856522423, {'accuracy': 0.7332, 'precision': 0.7461218760371555, 'recall': 0.7332, 'f1': 0.7275579725953576, 'confusion_matrix': array([[786, 116,   1,   3,   1,  13,  39,  15,   3,   3],
       [  0, 943, 157,   9,   1,   3,   9,   2,   2,   9],
       [  9,  23, 751, 119,  16,   3,  20,  39,  30,  22],
       [  3,  17,  10, 798,  25,  35,  15,  19,  21,  67],
       [  9,   5,   3,   0, 674,  79,  16,  51,   4, 141],
       [ 17,  70,  12,  69,  14, 566,  62,  28,  18,  36],
       [ 11,  15,  23,   0,   8,   5, 794, 101,   0,   1],
       [ 20,  25,  36,   5,  17,   3,   1, 824,  36,  61],
       [ 18,  40,  24,  91,  23,  36,  32,  12, 336, 362],
       [ 42,   5,   3,   5,  34,  17,   1,  40,   2, 860]], dtype=int64)}, 80.91821109999728)
[2024-08-13 13:09:05,358][flwr][INFO] - configure_evaluate: no clients selected, skipping evaluation
[2024-08-13 13:09:05,358][flwr][INFO] - 
[2024-08-13 13:09:05,358][flwr][INFO] - [ROUND 10]
[2024-08-13 13:09:05,359][flwr][INFO] - configure_fit: strategy sampled 10 clients (out of 10)
[2024-08-13 13:09:11,753][flwr][INFO] - aggregate_fit: received 10 results and 0 failures
[2024-08-13 13:09:14,024][flwr][INFO] - fit progress: (10, 0.9863754984883071, {'accuracy': 0.7563, 'precision': 0.7685664219436176, 'recall': 0.7563, 'f1': 0.7561348319384408, 'confusion_matrix': array([[795, 109,   1,   3,   2,  12,  36,  14,   8,   0],
       [  0, 955, 132,   6,   2,   4,   8,   1,  27,   0],
       [  9,  20, 754,  98,  29,   2,  19,  34,  65,   2],
       [  3,  20,   9, 739,  73,  29,  17,  16,  97,   7],
       [ 13,   4,   2,   0, 809,  61,  18,  40,  21,  14],
       [ 21,  63,   6,  49,  21, 554,  66,  22,  87,   3],
       [ 12,  15,  18,   0,  16,   5, 802,  89,   1,   0],
       [ 30,  21,  29,   4,  25,   1,   1, 773, 140,   4],
       [ 17,  23,  18,  38,  37,  28,  27,   5, 770,  11],
       [102,   6,   3,   3, 104,  31,   1,  64,  83, 612]], dtype=int64)}, 89.58505539999169)
[2024-08-13 13:09:14,025][flwr][INFO] - configure_evaluate: no clients selected, skipping evaluation
[2024-08-13 13:09:14,025][flwr][INFO] - 
[2024-08-13 13:09:14,025][flwr][INFO] - [SUMMARY]
[2024-08-13 13:09:14,025][flwr][INFO] - Run finished 10 round(s) in 89.59s
[2024-08-13 13:09:14,033][flwr][INFO] - 	History (loss, centralized):
[2024-08-13 13:09:14,033][flwr][INFO] - 		round 0: 2.3025850929940455
[2024-08-13 13:09:14,033][flwr][INFO] - 		round 1: 1.2272902801569645
[2024-08-13 13:09:14,034][flwr][INFO] - 		round 2: 1.0129777512495008
[2024-08-13 13:09:14,034][flwr][INFO] - 		round 3: 1.010493114138139
[2024-08-13 13:09:14,034][flwr][INFO] - 		round 4: 1.0413319318565402
[2024-08-13 13:09:14,034][flwr][INFO] - 		round 5: 1.0277565301664318
[2024-08-13 13:09:14,034][flwr][INFO] - 		round 6: 1.0282689553148328
[2024-08-13 13:09:14,034][flwr][INFO] - 		round 7: 1.0121358610968494
[2024-08-13 13:09:14,034][flwr][INFO] - 		round 8: 1.0042783016627814
[2024-08-13 13:09:14,034][flwr][INFO] - 		round 9: 0.9918793856522423
[2024-08-13 13:09:14,034][flwr][INFO] - 		round 10: 0.9863754984883071
[2024-08-13 13:09:14,034][flwr][INFO] - 	History (metrics, centralized):
[2024-08-13 13:09:14,034][flwr][INFO] - 	{'accuracy': [(0, 0.098),
[2024-08-13 13:09:14,034][flwr][INFO] - 	              (1, 0.5815),
[2024-08-13 13:09:14,034][flwr][INFO] - 	              (2, 0.6901),
[2024-08-13 13:09:14,034][flwr][INFO] - 	              (3, 0.6986),
[2024-08-13 13:09:14,034][flwr][INFO] - 	              (4, 0.6968),
[2024-08-13 13:09:14,034][flwr][INFO] - 	              (5, 0.7088),
[2024-08-13 13:09:14,035][flwr][INFO] - 	              (6, 0.7297),
[2024-08-13 13:09:14,035][flwr][INFO] - 	              (7, 0.7168),
[2024-08-13 13:09:14,035][flwr][INFO] - 	              (8, 0.7465),
[2024-08-13 13:09:14,035][flwr][INFO] - 	              (9, 0.7332),
[2024-08-13 13:09:14,035][flwr][INFO] - 	              (10, 0.7563)],
[2024-08-13 13:09:14,035][flwr][INFO] - 	 'confusion_matrix': [(0,
[2024-08-13 13:09:14,035][flwr][INFO] - 	                       array([[ 980,    0,    0,    0,    0,    0,    0,    0,    0,    0],
[2024-08-13 13:09:14,035][flwr][INFO] - 	       [1135,    0,    0,    0,    0,    0,    0,    0,    0,    0],
[2024-08-13 13:09:14,035][flwr][INFO] - 	       [1032,    0,    0,    0,    0,    0,    0,    0,    0,    0],
[2024-08-13 13:09:14,035][flwr][INFO] - 	       [1010,    0,    0,    0,    0,    0,    0,    0,    0,    0],
[2024-08-13 13:09:14,035][flwr][INFO] - 	       [ 982,    0,    0,    0,    0,    0,    0,    0,    0,    0],
[2024-08-13 13:09:14,035][flwr][INFO] - 	       [ 892,    0,    0,    0,    0,    0,    0,    0,    0,    0],
[2024-08-13 13:09:14,035][flwr][INFO] - 	       [ 958,    0,    0,    0,    0,    0,    0,    0,    0,    0],
[2024-08-13 13:09:14,035][flwr][INFO] - 	       [1028,    0,    0,    0,    0,    0,    0,    0,    0,    0],
[2024-08-13 13:09:14,035][flwr][INFO] - 	       [ 974,    0,    0,    0,    0,    0,    0,    0,    0,    0],
[2024-08-13 13:09:14,035][flwr][INFO] - 	       [1009,    0,    0,    0,    0,    0,    0,    0,    0,    0]],
[2024-08-13 13:09:14,036][flwr][INFO] - 	      dtype=int64)),
[2024-08-13 13:09:14,036][flwr][INFO] - 	                      (1,
[2024-08-13 13:09:14,036][flwr][INFO] - 	                       array([[963,   0,   2,   3,   0,   0,   4,   1,   4,   3],
[2024-08-13 13:09:14,036][flwr][INFO] - 	       [  0, 656, 424,   6,   0,   0,   4,   1,   5,  39],
[2024-08-13 13:09:14,036][flwr][INFO] - 	       [ 92,   1, 534, 293,   1,   0,  16,  23,  37,  35],
[2024-08-13 13:09:14,036][flwr][INFO] - 	       [ 36,   1,   9, 849,   3,   0,   5,  11,  23,  73],
[2024-08-13 13:09:14,036][flwr][INFO] - 	       [ 84,   3,   7,   1, 187,   0,  11,  31,   9, 649],
[2024-08-13 13:09:14,036][flwr][INFO] - 	       [325,  46,  40, 204,   8,   2,  21,  19,  90, 137],
[2024-08-13 13:09:14,036][flwr][INFO] - 	       [153,   5,  45,   5,   2,   0, 706,  33,   2,   7],
[2024-08-13 13:09:14,036][flwr][INFO] - 	       [ 59,   7,  41,   2,   2,   0,   0, 662, 137, 118],
[2024-08-13 13:09:14,036][flwr][INFO] - 	       [ 83,   2,  31, 196,   3,   0,   6,   4, 394, 255],
[2024-08-13 13:09:14,036][flwr][INFO] - 	       [ 89,   2,   2,   8,  14,   0,   0,  12,  20, 862]], dtype=int64)),
[2024-08-13 13:09:14,036][flwr][INFO] - 	                      (2,
[2024-08-13 13:09:14,036][flwr][INFO] - 	                       array([[885,   8,   2,   3,   4,   2,  55,  12,   9,   0],
[2024-08-13 13:09:14,036][flwr][INFO] - 	       [  0, 891, 212,   3,   3,   2,   5,   2,  17,   0],
[2024-08-13 13:09:14,036][flwr][INFO] - 	       [ 20,  12, 722, 120,  30,   0,  28,  51,  48,   1],
[2024-08-13 13:09:14,036][flwr][INFO] - 	       [  4,  18,  20, 725, 105,   3,  15,  21,  99,   0],
[2024-08-13 13:09:14,037][flwr][INFO] - 	       [  9,   4,   5,   0, 784,  13,  21, 110,  32,   4],
[2024-08-13 13:09:14,037][flwr][INFO] - 	       [ 36,  98,  23, 114,  90, 327,  68,  36, 100,   0],
[2024-08-13 13:09:14,037][flwr][INFO] - 	       [ 18,  17,  30,   0,  13,   2, 809,  67,   2,   0],
[2024-08-13 13:09:14,037][flwr][INFO] - 	       [ 11,  20,  36,   0,  23,   0,   1, 829, 108,   0],
[2024-08-13 13:09:14,037][flwr][INFO] - 	       [ 18,  36,  23,  69,  92,   6,  33,  12, 682,   3],
[2024-08-13 13:09:14,037][flwr][INFO] - 	       [ 34,   6,   1,   2, 332,   4,   0, 246, 137, 247]], dtype=int64)),
[2024-08-13 13:09:14,037][flwr][INFO] - 	                      (3,
[2024-08-13 13:09:14,037][flwr][INFO] - 	                       array([[872,  16,   2,   9,   0,  14,  50,   8,   2,   7],
[2024-08-13 13:09:14,037][flwr][INFO] - 	       [  0, 922, 181,   4,   0,   4,   4,   1,   1,  18],
[2024-08-13 13:09:14,037][flwr][INFO] - 	       [ 12,  22, 698, 165,   7,   5,  24,  39,  32,  28],
[2024-08-13 13:09:14,037][flwr][INFO] - 	       [  2,  21,  15, 788,  13,  35,  11,  15,  23,  87],
[2024-08-13 13:09:14,037][flwr][INFO] - 	       [ 12,   4,   7,   0, 442, 180,  18,  51,   5, 263],
[2024-08-13 13:09:14,037][flwr][INFO] - 	       [ 19,  99,  17, 100,  13, 517,  48,  20,  21,  38],
[2024-08-13 13:09:14,037][flwr][INFO] - 	       [ 16,  20,  32,   0,   5,   6, 812,  64,   0,   3],
[2024-08-13 13:09:14,037][flwr][INFO] - 	       [ 13,  27,  36,   1,  13,   3,   1, 780,  68,  86],
[2024-08-13 13:09:14,037][flwr][INFO] - 	       [ 11,  55,  23, 125,  12,  38,  27,   9, 291, 383],
[2024-08-13 13:09:14,037][flwr][INFO] - 	       [ 28,   5,   2,   4,  27,  31,   1,  40,   7, 864]], dtype=int64)),
[2024-08-13 13:09:14,038][flwr][INFO] - 	                      (4,
[2024-08-13 13:09:14,038][flwr][INFO] - 	                       array([[821,  70,   2,   5,   4,   6,  43,  17,  12,   0],
[2024-08-13 13:09:14,038][flwr][INFO] - 	       [  0, 879, 218,   3,   2,   3,   4,   2,  24,   0],
[2024-08-13 13:09:14,038][flwr][INFO] - 	       [  9,  18, 731, 115,  35,   1,  22,  39,  61,   1],
[2024-08-13 13:09:14,038][flwr][INFO] - 	       [  0,  29,  18, 692, 115,  11,  13,  17, 113,   2],
[2024-08-13 13:09:14,038][flwr][INFO] - 	       [  8,   4,   3,   0, 810,  31,  18,  76,  31,   1],
[2024-08-13 13:09:14,038][flwr][INFO] - 	       [ 16,  98,  17,  70,  65, 443,  58,  28,  97,   0],
[2024-08-13 13:09:14,038][flwr][INFO] - 	       [ 10,  18,  31,   0,  20,   4, 782,  91,   2,   0],
[2024-08-13 13:09:14,038][flwr][INFO] - 	       [ 15,  19,  34,   0,  25,   0,   0, 773, 162,   0],
[2024-08-13 13:09:14,038][flwr][INFO] - 	       [ 10,  31,  22,  41,  84,  14,  21,   7, 744,   0],
[2024-08-13 13:09:14,038][flwr][INFO] - 	       [ 48,   4,   2,   2, 303,  26,   1, 143, 187, 293]], dtype=int64)),
[2024-08-13 13:09:14,038][flwr][INFO] - 	                      (5,
[2024-08-13 13:09:14,038][flwr][INFO] - 	                       array([[808,  92,   2,   5,   0,  10,  42,  15,   2,   4],
[2024-08-13 13:09:14,038][flwr][INFO] - 	       [  0, 903, 203,   4,   1,   4,   7,   2,   0,  11],
[2024-08-13 13:09:14,038][flwr][INFO] - 	       [ 11,  25, 695, 170,  14,   3,  21,  42,  29,  22],
[2024-08-13 13:09:14,038][flwr][INFO] - 	       [  3,  24,   9, 790,  18,  33,  15,  19,  22,  77],
[2024-08-13 13:09:14,039][flwr][INFO] - 	       [ 13,   5,   2,   0, 580, 129,  17,  66,   5, 165],
[2024-08-13 13:09:14,039][flwr][INFO] - 	       [ 17,  93,  17,  81,  17, 530,  57,  27,  19,  34],
[2024-08-13 13:09:14,039][flwr][INFO] - 	       [ 11,  19,  27,   0,   6,   4, 797,  93,   0,   1],
[2024-08-13 13:09:14,039][flwr][INFO] - 	       [ 17,  22,  42,   2,  13,   2,   1, 821,  48,  60],
[2024-08-13 13:09:14,039][flwr][INFO] - 	       [ 17,  50,  24, 121,  19,  32,  33,  11, 318, 349],
[2024-08-13 13:09:14,039][flwr][INFO] - 	       [ 41,   6,   3,   4,  32,  25,   1,  48,   3, 846]], dtype=int64)),
[2024-08-13 13:09:14,039][flwr][INFO] - 	                      (6,
[2024-08-13 13:09:14,039][flwr][INFO] - 	                       array([[797, 108,   1,   3,   2,   9,  39,  14,   7,   0],
[2024-08-13 13:09:14,039][flwr][INFO] - 	       [  0, 905, 188,   3,   2,   3,   6,   1,  27,   0],
[2024-08-13 13:09:14,039][flwr][INFO] - 	       [  9,  20, 741, 109,  29,   2,  19,  37,  65,   1],
[2024-08-13 13:09:14,039][flwr][INFO] - 	       [  3,  28,  12, 709,  93,  22,  14,  16, 109,   4],
[2024-08-13 13:09:14,039][flwr][INFO] - 	       [ 15,   5,   2,   0, 800,  52,  18,  57,  23,  10],
[2024-08-13 13:09:14,039][flwr][INFO] - 	       [ 18,  84,  12,  58,  33, 506,  62,  23,  94,   2],
[2024-08-13 13:09:14,039][flwr][INFO] - 	       [ 12,  17,  24,   0,  17,   4, 794,  89,   1,   0],
[2024-08-13 13:09:14,039][flwr][INFO] - 	       [ 21,  19,  33,   2,  27,   0,   1, 754, 168,   3],
[2024-08-13 13:09:14,039][flwr][INFO] - 	       [ 14,  29,  19,  39,  54,  19,  25,   6, 760,   9],
[2024-08-13 13:09:14,039][flwr][INFO] - 	       [ 85,   4,   3,   3, 151,  30,   1,  85, 116, 531]], dtype=int64)),
[2024-08-13 13:09:14,039][flwr][INFO] - 	                      (7,
[2024-08-13 13:09:14,040][flwr][INFO] - 	                       array([[791, 110,   1,   3,   1,  11,  42,  15,   2,   4],
[2024-08-13 13:09:14,040][flwr][INFO] - 	       [  0, 927, 173,   9,   1,   3,   7,   2,   1,  12],
[2024-08-13 13:09:14,040][flwr][INFO] - 	       [ 10,  23, 717, 153,  13,   3,  20,  40,  29,  24],
[2024-08-13 13:09:14,040][flwr][INFO] - 	       [  3,  19,   9, 798,  19,  34,  16,  19,  18,  75],
[2024-08-13 13:09:14,040][flwr][INFO] - 	       [ 11,   5,   2,   0, 636,  89,  16,  58,   5, 160],
[2024-08-13 13:09:14,040][flwr][INFO] - 	       [ 16,  81,  15,  79,  14, 547,  61,  26,  13,  40],
[2024-08-13 13:09:14,040][flwr][INFO] - 	       [ 11,  15,  26,   0,   7,   5, 793, 100,   0,   1],
[2024-08-13 13:09:14,040][flwr][INFO] - 	       [ 18,  22,  40,   3,  14,   4,   1, 825,  36,  65],
[2024-08-13 13:09:14,040][flwr][INFO] - 	       [ 16,  45,  25, 111,  21,  32,  33,  11, 277, 403],
[2024-08-13 13:09:14,040][flwr][INFO] - 	       [ 42,   5,   3,   4,  34,  19,   1,  42,   2, 857]], dtype=int64)),
[2024-08-13 13:09:14,040][flwr][INFO] - 	                      (8,
[2024-08-13 13:09:14,040][flwr][INFO] - 	                       array([[791, 113,   1,   3,   2,  11,  39,  13,   7,   0],
[2024-08-13 13:09:14,040][flwr][INFO] - 	       [  0, 936, 152,   4,   2,   4,   7,   1,  29,   0],
[2024-08-13 13:09:14,040][flwr][INFO] - 	       [  9,  20, 755,  97,  27,   2,  20,  35,  64,   3],
[2024-08-13 13:09:14,040][flwr][INFO] - 	       [  4,  23,   9, 730,  76,  30,  15,  16, 100,   7],
[2024-08-13 13:09:14,040][flwr][INFO] - 	       [ 13,   4,   2,   0, 799,  62,  19,  49,  21,  13],
[2024-08-13 13:09:14,041][flwr][INFO] - 	       [ 18,  72,   8,  55,  25, 542,  64,  24,  82,   2],
[2024-08-13 13:09:14,041][flwr][INFO] - 	       [ 12,  15,  23,   0,  16,   5, 797,  89,   1,   0],
[2024-08-13 13:09:14,041][flwr][INFO] - 	       [ 28,  20,  31,   4,  24,   1,   1, 766, 149,   4],
[2024-08-13 13:09:14,041][flwr][INFO] - 	       [ 17,  26,  20,  38,  45,  22,  26,   6, 764,  10],
[2024-08-13 13:09:14,041][flwr][INFO] - 	       [ 99,   4,   3,   3, 114,  35,   1,  74,  91, 585]], dtype=int64)),
[2024-08-13 13:09:14,041][flwr][INFO] - 	                      (9,
[2024-08-13 13:09:14,041][flwr][INFO] - 	                       array([[786, 116,   1,   3,   1,  13,  39,  15,   3,   3],
[2024-08-13 13:09:14,041][flwr][INFO] - 	       [  0, 943, 157,   9,   1,   3,   9,   2,   2,   9],
[2024-08-13 13:09:14,041][flwr][INFO] - 	       [  9,  23, 751, 119,  16,   3,  20,  39,  30,  22],
[2024-08-13 13:09:14,041][flwr][INFO] - 	       [  3,  17,  10, 798,  25,  35,  15,  19,  21,  67],
[2024-08-13 13:09:14,041][flwr][INFO] - 	       [  9,   5,   3,   0, 674,  79,  16,  51,   4, 141],
[2024-08-13 13:09:14,041][flwr][INFO] - 	       [ 17,  70,  12,  69,  14, 566,  62,  28,  18,  36],
[2024-08-13 13:09:14,041][flwr][INFO] - 	       [ 11,  15,  23,   0,   8,   5, 794, 101,   0,   1],
[2024-08-13 13:09:14,041][flwr][INFO] - 	       [ 20,  25,  36,   5,  17,   3,   1, 824,  36,  61],
[2024-08-13 13:09:14,042][flwr][INFO] - 	       [ 18,  40,  24,  91,  23,  36,  32,  12, 336, 362],
[2024-08-13 13:09:14,042][flwr][INFO] - 	       [ 42,   5,   3,   5,  34,  17,   1,  40,   2, 860]], dtype=int64)),
[2024-08-13 13:09:14,042][flwr][INFO] - 	                      (10,
[2024-08-13 13:09:14,042][flwr][INFO] - 	                       array([[795, 109,   1,   3,   2,  12,  36,  14,   8,   0],
[2024-08-13 13:09:14,042][flwr][INFO] - 	       [  0, 955, 132,   6,   2,   4,   8,   1,  27,   0],
[2024-08-13 13:09:14,042][flwr][INFO] - 	       [  9,  20, 754,  98,  29,   2,  19,  34,  65,   2],
[2024-08-13 13:09:14,042][flwr][INFO] - 	       [  3,  20,   9, 739,  73,  29,  17,  16,  97,   7],
[2024-08-13 13:09:14,042][flwr][INFO] - 	       [ 13,   4,   2,   0, 809,  61,  18,  40,  21,  14],
[2024-08-13 13:09:14,042][flwr][INFO] - 	       [ 21,  63,   6,  49,  21, 554,  66,  22,  87,   3],
[2024-08-13 13:09:14,042][flwr][INFO] - 	       [ 12,  15,  18,   0,  16,   5, 802,  89,   1,   0],
[2024-08-13 13:09:14,042][flwr][INFO] - 	       [ 30,  21,  29,   4,  25,   1,   1, 773, 140,   4],
[2024-08-13 13:09:14,042][flwr][INFO] - 	       [ 17,  23,  18,  38,  37,  28,  27,   5, 770,  11],
[2024-08-13 13:09:14,042][flwr][INFO] - 	       [102,   6,   3,   3, 104,  31,   1,  64,  83, 612]], dtype=int64))],
[2024-08-13 13:09:14,042][flwr][INFO] - 	 'f1': [(0, 0.017493624772313296),
[2024-08-13 13:09:14,042][flwr][INFO] - 	        (1, 0.5470023792094042),
[2024-08-13 13:09:14,042][flwr][INFO] - 	        (2, 0.6757743923098285),
[2024-08-13 13:09:14,042][flwr][INFO] - 	        (3, 0.6904180717230165),
[2024-08-13 13:09:14,043][flwr][INFO] - 	        (4, 0.6895146095073966),
[2024-08-13 13:09:14,043][flwr][INFO] - 	        (5, 0.702110717815446),
[2024-08-13 13:09:14,043][flwr][INFO] - 	        (6, 0.7290490753063317),
[2024-08-13 13:09:14,043][flwr][INFO] - 	        (7, 0.7091382432741364),
[2024-08-13 13:09:14,043][flwr][INFO] - 	        (8, 0.7461856443292094),
[2024-08-13 13:09:14,043][flwr][INFO] - 	        (9, 0.7275579725953576),
[2024-08-13 13:09:14,043][flwr][INFO] - 	        (10, 0.7561348319384408)],
[2024-08-13 13:09:14,043][flwr][INFO] - 	 'precision': [(0, 0.009604000000000001),
[2024-08-13 13:09:14,043][flwr][INFO] - 	               (1, 0.6950631678933872),
[2024-08-13 13:09:14,043][flwr][INFO] - 	               (2, 0.7363038448876483),
[2024-08-13 13:09:14,043][flwr][INFO] - 	               (3, 0.717447707798951),
[2024-08-13 13:09:14,043][flwr][INFO] - 	               (4, 0.738709404116493),
[2024-08-13 13:09:14,043][flwr][INFO] - 	               (5, 0.7222490655310458),
[2024-08-13 13:09:14,043][flwr][INFO] - 	               (6, 0.7495060514977374),
[2024-08-13 13:09:14,043][flwr][INFO] - 	               (7, 0.7330453224517055),
[2024-08-13 13:09:14,043][flwr][INFO] - 	               (8, 0.7601496816643771),
[2024-08-13 13:09:14,043][flwr][INFO] - 	               (9, 0.7461218760371555),
[2024-08-13 13:09:14,043][flwr][INFO] - 	               (10, 0.7685664219436176)],
[2024-08-13 13:09:14,044][flwr][INFO] - 	 'recall': [(0, 0.098),
[2024-08-13 13:09:14,044][flwr][INFO] - 	            (1, 0.5815),
[2024-08-13 13:09:14,044][flwr][INFO] - 	            (2, 0.6901),
[2024-08-13 13:09:14,044][flwr][INFO] - 	            (3, 0.6986),
[2024-08-13 13:09:14,044][flwr][INFO] - 	            (4, 0.6968),
[2024-08-13 13:09:14,044][flwr][INFO] - 	            (5, 0.7088),
[2024-08-13 13:09:14,044][flwr][INFO] - 	            (6, 0.7297),
[2024-08-13 13:09:14,044][flwr][INFO] - 	            (7, 0.7168),
[2024-08-13 13:09:14,044][flwr][INFO] - 	            (8, 0.7465),
[2024-08-13 13:09:14,044][flwr][INFO] - 	            (9, 0.7332),
[2024-08-13 13:09:14,044][flwr][INFO] - 	            (10, 0.7563)]}
[2024-08-13 13:09:14,044][flwr][INFO] - 
