[2024-08-13 14:43:51,592][flwr][INFO] - Starting Flower simulation, config: num_rounds=10, no round_timeout
[2024-08-13 14:43:55,784][flwr][INFO] - Flower VCE: Ray initialized with resources: {'GPU': 1.0, 'node:__internal_head__': 1.0, 'memory': 4896458343.0, 'object_store_memory': 2448229171.0, 'node:127.0.0.1': 1.0, 'CPU': 16.0, 'accelerator_type:G': 1.0}
[2024-08-13 14:43:55,784][flwr][INFO] - Optimize your simulation with Flower VCE: https://flower.ai/docs/framework/how-to-run-simulations.html
[2024-08-13 14:43:55,784][flwr][INFO] - Flower VCE: Resources for each Virtual Client: {'num_cpus': 2, 'num_gpus': 0.5}
[2024-08-13 14:43:55,796][flwr][INFO] - Flower VCE: Creating VirtualClientEngineActorPool with 2 actors
[2024-08-13 14:43:55,797][flwr][INFO] - [INIT]
[2024-08-13 14:43:55,798][flwr][INFO] - Requesting initial parameters from one random client
[2024-08-13 14:44:03,259][flwr][INFO] - Received initial parameters from one random client
[2024-08-13 14:44:03,259][flwr][INFO] - Evaluating initial global parameters
[2024-08-13 14:44:05,485][flwr][INFO] - initial parameters (loss, other metrics): 2.3025850929940455, {'accuracy': 0.098, 'precision': 0.009604000000000001, 'recall': 0.098, 'f1': 0.017493624772313296, 'confusion_matrix': array([[ 980,    0,    0,    0,    0,    0,    0,    0,    0,    0],
       [1135,    0,    0,    0,    0,    0,    0,    0,    0,    0],
       [1032,    0,    0,    0,    0,    0,    0,    0,    0,    0],
       [1010,    0,    0,    0,    0,    0,    0,    0,    0,    0],
       [ 982,    0,    0,    0,    0,    0,    0,    0,    0,    0],
       [ 892,    0,    0,    0,    0,    0,    0,    0,    0,    0],
       [ 958,    0,    0,    0,    0,    0,    0,    0,    0,    0],
       [1028,    0,    0,    0,    0,    0,    0,    0,    0,    0],
       [ 974,    0,    0,    0,    0,    0,    0,    0,    0,    0],
       [1009,    0,    0,    0,    0,    0,    0,    0,    0,    0]],
      dtype=int64)}
[2024-08-13 14:44:05,485][flwr][INFO] - 
[2024-08-13 14:44:05,485][flwr][INFO] - [ROUND 1]
[2024-08-13 14:44:05,486][flwr][INFO] - configure_fit: strategy sampled 10 clients (out of 100)
[2024-08-13 14:44:09,016][flwr][INFO] - aggregate_fit: received 10 results and 0 failures
[2024-08-13 14:44:09,019][flwr][WARNING] - No fit_metrics_aggregation_fn provided
[2024-08-13 14:44:11,100][flwr][INFO] - fit progress: (1, 1.0344089657202538, {'accuracy': 0.6594, 'precision': 0.7809329120829418, 'recall': 0.6594, 'f1': 0.6252822595883434, 'confusion_matrix': array([[ 954,    0,    2,   16,    0,    0,    6,    0,    1,    1],
       [   0, 1057,   46,   26,    0,    0,    4,    0,    0,    2],
       [  82,   15,  684,  182,    7,    0,   18,    8,    9,   27],
       [  13,    2,   10,  952,    0,    0,    2,    2,    3,   26],
       [  35,    9,    7,    2,  356,    0,   22,    0,    4,  547],
       [ 185,   62,   21,  423,    3,   10,   18,    6,   23,  141],
       [ 120,   18,   23,   24,    4,    0,  764,    0,    2,    3],
       [  42,   43,   37,   14,    1,    0,    1,  606,   12,  272],
       [  62,   28,   18,  424,    1,    0,    8,    1,  291,  141],
       [  45,   10,    2,   21,    6,    0,    2,    2,    1,  920]],
      dtype=int64)}, 5.615206400005263)
[2024-08-13 14:44:11,101][flwr][INFO] - configure_evaluate: no clients selected, skipping evaluation
[2024-08-13 14:44:11,101][flwr][INFO] - 
[2024-08-13 14:44:11,101][flwr][INFO] - [ROUND 2]
[2024-08-13 14:44:11,101][flwr][INFO] - configure_fit: strategy sampled 10 clients (out of 100)
[2024-08-13 14:44:12,299][flwr][INFO] - aggregate_fit: received 10 results and 0 failures
[2024-08-13 14:44:14,404][flwr][INFO] - fit progress: (2, 0.8670316027431983, {'accuracy': 0.7674, 'precision': 0.8009473293164879, 'recall': 0.7674, 'f1': 0.7436146880021568, 'confusion_matrix': array([[ 904,    0,    3,    0,    0,   10,   38,    1,   24,    0],
       [   0, 1058,   35,    1,    1,    1,    5,    1,   33,    0],
       [  30,   24,  824,   13,   30,    1,   31,   27,   52,    0],
       [   8,   17,   33,  692,    6,   56,   22,   22,  154,    0],
       [   6,    8,    3,    0,  886,    2,   28,   15,   32,    2],
       [  34,   50,   13,   55,   26,  570,   45,   36,   61,    2],
       [  26,   15,   21,    0,   14,   17,  861,    1,    3,    0],
       [   7,   32,   25,    0,   15,    0,    2,  913,   34,    0],
       [  18,   16,   14,   15,   16,   22,   26,   14,  833,    0],
       [  26,   11,    3,    4,  453,   16,    4,  267,   92,  133]],
      dtype=int64)}, 8.918903500001761)
[2024-08-13 14:44:14,405][flwr][INFO] - configure_evaluate: no clients selected, skipping evaluation
[2024-08-13 14:44:14,405][flwr][INFO] - 
[2024-08-13 14:44:14,405][flwr][INFO] - [ROUND 3]
[2024-08-13 14:44:14,406][flwr][INFO] - configure_fit: strategy sampled 10 clients (out of 100)
[2024-08-13 14:44:15,550][flwr][INFO] - aggregate_fit: received 10 results and 0 failures
[2024-08-13 14:44:17,633][flwr][INFO] - fit progress: (3, 0.8407826124680676, {'accuracy': 0.7765, 'precision': 0.8165030913075185, 'recall': 0.7765, 'f1': 0.7705520324182759, 'confusion_matrix': array([[ 894,    0,    3,   17,    0,   23,   34,    1,    0,    8],
       [   0, 1081,   32,    9,    1,    1,    5,    0,    0,    6],
       [  16,   22,  778,  117,   15,    0,   25,   24,   12,   23],
       [   1,    9,   10,  908,    1,   11,    8,   12,    3,   47],
       [   6,    8,    2,    0,  665,    0,   23,    4,    2,  272],
       [  14,   60,    9,  210,   15,  484,   32,   14,    1,   53],
       [  15,   21,   20,    4,   13,   17,  866,    1,    0,    1],
       [   6,   40,   29,    5,   12,    0,    3,  820,    2,  111],
       [   9,   52,   18,  252,    5,   48,   23,    4,  346,  217],
       [  19,    9,    4,   14,   21,    7,    1,   11,    0,  923]],
      dtype=int64)}, 12.147338700000546)
[2024-08-13 14:44:17,634][flwr][INFO] - configure_evaluate: no clients selected, skipping evaluation
[2024-08-13 14:44:17,634][flwr][INFO] - 
[2024-08-13 14:44:17,634][flwr][INFO] - [ROUND 4]
[2024-08-13 14:44:17,634][flwr][INFO] - configure_fit: strategy sampled 10 clients (out of 100)
[2024-08-13 14:44:18,797][flwr][INFO] - aggregate_fit: received 10 results and 0 failures
[2024-08-13 14:44:20,876][flwr][INFO] - fit progress: (4, 0.8402536689243085, {'accuracy': 0.7854, 'precision': 0.8228079084322928, 'recall': 0.7854, 'f1': 0.7759024809201317, 'confusion_matrix': array([[ 896,    0,    4,    0,    3,    5,   32,    1,   39,    0],
       [   0, 1061,   20,    1,    1,    0,    4,    1,   47,    0],
       [  15,   21,  812,   20,   36,    0,   19,   27,   82,    0],
       [   5,   14,   25,  712,    6,   42,   17,   21,  167,    1],
       [   4,    7,    2,    0,  909,    2,   15,    7,   33,    3],
       [  19,   52,    9,   55,   35,  536,   34,   31,  118,    3],
       [  13,   16,   21,    1,   28,   13,  853,    3,   10,    0],
       [   5,   32,   21,    0,   21,    0,    0,  887,   61,    1],
       [   6,   14,    9,   13,   14,   10,   16,    8,  883,    1],
       [  19,    7,    4,    3,  366,    6,    1,  161,  137,  305]],
      dtype=int64)}, 15.391628400000627)
[2024-08-13 14:44:20,877][flwr][INFO] - configure_evaluate: no clients selected, skipping evaluation
[2024-08-13 14:44:20,877][flwr][INFO] - 
[2024-08-13 14:44:20,877][flwr][INFO] - [ROUND 5]
[2024-08-13 14:44:20,878][flwr][INFO] - configure_fit: strategy sampled 10 clients (out of 100)
[2024-08-13 14:44:22,062][flwr][INFO] - aggregate_fit: received 10 results and 0 failures
[2024-08-13 14:44:24,167][flwr][INFO] - fit progress: (5, 0.8363316238578387, {'accuracy': 0.7692, 'precision': 0.8182648792280367, 'recall': 0.7692, 'f1': 0.7580286240716642, 'confusion_matrix': array([[ 919,    1,    5,    6,    0,   14,   25,    0,    0,   10],
       [   0, 1080,   37,    2,    1,    4,    5,    0,    0,    6],
       [  14,   18,  846,   61,    9,    0,   22,   24,    9,   29],
       [   2,    9,   15,  866,    1,   26,   10,   12,    2,   67],
       [   6,    8,    5,    0,  590,    0,   19,    4,    1,  349],
       [  15,   58,   11,  115,   10,  582,   32,   13,    0,   56],
       [  16,   15,   24,    1,   11,   18,  868,    3,    0,    2],
       [   7,   33,   41,    2,   11,    0,    1,  790,    0,  143],
       [  15,   61,   42,  178,    3,   67,   26,    5,  210,  367],
       [  17,    8,    6,    9,   10,    8,    2,    8,    0,  941]],
      dtype=int64)}, 18.68244770000456)
[2024-08-13 14:44:24,168][flwr][INFO] - configure_evaluate: no clients selected, skipping evaluation
[2024-08-13 14:44:24,168][flwr][INFO] - 
[2024-08-13 14:44:24,169][flwr][INFO] - [ROUND 6]
[2024-08-13 14:44:24,169][flwr][INFO] - configure_fit: strategy sampled 10 clients (out of 100)
[2024-08-13 14:44:25,472][flwr][INFO] - aggregate_fit: received 10 results and 0 failures
[2024-08-13 14:44:27,545][flwr][INFO] - fit progress: (6, 0.8019339024028863, {'accuracy': 0.8045, 'precision': 0.830033325137545, 'recall': 0.8045, 'f1': 0.7935836308060317, 'confusion_matrix': array([[ 918,    1,    2,    3,    2,    9,   23,    4,   18,    0],
       [   0, 1068,   19,    2,    1,    2,    5,    1,   37,    0],
       [  12,   15,  810,   40,   36,    0,   19,   33,   67,    0],
       [   3,    9,   16,  828,    6,   31,   11,   21,   84,    1],
       [   4,    5,    1,    0,  919,    2,   14,   15,   20,    2],
       [  16,   46,    6,   89,   31,  596,   28,   24,   54,    2],
       [  14,   13,   20,    1,   27,   16,  855,    9,    3,    0],
       [   4,   32,   24,    1,   22,    0,    0,  903,   41,    1],
       [   7,   18,   11,   39,   17,   13,   17,   13,  838,    1],
       [  22,    7,    3,    4,  359,   16,    1,  179,  108,  310]],
      dtype=int64)}, 22.060014999995474)
[2024-08-13 14:44:27,546][flwr][INFO] - configure_evaluate: no clients selected, skipping evaluation
[2024-08-13 14:44:27,546][flwr][INFO] - 
[2024-08-13 14:44:27,546][flwr][INFO] - [ROUND 7]
[2024-08-13 14:44:27,547][flwr][INFO] - configure_fit: strategy sampled 10 clients (out of 100)
[2024-08-13 14:44:28,678][flwr][INFO] - aggregate_fit: received 10 results and 0 failures
[2024-08-13 14:44:30,753][flwr][INFO] - fit progress: (7, 0.7847286962809478, {'accuracy': 0.8144, 'precision': 0.8362710545072128, 'recall': 0.8144, 'f1': 0.8140042114695686, 'confusion_matrix': array([[ 929,    2,    3,    2,    0,   18,   20,    1,    2,    3],
       [   0, 1068,   43,    2,    1,    6,    6,    0,    5,    4],
       [  14,   11,  854,   45,    9,    0,   23,   25,   25,   26],
       [   3,    6,   18,  846,    1,   45,   10,   13,    9,   59],
       [   6,    6,    2,    0,  655,    1,   20,    3,    4,  285],
       [  17,   45,    8,   81,   10,  648,   28,   13,    7,   35],
       [  14,    9,   26,    1,   11,   21,  870,    5,    0,    1],
       [   9,   29,   39,    2,   12,    0,    1,  802,    8,  126],
       [  10,   38,   28,   95,    7,   62,   24,    5,  535,  170],
       [  16,    7,    6,    7,   13,   12,    2,    9,    0,  937]],
      dtype=int64)}, 25.267516000007163)
[2024-08-13 14:44:30,754][flwr][INFO] - configure_evaluate: no clients selected, skipping evaluation
[2024-08-13 14:44:30,754][flwr][INFO] - 
[2024-08-13 14:44:30,754][flwr][INFO] - [ROUND 8]
[2024-08-13 14:44:30,754][flwr][INFO] - configure_fit: strategy sampled 10 clients (out of 100)
[2024-08-13 14:44:31,895][flwr][INFO] - aggregate_fit: received 10 results and 0 failures
[2024-08-13 14:44:34,105][flwr][INFO] - fit progress: (8, 0.7920746389092929, {'accuracy': 0.7898, 'precision': 0.8258012211861527, 'recall': 0.7898, 'f1': 0.7726320399110089, 'confusion_matrix': array([[ 894,    1,    2,    6,    4,    5,   38,    7,   23,    0],
       [   0, 1078,    6,    4,    1,    0,    5,    1,   40,    0],
       [  11,   24,  769,   59,   37,    0,   21,   31,   80,    0],
       [   1,   10,    8,  861,    5,   22,   12,   19,   71,    1],
       [   2,    5,    1,    0,  926,    2,   17,   10,   18,    1],
       [   8,   53,    2,  100,   41,  554,   43,   20,   69,    2],
       [   9,   10,   14,    1,   26,    7,  879,   10,    2,    0],
       [   3,   33,   22,    2,   24,    0,    0,  900,   43,    1],
       [   6,   23,    4,   44,   22,   12,   20,    9,  834,    0],
       [  20,    8,    3,    6,  472,   15,    1,  162,  119,  203]],
      dtype=int64)}, 28.620669500000076)
[2024-08-13 14:44:34,106][flwr][INFO] - configure_evaluate: no clients selected, skipping evaluation
[2024-08-13 14:44:34,106][flwr][INFO] - 
[2024-08-13 14:44:34,106][flwr][INFO] - [ROUND 9]
[2024-08-13 14:44:34,107][flwr][INFO] - configure_fit: strategy sampled 10 clients (out of 100)
[2024-08-13 14:44:35,263][flwr][INFO] - aggregate_fit: received 10 results and 0 failures
[2024-08-13 14:44:37,340][flwr][INFO] - fit progress: (9, 0.7474692316374151, {'accuracy': 0.8392, 'precision': 0.8477515650368712, 'recall': 0.8392, 'f1': 0.837800286387249, 'confusion_matrix': array([[ 917,    2,    6,    1,    0,   16,   33,    3,    2,    0],
       [   0, 1082,   28,    3,    1,    6,    6,    0,    7,    2],
       [  11,   18,  865,   35,   11,    0,   26,   25,   26,   15],
       [   2,   10,   18,  841,    2,   52,   16,   14,   11,   44],
       [   3,    6,    3,    0,  763,    2,   25,    6,    4,  170],
       [  11,   49,    6,   52,   12,  681,   35,   14,    7,   25],
       [  11,   11,   21,    1,    9,   14,  883,    8,    0,    0],
       [   6,   34,   37,    1,   15,    0,    2,  858,    7,   68],
       [  11,   47,   28,   76,   10,   65,   28,    6,  589,  114],
       [  16,    8,    6,    8,   22,   14,    2,   20,    0,  913]],
      dtype=int64)}, 31.855730099996435)
[2024-08-13 14:44:37,341][flwr][INFO] - configure_evaluate: no clients selected, skipping evaluation
[2024-08-13 14:44:37,341][flwr][INFO] - 
[2024-08-13 14:44:37,341][flwr][INFO] - [ROUND 10]
[2024-08-13 14:44:37,342][flwr][INFO] - configure_fit: strategy sampled 10 clients (out of 100)
[2024-08-13 14:44:38,698][flwr][INFO] - aggregate_fit: received 10 results and 0 failures
[2024-08-13 14:44:40,763][flwr][INFO] - fit progress: (10, 0.7361397777463343, {'accuracy': 0.8331, 'precision': 0.8520069475983179, 'recall': 0.8331, 'f1': 0.8313354239307926, 'confusion_matrix': array([[ 950,    1,    2,    1,    3,    0,   12,    1,   10,    0],
       [   0, 1054,    9,    2,    1,    2,    4,    1,   62,    0],
       [  15,   12,  806,   37,   38,    0,   15,   29,   79,    1],
       [   9,    5,   13,  825,    7,   22,   11,   20,   94,    4],
       [   5,    3,    1,    0,  924,    2,   11,    5,   23,    8],
       [  30,   38,    5,   81,   43,  528,   31,   20,  107,    9],
       [  17,    7,   18,    0,   33,    7,  862,    7,    7,    0],
       [   9,   23,   29,    1,   24,    0,    0,  890,   49,    3],
       [  13,    7,    8,   25,   20,    7,   16,    5,  871,    2],
       [  31,    5,    3,    3,  177,    6,    1,   82,   80,  621]],
      dtype=int64)}, 35.277894200000446)
[2024-08-13 14:44:40,764][flwr][INFO] - configure_evaluate: no clients selected, skipping evaluation
[2024-08-13 14:44:40,764][flwr][INFO] - 
[2024-08-13 14:44:40,764][flwr][INFO] - [SUMMARY]
[2024-08-13 14:44:40,764][flwr][INFO] - Run finished 10 round(s) in 35.28s
[2024-08-13 14:44:40,772][flwr][INFO] - 	History (loss, centralized):
[2024-08-13 14:44:40,772][flwr][INFO] - 		round 0: 2.3025850929940455
[2024-08-13 14:44:40,772][flwr][INFO] - 		round 1: 1.0344089657202538
[2024-08-13 14:44:40,772][flwr][INFO] - 		round 2: 0.8670316027431983
[2024-08-13 14:44:40,772][flwr][INFO] - 		round 3: 0.8407826124680676
[2024-08-13 14:44:40,772][flwr][INFO] - 		round 4: 0.8402536689243085
[2024-08-13 14:44:40,772][flwr][INFO] - 		round 5: 0.8363316238578387
[2024-08-13 14:44:40,772][flwr][INFO] - 		round 6: 0.8019339024028863
[2024-08-13 14:44:40,773][flwr][INFO] - 		round 7: 0.7847286962809478
[2024-08-13 14:44:40,773][flwr][INFO] - 		round 8: 0.7920746389092929
[2024-08-13 14:44:40,773][flwr][INFO] - 		round 9: 0.7474692316374151
[2024-08-13 14:44:40,773][flwr][INFO] - 		round 10: 0.7361397777463343
[2024-08-13 14:44:40,773][flwr][INFO] - 	History (metrics, centralized):
[2024-08-13 14:44:40,773][flwr][INFO] - 	{'accuracy': [(0, 0.098),
[2024-08-13 14:44:40,773][flwr][INFO] - 	              (1, 0.6594),
[2024-08-13 14:44:40,773][flwr][INFO] - 	              (2, 0.7674),
[2024-08-13 14:44:40,773][flwr][INFO] - 	              (3, 0.7765),
[2024-08-13 14:44:40,773][flwr][INFO] - 	              (4, 0.7854),
[2024-08-13 14:44:40,773][flwr][INFO] - 	              (5, 0.7692),
[2024-08-13 14:44:40,773][flwr][INFO] - 	              (6, 0.8045),
[2024-08-13 14:44:40,773][flwr][INFO] - 	              (7, 0.8144),
[2024-08-13 14:44:40,773][flwr][INFO] - 	              (8, 0.7898),
[2024-08-13 14:44:40,773][flwr][INFO] - 	              (9, 0.8392),
[2024-08-13 14:44:40,773][flwr][INFO] - 	              (10, 0.8331)],
[2024-08-13 14:44:40,774][flwr][INFO] - 	 'confusion_matrix': [(0,
[2024-08-13 14:44:40,774][flwr][INFO] - 	                       array([[ 980,    0,    0,    0,    0,    0,    0,    0,    0,    0],
[2024-08-13 14:44:40,774][flwr][INFO] - 	       [1135,    0,    0,    0,    0,    0,    0,    0,    0,    0],
[2024-08-13 14:44:40,774][flwr][INFO] - 	       [1032,    0,    0,    0,    0,    0,    0,    0,    0,    0],
[2024-08-13 14:44:40,774][flwr][INFO] - 	       [1010,    0,    0,    0,    0,    0,    0,    0,    0,    0],
[2024-08-13 14:44:40,774][flwr][INFO] - 	       [ 982,    0,    0,    0,    0,    0,    0,    0,    0,    0],
[2024-08-13 14:44:40,774][flwr][INFO] - 	       [ 892,    0,    0,    0,    0,    0,    0,    0,    0,    0],
[2024-08-13 14:44:40,774][flwr][INFO] - 	       [ 958,    0,    0,    0,    0,    0,    0,    0,    0,    0],
[2024-08-13 14:44:40,774][flwr][INFO] - 	       [1028,    0,    0,    0,    0,    0,    0,    0,    0,    0],
[2024-08-13 14:44:40,774][flwr][INFO] - 	       [ 974,    0,    0,    0,    0,    0,    0,    0,    0,    0],
[2024-08-13 14:44:40,774][flwr][INFO] - 	       [1009,    0,    0,    0,    0,    0,    0,    0,    0,    0]],
[2024-08-13 14:44:40,774][flwr][INFO] - 	      dtype=int64)),
[2024-08-13 14:44:40,774][flwr][INFO] - 	                      (1,
[2024-08-13 14:44:40,774][flwr][INFO] - 	                       array([[ 954,    0,    2,   16,    0,    0,    6,    0,    1,    1],
[2024-08-13 14:44:40,774][flwr][INFO] - 	       [   0, 1057,   46,   26,    0,    0,    4,    0,    0,    2],
[2024-08-13 14:44:40,774][flwr][INFO] - 	       [  82,   15,  684,  182,    7,    0,   18,    8,    9,   27],
[2024-08-13 14:44:40,774][flwr][INFO] - 	       [  13,    2,   10,  952,    0,    0,    2,    2,    3,   26],
[2024-08-13 14:44:40,775][flwr][INFO] - 	       [  35,    9,    7,    2,  356,    0,   22,    0,    4,  547],
[2024-08-13 14:44:40,775][flwr][INFO] - 	       [ 185,   62,   21,  423,    3,   10,   18,    6,   23,  141],
[2024-08-13 14:44:40,775][flwr][INFO] - 	       [ 120,   18,   23,   24,    4,    0,  764,    0,    2,    3],
[2024-08-13 14:44:40,775][flwr][INFO] - 	       [  42,   43,   37,   14,    1,    0,    1,  606,   12,  272],
[2024-08-13 14:44:40,775][flwr][INFO] - 	       [  62,   28,   18,  424,    1,    0,    8,    1,  291,  141],
[2024-08-13 14:44:40,775][flwr][INFO] - 	       [  45,   10,    2,   21,    6,    0,    2,    2,    1,  920]],
[2024-08-13 14:44:40,775][flwr][INFO] - 	      dtype=int64)),
[2024-08-13 14:44:40,775][flwr][INFO] - 	                      (2,
[2024-08-13 14:44:40,775][flwr][INFO] - 	                       array([[ 904,    0,    3,    0,    0,   10,   38,    1,   24,    0],
[2024-08-13 14:44:40,775][flwr][INFO] - 	       [   0, 1058,   35,    1,    1,    1,    5,    1,   33,    0],
[2024-08-13 14:44:40,775][flwr][INFO] - 	       [  30,   24,  824,   13,   30,    1,   31,   27,   52,    0],
[2024-08-13 14:44:40,775][flwr][INFO] - 	       [   8,   17,   33,  692,    6,   56,   22,   22,  154,    0],
[2024-08-13 14:44:40,775][flwr][INFO] - 	       [   6,    8,    3,    0,  886,    2,   28,   15,   32,    2],
[2024-08-13 14:44:40,775][flwr][INFO] - 	       [  34,   50,   13,   55,   26,  570,   45,   36,   61,    2],
[2024-08-13 14:44:40,775][flwr][INFO] - 	       [  26,   15,   21,    0,   14,   17,  861,    1,    3,    0],
[2024-08-13 14:44:40,775][flwr][INFO] - 	       [   7,   32,   25,    0,   15,    0,    2,  913,   34,    0],
[2024-08-13 14:44:40,776][flwr][INFO] - 	       [  18,   16,   14,   15,   16,   22,   26,   14,  833,    0],
[2024-08-13 14:44:40,776][flwr][INFO] - 	       [  26,   11,    3,    4,  453,   16,    4,  267,   92,  133]],
[2024-08-13 14:44:40,776][flwr][INFO] - 	      dtype=int64)),
[2024-08-13 14:44:40,776][flwr][INFO] - 	                      (3,
[2024-08-13 14:44:40,776][flwr][INFO] - 	                       array([[ 894,    0,    3,   17,    0,   23,   34,    1,    0,    8],
[2024-08-13 14:44:40,776][flwr][INFO] - 	       [   0, 1081,   32,    9,    1,    1,    5,    0,    0,    6],
[2024-08-13 14:44:40,776][flwr][INFO] - 	       [  16,   22,  778,  117,   15,    0,   25,   24,   12,   23],
[2024-08-13 14:44:40,776][flwr][INFO] - 	       [   1,    9,   10,  908,    1,   11,    8,   12,    3,   47],
[2024-08-13 14:44:40,776][flwr][INFO] - 	       [   6,    8,    2,    0,  665,    0,   23,    4,    2,  272],
[2024-08-13 14:44:40,776][flwr][INFO] - 	       [  14,   60,    9,  210,   15,  484,   32,   14,    1,   53],
[2024-08-13 14:44:40,776][flwr][INFO] - 	       [  15,   21,   20,    4,   13,   17,  866,    1,    0,    1],
[2024-08-13 14:44:40,776][flwr][INFO] - 	       [   6,   40,   29,    5,   12,    0,    3,  820,    2,  111],
[2024-08-13 14:44:40,776][flwr][INFO] - 	       [   9,   52,   18,  252,    5,   48,   23,    4,  346,  217],
[2024-08-13 14:44:40,776][flwr][INFO] - 	       [  19,    9,    4,   14,   21,    7,    1,   11,    0,  923]],
[2024-08-13 14:44:40,776][flwr][INFO] - 	      dtype=int64)),
[2024-08-13 14:44:40,776][flwr][INFO] - 	                      (4,
[2024-08-13 14:44:40,776][flwr][INFO] - 	                       array([[ 896,    0,    4,    0,    3,    5,   32,    1,   39,    0],
[2024-08-13 14:44:40,777][flwr][INFO] - 	       [   0, 1061,   20,    1,    1,    0,    4,    1,   47,    0],
[2024-08-13 14:44:40,777][flwr][INFO] - 	       [  15,   21,  812,   20,   36,    0,   19,   27,   82,    0],
[2024-08-13 14:44:40,777][flwr][INFO] - 	       [   5,   14,   25,  712,    6,   42,   17,   21,  167,    1],
[2024-08-13 14:44:40,777][flwr][INFO] - 	       [   4,    7,    2,    0,  909,    2,   15,    7,   33,    3],
[2024-08-13 14:44:40,777][flwr][INFO] - 	       [  19,   52,    9,   55,   35,  536,   34,   31,  118,    3],
[2024-08-13 14:44:40,777][flwr][INFO] - 	       [  13,   16,   21,    1,   28,   13,  853,    3,   10,    0],
[2024-08-13 14:44:40,777][flwr][INFO] - 	       [   5,   32,   21,    0,   21,    0,    0,  887,   61,    1],
[2024-08-13 14:44:40,777][flwr][INFO] - 	       [   6,   14,    9,   13,   14,   10,   16,    8,  883,    1],
[2024-08-13 14:44:40,777][flwr][INFO] - 	       [  19,    7,    4,    3,  366,    6,    1,  161,  137,  305]],
[2024-08-13 14:44:40,777][flwr][INFO] - 	      dtype=int64)),
[2024-08-13 14:44:40,777][flwr][INFO] - 	                      (5,
[2024-08-13 14:44:40,777][flwr][INFO] - 	                       array([[ 919,    1,    5,    6,    0,   14,   25,    0,    0,   10],
[2024-08-13 14:44:40,777][flwr][INFO] - 	       [   0, 1080,   37,    2,    1,    4,    5,    0,    0,    6],
[2024-08-13 14:44:40,777][flwr][INFO] - 	       [  14,   18,  846,   61,    9,    0,   22,   24,    9,   29],
[2024-08-13 14:44:40,777][flwr][INFO] - 	       [   2,    9,   15,  866,    1,   26,   10,   12,    2,   67],
[2024-08-13 14:44:40,777][flwr][INFO] - 	       [   6,    8,    5,    0,  590,    0,   19,    4,    1,  349],
[2024-08-13 14:44:40,777][flwr][INFO] - 	       [  15,   58,   11,  115,   10,  582,   32,   13,    0,   56],
[2024-08-13 14:44:40,778][flwr][INFO] - 	       [  16,   15,   24,    1,   11,   18,  868,    3,    0,    2],
[2024-08-13 14:44:40,778][flwr][INFO] - 	       [   7,   33,   41,    2,   11,    0,    1,  790,    0,  143],
[2024-08-13 14:44:40,778][flwr][INFO] - 	       [  15,   61,   42,  178,    3,   67,   26,    5,  210,  367],
[2024-08-13 14:44:40,778][flwr][INFO] - 	       [  17,    8,    6,    9,   10,    8,    2,    8,    0,  941]],
[2024-08-13 14:44:40,778][flwr][INFO] - 	      dtype=int64)),
[2024-08-13 14:44:40,778][flwr][INFO] - 	                      (6,
[2024-08-13 14:44:40,778][flwr][INFO] - 	                       array([[ 918,    1,    2,    3,    2,    9,   23,    4,   18,    0],
[2024-08-13 14:44:40,778][flwr][INFO] - 	       [   0, 1068,   19,    2,    1,    2,    5,    1,   37,    0],
[2024-08-13 14:44:40,778][flwr][INFO] - 	       [  12,   15,  810,   40,   36,    0,   19,   33,   67,    0],
[2024-08-13 14:44:40,778][flwr][INFO] - 	       [   3,    9,   16,  828,    6,   31,   11,   21,   84,    1],
[2024-08-13 14:44:40,778][flwr][INFO] - 	       [   4,    5,    1,    0,  919,    2,   14,   15,   20,    2],
[2024-08-13 14:44:40,778][flwr][INFO] - 	       [  16,   46,    6,   89,   31,  596,   28,   24,   54,    2],
[2024-08-13 14:44:40,778][flwr][INFO] - 	       [  14,   13,   20,    1,   27,   16,  855,    9,    3,    0],
[2024-08-13 14:44:40,778][flwr][INFO] - 	       [   4,   32,   24,    1,   22,    0,    0,  903,   41,    1],
[2024-08-13 14:44:40,778][flwr][INFO] - 	       [   7,   18,   11,   39,   17,   13,   17,   13,  838,    1],
[2024-08-13 14:44:40,778][flwr][INFO] - 	       [  22,    7,    3,    4,  359,   16,    1,  179,  108,  310]],
[2024-08-13 14:44:40,778][flwr][INFO] - 	      dtype=int64)),
[2024-08-13 14:44:40,779][flwr][INFO] - 	                      (7,
[2024-08-13 14:44:40,779][flwr][INFO] - 	                       array([[ 929,    2,    3,    2,    0,   18,   20,    1,    2,    3],
[2024-08-13 14:44:40,779][flwr][INFO] - 	       [   0, 1068,   43,    2,    1,    6,    6,    0,    5,    4],
[2024-08-13 14:44:40,779][flwr][INFO] - 	       [  14,   11,  854,   45,    9,    0,   23,   25,   25,   26],
[2024-08-13 14:44:40,779][flwr][INFO] - 	       [   3,    6,   18,  846,    1,   45,   10,   13,    9,   59],
[2024-08-13 14:44:40,779][flwr][INFO] - 	       [   6,    6,    2,    0,  655,    1,   20,    3,    4,  285],
[2024-08-13 14:44:40,779][flwr][INFO] - 	       [  17,   45,    8,   81,   10,  648,   28,   13,    7,   35],
[2024-08-13 14:44:40,779][flwr][INFO] - 	       [  14,    9,   26,    1,   11,   21,  870,    5,    0,    1],
[2024-08-13 14:44:40,779][flwr][INFO] - 	       [   9,   29,   39,    2,   12,    0,    1,  802,    8,  126],
[2024-08-13 14:44:40,779][flwr][INFO] - 	       [  10,   38,   28,   95,    7,   62,   24,    5,  535,  170],
[2024-08-13 14:44:40,779][flwr][INFO] - 	       [  16,    7,    6,    7,   13,   12,    2,    9,    0,  937]],
[2024-08-13 14:44:40,779][flwr][INFO] - 	      dtype=int64)),
[2024-08-13 14:44:40,779][flwr][INFO] - 	                      (8,
[2024-08-13 14:44:40,779][flwr][INFO] - 	                       array([[ 894,    1,    2,    6,    4,    5,   38,    7,   23,    0],
[2024-08-13 14:44:40,779][flwr][INFO] - 	       [   0, 1078,    6,    4,    1,    0,    5,    1,   40,    0],
[2024-08-13 14:44:40,779][flwr][INFO] - 	       [  11,   24,  769,   59,   37,    0,   21,   31,   80,    0],
[2024-08-13 14:44:40,779][flwr][INFO] - 	       [   1,   10,    8,  861,    5,   22,   12,   19,   71,    1],
[2024-08-13 14:44:40,780][flwr][INFO] - 	       [   2,    5,    1,    0,  926,    2,   17,   10,   18,    1],
[2024-08-13 14:44:40,780][flwr][INFO] - 	       [   8,   53,    2,  100,   41,  554,   43,   20,   69,    2],
[2024-08-13 14:44:40,780][flwr][INFO] - 	       [   9,   10,   14,    1,   26,    7,  879,   10,    2,    0],
[2024-08-13 14:44:40,780][flwr][INFO] - 	       [   3,   33,   22,    2,   24,    0,    0,  900,   43,    1],
[2024-08-13 14:44:40,780][flwr][INFO] - 	       [   6,   23,    4,   44,   22,   12,   20,    9,  834,    0],
[2024-08-13 14:44:40,780][flwr][INFO] - 	       [  20,    8,    3,    6,  472,   15,    1,  162,  119,  203]],
[2024-08-13 14:44:40,780][flwr][INFO] - 	      dtype=int64)),
[2024-08-13 14:44:40,780][flwr][INFO] - 	                      (9,
[2024-08-13 14:44:40,780][flwr][INFO] - 	                       array([[ 917,    2,    6,    1,    0,   16,   33,    3,    2,    0],
[2024-08-13 14:44:40,780][flwr][INFO] - 	       [   0, 1082,   28,    3,    1,    6,    6,    0,    7,    2],
[2024-08-13 14:44:40,780][flwr][INFO] - 	       [  11,   18,  865,   35,   11,    0,   26,   25,   26,   15],
[2024-08-13 14:44:40,780][flwr][INFO] - 	       [   2,   10,   18,  841,    2,   52,   16,   14,   11,   44],
[2024-08-13 14:44:40,780][flwr][INFO] - 	       [   3,    6,    3,    0,  763,    2,   25,    6,    4,  170],
[2024-08-13 14:44:40,780][flwr][INFO] - 	       [  11,   49,    6,   52,   12,  681,   35,   14,    7,   25],
[2024-08-13 14:44:40,780][flwr][INFO] - 	       [  11,   11,   21,    1,    9,   14,  883,    8,    0,    0],
[2024-08-13 14:44:40,780][flwr][INFO] - 	       [   6,   34,   37,    1,   15,    0,    2,  858,    7,   68],
[2024-08-13 14:44:40,780][flwr][INFO] - 	       [  11,   47,   28,   76,   10,   65,   28,    6,  589,  114],
[2024-08-13 14:44:40,781][flwr][INFO] - 	       [  16,    8,    6,    8,   22,   14,    2,   20,    0,  913]],
[2024-08-13 14:44:40,781][flwr][INFO] - 	      dtype=int64)),
[2024-08-13 14:44:40,781][flwr][INFO] - 	                      (10,
[2024-08-13 14:44:40,781][flwr][INFO] - 	                       array([[ 950,    1,    2,    1,    3,    0,   12,    1,   10,    0],
[2024-08-13 14:44:40,781][flwr][INFO] - 	       [   0, 1054,    9,    2,    1,    2,    4,    1,   62,    0],
[2024-08-13 14:44:40,781][flwr][INFO] - 	       [  15,   12,  806,   37,   38,    0,   15,   29,   79,    1],
[2024-08-13 14:44:40,781][flwr][INFO] - 	       [   9,    5,   13,  825,    7,   22,   11,   20,   94,    4],
[2024-08-13 14:44:40,781][flwr][INFO] - 	       [   5,    3,    1,    0,  924,    2,   11,    5,   23,    8],
[2024-08-13 14:44:40,781][flwr][INFO] - 	       [  30,   38,    5,   81,   43,  528,   31,   20,  107,    9],
[2024-08-13 14:44:40,781][flwr][INFO] - 	       [  17,    7,   18,    0,   33,    7,  862,    7,    7,    0],
[2024-08-13 14:44:40,781][flwr][INFO] - 	       [   9,   23,   29,    1,   24,    0,    0,  890,   49,    3],
[2024-08-13 14:44:40,781][flwr][INFO] - 	       [  13,    7,    8,   25,   20,    7,   16,    5,  871,    2],
[2024-08-13 14:44:40,781][flwr][INFO] - 	       [  31,    5,    3,    3,  177,    6,    1,   82,   80,  621]],
[2024-08-13 14:44:40,781][flwr][INFO] - 	      dtype=int64))],
[2024-08-13 14:44:40,781][flwr][INFO] - 	 'f1': [(0, 0.017493624772313296),
[2024-08-13 14:44:40,781][flwr][INFO] - 	        (1, 0.6252822595883434),
[2024-08-13 14:44:40,781][flwr][INFO] - 	        (2, 0.7436146880021568),
[2024-08-13 14:44:40,782][flwr][INFO] - 	        (3, 0.7705520324182759),
[2024-08-13 14:44:40,782][flwr][INFO] - 	        (4, 0.7759024809201317),
[2024-08-13 14:44:40,782][flwr][INFO] - 	        (5, 0.7580286240716642),
[2024-08-13 14:44:40,782][flwr][INFO] - 	        (6, 0.7935836308060317),
[2024-08-13 14:44:40,782][flwr][INFO] - 	        (7, 0.8140042114695686),
[2024-08-13 14:44:40,782][flwr][INFO] - 	        (8, 0.7726320399110089),
[2024-08-13 14:44:40,782][flwr][INFO] - 	        (9, 0.837800286387249),
[2024-08-13 14:44:40,782][flwr][INFO] - 	        (10, 0.8313354239307926)],
[2024-08-13 14:44:40,782][flwr][INFO] - 	 'precision': [(0, 0.009604000000000001),
[2024-08-13 14:44:40,782][flwr][INFO] - 	               (1, 0.7809329120829418),
[2024-08-13 14:44:40,782][flwr][INFO] - 	               (2, 0.8009473293164879),
[2024-08-13 14:44:40,782][flwr][INFO] - 	               (3, 0.8165030913075185),
[2024-08-13 14:44:40,782][flwr][INFO] - 	               (4, 0.8228079084322928),
[2024-08-13 14:44:40,782][flwr][INFO] - 	               (5, 0.8182648792280367),
[2024-08-13 14:44:40,782][flwr][INFO] - 	               (6, 0.830033325137545),
[2024-08-13 14:44:40,782][flwr][INFO] - 	               (7, 0.8362710545072128),
[2024-08-13 14:44:40,782][flwr][INFO] - 	               (8, 0.8258012211861527),
[2024-08-13 14:44:40,783][flwr][INFO] - 	               (9, 0.8477515650368712),
[2024-08-13 14:44:40,783][flwr][INFO] - 	               (10, 0.8520069475983179)],
[2024-08-13 14:44:40,783][flwr][INFO] - 	 'recall': [(0, 0.098),
[2024-08-13 14:44:40,783][flwr][INFO] - 	            (1, 0.6594),
[2024-08-13 14:44:40,783][flwr][INFO] - 	            (2, 0.7674),
[2024-08-13 14:44:40,783][flwr][INFO] - 	            (3, 0.7765),
[2024-08-13 14:44:40,783][flwr][INFO] - 	            (4, 0.7854),
[2024-08-13 14:44:40,783][flwr][INFO] - 	            (5, 0.7692),
[2024-08-13 14:44:40,783][flwr][INFO] - 	            (6, 0.8045),
[2024-08-13 14:44:40,783][flwr][INFO] - 	            (7, 0.8144),
[2024-08-13 14:44:40,783][flwr][INFO] - 	            (8, 0.7898),
[2024-08-13 14:44:40,783][flwr][INFO] - 	            (9, 0.8392),
[2024-08-13 14:44:40,783][flwr][INFO] - 	            (10, 0.8331)]}
[2024-08-13 14:44:40,783][flwr][INFO] - 
