[2024-08-13 15:41:08,148][flwr][INFO] - Starting Flower simulation, config: num_rounds=10, no round_timeout
[2024-08-13 15:41:12,190][flwr][INFO] - Flower VCE: Ray initialized with resources: {'node:127.0.0.1': 1.0, 'object_store_memory': 2503097548.0, 'memory': 5006195099.0, 'node:__internal_head__': 1.0, 'CPU': 16.0, 'accelerator_type:G': 1.0, 'GPU': 1.0}
[2024-08-13 15:41:12,190][flwr][INFO] - Optimize your simulation with Flower VCE: https://flower.ai/docs/framework/how-to-run-simulations.html
[2024-08-13 15:41:12,190][flwr][INFO] - Flower VCE: Resources for each Virtual Client: {'num_cpus': 2, 'num_gpus': 0.5}
[2024-08-13 15:41:12,202][flwr][INFO] - Flower VCE: Creating VirtualClientEngineActorPool with 2 actors
[2024-08-13 15:41:12,204][flwr][INFO] - [INIT]
[2024-08-13 15:41:12,204][flwr][INFO] - Requesting initial parameters from one random client
[2024-08-13 15:41:19,611][flwr][INFO] - Received initial parameters from one random client
[2024-08-13 15:41:19,612][flwr][INFO] - Evaluating initial global parameters
[2024-08-13 15:41:21,830][flwr][INFO] - initial parameters (loss, other metrics): 2.3025850929940455, {'accuracy': 0.098, 'precision': 0.009604000000000001, 'recall': 0.098, 'f1': 0.017493624772313296, 'confusion_matrix': array([[ 980,    0,    0,    0,    0,    0,    0,    0,    0,    0],
       [1135,    0,    0,    0,    0,    0,    0,    0,    0,    0],
       [1032,    0,    0,    0,    0,    0,    0,    0,    0,    0],
       [1010,    0,    0,    0,    0,    0,    0,    0,    0,    0],
       [ 982,    0,    0,    0,    0,    0,    0,    0,    0,    0],
       [ 892,    0,    0,    0,    0,    0,    0,    0,    0,    0],
       [ 958,    0,    0,    0,    0,    0,    0,    0,    0,    0],
       [1028,    0,    0,    0,    0,    0,    0,    0,    0,    0],
       [ 974,    0,    0,    0,    0,    0,    0,    0,    0,    0],
       [1009,    0,    0,    0,    0,    0,    0,    0,    0,    0]],
      dtype=int64)}
[2024-08-13 15:41:21,831][flwr][INFO] - 
[2024-08-13 15:41:21,831][flwr][INFO] - [ROUND 1]
[2024-08-13 15:41:21,832][flwr][INFO] - configure_fit: strategy sampled 10 clients (out of 100)
[2024-08-13 15:41:25,276][flwr][INFO] - aggregate_fit: received 10 results and 0 failures
[2024-08-13 15:41:25,279][flwr][WARNING] - No fit_metrics_aggregation_fn provided
[2024-08-13 15:41:27,346][flwr][INFO] - fit progress: (1, 3.1347953326303366, {'accuracy': 0.0274, 'precision': 0.03159520041160229, 'recall': 0.0274, 'f1': 0.025332921480202462, 'confusion_matrix': array([[  17,  879,    0,    4,   26,    0,    0,   47,    1,    6],
       [   0,    0, 1111,    5,    8,    0,    0,    5,    1,    5],
       [   6,   24,   80,  790,   19,    9,    0,   58,   27,   19],
       [   0,   11,   17,   42,  889,    0,    0,   12,   25,   14],
       [  45,    2,   20,    1,   39,  690,    0,  106,   43,   36],
       [  95,   53,   69,    8,  415,   12,   12,   60,   72,   96],
       [   0,   40,   27,    8,   17,    1,    1,  857,    1,    6],
       [  28,    2,   52,    9,    8,    1,    0,   10,  910,    8],
       [  10,   10,   39,   36,  247,    1,    0,   21,   38,  572],
       [ 565,    8,   14,    4,   49,   25,    0,   17,  292,   35]],
      dtype=int64)}, 5.514699000006658)
[2024-08-13 15:41:27,346][flwr][INFO] - configure_evaluate: no clients selected, skipping evaluation
[2024-08-13 15:41:27,347][flwr][INFO] - 
[2024-08-13 15:41:27,347][flwr][INFO] - [ROUND 2]
[2024-08-13 15:41:27,347][flwr][INFO] - configure_fit: strategy sampled 10 clients (out of 100)
[2024-08-13 15:41:28,548][flwr][INFO] - aggregate_fit: received 10 results and 0 failures
[2024-08-13 15:41:30,643][flwr][INFO] - fit progress: (2, 2.472233086548311, {'accuracy': 0.1772, 'precision': 0.11161534034084532, 'recall': 0.1772, 'f1': 0.13540935541645377, 'confusion_matrix': array([[ 695,  136,    0,    5,    0,    2,  134,    3,    0,    5],
       [   1,    0, 1070,    6,    0,    0,   25,    2,    0,   31],
       [  54,    1,   41,  826,    0,   23,   18,   23,    8,   38],
       [  54,    5,   11,  497,   75,    3,  199,    5,    6,  155],
       [  59,    0,    4,    3,    0,  843,   13,   11,    0,   49],
       [ 169,    4,   39,   19,    2,   35,  546,    6,    5,   67],
       [  45,    1,   11,   12,    0,   10,  324,  553,    0,    2],
       [ 218,    0,   37,   16,    0,   19,    1,    5,  674,   58],
       [  58,    0,   10,   64,    0,    8,   63,    4,    4,  763],
       [ 712,    0,    4,    4,    2,   97,    7,    3,    9,  171]],
      dtype=int64)}, 8.81144829999539)
[2024-08-13 15:41:30,643][flwr][INFO] - configure_evaluate: no clients selected, skipping evaluation
[2024-08-13 15:41:30,644][flwr][INFO] - 
[2024-08-13 15:41:30,644][flwr][INFO] - [ROUND 3]
[2024-08-13 15:41:30,644][flwr][INFO] - configure_fit: strategy sampled 10 clients (out of 100)
[2024-08-13 15:41:31,850][flwr][INFO] - aggregate_fit: received 10 results and 0 failures
[2024-08-13 15:41:33,938][flwr][INFO] - fit progress: (3, 2.165294796138996, {'accuracy': 0.0945, 'precision': 0.11113886999405581, 'recall': 0.0945, 'f1': 0.0752872070049821, 'confusion_matrix': array([[   1,  867,    0,    0,   35,    1,    3,   68,    5,    0],
       [   0,    5, 1100,    1,   18,    0,    0,   10,    1,    0],
       [   0,   64,  203,  476,   87,   13,    1,  137,   50,    1],
       [   0,   44,    4,    8,  898,    0,    3,   18,   35,    0],
       [   0,    2,    3,    0,  236,  582,    0,  129,   29,    1],
       [   0,  156,   32,    1,  402,   80,   90,   52,   78,    1],
       [   0,   56,   11,    0,   15,    1,   51,  824,    0,    0],
       [   2,    3,   35,    4,   25,    4,    0,   55,  900,    0],
       [   0,   62,   34,    0,  460,    4,    8,   29,  306,   71],
       [   1,   10,    3,    0,  322,  117,    0,  156,  400,    0]],
      dtype=int64)}, 12.106668299995363)
[2024-08-13 15:41:33,939][flwr][INFO] - configure_evaluate: no clients selected, skipping evaluation
[2024-08-13 15:41:33,939][flwr][INFO] - 
[2024-08-13 15:41:33,939][flwr][INFO] - [ROUND 4]
[2024-08-13 15:41:33,940][flwr][INFO] - configure_fit: strategy sampled 10 clients (out of 100)
[2024-08-13 15:41:35,096][flwr][INFO] - aggregate_fit: received 10 results and 0 failures
[2024-08-13 15:41:37,177][flwr][INFO] - fit progress: (4, 1.848264896548153, {'accuracy': 0.3221, 'precision': 0.23751168366231604, 'recall': 0.3221, 'f1': 0.24182260180759635, 'confusion_matrix': array([[ 808,   18,    0,   22,    0,    1,  124,    1,    0,    6],
       [   0,    3, 1069,    7,    0,    0,   26,    0,    0,   30],
       [  28,    1,   60,  825,    0,   10,   27,   10,    3,   68],
       [  14,    3,    4,  716,    1,    0,  112,    6,    4,  150],
       [  54,    0,    1,    4,    0,  664,   38,    0,    0,  221],
       [  90,   21,   25,   43,    0,   37,  507,    2,    1,  166],
       [  42,    2,    6,   20,    0,    5,  808,   69,    0,    6],
       [ 190,    1,   34,   21,    0,   13,    6,   93,  456,  214],
       [  18,    0,   13,   80,    0,    4,   55,    0,    1,  803],
       [ 261,    0,    3,   10,    0,   30,    7,    3,    0,  695]],
      dtype=int64)}, 15.34553330000199)
[2024-08-13 15:41:37,178][flwr][INFO] - configure_evaluate: no clients selected, skipping evaluation
[2024-08-13 15:41:37,178][flwr][INFO] - 
[2024-08-13 15:41:37,178][flwr][INFO] - [ROUND 5]
[2024-08-13 15:41:37,178][flwr][INFO] - configure_fit: strategy sampled 10 clients (out of 100)
[2024-08-13 15:41:38,322][flwr][INFO] - aggregate_fit: received 10 results and 0 failures
[2024-08-13 15:41:40,405][flwr][INFO] - fit progress: (5, 1.891073304158845, {'accuracy': 0.1352, 'precision': 0.1322846551219889, 'recall': 0.1352, 'f1': 0.11582503469892393, 'confusion_matrix': array([[  18,  874,    1,    0,    7,    2,    5,   63,   10,    0],
       [   0,    8, 1110,    3,    1,    1,    0,   10,    2,    0],
       [   0,   52,  345,  451,   27,   24,    6,   78,   47,    2],
       [   0,   77,   21,   95,  706,    4,    8,   22,   77,    0],
       [   1,    4,    5,    0,   54,  830,    1,   70,   15,    2],
       [   8,  158,   34,    8,  161,  258,  142,   41,   81,    1],
       [   0,   62,   18,    1,    3,    4,   88,  782,    0,    0],
       [  13,    4,   52,    1,    8,   15,    0,   89,  844,    2],
       [   0,   58,   62,   23,  147,   60,   18,   26,  395,  185],
       [  91,    9,    5,    1,   74,  450,    0,  107,  270,    2]],
      dtype=int64)}, 18.573489500005962)
[2024-08-13 15:41:40,406][flwr][INFO] - configure_evaluate: no clients selected, skipping evaluation
[2024-08-13 15:41:40,406][flwr][INFO] - 
[2024-08-13 15:41:40,406][flwr][INFO] - [ROUND 6]
[2024-08-13 15:41:40,406][flwr][INFO] - configure_fit: strategy sampled 10 clients (out of 100)
[2024-08-13 15:41:41,658][flwr][INFO] - aggregate_fit: received 10 results and 0 failures
[2024-08-13 15:41:43,748][flwr][INFO] - fit progress: (6, 1.7707071178345104, {'accuracy': 0.3238, 'precision': 0.3414430578570531, 'recall': 0.3238, 'f1': 0.2503319022394115, 'confusion_matrix': array([[ 883,    6,    0,   17,    0,    0,   62,    2,    0,   10],
       [   1,   52, 1000,    3,    0,    0,   12,    0,    0,   67],
       [  55,    1,   79,  769,    1,    2,   20,   10,    8,   87],
       [  25,    0,    3,  668,   39,    0,   92,    6,    6,  171],
       [ 233,    0,    0,    2,  104,   63,   23,    2,    0,  555],
       [ 176,   19,   20,   36,    5,    6,  420,    4,    4,  202],
       [  76,    1,    8,    8,    2,    0,  736,  109,    0,   18],
       [ 231,    2,   28,   12,    2,    0,    2,   60,  531,  160],
       [  35,    0,    8,   40,    3,    0,   26,    1,    1,  860],
       [ 343,    0,    1,    5,    6,    0,    2,    3,    0,  649]],
      dtype=int64)}, 21.916934399996535)
[2024-08-13 15:41:43,749][flwr][INFO] - configure_evaluate: no clients selected, skipping evaluation
[2024-08-13 15:41:43,749][flwr][INFO] - 
[2024-08-13 15:41:43,749][flwr][INFO] - [ROUND 7]
[2024-08-13 15:41:43,750][flwr][INFO] - configure_fit: strategy sampled 10 clients (out of 100)
[2024-08-13 15:41:44,905][flwr][INFO] - aggregate_fit: received 10 results and 0 failures
[2024-08-13 15:41:47,009][flwr][INFO] - fit progress: (7, 1.8818644153580848, {'accuracy': 0.1602, 'precision': 0.13554457132438538, 'recall': 0.1602, 'f1': 0.13350707570155446, 'confusion_matrix': array([[  10,  828,    1,    0,   29,    5,   40,   55,   12,    0],
       [   0,   13, 1101,    3,    5,    0,    4,    6,    3,    0],
       [   0,   29,  317,  502,   52,   15,   10,   46,   61,    0],
       [   0,   36,   12,   65,  789,    2,   16,   17,   73,    0],
       [   1,    3,    3,    0,  220,  685,    5,   50,   14,    1],
       [   4,   93,   27,    5,  183,  193,  270,   30,   87,    0],
       [   0,   30,   18,    1,   13,    3,  198,  695,    0,    0],
       [   9,    3,   45,    3,   24,    8,    0,   59,  877,    0],
       [   0,   34,   49,   10,  241,   30,   31,   17,  527,   35],
       [  60,    7,    3,    1,  251,  276,    2,   74,  335,    0]],
      dtype=int64)}, 25.177644399998826)
[2024-08-13 15:41:47,009][flwr][INFO] - configure_evaluate: no clients selected, skipping evaluation
[2024-08-13 15:41:47,010][flwr][INFO] - 
[2024-08-13 15:41:47,010][flwr][INFO] - [ROUND 8]
[2024-08-13 15:41:47,010][flwr][INFO] - configure_fit: strategy sampled 10 clients (out of 100)
[2024-08-13 15:41:48,175][flwr][INFO] - aggregate_fit: received 10 results and 0 failures
[2024-08-13 15:41:50,409][flwr][INFO] - fit progress: (8, 1.6760902623831235, {'accuracy': 0.3625, 'precision': 0.3883000841996949, 'recall': 0.3625, 'f1': 0.3168572821351268, 'confusion_matrix': array([[892,  34,   0,  14,   0,   1,  25,   7,   0,   7],
       [  1, 367, 708,   7,   0,   0,   9,   0,   0,  43],
       [ 67,   4, 101, 757,   2,   3,  16,  21,   4,  57],
       [ 37,   6,   4, 726,  19,   0,  65,  13,   3, 137],
       [299,   3,   1,   3,  55, 291,  14,   9,   0, 307],
       [264,  39,  15,  48,   0,  50, 324,  12,   1, 139],
       [ 81,   5,   7,   8,   1,   0, 556, 292,   0,   8],
       [305,   8,  29,  19,   0,   1,   1, 479,  49, 137],
       [ 46,   3,  10,  54,   1,   2,  22,   4,   0, 832],
       [580,   2,   0,  10,   2,   8,   0,   8,   0, 399]], dtype=int64)}, 28.578160100005334)
[2024-08-13 15:41:50,410][flwr][INFO] - configure_evaluate: no clients selected, skipping evaluation
[2024-08-13 15:41:50,410][flwr][INFO] - 
[2024-08-13 15:41:50,410][flwr][INFO] - [ROUND 9]
[2024-08-13 15:41:50,411][flwr][INFO] - configure_fit: strategy sampled 10 clients (out of 100)
[2024-08-13 15:41:51,603][flwr][INFO] - aggregate_fit: received 10 results and 0 failures
[2024-08-13 15:41:53,692][flwr][INFO] - fit progress: (9, 1.8155568798122408, {'accuracy': 0.1806, 'precision': 0.18109894089131012, 'recall': 0.1806, 'f1': 0.16241767808203111, 'confusion_matrix': array([[   3,  846,    1,    0,   19,    3,   37,   57,   14,    0],
       [   0,   63, 1052,    3,    4,    0,    4,    6,    3,    0],
       [   0,   40,  352,  453,   59,    9,   12,   49,   54,    4],
       [   0,   51,   16,   88,  729,    2,   25,   17,   80,    2],
       [   1,    4,    3,    1,  250,  648,    6,   56,   10,    3],
       [   0,  107,   21,    3,  115,  226,  317,   30,   71,    2],
       [   0,   47,   13,    1,   10,    2,  190,  695,    0,    0],
       [   5,    9,   46,    1,   22,    7,    0,  125,  811,    2],
       [   0,   43,   49,   12,  171,   28,   38,   15,  425,  193],
       [  17,   12,    4,    2,  215,  285,    5,  116,  269,   84]],
      dtype=int64)}, 31.8600768000033)
[2024-08-13 15:41:53,693][flwr][INFO] - configure_evaluate: no clients selected, skipping evaluation
[2024-08-13 15:41:53,693][flwr][INFO] - 
[2024-08-13 15:41:53,693][flwr][INFO] - [ROUND 10]
[2024-08-13 15:41:53,693][flwr][INFO] - configure_fit: strategy sampled 10 clients (out of 100)
[2024-08-13 15:41:55,014][flwr][INFO] - aggregate_fit: received 10 results and 0 failures
[2024-08-13 15:41:57,093][flwr][INFO] - fit progress: (10, 1.6756425596363307, {'accuracy': 0.332, 'precision': 0.3454272905738625, 'recall': 0.332, 'f1': 0.2696119773441844, 'confusion_matrix': array([[ 881,   23,    0,   21,    0,    2,   40,    5,    0,    8],
       [   1,   23, 1054,   11,    0,    0,   10,    0,    0,   36],
       [  41,    1,  103,  796,    2,    3,   16,   16,    5,   49],
       [  25,    1,    4,  774,    9,    0,   62,    9,    3,  123],
       [ 229,    1,    2,    7,   79,  269,   17,    7,    0,  371],
       [ 202,   20,   21,   74,    1,   48,  362,    5,    3,  156],
       [  70,    2,    9,   11,    3,    1,  647,  206,    0,    9],
       [ 281,    1,   33,   35,    0,    0,    2,  293,  249,  134],
       [  38,    0,   15,   76,    2,    2,   23,    1,    1,  816],
       [ 508,    0,    2,   11,    5,    6,    2,    4,    0,  471]],
      dtype=int64)}, 35.26231910000206)
[2024-08-13 15:41:57,094][flwr][INFO] - configure_evaluate: no clients selected, skipping evaluation
[2024-08-13 15:41:57,094][flwr][INFO] - 
[2024-08-13 15:41:57,094][flwr][INFO] - [SUMMARY]
[2024-08-13 15:41:57,094][flwr][INFO] - Run finished 10 round(s) in 35.26s
[2024-08-13 15:41:57,102][flwr][INFO] - 	History (loss, centralized):
[2024-08-13 15:41:57,103][flwr][INFO] - 		round 0: 2.3025850929940455
[2024-08-13 15:41:57,103][flwr][INFO] - 		round 1: 3.1347953326303366
[2024-08-13 15:41:57,103][flwr][INFO] - 		round 2: 2.472233086548311
[2024-08-13 15:41:57,103][flwr][INFO] - 		round 3: 2.165294796138996
[2024-08-13 15:41:57,103][flwr][INFO] - 		round 4: 1.848264896548153
[2024-08-13 15:41:57,103][flwr][INFO] - 		round 5: 1.891073304158845
[2024-08-13 15:41:57,103][flwr][INFO] - 		round 6: 1.7707071178345104
[2024-08-13 15:41:57,103][flwr][INFO] - 		round 7: 1.8818644153580848
[2024-08-13 15:41:57,103][flwr][INFO] - 		round 8: 1.6760902623831235
[2024-08-13 15:41:57,103][flwr][INFO] - 		round 9: 1.8155568798122408
[2024-08-13 15:41:57,103][flwr][INFO] - 		round 10: 1.6756425596363307
[2024-08-13 15:41:57,103][flwr][INFO] - 	History (metrics, centralized):
[2024-08-13 15:41:57,103][flwr][INFO] - 	{'accuracy': [(0, 0.098),
[2024-08-13 15:41:57,103][flwr][INFO] - 	              (1, 0.0274),
[2024-08-13 15:41:57,104][flwr][INFO] - 	              (2, 0.1772),
[2024-08-13 15:41:57,104][flwr][INFO] - 	              (3, 0.0945),
[2024-08-13 15:41:57,104][flwr][INFO] - 	              (4, 0.3221),
[2024-08-13 15:41:57,104][flwr][INFO] - 	              (5, 0.1352),
[2024-08-13 15:41:57,104][flwr][INFO] - 	              (6, 0.3238),
[2024-08-13 15:41:57,104][flwr][INFO] - 	              (7, 0.1602),
[2024-08-13 15:41:57,104][flwr][INFO] - 	              (8, 0.3625),
[2024-08-13 15:41:57,104][flwr][INFO] - 	              (9, 0.1806),
[2024-08-13 15:41:57,104][flwr][INFO] - 	              (10, 0.332)],
[2024-08-13 15:41:57,104][flwr][INFO] - 	 'confusion_matrix': [(0,
[2024-08-13 15:41:57,104][flwr][INFO] - 	                       array([[ 980,    0,    0,    0,    0,    0,    0,    0,    0,    0],
[2024-08-13 15:41:57,104][flwr][INFO] - 	       [1135,    0,    0,    0,    0,    0,    0,    0,    0,    0],
[2024-08-13 15:41:57,104][flwr][INFO] - 	       [1032,    0,    0,    0,    0,    0,    0,    0,    0,    0],
[2024-08-13 15:41:57,104][flwr][INFO] - 	       [1010,    0,    0,    0,    0,    0,    0,    0,    0,    0],
[2024-08-13 15:41:57,105][flwr][INFO] - 	       [ 982,    0,    0,    0,    0,    0,    0,    0,    0,    0],
[2024-08-13 15:41:57,105][flwr][INFO] - 	       [ 892,    0,    0,    0,    0,    0,    0,    0,    0,    0],
[2024-08-13 15:41:57,105][flwr][INFO] - 	       [ 958,    0,    0,    0,    0,    0,    0,    0,    0,    0],
[2024-08-13 15:41:57,105][flwr][INFO] - 	       [1028,    0,    0,    0,    0,    0,    0,    0,    0,    0],
[2024-08-13 15:41:57,105][flwr][INFO] - 	       [ 974,    0,    0,    0,    0,    0,    0,    0,    0,    0],
[2024-08-13 15:41:57,105][flwr][INFO] - 	       [1009,    0,    0,    0,    0,    0,    0,    0,    0,    0]],
[2024-08-13 15:41:57,105][flwr][INFO] - 	      dtype=int64)),
[2024-08-13 15:41:57,105][flwr][INFO] - 	                      (1,
[2024-08-13 15:41:57,105][flwr][INFO] - 	                       array([[  17,  879,    0,    4,   26,    0,    0,   47,    1,    6],
[2024-08-13 15:41:57,105][flwr][INFO] - 	       [   0,    0, 1111,    5,    8,    0,    0,    5,    1,    5],
[2024-08-13 15:41:57,105][flwr][INFO] - 	       [   6,   24,   80,  790,   19,    9,    0,   58,   27,   19],
[2024-08-13 15:41:57,105][flwr][INFO] - 	       [   0,   11,   17,   42,  889,    0,    0,   12,   25,   14],
[2024-08-13 15:41:57,105][flwr][INFO] - 	       [  45,    2,   20,    1,   39,  690,    0,  106,   43,   36],
[2024-08-13 15:41:57,105][flwr][INFO] - 	       [  95,   53,   69,    8,  415,   12,   12,   60,   72,   96],
[2024-08-13 15:41:57,105][flwr][INFO] - 	       [   0,   40,   27,    8,   17,    1,    1,  857,    1,    6],
[2024-08-13 15:41:57,105][flwr][INFO] - 	       [  28,    2,   52,    9,    8,    1,    0,   10,  910,    8],
[2024-08-13 15:41:57,105][flwr][INFO] - 	       [  10,   10,   39,   36,  247,    1,    0,   21,   38,  572],
[2024-08-13 15:41:57,106][flwr][INFO] - 	       [ 565,    8,   14,    4,   49,   25,    0,   17,  292,   35]],
[2024-08-13 15:41:57,106][flwr][INFO] - 	      dtype=int64)),
[2024-08-13 15:41:57,106][flwr][INFO] - 	                      (2,
[2024-08-13 15:41:57,106][flwr][INFO] - 	                       array([[ 695,  136,    0,    5,    0,    2,  134,    3,    0,    5],
[2024-08-13 15:41:57,106][flwr][INFO] - 	       [   1,    0, 1070,    6,    0,    0,   25,    2,    0,   31],
[2024-08-13 15:41:57,106][flwr][INFO] - 	       [  54,    1,   41,  826,    0,   23,   18,   23,    8,   38],
[2024-08-13 15:41:57,106][flwr][INFO] - 	       [  54,    5,   11,  497,   75,    3,  199,    5,    6,  155],
[2024-08-13 15:41:57,106][flwr][INFO] - 	       [  59,    0,    4,    3,    0,  843,   13,   11,    0,   49],
[2024-08-13 15:41:57,106][flwr][INFO] - 	       [ 169,    4,   39,   19,    2,   35,  546,    6,    5,   67],
[2024-08-13 15:41:57,106][flwr][INFO] - 	       [  45,    1,   11,   12,    0,   10,  324,  553,    0,    2],
[2024-08-13 15:41:57,106][flwr][INFO] - 	       [ 218,    0,   37,   16,    0,   19,    1,    5,  674,   58],
[2024-08-13 15:41:57,106][flwr][INFO] - 	       [  58,    0,   10,   64,    0,    8,   63,    4,    4,  763],
[2024-08-13 15:41:57,106][flwr][INFO] - 	       [ 712,    0,    4,    4,    2,   97,    7,    3,    9,  171]],
[2024-08-13 15:41:57,106][flwr][INFO] - 	      dtype=int64)),
[2024-08-13 15:41:57,106][flwr][INFO] - 	                      (3,
[2024-08-13 15:41:57,106][flwr][INFO] - 	                       array([[   1,  867,    0,    0,   35,    1,    3,   68,    5,    0],
[2024-08-13 15:41:57,107][flwr][INFO] - 	       [   0,    5, 1100,    1,   18,    0,    0,   10,    1,    0],
[2024-08-13 15:41:57,107][flwr][INFO] - 	       [   0,   64,  203,  476,   87,   13,    1,  137,   50,    1],
[2024-08-13 15:41:57,107][flwr][INFO] - 	       [   0,   44,    4,    8,  898,    0,    3,   18,   35,    0],
[2024-08-13 15:41:57,107][flwr][INFO] - 	       [   0,    2,    3,    0,  236,  582,    0,  129,   29,    1],
[2024-08-13 15:41:57,107][flwr][INFO] - 	       [   0,  156,   32,    1,  402,   80,   90,   52,   78,    1],
[2024-08-13 15:41:57,107][flwr][INFO] - 	       [   0,   56,   11,    0,   15,    1,   51,  824,    0,    0],
[2024-08-13 15:41:57,107][flwr][INFO] - 	       [   2,    3,   35,    4,   25,    4,    0,   55,  900,    0],
[2024-08-13 15:41:57,107][flwr][INFO] - 	       [   0,   62,   34,    0,  460,    4,    8,   29,  306,   71],
[2024-08-13 15:41:57,107][flwr][INFO] - 	       [   1,   10,    3,    0,  322,  117,    0,  156,  400,    0]],
[2024-08-13 15:41:57,107][flwr][INFO] - 	      dtype=int64)),
[2024-08-13 15:41:57,107][flwr][INFO] - 	                      (4,
[2024-08-13 15:41:57,107][flwr][INFO] - 	                       array([[ 808,   18,    0,   22,    0,    1,  124,    1,    0,    6],
[2024-08-13 15:41:57,107][flwr][INFO] - 	       [   0,    3, 1069,    7,    0,    0,   26,    0,    0,   30],
[2024-08-13 15:41:57,107][flwr][INFO] - 	       [  28,    1,   60,  825,    0,   10,   27,   10,    3,   68],
[2024-08-13 15:41:57,107][flwr][INFO] - 	       [  14,    3,    4,  716,    1,    0,  112,    6,    4,  150],
[2024-08-13 15:41:57,107][flwr][INFO] - 	       [  54,    0,    1,    4,    0,  664,   38,    0,    0,  221],
[2024-08-13 15:41:57,107][flwr][INFO] - 	       [  90,   21,   25,   43,    0,   37,  507,    2,    1,  166],
[2024-08-13 15:41:57,108][flwr][INFO] - 	       [  42,    2,    6,   20,    0,    5,  808,   69,    0,    6],
[2024-08-13 15:41:57,108][flwr][INFO] - 	       [ 190,    1,   34,   21,    0,   13,    6,   93,  456,  214],
[2024-08-13 15:41:57,108][flwr][INFO] - 	       [  18,    0,   13,   80,    0,    4,   55,    0,    1,  803],
[2024-08-13 15:41:57,108][flwr][INFO] - 	       [ 261,    0,    3,   10,    0,   30,    7,    3,    0,  695]],
[2024-08-13 15:41:57,108][flwr][INFO] - 	      dtype=int64)),
[2024-08-13 15:41:57,108][flwr][INFO] - 	                      (5,
[2024-08-13 15:41:57,108][flwr][INFO] - 	                       array([[  18,  874,    1,    0,    7,    2,    5,   63,   10,    0],
[2024-08-13 15:41:57,108][flwr][INFO] - 	       [   0,    8, 1110,    3,    1,    1,    0,   10,    2,    0],
[2024-08-13 15:41:57,108][flwr][INFO] - 	       [   0,   52,  345,  451,   27,   24,    6,   78,   47,    2],
[2024-08-13 15:41:57,108][flwr][INFO] - 	       [   0,   77,   21,   95,  706,    4,    8,   22,   77,    0],
[2024-08-13 15:41:57,108][flwr][INFO] - 	       [   1,    4,    5,    0,   54,  830,    1,   70,   15,    2],
[2024-08-13 15:41:57,108][flwr][INFO] - 	       [   8,  158,   34,    8,  161,  258,  142,   41,   81,    1],
[2024-08-13 15:41:57,108][flwr][INFO] - 	       [   0,   62,   18,    1,    3,    4,   88,  782,    0,    0],
[2024-08-13 15:41:57,108][flwr][INFO] - 	       [  13,    4,   52,    1,    8,   15,    0,   89,  844,    2],
[2024-08-13 15:41:57,108][flwr][INFO] - 	       [   0,   58,   62,   23,  147,   60,   18,   26,  395,  185],
[2024-08-13 15:41:57,108][flwr][INFO] - 	       [  91,    9,    5,    1,   74,  450,    0,  107,  270,    2]],
[2024-08-13 15:41:57,108][flwr][INFO] - 	      dtype=int64)),
[2024-08-13 15:41:57,109][flwr][INFO] - 	                      (6,
[2024-08-13 15:41:57,109][flwr][INFO] - 	                       array([[ 883,    6,    0,   17,    0,    0,   62,    2,    0,   10],
[2024-08-13 15:41:57,109][flwr][INFO] - 	       [   1,   52, 1000,    3,    0,    0,   12,    0,    0,   67],
[2024-08-13 15:41:57,109][flwr][INFO] - 	       [  55,    1,   79,  769,    1,    2,   20,   10,    8,   87],
[2024-08-13 15:41:57,109][flwr][INFO] - 	       [  25,    0,    3,  668,   39,    0,   92,    6,    6,  171],
[2024-08-13 15:41:57,109][flwr][INFO] - 	       [ 233,    0,    0,    2,  104,   63,   23,    2,    0,  555],
[2024-08-13 15:41:57,109][flwr][INFO] - 	       [ 176,   19,   20,   36,    5,    6,  420,    4,    4,  202],
[2024-08-13 15:41:57,109][flwr][INFO] - 	       [  76,    1,    8,    8,    2,    0,  736,  109,    0,   18],
[2024-08-13 15:41:57,109][flwr][INFO] - 	       [ 231,    2,   28,   12,    2,    0,    2,   60,  531,  160],
[2024-08-13 15:41:57,109][flwr][INFO] - 	       [  35,    0,    8,   40,    3,    0,   26,    1,    1,  860],
[2024-08-13 15:41:57,109][flwr][INFO] - 	       [ 343,    0,    1,    5,    6,    0,    2,    3,    0,  649]],
[2024-08-13 15:41:57,109][flwr][INFO] - 	      dtype=int64)),
[2024-08-13 15:41:57,109][flwr][INFO] - 	                      (7,
[2024-08-13 15:41:57,109][flwr][INFO] - 	                       array([[  10,  828,    1,    0,   29,    5,   40,   55,   12,    0],
[2024-08-13 15:41:57,109][flwr][INFO] - 	       [   0,   13, 1101,    3,    5,    0,    4,    6,    3,    0],
[2024-08-13 15:41:57,109][flwr][INFO] - 	       [   0,   29,  317,  502,   52,   15,   10,   46,   61,    0],
[2024-08-13 15:41:57,110][flwr][INFO] - 	       [   0,   36,   12,   65,  789,    2,   16,   17,   73,    0],
[2024-08-13 15:41:57,110][flwr][INFO] - 	       [   1,    3,    3,    0,  220,  685,    5,   50,   14,    1],
[2024-08-13 15:41:57,110][flwr][INFO] - 	       [   4,   93,   27,    5,  183,  193,  270,   30,   87,    0],
[2024-08-13 15:41:57,110][flwr][INFO] - 	       [   0,   30,   18,    1,   13,    3,  198,  695,    0,    0],
[2024-08-13 15:41:57,110][flwr][INFO] - 	       [   9,    3,   45,    3,   24,    8,    0,   59,  877,    0],
[2024-08-13 15:41:57,110][flwr][INFO] - 	       [   0,   34,   49,   10,  241,   30,   31,   17,  527,   35],
[2024-08-13 15:41:57,110][flwr][INFO] - 	       [  60,    7,    3,    1,  251,  276,    2,   74,  335,    0]],
[2024-08-13 15:41:57,110][flwr][INFO] - 	      dtype=int64)),
[2024-08-13 15:41:57,110][flwr][INFO] - 	                      (8,
[2024-08-13 15:41:57,110][flwr][INFO] - 	                       array([[892,  34,   0,  14,   0,   1,  25,   7,   0,   7],
[2024-08-13 15:41:57,110][flwr][INFO] - 	       [  1, 367, 708,   7,   0,   0,   9,   0,   0,  43],
[2024-08-13 15:41:57,110][flwr][INFO] - 	       [ 67,   4, 101, 757,   2,   3,  16,  21,   4,  57],
[2024-08-13 15:41:57,110][flwr][INFO] - 	       [ 37,   6,   4, 726,  19,   0,  65,  13,   3, 137],
[2024-08-13 15:41:57,110][flwr][INFO] - 	       [299,   3,   1,   3,  55, 291,  14,   9,   0, 307],
[2024-08-13 15:41:57,110][flwr][INFO] - 	       [264,  39,  15,  48,   0,  50, 324,  12,   1, 139],
[2024-08-13 15:41:57,110][flwr][INFO] - 	       [ 81,   5,   7,   8,   1,   0, 556, 292,   0,   8],
[2024-08-13 15:41:57,110][flwr][INFO] - 	       [305,   8,  29,  19,   0,   1,   1, 479,  49, 137],
[2024-08-13 15:41:57,111][flwr][INFO] - 	       [ 46,   3,  10,  54,   1,   2,  22,   4,   0, 832],
[2024-08-13 15:41:57,111][flwr][INFO] - 	       [580,   2,   0,  10,   2,   8,   0,   8,   0, 399]], dtype=int64)),
[2024-08-13 15:41:57,111][flwr][INFO] - 	                      (9,
[2024-08-13 15:41:57,111][flwr][INFO] - 	                       array([[   3,  846,    1,    0,   19,    3,   37,   57,   14,    0],
[2024-08-13 15:41:57,111][flwr][INFO] - 	       [   0,   63, 1052,    3,    4,    0,    4,    6,    3,    0],
[2024-08-13 15:41:57,111][flwr][INFO] - 	       [   0,   40,  352,  453,   59,    9,   12,   49,   54,    4],
[2024-08-13 15:41:57,111][flwr][INFO] - 	       [   0,   51,   16,   88,  729,    2,   25,   17,   80,    2],
[2024-08-13 15:41:57,111][flwr][INFO] - 	       [   1,    4,    3,    1,  250,  648,    6,   56,   10,    3],
[2024-08-13 15:41:57,111][flwr][INFO] - 	       [   0,  107,   21,    3,  115,  226,  317,   30,   71,    2],
[2024-08-13 15:41:57,111][flwr][INFO] - 	       [   0,   47,   13,    1,   10,    2,  190,  695,    0,    0],
[2024-08-13 15:41:57,111][flwr][INFO] - 	       [   5,    9,   46,    1,   22,    7,    0,  125,  811,    2],
[2024-08-13 15:41:57,111][flwr][INFO] - 	       [   0,   43,   49,   12,  171,   28,   38,   15,  425,  193],
[2024-08-13 15:41:57,111][flwr][INFO] - 	       [  17,   12,    4,    2,  215,  285,    5,  116,  269,   84]],
[2024-08-13 15:41:57,111][flwr][INFO] - 	      dtype=int64)),
[2024-08-13 15:41:57,111][flwr][INFO] - 	                      (10,
[2024-08-13 15:41:57,111][flwr][INFO] - 	                       array([[ 881,   23,    0,   21,    0,    2,   40,    5,    0,    8],
[2024-08-13 15:41:57,111][flwr][INFO] - 	       [   1,   23, 1054,   11,    0,    0,   10,    0,    0,   36],
[2024-08-13 15:41:57,112][flwr][INFO] - 	       [  41,    1,  103,  796,    2,    3,   16,   16,    5,   49],
[2024-08-13 15:41:57,112][flwr][INFO] - 	       [  25,    1,    4,  774,    9,    0,   62,    9,    3,  123],
[2024-08-13 15:41:57,112][flwr][INFO] - 	       [ 229,    1,    2,    7,   79,  269,   17,    7,    0,  371],
[2024-08-13 15:41:57,112][flwr][INFO] - 	       [ 202,   20,   21,   74,    1,   48,  362,    5,    3,  156],
[2024-08-13 15:41:57,112][flwr][INFO] - 	       [  70,    2,    9,   11,    3,    1,  647,  206,    0,    9],
[2024-08-13 15:41:57,112][flwr][INFO] - 	       [ 281,    1,   33,   35,    0,    0,    2,  293,  249,  134],
[2024-08-13 15:41:57,112][flwr][INFO] - 	       [  38,    0,   15,   76,    2,    2,   23,    1,    1,  816],
[2024-08-13 15:41:57,112][flwr][INFO] - 	       [ 508,    0,    2,   11,    5,    6,    2,    4,    0,  471]],
[2024-08-13 15:41:57,112][flwr][INFO] - 	      dtype=int64))],
[2024-08-13 15:41:57,112][flwr][INFO] - 	 'f1': [(0, 0.017493624772313296),
[2024-08-13 15:41:57,112][flwr][INFO] - 	        (1, 0.025332921480202462),
[2024-08-13 15:41:57,112][flwr][INFO] - 	        (2, 0.13540935541645377),
[2024-08-13 15:41:57,112][flwr][INFO] - 	        (3, 0.0752872070049821),
[2024-08-13 15:41:57,112][flwr][INFO] - 	        (4, 0.24182260180759635),
[2024-08-13 15:41:57,112][flwr][INFO] - 	        (5, 0.11582503469892393),
[2024-08-13 15:41:57,112][flwr][INFO] - 	        (6, 0.2503319022394115),
[2024-08-13 15:41:57,112][flwr][INFO] - 	        (7, 0.13350707570155446),
[2024-08-13 15:41:57,113][flwr][INFO] - 	        (8, 0.3168572821351268),
[2024-08-13 15:41:57,113][flwr][INFO] - 	        (9, 0.16241767808203111),
[2024-08-13 15:41:57,113][flwr][INFO] - 	        (10, 0.2696119773441844)],
[2024-08-13 15:41:57,113][flwr][INFO] - 	 'precision': [(0, 0.009604000000000001),
[2024-08-13 15:41:57,113][flwr][INFO] - 	               (1, 0.03159520041160229),
[2024-08-13 15:41:57,113][flwr][INFO] - 	               (2, 0.11161534034084532),
[2024-08-13 15:41:57,113][flwr][INFO] - 	               (3, 0.11113886999405581),
[2024-08-13 15:41:57,113][flwr][INFO] - 	               (4, 0.23751168366231604),
[2024-08-13 15:41:57,113][flwr][INFO] - 	               (5, 0.1322846551219889),
[2024-08-13 15:41:57,113][flwr][INFO] - 	               (6, 0.3414430578570531),
[2024-08-13 15:41:57,113][flwr][INFO] - 	               (7, 0.13554457132438538),
[2024-08-13 15:41:57,113][flwr][INFO] - 	               (8, 0.3883000841996949),
[2024-08-13 15:41:57,113][flwr][INFO] - 	               (9, 0.18109894089131012),
[2024-08-13 15:41:57,113][flwr][INFO] - 	               (10, 0.3454272905738625)],
[2024-08-13 15:41:57,113][flwr][INFO] - 	 'recall': [(0, 0.098),
[2024-08-13 15:41:57,113][flwr][INFO] - 	            (1, 0.0274),
[2024-08-13 15:41:57,113][flwr][INFO] - 	            (2, 0.1772),
[2024-08-13 15:41:57,113][flwr][INFO] - 	            (3, 0.0945),
[2024-08-13 15:41:57,114][flwr][INFO] - 	            (4, 0.3221),
[2024-08-13 15:41:57,114][flwr][INFO] - 	            (5, 0.1352),
[2024-08-13 15:41:57,114][flwr][INFO] - 	            (6, 0.3238),
[2024-08-13 15:41:57,114][flwr][INFO] - 	            (7, 0.1602),
[2024-08-13 15:41:57,114][flwr][INFO] - 	            (8, 0.3625),
[2024-08-13 15:41:57,114][flwr][INFO] - 	            (9, 0.1806),
[2024-08-13 15:41:57,114][flwr][INFO] - 	            (10, 0.332)]}
[2024-08-13 15:41:57,114][flwr][INFO] - 
